2025-05-22 03:32:22,407 - P15228 - INFO - 
==================================================
Processando médico 1/3
2025-05-22 03:32:22,408 - P15228 - INFO - Nome: MONIKY SILVA DE SOUZA
2025-05-22 03:32:22,408 - P15228 - INFO - Reiniciando driver do Chrome
2025-05-22 03:32:23,696 - P15228 - INFO - Após reiniciar driver Uso de memória: 120.98 MB
2025-05-22 03:32:23,696 - P15228 - INFO - Início do processamento Uso de memória: 120.98 MB
2025-05-22 03:32:23,697 - P15228 - INFO - Iniciando busca para: MONIKY SILVA DE SOUZA CRM 2659 AC telefone e-mail endereço
2025-05-22 03:32:24,503 - P15228 - INFO - SearX results: 14 URLs
2025-05-22 03:32:24,503 - P15228 - INFO - Após SearX Uso de memória: 120.98 MB
2025-05-22 03:32:27,338 - P15228 - INFO - Google results: 10 URLs
2025-05-22 03:32:27,338 - P15228 - INFO - Após Google Uso de memória: 121.29 MB
2025-05-22 03:32:29,995 - P15228 - INFO - Bing results: 9 URLs
2025-05-22 03:32:29,996 - P15228 - INFO - Após Bing Uso de memória: 122.20 MB
2025-05-22 03:32:29,996 - P15228 - INFO - Total de URLs únicas: 24
2025-05-22 03:32:29,996 - P15228 - INFO - Processando URL 1/24: https://transparencia.mpf.mp.br/conteudo/diarios-e-boletins/diario-eletronico-dmpf-e/2025/DMPF-EXTRAJUDICIAL-2025-04-01.pdf
2025-05-22 03:32:29,996 - P15228 - INFO - Ignorando URL de arquivo não-HTML: https://transparencia.mpf.mp.br/conteudo/diarios-e-boletins/diario-eletronico-dmpf-e/2025/DMPF-EXTRAJUDICIAL-2025-04-01.pdf
2025-05-22 03:32:29,996 - P15228 - INFO - Após processar URL 1 Uso de memória: 122.20 MB
2025-05-22 03:32:29,997 - P15228 - INFO - Processando URL 2/24: https://ecrie.com.br/sistema/conteudos/arquivo/a_138_0_15_13032023122537.pdf
2025-05-22 03:32:29,997 - P15228 - INFO - Ignorando URL de arquivo não-HTML: https://ecrie.com.br/sistema/conteudos/arquivo/a_138_0_15_13032023122537.pdf
2025-05-22 03:32:29,997 - P15228 - INFO - Após processar URL 2 Uso de memória: 122.20 MB
2025-05-22 03:32:29,998 - P15228 - INFO - Processando URL 3/24: https://crmac.org.br/busca-medicos
2025-05-22 03:32:32,888 - P15228 - INFO - HTML salvo para debug: data\debug_html_v10\752948a2d1562e9321519b719831f018.html
2025-05-22 03:32:32,930 - P15228 - INFO - Candidates address: 0 items
2025-05-22 03:32:32,931 - P15228 - INFO - Candidates phone: 0 items
2025-05-22 03:32:32,931 - P15228 - INFO - Candidates email: 1 items
2025-05-22 03:32:32,931 - P15228 - INFO - Candidates complement: 0 items
2025-05-22 03:32:32,931 - P15228 - INFO - Candidates cep: 1 items
2025-05-22 03:32:32,931 - P15228 - INFO - Após processar URL 3 Uso de memória: 122.21 MB
2025-05-22 03:32:32,931 - P15228 - INFO - Processando URL 4/24: https://www.portaltransparencia.gov.br/pessoa-fisica/busca/lista
2025-05-22 03:32:36,721 - P15228 - INFO - HTML salvo para debug: data\debug_html_v10\e200cdf64b71d4c9248718dd155b3edb.html
2025-05-22 03:32:36,775 - P15228 - INFO - Candidates address: 0 items
2025-05-22 03:32:36,775 - P15228 - INFO - Candidates phone: 0 items
2025-05-22 03:32:36,776 - P15228 - INFO - Candidates email: 0 items
2025-05-22 03:32:36,776 - P15228 - INFO - Candidates complement: 0 items
2025-05-22 03:32:36,776 - P15228 - INFO - Candidates cep: 0 items
2025-05-22 03:32:36,777 - P15228 - INFO - Após processar URL 4 Uso de memória: 116.24 MB
2025-05-22 03:32:36,777 - P15228 - INFO - Processando URL 5/24: https://cnpj.biz/41660421000126
2025-05-22 03:32:41,301 - P15228 - INFO - HTML salvo para debug: data\debug_html_v10\75728c04cdc7df123a7e240d3c7b3fa5.html
2025-05-22 03:32:41,318 - P15228 - INFO - Candidates address: 2 items
2025-05-22 03:32:41,318 - P15228 - INFO - Candidates phone: 1 items
2025-05-22 03:32:41,318 - P15228 - INFO - Candidates email: 1 items
2025-05-22 03:32:41,319 - P15228 - INFO - Candidates complement: 0 items
2025-05-22 03:32:41,319 - P15228 - INFO - Candidates cep: 3 items
2025-05-22 03:32:41,321 - P15228 - INFO - Após processar URL 5 Uso de memória: 116.79 MB
2025-05-22 03:32:41,322 - P15228 - INFO - Processando URL 6/24: https://www.boaconsulta.com/especialista/moniky-silva-de-souza-64a6c4c95a7bb832dd005a53
2025-05-22 03:32:44,661 - P15228 - INFO - HTML salvo para debug: data\debug_html_v10\2e4a5241b6fd0a7cbfb60c00548d2f8f.html
2025-05-22 03:32:44,738 - P15228 - INFO - Candidates address: 0 items
2025-05-22 03:32:44,738 - P15228 - INFO - Candidates phone: 0 items
2025-05-22 03:32:44,739 - P15228 - INFO - Candidates email: 0 items
2025-05-22 03:32:44,739 - P15228 - INFO - Candidates complement: 0 items
2025-05-22 03:32:44,739 - P15228 - INFO - Candidates cep: 0 items
2025-05-22 03:32:44,740 - P15228 - INFO - Após processar URL 6 Uso de memória: 120.30 MB
2025-05-22 03:32:44,740 - P15228 - INFO - Processando URL 7/24: https://consultasaj.tjam.jus.br/cdje/downloadCaderno.do?dtDiario=28/11/2013&cdCaderno=2
2025-05-22 03:32:47,113 - P15228 - INFO - HTML salvo para debug: data\debug_html_v10\a6fa3a5ce2faa24b3eedf9bf569d071a.html
2025-05-22 03:32:47,183 - P15228 - INFO - Candidates address: 0 items
2025-05-22 03:32:47,184 - P15228 - INFO - Candidates phone: 0 items
2025-05-22 03:32:47,184 - P15228 - INFO - Candidates email: 0 items
2025-05-22 03:32:47,184 - P15228 - INFO - Candidates complement: 0 items
2025-05-22 03:32:47,184 - P15228 - INFO - Candidates cep: 0 items
2025-05-22 03:32:47,184 - P15228 - INFO - Após processar URL 7 Uso de memória: 121.21 MB
2025-05-22 03:32:47,184 - P15228 - INFO - Processando URL 8/24: https://web.trf3.jus.br/diario/Consulta/BaixarPdf/19467
2025-05-22 03:32:49,323 - P15228 - INFO - HTML salvo para debug: data\debug_html_v10\d156893d1d77db7ce976561935e58a76.html
2025-05-22 03:32:49,391 - P15228 - INFO - Candidates address: 0 items
2025-05-22 03:32:49,392 - P15228 - INFO - Candidates phone: 0 items
2025-05-22 03:32:49,392 - P15228 - INFO - Candidates email: 0 items
2025-05-22 03:32:49,392 - P15228 - INFO - Candidates complement: 0 items
2025-05-22 03:32:49,392 - P15228 - INFO - Candidates cep: 0 items
2025-05-22 03:32:49,392 - P15228 - INFO - Após processar URL 8 Uso de memória: 120.48 MB
2025-05-22 03:32:49,393 - P15228 - INFO - Processando URL 9/24: https://www.saobernardo.sp.gov.br/documents/10181/1812128/NM+2484+de+14.11.2024+-++Conte%C3%BAdo+Integral.pdf/ef43ca1e-1049-d261-5fef-87e33a7f6c9d
2025-05-22 03:32:49,393 - P15228 - INFO - Ignorando URL de arquivo não-HTML: https://www.saobernardo.sp.gov.br/documents/10181/1812128/NM+2484+de+14.11.2024+-++Conte%C3%BAdo+Integral.pdf/ef43ca1e-1049-d261-5fef-87e33a7f6c9d
2025-05-22 03:32:49,393 - P15228 - INFO - Após processar URL 9 Uso de memória: 119.73 MB
2025-05-22 03:32:49,393 - P15228 - INFO - Processando URL 10/24: https://deoab.oab.org.br/assets/diarios/diario-eletronico-oab-17-04-2023.pdf?p=1681689600084
2025-05-22 03:32:49,394 - P15228 - INFO - Ignorando URL de arquivo não-HTML: https://deoab.oab.org.br/assets/diarios/diario-eletronico-oab-17-04-2023.pdf?p=1681689600084
2025-05-22 03:32:49,394 - P15228 - INFO - Após processar URL 10 Uso de memória: 119.73 MB
2025-05-22 03:32:49,394 - P15228 - INFO - Processando URL 11/24: https://sistemas.trf1.jus.br/edj/bitstream/handle/123/20515/Caderno_ADM_TRF1_2019-10-17_XI_197.pdf?sequence=1&isAllowed=y
2025-05-22 03:32:49,394 - P15228 - INFO - Ignorando URL de arquivo não-HTML: https://sistemas.trf1.jus.br/edj/bitstream/handle/123/20515/Caderno_ADM_TRF1_2019-10-17_XI_197.pdf?sequence=1&isAllowed=y
2025-05-22 03:32:49,394 - P15228 - INFO - Após processar URL 11 Uso de memória: 119.73 MB
2025-05-22 03:32:49,394 - P15228 - INFO - Processando URL 12/24: https://crmvirtual.cfm.org.br/ac
2025-05-22 03:32:55,419 - P15228 - INFO - HTML salvo para debug: data\debug_html_v10\a28942c71c1909976fb97b6ab9520cf3.html
2025-05-22 03:32:55,448 - P15228 - INFO - Candidates address: 0 items
2025-05-22 03:32:55,448 - P15228 - INFO - Candidates phone: 0 items
2025-05-22 03:32:55,448 - P15228 - INFO - Candidates email: 0 items
2025-05-22 03:32:55,448 - P15228 - INFO - Candidates complement: 0 items
2025-05-22 03:32:55,448 - P15228 - INFO - Candidates cep: 0 items
2025-05-22 03:32:55,449 - P15228 - INFO - Após processar URL 12 Uso de memória: 119.75 MB
2025-05-22 03:32:55,449 - P15228 - INFO - Processando URL 13/24: https://crmvirtual.cfm.org.br/AC/servico/busca-medico
2025-05-22 03:32:57,889 - P15228 - INFO - HTML salvo para debug: data\debug_html_v10\c39d8c6ffce0586d0c46738c7218624c.html
2025-05-22 03:32:57,898 - P15228 - INFO - Candidates address: 0 items
2025-05-22 03:32:57,898 - P15228 - INFO - Candidates phone: 0 items
2025-05-22 03:32:57,898 - P15228 - INFO - Candidates email: 0 items
2025-05-22 03:32:57,899 - P15228 - INFO - Candidates complement: 0 items
2025-05-22 03:32:57,899 - P15228 - INFO - Candidates cep: 0 items
2025-05-22 03:32:57,899 - P15228 - INFO - Após processar URL 13 Uso de memória: 120.09 MB
2025-05-22 03:32:57,899 - P15228 - INFO - Processando URL 14/24: https://www.consultacrm.com.br/index/profissionais
2025-05-22 03:33:01,484 - P15228 - INFO - HTML salvo para debug: data\debug_html_v10\ca7ac6c4b85cee4a2c1da9949f895117.html
2025-05-22 03:33:01,499 - P15228 - INFO - Candidates address: 0 items
2025-05-22 03:33:01,499 - P15228 - INFO - Candidates phone: 0 items
2025-05-22 03:33:01,499 - P15228 - INFO - Candidates email: 0 items
2025-05-22 03:33:01,499 - P15228 - INFO - Candidates complement: 0 items
2025-05-22 03:33:01,499 - P15228 - INFO - Candidates cep: 0 items
2025-05-22 03:33:01,499 - P15228 - INFO - Após processar URL 14 Uso de memória: 120.45 MB
2025-05-22 03:33:01,500 - P15228 - INFO - Processando URL 15/24: https://diariooficial.guarulhos.sp.gov.br/uploads/pdf/1890714100.pdf
2025-05-22 03:33:01,500 - P15228 - INFO - Ignorando URL de arquivo não-HTML: https://diariooficial.guarulhos.sp.gov.br/uploads/pdf/1890714100.pdf
2025-05-22 03:33:01,500 - P15228 - INFO - Após processar URL 15 Uso de memória: 120.45 MB
2025-05-22 03:33:01,500 - P15228 - INFO - Processando URL 16/24: https://consultacrm.com.br/
2025-05-22 03:33:05,022 - P15228 - INFO - HTML salvo para debug: data\debug_html_v10\65cadeb91ac3713432c21b535990f440.html
2025-05-22 03:33:05,034 - P15228 - INFO - Candidates address: 0 items
2025-05-22 03:33:05,034 - P15228 - INFO - Candidates phone: 0 items
2025-05-22 03:33:05,034 - P15228 - INFO - Candidates email: 0 items
2025-05-22 03:33:05,034 - P15228 - INFO - Candidates complement: 0 items
2025-05-22 03:33:05,034 - P15228 - INFO - Candidates cep: 0 items
2025-05-22 03:33:05,035 - P15228 - INFO - Após processar URL 16 Uso de memória: 121.09 MB
2025-05-22 03:33:05,035 - P15228 - INFO - Processando URL 17/24: https://sistemas.cfm.org.br/delegacias/AC
2025-05-22 03:33:08,542 - P15228 - INFO - HTML salvo para debug: data\debug_html_v10\df63b211dbce32155371157a02c06ca1.html
2025-05-22 03:33:08,545 - P15228 - INFO - Candidates address: 1 items
2025-05-22 03:33:08,545 - P15228 - INFO - Candidates phone: 2 items
2025-05-22 03:33:08,545 - P15228 - INFO - Candidates email: 0 items
2025-05-22 03:33:08,545 - P15228 - INFO - Candidates complement: 0 items
2025-05-22 03:33:08,546 - P15228 - INFO - Candidates cep: 0 items
2025-05-22 03:33:08,546 - P15228 - INFO - Após processar URL 17 Uso de memória: 121.09 MB
2025-05-22 03:33:08,546 - P15228 - INFO - Processando URL 18/24: https://www.riodasostras.rj.gov.br/wp-content/themes/pmro/download/jornal-oficial/672.pdf
2025-05-22 03:33:08,546 - P15228 - INFO - Ignorando URL de arquivo não-HTML: https://www.riodasostras.rj.gov.br/wp-content/themes/pmro/download/jornal-oficial/672.pdf
2025-05-22 03:33:08,546 - P15228 - INFO - Após processar URL 18 Uso de memória: 121.09 MB
2025-05-22 03:33:08,546 - P15228 - INFO - Processando URL 19/24: https://app.bauru.sp.gov.br/arquivos/sist_diariooficial/2010/12/do_20101221_1898.pdf
2025-05-22 03:33:08,546 - P15228 - INFO - Ignorando URL de arquivo não-HTML: https://app.bauru.sp.gov.br/arquivos/sist_diariooficial/2010/12/do_20101221_1898.pdf
2025-05-22 03:33:08,547 - P15228 - INFO - Após processar URL 19 Uso de memória: 121.09 MB
2025-05-22 03:33:08,547 - P15228 - INFO - Processando URL 20/24: https://deoab.oab.org.br/assets/diarios/diario-eletronico-oab-28-06-2021.pdf?p=1624838400056
2025-05-22 03:33:08,547 - P15228 - INFO - Ignorando URL de arquivo não-HTML: https://deoab.oab.org.br/assets/diarios/diario-eletronico-oab-28-06-2021.pdf?p=1624838400056
2025-05-22 03:33:08,547 - P15228 - INFO - Após processar URL 20 Uso de memória: 121.09 MB
2025-05-22 03:33:08,547 - P15228 - INFO - Processando URL 21/24: https://web.trf3.jus.br/diario/Consulta/BaixarPdf/31393
2025-05-22 03:33:10,613 - P15228 - INFO - HTML salvo para debug: data\debug_html_v10\38c5ce2cf2d838ac6d7d6d788ffd0466.html
2025-05-22 03:33:10,615 - P15228 - INFO - Candidates address: 1 items
2025-05-22 03:33:10,616 - P15228 - INFO - Candidates phone: 2 items
2025-05-22 03:33:10,616 - P15228 - INFO - Candidates email: 0 items
2025-05-22 03:33:10,616 - P15228 - INFO - Candidates complement: 0 items
2025-05-22 03:33:10,616 - P15228 - INFO - Candidates cep: 0 items
2025-05-22 03:33:10,616 - P15228 - INFO - Após processar URL 21 Uso de memória: 121.09 MB
2025-05-22 03:33:10,616 - P15228 - INFO - Processando URL 22/24: https://www.anfip.org.br/wp-content/uploads/2019/06/Rede-Rio-Branco-AC.pdf
2025-05-22 03:33:10,617 - P15228 - INFO - Ignorando URL de arquivo não-HTML: https://www.anfip.org.br/wp-content/uploads/2019/06/Rede-Rio-Branco-AC.pdf
2025-05-22 03:33:10,617 - P15228 - INFO - Após processar URL 22 Uso de memória: 121.09 MB
2025-05-22 03:33:10,617 - P15228 - INFO - Processando URL 23/24: https://www.saobernardo.sp.gov.br/documents/10181/1812128/NM+2489+de+13.12.2024+-++Conte%C3%BAdo+Integral.pdf/0eee1420-1996-58f7-fed9-e79c759e0729
2025-05-22 03:33:10,617 - P15228 - INFO - Ignorando URL de arquivo não-HTML: https://www.saobernardo.sp.gov.br/documents/10181/1812128/NM+2489+de+13.12.2024+-++Conte%C3%BAdo+Integral.pdf/0eee1420-1996-58f7-fed9-e79c759e0729
2025-05-22 03:33:10,617 - P15228 - INFO - Após processar URL 23 Uso de memória: 121.09 MB
2025-05-22 03:33:10,617 - P15228 - INFO - Processando URL 24/24: https://web.trf3.jus.br/diario/Consulta/BaixarPdf/28927
2025-05-22 03:33:12,669 - P15228 - INFO - HTML salvo para debug: data\debug_html_v10\145da150de316ee50642a2c81c586491.html
2025-05-22 03:33:12,671 - P15228 - INFO - Candidates address: 1 items
2025-05-22 03:33:12,671 - P15228 - INFO - Candidates phone: 2 items
2025-05-22 03:33:12,671 - P15228 - INFO - Candidates email: 0 items
2025-05-22 03:33:12,671 - P15228 - INFO - Candidates complement: 0 items
2025-05-22 03:33:12,672 - P15228 - INFO - Candidates cep: 0 items
2025-05-22 03:33:12,672 - P15228 - INFO - Após processar URL 24 Uso de memória: 121.09 MB
2025-05-22 03:33:12,672 - P15228 - INFO - Iniciando agregação e ranqueamento
2025-05-22 03:33:12,672 - P15228 - INFO - Ranked address: 3 items
2025-05-22 03:33:12,672 - P15228 - INFO - Ranked phone: 3 items
2025-05-22 03:33:12,672 - P15228 - INFO - Ranked email: 2 items
2025-05-22 03:33:12,672 - P15228 - INFO - Ranked complement: 0 items
2025-05-22 03:33:12,673 - P15228 - INFO - Ranked cep: 4 items
2025-05-22 03:33:12,673 - P15228 - INFO - Após agregação Uso de memória: 121.09 MB
2025-05-22 03:33:12,673 - P15228 - INFO - Validando endereço: ['Estrada Dias Martins 933', 'Avenida Recanto Verde, 380', 'Avenida Recanto Verde 380 Residencial Petropolis Rio Branco AC']
2025-05-22 03:33:12,673 - P15228 - INFO - Endereço validado: Estrada Dias Martins 933
2025-05-22 03:33:12,673 - P15228 - INFO - Limpando texto extenso para campo address: Estrada Dias Martins 933...
2025-05-22 03:33:12,673 - P15228 - INFO - Texto limpo: Estrada Dias Martins 933
2025-05-22 03:33:12,674 - P15228 - INFO - Validando telefone: ['(68) 3227-1313', '(68) 3227-5777', '(68) 99906-6918']
2025-05-22 03:33:12,674 - P15228 - INFO - Limpando texto extenso para campo phone: (68) 3227-1313...
2025-05-22 03:33:12,674 - P15228 - INFO - Texto limpo: 68) 3227-1313
2025-05-22 03:33:12,674 - P15228 - INFO - Telefone validado: 68) 3227-1313
2025-05-22 03:33:12,674 - P15228 - INFO - Validando email: ['crmac@crmac.org.br', 'emilly.kr@gmail.com']
2025-05-22 03:33:12,675 - P15228 - INFO - Limpando texto extenso para campo email: crmac@crmac.org.br...
2025-05-22 03:33:12,675 - P15228 - INFO - Texto limpo: crmac@crmac.org.br
2025-05-22 03:33:12,675 - P15228 - INFO - Email validado: crmac@crmac.org.br
2025-05-22 03:33:12,675 - P15228 - INFO - Descobrindo cidade
2025-05-22 03:33:12,675 - P15228 - INFO - Buscando cidade: Estrada Dias Martins 933 cidade AC
2025-05-22 03:33:15,427 - P15228 - WARNING - Cidade não encontrada
2025-05-22 03:33:15,428 - P15228 - INFO - Cidade descoberta: 
2025-05-22 03:33:15,428 - P15228 - INFO - Tempo de execução de processamento completo do médico: 51.73 segundos
2025-05-22 03:33:15,429 - P15228 - INFO - Resultado processado: {'Hash': 'a1bb87d4e5d79d9cb0ad7d0995e20d3274591316f8cbe660b203228898a12bfb', 'CRM': '2659', 'UF': 'AC', 'Firstname': 'MONIKY', 'LastName': 'SILVA DE SOUZA', 'Medical specialty': '', 'Endereco Completo A1': 'Estrada Dias Martins 933', 'Address A1': 'Estrada Dias Martins 933', 'Numero A1': '', 'Complement A1': '', 'Bairro A1': '', 'postal code A1': '', 'City A1': '', 'State A1': '', 'Phone A1': '68) 3227-1313', 'Phone A2': '', 'Cell phone A1': '', 'Cell phone A2': '', 'E-mail A1': 'crmac@crmac.org.br', 'E-mail A2': '', 'OPT-IN': '', 'STATUS': '', 'LOTE': ''}
2025-05-22 03:33:15,430 - P15228 - INFO - Progresso: 49.8%
2025-05-22 03:33:15,430 - P15228 - INFO - Executando coleta de lixo
2025-05-22 03:33:15,477 - P15228 - INFO - Após coleta de lixo Uso de memória: 114.12 MB
2025-05-22 03:33:15,478 - P15228 - INFO - Tempo de execução de processamento do médico 1: 53.07 segundos
2025-05-22 03:33:15,478 - P15228 - INFO - 
==================================================
Processando médico 2/3
2025-05-22 03:33:15,478 - P15228 - INFO - Nome: CICERO JOSE PACHECO LINS
2025-05-22 03:33:15,478 - P15228 - INFO - Início do processamento Uso de memória: 114.12 MB
2025-05-22 03:33:15,478 - P15228 - INFO - Iniciando busca para: CICERO JOSE PACHECO LINS CRM 5440 AL telefone e-mail endereço
2025-05-22 03:33:16,300 - P15228 - INFO - SearX results: 15 URLs
2025-05-22 03:33:16,301 - P15228 - INFO - Após SearX Uso de memória: 114.15 MB
2025-05-22 03:33:19,180 - P15228 - INFO - Google results: 14 URLs
2025-05-22 03:33:19,180 - P15228 - INFO - Após Google Uso de memória: 118.73 MB
2025-05-22 03:33:21,820 - P15228 - INFO - Bing results: 13 URLs
2025-05-22 03:33:21,820 - P15228 - INFO - Após Bing Uso de memória: 121.54 MB
2025-05-22 03:33:21,821 - P15228 - INFO - Total de URLs únicas: 30
2025-05-22 03:33:21,821 - P15228 - INFO - Processando URL 1/30: https://www.gov.br/pf/pt-br/assuntos/armas/psicologos/psicologos-crediciados/sao-paulo
2025-05-22 03:33:25,009 - P15228 - INFO - HTML salvo para debug: data\debug_html_v10\a4feb3308d15202ece511a76d749b3f8.html
2025-05-22 03:33:25,795 - P15228 - INFO - Candidates address: 673 items
2025-05-22 03:33:25,796 - P15228 - INFO - Candidates phone: 827 items
2025-05-22 03:33:25,796 - P15228 - INFO - Candidates email: 822 items
2025-05-22 03:33:25,796 - P15228 - INFO - Candidates complement: 188 items
2025-05-22 03:33:25,796 - P15228 - INFO - Candidates cep: 657 items
2025-05-22 03:33:25,796 - P15228 - INFO - Após processar URL 1 Uso de memória: 123.05 MB
2025-05-22 03:33:25,796 - P15228 - INFO - Processando URL 2/30: https://www.tjsp.jus.br/Download/Portal/PrimeiraInstancia/GestaoDocumental/Edital-2024-041.pdf
2025-05-22 03:33:25,797 - P15228 - INFO - Ignorando URL de arquivo não-HTML: https://www.tjsp.jus.br/Download/Portal/PrimeiraInstancia/GestaoDocumental/Edital-2024-041.pdf
2025-05-22 03:33:25,797 - P15228 - INFO - Após processar URL 2 Uso de memória: 121.99 MB
2025-05-22 03:33:25,797 - P15228 - INFO - Processando URL 3/30: https://app.bauru.sp.gov.br/arquivos/sist_diariooficial/2020/02/do_20200204_3221.pdf
2025-05-22 03:33:25,797 - P15228 - INFO - Ignorando URL de arquivo não-HTML: https://app.bauru.sp.gov.br/arquivos/sist_diariooficial/2020/02/do_20200204_3221.pdf
2025-05-22 03:33:25,798 - P15228 - INFO - Após processar URL 3 Uso de memória: 121.99 MB
2025-05-22 03:33:25,798 - P15228 - INFO - Processando URL 4/30: https://www.classemedica.com.br/medico/407550-cicero-jose-pacheco-lins.htm
2025-05-22 03:33:33,447 - P15228 - INFO - HTML salvo para debug: data\debug_html_v10\15a490d6b67f4aa44ee5bb826ff00187.html
2025-05-22 03:33:33,474 - P15228 - INFO - Candidates address: 0 items
2025-05-22 03:33:33,474 - P15228 - INFO - Candidates phone: 0 items
2025-05-22 03:33:33,474 - P15228 - INFO - Candidates email: 0 items
2025-05-22 03:33:33,474 - P15228 - INFO - Candidates complement: 0 items
2025-05-22 03:33:33,474 - P15228 - INFO - Candidates cep: 0 items
2025-05-22 03:33:33,475 - P15228 - INFO - Após processar URL 4 Uso de memória: 122.62 MB
2025-05-22 03:33:33,475 - P15228 - INFO - Processando URL 5/30: https://www.boaconsulta.com/especialista/cicero-jose-pacheco-lins-610607d3a2e00a7b6c000316
2025-05-22 03:33:36,968 - P15228 - INFO - HTML salvo para debug: data\debug_html_v10\9ee21f2042bfb10fc4b3067ffde13a97.html
2025-05-22 03:33:37,031 - P15228 - INFO - Candidates address: 2 items
2025-05-22 03:33:37,031 - P15228 - INFO - Candidates phone: 0 items
2025-05-22 03:33:37,031 - P15228 - INFO - Candidates email: 0 items
2025-05-22 03:33:37,031 - P15228 - INFO - Candidates complement: 0 items
2025-05-22 03:33:37,032 - P15228 - INFO - Candidates cep: 0 items
2025-05-22 03:33:37,032 - P15228 - INFO - Após processar URL 5 Uso de memória: 122.98 MB
2025-05-22 03:33:37,032 - P15228 - INFO - Processando URL 6/30: https://web.trf3.jus.br/diario/Consulta/BaixarPdf/19836
2025-05-22 03:33:39,124 - P15228 - INFO - HTML salvo para debug: data\debug_html_v10\4eecefc49dd7ecb2466b7c9bae3bd0e8.html
2025-05-22 03:33:39,216 - P15228 - INFO - Candidates address: 2 items
2025-05-22 03:33:39,216 - P15228 - INFO - Candidates phone: 0 items
2025-05-22 03:33:39,217 - P15228 - INFO - Candidates email: 0 items
2025-05-22 03:33:39,217 - P15228 - INFO - Candidates complement: 0 items
2025-05-22 03:33:39,219 - P15228 - INFO - Candidates cep: 0 items
2025-05-22 03:33:39,220 - P15228 - INFO - Após processar URL 6 Uso de memória: 123.75 MB
2025-05-22 03:33:39,221 - P15228 - INFO - Processando URL 7/30: https://cliniguia.com/profissionais/cicero-jose-pacheco-lins-980016285952685/
2025-05-22 03:33:44,557 - P15228 - INFO - HTML salvo para debug: data\debug_html_v10\a8da93099bbc0ba23f31efc2cfad2af6.html
2025-05-22 03:33:44,606 - P15228 - INFO - Candidates address: 0 items
2025-05-22 03:33:44,607 - P15228 - INFO - Candidates phone: 0 items
2025-05-22 03:33:44,607 - P15228 - INFO - Candidates email: 0 items
2025-05-22 03:33:44,607 - P15228 - INFO - Candidates complement: 0 items
2025-05-22 03:33:44,607 - P15228 - INFO - Candidates cep: 0 items
2025-05-22 03:33:44,608 - P15228 - INFO - Após processar URL 7 Uso de memória: 124.37 MB
2025-05-22 03:33:44,608 - P15228 - INFO - Processando URL 8/30: https://www.lai.pe.gov.br/wp-content/uploads/sites/92/2020/06/PROC.-CP.0001.2020-PL.00013.2020.CPL_.DL_.0012.SERES_compressed.pdf
2025-05-22 03:33:44,608 - P15228 - INFO - Ignorando URL de arquivo não-HTML: https://www.lai.pe.gov.br/wp-content/uploads/sites/92/2020/06/PROC.-CP.0001.2020-PL.00013.2020.CPL_.DL_.0012.SERES_compressed.pdf
2025-05-22 03:33:44,609 - P15228 - INFO - Após processar URL 8 Uso de memória: 124.37 MB
2025-05-22 03:33:44,610 - P15228 - INFO - Processando URL 9/30: https://www.sinj.df.gov.br/sinj/Diario/f5f6bd41-705d-33f4-a91a-f8e2001ad666/DODF%20240%2028-12-2022%20INTEGRA.pdf
2025-05-22 03:33:44,610 - P15228 - INFO - Ignorando URL de arquivo não-HTML: https://www.sinj.df.gov.br/sinj/Diario/f5f6bd41-705d-33f4-a91a-f8e2001ad666/DODF%20240%2028-12-2022%20INTEGRA.pdf
2025-05-22 03:33:44,611 - P15228 - INFO - Após processar URL 9 Uso de memória: 124.37 MB
2025-05-22 03:33:44,611 - P15228 - INFO - Processando URL 10/30: https://www.drciceropacheco.com/
2025-05-22 03:33:49,267 - P15228 - INFO - HTML salvo para debug: data\debug_html_v10\083464f3a932af672fd381e62c82fb1b.html
2025-05-22 03:33:49,332 - P15228 - INFO - Candidates address: 2 items
2025-05-22 03:33:49,332 - P15228 - INFO - Candidates phone: 2 items
2025-05-22 03:33:49,333 - P15228 - INFO - Candidates email: 0 items
2025-05-22 03:33:49,333 - P15228 - INFO - Candidates complement: 1 items
2025-05-22 03:33:49,333 - P15228 - INFO - Candidates cep: 2 items
2025-05-22 03:33:49,334 - P15228 - INFO - Após processar URL 10 Uso de memória: 124.39 MB
2025-05-22 03:33:49,334 - P15228 - INFO - Processando URL 11/30: https://deoab.oab.org.br/assets/diarios/diario-eletronico-oab-01-09-2020.pdf
2025-05-22 03:33:49,334 - P15228 - INFO - Ignorando URL de arquivo não-HTML: https://deoab.oab.org.br/assets/diarios/diario-eletronico-oab-01-09-2020.pdf
2025-05-22 03:33:49,335 - P15228 - INFO - Após processar URL 11 Uso de memória: 124.39 MB
2025-05-22 03:33:49,335 - P15228 - INFO - Processando URL 12/30: https://www.catalogo.med.br/medicos/neurocirurgioes/em-maceio-al/
2025-05-22 03:33:56,061 - P15228 - INFO - HTML salvo para debug: data\debug_html_v10\25702b84fd71e4f0329d3e0d8eb57ffc.html
2025-05-22 03:33:56,113 - P15228 - INFO - Candidates address: 8 items
2025-05-22 03:33:56,113 - P15228 - INFO - Candidates phone: 0 items
2025-05-22 03:33:56,114 - P15228 - INFO - Candidates email: 0 items
2025-05-22 03:33:56,114 - P15228 - INFO - Candidates complement: 0 items
2025-05-22 03:33:56,114 - P15228 - INFO - Candidates cep: 0 items
2025-05-22 03:33:56,114 - P15228 - INFO - Após processar URL 12 Uso de memória: 124.39 MB
2025-05-22 03:33:56,114 - P15228 - INFO - Processando URL 13/30: https://portalalagoas.com.br/index.php/instituto-vitale/corpo-clinico/1039-dr-cicero-pacheco
2025-05-22 03:34:02,756 - P15228 - INFO - HTML salvo para debug: data\debug_html_v10\97a6ee1e0d55bf37460eeafe876c93c2.html
2025-05-22 03:34:02,762 - P15228 - INFO - Candidates address: 1 items
2025-05-22 03:34:02,762 - P15228 - INFO - Candidates phone: 0 items
2025-05-22 03:34:02,762 - P15228 - INFO - Candidates email: 1 items
2025-05-22 03:34:02,762 - P15228 - INFO - Candidates complement: 1 items
2025-05-22 03:34:02,763 - P15228 - INFO - Candidates cep: 1 items
2025-05-22 03:34:02,763 - P15228 - INFO - Após processar URL 13 Uso de memória: 124.41 MB
2025-05-22 03:34:02,763 - P15228 - INFO - Processando URL 14/30: https://www.escavador.com/sobre/1685229/cicero-jose-pacheco-lins
2025-05-22 03:34:06,714 - P15228 - INFO - HTML salvo para debug: data\debug_html_v10\b8d243600fdb9d5de34afb4a6ba1cc74.html
2025-05-22 03:34:06,732 - P15228 - INFO - Candidates address: 0 items
2025-05-22 03:34:06,733 - P15228 - INFO - Candidates phone: 0 items
2025-05-22 03:34:06,734 - P15228 - INFO - Candidates email: 0 items
2025-05-22 03:34:06,734 - P15228 - INFO - Candidates complement: 0 items
2025-05-22 03:34:06,735 - P15228 - INFO - Candidates cep: 0 items
2025-05-22 03:34:06,735 - P15228 - INFO - Após processar URL 14 Uso de memória: 124.48 MB
2025-05-22 03:34:06,736 - P15228 - INFO - Processando URL 15/30: https://diariooficial.guarulhos.sp.gov.br/uploads/pdf/780465483.pdf
2025-05-22 03:34:06,736 - P15228 - INFO - Ignorando URL de arquivo não-HTML: https://diariooficial.guarulhos.sp.gov.br/uploads/pdf/780465483.pdf
2025-05-22 03:34:06,737 - P15228 - INFO - Após processar URL 15 Uso de memória: 124.48 MB
2025-05-22 03:34:06,737 - P15228 - INFO - Processando URL 16/30: https://www.bingplaces.com/DashBoard/Edit?Id=YN7993x11935096234309632003&market=pt-BR&src=SERPGB
2025-05-22 03:34:11,203 - P15228 - INFO - HTML salvo para debug: data\debug_html_v10\4495f58bf0788e280533be77a5909eb3.html
2025-05-22 03:34:11,221 - P15228 - INFO - Candidates address: 1 items
2025-05-22 03:34:11,222 - P15228 - INFO - Candidates phone: 0 items
2025-05-22 03:34:11,222 - P15228 - INFO - Candidates email: 0 items
2025-05-22 03:34:11,222 - P15228 - INFO - Candidates complement: 0 items
2025-05-22 03:34:11,222 - P15228 - INFO - Candidates cep: 1 items
2025-05-22 03:34:11,223 - P15228 - INFO - Após processar URL 16 Uso de memória: 124.50 MB
2025-05-22 03:34:11,223 - P15228 - INFO - Processando URL 17/30: https://www.doctoralia.com.br/cicero-jose-pacheco-lins-2/neurocirurgiao/maceio
2025-05-22 03:34:11,223 - P15228 - INFO - Ignorando URL de arquivo não-HTML: https://www.doctoralia.com.br/cicero-jose-pacheco-lins-2/neurocirurgiao/maceio
2025-05-22 03:34:11,223 - P15228 - INFO - Após processar URL 17 Uso de memória: 124.50 MB
2025-05-22 03:34:11,223 - P15228 - INFO - Processando URL 18/30: https://consultacrm.com.br/
2025-05-22 03:34:15,104 - P15228 - INFO - HTML salvo para debug: data\debug_html_v10\65cadeb91ac3713432c21b535990f440.html
2025-05-22 03:34:15,115 - P15228 - INFO - Candidates address: 0 items
2025-05-22 03:34:15,115 - P15228 - INFO - Candidates phone: 0 items
2025-05-22 03:34:15,116 - P15228 - INFO - Candidates email: 0 items
2025-05-22 03:34:15,116 - P15228 - INFO - Candidates complement: 0 items
2025-05-22 03:34:15,116 - P15228 - INFO - Candidates cep: 0 items
2025-05-22 03:34:15,116 - P15228 - INFO - Após processar URL 18 Uso de memória: 124.55 MB
2025-05-22 03:34:15,116 - P15228 - INFO - Processando URL 19/30: https://www.doctoralia.com.br/cicero-pacheco/neurocirurgiao/maceio
2025-05-22 03:34:15,117 - P15228 - INFO - Ignorando URL de arquivo não-HTML: https://www.doctoralia.com.br/cicero-pacheco/neurocirurgiao/maceio
2025-05-22 03:34:15,117 - P15228 - INFO - Após processar URL 19 Uso de memória: 124.55 MB
2025-05-22 03:34:15,117 - P15228 - INFO - Processando URL 20/30: https://www.medguias.com.br/al/maceio/medicina/neurocirurgia/CICERO-PACHECO
2025-05-22 03:34:19,667 - P15228 - INFO - HTML salvo para debug: data\debug_html_v10\b552e1accb9db130a0b37e5f1e382986.html
2025-05-22 03:34:19,721 - P15228 - INFO - Candidates address: 3 items
2025-05-22 03:34:19,721 - P15228 - INFO - Candidates phone: 6 items
2025-05-22 03:34:19,722 - P15228 - INFO - Candidates email: 0 items
2025-05-22 03:34:19,722 - P15228 - INFO - Candidates complement: 1 items
2025-05-22 03:34:19,722 - P15228 - INFO - Candidates cep: 6 items
2025-05-22 03:34:19,722 - P15228 - INFO - Após processar URL 20 Uso de memória: 124.55 MB
2025-05-22 03:34:19,722 - P15228 - INFO - Processando URL 21/30: https://cnpj.biz/30133753000136
2025-05-22 03:34:22,053 - P15228 - INFO - HTML salvo para debug: data\debug_html_v10\fd459864382d5e8e4be2f1b9d40f6084.html
2025-05-22 03:34:22,056 - P15228 - INFO - Candidates address: 0 items
2025-05-22 03:34:22,056 - P15228 - INFO - Candidates phone: 0 items
2025-05-22 03:34:22,056 - P15228 - INFO - Candidates email: 0 items
2025-05-22 03:34:22,056 - P15228 - INFO - Candidates complement: 0 items
2025-05-22 03:34:22,056 - P15228 - INFO - Candidates cep: 0 items
2025-05-22 03:34:22,056 - P15228 - INFO - Após processar URL 21 Uso de memória: 124.60 MB
2025-05-22 03:34:22,057 - P15228 - INFO - Processando URL 22/30: http://www.residuossolidos.al.gov.br/vgmidia/arquivos/213_ext_arquivo.pdf
2025-05-22 03:34:22,057 - P15228 - INFO - Ignorando URL de arquivo não-HTML: http://www.residuossolidos.al.gov.br/vgmidia/arquivos/213_ext_arquivo.pdf
2025-05-22 03:34:22,057 - P15228 - INFO - Após processar URL 22 Uso de memória: 124.60 MB
2025-05-22 03:34:22,057 - P15228 - INFO - Processando URL 23/30: https://diariooficial.guarulhos.sp.gov.br/uploads/pdf/617180518.pdf
2025-05-22 03:34:22,057 - P15228 - INFO - Ignorando URL de arquivo não-HTML: https://diariooficial.guarulhos.sp.gov.br/uploads/pdf/617180518.pdf
2025-05-22 03:34:22,057 - P15228 - INFO - Após processar URL 23 Uso de memória: 124.60 MB
2025-05-22 03:34:22,057 - P15228 - INFO - Processando URL 24/30: https://diariooficial.guarulhos.sp.gov.br/uploads/pdf/170811828.pdf
2025-05-22 03:34:22,058 - P15228 - INFO - Ignorando URL de arquivo não-HTML: https://diariooficial.guarulhos.sp.gov.br/uploads/pdf/170811828.pdf
2025-05-22 03:34:22,058 - P15228 - INFO - Após processar URL 24 Uso de memória: 124.60 MB
2025-05-22 03:34:22,058 - P15228 - INFO - Processando URL 25/30: https://www.doctoranytime.com.br/d/neurocirurgiao/cicero-pacheco
2025-05-22 03:34:22,058 - P15228 - INFO - Ignorando URL de arquivo não-HTML: https://www.doctoranytime.com.br/d/neurocirurgiao/cicero-pacheco
2025-05-22 03:34:22,058 - P15228 - INFO - Após processar URL 25 Uso de memória: 124.60 MB
2025-05-22 03:34:22,058 - P15228 - INFO - Processando URL 26/30: https://www.drciceropacheco.com/#:~:text=C%C3%ADcero%20Pacheco%20Lins%2C%20com%20subespecializa%C3%A7%C3%A3o,com%20tratamentos%20por%20via%20endovascular.
2025-05-22 03:34:24,639 - P15228 - INFO - HTML salvo para debug: data\debug_html_v10\168b4610d3f7b1780501272556253294.html
2025-05-22 03:34:24,695 - P15228 - INFO - Candidates address: 2 items
2025-05-22 03:34:24,695 - P15228 - INFO - Candidates phone: 2 items
2025-05-22 03:34:24,696 - P15228 - INFO - Candidates email: 0 items
2025-05-22 03:34:24,696 - P15228 - INFO - Candidates complement: 1 items
2025-05-22 03:34:24,696 - P15228 - INFO - Candidates cep: 2 items
2025-05-22 03:34:24,696 - P15228 - INFO - Após processar URL 26 Uso de memória: 124.61 MB
2025-05-22 03:34:24,696 - P15228 - INFO - Processando URL 27/30: https://doctoralia.com.br/contato
2025-05-22 03:34:27,893 - P15228 - INFO - HTML salvo para debug: data\debug_html_v10\96b3b2a8f88f38e8ba2eb265571e4a31.html
2025-05-22 03:34:27,914 - P15228 - INFO - Candidates address: 1 items
2025-05-22 03:34:27,914 - P15228 - INFO - Candidates phone: 0 items
2025-05-22 03:34:27,914 - P15228 - INFO - Candidates email: 0 items
2025-05-22 03:34:27,914 - P15228 - INFO - Candidates complement: 0 items
2025-05-22 03:34:27,915 - P15228 - INFO - Candidates cep: 1 items
2025-05-22 03:34:27,915 - P15228 - INFO - Após processar URL 27 Uso de memória: 124.64 MB
2025-05-22 03:34:27,915 - P15228 - INFO - Processando URL 28/30: https://doctoralia.com.br/doencas/meningioma
2025-05-22 03:34:30,736 - P15228 - INFO - HTML salvo para debug: data\debug_html_v10\6cd01e0866db45a2ddd553ce1f33319f.html
2025-05-22 03:34:30,779 - P15228 - INFO - Candidates address: 1 items
2025-05-22 03:34:30,779 - P15228 - INFO - Candidates phone: 0 items
2025-05-22 03:34:30,780 - P15228 - INFO - Candidates email: 0 items
2025-05-22 03:34:30,780 - P15228 - INFO - Candidates complement: 0 items
2025-05-22 03:34:30,780 - P15228 - INFO - Candidates cep: 1 items
2025-05-22 03:34:30,780 - P15228 - INFO - Após processar URL 28 Uso de memória: 124.64 MB
2025-05-22 03:34:30,780 - P15228 - INFO - Processando URL 29/30: https://www.catalogo.med.br/doutor/cicero-jose-pacheco-lins-2523728.htm
2025-05-22 03:34:32,882 - P15228 - INFO - HTML salvo para debug: data\debug_html_v10\6fc69235b72f59a77b934dd7b9b083b9.html
2025-05-22 03:34:32,882 - P15228 - INFO - Candidates address: 0 items
2025-05-22 03:34:32,883 - P15228 - INFO - Candidates phone: 0 items
2025-05-22 03:34:32,883 - P15228 - INFO - Candidates email: 0 items
2025-05-22 03:34:32,883 - P15228 - INFO - Candidates complement: 0 items
2025-05-22 03:34:32,883 - P15228 - INFO - Candidates cep: 0 items
2025-05-22 03:34:32,883 - P15228 - INFO - Após processar URL 29 Uso de memória: 124.64 MB
2025-05-22 03:34:32,884 - P15228 - INFO - Processando URL 30/30: https://www.mpmg.mp.br/diariooficial/DO-20180412.PDF
2025-05-22 03:34:32,884 - P15228 - INFO - Ignorando URL de arquivo não-HTML: https://www.mpmg.mp.br/diariooficial/DO-20180412.PDF
2025-05-22 03:34:32,884 - P15228 - INFO - Após processar URL 30 Uso de memória: 124.64 MB
2025-05-22 03:34:32,884 - P15228 - INFO - Iniciando agregação e ranqueamento
2025-05-22 03:34:32,885 - P15228 - INFO - Ranked address: 690 items
2025-05-22 03:34:32,885 - P15228 - INFO - Ranked phone: 835 items
2025-05-22 03:34:32,885 - P15228 - INFO - Ranked email: 823 items
2025-05-22 03:34:32,885 - P15228 - INFO - Ranked complement: 191 items
2025-05-22 03:34:32,886 - P15228 - INFO - Ranked cep: 666 items
2025-05-22 03:34:32,886 - P15228 - INFO - Após agregação Uso de memória: 124.64 MB
2025-05-22 03:34:32,886 - P15228 - INFO - Validando endereço: ['R. Hugo Corrêa Paes, 253', 'Rua Dias Cabral, 424', 'Rua Barao De Maceio, 346']
2025-05-22 03:34:32,886 - P15228 - INFO - Endereço validado: R. Hugo Corrêa Paes, 253
2025-05-22 03:34:32,886 - P15228 - INFO - Limpando texto extenso para campo address: R. Hugo Corrêa Paes, 253...
2025-05-22 03:34:32,886 - P15228 - INFO - Texto limpo: R. Hugo Corrêa Paes, 253
2025-05-22 03:34:32,887 - P15228 - INFO - Validando telefone: ['+55 82 2126-0887', '+55 82 2123-7001', '(11) 98948-4939']
2025-05-22 03:34:32,887 - P15228 - INFO - Limpando texto extenso para campo phone: (11) 98948-4939...
2025-05-22 03:34:32,887 - P15228 - INFO - Texto limpo: 11) 98948-4939
2025-05-22 03:34:32,887 - P15228 - INFO - Telefone validado: 11) 98948-4939
2025-05-22 03:34:32,887 - P15228 - INFO - Validando email: ['alfredomchaves@hotmail.com', 'gabimgspsi@gmail.com', 'cidafelizatti@hotmail.com']
2025-05-22 03:34:32,887 - P15228 - INFO - Limpando texto extenso para campo email: alfredomchaves@hotmail.com...
2025-05-22 03:34:32,888 - P15228 - INFO - Texto limpo: alfredomchaves@hotmail.com
2025-05-22 03:34:32,888 - P15228 - INFO - Email validado: alfredomchaves@hotmail.com
2025-05-22 03:34:32,888 - P15228 - INFO - Validando complemento: ['Sala 601 ', 'Conjunto 504  Telefones: 3864-9827 /\xa097680-1588 E-mail: ye', 'Sala 22 Telefone: (11) 95086-5532 E-mail: claugroti@gm']
2025-05-22 03:34:32,888 - P15228 - INFO - Limpando texto extenso para campo complement: Sala 601 ...
2025-05-22 03:34:32,888 - P15228 - INFO - Texto limpo: Sala 601
2025-05-22 03:34:32,888 - P15228 - INFO - Complemento validado: Sala 601
2025-05-22 03:34:32,888 - P15228 - INFO - Descobrindo cidade
2025-05-22 03:34:32,889 - P15228 - INFO - Buscando cidade: R. Hugo Corrêa Paes cidade AL
2025-05-22 03:34:35,487 - P15228 - WARNING - Cidade não encontrada
2025-05-22 03:34:35,494 - P15228 - INFO - Cidade descoberta: 
2025-05-22 03:34:35,494 - P15228 - INFO - Tempo de execução de processamento completo do médico: 80.02 segundos
2025-05-22 03:34:35,496 - P15228 - INFO - Resultado processado: {'Hash': '568f20715718e1cb475636b856a674d484691b3885d901d7b3886e15aa7502c8', 'CRM': '5440', 'UF': 'AL', 'Firstname': 'CICERO', 'LastName': 'JOSE PACHECO LINS', 'Medical specialty': '', 'Endereco Completo A1': 'R. Hugo Corrêa Paes, 253', 'Address A1': 'R. Hugo Corrêa Paes', 'Numero A1': '253', 'Complement A1': 'Sala 601', 'Bairro A1': '', 'postal code A1': '', 'City A1': '', 'State A1': '', 'Phone A1': '11) 98948-4939', 'Phone A2': '', 'Cell phone A1': '', 'Cell phone A2': '', 'E-mail A1': 'alfredomchaves@hotmail.com', 'E-mail A2': '', 'OPT-IN': '', 'STATUS': '', 'LOTE': ''}
2025-05-22 03:34:35,499 - P15228 - INFO - Progresso: 50.4%
2025-05-22 03:34:35,500 - P15228 - INFO - Tempo de execução de processamento do médico 2: 80.02 segundos
2025-05-22 03:34:35,501 - P15228 - INFO - 
==================================================
Processando médico 3/3
2025-05-22 03:34:35,501 - P15228 - INFO - Nome: ADRIANO LOPES BATISTA
2025-05-22 03:34:35,502 - P15228 - INFO - Início do processamento Uso de memória: 122.29 MB
2025-05-22 03:34:35,504 - P15228 - INFO - Iniciando busca para: ADRIANO LOPES BATISTA CRM 8733 AM telefone e-mail endereço
2025-05-22 03:34:36,379 - P15228 - INFO - SearX results: 14 URLs
2025-05-22 03:34:36,380 - P15228 - INFO - Após SearX Uso de memória: 122.30 MB
2025-05-22 03:34:39,173 - P15228 - INFO - Google results: 12 URLs
2025-05-22 03:34:39,173 - P15228 - INFO - Após Google Uso de memória: 126.46 MB
2025-05-22 03:34:41,812 - P15228 - INFO - Bing results: 9 URLs
2025-05-22 03:34:41,812 - P15228 - INFO - Após Bing Uso de memória: 126.46 MB
2025-05-22 03:34:41,812 - P15228 - INFO - Total de URLs únicas: 22
2025-05-22 03:34:41,812 - P15228 - INFO - Processando URL 1/22: https://www.escavador.com/sobre/4961232/adriano-lopes-batista
2025-05-22 03:34:45,442 - P15228 - INFO - HTML salvo para debug: data\debug_html_v10\cad649c9ac8e7d0c600cc3d974ba2538.html
2025-05-22 03:34:45,459 - P15228 - INFO - Candidates address: 0 items
2025-05-22 03:34:45,463 - P15228 - INFO - Candidates phone: 0 items
2025-05-22 03:34:45,464 - P15228 - INFO - Candidates email: 0 items
2025-05-22 03:34:45,465 - P15228 - INFO - Candidates complement: 0 items
2025-05-22 03:34:45,468 - P15228 - INFO - Candidates cep: 0 items
2025-05-22 03:34:45,469 - P15228 - INFO - Após processar URL 1 Uso de memória: 120.78 MB
2025-05-22 03:34:45,470 - P15228 - INFO - Processando URL 2/22: https://www.avare.sp.gov.br/semanario/Edicao-805.pdf
2025-05-22 03:34:45,470 - P15228 - INFO - Ignorando URL de arquivo não-HTML: https://www.avare.sp.gov.br/semanario/Edicao-805.pdf
2025-05-22 03:34:45,471 - P15228 - INFO - Após processar URL 2 Uso de memória: 120.78 MB
2025-05-22 03:34:45,472 - P15228 - INFO - Processando URL 3/22: https://cadastroempresa.com.br/fornecedor/clinica-dr-adriano-lopes-47692705000180
2025-05-22 03:34:48,178 - P15228 - INFO - HTML salvo para debug: data\debug_html_v10\94ab0b58b6daab1dad6eb18498be4537.html
2025-05-22 03:34:48,203 - P15228 - INFO - Candidates address: 0 items
2025-05-22 03:34:48,203 - P15228 - INFO - Candidates phone: 1 items
2025-05-22 03:34:48,204 - P15228 - INFO - Candidates email: 1 items
2025-05-22 03:34:48,204 - P15228 - INFO - Candidates complement: 1 items
2025-05-22 03:34:48,204 - P15228 - INFO - Candidates cep: 3 items
2025-05-22 03:34:48,204 - P15228 - INFO - Após processar URL 3 Uso de memória: 121.33 MB
2025-05-22 03:34:48,204 - P15228 - INFO - Processando URL 4/22: https://www.sbemo.com/membcert
2025-05-22 03:34:50,971 - P15228 - INFO - HTML salvo para debug: data\debug_html_v10\340fa20b813496696a53109395c1e9cd.html
2025-05-22 03:34:51,287 - P15228 - INFO - Candidates address: 18 items
2025-05-22 03:34:51,287 - P15228 - INFO - Candidates phone: 275 items
2025-05-22 03:34:51,287 - P15228 - INFO - Candidates email: 228 items
2025-05-22 03:34:51,287 - P15228 - INFO - Candidates complement: 1 items
2025-05-22 03:34:51,287 - P15228 - INFO - Candidates cep: 240 items
2025-05-22 03:34:51,288 - P15228 - INFO - Após processar URL 4 Uso de memória: 126.74 MB
2025-05-22 03:34:51,288 - P15228 - INFO - Processando URL 5/22: https://www.econodata.com.br/consulta-empresa/00636441000184-INSTITUTO-DE-TERAPIA-INTENSIVA-DO-ESTADO-DO-AMAZONAS-LTDA
2025-05-22 03:34:55,583 - P15228 - INFO - HTML salvo para debug: data\debug_html_v10\111ca9649395d603e9a326f7ca123b9c.html
2025-05-22 03:34:55,946 - P15228 - INFO - Candidates address: 21 items
2025-05-22 03:34:55,947 - P15228 - INFO - Candidates phone: 0 items
2025-05-22 03:34:55,947 - P15228 - INFO - Candidates email: 0 items
2025-05-22 03:34:55,947 - P15228 - INFO - Candidates complement: 2 items
2025-05-22 03:34:55,947 - P15228 - INFO - Candidates cep: 1 items
2025-05-22 03:34:55,947 - P15228 - INFO - Após processar URL 5 Uso de memória: 120.79 MB
2025-05-22 03:34:55,948 - P15228 - INFO - Processando URL 6/22: https://www.saobernardo.sp.gov.br/documents/10181/2045904/NM+2504+de+07.02.2025+-++Conteu%CC%81do+Integral.pdf/994b7643-7e9c-942e-8495-65ea98c6b764
2025-05-22 03:34:55,948 - P15228 - INFO - Ignorando URL de arquivo não-HTML: https://www.saobernardo.sp.gov.br/documents/10181/2045904/NM+2504+de+07.02.2025+-++Conteu%CC%81do+Integral.pdf/994b7643-7e9c-942e-8495-65ea98c6b764
2025-05-22 03:34:55,948 - P15228 - INFO - Após processar URL 6 Uso de memória: 119.11 MB
2025-05-22 03:34:55,948 - P15228 - INFO - Processando URL 7/22: https://camaraavare.sp.gov.br/semanarios/87db41313cb75e1430573a9c5a8444a5.pdf
2025-05-22 03:34:55,948 - P15228 - INFO - Ignorando URL de arquivo não-HTML: https://camaraavare.sp.gov.br/semanarios/87db41313cb75e1430573a9c5a8444a5.pdf
2025-05-22 03:34:55,949 - P15228 - INFO - Após processar URL 7 Uso de memória: 119.11 MB
2025-05-22 03:34:55,949 - P15228 - INFO - Processando URL 8/22: https://www.medicosbrasil.com/profissional/adriano-lopes-ferreira
2025-05-22 03:34:59,858 - P15228 - INFO - HTML salvo para debug: data\debug_html_v10\fc7931ec47a06060c154dfa1b9351e3c.html
2025-05-22 03:34:59,878 - P15228 - INFO - Candidates address: 0 items
2025-05-22 03:34:59,878 - P15228 - INFO - Candidates phone: 0 items
2025-05-22 03:34:59,878 - P15228 - INFO - Candidates email: 0 items
2025-05-22 03:34:59,878 - P15228 - INFO - Candidates complement: 0 items
2025-05-22 03:34:59,878 - P15228 - INFO - Candidates cep: 0 items
2025-05-22 03:34:59,879 - P15228 - INFO - Após processar URL 8 Uso de memória: 122.46 MB
2025-05-22 03:34:59,879 - P15228 - INFO - Processando URL 9/22: https://acervo.arquivopublico.sc.gov.br/uploads/r/arquivo-publico-do-estado-de-santa-catarina-apesc/2/d/c/2dc55df0113fb014a66c97aa77aaa68ced45d5f15c316d21a4ca55dd08599409/c7d2d425-bac9-492b-afe9-52370d2138e1-15761-DOE_18394_03_07_2008_44F.pdf
2025-05-22 03:34:59,879 - P15228 - INFO - Ignorando URL de arquivo não-HTML: https://acervo.arquivopublico.sc.gov.br/uploads/r/arquivo-publico-do-estado-de-santa-catarina-apesc/2/d/c/2dc55df0113fb014a66c97aa77aaa68ced45d5f15c316d21a4ca55dd08599409/c7d2d425-bac9-492b-afe9-52370d2138e1-15761-DOE_18394_03_07_2008_44F.pdf
2025-05-22 03:34:59,880 - P15228 - INFO - Após processar URL 9 Uso de memória: 122.46 MB
2025-05-22 03:34:59,880 - P15228 - INFO - Processando URL 10/22: https://dosp.com.br/exibe_do.php?i=NjA1OTQy
2025-05-22 03:35:02,012 - P15228 - INFO - HTML salvo para debug: data\debug_html_v10\79882d734a74146dfd56d51aa85ada85.html
2025-05-22 03:35:02,013 - P15228 - INFO - Candidates address: 0 items
2025-05-22 03:35:02,013 - P15228 - INFO - Candidates phone: 0 items
2025-05-22 03:35:02,013 - P15228 - INFO - Candidates email: 0 items
2025-05-22 03:35:02,013 - P15228 - INFO - Candidates complement: 0 items
2025-05-22 03:35:02,013 - P15228 - INFO - Candidates cep: 0 items
2025-05-22 03:35:02,014 - P15228 - INFO - Após processar URL 10 Uso de memória: 122.46 MB
2025-05-22 03:35:02,014 - P15228 - INFO - Processando URL 11/22: https://www.doctoralia.com.br/roger-lopes-batista/infectologista/patrocinio
2025-05-22 03:35:02,014 - P15228 - INFO - Ignorando URL de arquivo não-HTML: https://www.doctoralia.com.br/roger-lopes-batista/infectologista/patrocinio
2025-05-22 03:35:02,014 - P15228 - INFO - Após processar URL 11 Uso de memória: 122.46 MB
2025-05-22 03:35:02,014 - P15228 - INFO - Processando URL 12/22: https://portal.cfm.org.br/busca-por-estabelecimentos-de-saude
2025-05-22 03:35:07,948 - P15228 - INFO - HTML salvo para debug: data\debug_html_v10\e04d54b768122c9fb041900a517087af.html
2025-05-22 03:35:07,983 - P15228 - INFO - Candidates address: 0 items
2025-05-22 03:35:07,984 - P15228 - INFO - Candidates phone: 0 items
2025-05-22 03:35:07,984 - P15228 - INFO - Candidates email: 1 items
2025-05-22 03:35:07,984 - P15228 - INFO - Candidates complement: 1 items
2025-05-22 03:35:07,984 - P15228 - INFO - Candidates cep: 1 items
2025-05-22 03:35:07,984 - P15228 - INFO - Após processar URL 12 Uso de memória: 123.18 MB
2025-05-22 03:35:07,984 - P15228 - INFO - Processando URL 13/22: https://diariooficial.guarulhos.sp.gov.br/uploads/pdf/594671347.pdf
2025-05-22 03:35:07,984 - P15228 - INFO - Ignorando URL de arquivo não-HTML: https://diariooficial.guarulhos.sp.gov.br/uploads/pdf/594671347.pdf
2025-05-22 03:35:07,985 - P15228 - INFO - Após processar URL 13 Uso de memória: 123.18 MB
2025-05-22 03:35:07,985 - P15228 - INFO - Processando URL 14/22: https://agendarconsulta.com/perfil/dr-adriano-lopes-batista-1697127195
2025-05-22 03:35:14,303 - P15228 - INFO - HTML salvo para debug: data\debug_html_v10\1fd9e4403628a239d6c3fbcc328bd24e.html
2025-05-22 03:35:14,336 - P15228 - INFO - Candidates address: 2 items
2025-05-22 03:35:14,336 - P15228 - INFO - Candidates phone: 0 items
2025-05-22 03:35:14,336 - P15228 - INFO - Candidates email: 0 items
2025-05-22 03:35:14,336 - P15228 - INFO - Candidates complement: 1 items
2025-05-22 03:35:14,337 - P15228 - INFO - Candidates cep: 0 items
2025-05-22 03:35:14,337 - P15228 - INFO - Após processar URL 14 Uso de memória: 123.82 MB
2025-05-22 03:35:14,337 - P15228 - INFO - Processando URL 15/22: https://consultacrm.com.br/
2025-05-22 03:35:17,555 - P15228 - INFO - HTML salvo para debug: data\debug_html_v10\65cadeb91ac3713432c21b535990f440.html
2025-05-22 03:35:17,568 - P15228 - INFO - Candidates address: 0 items
2025-05-22 03:35:17,568 - P15228 - INFO - Candidates phone: 0 items
2025-05-22 03:35:17,568 - P15228 - INFO - Candidates email: 0 items
2025-05-22 03:35:17,568 - P15228 - INFO - Candidates complement: 0 items
2025-05-22 03:35:17,568 - P15228 - INFO - Candidates cep: 0 items
2025-05-22 03:35:17,569 - P15228 - INFO - Após processar URL 15 Uso de memória: 124.11 MB
2025-05-22 03:35:17,569 - P15228 - INFO - Processando URL 16/22: https://eguias.net/empresa/adriano-robert-lopes-marciao/manaus/am/1572463
2025-05-22 03:35:20,084 - P15228 - INFO - HTML salvo para debug: data\debug_html_v10\b7013c4803298545f6a56ffd18d69a0a.html
2025-05-22 03:35:20,101 - P15228 - INFO - Candidates address: 2 items
2025-05-22 03:35:20,102 - P15228 - INFO - Candidates phone: 2 items
2025-05-22 03:35:20,102 - P15228 - INFO - Candidates email: 0 items
2025-05-22 03:35:20,102 - P15228 - INFO - Candidates complement: 0 items
2025-05-22 03:35:20,102 - P15228 - INFO - Candidates cep: 3 items
2025-05-22 03:35:20,102 - P15228 - INFO - Após processar URL 16 Uso de memória: 124.25 MB
2025-05-22 03:35:20,102 - P15228 - INFO - Processando URL 17/22: https://www.econodata.com.br/consulta-empresa/47692705000180-ADRIANO-LOPES-SERVICOS-MEDICOS-LTDA
2025-05-22 03:35:23,993 - P15228 - INFO - HTML salvo para debug: data\debug_html_v10\e6f6f457b1db80d732a578ba9ca23eda.html
2025-05-22 03:35:24,147 - P15228 - INFO - Candidates address: 23 items
2025-05-22 03:35:24,147 - P15228 - INFO - Candidates phone: 0 items
2025-05-22 03:35:24,147 - P15228 - INFO - Candidates email: 0 items
2025-05-22 03:35:24,147 - P15228 - INFO - Candidates complement: 2 items
2025-05-22 03:35:24,148 - P15228 - INFO - Candidates cep: 1 items
2025-05-22 03:35:24,148 - P15228 - INFO - Após processar URL 17 Uso de memória: 126.40 MB
2025-05-22 03:35:24,148 - P15228 - INFO - Processando URL 18/22: https://osasco.sp.gov.br/site/wp-content/uploads/2022/02/iomo696.pdf
2025-05-22 03:35:24,148 - P15228 - INFO - Ignorando URL de arquivo não-HTML: https://osasco.sp.gov.br/site/wp-content/uploads/2022/02/iomo696.pdf
2025-05-22 03:35:24,149 - P15228 - INFO - Após processar URL 18 Uso de memória: 125.59 MB
2025-05-22 03:35:24,149 - P15228 - INFO - Processando URL 19/22: https://www.boaconsulta.com/especialista/adriano-lopes-batista-61060d34a2e00a7cb7001081
2025-05-22 03:35:26,939 - P15228 - INFO - HTML salvo para debug: data\debug_html_v10\d5cfeab35cf7c35a0445bc4da680da5b.html
2025-05-22 03:35:26,979 - P15228 - INFO - Candidates address: 3 items
2025-05-22 03:35:26,979 - P15228 - INFO - Candidates phone: 0 items
2025-05-22 03:35:26,979 - P15228 - INFO - Candidates email: 0 items
2025-05-22 03:35:26,980 - P15228 - INFO - Candidates complement: 0 items
2025-05-22 03:35:26,980 - P15228 - INFO - Candidates cep: 0 items
2025-05-22 03:35:26,980 - P15228 - INFO - Após processar URL 19 Uso de memória: 125.89 MB
2025-05-22 03:35:26,980 - P15228 - INFO - Processando URL 20/22: https://www.medicosbrasil.com/profissional/adriano-lopes-batista
2025-05-22 03:35:29,157 - P15228 - INFO - HTML salvo para debug: data\debug_html_v10\7afdfd1ea0f8ec238c4ae26193c4402d.html
2025-05-22 03:35:29,159 - P15228 - INFO - Candidates address: 0 items
2025-05-22 03:35:29,159 - P15228 - INFO - Candidates phone: 0 items
2025-05-22 03:35:29,160 - P15228 - INFO - Candidates email: 0 items
2025-05-22 03:35:29,160 - P15228 - INFO - Candidates complement: 0 items
2025-05-22 03:35:29,160 - P15228 - INFO - Candidates cep: 0 items
2025-05-22 03:35:29,161 - P15228 - INFO - Após processar URL 20 Uso de memória: 125.89 MB
2025-05-22 03:35:29,161 - P15228 - INFO - Processando URL 21/22: https://www.ampe-med.com/site/buscarmedicos.php
2025-05-22 03:35:33,504 - P15228 - INFO - HTML salvo para debug: data\debug_html_v10\17bee1c509801e31ab3458fb69cc1424.html
2025-05-22 03:35:34,163 - P15228 - INFO - Candidates address: 1 items
2025-05-22 03:35:34,164 - P15228 - INFO - Candidates phone: 0 items
2025-05-22 03:35:34,164 - P15228 - INFO - Candidates email: 2 items
2025-05-22 03:35:34,165 - P15228 - INFO - Candidates complement: 0 items
2025-05-22 03:35:34,166 - P15228 - INFO - Candidates cep: 2 items
2025-05-22 03:35:34,167 - P15228 - INFO - Após processar URL 21 Uso de memória: 127.84 MB
2025-05-22 03:35:34,168 - P15228 - INFO - Processando URL 22/22: https://web.trf3.jus.br/diario/Consulta/BaixarPdf/10795
2025-05-22 03:35:36,347 - P15228 - INFO - HTML salvo para debug: data\debug_html_v10\197334da1a18e4ae62dc3cbcda90d7b4.html
2025-05-22 03:35:37,034 - P15228 - INFO - Candidates address: 1 items
2025-05-22 03:35:37,035 - P15228 - INFO - Candidates phone: 0 items
2025-05-22 03:35:37,035 - P15228 - INFO - Candidates email: 2 items
2025-05-22 03:35:37,035 - P15228 - INFO - Candidates complement: 0 items
2025-05-22 03:35:37,035 - P15228 - INFO - Candidates cep: 2 items
2025-05-22 03:35:37,035 - P15228 - INFO - Após processar URL 22 Uso de memória: 127.84 MB
2025-05-22 03:35:37,035 - P15228 - INFO - Iniciando agregação e ranqueamento
2025-05-22 03:35:37,036 - P15228 - INFO - Ranked address: 53 items
2025-05-22 03:35:37,036 - P15228 - INFO - Ranked phone: 278 items
2025-05-22 03:35:37,036 - P15228 - INFO - Ranked email: 232 items
2025-05-22 03:35:37,036 - P15228 - INFO - Ranked complement: 8 items
2025-05-22 03:35:37,037 - P15228 - INFO - Ranked cep: 250 items
2025-05-22 03:35:37,037 - P15228 - INFO - Após agregação Uso de memória: 127.84 MB
2025-05-22 03:35:37,037 - P15228 - INFO - Validando endereço: ['Avenida Rodrigo Otavio, 4455', 'Rua Alvaro Maia, 299', 'Rua Daniel Sevalho, 92']
2025-05-22 03:35:37,037 - P15228 - INFO - Endereço validado: Avenida Rodrigo Otavio, 4455
2025-05-22 03:35:37,037 - P15228 - INFO - Limpando texto extenso para campo address: Avenida Rodrigo Otavio, 4455...
2025-05-22 03:35:37,037 - P15228 - INFO - Texto limpo: Avenida Rodrigo Otavio, 4455
2025-05-22 03:35:37,037 - P15228 - INFO - Validando telefone: ['(92) 98430-4615', '(68) 3222-7900', '(92) 99229-9915']
2025-05-22 03:35:37,038 - P15228 - INFO - Limpando texto extenso para campo phone: (92) 98430-4615...
2025-05-22 03:35:37,038 - P15228 - INFO - Texto limpo: 92) 98430-4615
2025-05-22 03:35:37,038 - P15228 - INFO - Telefone validado: 92) 98430-4615
2025-05-22 03:35:37,038 - P15228 - INFO - Validando email: ['somepe.ampe@hotmail.com', 'comunica@ampe-med.com', 'breno.saboia@contadoresbsc.com.br']
2025-05-22 03:35:37,038 - P15228 - INFO - Limpando texto extenso para campo email: somepe.ampe@hotmail.com...
2025-05-22 03:35:37,038 - P15228 - INFO - Texto limpo: somepe.ampe@hotmail.com
2025-05-22 03:35:37,038 - P15228 - INFO - Email validado: somepe.ampe@hotmail.com
2025-05-22 03:35:37,039 - P15228 - INFO - Validando complemento: ['Sala  02  Taruma  Manaus AM  69021-005          Qual o', 'Sala 901 ', 'Sala 1802 e 1803 Bl B.tower Millennium Center Bairro: ']
2025-05-22 03:35:37,039 - P15228 - INFO - Limpando texto extenso para campo complement: Sala  02  Taruma  Manaus AM  69021-005          Qu...
2025-05-22 03:35:37,039 - P15228 - INFO - Texto limpo: Sala 02 Taruma Manaus AM 6
2025-05-22 03:35:37,039 - P15228 - INFO - Complemento validado: Sala 02 Taruma Manaus AM 6
2025-05-22 03:35:37,039 - P15228 - INFO - Descobrindo cidade
2025-05-22 03:35:37,039 - P15228 - INFO - Buscando cidade: Avenida Rodrigo Otavio cidade AM
2025-05-22 03:35:39,619 - P15228 - INFO - Cidade encontrada: Manaus
2025-05-22 03:35:39,620 - P15228 - INFO - Limpando texto extenso para campo city: Manaus...
2025-05-22 03:35:39,620 - P15228 - INFO - Texto limpo: Manaus
2025-05-22 03:35:39,620 - P15228 - INFO - Cidade descoberta: Manaus
2025-05-22 03:35:39,620 - P15228 - INFO - Buscando CEP com sistema de cascata
2025-05-22 03:35:39,621 - P15228 - INFO - Iniciando busca de CEP em cascata para: Avenida Rodrigo Otavio, Manaus, AM
2025-05-22 03:35:39,621 - P15228 - INFO - Método 1: ViaCEP API
2025-05-22 03:35:39,621 - P15228 - INFO - Buscando no ViaCEP: https://viacep.com.br/ws/AM/manaus/avenida%20rodrigo%20otavio/json/
2025-05-22 03:35:40,296 - P15228 - INFO - Dados encontrados no ViaCEP: {'cep': '69080-005', 'logradouro': 'Avenida Rodrigo Otávio', 'complemento': '', 'unidade': '', 'bairro': 'Coroado', 'localidade': 'Manaus', 'uf': 'AM', 'estado': 'Amazonas', 'regiao': 'Norte', 'ibge': '1302603', 'gia': '', 'ddd': '92', 'siafi': '0255'}
2025-05-22 03:35:40,298 - P15228 - INFO - CEP encontrado via ViaCEP: 69080-005
2025-05-22 03:35:40,299 - P15228 - INFO - Dados de CEP encontrados: {'cep': '69080-005', 'logradouro': 'Avenida Rodrigo Otávio', 'complemento': '', 'unidade': '', 'bairro': 'Coroado', 'localidade': 'Manaus', 'uf': 'AM', 'estado': 'Amazonas', 'regiao': 'Norte', 'ibge': '1302603', 'gia': '', 'ddd': '92', 'siafi': '0255'}
2025-05-22 03:35:40,299 - P15228 - INFO - Limpando texto extenso para campo bairro: Coroado...
2025-05-22 03:35:40,299 - P15228 - INFO - Texto limpo: Coroado
2025-05-22 03:35:40,299 - P15228 - INFO - Limpando texto extenso para campo city: Manaus...
2025-05-22 03:35:40,299 - P15228 - INFO - Texto limpo: Manaus
2025-05-22 03:35:40,300 - P15228 - INFO - Limpando texto extenso para campo state: AM...
2025-05-22 03:35:40,300 - P15228 - INFO - Texto limpo: AM
2025-05-22 03:35:40,300 - P15228 - INFO - Tempo de execução de processamento completo do médico: 64.80 segundos
2025-05-22 03:35:40,301 - P15228 - INFO - Resultado processado: {'Hash': 'bd9f1817f4d1318cdc8b8938619b1f70527861c1ad9c1ea47d7e827e55388377', 'CRM': '8733', 'UF': 'AM', 'Firstname': 'ADRIANO', 'LastName': 'LOPES BATISTA', 'Medical specialty': '', 'Endereco Completo A1': 'Avenida Rodrigo Otavio, 4455', 'Address A1': 'Avenida Rodrigo Otavio', 'Numero A1': '4455', 'Complement A1': 'Sala 02 Taruma Manaus AM 6', 'Bairro A1': 'Coroado', 'postal code A1': '69080-005', 'City A1': 'Manaus', 'State A1': 'AM', 'Phone A1': '92) 98430-4615', 'Phone A2': '', 'Cell phone A1': '', 'Cell phone A2': '', 'E-mail A1': 'somepe.ampe@hotmail.com', 'E-mail A2': '', 'OPT-IN': '', 'STATUS': '', 'LOTE': ''}
2025-05-22 03:35:40,301 - P15228 - INFO - Salvando lote de resultados
2025-05-22 03:35:40,302 - P15228 - INFO - Após salvar resultados Uso de memória: 121.10 MB
2025-05-22 03:35:40,303 - P15228 - INFO - Progresso: 50.8%
2025-05-22 03:35:40,303 - P15228 - INFO - Tempo de execução de processamento do médico 3: 64.80 segundos
2025-05-22 03:35:40,303 - P15228 - INFO - Tempo de execução de processamento do lote completo: 197.90 segundos
