2025-05-22 02:43:16,791 - P15228 - INFO - 
==================================================
Processando médico 1/3
2025-05-22 02:43:16,792 - P15228 - INFO - Nome: BIANCA DE LEMOS ZINGANO DE OLIVEIRA
2025-05-22 02:43:16,792 - P15228 - INFO - Reiniciando driver do Chrome
2025-05-22 02:43:18,058 - P15228 - INFO - Após reiniciar driver Uso de memória: 129.05 MB
2025-05-22 02:43:18,058 - P15228 - INFO - Início do processamento Uso de memória: 129.05 MB
2025-05-22 02:43:18,059 - P15228 - INFO - Iniciando busca para: BIANCA DE LEMOS ZINGANO DE OLIVEIRA CRM 16946 SC telefone e-mail endereço
2025-05-22 02:43:18,499 - P15228 - INFO - SearX results: 0 URLs
2025-05-22 02:43:18,500 - P15228 - INFO - Após SearX Uso de memória: 129.05 MB
2025-05-22 02:43:21,266 - P15228 - INFO - Google results: 10 URLs
2025-05-22 02:43:21,268 - P15228 - INFO - Após Google Uso de memória: 129.08 MB
2025-05-22 02:43:24,162 - P15228 - INFO - Bing results: 10 URLs
2025-05-22 02:43:24,162 - P15228 - INFO - Após Bing Uso de memória: 129.86 MB
2025-05-22 02:43:24,162 - P15228 - INFO - Total de URLs únicas: 17
2025-05-22 02:43:24,163 - P15228 - INFO - Processando URL 1/17: https://medbook.com.br/biancazingano/feed
2025-05-22 02:43:27,018 - P15228 - INFO - HTML salvo para debug: data\debug_html_v10\4b2d7ccba898941a8150241061e1d5eb.html
2025-05-22 02:43:27,022 - P15228 - INFO - Candidates address: 0 items
2025-05-22 02:43:27,022 - P15228 - INFO - Candidates phone: 0 items
2025-05-22 02:43:27,022 - P15228 - INFO - Candidates email: 0 items
2025-05-22 02:43:27,022 - P15228 - INFO - Candidates complement: 0 items
2025-05-22 02:43:27,023 - P15228 - INFO - Candidates cep: 0 items
2025-05-22 02:43:27,023 - P15228 - INFO - Após processar URL 1 Uso de memória: 129.86 MB
2025-05-22 02:43:27,023 - P15228 - INFO - Processando URL 2/17: https://applocal.com.br/empresa/dra-bianca-zingano/florianopolis/sc/11264593
2025-05-22 02:43:31,597 - P15228 - INFO - HTML salvo para debug: data\debug_html_v10\319690d022ff08f271f067cff0d9f6e2.html
2025-05-22 02:43:31,661 - P15228 - INFO - Candidates address: 1 items
2025-05-22 02:43:31,661 - P15228 - INFO - Candidates phone: 0 items
2025-05-22 02:43:31,661 - P15228 - INFO - Candidates email: 0 items
2025-05-22 02:43:31,661 - P15228 - INFO - Candidates complement: 0 items
2025-05-22 02:43:31,662 - P15228 - INFO - Candidates cep: 0 items
2025-05-22 02:43:31,662 - P15228 - INFO - Após processar URL 2 Uso de memória: 129.86 MB
2025-05-22 02:43:31,663 - P15228 - INFO - Processando URL 3/17: https://cnpj.biz/59789332000140
2025-05-22 02:43:36,086 - P15228 - INFO - HTML salvo para debug: data\debug_html_v10\5c2130ce002f8c4b1f070c5b9ad0f169.html
2025-05-22 02:43:36,100 - P15228 - INFO - Candidates address: 2 items
2025-05-22 02:43:36,100 - P15228 - INFO - Candidates phone: 1 items
2025-05-22 02:43:36,100 - P15228 - INFO - Candidates email: 1 items
2025-05-22 02:43:36,100 - P15228 - INFO - Candidates complement: 3 items
2025-05-22 02:43:36,101 - P15228 - INFO - Candidates cep: 3 items
2025-05-22 02:43:36,101 - P15228 - INFO - Após processar URL 3 Uso de memória: 129.99 MB
2025-05-22 02:43:36,101 - P15228 - INFO - Processando URL 4/17: https://simesc.org.br/noticias/detalhes.aspx?noticia=67052
2025-05-22 02:43:41,072 - P15228 - INFO - HTML salvo para debug: data\debug_html_v10\4a58a6eaab460edccbcef09f6603a0f6.html
2025-05-22 02:43:41,340 - P15228 - INFO - Candidates address: 3 items
2025-05-22 02:43:41,341 - P15228 - INFO - Candidates phone: 0 items
2025-05-22 02:43:41,341 - P15228 - INFO - Candidates email: 4 items
2025-05-22 02:43:41,341 - P15228 - INFO - Candidates complement: 0 items
2025-05-22 02:43:41,341 - P15228 - INFO - Candidates cep: 1 items
2025-05-22 02:43:41,341 - P15228 - INFO - Após processar URL 4 Uso de memória: 132.33 MB
2025-05-22 02:43:41,341 - P15228 - INFO - Processando URL 5/17: https://www.catalogo.med.br/doutor/bianca-de-lemos-zingano-1989365.htm
2025-05-22 02:43:43,489 - P15228 - INFO - HTML salvo para debug: data\debug_html_v10\f1a8f9693d5ef86127aa0a52d37a3a5e.html
2025-05-22 02:43:43,489 - P15228 - INFO - Candidates address: 0 items
2025-05-22 02:43:43,490 - P15228 - INFO - Candidates phone: 0 items
2025-05-22 02:43:43,490 - P15228 - INFO - Candidates email: 0 items
2025-05-22 02:43:43,490 - P15228 - INFO - Candidates complement: 0 items
2025-05-22 02:43:43,490 - P15228 - INFO - Candidates cep: 0 items
2025-05-22 02:43:43,490 - P15228 - INFO - Após processar URL 5 Uso de memória: 130.04 MB
2025-05-22 02:43:43,490 - P15228 - INFO - Processando URL 6/17: https://biancazingano.site.med.br/
2025-05-22 02:43:46,375 - P15228 - INFO - HTML salvo para debug: data\debug_html_v10\828921d1294f5ada48eb65649eb26060.html
2025-05-22 02:43:46,377 - P15228 - INFO - Candidates address: 0 items
2025-05-22 02:43:46,377 - P15228 - INFO - Candidates phone: 0 items
2025-05-22 02:43:46,377 - P15228 - INFO - Candidates email: 0 items
2025-05-22 02:43:46,378 - P15228 - INFO - Candidates complement: 0 items
2025-05-22 02:43:46,378 - P15228 - INFO - Candidates cep: 0 items
2025-05-22 02:43:46,378 - P15228 - INFO - Após processar URL 6 Uso de memória: 130.04 MB
2025-05-22 02:43:46,378 - P15228 - INFO - Processando URL 7/17: https://www.medicosbrasil.com/profissional/bianca-de-lemos-zingano
2025-05-22 02:43:48,942 - P15228 - INFO - HTML salvo para debug: data\debug_html_v10\9cfd732020c866a5653d8a821697eeab.html
2025-05-22 02:43:48,966 - P15228 - INFO - Candidates address: 0 items
2025-05-22 02:43:48,966 - P15228 - INFO - Candidates phone: 0 items
2025-05-22 02:43:48,966 - P15228 - INFO - Candidates email: 0 items
2025-05-22 02:43:48,966 - P15228 - INFO - Candidates complement: 0 items
2025-05-22 02:43:48,966 - P15228 - INFO - Candidates cep: 0 items
2025-05-22 02:43:48,967 - P15228 - INFO - Após processar URL 7 Uso de memória: 130.04 MB
2025-05-22 02:43:48,967 - P15228 - INFO - Processando URL 8/17: https://cebes.com.br/bianca-de-lemos-zingano-298603/
2025-05-22 02:43:52,015 - P15228 - INFO - HTML salvo para debug: data\debug_html_v10\d15472fb3e4c30b483f6966a49f7628d.html
2025-05-22 02:43:52,043 - P15228 - INFO - Candidates address: 1 items
2025-05-22 02:43:52,046 - P15228 - INFO - Candidates phone: 0 items
2025-05-22 02:43:52,046 - P15228 - INFO - Candidates email: 0 items
2025-05-22 02:43:52,046 - P15228 - INFO - Candidates complement: 1 items
2025-05-22 02:43:52,047 - P15228 - INFO - Candidates cep: 2 items
2025-05-22 02:43:52,047 - P15228 - INFO - Após processar URL 8 Uso de memória: 130.04 MB
2025-05-22 02:43:52,047 - P15228 - INFO - Processando URL 9/17: https://consultacrm.com.br/
2025-05-22 02:43:56,927 - P15228 - INFO - HTML salvo para debug: data\debug_html_v10\65cadeb91ac3713432c21b535990f440.html
2025-05-22 02:43:56,941 - P15228 - INFO - Candidates address: 0 items
2025-05-22 02:43:56,941 - P15228 - INFO - Candidates phone: 0 items
2025-05-22 02:43:56,941 - P15228 - INFO - Candidates email: 0 items
2025-05-22 02:43:56,942 - P15228 - INFO - Candidates complement: 0 items
2025-05-22 02:43:56,942 - P15228 - INFO - Candidates cep: 0 items
2025-05-22 02:43:56,942 - P15228 - INFO - Após processar URL 9 Uso de memória: 130.04 MB
2025-05-22 02:43:56,942 - P15228 - INFO - Processando URL 10/17: https://clinica.work/especialista/bianca-zingano-psiquiatra-florianopolis-sc
2025-05-22 02:44:01,082 - P15228 - INFO - HTML salvo para debug: data\debug_html_v10\49fc3be30bbff48853e6622927617df0.html
2025-05-22 02:44:01,096 - P15228 - INFO - Candidates address: 1 items
2025-05-22 02:44:01,097 - P15228 - INFO - Candidates phone: 0 items
2025-05-22 02:44:01,097 - P15228 - INFO - Candidates email: 0 items
2025-05-22 02:44:01,097 - P15228 - INFO - Candidates complement: 0 items
2025-05-22 02:44:01,097 - P15228 - INFO - Candidates cep: 0 items
2025-05-22 02:44:01,097 - P15228 - INFO - Após processar URL 10 Uso de memória: 130.04 MB
2025-05-22 02:44:01,098 - P15228 - INFO - Processando URL 11/17: https://bdtd.ibict.br/vufind/Record/UFSC_4afa0761d38330490310fb5283a872c6
2025-05-22 02:44:31,111 - P15228 - ERROR - Erro ao baixar HTML de https://bdtd.ibict.br/vufind/Record/UFSC_4afa0761d38330490310fb5283a872c6: Message: timeout: Timed out receiving message from renderer: -0.001
  (Session info: chrome=136.0.7103.114)
Stacktrace:
	GetHandleVerifier [0x00007FF75763CF45+75717]
	GetHandleVerifier [0x00007FF75763CFA0+75808]
	(No symbol) [0x00007FF757408F9A]
	(No symbol) [0x00007FF7573F64EC]
	(No symbol) [0x00007FF7573F61DA]
	(No symbol) [0x00007FF7573F3E8A]
	(No symbol) [0x00007FF7573F483F]
	(No symbol) [0x00007FF7574033AE]
	(No symbol) [0x00007FF7574197E1]
	(No symbol) [0x00007FF75742091A]
	(No symbol) [0x00007FF7573F4FAD]
	(No symbol) [0x00007FF7574194D0]
	(No symbol) [0x00007FF7574AF276]
	(No symbol) [0x00007FF757487153]
	(No symbol) [0x00007FF757450421]
	(No symbol) [0x00007FF7574511B3]
	GetHandleVerifier [0x00007FF75793D71D+3223453]
	GetHandleVerifier [0x00007FF757937CC2+3200322]
	GetHandleVerifier [0x00007FF757955AF3+3322739]
	GetHandleVerifier [0x00007FF757656A1A+180890]
	GetHandleVerifier [0x00007FF75765E11F+211359]
	GetHandleVerifier [0x00007FF757645294+109332]
	GetHandleVerifier [0x00007FF757645442+109762]
	GetHandleVerifier [0x00007FF75762BA59+4825]
	BaseThreadInitThunk [0x00007FFFFE757344+20]
	RtlUserThreadStart [0x00007FFFFF4026B1+33]

2025-05-22 02:44:31,116 - P15228 - INFO - Após processar URL 11 Uso de memória: 130.04 MB
2025-05-22 02:44:31,116 - P15228 - INFO - Processando URL 12/17: https://www.doctoralia.com.br/bianca-zingano/psiquiatra/florianopolis
2025-05-22 02:44:31,116 - P15228 - INFO - Ignorando URL de arquivo não-HTML: https://www.doctoralia.com.br/bianca-zingano/psiquiatra/florianopolis
2025-05-22 02:44:31,117 - P15228 - INFO - Após processar URL 12 Uso de memória: 130.04 MB
2025-05-22 02:44:31,117 - P15228 - INFO - Processando URL 13/17: https://www.boaconsulta.com/especialista/bianca-de-lemos-zingano-6106273fa2e00a0e69002354
2025-05-22 02:44:34,501 - P15228 - INFO - HTML salvo para debug: data\debug_html_v10\9adc57f4bc273c13e95b42ba14d51aa9.html
2025-05-22 02:44:34,564 - P15228 - INFO - Candidates address: 1 items
2025-05-22 02:44:34,565 - P15228 - INFO - Candidates phone: 0 items
2025-05-22 02:44:34,565 - P15228 - INFO - Candidates email: 0 items
2025-05-22 02:44:34,565 - P15228 - INFO - Candidates complement: 0 items
2025-05-22 02:44:34,565 - P15228 - INFO - Candidates cep: 0 items
2025-05-22 02:44:34,565 - P15228 - INFO - Após processar URL 13 Uso de memória: 130.78 MB
2025-05-22 02:44:34,565 - P15228 - INFO - Processando URL 14/17: https://medbook.com.br/biancazingano
2025-05-22 02:44:38,133 - P15228 - INFO - HTML salvo para debug: data\debug_html_v10\93f8afd827794a3391693b0a280d50df.html
2025-05-22 02:44:38,140 - P15228 - INFO - Candidates address: 1 items
2025-05-22 02:44:38,140 - P15228 - INFO - Candidates phone: 0 items
2025-05-22 02:44:38,140 - P15228 - INFO - Candidates email: 0 items
2025-05-22 02:44:38,140 - P15228 - INFO - Candidates complement: 1 items
2025-05-22 02:44:38,140 - P15228 - INFO - Candidates cep: 0 items
2025-05-22 02:44:38,140 - P15228 - INFO - Após processar URL 14 Uso de memória: 130.78 MB
2025-05-22 02:44:38,141 - P15228 - INFO - Processando URL 15/17: https://www.escavador.com/sobre/3260244/bianca-de-lemos-zingano
2025-05-22 02:44:42,973 - P15228 - INFO - HTML salvo para debug: data\debug_html_v10\da902819e6a00b76721c0666f90dc8d4.html
2025-05-22 02:44:42,999 - P15228 - INFO - Candidates address: 0 items
2025-05-22 02:44:42,999 - P15228 - INFO - Candidates phone: 0 items
2025-05-22 02:44:42,999 - P15228 - INFO - Candidates email: 0 items
2025-05-22 02:44:42,999 - P15228 - INFO - Candidates complement: 0 items
2025-05-22 02:44:42,999 - P15228 - INFO - Candidates cep: 0 items
2025-05-22 02:44:43,000 - P15228 - INFO - Após processar URL 15 Uso de memória: 130.78 MB
2025-05-22 02:44:43,000 - P15228 - INFO - Processando URL 16/17: https://guiasaudebrasil.com.br/unidade/santa-catarina/florianopolis/0298603-bianca-de-lemos-zingano
2025-05-22 02:44:48,543 - P15228 - INFO - HTML salvo para debug: data\debug_html_v10\c7238f18e9f59373efb76222e77aac11.html
2025-05-22 02:44:48,555 - P15228 - INFO - Candidates address: 1 items
2025-05-22 02:44:48,555 - P15228 - INFO - Candidates phone: 1 items
2025-05-22 02:44:48,555 - P15228 - INFO - Candidates email: 0 items
2025-05-22 02:44:48,556 - P15228 - INFO - Candidates complement: 1 items
2025-05-22 02:44:48,556 - P15228 - INFO - Candidates cep: 1 items
2025-05-22 02:44:48,556 - P15228 - INFO - Após processar URL 16 Uso de memória: 130.79 MB
2025-05-22 02:44:48,557 - P15228 - INFO - Processando URL 17/17: https://cliniguia.com/profissionais/bianca-de-lemos-zingano-980016288274521/
2025-05-22 02:44:53,878 - P15228 - INFO - HTML salvo para debug: data\debug_html_v10\79cc85c7e7e69cd1858f3e8a6e7541ae.html
2025-05-22 02:44:53,927 - P15228 - INFO - Candidates address: 0 items
2025-05-22 02:44:53,927 - P15228 - INFO - Candidates phone: 0 items
2025-05-22 02:44:53,927 - P15228 - INFO - Candidates email: 0 items
2025-05-22 02:44:53,927 - P15228 - INFO - Candidates complement: 0 items
2025-05-22 02:44:53,927 - P15228 - INFO - Candidates cep: 0 items
2025-05-22 02:44:53,928 - P15228 - INFO - Após processar URL 17 Uso de memória: 132.94 MB
2025-05-22 02:44:53,928 - P15228 - INFO - Iniciando agregação e ranqueamento
2025-05-22 02:44:53,928 - P15228 - INFO - Ranked address: 10 items
2025-05-22 02:44:53,928 - P15228 - INFO - Ranked phone: 1 items
2025-05-22 02:44:53,929 - P15228 - INFO - Ranked email: 5 items
2025-05-22 02:44:53,929 - P15228 - INFO - Ranked complement: 6 items
2025-05-22 02:44:53,930 - P15228 - INFO - Ranked cep: 6 items
2025-05-22 02:44:53,930 - P15228 - INFO - Após agregação Uso de memória: 132.94 MB
2025-05-22 02:44:53,930 - P15228 - INFO - Validando endereço: ['Avenida Prefeito Osmar Cunha, 126', 'Rua Presidente Nereu Ramos, 69', 'Rua Lauro Linhares, 2055']
2025-05-22 02:44:53,931 - P15228 - INFO - Endereço validado: Avenida Prefeito Osmar Cunha, 126
2025-05-22 02:44:53,931 - P15228 - INFO - Limpando texto extenso para campo address: Avenida Prefeito Osmar Cunha, 126...
2025-05-22 02:44:53,931 - P15228 - INFO - Texto limpo: Avenida Prefeito Osmar Cunha, 126
2025-05-22 02:44:53,932 - P15228 - INFO - Validando telefone: ['(48) 99910-2242']
2025-05-22 02:44:53,935 - P15228 - INFO - Limpando texto extenso para campo phone: (48) 99910-2242...
2025-05-22 02:44:53,935 - P15228 - INFO - Texto limpo: 48) 99910-2242
2025-05-22 02:44:53,935 - P15228 - INFO - Telefone validado: 48) 99910-2242
2025-05-22 02:44:53,935 - P15228 - INFO - Validando email: ['biancazingano@gmail.com', 'simesc@simesc.org.br', 'centromedico@edimed.com.br']
2025-05-22 02:44:53,935 - P15228 - INFO - Limpando texto extenso para campo email: biancazingano@gmail.com...
2025-05-22 02:44:53,936 - P15228 - INFO - Texto limpo: biancazingano@gmail.com
2025-05-22 02:44:53,936 - P15228 - INFO - Email validado: biancazingano@gmail.com
2025-05-22 02:44:53,936 - P15228 - INFO - Validando complemento: ['Sala  502  Clique para copiar    Bairro:  Trindade  Cl', 'Sala  502  Trindade  Florianópolis SC  88036-002  Cliq', 'Sala  502  Trindade  Florianópolis SC  88036-002      ']
2025-05-22 02:44:53,936 - P15228 - INFO - Limpando texto extenso para campo complement: Sala  502  Clique para copiar    Bairro:  Trindade...
2025-05-22 02:44:53,937 - P15228 - INFO - Texto limpo: Sala 502 Clique para copiar
2025-05-22 02:44:53,937 - P15228 - INFO - Complemento validado: Sala 502 Clique para copiar
2025-05-22 02:44:53,937 - P15228 - INFO - Descobrindo cidade
2025-05-22 02:44:53,938 - P15228 - INFO - Buscando cidade: Avenida Prefeito Osmar Cunha cidade SC
2025-05-22 02:44:56,875 - P15228 - WARNING - Cidade não encontrada
2025-05-22 02:44:56,876 - P15228 - INFO - Cidade descoberta: 
2025-05-22 02:44:56,876 - P15228 - INFO - Tempo de execução de processamento completo do médico: 98.82 segundos
2025-05-22 02:44:56,876 - P15228 - INFO - Resultado processado: {'Hash': 'aef70203eceb4917ab9a1c29cb748fefd5379bcb7ef141345c6b7e0874e101e7', 'CRM': '16946', 'UF': 'SC', 'Firstname': 'BIANCA', 'LastName': 'DE LEMOS ZINGANO DE OLIVEIRA', 'Medical specialty': '', 'Endereco Completo A1': 'Avenida Prefeito Osmar Cunha, 126', 'Address A1': 'Avenida Prefeito Osmar Cunha', 'Numero A1': '126', 'Complement A1': 'Sala 502 Clique para copiar', 'Bairro A1': '', 'postal code A1': '', 'City A1': '', 'State A1': '', 'Phone A1': '48) 99910-2242', 'Phone A2': '', 'Cell phone A1': '', 'Cell phone A2': '', 'E-mail A1': 'biancazingano@gmail.com', 'E-mail A2': '', 'OPT-IN': '', 'STATUS': '', 'LOTE': ''}
2025-05-22 02:44:56,877 - P15228 - INFO - Progresso: 32.9%
2025-05-22 02:44:56,878 - P15228 - INFO - Executando coleta de lixo
2025-05-22 02:44:56,924 - P15228 - INFO - Após coleta de lixo Uso de memória: 116.71 MB
2025-05-22 02:44:56,924 - P15228 - INFO - Tempo de execução de processamento do médico 1: 100.13 segundos
2025-05-22 02:44:56,924 - P15228 - INFO - 
==================================================
Processando médico 2/3
2025-05-22 02:44:56,925 - P15228 - INFO - Nome: RENATA DE LIMA
2025-05-22 02:44:56,925 - P15228 - INFO - Início do processamento Uso de memória: 116.71 MB
2025-05-22 02:44:56,925 - P15228 - INFO - Iniciando busca para: RENATA DE LIMA CRM 18064 SC telefone e-mail endereço
2025-05-22 02:44:57,443 - P15228 - INFO - SearX results: 9 URLs
2025-05-22 02:44:57,445 - P15228 - INFO - Após SearX Uso de memória: 116.72 MB
2025-05-22 02:45:00,175 - P15228 - INFO - Google results: 8 URLs
2025-05-22 02:45:00,175 - P15228 - INFO - Após Google Uso de memória: 120.38 MB
2025-05-22 02:45:03,264 - P15228 - INFO - Bing results: 12 URLs
2025-05-22 02:45:03,266 - P15228 - INFO - Após Bing Uso de memória: 124.13 MB
2025-05-22 02:45:03,270 - P15228 - INFO - Total de URLs únicas: 25
2025-05-22 02:45:03,272 - P15228 - INFO - Processando URL 1/25: https://diario.oab.org.br/assets/diarios/diario-eletronico-oab-12-11-2024.pdf
2025-05-22 02:45:03,275 - P15228 - INFO - Ignorando URL de arquivo não-HTML: https://diario.oab.org.br/assets/diarios/diario-eletronico-oab-12-11-2024.pdf
2025-05-22 02:45:03,277 - P15228 - INFO - Após processar URL 1 Uso de memória: 124.13 MB
2025-05-22 02:45:03,279 - P15228 - INFO - Processando URL 2/25: https://www.locaisdobrasil.com.br/encontre/psiquiatra/florianopolis-sc/dra-renata-lima-psiquiatra/6510a7dd5e267d7bdae72d95
2025-05-22 02:45:09,767 - P15228 - INFO - HTML salvo para debug: data\debug_html_v10\5d9f1c209e89055a8c6ac06b05217f95.html
2025-05-22 02:45:09,787 - P15228 - INFO - Candidates address: 2 items
2025-05-22 02:45:09,787 - P15228 - INFO - Candidates phone: 1 items
2025-05-22 02:45:09,788 - P15228 - INFO - Candidates email: 0 items
2025-05-22 02:45:09,788 - P15228 - INFO - Candidates complement: 2 items
2025-05-22 02:45:09,788 - P15228 - INFO - Candidates cep: 2 items
2025-05-22 02:45:09,788 - P15228 - INFO - Após processar URL 2 Uso de memória: 119.04 MB
2025-05-22 02:45:09,788 - P15228 - INFO - Processando URL 3/25: https://br.todosnegocios.com/pt/dra-renata-lima-psiquiatra-48-99920-2204
2025-05-22 02:45:14,532 - P15228 - INFO - HTML salvo para debug: data\debug_html_v10\54e0a690ae36bf5362d4ece82bf2627f.html
2025-05-22 02:45:14,553 - P15228 - INFO - Candidates address: 7 items
2025-05-22 02:45:14,553 - P15228 - INFO - Candidates phone: 1 items
2025-05-22 02:45:14,554 - P15228 - INFO - Candidates email: 0 items
2025-05-22 02:45:14,554 - P15228 - INFO - Candidates complement: 1 items
2025-05-22 02:45:14,554 - P15228 - INFO - Candidates cep: 3 items
2025-05-22 02:45:14,555 - P15228 - INFO - Após processar URL 3 Uso de memória: 122.90 MB
2025-05-22 02:45:14,556 - P15228 - INFO - Processando URL 4/25: https://www.bingplaces.com/DashBoard/Edit?Id=YN7993x10695585333826269442&market=pt-BR&src=SERPGB
2025-05-22 02:45:18,906 - P15228 - INFO - HTML salvo para debug: data\debug_html_v10\54bbf2d3b5b07d622f6e24d8043b1c2d.html
2025-05-22 02:45:18,929 - P15228 - INFO - Candidates address: 0 items
2025-05-22 02:45:18,929 - P15228 - INFO - Candidates phone: 1 items
2025-05-22 02:45:18,930 - P15228 - INFO - Candidates email: 0 items
2025-05-22 02:45:18,930 - P15228 - INFO - Candidates complement: 0 items
2025-05-22 02:45:18,930 - P15228 - INFO - Candidates cep: 2 items
2025-05-22 02:45:18,930 - P15228 - INFO - Após processar URL 4 Uso de memória: 123.05 MB
2025-05-22 02:45:18,930 - P15228 - INFO - Processando URL 5/25: https://linktr.ee/drarenatalima
2025-05-22 02:45:21,379 - P15228 - INFO - HTML salvo para debug: data\debug_html_v10\f1eba05ffa900bb6639dcf9636189cab.html
2025-05-22 02:45:21,397 - P15228 - INFO - Candidates address: 0 items
2025-05-22 02:45:21,398 - P15228 - INFO - Candidates phone: 0 items
2025-05-22 02:45:21,398 - P15228 - INFO - Candidates email: 0 items
2025-05-22 02:45:21,398 - P15228 - INFO - Candidates complement: 0 items
2025-05-22 02:45:21,398 - P15228 - INFO - Candidates cep: 5 items
2025-05-22 02:45:21,398 - P15228 - INFO - Após processar URL 5 Uso de memória: 124.84 MB
2025-05-22 02:45:21,398 - P15228 - INFO - Processando URL 6/25: https://www.locaisdobrasil.com.br/encontre/psiquiatra/florianopolis-sc/dr-kayo-a-gheno-dra-renata-de-lima/6510a7ec5e267d7bdae72da7
2025-05-22 02:45:26,761 - P15228 - INFO - HTML salvo para debug: data\debug_html_v10\a8238a9b2507f48d19565d05110510f7.html
2025-05-22 02:45:26,779 - P15228 - INFO - Candidates address: 2 items
2025-05-22 02:45:26,779 - P15228 - INFO - Candidates phone: 1 items
2025-05-22 02:45:26,779 - P15228 - INFO - Candidates email: 0 items
2025-05-22 02:45:26,780 - P15228 - INFO - Candidates complement: 0 items
2025-05-22 02:45:26,780 - P15228 - INFO - Candidates cep: 2 items
2025-05-22 02:45:26,780 - P15228 - INFO - Após processar URL 6 Uso de memória: 124.04 MB
2025-05-22 02:45:26,780 - P15228 - INFO - Processando URL 7/25: https://www.tjpr.jus.br/documents/13302/5615790/JU2003_07_10.pdf/2b6f5abe-d020-45ba-8c9f-73d5da1656ec?version=1.0
2025-05-22 02:45:26,780 - P15228 - INFO - Ignorando URL de arquivo não-HTML: https://www.tjpr.jus.br/documents/13302/5615790/JU2003_07_10.pdf/2b6f5abe-d020-45ba-8c9f-73d5da1656ec?version=1.0
2025-05-22 02:45:26,781 - P15228 - INFO - Após processar URL 7 Uso de memória: 124.04 MB
2025-05-22 02:45:26,781 - P15228 - INFO - Processando URL 8/25: https://diariooficial.guarulhos.sp.gov.br/uploads/pdf/1213875516.pdf
2025-05-22 02:45:26,781 - P15228 - INFO - Ignorando URL de arquivo não-HTML: https://diariooficial.guarulhos.sp.gov.br/uploads/pdf/1213875516.pdf
2025-05-22 02:45:26,781 - P15228 - INFO - Após processar URL 8 Uso de memória: 124.04 MB
2025-05-22 02:45:26,781 - P15228 - INFO - Processando URL 9/25: https://renatalimapsiquiatra.com.br/a-psiquiatra/
2025-05-22 02:45:35,166 - P15228 - INFO - HTML salvo para debug: data\debug_html_v10\fa0c4cc2835cc79a1fc2da9b4e707e22.html
2025-05-22 02:45:35,182 - P15228 - INFO - Candidates address: 0 items
2025-05-22 02:45:35,182 - P15228 - INFO - Candidates phone: 1 items
2025-05-22 02:45:35,184 - P15228 - INFO - Candidates email: 0 items
2025-05-22 02:45:35,184 - P15228 - INFO - Candidates complement: 0 items
2025-05-22 02:45:35,185 - P15228 - INFO - Candidates cep: 0 items
2025-05-22 02:45:35,185 - P15228 - INFO - Após processar URL 9 Uso de memória: 124.06 MB
2025-05-22 02:45:35,185 - P15228 - INFO - Processando URL 10/25: https://www.doctoralia.com.br/renata-de-lima/psiquiatra/florianopolis
2025-05-22 02:45:35,185 - P15228 - INFO - Ignorando URL de arquivo não-HTML: https://www.doctoralia.com.br/renata-de-lima/psiquiatra/florianopolis
2025-05-22 02:45:35,186 - P15228 - INFO - Após processar URL 10 Uso de memória: 124.06 MB
2025-05-22 02:45:35,186 - P15228 - INFO - Processando URL 11/25: https://renatalimapsiquiatra.com.br/contato
2025-05-22 02:45:38,572 - P15228 - INFO - HTML salvo para debug: data\debug_html_v10\096e707c67435daa6c40bffbc93ceec8.html
2025-05-22 02:45:38,585 - P15228 - INFO - Candidates address: 1 items
2025-05-22 02:45:38,586 - P15228 - INFO - Candidates phone: 2 items
2025-05-22 02:45:38,587 - P15228 - INFO - Candidates email: 1 items
2025-05-22 02:45:38,588 - P15228 - INFO - Candidates complement: 1 items
2025-05-22 02:45:38,589 - P15228 - INFO - Candidates cep: 1 items
2025-05-22 02:45:38,589 - P15228 - INFO - Após processar URL 11 Uso de memória: 124.07 MB
2025-05-22 02:45:38,589 - P15228 - INFO - Processando URL 12/25: https://www.saobernardo.sp.gov.br/documents/10181/1598718/NM+2413+de+29.12.2023+-++Conte%C3%BAdo+Integral.pdf/d80e1f6e-225b-8ed5-513c-761ad7fbf74c
2025-05-22 02:45:38,590 - P15228 - INFO - Ignorando URL de arquivo não-HTML: https://www.saobernardo.sp.gov.br/documents/10181/1598718/NM+2413+de+29.12.2023+-++Conte%C3%BAdo+Integral.pdf/d80e1f6e-225b-8ed5-513c-761ad7fbf74c
2025-05-22 02:45:38,592 - P15228 - INFO - Após processar URL 12 Uso de memória: 124.07 MB
2025-05-22 02:45:38,592 - P15228 - INFO - Processando URL 13/25: https://www.saobernardo.sp.gov.br/documents/10181/1018801/NM+2192+de+23.12.2020+-+Conteu%CC%81do+Integral.pdf/29d21df8-d819-dd4e-d4a8-2c3de9f3fe29
2025-05-22 02:45:38,593 - P15228 - INFO - Ignorando URL de arquivo não-HTML: https://www.saobernardo.sp.gov.br/documents/10181/1018801/NM+2192+de+23.12.2020+-+Conteu%CC%81do+Integral.pdf/29d21df8-d819-dd4e-d4a8-2c3de9f3fe29
2025-05-22 02:45:38,594 - P15228 - INFO - Após processar URL 13 Uso de memória: 124.07 MB
2025-05-22 02:45:38,594 - P15228 - INFO - Processando URL 14/25: https://sistemas.tjes.jus.br/ediario/index.php?option=com_ediario&view=contents&layout=fulltext&data=20171027&idorgao=852
2025-05-22 02:45:43,563 - P15228 - INFO - HTML salvo para debug: data\debug_html_v10\ab263c419c9444843538065d211e7679.html
2025-05-22 02:45:44,109 - P15228 - INFO - Candidates address: 10 items
2025-05-22 02:45:44,110 - P15228 - INFO - Candidates phone: 0 items
2025-05-22 02:45:44,110 - P15228 - INFO - Candidates email: 0 items
2025-05-22 02:45:44,110 - P15228 - INFO - Candidates complement: 1 items
2025-05-22 02:45:44,110 - P15228 - INFO - Candidates cep: 128 items
2025-05-22 02:45:44,110 - P15228 - INFO - Após processar URL 14 Uso de memória: 128.43 MB
2025-05-22 02:45:44,111 - P15228 - INFO - Processando URL 15/25: https://consultacrm.com.br/
2025-05-22 02:45:47,299 - P15228 - INFO - HTML salvo para debug: data\debug_html_v10\65cadeb91ac3713432c21b535990f440.html
2025-05-22 02:45:47,310 - P15228 - INFO - Candidates address: 0 items
2025-05-22 02:45:47,310 - P15228 - INFO - Candidates phone: 0 items
2025-05-22 02:45:47,310 - P15228 - INFO - Candidates email: 0 items
2025-05-22 02:45:47,311 - P15228 - INFO - Candidates complement: 0 items
2025-05-22 02:45:47,311 - P15228 - INFO - Candidates cep: 0 items
2025-05-22 02:45:47,311 - P15228 - INFO - Após processar URL 15 Uso de memória: 126.50 MB
2025-05-22 02:45:47,311 - P15228 - INFO - Processando URL 16/25: https://sistemas.tjes.jus.br/ediario/index.php?option=com_ediario&view=contents&layout=fulltext&data=20200511&idorgao=2121
2025-05-22 02:45:52,938 - P15228 - INFO - HTML salvo para debug: data\debug_html_v10\c6cd6f99e3f22bf6df99f7e0bff12e6b.html
2025-05-22 02:45:53,461 - P15228 - INFO - Candidates address: 43 items
2025-05-22 02:45:53,463 - P15228 - INFO - Candidates phone: 0 items
2025-05-22 02:45:53,463 - P15228 - INFO - Candidates email: 1 items
2025-05-22 02:45:53,463 - P15228 - INFO - Candidates complement: 2 items
2025-05-22 02:45:53,463 - P15228 - INFO - Candidates cep: 36 items
2025-05-22 02:45:53,464 - P15228 - INFO - Após processar URL 16 Uso de memória: 128.59 MB
2025-05-22 02:45:53,465 - P15228 - INFO - Processando URL 17/25: https://www.findhealthclinics.com/BR/Florian%C3%B3polis/1202519149792856/Psic%C3%B3loga-Renata-Lima
2025-05-22 02:45:57,534 - P15228 - INFO - HTML salvo para debug: data\debug_html_v10\82c96d26ea698f36619ba633157e66d7.html
2025-05-22 02:45:57,556 - P15228 - INFO - Candidates address: 0 items
2025-05-22 02:45:57,556 - P15228 - INFO - Candidates phone: 1 items
2025-05-22 02:45:57,556 - P15228 - INFO - Candidates email: 0 items
2025-05-22 02:45:57,557 - P15228 - INFO - Candidates complement: 0 items
2025-05-22 02:45:57,558 - P15228 - INFO - Candidates cep: 1 items
2025-05-22 02:45:57,559 - P15228 - INFO - Após processar URL 17 Uso de memória: 126.71 MB
2025-05-22 02:45:57,560 - P15228 - INFO - Processando URL 18/25: https://clinica.work/especialista/renata-de-lima-psiquiatra-florianopolis-sc
2025-05-22 02:46:01,259 - P15228 - INFO - HTML salvo para debug: data\debug_html_v10\fe48b345dfd9bae27622ccc86d449e0b.html
2025-05-22 02:46:01,274 - P15228 - INFO - Candidates address: 0 items
2025-05-22 02:46:01,274 - P15228 - INFO - Candidates phone: 0 items
2025-05-22 02:46:01,274 - P15228 - INFO - Candidates email: 0 items
2025-05-22 02:46:01,274 - P15228 - INFO - Candidates complement: 0 items
2025-05-22 02:46:01,275 - P15228 - INFO - Candidates cep: 0 items
2025-05-22 02:46:01,275 - P15228 - INFO - Após processar URL 18 Uso de memória: 126.80 MB
2025-05-22 02:46:01,275 - P15228 - INFO - Processando URL 19/25: https://cnpj.biz/57838819000140
2025-05-22 02:46:03,514 - P15228 - INFO - HTML salvo para debug: data\debug_html_v10\5ca209b5968d2edac1fc68a2026ee4e9.html
2025-05-22 02:46:03,517 - P15228 - INFO - Candidates address: 0 items
2025-05-22 02:46:03,518 - P15228 - INFO - Candidates phone: 0 items
2025-05-22 02:46:03,518 - P15228 - INFO - Candidates email: 0 items
2025-05-22 02:46:03,518 - P15228 - INFO - Candidates complement: 0 items
2025-05-22 02:46:03,518 - P15228 - INFO - Candidates cep: 0 items
2025-05-22 02:46:03,518 - P15228 - INFO - Após processar URL 19 Uso de memória: 125.99 MB
2025-05-22 02:46:03,518 - P15228 - INFO - Processando URL 20/25: https://www.topsaude.med.br/especialidades-items/dra-renata-dias/
2025-05-22 02:46:12,104 - P15228 - INFO - HTML salvo para debug: data\debug_html_v10\07ffbc533daf7a556e47d452880b5822.html
2025-05-22 02:46:12,126 - P15228 - INFO - Candidates address: 1 items
2025-05-22 02:46:12,126 - P15228 - INFO - Candidates phone: 3 items
2025-05-22 02:46:12,126 - P15228 - INFO - Candidates email: 1 items
2025-05-22 02:46:12,126 - P15228 - INFO - Candidates complement: 0 items
2025-05-22 02:46:12,127 - P15228 - INFO - Candidates cep: 1 items
2025-05-22 02:46:12,127 - P15228 - INFO - Após processar URL 20 Uso de memória: 128.07 MB
2025-05-22 02:46:12,127 - P15228 - INFO - Processando URL 21/25: https://www.catalogo.med.br/doutor/renata-de-lima-2483812.htm
2025-05-22 02:46:14,239 - P15228 - INFO - HTML salvo para debug: data\debug_html_v10\7c82f3388a21e71469041cd84c7d44ba.html
2025-05-22 02:46:14,240 - P15228 - INFO - Candidates address: 0 items
2025-05-22 02:46:14,241 - P15228 - INFO - Candidates phone: 0 items
2025-05-22 02:46:14,241 - P15228 - INFO - Candidates email: 0 items
2025-05-22 02:46:14,241 - P15228 - INFO - Candidates complement: 0 items
2025-05-22 02:46:14,241 - P15228 - INFO - Candidates cep: 0 items
2025-05-22 02:46:14,241 - P15228 - INFO - Após processar URL 21 Uso de memória: 126.40 MB
2025-05-22 02:46:14,242 - P15228 - INFO - Processando URL 22/25: https://osasco.sp.gov.br/site/wp-content/uploads/2014/09/httposasco.sp_.gov_.brcompsec1atosEd1063.pdf
2025-05-22 02:46:14,242 - P15228 - INFO - Ignorando URL de arquivo não-HTML: https://osasco.sp.gov.br/site/wp-content/uploads/2014/09/httposasco.sp_.gov_.brcompsec1atosEd1063.pdf
2025-05-22 02:46:14,242 - P15228 - INFO - Após processar URL 22 Uso de memória: 126.40 MB
2025-05-22 02:46:14,242 - P15228 - INFO - Processando URL 23/25: https://www.guiamedicoconquista.com.br/profissional/1002/dr-renata-anjos-lima
2025-05-22 02:46:17,395 - P15228 - INFO - HTML salvo para debug: data\debug_html_v10\58d5bbeefc1656335b432a6ebb53dc62.html
2025-05-22 02:46:17,466 - P15228 - INFO - Candidates address: 2 items
2025-05-22 02:46:17,466 - P15228 - INFO - Candidates phone: 31 items
2025-05-22 02:46:17,467 - P15228 - INFO - Candidates email: 0 items
2025-05-22 02:46:17,468 - P15228 - INFO - Candidates complement: 0 items
2025-05-22 02:46:17,468 - P15228 - INFO - Candidates cep: 13 items
2025-05-22 02:46:17,468 - P15228 - INFO - Após processar URL 23 Uso de memória: 126.44 MB
2025-05-22 02:46:17,469 - P15228 - INFO - Processando URL 24/25: https://iprejun.sp.gov.br/S/arquivos/Imprensa_Oficial/Imprensa_Oficial_Jundiai_2024-09-20_5522.pdf
2025-05-22 02:46:17,469 - P15228 - INFO - Ignorando URL de arquivo não-HTML: https://iprejun.sp.gov.br/S/arquivos/Imprensa_Oficial/Imprensa_Oficial_Jundiai_2024-09-20_5522.pdf
2025-05-22 02:46:17,470 - P15228 - INFO - Após processar URL 24 Uso de memória: 126.44 MB
2025-05-22 02:46:17,471 - P15228 - INFO - Processando URL 25/25: https://crmmt.org.br/diretoria-suplente/renata-machado-barbosa-lima-de-miranda/
2025-05-22 02:46:20,949 - P15228 - INFO - HTML salvo para debug: data\debug_html_v10\d9ece6b16901e39772efab5c51f2fb0c.html
2025-05-22 02:46:20,976 - P15228 - INFO - Candidates address: 0 items
2025-05-22 02:46:20,976 - P15228 - INFO - Candidates phone: 0 items
2025-05-22 02:46:20,976 - P15228 - INFO - Candidates email: 1 items
2025-05-22 02:46:20,976 - P15228 - INFO - Candidates complement: 0 items
2025-05-22 02:46:20,977 - P15228 - INFO - Candidates cep: 1 items
2025-05-22 02:46:20,977 - P15228 - INFO - Após processar URL 25 Uso de memória: 126.44 MB
2025-05-22 02:46:20,977 - P15228 - INFO - Iniciando agregação e ranqueamento
2025-05-22 02:46:20,977 - P15228 - INFO - Ranked address: 65 items
2025-05-22 02:46:20,977 - P15228 - INFO - Ranked phone: 40 items
2025-05-22 02:46:20,978 - P15228 - INFO - Ranked email: 4 items
2025-05-22 02:46:20,978 - P15228 - INFO - Ranked complement: 6 items
2025-05-22 02:46:20,978 - P15228 - INFO - Ranked cep: 189 items
2025-05-22 02:46:20,978 - P15228 - INFO - Após agregação Uso de memória: 126.44 MB
2025-05-22 02:46:20,978 - P15228 - INFO - Validando endereço: ['R. Lauro Linhares, 2123', 'Rua Desembargador Homero Mafra, 60', 'R. Lauro Linhares , 2123']
2025-05-22 02:46:20,979 - P15228 - INFO - Endereço validado: R. Lauro Linhares, 2123
2025-05-22 02:46:20,979 - P15228 - INFO - Limpando texto extenso para campo address: R. Lauro Linhares, 2123...
2025-05-22 02:46:20,979 - P15228 - INFO - Texto limpo: R. Lauro Linhares, 2123
2025-05-22 02:46:20,979 - P15228 - INFO - Validando telefone: ['(48) 99920-2204', '5548999202204', '(48)99920-2204']
2025-05-22 02:46:20,979 - P15228 - INFO - Limpando texto extenso para campo phone: (48) 99920-2204...
2025-05-22 02:46:20,979 - P15228 - INFO - Texto limpo: 48) 99920-2204
2025-05-22 02:46:20,979 - P15228 - INFO - Telefone validado: 48) 99920-2204
2025-05-22 02:46:20,980 - P15228 - INFO - Validando email: ['contato@renatalimapsiquiatra.com.br', 'plantaodeflagrantes-protocolo@tjes.jus.br', 'sac@topsaude.med.br']
2025-05-22 02:46:20,980 - P15228 - INFO - Limpando texto extenso para campo email: contato@renatalimapsiquiatra.com.br...
2025-05-22 02:46:20,980 - P15228 - INFO - Texto limpo: contato@renatalimapsiquiatra.com.br
2025-05-22 02:46:20,980 - P15228 - INFO - Email validado: contato@renatalimapsiquiatra.com.br
2025-05-22 02:46:20,980 - P15228 - INFO - Validando complemento: ['Sala 712 - Trindade', 'Sala 712 -  Trindade ', 'Sala 712 – Trindade']
2025-05-22 02:46:20,981 - P15228 - INFO - Limpando texto extenso para campo complement: Sala 712 - Trindade...
2025-05-22 02:46:20,981 - P15228 - INFO - Texto limpo: Sala 712 - Trindade
2025-05-22 02:46:20,981 - P15228 - INFO - Complemento validado: Sala 712 - Trindade
2025-05-22 02:46:20,981 - P15228 - INFO - Descobrindo cidade
2025-05-22 02:46:20,981 - P15228 - INFO - Buscando cidade: R. Lauro Linhares cidade SC
2025-05-22 02:46:23,823 - P15228 - INFO - Cidade encontrada: Florianópolis
2025-05-22 02:46:23,824 - P15228 - INFO - Limpando texto extenso para campo city: Florianópolis...
2025-05-22 02:46:23,824 - P15228 - INFO - Texto limpo: Florianópolis
2025-05-22 02:46:23,824 - P15228 - INFO - Cidade descoberta: Florianópolis
2025-05-22 02:46:23,825 - P15228 - INFO - Buscando CEP com sistema de cascata
2025-05-22 02:46:23,825 - P15228 - INFO - Iniciando busca de CEP em cascata para: R. Lauro Linhares, Florianópolis, SC
2025-05-22 02:46:23,826 - P15228 - INFO - Método 1: ViaCEP API
2025-05-22 02:46:23,826 - P15228 - INFO - Buscando no ViaCEP: https://viacep.com.br/ws/SC/florianopolis/rua%20lauro%20linhares/json/
2025-05-22 02:46:24,534 - P15228 - INFO - Dados encontrados no ViaCEP: {'cep': '88036-000', 'logradouro': 'Rua Lauro Linhares', 'complemento': 'até 559/560', 'unidade': '', 'bairro': 'Trindade', 'localidade': 'Florianópolis', 'uf': 'SC', 'estado': 'Santa Catarina', 'regiao': 'Sul', 'ibge': '4205407', 'gia': '', 'ddd': '48', 'siafi': '8105'}
2025-05-22 02:46:24,536 - P15228 - INFO - CEP encontrado via ViaCEP: 88036-000
2025-05-22 02:46:24,536 - P15228 - INFO - Dados de CEP encontrados: {'cep': '88036-000', 'logradouro': 'Rua Lauro Linhares', 'complemento': 'até 559/560', 'unidade': '', 'bairro': 'Trindade', 'localidade': 'Florianópolis', 'uf': 'SC', 'estado': 'Santa Catarina', 'regiao': 'Sul', 'ibge': '4205407', 'gia': '', 'ddd': '48', 'siafi': '8105'}
2025-05-22 02:46:24,536 - P15228 - INFO - Limpando texto extenso para campo bairro: Trindade...
2025-05-22 02:46:24,537 - P15228 - INFO - Texto limpo: Trindade
2025-05-22 02:46:24,537 - P15228 - INFO - Limpando texto extenso para campo city: Florianópolis...
2025-05-22 02:46:24,537 - P15228 - INFO - Texto limpo: Florianópolis
2025-05-22 02:46:24,537 - P15228 - INFO - Limpando texto extenso para campo state: SC...
2025-05-22 02:46:24,537 - P15228 - INFO - Texto limpo: SC
2025-05-22 02:46:24,537 - P15228 - INFO - Tempo de execução de processamento completo do médico: 87.61 segundos
2025-05-22 02:46:24,538 - P15228 - INFO - Resultado processado: {'Hash': '8b17fee0d0b74eba41979d3ff814f3efac6ba25042a3875a51b670aa4d163476', 'CRM': '18064', 'UF': 'SC', 'Firstname': 'RENATA', 'LastName': 'DE LIMA', 'Medical specialty': '', 'Endereco Completo A1': 'R. Lauro Linhares, 2123', 'Address A1': 'R. Lauro Linhares', 'Numero A1': '2123', 'Complement A1': 'Sala 712 - Trindade', 'Bairro A1': 'Trindade', 'postal code A1': '88036-000', 'City A1': 'Florianópolis', 'State A1': 'SC', 'Phone A1': '48) 99920-2204', 'Phone A2': '', 'Cell phone A1': '', 'Cell phone A2': '', 'E-mail A1': 'contato@renatalimapsiquiatra.com.br', 'E-mail A2': '', 'OPT-IN': '', 'STATUS': '', 'LOTE': ''}
2025-05-22 02:46:24,538 - P15228 - INFO - Progresso: 33.6%
2025-05-22 02:46:24,539 - P15228 - INFO - Tempo de execução de processamento do médico 2: 87.61 segundos
2025-05-22 02:46:24,539 - P15228 - INFO - 
==================================================
Processando médico 3/3
2025-05-22 02:46:24,539 - P15228 - INFO - Nome: DARLLA KATIELA OLIVEIRA DE SOUZA
2025-05-22 02:46:24,540 - P15228 - INFO - Início do processamento Uso de memória: 123.98 MB
2025-05-22 02:46:24,540 - P15228 - INFO - Iniciando busca para: DARLLA KATIELA OLIVEIRA DE SOUZA CRM 20100 SC telefone e-mail endereço
2025-05-22 02:46:24,915 - P15228 - INFO - SearX results: 0 URLs
2025-05-22 02:46:24,915 - P15228 - INFO - Após SearX Uso de memória: 123.98 MB
2025-05-22 02:46:27,749 - P15228 - INFO - Google results: 4 URLs
2025-05-22 02:46:27,749 - P15228 - INFO - Após Google Uso de memória: 126.04 MB
2025-05-22 02:46:30,334 - P15228 - INFO - Bing results: 9 URLs
2025-05-22 02:46:30,334 - P15228 - INFO - Após Bing Uso de memória: 126.88 MB
2025-05-22 02:46:30,334 - P15228 - INFO - Total de URLs únicas: 12
2025-05-22 02:46:30,335 - P15228 - INFO - Processando URL 1/12: https://guiasaudebrasil.com.br/profissional/2090f0ad834a2f97-darlla-katiela-oliveira-de-souza
2025-05-22 02:46:35,711 - P15228 - INFO - HTML salvo para debug: data\debug_html_v10\1ba2dcc630c1b025103b92df4559ebb8.html
2025-05-22 02:46:35,724 - P15228 - INFO - Candidates address: 0 items
2025-05-22 02:46:35,724 - P15228 - INFO - Candidates phone: 0 items
2025-05-22 02:46:35,725 - P15228 - INFO - Candidates email: 0 items
2025-05-22 02:46:35,725 - P15228 - INFO - Candidates complement: 0 items
2025-05-22 02:46:35,725 - P15228 - INFO - Candidates cep: 1 items
2025-05-22 02:46:35,725 - P15228 - INFO - Após processar URL 1 Uso de memória: 127.03 MB
2025-05-22 02:46:35,725 - P15228 - INFO - Processando URL 2/12: https://www.econodata.com.br/consulta-empresa/41797091000115-DARLLA-KATIELA-SERVICOS-MEDICOS-LTDA
2025-05-22 02:46:41,092 - P15228 - INFO - HTML salvo para debug: data\debug_html_v10\763291cf3bc79adcfce2ebd77d624e06.html
2025-05-22 02:46:41,232 - P15228 - INFO - Candidates address: 24 items
2025-05-22 02:46:41,232 - P15228 - INFO - Candidates phone: 0 items
2025-05-22 02:46:41,233 - P15228 - INFO - Candidates email: 0 items
2025-05-22 02:46:41,233 - P15228 - INFO - Candidates complement: 2 items
2025-05-22 02:46:41,233 - P15228 - INFO - Candidates cep: 1 items
2025-05-22 02:46:41,233 - P15228 - INFO - Após processar URL 2 Uso de memória: 126.92 MB
2025-05-22 02:46:41,233 - P15228 - INFO - Processando URL 3/12: https://www.doctoralia.com.br/darlla-marsaro/generalista/joinville
2025-05-22 02:46:41,234 - P15228 - INFO - Ignorando URL de arquivo não-HTML: https://www.doctoralia.com.br/darlla-marsaro/generalista/joinville
2025-05-22 02:46:41,234 - P15228 - INFO - Após processar URL 3 Uso de memória: 126.92 MB
2025-05-22 02:46:41,234 - P15228 - INFO - Processando URL 4/12: https://crmsc.org.br/busca-medico/
2025-05-22 02:46:44,713 - P15228 - INFO - HTML salvo para debug: data\debug_html_v10\718935d8acf3120593504f2d6f7f3e0a.html
2025-05-22 02:46:44,753 - P15228 - INFO - Candidates address: 0 items
2025-05-22 02:46:44,753 - P15228 - INFO - Candidates phone: 0 items
2025-05-22 02:46:44,753 - P15228 - INFO - Candidates email: 1 items
2025-05-22 02:46:44,754 - P15228 - INFO - Candidates complement: 1 items
2025-05-22 02:46:44,754 - P15228 - INFO - Candidates cep: 1 items
2025-05-22 02:46:44,754 - P15228 - INFO - Após processar URL 4 Uso de memória: 126.93 MB
2025-05-22 02:46:44,754 - P15228 - INFO - Processando URL 5/12: https://www.escavador.com/sobre/9010442/darlla-katiela-oliveira-de-souza-marsaro
2025-05-22 02:46:48,109 - P15228 - INFO - HTML salvo para debug: data\debug_html_v10\c19661a6827542a74abbe3bab8340b32.html
2025-05-22 02:46:48,198 - P15228 - INFO - Candidates address: 0 items
2025-05-22 02:46:48,199 - P15228 - INFO - Candidates phone: 0 items
2025-05-22 02:46:48,199 - P15228 - INFO - Candidates email: 0 items
2025-05-22 02:46:48,199 - P15228 - INFO - Candidates complement: 0 items
2025-05-22 02:46:48,199 - P15228 - INFO - Candidates cep: 0 items
2025-05-22 02:46:48,199 - P15228 - INFO - Após processar URL 5 Uso de memória: 120.42 MB
2025-05-22 02:46:48,200 - P15228 - INFO - Processando URL 6/12: https://www.boaconsulta.com/especialista/darlla-katiela-oliveira-de-souza-610626aba2e00a0ea6001916
2025-05-22 02:46:51,096 - P15228 - INFO - HTML salvo para debug: data\debug_html_v10\e8cc0cf2b087955ee6f6920dbf1a3535.html
2025-05-22 02:46:51,143 - P15228 - INFO - Candidates address: 5 items
2025-05-22 02:46:51,143 - P15228 - INFO - Candidates phone: 0 items
2025-05-22 02:46:51,143 - P15228 - INFO - Candidates email: 0 items
2025-05-22 02:46:51,143 - P15228 - INFO - Candidates complement: 1 items
2025-05-22 02:46:51,143 - P15228 - INFO - Candidates cep: 0 items
2025-05-22 02:46:51,144 - P15228 - INFO - Após processar URL 6 Uso de memória: 123.14 MB
2025-05-22 02:46:51,144 - P15228 - INFO - Processando URL 7/12: https://consultacrm.com.br/
2025-05-22 02:46:54,942 - P15228 - INFO - HTML salvo para debug: data\debug_html_v10\65cadeb91ac3713432c21b535990f440.html
2025-05-22 02:46:54,955 - P15228 - INFO - Candidates address: 0 items
2025-05-22 02:46:54,956 - P15228 - INFO - Candidates phone: 0 items
2025-05-22 02:46:54,956 - P15228 - INFO - Candidates email: 0 items
2025-05-22 02:46:54,957 - P15228 - INFO - Candidates complement: 0 items
2025-05-22 02:46:54,958 - P15228 - INFO - Candidates cep: 0 items
2025-05-22 02:46:54,958 - P15228 - INFO - Após processar URL 7 Uso de memória: 124.84 MB
2025-05-22 02:46:54,959 - P15228 - INFO - Processando URL 8/12: https://www.solutudo.com.br/empresas/sc/joinville/clinicas-de-reabilitacao/darlla-katiela-servicos-medicos-ltda-24673017
2025-05-22 02:47:00,432 - P15228 - INFO - HTML salvo para debug: data\debug_html_v10\ef167e8987bf111e7fb0d23bdf276c99.html
2025-05-22 02:47:00,477 - P15228 - INFO - Candidates address: 1 items
2025-05-22 02:47:00,478 - P15228 - INFO - Candidates phone: 1 items
2025-05-22 02:47:00,481 - P15228 - INFO - Candidates email: 0 items
2025-05-22 02:47:00,481 - P15228 - INFO - Candidates complement: 0 items
2025-05-22 02:47:00,482 - P15228 - INFO - Candidates cep: 1 items
2025-05-22 02:47:00,482 - P15228 - INFO - Após processar URL 8 Uso de memória: 124.97 MB
2025-05-22 02:47:00,483 - P15228 - INFO - Processando URL 9/12: https://www.medicosbrasil.com/profissional/darlla-katiela-oliveira-de-souza-marsaro
2025-05-22 02:47:02,740 - P15228 - INFO - HTML salvo para debug: data\debug_html_v10\4032a7f20d0f250b2a626173f337b023.html
2025-05-22 02:47:02,742 - P15228 - INFO - Candidates address: 0 items
2025-05-22 02:47:02,743 - P15228 - INFO - Candidates phone: 0 items
2025-05-22 02:47:02,743 - P15228 - INFO - Candidates email: 0 items
2025-05-22 02:47:02,743 - P15228 - INFO - Candidates complement: 0 items
2025-05-22 02:47:02,743 - P15228 - INFO - Candidates cep: 0 items
2025-05-22 02:47:02,743 - P15228 - INFO - Após processar URL 9 Uso de memória: 124.97 MB
2025-05-22 02:47:02,743 - P15228 - INFO - Processando URL 10/12: https://cliniguia.com/profissionais/darlla-katiela-oliveira-de-souza-marsaro-702000314025082/
2025-05-22 02:47:08,049 - P15228 - INFO - HTML salvo para debug: data\debug_html_v10\8f915729f16c22949141283d4a210a50.html
2025-05-22 02:47:08,100 - P15228 - INFO - Candidates address: 0 items
2025-05-22 02:47:08,101 - P15228 - INFO - Candidates phone: 0 items
2025-05-22 02:47:08,101 - P15228 - INFO - Candidates email: 0 items
2025-05-22 02:47:08,101 - P15228 - INFO - Candidates complement: 0 items
2025-05-22 02:47:08,101 - P15228 - INFO - Candidates cep: 0 items
2025-05-22 02:47:08,102 - P15228 - INFO - Após processar URL 10 Uso de memória: 126.67 MB
2025-05-22 02:47:08,102 - P15228 - INFO - Processando URL 11/12: https://empresas.serasaexperian.com.br/consulta-gratis/DARLLA-KATIELA-OLIVEIRA-DE-SOUZA-MARSARO-11158822000111
2025-05-22 02:47:11,165 - P15228 - INFO - HTML salvo para debug: data\debug_html_v10\e75c63b33b04f7e066e029984a03cd84.html
2025-05-22 02:47:11,200 - P15228 - INFO - Candidates address: 3 items
2025-05-22 02:47:11,200 - P15228 - INFO - Candidates phone: 0 items
2025-05-22 02:47:11,200 - P15228 - INFO - Candidates email: 0 items
2025-05-22 02:47:11,200 - P15228 - INFO - Candidates complement: 3 items
2025-05-22 02:47:11,200 - P15228 - INFO - Candidates cep: 5 items
2025-05-22 02:47:11,200 - P15228 - INFO - Após processar URL 11 Uso de memória: 126.02 MB
2025-05-22 02:47:11,201 - P15228 - INFO - Processando URL 12/12: https://www.boaconsulta.com/especialista/darlla-katiela-oliveira-de-souza-610626aba2e00a0ea6001916?searchId=clqd0bvgw00025j6m134oneyi&agendaId=64a3a5dd5a7bb80831006a2f
2025-05-22 02:47:14,056 - P15228 - INFO - HTML salvo para debug: data\debug_html_v10\cd7ad8ccb4487b7a3901122e504c06d3.html
2025-05-22 02:47:14,136 - P15228 - INFO - Candidates address: 2 items
2025-05-22 02:47:14,136 - P15228 - INFO - Candidates phone: 0 items
2025-05-22 02:47:14,136 - P15228 - INFO - Candidates email: 0 items
2025-05-22 02:47:14,136 - P15228 - INFO - Candidates complement: 0 items
2025-05-22 02:47:14,137 - P15228 - INFO - Candidates cep: 0 items
2025-05-22 02:47:14,137 - P15228 - INFO - Após processar URL 12 Uso de memória: 127.17 MB
2025-05-22 02:47:14,137 - P15228 - INFO - Iniciando agregação e ranqueamento
2025-05-22 02:47:14,137 - P15228 - INFO - Ranked address: 32 items
2025-05-22 02:47:14,137 - P15228 - INFO - Ranked phone: 1 items
2025-05-22 02:47:14,137 - P15228 - INFO - Ranked email: 1 items
2025-05-22 02:47:14,137 - P15228 - INFO - Ranked complement: 7 items
2025-05-22 02:47:14,137 - P15228 - INFO - Ranked cep: 9 items
2025-05-22 02:47:14,138 - P15228 - INFO - Após agregação Uso de memória: 127.17 MB
2025-05-22 02:47:14,138 - P15228 - INFO - Validando endereço: ['Rua Urussanga, 700', 'Rua Juarez Tavora, 145', 'Rua Placido Olimpio De Oliveira, 676']
2025-05-22 02:47:14,138 - P15228 - INFO - Endereço validado: Rua Urussanga, 700
2025-05-22 02:47:14,138 - P15228 - INFO - Limpando texto extenso para campo address: Rua Urussanga, 700...
2025-05-22 02:47:14,139 - P15228 - INFO - Texto limpo: Rua Urussanga, 700
2025-05-22 02:47:14,139 - P15228 - INFO - Validando telefone: ['(47) 8852-1977']
2025-05-22 02:47:14,139 - P15228 - INFO - Limpando texto extenso para campo phone: (47) 8852-1977...
2025-05-22 02:47:14,139 - P15228 - INFO - Texto limpo: 47) 8852-1977
2025-05-22 02:47:14,139 - P15228 - INFO - Telefone validado: 47) 8852-1977
2025-05-22 02:47:14,139 - P15228 - INFO - Validando email: ['protocolo@crmsc.org.br']
2025-05-22 02:47:14,140 - P15228 - INFO - Limpando texto extenso para campo email: protocolo@crmsc.org.br...
2025-05-22 02:47:14,140 - P15228 - INFO - Texto limpo: protocolo@crmsc.org.br
2025-05-22 02:47:14,140 - P15228 - INFO - Email validado: protocolo@crmsc.org.br
2025-05-22 02:47:14,140 - P15228 - INFO - Validando complemento: ['Sala 1 Bairro: Bucarein Município/UF: Joinville', 'Sala 1 - Bucarein', 'Aptidão à RT Vigilância ']
2025-05-22 02:47:14,140 - P15228 - INFO - Limpando texto extenso para campo complement: Sala 1 Bairro: Bucarein Município/UF: Joinville...
2025-05-22 02:47:14,141 - P15228 - INFO - Texto limpo: Sala 1 Bairro: Bucarein Municí
2025-05-22 02:47:14,142 - P15228 - INFO - Complemento validado: Sala 1 Bairro: Bucarein Municí
2025-05-22 02:47:14,142 - P15228 - INFO - Descobrindo cidade
2025-05-22 02:47:14,142 - P15228 - INFO - Buscando cidade: Rua Urussanga cidade SC
2025-05-22 02:47:16,722 - P15228 - INFO - Cidade encontrada: Urussanga
2025-05-22 02:47:16,722 - P15228 - INFO - Limpando texto extenso para campo city: Urussanga...
2025-05-22 02:47:16,722 - P15228 - INFO - Texto limpo: Urussanga
2025-05-22 02:47:16,722 - P15228 - INFO - Cidade descoberta: Urussanga
2025-05-22 02:47:16,723 - P15228 - INFO - Buscando CEP com sistema de cascata
2025-05-22 02:47:16,723 - P15228 - INFO - Iniciando busca de CEP em cascata para: Rua Urussanga, Urussanga, SC
2025-05-22 02:47:16,723 - P15228 - INFO - Método 1: ViaCEP API
2025-05-22 02:47:16,723 - P15228 - INFO - Buscando no ViaCEP: https://viacep.com.br/ws/SC/urussanga/rua%20urussanga/json/
2025-05-22 02:47:17,394 - P15228 - INFO - Dados encontrados no ViaCEP: {'cep': '88840-000', 'logradouro': '', 'complemento': '', 'unidade': '', 'bairro': '', 'localidade': 'Urussanga', 'uf': 'SC', 'estado': 'Santa Catarina', 'regiao': 'Sul', 'ibge': '4219002', 'gia': '', 'ddd': '48', 'siafi': '8373'}
2025-05-22 02:47:17,397 - P15228 - INFO - CEP encontrado via ViaCEP: 88840-000
2025-05-22 02:47:17,397 - P15228 - INFO - Dados de CEP encontrados: {'cep': '88840-000', 'logradouro': '', 'complemento': '', 'unidade': '', 'bairro': '', 'localidade': 'Urussanga', 'uf': 'SC', 'estado': 'Santa Catarina', 'regiao': 'Sul', 'ibge': '4219002', 'gia': '', 'ddd': '48', 'siafi': '8373'}
2025-05-22 02:47:17,397 - P15228 - INFO - Limpando texto extenso para campo city: Urussanga...
2025-05-22 02:47:17,398 - P15228 - INFO - Texto limpo: Urussanga
2025-05-22 02:47:17,398 - P15228 - INFO - Limpando texto extenso para campo state: SC...
2025-05-22 02:47:17,398 - P15228 - INFO - Texto limpo: SC
2025-05-22 02:47:17,398 - P15228 - INFO - Tempo de execução de processamento completo do médico: 52.86 segundos
2025-05-22 02:47:17,399 - P15228 - INFO - Resultado processado: {'Hash': '41a045138519da597000ec7b248acbf39dbbae4e324d683cbaaf57c4d799ae5e', 'CRM': '20100', 'UF': 'SC', 'Firstname': 'DARLLA', 'LastName': 'KATIELA OLIVEIRA DE SOUZA', 'Medical specialty': '', 'Endereco Completo A1': 'Rua Urussanga, 700', 'Address A1': 'Rua Urussanga', 'Numero A1': '700', 'Complement A1': 'Sala 1 Bairro: Bucarein Municí', 'Bairro A1': '', 'postal code A1': '88840-000', 'City A1': 'Urussanga', 'State A1': 'SC', 'Phone A1': '47) 8852-1977', 'Phone A2': '', 'Cell phone A1': '', 'Cell phone A2': '', 'E-mail A1': 'protocolo@crmsc.org.br', 'E-mail A2': '', 'OPT-IN': '', 'STATUS': '', 'LOTE': ''}
2025-05-22 02:47:17,399 - P15228 - INFO - Salvando lote de resultados
2025-05-22 02:47:17,400 - P15228 - INFO - Após salvar resultados Uso de memória: 123.72 MB
2025-05-22 02:47:17,400 - P15228 - INFO - Progresso: 34.0%
2025-05-22 02:47:17,400 - P15228 - INFO - Tempo de execução de processamento do médico 3: 52.86 segundos
2025-05-22 02:47:17,400 - P15228 - INFO - Tempo de execução de processamento do lote completo: 240.61 segundos
