2025-05-22 04:08:55,834 - P15228 - INFO - 
==================================================
Processando médico 1/3
2025-05-22 04:08:55,834 - P15228 - INFO - Nome: JOÃO DANIEL CARNEIRO FRANÇA
2025-05-22 04:08:55,834 - P15228 - INFO - Reiniciando driver do Chrome
2025-05-22 04:08:57,101 - P15228 - INFO - Após reiniciar driver Uso de memória: 122.05 MB
2025-05-22 04:08:57,102 - P15228 - INFO - Início do processamento Uso de memória: 122.05 MB
2025-05-22 04:08:57,102 - P15228 - INFO - Iniciando busca para: JOÃO DANIEL CARNEIRO FRANÇA CRM 24778 PR telefone e-mail endereço
2025-05-22 04:08:57,914 - P15228 - INFO - SearX results: 15 URLs
2025-05-22 04:08:57,914 - P15228 - INFO - Após SearX Uso de memória: 122.05 MB
2025-05-22 04:09:00,516 - P15228 - INFO - Google results: 10 URLs
2025-05-22 04:09:00,522 - P15228 - INFO - Após Google Uso de memória: 122.05 MB
2025-05-22 04:09:03,406 - P15228 - INFO - Bing results: 15 URLs
2025-05-22 04:09:03,406 - P15228 - INFO - Após Bing Uso de memória: 123.17 MB
2025-05-22 04:09:03,406 - P15228 - INFO - Total de URLs únicas: 28
2025-05-22 04:09:03,406 - P15228 - INFO - Processando URL 1/28: https://www.doctoralia.com.br/pneumologista/curitiba/merces
2025-05-22 04:09:03,406 - P15228 - INFO - Ignorando URL de arquivo não-HTML: https://www.doctoralia.com.br/pneumologista/curitiba/merces
2025-05-22 04:09:03,407 - P15228 - INFO - Após processar URL 1 Uso de memória: 123.17 MB
2025-05-22 04:09:03,407 - P15228 - INFO - Processando URL 2/28: https://www.doctoralia.com.br/joao-daniel-carneiro-franca/pneumologista/curitiba
2025-05-22 04:09:03,407 - P15228 - INFO - Ignorando URL de arquivo não-HTML: https://www.doctoralia.com.br/joao-daniel-carneiro-franca/pneumologista/curitiba
2025-05-22 04:09:03,407 - P15228 - INFO - Após processar URL 2 Uso de memória: 123.17 MB
2025-05-22 04:09:03,407 - P15228 - INFO - Processando URL 3/28: https://www.catalogo.med.br/doutor/joao-daniel-carneiro-franca-2302034.htm
2025-05-22 04:09:05,583 - P15228 - INFO - HTML salvo para debug: data\debug_html_v10\96f2fd5c68a302e5841a8fb62bdfa7ee.html
2025-05-22 04:09:05,584 - P15228 - INFO - Candidates address: 0 items
2025-05-22 04:09:05,584 - P15228 - INFO - Candidates phone: 0 items
2025-05-22 04:09:05,585 - P15228 - INFO - Candidates email: 0 items
2025-05-22 04:09:05,585 - P15228 - INFO - Candidates complement: 0 items
2025-05-22 04:09:05,585 - P15228 - INFO - Candidates cep: 0 items
2025-05-22 04:09:05,585 - P15228 - INFO - Após processar URL 3 Uso de memória: 123.17 MB
2025-05-22 04:09:05,585 - P15228 - INFO - Processando URL 4/28: https://www.escavador.com/sobre/3423130/joao-daniel-carneiro-franca
2025-05-22 04:09:08,086 - P15228 - INFO - HTML salvo para debug: data\debug_html_v10\8e686db353f94f3c14a51b1fc52b3f9f.html
2025-05-22 04:09:08,103 - P15228 - INFO - Candidates address: 0 items
2025-05-22 04:09:08,103 - P15228 - INFO - Candidates phone: 0 items
2025-05-22 04:09:08,103 - P15228 - INFO - Candidates email: 0 items
2025-05-22 04:09:08,103 - P15228 - INFO - Candidates complement: 0 items
2025-05-22 04:09:08,103 - P15228 - INFO - Candidates cep: 0 items
2025-05-22 04:09:08,104 - P15228 - INFO - Após processar URL 4 Uso de memória: 123.19 MB
2025-05-22 04:09:08,104 - P15228 - INFO - Processando URL 5/28: https://www.doctoralia.com.br/pneumologista/curitiba/amil
2025-05-22 04:09:08,105 - P15228 - INFO - Ignorando URL de arquivo não-HTML: https://www.doctoralia.com.br/pneumologista/curitiba/amil
2025-05-22 04:09:08,105 - P15228 - INFO - Após processar URL 5 Uso de memória: 123.19 MB
2025-05-22 04:09:08,105 - P15228 - INFO - Processando URL 6/28: https://www.acessomedico.com.br/anunciopessoa/15663/info/joao-daniel-carneiro-franca-curitiba.html
2025-05-22 04:09:11,601 - P15228 - INFO - HTML salvo para debug: data\debug_html_v10\8a6a7550a7e76eda3a1ee96596fea94a.html
2025-05-22 04:09:11,664 - P15228 - INFO - Candidates address: 0 items
2025-05-22 04:09:11,664 - P15228 - INFO - Candidates phone: 0 items
2025-05-22 04:09:11,664 - P15228 - INFO - Candidates email: 0 items
2025-05-22 04:09:11,664 - P15228 - INFO - Candidates complement: 0 items
2025-05-22 04:09:11,665 - P15228 - INFO - Candidates cep: 0 items
2025-05-22 04:09:11,665 - P15228 - INFO - Após processar URL 6 Uso de memória: 123.19 MB
2025-05-22 04:09:11,665 - P15228 - INFO - Processando URL 7/28: https://www.acessomedico.com.br/anuncioPessoa/15663/info/joao-daniel-carneiro-franca.html
2025-05-22 04:09:14,205 - P15228 - INFO - HTML salvo para debug: data\debug_html_v10\9a1a34995e2450806130e35bbb4d0170.html
2025-05-22 04:09:14,280 - P15228 - INFO - Candidates address: 0 items
2025-05-22 04:09:14,285 - P15228 - INFO - Candidates phone: 0 items
2025-05-22 04:09:14,291 - P15228 - INFO - Candidates email: 0 items
2025-05-22 04:09:14,300 - P15228 - INFO - Candidates complement: 0 items
2025-05-22 04:09:14,302 - P15228 - INFO - Candidates cep: 0 items
2025-05-22 04:09:14,304 - P15228 - INFO - Após processar URL 7 Uso de memória: 123.19 MB
2025-05-22 04:09:14,304 - P15228 - INFO - Processando URL 8/28: https://diariooficial.guarulhos.sp.gov.br/uploads/pdf/428916886.pdf
2025-05-22 04:09:14,305 - P15228 - INFO - Ignorando URL de arquivo não-HTML: https://diariooficial.guarulhos.sp.gov.br/uploads/pdf/428916886.pdf
2025-05-22 04:09:14,307 - P15228 - INFO - Após processar URL 8 Uso de memória: 123.19 MB
2025-05-22 04:09:14,307 - P15228 - INFO - Processando URL 9/28: https://osasco.sp.gov.br/site/wp-content/uploads/2022/02/iomo546.pdf
2025-05-22 04:09:14,308 - P15228 - INFO - Ignorando URL de arquivo não-HTML: https://osasco.sp.gov.br/site/wp-content/uploads/2022/02/iomo546.pdf
2025-05-22 04:09:14,312 - P15228 - INFO - Após processar URL 9 Uso de memória: 123.19 MB
2025-05-22 04:09:14,313 - P15228 - INFO - Processando URL 10/28: https://www.doctoralia.com.br/pneumologista/curitiba/cassi
2025-05-22 04:09:14,317 - P15228 - INFO - Ignorando URL de arquivo não-HTML: https://www.doctoralia.com.br/pneumologista/curitiba/cassi
2025-05-22 04:09:14,318 - P15228 - INFO - Após processar URL 10 Uso de memória: 123.19 MB
2025-05-22 04:09:14,318 - P15228 - INFO - Processando URL 11/28: https://www.doctoralia.com.br/pneumologista/curitiba/centro30
2025-05-22 04:09:14,318 - P15228 - INFO - Ignorando URL de arquivo não-HTML: https://www.doctoralia.com.br/pneumologista/curitiba/centro30
2025-05-22 04:09:14,319 - P15228 - INFO - Após processar URL 11 Uso de memória: 123.19 MB
2025-05-22 04:09:14,319 - P15228 - INFO - Processando URL 12/28: https://www.helpsaude.com/Joao-Daniel-Carneiro-Franca.PR
2025-05-22 04:09:21,325 - P15228 - INFO - HTML salvo para debug: data\debug_html_v10\4f67f5d86ebc22af6fe6bade651d37a4.html
2025-05-22 04:09:21,340 - P15228 - INFO - Candidates address: 2 items
2025-05-22 04:09:21,340 - P15228 - INFO - Candidates phone: 0 items
2025-05-22 04:09:21,341 - P15228 - INFO - Candidates email: 0 items
2025-05-22 04:09:21,341 - P15228 - INFO - Candidates complement: 0 items
2025-05-22 04:09:21,341 - P15228 - INFO - Candidates cep: 1 items
2025-05-22 04:09:21,341 - P15228 - INFO - Após processar URL 12 Uso de memória: 123.19 MB
2025-05-22 04:09:21,341 - P15228 - INFO - Processando URL 13/28: https://sbpt.org.br/portal/associados-com-certificacao-em-espirometria/
2025-05-22 04:09:25,990 - P15228 - INFO - HTML salvo para debug: data\debug_html_v10\4362ad2010b8d4ba7cb486115ad90c12.html
2025-05-22 04:09:26,103 - P15228 - INFO - Candidates address: 0 items
2025-05-22 04:09:26,103 - P15228 - INFO - Candidates phone: 0 items
2025-05-22 04:09:26,103 - P15228 - INFO - Candidates email: 1 items
2025-05-22 04:09:26,104 - P15228 - INFO - Candidates complement: 1 items
2025-05-22 04:09:26,104 - P15228 - INFO - Candidates cep: 27 items
2025-05-22 04:09:26,104 - P15228 - INFO - Após processar URL 13 Uso de memória: 123.20 MB
2025-05-22 04:09:26,104 - P15228 - INFO - Processando URL 14/28: https://www.doctoralia.com.br/pneumologista/curitiba?page=3
2025-05-22 04:09:26,104 - P15228 - INFO - Ignorando URL de arquivo não-HTML: https://www.doctoralia.com.br/pneumologista/curitiba?page=3
2025-05-22 04:09:26,104 - P15228 - INFO - Após processar URL 14 Uso de memória: 123.20 MB
2025-05-22 04:09:26,105 - P15228 - INFO - Processando URL 15/28: https://hnsg.org.br/medico/joao-daniel-carneiro-franca/
2025-05-22 04:09:30,158 - P15228 - INFO - HTML salvo para debug: data\debug_html_v10\63fbc9da97f51599b31eb3004df1d2d0.html
2025-05-22 04:09:30,186 - P15228 - INFO - Candidates address: 0 items
2025-05-22 04:09:30,186 - P15228 - INFO - Candidates phone: 2 items
2025-05-22 04:09:30,188 - P15228 - INFO - Candidates email: 1 items
2025-05-22 04:09:30,188 - P15228 - INFO - Candidates complement: 1 items
2025-05-22 04:09:30,188 - P15228 - INFO - Candidates cep: 0 items
2025-05-22 04:09:30,189 - P15228 - INFO - Após processar URL 15 Uso de memória: 123.20 MB
2025-05-22 04:09:30,189 - P15228 - INFO - Processando URL 16/28: https://www.boaconsulta.com/especialista/joao-daniel-carneiro-franca-5f2c7df2aa410f6161001a27
2025-05-22 04:09:33,489 - P15228 - INFO - HTML salvo para debug: data\debug_html_v10\639ed8cbd934cd094d28218e531246d1.html
2025-05-22 04:09:33,538 - P15228 - INFO - Candidates address: 2 items
2025-05-22 04:09:33,538 - P15228 - INFO - Candidates phone: 0 items
2025-05-22 04:09:33,538 - P15228 - INFO - Candidates email: 0 items
2025-05-22 04:09:33,538 - P15228 - INFO - Candidates complement: 0 items
2025-05-22 04:09:33,539 - P15228 - INFO - Candidates cep: 0 items
2025-05-22 04:09:33,539 - P15228 - INFO - Após processar URL 16 Uso de memória: 123.20 MB
2025-05-22 04:09:33,540 - P15228 - INFO - Processando URL 17/28: https://clinica.work/especialista/joao-daniel-carneiro-franca-pneumologista-curitiba-pr
2025-05-22 04:09:37,500 - P15228 - INFO - HTML salvo para debug: data\debug_html_v10\0eb0717531dc0a2b9cc19bfd89efcccf.html
2025-05-22 04:09:37,518 - P15228 - INFO - Candidates address: 1 items
2025-05-22 04:09:37,519 - P15228 - INFO - Candidates phone: 0 items
2025-05-22 04:09:37,519 - P15228 - INFO - Candidates email: 0 items
2025-05-22 04:09:37,519 - P15228 - INFO - Candidates complement: 0 items
2025-05-22 04:09:37,519 - P15228 - INFO - Candidates cep: 2 items
2025-05-22 04:09:37,519 - P15228 - INFO - Após processar URL 17 Uso de memória: 123.20 MB
2025-05-22 04:09:37,519 - P15228 - INFO - Processando URL 18/28: https://www.consultacrm.com.br/index/medicos/uid-97146327-f5c5-11ec-9e74-0a4aa568c625/jo__o_daniel_carneiro_fran__a
2025-05-22 04:09:40,171 - P15228 - INFO - HTML salvo para debug: data\debug_html_v10\6a86e92609744dc58ca34c55bd2cd7c9.html
2025-05-22 04:09:40,182 - P15228 - INFO - Candidates address: 0 items
2025-05-22 04:09:40,182 - P15228 - INFO - Candidates phone: 0 items
2025-05-22 04:09:40,183 - P15228 - INFO - Candidates email: 0 items
2025-05-22 04:09:40,183 - P15228 - INFO - Candidates complement: 0 items
2025-05-22 04:09:40,183 - P15228 - INFO - Candidates cep: 1 items
2025-05-22 04:09:40,184 - P15228 - INFO - Após processar URL 18 Uso de memória: 123.51 MB
2025-05-22 04:09:40,185 - P15228 - INFO - Processando URL 19/28: https://www.entrei.net/empresa/dr-joao-daniel-carneiro-franca/4378383.html
2025-05-22 04:09:42,439 - P15228 - INFO - HTML salvo para debug: data\debug_html_v10\12fe76a796ef0356bd89e907bd0e641d.html
2025-05-22 04:09:42,462 - P15228 - INFO - Candidates address: 0 items
2025-05-22 04:09:42,463 - P15228 - INFO - Candidates phone: 2 items
2025-05-22 04:09:42,463 - P15228 - INFO - Candidates email: 0 items
2025-05-22 04:09:42,463 - P15228 - INFO - Candidates complement: 0 items
2025-05-22 04:09:42,463 - P15228 - INFO - Candidates cep: 1 items
2025-05-22 04:09:42,463 - P15228 - INFO - Após processar URL 19 Uso de memória: 123.52 MB
2025-05-22 04:09:42,464 - P15228 - INFO - Processando URL 20/28: https://conectadoc.com.br/pulmonar/especialista/crm-24778-PR/joao-daniel-carneiro-franca
2025-05-22 04:09:45,401 - P15228 - INFO - HTML salvo para debug: data\debug_html_v10\43e1b3959c2e4a8f01c77987782c7178.html
2025-05-22 04:09:45,417 - P15228 - INFO - Candidates address: 0 items
2025-05-22 04:09:45,417 - P15228 - INFO - Candidates phone: 0 items
2025-05-22 04:09:45,417 - P15228 - INFO - Candidates email: 0 items
2025-05-22 04:09:45,418 - P15228 - INFO - Candidates complement: 0 items
2025-05-22 04:09:45,418 - P15228 - INFO - Candidates cep: 1 items
2025-05-22 04:09:45,418 - P15228 - INFO - Após processar URL 20 Uso de memória: 123.52 MB
2025-05-22 04:09:45,418 - P15228 - INFO - Processando URL 21/28: https://www.planodesaudesp.net/perfil/joao_daniel_carneiro_franca--1518463
2025-05-22 04:09:51,086 - P15228 - INFO - HTML salvo para debug: data\debug_html_v10\1d8eeedbc663bf09dc7900c4ad428a64.html
2025-05-22 04:09:51,102 - P15228 - INFO - Candidates address: 4 items
2025-05-22 04:09:51,102 - P15228 - INFO - Candidates phone: 0 items
2025-05-22 04:09:51,102 - P15228 - INFO - Candidates email: 0 items
2025-05-22 04:09:51,102 - P15228 - INFO - Candidates complement: 0 items
2025-05-22 04:09:51,102 - P15228 - INFO - Candidates cep: 3 items
2025-05-22 04:09:51,103 - P15228 - INFO - Após processar URL 21 Uso de memória: 123.52 MB
2025-05-22 04:09:51,103 - P15228 - INFO - Processando URL 22/28: https://conectadoc.com.br/pulmonar/
2025-05-22 04:09:58,958 - P15228 - INFO - HTML salvo para debug: data\debug_html_v10\d79f1e18cb5a5ac65e74e4cc713ddc6d.html
2025-05-22 04:09:58,961 - P15228 - INFO - Candidates address: 0 items
2025-05-22 04:09:58,961 - P15228 - INFO - Candidates phone: 0 items
2025-05-22 04:09:58,962 - P15228 - INFO - Candidates email: 0 items
2025-05-22 04:09:58,963 - P15228 - INFO - Candidates complement: 0 items
2025-05-22 04:09:58,963 - P15228 - INFO - Candidates cep: 0 items
2025-05-22 04:09:58,966 - P15228 - INFO - Após processar URL 22 Uso de memória: 123.52 MB
2025-05-22 04:09:58,966 - P15228 - INFO - Processando URL 23/28: https://www.saobernardo.sp.gov.br/documents/10181/46759/NM+1181+21_04_2003.pdf/08d177f1-662d-4f74-a1c1-8cb2bd0dd1ea
2025-05-22 04:09:58,966 - P15228 - INFO - Ignorando URL de arquivo não-HTML: https://www.saobernardo.sp.gov.br/documents/10181/46759/NM+1181+21_04_2003.pdf/08d177f1-662d-4f74-a1c1-8cb2bd0dd1ea
2025-05-22 04:09:58,967 - P15228 - INFO - Após processar URL 23 Uso de memória: 123.52 MB
2025-05-22 04:09:58,967 - P15228 - INFO - Processando URL 24/28: https://sbpt.org.br/portal/author/paulo/page/36/
2025-05-22 04:10:01,505 - P15228 - INFO - HTML salvo para debug: data\debug_html_v10\015715362ea08b763437f642eedd2700.html
2025-05-22 04:10:01,705 - P15228 - INFO - Candidates address: 0 items
2025-05-22 04:10:01,708 - P15228 - INFO - Candidates phone: 0 items
2025-05-22 04:10:01,721 - P15228 - INFO - Candidates email: 10 items
2025-05-22 04:10:01,722 - P15228 - INFO - Candidates complement: 1 items
2025-05-22 04:10:01,723 - P15228 - INFO - Candidates cep: 27 items
2025-05-22 04:10:01,723 - P15228 - INFO - Após processar URL 24 Uso de memória: 123.52 MB
2025-05-22 04:10:01,724 - P15228 - INFO - Processando URL 25/28: https://www.doctoralia.com.br/pneumologista/curitiba/bradesco-saude
2025-05-22 04:10:01,724 - P15228 - INFO - Ignorando URL de arquivo não-HTML: https://www.doctoralia.com.br/pneumologista/curitiba/bradesco-saude
2025-05-22 04:10:01,724 - P15228 - INFO - Após processar URL 25 Uso de memória: 123.52 MB
2025-05-22 04:10:01,724 - P15228 - INFO - Processando URL 26/28: https://www.doctoralia.com.br/pneumologista/curitiba/unimed
2025-05-22 04:10:01,725 - P15228 - INFO - Ignorando URL de arquivo não-HTML: https://www.doctoralia.com.br/pneumologista/curitiba/unimed
2025-05-22 04:10:01,725 - P15228 - INFO - Após processar URL 26 Uso de memória: 123.52 MB
2025-05-22 04:10:01,725 - P15228 - INFO - Processando URL 27/28: https://listamedicos.com/medico/joao-daniel-carneiro-franca
2025-05-22 04:10:04,935 - P15228 - INFO - HTML salvo para debug: data\debug_html_v10\e546d4603cae367b67668ad5d13cc9c4.html
2025-05-22 04:10:04,941 - P15228 - INFO - Candidates address: 0 items
2025-05-22 04:10:04,941 - P15228 - INFO - Candidates phone: 0 items
2025-05-22 04:10:04,942 - P15228 - INFO - Candidates email: 0 items
2025-05-22 04:10:04,942 - P15228 - INFO - Candidates complement: 0 items
2025-05-22 04:10:04,942 - P15228 - INFO - Candidates cep: 2 items
2025-05-22 04:10:04,943 - P15228 - INFO - Após processar URL 27 Uso de memória: 123.52 MB
2025-05-22 04:10:04,943 - P15228 - INFO - Processando URL 28/28: https://www.pulmonarcuritiba.com.br/especialidades_post/pneumologia/
2025-05-22 04:10:13,336 - P15228 - INFO - HTML salvo para debug: data\debug_html_v10\ee5b6fb7c10f806db28de7f52afef481.html
2025-05-22 04:10:13,368 - P15228 - INFO - Candidates address: 0 items
2025-05-22 04:10:13,369 - P15228 - INFO - Candidates phone: 3 items
2025-05-22 04:10:13,369 - P15228 - INFO - Candidates email: 0 items
2025-05-22 04:10:13,371 - P15228 - INFO - Candidates complement: 0 items
2025-05-22 04:10:13,372 - P15228 - INFO - Candidates cep: 2 items
2025-05-22 04:10:13,372 - P15228 - INFO - Após processar URL 28 Uso de memória: 123.53 MB
2025-05-22 04:10:13,372 - P15228 - INFO - Iniciando agregação e ranqueamento
2025-05-22 04:10:13,373 - P15228 - INFO - Ranked address: 8 items
2025-05-22 04:10:13,373 - P15228 - INFO - Ranked phone: 7 items
2025-05-22 04:10:13,374 - P15228 - INFO - Ranked email: 11 items
2025-05-22 04:10:13,374 - P15228 - INFO - Ranked complement: 2 items
2025-05-22 04:10:13,375 - P15228 - INFO - Ranked cep: 36 items
2025-05-22 04:10:13,375 - P15228 - INFO - Após agregação Uso de memória: 123.53 MB
2025-05-22 04:10:13,375 - P15228 - INFO - Validando endereço: ['Rua Alcides Munhoz, 433', 'Rua Alcides Munhoz , 433', 'Avenida Presidente Affonso Camargo , 1399']
2025-05-22 04:10:13,376 - P15228 - INFO - Endereço validado: Rua Alcides Munhoz, 433
2025-05-22 04:10:13,376 - P15228 - INFO - Limpando texto extenso para campo address: Rua Alcides Munhoz, 433...
2025-05-22 04:10:13,376 - P15228 - INFO - Texto limpo: Rua Alcides Munhoz, 433
2025-05-22 04:10:13,376 - P15228 - INFO - Validando telefone: ['(41) 3240-6060', '554132406060', '(41) 3087-7600']
2025-05-22 04:10:13,376 - P15228 - INFO - Limpando texto extenso para campo phone: (41) 3240-6060...
2025-05-22 04:10:13,376 - P15228 - INFO - Texto limpo: 41) 3240-6060
2025-05-22 04:10:13,377 - P15228 - INFO - Telefone validado: 41) 3240-6060
2025-05-22 04:10:13,377 - P15228 - INFO - Validando email: ['sbpt@sbpt.org.br', 'secretaria.geral@hnsg.org.br', 'angel.ehaf@hotmail.com']
2025-05-22 04:10:13,377 - P15228 - INFO - Limpando texto extenso para campo email: sbpt@sbpt.org.br...
2025-05-22 04:10:13,377 - P15228 - INFO - Texto limpo: sbpt@sbpt.org.br
2025-05-22 04:10:13,377 - P15228 - INFO - Email validado: sbpt@sbpt.org.br
2025-05-22 04:10:13,377 - P15228 - INFO - Validando complemento: ['Bloco K - Sala 203 - Ed. Denasa - Brasília - DF - 70398', 'Bloco Operatório Centro Obstétrico Unidade de Transplan']
2025-05-22 04:10:13,377 - P15228 - INFO - Limpando texto extenso para campo complement: Bloco K - Sala 203 - Ed. Denasa - Brasília - DF - ...
2025-05-22 04:10:13,378 - P15228 - INFO - Texto limpo: Bloco K - Sala 203 - Ed. Denas
2025-05-22 04:10:13,379 - P15228 - INFO - Complemento validado: Bloco K - Sala 203 - Ed. Denas
2025-05-22 04:10:13,381 - P15228 - INFO - Descobrindo cidade
2025-05-22 04:10:13,382 - P15228 - INFO - Buscando cidade: Rua Alcides Munhoz cidade PR
2025-05-22 04:10:16,512 - P15228 - WARNING - Cidade não encontrada
2025-05-22 04:10:16,514 - P15228 - INFO - Cidade descoberta: 
2025-05-22 04:10:16,516 - P15228 - INFO - Tempo de execução de processamento completo do médico: 79.41 segundos
2025-05-22 04:10:16,517 - P15228 - INFO - Resultado processado: {'Hash': 'f37cc3a65d35568de1f9c6809fcf7950e92939e90a09feb46ab930fd0191f634', 'CRM': '24778', 'UF': 'PR', 'Firstname': 'JOÃO', 'LastName': 'DANIEL CARNEIRO FRANÇA', 'Medical specialty': '', 'Endereco Completo A1': 'Rua Alcides Munhoz, 433', 'Address A1': 'Rua Alcides Munhoz', 'Numero A1': '433', 'Complement A1': 'Bloco K - Sala 203 - Ed. Denas', 'Bairro A1': '', 'postal code A1': '', 'City A1': '', 'State A1': '', 'Phone A1': '41) 3240-6060', 'Phone A2': '', 'Cell phone A1': '', 'Cell phone A2': '', 'E-mail A1': 'sbpt@sbpt.org.br', 'E-mail A2': '', 'OPT-IN': '', 'STATUS': '', 'LOTE': ''}
2025-05-22 04:10:16,520 - P15228 - INFO - Progresso: 63.0%
2025-05-22 04:10:16,521 - P15228 - INFO - Executando coleta de lixo
2025-05-22 04:10:16,657 - P15228 - INFO - Após coleta de lixo Uso de memória: 114.14 MB
2025-05-22 04:10:16,658 - P15228 - INFO - Tempo de execução de processamento do médico 1: 80.82 segundos
2025-05-22 04:10:16,658 - P15228 - INFO - 
==================================================
Processando médico 2/3
2025-05-22 04:10:16,658 - P15228 - INFO - Nome: HERNANDO ALVES PEREIRA
2025-05-22 04:10:16,658 - P15228 - INFO - Início do processamento Uso de memória: 114.14 MB
2025-05-22 04:10:16,659 - P15228 - INFO - Iniciando busca para: HERNANDO ALVES PEREIRA CRM 25370 PR telefone e-mail endereço
2025-05-22 04:10:17,480 - P15228 - INFO - SearX results: 15 URLs
2025-05-22 04:10:17,487 - P15228 - INFO - Após SearX Uso de memória: 114.14 MB
2025-05-22 04:10:20,021 - P15228 - INFO - Google results: 10 URLs
2025-05-22 04:10:20,022 - P15228 - INFO - Após Google Uso de memória: 117.62 MB
2025-05-22 04:10:22,462 - P15228 - INFO - Bing results: 10 URLs
2025-05-22 04:10:22,462 - P15228 - INFO - Após Bing Uso de memória: 120.41 MB
2025-05-22 04:10:22,462 - P15228 - INFO - Total de URLs únicas: 24
2025-05-22 04:10:22,462 - P15228 - INFO - Processando URL 1/24: https://www.boaconsulta.com/especialista/hernando-alves-pereira-6105777440ebb50278000c0b
2025-05-22 04:10:24,638 - P15228 - INFO - HTML salvo para debug: data\debug_html_v10\f46e2d313c0f8501cb4c0e2f7e77917a.html
2025-05-22 04:10:24,710 - P15228 - INFO - Candidates address: 1 items
2025-05-22 04:10:24,714 - P15228 - INFO - Candidates phone: 0 items
2025-05-22 04:10:24,718 - P15228 - INFO - Candidates email: 0 items
2025-05-22 04:10:24,718 - P15228 - INFO - Candidates complement: 0 items
2025-05-22 04:10:24,718 - P15228 - INFO - Candidates cep: 0 items
2025-05-22 04:10:24,719 - P15228 - INFO - Após processar URL 1 Uso de memória: 120.93 MB
2025-05-22 04:10:24,719 - P15228 - INFO - Processando URL 2/24: https://www.consultacrm.com.br/index/medicos/uid-81ee1afc-f5c5-11ec-9e74-0a4aa568c625/hernando_alves_pereira
2025-05-22 04:10:28,649 - P15228 - INFO - HTML salvo para debug: data\debug_html_v10\cdb93bb8036fbef34e9b7b80847923b8.html
2025-05-22 04:10:28,659 - P15228 - INFO - Candidates address: 0 items
2025-05-22 04:10:28,661 - P15228 - INFO - Candidates phone: 0 items
2025-05-22 04:10:28,664 - P15228 - INFO - Candidates email: 0 items
2025-05-22 04:10:28,667 - P15228 - INFO - Candidates complement: 0 items
2025-05-22 04:10:28,670 - P15228 - INFO - Candidates cep: 0 items
2025-05-22 04:10:28,671 - P15228 - INFO - Após processar URL 2 Uso de memória: 121.31 MB
2025-05-22 04:10:28,671 - P15228 - INFO - Processando URL 3/24: https://www.escavador.com/sobre/6129606/hernando-alves-pereira
2025-05-22 04:10:32,536 - P15228 - INFO - HTML salvo para debug: data\debug_html_v10\6818fc11164c608e217abd0d40e2d277.html
2025-05-22 04:10:32,551 - P15228 - INFO - Candidates address: 0 items
2025-05-22 04:10:32,552 - P15228 - INFO - Candidates phone: 0 items
2025-05-22 04:10:32,552 - P15228 - INFO - Candidates email: 0 items
2025-05-22 04:10:32,552 - P15228 - INFO - Candidates complement: 0 items
2025-05-22 04:10:32,552 - P15228 - INFO - Candidates cep: 0 items
2025-05-22 04:10:32,552 - P15228 - INFO - Após processar URL 3 Uso de memória: 121.45 MB
2025-05-22 04:10:32,553 - P15228 - INFO - Processando URL 4/24: https://portal.cfm.org.br/busca-medicos
2025-05-22 04:10:36,405 - P15228 - INFO - HTML salvo para debug: data\debug_html_v10\e28ae84aaa177d1328f3a0d1fb68449f.html
2025-05-22 04:10:36,441 - P15228 - INFO - Candidates address: 0 items
2025-05-22 04:10:36,441 - P15228 - INFO - Candidates phone: 0 items
2025-05-22 04:10:36,441 - P15228 - INFO - Candidates email: 1 items
2025-05-22 04:10:36,441 - P15228 - INFO - Candidates complement: 1 items
2025-05-22 04:10:36,441 - P15228 - INFO - Candidates cep: 1 items
2025-05-22 04:10:36,441 - P15228 - INFO - Após processar URL 4 Uso de memória: 121.62 MB
2025-05-22 04:10:36,442 - P15228 - INFO - Processando URL 5/24: https://sistemadje.tjmt.jus.br/publicacoes/10632-2019%20C3%20Comarcas%20-%20Terceira%20Entr%C3%A2ncia.pdf
2025-05-22 04:10:36,442 - P15228 - INFO - Ignorando URL de arquivo não-HTML: https://sistemadje.tjmt.jus.br/publicacoes/10632-2019%20C3%20Comarcas%20-%20Terceira%20Entr%C3%A2ncia.pdf
2025-05-22 04:10:36,442 - P15228 - INFO - Após processar URL 5 Uso de memória: 121.62 MB
2025-05-22 04:10:36,442 - P15228 - INFO - Processando URL 6/24: https://cnpj.biz/75060129000194
2025-05-22 04:10:39,632 - P15228 - INFO - HTML salvo para debug: data\debug_html_v10\947637946da1b44d28c9699256837fa9.html
2025-05-22 04:10:39,663 - P15228 - INFO - Candidates address: 2 items
2025-05-22 04:10:39,664 - P15228 - INFO - Candidates phone: 2 items
2025-05-22 04:10:39,664 - P15228 - INFO - Candidates email: 0 items
2025-05-22 04:10:39,665 - P15228 - INFO - Candidates complement: 0 items
2025-05-22 04:10:39,665 - P15228 - INFO - Candidates cep: 2 items
2025-05-22 04:10:39,665 - P15228 - INFO - Após processar URL 6 Uso de memória: 121.98 MB
2025-05-22 04:10:39,665 - P15228 - INFO - Processando URL 7/24: https://conectadoc.com.br/especialista/crm-25370-PR/hernando-alves-pereira?crm=crm-25370-PR&link=hernando-alves-pereira
2025-05-22 04:10:42,796 - P15228 - INFO - HTML salvo para debug: data\debug_html_v10\26c1698fcad92db5a11a717c4d2c3a8f.html
2025-05-22 04:10:42,817 - P15228 - INFO - Candidates address: 0 items
2025-05-22 04:10:42,818 - P15228 - INFO - Candidates phone: 0 items
2025-05-22 04:10:42,819 - P15228 - INFO - Candidates email: 0 items
2025-05-22 04:10:42,819 - P15228 - INFO - Candidates complement: 0 items
2025-05-22 04:10:42,819 - P15228 - INFO - Candidates cep: 0 items
2025-05-22 04:10:42,820 - P15228 - INFO - Após processar URL 7 Uso de memória: 122.03 MB
2025-05-22 04:10:42,820 - P15228 - INFO - Processando URL 8/24: https://noticias.sorocaba.sp.gov.br/wp-content/uploads/2023/10/noticias.sorocaba.sp.gov.br-3339-25-de-outubro-de-2023.pdf
2025-05-22 04:10:42,820 - P15228 - INFO - Ignorando URL de arquivo não-HTML: https://noticias.sorocaba.sp.gov.br/wp-content/uploads/2023/10/noticias.sorocaba.sp.gov.br-3339-25-de-outubro-de-2023.pdf
2025-05-22 04:10:42,820 - P15228 - INFO - Após processar URL 8 Uso de memória: 122.03 MB
2025-05-22 04:10:42,820 - P15228 - INFO - Processando URL 9/24: https://www.crmpr.org.br/
2025-05-22 04:10:45,868 - P15228 - INFO - HTML salvo para debug: data\debug_html_v10\4e800dc31afe30c6d44b5b063ac5fe67.html
2025-05-22 04:10:45,908 - P15228 - INFO - Candidates address: 1 items
2025-05-22 04:10:45,909 - P15228 - INFO - Candidates phone: 1 items
2025-05-22 04:10:45,910 - P15228 - INFO - Candidates email: 1 items
2025-05-22 04:10:45,910 - P15228 - INFO - Candidates complement: 0 items
2025-05-22 04:10:45,910 - P15228 - INFO - Candidates cep: 1 items
2025-05-22 04:10:45,912 - P15228 - INFO - Após processar URL 9 Uso de memória: 122.04 MB
2025-05-22 04:10:45,913 - P15228 - INFO - Processando URL 10/24: https://www.crmpr.org.br/atualiza/listar.php/1000
2025-05-22 04:10:48,531 - P15228 - INFO - HTML salvo para debug: data\debug_html_v10\ef9ecbfd4e4ebf12f11d844e151b4f0b.html
2025-05-22 04:10:48,657 - P15228 - INFO - Candidates address: 0 items
2025-05-22 04:10:48,657 - P15228 - INFO - Candidates phone: 1 items
2025-05-22 04:10:48,657 - P15228 - INFO - Candidates email: 1 items
2025-05-22 04:10:48,657 - P15228 - INFO - Candidates complement: 0 items
2025-05-22 04:10:48,657 - P15228 - INFO - Candidates cep: 0 items
2025-05-22 04:10:48,658 - P15228 - INFO - Após processar URL 10 Uso de memória: 122.23 MB
2025-05-22 04:10:48,658 - P15228 - INFO - Processando URL 11/24: https://sistemas.trf1.jus.br/edj/bitstream/handle/123/17572/Cadernos_JUD_GO_2019-04-16_XI_70.pdf?sequence=1&isAllowed=y
2025-05-22 04:10:48,658 - P15228 - INFO - Ignorando URL de arquivo não-HTML: https://sistemas.trf1.jus.br/edj/bitstream/handle/123/17572/Cadernos_JUD_GO_2019-04-16_XI_70.pdf?sequence=1&isAllowed=y
2025-05-22 04:10:48,658 - P15228 - INFO - Após processar URL 11 Uso de memória: 122.23 MB
2025-05-22 04:10:48,658 - P15228 - INFO - Processando URL 12/24: https://osasco.sp.gov.br/site/wp-content/uploads/2016/04/httposasco.sp_.gov_.brcompsec1atosEd1237.pdf
2025-05-22 04:10:48,658 - P15228 - INFO - Ignorando URL de arquivo não-HTML: https://osasco.sp.gov.br/site/wp-content/uploads/2016/04/httposasco.sp_.gov_.brcompsec1atosEd1237.pdf
2025-05-22 04:10:48,659 - P15228 - INFO - Após processar URL 12 Uso de memória: 122.23 MB
2025-05-22 04:10:48,659 - P15228 - INFO - Processando URL 13/24: https://consultacrm.com.br/
2025-05-22 04:10:52,214 - P15228 - INFO - HTML salvo para debug: data\debug_html_v10\65cadeb91ac3713432c21b535990f440.html
2025-05-22 04:10:52,228 - P15228 - INFO - Candidates address: 0 items
2025-05-22 04:10:52,228 - P15228 - INFO - Candidates phone: 0 items
2025-05-22 04:10:52,228 - P15228 - INFO - Candidates email: 0 items
2025-05-22 04:10:52,229 - P15228 - INFO - Candidates complement: 0 items
2025-05-22 04:10:52,229 - P15228 - INFO - Candidates cep: 0 items
2025-05-22 04:10:52,229 - P15228 - INFO - Após processar URL 13 Uso de memória: 123.14 MB
2025-05-22 04:10:52,229 - P15228 - INFO - Processando URL 14/24: https://dosp.com.br/exibe_do.php?i=NTU5MTE=
2025-05-22 04:10:54,408 - P15228 - INFO - HTML salvo para debug: data\debug_html_v10\ccbdd3b8a5bd27f98a285c59bf2c49e0.html
2025-05-22 04:10:54,409 - P15228 - INFO - Candidates address: 0 items
2025-05-22 04:10:54,409 - P15228 - INFO - Candidates phone: 0 items
2025-05-22 04:10:54,409 - P15228 - INFO - Candidates email: 0 items
2025-05-22 04:10:54,409 - P15228 - INFO - Candidates complement: 0 items
2025-05-22 04:10:54,409 - P15228 - INFO - Candidates cep: 0 items
2025-05-22 04:10:54,409 - P15228 - INFO - Após processar URL 14 Uso de memória: 122.25 MB
2025-05-22 04:10:54,410 - P15228 - INFO - Processando URL 15/24: https://sistemas.tjes.jus.br/ediario/index.php?option=com_ediario&view=contents&layout=fulltext&data=20200601&idorgao=766
2025-05-22 04:10:57,787 - P15228 - INFO - HTML salvo para debug: data\debug_html_v10\cbf65586728063ef3532999cd4dd6651.html
2025-05-22 04:10:58,716 - P15228 - INFO - Candidates address: 6 items
2025-05-22 04:10:58,716 - P15228 - INFO - Candidates phone: 0 items
2025-05-22 04:10:58,716 - P15228 - INFO - Candidates email: 20 items
2025-05-22 04:10:58,716 - P15228 - INFO - Candidates complement: 5 items
2025-05-22 04:10:58,716 - P15228 - INFO - Candidates cep: 109 items
2025-05-22 04:10:58,717 - P15228 - INFO - Após processar URL 15 Uso de memória: 125.58 MB
2025-05-22 04:10:58,717 - P15228 - INFO - Processando URL 16/24: https://cpl-feas.curitiba.pr.gov.br/pregoes2023/01-260063-2024.pdf
2025-05-22 04:10:58,718 - P15228 - INFO - Ignorando URL de arquivo não-HTML: https://cpl-feas.curitiba.pr.gov.br/pregoes2023/01-260063-2024.pdf
2025-05-22 04:10:58,718 - P15228 - INFO - Após processar URL 16 Uso de memória: 122.25 MB
2025-05-22 04:10:58,718 - P15228 - INFO - Processando URL 17/24: https://www.crmpr.org.br/Representacoes-Regionais-do-CRMPR-1-14032.shtml
2025-05-22 04:11:01,187 - P15228 - INFO - HTML salvo para debug: data\debug_html_v10\171d9b2760ada8c086a0dd5939fb7ea1.html
2025-05-22 04:11:01,216 - P15228 - INFO - Candidates address: 7 items
2025-05-22 04:11:01,220 - P15228 - INFO - Candidates phone: 10 items
2025-05-22 04:11:01,220 - P15228 - INFO - Candidates email: 7 items
2025-05-22 04:11:01,220 - P15228 - INFO - Candidates complement: 0 items
2025-05-22 04:11:01,220 - P15228 - INFO - Candidates cep: 11 items
2025-05-22 04:11:01,220 - P15228 - INFO - Após processar URL 17 Uso de memória: 122.25 MB
2025-05-22 04:11:01,221 - P15228 - INFO - Processando URL 18/24: https://iomat.mt.gov.br/portal/edicoes/download/2764
2025-05-22 04:11:03,666 - P15228 - INFO - HTML salvo para debug: data\debug_html_v10\8fcc5fe903ca17ad491ee42ab9702c44.html
2025-05-22 04:11:03,695 - P15228 - INFO - Candidates address: 7 items
2025-05-22 04:11:03,695 - P15228 - INFO - Candidates phone: 10 items
2025-05-22 04:11:03,696 - P15228 - INFO - Candidates email: 7 items
2025-05-22 04:11:03,696 - P15228 - INFO - Candidates complement: 0 items
2025-05-22 04:11:03,696 - P15228 - INFO - Candidates cep: 11 items
2025-05-22 04:11:03,696 - P15228 - INFO - Após processar URL 18 Uso de memória: 122.25 MB
2025-05-22 04:11:03,696 - P15228 - INFO - Processando URL 19/24: https://osasco.sp.gov.br/site/wp-content/uploads/2022/02/iomo558.pdf
2025-05-22 04:11:03,697 - P15228 - INFO - Ignorando URL de arquivo não-HTML: https://osasco.sp.gov.br/site/wp-content/uploads/2022/02/iomo558.pdf
2025-05-22 04:11:03,697 - P15228 - INFO - Após processar URL 19 Uso de memória: 122.25 MB
2025-05-22 04:11:03,697 - P15228 - INFO - Processando URL 20/24: https://prefeitura.barreiras.mtransparente.com.br/admin/data/PRESTACAODECONTAS100520002853.pdf
2025-05-22 04:11:03,697 - P15228 - INFO - Ignorando URL de arquivo não-HTML: https://prefeitura.barreiras.mtransparente.com.br/admin/data/PRESTACAODECONTAS100520002853.pdf
2025-05-22 04:11:03,698 - P15228 - INFO - Após processar URL 20 Uso de memória: 122.25 MB
2025-05-22 04:11:03,698 - P15228 - INFO - Processando URL 21/24: https://www.classemedica.com.br/medico/137563-hernando-alves-pereira.htm
2025-05-22 04:11:09,521 - P15228 - INFO - HTML salvo para debug: data\debug_html_v10\afbf3734d33919cdb8bf8dfb31f0e459.html
2025-05-22 04:11:09,549 - P15228 - INFO - Candidates address: 0 items
2025-05-22 04:11:09,550 - P15228 - INFO - Candidates phone: 0 items
2025-05-22 04:11:09,550 - P15228 - INFO - Candidates email: 0 items
2025-05-22 04:11:09,550 - P15228 - INFO - Candidates complement: 0 items
2025-05-22 04:11:09,550 - P15228 - INFO - Candidates cep: 0 items
2025-05-22 04:11:09,550 - P15228 - INFO - Após processar URL 21 Uso de memória: 122.29 MB
2025-05-22 04:11:09,551 - P15228 - INFO - Processando URL 22/24: https://www.imprensaoficial.com.br/downloads/pdf/edicao/20230913EXEC1.pdf
2025-05-22 04:11:09,551 - P15228 - INFO - Ignorando URL de arquivo não-HTML: https://www.imprensaoficial.com.br/downloads/pdf/edicao/20230913EXEC1.pdf
2025-05-22 04:11:09,551 - P15228 - INFO - Após processar URL 22 Uso de memória: 122.29 MB
2025-05-22 04:11:09,551 - P15228 - INFO - Processando URL 23/24: https://www2.bauru.sp.gov.br/arquivos/sist_diariooficial/2010/01/do_20100119_1764.pdf
2025-05-22 04:11:09,551 - P15228 - INFO - Ignorando URL de arquivo não-HTML: https://www2.bauru.sp.gov.br/arquivos/sist_diariooficial/2010/01/do_20100119_1764.pdf
2025-05-22 04:11:09,551 - P15228 - INFO - Após processar URL 23 Uso de memória: 122.29 MB
2025-05-22 04:11:09,551 - P15228 - INFO - Processando URL 24/24: https://www.medicosbrasil.com/profissional/hernando-alves-pereira
2025-05-22 04:11:13,237 - P15228 - INFO - HTML salvo para debug: data\debug_html_v10\4399f03a395c39dcfdff02e07574a909.html
2025-05-22 04:11:13,266 - P15228 - INFO - Candidates address: 0 items
2025-05-22 04:11:13,266 - P15228 - INFO - Candidates phone: 0 items
2025-05-22 04:11:13,266 - P15228 - INFO - Candidates email: 0 items
2025-05-22 04:11:13,267 - P15228 - INFO - Candidates complement: 0 items
2025-05-22 04:11:13,267 - P15228 - INFO - Candidates cep: 0 items
2025-05-22 04:11:13,267 - P15228 - INFO - Após processar URL 24 Uso de memória: 122.31 MB
2025-05-22 04:11:13,267 - P15228 - INFO - Iniciando agregação e ranqueamento
2025-05-22 04:11:13,267 - P15228 - INFO - Ranked address: 16 items
2025-05-22 04:11:13,268 - P15228 - INFO - Ranked phone: 13 items
2025-05-22 04:11:13,268 - P15228 - INFO - Ranked email: 29 items
2025-05-22 04:11:13,268 - P15228 - INFO - Ranked complement: 6 items
2025-05-22 04:11:13,268 - P15228 - INFO - Ranked cep: 122 items
2025-05-22 04:11:13,268 - P15228 - INFO - Após agregação Uso de memória: 122.31 MB
2025-05-22 04:11:13,269 - P15228 - INFO - Validando endereço: ['Rua Victório Viezzer, 84', 'Rua Jequetiba 559', 'Av. Guaíra.) Telefone:  3039-2368 Celular e Whatsapp:  99139-3698']
2025-05-22 04:11:13,269 - P15228 - INFO - Endereço validado: Rua Victório Viezzer, 84
2025-05-22 04:11:13,269 - P15228 - INFO - Limpando texto extenso para campo address: Rua Victório Viezzer, 84...
2025-05-22 04:11:13,269 - P15228 - INFO - Texto limpo: Rua Victório Viezzer, 84
2025-05-22 04:11:13,269 - P15228 - INFO - Validando telefone: ['(41) 3240-4000', '(45) 3039-2368', '(41) 99139-3698']
2025-05-22 04:11:13,270 - P15228 - INFO - Limpando texto extenso para campo phone: (41) 3240-4000...
2025-05-22 04:11:13,271 - P15228 - INFO - Texto limpo: 41) 3240-4000
2025-05-22 04:11:13,271 - P15228 - INFO - Telefone validado: 41) 3240-4000
2025-05-22 04:11:13,272 - P15228 - INFO - Validando email: ['protocolo@crmpr.org.br', 'cascavel@crmpr.org.br', 'fozdoiguacu@crmpr.org.br']
2025-05-22 04:11:13,272 - P15228 - INFO - Limpando texto extenso para campo email: protocolo@crmpr.org.br...
2025-05-22 04:11:13,273 - P15228 - INFO - Texto limpo: protocolo@crmpr.org.br
2025-05-22 04:11:13,273 - P15228 - INFO - Email validado: protocolo@crmpr.org.br
2025-05-22 04:11:13,273 - P15228 - INFO - Validando complemento: ['Conjunto D', 'Conjunto Presidência Atos Normativos Assessoria Especial -', 'Conjunto Colegiado Recursal Dos Juizados Especiais Colegia']
2025-05-22 04:11:13,273 - P15228 - INFO - Limpando texto extenso para campo complement: Conjunto D...
2025-05-22 04:11:13,274 - P15228 - INFO - Texto limpo: Conjunto D
2025-05-22 04:11:13,274 - P15228 - INFO - Complemento validado: Conjunto D
2025-05-22 04:11:13,274 - P15228 - INFO - Descobrindo cidade
2025-05-22 04:11:13,275 - P15228 - INFO - Buscando cidade: Rua Victório Viezzer cidade PR
2025-05-22 04:11:15,807 - P15228 - INFO - Cidade encontrada: Curitiba
2025-05-22 04:11:15,808 - P15228 - INFO - Limpando texto extenso para campo city: Curitiba...
2025-05-22 04:11:15,808 - P15228 - INFO - Texto limpo: Curitiba
2025-05-22 04:11:15,808 - P15228 - INFO - Cidade descoberta: Curitiba
2025-05-22 04:11:15,808 - P15228 - INFO - Buscando CEP com sistema de cascata
2025-05-22 04:11:15,808 - P15228 - INFO - Iniciando busca de CEP em cascata para: Rua Victório Viezzer, Curitiba, PR
2025-05-22 04:11:15,809 - P15228 - INFO - Método 1: ViaCEP API
2025-05-22 04:11:15,809 - P15228 - INFO - Buscando no ViaCEP: https://viacep.com.br/ws/PR/curitiba/rua%20victorio%20viezzer/json/
2025-05-22 04:11:16,511 - P15228 - INFO - Dados encontrados no ViaCEP: {'cep': '80810-340', 'logradouro': 'Rua Victório Viezzer', 'complemento': '', 'unidade': '', 'bairro': 'Vista Alegre', 'localidade': 'Curitiba', 'uf': 'PR', 'estado': 'Paraná', 'regiao': 'Sul', 'ibge': '4106902', 'gia': '', 'ddd': '41', 'siafi': '7535'}
2025-05-22 04:11:16,513 - P15228 - INFO - CEP encontrado via ViaCEP: 80810-340
2025-05-22 04:11:16,513 - P15228 - INFO - Dados de CEP encontrados: {'cep': '80810-340', 'logradouro': 'Rua Victório Viezzer', 'complemento': '', 'unidade': '', 'bairro': 'Vista Alegre', 'localidade': 'Curitiba', 'uf': 'PR', 'estado': 'Paraná', 'regiao': 'Sul', 'ibge': '4106902', 'gia': '', 'ddd': '41', 'siafi': '7535'}
2025-05-22 04:11:16,514 - P15228 - INFO - Limpando texto extenso para campo bairro: Vista Alegre...
2025-05-22 04:11:16,514 - P15228 - INFO - Texto limpo: Vista Alegre
2025-05-22 04:11:16,514 - P15228 - INFO - Limpando texto extenso para campo city: Curitiba...
2025-05-22 04:11:16,514 - P15228 - INFO - Texto limpo: Curitiba
2025-05-22 04:11:16,514 - P15228 - INFO - Limpando texto extenso para campo state: PR...
2025-05-22 04:11:16,515 - P15228 - INFO - Texto limpo: PR
2025-05-22 04:11:16,515 - P15228 - INFO - Tempo de execução de processamento completo do médico: 59.86 segundos
2025-05-22 04:11:16,515 - P15228 - INFO - Resultado processado: {'Hash': '9a5d58462edc813fef831be84554762e7105c2af2c313829bf2fc2293a110af6', 'CRM': '25370', 'UF': 'PR', 'Firstname': 'HERNANDO', 'LastName': 'ALVES PEREIRA', 'Medical specialty': '', 'Endereco Completo A1': 'Rua Victório Viezzer, 84', 'Address A1': 'Rua Victório Viezzer', 'Numero A1': '84', 'Complement A1': 'Conjunto D', 'Bairro A1': 'Vista Alegre', 'postal code A1': '80810-340', 'City A1': 'Curitiba', 'State A1': 'PR', 'Phone A1': '41) 3240-4000', 'Phone A2': '', 'Cell phone A1': '', 'Cell phone A2': '', 'E-mail A1': 'protocolo@crmpr.org.br', 'E-mail A2': '', 'OPT-IN': '', 'STATUS': '', 'LOTE': ''}
2025-05-22 04:11:16,516 - P15228 - INFO - Progresso: 63.5%
2025-05-22 04:11:16,516 - P15228 - INFO - Tempo de execução de processamento do médico 2: 59.86 segundos
2025-05-22 04:11:16,516 - P15228 - INFO - 
==================================================
Processando médico 3/3
2025-05-22 04:11:16,516 - P15228 - INFO - Nome: AMALIA CHRISTINA BRITO COSTA BOGADO
2025-05-22 04:11:16,517 - P15228 - INFO - Início do processamento Uso de memória: 122.43 MB
2025-05-22 04:11:16,517 - P15228 - INFO - Iniciando busca para: AMALIA CHRISTINA BRITO COSTA BOGADO CRM 25731 PR telefone e-mail endereço
2025-05-22 04:11:17,270 - P15228 - INFO - SearX results: 8 URLs
2025-05-22 04:11:17,270 - P15228 - INFO - Após SearX Uso de memória: 122.43 MB
2025-05-22 04:11:20,738 - P15228 - INFO - Google results: 7 URLs
2025-05-22 04:11:20,738 - P15228 - INFO - Após Google Uso de memória: 124.79 MB
2025-05-22 04:11:23,318 - P15228 - INFO - Bing results: 10 URLs
2025-05-22 04:11:23,319 - P15228 - INFO - Após Bing Uso de memória: 125.90 MB
2025-05-22 04:11:23,319 - P15228 - INFO - Total de URLs únicas: 16
2025-05-22 04:11:23,319 - P15228 - INFO - Processando URL 1/16: https://www.classemedica.com.br/medico/433704-amalia-christina-brito-costa-bogado.htm
2025-05-22 04:11:31,053 - P15228 - INFO - HTML salvo para debug: data\debug_html_v10\bc3ae8e8ffe6b226391d8fb7cabf559c.html
2025-05-22 04:11:31,089 - P15228 - INFO - Candidates address: 2 items
2025-05-22 04:11:31,089 - P15228 - INFO - Candidates phone: 1 items
2025-05-22 04:11:31,090 - P15228 - INFO - Candidates email: 0 items
2025-05-22 04:11:31,090 - P15228 - INFO - Candidates complement: 2 items
2025-05-22 04:11:31,090 - P15228 - INFO - Candidates cep: 2 items
2025-05-22 04:11:31,090 - P15228 - INFO - Após processar URL 1 Uso de memória: 125.92 MB
2025-05-22 04:11:31,090 - P15228 - INFO - Processando URL 2/16: https://pt.scribd.com/document/546087401/especialidades
2025-05-22 04:11:37,272 - P15228 - INFO - HTML salvo para debug: data\debug_html_v10\71469583c90be2adf6c88bf5b266e783.html
2025-05-22 04:11:37,438 - P15228 - INFO - Candidates address: 0 items
2025-05-22 04:11:37,438 - P15228 - INFO - Candidates phone: 0 items
2025-05-22 04:11:37,438 - P15228 - INFO - Candidates email: 0 items
2025-05-22 04:11:37,438 - P15228 - INFO - Candidates complement: 0 items
2025-05-22 04:11:37,439 - P15228 - INFO - Candidates cep: 0 items
2025-05-22 04:11:37,439 - P15228 - INFO - Após processar URL 2 Uso de memória: 130.04 MB
2025-05-22 04:11:37,439 - P15228 - INFO - Processando URL 3/16: https://api.whatsapp.com/send?phone=5544988045012&text=Gostaria%20de%20agendar%20uma%20consulta!
2025-05-22 04:11:40,166 - P15228 - INFO - HTML salvo para debug: data\debug_html_v10\72076244227d3aff2de471c42c02f388.html
2025-05-22 04:11:40,191 - P15228 - INFO - Candidates address: 0 items
2025-05-22 04:11:40,192 - P15228 - INFO - Candidates phone: 0 items
2025-05-22 04:11:40,192 - P15228 - INFO - Candidates email: 0 items
2025-05-22 04:11:40,192 - P15228 - INFO - Candidates complement: 0 items
2025-05-22 04:11:40,192 - P15228 - INFO - Candidates cep: 1 items
2025-05-22 04:11:40,192 - P15228 - INFO - Após processar URL 3 Uso de memória: 127.10 MB
2025-05-22 04:11:40,193 - P15228 - INFO - Processando URL 4/16: https://bit.ly/3XZ8xVr
2025-05-22 04:11:42,986 - P15228 - INFO - HTML salvo para debug: data\debug_html_v10\95f6b9e244852aa1806704545f089eec.html
2025-05-22 04:11:43,009 - P15228 - INFO - Candidates address: 0 items
2025-05-22 04:11:43,010 - P15228 - INFO - Candidates phone: 0 items
2025-05-22 04:11:43,010 - P15228 - INFO - Candidates email: 0 items
2025-05-22 04:11:43,010 - P15228 - INFO - Candidates complement: 0 items
2025-05-22 04:11:43,011 - P15228 - INFO - Candidates cep: 1 items
2025-05-22 04:11:43,011 - P15228 - INFO - Após processar URL 4 Uso de memória: 127.11 MB
2025-05-22 04:11:43,011 - P15228 - INFO - Processando URL 5/16: https://www.doctoralia.com.br/amalia-costa-bogado/psiquiatra/maringa
2025-05-22 04:11:43,011 - P15228 - INFO - Ignorando URL de arquivo não-HTML: https://www.doctoralia.com.br/amalia-costa-bogado/psiquiatra/maringa
2025-05-22 04:11:43,011 - P15228 - INFO - Após processar URL 5 Uso de memória: 127.11 MB
2025-05-22 04:11:43,011 - P15228 - INFO - Processando URL 6/16: https://www.boaconsulta.com/especialista/amalia-christina-brito-costa-61057f1340ebb5070f000b87
2025-05-22 04:11:45,953 - P15228 - INFO - HTML salvo para debug: data\debug_html_v10\2adc29170f695426e5d24caadb836724.html
2025-05-22 04:11:46,015 - P15228 - INFO - Candidates address: 1 items
2025-05-22 04:11:46,016 - P15228 - INFO - Candidates phone: 0 items
2025-05-22 04:11:46,016 - P15228 - INFO - Candidates email: 0 items
2025-05-22 04:11:46,016 - P15228 - INFO - Candidates complement: 0 items
2025-05-22 04:11:46,016 - P15228 - INFO - Candidates cep: 0 items
2025-05-22 04:11:46,017 - P15228 - INFO - Após processar URL 6 Uso de memória: 127.13 MB
2025-05-22 04:11:46,017 - P15228 - INFO - Processando URL 7/16: https://melhores.com/psiquiatra/maringa-pr/amalia-costa-bogado
2025-05-22 04:11:48,841 - P15228 - INFO - HTML salvo para debug: data\debug_html_v10\ea880274fb3f84dc93ddac265d2f5426.html
2025-05-22 04:11:48,844 - P15228 - INFO - Candidates address: 0 items
2025-05-22 04:11:48,844 - P15228 - INFO - Candidates phone: 0 items
2025-05-22 04:11:48,844 - P15228 - INFO - Candidates email: 0 items
2025-05-22 04:11:48,844 - P15228 - INFO - Candidates complement: 0 items
2025-05-22 04:11:48,845 - P15228 - INFO - Candidates cep: 0 items
2025-05-22 04:11:48,845 - P15228 - INFO - Após processar URL 7 Uso de memória: 127.13 MB
2025-05-22 04:11:48,845 - P15228 - INFO - Processando URL 8/16: https://www.catalogo.med.br/doutor/amalia-costa-bogado-2534240.htm
2025-05-22 04:11:50,948 - P15228 - INFO - HTML salvo para debug: data\debug_html_v10\8bf238997de6af95ff1d7f3de9b00c00.html
2025-05-22 04:11:50,948 - P15228 - INFO - Candidates address: 0 items
2025-05-22 04:11:50,948 - P15228 - INFO - Candidates phone: 0 items
2025-05-22 04:11:50,949 - P15228 - INFO - Candidates email: 0 items
2025-05-22 04:11:50,949 - P15228 - INFO - Candidates complement: 0 items
2025-05-22 04:11:50,949 - P15228 - INFO - Candidates cep: 0 items
2025-05-22 04:11:50,949 - P15228 - INFO - Após processar URL 8 Uso de memória: 127.13 MB
2025-05-22 04:11:50,949 - P15228 - INFO - Processando URL 9/16: https://cliniguia.com/profissionais/amalia-christina-brito-costa-980016283728079/
2025-05-22 04:11:57,964 - P15228 - INFO - HTML salvo para debug: data\debug_html_v10\406f3f7ca271352a7650e451624e655b.html
2025-05-22 04:11:58,098 - P15228 - INFO - Candidates address: 0 items
2025-05-22 04:11:58,098 - P15228 - INFO - Candidates phone: 0 items
2025-05-22 04:11:58,098 - P15228 - INFO - Candidates email: 0 items
2025-05-22 04:11:58,099 - P15228 - INFO - Candidates complement: 0 items
2025-05-22 04:11:58,099 - P15228 - INFO - Candidates cep: 0 items
2025-05-22 04:11:58,099 - P15228 - INFO - Após processar URL 9 Uso de memória: 127.33 MB
2025-05-22 04:11:58,099 - P15228 - INFO - Processando URL 10/16: https://www.solutudo.com.br/empresas/pr/maringa/psiquiatria/dra-amalia-c-brito-costa-bogado-psiquiatra-maringa-22226169
2025-05-22 04:12:02,545 - P15228 - INFO - HTML salvo para debug: data\debug_html_v10\2bee9216e3e618fb5716b93b8aaee08b.html
2025-05-22 04:12:02,589 - P15228 - INFO - Candidates address: 1 items
2025-05-22 04:12:02,589 - P15228 - INFO - Candidates phone: 1 items
2025-05-22 04:12:02,590 - P15228 - INFO - Candidates email: 0 items
2025-05-22 04:12:02,590 - P15228 - INFO - Candidates complement: 0 items
2025-05-22 04:12:02,591 - P15228 - INFO - Candidates cep: 2 items
2025-05-22 04:12:02,592 - P15228 - INFO - Após processar URL 10 Uso de memória: 126.01 MB
2025-05-22 04:12:02,594 - P15228 - INFO - Processando URL 11/16: https://cnpj.biz/42408396000150
2025-05-22 04:12:05,499 - P15228 - INFO - HTML salvo para debug: data\debug_html_v10\944903aa16d52031f800a37e78696226.html
2025-05-22 04:12:05,501 - P15228 - INFO - Candidates address: 0 items
2025-05-22 04:12:05,502 - P15228 - INFO - Candidates phone: 0 items
2025-05-22 04:12:05,502 - P15228 - INFO - Candidates email: 0 items
2025-05-22 04:12:05,502 - P15228 - INFO - Candidates complement: 0 items
2025-05-22 04:12:05,502 - P15228 - INFO - Candidates cep: 0 items
2025-05-22 04:12:05,502 - P15228 - INFO - Após processar URL 11 Uso de memória: 126.01 MB
2025-05-22 04:12:05,502 - P15228 - INFO - Processando URL 12/16: https://zaubee.com/biz/dra-amalia-c-brito-costa-bogado-psiquiatra-maringa-t5q0gdcj
2025-05-22 04:12:10,475 - P15228 - INFO - HTML salvo para debug: data\debug_html_v10\5351282ea64b92c3cb1eebd6125533a1.html
2025-05-22 04:12:10,479 - P15228 - INFO - Candidates address: 0 items
2025-05-22 04:12:10,479 - P15228 - INFO - Candidates phone: 0 items
2025-05-22 04:12:10,479 - P15228 - INFO - Candidates email: 0 items
2025-05-22 04:12:10,480 - P15228 - INFO - Candidates complement: 0 items
2025-05-22 04:12:10,480 - P15228 - INFO - Candidates cep: 0 items
2025-05-22 04:12:10,480 - P15228 - INFO - Após processar URL 12 Uso de memória: 126.01 MB
2025-05-22 04:12:10,480 - P15228 - INFO - Processando URL 13/16: https://www.escavador.com/sobre/2151319/amalia-christina-brito-costa
2025-05-22 04:12:13,927 - P15228 - INFO - HTML salvo para debug: data\debug_html_v10\6c0caf34261a6bbea5ddd8270270c702.html
2025-05-22 04:12:13,943 - P15228 - INFO - Candidates address: 0 items
2025-05-22 04:12:13,943 - P15228 - INFO - Candidates phone: 0 items
2025-05-22 04:12:13,944 - P15228 - INFO - Candidates email: 0 items
2025-05-22 04:12:13,944 - P15228 - INFO - Candidates complement: 0 items
2025-05-22 04:12:13,944 - P15228 - INFO - Candidates cep: 0 items
2025-05-22 04:12:13,944 - P15228 - INFO - Após processar URL 13 Uso de memória: 126.01 MB
2025-05-22 04:12:13,944 - P15228 - INFO - Processando URL 14/16: https://www.locaisdobrasil.com.br/encontre/psiquiatra/maringa-pr/dra-amalia-c-brito-costa-bogado-psiquiatra-maringa/651adf3387028c0648d07194
2025-05-22 04:12:19,994 - P15228 - INFO - HTML salvo para debug: data\debug_html_v10\826005bb9c11582ae199672efb95dd6d.html
2025-05-22 04:12:20,015 - P15228 - INFO - Candidates address: 2 items
2025-05-22 04:12:20,015 - P15228 - INFO - Candidates phone: 1 items
2025-05-22 04:12:20,016 - P15228 - INFO - Candidates email: 0 items
2025-05-22 04:12:20,016 - P15228 - INFO - Candidates complement: 0 items
2025-05-22 04:12:20,016 - P15228 - INFO - Candidates cep: 2 items
2025-05-22 04:12:20,016 - P15228 - INFO - Após processar URL 14 Uso de memória: 126.01 MB
2025-05-22 04:12:20,016 - P15228 - INFO - Processando URL 15/16: https://empresasweb.net/emp/costa-e-bogado-ltda-42408396
2025-05-22 04:12:23,150 - P15228 - INFO - HTML salvo para debug: data\debug_html_v10\9f5e1594f0b471d6dc2665666b5aed34.html
2025-05-22 04:12:23,165 - P15228 - INFO - Candidates address: 0 items
2025-05-22 04:12:23,165 - P15228 - INFO - Candidates phone: 2 items
2025-05-22 04:12:23,165 - P15228 - INFO - Candidates email: 1 items
2025-05-22 04:12:23,165 - P15228 - INFO - Candidates complement: 1 items
2025-05-22 04:12:23,165 - P15228 - INFO - Candidates cep: 1 items
2025-05-22 04:12:23,166 - P15228 - INFO - Após processar URL 15 Uso de memória: 126.01 MB
2025-05-22 04:12:23,166 - P15228 - INFO - Processando URL 16/16: https://clinica.work/especialista/amalia-christina-brito-costa-bogado-psiquiatra-maringa-pr
2025-05-22 04:12:26,949 - P15228 - INFO - HTML salvo para debug: data\debug_html_v10\8cf1a3ba2068bd9ea8e2ee087b09a05b.html
2025-05-22 04:12:26,971 - P15228 - INFO - Candidates address: 1 items
2025-05-22 04:12:26,971 - P15228 - INFO - Candidates phone: 0 items
2025-05-22 04:12:26,971 - P15228 - INFO - Candidates email: 0 items
2025-05-22 04:12:26,971 - P15228 - INFO - Candidates complement: 0 items
2025-05-22 04:12:26,971 - P15228 - INFO - Candidates cep: 0 items
2025-05-22 04:12:26,972 - P15228 - INFO - Após processar URL 16 Uso de memória: 126.01 MB
2025-05-22 04:12:26,972 - P15228 - INFO - Iniciando agregação e ranqueamento
2025-05-22 04:12:26,972 - P15228 - INFO - Ranked address: 7 items
2025-05-22 04:12:26,972 - P15228 - INFO - Ranked phone: 4 items
2025-05-22 04:12:26,972 - P15228 - INFO - Ranked email: 1 items
2025-05-22 04:12:26,973 - P15228 - INFO - Ranked complement: 2 items
2025-05-22 04:12:26,973 - P15228 - INFO - Ranked cep: 4 items
2025-05-22 04:12:26,973 - P15228 - INFO - Após agregação Uso de memória: 126.01 MB
2025-05-22 04:12:26,974 - P15228 - INFO - Validando endereço: ['Rua Santos Dumont 3275 Sala 1001', 'Rua Santos Dumont, 3275', 'Rua Guiapo, 05']
2025-05-22 04:12:26,974 - P15228 - INFO - Endereço validado: Rua Santos Dumont 3275 Sala 1001
2025-05-22 04:12:26,974 - P15228 - INFO - Limpando texto extenso para campo address: Rua Santos Dumont 3275 Sala 1001...
2025-05-22 04:12:26,974 - P15228 - INFO - Texto limpo: Rua Santos Dumont 3275 Sala 1001
2025-05-22 04:12:26,974 - P15228 - INFO - Validando telefone: ['(44) 98804-5012', '(44) 99996-2405', '+554488045012']
2025-05-22 04:12:26,975 - P15228 - INFO - Limpando texto extenso para campo phone: (44) 98804-5012...
2025-05-22 04:12:26,975 - P15228 - INFO - Texto limpo: 44) 98804-5012
2025-05-22 04:12:26,975 - P15228 - INFO - Telefone validado: 44) 98804-5012
2025-05-22 04:12:26,976 - P15228 - INFO - Validando email: ['DRAAMALIAPSIQUIATRIA@GMAIL.COM']
2025-05-22 04:12:26,976 - P15228 - INFO - Limpando texto extenso para campo email: DRAAMALIAPSIQUIATRIA@GMAIL.COM...
2025-05-22 04:12:26,976 - P15228 - INFO - Texto limpo: draamaliapsiquiatria@gmail.com
2025-05-22 04:12:26,976 - P15228 - INFO - Email validado: draamaliapsiquiatria@gmail.com
2025-05-22 04:12:26,977 - P15228 - INFO - Validando complemento: ['Sala 1001', 'Sala 1001                 ']
2025-05-22 04:12:26,977 - P15228 - INFO - Limpando texto extenso para campo complement: Sala 1001...
2025-05-22 04:12:26,977 - P15228 - INFO - Texto limpo: Sala 1001
2025-05-22 04:12:26,977 - P15228 - INFO - Complemento validado: Sala 1001
2025-05-22 04:12:26,977 - P15228 - INFO - Descobrindo cidade
2025-05-22 04:12:26,978 - P15228 - INFO - Buscando cidade: Rua Santos Dumont 3275 Sala 1001 cidade PR
2025-05-22 04:12:29,205 - P15228 - INFO - Cidade encontrada: Maringá
2025-05-22 04:12:29,205 - P15228 - INFO - Limpando texto extenso para campo city: Maringá...
2025-05-22 04:12:29,206 - P15228 - INFO - Texto limpo: Maringá
2025-05-22 04:12:29,206 - P15228 - INFO - Cidade descoberta: Maringá
2025-05-22 04:12:29,207 - P15228 - INFO - Buscando CEP com sistema de cascata
2025-05-22 04:12:29,208 - P15228 - INFO - Iniciando busca de CEP em cascata para: Rua Santos Dumont 3275 Sala 1001, Maringá, PR
2025-05-22 04:12:29,209 - P15228 - INFO - Método 1: ViaCEP API
2025-05-22 04:12:29,209 - P15228 - INFO - Buscando no ViaCEP: https://viacep.com.br/ws/PR/maringa/rua%20santos%20dumont%203275%20sala%201001/json/
2025-05-22 04:12:29,875 - P15228 - WARNING - ViaCEP retornou status 200 ou nenhum resultado
2025-05-22 04:12:29,876 - P15228 - INFO - Método 2: BrasilAPI
2025-05-22 04:12:29,876 - P15228 - INFO - Buscando na BrasilAPI: Rua Santos Dumont 3275 Sala 1001, Maringá, PR
2025-05-22 04:12:30,389 - P15228 - INFO - Consultando BrasilAPI: https://brasilapi.com.br/api/cep/v2/53581382
2025-05-22 04:12:40,675 - P15228 - ERROR - Erro ao buscar na BrasilAPI: HTTPSConnectionPool(host='brasilapi.com.br', port=443): Read timed out. (read timeout=10)
2025-05-22 04:12:40,675 - P15228 - INFO - Método 3: Web Scraping do Google
2025-05-22 04:12:40,675 - P15228 - INFO - Buscando CEP: CEP da Rua Santos Dumont 3275 Sala 1001, Maringá
2025-05-22 04:12:42,355 - P15228 - INFO - CEP encontrado: 99860-215
2025-05-22 04:12:42,355 - P15228 - INFO - CEP encontrado via Google: 99860-215
2025-05-22 04:12:42,355 - P15228 - INFO - Dados de CEP encontrados: {'cep': '99860-215', 'logradouro': 'Rua Santos Dumont 3275 Sala 1001', 'bairro': '', 'localidade': 'Maringá', 'uf': 'PR', 'complemento': ''}
2025-05-22 04:12:42,355 - P15228 - INFO - Limpando texto extenso para campo city: Maringá...
2025-05-22 04:12:42,356 - P15228 - INFO - Texto limpo: Maringá
2025-05-22 04:12:42,356 - P15228 - INFO - Limpando texto extenso para campo state: PR...
2025-05-22 04:12:42,356 - P15228 - INFO - Texto limpo: PR
2025-05-22 04:12:42,356 - P15228 - INFO - Tempo de execução de processamento completo do médico: 85.84 segundos
2025-05-22 04:12:42,357 - P15228 - INFO - Resultado processado: {'Hash': '47fc0a556581065b66d50653dabbc478c23a740b4459bb0089841fd9803118aa', 'CRM': '25731', 'UF': 'PR', 'Firstname': 'AMALIA', 'LastName': 'CHRISTINA BRITO COSTA BOGADO', 'Medical specialty': '', 'Endereco Completo A1': 'Rua Santos Dumont 3275 Sala 1001', 'Address A1': 'Rua Santos Dumont 3275 Sala 1001', 'Numero A1': '', 'Complement A1': 'Sala 1001', 'Bairro A1': '', 'postal code A1': '99860-215', 'City A1': 'Maringá', 'State A1': 'PR', 'Phone A1': '44) 98804-5012', 'Phone A2': '', 'Cell phone A1': '', 'Cell phone A2': '', 'E-mail A1': 'draamaliapsiquiatria@gmail.com', 'E-mail A2': '', 'OPT-IN': '', 'STATUS': '', 'LOTE': ''}
2025-05-22 04:12:42,357 - P15228 - INFO - Salvando lote de resultados
2025-05-22 04:12:42,358 - P15228 - INFO - Após salvar resultados Uso de memória: 122.66 MB
2025-05-22 04:12:42,358 - P15228 - INFO - Progresso: 63.8%
2025-05-22 04:12:42,359 - P15228 - INFO - Tempo de execução de processamento do médico 3: 85.84 segundos
2025-05-22 04:12:42,359 - P15228 - INFO - Tempo de execução de processamento do lote completo: 226.53 segundos
