2025-05-22 02:33:25,861 - P14756 - INFO - 
==================================================
Processando médico 1/3
2025-05-22 02:33:25,862 - P14756 - INFO - Nome: PAULO VINICIUS PEIXOTO DA HORA
2025-05-22 02:33:25,862 - P14756 - INFO - Reiniciando driver do Chrome
2025-05-22 02:33:27,097 - P14756 - INFO - Após reiniciar driver Uso de memória: 104.24 MB
2025-05-22 02:33:27,097 - P14756 - INFO - Início do processamento Uso de memória: 104.24 MB
2025-05-22 02:33:27,097 - P14756 - INFO - Iniciando busca para: PAULO VINICIUS PEIXOTO DA HORA CRM 1175190 RJ telefone e-mail endereço
2025-05-22 02:33:27,700 - P14756 - INFO - SearX results: 1 URLs
2025-05-22 02:33:27,701 - P14756 - INFO - Após SearX Uso de memória: 104.24 MB
2025-05-22 02:33:30,284 - P14756 - INFO - Google results: 2 URLs
2025-05-22 02:33:30,284 - P14756 - INFO - Após Google Uso de memória: 107.23 MB
2025-05-22 02:33:32,889 - P14756 - INFO - Bing results: 8 URLs
2025-05-22 02:33:32,889 - P14756 - INFO - Após Bing Uso de memória: 110.27 MB
2025-05-22 02:33:32,890 - P14756 - INFO - Total de URLs únicas: 10
2025-05-22 02:33:32,890 - P14756 - INFO - Processando URL 1/10: https://consultacrm.com.br/
2025-05-22 02:33:38,368 - P14756 - INFO - HTML salvo para debug: data\debug_html_v10\65cadeb91ac3713432c21b535990f440.html
2025-05-22 02:33:38,380 - P14756 - INFO - Candidates address: 0 items
2025-05-22 02:33:38,380 - P14756 - INFO - Candidates phone: 0 items
2025-05-22 02:33:38,380 - P14756 - INFO - Candidates email: 0 items
2025-05-22 02:33:38,381 - P14756 - INFO - Candidates complement: 0 items
2025-05-22 02:33:38,381 - P14756 - INFO - Candidates cep: 0 items
2025-05-22 02:33:38,381 - P14756 - INFO - Após processar URL 1 Uso de memória: 111.37 MB
2025-05-22 02:33:38,381 - P14756 - INFO - Processando URL 2/10: http://www.transparencia.cremerj.org.br:8098/planejamento/registroMedico/pesquisar
2025-05-22 02:33:41,009 - P14756 - INFO - HTML salvo para debug: data\debug_html_v10\19128e1d0b16c1bd37c280ce751655f7.html
2025-05-22 02:33:41,030 - P14756 - INFO - Candidates address: 0 items
2025-05-22 02:33:41,031 - P14756 - INFO - Candidates phone: 1 items
2025-05-22 02:33:41,031 - P14756 - INFO - Candidates email: 0 items
2025-05-22 02:33:41,031 - P14756 - INFO - Candidates complement: 0 items
2025-05-22 02:33:41,031 - P14756 - INFO - Candidates cep: 1 items
2025-05-22 02:33:41,031 - P14756 - INFO - Após processar URL 2 Uso de memória: 110.58 MB
2025-05-22 02:33:41,032 - P14756 - INFO - Processando URL 3/10: https://www.boaconsulta.com/especialista/paulo-vinicius-peixoto-da-hora-6105ad94ad51c7053b000a5a
2025-05-22 02:33:43,149 - P14756 - INFO - HTML salvo para debug: data\debug_html_v10\d17662d4c2413fa4162e8ee27b125ec5.html
2025-05-22 02:33:43,245 - P14756 - INFO - Candidates address: 3 items
2025-05-22 02:33:43,246 - P14756 - INFO - Candidates phone: 0 items
2025-05-22 02:33:43,246 - P14756 - INFO - Candidates email: 0 items
2025-05-22 02:33:43,247 - P14756 - INFO - Candidates complement: 0 items
2025-05-22 02:33:43,247 - P14756 - INFO - Candidates cep: 0 items
2025-05-22 02:33:43,247 - P14756 - INFO - Após processar URL 3 Uso de memória: 112.48 MB
2025-05-22 02:33:43,248 - P14756 - INFO - Processando URL 4/10: https://www.ioepa.com.br/pages/2025/2025.03.12.DOE.pdf
2025-05-22 02:33:43,248 - P14756 - INFO - Ignorando URL de arquivo não-HTML: https://www.ioepa.com.br/pages/2025/2025.03.12.DOE.pdf
2025-05-22 02:33:43,249 - P14756 - INFO - Após processar URL 4 Uso de memória: 110.86 MB
2025-05-22 02:33:43,249 - P14756 - INFO - Processando URL 5/10: https://www.escavador.com/sobre/560402343/paulo-vincius-peixoto-da-hora
2025-05-22 02:33:47,467 - P14756 - INFO - HTML salvo para debug: data\debug_html_v10\e09f4f17551c3dcb53f1cee63da154d8.html
2025-05-22 02:33:47,484 - P14756 - INFO - Candidates address: 0 items
2025-05-22 02:33:47,484 - P14756 - INFO - Candidates phone: 0 items
2025-05-22 02:33:47,484 - P14756 - INFO - Candidates email: 0 items
2025-05-22 02:33:47,485 - P14756 - INFO - Candidates complement: 0 items
2025-05-22 02:33:47,485 - P14756 - INFO - Candidates cep: 0 items
2025-05-22 02:33:47,485 - P14756 - INFO - Após processar URL 5 Uso de memória: 110.92 MB
2025-05-22 02:33:47,485 - P14756 - INFO - Processando URL 6/10: https://cnpj.services/qsa/paulo-vinicius-peixoto-da-hora
2025-05-22 02:33:50,678 - P14756 - INFO - HTML salvo para debug: data\debug_html_v10\cdde8f704003856a5c81916483245617.html
2025-05-22 02:33:50,700 - P14756 - INFO - Candidates address: 0 items
2025-05-22 02:33:50,703 - P14756 - INFO - Candidates phone: 0 items
2025-05-22 02:33:50,703 - P14756 - INFO - Candidates email: 0 items
2025-05-22 02:33:50,704 - P14756 - INFO - Candidates complement: 0 items
2025-05-22 02:33:50,704 - P14756 - INFO - Candidates cep: 1 items
2025-05-22 02:33:50,704 - P14756 - INFO - Após processar URL 6 Uso de memória: 110.92 MB
2025-05-22 02:33:50,705 - P14756 - INFO - Processando URL 7/10: https://www.medicosbrasil.com/profissional/paulo-vinicius-peixoto-da-hora
2025-05-22 02:33:54,791 - P14756 - INFO - HTML salvo para debug: data\debug_html_v10\24409bb88a3e5ba177ea35bdf77419d8.html
2025-05-22 02:33:54,810 - P14756 - INFO - Candidates address: 0 items
2025-05-22 02:33:54,810 - P14756 - INFO - Candidates phone: 0 items
2025-05-22 02:33:54,810 - P14756 - INFO - Candidates email: 0 items
2025-05-22 02:33:54,810 - P14756 - INFO - Candidates complement: 0 items
2025-05-22 02:33:54,811 - P14756 - INFO - Candidates cep: 0 items
2025-05-22 02:33:54,811 - P14756 - INFO - Após processar URL 7 Uso de memória: 111.30 MB
2025-05-22 02:33:54,811 - P14756 - INFO - Processando URL 8/10: https://portal.cfm.org.br/busca-medicos
2025-05-22 02:33:59,566 - P14756 - INFO - HTML salvo para debug: data\debug_html_v10\e28ae84aaa177d1328f3a0d1fb68449f.html
2025-05-22 02:33:59,607 - P14756 - INFO - Candidates address: 0 items
2025-05-22 02:33:59,607 - P14756 - INFO - Candidates phone: 0 items
2025-05-22 02:33:59,607 - P14756 - INFO - Candidates email: 1 items
2025-05-22 02:33:59,608 - P14756 - INFO - Candidates complement: 1 items
2025-05-22 02:33:59,608 - P14756 - INFO - Candidates cep: 1 items
2025-05-22 02:33:59,608 - P14756 - INFO - Após processar URL 8 Uso de memória: 111.35 MB
2025-05-22 02:33:59,608 - P14756 - INFO - Processando URL 9/10: https://guiasaudebrasil.com.br/profissional/0953f41b8f73c461-paulo-vinicius-peixoto-da-hora
2025-05-22 02:34:06,904 - P14756 - INFO - HTML salvo para debug: data\debug_html_v10\b114496418d4d389d7da8e2ab3bf2045.html
2025-05-22 02:34:06,920 - P14756 - INFO - Candidates address: 0 items
2025-05-22 02:34:06,920 - P14756 - INFO - Candidates phone: 0 items
2025-05-22 02:34:06,920 - P14756 - INFO - Candidates email: 0 items
2025-05-22 02:34:06,920 - P14756 - INFO - Candidates complement: 0 items
2025-05-22 02:34:06,920 - P14756 - INFO - Candidates cep: 1 items
2025-05-22 02:34:06,921 - P14756 - INFO - Após processar URL 9 Uso de memória: 111.39 MB
2025-05-22 02:34:06,921 - P14756 - INFO - Processando URL 10/10: https://drpaulodahora.com/
2025-05-22 02:34:12,077 - P14756 - INFO - HTML salvo para debug: data\debug_html_v10\22b6374692a0171cbbc60db04930e268.html
2025-05-22 02:34:12,107 - P14756 - INFO - Candidates address: 0 items
2025-05-22 02:34:12,107 - P14756 - INFO - Candidates phone: 2 items
2025-05-22 02:34:12,108 - P14756 - INFO - Candidates email: 1 items
2025-05-22 02:34:12,108 - P14756 - INFO - Candidates complement: 0 items
2025-05-22 02:34:12,109 - P14756 - INFO - Candidates cep: 1 items
2025-05-22 02:34:12,109 - P14756 - INFO - Após processar URL 10 Uso de memória: 111.09 MB
2025-05-22 02:34:12,110 - P14756 - INFO - Iniciando agregação e ranqueamento
2025-05-22 02:34:12,110 - P14756 - INFO - Ranked address: 3 items
2025-05-22 02:34:12,111 - P14756 - INFO - Ranked phone: 3 items
2025-05-22 02:34:12,111 - P14756 - INFO - Ranked email: 2 items
2025-05-22 02:34:12,111 - P14756 - INFO - Ranked complement: 1 items
2025-05-22 02:34:12,112 - P14756 - INFO - Ranked cep: 5 items
2025-05-22 02:34:12,114 - P14756 - INFO - Após agregação Uso de memória: 111.09 MB
2025-05-22 02:34:12,114 - P14756 - INFO - Validando endereço: ['Rua Alcino Porto, 10', 'Rua Leandro Leal, 11', 'Rua Prefeito Waldir Lobo, 02']
2025-05-22 02:34:12,115 - P14756 - INFO - Endereço validado: Rua Alcino Porto, 10
2025-05-22 02:34:12,116 - P14756 - INFO - Limpando texto extenso para campo address: Rua Alcino Porto, 10...
2025-05-22 02:34:12,116 - P14756 - INFO - Texto limpo: Rua Alcino Porto, 10
2025-05-22 02:34:12,116 - P14756 - INFO - Validando telefone: ['(21) 3184-7050', '(22) 99968-1803', '(22) 2623-2919']
2025-05-22 02:34:12,117 - P14756 - INFO - Limpando texto extenso para campo phone: (21) 3184-7050...
2025-05-22 02:34:12,117 - P14756 - INFO - Texto limpo: 21) 3184-7050
2025-05-22 02:34:12,117 - P14756 - INFO - Telefone validado: 21) 3184-7050
2025-05-22 02:34:12,117 - P14756 - INFO - Validando email: ['cfm@portalmedico.org.br', 'drpaulodahora@hotmail.com']
2025-05-22 02:34:12,118 - P14756 - INFO - Limpando texto extenso para campo email: cfm@portalmedico.org.br...
2025-05-22 02:34:12,118 - P14756 - INFO - Texto limpo: cfm@portalmedico.org.br
2025-05-22 02:34:12,118 - P14756 - INFO - Email validado: cfm@portalmedico.org.br
2025-05-22 02:34:12,118 - P14756 - INFO - Validando complemento: ['Conjunto D']
2025-05-22 02:34:12,118 - P14756 - INFO - Limpando texto extenso para campo complement: Conjunto D...
2025-05-22 02:34:12,119 - P14756 - INFO - Texto limpo: Conjunto D
2025-05-22 02:34:12,119 - P14756 - INFO - Complemento validado: Conjunto D
2025-05-22 02:34:12,119 - P14756 - INFO - Descobrindo cidade
2025-05-22 02:34:12,119 - P14756 - INFO - Buscando cidade: Rua Alcino Porto cidade RJ
2025-05-22 02:34:14,692 - P14756 - WARNING - Cidade não encontrada
2025-05-22 02:34:14,692 - P14756 - INFO - Cidade descoberta: 
2025-05-22 02:34:14,692 - P14756 - INFO - Tempo de execução de processamento completo do médico: 47.60 segundos
2025-05-22 02:34:14,693 - P14756 - INFO - Resultado processado: {'Hash': '421d425644227b21332bac3f9185369bf80842769323fde5efa59278961a719a', 'CRM': '1175190', 'UF': 'RJ', 'Firstname': 'PAULO', 'LastName': 'VINICIUS PEIXOTO DA HORA', 'Medical specialty': '', 'Endereco Completo A1': 'Rua Alcino Porto, 10', 'Address A1': 'Rua Alcino Porto', 'Numero A1': '10', 'Complement A1': 'Conjunto D', 'Bairro A1': '', 'postal code A1': '', 'City A1': '', 'State A1': '', 'Phone A1': '21) 3184-7050', 'Phone A2': '', 'Cell phone A1': '', 'Cell phone A2': '', 'E-mail A1': 'cfm@portalmedico.org.br', 'E-mail A2': '', 'OPT-IN': '', 'STATUS': '', 'LOTE': ''}
2025-05-22 02:34:14,695 - P14756 - INFO - Progresso: 28.6%
2025-05-22 02:34:14,696 - P14756 - INFO - Executando coleta de lixo
2025-05-22 02:34:14,785 - P14756 - INFO - Após coleta de lixo Uso de memória: 99.23 MB
2025-05-22 02:34:14,786 - P14756 - INFO - Tempo de execução de processamento do médico 1: 48.92 segundos
2025-05-22 02:34:14,786 - P14756 - INFO - 
==================================================
Processando médico 2/3
2025-05-22 02:34:14,786 - P14756 - INFO - Nome: JÔNATAS DAVI STRÖHER
2025-05-22 02:34:14,787 - P14756 - INFO - Início do processamento Uso de memória: 99.23 MB
2025-05-22 02:34:14,787 - P14756 - INFO - Iniciando busca para: JÔNATAS DAVI STRÖHER CRM 1177540 RJ telefone e-mail endereço
2025-05-22 02:34:15,110 - P14756 - INFO - SearX results: 0 URLs
2025-05-22 02:34:15,110 - P14756 - INFO - Após SearX Uso de memória: 99.23 MB
2025-05-22 02:34:17,607 - P14756 - INFO - Google results: 1 URLs
2025-05-22 02:34:17,607 - P14756 - INFO - Após Google Uso de memória: 102.29 MB
2025-05-22 02:34:20,003 - P14756 - INFO - Bing results: 10 URLs
2025-05-22 02:34:20,003 - P14756 - INFO - Após Bing Uso de memória: 105.38 MB
2025-05-22 02:34:20,003 - P14756 - INFO - Total de URLs únicas: 10
2025-05-22 02:34:20,004 - P14756 - INFO - Processando URL 1/10: https://www.consultacrm.com.br/index/profissionais
2025-05-22 02:34:24,127 - P14756 - INFO - HTML salvo para debug: data\debug_html_v10\ca7ac6c4b85cee4a2c1da9949f895117.html
2025-05-22 02:34:24,140 - P14756 - INFO - Candidates address: 0 items
2025-05-22 02:34:24,141 - P14756 - INFO - Candidates phone: 0 items
2025-05-22 02:34:24,141 - P14756 - INFO - Candidates email: 0 items
2025-05-22 02:34:24,142 - P14756 - INFO - Candidates complement: 0 items
2025-05-22 02:34:24,143 - P14756 - INFO - Candidates cep: 0 items
2025-05-22 02:34:24,146 - P14756 - INFO - Após processar URL 1 Uso de memória: 106.35 MB
2025-05-22 02:34:24,146 - P14756 - INFO - Processando URL 2/10: https://www.cremerj.org.br/
2025-05-22 02:34:27,795 - P14756 - INFO - HTML salvo para debug: data\debug_html_v10\57d5b230cbdcf7d719e9b2b2f238c4f1.html
2025-05-22 02:34:27,853 - P14756 - INFO - Candidates address: 0 items
2025-05-22 02:34:27,853 - P14756 - INFO - Candidates phone: 2 items
2025-05-22 02:34:27,853 - P14756 - INFO - Candidates email: 0 items
2025-05-22 02:34:27,854 - P14756 - INFO - Candidates complement: 0 items
2025-05-22 02:34:27,854 - P14756 - INFO - Candidates cep: 3 items
2025-05-22 02:34:27,854 - P14756 - INFO - Após processar URL 2 Uso de memória: 107.25 MB
2025-05-22 02:34:27,854 - P14756 - INFO - Processando URL 3/10: https://www.boaconsulta.com/especialista/jonas-davi-stroher-64ac833b5a7bb819aa0135d0
2025-05-22 02:34:30,784 - P14756 - INFO - HTML salvo para debug: data\debug_html_v10\8ddb36f124d0e391f3af458b915ff4e6.html
2025-05-22 02:34:30,855 - P14756 - INFO - Candidates address: 1 items
2025-05-22 02:34:30,855 - P14756 - INFO - Candidates phone: 0 items
2025-05-22 02:34:30,855 - P14756 - INFO - Candidates email: 0 items
2025-05-22 02:34:30,855 - P14756 - INFO - Candidates complement: 0 items
2025-05-22 02:34:30,856 - P14756 - INFO - Candidates cep: 0 items
2025-05-22 02:34:30,856 - P14756 - INFO - Após processar URL 3 Uso de memória: 108.61 MB
2025-05-22 02:34:30,856 - P14756 - INFO - Processando URL 4/10: http://www.transparencia.cremerj.org.br:8098/planejamento/registroMedico/pesquisar
2025-05-22 02:34:33,113 - P14756 - INFO - HTML salvo para debug: data\debug_html_v10\19128e1d0b16c1bd37c280ce751655f7.html
2025-05-22 02:34:33,144 - P14756 - INFO - Candidates address: 0 items
2025-05-22 02:34:33,145 - P14756 - INFO - Candidates phone: 1 items
2025-05-22 02:34:33,145 - P14756 - INFO - Candidates email: 0 items
2025-05-22 02:34:33,145 - P14756 - INFO - Candidates complement: 0 items
2025-05-22 02:34:33,145 - P14756 - INFO - Candidates cep: 1 items
2025-05-22 02:34:33,145 - P14756 - INFO - Após processar URL 4 Uso de memória: 108.00 MB
2025-05-22 02:34:33,145 - P14756 - INFO - Processando URL 5/10: https://portal.cfm.org.br/busca-medicos
2025-05-22 02:34:36,418 - P14756 - INFO - HTML salvo para debug: data\debug_html_v10\e28ae84aaa177d1328f3a0d1fb68449f.html
2025-05-22 02:34:36,458 - P14756 - INFO - Candidates address: 0 items
2025-05-22 02:34:36,459 - P14756 - INFO - Candidates phone: 0 items
2025-05-22 02:34:36,459 - P14756 - INFO - Candidates email: 1 items
2025-05-22 02:34:36,459 - P14756 - INFO - Candidates complement: 1 items
2025-05-22 02:34:36,459 - P14756 - INFO - Candidates cep: 1 items
2025-05-22 02:34:36,459 - P14756 - INFO - Após processar URL 5 Uso de memória: 108.07 MB
2025-05-22 02:34:36,459 - P14756 - INFO - Processando URL 6/10: https://www.clinicaassis.com.br/service-page/consulta-dr-jonatas-stroher
2025-05-22 02:34:41,038 - P14756 - INFO - HTML salvo para debug: data\debug_html_v10\5de63fe23e9929dfc65a98949e1903eb.html
2025-05-22 02:34:41,061 - P14756 - INFO - Candidates address: 2 items
2025-05-22 02:34:41,062 - P14756 - INFO - Candidates phone: 2 items
2025-05-22 02:34:41,062 - P14756 - INFO - Candidates email: 1 items
2025-05-22 02:34:41,062 - P14756 - INFO - Candidates complement: 0 items
2025-05-22 02:34:41,062 - P14756 - INFO - Candidates cep: 4 items
2025-05-22 02:34:41,062 - P14756 - INFO - Após processar URL 6 Uso de memória: 112.29 MB
2025-05-22 02:34:41,063 - P14756 - INFO - Processando URL 7/10: https://guiamedico.cremesp.org.br/
2025-05-22 02:34:44,373 - P14756 - INFO - HTML salvo para debug: data\debug_html_v10\7c54969580769b63edd9abaa952e1fa2.html
2025-05-22 02:34:44,378 - P14756 - INFO - Candidates address: 1 items
2025-05-22 02:34:44,378 - P14756 - INFO - Candidates phone: 1 items
2025-05-22 02:34:44,379 - P14756 - INFO - Candidates email: 0 items
2025-05-22 02:34:44,379 - P14756 - INFO - Candidates complement: 0 items
2025-05-22 02:34:44,379 - P14756 - INFO - Candidates cep: 1 items
2025-05-22 02:34:44,379 - P14756 - INFO - Após processar URL 7 Uso de memória: 110.15 MB
2025-05-22 02:34:44,379 - P14756 - INFO - Processando URL 8/10: https://www.econodata.com.br/consulta-empresa/52700479000172-J-STROHER-SERVICOS-MEDICOS-E-EXAMES-LTDA
2025-05-22 02:34:50,684 - P14756 - INFO - HTML salvo para debug: data\debug_html_v10\601f755d6e1015798c8fdf017b7f7901.html
2025-05-22 02:34:50,825 - P14756 - INFO - Candidates address: 22 items
2025-05-22 02:34:50,825 - P14756 - INFO - Candidates phone: 0 items
2025-05-22 02:34:50,825 - P14756 - INFO - Candidates email: 0 items
2025-05-22 02:34:50,825 - P14756 - INFO - Candidates complement: 0 items
2025-05-22 02:34:50,825 - P14756 - INFO - Candidates cep: 1 items
2025-05-22 02:34:50,826 - P14756 - INFO - Após processar URL 8 Uso de memória: 109.14 MB
2025-05-22 02:34:50,826 - P14756 - INFO - Processando URL 9/10: https://consultacrm.com.br/
2025-05-22 02:34:54,431 - P14756 - INFO - HTML salvo para debug: data\debug_html_v10\65cadeb91ac3713432c21b535990f440.html
2025-05-22 02:34:54,442 - P14756 - INFO - Candidates address: 0 items
2025-05-22 02:34:54,442 - P14756 - INFO - Candidates phone: 0 items
2025-05-22 02:34:54,442 - P14756 - INFO - Candidates email: 0 items
2025-05-22 02:34:54,442 - P14756 - INFO - Candidates complement: 0 items
2025-05-22 02:34:54,443 - P14756 - INFO - Candidates cep: 0 items
2025-05-22 02:34:54,443 - P14756 - INFO - Após processar URL 9 Uso de memória: 108.76 MB
2025-05-22 02:34:54,443 - P14756 - INFO - Processando URL 10/10: https://www.medicosbrasil.com/profissional/jonatas-davi-stroher
2025-05-22 02:34:56,622 - P14756 - INFO - HTML salvo para debug: data\debug_html_v10\ab3f42d5722a248758cfaad15cfd7603.html
2025-05-22 02:34:56,624 - P14756 - INFO - Candidates address: 0 items
2025-05-22 02:34:56,626 - P14756 - INFO - Candidates phone: 0 items
2025-05-22 02:34:56,626 - P14756 - INFO - Candidates email: 0 items
2025-05-22 02:34:56,627 - P14756 - INFO - Candidates complement: 0 items
2025-05-22 02:34:56,628 - P14756 - INFO - Candidates cep: 0 items
2025-05-22 02:34:56,629 - P14756 - INFO - Após processar URL 10 Uso de memória: 108.76 MB
2025-05-22 02:34:56,630 - P14756 - INFO - Iniciando agregação e ranqueamento
2025-05-22 02:34:56,630 - P14756 - INFO - Ranked address: 25 items
2025-05-22 02:34:56,631 - P14756 - INFO - Ranked phone: 5 items
2025-05-22 02:34:56,631 - P14756 - INFO - Ranked email: 2 items
2025-05-22 02:34:56,632 - P14756 - INFO - Ranked complement: 1 items
2025-05-22 02:34:56,632 - P14756 - INFO - Ranked cep: 10 items
2025-05-22 02:34:56,633 - P14756 - INFO - Após agregação Uso de memória: 108.76 MB
2025-05-22 02:34:56,633 - P14756 - INFO - Validando endereço: ['Avenida Pastor Ademir Dias Duarte, 236', 'Rua Coronel Henrique Da Fonseca, 79', 'Avenida Comendador Teles 1533']
2025-05-22 02:34:56,633 - P14756 - INFO - Endereço validado: Avenida Pastor Ademir Dias Duarte, 236
2025-05-22 02:34:56,634 - P14756 - INFO - Limpando texto extenso para campo address: Avenida Pastor Ademir Dias Duarte, 236...
2025-05-22 02:34:56,634 - P14756 - INFO - Texto limpo: Avenida Pastor Ademir Dias Duarte, 236
2025-05-22 02:34:56,634 - P14756 - INFO - Validando telefone: ['(21) 3184-7050', '(21) 98491-1522', '(21) 3512-0095']
2025-05-22 02:34:56,635 - P14756 - INFO - Limpando texto extenso para campo phone: (21) 3184-7050...
2025-05-22 02:34:56,635 - P14756 - INFO - Texto limpo: 21) 3184-7050
2025-05-22 02:34:56,635 - P14756 - INFO - Telefone validado: 21) 3184-7050
2025-05-22 02:34:56,636 - P14756 - INFO - Validando email: ['cfm@portalmedico.org.br', 'marketing@clinicaassis.com.br']
2025-05-22 02:34:56,636 - P14756 - INFO - Limpando texto extenso para campo email: cfm@portalmedico.org.br...
2025-05-22 02:34:56,637 - P14756 - INFO - Texto limpo: cfm@portalmedico.org.br
2025-05-22 02:34:56,637 - P14756 - INFO - Email validado: cfm@portalmedico.org.br
2025-05-22 02:34:56,638 - P14756 - INFO - Validando complemento: ['Conjunto D']
2025-05-22 02:34:56,638 - P14756 - INFO - Limpando texto extenso para campo complement: Conjunto D...
2025-05-22 02:34:56,639 - P14756 - INFO - Texto limpo: Conjunto D
2025-05-22 02:34:56,639 - P14756 - INFO - Complemento validado: Conjunto D
2025-05-22 02:34:56,639 - P14756 - INFO - Descobrindo cidade
2025-05-22 02:34:56,640 - P14756 - INFO - Buscando cidade: Avenida Pastor Ademir Dias Duarte cidade RJ
2025-05-22 02:35:00,201 - P14756 - WARNING - Cidade não encontrada
2025-05-22 02:35:00,201 - P14756 - INFO - Cidade descoberta: 
2025-05-22 02:35:00,201 - P14756 - INFO - Tempo de execução de processamento completo do médico: 45.41 segundos
2025-05-22 02:35:00,202 - P14756 - INFO - Resultado processado: {'Hash': '4eb371e403d5a85cfdb36243af14b7d9e68e0cc2073059efaf1d5afcaa5c3635', 'CRM': '1177540', 'UF': 'RJ', 'Firstname': 'JÔNATAS', 'LastName': 'DAVI STRÖHER', 'Medical specialty': '', 'Endereco Completo A1': 'Avenida Pastor Ademir Dias Duarte, 236', 'Address A1': 'Avenida Pastor Ademir Dias Duarte', 'Numero A1': '236', 'Complement A1': 'Conjunto D', 'Bairro A1': '', 'postal code A1': '', 'City A1': '', 'State A1': '', 'Phone A1': '21) 3184-7050', 'Phone A2': '', 'Cell phone A1': '', 'Cell phone A2': '', 'E-mail A1': 'cfm@portalmedico.org.br', 'E-mail A2': '', 'OPT-IN': '', 'STATUS': '', 'LOTE': ''}
2025-05-22 02:35:00,202 - P14756 - INFO - Progresso: 28.9%
2025-05-22 02:35:00,202 - P14756 - INFO - Tempo de execução de processamento do médico 2: 45.42 segundos
2025-05-22 02:35:00,203 - P14756 - INFO - 
==================================================
Processando médico 3/3
2025-05-22 02:35:00,203 - P14756 - INFO - Nome: BEATRIZ VELOSO AIEX
2025-05-22 02:35:00,203 - P14756 - INFO - Início do processamento Uso de memória: 107.90 MB
2025-05-22 02:35:00,203 - P14756 - INFO - Iniciando busca para: BEATRIZ VELOSO AIEX CRM 1180304 RJ telefone e-mail endereço
2025-05-22 02:35:00,604 - P14756 - INFO - SearX results: 0 URLs
2025-05-22 02:35:00,605 - P14756 - INFO - Após SearX Uso de memória: 107.90 MB
2025-05-22 02:35:03,886 - P14756 - INFO - Google results: 7 URLs
2025-05-22 02:35:03,887 - P14756 - INFO - Após Google Uso de memória: 109.81 MB
2025-05-22 02:35:06,341 - P14756 - INFO - Bing results: 8 URLs
2025-05-22 02:35:06,342 - P14756 - INFO - Após Bing Uso de memória: 111.74 MB
2025-05-22 02:35:06,342 - P14756 - INFO - Total de URLs únicas: 14
2025-05-22 02:35:06,342 - P14756 - INFO - Processando URL 1/14: https://www.rededorsaoluiz.com.br/encontre-um-medico/dermatologista/em/rj
2025-05-22 02:35:20,199 - P14756 - INFO - HTML salvo para debug: data\debug_html_v10\769ae18b5b645c0528065a454ebfccfa.html
2025-05-22 02:35:20,373 - P14756 - INFO - Candidates address: 10 items
2025-05-22 02:35:20,373 - P14756 - INFO - Candidates phone: 1 items
2025-05-22 02:35:20,374 - P14756 - INFO - Candidates email: 0 items
2025-05-22 02:35:20,376 - P14756 - INFO - Candidates complement: 0 items
2025-05-22 02:35:20,377 - P14756 - INFO - Candidates cep: 0 items
2025-05-22 02:35:20,377 - P14756 - INFO - Após processar URL 1 Uso de memória: 114.44 MB
2025-05-22 02:35:20,377 - P14756 - INFO - Processando URL 2/14: https://www.tuasaude.com/marcar-consulta/dermatologista/em/rio-de-janeiro/
2025-05-22 02:35:23,932 - P14756 - INFO - HTML salvo para debug: data\debug_html_v10\fecc70068219150832913bdd3558f946.html
2025-05-22 02:35:24,039 - P14756 - INFO - Candidates address: 13 items
2025-05-22 02:35:24,039 - P14756 - INFO - Candidates phone: 0 items
2025-05-22 02:35:24,040 - P14756 - INFO - Candidates email: 0 items
2025-05-22 02:35:24,040 - P14756 - INFO - Candidates complement: 3 items
2025-05-22 02:35:24,040 - P14756 - INFO - Candidates cep: 1 items
2025-05-22 02:35:24,040 - P14756 - INFO - Após processar URL 2 Uso de memória: 112.84 MB
2025-05-22 02:35:24,041 - P14756 - INFO - Processando URL 3/14: https://www.boaconsulta.com/especialistas/dermatologistas/rio-de-janeiro-rj/vila-isabel
2025-05-22 02:35:28,328 - P14756 - INFO - HTML salvo para debug: data\debug_html_v10\66b6fee995481acb372f1c8f61210f6c.html
2025-05-22 02:35:28,383 - P14756 - INFO - Candidates address: 2 items
2025-05-22 02:35:28,383 - P14756 - INFO - Candidates phone: 0 items
2025-05-22 02:35:28,383 - P14756 - INFO - Candidates email: 0 items
2025-05-22 02:35:28,383 - P14756 - INFO - Candidates complement: 1 items
2025-05-22 02:35:28,383 - P14756 - INFO - Candidates cep: 0 items
2025-05-22 02:35:28,383 - P14756 - INFO - Após processar URL 3 Uso de memória: 111.83 MB
2025-05-22 02:35:28,383 - P14756 - INFO - Processando URL 4/14: https://www.doctoralia.com.br/beatriz-aiex/dermatologista/rio-de-janeiro?utm_source=google&utm_medium=gmb&utm_campaign=782719&utm_content=website
2025-05-22 02:35:28,384 - P14756 - INFO - Ignorando URL de arquivo não-HTML: https://www.doctoralia.com.br/beatriz-aiex/dermatologista/rio-de-janeiro?utm_source=google&utm_medium=gmb&utm_campaign=782719&utm_content=website
2025-05-22 02:35:28,384 - P14756 - INFO - Após processar URL 4 Uso de memória: 111.83 MB
2025-05-22 02:35:28,384 - P14756 - INFO - Processando URL 5/14: https://www.boaconsulta.com/especialista/beatriz-veloso-aiex-657c24177784b788b6000011
2025-05-22 02:35:31,597 - P14756 - INFO - HTML salvo para debug: data\debug_html_v10\a647a722c89c8584476eeb95d3e5012b.html
2025-05-22 02:35:31,636 - P14756 - INFO - Candidates address: 1 items
2025-05-22 02:35:31,636 - P14756 - INFO - Candidates phone: 0 items
2025-05-22 02:35:31,636 - P14756 - INFO - Candidates email: 0 items
2025-05-22 02:35:31,636 - P14756 - INFO - Candidates complement: 0 items
2025-05-22 02:35:31,636 - P14756 - INFO - Candidates cep: 0 items
2025-05-22 02:35:31,636 - P14756 - INFO - Após processar URL 5 Uso de memória: 111.93 MB
2025-05-22 02:35:31,637 - P14756 - INFO - Processando URL 6/14: https://www.tuasaude.com/marcar-consulta/dermatologista/no/salus-flamengo/
2025-05-22 02:35:34,357 - P14756 - INFO - HTML salvo para debug: data\debug_html_v10\b5c884c6e44cf9a0bb133e0bb6ee6274.html
2025-05-22 02:35:34,409 - P14756 - INFO - Candidates address: 7 items
2025-05-22 02:35:34,409 - P14756 - INFO - Candidates phone: 0 items
2025-05-22 02:35:34,409 - P14756 - INFO - Candidates email: 0 items
2025-05-22 02:35:34,409 - P14756 - INFO - Candidates complement: 3 items
2025-05-22 02:35:34,410 - P14756 - INFO - Candidates cep: 1 items
2025-05-22 02:35:34,410 - P14756 - INFO - Após processar URL 6 Uso de memória: 111.94 MB
2025-05-22 02:35:34,411 - P14756 - INFO - Processando URL 7/14: https://www.rededorsaoluiz.com.br/encontre-um-medico/perfil/beatriz-veloso-aiex
2025-05-22 02:35:38,460 - P14756 - INFO - HTML salvo para debug: data\debug_html_v10\8a91a816066d3cf1de490875a0921d23.html
2025-05-22 02:35:38,602 - P14756 - INFO - Candidates address: 0 items
2025-05-22 02:35:38,603 - P14756 - INFO - Candidates phone: 1 items
2025-05-22 02:35:38,603 - P14756 - INFO - Candidates email: 0 items
2025-05-22 02:35:38,603 - P14756 - INFO - Candidates complement: 0 items
2025-05-22 02:35:38,603 - P14756 - INFO - Candidates cep: 0 items
2025-05-22 02:35:38,603 - P14756 - INFO - Após processar URL 7 Uso de memória: 114.71 MB
2025-05-22 02:35:38,603 - P14756 - INFO - Processando URL 8/14: https://cnpj.biz/40040442000186
2025-05-22 02:35:43,015 - P14756 - INFO - HTML salvo para debug: data\debug_html_v10\37f9de485cf437d2f514a06984c4350e.html
2025-05-22 02:35:43,032 - P14756 - INFO - Candidates address: 2 items
2025-05-22 02:35:43,032 - P14756 - INFO - Candidates phone: 1 items
2025-05-22 02:35:43,032 - P14756 - INFO - Candidates email: 0 items
2025-05-22 02:35:43,033 - P14756 - INFO - Candidates complement: 3 items
2025-05-22 02:35:43,033 - P14756 - INFO - Candidates cep: 3 items
2025-05-22 02:35:43,033 - P14756 - INFO - Após processar URL 8 Uso de memória: 111.95 MB
2025-05-22 02:35:43,033 - P14756 - INFO - Processando URL 9/14: https://www.doctoralia.com.br/beatriz-aiex/dermatologista/rio-de-janeiro
2025-05-22 02:35:43,033 - P14756 - INFO - Ignorando URL de arquivo não-HTML: https://www.doctoralia.com.br/beatriz-aiex/dermatologista/rio-de-janeiro
2025-05-22 02:35:43,034 - P14756 - INFO - Após processar URL 9 Uso de memória: 111.95 MB
2025-05-22 02:35:43,034 - P14756 - INFO - Processando URL 10/14: https://www.catalogo.med.br/doutor/maria-beatriz-furtado-de-mendonca-moncores-velloso-1413174.htm
2025-05-22 02:35:45,246 - P14756 - INFO - HTML salvo para debug: data\debug_html_v10\f4142c092f5f82190d1fb373f49e01aa.html
2025-05-22 02:35:45,246 - P14756 - INFO - Candidates address: 0 items
2025-05-22 02:35:45,246 - P14756 - INFO - Candidates phone: 0 items
2025-05-22 02:35:45,246 - P14756 - INFO - Candidates email: 0 items
2025-05-22 02:35:45,247 - P14756 - INFO - Candidates complement: 0 items
2025-05-22 02:35:45,247 - P14756 - INFO - Candidates cep: 0 items
2025-05-22 02:35:45,247 - P14756 - INFO - Após processar URL 10 Uso de memória: 111.95 MB
2025-05-22 02:35:45,247 - P14756 - INFO - Processando URL 11/14: https://www.boaconsulta.com/especialista/beatriz-veloso-aiex-657c24177784b788b6000011?searchId=clwh2524w00025k6o134oneyi&agendaId=660c803f2e7ef60af7000041
2025-05-22 02:35:48,043 - P14756 - INFO - HTML salvo para debug: data\debug_html_v10\c79fef826816a58e0767d8c33da6fafd.html
2025-05-22 02:35:48,081 - P14756 - INFO - Candidates address: 1 items
2025-05-22 02:35:48,082 - P14756 - INFO - Candidates phone: 0 items
2025-05-22 02:35:48,082 - P14756 - INFO - Candidates email: 0 items
2025-05-22 02:35:48,082 - P14756 - INFO - Candidates complement: 0 items
2025-05-22 02:35:48,082 - P14756 - INFO - Candidates cep: 0 items
2025-05-22 02:35:48,082 - P14756 - INFO - Após processar URL 11 Uso de memória: 111.95 MB
2025-05-22 02:35:48,083 - P14756 - INFO - Processando URL 12/14: https://www.tuasaude.com/marcar-consulta/dermatologista/em/rio-de-janeiro-laranjeiras/
2025-05-22 02:35:51,202 - P14756 - INFO - HTML salvo para debug: data\debug_html_v10\9bfc56237919c8aedbabfdd937e5a500.html
2025-05-22 02:35:51,297 - P14756 - INFO - Candidates address: 13 items
2025-05-22 02:35:51,298 - P14756 - INFO - Candidates phone: 0 items
2025-05-22 02:35:51,298 - P14756 - INFO - Candidates email: 0 items
2025-05-22 02:35:51,298 - P14756 - INFO - Candidates complement: 3 items
2025-05-22 02:35:51,298 - P14756 - INFO - Candidates cep: 1 items
2025-05-22 02:35:51,298 - P14756 - INFO - Após processar URL 12 Uso de memória: 113.02 MB
2025-05-22 02:35:51,299 - P14756 - INFO - Processando URL 13/14: https://www.helpsaude.com/Maria-Beatriz-F-de-M-M-Velloso.Rio-de-Janeiro.RJ
2025-05-22 02:35:57,910 - P14756 - INFO - HTML salvo para debug: data\debug_html_v10\86b9fed5429dc5dad3f04b30d5bbb523.html
2025-05-22 02:35:57,927 - P14756 - INFO - Candidates address: 3 items
2025-05-22 02:35:57,927 - P14756 - INFO - Candidates phone: 0 items
2025-05-22 02:35:57,927 - P14756 - INFO - Candidates email: 0 items
2025-05-22 02:35:57,928 - P14756 - INFO - Candidates complement: 0 items
2025-05-22 02:35:57,928 - P14756 - INFO - Candidates cep: 1 items
2025-05-22 02:35:57,928 - P14756 - INFO - Após processar URL 13 Uso de memória: 111.96 MB
2025-05-22 02:35:57,928 - P14756 - INFO - Processando URL 14/14: https://consultacrm.com.br/
2025-05-22 02:36:01,644 - P14756 - INFO - HTML salvo para debug: data\debug_html_v10\65cadeb91ac3713432c21b535990f440.html
2025-05-22 02:36:01,654 - P14756 - INFO - Candidates address: 0 items
2025-05-22 02:36:01,654 - P14756 - INFO - Candidates phone: 0 items
2025-05-22 02:36:01,655 - P14756 - INFO - Candidates email: 0 items
2025-05-22 02:36:01,655 - P14756 - INFO - Candidates complement: 0 items
2025-05-22 02:36:01,655 - P14756 - INFO - Candidates cep: 0 items
2025-05-22 02:36:01,655 - P14756 - INFO - Após processar URL 14 Uso de memória: 111.97 MB
2025-05-22 02:36:01,655 - P14756 - INFO - Iniciando agregação e ranqueamento
2025-05-22 02:36:01,656 - P14756 - INFO - Ranked address: 29 items
2025-05-22 02:36:01,656 - P14756 - INFO - Ranked phone: 2 items
2025-05-22 02:36:01,656 - P14756 - INFO - Ranked email: 0 items
2025-05-22 02:36:01,656 - P14756 - INFO - Ranked complement: 7 items
2025-05-22 02:36:01,656 - P14756 - INFO - Ranked cep: 5 items
2025-05-22 02:36:01,657 - P14756 - INFO - Após agregação Uso de memória: 111.97 MB
2025-05-22 02:36:01,657 - P14756 - INFO - Validando endereço: ['Rua Almirante Baltazar, 333', 'Rua Siqueira Campos, 59', 'Rua Almirante Baltazar nr. 333 7 e 8']
2025-05-22 02:36:01,657 - P14756 - INFO - Endereço validado: Rua Almirante Baltazar, 333
2025-05-22 02:36:01,657 - P14756 - INFO - Limpando texto extenso para campo address: Rua Almirante Baltazar, 333...
2025-05-22 02:36:01,657 - P14756 - INFO - Texto limpo: Rua Almirante Baltazar, 333
2025-05-22 02:36:01,658 - P14756 - INFO - Validando telefone: ['3003-3230', '(21) 97484-8801']
2025-05-22 02:36:01,658 - P14756 - INFO - Limpando texto extenso para campo phone: (21) 97484-8801...
2025-05-22 02:36:01,658 - P14756 - INFO - Texto limpo: 21) 97484-8801
2025-05-22 02:36:01,658 - P14756 - INFO - Telefone validado: 21) 97484-8801
2025-05-22 02:36:01,658 - P14756 - INFO - Validando complemento: ['Sala 230 - Copacabana', 'Sala 310 - Portaria 06 - Copacabana', 'Bloco 01']
2025-05-22 02:36:01,658 - P14756 - INFO - Limpando texto extenso para campo complement: Sala 230 - Copacabana...
2025-05-22 02:36:01,658 - P14756 - INFO - Texto limpo: Sala 230 - Copacabana
2025-05-22 02:36:01,659 - P14756 - INFO - Complemento validado: Sala 230 - Copacabana
2025-05-22 02:36:01,659 - P14756 - INFO - Descobrindo cidade
2025-05-22 02:36:01,659 - P14756 - INFO - Buscando cidade: Rua Almirante Baltazar cidade RJ
2025-05-22 02:36:04,181 - P14756 - WARNING - Cidade não encontrada
2025-05-22 02:36:04,182 - P14756 - INFO - Cidade descoberta: 
2025-05-22 02:36:04,182 - P14756 - INFO - Tempo de execução de processamento completo do médico: 63.98 segundos
2025-05-22 02:36:04,183 - P14756 - INFO - Resultado processado: {'Hash': 'f44f6b260d54d5c6dd432cea61e77abde2fb11350521c8b43ffb02e5baa7ab8a', 'CRM': '1180304', 'UF': 'RJ', 'Firstname': 'BEATRIZ', 'LastName': 'VELOSO AIEX', 'Medical specialty': '', 'Endereco Completo A1': 'Rua Almirante Baltazar, 333', 'Address A1': 'Rua Almirante Baltazar', 'Numero A1': '333', 'Complement A1': 'Sala 230 - Copacabana', 'Bairro A1': '', 'postal code A1': '', 'City A1': '', 'State A1': '', 'Phone A1': '21) 97484-8801', 'Phone A2': '', 'Cell phone A1': '', 'Cell phone A2': '', 'E-mail A1': '', 'E-mail A2': '', 'OPT-IN': '', 'STATUS': '', 'LOTE': ''}
2025-05-22 02:36:04,183 - P14756 - INFO - Salvando lote de resultados
2025-05-22 02:36:04,184 - P14756 - INFO - Após salvar resultados Uso de memória: 109.21 MB
2025-05-22 02:36:04,184 - P14756 - INFO - Progresso: 29.4%
2025-05-22 02:36:04,184 - P14756 - INFO - Tempo de execução de processamento do médico 3: 63.98 segundos
2025-05-22 02:36:04,185 - P14756 - INFO - Tempo de execução de processamento do lote completo: 158.32 segundos
