2025-05-22 01:54:02,511 - P11992 - INFO - 
==================================================
Processando médico 1/3
2025-05-22 01:54:02,512 - P11992 - INFO - Nome: NATHALIA DOS SANTOS
2025-05-22 01:54:02,513 - P11992 - INFO - Reiniciando driver do Chrome
2025-05-22 01:54:03,907 - P11992 - INFO - Após reiniciar driver Uso de memória: 107.82 MB
2025-05-22 01:54:03,908 - P11992 - INFO - Início do processamento Uso de memória: 107.82 MB
2025-05-22 01:54:03,908 - P11992 - INFO - Iniciando busca para: NATHALIA DOS SANTOS CRM 17986 GO telefone e-mail endereço
2025-05-22 01:54:04,491 - P11992 - INFO - SearX results: 14 URLs
2025-05-22 01:54:04,492 - P11992 - INFO - Após SearX Uso de memória: 107.82 MB
2025-05-22 01:54:08,027 - P11992 - INFO - Google results: 6 URLs
2025-05-22 01:54:08,027 - P11992 - INFO - Após Google Uso de memória: 111.83 MB
2025-05-22 01:54:10,773 - P11992 - INFO - Bing results: 15 URLs
2025-05-22 01:54:10,774 - P11992 - INFO - Após Bing Uso de memória: 113.48 MB
2025-05-22 01:54:10,774 - P11992 - INFO - Total de URLs únicas: 27
2025-05-22 01:54:10,774 - P11992 - INFO - Processando URL 1/27: https://www.doctoralia.com.br/endocrinologista/goiania/setor-oeste
2025-05-22 01:54:10,774 - P11992 - INFO - Ignorando URL de arquivo não-HTML: https://www.doctoralia.com.br/endocrinologista/goiania/setor-oeste
2025-05-22 01:54:10,774 - P11992 - INFO - Após processar URL 1 Uso de memória: 113.48 MB
2025-05-22 01:54:10,774 - P11992 - INFO - Processando URL 2/27: https://www.doctoralia.com.br/endocrinologista/goiania/setor-marista
2025-05-22 01:54:10,774 - P11992 - INFO - Ignorando URL de arquivo não-HTML: https://www.doctoralia.com.br/endocrinologista/goiania/setor-marista
2025-05-22 01:54:10,775 - P11992 - INFO - Após processar URL 2 Uso de memória: 113.48 MB
2025-05-22 01:54:10,775 - P11992 - INFO - Processando URL 3/27: https://www.doctoralia.com.br/endocrinologista/goiania/bradesco-saude
2025-05-22 01:54:10,775 - P11992 - INFO - Ignorando URL de arquivo não-HTML: https://www.doctoralia.com.br/endocrinologista/goiania/bradesco-saude
2025-05-22 01:54:10,775 - P11992 - INFO - Após processar URL 3 Uso de memória: 113.48 MB
2025-05-22 01:54:10,775 - P11992 - INFO - Processando URL 4/27: https://portal-api.campinas.sp.gov.br/sites/default/files/publicacoes-dom/dom/1350597119.pdf
2025-05-22 01:54:10,775 - P11992 - INFO - Ignorando URL de arquivo não-HTML: https://portal-api.campinas.sp.gov.br/sites/default/files/publicacoes-dom/dom/1350597119.pdf
2025-05-22 01:54:10,776 - P11992 - INFO - Após processar URL 4 Uso de memória: 113.48 MB
2025-05-22 01:54:10,776 - P11992 - INFO - Processando URL 5/27: https://www.benditoguia.com.br/empresa/nathalia-dos-santos-endocrinologista-setor-bueno-goiania-go
2025-05-22 01:54:15,007 - P11992 - INFO - HTML salvo para debug: data\debug_html_v10\dac66360dc0b4f7839c39cf543758112.html
2025-05-22 01:54:15,029 - P11992 - INFO - Candidates address: 1 items
2025-05-22 01:54:15,030 - P11992 - INFO - Candidates phone: 1 items
2025-05-22 01:54:15,030 - P11992 - INFO - Candidates email: 0 items
2025-05-22 01:54:15,030 - P11992 - INFO - Candidates complement: 1 items
2025-05-22 01:54:15,030 - P11992 - INFO - Candidates cep: 1 items
2025-05-22 01:54:15,030 - P11992 - INFO - Após processar URL 5 Uso de memória: 113.66 MB
2025-05-22 01:54:15,031 - P11992 - INFO - Processando URL 6/27: https://diariooficial.guarulhos.sp.gov.br/uploads/pdf/1213875516.pdf
2025-05-22 01:54:15,031 - P11992 - INFO - Ignorando URL de arquivo não-HTML: https://diariooficial.guarulhos.sp.gov.br/uploads/pdf/1213875516.pdf
2025-05-22 01:54:15,031 - P11992 - INFO - Após processar URL 6 Uso de memória: 113.66 MB
2025-05-22 01:54:15,031 - P11992 - INFO - Processando URL 7/27: https://www.doctoralia.com.br/nathalia-dos-santos/endocrinologista/goiania?utm_source=google&utm_medium=gmb&utm_campaign=153784&utm_content=website
2025-05-22 01:54:15,031 - P11992 - INFO - Ignorando URL de arquivo não-HTML: https://www.doctoralia.com.br/nathalia-dos-santos/endocrinologista/goiania?utm_source=google&utm_medium=gmb&utm_campaign=153784&utm_content=website
2025-05-22 01:54:15,032 - P11992 - INFO - Após processar URL 7 Uso de memória: 113.66 MB
2025-05-22 01:54:15,032 - P11992 - INFO - Processando URL 8/27: https://www.doctoralia.com.br/endocrinologista/goiania/ipasgo
2025-05-22 01:54:15,032 - P11992 - INFO - Ignorando URL de arquivo não-HTML: https://www.doctoralia.com.br/endocrinologista/goiania/ipasgo
2025-05-22 01:54:15,032 - P11992 - INFO - Após processar URL 8 Uso de memória: 113.66 MB
2025-05-22 01:54:15,032 - P11992 - INFO - Processando URL 9/27: https://diariooficial.guarulhos.sp.gov.br/uploads/pdf/1278471420.pdf
2025-05-22 01:54:15,033 - P11992 - INFO - Ignorando URL de arquivo não-HTML: https://diariooficial.guarulhos.sp.gov.br/uploads/pdf/1278471420.pdf
2025-05-22 01:54:15,033 - P11992 - INFO - Após processar URL 9 Uso de memória: 113.66 MB
2025-05-22 01:54:15,033 - P11992 - INFO - Processando URL 10/27: https://www.boaconsulta.com/especialista/nathalia-dos-santos-61060408a2e00a78ce0015b2
2025-05-22 01:54:18,539 - P11992 - INFO - HTML salvo para debug: data\debug_html_v10\c8c47c08446e09016a3f948e4787a487.html
2025-05-22 01:54:18,610 - P11992 - INFO - Candidates address: 1 items
2025-05-22 01:54:18,610 - P11992 - INFO - Candidates phone: 0 items
2025-05-22 01:54:18,611 - P11992 - INFO - Candidates email: 0 items
2025-05-22 01:54:18,611 - P11992 - INFO - Candidates complement: 0 items
2025-05-22 01:54:18,611 - P11992 - INFO - Candidates cep: 0 items
2025-05-22 01:54:18,611 - P11992 - INFO - Após processar URL 10 Uso de memória: 114.45 MB
2025-05-22 01:54:18,612 - P11992 - INFO - Processando URL 11/27: https://www.medicosbrasil.com/profissional/nathalia-dos-santos
2025-05-22 01:54:22,340 - P11992 - INFO - HTML salvo para debug: data\debug_html_v10\f45709d3fbad63d4877ac5d454f03ae8.html
2025-05-22 01:54:22,359 - P11992 - INFO - Candidates address: 0 items
2025-05-22 01:54:22,359 - P11992 - INFO - Candidates phone: 0 items
2025-05-22 01:54:22,359 - P11992 - INFO - Candidates email: 0 items
2025-05-22 01:54:22,359 - P11992 - INFO - Candidates complement: 0 items
2025-05-22 01:54:22,360 - P11992 - INFO - Candidates cep: 0 items
2025-05-22 01:54:22,360 - P11992 - INFO - Após processar URL 11 Uso de memória: 113.36 MB
2025-05-22 01:54:22,360 - P11992 - INFO - Processando URL 12/27: https://www.doctoralia.com.br/nathalia-dos-santos/endocrinologista/goiania
2025-05-22 01:54:22,360 - P11992 - INFO - Ignorando URL de arquivo não-HTML: https://www.doctoralia.com.br/nathalia-dos-santos/endocrinologista/goiania
2025-05-22 01:54:22,360 - P11992 - INFO - Após processar URL 12 Uso de memória: 113.36 MB
2025-05-22 01:54:22,360 - P11992 - INFO - Processando URL 13/27: https://diariooficial.santos.sp.gov.br/edicoes/inicio/download/2019-03-25
2025-05-22 01:54:24,480 - P11992 - INFO - HTML salvo para debug: data\debug_html_v10\fab60748d53d8fa19ab48a68f503cec4.html
2025-05-22 01:54:24,480 - P11992 - INFO - Candidates address: 0 items
2025-05-22 01:54:24,480 - P11992 - INFO - Candidates phone: 0 items
2025-05-22 01:54:24,480 - P11992 - INFO - Candidates email: 0 items
2025-05-22 01:54:24,481 - P11992 - INFO - Candidates complement: 0 items
2025-05-22 01:54:24,481 - P11992 - INFO - Candidates cep: 0 items
2025-05-22 01:54:24,481 - P11992 - INFO - Após processar URL 13 Uso de memória: 113.36 MB
2025-05-22 01:54:24,481 - P11992 - INFO - Processando URL 14/27: https://osasco.sp.gov.br/site/wp-content/uploads/2022/02/iomo577.pdf
2025-05-22 01:54:24,481 - P11992 - INFO - Ignorando URL de arquivo não-HTML: https://osasco.sp.gov.br/site/wp-content/uploads/2022/02/iomo577.pdf
2025-05-22 01:54:24,481 - P11992 - INFO - Após processar URL 14 Uso de memória: 113.36 MB
2025-05-22 01:54:24,481 - P11992 - INFO - Processando URL 15/27: https://www.findhealthclinics.com/BR/Goi%C3%A2nia/153548668663518/Dra.-Nathalia-Dos-Santos
2025-05-22 01:54:28,418 - P11992 - INFO - HTML salvo para debug: data\debug_html_v10\2e23b62f521a19452df04cdeb0d8c42e.html
2025-05-22 01:54:28,476 - P11992 - INFO - Candidates address: 1 items
2025-05-22 01:54:28,477 - P11992 - INFO - Candidates phone: 0 items
2025-05-22 01:54:28,477 - P11992 - INFO - Candidates email: 0 items
2025-05-22 01:54:28,477 - P11992 - INFO - Candidates complement: 7 items
2025-05-22 01:54:28,477 - P11992 - INFO - Candidates cep: 4 items
2025-05-22 01:54:28,477 - P11992 - INFO - Após processar URL 15 Uso de memória: 114.99 MB
2025-05-22 01:54:28,478 - P11992 - INFO - Processando URL 16/27: https://www.benditoguia.com.br/empresa/dra-nathalia-dos-santos-endocrinologista-setor-sul-goiania-go
2025-05-22 01:54:31,227 - P11992 - INFO - HTML salvo para debug: data\debug_html_v10\fc96d6066157575de12a8d0d7aa6cd8d.html
2025-05-22 01:54:31,250 - P11992 - INFO - Candidates address: 0 items
2025-05-22 01:54:31,251 - P11992 - INFO - Candidates phone: 1 items
2025-05-22 01:54:31,251 - P11992 - INFO - Candidates email: 0 items
2025-05-22 01:54:31,251 - P11992 - INFO - Candidates complement: 0 items
2025-05-22 01:54:31,252 - P11992 - INFO - Candidates cep: 1 items
2025-05-22 01:54:31,252 - P11992 - INFO - Após processar URL 16 Uso de memória: 115.00 MB
2025-05-22 01:54:31,252 - P11992 - INFO - Processando URL 17/27: https://sistemas.trf1.jus.br/edj/bitstream/handle/123/317112/Caderno_JUD_GO_2018-02-23_X_33.pdf?sequence=2&isAllowed=y
2025-05-22 01:54:31,252 - P11992 - INFO - Ignorando URL de arquivo não-HTML: https://sistemas.trf1.jus.br/edj/bitstream/handle/123/317112/Caderno_JUD_GO_2018-02-23_X_33.pdf?sequence=2&isAllowed=y
2025-05-22 01:54:31,253 - P11992 - INFO - Após processar URL 17 Uso de memória: 107.75 MB
2025-05-22 01:54:31,253 - P11992 - INFO - Processando URL 18/27: https://www.doctoralia.com.br/endocrinologista/goiania/setor-aeroporto
2025-05-22 01:54:31,253 - P11992 - INFO - Ignorando URL de arquivo não-HTML: https://www.doctoralia.com.br/endocrinologista/goiania/setor-aeroporto
2025-05-22 01:54:31,254 - P11992 - INFO - Após processar URL 18 Uso de memória: 107.75 MB
2025-05-22 01:54:31,254 - P11992 - INFO - Processando URL 19/27: https://www.doctoralia.com.br/endocrinologista/goiania/setor-bueno
2025-05-22 01:54:31,254 - P11992 - INFO - Ignorando URL de arquivo não-HTML: https://www.doctoralia.com.br/endocrinologista/goiania/setor-bueno
2025-05-22 01:54:31,254 - P11992 - INFO - Após processar URL 19 Uso de memória: 107.75 MB
2025-05-22 01:54:31,254 - P11992 - INFO - Processando URL 20/27: https://cliniguia.com/profissionais/nathalia-dos-santos-700003266061203/
2025-05-22 01:54:36,589 - P11992 - INFO - HTML salvo para debug: data\debug_html_v10\2eddd8ee9bc937b5ec7ae5972c5644d7.html
2025-05-22 01:54:36,635 - P11992 - INFO - Candidates address: 0 items
2025-05-22 01:54:36,636 - P11992 - INFO - Candidates phone: 0 items
2025-05-22 01:54:36,636 - P11992 - INFO - Candidates email: 0 items
2025-05-22 01:54:36,636 - P11992 - INFO - Candidates complement: 0 items
2025-05-22 01:54:36,636 - P11992 - INFO - Candidates cep: 0 items
2025-05-22 01:54:36,636 - P11992 - INFO - Após processar URL 20 Uso de memória: 110.80 MB
2025-05-22 01:54:36,636 - P11992 - INFO - Processando URL 21/27: https://guiamania.com.br/nathalia-dos-santos-endocrinologista-setor-bueno-go/
2025-05-22 01:54:46,240 - P11992 - INFO - HTML salvo para debug: data\debug_html_v10\74d3195df211ff2a1a03bc435d3cc0c8.html
2025-05-22 01:54:46,282 - P11992 - INFO - Candidates address: 1 items
2025-05-22 01:54:46,282 - P11992 - INFO - Candidates phone: 1 items
2025-05-22 01:54:46,284 - P11992 - INFO - Candidates email: 0 items
2025-05-22 01:54:46,288 - P11992 - INFO - Candidates complement: 1 items
2025-05-22 01:54:46,290 - P11992 - INFO - Candidates cep: 1 items
2025-05-22 01:54:46,291 - P11992 - INFO - Após processar URL 21 Uso de memória: 112.94 MB
2025-05-22 01:54:46,294 - P11992 - INFO - Processando URL 22/27: https://ecrie.com.br/sistema/conteudos/arquivo/a_103_1_2_05032024170426.pdf
2025-05-22 01:54:46,294 - P11992 - INFO - Ignorando URL de arquivo não-HTML: https://ecrie.com.br/sistema/conteudos/arquivo/a_103_1_2_05032024170426.pdf
2025-05-22 01:54:46,295 - P11992 - INFO - Após processar URL 22 Uso de memória: 111.38 MB
2025-05-22 01:54:46,295 - P11992 - INFO - Processando URL 23/27: https://www.doctoralia.com.br/endocrinologista/goiania/samp
2025-05-22 01:54:46,297 - P11992 - INFO - Ignorando URL de arquivo não-HTML: https://www.doctoralia.com.br/endocrinologista/goiania/samp
2025-05-22 01:54:46,300 - P11992 - INFO - Após processar URL 23 Uso de memória: 111.38 MB
2025-05-22 01:54:46,306 - P11992 - INFO - Processando URL 24/27: http://www.emdec.com.br/eficiente/repositorio/Laura/17609.pdf
2025-05-22 01:54:46,308 - P11992 - INFO - Ignorando URL de arquivo não-HTML: http://www.emdec.com.br/eficiente/repositorio/Laura/17609.pdf
2025-05-22 01:54:46,309 - P11992 - INFO - Após processar URL 24 Uso de memória: 111.38 MB
2025-05-22 01:54:46,309 - P11992 - INFO - Processando URL 25/27: https://www.doctoralia.com.br/endocrinologista/goiania/setor-leste-vila-nova
2025-05-22 01:54:46,309 - P11992 - INFO - Ignorando URL de arquivo não-HTML: https://www.doctoralia.com.br/endocrinologista/goiania/setor-leste-vila-nova
2025-05-22 01:54:46,310 - P11992 - INFO - Após processar URL 25 Uso de memória: 111.38 MB
2025-05-22 01:54:46,310 - P11992 - INFO - Processando URL 26/27: https://www.doctoralia.com.br/endocrinologista/goiania/cassi
2025-05-22 01:54:46,311 - P11992 - INFO - Ignorando URL de arquivo não-HTML: https://www.doctoralia.com.br/endocrinologista/goiania/cassi
2025-05-22 01:54:46,311 - P11992 - INFO - Após processar URL 26 Uso de memória: 111.38 MB
2025-05-22 01:54:46,311 - P11992 - INFO - Processando URL 27/27: https://consultacrm.com.br/
2025-05-22 01:54:50,207 - P11992 - INFO - HTML salvo para debug: data\debug_html_v10\65cadeb91ac3713432c21b535990f440.html
2025-05-22 01:54:50,218 - P11992 - INFO - Candidates address: 0 items
2025-05-22 01:54:50,219 - P11992 - INFO - Candidates phone: 0 items
2025-05-22 01:54:50,219 - P11992 - INFO - Candidates email: 0 items
2025-05-22 01:54:50,219 - P11992 - INFO - Candidates complement: 0 items
2025-05-22 01:54:50,219 - P11992 - INFO - Candidates cep: 0 items
2025-05-22 01:54:50,220 - P11992 - INFO - Após processar URL 27 Uso de memória: 112.17 MB
2025-05-22 01:54:50,220 - P11992 - INFO - Iniciando agregação e ranqueamento
2025-05-22 01:54:50,220 - P11992 - INFO - Ranked address: 3 items
2025-05-22 01:54:50,220 - P11992 - INFO - Ranked phone: 2 items
2025-05-22 01:54:50,220 - P11992 - INFO - Ranked email: 0 items
2025-05-22 01:54:50,220 - P11992 - INFO - Ranked complement: 8 items
2025-05-22 01:54:50,220 - P11992 - INFO - Ranked cep: 6 items
2025-05-22 01:54:50,221 - P11992 - INFO - Após agregação Uso de memória: 112.17 MB
2025-05-22 01:54:50,221 - P11992 - INFO - Validando endereço: ['Av. T12 c/ Rua T-37 Edificio Connect Park Business . 14° andar Sala 1408', 'Rua C148, 1280', 'Rua 1123 N 232']
2025-05-22 01:54:50,221 - P11992 - INFO - Endereço validado: Av. T12 c/ Rua T-37 Edificio Connect Park Business . 14° andar Sala 1408
2025-05-22 01:54:50,221 - P11992 - INFO - Limpando texto extenso para campo address: Av. T12 c/ Rua T-37 Edificio Connect Park Business...
2025-05-22 01:54:50,221 - P11992 - INFO - Texto limpo: Av. T12 c/ Rua T-37 Edificio Connect Park Business . 14° andar Sala 1408
2025-05-22 01:54:50,222 - P11992 - INFO - Validando telefone: ["Add place's phone number", "Add%20place's%20phone%20number"]
2025-05-22 01:54:50,222 - P11992 - INFO - Validando complemento: ['Sala 1408', 'Salas B3708/3710 Goiânia', 'Salas C1901-C1903']
2025-05-22 01:54:50,222 - P11992 - INFO - Limpando texto extenso para campo complement: Sala 1408...
2025-05-22 01:54:50,222 - P11992 - INFO - Texto limpo: Sala 1408
2025-05-22 01:54:50,222 - P11992 - INFO - Complemento validado: Sala 1408
2025-05-22 01:54:50,222 - P11992 - INFO - Descobrindo cidade
2025-05-22 01:54:50,222 - P11992 - INFO - Buscando cidade: Av. T12 c/ Rua T-37 Edificio Connect Park Business . 14° andar Sala 1408 cidade GO
2025-05-22 01:54:52,634 - P11992 - INFO - Cidade encontrada: Goiânia
2025-05-22 01:54:52,635 - P11992 - INFO - Limpando texto extenso para campo city: Goiânia...
2025-05-22 01:54:52,635 - P11992 - INFO - Texto limpo: Goiânia
2025-05-22 01:54:52,635 - P11992 - INFO - Cidade descoberta: Goiânia
2025-05-22 01:54:52,635 - P11992 - INFO - Buscando CEP com sistema de cascata
2025-05-22 01:54:52,636 - P11992 - INFO - Iniciando busca de CEP em cascata para: Av. T12 c/ Rua T-37 Edificio Connect Park Business . 14° andar Sala 1408, Goiânia, GO
2025-05-22 01:54:52,636 - P11992 - INFO - Método 1: ViaCEP API
2025-05-22 01:54:52,636 - P11992 - INFO - Buscando no ViaCEP: https://viacep.com.br/ws/GO/goiania/avenida%20t12%20c%20rua%20t%2037%20edificio%20connect%20park%20business%2014%20andar%20sala%201408/json/
2025-05-22 01:54:53,375 - P11992 - WARNING - ViaCEP retornou status 200 ou nenhum resultado
2025-05-22 01:54:53,376 - P11992 - INFO - Método 2: BrasilAPI
2025-05-22 01:54:53,377 - P11992 - INFO - Buscando na BrasilAPI: Av. T12 c/ Rua T-37 Edificio Connect Park Business . 14° andar Sala 1408, Goiânia, GO
2025-05-22 01:54:53,888 - P11992 - INFO - Consultando BrasilAPI: https://brasilapi.com.br/api/cep/v2/35135084
2025-05-22 01:55:04,192 - P11992 - ERROR - Erro ao buscar na BrasilAPI: HTTPSConnectionPool(host='brasilapi.com.br', port=443): Read timed out. (read timeout=10)
2025-05-22 01:55:04,194 - P11992 - INFO - Método 3: Web Scraping do Google
2025-05-22 01:55:04,194 - P11992 - INFO - Buscando CEP: CEP da Av. T12 c/ Rua T-37 Edificio Connect Park Business . 14° andar Sala 1408, Goiânia
2025-05-22 01:55:06,046 - P11992 - INFO - CEP encontrado: 74223-080
2025-05-22 01:55:06,047 - P11992 - INFO - CEP encontrado via Google: 74223-080
2025-05-22 01:55:06,047 - P11992 - INFO - Dados de CEP encontrados: {'cep': '74223-080', 'logradouro': 'Av. T12 c/ Rua T-37 Edificio Connect Park Business . 14° andar Sala 1408', 'bairro': '', 'localidade': 'Goiânia', 'uf': 'GO', 'complemento': ''}
2025-05-22 01:55:06,047 - P11992 - INFO - Limpando texto extenso para campo city: Goiânia...
2025-05-22 01:55:06,047 - P11992 - INFO - Texto limpo: Goiânia
2025-05-22 01:55:06,047 - P11992 - INFO - Limpando texto extenso para campo state: GO...
2025-05-22 01:55:06,047 - P11992 - INFO - Texto limpo: GO
2025-05-22 01:55:06,047 - P11992 - INFO - Tempo de execução de processamento completo do médico: 62.14 segundos
2025-05-22 01:55:06,048 - P11992 - INFO - Resultado processado: {'Hash': '9dc727063c9ca6ee3418b448c098857dce3127d106be7620878544d7a66a08e7', 'CRM': '17986', 'UF': 'GO', 'Firstname': 'NATHALIA', 'LastName': 'DOS SANTOS', 'Medical specialty': '', 'Endereco Completo A1': 'Av. T12 c/ Rua T-37 Edificio Connect Park Business . 14° andar Sala 1408', 'Address A1': 'Av. T12 c/ Rua T-37 Edificio Connect Park Business . 14° andar Sala 1408', 'Numero A1': '', 'Complement A1': 'Sala 1408', 'Bairro A1': '', 'postal code A1': '74223-080', 'City A1': 'Goiânia', 'State A1': 'GO', 'Phone A1': '', 'Phone A2': '', 'Cell phone A1': '', 'Cell phone A2': '', 'E-mail A1': '', 'E-mail A2': '', 'OPT-IN': '', 'STATUS': '', 'LOTE': ''}
2025-05-22 01:55:06,049 - P11992 - INFO - Progresso: 13.1%
2025-05-22 01:55:06,049 - P11992 - INFO - Executando coleta de lixo
2025-05-22 01:55:06,118 - P11992 - INFO - Após coleta de lixo Uso de memória: 93.94 MB
2025-05-22 01:55:06,118 - P11992 - INFO - Tempo de execução de processamento do médico 1: 63.61 segundos
2025-05-22 01:55:06,118 - P11992 - INFO - 
==================================================
Processando médico 2/3
2025-05-22 01:55:06,119 - P11992 - INFO - Nome: CAMILA SOUZA FARIAS
2025-05-22 01:55:06,119 - P11992 - INFO - Início do processamento Uso de memória: 93.94 MB
2025-05-22 01:55:06,119 - P11992 - INFO - Iniciando busca para: CAMILA SOUZA FARIAS CRM 20030 GO telefone e-mail endereço
2025-05-22 01:55:06,716 - P11992 - INFO - SearX results: 9 URLs
2025-05-22 01:55:06,716 - P11992 - INFO - Após SearX Uso de memória: 93.95 MB
2025-05-22 01:55:10,092 - P11992 - INFO - Google results: 9 URLs
2025-05-22 01:55:10,093 - P11992 - INFO - Após Google Uso de memória: 98.38 MB
2025-05-22 01:55:12,596 - P11992 - INFO - Bing results: 12 URLs
2025-05-22 01:55:12,597 - P11992 - INFO - Após Bing Uso de memória: 101.27 MB
2025-05-22 01:55:12,597 - P11992 - INFO - Total de URLs únicas: 25
2025-05-22 01:55:12,597 - P11992 - INFO - Processando URL 1/25: https://dosp.com.br/exibe_do.php?i=NTU5MTE=
2025-05-22 01:55:14,740 - P11992 - INFO - HTML salvo para debug: data\debug_html_v10\ccbdd3b8a5bd27f98a285c59bf2c49e0.html
2025-05-22 01:55:14,741 - P11992 - INFO - Candidates address: 0 items
2025-05-22 01:55:14,741 - P11992 - INFO - Candidates phone: 0 items
2025-05-22 01:55:14,741 - P11992 - INFO - Candidates email: 0 items
2025-05-22 01:55:14,741 - P11992 - INFO - Candidates complement: 0 items
2025-05-22 01:55:14,741 - P11992 - INFO - Candidates cep: 0 items
2025-05-22 01:55:14,741 - P11992 - INFO - Após processar URL 1 Uso de memória: 101.27 MB
2025-05-22 01:55:14,742 - P11992 - INFO - Processando URL 2/25: https://www.ioepa.com.br/pages/2019/2019.05.17.DOE.pdf
2025-05-22 01:55:14,742 - P11992 - INFO - Ignorando URL de arquivo não-HTML: https://www.ioepa.com.br/pages/2019/2019.05.17.DOE.pdf
2025-05-22 01:55:14,742 - P11992 - INFO - Após processar URL 2 Uso de memória: 101.27 MB
2025-05-22 01:55:14,742 - P11992 - INFO - Processando URL 3/25: https://www.doctoralia.com.br/camila-souza-farias/medico-clinico-geral-endocrinologista/goiania#:~:text=01%20jul.%202014Dra.%20Camila
2025-05-22 01:55:14,742 - P11992 - INFO - Ignorando URL de arquivo não-HTML: https://www.doctoralia.com.br/camila-souza-farias/medico-clinico-geral-endocrinologista/goiania#:~:text=01%20jul.%202014Dra.%20Camila
2025-05-22 01:55:14,743 - P11992 - INFO - Após processar URL 3 Uso de memória: 101.27 MB
2025-05-22 01:55:14,743 - P11992 - INFO - Processando URL 4/25: https://listamedicos.com/medico/camila-souza-farias
2025-05-22 01:55:18,842 - P11992 - INFO - HTML salvo para debug: data\debug_html_v10\c190808e59ca265645daba3d3680455e.html
2025-05-22 01:55:18,850 - P11992 - INFO - Candidates address: 0 items
2025-05-22 01:55:18,850 - P11992 - INFO - Candidates phone: 0 items
2025-05-22 01:55:18,850 - P11992 - INFO - Candidates email: 0 items
2025-05-22 01:55:18,851 - P11992 - INFO - Candidates complement: 0 items
2025-05-22 01:55:18,851 - P11992 - INFO - Candidates cep: 2 items
2025-05-22 01:55:18,851 - P11992 - INFO - Após processar URL 4 Uso de memória: 98.41 MB
2025-05-22 01:55:18,851 - P11992 - INFO - Processando URL 5/25: https://osasco.sp.gov.br/site/wp-content/uploads/2022/02/iomo510.pdf
2025-05-22 01:55:18,851 - P11992 - INFO - Ignorando URL de arquivo não-HTML: https://osasco.sp.gov.br/site/wp-content/uploads/2022/02/iomo510.pdf
2025-05-22 01:55:18,852 - P11992 - INFO - Após processar URL 5 Uso de memória: 97.58 MB
2025-05-22 01:55:18,852 - P11992 - INFO - Processando URL 6/25: https://camilafarias.com.br/
2025-05-22 01:55:21,215 - P11992 - INFO - HTML salvo para debug: data\debug_html_v10\38abfb3809183d5b2ded07896c74c2d9.html
2025-05-22 01:55:21,239 - P11992 - INFO - Candidates address: 0 items
2025-05-22 01:55:21,239 - P11992 - INFO - Candidates phone: 0 items
2025-05-22 01:55:21,239 - P11992 - INFO - Candidates email: 0 items
2025-05-22 01:55:21,240 - P11992 - INFO - Candidates complement: 1 items
2025-05-22 01:55:21,240 - P11992 - INFO - Candidates cep: 1 items
2025-05-22 01:55:21,240 - P11992 - INFO - Após processar URL 6 Uso de memória: 101.63 MB
2025-05-22 01:55:21,240 - P11992 - INFO - Processando URL 7/25: https://www.cremego.org.br/busca-medicos
2025-05-22 01:55:24,159 - P11992 - INFO - HTML salvo para debug: data\debug_html_v10\64b30c50732f49698d296cdb94b34f40.html
2025-05-22 01:55:24,199 - P11992 - INFO - Candidates address: 0 items
2025-05-22 01:55:24,199 - P11992 - INFO - Candidates phone: 0 items
2025-05-22 01:55:24,199 - P11992 - INFO - Candidates email: 1 items
2025-05-22 01:55:24,199 - P11992 - INFO - Candidates complement: 0 items
2025-05-22 01:55:24,200 - P11992 - INFO - Candidates cep: 1 items
2025-05-22 01:55:24,200 - P11992 - INFO - Após processar URL 7 Uso de memória: 102.31 MB
2025-05-22 01:55:24,200 - P11992 - INFO - Processando URL 8/25: https://www.sinj.df.gov.br/sinj/Diario/a1d91d88-877f-3310-a9ed-5c0de3bd2828/DODF%20024%2004-02-2020%20INTEGRA.pdf
2025-05-22 01:55:24,200 - P11992 - INFO - Ignorando URL de arquivo não-HTML: https://www.sinj.df.gov.br/sinj/Diario/a1d91d88-877f-3310-a9ed-5c0de3bd2828/DODF%20024%2004-02-2020%20INTEGRA.pdf
2025-05-22 01:55:24,200 - P11992 - INFO - Após processar URL 8 Uso de memória: 102.31 MB
2025-05-22 01:55:24,200 - P11992 - INFO - Processando URL 9/25: https://www.doctoralia.com.br/camila-souza-farias/medico-clinico-geral-endocrinologista/goiania
2025-05-22 01:55:24,201 - P11992 - INFO - Ignorando URL de arquivo não-HTML: https://www.doctoralia.com.br/camila-souza-farias/medico-clinico-geral-endocrinologista/goiania
2025-05-22 01:55:24,201 - P11992 - INFO - Após processar URL 9 Uso de memória: 102.31 MB
2025-05-22 01:55:24,201 - P11992 - INFO - Processando URL 10/25: https://diariooficial.santos.sp.gov.br/edicoes/inicio/download/2025-01-24
2025-05-22 01:55:26,290 - P11992 - INFO - HTML salvo para debug: data\debug_html_v10\d8cd9e8cad289939bc6802782d5672fb.html
2025-05-22 01:55:26,290 - P11992 - INFO - Candidates address: 0 items
2025-05-22 01:55:26,291 - P11992 - INFO - Candidates phone: 0 items
2025-05-22 01:55:26,292 - P11992 - INFO - Candidates email: 0 items
2025-05-22 01:55:26,292 - P11992 - INFO - Candidates complement: 0 items
2025-05-22 01:55:26,293 - P11992 - INFO - Candidates cep: 0 items
2025-05-22 01:55:26,293 - P11992 - INFO - Após processar URL 10 Uso de memória: 102.31 MB
2025-05-22 01:55:26,293 - P11992 - INFO - Processando URL 11/25: https://www.gov.br/mme/pt-br/arquivos/do-10-02-2012-s3.pdf
2025-05-22 01:55:26,293 - P11992 - INFO - Ignorando URL de arquivo não-HTML: https://www.gov.br/mme/pt-br/arquivos/do-10-02-2012-s3.pdf
2025-05-22 01:55:26,293 - P11992 - INFO - Após processar URL 11 Uso de memória: 102.31 MB
2025-05-22 01:55:26,293 - P11992 - INFO - Processando URL 12/25: https://diariooficial.guarulhos.sp.gov.br/uploads/pdf/424464001.pdf
2025-05-22 01:55:26,294 - P11992 - INFO - Ignorando URL de arquivo não-HTML: https://diariooficial.guarulhos.sp.gov.br/uploads/pdf/424464001.pdf
2025-05-22 01:55:26,294 - P11992 - INFO - Após processar URL 12 Uso de memória: 102.31 MB
2025-05-22 01:55:26,294 - P11992 - INFO - Processando URL 13/25: https://geosiap.s3-sa-east-1.amazonaws.com/boletins-oficiais/pmjacarei/d1b49dc2-65d4-4b10-96c4-4b12f41a9d30.pdf
2025-05-22 01:55:26,294 - P11992 - INFO - Ignorando URL de arquivo não-HTML: https://geosiap.s3-sa-east-1.amazonaws.com/boletins-oficiais/pmjacarei/d1b49dc2-65d4-4b10-96c4-4b12f41a9d30.pdf
2025-05-22 01:55:26,295 - P11992 - INFO - Após processar URL 13 Uso de memória: 102.31 MB
2025-05-22 01:55:26,295 - P11992 - INFO - Processando URL 14/25: https://diariooficial.guarulhos.sp.gov.br/uploads/pdf/1102912340.pdf
2025-05-22 01:55:26,295 - P11992 - INFO - Ignorando URL de arquivo não-HTML: https://diariooficial.guarulhos.sp.gov.br/uploads/pdf/1102912340.pdf
2025-05-22 01:55:26,295 - P11992 - INFO - Após processar URL 14 Uso de memória: 102.31 MB
2025-05-22 01:55:26,295 - P11992 - INFO - Processando URL 15/25: https://crmvirtual.cfm.org.br/GO/servico/busca-medico
2025-05-22 01:55:29,241 - P11992 - INFO - HTML salvo para debug: data\debug_html_v10\3f7e1325196fca85b8ce10bf510cb018.html
2025-05-22 01:55:29,251 - P11992 - INFO - Candidates address: 0 items
2025-05-22 01:55:29,251 - P11992 - INFO - Candidates phone: 0 items
2025-05-22 01:55:29,251 - P11992 - INFO - Candidates email: 1 items
2025-05-22 01:55:29,251 - P11992 - INFO - Candidates complement: 0 items
2025-05-22 01:55:29,251 - P11992 - INFO - Candidates cep: 0 items
2025-05-22 01:55:29,252 - P11992 - INFO - Após processar URL 15 Uso de memória: 102.40 MB
2025-05-22 01:55:29,252 - P11992 - INFO - Processando URL 16/25: https://www.igepps.pa.gov.br/sites/default/files/2023-01/2023.04.04.DOE.pdf
2025-05-22 01:55:29,252 - P11992 - INFO - Ignorando URL de arquivo não-HTML: https://www.igepps.pa.gov.br/sites/default/files/2023-01/2023.04.04.DOE.pdf
2025-05-22 01:55:29,252 - P11992 - INFO - Após processar URL 16 Uso de memória: 102.40 MB
2025-05-22 01:55:29,252 - P11992 - INFO - Processando URL 17/25: https://www.doctoralia.com.br/camila-souza-farias/medico-clinico-geral-endocrinologista/goiania#:~:text=Dra.%20%EE%80%80Camila%20Souza%20Farias,%EE%80%81
2025-05-22 01:55:29,252 - P11992 - INFO - Ignorando URL de arquivo não-HTML: https://www.doctoralia.com.br/camila-souza-farias/medico-clinico-geral-endocrinologista/goiania#:~:text=Dra.%20%EE%80%80Camila%20Souza%20Farias,%EE%80%81
2025-05-22 01:55:29,253 - P11992 - INFO - Após processar URL 17 Uso de memória: 102.40 MB
2025-05-22 01:55:29,253 - P11992 - INFO - Processando URL 18/25: https://camilafarias.com.br/consultas/
2025-05-22 01:55:31,363 - P11992 - INFO - HTML salvo para debug: data\debug_html_v10\a351b553f4bec168ff812dc779d27050.html
2025-05-22 01:55:31,382 - P11992 - INFO - Candidates address: 0 items
2025-05-22 01:55:31,382 - P11992 - INFO - Candidates phone: 0 items
2025-05-22 01:55:31,382 - P11992 - INFO - Candidates email: 0 items
2025-05-22 01:55:31,383 - P11992 - INFO - Candidates complement: 1 items
2025-05-22 01:55:31,383 - P11992 - INFO - Candidates cep: 1 items
2025-05-22 01:55:31,383 - P11992 - INFO - Após processar URL 18 Uso de memória: 102.69 MB
2025-05-22 01:55:31,383 - P11992 - INFO - Processando URL 19/25: https://www.doctoranytime.com.br/d/clinico-geral/camila-souza-farias
2025-05-22 01:55:31,384 - P11992 - INFO - Ignorando URL de arquivo não-HTML: https://www.doctoranytime.com.br/d/clinico-geral/camila-souza-farias
2025-05-22 01:55:31,384 - P11992 - INFO - Após processar URL 19 Uso de memória: 102.69 MB
2025-05-22 01:55:31,384 - P11992 - INFO - Processando URL 20/25: https://www.boaconsulta.com/especialista/camila-souza-farias-6106036fa2e00a78ff00023d
2025-05-22 01:55:34,325 - P11992 - INFO - HTML salvo para debug: data\debug_html_v10\18bb89fd88323d3ea639e4d293c89d3c.html
2025-05-22 01:55:34,409 - P11992 - INFO - Candidates address: 2 items
2025-05-22 01:55:34,409 - P11992 - INFO - Candidates phone: 0 items
2025-05-22 01:55:34,409 - P11992 - INFO - Candidates email: 0 items
2025-05-22 01:55:34,409 - P11992 - INFO - Candidates complement: 1 items
2025-05-22 01:55:34,409 - P11992 - INFO - Candidates cep: 0 items
2025-05-22 01:55:34,410 - P11992 - INFO - Após processar URL 20 Uso de memória: 103.68 MB
2025-05-22 01:55:34,410 - P11992 - INFO - Processando URL 21/25: https://clinica.work/especialista/camila-souza-farias-endocrinologista-e-metabologista-goiania-go
2025-05-22 01:55:38,637 - P11992 - INFO - HTML salvo para debug: data\debug_html_v10\f0ca047c64bd422c2d9a48060186e6dc.html
2025-05-22 01:55:38,655 - P11992 - INFO - Candidates address: 0 items
2025-05-22 01:55:38,655 - P11992 - INFO - Candidates phone: 0 items
2025-05-22 01:55:38,655 - P11992 - INFO - Candidates email: 0 items
2025-05-22 01:55:38,655 - P11992 - INFO - Candidates complement: 0 items
2025-05-22 01:55:38,656 - P11992 - INFO - Candidates cep: 1 items
2025-05-22 01:55:38,656 - P11992 - INFO - Após processar URL 21 Uso de memória: 104.93 MB
2025-05-22 01:55:38,656 - P11992 - INFO - Processando URL 22/25: https://diariooficial.guarulhos.sp.gov.br/uploads/pdf/1746722633.pdf
2025-05-22 01:55:38,656 - P11992 - INFO - Ignorando URL de arquivo não-HTML: https://diariooficial.guarulhos.sp.gov.br/uploads/pdf/1746722633.pdf
2025-05-22 01:55:38,656 - P11992 - INFO - Após processar URL 22 Uso de memória: 103.97 MB
2025-05-22 01:55:38,657 - P11992 - INFO - Processando URL 23/25: https://camilafarias.com.br/endocrinologista-especialista-em-sop-em-goiania/
2025-05-22 01:55:40,827 - P11992 - INFO - HTML salvo para debug: data\debug_html_v10\1dd506980ff0dd6acd320516a3ba1e49.html
2025-05-22 01:55:40,848 - P11992 - INFO - Candidates address: 0 items
2025-05-22 01:55:40,849 - P11992 - INFO - Candidates phone: 0 items
2025-05-22 01:55:40,849 - P11992 - INFO - Candidates email: 0 items
2025-05-22 01:55:40,849 - P11992 - INFO - Candidates complement: 0 items
2025-05-22 01:55:40,850 - P11992 - INFO - Candidates cep: 0 items
2025-05-22 01:55:40,850 - P11992 - INFO - Após processar URL 23 Uso de memória: 103.97 MB
2025-05-22 01:55:40,851 - P11992 - INFO - Processando URL 24/25: https://manualdamamae.com.br/products/dracamilasouzafarias
2025-05-22 01:55:44,280 - P11992 - INFO - HTML salvo para debug: data\debug_html_v10\3f3519542bbf77f230e004934d9bd52b.html
2025-05-22 01:55:44,303 - P11992 - INFO - Candidates address: 0 items
2025-05-22 01:55:44,304 - P11992 - INFO - Candidates phone: 2 items
2025-05-22 01:55:44,304 - P11992 - INFO - Candidates email: 1 items
2025-05-22 01:55:44,304 - P11992 - INFO - Candidates complement: 0 items
2025-05-22 01:55:44,305 - P11992 - INFO - Candidates cep: 1 items
2025-05-22 01:55:44,305 - P11992 - INFO - Após processar URL 24 Uso de memória: 104.02 MB
2025-05-22 01:55:44,305 - P11992 - INFO - Processando URL 25/25: https://consultacrm.com.br/
2025-05-22 01:55:47,302 - P11992 - INFO - HTML salvo para debug: data\debug_html_v10\65cadeb91ac3713432c21b535990f440.html
2025-05-22 01:55:47,314 - P11992 - INFO - Candidates address: 0 items
2025-05-22 01:55:47,317 - P11992 - INFO - Candidates phone: 0 items
2025-05-22 01:55:47,318 - P11992 - INFO - Candidates email: 0 items
2025-05-22 01:55:47,318 - P11992 - INFO - Candidates complement: 0 items
2025-05-22 01:55:47,318 - P11992 - INFO - Candidates cep: 0 items
2025-05-22 01:55:47,319 - P11992 - INFO - Após processar URL 25 Uso de memória: 104.13 MB
2025-05-22 01:55:47,319 - P11992 - INFO - Iniciando agregação e ranqueamento
2025-05-22 01:55:47,320 - P11992 - INFO - Ranked address: 2 items
2025-05-22 01:55:47,320 - P11992 - INFO - Ranked phone: 2 items
2025-05-22 01:55:47,321 - P11992 - INFO - Ranked email: 3 items
2025-05-22 01:55:47,321 - P11992 - INFO - Ranked complement: 2 items
2025-05-22 01:55:47,322 - P11992 - INFO - Ranked cep: 6 items
2025-05-22 01:55:47,322 - P11992 - INFO - Após agregação Uso de memória: 104.13 MB
2025-05-22 01:55:47,322 - P11992 - INFO - Validando endereço: ['Rua S 6 10 Andar Sala 101 A 106, 146', 'Rua Campinas, 1135']
2025-05-22 01:55:47,322 - P11992 - INFO - Endereço validado: Rua S 6 10 Andar Sala 101 A 106, 146
2025-05-22 01:55:47,323 - P11992 - INFO - Limpando texto extenso para campo address: Rua S 6 10 Andar Sala 101 A 106, 146...
2025-05-22 01:55:47,323 - P11992 - INFO - Texto limpo: Rua S 6 10 Andar Sala 101 A 106, 146
2025-05-22 01:55:47,323 - P11992 - INFO - Validando telefone: ['(62) 98272-3300', '(62) 3941-9015']
2025-05-22 01:55:47,323 - P11992 - INFO - Limpando texto extenso para campo phone: (62) 98272-3300...
2025-05-22 01:55:47,323 - P11992 - INFO - Texto limpo: 62) 98272-3300
2025-05-22 01:55:47,323 - P11992 - INFO - Telefone validado: 62) 98272-3300
2025-05-22 01:55:47,323 - P11992 - INFO - Validando email: ['cremego@cremego.org.br', 'secretaria@cremego.org.br', 'diretoria@centraldeideia.com.br']
2025-05-22 01:55:47,324 - P11992 - INFO - Limpando texto extenso para campo email: cremego@cremego.org.br...
2025-05-22 01:55:47,324 - P11992 - INFO - Texto limpo: cremego@cremego.org.br
2025-05-22 01:55:47,324 - P11992 - INFO - Email validado: cremego@cremego.org.br
2025-05-22 01:55:47,324 - P11992 - INFO - Validando complemento: ['Sala 2601', 'Sala 101 A 106']
2025-05-22 01:55:47,324 - P11992 - INFO - Limpando texto extenso para campo complement: Sala 2601...
2025-05-22 01:55:47,325 - P11992 - INFO - Texto limpo: Sala 2601
2025-05-22 01:55:47,325 - P11992 - INFO - Complemento validado: Sala 2601
2025-05-22 01:55:47,325 - P11992 - INFO - Descobrindo cidade
2025-05-22 01:55:47,325 - P11992 - INFO - Buscando cidade: Rua S 6 10 Andar Sala 101 A 106 cidade GO
2025-05-22 01:55:49,582 - P11992 - WARNING - Cidade não encontrada
2025-05-22 01:55:49,585 - P11992 - INFO - Cidade descoberta: 
2025-05-22 01:55:49,586 - P11992 - INFO - Tempo de execução de processamento completo do médico: 43.47 segundos
2025-05-22 01:55:49,587 - P11992 - INFO - Resultado processado: {'Hash': 'b626e6734325e8d47fbb37a32c250202bce8f44a3cce1e9bbb12eab49eb355c1', 'CRM': '20030', 'UF': 'GO', 'Firstname': 'CAMILA', 'LastName': 'SOUZA FARIAS', 'Medical specialty': '', 'Endereco Completo A1': 'Rua S 6 10 Andar Sala 101 A 106, 146', 'Address A1': 'Rua S 6 10 Andar Sala 101 A 106', 'Numero A1': '146', 'Complement A1': 'Sala 2601', 'Bairro A1': '', 'postal code A1': '', 'City A1': '', 'State A1': '', 'Phone A1': '62) 98272-3300', 'Phone A2': '', 'Cell phone A1': '', 'Cell phone A2': '', 'E-mail A1': 'cremego@cremego.org.br', 'E-mail A2': '', 'OPT-IN': '', 'STATUS': '', 'LOTE': ''}
2025-05-22 01:55:49,594 - P11992 - INFO - Progresso: 13.4%
2025-05-22 01:55:49,595 - P11992 - INFO - Tempo de execução de processamento do médico 2: 43.48 segundos
2025-05-22 01:55:49,596 - P11992 - INFO - 
==================================================
Processando médico 3/3
2025-05-22 01:55:49,597 - P11992 - INFO - Nome: MARCUS VINICIUS SANTOS MENDES
2025-05-22 01:55:49,597 - P11992 - INFO - Início do processamento Uso de memória: 100.97 MB
2025-05-22 01:55:49,598 - P11992 - INFO - Iniciando busca para: MARCUS VINICIUS SANTOS MENDES CRM 21055 GO telefone e-mail endereço
2025-05-22 01:55:50,122 - P11992 - INFO - SearX results: 10 URLs
2025-05-22 01:55:50,122 - P11992 - INFO - Após SearX Uso de memória: 100.97 MB
2025-05-22 01:55:52,756 - P11992 - INFO - Google results: 10 URLs
2025-05-22 01:55:52,757 - P11992 - INFO - Após Google Uso de memória: 100.97 MB
2025-05-22 01:55:55,401 - P11992 - INFO - Bing results: 9 URLs
2025-05-22 01:55:55,401 - P11992 - INFO - Após Bing Uso de memória: 101.68 MB
2025-05-22 01:55:55,402 - P11992 - INFO - Total de URLs únicas: 25
2025-05-22 01:55:55,402 - P11992 - INFO - Processando URL 1/25: https://dosp.com.br/exibe_do.php?i=NTU5MTE=
2025-05-22 01:55:57,564 - P11992 - INFO - HTML salvo para debug: data\debug_html_v10\ccbdd3b8a5bd27f98a285c59bf2c49e0.html
2025-05-22 01:55:57,564 - P11992 - INFO - Candidates address: 0 items
2025-05-22 01:55:57,564 - P11992 - INFO - Candidates phone: 0 items
2025-05-22 01:55:57,564 - P11992 - INFO - Candidates email: 0 items
2025-05-22 01:55:57,565 - P11992 - INFO - Candidates complement: 0 items
2025-05-22 01:55:57,565 - P11992 - INFO - Candidates cep: 0 items
2025-05-22 01:55:57,565 - P11992 - INFO - Após processar URL 1 Uso de memória: 101.68 MB
2025-05-22 01:55:57,565 - P11992 - INFO - Processando URL 2/25: https://educacao.mogimirim.sp.gov.br/uploads/jornal/24044/RAjFYZEJiakE0NO1YpThyCLaccHA_Bvt.pdf
2025-05-22 01:55:57,565 - P11992 - INFO - Ignorando URL de arquivo não-HTML: https://educacao.mogimirim.sp.gov.br/uploads/jornal/24044/RAjFYZEJiakE0NO1YpThyCLaccHA_Bvt.pdf
2025-05-22 01:55:57,565 - P11992 - INFO - Após processar URL 2 Uso de memória: 101.68 MB
2025-05-22 01:55:57,565 - P11992 - INFO - Processando URL 3/25: https://iprejun.sp.gov.br/S/arquivos/Imprensa_Oficial/Imprensa_Oficial_Jundiai_2013-11-06_3864.pdf
2025-05-22 01:55:57,566 - P11992 - INFO - Ignorando URL de arquivo não-HTML: https://iprejun.sp.gov.br/S/arquivos/Imprensa_Oficial/Imprensa_Oficial_Jundiai_2013-11-06_3864.pdf
2025-05-22 01:55:57,566 - P11992 - INFO - Após processar URL 3 Uso de memória: 101.68 MB
2025-05-22 01:55:57,566 - P11992 - INFO - Processando URL 4/25: https://www.marica.rj.gov.br/wp-content/uploads/2024/10/JOM_1658_25-10-2024.pdf
2025-05-22 01:55:57,566 - P11992 - INFO - Ignorando URL de arquivo não-HTML: https://www.marica.rj.gov.br/wp-content/uploads/2024/10/JOM_1658_25-10-2024.pdf
2025-05-22 01:55:57,566 - P11992 - INFO - Após processar URL 4 Uso de memória: 101.68 MB
2025-05-22 01:55:57,566 - P11992 - INFO - Processando URL 5/25: https://www.udesc.br/arquivos/cefid/id_cpmenu/2548/Publica__o___pag__10___DOE_15938056835819_2548.pdf
2025-05-22 01:55:57,567 - P11992 - INFO - Ignorando URL de arquivo não-HTML: https://www.udesc.br/arquivos/cefid/id_cpmenu/2548/Publica__o___pag__10___DOE_15938056835819_2548.pdf
2025-05-22 01:55:57,567 - P11992 - INFO - Após processar URL 5 Uso de memória: 101.68 MB
2025-05-22 01:55:57,567 - P11992 - INFO - Processando URL 6/25: https://sistemas.tjes.jus.br/ediario/index.php/index.php?option=com_ediario&view=contents&layout=fulltext&data=20250320&idorgao=766
2025-05-22 01:56:01,246 - P11992 - INFO - HTML salvo para debug: data\debug_html_v10\7bcaf3d5966826a2f2fc5016a88c5a89.html
2025-05-22 01:56:03,839 - P11992 - INFO - Candidates address: 8 items
2025-05-22 01:56:03,844 - P11992 - INFO - Candidates phone: 1 items
2025-05-22 01:56:03,845 - P11992 - INFO - Candidates email: 2 items
2025-05-22 01:56:03,845 - P11992 - INFO - Candidates complement: 1 items
2025-05-22 01:56:03,845 - P11992 - INFO - Candidates cep: 55 items
2025-05-22 01:56:03,846 - P11992 - INFO - Após processar URL 6 Uso de memória: 105.38 MB
2025-05-22 01:56:03,846 - P11992 - INFO - Processando URL 7/25: https://www.medicosbrasil.com/profissional/marcus-vinicius-santos-mendes
2025-05-22 01:56:06,028 - P11992 - INFO - HTML salvo para debug: data\debug_html_v10\667cf375c67b2d25afdbf92c7dc91644.html
2025-05-22 01:56:06,030 - P11992 - INFO - Candidates address: 0 items
2025-05-22 01:56:06,031 - P11992 - INFO - Candidates phone: 0 items
2025-05-22 01:56:06,031 - P11992 - INFO - Candidates email: 0 items
2025-05-22 01:56:06,031 - P11992 - INFO - Candidates complement: 0 items
2025-05-22 01:56:06,031 - P11992 - INFO - Candidates cep: 0 items
2025-05-22 01:56:06,031 - P11992 - INFO - Após processar URL 7 Uso de memória: 101.14 MB
2025-05-22 01:56:06,031 - P11992 - INFO - Processando URL 8/25: http://www.transparencia.mpf.mp.br/conteudo/diarios-e-boletins/diario-oficial-da-uniao-1/2013/dou3_2013_07_26.pdf
2025-05-22 01:56:06,032 - P11992 - INFO - Ignorando URL de arquivo não-HTML: http://www.transparencia.mpf.mp.br/conteudo/diarios-e-boletins/diario-oficial-da-uniao-1/2013/dou3_2013_07_26.pdf
2025-05-22 01:56:06,032 - P11992 - INFO - Após processar URL 8 Uso de memória: 101.14 MB
2025-05-22 01:56:06,032 - P11992 - INFO - Processando URL 9/25: https://www.cremego.org.br/busca-medicos
2025-05-22 01:56:09,394 - P11992 - INFO - HTML salvo para debug: data\debug_html_v10\64b30c50732f49698d296cdb94b34f40.html
2025-05-22 01:56:09,439 - P11992 - INFO - Candidates address: 0 items
2025-05-22 01:56:09,439 - P11992 - INFO - Candidates phone: 0 items
2025-05-22 01:56:09,440 - P11992 - INFO - Candidates email: 1 items
2025-05-22 01:56:09,440 - P11992 - INFO - Candidates complement: 0 items
2025-05-22 01:56:09,440 - P11992 - INFO - Candidates cep: 1 items
2025-05-22 01:56:09,440 - P11992 - INFO - Após processar URL 9 Uso de memória: 101.21 MB
2025-05-22 01:56:09,440 - P11992 - INFO - Processando URL 10/25: https://www.boaconsulta.com/especialista/marcus-vinicius-santos-mendes-610604bea2e00a78ff00237b
2025-05-22 01:56:12,133 - P11992 - INFO - HTML salvo para debug: data\debug_html_v10\ef8db384253eb802ac0d29a846edb979.html
2025-05-22 01:56:12,203 - P11992 - INFO - Candidates address: 0 items
2025-05-22 01:56:12,203 - P11992 - INFO - Candidates phone: 0 items
2025-05-22 01:56:12,203 - P11992 - INFO - Candidates email: 0 items
2025-05-22 01:56:12,203 - P11992 - INFO - Candidates complement: 0 items
2025-05-22 01:56:12,203 - P11992 - INFO - Candidates cep: 0 items
2025-05-22 01:56:12,204 - P11992 - INFO - Após processar URL 10 Uso de memória: 104.60 MB
2025-05-22 01:56:12,204 - P11992 - INFO - Processando URL 11/25: https://diariooficial.guarulhos.sp.gov.br/uploads/pdf/462122745.pdf
2025-05-22 01:56:12,204 - P11992 - INFO - Ignorando URL de arquivo não-HTML: https://diariooficial.guarulhos.sp.gov.br/uploads/pdf/462122745.pdf
2025-05-22 01:56:12,204 - P11992 - INFO - Após processar URL 11 Uso de memória: 103.02 MB
2025-05-22 01:56:12,204 - P11992 - INFO - Processando URL 12/25: https://cliniguia.com/profissionais/marcus-vinicius-santos-mendes-700000894714702/
2025-05-22 01:56:14,931 - P11992 - INFO - HTML salvo para debug: data\debug_html_v10\4a58bde285c152ee16eb35c8f430e3a2.html
2025-05-22 01:56:14,975 - P11992 - INFO - Candidates address: 0 items
2025-05-22 01:56:14,976 - P11992 - INFO - Candidates phone: 0 items
2025-05-22 01:56:14,976 - P11992 - INFO - Candidates email: 0 items
2025-05-22 01:56:14,976 - P11992 - INFO - Candidates complement: 0 items
2025-05-22 01:56:14,976 - P11992 - INFO - Candidates cep: 0 items
2025-05-22 01:56:14,977 - P11992 - INFO - Após processar URL 12 Uso de memória: 104.62 MB
2025-05-22 01:56:14,977 - P11992 - INFO - Processando URL 13/25: https://crmvirtual.cfm.org.br/GO/servico/busca-medico
2025-05-22 01:56:17,792 - P11992 - INFO - HTML salvo para debug: data\debug_html_v10\3f7e1325196fca85b8ce10bf510cb018.html
2025-05-22 01:56:17,802 - P11992 - INFO - Candidates address: 0 items
2025-05-22 01:56:17,803 - P11992 - INFO - Candidates phone: 0 items
2025-05-22 01:56:17,803 - P11992 - INFO - Candidates email: 1 items
2025-05-22 01:56:17,803 - P11992 - INFO - Candidates complement: 0 items
2025-05-22 01:56:17,803 - P11992 - INFO - Candidates cep: 0 items
2025-05-22 01:56:17,804 - P11992 - INFO - Após processar URL 13 Uso de memória: 104.64 MB
2025-05-22 01:56:17,804 - P11992 - INFO - Processando URL 14/25: http://doutorcrm.com/
2025-05-22 01:56:21,154 - P11992 - INFO - HTML salvo para debug: data\debug_html_v10\e75bcd1fa77a455337d61a008a7cce57.html
2025-05-22 01:56:21,159 - P11992 - INFO - Candidates address: 0 items
2025-05-22 01:56:21,160 - P11992 - INFO - Candidates phone: 0 items
2025-05-22 01:56:21,160 - P11992 - INFO - Candidates email: 0 items
2025-05-22 01:56:21,160 - P11992 - INFO - Candidates complement: 0 items
2025-05-22 01:56:21,161 - P11992 - INFO - Candidates cep: 0 items
2025-05-22 01:56:21,161 - P11992 - INFO - Após processar URL 14 Uso de memória: 104.65 MB
2025-05-22 01:56:21,161 - P11992 - INFO - Processando URL 15/25: https://www-storage.voxtecnologia.com.br/?m=sigpub.publicacao&f=3392&i=publicado_89718_2023-06-27_55517204c668ea1ef3dc380eabdfd68e.pdf
2025-05-22 01:56:21,162 - P11992 - INFO - Ignorando URL de arquivo não-HTML: https://www-storage.voxtecnologia.com.br/?m=sigpub.publicacao&f=3392&i=publicado_89718_2023-06-27_55517204c668ea1ef3dc380eabdfd68e.pdf
2025-05-22 01:56:21,162 - P11992 - INFO - Após processar URL 15 Uso de memória: 104.65 MB
2025-05-22 01:56:21,162 - P11992 - INFO - Processando URL 16/25: https://sistemas.tjes.jus.br/ediario/index.php?option=com_ediario&view=contents&layout=fulltext&data=20181015&idorgao=725
2025-05-22 01:56:26,601 - P11992 - INFO - HTML salvo para debug: data\debug_html_v10\c343ed9fa02404d788adca0fbb816942.html
2025-05-22 01:56:27,320 - P11992 - INFO - Candidates address: 93 items
2025-05-22 01:56:27,321 - P11992 - INFO - Candidates phone: 5 items
2025-05-22 01:56:27,321 - P11992 - INFO - Candidates email: 4 items
2025-05-22 01:56:27,321 - P11992 - INFO - Candidates complement: 7 items
2025-05-22 01:56:27,321 - P11992 - INFO - Candidates cep: 148 items
2025-05-22 01:56:27,321 - P11992 - INFO - Após processar URL 16 Uso de memória: 123.89 MB
2025-05-22 01:56:27,322 - P11992 - INFO - Processando URL 17/25: https://sistemas.trf1.jus.br/edj/bitstream/handle/123/327434/Caderno_JUD_GO_2018-03-23_X_53.pdf?sequence=2&isAllowed=y
2025-05-22 01:56:27,322 - P11992 - INFO - Ignorando URL de arquivo não-HTML: https://sistemas.trf1.jus.br/edj/bitstream/handle/123/327434/Caderno_JUD_GO_2018-03-23_X_53.pdf?sequence=2&isAllowed=y
2025-05-22 01:56:27,322 - P11992 - INFO - Após processar URL 17 Uso de memória: 121.33 MB
2025-05-22 01:56:27,322 - P11992 - INFO - Processando URL 18/25: https://www.portaltransparencia.gov.br/pessoa-fisica/busca/lista
2025-05-22 01:56:30,920 - P11992 - INFO - HTML salvo para debug: data\debug_html_v10\e200cdf64b71d4c9248718dd155b3edb.html
2025-05-22 01:56:30,961 - P11992 - INFO - Candidates address: 0 items
2025-05-22 01:56:30,963 - P11992 - INFO - Candidates phone: 0 items
2025-05-22 01:56:30,963 - P11992 - INFO - Candidates email: 0 items
2025-05-22 01:56:30,964 - P11992 - INFO - Candidates complement: 0 items
2025-05-22 01:56:30,964 - P11992 - INFO - Candidates cep: 0 items
2025-05-22 01:56:30,964 - P11992 - INFO - Após processar URL 18 Uso de memória: 122.73 MB
2025-05-22 01:56:30,964 - P11992 - INFO - Processando URL 19/25: https://crmvirtual.cfm.org.br/GO
2025-05-22 01:56:40,076 - P11992 - INFO - HTML salvo para debug: data\debug_html_v10\78696ed8e947d3b5ca95dd957d050d26.html
2025-05-22 01:56:40,093 - P11992 - INFO - Candidates address: 0 items
2025-05-22 01:56:40,094 - P11992 - INFO - Candidates phone: 0 items
2025-05-22 01:56:40,094 - P11992 - INFO - Candidates email: 0 items
2025-05-22 01:56:40,094 - P11992 - INFO - Candidates complement: 0 items
2025-05-22 01:56:40,094 - P11992 - INFO - Candidates cep: 0 items
2025-05-22 01:56:40,094 - P11992 - INFO - Após processar URL 19 Uso de memória: 123.45 MB
2025-05-22 01:56:40,095 - P11992 - INFO - Processando URL 20/25: https://diariooficial.santos.sp.gov.br/edicoes/inicio/download/2025-01-17
2025-05-22 01:56:42,212 - P11992 - INFO - HTML salvo para debug: data\debug_html_v10\d08e61812da3e41e616c8e2a59725320.html
2025-05-22 01:56:42,213 - P11992 - INFO - Candidates address: 0 items
2025-05-22 01:56:42,214 - P11992 - INFO - Candidates phone: 0 items
2025-05-22 01:56:42,214 - P11992 - INFO - Candidates email: 0 items
2025-05-22 01:56:42,215 - P11992 - INFO - Candidates complement: 0 items
2025-05-22 01:56:42,215 - P11992 - INFO - Candidates cep: 0 items
2025-05-22 01:56:42,215 - P11992 - INFO - Após processar URL 20 Uso de memória: 123.46 MB
2025-05-22 01:56:42,216 - P11992 - INFO - Processando URL 21/25: https://mvsantosendocrino.wixsite.com/website
2025-05-22 01:56:45,370 - P11992 - INFO - HTML salvo para debug: data\debug_html_v10\f59b812c95a28b67ac22f43bfae7f2cf.html
2025-05-22 01:56:45,395 - P11992 - INFO - Candidates address: 1 items
2025-05-22 01:56:45,396 - P11992 - INFO - Candidates phone: 0 items
2025-05-22 01:56:45,396 - P11992 - INFO - Candidates email: 1 items
2025-05-22 01:56:45,396 - P11992 - INFO - Candidates complement: 1 items
2025-05-22 01:56:45,396 - P11992 - INFO - Candidates cep: 3 items
2025-05-22 01:56:45,396 - P11992 - INFO - Após processar URL 21 Uso de memória: 125.04 MB
2025-05-22 01:56:45,397 - P11992 - INFO - Processando URL 22/25: https://diariooficial.santos.sp.gov.br/edicoes/inicio/download/2010-06-17
2025-05-22 01:56:47,458 - P11992 - INFO - HTML salvo para debug: data\debug_html_v10\07126a50364f8000c72a45d3b4b5ad5f.html
2025-05-22 01:56:47,458 - P11992 - INFO - Candidates address: 0 items
2025-05-22 01:56:47,459 - P11992 - INFO - Candidates phone: 0 items
2025-05-22 01:56:47,459 - P11992 - INFO - Candidates email: 0 items
2025-05-22 01:56:47,459 - P11992 - INFO - Candidates complement: 0 items
2025-05-22 01:56:47,459 - P11992 - INFO - Candidates cep: 0 items
2025-05-22 01:56:47,459 - P11992 - INFO - Após processar URL 22 Uso de memória: 124.29 MB
2025-05-22 01:56:47,460 - P11992 - INFO - Processando URL 23/25: https://imprensaoficial.jundiai.sp.gov.br/wp-content/uploads/2014/09/Imprensa-Oficial-de-Jundia%C3%AD-Edi%C3%A7%C3%A3o-3864.pdf
2025-05-22 01:56:47,460 - P11992 - INFO - Ignorando URL de arquivo não-HTML: https://imprensaoficial.jundiai.sp.gov.br/wp-content/uploads/2014/09/Imprensa-Oficial-de-Jundia%C3%AD-Edi%C3%A7%C3%A3o-3864.pdf
2025-05-22 01:56:47,460 - P11992 - INFO - Após processar URL 23 Uso de memória: 124.29 MB
2025-05-22 01:56:47,460 - P11992 - INFO - Processando URL 24/25: https://diariooficial.guarulhos.sp.gov.br/uploads/pdf/1735348720.pdf
2025-05-22 01:56:47,460 - P11992 - INFO - Ignorando URL de arquivo não-HTML: https://diariooficial.guarulhos.sp.gov.br/uploads/pdf/1735348720.pdf
2025-05-22 01:56:47,460 - P11992 - INFO - Após processar URL 24 Uso de memória: 124.29 MB
2025-05-22 01:56:47,461 - P11992 - INFO - Processando URL 25/25: https://consultacrm.com.br/
2025-05-22 01:56:50,954 - P11992 - INFO - HTML salvo para debug: data\debug_html_v10\65cadeb91ac3713432c21b535990f440.html
2025-05-22 01:56:50,965 - P11992 - INFO - Candidates address: 0 items
2025-05-22 01:56:50,965 - P11992 - INFO - Candidates phone: 0 items
2025-05-22 01:56:50,965 - P11992 - INFO - Candidates email: 0 items
2025-05-22 01:56:50,966 - P11992 - INFO - Candidates complement: 0 items
2025-05-22 01:56:50,966 - P11992 - INFO - Candidates cep: 0 items
2025-05-22 01:56:50,966 - P11992 - INFO - Após processar URL 25 Uso de memória: 124.31 MB
2025-05-22 01:56:50,966 - P11992 - INFO - Iniciando agregação e ranqueamento
2025-05-22 01:56:50,966 - P11992 - INFO - Ranked address: 101 items
2025-05-22 01:56:50,967 - P11992 - INFO - Ranked phone: 6 items
2025-05-22 01:56:50,967 - P11992 - INFO - Ranked email: 9 items
2025-05-22 01:56:50,967 - P11992 - INFO - Ranked complement: 9 items
2025-05-22 01:56:50,967 - P11992 - INFO - Ranked cep: 206 items
2025-05-22 01:56:50,967 - P11992 - INFO - Após agregação Uso de memória: 124.31 MB
2025-05-22 01:56:50,968 - P11992 - INFO - Validando endereço: ['Rua Desembargador Homero Mafra, 60', 'R.S.D.O. Advogado ROBERTO RODRIGUES PECHINHO - OAB PR122677', 'R. Advogado BRUNO E SILVA TEIXEIRA - OAB ES22977']
2025-05-22 01:56:50,968 - P11992 - INFO - Endereço validado: Rua Desembargador Homero Mafra, 60
2025-05-22 01:56:50,968 - P11992 - INFO - Limpando texto extenso para campo address: Rua Desembargador Homero Mafra, 60...
2025-05-22 01:56:50,968 - P11992 - INFO - Texto limpo: Rua Desembargador Homero Mafra, 60
2025-05-22 01:56:50,969 - P11992 - INFO - Validando telefone: ['(27) 3134-7070', '(27) 3291-1017', '(27)99296-5130']
2025-05-22 01:56:50,969 - P11992 - INFO - Limpando texto extenso para campo phone: (27) 3134-7070...
2025-05-22 01:56:50,969 - P11992 - INFO - Texto limpo: 27) 3134-7070
2025-05-22 01:56:50,969 - P11992 - INFO - Telefone validado: 27) 3134-7070
2025-05-22 01:56:50,970 - P11992 - INFO - Validando email: ['cpad@tjes.jus.br', 'cpp@tjes.jus.br', 'cremego@cremego.org.br']
2025-05-22 01:56:50,970 - P11992 - INFO - Limpando texto extenso para campo email: cpad@tjes.jus.br...
2025-05-22 01:56:50,970 - P11992 - INFO - Texto limpo: cpad@tjes.jus.br
2025-05-22 01:56:50,970 - P11992 - INFO - Email validado: cpad@tjes.jus.br
2025-05-22 01:56:50,970 - P11992 - INFO - Validando complemento: ['Sala de Sessões nº 1 do Térreo do Tribunal de Justiça ', 'Sala de Audiências deste Juízo', 'Sala nº 01   do  11º Centro Judiciário de Solução de C']
2025-05-22 01:56:50,971 - P11992 - INFO - Limpando texto extenso para campo complement: Sala de Sessões nº 1 do Térreo do Tribunal de Just...
2025-05-22 01:56:50,971 - P11992 - INFO - Texto limpo: Sala de Sessões nº 1 do Térreo
2025-05-22 01:56:50,971 - P11992 - INFO - Complemento validado: Sala de Sessões nº 1 do Térreo
2025-05-22 01:56:50,971 - P11992 - INFO - Descobrindo cidade
2025-05-22 01:56:50,971 - P11992 - INFO - Buscando cidade: Rua Desembargador Homero Mafra cidade GO
2025-05-22 01:56:53,515 - P11992 - WARNING - Cidade não encontrada
2025-05-22 01:56:53,515 - P11992 - INFO - Cidade descoberta: 
2025-05-22 01:56:53,515 - P11992 - INFO - Tempo de execução de processamento completo do médico: 63.92 segundos
2025-05-22 01:56:53,516 - P11992 - INFO - Resultado processado: {'Hash': 'd5dc768442fbd952b4df29c80a11574de0f098780f337a87c420b62abf9c8e1c', 'CRM': '21055', 'UF': 'GO', 'Firstname': 'MARCUS', 'LastName': 'VINICIUS SANTOS MENDES', 'Medical specialty': '', 'Endereco Completo A1': 'Rua Desembargador Homero Mafra, 60', 'Address A1': 'Rua Desembargador Homero Mafra', 'Numero A1': '60', 'Complement A1': 'Sala de Sessões nº 1 do Térreo', 'Bairro A1': '', 'postal code A1': '', 'City A1': '', 'State A1': '', 'Phone A1': '27) 3134-7070', 'Phone A2': '', 'Cell phone A1': '', 'Cell phone A2': '', 'E-mail A1': 'cpad@tjes.jus.br', 'E-mail A2': '', 'OPT-IN': '', 'STATUS': '', 'LOTE': ''}
2025-05-22 01:56:53,516 - P11992 - INFO - Salvando lote de resultados
2025-05-22 01:56:53,618 - P11992 - INFO - Após salvar resultados Uso de memória: 123.85 MB
2025-05-22 01:56:53,618 - P11992 - INFO - Progresso: 13.7%
2025-05-22 01:56:53,619 - P11992 - INFO - Tempo de execução de processamento do médico 3: 64.02 segundos
2025-05-22 01:56:53,619 - P11992 - INFO - Tempo de execução de processamento do lote completo: 171.11 segundos
