2025-05-22 02:40:52,910 - P11992 - INFO - 
==================================================
Processando médico 1/3
2025-05-22 02:40:52,910 - P11992 - INFO - Nome: CRISTIANO WAIHRICH LEAL
2025-05-22 02:40:52,911 - P11992 - INFO - Reiniciando driver do Chrome
2025-05-22 02:40:54,188 - P11992 - INFO - Após reiniciar driver Uso de memória: 114.31 MB
2025-05-22 02:40:54,189 - P11992 - INFO - Início do processamento Uso de memória: 114.31 MB
2025-05-22 02:40:54,189 - P11992 - INFO - Iniciando busca para: CRISTIANO WAIHRICH LEAL CRM 9818 SC telefone e-mail endereço
2025-05-22 02:40:54,869 - P11992 - INFO - SearX results: 1 URLs
2025-05-22 02:40:54,869 - P11992 - INFO - Após SearX Uso de memória: 114.31 MB
2025-05-22 02:40:57,718 - P11992 - INFO - Google results: 11 URLs
2025-05-22 02:40:57,718 - P11992 - INFO - Após Google Uso de memória: 115.12 MB
2025-05-22 02:41:00,299 - P11992 - INFO - Bing results: 13 URLs
2025-05-22 02:41:00,299 - P11992 - INFO - Após Bing Uso de memória: 116.20 MB
2025-05-22 02:41:00,300 - P11992 - INFO - Total de URLs únicas: 23
2025-05-22 02:41:00,300 - P11992 - INFO - Processando URL 1/23: https://www.doctoralia.com.br/restinga-seca
2025-05-22 02:41:00,301 - P11992 - INFO - Ignorando URL de arquivo não-HTML: https://www.doctoralia.com.br/restinga-seca
2025-05-22 02:41:00,301 - P11992 - INFO - Após processar URL 1 Uso de memória: 116.20 MB
2025-05-22 02:41:00,302 - P11992 - INFO - Processando URL 2/23: http://www.telelistas.net/locais/sc/joinville/negocios/304977674/cristiano+waihrich+leal
2025-05-22 02:41:02,909 - P11992 - INFO - HTML salvo para debug: data\debug_html_v10\084e940ecdeed52561431a12b290171d.html
2025-05-22 02:41:02,912 - P11992 - INFO - Candidates address: 0 items
2025-05-22 02:41:02,913 - P11992 - INFO - Candidates phone: 0 items
2025-05-22 02:41:02,913 - P11992 - INFO - Candidates email: 0 items
2025-05-22 02:41:02,913 - P11992 - INFO - Candidates complement: 0 items
2025-05-22 02:41:02,914 - P11992 - INFO - Candidates cep: 0 items
2025-05-22 02:41:02,914 - P11992 - INFO - Após processar URL 2 Uso de memória: 116.20 MB
2025-05-22 02:41:02,915 - P11992 - INFO - Processando URL 3/23: https://ubs.med.br/clinica-psiquiatrica-dr-cristiano-waihrich-leal-3223493/
2025-05-22 02:41:06,483 - P11992 - INFO - HTML salvo para debug: data\debug_html_v10\1085a964ce84c873b59adaa9a0139c63.html
2025-05-22 02:41:06,511 - P11992 - INFO - Candidates address: 0 items
2025-05-22 02:41:06,511 - P11992 - INFO - Candidates phone: 0 items
2025-05-22 02:41:06,512 - P11992 - INFO - Candidates email: 0 items
2025-05-22 02:41:06,512 - P11992 - INFO - Candidates complement: 0 items
2025-05-22 02:41:06,512 - P11992 - INFO - Candidates cep: 3 items
2025-05-22 02:41:06,512 - P11992 - INFO - Após processar URL 3 Uso de memória: 116.21 MB
2025-05-22 02:41:06,513 - P11992 - INFO - Processando URL 4/23: https://www.apontador.com.br/local/sc/joinville/psicologos/4G5X2GPD/cristiano_waihrich_leal_america.html
2025-05-22 02:41:10,512 - P11992 - INFO - HTML salvo para debug: data\debug_html_v10\65c43b575893fbe59b7abf02e25e551b.html
2025-05-22 02:41:10,569 - P11992 - INFO - Candidates address: 2 items
2025-05-22 02:41:10,569 - P11992 - INFO - Candidates phone: 2 items
2025-05-22 02:41:10,569 - P11992 - INFO - Candidates email: 1 items
2025-05-22 02:41:10,569 - P11992 - INFO - Candidates complement: 1 items
2025-05-22 02:41:10,569 - P11992 - INFO - Candidates cep: 1 items
2025-05-22 02:41:10,570 - P11992 - INFO - Após processar URL 4 Uso de memória: 110.41 MB
2025-05-22 02:41:10,570 - P11992 - INFO - Processando URL 5/23: https://www.consultascnpj.com/clinica-psiquiatrica-dr-cristiano-waihrich-leal-ltda/06163710000119
2025-05-22 02:41:13,703 - P11992 - INFO - HTML salvo para debug: data\debug_html_v10\7b97f538a95008a564f1f30741a40965.html
2025-05-22 02:41:13,716 - P11992 - INFO - Candidates address: 0 items
2025-05-22 02:41:13,717 - P11992 - INFO - Candidates phone: 0 items
2025-05-22 02:41:13,717 - P11992 - INFO - Candidates email: 1 items
2025-05-22 02:41:13,717 - P11992 - INFO - Candidates complement: 0 items
2025-05-22 02:41:13,717 - P11992 - INFO - Candidates cep: 3 items
2025-05-22 02:41:13,717 - P11992 - INFO - Após processar URL 5 Uso de memória: 111.57 MB
2025-05-22 02:41:13,718 - P11992 - INFO - Processando URL 6/23: https://www.escavador.com/sobre/636241/cristiano-waihrich-leal
2025-05-22 02:41:17,201 - P11992 - INFO - HTML salvo para debug: data\debug_html_v10\e0f8e16b9162a5a8a36b6f1067a8e1b5.html
2025-05-22 02:41:17,218 - P11992 - INFO - Candidates address: 0 items
2025-05-22 02:41:17,218 - P11992 - INFO - Candidates phone: 0 items
2025-05-22 02:41:17,218 - P11992 - INFO - Candidates email: 0 items
2025-05-22 02:41:17,218 - P11992 - INFO - Candidates complement: 0 items
2025-05-22 02:41:17,218 - P11992 - INFO - Candidates cep: 0 items
2025-05-22 02:41:17,219 - P11992 - INFO - Após processar URL 6 Uso de memória: 113.35 MB
2025-05-22 02:41:17,219 - P11992 - INFO - Processando URL 7/23: https://www.doctoralia.com.br/agudo
2025-05-22 02:41:17,219 - P11992 - INFO - Ignorando URL de arquivo não-HTML: https://www.doctoralia.com.br/agudo
2025-05-22 02:41:17,219 - P11992 - INFO - Após processar URL 7 Uso de memória: 113.35 MB
2025-05-22 02:41:17,219 - P11992 - INFO - Processando URL 8/23: https://ajp.med.br/associados/
2025-05-22 02:41:23,539 - P11992 - INFO - HTML salvo para debug: data\debug_html_v10\7bd427a8ead0ab292efad77501f2f64f.html
2025-05-22 02:41:23,562 - P11992 - INFO - Candidates address: 22 items
2025-05-22 02:41:23,563 - P11992 - INFO - Candidates phone: 22 items
2025-05-22 02:41:23,563 - P11992 - INFO - Candidates email: 0 items
2025-05-22 02:41:23,563 - P11992 - INFO - Candidates complement: 1 items
2025-05-22 02:41:23,563 - P11992 - INFO - Candidates cep: 5 items
2025-05-22 02:41:23,563 - P11992 - INFO - Após processar URL 8 Uso de memória: 113.61 MB
2025-05-22 02:41:23,564 - P11992 - INFO - Processando URL 9/23: https://cnpj.biz/06163710000119
2025-05-22 02:41:25,824 - P11992 - INFO - HTML salvo para debug: data\debug_html_v10\efac7df039abfbfed8d60c538ce345ea.html
2025-05-22 02:41:25,848 - P11992 - INFO - Candidates address: 2 items
2025-05-22 02:41:25,849 - P11992 - INFO - Candidates phone: 2 items
2025-05-22 02:41:25,849 - P11992 - INFO - Candidates email: 1 items
2025-05-22 02:41:25,849 - P11992 - INFO - Candidates complement: 0 items
2025-05-22 02:41:25,849 - P11992 - INFO - Candidates cep: 2 items
2025-05-22 02:41:25,850 - P11992 - INFO - Após processar URL 9 Uso de memória: 113.77 MB
2025-05-22 02:41:25,850 - P11992 - INFO - Processando URL 10/23: https://www.catalogo.med.br/doutor/cristiano-walhrich-leal-1572697.htm
2025-05-22 02:41:28,032 - P11992 - INFO - HTML salvo para debug: data\debug_html_v10\f300dcc712554cd3421221ce13136e5a.html
2025-05-22 02:41:28,033 - P11992 - INFO - Candidates address: 0 items
2025-05-22 02:41:28,033 - P11992 - INFO - Candidates phone: 0 items
2025-05-22 02:41:28,033 - P11992 - INFO - Candidates email: 0 items
2025-05-22 02:41:28,033 - P11992 - INFO - Candidates complement: 0 items
2025-05-22 02:41:28,033 - P11992 - INFO - Candidates cep: 0 items
2025-05-22 02:41:28,034 - P11992 - INFO - Após processar URL 10 Uso de memória: 113.77 MB
2025-05-22 02:41:28,034 - P11992 - INFO - Processando URL 11/23: https://www.econodata.com.br/contato/cristiano-waihrich-leal-eaccbe62eb23fbe999b45a665a61aae2
2025-05-22 02:41:31,618 - P11992 - INFO - HTML salvo para debug: data\debug_html_v10\28a80f0c82f8559d3933f0a4aa25a44a.html
2025-05-22 02:41:31,682 - P11992 - INFO - Candidates address: 0 items
2025-05-22 02:41:31,683 - P11992 - INFO - Candidates phone: 0 items
2025-05-22 02:41:31,683 - P11992 - INFO - Candidates email: 0 items
2025-05-22 02:41:31,683 - P11992 - INFO - Candidates complement: 0 items
2025-05-22 02:41:31,683 - P11992 - INFO - Candidates cep: 0 items
2025-05-22 02:41:31,684 - P11992 - INFO - Após processar URL 11 Uso de memória: 113.96 MB
2025-05-22 02:41:31,684 - P11992 - INFO - Processando URL 12/23: https://www.infosaude.com.br/cnes/224506-clinica-psiquiatrica-dr-cristiano-waihrich-leal
2025-05-22 02:41:33,893 - P11992 - INFO - HTML salvo para debug: data\debug_html_v10\b3d817151dade6cbd5b9d652434e91da.html
2025-05-22 02:41:33,913 - P11992 - INFO - Candidates address: 0 items
2025-05-22 02:41:33,913 - P11992 - INFO - Candidates phone: 1 items
2025-05-22 02:41:33,913 - P11992 - INFO - Candidates email: 0 items
2025-05-22 02:41:33,913 - P11992 - INFO - Candidates complement: 0 items
2025-05-22 02:41:33,913 - P11992 - INFO - Candidates cep: 2 items
2025-05-22 02:41:33,913 - P11992 - INFO - Após processar URL 12 Uso de memória: 114.04 MB
2025-05-22 02:41:33,914 - P11992 - INFO - Processando URL 13/23: https://www.bingplaces.com/DashBoard/Edit?Id=YN7993x15800622094780543820&market=pt-BR&src=SERPGB
2025-05-22 02:41:38,149 - P11992 - INFO - HTML salvo para debug: data\debug_html_v10\3a4b4a2d4f10995654611740af3acd24.html
2025-05-22 02:41:38,175 - P11992 - INFO - Candidates address: 1 items
2025-05-22 02:41:38,180 - P11992 - INFO - Candidates phone: 1 items
2025-05-22 02:41:38,180 - P11992 - INFO - Candidates email: 0 items
2025-05-22 02:41:38,180 - P11992 - INFO - Candidates complement: 0 items
2025-05-22 02:41:38,180 - P11992 - INFO - Candidates cep: 1 items
2025-05-22 02:41:38,181 - P11992 - INFO - Após processar URL 13 Uso de memória: 114.04 MB
2025-05-22 02:41:38,182 - P11992 - INFO - Processando URL 14/23: https://www.locaisdobrasil.com.br/encontre/psiquiatra/joinville-sc/cristiano-waihrich-leal/651ef85f2b6d7b8c7251cc59
2025-05-22 02:41:44,219 - P11992 - INFO - HTML salvo para debug: data\debug_html_v10\37369e36d7a4ce231cd068cc6307bc92.html
2025-05-22 02:41:44,244 - P11992 - INFO - Candidates address: 2 items
2025-05-22 02:41:44,244 - P11992 - INFO - Candidates phone: 1 items
2025-05-22 02:41:44,244 - P11992 - INFO - Candidates email: 0 items
2025-05-22 02:41:44,244 - P11992 - INFO - Candidates complement: 0 items
2025-05-22 02:41:44,244 - P11992 - INFO - Candidates cep: 1 items
2025-05-22 02:41:44,245 - P11992 - INFO - Após processar URL 14 Uso de memória: 114.05 MB
2025-05-22 02:41:44,245 - P11992 - INFO - Processando URL 15/23: https://doutorcrm.com/cristiano-waihrich-leal
2025-05-22 02:41:46,826 - P11992 - INFO - HTML salvo para debug: data\debug_html_v10\ffd820bca72921ba80002838e311978b.html
2025-05-22 02:41:46,836 - P11992 - INFO - Candidates address: 2 items
2025-05-22 02:41:46,836 - P11992 - INFO - Candidates phone: 0 items
2025-05-22 02:41:46,837 - P11992 - INFO - Candidates email: 0 items
2025-05-22 02:41:46,839 - P11992 - INFO - Candidates complement: 0 items
2025-05-22 02:41:46,840 - P11992 - INFO - Candidates cep: 2 items
2025-05-22 02:41:46,841 - P11992 - INFO - Após processar URL 15 Uso de memória: 114.09 MB
2025-05-22 02:41:46,842 - P11992 - INFO - Processando URL 16/23: https://www.econodata.com.br/consulta-empresa/06163710000119-CLINICA-PSIQUIATRICA-DR-CRISTIANO-WAIHRICH-LEAL-LTDA
2025-05-22 02:41:51,374 - P11992 - INFO - HTML salvo para debug: data\debug_html_v10\b4d50ed45cd83cc3776207a8bb65b272.html
2025-05-22 02:41:51,503 - P11992 - INFO - Candidates address: 34 items
2025-05-22 02:41:51,503 - P11992 - INFO - Candidates phone: 0 items
2025-05-22 02:41:51,503 - P11992 - INFO - Candidates email: 0 items
2025-05-22 02:41:51,503 - P11992 - INFO - Candidates complement: 0 items
2025-05-22 02:41:51,503 - P11992 - INFO - Candidates cep: 1 items
2025-05-22 02:41:51,503 - P11992 - INFO - Após processar URL 16 Uso de memória: 115.50 MB
2025-05-22 02:41:51,504 - P11992 - INFO - Processando URL 17/23: https://alisaude.com.br/unidade/santa-catarina/joinville/clinica-psiquiatrica-dr-cristiano-waihrich-leal
2025-05-22 02:41:56,001 - P11992 - INFO - HTML salvo para debug: data\debug_html_v10\718195ef4854bd937ec71099c03b7e97.html
2025-05-22 02:41:56,021 - P11992 - INFO - Candidates address: 0 items
2025-05-22 02:41:56,022 - P11992 - INFO - Candidates phone: 1 items
2025-05-22 02:41:56,022 - P11992 - INFO - Candidates email: 0 items
2025-05-22 02:41:56,022 - P11992 - INFO - Candidates complement: 1 items
2025-05-22 02:41:56,023 - P11992 - INFO - Candidates cep: 3 items
2025-05-22 02:41:56,023 - P11992 - INFO - Após processar URL 17 Uso de memória: 114.68 MB
2025-05-22 02:41:56,024 - P11992 - INFO - Processando URL 18/23: https://www.unesc.net/portal/labpsiquiatria/blog/20570-prof-cristiano-waihrich-leal-realizara-uma-palestra-sobre-psicoterapia-de-orientacao-analitica-no-tratamento-da-depressao-no-simposio-deste-ano
2025-05-22 02:41:59,572 - P11992 - INFO - HTML salvo para debug: data\debug_html_v10\d6d5e9d8704ec028275527c1e73cf90e.html
2025-05-22 02:41:59,586 - P11992 - INFO - Candidates address: 1 items
2025-05-22 02:41:59,586 - P11992 - INFO - Candidates phone: 0 items
2025-05-22 02:41:59,586 - P11992 - INFO - Candidates email: 0 items
2025-05-22 02:41:59,586 - P11992 - INFO - Candidates complement: 0 items
2025-05-22 02:41:59,586 - P11992 - INFO - Candidates cep: 3 items
2025-05-22 02:41:59,587 - P11992 - INFO - Após processar URL 18 Uso de memória: 114.68 MB
2025-05-22 02:41:59,587 - P11992 - INFO - Processando URL 19/23: https://eguias.net/empresa/cristiano-waihrich-leal/joinville/sc/372818
2025-05-22 02:42:01,975 - P11992 - INFO - HTML salvo para debug: data\debug_html_v10\53128361bb45a779e701f948ebd13e0a.html
2025-05-22 02:42:01,992 - P11992 - INFO - Candidates address: 2 items
2025-05-22 02:42:01,992 - P11992 - INFO - Candidates phone: 2 items
2025-05-22 02:42:01,992 - P11992 - INFO - Candidates email: 0 items
2025-05-22 02:42:01,993 - P11992 - INFO - Candidates complement: 0 items
2025-05-22 02:42:01,993 - P11992 - INFO - Candidates cep: 3 items
2025-05-22 02:42:01,994 - P11992 - INFO - Após processar URL 19 Uso de memória: 114.70 MB
2025-05-22 02:42:01,994 - P11992 - INFO - Processando URL 20/23: http://www.clinicadrcristianoleal.com.br/
2025-05-22 02:42:24,169 - P11992 - INFO - HTML salvo para debug: data\debug_html_v10\52fc14d41e945cc687e64ac822f49929.html
2025-05-22 02:42:24,178 - P11992 - INFO - Candidates address: 1 items
2025-05-22 02:42:24,178 - P11992 - INFO - Candidates phone: 0 items
2025-05-22 02:42:24,179 - P11992 - INFO - Candidates email: 0 items
2025-05-22 02:42:24,179 - P11992 - INFO - Candidates complement: 0 items
2025-05-22 02:42:24,179 - P11992 - INFO - Candidates cep: 1 items
2025-05-22 02:42:24,180 - P11992 - INFO - Após processar URL 20 Uso de memória: 114.70 MB
2025-05-22 02:42:24,182 - P11992 - INFO - Processando URL 21/23: https://www.doctoralia.com.br/cristiano-waihrich-leal/psiquiatra/joinville
2025-05-22 02:42:24,183 - P11992 - INFO - Ignorando URL de arquivo não-HTML: https://www.doctoralia.com.br/cristiano-waihrich-leal/psiquiatra/joinville
2025-05-22 02:42:24,184 - P11992 - INFO - Após processar URL 21 Uso de memória: 114.70 MB
2025-05-22 02:42:24,184 - P11992 - INFO - Processando URL 22/23: https://www.medicosbrasil.com/profissional/maycon-waihrich-leal-giaretton
2025-05-22 02:42:26,486 - P11992 - INFO - HTML salvo para debug: data\debug_html_v10\55772100cd81ca4bdd6a2c106a16d228.html
2025-05-22 02:42:26,507 - P11992 - INFO - Candidates address: 0 items
2025-05-22 02:42:26,507 - P11992 - INFO - Candidates phone: 0 items
2025-05-22 02:42:26,507 - P11992 - INFO - Candidates email: 0 items
2025-05-22 02:42:26,508 - P11992 - INFO - Candidates complement: 0 items
2025-05-22 02:42:26,508 - P11992 - INFO - Candidates cep: 0 items
2025-05-22 02:42:26,508 - P11992 - INFO - Após processar URL 22 Uso de memória: 115.10 MB
2025-05-22 02:42:26,509 - P11992 - INFO - Processando URL 23/23: https://www.medicosbrasil.com/profissional/cristiano-walhrich-leal
2025-05-22 02:42:28,679 - P11992 - INFO - HTML salvo para debug: data\debug_html_v10\3252f3dfe38cb9d1ffc1d2c9d85f28ba.html
2025-05-22 02:42:28,681 - P11992 - INFO - Candidates address: 0 items
2025-05-22 02:42:28,682 - P11992 - INFO - Candidates phone: 0 items
2025-05-22 02:42:28,682 - P11992 - INFO - Candidates email: 0 items
2025-05-22 02:42:28,682 - P11992 - INFO - Candidates complement: 0 items
2025-05-22 02:42:28,682 - P11992 - INFO - Candidates cep: 0 items
2025-05-22 02:42:28,682 - P11992 - INFO - Após processar URL 23 Uso de memória: 115.10 MB
2025-05-22 02:42:28,683 - P11992 - INFO - Iniciando agregação e ranqueamento
2025-05-22 02:42:28,683 - P11992 - INFO - Ranked address: 65 items
2025-05-22 02:42:28,683 - P11992 - INFO - Ranked phone: 28 items
2025-05-22 02:42:28,684 - P11992 - INFO - Ranked email: 3 items
2025-05-22 02:42:28,684 - P11992 - INFO - Ranked complement: 3 items
2025-05-22 02:42:28,684 - P11992 - INFO - Ranked cep: 19 items
2025-05-22 02:42:28,684 - P11992 - INFO - Após agregação Uso de memória: 115.10 MB
2025-05-22 02:42:28,684 - P11992 - INFO - Validando endereço: ['Rua Blumenau, 1235', 'Rua Blumenau, 178', 'Rua Quinze de Novembro, 2030']
2025-05-22 02:42:28,685 - P11992 - INFO - Endereço validado: Rua Blumenau, 1235
2025-05-22 02:42:28,685 - P11992 - INFO - Limpando texto extenso para campo address: Rua Blumenau, 1235...
2025-05-22 02:42:28,685 - P11992 - INFO - Texto limpo: Rua Blumenau, 1235
2025-05-22 02:42:28,685 - P11992 - INFO - Validando telefone: ['(47) 3423-2041', '+55 47 3423-2041', '']
2025-05-22 02:42:28,686 - P11992 - INFO - Limpando texto extenso para campo phone: (47) 3423-2041...
2025-05-22 02:42:28,687 - P11992 - INFO - Texto limpo: 47) 3423-2041
2025-05-22 02:42:28,687 - P11992 - INFO - Telefone validado: 47) 3423-2041
2025-05-22 02:42:28,688 - P11992 - INFO - Validando email: ['relacionamento@apontador.com', 'codata@netvision.com.br', 'gerencia@eficazmedical.com.br']
2025-05-22 02:42:28,688 - P11992 - INFO - Limpando texto extenso para campo email: relacionamento@apontador.com...
2025-05-22 02:42:28,688 - P11992 - INFO - Texto limpo: relacionamento@apontador.com
2025-05-22 02:42:28,688 - P11992 - INFO - Email validado: relacionamento@apontador.com
2025-05-22 02:42:28,689 - P11992 - INFO - Validando complemento: ['Saladas ', 'Sala 1304 Fone: (47) 3025-7717   ', 'Sala 507  ']
2025-05-22 02:42:28,691 - P11992 - INFO - Limpando texto extenso para campo complement: Saladas ...
2025-05-22 02:42:28,692 - P11992 - INFO - Texto limpo: Saladas
2025-05-22 02:42:28,697 - P11992 - INFO - Complemento validado: Saladas
2025-05-22 02:42:28,699 - P11992 - INFO - Descobrindo cidade
2025-05-22 02:42:28,699 - P11992 - INFO - Buscando cidade: Rua Blumenau cidade SC
2025-05-22 02:42:31,342 - P11992 - INFO - Cidade encontrada: Santa Catarina
2025-05-22 02:42:31,342 - P11992 - INFO - Limpando texto extenso para campo city: Santa Catarina...
2025-05-22 02:42:31,343 - P11992 - INFO - Texto limpo: Santa Catarina
2025-05-22 02:42:31,343 - P11992 - INFO - Cidade descoberta: Santa Catarina
2025-05-22 02:42:31,343 - P11992 - INFO - Buscando CEP com sistema de cascata
2025-05-22 02:42:31,343 - P11992 - INFO - Iniciando busca de CEP em cascata para: Rua Blumenau, Santa Catarina, SC
2025-05-22 02:42:31,343 - P11992 - INFO - Método 1: ViaCEP API
2025-05-22 02:42:31,344 - P11992 - INFO - Buscando no ViaCEP: https://viacep.com.br/ws/SC/santa%20catarina/rua%20blumenau/json/
2025-05-22 02:42:31,990 - P11992 - WARNING - ViaCEP retornou status 200 ou nenhum resultado
2025-05-22 02:42:31,991 - P11992 - INFO - Método 2: BrasilAPI
2025-05-22 02:42:31,991 - P11992 - INFO - Buscando na BrasilAPI: Rua Blumenau, Santa Catarina, SC
2025-05-22 02:42:32,469 - P11992 - INFO - Consultando BrasilAPI: https://brasilapi.com.br/api/cep/v2/35135084
2025-05-22 02:42:32,776 - P11992 - WARNING - BrasilAPI retornou status 404
2025-05-22 02:42:32,779 - P11992 - INFO - Método 3: Web Scraping do Google
2025-05-22 02:42:32,779 - P11992 - INFO - Buscando CEP: CEP da Rua Blumenau, Santa Catarina
2025-05-22 02:42:34,487 - P11992 - INFO - CEP encontrado: 89204-413
2025-05-22 02:42:34,489 - P11992 - INFO - CEP encontrado via Google: 89204-413
2025-05-22 02:42:34,492 - P11992 - INFO - Dados de CEP encontrados: {'cep': '89204-413', 'logradouro': 'Rua Blumenau', 'bairro': '', 'localidade': 'Santa Catarina', 'uf': 'SC', 'complemento': ''}
2025-05-22 02:42:34,492 - P11992 - INFO - Limpando texto extenso para campo city: Santa Catarina...
2025-05-22 02:42:34,493 - P11992 - INFO - Texto limpo: Santa Catarina
2025-05-22 02:42:34,493 - P11992 - INFO - Limpando texto extenso para campo state: SC...
2025-05-22 02:42:34,494 - P11992 - INFO - Texto limpo: SC
2025-05-22 02:42:34,495 - P11992 - INFO - Tempo de execução de processamento completo do médico: 100.31 segundos
2025-05-22 02:42:34,496 - P11992 - INFO - Resultado processado: {'Hash': '38d6afc26bd2535bc21c7f5293d0800e5e9a4f13af583f4517195cf5a6ced010', 'CRM': '9818', 'UF': 'SC', 'Firstname': 'CRISTIANO', 'LastName': 'WAIHRICH LEAL', 'Medical specialty': '', 'Endereco Completo A1': 'Rua Blumenau, 1235', 'Address A1': 'Rua Blumenau', 'Numero A1': '1235', 'Complement A1': 'Saladas', 'Bairro A1': '', 'postal code A1': '89204-413', 'City A1': 'Santa Catarina', 'State A1': 'SC', 'Phone A1': '47) 3423-2041', 'Phone A2': '', 'Cell phone A1': '', 'Cell phone A2': '', 'E-mail A1': 'relacionamento@apontador.com', 'E-mail A2': '', 'OPT-IN': '', 'STATUS': '', 'LOTE': ''}
2025-05-22 02:42:34,510 - P11992 - INFO - Progresso: 32.1%
2025-05-22 02:42:34,510 - P11992 - INFO - Executando coleta de lixo
2025-05-22 02:42:34,582 - P11992 - INFO - Após coleta de lixo Uso de memória: 106.79 MB
2025-05-22 02:42:34,582 - P11992 - INFO - Tempo de execução de processamento do médico 1: 101.67 segundos
2025-05-22 02:42:34,582 - P11992 - INFO - 
==================================================
Processando médico 2/3
2025-05-22 02:42:34,582 - P11992 - INFO - Nome: PATRICIA DO ESPIRITO SANTO
2025-05-22 02:42:34,583 - P11992 - INFO - Início do processamento Uso de memória: 106.79 MB
2025-05-22 02:42:34,583 - P11992 - INFO - Iniciando busca para: PATRICIA DO ESPIRITO SANTO CRM 10863 SC telefone e-mail endereço
2025-05-22 02:42:34,954 - P11992 - INFO - SearX results: 10 URLs
2025-05-22 02:42:34,954 - P11992 - INFO - Após SearX Uso de memória: 106.79 MB
2025-05-22 02:42:38,020 - P11992 - INFO - Google results: 9 URLs
2025-05-22 02:42:38,020 - P11992 - INFO - Após Google Uso de memória: 110.21 MB
2025-05-22 02:42:40,675 - P11992 - INFO - Bing results: 11 URLs
2025-05-22 02:42:40,675 - P11992 - INFO - Após Bing Uso de memória: 112.83 MB
2025-05-22 02:42:40,675 - P11992 - INFO - Total de URLs únicas: 28
2025-05-22 02:42:40,676 - P11992 - INFO - Processando URL 1/28: https://dosp.com.br/exibe_do.php?i=NTU5MTE=
2025-05-22 02:42:42,866 - P11992 - INFO - HTML salvo para debug: data\debug_html_v10\ccbdd3b8a5bd27f98a285c59bf2c49e0.html
2025-05-22 02:42:42,867 - P11992 - INFO - Candidates address: 0 items
2025-05-22 02:42:42,867 - P11992 - INFO - Candidates phone: 0 items
2025-05-22 02:42:42,868 - P11992 - INFO - Candidates email: 0 items
2025-05-22 02:42:42,868 - P11992 - INFO - Candidates complement: 0 items
2025-05-22 02:42:42,868 - P11992 - INFO - Candidates cep: 0 items
2025-05-22 02:42:42,870 - P11992 - INFO - Após processar URL 1 Uso de memória: 112.83 MB
2025-05-22 02:42:42,870 - P11992 - INFO - Processando URL 2/28: https://www.doctoralia.com.br/patricia-dos-santos-pimentel/pediatra/florianopolis
2025-05-22 02:42:42,870 - P11992 - INFO - Ignorando URL de arquivo não-HTML: https://www.doctoralia.com.br/patricia-dos-santos-pimentel/pediatra/florianopolis
2025-05-22 02:42:42,871 - P11992 - INFO - Após processar URL 2 Uso de memória: 112.83 MB
2025-05-22 02:42:42,871 - P11992 - INFO - Processando URL 3/28: https://diariooficial.guarulhos.sp.gov.br/uploads/pdf/1652646929.pdf
2025-05-22 02:42:42,871 - P11992 - INFO - Ignorando URL de arquivo não-HTML: https://diariooficial.guarulhos.sp.gov.br/uploads/pdf/1652646929.pdf
2025-05-22 02:42:42,871 - P11992 - INFO - Após processar URL 3 Uso de memória: 112.83 MB
2025-05-22 02:42:42,872 - P11992 - INFO - Processando URL 4/28: https://diariooficial.guarulhos.sp.gov.br/uploads/pdf/2117795620.pdf
2025-05-22 02:42:42,873 - P11992 - INFO - Ignorando URL de arquivo não-HTML: https://diariooficial.guarulhos.sp.gov.br/uploads/pdf/2117795620.pdf
2025-05-22 02:42:42,874 - P11992 - INFO - Após processar URL 4 Uso de memória: 112.83 MB
2025-05-22 02:42:42,875 - P11992 - INFO - Processando URL 5/28: https://www.santaritaclinicamedica.com.br/profissionais/dra-patricia-coelho-bispo/
2025-05-22 02:42:46,433 - P11992 - INFO - HTML salvo para debug: data\debug_html_v10\25a44b229f43be6ba481edcad10b5cad.html
2025-05-22 02:42:46,467 - P11992 - INFO - Candidates address: 2 items
2025-05-22 02:42:46,467 - P11992 - INFO - Candidates phone: 2 items
2025-05-22 02:42:46,467 - P11992 - INFO - Candidates email: 0 items
2025-05-22 02:42:46,467 - P11992 - INFO - Candidates complement: 0 items
2025-05-22 02:42:46,467 - P11992 - INFO - Candidates cep: 1 items
2025-05-22 02:42:46,467 - P11992 - INFO - Após processar URL 5 Uso de memória: 113.25 MB
2025-05-22 02:42:46,468 - P11992 - INFO - Processando URL 6/28: https://www.medicosbrasil.com/profissional/patricia-do-espirito-santo
2025-05-22 02:42:48,608 - P11992 - INFO - HTML salvo para debug: data\debug_html_v10\1028553145db963dcdf9e7d564daf042.html
2025-05-22 02:42:48,610 - P11992 - INFO - Candidates address: 0 items
2025-05-22 02:42:48,611 - P11992 - INFO - Candidates phone: 0 items
2025-05-22 02:42:48,611 - P11992 - INFO - Candidates email: 0 items
2025-05-22 02:42:48,611 - P11992 - INFO - Candidates complement: 0 items
2025-05-22 02:42:48,611 - P11992 - INFO - Candidates cep: 0 items
2025-05-22 02:42:48,611 - P11992 - INFO - Após processar URL 6 Uso de memória: 113.31 MB
2025-05-22 02:42:48,611 - P11992 - INFO - Processando URL 7/28: https://portal-api.campinas.sp.gov.br/sites/default/files/publicacoes-dom/dom/1350597119.pdf
2025-05-22 02:42:48,612 - P11992 - INFO - Ignorando URL de arquivo não-HTML: https://portal-api.campinas.sp.gov.br/sites/default/files/publicacoes-dom/dom/1350597119.pdf
2025-05-22 02:42:48,612 - P11992 - INFO - Após processar URL 7 Uso de memória: 113.31 MB
2025-05-22 02:42:48,612 - P11992 - INFO - Processando URL 8/28: https://www.boaconsulta.com/especialista/patricia-do-espirito-santo-6106262fa2e00a0ea60009ac
2025-05-22 02:42:51,947 - P11992 - INFO - HTML salvo para debug: data\debug_html_v10\91db8b75b12c07a67a903de7a9d9de81.html
2025-05-22 02:42:52,013 - P11992 - INFO - Candidates address: 3 items
2025-05-22 02:42:52,013 - P11992 - INFO - Candidates phone: 0 items
2025-05-22 02:42:52,013 - P11992 - INFO - Candidates email: 0 items
2025-05-22 02:42:52,013 - P11992 - INFO - Candidates complement: 0 items
2025-05-22 02:42:52,014 - P11992 - INFO - Candidates cep: 0 items
2025-05-22 02:42:52,014 - P11992 - INFO - Após processar URL 8 Uso de memória: 114.23 MB
2025-05-22 02:42:52,014 - P11992 - INFO - Processando URL 9/28: https://sistemas.trf1.jus.br/edj/bitstream/handle/123/16139/Caderno_JUD_MG_2019-01-17_XI_9.pdf?sequence=1&isAllowed=y
2025-05-22 02:42:52,014 - P11992 - INFO - Ignorando URL de arquivo não-HTML: https://sistemas.trf1.jus.br/edj/bitstream/handle/123/16139/Caderno_JUD_MG_2019-01-17_XI_9.pdf?sequence=1&isAllowed=y
2025-05-22 02:42:52,014 - P11992 - INFO - Após processar URL 9 Uso de memória: 113.49 MB
2025-05-22 02:42:52,014 - P11992 - INFO - Processando URL 10/28: https://www.consultacrm.com.br/index/medicos/uid-95a83514-f5c5-11ec-9e74-0a4aa568c625/patricia_do_espirito_santo
2025-05-22 02:42:57,412 - P11992 - INFO - HTML salvo para debug: data\debug_html_v10\ad8ce0c09ff49f7e4d01a72b46eacf57.html
2025-05-22 02:42:57,427 - P11992 - INFO - Candidates address: 0 items
2025-05-22 02:42:57,434 - P11992 - INFO - Candidates phone: 0 items
2025-05-22 02:42:57,434 - P11992 - INFO - Candidates email: 0 items
2025-05-22 02:42:57,435 - P11992 - INFO - Candidates complement: 0 items
2025-05-22 02:42:57,435 - P11992 - INFO - Candidates cep: 0 items
2025-05-22 02:42:57,436 - P11992 - INFO - Após processar URL 10 Uso de memória: 113.83 MB
2025-05-22 02:42:57,441 - P11992 - INFO - Processando URL 11/28: https://web.trf3.jus.br/diario/Consulta/BaixarPdf/5453
2025-05-22 02:42:59,726 - P11992 - INFO - HTML salvo para debug: data\debug_html_v10\ad94b5050b9a82348e9b8a0547638bc2.html
2025-05-22 02:42:59,735 - P11992 - INFO - Candidates address: 0 items
2025-05-22 02:42:59,736 - P11992 - INFO - Candidates phone: 0 items
2025-05-22 02:42:59,736 - P11992 - INFO - Candidates email: 0 items
2025-05-22 02:42:59,736 - P11992 - INFO - Candidates complement: 0 items
2025-05-22 02:42:59,736 - P11992 - INFO - Candidates cep: 0 items
2025-05-22 02:42:59,737 - P11992 - INFO - Após processar URL 11 Uso de memória: 115.23 MB
2025-05-22 02:42:59,737 - P11992 - INFO - Processando URL 12/28: https://www.consultacrm.com.br/index/medicos/uid-915534bf-f5c5-11ec-9e74-0a4aa568c625/patricia_do_espirito_santo
2025-05-22 02:43:03,830 - P11992 - INFO - HTML salvo para debug: data\debug_html_v10\c9756830334153bebdc7a99123792f6a.html
2025-05-22 02:43:03,841 - P11992 - INFO - Candidates address: 0 items
2025-05-22 02:43:03,841 - P11992 - INFO - Candidates phone: 0 items
2025-05-22 02:43:03,841 - P11992 - INFO - Candidates email: 0 items
2025-05-22 02:43:03,841 - P11992 - INFO - Candidates complement: 0 items
2025-05-22 02:43:03,842 - P11992 - INFO - Candidates cep: 0 items
2025-05-22 02:43:03,842 - P11992 - INFO - Após processar URL 12 Uso de memória: 115.83 MB
2025-05-22 02:43:03,842 - P11992 - INFO - Processando URL 13/28: https://guiaesoterico.com/patricia-do-espirito-santo-psiquiatra/
2025-05-22 02:43:06,638 - P11992 - INFO - HTML salvo para debug: data\debug_html_v10\7d8fdb520613433d1c080377019b1f9f.html
2025-05-22 02:43:06,676 - P11992 - INFO - Candidates address: 0 items
2025-05-22 02:43:06,676 - P11992 - INFO - Candidates phone: 0 items
2025-05-22 02:43:06,676 - P11992 - INFO - Candidates email: 0 items
2025-05-22 02:43:06,676 - P11992 - INFO - Candidates complement: 0 items
2025-05-22 02:43:06,676 - P11992 - INFO - Candidates cep: 0 items
2025-05-22 02:43:06,677 - P11992 - INFO - Após processar URL 13 Uso de memória: 114.62 MB
2025-05-22 02:43:06,678 - P11992 - INFO - Processando URL 14/28: https://www.ioepa.com.br/pages/2015/2015.10.07.DOE.pdf
2025-05-22 02:43:06,678 - P11992 - INFO - Ignorando URL de arquivo não-HTML: https://www.ioepa.com.br/pages/2015/2015.10.07.DOE.pdf
2025-05-22 02:43:06,678 - P11992 - INFO - Após processar URL 14 Uso de memória: 114.62 MB
2025-05-22 02:43:06,679 - P11992 - INFO - Processando URL 15/28: https://www.gov.br/mme/pt-br/arquivos/do-10-01-2012-s3.pdf
2025-05-22 02:43:06,679 - P11992 - INFO - Ignorando URL de arquivo não-HTML: https://www.gov.br/mme/pt-br/arquivos/do-10-01-2012-s3.pdf
2025-05-22 02:43:06,679 - P11992 - INFO - Após processar URL 15 Uso de memória: 114.62 MB
2025-05-22 02:43:06,679 - P11992 - INFO - Processando URL 16/28: https://drapatriciasalespsiquiatra.com.br/
2025-05-22 02:43:12,075 - P11992 - INFO - HTML salvo para debug: data\debug_html_v10\0dc882efc1395c59ccffe2a19aa676e0.html
2025-05-22 02:43:12,132 - P11992 - INFO - Candidates address: 1 items
2025-05-22 02:43:12,133 - P11992 - INFO - Candidates phone: 5 items
2025-05-22 02:43:12,133 - P11992 - INFO - Candidates email: 1 items
2025-05-22 02:43:12,133 - P11992 - INFO - Candidates complement: 1 items
2025-05-22 02:43:12,133 - P11992 - INFO - Candidates cep: 5 items
2025-05-22 02:43:12,133 - P11992 - INFO - Após processar URL 16 Uso de memória: 114.66 MB
2025-05-22 02:43:12,133 - P11992 - INFO - Processando URL 17/28: https://gastromedicalcenter.com.br/profissionais-patricia-mendes-arent/
2025-05-22 02:43:17,723 - P11992 - INFO - HTML salvo para debug: data\debug_html_v10\cb1021631be85d920df30ff2277fd5a4.html
2025-05-22 02:43:17,744 - P11992 - INFO - Candidates address: 2 items
2025-05-22 02:43:17,745 - P11992 - INFO - Candidates phone: 1 items
2025-05-22 02:43:17,745 - P11992 - INFO - Candidates email: 1 items
2025-05-22 02:43:17,745 - P11992 - INFO - Candidates complement: 0 items
2025-05-22 02:43:17,745 - P11992 - INFO - Candidates cep: 1 items
2025-05-22 02:43:17,745 - P11992 - INFO - Após processar URL 17 Uso de memória: 114.67 MB
2025-05-22 02:43:17,746 - P11992 - INFO - Processando URL 18/28: http://www.transparencia.mpf.mp.br/conteudo/diarios-e-boletins/diario-eletronico-dmpf-e/2024/DMPF-ADMINISTRATIVO-2024-07-18.pdf
2025-05-22 02:43:17,746 - P11992 - INFO - Ignorando URL de arquivo não-HTML: http://www.transparencia.mpf.mp.br/conteudo/diarios-e-boletins/diario-eletronico-dmpf-e/2024/DMPF-ADMINISTRATIVO-2024-07-18.pdf
2025-05-22 02:43:17,746 - P11992 - INFO - Após processar URL 18 Uso de memória: 114.67 MB
2025-05-22 02:43:17,746 - P11992 - INFO - Processando URL 19/28: https://www.planodesaudesp.net/perfil/patricia_do_espirito_santo--1359003#:~:text=Patricia%20do%20Espirito%20Santo%2C%20M%C3%A9dico%20Psiquiatra%2C%20todas%20as,endere%C3%A7o%2C%20telefone%20e%20local%20de%20trabalho%20em%20Blumenau.
2025-05-22 02:43:20,708 - P11992 - INFO - HTML salvo para debug: data\debug_html_v10\2a9d4e7a81553b821b9b5e18c1d43633.html
2025-05-22 02:43:20,721 - P11992 - INFO - Candidates address: 7 items
2025-05-22 02:43:20,721 - P11992 - INFO - Candidates phone: 0 items
2025-05-22 02:43:20,722 - P11992 - INFO - Candidates email: 0 items
2025-05-22 02:43:20,722 - P11992 - INFO - Candidates complement: 0 items
2025-05-22 02:43:20,722 - P11992 - INFO - Candidates cep: 2 items
2025-05-22 02:43:20,722 - P11992 - INFO - Após processar URL 19 Uso de memória: 114.70 MB
2025-05-22 02:43:20,722 - P11992 - INFO - Processando URL 20/28: https://cliniguia.com/profissionais/patricia-do-espirito-santo-204328982760000/
2025-05-22 02:43:26,024 - P11992 - INFO - HTML salvo para debug: data\debug_html_v10\d57bd5b7fb477dca2a5929efbb5a24a3.html
2025-05-22 02:43:26,074 - P11992 - INFO - Candidates address: 0 items
2025-05-22 02:43:26,074 - P11992 - INFO - Candidates phone: 0 items
2025-05-22 02:43:26,075 - P11992 - INFO - Candidates email: 0 items
2025-05-22 02:43:26,075 - P11992 - INFO - Candidates complement: 0 items
2025-05-22 02:43:26,075 - P11992 - INFO - Candidates cep: 0 items
2025-05-22 02:43:26,075 - P11992 - INFO - Após processar URL 20 Uso de memória: 116.61 MB
2025-05-22 02:43:26,075 - P11992 - INFO - Processando URL 21/28: https://deoab.oab.org.br/assets/diarios/diario-eletronico-oab-16-12-2021.pdf
2025-05-22 02:43:26,075 - P11992 - INFO - Ignorando URL de arquivo não-HTML: https://deoab.oab.org.br/assets/diarios/diario-eletronico-oab-16-12-2021.pdf
2025-05-22 02:43:26,076 - P11992 - INFO - Após processar URL 21 Uso de memória: 115.27 MB
2025-05-22 02:43:26,076 - P11992 - INFO - Processando URL 22/28: https://diario.oab.org.br/assets/diarios/diario-eletronico-oab-30-07-2024.pdf
2025-05-22 02:43:26,076 - P11992 - INFO - Ignorando URL de arquivo não-HTML: https://diario.oab.org.br/assets/diarios/diario-eletronico-oab-30-07-2024.pdf
2025-05-22 02:43:26,076 - P11992 - INFO - Após processar URL 22 Uso de memória: 115.27 MB
2025-05-22 02:43:26,076 - P11992 - INFO - Processando URL 23/28: https://www.doctoralia.com.br/patricia-campos-d-almeida-bianco/nefrologista/porto-alegre
2025-05-22 02:43:26,076 - P11992 - INFO - Ignorando URL de arquivo não-HTML: https://www.doctoralia.com.br/patricia-campos-d-almeida-bianco/nefrologista/porto-alegre
2025-05-22 02:43:26,077 - P11992 - INFO - Após processar URL 23 Uso de memória: 115.27 MB
2025-05-22 02:43:26,077 - P11992 - INFO - Processando URL 24/28: https://crmes.org.br/
2025-05-22 02:43:29,705 - P11992 - INFO - HTML salvo para debug: data\debug_html_v10\be0a60531f145f59a595eb993d5c090c.html
2025-05-22 02:43:29,768 - P11992 - INFO - Candidates address: 0 items
2025-05-22 02:43:29,769 - P11992 - INFO - Candidates phone: 0 items
2025-05-22 02:43:29,769 - P11992 - INFO - Candidates email: 0 items
2025-05-22 02:43:29,769 - P11992 - INFO - Candidates complement: 0 items
2025-05-22 02:43:29,769 - P11992 - INFO - Candidates cep: 1 items
2025-05-22 02:43:29,769 - P11992 - INFO - Após processar URL 24 Uso de memória: 115.36 MB
2025-05-22 02:43:29,769 - P11992 - INFO - Processando URL 25/28: https://www.entrei.net/empresa/dra-patricia-do-espirito-santo/4403300.html
2025-05-22 02:43:32,588 - P11992 - INFO - HTML salvo para debug: data\debug_html_v10\f4a185a8afd71b33c2a8c82d1c406e79.html
2025-05-22 02:43:32,614 - P11992 - INFO - Candidates address: 0 items
2025-05-22 02:43:32,614 - P11992 - INFO - Candidates phone: 2 items
2025-05-22 02:43:32,614 - P11992 - INFO - Candidates email: 0 items
2025-05-22 02:43:32,614 - P11992 - INFO - Candidates complement: 0 items
2025-05-22 02:43:32,615 - P11992 - INFO - Candidates cep: 1 items
2025-05-22 02:43:32,615 - P11992 - INFO - Após processar URL 25 Uso de memória: 115.48 MB
2025-05-22 02:43:32,615 - P11992 - INFO - Processando URL 26/28: https://www.consultasocio.com/q/sa/patricia-do-espirito-santo
2025-05-22 02:43:38,639 - P11992 - INFO - HTML salvo para debug: data\debug_html_v10\c11237ef182de44e1a7fe3dd23835221.html
2025-05-22 02:43:38,654 - P11992 - INFO - Candidates address: 12 items
2025-05-22 02:43:38,655 - P11992 - INFO - Candidates phone: 0 items
2025-05-22 02:43:38,655 - P11992 - INFO - Candidates email: 5 items
2025-05-22 02:43:38,655 - P11992 - INFO - Candidates complement: 0 items
2025-05-22 02:43:38,655 - P11992 - INFO - Candidates cep: 17 items
2025-05-22 02:43:38,655 - P11992 - INFO - Após processar URL 26 Uso de memória: 115.48 MB
2025-05-22 02:43:38,655 - P11992 - INFO - Processando URL 27/28: https://www.planodesaudesp.net/perfil/patricia_do_espirito_santo--1359003
2025-05-22 02:43:42,557 - P11992 - INFO - HTML salvo para debug: data\debug_html_v10\c5b9c6494e6cefa7222e7e23775054c0.html
2025-05-22 02:43:42,572 - P11992 - INFO - Candidates address: 7 items
2025-05-22 02:43:42,573 - P11992 - INFO - Candidates phone: 0 items
2025-05-22 02:43:42,573 - P11992 - INFO - Candidates email: 0 items
2025-05-22 02:43:42,573 - P11992 - INFO - Candidates complement: 0 items
2025-05-22 02:43:42,573 - P11992 - INFO - Candidates cep: 2 items
2025-05-22 02:43:42,573 - P11992 - INFO - Após processar URL 27 Uso de memória: 115.48 MB
2025-05-22 02:43:42,573 - P11992 - INFO - Processando URL 28/28: https://consultacrm.com.br/
2025-05-22 02:43:45,940 - P11992 - INFO - HTML salvo para debug: data\debug_html_v10\65cadeb91ac3713432c21b535990f440.html
2025-05-22 02:43:45,955 - P11992 - INFO - Candidates address: 0 items
2025-05-22 02:43:45,956 - P11992 - INFO - Candidates phone: 0 items
2025-05-22 02:43:45,956 - P11992 - INFO - Candidates email: 0 items
2025-05-22 02:43:45,956 - P11992 - INFO - Candidates complement: 0 items
2025-05-22 02:43:45,956 - P11992 - INFO - Candidates cep: 0 items
2025-05-22 02:43:45,957 - P11992 - INFO - Após processar URL 28 Uso de memória: 115.54 MB
2025-05-22 02:43:45,957 - P11992 - INFO - Iniciando agregação e ranqueamento
2025-05-22 02:43:45,957 - P11992 - INFO - Ranked address: 25 items
2025-05-22 02:43:45,957 - P11992 - INFO - Ranked phone: 10 items
2025-05-22 02:43:45,957 - P11992 - INFO - Ranked email: 7 items
2025-05-22 02:43:45,957 - P11992 - INFO - Ranked complement: 1 items
2025-05-22 02:43:45,958 - P11992 - INFO - Ranked cep: 28 items
2025-05-22 02:43:45,958 - P11992 - INFO - Após agregação Uso de memória: 115.54 MB
2025-05-22 02:43:45,958 - P11992 - INFO - Validando endereço: ['Rua Itajai, 545', 'Rua Sete De Setembro, 1535', 'Rua Jean Romain Bonnemasou, 720']
2025-05-22 02:43:45,958 - P11992 - INFO - Endereço validado: Rua Itajai, 545
2025-05-22 02:43:45,958 - P11992 - INFO - Limpando texto extenso para campo address: Rua Itajai, 545...
2025-05-22 02:43:45,958 - P11992 - INFO - Texto limpo: Rua Itajai, 545
2025-05-22 02:43:45,959 - P11992 - INFO - Validando telefone: ['(47) 3350-5028', '(47)3350-5028', '(12) 3921-6355']
2025-05-22 02:43:45,959 - P11992 - INFO - Limpando texto extenso para campo phone: (47) 3350-5028...
2025-05-22 02:43:45,959 - P11992 - INFO - Texto limpo: 47) 3350-5028
2025-05-22 02:43:45,959 - P11992 - INFO - Telefone validado: 47) 3350-5028
2025-05-22 02:43:45,959 - P11992 - INFO - Validando email: ['psales50@gmail.com', 'atendimento@gastromedicalcenter.com.br', 'escritorioalfredo@hotmail.com']
2025-05-22 02:43:45,959 - P11992 - INFO - Limpando texto extenso para campo email: psales50@gmail.com...
2025-05-22 02:43:45,959 - P11992 - INFO - Texto limpo: psales50@gmail.com
2025-05-22 02:43:45,959 - P11992 - INFO - Email validado: psales50@gmail.com
2025-05-22 02:43:45,960 - P11992 - INFO - Validando complemento: ['Sala 404C  ']
2025-05-22 02:43:45,960 - P11992 - INFO - Limpando texto extenso para campo complement: Sala 404C  ...
2025-05-22 02:43:45,960 - P11992 - INFO - Texto limpo: Sala 404C
2025-05-22 02:43:45,960 - P11992 - INFO - Complemento validado: Sala 404C
2025-05-22 02:43:45,960 - P11992 - INFO - Descobrindo cidade
2025-05-22 02:43:45,960 - P11992 - INFO - Buscando cidade: Rua Itajai cidade SC
2025-05-22 02:43:48,841 - P11992 - INFO - Cidade encontrada: Santa Catarina
2025-05-22 02:43:48,841 - P11992 - INFO - Limpando texto extenso para campo city: Santa Catarina...
2025-05-22 02:43:48,841 - P11992 - INFO - Texto limpo: Santa Catarina
2025-05-22 02:43:48,841 - P11992 - INFO - Cidade descoberta: Santa Catarina
2025-05-22 02:43:48,842 - P11992 - INFO - Buscando CEP com sistema de cascata
2025-05-22 02:43:48,842 - P11992 - INFO - Iniciando busca de CEP em cascata para: Rua Itajai, Santa Catarina, SC
2025-05-22 02:43:48,842 - P11992 - INFO - Método 1: ViaCEP API
2025-05-22 02:43:48,842 - P11992 - INFO - Buscando no ViaCEP: https://viacep.com.br/ws/SC/santa%20catarina/rua%20itajai/json/
2025-05-22 02:43:49,481 - P11992 - WARNING - ViaCEP retornou status 200 ou nenhum resultado
2025-05-22 02:43:49,483 - P11992 - INFO - Método 2: BrasilAPI
2025-05-22 02:43:49,483 - P11992 - INFO - Buscando na BrasilAPI: Rua Itajai, Santa Catarina, SC
2025-05-22 02:43:49,954 - P11992 - INFO - Consultando BrasilAPI: https://brasilapi.com.br/api/cep/v2/35135084
2025-05-22 02:43:50,216 - P11992 - WARNING - BrasilAPI retornou status 404
2025-05-22 02:43:50,219 - P11992 - INFO - Método 3: Web Scraping do Google
2025-05-22 02:43:50,220 - P11992 - INFO - Buscando CEP: CEP da Rua Itajai, Santa Catarina
2025-05-22 02:43:52,514 - P11992 - INFO - CEP encontrado: 88000-000
2025-05-22 02:43:52,641 - P11992 - INFO - CEP encontrado via Google: 88000-000
2025-05-22 02:43:52,676 - P11992 - INFO - Dados de CEP encontrados: {'cep': '88000-000', 'logradouro': 'Rua Itajai', 'bairro': '', 'localidade': 'Santa Catarina', 'uf': 'SC', 'complemento': ''}
2025-05-22 02:43:52,692 - P11992 - INFO - Limpando texto extenso para campo city: Santa Catarina...
2025-05-22 02:43:52,704 - P11992 - INFO - Texto limpo: Santa Catarina
2025-05-22 02:43:52,704 - P11992 - INFO - Limpando texto extenso para campo state: SC...
2025-05-22 02:43:52,705 - P11992 - INFO - Texto limpo: SC
2025-05-22 02:43:52,706 - P11992 - INFO - Tempo de execução de processamento completo do médico: 78.12 segundos
2025-05-22 02:43:52,709 - P11992 - INFO - Resultado processado: {'Hash': '795d8d345c14328ebd54ff74b1b1dcb9a04f7a677f698ac82bfa694131958322', 'CRM': '10863', 'UF': 'SC', 'Firstname': 'PATRICIA', 'LastName': 'DO ESPIRITO SANTO', 'Medical specialty': '', 'Endereco Completo A1': 'Rua Itajai, 545', 'Address A1': 'Rua Itajai', 'Numero A1': '545', 'Complement A1': 'Sala 404C', 'Bairro A1': '', 'postal code A1': '88000-000', 'City A1': 'Santa Catarina', 'State A1': 'SC', 'Phone A1': '47) 3350-5028', 'Phone A2': '', 'Cell phone A1': '', 'Cell phone A2': '', 'E-mail A1': 'psales50@gmail.com', 'E-mail A2': '', 'OPT-IN': '', 'STATUS': '', 'LOTE': ''}
2025-05-22 02:43:52,716 - P11992 - INFO - Progresso: 32.5%
2025-05-22 02:43:52,717 - P11992 - INFO - Tempo de execução de processamento do médico 2: 78.13 segundos
2025-05-22 02:43:52,722 - P11992 - INFO - 
==================================================
Processando médico 3/3
2025-05-22 02:43:52,722 - P11992 - INFO - Nome: JULIO CESAR BORK
2025-05-22 02:43:52,723 - P11992 - INFO - Início do processamento Uso de memória: 113.72 MB
2025-05-22 02:43:52,723 - P11992 - INFO - Iniciando busca para: JULIO CESAR BORK CRM 12427 SC telefone e-mail endereço
2025-05-22 02:43:53,366 - P11992 - INFO - SearX results: 3 URLs
2025-05-22 02:43:53,368 - P11992 - INFO - Após SearX Uso de memória: 113.72 MB
2025-05-22 02:43:55,787 - P11992 - INFO - Google results: 9 URLs
2025-05-22 02:43:55,788 - P11992 - INFO - Após Google Uso de memória: 114.96 MB
2025-05-22 02:43:58,435 - P11992 - INFO - Bing results: 10 URLs
2025-05-22 02:43:58,436 - P11992 - INFO - Após Bing Uso de memória: 117.65 MB
2025-05-22 02:43:58,436 - P11992 - INFO - Total de URLs únicas: 17
2025-05-22 02:43:58,437 - P11992 - INFO - Processando URL 1/17: https://hospitalazambuja.com.br/corpoclinico/julio-cesar-bork/
2025-05-22 02:44:05,659 - P11992 - INFO - HTML salvo para debug: data\debug_html_v10\74ba6d75c065744a819ca54fb1ca1778.html
2025-05-22 02:44:05,688 - P11992 - INFO - Candidates address: 1 items
2025-05-22 02:44:05,689 - P11992 - INFO - Candidates phone: 2 items
2025-05-22 02:44:05,689 - P11992 - INFO - Candidates email: 1 items
2025-05-22 02:44:05,689 - P11992 - INFO - Candidates complement: 0 items
2025-05-22 02:44:05,689 - P11992 - INFO - Candidates cep: 0 items
2025-05-22 02:44:05,689 - P11992 - INFO - Após processar URL 1 Uso de memória: 117.65 MB
2025-05-22 02:44:05,690 - P11992 - INFO - Processando URL 2/17: https://sistemas.trf1.jus.br/edj/bitstream/handle/123/58805/Caderno_JUD_BA_2015-10-02_VII_186.pdf?sequence=3&isAllowed=y
2025-05-22 02:44:05,690 - P11992 - INFO - Ignorando URL de arquivo não-HTML: https://sistemas.trf1.jus.br/edj/bitstream/handle/123/58805/Caderno_JUD_BA_2015-10-02_VII_186.pdf?sequence=3&isAllowed=y
2025-05-22 02:44:05,690 - P11992 - INFO - Após processar URL 2 Uso de memória: 117.65 MB
2025-05-22 02:44:05,690 - P11992 - INFO - Processando URL 3/17: https://www.endocardio.med.br/profissionais.html
2025-05-22 02:44:09,075 - P11992 - INFO - HTML salvo para debug: data\debug_html_v10\14cf23c02ac1a9f1be6eff0fe96cac1a.html
2025-05-22 02:44:09,088 - P11992 - INFO - Candidates address: 1 items
2025-05-22 02:44:09,088 - P11992 - INFO - Candidates phone: 1 items
2025-05-22 02:44:09,088 - P11992 - INFO - Candidates email: 1 items
2025-05-22 02:44:09,089 - P11992 - INFO - Candidates complement: 0 items
2025-05-22 02:44:09,089 - P11992 - INFO - Candidates cep: 2 items
2025-05-22 02:44:09,089 - P11992 - INFO - Após processar URL 3 Uso de memória: 117.65 MB
2025-05-22 02:44:09,089 - P11992 - INFO - Processando URL 4/17: https://www.consultacrm.com.br/index/medicos/uid-957b373c-f5c5-11ec-9e74-0a4aa568c625/julio_cesar_bork
2025-05-22 02:44:12,844 - P11992 - INFO - HTML salvo para debug: data\debug_html_v10\29d74aa590d5418ea0fd33e572fc0d4f.html
2025-05-22 02:44:12,855 - P11992 - INFO - Candidates address: 0 items
2025-05-22 02:44:12,855 - P11992 - INFO - Candidates phone: 0 items
2025-05-22 02:44:12,855 - P11992 - INFO - Candidates email: 0 items
2025-05-22 02:44:12,855 - P11992 - INFO - Candidates complement: 0 items
2025-05-22 02:44:12,856 - P11992 - INFO - Candidates cep: 0 items
2025-05-22 02:44:12,856 - P11992 - INFO - Após processar URL 4 Uso de memória: 117.67 MB
2025-05-22 02:44:12,856 - P11992 - INFO - Processando URL 5/17: https://jornais.itajai.sc.gov.br/arquivos/jornal_2009_752_462.pdf
2025-05-22 02:44:12,856 - P11992 - INFO - Ignorando URL de arquivo não-HTML: https://jornais.itajai.sc.gov.br/arquivos/jornal_2009_752_462.pdf
2025-05-22 02:44:12,856 - P11992 - INFO - Após processar URL 5 Uso de memória: 117.67 MB
2025-05-22 02:44:12,856 - P11992 - INFO - Processando URL 6/17: https://clinica.work/especialista/julio-cesar-bork-clinico-geral-brusque-sc
2025-05-22 02:44:16,489 - P11992 - INFO - HTML salvo para debug: data\debug_html_v10\9ae9dfd705848c2798d906b011be1b96.html
2025-05-22 02:44:16,508 - P11992 - INFO - Candidates address: 1 items
2025-05-22 02:44:16,508 - P11992 - INFO - Candidates phone: 0 items
2025-05-22 02:44:16,508 - P11992 - INFO - Candidates email: 0 items
2025-05-22 02:44:16,508 - P11992 - INFO - Candidates complement: 0 items
2025-05-22 02:44:16,509 - P11992 - INFO - Candidates cep: 1 items
2025-05-22 02:44:16,509 - P11992 - INFO - Após processar URL 6 Uso de memória: 118.61 MB
2025-05-22 02:44:16,509 - P11992 - INFO - Processando URL 7/17: https://listamedicos.com/medico/julio-cesar-bork
2025-05-22 02:44:20,769 - P11992 - INFO - HTML salvo para debug: data\debug_html_v10\a4fd2eb2c1b564b840d4582f93186559.html
2025-05-22 02:44:20,776 - P11992 - INFO - Candidates address: 0 items
2025-05-22 02:44:20,776 - P11992 - INFO - Candidates phone: 0 items
2025-05-22 02:44:20,776 - P11992 - INFO - Candidates email: 0 items
2025-05-22 02:44:20,777 - P11992 - INFO - Candidates complement: 0 items
2025-05-22 02:44:20,777 - P11992 - INFO - Candidates cep: 2 items
2025-05-22 02:44:20,777 - P11992 - INFO - Após processar URL 7 Uso de memória: 117.69 MB
2025-05-22 02:44:20,777 - P11992 - INFO - Processando URL 8/17: https://historiadeitajai.com.br/jornais-do-municipio/2009/jornal_2009_752_462.pdf
2025-05-22 02:44:20,778 - P11992 - INFO - Ignorando URL de arquivo não-HTML: https://historiadeitajai.com.br/jornais-do-municipio/2009/jornal_2009_752_462.pdf
2025-05-22 02:44:20,778 - P11992 - INFO - Após processar URL 8 Uso de memória: 117.69 MB
2025-05-22 02:44:20,778 - P11992 - INFO - Processando URL 9/17: https://www.entrei.net/empresa/dr-julio-cesar-bork/4403392.html
2025-05-22 02:44:23,053 - P11992 - INFO - HTML salvo para debug: data\debug_html_v10\3873638aeab4ba6769ee34e8a02e62c3.html
2025-05-22 02:44:23,078 - P11992 - INFO - Candidates address: 0 items
2025-05-22 02:44:23,078 - P11992 - INFO - Candidates phone: 2 items
2025-05-22 02:44:23,079 - P11992 - INFO - Candidates email: 0 items
2025-05-22 02:44:23,079 - P11992 - INFO - Candidates complement: 0 items
2025-05-22 02:44:23,079 - P11992 - INFO - Candidates cep: 1 items
2025-05-22 02:44:23,079 - P11992 - INFO - Após processar URL 9 Uso de memória: 117.70 MB
2025-05-22 02:44:23,079 - P11992 - INFO - Processando URL 10/17: https://www.sintrab.com.br/convenios/cardiologistas/
2025-05-22 02:44:27,554 - P11992 - INFO - HTML salvo para debug: data\debug_html_v10\278d894ca873099c81fc5aeef2e0b3d5.html
2025-05-22 02:44:27,572 - P11992 - INFO - Candidates address: 1 items
2025-05-22 02:44:27,572 - P11992 - INFO - Candidates phone: 1 items
2025-05-22 02:44:27,572 - P11992 - INFO - Candidates email: 0 items
2025-05-22 02:44:27,572 - P11992 - INFO - Candidates complement: 1 items
2025-05-22 02:44:27,572 - P11992 - INFO - Candidates cep: 1 items
2025-05-22 02:44:27,573 - P11992 - INFO - Após processar URL 10 Uso de memória: 117.70 MB
2025-05-22 02:44:27,573 - P11992 - INFO - Processando URL 11/17: https://www.boaconsulta.com/especialista/julio-cesar-bork-610628f9a2e00a0e69004b51?agendaId=610628f9a2e00a0e69004b52
2025-05-22 02:44:30,543 - P11992 - INFO - HTML salvo para debug: data\debug_html_v10\0f704f0b82e0f1d77a39388a5f219204.html
2025-05-22 02:44:30,618 - P11992 - INFO - Candidates address: 0 items
2025-05-22 02:44:30,619 - P11992 - INFO - Candidates phone: 0 items
2025-05-22 02:44:30,619 - P11992 - INFO - Candidates email: 0 items
2025-05-22 02:44:30,619 - P11992 - INFO - Candidates complement: 0 items
2025-05-22 02:44:30,619 - P11992 - INFO - Candidates cep: 0 items
2025-05-22 02:44:30,619 - P11992 - INFO - Após processar URL 11 Uso de memória: 118.26 MB
2025-05-22 02:44:30,619 - P11992 - INFO - Processando URL 12/17: http://sociedades.cardiol.br/sc/publico/cardiologia.asp
2025-05-22 02:44:33,581 - P11992 - INFO - HTML salvo para debug: data\debug_html_v10\cf23d43de54ce405ab82a8ada4a0b849.html
2025-05-22 02:44:33,593 - P11992 - INFO - Candidates address: 0 items
2025-05-22 02:44:33,593 - P11992 - INFO - Candidates phone: 1 items
2025-05-22 02:44:33,594 - P11992 - INFO - Candidates email: 2 items
2025-05-22 02:44:33,594 - P11992 - INFO - Candidates complement: 0 items
2025-05-22 02:44:33,594 - P11992 - INFO - Candidates cep: 1 items
2025-05-22 02:44:33,594 - P11992 - INFO - Após processar URL 12 Uso de memória: 116.73 MB
2025-05-22 02:44:33,594 - P11992 - INFO - Processando URL 13/17: https://www.medicosbrasil.com/profissional/julio-cesar-bork
2025-05-22 02:44:35,745 - P11992 - INFO - HTML salvo para debug: data\debug_html_v10\1c9af0549e37f5339009732116dd81d5.html
2025-05-22 02:44:35,747 - P11992 - INFO - Candidates address: 0 items
2025-05-22 02:44:35,747 - P11992 - INFO - Candidates phone: 0 items
2025-05-22 02:44:35,747 - P11992 - INFO - Candidates email: 0 items
2025-05-22 02:44:35,748 - P11992 - INFO - Candidates complement: 0 items
2025-05-22 02:44:35,748 - P11992 - INFO - Candidates cep: 0 items
2025-05-22 02:44:35,748 - P11992 - INFO - Após processar URL 13 Uso de memória: 116.73 MB
2025-05-22 02:44:35,748 - P11992 - INFO - Processando URL 14/17: https://saude101.com.br/prestador/33100012427-julio-cesar-bork.html
2025-05-22 02:44:38,834 - P11992 - INFO - HTML salvo para debug: data\debug_html_v10\5140db92a791a9bdf7c219e12f87812d.html
2025-05-22 02:44:38,842 - P11992 - INFO - Candidates address: 1 items
2025-05-22 02:44:38,842 - P11992 - INFO - Candidates phone: 0 items
2025-05-22 02:44:38,842 - P11992 - INFO - Candidates email: 0 items
2025-05-22 02:44:38,843 - P11992 - INFO - Candidates complement: 0 items
2025-05-22 02:44:38,843 - P11992 - INFO - Candidates cep: 1 items
2025-05-22 02:44:38,843 - P11992 - INFO - Após processar URL 14 Uso de memória: 116.73 MB
2025-05-22 02:44:38,843 - P11992 - INFO - Processando URL 15/17: https://www.boaconsulta.com/especialista/julio-cesar-bork-610628f9a2e00a0e69004b51
2025-05-22 02:44:41,560 - P11992 - INFO - HTML salvo para debug: data\debug_html_v10\a8688f3644b7ede36a152bd774e1bb9f.html
2025-05-22 02:44:41,639 - P11992 - INFO - Candidates address: 0 items
2025-05-22 02:44:41,639 - P11992 - INFO - Candidates phone: 0 items
2025-05-22 02:44:41,640 - P11992 - INFO - Candidates email: 0 items
2025-05-22 02:44:41,640 - P11992 - INFO - Candidates complement: 0 items
2025-05-22 02:44:41,640 - P11992 - INFO - Candidates cep: 0 items
2025-05-22 02:44:41,640 - P11992 - INFO - Após processar URL 15 Uso de memória: 117.47 MB
2025-05-22 02:44:41,641 - P11992 - INFO - Processando URL 16/17: http://www.endocardio.med.br/pages/profissionais.html
2025-05-22 02:44:44,586 - P11992 - INFO - HTML salvo para debug: data\debug_html_v10\7d643f09ef8d18a0e46992d7f1037029.html
2025-05-22 02:44:44,597 - P11992 - INFO - Candidates address: 1 items
2025-05-22 02:44:44,598 - P11992 - INFO - Candidates phone: 2 items
2025-05-22 02:44:44,598 - P11992 - INFO - Candidates email: 0 items
2025-05-22 02:44:44,599 - P11992 - INFO - Candidates complement: 0 items
2025-05-22 02:44:44,600 - P11992 - INFO - Candidates cep: 2 items
2025-05-22 02:44:44,600 - P11992 - INFO - Após processar URL 16 Uso de memória: 117.47 MB
2025-05-22 02:44:44,600 - P11992 - INFO - Processando URL 17/17: https://www.redescredenciadas.com.br/perfil/julio-cesar-bork-sc-12427
2025-05-22 02:44:47,603 - P11992 - INFO - HTML salvo para debug: data\debug_html_v10\e87be508324e467b11d3948916bf1328.html
2025-05-22 02:44:47,611 - P11992 - INFO - Candidates address: 1 items
2025-05-22 02:44:47,612 - P11992 - INFO - Candidates phone: 2 items
2025-05-22 02:44:47,612 - P11992 - INFO - Candidates email: 0 items
2025-05-22 02:44:47,612 - P11992 - INFO - Candidates complement: 1 items
2025-05-22 02:44:47,612 - P11992 - INFO - Candidates cep: 0 items
2025-05-22 02:44:47,612 - P11992 - INFO - Após processar URL 17 Uso de memória: 117.47 MB
2025-05-22 02:44:47,612 - P11992 - INFO - Iniciando agregação e ranqueamento
2025-05-22 02:44:47,613 - P11992 - INFO - Ranked address: 4 items
2025-05-22 02:44:47,613 - P11992 - INFO - Ranked phone: 8 items
2025-05-22 02:44:47,613 - P11992 - INFO - Ranked email: 4 items
2025-05-22 02:44:47,613 - P11992 - INFO - Ranked complement: 2 items
2025-05-22 02:44:47,613 - P11992 - INFO - Ranked cep: 7 items
2025-05-22 02:44:47,613 - P11992 - INFO - Após agregação Uso de memória: 117.47 MB
2025-05-22 02:44:47,614 - P11992 - INFO - Validando endereço: ['Rua Felipe Schmidt, 172', 'Rua Azambuja, 1089', 'Rua Felipe Schmidt 172']
2025-05-22 02:44:47,614 - P11992 - INFO - Endereço validado: Rua Felipe Schmidt, 172
2025-05-22 02:44:47,614 - P11992 - INFO - Limpando texto extenso para campo address: Rua Felipe Schmidt, 172...
2025-05-22 02:44:47,614 - P11992 - INFO - Texto limpo: Rua Felipe Schmidt, 172
2025-05-22 02:44:47,614 - P11992 - INFO - Validando telefone: ['(47) 3355-0548', '(47) 3396-2200', '(01) 06124-5741']
2025-05-22 02:44:47,614 - P11992 - INFO - Limpando texto extenso para campo phone: (47) 3355-0548...
2025-05-22 02:44:47,615 - P11992 - INFO - Texto limpo: 47) 3355-0548
2025-05-22 02:44:47,615 - P11992 - INFO - Telefone validado: 47) 3355-0548
2025-05-22 02:44:47,615 - P11992 - INFO - Validando email: ['sac@haccr.org.br', 'contato@endocardio.med.br', 'tecnologia@cardiol.br']
2025-05-22 02:44:47,615 - P11992 - INFO - Limpando texto extenso para campo email: sac@haccr.org.br...
2025-05-22 02:44:47,616 - P11992 - INFO - Texto limpo: sac@haccr.org.br
2025-05-22 02:44:47,616 - P11992 - INFO - Email validado: sac@haccr.org.br
2025-05-22 02:44:47,616 - P11992 - INFO - Validando complemento: ['Sala 304 ', 'Sala 701  Centro I']
2025-05-22 02:44:47,616 - P11992 - INFO - Limpando texto extenso para campo complement: Sala 304 ...
2025-05-22 02:44:47,616 - P11992 - INFO - Texto limpo: Sala 304
2025-05-22 02:44:47,616 - P11992 - INFO - Complemento validado: Sala 304
2025-05-22 02:44:47,616 - P11992 - INFO - Descobrindo cidade
2025-05-22 02:44:47,617 - P11992 - INFO - Buscando cidade: Rua Felipe Schmidt cidade SC
2025-05-22 02:44:50,668 - P11992 - INFO - Cidade encontrada: Florianópolis
2025-05-22 02:44:50,676 - P11992 - INFO - Limpando texto extenso para campo city: Florianópolis...
2025-05-22 02:44:50,677 - P11992 - INFO - Texto limpo: Florianópolis
2025-05-22 02:44:50,679 - P11992 - INFO - Cidade descoberta: Florianópolis
2025-05-22 02:44:50,680 - P11992 - INFO - Buscando CEP com sistema de cascata
2025-05-22 02:44:50,681 - P11992 - INFO - Iniciando busca de CEP em cascata para: Rua Felipe Schmidt, Florianópolis, SC
2025-05-22 02:44:50,688 - P11992 - INFO - Método 1: ViaCEP API
2025-05-22 02:44:50,703 - P11992 - INFO - Buscando no ViaCEP: https://viacep.com.br/ws/SC/florianopolis/rua%20felipe%20schmidt/json/
2025-05-22 02:44:51,430 - P11992 - INFO - Dados encontrados no ViaCEP: {'cep': '88010-000', 'logradouro': 'Rua Felipe Schmidt', 'complemento': 'até 348/349', 'unidade': '', 'bairro': 'Centro', 'localidade': 'Florianópolis', 'uf': 'SC', 'estado': 'Santa Catarina', 'regiao': 'Sul', 'ibge': '4205407', 'gia': '', 'ddd': '48', 'siafi': '8105'}
2025-05-22 02:44:51,455 - P11992 - INFO - CEP encontrado via ViaCEP: 88010-000
2025-05-22 02:44:51,455 - P11992 - INFO - Dados de CEP encontrados: {'cep': '88010-000', 'logradouro': 'Rua Felipe Schmidt', 'complemento': 'até 348/349', 'unidade': '', 'bairro': 'Centro', 'localidade': 'Florianópolis', 'uf': 'SC', 'estado': 'Santa Catarina', 'regiao': 'Sul', 'ibge': '4205407', 'gia': '', 'ddd': '48', 'siafi': '8105'}
2025-05-22 02:44:51,457 - P11992 - INFO - Limpando texto extenso para campo bairro: Centro...
2025-05-22 02:44:51,462 - P11992 - INFO - Texto limpo: Centro
2025-05-22 02:44:51,464 - P11992 - INFO - Limpando texto extenso para campo city: Florianópolis...
2025-05-22 02:44:51,464 - P11992 - INFO - Texto limpo: Florianópolis
2025-05-22 02:44:51,465 - P11992 - INFO - Limpando texto extenso para campo state: SC...
2025-05-22 02:44:51,465 - P11992 - INFO - Texto limpo: SC
2025-05-22 02:44:51,465 - P11992 - INFO - Tempo de execução de processamento completo do médico: 58.74 segundos
2025-05-22 02:44:51,466 - P11992 - INFO - Resultado processado: {'Hash': 'b6d7fc335b8048b5eb68542473c6ef49fb1f65e53f006d7893e8712354f469af', 'CRM': '12427', 'UF': 'SC', 'Firstname': 'JULIO', 'LastName': 'CESAR BORK', 'Medical specialty': '', 'Endereco Completo A1': 'Rua Felipe Schmidt, 172', 'Address A1': 'Rua Felipe Schmidt', 'Numero A1': '172', 'Complement A1': 'Sala 304', 'Bairro A1': 'Centro', 'postal code A1': '88010-000', 'City A1': 'Florianópolis', 'State A1': 'SC', 'Phone A1': '47) 3355-0548', 'Phone A2': '', 'Cell phone A1': '', 'Cell phone A2': '', 'E-mail A1': 'sac@haccr.org.br', 'E-mail A2': '', 'OPT-IN': '', 'STATUS': '', 'LOTE': ''}
2025-05-22 02:44:51,470 - P11992 - INFO - Salvando lote de resultados
2025-05-22 02:44:51,472 - P11992 - INFO - Após salvar resultados Uso de memória: 115.17 MB
2025-05-22 02:44:51,473 - P11992 - INFO - Progresso: 32.8%
2025-05-22 02:44:51,474 - P11992 - INFO - Tempo de execução de processamento do médico 3: 58.75 segundos
2025-05-22 02:44:51,475 - P11992 - INFO - Tempo de execução de processamento do lote completo: 238.56 segundos
