2025-05-22 01:39:43,681 - P15228 - INFO - 
==================================================
Processando médico 1/3
2025-05-22 01:39:43,682 - P15228 - INFO - Nome: RENATA GANDINI VIEIRA
2025-05-22 01:39:43,682 - P15228 - INFO - Reiniciando driver do Chrome
2025-05-22 01:39:45,434 - P15228 - INFO - Após reiniciar driver Uso de memória: 90.83 MB
2025-05-22 01:39:45,434 - P15228 - INFO - Início do processamento Uso de memória: 90.83 MB
2025-05-22 01:39:45,435 - P15228 - INFO - Iniciando busca para: RENATA GANDINI VIEIRA CRM 219304 SP telefone e-mail endereço
2025-05-22 01:39:46,058 - P15228 - INFO - SearX results: 4 URLs
2025-05-22 01:39:46,059 - P15228 - INFO - Após SearX Uso de memória: 90.83 MB
2025-05-22 01:39:48,920 - P15228 - INFO - Google results: 8 URLs
2025-05-22 01:39:48,921 - P15228 - INFO - Após Google Uso de memória: 92.96 MB
2025-05-22 01:39:51,650 - P15228 - INFO - Bing results: 8 URLs
2025-05-22 01:39:51,650 - P15228 - INFO - Após Bing Uso de memória: 94.85 MB
2025-05-22 01:39:51,651 - P15228 - INFO - Total de URLs únicas: 14
2025-05-22 01:39:51,651 - P15228 - INFO - Processando URL 1/14: https://www.doctoralia.com.br/renata-gandini/psiquiatra/sao-paulo
2025-05-22 01:39:51,652 - P15228 - INFO - Ignorando URL de arquivo não-HTML: https://www.doctoralia.com.br/renata-gandini/psiquiatra/sao-paulo
2025-05-22 01:39:51,653 - P15228 - INFO - Após processar URL 1 Uso de memória: 94.85 MB
2025-05-22 01:39:51,653 - P15228 - INFO - Processando URL 2/14: https://clinica.work/especialista/renata-gandini-vieira-psiquiatra-sao-paulo-sp
2025-05-22 01:39:55,636 - P15228 - INFO - HTML salvo para debug: data\debug_html_v10\c557a013a83114318bd89e499e047ba3.html
2025-05-22 01:39:55,654 - P15228 - INFO - Candidates address: 1 items
2025-05-22 01:39:55,656 - P15228 - INFO - Candidates phone: 0 items
2025-05-22 01:39:55,657 - P15228 - INFO - Candidates email: 0 items
2025-05-22 01:39:55,659 - P15228 - INFO - Candidates complement: 0 items
2025-05-22 01:39:55,659 - P15228 - INFO - Candidates cep: 0 items
2025-05-22 01:39:55,660 - P15228 - INFO - Após processar URL 2 Uso de memória: 94.95 MB
2025-05-22 01:39:55,660 - P15228 - INFO - Processando URL 3/14: https://sistemadje.tjmt.jus.br/publicacoes/9184-2013.pdf
2025-05-22 01:39:55,660 - P15228 - INFO - Ignorando URL de arquivo não-HTML: https://sistemadje.tjmt.jus.br/publicacoes/9184-2013.pdf
2025-05-22 01:39:55,660 - P15228 - INFO - Após processar URL 3 Uso de memória: 94.95 MB
2025-05-22 01:39:55,660 - P15228 - INFO - Processando URL 4/14: https://alternamentesaude.com/2023/02/02/burnout-quando-o-trabalho-torna-se-um-inimigo/
2025-05-22 01:40:00,076 - P15228 - INFO - HTML salvo para debug: data\debug_html_v10\24fb2f0803c096e824bb76ce4462a091.html
2025-05-22 01:40:00,104 - P15228 - INFO - Candidates address: 0 items
2025-05-22 01:40:00,104 - P15228 - INFO - Candidates phone: 1 items
2025-05-22 01:40:00,104 - P15228 - INFO - Candidates email: 1 items
2025-05-22 01:40:00,104 - P15228 - INFO - Candidates complement: 0 items
2025-05-22 01:40:00,105 - P15228 - INFO - Candidates cep: 1 items
2025-05-22 01:40:00,105 - P15228 - INFO - Após processar URL 4 Uso de memória: 94.94 MB
2025-05-22 01:40:00,105 - P15228 - INFO - Processando URL 5/14: https://drarenatagandini.com/
2025-05-22 01:40:02,991 - P15228 - INFO - HTML salvo para debug: data\debug_html_v10\bfa857456c3b8daff315dbebaa2eac14.html
2025-05-22 01:40:03,011 - P15228 - INFO - Candidates address: 0 items
2025-05-22 01:40:03,013 - P15228 - INFO - Candidates phone: 1 items
2025-05-22 01:40:03,013 - P15228 - INFO - Candidates email: 1 items
2025-05-22 01:40:03,015 - P15228 - INFO - Candidates complement: 0 items
2025-05-22 01:40:03,015 - P15228 - INFO - Candidates cep: 1 items
2025-05-22 01:40:03,016 - P15228 - INFO - Após processar URL 5 Uso de memória: 94.95 MB
2025-05-22 01:40:03,016 - P15228 - INFO - Processando URL 6/14: https://alternamentesaude.com/2023/02/02/conheca-os-transtornos-de-personalidade/
2025-05-22 01:40:06,836 - P15228 - INFO - HTML salvo para debug: data\debug_html_v10\1768cf5262879a812e1eb944cb622b77.html
2025-05-22 01:40:06,867 - P15228 - INFO - Candidates address: 0 items
2025-05-22 01:40:06,867 - P15228 - INFO - Candidates phone: 1 items
2025-05-22 01:40:06,867 - P15228 - INFO - Candidates email: 1 items
2025-05-22 01:40:06,868 - P15228 - INFO - Candidates complement: 0 items
2025-05-22 01:40:06,868 - P15228 - INFO - Candidates cep: 1 items
2025-05-22 01:40:06,868 - P15228 - INFO - Após processar URL 6 Uso de memória: 94.96 MB
2025-05-22 01:40:06,868 - P15228 - INFO - Processando URL 7/14: https://melhores.com/psiquiatra/sao-paulo/renata-gandini
2025-05-22 01:40:09,814 - P15228 - INFO - HTML salvo para debug: data\debug_html_v10\d50c70f6b818ca89695108a706b27691.html
2025-05-22 01:40:09,816 - P15228 - INFO - Candidates address: 0 items
2025-05-22 01:40:09,817 - P15228 - INFO - Candidates phone: 0 items
2025-05-22 01:40:09,817 - P15228 - INFO - Candidates email: 0 items
2025-05-22 01:40:09,817 - P15228 - INFO - Candidates complement: 0 items
2025-05-22 01:40:09,817 - P15228 - INFO - Candidates cep: 0 items
2025-05-22 01:40:09,817 - P15228 - INFO - Após processar URL 7 Uso de memória: 89.79 MB
2025-05-22 01:40:09,817 - P15228 - INFO - Processando URL 8/14: https://alternamentesaude.com/artigos/
2025-05-22 01:40:12,033 - P15228 - INFO - HTML salvo para debug: data\debug_html_v10\d18a283efa13239b7614a3248b9aeb7c.html
2025-05-22 01:40:12,060 - P15228 - INFO - Candidates address: 0 items
2025-05-22 01:40:12,060 - P15228 - INFO - Candidates phone: 0 items
2025-05-22 01:40:12,060 - P15228 - INFO - Candidates email: 1 items
2025-05-22 01:40:12,060 - P15228 - INFO - Candidates complement: 0 items
2025-05-22 01:40:12,061 - P15228 - INFO - Candidates cep: 2 items
2025-05-22 01:40:12,061 - P15228 - INFO - Após processar URL 8 Uso de memória: 91.08 MB
2025-05-22 01:40:12,061 - P15228 - INFO - Processando URL 9/14: https://www.boaconsulta.com/especialista/renata-gandini-vieira-6106d39da2e00a653a003aeb
2025-05-22 01:40:15,358 - P15228 - INFO - HTML salvo para debug: data\debug_html_v10\77db73646bfbec3184d785529dba3ee5.html
2025-05-22 01:40:15,449 - P15228 - INFO - Candidates address: 12 items
2025-05-22 01:40:15,450 - P15228 - INFO - Candidates phone: 0 items
2025-05-22 01:40:15,450 - P15228 - INFO - Candidates email: 0 items
2025-05-22 01:40:15,450 - P15228 - INFO - Candidates complement: 3 items
2025-05-22 01:40:15,450 - P15228 - INFO - Candidates cep: 0 items
2025-05-22 01:40:15,451 - P15228 - INFO - Após processar URL 9 Uso de memória: 95.15 MB
2025-05-22 01:40:15,451 - P15228 - INFO - Processando URL 10/14: https://consultacrm.com.br/
2025-05-22 01:40:21,220 - P15228 - INFO - HTML salvo para debug: data\debug_html_v10\65cadeb91ac3713432c21b535990f440.html
2025-05-22 01:40:21,232 - P15228 - INFO - Candidates address: 0 items
2025-05-22 01:40:21,232 - P15228 - INFO - Candidates phone: 0 items
2025-05-22 01:40:21,232 - P15228 - INFO - Candidates email: 0 items
2025-05-22 01:40:21,232 - P15228 - INFO - Candidates complement: 0 items
2025-05-22 01:40:21,232 - P15228 - INFO - Candidates cep: 0 items
2025-05-22 01:40:21,233 - P15228 - INFO - Após processar URL 10 Uso de memória: 91.54 MB
2025-05-22 01:40:21,233 - P15228 - INFO - Processando URL 11/14: https://alternamentesaude.com/2023/02/02/obesidade-o-corpo-afetando-a-mente/
2025-05-22 01:40:25,192 - P15228 - INFO - HTML salvo para debug: data\debug_html_v10\072d4cc43e4f35f2c958a8c10985fcbf.html
2025-05-22 01:40:25,224 - P15228 - INFO - Candidates address: 0 items
2025-05-22 01:40:25,224 - P15228 - INFO - Candidates phone: 1 items
2025-05-22 01:40:25,225 - P15228 - INFO - Candidates email: 1 items
2025-05-22 01:40:25,225 - P15228 - INFO - Candidates complement: 0 items
2025-05-22 01:40:25,225 - P15228 - INFO - Candidates cep: 1 items
2025-05-22 01:40:25,225 - P15228 - INFO - Após processar URL 11 Uso de memória: 92.20 MB
2025-05-22 01:40:25,225 - P15228 - INFO - Processando URL 12/14: https://drarenatagandini.com/dra/
2025-05-22 01:40:49,481 - P15228 - INFO - HTML salvo para debug: data\debug_html_v10\f17fb2cd73e77cc2b119bcccfac21a2a.html
2025-05-22 01:40:49,504 - P15228 - INFO - Candidates address: 0 items
2025-05-22 01:40:49,505 - P15228 - INFO - Candidates phone: 1 items
2025-05-22 01:40:49,507 - P15228 - INFO - Candidates email: 1 items
2025-05-22 01:40:49,508 - P15228 - INFO - Candidates complement: 0 items
2025-05-22 01:40:49,508 - P15228 - INFO - Candidates cep: 1 items
2025-05-22 01:40:49,509 - P15228 - INFO - Após processar URL 12 Uso de memória: 92.22 MB
2025-05-22 01:40:49,509 - P15228 - INFO - Processando URL 13/14: https://alternamentesaude.com/2023/02/02/ansiedade-a-doenca-do-seculo/
2025-05-22 01:40:53,452 - P15228 - INFO - HTML salvo para debug: data\debug_html_v10\cc5d80232d0926ee952cd840602d52ca.html
2025-05-22 01:40:53,480 - P15228 - INFO - Candidates address: 0 items
2025-05-22 01:40:53,481 - P15228 - INFO - Candidates phone: 1 items
2025-05-22 01:40:53,481 - P15228 - INFO - Candidates email: 1 items
2025-05-22 01:40:53,481 - P15228 - INFO - Candidates complement: 0 items
2025-05-22 01:40:53,482 - P15228 - INFO - Candidates cep: 1 items
2025-05-22 01:40:53,482 - P15228 - INFO - Após processar URL 13 Uso de memória: 92.23 MB
2025-05-22 01:40:53,482 - P15228 - INFO - Processando URL 14/14: https://empresasweb.net/emp/gandini-servicos-medicos-ltda-44839287
2025-05-22 01:40:56,591 - P15228 - INFO - HTML salvo para debug: data\debug_html_v10\787582bc342a6e0b36359763ddcce660.html
2025-05-22 01:40:56,603 - P15228 - INFO - Candidates address: 0 items
2025-05-22 01:40:56,603 - P15228 - INFO - Candidates phone: 2 items
2025-05-22 01:40:56,604 - P15228 - INFO - Candidates email: 1 items
2025-05-22 01:40:56,604 - P15228 - INFO - Candidates complement: 1 items
2025-05-22 01:40:56,604 - P15228 - INFO - Candidates cep: 1 items
2025-05-22 01:40:56,604 - P15228 - INFO - Após processar URL 14 Uso de memória: 92.27 MB
2025-05-22 01:40:56,604 - P15228 - INFO - Iniciando agregação e ranqueamento
2025-05-22 01:40:56,605 - P15228 - INFO - Ranked address: 13 items
2025-05-22 01:40:56,605 - P15228 - INFO - Ranked phone: 4 items
2025-05-22 01:40:56,605 - P15228 - INFO - Ranked email: 3 items
2025-05-22 01:40:56,605 - P15228 - INFO - Ranked complement: 4 items
2025-05-22 01:40:56,605 - P15228 - INFO - Ranked cep: 4 items
2025-05-22 01:40:56,605 - P15228 - INFO - Após agregação Uso de memória: 92.27 MB
2025-05-22 01:40:56,606 - P15228 - INFO - Validando endereço: ['R. Gomes de Carvalho, 1356', 'Rua Vergueiro, 1353', 'Rua Major Sertório, 440']
2025-05-22 01:40:56,606 - P15228 - INFO - Endereço validado: R. Gomes de Carvalho, 1356
2025-05-22 01:40:56,606 - P15228 - INFO - Limpando texto extenso para campo address: R. Gomes de Carvalho, 1356...
2025-05-22 01:40:56,606 - P15228 - INFO - Texto limpo: R. Gomes de Carvalho, 1356
2025-05-22 01:40:56,606 - P15228 - INFO - Validando telefone: ['(31) 99977-4249', '(11) 95301-7272', '+553734491877']
2025-05-22 01:40:56,607 - P15228 - INFO - Limpando texto extenso para campo phone: (31) 99977-4249...
2025-05-22 01:40:56,607 - P15228 - INFO - Texto limpo: 31) 99977-4249
2025-05-22 01:40:56,607 - P15228 - INFO - Telefone validado: 31) 99977-4249
2025-05-22 01:40:56,607 - P15228 - INFO - Validando email: ['contato@alternamentesaude.com', 'atendimento@drarenatagandini.com', 'CADASTRO@CONTABILIDADEMALTA.COM.BR']
2025-05-22 01:40:56,607 - P15228 - INFO - Limpando texto extenso para campo email: contato@alternamentesaude.com...
2025-05-22 01:40:56,607 - P15228 - INFO - Texto limpo: contato@alternamentesaude.com
2025-05-22 01:40:56,608 - P15228 - INFO - Email validado: contato@alternamentesaude.com
2025-05-22 01:40:56,608 - P15228 - INFO - Validando complemento: ['Sala 701 Torre Norte', 'Conjunto 32', 'Sala 701']
2025-05-22 01:40:56,608 - P15228 - INFO - Limpando texto extenso para campo complement: Sala 701 Torre Norte...
2025-05-22 01:40:56,608 - P15228 - INFO - Texto limpo: Sala 701 Torre Norte
2025-05-22 01:40:56,608 - P15228 - INFO - Complemento validado: Sala 701 Torre Norte
2025-05-22 01:40:56,608 - P15228 - INFO - Descobrindo cidade
2025-05-22 01:40:56,609 - P15228 - INFO - Buscando cidade: R. Gomes de Carvalho cidade SP
2025-05-22 01:40:59,310 - P15228 - WARNING - Cidade não encontrada
2025-05-22 01:40:59,310 - P15228 - INFO - Cidade descoberta: 
2025-05-22 01:40:59,311 - P15228 - INFO - Tempo de execução de processamento completo do médico: 73.88 segundos
2025-05-22 01:40:59,311 - P15228 - INFO - Resultado processado: {'Hash': '8b6811bbeb3198d885788d6544c2092ea73835436ce6eb996c4df35f971c1b02', 'CRM': '219304', 'UF': 'SP', 'Firstname': 'RENATA', 'LastName': 'GANDINI VIEIRA', 'Medical specialty': '', 'Endereco Completo A1': 'R. Gomes de Carvalho, 1356', 'Address A1': 'R. Gomes de Carvalho', 'Numero A1': '1356', 'Complement A1': 'Sala 701 Torre Norte', 'Bairro A1': '', 'postal code A1': '', 'City A1': '', 'State A1': '', 'Phone A1': '31) 99977-4249', 'Phone A2': '', 'Cell phone A1': '', 'Cell phone A2': '', 'E-mail A1': 'contato@alternamentesaude.com', 'E-mail A2': '', 'OPT-IN': '', 'STATUS': '', 'LOTE': ''}
2025-05-22 01:40:59,312 - P15228 - INFO - Progresso: 7.8%
2025-05-22 01:40:59,312 - P15228 - INFO - Executando coleta de lixo
2025-05-22 01:40:59,346 - P15228 - INFO - Após coleta de lixo Uso de memória: 84.82 MB
2025-05-22 01:40:59,346 - P15228 - INFO - Tempo de execução de processamento do médico 1: 75.66 segundos
2025-05-22 01:40:59,346 - P15228 - INFO - 
==================================================
Processando médico 2/3
2025-05-22 01:40:59,346 - P15228 - INFO - Nome: ROBLEDO RODRIGUES LOPES
2025-05-22 01:40:59,347 - P15228 - INFO - Início do processamento Uso de memória: 84.82 MB
2025-05-22 01:40:59,347 - P15228 - INFO - Iniciando busca para: ROBLEDO RODRIGUES LOPES CRM 224640 SP telefone e-mail endereço
2025-05-22 01:40:59,749 - P15228 - INFO - SearX results: 1 URLs
2025-05-22 01:40:59,749 - P15228 - INFO - Após SearX Uso de memória: 84.82 MB
2025-05-22 01:41:02,338 - P15228 - INFO - Google results: 3 URLs
2025-05-22 01:41:02,338 - P15228 - INFO - Após Google Uso de memória: 90.59 MB
2025-05-22 01:41:04,835 - P15228 - INFO - Bing results: 8 URLs
2025-05-22 01:41:04,835 - P15228 - INFO - Após Bing Uso de memória: 93.69 MB
2025-05-22 01:41:04,835 - P15228 - INFO - Total de URLs únicas: 9
2025-05-22 01:41:04,835 - P15228 - INFO - Processando URL 1/9: https://www.crm-sp.org.br/?siteAcao=Contatos&dep=cad
2025-05-22 01:41:07,102 - P15228 - INFO - HTML salvo para debug: data\debug_html_v10\9d7a012bd98a105b7c4d3b953105f1bf.html
2025-05-22 01:41:07,109 - P15228 - INFO - Candidates address: 0 items
2025-05-22 01:41:07,109 - P15228 - INFO - Candidates phone: 0 items
2025-05-22 01:41:07,109 - P15228 - INFO - Candidates email: 0 items
2025-05-22 01:41:07,110 - P15228 - INFO - Candidates complement: 0 items
2025-05-22 01:41:07,110 - P15228 - INFO - Candidates cep: 0 items
2025-05-22 01:41:07,110 - P15228 - INFO - Após processar URL 1 Uso de memória: 94.36 MB
2025-05-22 01:41:07,110 - P15228 - INFO - Processando URL 2/9: https://rodriguesroriz.com.br/empresa
2025-05-22 01:41:13,000 - P15228 - INFO - HTML salvo para debug: data\debug_html_v10\e7e7aa665e4e9a3db2789e2494ca0749.html
2025-05-22 01:41:13,018 - P15228 - INFO - Candidates address: 1 items
2025-05-22 01:41:13,018 - P15228 - INFO - Candidates phone: 1 items
2025-05-22 01:41:13,019 - P15228 - INFO - Candidates email: 1 items
2025-05-22 01:41:13,019 - P15228 - INFO - Candidates complement: 1 items
2025-05-22 01:41:13,019 - P15228 - INFO - Candidates cep: 1 items
2025-05-22 01:41:13,019 - P15228 - INFO - Após processar URL 2 Uso de memória: 94.47 MB
2025-05-22 01:41:13,019 - P15228 - INFO - Processando URL 3/9: http://cremesp.org.br/
2025-05-22 01:41:17,542 - P15228 - INFO - HTML salvo para debug: data\debug_html_v10\2a967318246f9658edeb1e0469c871fe.html
2025-05-22 01:41:17,567 - P15228 - INFO - Candidates address: 1 items
2025-05-22 01:41:17,568 - P15228 - INFO - Candidates phone: 1 items
2025-05-22 01:41:17,569 - P15228 - INFO - Candidates email: 0 items
2025-05-22 01:41:17,570 - P15228 - INFO - Candidates complement: 0 items
2025-05-22 01:41:17,570 - P15228 - INFO - Candidates cep: 2 items
2025-05-22 01:41:17,571 - P15228 - INFO - Após processar URL 3 Uso de memória: 94.61 MB
2025-05-22 01:41:17,571 - P15228 - INFO - Processando URL 4/9: https://www.consultacrm.com.br/index/profissionais
2025-05-22 01:41:21,762 - P15228 - INFO - HTML salvo para debug: data\debug_html_v10\ca7ac6c4b85cee4a2c1da9949f895117.html
2025-05-22 01:41:21,773 - P15228 - INFO - Candidates address: 0 items
2025-05-22 01:41:21,773 - P15228 - INFO - Candidates phone: 0 items
2025-05-22 01:41:21,773 - P15228 - INFO - Candidates email: 0 items
2025-05-22 01:41:21,774 - P15228 - INFO - Candidates complement: 0 items
2025-05-22 01:41:21,774 - P15228 - INFO - Candidates cep: 0 items
2025-05-22 01:41:21,774 - P15228 - INFO - Após processar URL 4 Uso de memória: 95.06 MB
2025-05-22 01:41:21,774 - P15228 - INFO - Processando URL 5/9: https://guiamedico.cremesp.org.br/
2025-05-22 01:41:24,589 - P15228 - INFO - HTML salvo para debug: data\debug_html_v10\7c54969580769b63edd9abaa952e1fa2.html
2025-05-22 01:41:24,595 - P15228 - INFO - Candidates address: 1 items
2025-05-22 01:41:24,596 - P15228 - INFO - Candidates phone: 1 items
2025-05-22 01:41:24,596 - P15228 - INFO - Candidates email: 0 items
2025-05-22 01:41:24,596 - P15228 - INFO - Candidates complement: 0 items
2025-05-22 01:41:24,596 - P15228 - INFO - Candidates cep: 1 items
2025-05-22 01:41:24,597 - P15228 - INFO - Após processar URL 5 Uso de memória: 95.08 MB
2025-05-22 01:41:24,597 - P15228 - INFO - Processando URL 6/9: https://cnpj.biz/53257263000147
2025-05-22 01:41:29,048 - P15228 - INFO - HTML salvo para debug: data\debug_html_v10\e478fb0d3b19b41c9efe214ddc52bf3e.html
2025-05-22 01:41:29,073 - P15228 - INFO - Candidates address: 9 items
2025-05-22 01:41:29,084 - P15228 - INFO - Candidates phone: 1 items
2025-05-22 01:41:29,084 - P15228 - INFO - Candidates email: 1 items
2025-05-22 01:41:29,084 - P15228 - INFO - Candidates complement: 0 items
2025-05-22 01:41:29,085 - P15228 - INFO - Candidates cep: 3 items
2025-05-22 01:41:29,085 - P15228 - INFO - Após processar URL 6 Uso de memória: 95.11 MB
2025-05-22 01:41:29,085 - P15228 - INFO - Processando URL 7/9: https://consultacrm.com.br/
2025-05-22 01:41:32,303 - P15228 - INFO - HTML salvo para debug: data\debug_html_v10\65cadeb91ac3713432c21b535990f440.html
2025-05-22 01:41:32,319 - P15228 - INFO - Candidates address: 0 items
2025-05-22 01:41:32,319 - P15228 - INFO - Candidates phone: 0 items
2025-05-22 01:41:32,320 - P15228 - INFO - Candidates email: 0 items
2025-05-22 01:41:32,320 - P15228 - INFO - Candidates complement: 0 items
2025-05-22 01:41:32,320 - P15228 - INFO - Candidates cep: 0 items
2025-05-22 01:41:32,320 - P15228 - INFO - Após processar URL 7 Uso de memória: 96.21 MB
2025-05-22 01:41:32,321 - P15228 - INFO - Processando URL 8/9: https://www.boaconsulta.com/especialista/robledo-rodrigues-lopes-64a6cefc5a7bb832dd01bbae
2025-05-22 01:41:35,169 - P15228 - INFO - HTML salvo para debug: data\debug_html_v10\6a53dad798cb3506abc70fc2eadb4165.html
2025-05-22 01:41:35,246 - P15228 - INFO - Candidates address: 5 items
2025-05-22 01:41:35,246 - P15228 - INFO - Candidates phone: 0 items
2025-05-22 01:41:35,246 - P15228 - INFO - Candidates email: 0 items
2025-05-22 01:41:35,246 - P15228 - INFO - Candidates complement: 0 items
2025-05-22 01:41:35,247 - P15228 - INFO - Candidates cep: 0 items
2025-05-22 01:41:35,247 - P15228 - INFO - Após processar URL 8 Uso de memória: 97.21 MB
2025-05-22 01:41:35,247 - P15228 - INFO - Processando URL 9/9: https://drconsulta.com/meu-doutor/robledo-rodrigues-lopes-crm-sp-224640
2025-05-22 01:41:39,228 - P15228 - INFO - HTML salvo para debug: data\debug_html_v10\f328e369613d16219737dc1472a4e5dc.html
2025-05-22 01:41:39,247 - P15228 - INFO - Candidates address: 1 items
2025-05-22 01:41:39,248 - P15228 - INFO - Candidates phone: 0 items
2025-05-22 01:41:39,248 - P15228 - INFO - Candidates email: 4 items
2025-05-22 01:41:39,248 - P15228 - INFO - Candidates complement: 0 items
2025-05-22 01:41:39,248 - P15228 - INFO - Candidates cep: 1 items
2025-05-22 01:41:39,249 - P15228 - INFO - Após processar URL 9 Uso de memória: 97.38 MB
2025-05-22 01:41:39,249 - P15228 - INFO - Iniciando agregação e ranqueamento
2025-05-22 01:41:39,249 - P15228 - INFO - Ranked address: 17 items
2025-05-22 01:41:39,250 - P15228 - INFO - Ranked phone: 3 items
2025-05-22 01:41:39,250 - P15228 - INFO - Ranked email: 6 items
2025-05-22 01:41:39,250 - P15228 - INFO - Ranked complement: 1 items
2025-05-22 01:41:39,250 - P15228 - INFO - Ranked cep: 7 items
2025-05-22 01:41:39,251 - P15228 - INFO - Após agregação Uso de memória: 97.38 MB
2025-05-22 01:41:39,251 - P15228 - INFO - Validando endereço: ['Rua Frei Caneca, 1282', 'Rua Eduardo Tomanik, 900', 'R. Lopes Rodrigues Servicos Medicos LTDA - 53257263000147']
2025-05-22 01:41:39,251 - P15228 - INFO - Endereço validado: Rua Frei Caneca, 1282
2025-05-22 01:41:39,251 - P15228 - INFO - Limpando texto extenso para campo address: Rua Frei Caneca, 1282...
2025-05-22 01:41:39,252 - P15228 - INFO - Texto limpo: Rua Frei Caneca, 1282
2025-05-22 01:41:39,252 - P15228 - INFO - Validando telefone: ['(11) 4349-9900', '(11) 93253-7411', '(41) 99736-0984']
2025-05-22 01:41:39,253 - P15228 - INFO - Limpando texto extenso para campo phone: (11) 4349-9900...
2025-05-22 01:41:39,253 - P15228 - INFO - Texto limpo: 11) 4349-9900
2025-05-22 01:41:39,254 - P15228 - INFO - Telefone validado: 11) 4349-9900
2025-05-22 01:41:39,254 - P15228 - INFO - Validando email: ['atendimento@rodriguesroriz.com.br', 'escritorio.medbill@gmail.com', 'atendimento@drconsulta.com']
2025-05-22 01:41:39,255 - P15228 - INFO - Limpando texto extenso para campo email: atendimento@rodriguesroriz.com.br...
2025-05-22 01:41:39,255 - P15228 - INFO - Texto limpo: atendimento@rodriguesroriz.com.br
2025-05-22 01:41:39,255 - P15228 - INFO - Email validado: atendimento@rodriguesroriz.com.br
2025-05-22 01:41:39,255 - P15228 - INFO - Validando complemento: ['Sala 45 Chácara Urbana CEP:  13209\u200b-090 Jundiaí']
2025-05-22 01:41:39,255 - P15228 - INFO - Limpando texto extenso para campo complement: Sala 45 Chácara Urbana CEP:  13209​-090 Jundiaí...
2025-05-22 01:41:39,256 - P15228 - INFO - Texto limpo: Sala 45 Chácara Urbana CEP: 1
2025-05-22 01:41:39,256 - P15228 - INFO - Complemento validado: Sala 45 Chácara Urbana CEP: 1
2025-05-22 01:41:39,256 - P15228 - INFO - Descobrindo cidade
2025-05-22 01:41:39,256 - P15228 - INFO - Buscando cidade: Rua Frei Caneca cidade SP
2025-05-22 01:41:41,886 - P15228 - WARNING - Cidade não encontrada
2025-05-22 01:41:41,887 - P15228 - INFO - Cidade descoberta: 
2025-05-22 01:41:41,887 - P15228 - INFO - Tempo de execução de processamento completo do médico: 42.54 segundos
2025-05-22 01:41:41,888 - P15228 - INFO - Resultado processado: {'Hash': '766a3fd7154afe56315b464216ad5f9c9ffab655f4a497cb3a5b0d3d2faa1ceb', 'CRM': '224640', 'UF': 'SP', 'Firstname': 'ROBLEDO', 'LastName': 'RODRIGUES LOPES', 'Medical specialty': '', 'Endereco Completo A1': 'Rua Frei Caneca, 1282', 'Address A1': 'Rua Frei Caneca', 'Numero A1': '1282', 'Complement A1': 'Sala 45 Chácara Urbana CEP: 1', 'Bairro A1': '', 'postal code A1': '', 'City A1': '', 'State A1': '', 'Phone A1': '11) 4349-9900', 'Phone A2': '', 'Cell phone A1': '', 'Cell phone A2': '', 'E-mail A1': 'atendimento@rodriguesroriz.com.br', 'E-mail A2': '', 'OPT-IN': '', 'STATUS': '', 'LOTE': ''}
2025-05-22 01:41:41,889 - P15228 - INFO - Progresso: 8.1%
2025-05-22 01:41:41,889 - P15228 - INFO - Tempo de execução de processamento do médico 2: 42.54 segundos
2025-05-22 01:41:41,889 - P15228 - INFO - 
==================================================
Processando médico 3/3
2025-05-22 01:41:41,889 - P15228 - INFO - Nome: VICTORIA DE ALENCAR LAUFER
2025-05-22 01:41:41,890 - P15228 - INFO - Início do processamento Uso de memória: 91.80 MB
2025-05-22 01:41:41,890 - P15228 - INFO - Iniciando busca para: VICTORIA DE ALENCAR LAUFER CRM 240550 SP telefone e-mail endereço
2025-05-22 01:41:42,357 - P15228 - INFO - SearX results: 8 URLs
2025-05-22 01:41:42,357 - P15228 - INFO - Após SearX Uso de memória: 91.80 MB
2025-05-22 01:41:44,840 - P15228 - INFO - Google results: 1 URLs
2025-05-22 01:41:44,840 - P15228 - INFO - Após Google Uso de memória: 91.82 MB
2025-05-22 01:41:47,475 - P15228 - INFO - Bing results: 8 URLs
2025-05-22 01:41:47,475 - P15228 - INFO - Após Bing Uso de memória: 92.77 MB
2025-05-22 01:41:47,475 - P15228 - INFO - Total de URLs únicas: 11
2025-05-22 01:41:47,475 - P15228 - INFO - Processando URL 1/11: https://www.hospitalprontil.com.br/corpo-cl%C3%ADnico
2025-05-22 01:41:51,193 - P15228 - INFO - HTML salvo para debug: data\debug_html_v10\d4833784529c742d81df3f3ae15828a4.html
2025-05-22 01:41:51,213 - P15228 - INFO - Candidates address: 1 items
2025-05-22 01:41:51,213 - P15228 - INFO - Candidates phone: 2 items
2025-05-22 01:41:51,213 - P15228 - INFO - Candidates email: 1 items
2025-05-22 01:41:51,213 - P15228 - INFO - Candidates complement: 0 items
2025-05-22 01:41:51,214 - P15228 - INFO - Candidates cep: 1 items
2025-05-22 01:41:51,214 - P15228 - INFO - Após processar URL 1 Uso de memória: 92.79 MB
2025-05-22 01:41:51,214 - P15228 - INFO - Processando URL 2/11: https://www.consultasocio.com/q/sa/victoria-de-alencar-laufer
2025-05-22 01:41:54,577 - P15228 - INFO - HTML salvo para debug: data\debug_html_v10\182a29aa6d9e156e302ce0de8f65c6f9.html
2025-05-22 01:41:54,598 - P15228 - INFO - Candidates address: 4 items
2025-05-22 01:41:54,598 - P15228 - INFO - Candidates phone: 0 items
2025-05-22 01:41:54,599 - P15228 - INFO - Candidates email: 4 items
2025-05-22 01:41:54,599 - P15228 - INFO - Candidates complement: 2 items
2025-05-22 01:41:54,599 - P15228 - INFO - Candidates cep: 11 items
2025-05-22 01:41:54,599 - P15228 - INFO - Após processar URL 2 Uso de memória: 87.75 MB
2025-05-22 01:41:54,600 - P15228 - INFO - Processando URL 3/11: https://www.escavador.com/sobre/378750659/victoria-de-alencar-laufer
2025-05-22 01:41:59,993 - P15228 - INFO - HTML salvo para debug: data\debug_html_v10\71b800a448a132d8514951e841b8e2dc.html
2025-05-22 01:42:00,026 - P15228 - INFO - Candidates address: 0 items
2025-05-22 01:42:00,026 - P15228 - INFO - Candidates phone: 0 items
2025-05-22 01:42:00,026 - P15228 - INFO - Candidates email: 0 items
2025-05-22 01:42:00,026 - P15228 - INFO - Candidates complement: 0 items
2025-05-22 01:42:00,027 - P15228 - INFO - Candidates cep: 0 items
2025-05-22 01:42:00,027 - P15228 - INFO - Após processar URL 3 Uso de memória: 90.28 MB
2025-05-22 01:42:00,027 - P15228 - INFO - Processando URL 4/11: https://www.doctoralia.com.br/victoria-laufer/medico-clinico-geral-pediatra/jacarei
2025-05-22 01:42:00,027 - P15228 - INFO - Ignorando URL de arquivo não-HTML: https://www.doctoralia.com.br/victoria-laufer/medico-clinico-geral-pediatra/jacarei
2025-05-22 01:42:00,027 - P15228 - INFO - Após processar URL 4 Uso de memória: 90.28 MB
2025-05-22 01:42:00,027 - P15228 - INFO - Processando URL 5/11: https://guiamedico.cremesp.org.br/
2025-05-22 01:42:02,881 - P15228 - INFO - HTML salvo para debug: data\debug_html_v10\7c54969580769b63edd9abaa952e1fa2.html
2025-05-22 01:42:02,888 - P15228 - INFO - Candidates address: 1 items
2025-05-22 01:42:02,889 - P15228 - INFO - Candidates phone: 1 items
2025-05-22 01:42:02,889 - P15228 - INFO - Candidates email: 0 items
2025-05-22 01:42:02,890 - P15228 - INFO - Candidates complement: 0 items
2025-05-22 01:42:02,891 - P15228 - INFO - Candidates cep: 1 items
2025-05-22 01:42:02,891 - P15228 - INFO - Após processar URL 5 Uso de memória: 90.49 MB
2025-05-22 01:42:02,892 - P15228 - INFO - Processando URL 6/11: https://consultacrm.com.br/
2025-05-22 01:42:06,786 - P15228 - INFO - HTML salvo para debug: data\debug_html_v10\65cadeb91ac3713432c21b535990f440.html
2025-05-22 01:42:06,799 - P15228 - INFO - Candidates address: 0 items
2025-05-22 01:42:06,799 - P15228 - INFO - Candidates phone: 0 items
2025-05-22 01:42:06,799 - P15228 - INFO - Candidates email: 0 items
2025-05-22 01:42:06,799 - P15228 - INFO - Candidates complement: 0 items
2025-05-22 01:42:06,800 - P15228 - INFO - Candidates cep: 0 items
2025-05-22 01:42:06,800 - P15228 - INFO - Após processar URL 6 Uso de memória: 92.06 MB
2025-05-22 01:42:06,800 - P15228 - INFO - Processando URL 7/11: https://cnpj.services/qsa/victoria-de-alencar-laufer
2025-05-22 01:42:09,774 - P15228 - INFO - HTML salvo para debug: data\debug_html_v10\9f7051f6b947783b7dac94a1edbb5c2d.html
2025-05-22 01:42:09,785 - P15228 - INFO - Candidates address: 0 items
2025-05-22 01:42:09,785 - P15228 - INFO - Candidates phone: 0 items
2025-05-22 01:42:09,785 - P15228 - INFO - Candidates email: 0 items
2025-05-22 01:42:09,786 - P15228 - INFO - Candidates complement: 0 items
2025-05-22 01:42:09,786 - P15228 - INFO - Candidates cep: 5 items
2025-05-22 01:42:09,786 - P15228 - INFO - Após processar URL 7 Uso de memória: 92.19 MB
2025-05-22 01:42:09,786 - P15228 - INFO - Processando URL 8/11: https://www.doctoralia.com.br/victoria-de-a-laufer/pediatra-medico-clinico-geral/sao-jose-dos-campos
2025-05-22 01:42:09,787 - P15228 - INFO - Ignorando URL de arquivo não-HTML: https://www.doctoralia.com.br/victoria-de-a-laufer/pediatra-medico-clinico-geral/sao-jose-dos-campos
2025-05-22 01:42:09,787 - P15228 - INFO - Após processar URL 8 Uso de memória: 92.19 MB
2025-05-22 01:42:09,788 - P15228 - INFO - Processando URL 9/11: https://www.econodata.com.br/contato/victoria-de-alencar-laufer-3d5be8c72e3968090e620589e07c14da#:~:text=Consulte%20cargo%20e%20empresa%20de%20Victoria%20De%20Alencar,%C3%A9%20s%C3%B3cio%20e%20trabalha%2C%20hist%C3%B3rico%20profissional%2C%20e%20mais.
2025-05-22 01:42:13,163 - P15228 - INFO - HTML salvo para debug: data\debug_html_v10\df3013a9bfa04428e48407ba221cc71c.html
2025-05-22 01:42:13,223 - P15228 - INFO - Candidates address: 0 items
2025-05-22 01:42:13,223 - P15228 - INFO - Candidates phone: 0 items
2025-05-22 01:42:13,223 - P15228 - INFO - Candidates email: 0 items
2025-05-22 01:42:13,223 - P15228 - INFO - Candidates complement: 0 items
2025-05-22 01:42:13,223 - P15228 - INFO - Candidates cep: 0 items
2025-05-22 01:42:13,223 - P15228 - INFO - Após processar URL 9 Uso de memória: 92.23 MB
2025-05-22 01:42:13,224 - P15228 - INFO - Processando URL 10/11: https://www.victorialauferped.com/
2025-05-22 01:42:16,110 - P15228 - INFO - HTML salvo para debug: data\debug_html_v10\edef8bb0acefab969e98b91f33db37d7.html
2025-05-22 01:42:16,142 - P15228 - INFO - Candidates address: 2 items
2025-05-22 01:42:16,142 - P15228 - INFO - Candidates phone: 1 items
2025-05-22 01:42:16,143 - P15228 - INFO - Candidates email: 0 items
2025-05-22 01:42:16,143 - P15228 - INFO - Candidates complement: 1 items
2025-05-22 01:42:16,143 - P15228 - INFO - Candidates cep: 2 items
2025-05-22 01:42:16,143 - P15228 - INFO - Após processar URL 10 Uso de memória: 92.29 MB
2025-05-22 01:42:16,143 - P15228 - INFO - Processando URL 11/11: https://www.econodata.com.br/contato/victoria-de-alencar-laufer-3d5be8c72e3968090e620589e07c14da
2025-05-22 01:42:18,559 - P15228 - INFO - HTML salvo para debug: data\debug_html_v10\17f0e9c2729a55ba3771f31cb4e8d31a.html
2025-05-22 01:42:18,625 - P15228 - INFO - Candidates address: 0 items
2025-05-22 01:42:18,626 - P15228 - INFO - Candidates phone: 0 items
2025-05-22 01:42:18,626 - P15228 - INFO - Candidates email: 0 items
2025-05-22 01:42:18,626 - P15228 - INFO - Candidates complement: 0 items
2025-05-22 01:42:18,627 - P15228 - INFO - Candidates cep: 0 items
2025-05-22 01:42:18,628 - P15228 - INFO - Após processar URL 11 Uso de memória: 92.29 MB
2025-05-22 01:42:18,628 - P15228 - INFO - Iniciando agregação e ranqueamento
2025-05-22 01:42:18,629 - P15228 - INFO - Ranked address: 8 items
2025-05-22 01:42:18,629 - P15228 - INFO - Ranked phone: 4 items
2025-05-22 01:42:18,629 - P15228 - INFO - Ranked email: 5 items
2025-05-22 01:42:18,630 - P15228 - INFO - Ranked complement: 3 items
2025-05-22 01:42:18,630 - P15228 - INFO - Ranked cep: 20 items
2025-05-22 01:42:18,630 - P15228 - INFO - Após agregação Uso de memória: 92.29 MB
2025-05-22 01:42:18,631 - P15228 - INFO - Validando endereço: ['Av. Eng. Francisco José Longo, 1265', 'Rua Francisco Nunes, 557', 'Rua Paulo De Faria, 52']
2025-05-22 01:42:18,631 - P15228 - INFO - Endereço validado: Av. Eng. Francisco José Longo, 1265
2025-05-22 01:42:18,631 - P15228 - INFO - Limpando texto extenso para campo address: Av. Eng. Francisco José Longo, 1265...
2025-05-22 01:42:18,632 - P15228 - INFO - Texto limpo: Av. Eng. Francisco José Longo, 1265
2025-05-22 01:42:18,632 - P15228 - INFO - Validando telefone: ['(12) 3945-4400', '(12) 99791-6198', '(11) 4349-9900']
2025-05-22 01:42:18,632 - P15228 - INFO - Limpando texto extenso para campo phone: (12) 3945-4400...
2025-05-22 01:42:18,633 - P15228 - INFO - Texto limpo: 12) 3945-4400
2025-05-22 01:42:18,633 - P15228 - INFO - Telefone validado: 12) 3945-4400
2025-05-22 01:42:18,633 - P15228 - INFO - Validando email: ['sac@hospitalprontil.com.br', 'ADMINISTRATIVO@CDCDIAGNOSTICO.COM.BR', 'CONTRATOS@SAHCONTABIL.COM.BR']
2025-05-22 01:42:18,634 - P15228 - INFO - Limpando texto extenso para campo email: sac@hospitalprontil.com.br...
2025-05-22 01:42:18,635 - P15228 - INFO - Texto limpo: sac@hospitalprontil.com.br
2025-05-22 01:42:18,635 - P15228 - INFO - Email validado: sac@hospitalprontil.com.br
2025-05-22 01:42:18,636 - P15228 - INFO - Validando complemento: ['Apt   21                  Bloco B Conjunto Residencia', 'Sala  H Jardim Sao Carlos', 'Sala 6 ']
2025-05-22 01:42:18,637 - P15228 - INFO - Limpando texto extenso para campo complement: Apt   21                  Bloco B Conjunto Residen...
2025-05-22 01:42:18,639 - P15228 - INFO - Texto limpo: Apt 21 Bloc
2025-05-22 01:42:18,640 - P15228 - INFO - Complemento validado: Apt 21 Bloc
2025-05-22 01:42:18,640 - P15228 - INFO - Descobrindo cidade
2025-05-22 01:42:18,643 - P15228 - INFO - Buscando cidade: Av. Eng. Francisco José Longo cidade SP
2025-05-22 01:42:21,399 - P15228 - WARNING - Cidade não encontrada
2025-05-22 01:42:21,399 - P15228 - INFO - Cidade descoberta: 
2025-05-22 01:42:21,399 - P15228 - INFO - Tempo de execução de processamento completo do médico: 39.51 segundos
2025-05-22 01:42:21,400 - P15228 - INFO - Resultado processado: {'Hash': 'b6f1da6a3bc495669d9a542810f7cb43cfbd536b3a3d3ae3138e8fab02026bd6', 'CRM': '240550', 'UF': 'SP', 'Firstname': 'VICTORIA', 'LastName': 'DE ALENCAR LAUFER', 'Medical specialty': '', 'Endereco Completo A1': 'Av. Eng. Francisco José Longo, 1265', 'Address A1': 'Av. Eng. Francisco José Longo', 'Numero A1': '1265', 'Complement A1': 'Apt 21 Bloc', 'Bairro A1': '', 'postal code A1': '', 'City A1': '', 'State A1': '', 'Phone A1': '12) 3945-4400', 'Phone A2': '', 'Cell phone A1': '', 'Cell phone A2': '', 'E-mail A1': 'sac@hospitalprontil.com.br', 'E-mail A2': '', 'OPT-IN': '', 'STATUS': '', 'LOTE': ''}
2025-05-22 01:42:21,400 - P15228 - INFO - Salvando lote de resultados
2025-05-22 01:42:21,401 - P15228 - INFO - Após salvar resultados Uso de memória: 90.80 MB
2025-05-22 01:42:21,402 - P15228 - INFO - Progresso: 8.4%
2025-05-22 01:42:21,403 - P15228 - INFO - Tempo de execução de processamento do médico 3: 39.51 segundos
2025-05-22 01:42:21,403 - P15228 - INFO - Tempo de execução de processamento do lote completo: 157.72 segundos
