2025-05-22 04:00:20,234 - P15228 - INFO - 
==================================================
Processando médico 1/3
2025-05-22 04:00:20,234 - P15228 - INFO - Nome: TÚLIO KERSUL DE SOUZA
2025-05-22 04:00:20,235 - P15228 - INFO - Reiniciando driver do Chrome
2025-05-22 04:00:21,553 - P15228 - INFO - Após reiniciar driver Uso de memória: 121.22 MB
2025-05-22 04:00:21,553 - P15228 - INFO - Início do processamento Uso de memória: 121.22 MB
2025-05-22 04:00:21,554 - P15228 - INFO - Iniciando busca para: TÚLIO KERSUL DE SOUZA CRM 71777 MG telefone e-mail endereço
2025-05-22 04:00:22,339 - P15228 - INFO - SearX results: 15 URLs
2025-05-22 04:00:22,340 - P15228 - INFO - Após SearX Uso de memória: 115.10 MB
2025-05-22 04:00:25,063 - P15228 - INFO - Google results: 2 URLs
2025-05-22 04:00:25,063 - P15228 - INFO - Após Google Uso de memória: 118.17 MB
2025-05-22 04:00:27,761 - P15228 - INFO - Bing results: 9 URLs
2025-05-22 04:00:27,761 - P15228 - INFO - Após Bing Uso de memória: 120.77 MB
2025-05-22 04:00:27,761 - P15228 - INFO - Total de URLs únicas: 16
2025-05-22 04:00:27,761 - P15228 - INFO - Processando URL 1/16: http://transparencia.crmmg.org.br/index.php/sobre-o-cfm/contatos-institucionais
2025-05-22 04:00:30,667 - P15228 - INFO - HTML salvo para debug: data\debug_html_v10\726d8382b78fb66791e674e05eb83804.html
2025-05-22 04:00:30,694 - P15228 - INFO - Candidates address: 1 items
2025-05-22 04:00:30,694 - P15228 - INFO - Candidates phone: 13 items
2025-05-22 04:00:30,695 - P15228 - INFO - Candidates email: 19 items
2025-05-22 04:00:30,695 - P15228 - INFO - Candidates complement: 0 items
2025-05-22 04:00:30,695 - P15228 - INFO - Candidates cep: 1 items
2025-05-22 04:00:30,695 - P15228 - INFO - Após processar URL 1 Uso de memória: 120.95 MB
2025-05-22 04:00:30,695 - P15228 - INFO - Processando URL 2/16: https://crmmg.org.br/contato/
2025-05-22 04:00:35,900 - P15228 - INFO - HTML salvo para debug: data\debug_html_v10\8b782fbc7fe3c59e356e34916a7ce54c.html
2025-05-22 04:00:35,936 - P15228 - INFO - Candidates address: 2 items
2025-05-22 04:00:35,936 - P15228 - INFO - Candidates phone: 0 items
2025-05-22 04:00:35,936 - P15228 - INFO - Candidates email: 1 items
2025-05-22 04:00:35,937 - P15228 - INFO - Candidates complement: 2 items
2025-05-22 04:00:35,937 - P15228 - INFO - Candidates cep: 0 items
2025-05-22 04:00:35,937 - P15228 - INFO - Após processar URL 2 Uso de memória: 121.11 MB
2025-05-22 04:00:35,937 - P15228 - INFO - Processando URL 3/16: https://www.consultacrm.com.br/index/medicos/uid-10aca0bb-f5c5-11ec-9e74-0a4aa568c625/carlos_eduardo_kersul_de_souza
2025-05-22 04:00:41,447 - P15228 - INFO - HTML salvo para debug: data\debug_html_v10\4f7ae6e476db2eff73bcb2f2a6c3a026.html
2025-05-22 04:00:41,460 - P15228 - INFO - Candidates address: 0 items
2025-05-22 04:00:41,460 - P15228 - INFO - Candidates phone: 0 items
2025-05-22 04:00:41,461 - P15228 - INFO - Candidates email: 0 items
2025-05-22 04:00:41,462 - P15228 - INFO - Candidates complement: 0 items
2025-05-22 04:00:41,462 - P15228 - INFO - Candidates cep: 0 items
2025-05-22 04:00:41,462 - P15228 - INFO - Após processar URL 3 Uso de memória: 121.73 MB
2025-05-22 04:00:41,463 - P15228 - INFO - Processando URL 4/16: https://www.escavador.com/sobre/2898570/tulio-kersul-de-souza
2025-05-22 04:00:45,704 - P15228 - INFO - HTML salvo para debug: data\debug_html_v10\f14513676a03563fff54c8e71e89f3b6.html
2025-05-22 04:00:45,720 - P15228 - INFO - Candidates address: 0 items
2025-05-22 04:00:45,720 - P15228 - INFO - Candidates phone: 0 items
2025-05-22 04:00:45,720 - P15228 - INFO - Candidates email: 0 items
2025-05-22 04:00:45,720 - P15228 - INFO - Candidates complement: 0 items
2025-05-22 04:00:45,721 - P15228 - INFO - Candidates cep: 0 items
2025-05-22 04:00:45,721 - P15228 - INFO - Após processar URL 4 Uso de memória: 121.97 MB
2025-05-22 04:00:45,721 - P15228 - INFO - Processando URL 5/16: https://www.ba.gov.br/juceb/sites/site-juceb/files/2025-01/bol_1224.pdf
2025-05-22 04:00:45,721 - P15228 - INFO - Ignorando URL de arquivo não-HTML: https://www.ba.gov.br/juceb/sites/site-juceb/files/2025-01/bol_1224.pdf
2025-05-22 04:00:45,721 - P15228 - INFO - Após processar URL 5 Uso de memória: 121.97 MB
2025-05-22 04:00:45,722 - P15228 - INFO - Processando URL 6/16: https://www.portaltransparencia.gov.br/pessoa-fisica/busca/lista
2025-05-22 04:00:49,633 - P15228 - INFO - HTML salvo para debug: data\debug_html_v10\e200cdf64b71d4c9248718dd155b3edb.html
2025-05-22 04:00:49,673 - P15228 - INFO - Candidates address: 0 items
2025-05-22 04:00:49,674 - P15228 - INFO - Candidates phone: 0 items
2025-05-22 04:00:49,674 - P15228 - INFO - Candidates email: 0 items
2025-05-22 04:00:49,674 - P15228 - INFO - Candidates complement: 0 items
2025-05-22 04:00:49,674 - P15228 - INFO - Candidates cep: 0 items
2025-05-22 04:00:49,674 - P15228 - INFO - Após processar URL 6 Uso de memória: 122.02 MB
2025-05-22 04:00:49,675 - P15228 - INFO - Processando URL 7/16: https://consultacrm.com.br/
2025-05-22 04:00:53,734 - P15228 - INFO - HTML salvo para debug: data\debug_html_v10\65cadeb91ac3713432c21b535990f440.html
2025-05-22 04:00:53,746 - P15228 - INFO - Candidates address: 0 items
2025-05-22 04:00:53,746 - P15228 - INFO - Candidates phone: 0 items
2025-05-22 04:00:53,747 - P15228 - INFO - Candidates email: 0 items
2025-05-22 04:00:53,747 - P15228 - INFO - Candidates complement: 0 items
2025-05-22 04:00:53,747 - P15228 - INFO - Candidates cep: 0 items
2025-05-22 04:00:53,747 - P15228 - INFO - Após processar URL 7 Uso de memória: 123.11 MB
2025-05-22 04:00:53,747 - P15228 - INFO - Processando URL 8/16: https://crmvirtual.cfm.org.br/MG/servico/procure-medicos
2025-05-22 04:00:56,759 - P15228 - INFO - HTML salvo para debug: data\debug_html_v10\c2af9904acdad6295c60ad1b50d74554.html
2025-05-22 04:00:56,771 - P15228 - INFO - Candidates address: 0 items
2025-05-22 04:00:56,771 - P15228 - INFO - Candidates phone: 0 items
2025-05-22 04:00:56,771 - P15228 - INFO - Candidates email: 2 items
2025-05-22 04:00:56,771 - P15228 - INFO - Candidates complement: 0 items
2025-05-22 04:00:56,771 - P15228 - INFO - Candidates cep: 0 items
2025-05-22 04:00:56,772 - P15228 - INFO - Após processar URL 8 Uso de memória: 123.11 MB
2025-05-22 04:00:56,772 - P15228 - INFO - Processando URL 9/16: https://crmmg.org.br/
2025-05-22 04:01:00,782 - P15228 - INFO - HTML salvo para debug: data\debug_html_v10\359238310c9096afb1ec9e794f848700.html
2025-05-22 04:01:00,841 - P15228 - INFO - Candidates address: 1 items
2025-05-22 04:01:00,846 - P15228 - INFO - Candidates phone: 0 items
2025-05-22 04:01:00,860 - P15228 - INFO - Candidates email: 0 items
2025-05-22 04:01:00,862 - P15228 - INFO - Candidates complement: 2 items
2025-05-22 04:01:00,863 - P15228 - INFO - Candidates cep: 0 items
2025-05-22 04:01:00,864 - P15228 - INFO - Após processar URL 9 Uso de memória: 123.19 MB
2025-05-22 04:01:00,865 - P15228 - INFO - Processando URL 10/16: https://www.boaconsulta.com/especialista/tulio-kersul-de-souza-6105a810ba32c31b820016aa
2025-05-22 04:01:03,171 - P15228 - INFO - HTML salvo para debug: data\debug_html_v10\993770f6db70e76f43588d4cce474729.html
2025-05-22 04:01:03,236 - P15228 - INFO - Candidates address: 1 items
2025-05-22 04:01:03,236 - P15228 - INFO - Candidates phone: 0 items
2025-05-22 04:01:03,237 - P15228 - INFO - Candidates email: 0 items
2025-05-22 04:01:03,237 - P15228 - INFO - Candidates complement: 0 items
2025-05-22 04:01:03,237 - P15228 - INFO - Candidates cep: 0 items
2025-05-22 04:01:03,237 - P15228 - INFO - Após processar URL 10 Uso de memória: 124.79 MB
2025-05-22 04:01:03,237 - P15228 - INFO - Processando URL 11/16: https://aboutcompany.info/country/brazil/officer/942886/tulio-kersul-de-souza/
2025-05-22 04:01:07,357 - P15228 - INFO - HTML salvo para debug: data\debug_html_v10\46fbac8fe488953d3e8c4afd851068a7.html
2025-05-22 04:01:07,372 - P15228 - INFO - Candidates address: 0 items
2025-05-22 04:01:07,372 - P15228 - INFO - Candidates phone: 0 items
2025-05-22 04:01:07,372 - P15228 - INFO - Candidates email: 0 items
2025-05-22 04:01:07,372 - P15228 - INFO - Candidates complement: 0 items
2025-05-22 04:01:07,373 - P15228 - INFO - Candidates cep: 0 items
2025-05-22 04:01:07,373 - P15228 - INFO - Após processar URL 11 Uso de memória: 123.27 MB
2025-05-22 04:01:07,373 - P15228 - INFO - Processando URL 12/16: https://www.consultasocio.com/q/sa/carlos-eduardo-kersul-de-souza
2025-05-22 04:01:10,498 - P15228 - INFO - HTML salvo para debug: data\debug_html_v10\6af4f1a8cbca4169a0722426ec3a04e0.html
2025-05-22 04:01:10,514 - P15228 - INFO - Candidates address: 8 items
2025-05-22 04:01:10,514 - P15228 - INFO - Candidates phone: 0 items
2025-05-22 04:01:10,514 - P15228 - INFO - Candidates email: 8 items
2025-05-22 04:01:10,514 - P15228 - INFO - Candidates complement: 4 items
2025-05-22 04:01:10,514 - P15228 - INFO - Candidates cep: 17 items
2025-05-22 04:01:10,514 - P15228 - INFO - Após processar URL 12 Uso de memória: 123.27 MB
2025-05-22 04:01:10,515 - P15228 - INFO - Processando URL 13/16: https://guiasaudebrasil.com.br/profissional/5d81641791c36b53-tulio-kersul-de-souza
2025-05-22 04:01:15,688 - P15228 - INFO - HTML salvo para debug: data\debug_html_v10\db2e5a89f50f7103d9ef089d6bbca10d.html
2025-05-22 04:01:15,697 - P15228 - INFO - Candidates address: 0 items
2025-05-22 04:01:15,697 - P15228 - INFO - Candidates phone: 0 items
2025-05-22 04:01:15,698 - P15228 - INFO - Candidates email: 0 items
2025-05-22 04:01:15,698 - P15228 - INFO - Candidates complement: 0 items
2025-05-22 04:01:15,698 - P15228 - INFO - Candidates cep: 2 items
2025-05-22 04:01:15,698 - P15228 - INFO - Após processar URL 13 Uso de memória: 123.37 MB
2025-05-22 04:01:15,698 - P15228 - INFO - Processando URL 14/16: https://empresasweb.net/emp/cintia-de-souza-kersul-58729017
2025-05-22 04:01:19,210 - P15228 - INFO - HTML salvo para debug: data\debug_html_v10\9845e6dad64b2228289ebf33e5c849df.html
2025-05-22 04:01:19,228 - P15228 - INFO - Candidates address: 0 items
2025-05-22 04:01:19,228 - P15228 - INFO - Candidates phone: 1 items
2025-05-22 04:01:19,229 - P15228 - INFO - Candidates email: 1 items
2025-05-22 04:01:19,231 - P15228 - INFO - Candidates complement: 1 items
2025-05-22 04:01:19,231 - P15228 - INFO - Candidates cep: 1 items
2025-05-22 04:01:19,232 - P15228 - INFO - Após processar URL 14 Uso de memória: 123.38 MB
2025-05-22 04:01:19,232 - P15228 - INFO - Processando URL 15/16: https://www.doctoralia.com.br/medico-clinico-geral/betim/jardim-das-alterosas-1a-secao
2025-05-22 04:01:19,232 - P15228 - INFO - Ignorando URL de arquivo não-HTML: https://www.doctoralia.com.br/medico-clinico-geral/betim/jardim-das-alterosas-1a-secao
2025-05-22 04:01:19,232 - P15228 - INFO - Após processar URL 15 Uso de memória: 123.38 MB
2025-05-22 04:01:19,233 - P15228 - INFO - Processando URL 16/16: https://portal.cfm.org.br/busca-medicos
2025-05-22 04:01:23,055 - P15228 - INFO - HTML salvo para debug: data\debug_html_v10\e28ae84aaa177d1328f3a0d1fb68449f.html
2025-05-22 04:01:23,097 - P15228 - INFO - Candidates address: 0 items
2025-05-22 04:01:23,098 - P15228 - INFO - Candidates phone: 0 items
2025-05-22 04:01:23,098 - P15228 - INFO - Candidates email: 1 items
2025-05-22 04:01:23,098 - P15228 - INFO - Candidates complement: 1 items
2025-05-22 04:01:23,098 - P15228 - INFO - Candidates cep: 1 items
2025-05-22 04:01:23,099 - P15228 - INFO - Após processar URL 16 Uso de memória: 123.39 MB
2025-05-22 04:01:23,099 - P15228 - INFO - Iniciando agregação e ranqueamento
2025-05-22 04:01:23,099 - P15228 - INFO - Ranked address: 11 items
2025-05-22 04:01:23,100 - P15228 - INFO - Ranked phone: 14 items
2025-05-22 04:01:23,100 - P15228 - INFO - Ranked email: 30 items
2025-05-22 04:01:23,100 - P15228 - INFO - Ranked complement: 8 items
2025-05-22 04:01:23,101 - P15228 - INFO - Ranked cep: 22 items
2025-05-22 04:01:23,101 - P15228 - INFO - Após agregação Uso de memória: 123.39 MB
2025-05-22 04:01:23,101 - P15228 - INFO - Validando endereço: ['Rua dos Timbiras, 1200', 'Rua dos Timbiras 1.200', 'Rua Santos Dumont, 690']
2025-05-22 04:01:23,101 - P15228 - INFO - Endereço validado: Rua dos Timbiras, 1200
2025-05-22 04:01:23,102 - P15228 - INFO - Limpando texto extenso para campo address: Rua dos Timbiras, 1200...
2025-05-22 04:01:23,102 - P15228 - INFO - Texto limpo: Rua dos Timbiras, 1200
2025-05-22 04:01:23,102 - P15228 - INFO - Validando telefone: ['(31) 3248-7700', '(31) 3248-7752', '(31) 3248-7736']
2025-05-22 04:01:23,103 - P15228 - INFO - Limpando texto extenso para campo phone: (31) 3248-7700...
2025-05-22 04:01:23,103 - P15228 - INFO - Texto limpo: 31) 3248-7700
2025-05-22 04:01:23,103 - P15228 - INFO - Telefone validado: 31) 3248-7700
2025-05-22 04:01:23,104 - P15228 - INFO - Validando email: ['medicos@crmmg.org.br', 'informatica@crmmg.org.br', 'diretoria@crmmg.org.br']
2025-05-22 04:01:23,104 - P15228 - INFO - Limpando texto extenso para campo email: medicos@crmmg.org.br...
2025-05-22 04:01:23,104 - P15228 - INFO - Texto limpo: medicos@crmmg.org.br
2025-05-22 04:01:23,104 - P15228 - INFO - Email validado: medicos@crmmg.org.br
2025-05-22 04:01:23,105 - P15228 - INFO - Validando complemento: ['Sala de Imprensa   Notícias do CFM   Saiu na imprensa ', 'Sala de Imprensa ', 'Sala  04 Centro']
2025-05-22 04:01:23,105 - P15228 - INFO - Limpando texto extenso para campo complement: Sala de Imprensa   Notícias do CFM   Saiu na impre...
2025-05-22 04:01:23,105 - P15228 - INFO - Texto limpo: Sala de Imprensa Notícias do
2025-05-22 04:01:23,106 - P15228 - INFO - Complemento validado: Sala de Imprensa Notícias do
2025-05-22 04:01:23,106 - P15228 - INFO - Descobrindo cidade
2025-05-22 04:01:23,106 - P15228 - INFO - Buscando cidade: Rua dos Timbiras cidade MG
2025-05-22 04:01:25,775 - P15228 - WARNING - Cidade não encontrada
2025-05-22 04:01:25,775 - P15228 - INFO - Cidade descoberta: 
2025-05-22 04:01:25,775 - P15228 - INFO - Tempo de execução de processamento completo do médico: 64.22 segundos
2025-05-22 04:01:25,775 - P15228 - INFO - Resultado processado: {'Hash': '36c25515b17e08e2aaa45a37447515126b23bf8b04012bd0883fb51b4b8f9eff', 'CRM': '71777', 'UF': 'MG', 'Firstname': 'TÚLIO', 'LastName': 'KERSUL DE SOUZA', 'Medical specialty': '', 'Endereco Completo A1': 'Rua dos Timbiras, 1200', 'Address A1': 'Rua dos Timbiras', 'Numero A1': '1200', 'Complement A1': 'Sala de Imprensa Notícias do', 'Bairro A1': '', 'postal code A1': '', 'City A1': '', 'State A1': '', 'Phone A1': '31) 3248-7700', 'Phone A2': '', 'Cell phone A1': '', 'Cell phone A2': '', 'E-mail A1': 'medicos@crmmg.org.br', 'E-mail A2': '', 'OPT-IN': '', 'STATUS': '', 'LOTE': ''}
2025-05-22 04:01:25,777 - P15228 - INFO - Progresso: 60.0%
2025-05-22 04:01:25,777 - P15228 - INFO - Executando coleta de lixo
2025-05-22 04:01:25,815 - P15228 - INFO - Após coleta de lixo Uso de memória: 121.50 MB
2025-05-22 04:01:25,815 - P15228 - INFO - Tempo de execução de processamento do médico 1: 65.58 segundos
2025-05-22 04:01:25,816 - P15228 - INFO - 
==================================================
Processando médico 2/3
2025-05-22 04:01:25,817 - P15228 - INFO - Nome: LETICIA GOMES PEREIRA
2025-05-22 04:01:25,819 - P15228 - INFO - Início do processamento Uso de memória: 121.50 MB
2025-05-22 04:01:25,820 - P15228 - INFO - Iniciando busca para: LETICIA GOMES PEREIRA CRM 72618 MG telefone e-mail endereço
2025-05-22 04:01:26,619 - P15228 - INFO - SearX results: 15 URLs
2025-05-22 04:01:26,619 - P15228 - INFO - Após SearX Uso de memória: 121.51 MB
2025-05-22 04:01:30,030 - P15228 - INFO - Google results: 7 URLs
2025-05-22 04:01:30,031 - P15228 - INFO - Após Google Uso de memória: 123.75 MB
2025-05-22 04:01:32,470 - P15228 - INFO - Bing results: 9 URLs
2025-05-22 04:01:32,470 - P15228 - INFO - Após Bing Uso de memória: 125.64 MB
2025-05-22 04:01:32,470 - P15228 - INFO - Total de URLs únicas: 17
2025-05-22 04:01:32,470 - P15228 - INFO - Processando URL 1/17: https://sistemadje.tjmt.jus.br/publicacoes/10715-2020%20C8%20Comarcas%20-%20Entr%C3%A2ncia%20Especial%20-%20Cuiab%C3%A1.pdf
2025-05-22 04:01:32,470 - P15228 - INFO - Ignorando URL de arquivo não-HTML: https://sistemadje.tjmt.jus.br/publicacoes/10715-2020%20C8%20Comarcas%20-%20Entr%C3%A2ncia%20Especial%20-%20Cuiab%C3%A1.pdf
2025-05-22 04:01:32,471 - P15228 - INFO - Após processar URL 1 Uso de memória: 125.64 MB
2025-05-22 04:01:32,471 - P15228 - INFO - Processando URL 2/17: https://www.consultasocio.com/q/sa/leticia-gomes-pereira
2025-05-22 04:01:36,886 - P15228 - INFO - HTML salvo para debug: data\debug_html_v10\11cd139418f1bd3116a59c7db232d7fb.html
2025-05-22 04:01:36,897 - P15228 - INFO - Candidates address: 8 items
2025-05-22 04:01:36,898 - P15228 - INFO - Candidates phone: 0 items
2025-05-22 04:01:36,898 - P15228 - INFO - Candidates email: 6 items
2025-05-22 04:01:36,898 - P15228 - INFO - Candidates complement: 1 items
2025-05-22 04:01:36,898 - P15228 - INFO - Candidates cep: 16 items
2025-05-22 04:01:36,898 - P15228 - INFO - Após processar URL 2 Uso de memória: 125.65 MB
2025-05-22 04:01:36,898 - P15228 - INFO - Processando URL 3/17: https://www.saobernardo.sp.gov.br/documents/10181/865801/NM+2088+de+25.10.2019+-+Conteu%CC%81do+Integral.pdf/37fc9783-c563-88b6-9349-76b26e7f757f
2025-05-22 04:01:36,899 - P15228 - INFO - Ignorando URL de arquivo não-HTML: https://www.saobernardo.sp.gov.br/documents/10181/865801/NM+2088+de+25.10.2019+-+Conteu%CC%81do+Integral.pdf/37fc9783-c563-88b6-9349-76b26e7f757f
2025-05-22 04:01:36,899 - P15228 - INFO - Após processar URL 3 Uso de memória: 125.65 MB
2025-05-22 04:01:36,899 - P15228 - INFO - Processando URL 4/17: https://cliniguia.com/profissionais/leticia-gomes-pereira-709006898765610/
2025-05-22 04:01:42,663 - P15228 - INFO - HTML salvo para debug: data\debug_html_v10\05d9170e6b2ad37a6e8521ff1d179564.html
2025-05-22 04:01:42,711 - P15228 - INFO - Candidates address: 0 items
2025-05-22 04:01:42,711 - P15228 - INFO - Candidates phone: 0 items
2025-05-22 04:01:42,712 - P15228 - INFO - Candidates email: 0 items
2025-05-22 04:01:42,712 - P15228 - INFO - Candidates complement: 0 items
2025-05-22 04:01:42,712 - P15228 - INFO - Candidates cep: 0 items
2025-05-22 04:01:42,712 - P15228 - INFO - Após processar URL 4 Uso de memória: 125.67 MB
2025-05-22 04:01:42,712 - P15228 - INFO - Processando URL 5/17: https://www.ba.gov.br/juceb/sites/site-juceb/files/2025-01/bol_1224.pdf
2025-05-22 04:01:42,712 - P15228 - INFO - Ignorando URL de arquivo não-HTML: https://www.ba.gov.br/juceb/sites/site-juceb/files/2025-01/bol_1224.pdf
2025-05-22 04:01:42,712 - P15228 - INFO - Após processar URL 5 Uso de memória: 125.67 MB
2025-05-22 04:01:42,713 - P15228 - INFO - Processando URL 6/17: https://diariooficial.guarulhos.sp.gov.br/uploads/pdf/632559467.pdf
2025-05-22 04:01:42,713 - P15228 - INFO - Ignorando URL de arquivo não-HTML: https://diariooficial.guarulhos.sp.gov.br/uploads/pdf/632559467.pdf
2025-05-22 04:01:42,713 - P15228 - INFO - Após processar URL 6 Uso de memória: 125.67 MB
2025-05-22 04:01:42,713 - P15228 - INFO - Processando URL 7/17: https://consultacrm.com.br/
2025-05-22 04:01:46,426 - P15228 - INFO - HTML salvo para debug: data\debug_html_v10\65cadeb91ac3713432c21b535990f440.html
2025-05-22 04:01:46,456 - P15228 - INFO - Candidates address: 0 items
2025-05-22 04:01:46,459 - P15228 - INFO - Candidates phone: 0 items
2025-05-22 04:01:46,461 - P15228 - INFO - Candidates email: 0 items
2025-05-22 04:01:46,465 - P15228 - INFO - Candidates complement: 0 items
2025-05-22 04:01:46,467 - P15228 - INFO - Candidates cep: 0 items
2025-05-22 04:01:46,468 - P15228 - INFO - Após processar URL 7 Uso de memória: 125.68 MB
2025-05-22 04:01:46,469 - P15228 - INFO - Processando URL 8/17: https://crmvirtual.cfm.org.br/MG/servico/procure-medicos
2025-05-22 04:01:48,951 - P15228 - INFO - HTML salvo para debug: data\debug_html_v10\c2af9904acdad6295c60ad1b50d74554.html
2025-05-22 04:01:48,965 - P15228 - INFO - Candidates address: 0 items
2025-05-22 04:01:48,966 - P15228 - INFO - Candidates phone: 0 items
2025-05-22 04:01:48,967 - P15228 - INFO - Candidates email: 2 items
2025-05-22 04:01:48,967 - P15228 - INFO - Candidates complement: 0 items
2025-05-22 04:01:48,967 - P15228 - INFO - Candidates cep: 0 items
2025-05-22 04:01:48,967 - P15228 - INFO - Após processar URL 8 Uso de memória: 125.68 MB
2025-05-22 04:01:48,967 - P15228 - INFO - Processando URL 9/17: https://cnpj.biz/57727593000100
2025-05-22 04:01:54,174 - P15228 - INFO - HTML salvo para debug: data\debug_html_v10\061d777e93f369dee2e7cdbd21699c74.html
2025-05-22 04:01:54,189 - P15228 - INFO - Candidates address: 2 items
2025-05-22 04:01:54,189 - P15228 - INFO - Candidates phone: 1 items
2025-05-22 04:01:54,189 - P15228 - INFO - Candidates email: 1 items
2025-05-22 04:01:54,189 - P15228 - INFO - Candidates complement: 0 items
2025-05-22 04:01:54,190 - P15228 - INFO - Candidates cep: 3 items
2025-05-22 04:01:54,190 - P15228 - INFO - Após processar URL 9 Uso de memória: 125.67 MB
2025-05-22 04:01:54,190 - P15228 - INFO - Processando URL 10/17: https://www.medicosbrasil.com/profissional/leticia-gomes-pereira
2025-05-22 04:01:58,234 - P15228 - INFO - HTML salvo para debug: data\debug_html_v10\b609d35f0193320c79e00b4be1cf46c3.html
2025-05-22 04:01:58,255 - P15228 - INFO - Candidates address: 0 items
2025-05-22 04:01:58,255 - P15228 - INFO - Candidates phone: 0 items
2025-05-22 04:01:58,255 - P15228 - INFO - Candidates email: 0 items
2025-05-22 04:01:58,255 - P15228 - INFO - Candidates complement: 0 items
2025-05-22 04:01:58,255 - P15228 - INFO - Candidates cep: 0 items
2025-05-22 04:01:58,256 - P15228 - INFO - Após processar URL 10 Uso de memória: 125.68 MB
2025-05-22 04:01:58,256 - P15228 - INFO - Processando URL 11/17: https://imprensaoficial.jundiai.sp.gov.br/wp-content/uploads/2014/12/3999-05-12-2014.pdf
2025-05-22 04:01:58,256 - P15228 - INFO - Ignorando URL de arquivo não-HTML: https://imprensaoficial.jundiai.sp.gov.br/wp-content/uploads/2014/12/3999-05-12-2014.pdf
2025-05-22 04:01:58,256 - P15228 - INFO - Após processar URL 11 Uso de memória: 125.68 MB
2025-05-22 04:01:58,256 - P15228 - INFO - Processando URL 12/17: https://sistemadje.tjmt.jus.br/publicacoes/10599-2019%20C2%20Comarcas%20-%20Entr%C3%A2ncia%20Especial.pdf
2025-05-22 04:01:58,256 - P15228 - INFO - Ignorando URL de arquivo não-HTML: https://sistemadje.tjmt.jus.br/publicacoes/10599-2019%20C2%20Comarcas%20-%20Entr%C3%A2ncia%20Especial.pdf
2025-05-22 04:01:58,257 - P15228 - INFO - Após processar URL 12 Uso de memória: 125.68 MB
2025-05-22 04:01:58,257 - P15228 - INFO - Processando URL 13/17: https://cnpj.biz/58584754000116
2025-05-22 04:02:00,484 - P15228 - INFO - HTML salvo para debug: data\debug_html_v10\28e166d825e93ede2a95dc6da737454c.html
2025-05-22 04:02:00,487 - P15228 - INFO - Candidates address: 0 items
2025-05-22 04:02:00,487 - P15228 - INFO - Candidates phone: 0 items
2025-05-22 04:02:00,488 - P15228 - INFO - Candidates email: 0 items
2025-05-22 04:02:00,488 - P15228 - INFO - Candidates complement: 0 items
2025-05-22 04:02:00,488 - P15228 - INFO - Candidates cep: 0 items
2025-05-22 04:02:00,488 - P15228 - INFO - Após processar URL 13 Uso de memória: 125.68 MB
2025-05-22 04:02:00,488 - P15228 - INFO - Processando URL 14/17: https://diariooficial.guarulhos.sp.gov.br/uploads/pdf/40549782.pdf
2025-05-22 04:02:00,489 - P15228 - INFO - Ignorando URL de arquivo não-HTML: https://diariooficial.guarulhos.sp.gov.br/uploads/pdf/40549782.pdf
2025-05-22 04:02:00,489 - P15228 - INFO - Após processar URL 14 Uso de memória: 125.68 MB
2025-05-22 04:02:00,489 - P15228 - INFO - Processando URL 15/17: https://www.escavador.com/sobre/5380539/leticia-gomes-pereira
2025-05-22 04:02:03,789 - P15228 - INFO - HTML salvo para debug: data\debug_html_v10\91d7b6dc5f3b8f46076759859476d403.html
2025-05-22 04:02:03,810 - P15228 - INFO - Candidates address: 0 items
2025-05-22 04:02:03,810 - P15228 - INFO - Candidates phone: 0 items
2025-05-22 04:02:03,810 - P15228 - INFO - Candidates email: 0 items
2025-05-22 04:02:03,811 - P15228 - INFO - Candidates complement: 0 items
2025-05-22 04:02:03,811 - P15228 - INFO - Candidates cep: 0 items
2025-05-22 04:02:03,811 - P15228 - INFO - Após processar URL 15 Uso de memória: 125.68 MB
2025-05-22 04:02:03,811 - P15228 - INFO - Processando URL 16/17: https://www.portaltransparencia.gov.br/pessoa-fisica/busca/lista
2025-05-22 04:02:06,897 - P15228 - INFO - HTML salvo para debug: data\debug_html_v10\e200cdf64b71d4c9248718dd155b3edb.html
2025-05-22 04:02:06,942 - P15228 - INFO - Candidates address: 0 items
2025-05-22 04:02:06,943 - P15228 - INFO - Candidates phone: 0 items
2025-05-22 04:02:06,943 - P15228 - INFO - Candidates email: 0 items
2025-05-22 04:02:06,943 - P15228 - INFO - Candidates complement: 0 items
2025-05-22 04:02:06,943 - P15228 - INFO - Candidates cep: 0 items
2025-05-22 04:02:06,943 - P15228 - INFO - Após processar URL 16 Uso de memória: 125.68 MB
2025-05-22 04:02:06,944 - P15228 - INFO - Processando URL 17/17: https://www.boaconsulta.com/especialista/leticia-gomes-pereira-6105acc1ba32c31e3f0016d8
2025-05-22 04:02:09,067 - P15228 - INFO - HTML salvo para debug: data\debug_html_v10\90c82f6cae85916a2e71db5f9eb9b300.html
2025-05-22 04:02:09,140 - P15228 - INFO - Candidates address: 2 items
2025-05-22 04:02:09,140 - P15228 - INFO - Candidates phone: 0 items
2025-05-22 04:02:09,140 - P15228 - INFO - Candidates email: 0 items
2025-05-22 04:02:09,140 - P15228 - INFO - Candidates complement: 0 items
2025-05-22 04:02:09,140 - P15228 - INFO - Candidates cep: 0 items
2025-05-22 04:02:09,140 - P15228 - INFO - Após processar URL 17 Uso de memória: 125.70 MB
2025-05-22 04:02:09,141 - P15228 - INFO - Iniciando agregação e ranqueamento
2025-05-22 04:02:09,141 - P15228 - INFO - Ranked address: 12 items
2025-05-22 04:02:09,141 - P15228 - INFO - Ranked phone: 1 items
2025-05-22 04:02:09,141 - P15228 - INFO - Ranked email: 9 items
2025-05-22 04:02:09,141 - P15228 - INFO - Ranked complement: 1 items
2025-05-22 04:02:09,141 - P15228 - INFO - Ranked cep: 19 items
2025-05-22 04:02:09,141 - P15228 - INFO - Após agregação Uso de memória: 125.70 MB
2025-05-22 04:02:09,142 - P15228 - INFO - Validando endereço: ['Rua Rinaldo Bacchi, 52', 'Avenida Avenida Brigadeiro Luís Antônio, 2651', 'Rua Alexandrita, 125']
2025-05-22 04:02:09,142 - P15228 - INFO - Endereço validado: Rua Rinaldo Bacchi, 52
2025-05-22 04:02:09,142 - P15228 - INFO - Limpando texto extenso para campo address: Rua Rinaldo Bacchi, 52...
2025-05-22 04:02:09,142 - P15228 - INFO - Texto limpo: Rua Rinaldo Bacchi, 52
2025-05-22 04:02:09,142 - P15228 - INFO - Validando telefone: ['(31) 99385-8677']
2025-05-22 04:02:09,142 - P15228 - INFO - Limpando texto extenso para campo phone: (31) 99385-8677...
2025-05-22 04:02:09,142 - P15228 - INFO - Texto limpo: 31) 99385-8677
2025-05-22 04:02:09,143 - P15228 - INFO - Telefone validado: 31) 99385-8677
2025-05-22 04:02:09,143 - P15228 - INFO - Validando email: ['ALIANCA@LPNET.COM.BR', 'LETICIA_MC55@HOTMAIL.COM', 'LETICIAGOMESP@HOTMAIL.COM']
2025-05-22 04:02:09,143 - P15228 - INFO - Limpando texto extenso para campo email: ALIANCA@LPNET.COM.BR...
2025-05-22 04:02:09,143 - P15228 - INFO - Texto limpo: alianca@lpnet.com.br
2025-05-22 04:02:09,143 - P15228 - INFO - Email validado: alianca@lpnet.com.br
2025-05-22 04:02:09,143 - P15228 - INFO - Validando complemento: ['Apt   103                 Quadrax-1                 L']
2025-05-22 04:02:09,143 - P15228 - INFO - Limpando texto extenso para campo complement: Apt   103                 Quadrax-1               ...
2025-05-22 04:02:09,144 - P15228 - INFO - Texto limpo: Apt 103 Quad
2025-05-22 04:02:09,144 - P15228 - INFO - Complemento validado: Apt 103 Quad
2025-05-22 04:02:09,144 - P15228 - INFO - Descobrindo cidade
2025-05-22 04:02:09,144 - P15228 - INFO - Buscando cidade: Rua Rinaldo Bacchi cidade MG
2025-05-22 04:02:11,663 - P15228 - INFO - Cidade encontrada: Itambacuri
2025-05-22 04:02:11,663 - P15228 - INFO - Limpando texto extenso para campo city: Itambacuri...
2025-05-22 04:02:11,663 - P15228 - INFO - Texto limpo: Itambacuri
2025-05-22 04:02:11,663 - P15228 - INFO - Cidade descoberta: Itambacuri
2025-05-22 04:02:11,664 - P15228 - INFO - Buscando CEP com sistema de cascata
2025-05-22 04:02:11,664 - P15228 - INFO - Iniciando busca de CEP em cascata para: Rua Rinaldo Bacchi, Itambacuri, MG
2025-05-22 04:02:11,664 - P15228 - INFO - Método 1: ViaCEP API
2025-05-22 04:02:11,664 - P15228 - INFO - Buscando no ViaCEP: https://viacep.com.br/ws/MG/itambacuri/rua%20rinaldo%20bacchi/json/
2025-05-22 04:02:12,373 - P15228 - INFO - Dados encontrados no ViaCEP: {'cep': '39830-000', 'logradouro': '', 'complemento': '', 'unidade': '', 'bairro': '', 'localidade': 'Itambacuri', 'uf': 'MG', 'estado': 'Minas Gerais', 'regiao': 'Sudeste', 'ibge': '3132701', 'gia': '', 'ddd': '33', 'siafi': '4653'}
2025-05-22 04:02:12,379 - P15228 - INFO - CEP encontrado via ViaCEP: 39830-000
2025-05-22 04:02:12,380 - P15228 - INFO - Dados de CEP encontrados: {'cep': '39830-000', 'logradouro': '', 'complemento': '', 'unidade': '', 'bairro': '', 'localidade': 'Itambacuri', 'uf': 'MG', 'estado': 'Minas Gerais', 'regiao': 'Sudeste', 'ibge': '3132701', 'gia': '', 'ddd': '33', 'siafi': '4653'}
2025-05-22 04:02:12,381 - P15228 - INFO - Limpando texto extenso para campo city: Itambacuri...
2025-05-22 04:02:12,381 - P15228 - INFO - Texto limpo: Itambacuri
2025-05-22 04:02:12,382 - P15228 - INFO - Limpando texto extenso para campo state: MG...
2025-05-22 04:02:12,382 - P15228 - INFO - Texto limpo: MG
2025-05-22 04:02:12,383 - P15228 - INFO - Tempo de execução de processamento completo do médico: 46.56 segundos
2025-05-22 04:02:12,383 - P15228 - INFO - Resultado processado: {'Hash': '9d8dc6c511a68d790e813420911720a4bfa2e905bd2586dec380c9764a9c8779', 'CRM': '72618', 'UF': 'MG', 'Firstname': 'LETICIA', 'LastName': 'GOMES PEREIRA', 'Medical specialty': '', 'Endereco Completo A1': 'Rua Rinaldo Bacchi, 52', 'Address A1': 'Rua Rinaldo Bacchi', 'Numero A1': '52', 'Complement A1': 'Apt 103 Quad', 'Bairro A1': '', 'postal code A1': '39830-000', 'City A1': 'Itambacuri', 'State A1': 'MG', 'Phone A1': '31) 99385-8677', 'Phone A2': '', 'Cell phone A1': '', 'Cell phone A2': '', 'E-mail A1': 'alianca@lpnet.com.br', 'E-mail A2': '', 'OPT-IN': '', 'STATUS': '', 'LOTE': ''}
2025-05-22 04:02:12,385 - P15228 - INFO - Progresso: 60.2%
2025-05-22 04:02:12,385 - P15228 - INFO - Tempo de execução de processamento do médico 2: 46.57 segundos
2025-05-22 04:02:12,385 - P15228 - INFO - 
==================================================
Processando médico 3/3
2025-05-22 04:02:12,385 - P15228 - INFO - Nome: AMANDA BESSONI PIRES SANTOS
2025-05-22 04:02:12,386 - P15228 - INFO - Início do processamento Uso de memória: 122.63 MB
2025-05-22 04:02:12,386 - P15228 - INFO - Iniciando busca para: AMANDA BESSONI PIRES SANTOS CRM 72829 MG telefone e-mail endereço
2025-05-22 04:02:13,191 - P15228 - INFO - SearX results: 10 URLs
2025-05-22 04:02:13,191 - P15228 - INFO - Após SearX Uso de memória: 122.63 MB
2025-05-22 04:02:15,752 - P15228 - INFO - Google results: 0 URLs
2025-05-22 04:02:15,754 - P15228 - INFO - Após Google Uso de memória: 122.63 MB
2025-05-22 04:02:18,271 - P15228 - INFO - Bing results: 7 URLs
2025-05-22 04:02:18,271 - P15228 - INFO - Após Bing Uso de memória: 124.27 MB
2025-05-22 04:02:18,271 - P15228 - INFO - Total de URLs únicas: 10
2025-05-22 04:02:18,271 - P15228 - INFO - Processando URL 1/10: https://www.boaconsulta.com/especialista/amanda-bessoni-pires-61059a35ba32c315a2000d15
2025-05-22 04:02:20,884 - P15228 - INFO - HTML salvo para debug: data\debug_html_v10\b7f66ca0bfb090eb890c6e6dd923df93.html
2025-05-22 04:02:20,956 - P15228 - INFO - Candidates address: 2 items
2025-05-22 04:02:20,956 - P15228 - INFO - Candidates phone: 0 items
2025-05-22 04:02:20,957 - P15228 - INFO - Candidates email: 0 items
2025-05-22 04:02:20,957 - P15228 - INFO - Candidates complement: 0 items
2025-05-22 04:02:20,957 - P15228 - INFO - Candidates cep: 0 items
2025-05-22 04:02:20,957 - P15228 - INFO - Após processar URL 1 Uso de memória: 124.27 MB
2025-05-22 04:02:20,957 - P15228 - INFO - Processando URL 2/10: https://cliniguia.com/profissionais/amanda-bessoni-pires-700403904452143/
2025-05-22 04:02:25,514 - P15228 - INFO - HTML salvo para debug: data\debug_html_v10\54a796be19a5aa0d8075bfc89509e786.html
2025-05-22 04:02:25,556 - P15228 - INFO - Candidates address: 0 items
2025-05-22 04:02:25,556 - P15228 - INFO - Candidates phone: 0 items
2025-05-22 04:02:25,556 - P15228 - INFO - Candidates email: 0 items
2025-05-22 04:02:25,556 - P15228 - INFO - Candidates complement: 0 items
2025-05-22 04:02:25,556 - P15228 - INFO - Candidates cep: 0 items
2025-05-22 04:02:25,557 - P15228 - INFO - Após processar URL 2 Uso de memória: 125.32 MB
2025-05-22 04:02:25,557 - P15228 - INFO - Processando URL 3/10: https://empresasweb.net/emp/abps-servicos-medicos-ltda-55357728
2025-05-22 04:02:28,630 - P15228 - INFO - HTML salvo para debug: data\debug_html_v10\0df54294357d553756c6b7f57a994ee8.html
2025-05-22 04:02:28,645 - P15228 - INFO - Candidates address: 1 items
2025-05-22 04:02:28,646 - P15228 - INFO - Candidates phone: 1 items
2025-05-22 04:02:28,646 - P15228 - INFO - Candidates email: 1 items
2025-05-22 04:02:28,646 - P15228 - INFO - Candidates complement: 0 items
2025-05-22 04:02:28,647 - P15228 - INFO - Candidates cep: 1 items
2025-05-22 04:02:28,647 - P15228 - INFO - Após processar URL 3 Uso de memória: 124.30 MB
2025-05-22 04:02:28,647 - P15228 - INFO - Processando URL 4/10: https://cremec.org.br/busca-medicos
2025-05-22 04:02:33,394 - P15228 - INFO - HTML salvo para debug: data\debug_html_v10\3c9ece8b802bc598dd007727d971a7d5.html
2025-05-22 04:02:33,438 - P15228 - INFO - Candidates address: 1 items
2025-05-22 04:02:33,440 - P15228 - INFO - Candidates phone: 1 items
2025-05-22 04:02:33,440 - P15228 - INFO - Candidates email: 1 items
2025-05-22 04:02:33,441 - P15228 - INFO - Candidates complement: 0 items
2025-05-22 04:02:33,441 - P15228 - INFO - Candidates cep: 1 items
2025-05-22 04:02:33,441 - P15228 - INFO - Após processar URL 4 Uso de memória: 124.30 MB
2025-05-22 04:02:33,441 - P15228 - INFO - Processando URL 5/10: https://consultacrm.com.br/
2025-05-22 04:02:35,565 - P15228 - INFO - HTML salvo para debug: data\debug_html_v10\65cadeb91ac3713432c21b535990f440.html
2025-05-22 04:02:35,578 - P15228 - INFO - Candidates address: 0 items
2025-05-22 04:02:35,578 - P15228 - INFO - Candidates phone: 0 items
2025-05-22 04:02:35,578 - P15228 - INFO - Candidates email: 0 items
2025-05-22 04:02:35,578 - P15228 - INFO - Candidates complement: 0 items
2025-05-22 04:02:35,579 - P15228 - INFO - Candidates cep: 0 items
2025-05-22 04:02:35,579 - P15228 - INFO - Após processar URL 5 Uso de memória: 124.29 MB
2025-05-22 04:02:35,579 - P15228 - INFO - Processando URL 6/10: https://crmvirtual.cfm.org.br/MG/servico/procure-medicos
2025-05-22 04:02:38,049 - P15228 - INFO - HTML salvo para debug: data\debug_html_v10\c2af9904acdad6295c60ad1b50d74554.html
2025-05-22 04:02:38,066 - P15228 - INFO - Candidates address: 0 items
2025-05-22 04:02:38,067 - P15228 - INFO - Candidates phone: 0 items
2025-05-22 04:02:38,067 - P15228 - INFO - Candidates email: 2 items
2025-05-22 04:02:38,068 - P15228 - INFO - Candidates complement: 0 items
2025-05-22 04:02:38,069 - P15228 - INFO - Candidates cep: 0 items
2025-05-22 04:02:38,070 - P15228 - INFO - Após processar URL 6 Uso de memória: 124.29 MB
2025-05-22 04:02:38,070 - P15228 - INFO - Processando URL 7/10: https://crmmg.org.br/
2025-05-22 04:02:40,412 - P15228 - INFO - HTML salvo para debug: data\debug_html_v10\359238310c9096afb1ec9e794f848700.html
2025-05-22 04:02:40,455 - P15228 - INFO - Candidates address: 1 items
2025-05-22 04:02:40,455 - P15228 - INFO - Candidates phone: 0 items
2025-05-22 04:02:40,455 - P15228 - INFO - Candidates email: 0 items
2025-05-22 04:02:40,456 - P15228 - INFO - Candidates complement: 2 items
2025-05-22 04:02:40,456 - P15228 - INFO - Candidates cep: 0 items
2025-05-22 04:02:40,456 - P15228 - INFO - Após processar URL 7 Uso de memória: 124.29 MB
2025-05-22 04:02:40,456 - P15228 - INFO - Processando URL 8/10: https://www.medicosbrasil.com/profissional/amanda-bessoni-pires
2025-05-22 04:02:42,624 - P15228 - INFO - HTML salvo para debug: data\debug_html_v10\a433d133c257c0207e27d3eb17451390.html
2025-05-22 04:02:42,626 - P15228 - INFO - Candidates address: 0 items
2025-05-22 04:02:42,626 - P15228 - INFO - Candidates phone: 0 items
2025-05-22 04:02:42,626 - P15228 - INFO - Candidates email: 0 items
2025-05-22 04:02:42,626 - P15228 - INFO - Candidates complement: 0 items
2025-05-22 04:02:42,626 - P15228 - INFO - Candidates cep: 0 items
2025-05-22 04:02:42,627 - P15228 - INFO - Após processar URL 8 Uso de memória: 124.30 MB
2025-05-22 04:02:42,627 - P15228 - INFO - Processando URL 9/10: https://www.portaltransparencia.gov.br/pessoa-fisica/busca/lista
2025-05-22 04:02:45,579 - P15228 - INFO - HTML salvo para debug: data\debug_html_v10\e200cdf64b71d4c9248718dd155b3edb.html
2025-05-22 04:02:45,616 - P15228 - INFO - Candidates address: 0 items
2025-05-22 04:02:45,616 - P15228 - INFO - Candidates phone: 0 items
2025-05-22 04:02:45,616 - P15228 - INFO - Candidates email: 0 items
2025-05-22 04:02:45,616 - P15228 - INFO - Candidates complement: 0 items
2025-05-22 04:02:45,616 - P15228 - INFO - Candidates cep: 0 items
2025-05-22 04:02:45,617 - P15228 - INFO - Após processar URL 9 Uso de memória: 124.30 MB
2025-05-22 04:02:45,617 - P15228 - INFO - Processando URL 10/10: https://cnpj.biz/28444355000199
2025-05-22 04:02:47,758 - P15228 - INFO - HTML salvo para debug: data\debug_html_v10\d795bc42a0a6335a172e45ddde543fdd.html
2025-05-22 04:02:47,760 - P15228 - INFO - Candidates address: 0 items
2025-05-22 04:02:47,760 - P15228 - INFO - Candidates phone: 0 items
2025-05-22 04:02:47,760 - P15228 - INFO - Candidates email: 0 items
2025-05-22 04:02:47,761 - P15228 - INFO - Candidates complement: 0 items
2025-05-22 04:02:47,761 - P15228 - INFO - Candidates cep: 0 items
2025-05-22 04:02:47,761 - P15228 - INFO - Após processar URL 10 Uso de memória: 124.30 MB
2025-05-22 04:02:47,761 - P15228 - INFO - Iniciando agregação e ranqueamento
2025-05-22 04:02:47,761 - P15228 - INFO - Ranked address: 5 items
2025-05-22 04:02:47,761 - P15228 - INFO - Ranked phone: 2 items
2025-05-22 04:02:47,761 - P15228 - INFO - Ranked email: 4 items
2025-05-22 04:02:47,762 - P15228 - INFO - Ranked complement: 2 items
2025-05-22 04:02:47,762 - P15228 - INFO - Ranked cep: 2 items
2025-05-22 04:02:47,762 - P15228 - INFO - Após agregação Uso de memória: 124.30 MB
2025-05-22 04:02:47,762 - P15228 - INFO - Validando endereço: ['Rua Oliveira Santos, 198', 'Travessa Zeca Amancio, 63', 'Rua Rua Mestre Joao Major, 400']
2025-05-22 04:02:47,762 - P15228 - INFO - Endereço validado: Rua Oliveira Santos, 198
2025-05-22 04:02:47,762 - P15228 - INFO - Limpando texto extenso para campo address: Rua Oliveira Santos, 198...
2025-05-22 04:02:47,762 - P15228 - INFO - Texto limpo: Rua Oliveira Santos, 198
2025-05-22 04:02:47,763 - P15228 - INFO - Validando telefone: ['+553129420361', '(85) 3198-3700']
2025-05-22 04:02:47,763 - P15228 - INFO - Limpando texto extenso para campo phone: (85) 3198-3700...
2025-05-22 04:02:47,763 - P15228 - INFO - Texto limpo: 85) 3198-3700
2025-05-22 04:02:47,764 - P15228 - INFO - Telefone validado: 85) 3198-3700
2025-05-22 04:02:47,764 - P15228 - INFO - Validando email: ['REGISTRO@FORDOCTOR.COM.BR', 'cremec@cremec.org.br', 'medicos@crmmg.org.br']
2025-05-22 04:02:47,764 - P15228 - INFO - Limpando texto extenso para campo email: REGISTRO@FORDOCTOR.COM.BR...
2025-05-22 04:02:47,765 - P15228 - INFO - Texto limpo: registro@fordoctor.com.br
2025-05-22 04:02:47,765 - P15228 - INFO - Email validado: registro@fordoctor.com.br
2025-05-22 04:02:47,765 - P15228 - INFO - Validando complemento: ['Sala de Imprensa   Notícias do CFM   Saiu na imprensa ', 'Sala de Imprensa ']
2025-05-22 04:02:47,765 - P15228 - INFO - Limpando texto extenso para campo complement: Sala de Imprensa   Notícias do CFM   Saiu na impre...
2025-05-22 04:02:47,765 - P15228 - INFO - Texto limpo: Sala de Imprensa Notícias do
2025-05-22 04:02:47,766 - P15228 - INFO - Complemento validado: Sala de Imprensa Notícias do
2025-05-22 04:02:47,766 - P15228 - INFO - Descobrindo cidade
2025-05-22 04:02:47,766 - P15228 - INFO - Buscando cidade: Rua Oliveira Santos cidade MG
2025-05-22 04:02:50,340 - P15228 - WARNING - Cidade não encontrada
2025-05-22 04:02:50,340 - P15228 - INFO - Cidade descoberta: 
2025-05-22 04:02:50,340 - P15228 - INFO - Tempo de execução de processamento completo do médico: 37.95 segundos
2025-05-22 04:02:50,340 - P15228 - INFO - Resultado processado: {'Hash': '505a0bed57ceed21f7a8702ffbf50140191e1c8f12c37a5e240b3c8f123e712a', 'CRM': '72829', 'UF': 'MG', 'Firstname': 'AMANDA', 'LastName': 'BESSONI PIRES SANTOS', 'Medical specialty': '', 'Endereco Completo A1': 'Rua Oliveira Santos, 198', 'Address A1': 'Rua Oliveira Santos', 'Numero A1': '198', 'Complement A1': 'Sala de Imprensa Notícias do', 'Bairro A1': '', 'postal code A1': '', 'City A1': '', 'State A1': '', 'Phone A1': '85) 3198-3700', 'Phone A2': '', 'Cell phone A1': '', 'Cell phone A2': '', 'E-mail A1': 'registro@fordoctor.com.br', 'E-mail A2': '', 'OPT-IN': '', 'STATUS': '', 'LOTE': ''}
2025-05-22 04:02:50,341 - P15228 - INFO - Salvando lote de resultados
2025-05-22 04:02:50,342 - P15228 - INFO - Após salvar resultados Uso de memória: 122.67 MB
2025-05-22 04:02:50,342 - P15228 - INFO - Progresso: 60.4%
2025-05-22 04:02:50,342 - P15228 - INFO - Tempo de execução de processamento do médico 3: 37.96 segundos
2025-05-22 04:02:50,342 - P15228 - INFO - Tempo de execução de processamento do lote completo: 150.11 segundos
