2025-05-22 01:33:29,994 - P15228 - INFO - 
==================================================
Processando médico 1/3
2025-05-22 01:33:29,994 - P15228 - INFO - Nome: LEONARDO DIAS
2025-05-22 01:33:29,995 - P15228 - INFO - Reiniciando driver do Chrome
2025-05-22 01:33:31,249 - P15228 - INFO - Após reiniciar driver Uso de memória: 83.98 MB
2025-05-22 01:33:31,249 - P15228 - INFO - Início do processamento Uso de memória: 83.98 MB
2025-05-22 01:33:31,250 - P15228 - INFO - Iniciando busca para: LEONARDO DIAS CRM 55887 SP telefone e-mail endereço
2025-05-22 01:33:31,896 - P15228 - INFO - SearX results: 9 URLs
2025-05-22 01:33:31,896 - P15228 - INFO - Após SearX Uso de memória: 83.99 MB
2025-05-22 01:33:34,681 - P15228 - INFO - Google results: 8 URLs
2025-05-22 01:33:34,681 - P15228 - INFO - Após Google Uso de memória: 86.44 MB
2025-05-22 01:33:37,303 - P15228 - INFO - Bing results: 15 URLs
2025-05-22 01:33:37,303 - P15228 - INFO - Após Bing Uso de memória: 89.73 MB
2025-05-22 01:33:37,303 - P15228 - INFO - Total de URLs únicas: 25
2025-05-22 01:33:37,303 - P15228 - INFO - Processando URL 1/25: https://www.redescredenciadas.com.br/perfil/leonardo-dias-sp-55887
2025-05-22 01:33:42,440 - P15228 - INFO - HTML salvo para debug: data\debug_html_v10\87bc066d3e06149b3f94e520da665268.html
2025-05-22 01:33:42,446 - P15228 - INFO - Candidates address: 1 items
2025-05-22 01:33:42,446 - P15228 - INFO - Candidates phone: 4 items
2025-05-22 01:33:42,446 - P15228 - INFO - Candidates email: 0 items
2025-05-22 01:33:42,446 - P15228 - INFO - Candidates complement: 0 items
2025-05-22 01:33:42,446 - P15228 - INFO - Candidates cep: 0 items
2025-05-22 01:33:42,446 - P15228 - INFO - Após processar URL 1 Uso de memória: 89.76 MB
2025-05-22 01:33:42,447 - P15228 - INFO - Processando URL 2/25: https://www.helpsaude.com/leonardo-dias-crmsp-55887-2
2025-05-22 01:33:48,889 - P15228 - INFO - HTML salvo para debug: data\debug_html_v10\673f396967e080ad5dfe50ed9419cbd0.html
2025-05-22 01:33:48,903 - P15228 - INFO - Candidates address: 1 items
2025-05-22 01:33:48,903 - P15228 - INFO - Candidates phone: 0 items
2025-05-22 01:33:48,903 - P15228 - INFO - Candidates email: 0 items
2025-05-22 01:33:48,903 - P15228 - INFO - Candidates complement: 0 items
2025-05-22 01:33:48,903 - P15228 - INFO - Candidates cep: 1 items
2025-05-22 01:33:48,903 - P15228 - INFO - Após processar URL 2 Uso de memória: 89.96 MB
2025-05-22 01:33:48,904 - P15228 - INFO - Processando URL 3/25: https://clinica.work/especialista/leonardo-dias-ortopedista-e-traumatologista-sao-paulo-sp
2025-05-22 01:33:52,828 - P15228 - INFO - HTML salvo para debug: data\debug_html_v10\b11b9c38cb92d5c4a99c9dd70c83ba67.html
2025-05-22 01:33:52,860 - P15228 - INFO - Candidates address: 0 items
2025-05-22 01:33:52,860 - P15228 - INFO - Candidates phone: 0 items
2025-05-22 01:33:52,860 - P15228 - INFO - Candidates email: 0 items
2025-05-22 01:33:52,861 - P15228 - INFO - Candidates complement: 0 items
2025-05-22 01:33:52,861 - P15228 - INFO - Candidates cep: 0 items
2025-05-22 01:33:52,861 - P15228 - INFO - Após processar URL 3 Uso de memória: 86.04 MB
2025-05-22 01:33:52,861 - P15228 - INFO - Processando URL 4/25: https://www.empresafone.com.br/empresa/leonardo-dias-medicos-ortopedia-e-traumatologia-ossos-e-articulacoes-parque-santa-amelia-sao-paulo-sp-1072535
2025-05-22 01:33:56,466 - P15228 - INFO - HTML salvo para debug: data\debug_html_v10\c0b3fad9b1b94380855a8a2cacff9e76.html
2025-05-22 01:33:56,508 - P15228 - INFO - Candidates address: 0 items
2025-05-22 01:33:56,510 - P15228 - INFO - Candidates phone: 7 items
2025-05-22 01:33:56,511 - P15228 - INFO - Candidates email: 0 items
2025-05-22 01:33:56,511 - P15228 - INFO - Candidates complement: 0 items
2025-05-22 01:33:56,513 - P15228 - INFO - Candidates cep: 0 items
2025-05-22 01:33:56,514 - P15228 - INFO - Após processar URL 4 Uso de memória: 89.10 MB
2025-05-22 01:33:56,514 - P15228 - INFO - Processando URL 5/25: https://www.catalogo.med.br/doutor/leonardo-dias-46835.htm
2025-05-22 01:34:01,747 - P15228 - INFO - HTML salvo para debug: data\debug_html_v10\a561ae7ca8cdf0b77304e335acf46807.html
2025-05-22 01:34:01,766 - P15228 - INFO - Candidates address: 0 items
2025-05-22 01:34:01,766 - P15228 - INFO - Candidates phone: 0 items
2025-05-22 01:34:01,767 - P15228 - INFO - Candidates email: 0 items
2025-05-22 01:34:01,767 - P15228 - INFO - Candidates complement: 0 items
2025-05-22 01:34:01,767 - P15228 - INFO - Candidates cep: 0 items
2025-05-22 01:34:01,767 - P15228 - INFO - Após processar URL 5 Uso de memória: 89.16 MB
2025-05-22 01:34:01,768 - P15228 - INFO - Processando URL 6/25: https://cofeortopediatatuape.com.br/quem-somos/
2025-05-22 01:34:09,770 - P15228 - INFO - HTML salvo para debug: data\debug_html_v10\a5c6e6d1267faa4be56d0dca1db830ca.html
2025-05-22 01:34:09,824 - P15228 - INFO - Candidates address: 1 items
2025-05-22 01:34:09,825 - P15228 - INFO - Candidates phone: 1 items
2025-05-22 01:34:09,825 - P15228 - INFO - Candidates email: 1 items
2025-05-22 01:34:09,825 - P15228 - INFO - Candidates complement: 0 items
2025-05-22 01:34:09,826 - P15228 - INFO - Candidates cep: 1 items
2025-05-22 01:34:09,826 - P15228 - INFO - Após processar URL 6 Uso de memória: 89.32 MB
2025-05-22 01:34:09,826 - P15228 - INFO - Processando URL 7/25: https://www.intermedicos.com.br/ortopedistas-em-sao-paulo/leonardo-dias
2025-05-22 01:34:12,701 - P15228 - INFO - HTML salvo para debug: data\debug_html_v10\2a73c6b408874d30cccafa014148b285.html
2025-05-22 01:34:12,716 - P15228 - INFO - Candidates address: 1 items
2025-05-22 01:34:12,716 - P15228 - INFO - Candidates phone: 1 items
2025-05-22 01:34:12,716 - P15228 - INFO - Candidates email: 0 items
2025-05-22 01:34:12,716 - P15228 - INFO - Candidates complement: 0 items
2025-05-22 01:34:12,716 - P15228 - INFO - Candidates cep: 0 items
2025-05-22 01:34:12,716 - P15228 - INFO - Após processar URL 7 Uso de memória: 89.32 MB
2025-05-22 01:34:12,717 - P15228 - INFO - Processando URL 8/25: https://pro.doctoralia.com.br/conteudos/faq/como-trabalhamos
2025-05-22 01:34:12,717 - P15228 - INFO - Ignorando URL de arquivo não-HTML: https://pro.doctoralia.com.br/conteudos/faq/como-trabalhamos
2025-05-22 01:34:12,717 - P15228 - INFO - Após processar URL 8 Uso de memória: 89.32 MB
2025-05-22 01:34:12,717 - P15228 - INFO - Processando URL 9/25: https://doctoralia.com.br/leonardo-dias-2/medico-do-esporte-ortopedista-traumatologista/sao-paulo
2025-05-22 01:34:14,910 - P15228 - INFO - HTML salvo para debug: data\debug_html_v10\971ae0ae2836801b5e768c3d76aa41c1.html
2025-05-22 01:34:15,136 - P15228 - INFO - Candidates address: 4 items
2025-05-22 01:34:15,136 - P15228 - INFO - Candidates phone: 1 items
2025-05-22 01:34:15,136 - P15228 - INFO - Candidates email: 0 items
2025-05-22 01:34:15,137 - P15228 - INFO - Candidates complement: 0 items
2025-05-22 01:34:15,137 - P15228 - INFO - Candidates cep: 4 items
2025-05-22 01:34:15,137 - P15228 - INFO - Após processar URL 9 Uso de memória: 85.65 MB
2025-05-22 01:34:15,138 - P15228 - INFO - Processando URL 10/25: https://doctoralia.com.br/servicos-de-tratamento/artroscopia-do-ombro/sao-paulo
2025-05-22 01:34:20,442 - P15228 - INFO - HTML salvo para debug: data\debug_html_v10\f8cae4da304810d1366408b236092efa.html
2025-05-22 01:34:20,661 - P15228 - INFO - Candidates address: 15 items
2025-05-22 01:34:20,687 - P15228 - INFO - Candidates phone: 0 items
2025-05-22 01:34:20,693 - P15228 - INFO - Candidates email: 0 items
2025-05-22 01:34:20,701 - P15228 - INFO - Candidates complement: 2 items
2025-05-22 01:34:20,706 - P15228 - INFO - Candidates cep: 1 items
2025-05-22 01:34:20,725 - P15228 - INFO - Após processar URL 10 Uso de memória: 88.86 MB
2025-05-22 01:34:20,732 - P15228 - INFO - Processando URL 11/25: https://www.bingplaces.com/DashBoard/Edit?Id=YN7993x10561914295957337502&market=pt-BR&src=SERPGB
2025-05-22 01:34:25,084 - P15228 - INFO - HTML salvo para debug: data\debug_html_v10\3ce034b9f4fe24fa71cad57270ca8d40.html
2025-05-22 01:34:25,108 - P15228 - INFO - Candidates address: 0 items
2025-05-22 01:34:25,108 - P15228 - INFO - Candidates phone: 0 items
2025-05-22 01:34:25,109 - P15228 - INFO - Candidates email: 0 items
2025-05-22 01:34:25,109 - P15228 - INFO - Candidates complement: 0 items
2025-05-22 01:34:25,109 - P15228 - INFO - Candidates cep: 0 items
2025-05-22 01:34:25,109 - P15228 - INFO - Após processar URL 11 Uso de memória: 87.82 MB
2025-05-22 01:34:25,110 - P15228 - INFO - Processando URL 12/25: https://osasco.sp.gov.br/site/wp-content/uploads/2022/02/iomo597.pdf
2025-05-22 01:34:25,110 - P15228 - INFO - Ignorando URL de arquivo não-HTML: https://osasco.sp.gov.br/site/wp-content/uploads/2022/02/iomo597.pdf
2025-05-22 01:34:25,110 - P15228 - INFO - Após processar URL 12 Uso de memória: 87.82 MB
2025-05-22 01:34:25,110 - P15228 - INFO - Processando URL 13/25: https://diario.carapicuiba.sp.gov.br/uploads/diario_oficial/341/Ld0YfZKQTQcIHekc0Iy2tCWCEqeQS-jk.pdf
2025-05-22 01:34:25,110 - P15228 - INFO - Ignorando URL de arquivo não-HTML: https://diario.carapicuiba.sp.gov.br/uploads/diario_oficial/341/Ld0YfZKQTQcIHekc0Iy2tCWCEqeQS-jk.pdf
2025-05-22 01:34:25,110 - P15228 - INFO - Após processar URL 13 Uso de memória: 87.82 MB
2025-05-22 01:34:25,111 - P15228 - INFO - Processando URL 14/25: https://doutorcrm.com/leonardo-dias
2025-05-22 01:34:30,315 - P15228 - INFO - HTML salvo para debug: data\debug_html_v10\9bf54c6df7bab26d2938f94d5787ae19.html
2025-05-22 01:34:30,325 - P15228 - INFO - Candidates address: 0 items
2025-05-22 01:34:30,326 - P15228 - INFO - Candidates phone: 0 items
2025-05-22 01:34:30,326 - P15228 - INFO - Candidates email: 0 items
2025-05-22 01:34:30,326 - P15228 - INFO - Candidates complement: 0 items
2025-05-22 01:34:30,326 - P15228 - INFO - Candidates cep: 2 items
2025-05-22 01:34:30,326 - P15228 - INFO - Após processar URL 14 Uso de memória: 88.07 MB
2025-05-22 01:34:30,326 - P15228 - INFO - Processando URL 15/25: https://qualotelefone.com/sp/sao-paulo/medicos-ortopedia-e-traumatologia-ossos-e-articulacoes/leonardo-dias/578454
2025-05-22 01:34:36,715 - P15228 - INFO - HTML salvo para debug: data\debug_html_v10\301d8cfc490c31f1e360c2dff14a7e57.html
2025-05-22 01:34:36,743 - P15228 - INFO - Candidates address: 0 items
2025-05-22 01:34:36,743 - P15228 - INFO - Candidates phone: 1 items
2025-05-22 01:34:36,743 - P15228 - INFO - Candidates email: 0 items
2025-05-22 01:34:36,744 - P15228 - INFO - Candidates complement: 0 items
2025-05-22 01:34:36,744 - P15228 - INFO - Candidates cep: 5 items
2025-05-22 01:34:36,744 - P15228 - INFO - Após processar URL 15 Uso de memória: 84.64 MB
2025-05-22 01:34:36,744 - P15228 - INFO - Processando URL 16/25: https://www.doctoralia.com.br/medico-do-esporte/guarulhos
2025-05-22 01:34:36,744 - P15228 - INFO - Ignorando URL de arquivo não-HTML: https://www.doctoralia.com.br/medico-do-esporte/guarulhos
2025-05-22 01:34:36,745 - P15228 - INFO - Após processar URL 16 Uso de memória: 84.64 MB
2025-05-22 01:34:36,746 - P15228 - INFO - Processando URL 17/25: https://www.doctoranytime.com.br/d/medico-do-esporte/leonardo-dias
2025-05-22 01:34:36,747 - P15228 - INFO - Ignorando URL de arquivo não-HTML: https://www.doctoranytime.com.br/d/medico-do-esporte/leonardo-dias
2025-05-22 01:34:36,747 - P15228 - INFO - Após processar URL 17 Uso de memória: 84.64 MB
2025-05-22 01:34:36,748 - P15228 - INFO - Processando URL 18/25: https://diariooficial.guarulhos.sp.gov.br/uploads/pdf/1185109499.pdf
2025-05-22 01:34:36,748 - P15228 - INFO - Ignorando URL de arquivo não-HTML: https://diariooficial.guarulhos.sp.gov.br/uploads/pdf/1185109499.pdf
2025-05-22 01:34:36,748 - P15228 - INFO - Após processar URL 18 Uso de memória: 84.64 MB
2025-05-22 01:34:36,749 - P15228 - INFO - Processando URL 19/25: https://www.consultacrm.com.br/index/profissionais/uid-9b7403c7-f5c5-11ec-9e74-0a4aa568c625/leonardo_dias
2025-05-22 01:34:41,798 - P15228 - INFO - HTML salvo para debug: data\debug_html_v10\a8c2c0a98c6e0e010996cc94050412a1.html
2025-05-22 01:34:41,809 - P15228 - INFO - Candidates address: 0 items
2025-05-22 01:34:41,809 - P15228 - INFO - Candidates phone: 0 items
2025-05-22 01:34:41,809 - P15228 - INFO - Candidates email: 0 items
2025-05-22 01:34:41,809 - P15228 - INFO - Candidates complement: 0 items
2025-05-22 01:34:41,810 - P15228 - INFO - Candidates cep: 0 items
2025-05-22 01:34:41,810 - P15228 - INFO - Após processar URL 19 Uso de memória: 86.64 MB
2025-05-22 01:34:41,810 - P15228 - INFO - Processando URL 20/25: https://cofeortopediatatuape.com.br/
2025-05-22 01:34:48,335 - P15228 - INFO - HTML salvo para debug: data\debug_html_v10\af512f89b8792b1b9be7b80fd0817d93.html
2025-05-22 01:34:48,394 - P15228 - INFO - Candidates address: 2 items
2025-05-22 01:34:48,394 - P15228 - INFO - Candidates phone: 1 items
2025-05-22 01:34:48,394 - P15228 - INFO - Candidates email: 1 items
2025-05-22 01:34:48,394 - P15228 - INFO - Candidates complement: 0 items
2025-05-22 01:34:48,394 - P15228 - INFO - Candidates cep: 1 items
2025-05-22 01:34:48,395 - P15228 - INFO - Após processar URL 20 Uso de memória: 88.28 MB
2025-05-22 01:34:48,395 - P15228 - INFO - Processando URL 21/25: https://web.trf3.jus.br/diario/Consulta/BaixarPdf/8295
2025-05-22 01:34:50,526 - P15228 - INFO - HTML salvo para debug: data\debug_html_v10\08b35560bad64fb5e37e068e90b99023.html
2025-05-22 01:34:50,588 - P15228 - INFO - Candidates address: 2 items
2025-05-22 01:34:50,589 - P15228 - INFO - Candidates phone: 1 items
2025-05-22 01:34:50,589 - P15228 - INFO - Candidates email: 1 items
2025-05-22 01:34:50,589 - P15228 - INFO - Candidates complement: 0 items
2025-05-22 01:34:50,589 - P15228 - INFO - Candidates cep: 1 items
2025-05-22 01:34:50,589 - P15228 - INFO - Após processar URL 21 Uso de memória: 84.80 MB
2025-05-22 01:34:50,589 - P15228 - INFO - Processando URL 22/25: https://doctoralia.com.br/contato
2025-05-22 01:34:53,287 - P15228 - INFO - HTML salvo para debug: data\debug_html_v10\96b3b2a8f88f38e8ba2eb265571e4a31.html
2025-05-22 01:34:53,308 - P15228 - INFO - Candidates address: 1 items
2025-05-22 01:34:53,308 - P15228 - INFO - Candidates phone: 0 items
2025-05-22 01:34:53,308 - P15228 - INFO - Candidates email: 0 items
2025-05-22 01:34:53,308 - P15228 - INFO - Candidates complement: 0 items
2025-05-22 01:34:53,308 - P15228 - INFO - Candidates cep: 1 items
2025-05-22 01:34:53,309 - P15228 - INFO - Após processar URL 22 Uso de memória: 87.21 MB
2025-05-22 01:34:53,309 - P15228 - INFO - Processando URL 23/25: https://www2.bauru.sp.gov.br/arquivos/sist_diariooficial/2025/01/do_20250114_3937.pdf
2025-05-22 01:34:53,309 - P15228 - INFO - Ignorando URL de arquivo não-HTML: https://www2.bauru.sp.gov.br/arquivos/sist_diariooficial/2025/01/do_20250114_3937.pdf
2025-05-22 01:34:53,310 - P15228 - INFO - Após processar URL 23 Uso de memória: 87.21 MB
2025-05-22 01:34:53,310 - P15228 - INFO - Processando URL 24/25: https://www.saobernardo.sp.gov.br/documents/10181/1812128/NM+2492+de+27.12.2024+-++Conte%C3%BAdo+Integral.pdf/64762eab-dd2b-32c8-6f87-7565eac02e69
2025-05-22 01:34:53,311 - P15228 - INFO - Ignorando URL de arquivo não-HTML: https://www.saobernardo.sp.gov.br/documents/10181/1812128/NM+2492+de+27.12.2024+-++Conte%C3%BAdo+Integral.pdf/64762eab-dd2b-32c8-6f87-7565eac02e69
2025-05-22 01:34:53,311 - P15228 - INFO - Após processar URL 24 Uso de memória: 87.21 MB
2025-05-22 01:34:53,312 - P15228 - INFO - Processando URL 25/25: https://www.doctoralia.com.br/leonardo-dias-2/medico-do-esporte-ortopedista-traumatologista/sao-paulo
2025-05-22 01:34:53,313 - P15228 - INFO - Ignorando URL de arquivo não-HTML: https://www.doctoralia.com.br/leonardo-dias-2/medico-do-esporte-ortopedista-traumatologista/sao-paulo
2025-05-22 01:34:53,313 - P15228 - INFO - Após processar URL 25 Uso de memória: 87.21 MB
2025-05-22 01:34:53,315 - P15228 - INFO - Iniciando agregação e ranqueamento
2025-05-22 01:34:53,317 - P15228 - INFO - Ranked address: 19 items
2025-05-22 01:34:53,317 - P15228 - INFO - Ranked phone: 13 items
2025-05-22 01:34:53,317 - P15228 - INFO - Ranked email: 1 items
2025-05-22 01:34:53,318 - P15228 - INFO - Ranked complement: 2 items
2025-05-22 01:34:53,318 - P15228 - INFO - Ranked cep: 12 items
2025-05-22 01:34:53,319 - P15228 - INFO - Após agregação Uso de memória: 87.21 MB
2025-05-22 01:34:53,319 - P15228 - INFO - Validando endereço: ['Rua Apucarana, 1312', 'R. Apucarana, 1312', 'Rua Visconde do Rio Branco, 1488']
2025-05-22 01:34:53,320 - P15228 - INFO - Endereço validado: Rua Apucarana, 1312
2025-05-22 01:34:53,320 - P15228 - INFO - Limpando texto extenso para campo address: Rua Apucarana, 1312...
2025-05-22 01:34:53,321 - P15228 - INFO - Texto limpo: Rua Apucarana, 1312
2025-05-22 01:34:53,322 - P15228 - INFO - Validando telefone: ['(11) 2615-2787', '(11) 2283-4644', '(11) 2098-4699']
2025-05-22 01:34:53,322 - P15228 - INFO - Limpando texto extenso para campo phone: (11) 2615-2787...
2025-05-22 01:34:53,322 - P15228 - INFO - Texto limpo: 11) 2615-2787
2025-05-22 01:34:53,322 - P15228 - INFO - Telefone validado: 11) 2615-2787
2025-05-22 01:34:53,322 - P15228 - INFO - Validando email: ['atendimento@cofe.com.br']
2025-05-22 01:34:53,322 - P15228 - INFO - Limpando texto extenso para campo email: atendimento@cofe.com.br...
2025-05-22 01:34:53,323 - P15228 - INFO - Texto limpo: atendimento@cofe.com.br
2025-05-22 01:34:53,323 - P15228 - INFO - Email validado: atendimento@cofe.com.br
2025-05-22 01:34:53,323 - P15228 - INFO - Validando complemento: ['Bloco B', 'Conjunto 708']
2025-05-22 01:34:53,323 - P15228 - INFO - Limpando texto extenso para campo complement: Bloco B...
2025-05-22 01:34:53,324 - P15228 - INFO - Texto limpo: Bloco B
2025-05-22 01:34:53,325 - P15228 - INFO - Complemento validado: Bloco B
2025-05-22 01:34:53,325 - P15228 - INFO - Descobrindo cidade
2025-05-22 01:34:53,325 - P15228 - INFO - Buscando cidade: Rua Apucarana cidade SP
2025-05-22 01:34:56,040 - P15228 - INFO - Cidade encontrada: São Paulo
2025-05-22 01:34:56,060 - P15228 - INFO - Limpando texto extenso para campo city: São Paulo...
2025-05-22 01:34:56,063 - P15228 - INFO - Texto limpo: São Paulo
2025-05-22 01:34:56,065 - P15228 - INFO - Cidade descoberta: São Paulo
2025-05-22 01:34:56,065 - P15228 - INFO - Buscando CEP com sistema de cascata
2025-05-22 01:34:56,070 - P15228 - INFO - Iniciando busca de CEP em cascata para: Rua Apucarana, São Paulo, SP
2025-05-22 01:34:56,073 - P15228 - INFO - Método 1: ViaCEP API
2025-05-22 01:34:56,075 - P15228 - INFO - Buscando no ViaCEP: https://viacep.com.br/ws/SP/sao%20paulo/rua%20apucarana/json/
2025-05-22 01:34:56,811 - P15228 - INFO - Dados encontrados no ViaCEP: {'cep': '03311-000', 'logradouro': 'Rua Apucarana', 'complemento': 'até 999/1000', 'unidade': '', 'bairro': 'Tatuapé', 'localidade': 'São Paulo', 'uf': 'SP', 'estado': 'São Paulo', 'regiao': 'Sudeste', 'ibge': '3550308', 'gia': '1004', 'ddd': '11', 'siafi': '7107'}
2025-05-22 01:34:56,813 - P15228 - INFO - CEP encontrado via ViaCEP: 03311-000
2025-05-22 01:34:56,813 - P15228 - INFO - Dados de CEP encontrados: {'cep': '03311-000', 'logradouro': 'Rua Apucarana', 'complemento': 'até 999/1000', 'unidade': '', 'bairro': 'Tatuapé', 'localidade': 'São Paulo', 'uf': 'SP', 'estado': 'São Paulo', 'regiao': 'Sudeste', 'ibge': '3550308', 'gia': '1004', 'ddd': '11', 'siafi': '7107'}
2025-05-22 01:34:56,813 - P15228 - INFO - Limpando texto extenso para campo bairro: Tatuapé...
2025-05-22 01:34:56,814 - P15228 - INFO - Texto limpo: Tatuapé
2025-05-22 01:34:56,814 - P15228 - INFO - Limpando texto extenso para campo city: São Paulo...
2025-05-22 01:34:56,814 - P15228 - INFO - Texto limpo: São Paulo
2025-05-22 01:34:56,815 - P15228 - INFO - Limpando texto extenso para campo state: SP...
2025-05-22 01:34:56,815 - P15228 - INFO - Texto limpo: SP
2025-05-22 01:34:56,816 - P15228 - INFO - Tempo de execução de processamento completo do médico: 85.57 segundos
2025-05-22 01:34:56,816 - P15228 - INFO - Resultado processado: {'Hash': 'f307e9032c7cffcbf003530ec6809dc87375bd6392bee68f52706e438ed26909', 'CRM': '55887', 'UF': 'SP', 'Firstname': 'LEONARDO', 'LastName': 'DIAS', 'Medical specialty': '', 'Endereco Completo A1': 'Rua Apucarana, 1312', 'Address A1': 'Rua Apucarana', 'Numero A1': '1312', 'Complement A1': 'Bloco B', 'Bairro A1': 'Tatuapé', 'postal code A1': '03311-000', 'City A1': 'São Paulo', 'State A1': 'SP', 'Phone A1': '11) 2615-2787', 'Phone A2': '', 'Cell phone A1': '', 'Cell phone A2': '', 'E-mail A1': 'atendimento@cofe.com.br', 'E-mail A2': '', 'OPT-IN': '', 'STATUS': '', 'LOTE': ''}
2025-05-22 01:34:56,818 - P15228 - INFO - Progresso: 5.6%
2025-05-22 01:34:56,818 - P15228 - INFO - Executando coleta de lixo
2025-05-22 01:34:56,859 - P15228 - INFO - Após coleta de lixo Uso de memória: 81.40 MB
2025-05-22 01:34:56,859 - P15228 - INFO - Tempo de execução de processamento do médico 1: 86.87 segundos
2025-05-22 01:34:56,860 - P15228 - INFO - 
==================================================
Processando médico 2/3
2025-05-22 01:34:56,860 - P15228 - INFO - Nome: YURIKO OKAMURA
2025-05-22 01:34:56,860 - P15228 - INFO - Início do processamento Uso de memória: 81.40 MB
2025-05-22 01:34:56,861 - P15228 - INFO - Iniciando busca para: YURIKO OKAMURA CRM 56412 SP telefone e-mail endereço
2025-05-22 01:34:57,470 - P15228 - INFO - SearX results: 2 URLs
2025-05-22 01:34:57,470 - P15228 - INFO - Após SearX Uso de memória: 81.40 MB
2025-05-22 01:34:59,885 - P15228 - INFO - Google results: 4 URLs
2025-05-22 01:34:59,886 - P15228 - INFO - Após Google Uso de memória: 83.95 MB
2025-05-22 01:35:02,767 - P15228 - INFO - Bing results: 10 URLs
2025-05-22 01:35:02,767 - P15228 - INFO - Após Bing Uso de memória: 85.94 MB
2025-05-22 01:35:02,767 - P15228 - INFO - Total de URLs únicas: 13
2025-05-22 01:35:02,767 - P15228 - INFO - Processando URL 1/13: https://www.mpsp.mp.br/w/do_25_02_2022
2025-05-22 01:35:07,827 - P15228 - INFO - HTML salvo para debug: data\debug_html_v10\7b7842f38b9333c682fd0be00373d38a.html
2025-05-22 01:35:08,656 - P15228 - INFO - Candidates address: 4 items
2025-05-22 01:35:08,657 - P15228 - INFO - Candidates phone: 3 items
2025-05-22 01:35:08,657 - P15228 - INFO - Candidates email: 3 items
2025-05-22 01:35:08,657 - P15228 - INFO - Candidates complement: 0 items
2025-05-22 01:35:08,657 - P15228 - INFO - Candidates cep: 33 items
2025-05-22 01:35:08,657 - P15228 - INFO - Após processar URL 1 Uso de memória: 89.99 MB
2025-05-22 01:35:08,657 - P15228 - INFO - Processando URL 2/13: https://www.consultacrm.com.br/index/medicos/uid-12b9f555-f5c5-11ec-9e74-0a4aa568c625/yuriko_okamura
2025-05-22 01:35:13,329 - P15228 - INFO - HTML salvo para debug: data\debug_html_v10\34141de508408c4da3b6a16fff69378f.html
2025-05-22 01:35:13,339 - P15228 - INFO - Candidates address: 0 items
2025-05-22 01:35:13,339 - P15228 - INFO - Candidates phone: 0 items
2025-05-22 01:35:13,340 - P15228 - INFO - Candidates email: 0 items
2025-05-22 01:35:13,340 - P15228 - INFO - Candidates complement: 0 items
2025-05-22 01:35:13,340 - P15228 - INFO - Candidates cep: 0 items
2025-05-22 01:35:13,340 - P15228 - INFO - Após processar URL 2 Uso de memória: 87.77 MB
2025-05-22 01:35:13,340 - P15228 - INFO - Processando URL 3/13: https://www.crmpr.org.br/atualiza/listar.php/1000
2025-05-22 01:35:16,351 - P15228 - INFO - HTML salvo para debug: data\debug_html_v10\ef9ecbfd4e4ebf12f11d844e151b4f0b.html
2025-05-22 01:35:16,486 - P15228 - INFO - Candidates address: 0 items
2025-05-22 01:35:16,486 - P15228 - INFO - Candidates phone: 1 items
2025-05-22 01:35:16,486 - P15228 - INFO - Candidates email: 1 items
2025-05-22 01:35:16,486 - P15228 - INFO - Candidates complement: 0 items
2025-05-22 01:35:16,486 - P15228 - INFO - Candidates cep: 0 items
2025-05-22 01:35:16,487 - P15228 - INFO - Após processar URL 3 Uso de memória: 83.35 MB
2025-05-22 01:35:16,487 - P15228 - INFO - Processando URL 4/13: https://www.medicosbrasil.com/profissional/yuriko-okamura
2025-05-22 01:35:19,973 - P15228 - INFO - HTML salvo para debug: data\debug_html_v10\9edd5a1e74d95d85be01ce51e838879d.html
2025-05-22 01:35:19,992 - P15228 - INFO - Candidates address: 0 items
2025-05-22 01:35:19,992 - P15228 - INFO - Candidates phone: 0 items
2025-05-22 01:35:19,992 - P15228 - INFO - Candidates email: 0 items
2025-05-22 01:35:19,993 - P15228 - INFO - Candidates complement: 0 items
2025-05-22 01:35:19,993 - P15228 - INFO - Candidates cep: 0 items
2025-05-22 01:35:19,993 - P15228 - INFO - Após processar URL 4 Uso de memória: 86.43 MB
2025-05-22 01:35:19,993 - P15228 - INFO - Processando URL 5/13: https://guiamedico.cremesp.org.br/
2025-05-22 01:35:23,153 - P15228 - INFO - HTML salvo para debug: data\debug_html_v10\7c54969580769b63edd9abaa952e1fa2.html
2025-05-22 01:35:23,159 - P15228 - INFO - Candidates address: 1 items
2025-05-22 01:35:23,159 - P15228 - INFO - Candidates phone: 1 items
2025-05-22 01:35:23,159 - P15228 - INFO - Candidates email: 0 items
2025-05-22 01:35:23,159 - P15228 - INFO - Candidates complement: 0 items
2025-05-22 01:35:23,160 - P15228 - INFO - Candidates cep: 1 items
2025-05-22 01:35:23,160 - P15228 - INFO - Após processar URL 5 Uso de memória: 86.95 MB
2025-05-22 01:35:23,160 - P15228 - INFO - Processando URL 6/13: https://doutorcrm.com/yuriko-okamura
2025-05-22 01:35:27,319 - P15228 - INFO - HTML salvo para debug: data\debug_html_v10\33b2c72ee5d13da38e7d8d3b442b30bc.html
2025-05-22 01:35:27,326 - P15228 - INFO - Candidates address: 0 items
2025-05-22 01:35:27,326 - P15228 - INFO - Candidates phone: 0 items
2025-05-22 01:35:27,326 - P15228 - INFO - Candidates email: 0 items
2025-05-22 01:35:27,327 - P15228 - INFO - Candidates complement: 0 items
2025-05-22 01:35:27,327 - P15228 - INFO - Candidates cep: 0 items
2025-05-22 01:35:27,327 - P15228 - INFO - Após processar URL 6 Uso de memória: 87.59 MB
2025-05-22 01:35:27,327 - P15228 - INFO - Processando URL 7/13: https://consultacrm.com.br/
2025-05-22 01:35:29,493 - P15228 - INFO - HTML salvo para debug: data\debug_html_v10\65cadeb91ac3713432c21b535990f440.html
2025-05-22 01:35:29,508 - P15228 - INFO - Candidates address: 0 items
2025-05-22 01:35:29,509 - P15228 - INFO - Candidates phone: 0 items
2025-05-22 01:35:29,509 - P15228 - INFO - Candidates email: 0 items
2025-05-22 01:35:29,510 - P15228 - INFO - Candidates complement: 0 items
2025-05-22 01:35:29,510 - P15228 - INFO - Candidates cep: 0 items
2025-05-22 01:35:29,510 - P15228 - INFO - Após processar URL 7 Uso de memória: 87.98 MB
2025-05-22 01:35:29,510 - P15228 - INFO - Processando URL 8/13: https://cadastroempresa.com.br/fornecedor/okamura-servicos-medicos-44001636000123
2025-05-22 01:35:32,195 - P15228 - INFO - HTML salvo para debug: data\debug_html_v10\5a62ba12972bd862f7d47d157178e29c.html
2025-05-22 01:35:32,219 - P15228 - INFO - Candidates address: 0 items
2025-05-22 01:35:32,219 - P15228 - INFO - Candidates phone: 3 items
2025-05-22 01:35:32,219 - P15228 - INFO - Candidates email: 1 items
2025-05-22 01:35:32,219 - P15228 - INFO - Candidates complement: 2 items
2025-05-22 01:35:32,220 - P15228 - INFO - Candidates cep: 2 items
2025-05-22 01:35:32,220 - P15228 - INFO - Após processar URL 8 Uso de memória: 88.17 MB
2025-05-22 01:35:32,220 - P15228 - INFO - Processando URL 9/13: https://www.classemedica.com.br/medico/341635-yuriko-okamura.htm
2025-05-22 01:35:38,627 - P15228 - INFO - HTML salvo para debug: data\debug_html_v10\d8ccecb148b73a03b03ba8cf9f82b69f.html
2025-05-22 01:35:38,654 - P15228 - INFO - Candidates address: 0 items
2025-05-22 01:35:38,654 - P15228 - INFO - Candidates phone: 0 items
2025-05-22 01:35:38,654 - P15228 - INFO - Candidates email: 0 items
2025-05-22 01:35:38,654 - P15228 - INFO - Candidates complement: 0 items
2025-05-22 01:35:38,654 - P15228 - INFO - Candidates cep: 0 items
2025-05-22 01:35:38,654 - P15228 - INFO - Após processar URL 9 Uso de memória: 88.21 MB
2025-05-22 01:35:38,655 - P15228 - INFO - Processando URL 10/13: https://www.cremesp.org.br/?siteAcao=DelegaciasRegionais&id=33
2025-05-22 01:35:43,025 - P15228 - INFO - HTML salvo para debug: data\debug_html_v10\f89528df70462629a24f2b4171f0fc34.html
2025-05-22 01:35:43,047 - P15228 - INFO - Candidates address: 2 items
2025-05-22 01:35:43,047 - P15228 - INFO - Candidates phone: 3 items
2025-05-22 01:35:43,048 - P15228 - INFO - Candidates email: 1 items
2025-05-22 01:35:43,048 - P15228 - INFO - Candidates complement: 0 items
2025-05-22 01:35:43,048 - P15228 - INFO - Candidates cep: 2 items
2025-05-22 01:35:43,048 - P15228 - INFO - Após processar URL 10 Uso de memória: 84.14 MB
2025-05-22 01:35:43,048 - P15228 - INFO - Processando URL 11/13: https://www.consultacrm.com.br/index/profissionais/uid-12b9f555-f5c5-11ec-9e74-0a4aa568c625/yuriko_okamura
2025-05-22 01:35:47,255 - P15228 - INFO - HTML salvo para debug: data\debug_html_v10\460e8da0dd2f964430e97e3cd3fdec92.html
2025-05-22 01:35:47,267 - P15228 - INFO - Candidates address: 0 items
2025-05-22 01:35:47,269 - P15228 - INFO - Candidates phone: 0 items
2025-05-22 01:35:47,270 - P15228 - INFO - Candidates email: 0 items
2025-05-22 01:35:47,271 - P15228 - INFO - Candidates complement: 0 items
2025-05-22 01:35:47,271 - P15228 - INFO - Candidates cep: 0 items
2025-05-22 01:35:47,272 - P15228 - INFO - Após processar URL 11 Uso de memória: 86.49 MB
2025-05-22 01:35:47,272 - P15228 - INFO - Processando URL 12/13: https://www.boaconsulta.com/especialista/yuriko-okamura-6106d19ba2e00a653a000390
2025-05-22 01:35:50,512 - P15228 - INFO - HTML salvo para debug: data\debug_html_v10\b24150dbb21348567ce8cd8a520bdc1e.html
2025-05-22 01:35:50,549 - P15228 - INFO - Candidates address: 2 items
2025-05-22 01:35:50,550 - P15228 - INFO - Candidates phone: 0 items
2025-05-22 01:35:50,550 - P15228 - INFO - Candidates email: 0 items
2025-05-22 01:35:50,550 - P15228 - INFO - Candidates complement: 0 items
2025-05-22 01:35:50,550 - P15228 - INFO - Candidates cep: 0 items
2025-05-22 01:35:50,550 - P15228 - INFO - Após processar URL 12 Uso de memória: 88.05 MB
2025-05-22 01:35:50,551 - P15228 - INFO - Processando URL 13/13: https://guiasaudebrasil.com.br/profissional/48283e0da54d35c7-yuriko-okamura
2025-05-22 01:35:55,942 - P15228 - INFO - HTML salvo para debug: data\debug_html_v10\4d0bb1deb877d7a6d3c0313d6087cd9d.html
2025-05-22 01:35:55,952 - P15228 - INFO - Candidates address: 0 items
2025-05-22 01:35:55,952 - P15228 - INFO - Candidates phone: 0 items
2025-05-22 01:35:55,952 - P15228 - INFO - Candidates email: 0 items
2025-05-22 01:35:55,952 - P15228 - INFO - Candidates complement: 0 items
2025-05-22 01:35:55,953 - P15228 - INFO - Candidates cep: 1 items
2025-05-22 01:35:55,953 - P15228 - INFO - Após processar URL 13 Uso de memória: 88.46 MB
2025-05-22 01:35:55,953 - P15228 - INFO - Iniciando agregação e ranqueamento
2025-05-22 01:35:55,953 - P15228 - INFO - Ranked address: 8 items
2025-05-22 01:35:55,953 - P15228 - INFO - Ranked phone: 10 items
2025-05-22 01:35:55,953 - P15228 - INFO - Ranked email: 6 items
2025-05-22 01:35:55,953 - P15228 - INFO - Ranked complement: 2 items
2025-05-22 01:35:55,954 - P15228 - INFO - Ranked cep: 38 items
2025-05-22 01:35:55,954 - P15228 - INFO - Após agregação Uso de memória: 88.46 MB
2025-05-22 01:35:55,954 - P15228 - INFO - Validando endereço: ['Rua Frei Caneca, 1282', 'Rua Riachuelo, 115', 'Rua dos Eucaliptos, 16']
2025-05-22 01:35:55,954 - P15228 - INFO - Endereço validado: Rua Frei Caneca, 1282
2025-05-22 01:35:55,954 - P15228 - INFO - Limpando texto extenso para campo address: Rua Frei Caneca, 1282...
2025-05-22 01:35:55,954 - P15228 - INFO - Texto limpo: Rua Frei Caneca, 1282
2025-05-22 01:35:55,955 - P15228 - INFO - Validando telefone: ['(11) 4349-9900', '(11) 3775-4121', '(11) 3119-9442']
2025-05-22 01:35:55,955 - P15228 - INFO - Limpando texto extenso para campo phone: (11) 4349-9900...
2025-05-22 01:35:55,955 - P15228 - INFO - Texto limpo: 11) 4349-9900
2025-05-22 01:35:55,955 - P15228 - INFO - Telefone validado: 11) 4349-9900
2025-05-22 01:35:55,955 - P15228 - INFO - Validando email: ['revistajustitia@mpsp.mp.br', 'esmp-secretaria@mpsp.mp.br', 'esmp-escola_virtual@mpsp.mp.br']
2025-05-22 01:35:55,955 - P15228 - INFO - Limpando texto extenso para campo email: revistajustitia@mpsp.mp.br...
2025-05-22 01:35:55,955 - P15228 - INFO - Texto limpo: revistajustitia@mpsp.mp.br
2025-05-22 01:35:55,956 - P15228 - INFO - Email validado: revistajustitia@mpsp.mp.br
2025-05-22 01:35:55,956 - P15228 - INFO - Validando complemento: ['Sala  209                 Anexo T1  Clique para copiar', 'Sala  209                 Anexo T1  Vila Mogilar  Mogi']
2025-05-22 01:35:55,956 - P15228 - INFO - Limpando texto extenso para campo complement: Sala  209                 Anexo T1  Clique para co...
2025-05-22 01:35:55,956 - P15228 - INFO - Texto limpo: Sala 209 Anex
2025-05-22 01:35:55,956 - P15228 - INFO - Complemento validado: Sala 209 Anex
2025-05-22 01:35:55,956 - P15228 - INFO - Descobrindo cidade
2025-05-22 01:35:55,956 - P15228 - INFO - Buscando cidade: Rua Frei Caneca cidade SP
2025-05-22 01:35:58,573 - P15228 - WARNING - Cidade não encontrada
2025-05-22 01:35:58,574 - P15228 - INFO - Cidade descoberta: 
2025-05-22 01:35:58,574 - P15228 - INFO - Tempo de execução de processamento completo do médico: 61.71 segundos
2025-05-22 01:35:58,574 - P15228 - INFO - Resultado processado: {'Hash': 'ad27724aa19d581513f426487b19f0f22df77177f21e8dbb9168b1d0ed7a00a5', 'CRM': '56412', 'UF': 'SP', 'Firstname': 'YURIKO', 'LastName': 'OKAMURA', 'Medical specialty': '', 'Endereco Completo A1': 'Rua Frei Caneca, 1282', 'Address A1': 'Rua Frei Caneca', 'Numero A1': '1282', 'Complement A1': 'Sala 209 Anex', 'Bairro A1': '', 'postal code A1': '', 'City A1': '', 'State A1': '', 'Phone A1': '11) 4349-9900', 'Phone A2': '', 'Cell phone A1': '', 'Cell phone A2': '', 'E-mail A1': 'revistajustitia@mpsp.mp.br', 'E-mail A2': '', 'OPT-IN': '', 'STATUS': '', 'LOTE': ''}
2025-05-22 01:35:58,575 - P15228 - INFO - Progresso: 6.0%
2025-05-22 01:35:58,575 - P15228 - INFO - Tempo de execução de processamento do médico 2: 61.72 segundos
2025-05-22 01:35:58,575 - P15228 - INFO - 
==================================================
Processando médico 3/3
2025-05-22 01:35:58,576 - P15228 - INFO - Nome: CARLOS ALBERTO FERREIRA
2025-05-22 01:35:58,576 - P15228 - INFO - Início do processamento Uso de memória: 85.54 MB
2025-05-22 01:35:58,576 - P15228 - INFO - Iniciando busca para: CARLOS ALBERTO FERREIRA CRM 74577 SP telefone e-mail endereço
2025-05-22 01:35:59,050 - P15228 - INFO - SearX results: 9 URLs
2025-05-22 01:35:59,050 - P15228 - INFO - Após SearX Uso de memória: 85.56 MB
2025-05-22 01:36:01,677 - P15228 - INFO - Google results: 11 URLs
2025-05-22 01:36:01,678 - P15228 - INFO - Após Google Uso de memória: 88.68 MB
2025-05-22 01:36:04,344 - P15228 - INFO - Bing results: 11 URLs
2025-05-22 01:36:04,344 - P15228 - INFO - Após Bing Uso de memória: 91.10 MB
2025-05-22 01:36:04,345 - P15228 - INFO - Total de URLs únicas: 27
2025-05-22 01:36:04,345 - P15228 - INFO - Processando URL 1/27: http://acervo.arquivopublico.sc.gov.br/uploads/r/arquivo-publico-do-estado-de-santa-catarina-apesc/5/6/a/56ad2d085977c7c5042893f1df0bbfffee50a67378b0f0541d764e115aa9e235/c8625c5d-80c3-4d48-8578-8b46b66cf2d9-15936-DOE_18303_18_02_2008_40F_JUCESC_18303_16F.pdf
2025-05-22 01:36:04,345 - P15228 - INFO - Ignorando URL de arquivo não-HTML: http://acervo.arquivopublico.sc.gov.br/uploads/r/arquivo-publico-do-estado-de-santa-catarina-apesc/5/6/a/56ad2d085977c7c5042893f1df0bbfffee50a67378b0f0541d764e115aa9e235/c8625c5d-80c3-4d48-8578-8b46b66cf2d9-15936-DOE_18303_18_02_2008_40F_JUCESC_18303_16F.pdf
2025-05-22 01:36:04,346 - P15228 - INFO - Após processar URL 1 Uso de memória: 91.10 MB
2025-05-22 01:36:04,346 - P15228 - INFO - Processando URL 2/27: https://www.doctoralia.com.br/carlos-alberto-ferreira-guidi/otorrino/indaiatuba
2025-05-22 01:36:04,346 - P15228 - INFO - Ignorando URL de arquivo não-HTML: https://www.doctoralia.com.br/carlos-alberto-ferreira-guidi/otorrino/indaiatuba
2025-05-22 01:36:04,346 - P15228 - INFO - Após processar URL 2 Uso de memória: 91.10 MB
2025-05-22 01:36:04,346 - P15228 - INFO - Processando URL 3/27: https://www.boaconsulta.com/especialista/carlos-alberto-ferreira-6105778140ebb50278000ccf
2025-05-22 01:36:07,177 - P15228 - INFO - HTML salvo para debug: data\debug_html_v10\b67aacb6c284166620f6b853515108bd.html
2025-05-22 01:36:07,260 - P15228 - INFO - Candidates address: 11 items
2025-05-22 01:36:07,260 - P15228 - INFO - Candidates phone: 0 items
2025-05-22 01:36:07,260 - P15228 - INFO - Candidates email: 0 items
2025-05-22 01:36:07,260 - P15228 - INFO - Candidates complement: 3 items
2025-05-22 01:36:07,261 - P15228 - INFO - Candidates cep: 0 items
2025-05-22 01:36:07,261 - P15228 - INFO - Após processar URL 3 Uso de memória: 88.14 MB
2025-05-22 01:36:07,261 - P15228 - INFO - Processando URL 4/27: https://www.econodata.com.br/consulta-empresa/45499940000105-CARLOS-ALBERTO-FERREIRA-LTDA
2025-05-22 01:36:11,240 - P15228 - INFO - HTML salvo para debug: data\debug_html_v10\38c3c3f077f76578b2f8c5791d7a80b3.html
2025-05-22 01:36:11,310 - P15228 - INFO - Candidates address: 6 items
2025-05-22 01:36:11,311 - P15228 - INFO - Candidates phone: 0 items
2025-05-22 01:36:11,311 - P15228 - INFO - Candidates email: 0 items
2025-05-22 01:36:11,311 - P15228 - INFO - Candidates complement: 0 items
2025-05-22 01:36:11,312 - P15228 - INFO - Candidates cep: 0 items
2025-05-22 01:36:11,312 - P15228 - INFO - Após processar URL 4 Uso de memória: 90.92 MB
2025-05-22 01:36:11,313 - P15228 - INFO - Processando URL 5/27: https://sistemas.trf1.jus.br/edj/bitstream/handle/123/210190/Caderno_JUD_DF_2017-03-17_IX_48.pdf?sequence=2&isAllowed=y
2025-05-22 01:36:11,313 - P15228 - INFO - Ignorando URL de arquivo não-HTML: https://sistemas.trf1.jus.br/edj/bitstream/handle/123/210190/Caderno_JUD_DF_2017-03-17_IX_48.pdf?sequence=2&isAllowed=y
2025-05-22 01:36:11,314 - P15228 - INFO - Após processar URL 5 Uso de memória: 90.92 MB
2025-05-22 01:36:11,314 - P15228 - INFO - Processando URL 6/27: https://repositorio.dados.gov.br/seges/comprasnet_contratos/diario/2023/08/29/comprasnet-contratos-diario-contratos-2023-08-29.csv
2025-05-22 01:36:11,316 - P15228 - INFO - Ignorando URL de arquivo não-HTML: https://repositorio.dados.gov.br/seges/comprasnet_contratos/diario/2023/08/29/comprasnet-contratos-diario-contratos-2023-08-29.csv
2025-05-22 01:36:11,321 - P15228 - INFO - Após processar URL 6 Uso de memória: 90.92 MB
2025-05-22 01:36:11,326 - P15228 - INFO - Processando URL 7/27: https://melhores.com/cardiologista/jacarei-sp/carlos-alberto-ferreira
2025-05-22 01:36:13,592 - P15228 - INFO - HTML salvo para debug: data\debug_html_v10\fdb487cf139607235a6dad6213beabce.html
2025-05-22 01:36:13,595 - P15228 - INFO - Candidates address: 0 items
2025-05-22 01:36:13,595 - P15228 - INFO - Candidates phone: 0 items
2025-05-22 01:36:13,596 - P15228 - INFO - Candidates email: 0 items
2025-05-22 01:36:13,596 - P15228 - INFO - Candidates complement: 0 items
2025-05-22 01:36:13,596 - P15228 - INFO - Candidates cep: 0 items
2025-05-22 01:36:13,596 - P15228 - INFO - Após processar URL 7 Uso de memória: 90.98 MB
2025-05-22 01:36:13,596 - P15228 - INFO - Processando URL 8/27: https://www.doctoralia.com.br/carlos-alberto-ferreira/oftalmologista/linhares
2025-05-22 01:36:13,597 - P15228 - INFO - Ignorando URL de arquivo não-HTML: https://www.doctoralia.com.br/carlos-alberto-ferreira/oftalmologista/linhares
2025-05-22 01:36:13,597 - P15228 - INFO - Após processar URL 8 Uso de memória: 90.98 MB
2025-05-22 01:36:13,597 - P15228 - INFO - Processando URL 9/27: https://www.consultasocio.com/q/sa/carlos-alberto-ferreira
2025-05-22 01:36:25,042 - P15228 - INFO - HTML salvo para debug: data\debug_html_v10\8ef72712d9bf66d8461043714b322269.html
2025-05-22 01:36:25,059 - P15228 - INFO - Candidates address: 10 items
2025-05-22 01:36:25,060 - P15228 - INFO - Candidates phone: 0 items
2025-05-22 01:36:25,061 - P15228 - INFO - Candidates email: 2 items
2025-05-22 01:36:25,061 - P15228 - INFO - Candidates complement: 4 items
2025-05-22 01:36:25,062 - P15228 - INFO - Candidates cep: 17 items
2025-05-22 01:36:25,063 - P15228 - INFO - Após processar URL 9 Uso de memória: 91.04 MB
2025-05-22 01:36:25,064 - P15228 - INFO - Processando URL 10/27: https://www.bingplaces.com/DashBoard/Edit?Id=YN7993x12924176473864662469&market=pt-BR&src=SERPGB
2025-05-22 01:36:29,066 - P15228 - INFO - HTML salvo para debug: data\debug_html_v10\31be9a970894752baf09493396c59cd1.html
2025-05-22 01:36:29,151 - P15228 - INFO - Candidates address: 1 items
2025-05-22 01:36:29,151 - P15228 - INFO - Candidates phone: 1 items
2025-05-22 01:36:29,151 - P15228 - INFO - Candidates email: 0 items
2025-05-22 01:36:29,151 - P15228 - INFO - Candidates complement: 0 items
2025-05-22 01:36:29,152 - P15228 - INFO - Candidates cep: 1 items
2025-05-22 01:36:29,152 - P15228 - INFO - Após processar URL 10 Uso de memória: 87.51 MB
2025-05-22 01:36:29,152 - P15228 - INFO - Processando URL 11/27: https://deoab.oab.org.br/assets/diarios/diario-eletronico-oab-18-12-2024.pdf
2025-05-22 01:36:29,152 - P15228 - INFO - Ignorando URL de arquivo não-HTML: https://deoab.oab.org.br/assets/diarios/diario-eletronico-oab-18-12-2024.pdf
2025-05-22 01:36:29,152 - P15228 - INFO - Após processar URL 11 Uso de memória: 87.51 MB
2025-05-22 01:36:29,152 - P15228 - INFO - Processando URL 12/27: https://cliniguia.com/profissionais/carlos-alberto-ferreira-210163598390008/
2025-05-22 01:36:34,405 - P15228 - INFO - HTML salvo para debug: data\debug_html_v10\e147b7dd35b924f5b6a1fd3548d17720.html
2025-05-22 01:36:34,448 - P15228 - INFO - Candidates address: 0 items
2025-05-22 01:36:34,449 - P15228 - INFO - Candidates phone: 0 items
2025-05-22 01:36:34,449 - P15228 - INFO - Candidates email: 0 items
2025-05-22 01:36:34,449 - P15228 - INFO - Candidates complement: 0 items
2025-05-22 01:36:34,449 - P15228 - INFO - Candidates cep: 0 items
2025-05-22 01:36:34,449 - P15228 - INFO - Após processar URL 12 Uso de memória: 90.38 MB
2025-05-22 01:36:34,449 - P15228 - INFO - Processando URL 13/27: https://guiamania.com.br/sp/empresa/dr-carlos-alberto-ferreira-sao-paulo-sp/
2025-05-22 01:36:40,865 - P15228 - INFO - HTML salvo para debug: data\debug_html_v10\932c243588f25fe9dc21c2e4f228c920.html
2025-05-22 01:36:40,889 - P15228 - INFO - Candidates address: 1 items
2025-05-22 01:36:40,890 - P15228 - INFO - Candidates phone: 1 items
2025-05-22 01:36:40,890 - P15228 - INFO - Candidates email: 0 items
2025-05-22 01:36:40,890 - P15228 - INFO - Candidates complement: 0 items
2025-05-22 01:36:40,890 - P15228 - INFO - Candidates cep: 1 items
2025-05-22 01:36:40,890 - P15228 - INFO - Após processar URL 13 Uso de memória: 92.77 MB
2025-05-22 01:36:40,890 - P15228 - INFO - Processando URL 14/27: https://diariooficial.guarulhos.sp.gov.br/uploads/pdf/1976533766.pdf
2025-05-22 01:36:40,891 - P15228 - INFO - Ignorando URL de arquivo não-HTML: https://diariooficial.guarulhos.sp.gov.br/uploads/pdf/1976533766.pdf
2025-05-22 01:36:40,891 - P15228 - INFO - Após processar URL 14 Uso de memória: 91.80 MB
2025-05-22 01:36:40,891 - P15228 - INFO - Processando URL 15/27: https://www.doctoralia.com.br/carlos-alberto-ferreira-2/gastroenterologista/santo-andre
2025-05-22 01:36:40,891 - P15228 - INFO - Ignorando URL de arquivo não-HTML: https://www.doctoralia.com.br/carlos-alberto-ferreira-2/gastroenterologista/santo-andre
2025-05-22 01:36:40,891 - P15228 - INFO - Após processar URL 15 Uso de memória: 91.80 MB
2025-05-22 01:36:40,891 - P15228 - INFO - Processando URL 16/27: https://sistemadje.tjmt.jus.br/publicacoes/7794-2008.pdf
2025-05-22 01:36:40,892 - P15228 - INFO - Ignorando URL de arquivo não-HTML: https://sistemadje.tjmt.jus.br/publicacoes/7794-2008.pdf
2025-05-22 01:36:40,892 - P15228 - INFO - Após processar URL 16 Uso de memória: 91.80 MB
2025-05-22 01:36:40,892 - P15228 - INFO - Processando URL 17/27: https://www.ioepa.com.br/pages/2021/2021.10.21.DOE.pdf
2025-05-22 01:36:40,892 - P15228 - INFO - Ignorando URL de arquivo não-HTML: https://www.ioepa.com.br/pages/2021/2021.10.21.DOE.pdf
2025-05-22 01:36:40,892 - P15228 - INFO - Após processar URL 17 Uso de memória: 91.80 MB
2025-05-22 01:36:40,892 - P15228 - INFO - Processando URL 18/27: https://cnpj.biz/47670599000134
2025-05-22 01:36:45,361 - P15228 - INFO - HTML salvo para debug: data\debug_html_v10\58be6ed302aa60952f3a5e3f63d40122.html
2025-05-22 01:36:45,377 - P15228 - INFO - Candidates address: 2 items
2025-05-22 01:36:45,378 - P15228 - INFO - Candidates phone: 1 items
2025-05-22 01:36:45,378 - P15228 - INFO - Candidates email: 1 items
2025-05-22 01:36:45,378 - P15228 - INFO - Candidates complement: 0 items
2025-05-22 01:36:45,378 - P15228 - INFO - Candidates cep: 2 items
2025-05-22 01:36:45,378 - P15228 - INFO - Após processar URL 18 Uso de memória: 91.87 MB
2025-05-22 01:36:45,379 - P15228 - INFO - Processando URL 19/27: https://clp.org.br/membros/carlos-alberto-ferreira-mota/
2025-05-22 01:36:47,779 - P15228 - INFO - HTML salvo para debug: data\debug_html_v10\2fbb331e423ea2f001ea63639a5a119e.html
2025-05-22 01:36:47,798 - P15228 - INFO - Candidates address: 0 items
2025-05-22 01:36:47,799 - P15228 - INFO - Candidates phone: 0 items
2025-05-22 01:36:47,799 - P15228 - INFO - Candidates email: 0 items
2025-05-22 01:36:47,800 - P15228 - INFO - Candidates complement: 1 items
2025-05-22 01:36:47,800 - P15228 - INFO - Candidates cep: 0 items
2025-05-22 01:36:47,800 - P15228 - INFO - Após processar URL 19 Uso de memória: 91.88 MB
2025-05-22 01:36:47,801 - P15228 - INFO - Processando URL 20/27: https://www.doctoralia.com.br/carlos-alberto-ferreira-6/cirurgiao-do-aparelho-digestivo-gastroenterologista/sao-bernardo-do-campo
2025-05-22 01:36:47,801 - P15228 - INFO - Ignorando URL de arquivo não-HTML: https://www.doctoralia.com.br/carlos-alberto-ferreira-6/cirurgiao-do-aparelho-digestivo-gastroenterologista/sao-bernardo-do-campo
2025-05-22 01:36:47,801 - P15228 - INFO - Após processar URL 20 Uso de memória: 91.88 MB
2025-05-22 01:36:47,801 - P15228 - INFO - Processando URL 21/27: https://cliniguia.com/unidades/sao-paulo-sp/cons-medico-carlos-alberto-ferreira-3651754/
2025-05-22 01:36:52,814 - P15228 - INFO - HTML salvo para debug: data\debug_html_v10\5f21264f551c267d916a97a4a3486713.html
2025-05-22 01:36:52,859 - P15228 - INFO - Candidates address: 0 items
2025-05-22 01:36:52,860 - P15228 - INFO - Candidates phone: 0 items
2025-05-22 01:36:52,860 - P15228 - INFO - Candidates email: 0 items
2025-05-22 01:36:52,860 - P15228 - INFO - Candidates complement: 0 items
2025-05-22 01:36:52,860 - P15228 - INFO - Candidates cep: 2 items
2025-05-22 01:36:52,860 - P15228 - INFO - Após processar URL 21 Uso de memória: 89.65 MB
2025-05-22 01:36:52,860 - P15228 - INFO - Processando URL 22/27: https://diariooficial.guarulhos.sp.gov.br/uploads/pdf/580572454.pdf
2025-05-22 01:36:52,861 - P15228 - INFO - Ignorando URL de arquivo não-HTML: https://diariooficial.guarulhos.sp.gov.br/uploads/pdf/580572454.pdf
2025-05-22 01:36:52,861 - P15228 - INFO - Após processar URL 22 Uso de memória: 87.20 MB
2025-05-22 01:36:52,861 - P15228 - INFO - Processando URL 23/27: https://www.centromedicocotia.com.br/perfil/dr-carlos-alberto-ferreira/100/
2025-05-22 01:36:55,931 - P15228 - INFO - HTML salvo para debug: data\debug_html_v10\14c06ecf64bd422bbe8bc496d6e0e065.html
2025-05-22 01:36:55,957 - P15228 - INFO - Candidates address: 1 items
2025-05-22 01:36:55,958 - P15228 - INFO - Candidates phone: 2 items
2025-05-22 01:36:55,958 - P15228 - INFO - Candidates email: 1 items
2025-05-22 01:36:55,958 - P15228 - INFO - Candidates complement: 0 items
2025-05-22 01:36:55,958 - P15228 - INFO - Candidates cep: 1 items
2025-05-22 01:36:55,958 - P15228 - INFO - Após processar URL 23 Uso de memória: 87.68 MB
2025-05-22 01:36:55,958 - P15228 - INFO - Processando URL 24/27: https://alisaude.com.br/unidade/sao-paulo/sao-paulo/cons-medico-carlos-alberto-ferreira
2025-05-22 01:36:59,487 - P15228 - INFO - HTML salvo para debug: data\debug_html_v10\f2b5927bde0419344e6e88599bf189e2.html
2025-05-22 01:36:59,503 - P15228 - INFO - Candidates address: 0 items
2025-05-22 01:36:59,504 - P15228 - INFO - Candidates phone: 1 items
2025-05-22 01:36:59,504 - P15228 - INFO - Candidates email: 0 items
2025-05-22 01:36:59,504 - P15228 - INFO - Candidates complement: 0 items
2025-05-22 01:36:59,504 - P15228 - INFO - Candidates cep: 1 items
2025-05-22 01:36:59,504 - P15228 - INFO - Após processar URL 24 Uso de memória: 88.14 MB
2025-05-22 01:36:59,505 - P15228 - INFO - Processando URL 25/27: https://www.classemedica.com.br/medico/49275-carlos-alberto-ferreira.htm
2025-05-22 01:37:05,775 - P15228 - INFO - HTML salvo para debug: data\debug_html_v10\e4b437625f86f9a2d256b33a4da24488.html
2025-05-22 01:37:05,804 - P15228 - INFO - Candidates address: 0 items
2025-05-22 01:37:05,804 - P15228 - INFO - Candidates phone: 0 items
2025-05-22 01:37:05,805 - P15228 - INFO - Candidates email: 0 items
2025-05-22 01:37:05,805 - P15228 - INFO - Candidates complement: 0 items
2025-05-22 01:37:05,805 - P15228 - INFO - Candidates cep: 0 items
2025-05-22 01:37:05,805 - P15228 - INFO - Após processar URL 25 Uso de memória: 91.21 MB
2025-05-22 01:37:05,806 - P15228 - INFO - Processando URL 26/27: https://jordancury.com.br/areas/carlos-alberto-ferreira/
2025-05-22 01:37:09,608 - P15228 - INFO - HTML salvo para debug: data\debug_html_v10\3f8ed8f7f5fdfca92bcef9e1663e4389.html
2025-05-22 01:37:09,620 - P15228 - INFO - Candidates address: 0 items
2025-05-22 01:37:09,620 - P15228 - INFO - Candidates phone: 0 items
2025-05-22 01:37:09,620 - P15228 - INFO - Candidates email: 0 items
2025-05-22 01:37:09,620 - P15228 - INFO - Candidates complement: 0 items
2025-05-22 01:37:09,620 - P15228 - INFO - Candidates cep: 0 items
2025-05-22 01:37:09,620 - P15228 - INFO - Após processar URL 26 Uso de memória: 91.41 MB
2025-05-22 01:37:09,621 - P15228 - INFO - Processando URL 27/27: https://cradf.org.br/presidente-carlos-alberto-ferreira-junior-e-diretor-rodrigo-vidal-da-costa-tomaram-posse-no-conselho-de-transparencia-e-controle-social-do-distrito-federal/
2025-05-22 01:37:12,951 - P15228 - INFO - HTML salvo para debug: data\debug_html_v10\10b2f898816dbd400d85665d12c53685.html
2025-05-22 01:37:13,014 - P15228 - INFO - Candidates address: 0 items
2025-05-22 01:37:13,014 - P15228 - INFO - Candidates phone: 1 items
2025-05-22 01:37:13,014 - P15228 - INFO - Candidates email: 0 items
2025-05-22 01:37:13,014 - P15228 - INFO - Candidates complement: 1 items
2025-05-22 01:37:13,014 - P15228 - INFO - Candidates cep: 1 items
2025-05-22 01:37:13,015 - P15228 - INFO - Após processar URL 27 Uso de memória: 87.57 MB
2025-05-22 01:37:13,015 - P15228 - INFO - Iniciando agregação e ranqueamento
2025-05-22 01:37:13,015 - P15228 - INFO - Ranked address: 32 items
2025-05-22 01:37:13,015 - P15228 - INFO - Ranked phone: 7 items
2025-05-22 01:37:13,015 - P15228 - INFO - Ranked email: 4 items
2025-05-22 01:37:13,015 - P15228 - INFO - Ranked complement: 9 items
2025-05-22 01:37:13,015 - P15228 - INFO - Ranked cep: 24 items
2025-05-22 01:37:13,016 - P15228 - INFO - Após agregação Uso de memória: 87.57 MB
2025-05-22 01:37:13,016 - P15228 - INFO - Validando endereço: ['Rua Atlântica, 400', 'Rua Bela Vista, 175', 'Rua José Versolato, 111']
2025-05-22 01:37:13,016 - P15228 - INFO - Endereço validado: Rua Atlântica, 400
2025-05-22 01:37:13,016 - P15228 - INFO - Limpando texto extenso para campo address: Rua Atlântica, 400...
2025-05-22 01:37:13,016 - P15228 - INFO - Texto limpo: Rua Atlântica, 400
2025-05-22 01:37:13,016 - P15228 - INFO - Validando telefone: ['(12)3953-1874', '+55%2012%203953-1874', '(11) 4757-3333']
2025-05-22 01:37:13,017 - P15228 - INFO - Limpando texto extenso para campo phone: (12)3953-1874...
2025-05-22 01:37:13,017 - P15228 - INFO - Texto limpo: 12)3953-1874
2025-05-22 01:37:13,017 - P15228 - INFO - Telefone validado: 12)3953-1874
2025-05-22 01:37:13,017 - P15228 - INFO - Validando email: ['EMACIEL@PROJEKTASTANDS.COM.BR', 'leilamegg@pjkt.com.br', 'carlos_ferreira1973@hotmail.com']
2025-05-22 01:37:13,017 - P15228 - INFO - Limpando texto extenso para campo email: EMACIEL@PROJEKTASTANDS.COM.BR...
2025-05-22 01:37:13,017 - P15228 - INFO - Texto limpo: emaciel@projektastands.com.br
2025-05-22 01:37:13,017 - P15228 - INFO - Email validado: emaciel@projektastands.com.br
2025-05-22 01:37:13,018 - P15228 - INFO - Validando complemento: ['Sala 4', 'Sala 1011', 'Bloco A Centro']
2025-05-22 01:37:13,018 - P15228 - INFO - Limpando texto extenso para campo complement: Sala 4...
2025-05-22 01:37:13,018 - P15228 - INFO - Texto limpo: Sala 4
2025-05-22 01:37:13,018 - P15228 - INFO - Complemento validado: Sala 4
2025-05-22 01:37:13,018 - P15228 - INFO - Descobrindo cidade
2025-05-22 01:37:13,018 - P15228 - INFO - Buscando cidade: Rua Atlântica cidade SP
2025-05-22 01:37:15,686 - P15228 - WARNING - Cidade não encontrada
2025-05-22 01:37:15,686 - P15228 - INFO - Cidade descoberta: 
2025-05-22 01:37:15,686 - P15228 - INFO - Tempo de execução de processamento completo do médico: 77.11 segundos
2025-05-22 01:37:15,687 - P15228 - INFO - Resultado processado: {'Hash': 'a725cf42661db828f9eda18737a90e745dbcf286f448895c7313faae00289929', 'CRM': '74577', 'UF': 'SP', 'Firstname': 'CARLOS', 'LastName': 'ALBERTO FERREIRA', 'Medical specialty': '', 'Endereco Completo A1': 'Rua Atlântica, 400', 'Address A1': 'Rua Atlântica', 'Numero A1': '400', 'Complement A1': 'Sala 4', 'Bairro A1': '', 'postal code A1': '', 'City A1': '', 'State A1': '', 'Phone A1': '12)3953-1874', 'Phone A2': '', 'Cell phone A1': '', 'Cell phone A2': '', 'E-mail A1': 'emaciel@projektastands.com.br', 'E-mail A2': '', 'OPT-IN': '', 'STATUS': '', 'LOTE': ''}
2025-05-22 01:37:15,687 - P15228 - INFO - Salvando lote de resultados
2025-05-22 01:37:15,688 - P15228 - INFO - Após salvar resultados Uso de memória: 88.40 MB
2025-05-22 01:37:15,688 - P15228 - INFO - Progresso: 6.4%
2025-05-22 01:37:15,688 - P15228 - INFO - Tempo de execução de processamento do médico 3: 77.11 segundos
2025-05-22 01:37:15,688 - P15228 - INFO - Tempo de execução de processamento do lote completo: 225.69 segundos
