2025-05-22 03:18:26,950 - P14756 - INFO - 
==================================================
Processando médico 1/3
2025-05-22 03:18:26,950 - P14756 - INFO - Nome: GUILHERME MARTINS
2025-05-22 03:18:26,950 - P14756 - INFO - Reiniciando driver do Chrome
2025-05-22 03:18:28,261 - P14756 - INFO - Após reiniciar driver Uso de memória: 109.93 MB
2025-05-22 03:18:28,261 - P14756 - INFO - Início do processamento Uso de memória: 109.93 MB
2025-05-22 03:18:28,261 - P14756 - INFO - Iniciando busca para: GUILHERME MARTINS CRM 182364 SP telefone e-mail endereço
2025-05-22 03:18:29,066 - P14756 - INFO - SearX results: 13 URLs
2025-05-22 03:18:29,066 - P14756 - INFO - Após SearX Uso de memória: 109.93 MB
2025-05-22 03:18:31,715 - P14756 - INFO - Google results: 6 URLs
2025-05-22 03:18:31,715 - P14756 - INFO - Após Google Uso de memória: 110.90 MB
2025-05-22 03:18:34,950 - P14756 - INFO - Bing results: 12 URLs
2025-05-22 03:18:34,951 - P14756 - INFO - Após Bing Uso de memória: 112.00 MB
2025-05-22 03:18:34,951 - P14756 - INFO - Total de URLs únicas: 22
2025-05-22 03:18:34,951 - P14756 - INFO - Processando URL 1/22: https://www.bingplaces.com/DashBoard/Edit?Id=YN7993x838555992&market=pt-BR&src=SERPIC
2025-05-22 03:18:39,299 - P14756 - INFO - HTML salvo para debug: data\debug_html_v10\89ecc62bcf10201eb96352fe89b975f9.html
2025-05-22 03:18:39,328 - P14756 - INFO - Candidates address: 1 items
2025-05-22 03:18:39,329 - P14756 - INFO - Candidates phone: 1 items
2025-05-22 03:18:39,329 - P14756 - INFO - Candidates email: 0 items
2025-05-22 03:18:39,329 - P14756 - INFO - Candidates complement: 0 items
2025-05-22 03:18:39,329 - P14756 - INFO - Candidates cep: 1 items
2025-05-22 03:18:39,330 - P14756 - INFO - Após processar URL 1 Uso de memória: 102.32 MB
2025-05-22 03:18:39,330 - P14756 - INFO - Processando URL 2/22: https://www2.bauru.sp.gov.br/arquivos/sist_diariooficial/2024/01/do_20240106_3788.pdf
2025-05-22 03:18:39,330 - P14756 - INFO - Ignorando URL de arquivo não-HTML: https://www2.bauru.sp.gov.br/arquivos/sist_diariooficial/2024/01/do_20240106_3788.pdf
2025-05-22 03:18:39,330 - P14756 - INFO - Após processar URL 2 Uso de memória: 101.52 MB
2025-05-22 03:18:39,330 - P14756 - INFO - Processando URL 3/22: https://guiamedico.cremesp.org.br/
2025-05-22 03:18:45,535 - P14756 - INFO - HTML salvo para debug: data\debug_html_v10\7c54969580769b63edd9abaa952e1fa2.html
2025-05-22 03:18:45,543 - P14756 - INFO - Candidates address: 1 items
2025-05-22 03:18:45,544 - P14756 - INFO - Candidates phone: 1 items
2025-05-22 03:18:45,545 - P14756 - INFO - Candidates email: 0 items
2025-05-22 03:18:45,546 - P14756 - INFO - Candidates complement: 0 items
2025-05-22 03:18:45,547 - P14756 - INFO - Candidates cep: 1 items
2025-05-22 03:18:45,547 - P14756 - INFO - Após processar URL 3 Uso de memória: 102.16 MB
2025-05-22 03:18:45,548 - P14756 - INFO - Processando URL 4/22: https://www.boaconsulta.com/especialista/guilherme-martins-6106c461a2e00a5d360028ef
2025-05-22 03:18:49,010 - P14756 - INFO - HTML salvo para debug: data\debug_html_v10\82572e1172d046917921768bf606841e.html
2025-05-22 03:18:49,078 - P14756 - INFO - Candidates address: 3 items
2025-05-22 03:18:49,079 - P14756 - INFO - Candidates phone: 0 items
2025-05-22 03:18:49,079 - P14756 - INFO - Candidates email: 0 items
2025-05-22 03:18:49,079 - P14756 - INFO - Candidates complement: 0 items
2025-05-22 03:18:49,079 - P14756 - INFO - Candidates cep: 0 items
2025-05-22 03:18:49,079 - P14756 - INFO - Após processar URL 4 Uso de memória: 105.95 MB
2025-05-22 03:18:49,080 - P14756 - INFO - Processando URL 5/22: https://consultacann.com.br/prescritor/consulta-dr-guilherme-martins/
2025-05-22 03:18:58,534 - P14756 - INFO - HTML salvo para debug: data\debug_html_v10\f77f693811613817b81faccac4f49ac5.html
2025-05-22 03:18:58,645 - P14756 - INFO - Candidates address: 0 items
2025-05-22 03:18:58,645 - P14756 - INFO - Candidates phone: 0 items
2025-05-22 03:18:58,645 - P14756 - INFO - Candidates email: 0 items
2025-05-22 03:18:58,646 - P14756 - INFO - Candidates complement: 0 items
2025-05-22 03:18:58,646 - P14756 - INFO - Candidates cep: 1 items
2025-05-22 03:18:58,646 - P14756 - INFO - Após processar URL 5 Uso de memória: 107.04 MB
2025-05-22 03:18:58,647 - P14756 - INFO - Processando URL 6/22: https://www3.tjma.jus.br/diario/diarios/2024/diario_29052024_160918_97.pdf
2025-05-22 03:18:58,647 - P14756 - INFO - Ignorando URL de arquivo não-HTML: https://www3.tjma.jus.br/diario/diarios/2024/diario_29052024_160918_97.pdf
2025-05-22 03:18:58,648 - P14756 - INFO - Após processar URL 6 Uso de memória: 107.04 MB
2025-05-22 03:18:58,648 - P14756 - INFO - Processando URL 7/22: https://sistemadje.tjmt.jus.br/publicacoes/10492-2019%20C7%20Comarcas%20-%201%C2%AA%202%C2%AA%20e%203%C2%AA%20Entr%C3%A2ncia.pdf
2025-05-22 03:18:58,648 - P14756 - INFO - Ignorando URL de arquivo não-HTML: https://sistemadje.tjmt.jus.br/publicacoes/10492-2019%20C7%20Comarcas%20-%201%C2%AA%202%C2%AA%20e%203%C2%AA%20Entr%C3%A2ncia.pdf
2025-05-22 03:18:58,649 - P14756 - INFO - Após processar URL 7 Uso de memória: 107.04 MB
2025-05-22 03:18:58,649 - P14756 - INFO - Processando URL 8/22: https://institutoguilhermemartins.com.br/
2025-05-22 03:19:02,314 - P14756 - INFO - HTML salvo para debug: data\debug_html_v10\845f13b817c93fe0efdc2fc325a95bfb.html
2025-05-22 03:19:02,334 - P14756 - INFO - Candidates address: 1 items
2025-05-22 03:19:02,335 - P14756 - INFO - Candidates phone: 1 items
2025-05-22 03:19:02,335 - P14756 - INFO - Candidates email: 0 items
2025-05-22 03:19:02,336 - P14756 - INFO - Candidates complement: 2 items
2025-05-22 03:19:02,336 - P14756 - INFO - Candidates cep: 1 items
2025-05-22 03:19:02,336 - P14756 - INFO - Após processar URL 8 Uso de memória: 107.09 MB
2025-05-22 03:19:02,337 - P14756 - INFO - Processando URL 9/22: http://www.telelistas.net/locais/sp/diadema/imobiliarias/337218565/guilherme+martins
2025-05-22 03:19:04,634 - P14756 - INFO - HTML salvo para debug: data\debug_html_v10\523031d3d56c4ff4d95028ed94ea5882.html
2025-05-22 03:19:04,636 - P14756 - INFO - Candidates address: 0 items
2025-05-22 03:19:04,636 - P14756 - INFO - Candidates phone: 0 items
2025-05-22 03:19:04,636 - P14756 - INFO - Candidates email: 0 items
2025-05-22 03:19:04,636 - P14756 - INFO - Candidates complement: 0 items
2025-05-22 03:19:04,637 - P14756 - INFO - Candidates cep: 0 items
2025-05-22 03:19:04,637 - P14756 - INFO - Após processar URL 9 Uso de memória: 107.09 MB
2025-05-22 03:19:04,637 - P14756 - INFO - Processando URL 10/22: https://osasco.sp.gov.br/site/wp-content/uploads/2014/09/httposasco.sp_.gov_.brcompsec1atosEd1061.pdf
2025-05-22 03:19:04,638 - P14756 - INFO - Ignorando URL de arquivo não-HTML: https://osasco.sp.gov.br/site/wp-content/uploads/2014/09/httposasco.sp_.gov_.brcompsec1atosEd1061.pdf
2025-05-22 03:19:04,639 - P14756 - INFO - Após processar URL 10 Uso de memória: 107.09 MB
2025-05-22 03:19:04,640 - P14756 - INFO - Processando URL 11/22: http://cremesp.org.br/
2025-05-22 03:19:09,505 - P14756 - INFO - HTML salvo para debug: data\debug_html_v10\2a967318246f9658edeb1e0469c871fe.html
2025-05-22 03:19:09,533 - P14756 - INFO - Candidates address: 1 items
2025-05-22 03:19:09,533 - P14756 - INFO - Candidates phone: 1 items
2025-05-22 03:19:09,534 - P14756 - INFO - Candidates email: 0 items
2025-05-22 03:19:09,534 - P14756 - INFO - Candidates complement: 0 items
2025-05-22 03:19:09,534 - P14756 - INFO - Candidates cep: 2 items
2025-05-22 03:19:09,535 - P14756 - INFO - Após processar URL 11 Uso de memória: 107.33 MB
2025-05-22 03:19:09,535 - P14756 - INFO - Processando URL 12/22: https://www.luzmed.med.br/guia/medico/dr-guilherme-martins
2025-05-22 03:19:13,268 - P14756 - INFO - HTML salvo para debug: data\debug_html_v10\268edb0c73d1b6380ba2d940cacfc9a6.html
2025-05-22 03:19:13,276 - P14756 - INFO - Candidates address: 1 items
2025-05-22 03:19:13,277 - P14756 - INFO - Candidates phone: 3 items
2025-05-22 03:19:13,277 - P14756 - INFO - Candidates email: 1 items
2025-05-22 03:19:13,277 - P14756 - INFO - Candidates complement: 0 items
2025-05-22 03:19:13,277 - P14756 - INFO - Candidates cep: 1 items
2025-05-22 03:19:13,277 - P14756 - INFO - Após processar URL 12 Uso de memória: 107.41 MB
2025-05-22 03:19:13,278 - P14756 - INFO - Processando URL 13/22: https://www.apontador.com.br/local/sp/diadema/enderecos_empresariais/TB48237S/guilherme_e_martins_jd_navegantes.html
2025-05-22 03:19:17,442 - P14756 - INFO - HTML salvo para debug: data\debug_html_v10\c7da4e49b1fac8654e6c6f5c6c84a893.html
2025-05-22 03:19:17,487 - P14756 - INFO - Candidates address: 2 items
2025-05-22 03:19:17,523 - P14756 - INFO - Candidates phone: 2 items
2025-05-22 03:19:17,525 - P14756 - INFO - Candidates email: 1 items
2025-05-22 03:19:17,526 - P14756 - INFO - Candidates complement: 1 items
2025-05-22 03:19:17,526 - P14756 - INFO - Candidates cep: 1 items
2025-05-22 03:19:17,526 - P14756 - INFO - Após processar URL 13 Uso de memória: 107.49 MB
2025-05-22 03:19:17,526 - P14756 - INFO - Processando URL 14/22: https://sistemas.tjes.jus.br/ediario/index.php/component/ediario/?view=contents&layout=fulltext&data=20180831&idorgao=766
2025-05-22 03:19:22,652 - P14756 - INFO - HTML salvo para debug: data\debug_html_v10\003e728957717cacd59ac745c295e7ad.html
2025-05-22 03:19:24,074 - P14756 - INFO - Candidates address: 33 items
2025-05-22 03:19:24,075 - P14756 - INFO - Candidates phone: 0 items
2025-05-22 03:19:24,075 - P14756 - INFO - Candidates email: 1 items
2025-05-22 03:19:24,075 - P14756 - INFO - Candidates complement: 2 items
2025-05-22 03:19:24,075 - P14756 - INFO - Candidates cep: 219 items
2025-05-22 03:19:24,075 - P14756 - INFO - Após processar URL 14 Uso de memória: 114.64 MB
2025-05-22 03:19:24,076 - P14756 - INFO - Processando URL 15/22: https://www.catalogo.med.br/doutor/guilherme-martins-2519693.htm
2025-05-22 03:19:26,242 - P14756 - INFO - HTML salvo para debug: data\debug_html_v10\5145b2c09b02a2d3feb047ad513e99cf.html
2025-05-22 03:19:26,243 - P14756 - INFO - Candidates address: 0 items
2025-05-22 03:19:26,243 - P14756 - INFO - Candidates phone: 0 items
2025-05-22 03:19:26,243 - P14756 - INFO - Candidates email: 0 items
2025-05-22 03:19:26,243 - P14756 - INFO - Candidates complement: 0 items
2025-05-22 03:19:26,244 - P14756 - INFO - Candidates cep: 0 items
2025-05-22 03:19:26,244 - P14756 - INFO - Após processar URL 15 Uso de memória: 109.32 MB
2025-05-22 03:19:26,244 - P14756 - INFO - Processando URL 16/22: https://www.cannabisesaude.com.br/prescritor/consulta-dr-guilherme-martins/
2025-05-22 03:19:30,206 - P14756 - INFO - HTML salvo para debug: data\debug_html_v10\9da94f2fe37670b7652e800fa5d64c4f.html
2025-05-22 03:19:30,266 - P14756 - INFO - Candidates address: 0 items
2025-05-22 03:19:30,266 - P14756 - INFO - Candidates phone: 0 items
2025-05-22 03:19:30,266 - P14756 - INFO - Candidates email: 1 items
2025-05-22 03:19:30,266 - P14756 - INFO - Candidates complement: 0 items
2025-05-22 03:19:30,266 - P14756 - INFO - Candidates cep: 0 items
2025-05-22 03:19:30,267 - P14756 - INFO - Após processar URL 16 Uso de memória: 110.38 MB
2025-05-22 03:19:30,267 - P14756 - INFO - Processando URL 17/22: https://www.findhealthclinics.com/BR/Presidente-Prudente/1946314528986549/Dr.-Guilherme-Martins
2025-05-22 03:19:33,265 - P14756 - INFO - HTML salvo para debug: data\debug_html_v10\4c8cf24a59227d323795e6a9a66b1966.html
2025-05-22 03:19:33,286 - P14756 - INFO - Candidates address: 1 items
2025-05-22 03:19:33,290 - P14756 - INFO - Candidates phone: 3 items
2025-05-22 03:19:33,291 - P14756 - INFO - Candidates email: 0 items
2025-05-22 03:19:33,291 - P14756 - INFO - Candidates complement: 0 items
2025-05-22 03:19:33,292 - P14756 - INFO - Candidates cep: 3 items
2025-05-22 03:19:33,292 - P14756 - INFO - Após processar URL 17 Uso de memória: 109.33 MB
2025-05-22 03:19:33,292 - P14756 - INFO - Processando URL 18/22: https://ioepa.com.br/pages/2017/2017.05.25.DOE.pdf
2025-05-22 03:19:33,292 - P14756 - INFO - Ignorando URL de arquivo não-HTML: https://ioepa.com.br/pages/2017/2017.05.25.DOE.pdf
2025-05-22 03:19:33,292 - P14756 - INFO - Após processar URL 18 Uso de memória: 109.33 MB
2025-05-22 03:19:33,292 - P14756 - INFO - Processando URL 19/22: https://www.oestesaude.com.br/guia-medico/
2025-05-22 03:19:48,973 - P14756 - INFO - HTML salvo para debug: data\debug_html_v10\77ac537c1df1ceeeb266327bcbba045f.html
2025-05-22 03:19:49,281 - P14756 - INFO - Candidates address: 5 items
2025-05-22 03:19:49,281 - P14756 - INFO - Candidates phone: 1 items
2025-05-22 03:19:49,281 - P14756 - INFO - Candidates email: 0 items
2025-05-22 03:19:49,281 - P14756 - INFO - Candidates complement: 0 items
2025-05-22 03:19:49,281 - P14756 - INFO - Candidates cep: 474 items
2025-05-22 03:19:49,282 - P14756 - INFO - Após processar URL 19 Uso de memória: 110.64 MB
2025-05-22 03:19:49,282 - P14756 - INFO - Processando URL 20/22: https://www.luzmed.med.br/guia/especialidades/clinica-medica
2025-05-22 03:19:52,236 - P14756 - INFO - HTML salvo para debug: data\debug_html_v10\3fc6ef86ec9c474700e9cbbec4989ace.html
2025-05-22 03:19:52,293 - P14756 - INFO - Candidates address: 27 items
2025-05-22 03:19:52,293 - P14756 - INFO - Candidates phone: 0 items
2025-05-22 03:19:52,294 - P14756 - INFO - Candidates email: 0 items
2025-05-22 03:19:52,294 - P14756 - INFO - Candidates complement: 0 items
2025-05-22 03:19:52,294 - P14756 - INFO - Candidates cep: 0 items
2025-05-22 03:19:52,297 - P14756 - INFO - Após processar URL 20 Uso de memória: 109.48 MB
2025-05-22 03:19:52,297 - P14756 - INFO - Processando URL 21/22: https://institutoguilhermemartins.com.br/contato/
2025-05-22 03:19:54,630 - P14756 - INFO - HTML salvo para debug: data\debug_html_v10\042577f42862f0df6655603b4eb3cb63.html
2025-05-22 03:19:54,648 - P14756 - INFO - Candidates address: 1 items
2025-05-22 03:19:54,648 - P14756 - INFO - Candidates phone: 1 items
2025-05-22 03:19:54,649 - P14756 - INFO - Candidates email: 1 items
2025-05-22 03:19:54,649 - P14756 - INFO - Candidates complement: 2 items
2025-05-22 03:19:54,649 - P14756 - INFO - Candidates cep: 1 items
2025-05-22 03:19:54,649 - P14756 - INFO - Após processar URL 21 Uso de memória: 109.48 MB
2025-05-22 03:19:54,650 - P14756 - INFO - Processando URL 22/22: https://consultacrm.com.br/
2025-05-22 03:19:58,794 - P14756 - INFO - HTML salvo para debug: data\debug_html_v10\65cadeb91ac3713432c21b535990f440.html
2025-05-22 03:19:58,817 - P14756 - INFO - Candidates address: 0 items
2025-05-22 03:19:58,825 - P14756 - INFO - Candidates phone: 0 items
2025-05-22 03:19:58,829 - P14756 - INFO - Candidates email: 0 items
2025-05-22 03:19:58,835 - P14756 - INFO - Candidates complement: 0 items
2025-05-22 03:19:58,843 - P14756 - INFO - Candidates cep: 0 items
2025-05-22 03:19:58,844 - P14756 - INFO - Após processar URL 22 Uso de memória: 109.54 MB
2025-05-22 03:19:58,846 - P14756 - INFO - Iniciando agregação e ranqueamento
2025-05-22 03:19:58,849 - P14756 - INFO - Ranked address: 73 items
2025-05-22 03:19:58,861 - P14756 - INFO - Ranked phone: 9 items
2025-05-22 03:19:58,865 - P14756 - INFO - Ranked email: 5 items
2025-05-22 03:19:58,871 - P14756 - INFO - Ranked complement: 5 items
2025-05-22 03:19:58,877 - P14756 - INFO - Ranked cep: 700 items
2025-05-22 03:19:58,882 - P14756 - INFO - Após agregação Uso de memória: 109.54 MB
2025-05-22 03:19:58,882 - P14756 - INFO - Validando endereço: ['Rua Frei Caneca, 1282', 'Rua Tenente Nicolau Maffei, 1320', 'Rua Vicente Furlanetto, 65']
2025-05-22 03:19:58,883 - P14756 - INFO - Endereço validado: Rua Frei Caneca, 1282
2025-05-22 03:19:58,885 - P14756 - INFO - Limpando texto extenso para campo address: Rua Frei Caneca, 1282...
2025-05-22 03:19:58,886 - P14756 - INFO - Texto limpo: Rua Frei Caneca, 1282
2025-05-22 03:19:58,886 - P14756 - INFO - Validando telefone: ['(18) 99755-1234', '(11) 4349-9900', '(18) 3217-3165']
2025-05-22 03:19:58,887 - P14756 - INFO - Limpando texto extenso para campo phone: (18) 99755-1234...
2025-05-22 03:19:58,887 - P14756 - INFO - Texto limpo: 18) 99755-1234
2025-05-22 03:19:58,888 - P14756 - INFO - Telefone validado: 18) 99755-1234
2025-05-22 03:19:58,888 - P14756 - INFO - Validando email: ['guilhe.martins@gmail.com', 'relacionamento@apontador.com', 'execucoes-penais@tjes.jus.br']
2025-05-22 03:19:58,888 - P14756 - INFO - Limpando texto extenso para campo email: guilhe.martins@gmail.com...
2025-05-22 03:19:58,888 - P14756 - INFO - Texto limpo: guilhe.martins@gmail.com
2025-05-22 03:19:58,889 - P14756 - INFO - Email validado: guilhe.martins@gmail.com
2025-05-22 03:19:58,889 - P14756 - INFO - Validando complemento: ['Sala 1 - Higienopolis', 'Sala 1 – Higienopolis', 'Saladas ']
2025-05-22 03:19:58,889 - P14756 - INFO - Limpando texto extenso para campo complement: Sala 1 - Higienopolis...
2025-05-22 03:19:58,889 - P14756 - INFO - Texto limpo: Sala 1 - Higienopolis
2025-05-22 03:19:58,890 - P14756 - INFO - Complemento validado: Sala 1 - Higienopolis
2025-05-22 03:19:58,890 - P14756 - INFO - Descobrindo cidade
2025-05-22 03:19:58,893 - P14756 - INFO - Buscando cidade: Rua Frei Caneca cidade SP
2025-05-22 03:20:01,715 - P14756 - WARNING - Cidade não encontrada
2025-05-22 03:20:01,716 - P14756 - INFO - Cidade descoberta: 
2025-05-22 03:20:01,716 - P14756 - INFO - Tempo de execução de processamento completo do médico: 93.46 segundos
2025-05-22 03:20:01,717 - P14756 - INFO - Resultado processado: {'Hash': '0ae168be188a1952746b27067b4f47764f2d0c5c34337dd2e8eeccab4369fc46', 'CRM': '182364', 'UF': 'SP', 'Firstname': 'GUILHERME', 'LastName': 'MARTINS', 'Medical specialty': '', 'Endereco Completo A1': 'Rua Frei Caneca, 1282', 'Address A1': 'Rua Frei Caneca', 'Numero A1': '1282', 'Complement A1': 'Sala 1 - Higienopolis', 'Bairro A1': '', 'postal code A1': '', 'City A1': '', 'State A1': '', 'Phone A1': '18) 99755-1234', 'Phone A2': '', 'Cell phone A1': '', 'Cell phone A2': '', 'E-mail A1': 'guilhe.martins@gmail.com', 'E-mail A2': '', 'OPT-IN': '', 'STATUS': '', 'LOTE': ''}
2025-05-22 03:20:01,718 - P14756 - INFO - Progresso: 45.1%
2025-05-22 03:20:01,718 - P14756 - INFO - Executando coleta de lixo
2025-05-22 03:20:01,843 - P14756 - INFO - Após coleta de lixo Uso de memória: 106.54 MB
2025-05-22 03:20:01,843 - P14756 - INFO - Tempo de execução de processamento do médico 1: 94.89 segundos
2025-05-22 03:20:01,844 - P14756 - INFO - 
==================================================
Processando médico 2/3
2025-05-22 03:20:01,844 - P14756 - INFO - Nome: MAILSON CHRISTOVAO ALVES DE OLIVEIRA
2025-05-22 03:20:01,844 - P14756 - INFO - Início do processamento Uso de memória: 106.54 MB
2025-05-22 03:20:01,845 - P14756 - INFO - Iniciando busca para: MAILSON CHRISTOVAO ALVES DE OLIVEIRA CRM 183237 SP telefone e-mail endereço
2025-05-22 03:20:02,678 - P14756 - INFO - SearX results: 11 URLs
2025-05-22 03:20:02,679 - P14756 - INFO - Após SearX Uso de memória: 106.54 MB
2025-05-22 03:20:05,264 - P14756 - INFO - Google results: 5 URLs
2025-05-22 03:20:05,264 - P14756 - INFO - Após Google Uso de memória: 108.54 MB
2025-05-22 03:20:07,737 - P14756 - INFO - Bing results: 9 URLs
2025-05-22 03:20:07,738 - P14756 - INFO - Após Bing Uso de memória: 109.39 MB
2025-05-22 03:20:07,738 - P14756 - INFO - Total de URLs únicas: 16
2025-05-22 03:20:07,738 - P14756 - INFO - Processando URL 1/16: https://cnpjrocks.com/cnpj/42330395000130/katharsis-clinica-de-psiquiatria-e-psicologia-ltda.html
2025-05-22 03:20:11,007 - P14756 - INFO - HTML salvo para debug: data\debug_html_v10\fe5a53721cf822d8833264851d0dae6c.html
2025-05-22 03:20:11,013 - P14756 - INFO - Candidates address: 0 items
2025-05-22 03:20:11,014 - P14756 - INFO - Candidates phone: 2 items
2025-05-22 03:20:11,014 - P14756 - INFO - Candidates email: 1 items
2025-05-22 03:20:11,014 - P14756 - INFO - Candidates complement: 0 items
2025-05-22 03:20:11,014 - P14756 - INFO - Candidates cep: 9 items
2025-05-22 03:20:11,014 - P14756 - INFO - Após processar URL 1 Uso de memória: 109.39 MB
2025-05-22 03:20:11,014 - P14756 - INFO - Processando URL 2/16: https://cliniguia.com/unidades/sao-jose-dos-campos-sp/cvv-ambulatorio-infanto-juvenil-5962080/
2025-05-22 03:20:14,986 - P14756 - INFO - HTML salvo para debug: data\debug_html_v10\4c7c939c652c038d1801899a96648680.html
2025-05-22 03:20:15,040 - P14756 - INFO - Candidates address: 1 items
2025-05-22 03:20:15,040 - P14756 - INFO - Candidates phone: 0 items
2025-05-22 03:20:15,041 - P14756 - INFO - Candidates email: 1 items
2025-05-22 03:20:15,041 - P14756 - INFO - Candidates complement: 0 items
2025-05-22 03:20:15,041 - P14756 - INFO - Candidates cep: 2 items
2025-05-22 03:20:15,041 - P14756 - INFO - Após processar URL 2 Uso de memória: 111.40 MB
2025-05-22 03:20:15,041 - P14756 - INFO - Processando URL 3/16: https://guiasaudebrasil.com.br/profissional/acd1633999bc94cc-mailson-christovao-alves-de-oliveira
2025-05-22 03:20:18,793 - P14756 - INFO - HTML salvo para debug: data\debug_html_v10\db95ace6416749dbdc66e115954d533e.html
2025-05-22 03:20:18,804 - P14756 - INFO - Candidates address: 0 items
2025-05-22 03:20:18,804 - P14756 - INFO - Candidates phone: 0 items
2025-05-22 03:20:18,804 - P14756 - INFO - Candidates email: 0 items
2025-05-22 03:20:18,804 - P14756 - INFO - Candidates complement: 0 items
2025-05-22 03:20:18,805 - P14756 - INFO - Candidates cep: 1 items
2025-05-22 03:20:18,805 - P14756 - INFO - Após processar URL 3 Uso de memória: 110.04 MB
2025-05-22 03:20:18,805 - P14756 - INFO - Processando URL 4/16: https://www.spdo.ms.gov.br/diariodoe/Index/Download/DO9491_12_09_2017
2025-05-22 03:20:21,373 - P14756 - INFO - HTML salvo para debug: data\debug_html_v10\8008587f04d2e0a770de037dca33186b.html
2025-05-22 03:20:21,374 - P14756 - INFO - Candidates address: 0 items
2025-05-22 03:20:21,374 - P14756 - INFO - Candidates phone: 0 items
2025-05-22 03:20:21,374 - P14756 - INFO - Candidates email: 0 items
2025-05-22 03:20:21,374 - P14756 - INFO - Candidates complement: 0 items
2025-05-22 03:20:21,375 - P14756 - INFO - Candidates cep: 0 items
2025-05-22 03:20:21,375 - P14756 - INFO - Após processar URL 4 Uso de memória: 110.04 MB
2025-05-22 03:20:21,375 - P14756 - INFO - Processando URL 5/16: https://www.boaconsulta.com/especialistas/psiquiatras/sao-jose-dos-campos-sp/vila-paiva?page=11
2025-05-22 03:20:24,353 - P14756 - INFO - HTML salvo para debug: data\debug_html_v10\b6642caba01b6e3964479df06c3fd970.html
2025-05-22 03:20:24,405 - P14756 - INFO - Candidates address: 4 items
2025-05-22 03:20:24,405 - P14756 - INFO - Candidates phone: 0 items
2025-05-22 03:20:24,405 - P14756 - INFO - Candidates email: 0 items
2025-05-22 03:20:24,406 - P14756 - INFO - Candidates complement: 0 items
2025-05-22 03:20:24,406 - P14756 - INFO - Candidates cep: 0 items
2025-05-22 03:20:24,406 - P14756 - INFO - Após processar URL 5 Uso de memória: 110.05 MB
2025-05-22 03:20:24,406 - P14756 - INFO - Processando URL 6/16: https://cliniguia.com/profissionais/mailson-christovao-alves-de-oliveira-708200129113644/
2025-05-22 03:20:28,694 - P14756 - INFO - HTML salvo para debug: data\debug_html_v10\0ac81b0c309eb81867fd440f9d24f36b.html
2025-05-22 03:20:28,739 - P14756 - INFO - Candidates address: 0 items
2025-05-22 03:20:28,739 - P14756 - INFO - Candidates phone: 0 items
2025-05-22 03:20:28,740 - P14756 - INFO - Candidates email: 0 items
2025-05-22 03:20:28,740 - P14756 - INFO - Candidates complement: 0 items
2025-05-22 03:20:28,740 - P14756 - INFO - Candidates cep: 0 items
2025-05-22 03:20:28,740 - P14756 - INFO - Após processar URL 6 Uso de memória: 110.05 MB
2025-05-22 03:20:28,740 - P14756 - INFO - Processando URL 7/16: https://urofill.com/brazil-urofill-providers/?query-7b043442-page=2
2025-05-22 03:20:33,497 - P14756 - INFO - HTML salvo para debug: data\debug_html_v10\87ecfa1e514b85cb650e9017eb78714c.html
2025-05-22 03:20:33,555 - P14756 - INFO - Candidates address: 31 items
2025-05-22 03:20:33,555 - P14756 - INFO - Candidates phone: 43 items
2025-05-22 03:20:33,555 - P14756 - INFO - Candidates email: 40 items
2025-05-22 03:20:33,555 - P14756 - INFO - Candidates complement: 4 items
2025-05-22 03:20:33,555 - P14756 - INFO - Candidates cep: 64 items
2025-05-22 03:20:33,556 - P14756 - INFO - Após processar URL 7 Uso de memória: 110.05 MB
2025-05-22 03:20:33,556 - P14756 - INFO - Processando URL 8/16: https://cnpj.services/qsa/mailson-christovao-alves-de-oliveira
2025-05-22 03:20:36,659 - P14756 - INFO - HTML salvo para debug: data\debug_html_v10\25fe220606c2fcbdc3573ef81f3f056f.html
2025-05-22 03:20:36,667 - P14756 - INFO - Candidates address: 0 items
2025-05-22 03:20:36,667 - P14756 - INFO - Candidates phone: 0 items
2025-05-22 03:20:36,667 - P14756 - INFO - Candidates email: 0 items
2025-05-22 03:20:36,668 - P14756 - INFO - Candidates complement: 0 items
2025-05-22 03:20:36,668 - P14756 - INFO - Candidates cep: 1 items
2025-05-22 03:20:36,668 - P14756 - INFO - Após processar URL 8 Uso de memória: 110.06 MB
2025-05-22 03:20:36,668 - P14756 - INFO - Processando URL 9/16: https://pt.scribd.com/document/662086540/diario
2025-05-22 03:20:41,864 - P14756 - INFO - HTML salvo para debug: data\debug_html_v10\92364699769f92e212aff7287a416d90.html
2025-05-22 03:20:42,513 - P14756 - INFO - Candidates address: 1 items
2025-05-22 03:20:42,514 - P14756 - INFO - Candidates phone: 1 items
2025-05-22 03:20:42,514 - P14756 - INFO - Candidates email: 3 items
2025-05-22 03:20:42,514 - P14756 - INFO - Candidates complement: 0 items
2025-05-22 03:20:42,517 - P14756 - INFO - Candidates cep: 9 items
2025-05-22 03:20:42,517 - P14756 - INFO - Após processar URL 9 Uso de memória: 115.91 MB
2025-05-22 03:20:42,517 - P14756 - INFO - Processando URL 10/16: https://www.researchgate.net/profile/Mailson-Christovao-Alves-De-Oliveira
2025-05-22 03:20:53,853 - P14756 - INFO - HTML salvo para debug: data\debug_html_v10\65e6bd4943e78ea02ef3ea1bf32d566b.html
2025-05-22 03:20:53,894 - P14756 - INFO - Candidates address: 0 items
2025-05-22 03:20:53,895 - P14756 - INFO - Candidates phone: 0 items
2025-05-22 03:20:53,899 - P14756 - INFO - Candidates email: 0 items
2025-05-22 03:20:53,900 - P14756 - INFO - Candidates complement: 0 items
2025-05-22 03:20:53,900 - P14756 - INFO - Candidates cep: 0 items
2025-05-22 03:20:53,901 - P14756 - INFO - Após processar URL 10 Uso de memória: 111.30 MB
2025-05-22 03:20:53,903 - P14756 - INFO - Processando URL 11/16: https://noticiasconcursos.com.br/wp-content/uploads/2017/09/Gabarito-Oficial-Prova-de-Delegado-Pol%C3%ADcia-Civil-PC-MS-2017.pdf
2025-05-22 03:20:53,904 - P14756 - INFO - Ignorando URL de arquivo não-HTML: https://noticiasconcursos.com.br/wp-content/uploads/2017/09/Gabarito-Oficial-Prova-de-Delegado-Pol%C3%ADcia-Civil-PC-MS-2017.pdf
2025-05-22 03:20:53,905 - P14756 - INFO - Após processar URL 11 Uso de memória: 111.30 MB
2025-05-22 03:20:53,906 - P14756 - INFO - Processando URL 12/16: https://portal.cfm.org.br/busca-medicos
2025-05-22 03:20:58,165 - P14756 - INFO - HTML salvo para debug: data\debug_html_v10\e28ae84aaa177d1328f3a0d1fb68449f.html
2025-05-22 03:20:58,198 - P14756 - INFO - Candidates address: 0 items
2025-05-22 03:20:58,199 - P14756 - INFO - Candidates phone: 0 items
2025-05-22 03:20:58,199 - P14756 - INFO - Candidates email: 1 items
2025-05-22 03:20:58,199 - P14756 - INFO - Candidates complement: 1 items
2025-05-22 03:20:58,199 - P14756 - INFO - Candidates cep: 1 items
2025-05-22 03:20:58,199 - P14756 - INFO - Após processar URL 12 Uso de memória: 111.31 MB
2025-05-22 03:20:58,200 - P14756 - INFO - Processando URL 13/16: https://www.portaltransparencia.gov.br/pessoa-fisica/busca/lista
2025-05-22 03:21:02,171 - P14756 - INFO - HTML salvo para debug: data\debug_html_v10\e200cdf64b71d4c9248718dd155b3edb.html
2025-05-22 03:21:02,210 - P14756 - INFO - Candidates address: 0 items
2025-05-22 03:21:02,210 - P14756 - INFO - Candidates phone: 0 items
2025-05-22 03:21:02,210 - P14756 - INFO - Candidates email: 0 items
2025-05-22 03:21:02,210 - P14756 - INFO - Candidates complement: 0 items
2025-05-22 03:21:02,210 - P14756 - INFO - Candidates cep: 0 items
2025-05-22 03:21:02,211 - P14756 - INFO - Após processar URL 13 Uso de memória: 111.32 MB
2025-05-22 03:21:02,211 - P14756 - INFO - Processando URL 14/16: https://guiamedico.cremesp.org.br/
2025-05-22 03:21:04,916 - P14756 - INFO - HTML salvo para debug: data\debug_html_v10\7c54969580769b63edd9abaa952e1fa2.html
2025-05-22 03:21:04,922 - P14756 - INFO - Candidates address: 1 items
2025-05-22 03:21:04,923 - P14756 - INFO - Candidates phone: 1 items
2025-05-22 03:21:04,924 - P14756 - INFO - Candidates email: 0 items
2025-05-22 03:21:04,927 - P14756 - INFO - Candidates complement: 0 items
2025-05-22 03:21:04,928 - P14756 - INFO - Candidates cep: 1 items
2025-05-22 03:21:04,930 - P14756 - INFO - Após processar URL 14 Uso de memória: 111.32 MB
2025-05-22 03:21:04,931 - P14756 - INFO - Processando URL 15/16: https://www.achecerto.com.br/
2025-05-22 03:21:10,843 - P14756 - INFO - HTML salvo para debug: data\debug_html_v10\ceb96e5663cace6f7b35fee1716d7561.html
2025-05-22 03:21:10,858 - P14756 - INFO - Candidates address: 1 items
2025-05-22 03:21:10,858 - P14756 - INFO - Candidates phone: 0 items
2025-05-22 03:21:10,859 - P14756 - INFO - Candidates email: 1 items
2025-05-22 03:21:10,859 - P14756 - INFO - Candidates complement: 0 items
2025-05-22 03:21:10,859 - P14756 - INFO - Candidates cep: 0 items
2025-05-22 03:21:10,859 - P14756 - INFO - Após processar URL 15 Uso de memória: 111.34 MB
2025-05-22 03:21:10,859 - P14756 - INFO - Processando URL 16/16: https://consultacrm.com.br/
2025-05-22 03:21:14,809 - P14756 - INFO - HTML salvo para debug: data\debug_html_v10\65cadeb91ac3713432c21b535990f440.html
2025-05-22 03:21:14,824 - P14756 - INFO - Candidates address: 0 items
2025-05-22 03:21:14,824 - P14756 - INFO - Candidates phone: 0 items
2025-05-22 03:21:14,824 - P14756 - INFO - Candidates email: 0 items
2025-05-22 03:21:14,824 - P14756 - INFO - Candidates complement: 0 items
2025-05-22 03:21:14,824 - P14756 - INFO - Candidates cep: 0 items
2025-05-22 03:21:14,825 - P14756 - INFO - Após processar URL 16 Uso de memória: 111.34 MB
2025-05-22 03:21:14,825 - P14756 - INFO - Iniciando agregação e ranqueamento
2025-05-22 03:21:14,825 - P14756 - INFO - Ranked address: 38 items
2025-05-22 03:21:14,825 - P14756 - INFO - Ranked phone: 47 items
2025-05-22 03:21:14,825 - P14756 - INFO - Ranked email: 47 items
2025-05-22 03:21:14,825 - P14756 - INFO - Ranked complement: 5 items
2025-05-22 03:21:14,826 - P14756 - INFO - Ranked cep: 87 items
2025-05-22 03:21:14,826 - P14756 - INFO - Após agregação Uso de memória: 111.34 MB
2025-05-22 03:21:14,826 - P14756 - INFO - Validando endereço: ['Rua Humaita, 496', 'Avenida Tenente Nevio Baracho, 201', 'Rua Armando De Oliveira Cobra, 50']
2025-05-22 03:21:14,826 - P14756 - INFO - Endereço validado: Rua Humaita, 496
2025-05-22 03:21:14,826 - P14756 - INFO - Limpando texto extenso para campo address: Rua Humaita, 496...
2025-05-22 03:21:14,826 - P14756 - INFO - Texto limpo: Rua Humaita, 496
2025-05-22 03:21:14,826 - P14756 - INFO - Validando telefone: ['(17) 3406-3396', '(17) 3423-1257', '(62) 99882-6262']
2025-05-22 03:21:14,827 - P14756 - INFO - Limpando texto extenso para campo phone: (17) 3406-3396...
2025-05-22 03:21:14,827 - P14756 - INFO - Texto limpo: 17) 3406-3396
2025-05-22 03:21:14,827 - P14756 - INFO - Telefone validado: 17) 3406-3396
2025-05-22 03:21:14,827 - P14756 - INFO - Validando email: ['mg.contabilidade000@gmail.com', 'aij@franciscajulia.org.br', 'gsantdelima@gmail.com']
2025-05-22 03:21:14,828 - P14756 - INFO - Limpando texto extenso para campo email: mg.contabilidade000@gmail.com...
2025-05-22 03:21:14,828 - P14756 - INFO - Texto limpo: mg.contabilidade000@gmail.com
2025-05-22 03:21:14,828 - P14756 - INFO - Email validado: mg.contabilidade000@gmail.com
2025-05-22 03:21:14,829 - P14756 - INFO - Validando complemento: ['Sala 709 –  Enseada do Suá', 'Sala 203 – Santa Efigênia Avenida do Contorno 7069 – S', 'Sala 301 Botafogo — Rio de Janeiro']
2025-05-22 03:21:14,829 - P14756 - INFO - Limpando texto extenso para campo complement: Sala 709 –  Enseada do Suá...
2025-05-22 03:21:14,829 - P14756 - INFO - Texto limpo: Sala 709 – Enseada do Suá
2025-05-22 03:21:14,829 - P14756 - INFO - Complemento validado: Sala 709 – Enseada do Suá
2025-05-22 03:21:14,830 - P14756 - INFO - Descobrindo cidade
2025-05-22 03:21:14,830 - P14756 - INFO - Buscando cidade: Rua Humaita cidade SP
2025-05-22 03:21:17,085 - P14756 - INFO - Cidade encontrada: São Paulo
2025-05-22 03:21:17,085 - P14756 - INFO - Limpando texto extenso para campo city: São Paulo...
2025-05-22 03:21:17,085 - P14756 - INFO - Texto limpo: São Paulo
2025-05-22 03:21:17,086 - P14756 - INFO - Cidade descoberta: São Paulo
2025-05-22 03:21:17,086 - P14756 - INFO - Buscando CEP com sistema de cascata
2025-05-22 03:21:17,086 - P14756 - INFO - Iniciando busca de CEP em cascata para: Rua Humaita, São Paulo, SP
2025-05-22 03:21:17,086 - P14756 - INFO - Método 1: ViaCEP API
2025-05-22 03:21:17,086 - P14756 - INFO - Buscando no ViaCEP: https://viacep.com.br/ws/SP/sao%20paulo/rua%20humaita/json/
2025-05-22 03:21:17,780 - P14756 - INFO - Dados encontrados no ViaCEP: {'cep': '01321-010', 'logradouro': 'Rua Humaitá', 'complemento': '', 'unidade': '', 'bairro': 'Bela Vista', 'localidade': 'São Paulo', 'uf': 'SP', 'estado': 'São Paulo', 'regiao': 'Sudeste', 'ibge': '3550308', 'gia': '1004', 'ddd': '11', 'siafi': '7107'}
2025-05-22 03:21:17,782 - P14756 - INFO - CEP encontrado via ViaCEP: 01321-010
2025-05-22 03:21:17,782 - P14756 - INFO - Dados de CEP encontrados: {'cep': '01321-010', 'logradouro': 'Rua Humaitá', 'complemento': '', 'unidade': '', 'bairro': 'Bela Vista', 'localidade': 'São Paulo', 'uf': 'SP', 'estado': 'São Paulo', 'regiao': 'Sudeste', 'ibge': '3550308', 'gia': '1004', 'ddd': '11', 'siafi': '7107'}
2025-05-22 03:21:17,782 - P14756 - INFO - Limpando texto extenso para campo bairro: Bela Vista...
2025-05-22 03:21:17,782 - P14756 - INFO - Texto limpo: Bela Vista
2025-05-22 03:21:17,782 - P14756 - INFO - Limpando texto extenso para campo city: São Paulo...
2025-05-22 03:21:17,783 - P14756 - INFO - Texto limpo: São Paulo
2025-05-22 03:21:17,783 - P14756 - INFO - Limpando texto extenso para campo state: SP...
2025-05-22 03:21:17,783 - P14756 - INFO - Texto limpo: SP
2025-05-22 03:21:17,783 - P14756 - INFO - Tempo de execução de processamento completo do médico: 75.94 segundos
2025-05-22 03:21:17,784 - P14756 - INFO - Resultado processado: {'Hash': 'babcd1a9b43238d084504ca45cf2d193f79d1a0182825d82f5f4dc8d05af759d', 'CRM': '183237', 'UF': 'SP', 'Firstname': 'MAILSON', 'LastName': 'CHRISTOVAO ALVES DE OLIVEIRA', 'Medical specialty': '', 'Endereco Completo A1': 'Rua Humaita, 496', 'Address A1': 'Rua Humaita', 'Numero A1': '496', 'Complement A1': 'Sala 709 – Enseada do Suá', 'Bairro A1': 'Bela Vista', 'postal code A1': '01321-010', 'City A1': 'São Paulo', 'State A1': 'SP', 'Phone A1': '17) 3406-3396', 'Phone A2': '', 'Cell phone A1': '', 'Cell phone A2': '', 'E-mail A1': 'mg.contabilidade000@gmail.com', 'E-mail A2': '', 'OPT-IN': '', 'STATUS': '', 'LOTE': ''}
2025-05-22 03:21:17,784 - P14756 - INFO - Progresso: 45.6%
2025-05-22 03:21:17,784 - P14756 - INFO - Tempo de execução de processamento do médico 2: 75.94 segundos
2025-05-22 03:21:17,785 - P14756 - INFO - 
==================================================
Processando médico 3/3
2025-05-22 03:21:17,785 - P14756 - INFO - Nome: MARIANNA AUGUSTA DELLA ROSA MAGRI
2025-05-22 03:21:17,785 - P14756 - INFO - Início do processamento Uso de memória: 108.52 MB
2025-05-22 03:21:17,785 - P14756 - INFO - Iniciando busca para: MARIANNA AUGUSTA DELLA ROSA MAGRI CRM 183275 SP telefone e-mail endereço
2025-05-22 03:21:18,744 - P14756 - INFO - SearX results: 9 URLs
2025-05-22 03:21:18,745 - P14756 - INFO - Após SearX Uso de memória: 108.52 MB
2025-05-22 03:21:21,408 - P14756 - INFO - Google results: 3 URLs
2025-05-22 03:21:21,409 - P14756 - INFO - Após Google Uso de memória: 110.56 MB
2025-05-22 03:21:23,958 - P14756 - INFO - Bing results: 9 URLs
2025-05-22 03:21:23,958 - P14756 - INFO - Após Bing Uso de memória: 110.93 MB
2025-05-22 03:21:23,959 - P14756 - INFO - Total de URLs únicas: 10
2025-05-22 03:21:23,959 - P14756 - INFO - Processando URL 1/10: https://cnpj.biz/48004382000158
2025-05-22 03:21:28,623 - P14756 - INFO - HTML salvo para debug: data\debug_html_v10\ba0c6ae6bc00f56d53426f23981152e7.html
2025-05-22 03:21:28,642 - P14756 - INFO - Candidates address: 2 items
2025-05-22 03:21:28,642 - P14756 - INFO - Candidates phone: 1 items
2025-05-22 03:21:28,642 - P14756 - INFO - Candidates email: 1 items
2025-05-22 03:21:28,643 - P14756 - INFO - Candidates complement: 2 items
2025-05-22 03:21:28,643 - P14756 - INFO - Candidates cep: 2 items
2025-05-22 03:21:28,643 - P14756 - INFO - Após processar URL 1 Uso de memória: 111.08 MB
2025-05-22 03:21:28,643 - P14756 - INFO - Processando URL 2/10: https://www.findhealthclinics.com/BR/S%C3%A3o-Paulo/641296819821425/Dra.-Marianna-Della-Rosa-Magri
2025-05-22 03:21:32,300 - P14756 - INFO - HTML salvo para debug: data\debug_html_v10\ea8c220eb2d5a4ec0fc0814312d46319.html
2025-05-22 03:21:32,336 - P14756 - INFO - Candidates address: 3 items
2025-05-22 03:21:32,337 - P14756 - INFO - Candidates phone: 0 items
2025-05-22 03:21:32,337 - P14756 - INFO - Candidates email: 0 items
2025-05-22 03:21:32,337 - P14756 - INFO - Candidates complement: 0 items
2025-05-22 03:21:32,338 - P14756 - INFO - Candidates cep: 1 items
2025-05-22 03:21:32,338 - P14756 - INFO - Após processar URL 2 Uso de memória: 111.19 MB
2025-05-22 03:21:32,338 - P14756 - INFO - Processando URL 3/10: https://cadastroempresa.com.br/fornecedor/clinica-medica-marianna-magri-48004382000158
2025-05-22 03:21:34,611 - P14756 - INFO - HTML salvo para debug: data\debug_html_v10\55a4c3763267bda0144e16323fbf88db.html
2025-05-22 03:21:34,641 - P14756 - INFO - Candidates address: 0 items
2025-05-22 03:21:34,641 - P14756 - INFO - Candidates phone: 1 items
2025-05-22 03:21:34,641 - P14756 - INFO - Candidates email: 1 items
2025-05-22 03:21:34,641 - P14756 - INFO - Candidates complement: 2 items
2025-05-22 03:21:34,641 - P14756 - INFO - Candidates cep: 2 items
2025-05-22 03:21:34,641 - P14756 - INFO - Após processar URL 3 Uso de memória: 111.19 MB
2025-05-22 03:21:34,642 - P14756 - INFO - Processando URL 4/10: https://pt.scribd.com/doc/237411486/DOej-TRT2R-SP-27072014-Jud-Adm-Completo-Sao-Paulo-e-Gde-Sp
2025-05-22 03:21:39,832 - P14756 - WARNING - Página muito grande (3.16MB), truncando
2025-05-22 03:21:39,843 - P14756 - INFO - HTML salvo para debug: data\debug_html_v10\b3508d137845e33b08555b3b10d04e4c.html
2025-05-22 03:21:40,712 - P14756 - INFO - Candidates address: 110 items
2025-05-22 03:21:40,712 - P14756 - INFO - Candidates phone: 0 items
2025-05-22 03:21:40,712 - P14756 - INFO - Candidates email: 0 items
2025-05-22 03:21:40,712 - P14756 - INFO - Candidates complement: 0 items
2025-05-22 03:21:40,713 - P14756 - INFO - Candidates cep: 182 items
2025-05-22 03:21:40,713 - P14756 - INFO - Após processar URL 4 Uso de memória: 111.13 MB
2025-05-22 03:21:40,713 - P14756 - INFO - Processando URL 5/10: https://inteligen.com.br/empresa/clinica-medica-marianna-magri-mmagri-clinica-medica-ltda-48004382000158
2025-05-22 03:21:44,544 - P14756 - INFO - HTML salvo para debug: data\debug_html_v10\0eaa6c9ce8fa4b39e3ba760b4ee75f00.html
2025-05-22 03:21:44,559 - P14756 - INFO - Candidates address: 0 items
2025-05-22 03:21:44,559 - P14756 - INFO - Candidates phone: 1 items
2025-05-22 03:21:44,559 - P14756 - INFO - Candidates email: 1 items
2025-05-22 03:21:44,559 - P14756 - INFO - Candidates complement: 0 items
2025-05-22 03:21:44,560 - P14756 - INFO - Candidates cep: 2 items
2025-05-22 03:21:44,560 - P14756 - INFO - Após processar URL 5 Uso de memória: 105.22 MB
2025-05-22 03:21:44,560 - P14756 - INFO - Processando URL 6/10: https://cnes2.datasus.gov.br/Mod_Profissional.asp?VCo_Unidade=3550303996050
2025-05-22 03:21:47,021 - P14756 - INFO - HTML salvo para debug: data\debug_html_v10\5f4b12114bac99ec781fe20ea722d3e9.html
2025-05-22 03:21:47,031 - P14756 - INFO - Candidates address: 0 items
2025-05-22 03:21:47,032 - P14756 - INFO - Candidates phone: 0 items
2025-05-22 03:21:47,032 - P14756 - INFO - Candidates email: 0 items
2025-05-22 03:21:47,032 - P14756 - INFO - Candidates complement: 0 items
2025-05-22 03:21:47,032 - P14756 - INFO - Candidates cep: 1 items
2025-05-22 03:21:47,032 - P14756 - INFO - Após processar URL 6 Uso de memória: 105.29 MB
2025-05-22 03:21:47,033 - P14756 - INFO - Processando URL 7/10: https://guiamedico.cremesp.org.br/
2025-05-22 03:21:49,639 - P14756 - INFO - HTML salvo para debug: data\debug_html_v10\7c54969580769b63edd9abaa952e1fa2.html
2025-05-22 03:21:49,645 - P14756 - INFO - Candidates address: 1 items
2025-05-22 03:21:49,645 - P14756 - INFO - Candidates phone: 1 items
2025-05-22 03:21:49,646 - P14756 - INFO - Candidates email: 0 items
2025-05-22 03:21:49,646 - P14756 - INFO - Candidates complement: 0 items
2025-05-22 03:21:49,646 - P14756 - INFO - Candidates cep: 1 items
2025-05-22 03:21:49,646 - P14756 - INFO - Após processar URL 7 Uso de memória: 105.62 MB
2025-05-22 03:21:49,646 - P14756 - INFO - Processando URL 8/10: https://www.econodata.com.br/consulta-empresa/48004382000158-MMAGRI-CLINICA-MEDICA-LTDA
2025-05-22 03:21:54,601 - P14756 - INFO - HTML salvo para debug: data\debug_html_v10\bf6bcbb78653dec9e23c6d7a33e6b3b7.html
2025-05-22 03:21:54,731 - P14756 - INFO - Candidates address: 25 items
2025-05-22 03:21:54,731 - P14756 - INFO - Candidates phone: 0 items
2025-05-22 03:21:54,731 - P14756 - INFO - Candidates email: 0 items
2025-05-22 03:21:54,731 - P14756 - INFO - Candidates complement: 2 items
2025-05-22 03:21:54,732 - P14756 - INFO - Candidates cep: 1 items
2025-05-22 03:21:54,732 - P14756 - INFO - Após processar URL 8 Uso de memória: 109.70 MB
2025-05-22 03:21:54,732 - P14756 - INFO - Processando URL 9/10: https://empresadois.com.br/cnpj/clinica-medica-marianna-magri-48004382000158
2025-05-22 03:21:57,317 - P14756 - INFO - HTML salvo para debug: data\debug_html_v10\f1858440405495ac53d804c8421e83cf.html
2025-05-22 03:21:57,338 - P14756 - INFO - Candidates address: 1 items
2025-05-22 03:21:57,339 - P14756 - INFO - Candidates phone: 1 items
2025-05-22 03:21:57,339 - P14756 - INFO - Candidates email: 1 items
2025-05-22 03:21:57,339 - P14756 - INFO - Candidates complement: 1 items
2025-05-22 03:21:57,339 - P14756 - INFO - Candidates cep: 2 items
2025-05-22 03:21:57,339 - P14756 - INFO - Após processar URL 9 Uso de memória: 108.87 MB
2025-05-22 03:21:57,340 - P14756 - INFO - Processando URL 10/10: https://consultacrm.com.br/
2025-05-22 03:22:00,727 - P14756 - INFO - HTML salvo para debug: data\debug_html_v10\65cadeb91ac3713432c21b535990f440.html
2025-05-22 03:22:00,743 - P14756 - INFO - Candidates address: 0 items
2025-05-22 03:22:00,744 - P14756 - INFO - Candidates phone: 0 items
2025-05-22 03:22:00,744 - P14756 - INFO - Candidates email: 0 items
2025-05-22 03:22:00,744 - P14756 - INFO - Candidates complement: 0 items
2025-05-22 03:22:00,746 - P14756 - INFO - Candidates cep: 0 items
2025-05-22 03:22:00,747 - P14756 - INFO - Após processar URL 10 Uso de memória: 109.88 MB
2025-05-22 03:22:00,747 - P14756 - INFO - Iniciando agregação e ranqueamento
2025-05-22 03:22:00,748 - P14756 - INFO - Ranked address: 140 items
2025-05-22 03:22:00,748 - P14756 - INFO - Ranked phone: 2 items
2025-05-22 03:22:00,750 - P14756 - INFO - Ranked email: 1 items
2025-05-22 03:22:00,750 - P14756 - INFO - Ranked complement: 5 items
2025-05-22 03:22:00,750 - P14756 - INFO - Ranked cep: 187 items
2025-05-22 03:22:00,750 - P14756 - INFO - Após agregação Uso de memória: 109.89 MB
2025-05-22 03:22:00,751 - P14756 - INFO - Validando endereço: ['Rua Joaquim Floriano, 466', 'Rua Joaquim Floriano 466 Sala 1208 e 1209 Edif Staybridges Itaim Bibi São Paulo SP', 'Rua Joaquim Floriano - 466']
2025-05-22 03:22:00,751 - P14756 - INFO - Endereço validado: Rua Joaquim Floriano, 466
2025-05-22 03:22:00,751 - P14756 - INFO - Limpando texto extenso para campo address: Rua Joaquim Floriano, 466...
2025-05-22 03:22:00,751 - P14756 - INFO - Texto limpo: Rua Joaquim Floriano, 466
2025-05-22 03:22:00,751 - P14756 - INFO - Validando telefone: ['(17) 3305-9030', '(11) 4349-9900']
2025-05-22 03:22:00,751 - P14756 - INFO - Limpando texto extenso para campo phone: (17) 3305-9030...
2025-05-22 03:22:00,752 - P14756 - INFO - Texto limpo: 17) 3305-9030
2025-05-22 03:22:00,752 - P14756 - INFO - Telefone validado: 17) 3305-9030
2025-05-22 03:22:00,752 - P14756 - INFO - Validando email: ['contato@rissicontabilidade.com.br']
2025-05-22 03:22:00,753 - P14756 - INFO - Limpando texto extenso para campo email: contato@rissicontabilidade.com.br...
2025-05-22 03:22:00,753 - P14756 - INFO - Texto limpo: contato@rissicontabilidade.com.br
2025-05-22 03:22:00,753 - P14756 - INFO - Email validado: contato@rissicontabilidade.com.br
2025-05-22 03:22:00,754 - P14756 - INFO - Validando complemento: ['Sala  1208 e 1209         Edif  Staybridges  Clique pa', 'Sala  1208 e 1209         Edif  Staybridges  Itaim Bib', 'Sala 1208 e 1209 Edif Staybridges Bairro: Itaim Bibi M']
2025-05-22 03:22:00,754 - P14756 - INFO - Limpando texto extenso para campo complement: Sala  1208 e 1209         Edif  Staybridges  Cliqu...
2025-05-22 03:22:00,754 - P14756 - INFO - Texto limpo: Sala 1208 e 1209 Edif
2025-05-22 03:22:00,754 - P14756 - INFO - Complemento validado: Sala 1208 e 1209 Edif
2025-05-22 03:22:00,755 - P14756 - INFO - Descobrindo cidade
2025-05-22 03:22:00,755 - P14756 - INFO - Buscando cidade: Rua Joaquim Floriano cidade SP
2025-05-22 03:22:03,355 - P14756 - INFO - Cidade encontrada: São Paulo
2025-05-22 03:22:03,355 - P14756 - INFO - Limpando texto extenso para campo city: São Paulo...
2025-05-22 03:22:03,355 - P14756 - INFO - Texto limpo: São Paulo
2025-05-22 03:22:03,355 - P14756 - INFO - Cidade descoberta: São Paulo
2025-05-22 03:22:03,355 - P14756 - INFO - Buscando CEP com sistema de cascata
2025-05-22 03:22:03,356 - P14756 - INFO - Iniciando busca de CEP em cascata para: Rua Joaquim Floriano, São Paulo, SP
2025-05-22 03:22:03,356 - P14756 - INFO - Método 1: ViaCEP API
2025-05-22 03:22:03,356 - P14756 - INFO - Buscando no ViaCEP: https://viacep.com.br/ws/SP/sao%20paulo/rua%20joaquim%20floriano/json/
2025-05-22 03:22:04,088 - P14756 - INFO - Dados encontrados no ViaCEP: {'cep': '04534-901', 'logradouro': 'Rua Joaquim Floriano', 'complemento': '397', 'unidade': 'Edifício Fuad Lutfala', 'bairro': 'Itaim Bibi', 'localidade': 'São Paulo', 'uf': 'SP', 'estado': 'São Paulo', 'regiao': 'Sudeste', 'ibge': '3550308', 'gia': '1004', 'ddd': '11', 'siafi': '7107'}
2025-05-22 03:22:04,090 - P14756 - INFO - CEP encontrado via ViaCEP: 04534-901
2025-05-22 03:22:04,090 - P14756 - INFO - Dados de CEP encontrados: {'cep': '04534-901', 'logradouro': 'Rua Joaquim Floriano', 'complemento': '397', 'unidade': 'Edifício Fuad Lutfala', 'bairro': 'Itaim Bibi', 'localidade': 'São Paulo', 'uf': 'SP', 'estado': 'São Paulo', 'regiao': 'Sudeste', 'ibge': '3550308', 'gia': '1004', 'ddd': '11', 'siafi': '7107'}
2025-05-22 03:22:04,090 - P14756 - INFO - Limpando texto extenso para campo bairro: Itaim Bibi...
2025-05-22 03:22:04,091 - P14756 - INFO - Texto limpo: Itaim Bibi
2025-05-22 03:22:04,091 - P14756 - INFO - Limpando texto extenso para campo city: São Paulo...
2025-05-22 03:22:04,091 - P14756 - INFO - Texto limpo: São Paulo
2025-05-22 03:22:04,091 - P14756 - INFO - Limpando texto extenso para campo state: SP...
2025-05-22 03:22:04,091 - P14756 - INFO - Texto limpo: SP
2025-05-22 03:22:04,091 - P14756 - INFO - Tempo de execução de processamento completo do médico: 46.31 segundos
2025-05-22 03:22:04,092 - P14756 - INFO - Resultado processado: {'Hash': '04fea9c5637275e2f1fbaf5b876ea32a8f62bdd54f1e02b846cdf39d2b6d7c2a', 'CRM': '183275', 'UF': 'SP', 'Firstname': 'MARIANNA', 'LastName': 'AUGUSTA DELLA ROSA MAGRI', 'Medical specialty': '', 'Endereco Completo A1': 'Rua Joaquim Floriano, 466', 'Address A1': 'Rua Joaquim Floriano', 'Numero A1': '466', 'Complement A1': 'Sala 1208 e 1209 Edif', 'Bairro A1': 'Itaim Bibi', 'postal code A1': '04534-901', 'City A1': 'São Paulo', 'State A1': 'SP', 'Phone A1': '17) 3305-9030', 'Phone A2': '', 'Cell phone A1': '', 'Cell phone A2': '', 'E-mail A1': 'contato@rissicontabilidade.com.br', 'E-mail A2': '', 'OPT-IN': '', 'STATUS': '', 'LOTE': ''}
2025-05-22 03:22:04,092 - P14756 - INFO - Salvando lote de resultados
2025-05-22 03:22:04,092 - P14756 - INFO - Após salvar resultados Uso de memória: 108.36 MB
2025-05-22 03:22:04,093 - P14756 - INFO - Progresso: 45.9%
2025-05-22 03:22:04,093 - P14756 - INFO - Tempo de execução de processamento do médico 3: 46.31 segundos
2025-05-22 03:22:04,093 - P14756 - INFO - Tempo de execução de processamento do lote completo: 217.14 segundos
