2025-05-21 15:20:42,441 - P11824 - INFO - 
==================================================
Processando médico 1/2
2025-05-21 15:20:42,442 - P11824 - INFO - Nome: ADAM VALENTE AMARAL
2025-05-21 15:20:42,443 - P11824 - INFO - Reiniciando driver do Chrome
2025-05-21 15:20:44,427 - P11824 - INFO - Após reiniciar driver Uso de memória: 38.16 MB
2025-05-21 15:20:44,427 - P11824 - INFO - Início do processamento Uso de memória: 38.16 MB
2025-05-21 15:20:44,427 - P11824 - INFO - Query: ADAM VALENTE AMARAL CRM 24698 CE telefone e-mail endereço
2025-05-21 15:20:44,427 - P11824 - INFO - Iniciando busca para: ADAM VALENTE AMARAL CRM 24698 CE telefone e-mail endereço
2025-05-21 15:20:44,986 - P11824 - INFO - SearX results: 10 URLs
2025-05-21 15:20:44,987 - P11824 - INFO - Após SearX Uso de memória: 38.23 MB
2025-05-21 15:20:47,764 - P11824 - INFO - Google results: 0 URLs
2025-05-21 15:20:47,765 - P11824 - INFO - Após Google Uso de memória: 38.27 MB
2025-05-21 15:20:49,367 - P11824 - INFO - Bing results: 9 URLs
2025-05-21 15:20:49,367 - P11824 - INFO - Após Bing Uso de memória: 39.26 MB
2025-05-21 15:20:49,367 - P11824 - INFO - Total de URLs únicas: 19
2025-05-21 15:20:49,367 - P11824 - INFO - Processando URL 1/19: https://diariooficial.guarulhos.sp.gov.br/uploads/pdf/940464383.pdf
2025-05-21 15:20:50,610 - P11824 - INFO - HTML salvo para debug: data\debug_html_v4\a7d5295df2a74273035377a925ae85d8.html
2025-05-21 15:20:50,612 - P11824 - INFO - Candidates address: 0 items
2025-05-21 15:20:50,613 - P11824 - INFO - Candidates phone: 0 items
2025-05-21 15:20:50,613 - P11824 - INFO - Candidates email: 0 items
2025-05-21 15:20:50,614 - P11824 - INFO - Candidates complement: 0 items
2025-05-21 15:20:50,617 - P11824 - INFO - Após processar URL 1 Uso de memória: 39.27 MB
2025-05-21 15:20:50,617 - P11824 - INFO - Processando URL 2/19: https://acervo.arquivopublico.sc.gov.br/uploads/r/arquivo-publico-do-estado-de-santa-catarina-apesc/6/1/2/612f70bffaaa8e816699514677bfeef039a96203a3ab34d6d037f022c00cd7d8/cb03960a-f8a8-4c29-92ed-5b34abe27b83-13702-DOE_19176_20_09_2011_44F_JUCESC_19176_08F.pdf
2025-05-21 15:20:51,974 - P11824 - INFO - HTML salvo para debug: data\debug_html_v4\d0f801ddbc94ee4c5cfaf3474bcb1821.html
2025-05-21 15:20:51,975 - P11824 - INFO - Candidates address: 0 items
2025-05-21 15:20:51,975 - P11824 - INFO - Candidates phone: 0 items
2025-05-21 15:20:51,975 - P11824 - INFO - Candidates email: 0 items
2025-05-21 15:20:51,976 - P11824 - INFO - Candidates complement: 0 items
2025-05-21 15:20:51,976 - P11824 - INFO - Após processar URL 2 Uso de memória: 39.27 MB
2025-05-21 15:20:51,977 - P11824 - INFO - Processando URL 3/19: https://aboutcompany.info/country/brazil/officer/247443/adam-valente-amaral/
2025-05-21 15:20:54,012 - P11824 - INFO - HTML salvo para debug: data\debug_html_v4\b795b8b192d8bf3675c76c7f81a71938.html
2025-05-21 15:20:54,026 - P11824 - INFO - Candidates address: 0 items
2025-05-21 15:20:54,027 - P11824 - INFO - Candidates phone: 0 items
2025-05-21 15:20:54,027 - P11824 - INFO - Candidates email: 0 items
2025-05-21 15:20:54,027 - P11824 - INFO - Candidates complement: 0 items
2025-05-21 15:20:54,027 - P11824 - INFO - Após processar URL 3 Uso de memória: 39.81 MB
2025-05-21 15:20:54,027 - P11824 - INFO - Processando URL 4/19: https://cremec.org.br/busca-medicos
2025-05-21 15:20:57,300 - P11824 - INFO - HTML salvo para debug: data\debug_html_v4\3c9ece8b802bc598dd007727d971a7d5.html
2025-05-21 15:20:57,345 - P11824 - INFO - Candidates address: 1 items
2025-05-21 15:20:57,345 - P11824 - INFO - Candidates phone: 1 items
2025-05-21 15:20:57,346 - P11824 - INFO - Candidates email: 1 items
2025-05-21 15:20:57,346 - P11824 - INFO - Candidates complement: 0 items
2025-05-21 15:20:57,346 - P11824 - INFO - Após processar URL 4 Uso de memória: 41.35 MB
2025-05-21 15:20:57,347 - P11824 - INFO - Processando URL 5/19: https://rhetory.com/antconc/wordlist.txt
2025-05-21 15:21:09,200 - P11824 - INFO - HTML salvo para debug: data\debug_html_v4\6376b6746c1e330178bd8c4f3af4ce73.html
2025-05-21 15:21:09,797 - P11824 - INFO - Candidates address: 0 items
2025-05-21 15:21:09,799 - P11824 - INFO - Candidates phone: 0 items
2025-05-21 15:21:09,800 - P11824 - INFO - Candidates email: 0 items
2025-05-21 15:21:09,801 - P11824 - INFO - Candidates complement: 0 items
2025-05-21 15:21:09,802 - P11824 - INFO - Após processar URL 5 Uso de memória: 60.53 MB
2025-05-21 15:21:09,803 - P11824 - INFO - Processando URL 6/19: https://www.ime.usp.br/~yoshi/2023i/mac2166/sandbox/2023.06.23/DATA/LEIPZIG_PT_BR/10k/por-br_newscrawl_2011_10K-words.txt
2025-05-21 15:21:11,342 - P11824 - INFO - HTML salvo para debug: data\debug_html_v4\54deb8b692940c797308a6bb2bd6f7b9.html
2025-05-21 15:21:11,366 - P11824 - INFO - Candidates address: 0 items
2025-05-21 15:21:11,366 - P11824 - INFO - Candidates phone: 0 items
2025-05-21 15:21:11,366 - P11824 - INFO - Candidates email: 1 items
2025-05-21 15:21:11,366 - P11824 - INFO - Candidates complement: 4 items
2025-05-21 15:21:11,366 - P11824 - INFO - Após processar URL 6 Uso de memória: 52.02 MB
2025-05-21 15:21:11,366 - P11824 - INFO - Processando URL 7/19: https://www.diariomunicipal.sc.gov.br/atos/3373339
2025-05-21 15:21:14,014 - P11824 - INFO - HTML salvo para debug: data\debug_html_v4\c4d5cc5564047c19ff8083f82874be00.html
2025-05-21 15:21:15,246 - P11824 - INFO - Candidates address: 1 items
2025-05-21 15:21:15,247 - P11824 - INFO - Candidates phone: 1 items
2025-05-21 15:21:15,247 - P11824 - INFO - Candidates email: 2 items
2025-05-21 15:21:15,248 - P11824 - INFO - Candidates complement: 1 items
2025-05-21 15:21:15,248 - P11824 - INFO - Após processar URL 7 Uso de memória: 85.68 MB
2025-05-21 15:21:15,249 - P11824 - INFO - Processando URL 8/19: https://consultacrm.com.br/
2025-05-21 15:21:18,061 - P11824 - INFO - HTML salvo para debug: data\debug_html_v4\65cadeb91ac3713432c21b535990f440.html
2025-05-21 15:21:18,073 - P11824 - INFO - Candidates address: 0 items
2025-05-21 15:21:18,074 - P11824 - INFO - Candidates phone: 0 items
2025-05-21 15:21:18,077 - P11824 - INFO - Candidates email: 0 items
2025-05-21 15:21:18,077 - P11824 - INFO - Candidates complement: 0 items
2025-05-21 15:21:18,080 - P11824 - INFO - Após processar URL 8 Uso de memória: 83.05 MB
2025-05-21 15:21:18,081 - P11824 - INFO - Processando URL 9/19: https://www.sociosbrasil.com/nome/adam-valente-amaral
2025-05-21 15:21:22,372 - P11824 - INFO - HTML salvo para debug: data\debug_html_v4\4c23c921d7175d5df7b3c6ea5ae7298d.html
2025-05-21 15:21:22,381 - P11824 - INFO - Candidates address: 2 items
2025-05-21 15:21:22,381 - P11824 - INFO - Candidates phone: 0 items
2025-05-21 15:21:22,382 - P11824 - INFO - Candidates email: 2 items
2025-05-21 15:21:22,382 - P11824 - INFO - Candidates complement: 1 items
2025-05-21 15:21:22,382 - P11824 - INFO - Após processar URL 9 Uso de memória: 83.29 MB
2025-05-21 15:21:22,382 - P11824 - INFO - Processando URL 10/19: https://www.cnpj.services/qsa/adam-valente-amaral
2025-05-21 15:21:24,293 - P11824 - INFO - HTML salvo para debug: data\debug_html_v4\8460016c5f12480ea5906301e0bf621d.html
2025-05-21 15:21:24,302 - P11824 - INFO - Candidates address: 0 items
2025-05-21 15:21:24,302 - P11824 - INFO - Candidates phone: 0 items
2025-05-21 15:21:24,302 - P11824 - INFO - Candidates email: 0 items
2025-05-21 15:21:24,303 - P11824 - INFO - Candidates complement: 0 items
2025-05-21 15:21:24,303 - P11824 - INFO - Após processar URL 10 Uso de memória: 83.95 MB
2025-05-21 15:21:24,304 - P11824 - INFO - Processando URL 11/19: https://www.ime.usp.br/~yoshi/2020i/ccm128/sandbox/2020.05.06/DATA/LEIPZIG_PT_BR/1M/por-br_newscrawl_2011_1M-words.txt
2025-05-21 15:21:32,444 - P11824 - INFO - HTML salvo para debug: data\debug_html_v4\2bcb36aa5779f9bb73c8080deed5997b.html
2025-05-21 15:21:32,805 - P11824 - INFO - Candidates address: 10 items
2025-05-21 15:21:32,806 - P11824 - INFO - Candidates phone: 1 items
2025-05-21 15:21:32,806 - P11824 - INFO - Candidates email: 162 items
2025-05-21 15:21:32,806 - P11824 - INFO - Candidates complement: 48 items
2025-05-21 15:21:32,807 - P11824 - INFO - Após processar URL 11 Uso de memória: 107.01 MB
2025-05-21 15:21:32,807 - P11824 - INFO - Processando URL 12/19: https://pt.scribd.com/document/649768262/caderno1-2023-05-31-edital
2025-05-21 15:21:36,812 - P11824 - INFO - HTML salvo para debug: data\debug_html_v4\c31171d79683ccb1d537f9fe3f95ddf8.html
2025-05-21 15:21:36,921 - P11824 - INFO - Candidates address: 0 items
2025-05-21 15:21:36,921 - P11824 - INFO - Candidates phone: 0 items
2025-05-21 15:21:36,921 - P11824 - INFO - Candidates email: 0 items
2025-05-21 15:21:36,921 - P11824 - INFO - Candidates complement: 0 items
2025-05-21 15:21:36,921 - P11824 - INFO - Após processar URL 12 Uso de memória: 90.83 MB
2025-05-21 15:21:36,922 - P11824 - INFO - Processando URL 13/19: https://www.gov.br/mme/pt-br/arquivos/do-19-10-2012-s1.pdf/@@download/file
2025-05-21 15:21:38,135 - P11824 - INFO - HTML salvo para debug: data\debug_html_v4\cf9c79408513fd13c0b134bb550976c3.html
2025-05-21 15:21:38,273 - P11824 - INFO - Candidates address: 0 items
2025-05-21 15:21:38,274 - P11824 - INFO - Candidates phone: 0 items
2025-05-21 15:21:38,274 - P11824 - INFO - Candidates email: 0 items
2025-05-21 15:21:38,275 - P11824 - INFO - Candidates complement: 0 items
2025-05-21 15:21:38,275 - P11824 - INFO - Após processar URL 13 Uso de memória: 96.52 MB
2025-05-21 15:21:38,275 - P11824 - INFO - Processando URL 14/19: https://www.gov.br/mme/pt-br/arquivos/do-19-10-2012-s1.pdf
2025-05-21 15:21:39,544 - P11824 - INFO - HTML salvo para debug: data\debug_html_v4\13e96e375f27b8da897ae67bc8260457.html
2025-05-21 15:21:39,545 - P11824 - INFO - Candidates address: 0 items
2025-05-21 15:21:39,546 - P11824 - INFO - Candidates phone: 0 items
2025-05-21 15:21:39,546 - P11824 - INFO - Candidates email: 0 items
2025-05-21 15:21:39,546 - P11824 - INFO - Candidates complement: 0 items
2025-05-21 15:21:39,546 - P11824 - INFO - Após processar URL 14 Uso de memória: 93.71 MB
2025-05-21 15:21:39,546 - P11824 - INFO - Processando URL 15/19: https://inteligen.com.br/socio/adam-valente-amaral-247443
2025-05-21 15:21:42,270 - P11824 - INFO - HTML salvo para debug: data\debug_html_v4\26e8e6cdb46c2257e11084cbd85195fc.html
2025-05-21 15:21:42,283 - P11824 - INFO - Candidates address: 0 items
2025-05-21 15:21:42,286 - P11824 - INFO - Candidates phone: 0 items
2025-05-21 15:21:42,287 - P11824 - INFO - Candidates email: 0 items
2025-05-21 15:21:42,287 - P11824 - INFO - Candidates complement: 0 items
2025-05-21 15:21:42,288 - P11824 - INFO - Após processar URL 15 Uso de memória: 94.07 MB
2025-05-21 15:21:42,288 - P11824 - INFO - Processando URL 16/19: https://www.jornalminasgerais.mg.gov.br/modulos/www.jornalminasgerais.mg.gov.br//diarioOficial/2023/05/31/jornal/caderno1_2023-05-31.pdf
2025-05-21 15:21:43,738 - P11824 - INFO - HTML salvo para debug: data\debug_html_v4\98a5d759660e1cd63f5651400c5f459a.html
2025-05-21 15:21:43,739 - P11824 - INFO - Candidates address: 0 items
2025-05-21 15:21:43,739 - P11824 - INFO - Candidates phone: 0 items
2025-05-21 15:21:43,739 - P11824 - INFO - Candidates email: 0 items
2025-05-21 15:21:43,741 - P11824 - INFO - Candidates complement: 0 items
2025-05-21 15:21:43,741 - P11824 - INFO - Após processar URL 16 Uso de memória: 94.08 MB
2025-05-21 15:21:43,741 - P11824 - INFO - Processando URL 17/19: https://cnpj.biz/45116723000199
2025-05-21 15:21:45,901 - P11824 - INFO - HTML salvo para debug: data\debug_html_v4\d8f2a51acfdf6d9ed951c0d4f9abb2de.html
2025-05-21 15:21:45,916 - P11824 - INFO - Candidates address: 0 items
2025-05-21 15:21:45,917 - P11824 - INFO - Candidates phone: 1 items
2025-05-21 15:21:45,917 - P11824 - INFO - Candidates email: 1 items
2025-05-21 15:21:45,917 - P11824 - INFO - Candidates complement: 2 items
2025-05-21 15:21:45,917 - P11824 - INFO - Após processar URL 17 Uso de memória: 94.89 MB
2025-05-21 15:21:45,918 - P11824 - INFO - Processando URL 18/19: https://www.portaltransparencia.gov.br/pessoa-fisica/busca/lista
2025-05-21 15:21:48,480 - P11824 - INFO - HTML salvo para debug: data\debug_html_v4\e200cdf64b71d4c9248718dd155b3edb.html
2025-05-21 15:21:48,528 - P11824 - INFO - Candidates address: 0 items
2025-05-21 15:21:48,529 - P11824 - INFO - Candidates phone: 0 items
2025-05-21 15:21:48,530 - P11824 - INFO - Candidates email: 0 items
2025-05-21 15:21:48,531 - P11824 - INFO - Candidates complement: 0 items
2025-05-21 15:21:48,531 - P11824 - INFO - Após processar URL 18 Uso de memória: 96.84 MB
2025-05-21 15:21:48,532 - P11824 - INFO - Processando URL 19/19: https://empresasweb.net/emp/ava-servicos-medicos-ltda-52454742
2025-05-21 15:21:50,622 - P11824 - INFO - HTML salvo para debug: data\debug_html_v4\f92ce62ae559e038fc9a6a6ac3fe7cd8.html
2025-05-21 15:21:50,635 - P11824 - INFO - Candidates address: 0 items
2025-05-21 15:21:50,635 - P11824 - INFO - Candidates phone: 1 items
2025-05-21 15:21:50,635 - P11824 - INFO - Candidates email: 1 items
2025-05-21 15:21:50,635 - P11824 - INFO - Candidates complement: 1 items
2025-05-21 15:21:50,636 - P11824 - INFO - Após processar URL 19 Uso de memória: 97.29 MB
2025-05-21 15:21:50,636 - P11824 - INFO - Iniciando agregação e ranqueamento
2025-05-21 15:21:50,636 - P11824 - INFO - Ranked address: 14 items
2025-05-21 15:21:50,636 - P11824 - INFO - Ranked phone: 5 items
2025-05-21 15:21:50,636 - P11824 - INFO - Ranked email: 168 items
2025-05-21 15:21:50,636 - P11824 - INFO - Ranked complement: 55 items
2025-05-21 15:21:50,637 - P11824 - INFO - Após agregação Uso de memória: 97.30 MB
2025-05-21 15:21:50,637 - P11824 - INFO - Validando endereço
2025-05-21 15:21:51,609 - P11824 - INFO - Validando telefone
2025-05-21 15:21:52,563 - P11824 - INFO - Validando email
2025-05-21 15:21:53,077 - P11824 - WARNING - Email inválido retornado pela IA: ''
2025-05-21 15:21:53,077 - P11824 - INFO - Validando complemento
2025-05-21 15:21:53,758 - P11824 - INFO - Descobrindo cidade
2025-05-21 15:21:54,058 - P11824 - INFO - Buscando CEP com base na rua e cidade
2025-05-21 15:21:54,058 - P11824 - INFO - Buscando CEP: CEP da Av. Antônio Sales, Fortaleza
2025-05-21 15:21:56,003 - P11824 - INFO - Segunda tentativa: Av. Antônio Sales, Fortaleza CEP
2025-05-21 15:21:58,266 - P11824 - WARNING - CEP não encontrado
2025-05-21 15:21:58,266 - P11824 - INFO - Tempo de execução de processamento completo do médico: 73.84 segundos
2025-05-21 15:21:58,267 - P11824 - INFO - Progresso: 40.0%
2025-05-21 15:21:58,268 - P11824 - INFO - Executando coleta de lixo
2025-05-21 15:21:58,347 - P11824 - INFO - Após coleta de lixo Uso de memória: 53.13 MB
2025-05-21 15:21:58,347 - P11824 - INFO - Tempo de execução de processamento do médico 1: 75.91 segundos
2025-05-21 15:21:58,347 - P11824 - INFO - 
==================================================
Processando médico 2/2
2025-05-21 15:21:58,348 - P11824 - INFO - Nome: JOAO HENRIQUE DE SOUSA
2025-05-21 15:21:58,348 - P11824 - INFO - Início do processamento Uso de memória: 53.13 MB
2025-05-21 15:21:58,348 - P11824 - INFO - Query: JOAO HENRIQUE DE SOUSA CRM 145560 SP telefone e-mail endereço
2025-05-21 15:21:58,348 - P11824 - INFO - Iniciando busca para: JOAO HENRIQUE DE SOUSA CRM 145560 SP telefone e-mail endereço
2025-05-21 15:21:58,965 - P11824 - INFO - SearX results: 7 URLs
2025-05-21 15:21:58,966 - P11824 - INFO - Após SearX Uso de memória: 53.13 MB
2025-05-21 15:22:01,061 - P11824 - INFO - Google results: 0 URLs
2025-05-21 15:22:01,062 - P11824 - INFO - Após Google Uso de memória: 53.17 MB
2025-05-21 15:22:02,667 - P11824 - INFO - Bing results: 0 URLs
2025-05-21 15:22:02,667 - P11824 - INFO - Após Bing Uso de memória: 53.86 MB
2025-05-21 15:22:02,667 - P11824 - INFO - Total de URLs únicas: 7
2025-05-21 15:22:02,667 - P11824 - INFO - Processando URL 1/7: https://ilustrado.com.br/wp-content/uploads/2023/03/leis_14_03_2023.pdf
2025-05-21 15:22:03,783 - P11824 - INFO - HTML salvo para debug: data\debug_html_v4\8b61ad0d4aeef42eef32278f71cc7870.html
2025-05-21 15:22:03,784 - P11824 - INFO - Candidates address: 0 items
2025-05-21 15:22:03,784 - P11824 - INFO - Candidates phone: 0 items
2025-05-21 15:22:03,784 - P11824 - INFO - Candidates email: 0 items
2025-05-21 15:22:03,784 - P11824 - INFO - Candidates complement: 0 items
2025-05-21 15:22:03,784 - P11824 - INFO - Após processar URL 1 Uso de memória: 53.86 MB
2025-05-21 15:22:03,784 - P11824 - INFO - Processando URL 2/7: https://central3.to.gov.br/arquivo/231617/
2025-05-21 15:22:04,997 - P11824 - INFO - HTML salvo para debug: data\debug_html_v4\787e17b60751673deacf3c4fa29e6f44.html
2025-05-21 15:22:04,998 - P11824 - INFO - Candidates address: 0 items
2025-05-21 15:22:04,998 - P11824 - INFO - Candidates phone: 0 items
2025-05-21 15:22:04,998 - P11824 - INFO - Candidates email: 0 items
2025-05-21 15:22:04,998 - P11824 - INFO - Candidates complement: 0 items
2025-05-21 15:22:04,999 - P11824 - INFO - Após processar URL 2 Uso de memória: 53.86 MB
2025-05-21 15:22:04,999 - P11824 - INFO - Processando URL 3/7: https://ptdocz.com/doc/1300910/poder-judici%C3%A1rio---m%C3%B3dulo-de-consulta-dos-magistrados
2025-05-21 15:22:08,455 - P11824 - INFO - HTML salvo para debug: data\debug_html_v4\c0a8c585215da19bcf00229ea54d222e.html
2025-05-21 15:22:08,463 - P11824 - INFO - Candidates address: 0 items
2025-05-21 15:22:08,463 - P11824 - INFO - Candidates phone: 0 items
2025-05-21 15:22:08,463 - P11824 - INFO - Candidates email: 0 items
2025-05-21 15:22:08,463 - P11824 - INFO - Candidates complement: 0 items
2025-05-21 15:22:08,463 - P11824 - INFO - Após processar URL 3 Uso de memória: 53.98 MB
2025-05-21 15:22:08,464 - P11824 - INFO - Processando URL 4/7: https://dodf.df.gov.br/dodf/jornal/visualizar-pdf?pasta=2011%7C09_Setembro%7CDODF%20171%2001-09-2011%7C&arquivo=DODF%20171%2001-09-2011%20SECAO3.pdf
2025-05-21 15:22:10,758 - P11824 - INFO - HTML salvo para debug: data\debug_html_v4\ab798395617d8853f4edb85a9546a30b.html
2025-05-21 15:22:10,759 - P11824 - INFO - Candidates address: 0 items
2025-05-21 15:22:10,759 - P11824 - INFO - Candidates phone: 0 items
2025-05-21 15:22:10,759 - P11824 - INFO - Candidates email: 0 items
2025-05-21 15:22:10,759 - P11824 - INFO - Candidates complement: 0 items
2025-05-21 15:22:10,759 - P11824 - INFO - Após processar URL 4 Uso de memória: 53.98 MB
2025-05-21 15:22:10,760 - P11824 - INFO - Processando URL 5/7: https://sistemadje.tjmt.jus.br/publicacoes/9221-2014.pdf
2025-05-21 15:22:12,006 - P11824 - INFO - HTML salvo para debug: data\debug_html_v4\1fda277fe41884a9932eabdf8264f22f.html
2025-05-21 15:22:12,006 - P11824 - INFO - Candidates address: 0 items
2025-05-21 15:22:12,007 - P11824 - INFO - Candidates phone: 0 items
2025-05-21 15:22:12,007 - P11824 - INFO - Candidates email: 0 items
2025-05-21 15:22:12,008 - P11824 - INFO - Candidates complement: 0 items
2025-05-21 15:22:12,008 - P11824 - INFO - Após processar URL 5 Uso de memória: 53.98 MB
2025-05-21 15:22:12,008 - P11824 - INFO - Processando URL 6/7: https://issuu.com/panrotas/docs/2013-07-484
2025-05-21 15:22:17,265 - P11824 - INFO - HTML salvo para debug: data\debug_html_v4\faa83fee02a5fccfbca28f1324ccfbcf.html
2025-05-21 15:22:19,820 - P11824 - INFO - Candidates address: 0 items
2025-05-21 15:22:19,821 - P11824 - INFO - Candidates phone: 0 items
2025-05-21 15:22:19,821 - P11824 - INFO - Candidates email: 0 items
2025-05-21 15:22:19,821 - P11824 - INFO - Candidates complement: 0 items
2025-05-21 15:22:19,822 - P11824 - INFO - Após processar URL 6 Uso de memória: 105.67 MB
2025-05-21 15:22:19,823 - P11824 - INFO - Processando URL 7/7: https://sistemadje.tjmt.jus.br/publicacoes/9646-2015.pdf
2025-05-21 15:22:20,928 - P11824 - INFO - HTML salvo para debug: data\debug_html_v4\c7a8cf9f258d5be690e8dcb45e6cac6c.html
2025-05-21 15:22:20,930 - P11824 - INFO - Candidates address: 0 items
2025-05-21 15:22:20,930 - P11824 - INFO - Candidates phone: 0 items
2025-05-21 15:22:20,930 - P11824 - INFO - Candidates email: 0 items
2025-05-21 15:22:20,930 - P11824 - INFO - Candidates complement: 0 items
2025-05-21 15:22:20,931 - P11824 - INFO - Após processar URL 7 Uso de memória: 95.55 MB
2025-05-21 15:22:20,931 - P11824 - INFO - Iniciando agregação e ranqueamento
2025-05-21 15:22:20,931 - P11824 - INFO - Ranked address: 0 items
2025-05-21 15:22:20,931 - P11824 - INFO - Ranked phone: 0 items
2025-05-21 15:22:20,931 - P11824 - INFO - Ranked email: 0 items
2025-05-21 15:22:20,931 - P11824 - INFO - Ranked complement: 0 items
2025-05-21 15:22:20,932 - P11824 - INFO - Após agregação Uso de memória: 95.55 MB
2025-05-21 15:22:20,932 - P11824 - INFO - Tempo de execução de processamento completo do médico: 22.58 segundos
2025-05-21 15:22:20,932 - P11824 - INFO - Progresso: 70.0%
2025-05-21 15:22:20,933 - P11824 - INFO - Tempo de execução de processamento do médico 2: 22.59 segundos
2025-05-21 15:22:20,933 - P11824 - INFO - Salvando resultados finais do lote
2025-05-21 15:22:20,933 - P11824 - INFO - Tempo de execução de processamento do lote completo: 98.49 segundos
