2025-05-22 05:00:02,771 - P17320 - INFO - 
==================================================
Processando médico 1/3
2025-05-22 05:00:02,772 - P17320 - INFO - Nome: EDILENE CHAVES PUCCI
2025-05-22 05:00:02,772 - P17320 - INFO - Reiniciando driver do Chrome
2025-05-22 05:00:04,090 - P17320 - INFO - Após reiniciar driver Uso de memória: 129.30 MB
2025-05-22 05:00:04,091 - P17320 - INFO - Início do processamento Uso de memória: 129.30 MB
2025-05-22 05:00:04,091 - P17320 - INFO - Iniciando busca para: EDILENE CHAVES PUCCI CRM 51955 SP telefone e-mail endereço
2025-05-22 05:00:04,862 - P17320 - INFO - SearX results: 12 URLs
2025-05-22 05:00:04,863 - P17320 - INFO - Após SearX Uso de memória: 129.30 MB
2025-05-22 05:00:07,423 - P17320 - INFO - Google results: 3 URLs
2025-05-22 05:00:07,423 - P17320 - INFO - Após Google Uso de memória: 129.32 MB
2025-05-22 05:00:10,765 - P17320 - INFO - Bing results: 10 URLs
2025-05-22 05:00:10,765 - P17320 - INFO - Após Bing Uso de memória: 130.50 MB
2025-05-22 05:00:10,765 - P17320 - INFO - Total de URLs únicas: 15
2025-05-22 05:00:10,766 - P17320 - INFO - Processando URL 1/15: https://www.doctoralia.com.br/medico-clinico-geral/limeira/jardim-mercedes?page=5
2025-05-22 05:00:10,766 - P17320 - INFO - Ignorando URL de arquivo não-HTML: https://www.doctoralia.com.br/medico-clinico-geral/limeira/jardim-mercedes?page=5
2025-05-22 05:00:10,766 - P17320 - INFO - Após processar URL 1 Uso de memória: 130.50 MB
2025-05-22 05:00:10,766 - P17320 - INFO - Processando URL 2/15: https://www.bingplaces.com/DashBoard/Edit?Id=YN7993x11874005609893518222&market=pt-BR&src=SERPGB
2025-05-22 05:00:14,996 - P17320 - INFO - HTML salvo para debug: data\debug_html_v10\8acd43338fd0bf73d14a0d09c109b6f1.html
2025-05-22 05:00:15,022 - P17320 - INFO - Candidates address: 0 items
2025-05-22 05:00:15,022 - P17320 - INFO - Candidates phone: 1 items
2025-05-22 05:00:15,022 - P17320 - INFO - Candidates email: 0 items
2025-05-22 05:00:15,023 - P17320 - INFO - Candidates complement: 0 items
2025-05-22 05:00:15,023 - P17320 - INFO - Candidates cep: 1 items
2025-05-22 05:00:15,023 - P17320 - INFO - Após processar URL 2 Uso de memória: 130.51 MB
2025-05-22 05:00:15,023 - P17320 - INFO - Processando URL 3/15: https://www.mpsp.mp.br/w/do_25_02_2022
2025-05-22 05:00:19,104 - P17320 - INFO - HTML salvo para debug: data\debug_html_v10\7b7842f38b9333c682fd0be00373d38a.html
2025-05-22 05:00:20,032 - P17320 - INFO - Candidates address: 4 items
2025-05-22 05:00:20,033 - P17320 - INFO - Candidates phone: 3 items
2025-05-22 05:00:20,033 - P17320 - INFO - Candidates email: 3 items
2025-05-22 05:00:20,033 - P17320 - INFO - Candidates complement: 0 items
2025-05-22 05:00:20,034 - P17320 - INFO - Candidates cep: 33 items
2025-05-22 05:00:20,034 - P17320 - INFO - Após processar URL 3 Uso de memória: 133.45 MB
2025-05-22 05:00:20,034 - P17320 - INFO - Processando URL 4/15: https://ecrie.com.br/Sistema/Conteudos/DiarioOficial/upload/u_137_24082023174606.pdf
2025-05-22 05:00:20,034 - P17320 - INFO - Ignorando URL de arquivo não-HTML: https://ecrie.com.br/Sistema/Conteudos/DiarioOficial/upload/u_137_24082023174606.pdf
2025-05-22 05:00:20,035 - P17320 - INFO - Após processar URL 4 Uso de memória: 130.52 MB
2025-05-22 05:00:20,035 - P17320 - INFO - Processando URL 5/15: https://www.doctoralia.com.br/edilene-chaves-pucci/medico-clinico-geral/limeira
2025-05-22 05:00:20,035 - P17320 - INFO - Ignorando URL de arquivo não-HTML: https://www.doctoralia.com.br/edilene-chaves-pucci/medico-clinico-geral/limeira
2025-05-22 05:00:20,035 - P17320 - INFO - Após processar URL 5 Uso de memória: 130.52 MB
2025-05-22 05:00:20,035 - P17320 - INFO - Processando URL 6/15: https://www.classemedica.com.br/medico/84689-edilene-chaves-pucci.htm
2025-05-22 05:00:23,529 - P17320 - INFO - HTML salvo para debug: data\debug_html_v10\95ca9c78abfcef02f823b97f43a0851a.html
2025-05-22 05:00:23,574 - P17320 - INFO - Candidates address: 0 items
2025-05-22 05:00:23,574 - P17320 - INFO - Candidates phone: 0 items
2025-05-22 05:00:23,585 - P17320 - INFO - Candidates email: 0 items
2025-05-22 05:00:23,590 - P17320 - INFO - Candidates complement: 0 items
2025-05-22 05:00:23,590 - P17320 - INFO - Candidates cep: 0 items
2025-05-22 05:00:23,601 - P17320 - INFO - Após processar URL 6 Uso de memória: 131.71 MB
2025-05-22 05:00:23,603 - P17320 - INFO - Processando URL 7/15: https://guiamedico.cremesp.org.br/
2025-05-22 05:00:26,932 - P17320 - INFO - HTML salvo para debug: data\debug_html_v10\7c54969580769b63edd9abaa952e1fa2.html
2025-05-22 05:00:26,938 - P17320 - INFO - Candidates address: 1 items
2025-05-22 05:00:26,938 - P17320 - INFO - Candidates phone: 1 items
2025-05-22 05:00:26,938 - P17320 - INFO - Candidates email: 0 items
2025-05-22 05:00:26,939 - P17320 - INFO - Candidates complement: 0 items
2025-05-22 05:00:26,939 - P17320 - INFO - Candidates cep: 1 items
2025-05-22 05:00:26,939 - P17320 - INFO - Após processar URL 7 Uso de memória: 130.52 MB
2025-05-22 05:00:26,939 - P17320 - INFO - Processando URL 8/15: https://www.boaconsulta.com/especialistas/geriatras/limeira-sp
2025-05-22 05:00:30,782 - P17320 - INFO - HTML salvo para debug: data\debug_html_v10\35aa191c5b098ae3dd04a880b5d073ec.html
2025-05-22 05:00:30,826 - P17320 - INFO - Candidates address: 4 items
2025-05-22 05:00:30,826 - P17320 - INFO - Candidates phone: 0 items
2025-05-22 05:00:30,826 - P17320 - INFO - Candidates email: 0 items
2025-05-22 05:00:30,826 - P17320 - INFO - Candidates complement: 0 items
2025-05-22 05:00:30,827 - P17320 - INFO - Candidates cep: 0 items
2025-05-22 05:00:30,827 - P17320 - INFO - Após processar URL 8 Uso de memória: 130.53 MB
2025-05-22 05:00:30,827 - P17320 - INFO - Processando URL 9/15: https://www.findglocal.com/BR/Limeira/104064181364542/Dra.-Edilene-Chaves-Pucci
2025-05-22 05:00:42,829 - P17320 - INFO - HTML salvo para debug: data\debug_html_v10\46e65eeabfd30dacf7eb27d998f78d52.html
2025-05-22 05:00:42,857 - P17320 - INFO - Candidates address: 2 items
2025-05-22 05:00:42,857 - P17320 - INFO - Candidates phone: 0 items
2025-05-22 05:00:42,857 - P17320 - INFO - Candidates email: 0 items
2025-05-22 05:00:42,858 - P17320 - INFO - Candidates complement: 0 items
2025-05-22 05:00:42,858 - P17320 - INFO - Candidates cep: 3 items
2025-05-22 05:00:42,858 - P17320 - INFO - Após processar URL 9 Uso de memória: 130.53 MB
2025-05-22 05:00:42,859 - P17320 - INFO - Processando URL 10/15: https://www.boaconsulta.com/especialista/edilene-chaves-pucci-6106ce63a2e00a617b005dde
2025-05-22 05:00:45,632 - P17320 - INFO - HTML salvo para debug: data\debug_html_v10\3aeb0be41eac17311cd909f1e91480f3.html
2025-05-22 05:00:45,696 - P17320 - INFO - Candidates address: 1 items
2025-05-22 05:00:45,696 - P17320 - INFO - Candidates phone: 0 items
2025-05-22 05:00:45,696 - P17320 - INFO - Candidates email: 0 items
2025-05-22 05:00:45,697 - P17320 - INFO - Candidates complement: 0 items
2025-05-22 05:00:45,697 - P17320 - INFO - Candidates cep: 0 items
2025-05-22 05:00:45,697 - P17320 - INFO - Após processar URL 10 Uso de memória: 130.54 MB
2025-05-22 05:00:45,698 - P17320 - INFO - Processando URL 11/15: https://www.planodesaudesp.net/perfil/edilene_chaves_pucci--1402471
2025-05-22 05:00:48,367 - P17320 - INFO - HTML salvo para debug: data\debug_html_v10\be42d59e2610b860cae723f5f3cdb543.html
2025-05-22 05:00:48,382 - P17320 - INFO - Candidates address: 5 items
2025-05-22 05:00:48,382 - P17320 - INFO - Candidates phone: 1 items
2025-05-22 05:00:48,382 - P17320 - INFO - Candidates email: 0 items
2025-05-22 05:00:48,383 - P17320 - INFO - Candidates complement: 0 items
2025-05-22 05:00:48,383 - P17320 - INFO - Candidates cep: 1 items
2025-05-22 05:00:48,383 - P17320 - INFO - Após processar URL 11 Uso de memória: 130.54 MB
2025-05-22 05:00:48,383 - P17320 - INFO - Processando URL 12/15: https://consultacrm.com.br/
2025-05-22 05:00:51,921 - P17320 - INFO - HTML salvo para debug: data\debug_html_v10\65cadeb91ac3713432c21b535990f440.html
2025-05-22 05:00:51,935 - P17320 - INFO - Candidates address: 0 items
2025-05-22 05:00:51,935 - P17320 - INFO - Candidates phone: 0 items
2025-05-22 05:00:51,936 - P17320 - INFO - Candidates email: 0 items
2025-05-22 05:00:51,936 - P17320 - INFO - Candidates complement: 0 items
2025-05-22 05:00:51,936 - P17320 - INFO - Candidates cep: 0 items
2025-05-22 05:00:51,936 - P17320 - INFO - Após processar URL 12 Uso de memória: 131.41 MB
2025-05-22 05:00:51,936 - P17320 - INFO - Processando URL 13/15: https://www.consultacrm.com.br/index/profissionais/uid-8b90ee74-f5c5-11ec-9e74-0a4aa568c625/edilene_chaves_pucci
2025-05-22 05:00:55,220 - P17320 - INFO - HTML salvo para debug: data\debug_html_v10\1a6eb5be8d227f97aab6857369d36ced.html
2025-05-22 05:00:55,235 - P17320 - INFO - Candidates address: 0 items
2025-05-22 05:00:55,235 - P17320 - INFO - Candidates phone: 0 items
2025-05-22 05:00:55,235 - P17320 - INFO - Candidates email: 0 items
2025-05-22 05:00:55,236 - P17320 - INFO - Candidates complement: 0 items
2025-05-22 05:00:55,236 - P17320 - INFO - Candidates cep: 0 items
2025-05-22 05:00:55,236 - P17320 - INFO - Após processar URL 13 Uso de memória: 130.55 MB
2025-05-22 05:00:55,237 - P17320 - INFO - Processando URL 14/15: https://www.findhealthclinics.com/BR/Limeira/104064181364542/Dra.-Edilene-Chaves-Pucci
2025-05-22 05:01:05,312 - P17320 - INFO - HTML salvo para debug: data\debug_html_v10\2b57338867c63f9281909d952caf2a99.html
2025-05-22 05:01:05,359 - P17320 - INFO - Candidates address: 2 items
2025-05-22 05:01:05,360 - P17320 - INFO - Candidates phone: 0 items
2025-05-22 05:01:05,360 - P17320 - INFO - Candidates email: 0 items
2025-05-22 05:01:05,360 - P17320 - INFO - Candidates complement: 0 items
2025-05-22 05:01:05,360 - P17320 - INFO - Candidates cep: 2 items
2025-05-22 05:01:05,361 - P17320 - INFO - Após processar URL 14 Uso de memória: 130.72 MB
2025-05-22 05:01:05,361 - P17320 - INFO - Processando URL 15/15: https://www.apontador.com.br/local/sp/limeira/enderecos_empresariais/C413255401354T3543/edilene_chaves_pucci.html
2025-05-22 05:01:07,751 - P17320 - INFO - HTML salvo para debug: data\debug_html_v10\0590dfe89faaec4061eb123c7ea08ab6.html
2025-05-22 05:01:07,934 - P17320 - INFO - Candidates address: 0 items
2025-05-22 05:01:07,934 - P17320 - INFO - Candidates phone: 2 items
2025-05-22 05:01:07,935 - P17320 - INFO - Candidates email: 1 items
2025-05-22 05:01:07,935 - P17320 - INFO - Candidates complement: 1 items
2025-05-22 05:01:07,935 - P17320 - INFO - Candidates cep: 1 items
2025-05-22 05:01:07,935 - P17320 - INFO - Após processar URL 15 Uso de memória: 130.74 MB
2025-05-22 05:01:07,935 - P17320 - INFO - Iniciando agregação e ranqueamento
2025-05-22 05:01:07,936 - P17320 - INFO - Ranked address: 16 items
2025-05-22 05:01:07,936 - P17320 - INFO - Ranked phone: 8 items
2025-05-22 05:01:07,936 - P17320 - INFO - Ranked email: 4 items
2025-05-22 05:01:07,936 - P17320 - INFO - Ranked complement: 1 items
2025-05-22 05:01:07,936 - P17320 - INFO - Ranked cep: 39 items
2025-05-22 05:01:07,936 - P17320 - INFO - Após agregação Uso de memória: 130.74 MB
2025-05-22 05:01:07,937 - P17320 - INFO - Validando endereço: ['Rua Antonia Valverde Cruanes, 70', 'Rua Visconde Do Rio Branco, 119', 'Rua Visconde Rio Branco, 119']
2025-05-22 05:01:07,937 - P17320 - INFO - Endereço validado: Rua Antonia Valverde Cruanes, 70
2025-05-22 05:01:07,937 - P17320 - INFO - Limpando texto extenso para campo address: Rua Antonia Valverde Cruanes, 70...
2025-05-22 05:01:07,937 - P17320 - INFO - Texto limpo: Rua Antonia Valverde Cruanes, 70
2025-05-22 05:01:07,937 - P17320 - INFO - Validando telefone: ['(19)3441-4246', '(11) 3775-4121', '(11) 3119-9442']
2025-05-22 05:01:07,937 - P17320 - INFO - Limpando texto extenso para campo phone: (19)3441-4246...
2025-05-22 05:01:07,938 - P17320 - INFO - Texto limpo: 19)3441-4246
2025-05-22 05:01:07,938 - P17320 - INFO - Telefone validado: 19)3441-4246
2025-05-22 05:01:07,938 - P17320 - INFO - Validando email: ['revistajustitia@mpsp.mp.br', 'esmp-secretaria@mpsp.mp.br', 'esmp-escola_virtual@mpsp.mp.br']
2025-05-22 05:01:07,938 - P17320 - INFO - Limpando texto extenso para campo email: revistajustitia@mpsp.mp.br...
2025-05-22 05:01:07,939 - P17320 - INFO - Texto limpo: revistajustitia@mpsp.mp.br
2025-05-22 05:01:07,939 - P17320 - INFO - Email validado: revistajustitia@mpsp.mp.br
2025-05-22 05:01:07,940 - P17320 - INFO - Validando complemento: ['Saladas ']
2025-05-22 05:01:07,942 - P17320 - INFO - Limpando texto extenso para campo complement: Saladas ...
2025-05-22 05:01:07,943 - P17320 - INFO - Texto limpo: Saladas
2025-05-22 05:01:07,943 - P17320 - INFO - Complemento validado: Saladas
2025-05-22 05:01:07,943 - P17320 - INFO - Descobrindo cidade
2025-05-22 05:01:07,944 - P17320 - INFO - Buscando cidade: Rua Antonia Valverde Cruanes cidade SP
2025-05-22 05:01:10,705 - P17320 - WARNING - Cidade não encontrada
2025-05-22 05:01:10,705 - P17320 - INFO - Cidade descoberta: 
2025-05-22 05:01:10,706 - P17320 - INFO - Tempo de execução de processamento completo do médico: 66.61 segundos
2025-05-22 05:01:10,706 - P17320 - INFO - Resultado processado: {'Hash': 'f92348c989d498c81a213ce809ac09109b15886093fa0e1625613f54c533cc45', 'CRM': '51955', 'UF': 'SP', 'Firstname': 'EDILENE', 'LastName': 'CHAVES PUCCI', 'Medical specialty': '', 'Endereco Completo A1': 'Rua Antonia Valverde Cruanes, 70', 'Address A1': 'Rua Antonia Valverde Cruanes', 'Numero A1': '70', 'Complement A1': 'Saladas', 'Bairro A1': '', 'postal code A1': '', 'City A1': '', 'State A1': '', 'Phone A1': '19)3441-4246', 'Phone A2': '', 'Cell phone A1': '', 'Cell phone A2': '', 'E-mail A1': 'revistajustitia@mpsp.mp.br', 'E-mail A2': '', 'OPT-IN': '', 'STATUS': '', 'LOTE': ''}
2025-05-22 05:01:10,708 - P17320 - INFO - Progresso: 80.7%
2025-05-22 05:01:10,708 - P17320 - INFO - Executando coleta de lixo
2025-05-22 05:01:10,721 - P17320 - INFO - Após coleta de lixo Uso de memória: 128.63 MB
2025-05-22 05:01:10,721 - P17320 - INFO - Tempo de execução de processamento do médico 1: 67.95 segundos
2025-05-22 05:01:10,722 - P17320 - INFO - 
==================================================
Processando médico 2/3
2025-05-22 05:01:10,722 - P17320 - INFO - Nome: LIA RAQUEL MARIANO
2025-05-22 05:01:10,722 - P17320 - INFO - Início do processamento Uso de memória: 128.63 MB
2025-05-22 05:01:10,722 - P17320 - INFO - Iniciando busca para: LIA RAQUEL MARIANO CRM 52556 SP telefone e-mail endereço
2025-05-22 05:01:11,480 - P17320 - INFO - SearX results: 15 URLs
2025-05-22 05:01:11,481 - P17320 - INFO - Após SearX Uso de memória: 128.63 MB
2025-05-22 05:01:14,172 - P17320 - INFO - Google results: 10 URLs
2025-05-22 05:01:14,173 - P17320 - INFO - Após Google Uso de memória: 128.63 MB
2025-05-22 05:01:16,683 - P17320 - INFO - Bing results: 15 URLs
2025-05-22 05:01:16,683 - P17320 - INFO - Após Bing Uso de memória: 128.64 MB
2025-05-22 05:01:16,685 - P17320 - INFO - Total de URLs únicas: 27
2025-05-22 05:01:16,686 - P17320 - INFO - Processando URL 1/27: https://www.consultacrm.com.br/index/sis_login
2025-05-22 05:01:18,816 - P17320 - INFO - HTML salvo para debug: data\debug_html_v10\e56926aa25e0582d5c5b8aa167ed4b53.html
2025-05-22 05:01:18,830 - P17320 - INFO - Candidates address: 0 items
2025-05-22 05:01:18,830 - P17320 - INFO - Candidates phone: 0 items
2025-05-22 05:01:18,830 - P17320 - INFO - Candidates email: 0 items
2025-05-22 05:01:18,830 - P17320 - INFO - Candidates complement: 0 items
2025-05-22 05:01:18,830 - P17320 - INFO - Candidates cep: 0 items
2025-05-22 05:01:18,831 - P17320 - INFO - Após processar URL 1 Uso de memória: 128.65 MB
2025-05-22 05:01:18,831 - P17320 - INFO - Processando URL 2/27: https://osasco.sp.gov.br/site/wp-content/uploads/2022/02/iomo591.pdf
2025-05-22 05:01:18,831 - P17320 - INFO - Ignorando URL de arquivo não-HTML: https://osasco.sp.gov.br/site/wp-content/uploads/2022/02/iomo591.pdf
2025-05-22 05:01:18,831 - P17320 - INFO - Após processar URL 2 Uso de memória: 128.65 MB
2025-05-22 05:01:18,831 - P17320 - INFO - Processando URL 3/27: https://br.imigra.net/e/lia-raquel-balthazar-romano
2025-05-22 05:01:23,972 - P17320 - INFO - HTML salvo para debug: data\debug_html_v10\7d830f68aca28eb5881c07004cfa7a15.html
2025-05-22 05:01:23,987 - P17320 - INFO - Candidates address: 5 items
2025-05-22 05:01:23,988 - P17320 - INFO - Candidates phone: 1 items
2025-05-22 05:01:23,988 - P17320 - INFO - Candidates email: 0 items
2025-05-22 05:01:23,988 - P17320 - INFO - Candidates complement: 0 items
2025-05-22 05:01:23,988 - P17320 - INFO - Candidates cep: 2 items
2025-05-22 05:01:23,989 - P17320 - INFO - Após processar URL 3 Uso de memória: 128.65 MB
2025-05-22 05:01:23,989 - P17320 - INFO - Processando URL 4/27: https://guiamedico.cremesp.org.br/
2025-05-22 05:01:26,771 - P17320 - INFO - HTML salvo para debug: data\debug_html_v10\7c54969580769b63edd9abaa952e1fa2.html
2025-05-22 05:01:26,778 - P17320 - INFO - Candidates address: 1 items
2025-05-22 05:01:26,779 - P17320 - INFO - Candidates phone: 1 items
2025-05-22 05:01:26,779 - P17320 - INFO - Candidates email: 0 items
2025-05-22 05:01:26,779 - P17320 - INFO - Candidates complement: 0 items
2025-05-22 05:01:26,779 - P17320 - INFO - Candidates cep: 1 items
2025-05-22 05:01:26,779 - P17320 - INFO - Após processar URL 4 Uso de memória: 128.65 MB
2025-05-22 05:01:26,780 - P17320 - INFO - Processando URL 5/27: https://www.ioepa.com.br/pages/2019/2019.10.31.DOE.pdf
2025-05-22 05:01:26,780 - P17320 - INFO - Ignorando URL de arquivo não-HTML: https://www.ioepa.com.br/pages/2019/2019.10.31.DOE.pdf
2025-05-22 05:01:26,780 - P17320 - INFO - Após processar URL 5 Uso de memória: 128.65 MB
2025-05-22 05:01:26,780 - P17320 - INFO - Processando URL 6/27: https://www.consultacrm.com.br/index/profissionais
2025-05-22 05:01:30,152 - P17320 - INFO - HTML salvo para debug: data\debug_html_v10\ca7ac6c4b85cee4a2c1da9949f895117.html
2025-05-22 05:01:30,165 - P17320 - INFO - Candidates address: 0 items
2025-05-22 05:01:30,165 - P17320 - INFO - Candidates phone: 0 items
2025-05-22 05:01:30,166 - P17320 - INFO - Candidates email: 0 items
2025-05-22 05:01:30,166 - P17320 - INFO - Candidates complement: 0 items
2025-05-22 05:01:30,167 - P17320 - INFO - Candidates cep: 0 items
2025-05-22 05:01:30,169 - P17320 - INFO - Após processar URL 6 Uso de memória: 128.67 MB
2025-05-22 05:01:30,170 - P17320 - INFO - Processando URL 7/27: https://www.mpsp.mp.br/w/do_25_02_2022
2025-05-22 05:01:32,551 - P17320 - INFO - HTML salvo para debug: data\debug_html_v10\7b7842f38b9333c682fd0be00373d38a.html
2025-05-22 05:01:32,553 - P17320 - INFO - Candidates address: 0 items
2025-05-22 05:01:32,554 - P17320 - INFO - Candidates phone: 0 items
2025-05-22 05:01:32,554 - P17320 - INFO - Candidates email: 0 items
2025-05-22 05:01:32,554 - P17320 - INFO - Candidates complement: 0 items
2025-05-22 05:01:32,554 - P17320 - INFO - Candidates cep: 0 items
2025-05-22 05:01:32,555 - P17320 - INFO - Após processar URL 7 Uso de memória: 128.68 MB
2025-05-22 05:01:32,555 - P17320 - INFO - Processando URL 8/27: https://www.consultacrm.com.br/index/contato
2025-05-22 05:01:36,024 - P17320 - INFO - HTML salvo para debug: data\debug_html_v10\770622092e11df0ef8d0ed5d383f74a3.html
2025-05-22 05:01:36,036 - P17320 - INFO - Candidates address: 0 items
2025-05-22 05:01:36,037 - P17320 - INFO - Candidates phone: 0 items
2025-05-22 05:01:36,037 - P17320 - INFO - Candidates email: 0 items
2025-05-22 05:01:36,037 - P17320 - INFO - Candidates complement: 0 items
2025-05-22 05:01:36,037 - P17320 - INFO - Candidates cep: 0 items
2025-05-22 05:01:36,037 - P17320 - INFO - Após processar URL 8 Uso de memória: 128.68 MB
2025-05-22 05:01:36,037 - P17320 - INFO - Processando URL 9/27: https://www.portaltransparencia.gov.br/pessoa-fisica/busca/lista
2025-05-22 05:01:39,611 - P17320 - INFO - HTML salvo para debug: data\debug_html_v10\e200cdf64b71d4c9248718dd155b3edb.html
2025-05-22 05:01:39,648 - P17320 - INFO - Candidates address: 0 items
2025-05-22 05:01:39,649 - P17320 - INFO - Candidates phone: 0 items
2025-05-22 05:01:39,649 - P17320 - INFO - Candidates email: 0 items
2025-05-22 05:01:39,649 - P17320 - INFO - Candidates complement: 0 items
2025-05-22 05:01:39,649 - P17320 - INFO - Candidates cep: 0 items
2025-05-22 05:01:39,649 - P17320 - INFO - Após processar URL 9 Uso de memória: 128.68 MB
2025-05-22 05:01:39,649 - P17320 - INFO - Processando URL 10/27: https://www.consultacrm.com.br/index/api
2025-05-22 05:01:42,814 - P17320 - INFO - HTML salvo para debug: data\debug_html_v10\a1f22ffdf7e0eb1c02e28e1e38d3db87.html
2025-05-22 05:01:42,826 - P17320 - INFO - Candidates address: 0 items
2025-05-22 05:01:42,826 - P17320 - INFO - Candidates phone: 0 items
2025-05-22 05:01:42,827 - P17320 - INFO - Candidates email: 0 items
2025-05-22 05:01:42,827 - P17320 - INFO - Candidates complement: 0 items
2025-05-22 05:01:42,827 - P17320 - INFO - Candidates cep: 0 items
2025-05-22 05:01:42,828 - P17320 - INFO - Após processar URL 10 Uso de memória: 128.68 MB
2025-05-22 05:01:42,828 - P17320 - INFO - Processando URL 11/27: https://www.cremesp.com.br/index.php?siteAcao=DelegaciasRegionais&id=31
2025-05-22 05:01:45,088 - P17320 - INFO - HTML salvo para debug: data\debug_html_v10\24ccd302aee6b2f3e8a61f3185faa90f.html
2025-05-22 05:01:45,095 - P17320 - INFO - Candidates address: 0 items
2025-05-22 05:01:45,095 - P17320 - INFO - Candidates phone: 0 items
2025-05-22 05:01:45,095 - P17320 - INFO - Candidates email: 0 items
2025-05-22 05:01:45,095 - P17320 - INFO - Candidates complement: 0 items
2025-05-22 05:01:45,095 - P17320 - INFO - Candidates cep: 0 items
2025-05-22 05:01:45,096 - P17320 - INFO - Após processar URL 11 Uso de memória: 128.68 MB
2025-05-22 05:01:45,096 - P17320 - INFO - Processando URL 12/27: https://portal.cfm.org.br/busca-medicos
2025-05-22 05:01:49,039 - P17320 - INFO - HTML salvo para debug: data\debug_html_v10\e28ae84aaa177d1328f3a0d1fb68449f.html
2025-05-22 05:01:49,086 - P17320 - INFO - Candidates address: 0 items
2025-05-22 05:01:49,086 - P17320 - INFO - Candidates phone: 0 items
2025-05-22 05:01:49,086 - P17320 - INFO - Candidates email: 1 items
2025-05-22 05:01:49,086 - P17320 - INFO - Candidates complement: 1 items
2025-05-22 05:01:49,086 - P17320 - INFO - Candidates cep: 1 items
2025-05-22 05:01:49,087 - P17320 - INFO - Após processar URL 12 Uso de memória: 128.68 MB
2025-05-22 05:01:49,087 - P17320 - INFO - Processando URL 13/27: https://www.limeira.sp.gov.br/sitenovo/downloads/8b59d29a445ffd0910647589335b42ec.pdf
2025-05-22 05:01:49,087 - P17320 - INFO - Ignorando URL de arquivo não-HTML: https://www.limeira.sp.gov.br/sitenovo/downloads/8b59d29a445ffd0910647589335b42ec.pdf
2025-05-22 05:01:49,088 - P17320 - INFO - Após processar URL 13 Uso de memória: 122.29 MB
2025-05-22 05:01:49,088 - P17320 - INFO - Processando URL 14/27: https://www.classemedica.com.br/medico/188710-lia-raquel-mariano.htm
2025-05-22 05:01:55,082 - P17320 - INFO - HTML salvo para debug: data\debug_html_v10\6566b05913eb326d7c2ecc3a3f845315.html
2025-05-22 05:01:55,134 - P17320 - INFO - Candidates address: 0 items
2025-05-22 05:01:55,135 - P17320 - INFO - Candidates phone: 0 items
2025-05-22 05:01:55,135 - P17320 - INFO - Candidates email: 0 items
2025-05-22 05:01:55,136 - P17320 - INFO - Candidates complement: 0 items
2025-05-22 05:01:55,137 - P17320 - INFO - Candidates cep: 0 items
2025-05-22 05:01:55,140 - P17320 - INFO - Após processar URL 14 Uso de memória: 127.77 MB
2025-05-22 05:01:55,142 - P17320 - INFO - Processando URL 15/27: http://cremesp.org.br/
2025-05-22 05:02:00,293 - P17320 - INFO - HTML salvo para debug: data\debug_html_v10\2a967318246f9658edeb1e0469c871fe.html
2025-05-22 05:02:00,319 - P17320 - INFO - Candidates address: 1 items
2025-05-22 05:02:00,320 - P17320 - INFO - Candidates phone: 1 items
2025-05-22 05:02:00,320 - P17320 - INFO - Candidates email: 0 items
2025-05-22 05:02:00,320 - P17320 - INFO - Candidates complement: 0 items
2025-05-22 05:02:00,320 - P17320 - INFO - Candidates cep: 2 items
2025-05-22 05:02:00,320 - P17320 - INFO - Após processar URL 15 Uso de memória: 126.73 MB
2025-05-22 05:02:00,320 - P17320 - INFO - Processando URL 16/27: https://sistemas.trf1.jus.br/edj/bitstream/handle/123/62688/Caderno_JUD_MG_2015-10-15_VII_194.pdf?sequence=3&isAllowed=y
2025-05-22 05:02:00,321 - P17320 - INFO - Ignorando URL de arquivo não-HTML: https://sistemas.trf1.jus.br/edj/bitstream/handle/123/62688/Caderno_JUD_MG_2015-10-15_VII_194.pdf?sequence=3&isAllowed=y
2025-05-22 05:02:00,321 - P17320 - INFO - Após processar URL 16 Uso de memória: 126.73 MB
2025-05-22 05:02:00,321 - P17320 - INFO - Processando URL 17/27: https://educacao.mogimirim.sp.gov.br/uploads/jornal/24044/RAjFYZEJiakE0NO1YpThyCLaccHA_Bvt.pdf
2025-05-22 05:02:00,321 - P17320 - INFO - Ignorando URL de arquivo não-HTML: https://educacao.mogimirim.sp.gov.br/uploads/jornal/24044/RAjFYZEJiakE0NO1YpThyCLaccHA_Bvt.pdf
2025-05-22 05:02:00,322 - P17320 - INFO - Após processar URL 17 Uso de memória: 126.73 MB
2025-05-22 05:02:00,322 - P17320 - INFO - Processando URL 18/27: https://cj.estrategia.com/portal/wp-content/uploads/2023/07/25071249/diarioOficial-2023-07-25T065031.252-1.pdf
2025-05-22 05:02:00,322 - P17320 - INFO - Ignorando URL de arquivo não-HTML: https://cj.estrategia.com/portal/wp-content/uploads/2023/07/25071249/diarioOficial-2023-07-25T065031.252-1.pdf
2025-05-22 05:02:00,322 - P17320 - INFO - Após processar URL 18 Uso de memória: 126.73 MB
2025-05-22 05:02:00,322 - P17320 - INFO - Processando URL 19/27: https://osasco.sp.gov.br/site/wp-content/uploads/2022/02/iomo592.pdf
2025-05-22 05:02:00,322 - P17320 - INFO - Ignorando URL de arquivo não-HTML: https://osasco.sp.gov.br/site/wp-content/uploads/2022/02/iomo592.pdf
2025-05-22 05:02:00,323 - P17320 - INFO - Após processar URL 19 Uso de memória: 126.73 MB
2025-05-22 05:02:00,323 - P17320 - INFO - Processando URL 20/27: https://deoab.oab.org.br/assets/diarios/diario-eletronico-oab-17-04-2019.pdf
2025-05-22 05:02:00,323 - P17320 - INFO - Ignorando URL de arquivo não-HTML: https://deoab.oab.org.br/assets/diarios/diario-eletronico-oab-17-04-2019.pdf
2025-05-22 05:02:00,323 - P17320 - INFO - Após processar URL 20 Uso de memória: 126.73 MB
2025-05-22 05:02:00,323 - P17320 - INFO - Processando URL 21/27: https://www.consultacrm.com.br/index/maisvistos
2025-05-22 05:02:05,024 - P17320 - INFO - HTML salvo para debug: data\debug_html_v10\9a17d88beef1266c6e4649221409a571.html
2025-05-22 05:02:05,034 - P17320 - INFO - Candidates address: 0 items
2025-05-22 05:02:05,034 - P17320 - INFO - Candidates phone: 0 items
2025-05-22 05:02:05,034 - P17320 - INFO - Candidates email: 0 items
2025-05-22 05:02:05,035 - P17320 - INFO - Candidates complement: 0 items
2025-05-22 05:02:05,035 - P17320 - INFO - Candidates cep: 0 items
2025-05-22 05:02:05,035 - P17320 - INFO - Após processar URL 21 Uso de memória: 127.21 MB
2025-05-22 05:02:05,035 - P17320 - INFO - Processando URL 22/27: https://www.consultacrm.com.br/index/especialidades
2025-05-22 05:02:08,279 - P17320 - INFO - HTML salvo para debug: data\debug_html_v10\3cb327d5e0f962fa7a1db5a948fb6f40.html
2025-05-22 05:02:08,396 - P17320 - INFO - Candidates address: 0 items
2025-05-22 05:02:08,396 - P17320 - INFO - Candidates phone: 0 items
2025-05-22 05:02:08,396 - P17320 - INFO - Candidates email: 0 items
2025-05-22 05:02:08,397 - P17320 - INFO - Candidates complement: 0 items
2025-05-22 05:02:08,397 - P17320 - INFO - Candidates cep: 0 items
2025-05-22 05:02:08,397 - P17320 - INFO - Após processar URL 22 Uso de memória: 128.56 MB
2025-05-22 05:02:08,397 - P17320 - INFO - Processando URL 23/27: https://www.consultacrm.com.br/?uf=SP
2025-05-22 05:02:12,254 - P17320 - INFO - HTML salvo para debug: data\debug_html_v10\60d20285cf74ceed0f862951f9b2b598.html
2025-05-22 05:02:12,271 - P17320 - INFO - Candidates address: 0 items
2025-05-22 05:02:12,272 - P17320 - INFO - Candidates phone: 0 items
2025-05-22 05:02:12,275 - P17320 - INFO - Candidates email: 0 items
2025-05-22 05:02:12,275 - P17320 - INFO - Candidates complement: 0 items
2025-05-22 05:02:12,278 - P17320 - INFO - Candidates cep: 0 items
2025-05-22 05:02:12,280 - P17320 - INFO - Após processar URL 23 Uso de memória: 128.76 MB
2025-05-22 05:02:12,283 - P17320 - INFO - Processando URL 24/27: https://www.planetabrasileiro.com/lia-raquel-balthazar-romano-vl-mariana-sao-paulo-sp-F1B0CC70412D5
2025-05-22 05:02:15,244 - P17320 - INFO - HTML salvo para debug: data\debug_html_v10\e03599ad95820c606a93f361b2dc953d.html
2025-05-22 05:02:15,260 - P17320 - INFO - Candidates address: 0 items
2025-05-22 05:02:15,261 - P17320 - INFO - Candidates phone: 0 items
2025-05-22 05:02:15,261 - P17320 - INFO - Candidates email: 0 items
2025-05-22 05:02:15,261 - P17320 - INFO - Candidates complement: 0 items
2025-05-22 05:02:15,261 - P17320 - INFO - Candidates cep: 0 items
2025-05-22 05:02:15,261 - P17320 - INFO - Após processar URL 24 Uso de memória: 128.77 MB
2025-05-22 05:02:15,262 - P17320 - INFO - Processando URL 25/27: http://www.ioepa.com.br/arquivos/2016/2016.11.29.DOE.pdf
2025-05-22 05:02:15,262 - P17320 - INFO - Ignorando URL de arquivo não-HTML: http://www.ioepa.com.br/arquivos/2016/2016.11.29.DOE.pdf
2025-05-22 05:02:15,262 - P17320 - INFO - Após processar URL 25 Uso de memória: 128.77 MB
2025-05-22 05:02:15,262 - P17320 - INFO - Processando URL 26/27: https://cnpj.biz/01868665000184
2025-05-22 05:02:19,914 - P17320 - INFO - HTML salvo para debug: data\debug_html_v10\41c43e53ea2c99c124d2f14ba1eeb7b3.html
2025-05-22 05:02:19,941 - P17320 - INFO - Candidates address: 2 items
2025-05-22 05:02:19,941 - P17320 - INFO - Candidates phone: 1 items
2025-05-22 05:02:19,941 - P17320 - INFO - Candidates email: 1 items
2025-05-22 05:02:19,941 - P17320 - INFO - Candidates complement: 0 items
2025-05-22 05:02:19,942 - P17320 - INFO - Candidates cep: 2 items
2025-05-22 05:02:19,942 - P17320 - INFO - Após processar URL 26 Uso de memória: 128.81 MB
2025-05-22 05:02:19,944 - P17320 - INFO - Processando URL 27/27: https://consultacrm.com.br/
2025-05-22 05:02:23,291 - P17320 - INFO - HTML salvo para debug: data\debug_html_v10\65cadeb91ac3713432c21b535990f440.html
2025-05-22 05:02:23,302 - P17320 - INFO - Candidates address: 0 items
2025-05-22 05:02:23,302 - P17320 - INFO - Candidates phone: 0 items
2025-05-22 05:02:23,303 - P17320 - INFO - Candidates email: 0 items
2025-05-22 05:02:23,303 - P17320 - INFO - Candidates complement: 0 items
2025-05-22 05:02:23,303 - P17320 - INFO - Candidates cep: 0 items
2025-05-22 05:02:23,303 - P17320 - INFO - Após processar URL 27 Uso de memória: 128.83 MB
2025-05-22 05:02:23,304 - P17320 - INFO - Iniciando agregação e ranqueamento
2025-05-22 05:02:23,304 - P17320 - INFO - Ranked address: 8 items
2025-05-22 05:02:23,304 - P17320 - INFO - Ranked phone: 3 items
2025-05-22 05:02:23,305 - P17320 - INFO - Ranked email: 2 items
2025-05-22 05:02:23,305 - P17320 - INFO - Ranked complement: 1 items
2025-05-22 05:02:23,306 - P17320 - INFO - Ranked cep: 7 items
2025-05-22 05:02:23,306 - P17320 - INFO - Após agregação Uso de memória: 128.83 MB
2025-05-22 05:02:23,306 - P17320 - INFO - Validando endereço: ['Rua Frei Caneca, 1282', 'Rua Doutor Diogo de Faria , 892', 'Rua Teodoro Sampaio, 352']
2025-05-22 05:02:23,306 - P17320 - INFO - Endereço validado: Rua Frei Caneca, 1282
2025-05-22 05:02:23,307 - P17320 - INFO - Limpando texto extenso para campo address: Rua Frei Caneca, 1282...
2025-05-22 05:02:23,307 - P17320 - INFO - Texto limpo: Rua Frei Caneca, 1282
2025-05-22 05:02:23,307 - P17320 - INFO - Validando telefone: ['(11) 4349-9900', '(11) 5579-5761', '(11) 2364-7106']
2025-05-22 05:02:23,307 - P17320 - INFO - Limpando texto extenso para campo phone: (11) 4349-9900...
2025-05-22 05:02:23,308 - P17320 - INFO - Texto limpo: 11) 4349-9900
2025-05-22 05:02:23,308 - P17320 - INFO - Telefone validado: 11) 4349-9900
2025-05-22 05:02:23,308 - P17320 - INFO - Validando email: ['cfm@portalmedico.org.br', 'comercial@roaassessoria.com.br']
2025-05-22 05:02:23,308 - P17320 - INFO - Limpando texto extenso para campo email: cfm@portalmedico.org.br...
2025-05-22 05:02:23,308 - P17320 - INFO - Texto limpo: cfm@portalmedico.org.br
2025-05-22 05:02:23,309 - P17320 - INFO - Email validado: cfm@portalmedico.org.br
2025-05-22 05:02:23,309 - P17320 - INFO - Validando complemento: ['Conjunto D']
2025-05-22 05:02:23,309 - P17320 - INFO - Limpando texto extenso para campo complement: Conjunto D...
2025-05-22 05:02:23,309 - P17320 - INFO - Texto limpo: Conjunto D
2025-05-22 05:02:23,309 - P17320 - INFO - Complemento validado: Conjunto D
2025-05-22 05:02:23,310 - P17320 - INFO - Descobrindo cidade
2025-05-22 05:02:23,310 - P17320 - INFO - Buscando cidade: Rua Frei Caneca cidade SP
2025-05-22 05:02:25,949 - P17320 - WARNING - Cidade não encontrada
2025-05-22 05:02:25,949 - P17320 - INFO - Cidade descoberta: 
2025-05-22 05:02:25,950 - P17320 - INFO - Tempo de execução de processamento completo do médico: 75.23 segundos
2025-05-22 05:02:25,950 - P17320 - INFO - Resultado processado: {'Hash': '1928a70bbacc95dec3c0677aa83a2bc2f9900aaf279ace3f9851b96f47976e33', 'CRM': '52556', 'UF': 'SP', 'Firstname': 'LIA', 'LastName': 'RAQUEL MARIANO', 'Medical specialty': '', 'Endereco Completo A1': 'Rua Frei Caneca, 1282', 'Address A1': 'Rua Frei Caneca', 'Numero A1': '1282', 'Complement A1': 'Conjunto D', 'Bairro A1': '', 'postal code A1': '', 'City A1': '', 'State A1': '', 'Phone A1': '11) 4349-9900', 'Phone A2': '', 'Cell phone A1': '', 'Cell phone A2': '', 'E-mail A1': 'cfm@portalmedico.org.br', 'E-mail A2': '', 'OPT-IN': '', 'STATUS': '', 'LOTE': ''}
2025-05-22 05:02:25,951 - P17320 - INFO - Progresso: 81.1%
2025-05-22 05:02:25,951 - P17320 - INFO - Tempo de execução de processamento do médico 2: 75.23 segundos
2025-05-22 05:02:25,952 - P17320 - INFO - 
==================================================
Processando médico 3/3
2025-05-22 05:02:25,952 - P17320 - INFO - Nome: JEA MYUNG YOO
2025-05-22 05:02:25,952 - P17320 - INFO - Início do processamento Uso de memória: 121.36 MB
2025-05-22 05:02:25,952 - P17320 - INFO - Iniciando busca para: JEA MYUNG YOO CRM 54123 SP telefone e-mail endereço
2025-05-22 05:02:26,826 - P17320 - INFO - SearX results: 13 URLs
2025-05-22 05:02:26,827 - P17320 - INFO - Após SearX Uso de memória: 121.36 MB
2025-05-22 05:02:29,477 - P17320 - INFO - Google results: 1 URLs
2025-05-22 05:02:29,477 - P17320 - INFO - Após Google Uso de memória: 123.94 MB
2025-05-22 05:02:32,340 - P17320 - INFO - Bing results: 10 URLs
2025-05-22 05:02:32,340 - P17320 - INFO - Após Bing Uso de memória: 125.89 MB
2025-05-22 05:02:32,340 - P17320 - INFO - Total de URLs únicas: 14
2025-05-22 05:02:32,340 - P17320 - INFO - Processando URL 1/14: https://www.doctoralia.com.br/jea-myung-yoo/medico-clinico-geral/ibiuna
2025-05-22 05:02:32,340 - P17320 - INFO - Ignorando URL de arquivo não-HTML: https://www.doctoralia.com.br/jea-myung-yoo/medico-clinico-geral/ibiuna
2025-05-22 05:02:32,341 - P17320 - INFO - Após processar URL 1 Uso de memória: 125.89 MB
2025-05-22 05:02:32,341 - P17320 - INFO - Processando URL 2/14: https://www.doctoralia.com.br/medico-clinico-geral/ibiuna
2025-05-22 05:02:32,341 - P17320 - INFO - Ignorando URL de arquivo não-HTML: https://www.doctoralia.com.br/medico-clinico-geral/ibiuna
2025-05-22 05:02:32,341 - P17320 - INFO - Após processar URL 2 Uso de memória: 125.89 MB
2025-05-22 05:02:32,341 - P17320 - INFO - Processando URL 3/14: https://www.doctoralia.com.br/ibiuna/centro359
2025-05-22 05:02:32,341 - P17320 - INFO - Ignorando URL de arquivo não-HTML: https://www.doctoralia.com.br/ibiuna/centro359
2025-05-22 05:02:32,342 - P17320 - INFO - Após processar URL 3 Uso de memória: 125.89 MB
2025-05-22 05:02:32,342 - P17320 - INFO - Processando URL 4/14: https://www.crm-sp.org.br/?siteAcao=Contatos&dep=cad
2025-05-22 05:02:34,535 - P17320 - INFO - HTML salvo para debug: data\debug_html_v10\9d7a012bd98a105b7c4d3b953105f1bf.html
2025-05-22 05:02:34,543 - P17320 - INFO - Candidates address: 0 items
2025-05-22 05:02:34,544 - P17320 - INFO - Candidates phone: 0 items
2025-05-22 05:02:34,544 - P17320 - INFO - Candidates email: 0 items
2025-05-22 05:02:34,544 - P17320 - INFO - Candidates complement: 0 items
2025-05-22 05:02:34,544 - P17320 - INFO - Candidates cep: 0 items
2025-05-22 05:02:34,545 - P17320 - INFO - Após processar URL 4 Uso de memória: 126.38 MB
2025-05-22 05:02:34,545 - P17320 - INFO - Processando URL 5/14: https://www.doklist.com.br/dok/29517/
2025-05-22 05:02:38,967 - P17320 - INFO - HTML salvo para debug: data\debug_html_v10\ebe09ad82129d69603c17028fdb7f448.html
2025-05-22 05:02:38,980 - P17320 - INFO - Candidates address: 0 items
2025-05-22 05:02:38,980 - P17320 - INFO - Candidates phone: 1 items
2025-05-22 05:02:38,980 - P17320 - INFO - Candidates email: 1 items
2025-05-22 05:02:38,981 - P17320 - INFO - Candidates complement: 0 items
2025-05-22 05:02:38,981 - P17320 - INFO - Candidates cep: 1 items
2025-05-22 05:02:38,981 - P17320 - INFO - Após processar URL 5 Uso de memória: 126.66 MB
2025-05-22 05:02:38,982 - P17320 - INFO - Processando URL 6/14: https://www.crmsp.org.br/?siteAcao=Jornal&id=264
2025-05-22 05:02:44,089 - P17320 - INFO - HTML salvo para debug: data\debug_html_v10\4f88d580b4be24df33e82c3d15d2894a.html
2025-05-22 05:02:44,097 - P17320 - INFO - Candidates address: 0 items
2025-05-22 05:02:44,098 - P17320 - INFO - Candidates phone: 0 items
2025-05-22 05:02:44,098 - P17320 - INFO - Candidates email: 0 items
2025-05-22 05:02:44,098 - P17320 - INFO - Candidates complement: 0 items
2025-05-22 05:02:44,099 - P17320 - INFO - Candidates cep: 0 items
2025-05-22 05:02:44,099 - P17320 - INFO - Após processar URL 6 Uso de memória: 126.76 MB
2025-05-22 05:02:44,099 - P17320 - INFO - Processando URL 7/14: https://guiamedico.cremesp.org.br/
2025-05-22 05:02:46,843 - P17320 - INFO - HTML salvo para debug: data\debug_html_v10\7c54969580769b63edd9abaa952e1fa2.html
2025-05-22 05:02:46,849 - P17320 - INFO - Candidates address: 1 items
2025-05-22 05:02:46,849 - P17320 - INFO - Candidates phone: 1 items
2025-05-22 05:02:46,849 - P17320 - INFO - Candidates email: 0 items
2025-05-22 05:02:46,849 - P17320 - INFO - Candidates complement: 0 items
2025-05-22 05:02:46,850 - P17320 - INFO - Candidates cep: 1 items
2025-05-22 05:02:46,850 - P17320 - INFO - Após processar URL 7 Uso de memória: 126.90 MB
2025-05-22 05:02:46,850 - P17320 - INFO - Processando URL 8/14: https://www.consultasocio.com/q/sa/jea-myung-yoo/
2025-05-22 05:02:51,826 - P17320 - INFO - HTML salvo para debug: data\debug_html_v10\5797d5a88400f5d0a653ced9eada14e4.html
2025-05-22 05:02:51,833 - P17320 - INFO - Candidates address: 1 items
2025-05-22 05:02:51,833 - P17320 - INFO - Candidates phone: 0 items
2025-05-22 05:02:51,833 - P17320 - INFO - Candidates email: 1 items
2025-05-22 05:02:51,833 - P17320 - INFO - Candidates complement: 0 items
2025-05-22 05:02:51,833 - P17320 - INFO - Candidates cep: 2 items
2025-05-22 05:02:51,833 - P17320 - INFO - Após processar URL 8 Uso de memória: 127.01 MB
2025-05-22 05:02:51,834 - P17320 - INFO - Processando URL 9/14: https://www.consultacrm.com.br/index/medicos/uid-90b95054-f5c5-11ec-9e74-0a4aa568c625/jea_myung_yoo
2025-05-22 05:02:55,558 - P17320 - INFO - HTML salvo para debug: data\debug_html_v10\72cd6cb7fa85ca75c2d2c131817e0d60.html
2025-05-22 05:02:55,569 - P17320 - INFO - Candidates address: 0 items
2025-05-22 05:02:55,570 - P17320 - INFO - Candidates phone: 0 items
2025-05-22 05:02:55,572 - P17320 - INFO - Candidates email: 0 items
2025-05-22 05:02:55,572 - P17320 - INFO - Candidates complement: 0 items
2025-05-22 05:02:55,573 - P17320 - INFO - Candidates cep: 0 items
2025-05-22 05:02:55,573 - P17320 - INFO - Após processar URL 9 Uso de memória: 127.36 MB
2025-05-22 05:02:55,574 - P17320 - INFO - Processando URL 10/14: https://portal.cfm.org.br/busca-medicos
2025-05-22 05:02:59,263 - P17320 - INFO - HTML salvo para debug: data\debug_html_v10\e28ae84aaa177d1328f3a0d1fb68449f.html
2025-05-22 05:02:59,313 - P17320 - INFO - Candidates address: 0 items
2025-05-22 05:02:59,313 - P17320 - INFO - Candidates phone: 0 items
2025-05-22 05:02:59,313 - P17320 - INFO - Candidates email: 1 items
2025-05-22 05:02:59,313 - P17320 - INFO - Candidates complement: 1 items
2025-05-22 05:02:59,313 - P17320 - INFO - Candidates cep: 1 items
2025-05-22 05:02:59,314 - P17320 - INFO - Após processar URL 10 Uso de memória: 127.58 MB
2025-05-22 05:02:59,314 - P17320 - INFO - Processando URL 11/14: https://www.cremesp.org.br/?siteAcao=Jornal&id=264
2025-05-22 05:03:03,683 - P17320 - INFO - HTML salvo para debug: data\debug_html_v10\35d6200503b58059669231904c8e5692.html
2025-05-22 05:03:03,712 - P17320 - INFO - Candidates address: 1 items
2025-05-22 05:03:03,716 - P17320 - INFO - Candidates phone: 2 items
2025-05-22 05:03:03,720 - P17320 - INFO - Candidates email: 0 items
2025-05-22 05:03:03,722 - P17320 - INFO - Candidates complement: 0 items
2025-05-22 05:03:03,726 - P17320 - INFO - Candidates cep: 1 items
2025-05-22 05:03:03,726 - P17320 - INFO - Após processar URL 11 Uso de memória: 127.60 MB
2025-05-22 05:03:03,727 - P17320 - INFO - Processando URL 12/14: https://www.catalogo.med.br/doutor/jea-myung-yoo-437875.htm
2025-05-22 05:03:05,957 - P17320 - INFO - HTML salvo para debug: data\debug_html_v10\82d8b091201985cc8bd4da1fbf86a24e.html
2025-05-22 05:03:05,959 - P17320 - INFO - Candidates address: 0 items
2025-05-22 05:03:05,960 - P17320 - INFO - Candidates phone: 0 items
2025-05-22 05:03:05,960 - P17320 - INFO - Candidates email: 1 items
2025-05-22 05:03:05,960 - P17320 - INFO - Candidates complement: 0 items
2025-05-22 05:03:05,960 - P17320 - INFO - Candidates cep: 0 items
2025-05-22 05:03:05,960 - P17320 - INFO - Após processar URL 12 Uso de memória: 127.60 MB
2025-05-22 05:03:05,961 - P17320 - INFO - Processando URL 13/14: https://consultacrm.com.br/
2025-05-22 05:03:09,124 - P17320 - INFO - HTML salvo para debug: data\debug_html_v10\65cadeb91ac3713432c21b535990f440.html
2025-05-22 05:03:09,136 - P17320 - INFO - Candidates address: 0 items
2025-05-22 05:03:09,136 - P17320 - INFO - Candidates phone: 0 items
2025-05-22 05:03:09,137 - P17320 - INFO - Candidates email: 0 items
2025-05-22 05:03:09,137 - P17320 - INFO - Candidates complement: 0 items
2025-05-22 05:03:09,137 - P17320 - INFO - Candidates cep: 0 items
2025-05-22 05:03:09,137 - P17320 - INFO - Após processar URL 13 Uso de memória: 128.33 MB
2025-05-22 05:03:09,137 - P17320 - INFO - Processando URL 14/14: https://transparencia.cremesp.org.br/?siteAcao=guia_medico
2025-05-22 05:03:11,649 - P17320 - INFO - HTML salvo para debug: data\debug_html_v10\cb80cc007a72cc7a378681a92a58906a.html
2025-05-22 05:03:11,720 - P17320 - INFO - Candidates address: 1 items
2025-05-22 05:03:11,735 - P17320 - INFO - Candidates phone: 0 items
2025-05-22 05:03:11,755 - P17320 - INFO - Candidates email: 0 items
2025-05-22 05:03:11,761 - P17320 - INFO - Candidates complement: 0 items
2025-05-22 05:03:11,764 - P17320 - INFO - Candidates cep: 1 items
2025-05-22 05:03:11,766 - P17320 - INFO - Após processar URL 14 Uso de memória: 128.40 MB
2025-05-22 05:03:11,767 - P17320 - INFO - Iniciando agregação e ranqueamento
2025-05-22 05:03:11,768 - P17320 - INFO - Ranked address: 2 items
2025-05-22 05:03:11,771 - P17320 - INFO - Ranked phone: 3 items
2025-05-22 05:03:11,772 - P17320 - INFO - Ranked email: 4 items
2025-05-22 05:03:11,775 - P17320 - INFO - Ranked complement: 1 items
2025-05-22 05:03:11,776 - P17320 - INFO - Ranked cep: 5 items
2025-05-22 05:03:11,782 - P17320 - INFO - Após agregação Uso de memória: 128.40 MB
2025-05-22 05:03:11,783 - P17320 - INFO - Validando endereço: ['Rua Frei Caneca, 1282', 'Rua Frederico Costa, 98']
2025-05-22 05:03:11,783 - P17320 - INFO - Endereço validado: Rua Frei Caneca, 1282
2025-05-22 05:03:11,783 - P17320 - INFO - Limpando texto extenso para campo address: Rua Frei Caneca, 1282...
2025-05-22 05:03:11,783 - P17320 - INFO - Texto limpo: Rua Frei Caneca, 1282
2025-05-22 05:03:11,784 - P17320 - INFO - Validando telefone: ['(11) 4349-9900', '(11) 4711-3000', '(11) 5908-5640']
2025-05-22 05:03:11,785 - P17320 - INFO - Limpando texto extenso para campo phone: (11) 4349-9900...
2025-05-22 05:03:11,790 - P17320 - INFO - Texto limpo: 11) 4349-9900
2025-05-22 05:03:11,792 - P17320 - INFO - Telefone validado: 11) 4349-9900
2025-05-22 05:03:11,794 - P17320 - INFO - Validando email: ['info@doklist.com.br', 'dilenio@gmail.com', 'cfm@portalmedico.org.br']
2025-05-22 05:03:11,794 - P17320 - INFO - Limpando texto extenso para campo email: info@doklist.com.br...
2025-05-22 05:03:11,794 - P17320 - INFO - Texto limpo: info@doklist.com.br
2025-05-22 05:03:11,797 - P17320 - INFO - Email validado: info@doklist.com.br
2025-05-22 05:03:11,799 - P17320 - INFO - Validando complemento: ['Conjunto D']
2025-05-22 05:03:11,800 - P17320 - INFO - Limpando texto extenso para campo complement: Conjunto D...
2025-05-22 05:03:11,800 - P17320 - INFO - Texto limpo: Conjunto D
2025-05-22 05:03:11,805 - P17320 - INFO - Complemento validado: Conjunto D
2025-05-22 05:03:11,818 - P17320 - INFO - Descobrindo cidade
2025-05-22 05:03:11,821 - P17320 - INFO - Buscando cidade: Rua Frei Caneca cidade SP
2025-05-22 05:03:14,448 - P17320 - WARNING - Cidade não encontrada
2025-05-22 05:03:14,451 - P17320 - INFO - Cidade descoberta: 
2025-05-22 05:03:14,451 - P17320 - INFO - Tempo de execução de processamento completo do médico: 48.50 segundos
2025-05-22 05:03:14,452 - P17320 - INFO - Resultado processado: {'Hash': '1ecad4a82390f109bcd334c0a781be5c6c4de9c5e61eec675057d6ac5b4f5f45', 'CRM': '54123', 'UF': 'SP', 'Firstname': 'JEA', 'LastName': 'MYUNG YOO', 'Medical specialty': '', 'Endereco Completo A1': 'Rua Frei Caneca, 1282', 'Address A1': 'Rua Frei Caneca', 'Numero A1': '1282', 'Complement A1': 'Conjunto D', 'Bairro A1': '', 'postal code A1': '', 'City A1': '', 'State A1': '', 'Phone A1': '11) 4349-9900', 'Phone A2': '', 'Cell phone A1': '', 'Cell phone A2': '', 'E-mail A1': 'info@doklist.com.br', 'E-mail A2': '', 'OPT-IN': '', 'STATUS': '', 'LOTE': ''}
2025-05-22 05:03:14,455 - P17320 - INFO - Salvando lote de resultados
2025-05-22 05:03:14,456 - P17320 - INFO - Após salvar resultados Uso de memória: 128.54 MB
2025-05-22 05:03:14,457 - P17320 - INFO - Progresso: 81.2%
2025-05-22 05:03:14,468 - P17320 - INFO - Tempo de execução de processamento do médico 3: 48.52 segundos
2025-05-22 05:03:14,468 - P17320 - INFO - Tempo de execução de processamento do lote completo: 191.70 segundos
