2025-05-22 03:59:58,776 - P11992 - INFO - 
==================================================
Processando médico 1/3
2025-05-22 03:59:58,776 - P11992 - INFO - Nome: WESLEY MOREIRA VIEIRA
2025-05-22 03:59:58,777 - P11992 - INFO - Reiniciando driver do Chrome
2025-05-22 04:00:00,049 - P11992 - INFO - Após reiniciar driver Uso de memória: 137.04 MB
2025-05-22 04:00:00,050 - P11992 - INFO - Início do processamento Uso de memória: 137.04 MB
2025-05-22 04:00:00,050 - P11992 - INFO - Iniciando busca para: WESLEY MOREIRA VIEIRA CRM 66197 MG telefone e-mail endereço
2025-05-22 04:00:01,044 - P11992 - INFO - SearX results: 15 URLs
2025-05-22 04:00:01,044 - P11992 - INFO - Após SearX Uso de memória: 137.06 MB
2025-05-22 04:00:03,802 - P11992 - INFO - Google results: 14 URLs
2025-05-22 04:00:03,804 - P11992 - INFO - Após Google Uso de memória: 138.13 MB
2025-05-22 04:00:06,524 - P11992 - INFO - Bing results: 10 URLs
2025-05-22 04:00:06,524 - P11992 - INFO - Após Bing Uso de memória: 139.10 MB
2025-05-22 04:00:06,525 - P11992 - INFO - Total de URLs únicas: 26
2025-05-22 04:00:06,525 - P11992 - INFO - Processando URL 1/26: https://servicos.sjc.sp.gov.br/governo/boletim/boletimPDF/2015081018021853a60dde-ec22-4570-95b8-d9bfef105777.pdf
2025-05-22 04:00:06,525 - P11992 - INFO - Ignorando URL de arquivo não-HTML: https://servicos.sjc.sp.gov.br/governo/boletim/boletimPDF/2015081018021853a60dde-ec22-4570-95b8-d9bfef105777.pdf
2025-05-22 04:00:06,525 - P11992 - INFO - Após processar URL 1 Uso de memória: 139.10 MB
2025-05-22 04:00:06,526 - P11992 - INFO - Processando URL 2/26: https://cnpj.biz/18545214000109
2025-05-22 04:00:08,974 - P11992 - INFO - HTML salvo para debug: data\debug_html_v10\6c5afff713b3bf9813b1ec694977d9a7.html
2025-05-22 04:00:08,990 - P11992 - INFO - Candidates address: 2 items
2025-05-22 04:00:08,991 - P11992 - INFO - Candidates phone: 2 items
2025-05-22 04:00:08,992 - P11992 - INFO - Candidates email: 1 items
2025-05-22 04:00:08,993 - P11992 - INFO - Candidates complement: 0 items
2025-05-22 04:00:08,993 - P11992 - INFO - Candidates cep: 2 items
2025-05-22 04:00:08,994 - P11992 - INFO - Após processar URL 2 Uso de memória: 139.46 MB
2025-05-22 04:00:08,995 - P11992 - INFO - Processando URL 3/26: https://www.fsfx.com.br/noticias/alzheimer-neurologista-explica-a-importancia-de-abordar-a-prevencao/
2025-05-22 04:00:17,562 - P11992 - INFO - HTML salvo para debug: data\debug_html_v10\8b0a824af3f27c8a2ca5a1cdb44570e6.html
2025-05-22 04:00:17,899 - P11992 - INFO - Candidates address: 1 items
2025-05-22 04:00:17,899 - P11992 - INFO - Candidates phone: 2 items
2025-05-22 04:00:17,900 - P11992 - INFO - Candidates email: 0 items
2025-05-22 04:00:17,902 - P11992 - INFO - Candidates complement: 0 items
2025-05-22 04:00:17,903 - P11992 - INFO - Candidates cep: 1 items
2025-05-22 04:00:17,905 - P11992 - INFO - Após processar URL 3 Uso de memória: 131.71 MB
2025-05-22 04:00:17,906 - P11992 - INFO - Processando URL 4/26: https://www.doctoralia.com.br/paula-moreira-vieira/ginecologista/sao-paulo
2025-05-22 04:00:17,907 - P11992 - INFO - Ignorando URL de arquivo não-HTML: https://www.doctoralia.com.br/paula-moreira-vieira/ginecologista/sao-paulo
2025-05-22 04:00:17,909 - P11992 - INFO - Após processar URL 4 Uso de memória: 130.77 MB
2025-05-22 04:00:17,918 - P11992 - INFO - Processando URL 5/26: https://sistemas.trf1.jus.br/edj/bitstream/handle/123/331939/Parte1-Caderno_JUD_MG_2018-04-10_X_62.pdf?sequence=2&isAllowed=y
2025-05-22 04:00:17,920 - P11992 - INFO - Ignorando URL de arquivo não-HTML: https://sistemas.trf1.jus.br/edj/bitstream/handle/123/331939/Parte1-Caderno_JUD_MG_2018-04-10_X_62.pdf?sequence=2&isAllowed=y
2025-05-22 04:00:17,920 - P11992 - INFO - Após processar URL 5 Uso de memória: 130.77 MB
2025-05-22 04:00:17,920 - P11992 - INFO - Processando URL 6/26: https://ipatinga.skylinq.com.br/Dr.-Wesley-Moreira-Vieira-IPATINGA-skymap-4449199.htm
2025-05-22 04:00:21,305 - P11992 - INFO - HTML salvo para debug: data\debug_html_v10\965f38f0af4a126173d6fc80393f09f6.html
2025-05-22 04:00:21,314 - P11992 - INFO - Candidates address: 1 items
2025-05-22 04:00:21,315 - P11992 - INFO - Candidates phone: 2 items
2025-05-22 04:00:21,317 - P11992 - INFO - Candidates email: 0 items
2025-05-22 04:00:21,317 - P11992 - INFO - Candidates complement: 0 items
2025-05-22 04:00:21,319 - P11992 - INFO - Candidates cep: 1 items
2025-05-22 04:00:21,323 - P11992 - INFO - Após processar URL 6 Uso de memória: 131.06 MB
2025-05-22 04:00:21,325 - P11992 - INFO - Processando URL 7/26: https://listamedicos.com/medico/wesley-moreira-vieira
2025-05-22 04:00:25,320 - P11992 - INFO - HTML salvo para debug: data\debug_html_v10\28e75592103d0d45872565b1f7b79ff6.html
2025-05-22 04:00:25,330 - P11992 - INFO - Candidates address: 1 items
2025-05-22 04:00:25,330 - P11992 - INFO - Candidates phone: 1 items
2025-05-22 04:00:25,330 - P11992 - INFO - Candidates email: 0 items
2025-05-22 04:00:25,330 - P11992 - INFO - Candidates complement: 0 items
2025-05-22 04:00:25,330 - P11992 - INFO - Candidates cep: 1 items
2025-05-22 04:00:25,330 - P11992 - INFO - Após processar URL 7 Uso de memória: 131.29 MB
2025-05-22 04:00:25,331 - P11992 - INFO - Processando URL 8/26: https://ipatinga.portaldacidade.com/noticias/saude/medico-neurologista-da-fsfx-fala-sobre-a-epilepsia-1402
2025-05-22 04:00:31,029 - P11992 - INFO - HTML salvo para debug: data\debug_html_v10\e5e07c72c9fd31512ac659c57c7ace9d.html
2025-05-22 04:00:31,103 - P11992 - INFO - Candidates address: 0 items
2025-05-22 04:00:31,103 - P11992 - INFO - Candidates phone: 0 items
2025-05-22 04:00:31,104 - P11992 - INFO - Candidates email: 0 items
2025-05-22 04:00:31,104 - P11992 - INFO - Candidates complement: 0 items
2025-05-22 04:00:31,104 - P11992 - INFO - Candidates cep: 1 items
2025-05-22 04:00:31,104 - P11992 - INFO - Após processar URL 8 Uso de memória: 135.86 MB
2025-05-22 04:00:31,105 - P11992 - INFO - Processando URL 9/26: https://br.todosnegocios.com/pt/dr-wesley-moreira-vieira-31-3823-9001
2025-05-22 04:00:34,711 - P11992 - INFO - HTML salvo para debug: data\debug_html_v10\f860218b73cf79d2eb2896adf093bcc6.html
2025-05-22 04:00:34,729 - P11992 - INFO - Candidates address: 6 items
2025-05-22 04:00:34,730 - P11992 - INFO - Candidates phone: 1 items
2025-05-22 04:00:34,730 - P11992 - INFO - Candidates email: 0 items
2025-05-22 04:00:34,730 - P11992 - INFO - Candidates complement: 0 items
2025-05-22 04:00:34,730 - P11992 - INFO - Candidates cep: 2 items
2025-05-22 04:00:34,730 - P11992 - INFO - Após processar URL 9 Uso de memória: 135.64 MB
2025-05-22 04:00:34,730 - P11992 - INFO - Processando URL 10/26: https://www.boaconsulta.com/especialista/wesley-moreira-vieira-6105e23bba32c33c7f001880
2025-05-22 04:00:38,060 - P11992 - INFO - HTML salvo para debug: data\debug_html_v10\b4796f9c5c9ff7e88e892b6a488b0833.html
2025-05-22 04:00:38,129 - P11992 - INFO - Candidates address: 1 items
2025-05-22 04:00:38,129 - P11992 - INFO - Candidates phone: 0 items
2025-05-22 04:00:38,130 - P11992 - INFO - Candidates email: 0 items
2025-05-22 04:00:38,130 - P11992 - INFO - Candidates complement: 0 items
2025-05-22 04:00:38,130 - P11992 - INFO - Candidates cep: 0 items
2025-05-22 04:00:38,130 - P11992 - INFO - Após processar URL 10 Uso de memória: 137.56 MB
2025-05-22 04:00:38,130 - P11992 - INFO - Processando URL 11/26: https://www.medicosbrasil.com/profissional/marco-aurelio-moreira-vieira
2025-05-22 04:00:41,877 - P11992 - INFO - HTML salvo para debug: data\debug_html_v10\6fea6fff6ddebb0d74340f1e46e06793.html
2025-05-22 04:00:41,905 - P11992 - INFO - Candidates address: 0 items
2025-05-22 04:00:41,905 - P11992 - INFO - Candidates phone: 0 items
2025-05-22 04:00:41,906 - P11992 - INFO - Candidates email: 0 items
2025-05-22 04:00:41,906 - P11992 - INFO - Candidates complement: 0 items
2025-05-22 04:00:41,906 - P11992 - INFO - Candidates cep: 0 items
2025-05-22 04:00:41,906 - P11992 - INFO - Após processar URL 11 Uso de memória: 138.38 MB
2025-05-22 04:00:41,906 - P11992 - INFO - Processando URL 12/26: https://www.helpsaude.com/wesley-moreira-vieira-crmmg-66197
2025-05-22 04:00:47,989 - P11992 - INFO - HTML salvo para debug: data\debug_html_v10\fdd0a4dc19fc9b006cb1ec62917477eb.html
2025-05-22 04:00:47,999 - P11992 - INFO - Candidates address: 0 items
2025-05-22 04:00:48,000 - P11992 - INFO - Candidates phone: 0 items
2025-05-22 04:00:48,000 - P11992 - INFO - Candidates email: 0 items
2025-05-22 04:00:48,000 - P11992 - INFO - Candidates complement: 0 items
2025-05-22 04:00:48,000 - P11992 - INFO - Candidates cep: 0 items
2025-05-22 04:00:48,000 - P11992 - INFO - Após processar URL 12 Uso de memória: 138.74 MB
2025-05-22 04:00:48,001 - P11992 - INFO - Processando URL 13/26: https://ioepa.com.br/pages/2017/2017.02.17.DOE.pdf
2025-05-22 04:00:48,001 - P11992 - INFO - Ignorando URL de arquivo não-HTML: https://ioepa.com.br/pages/2017/2017.02.17.DOE.pdf
2025-05-22 04:00:48,001 - P11992 - INFO - Após processar URL 13 Uso de memória: 138.74 MB
2025-05-22 04:00:48,001 - P11992 - INFO - Processando URL 14/26: https://sistemas.trf1.jus.br/edj/bitstream/handle/123/155918/Caderno_JUD_MG_2016-09-01_VIII_164.pdf?sequence=2&isAllowed=y
2025-05-22 04:00:48,001 - P11992 - INFO - Ignorando URL de arquivo não-HTML: https://sistemas.trf1.jus.br/edj/bitstream/handle/123/155918/Caderno_JUD_MG_2016-09-01_VIII_164.pdf?sequence=2&isAllowed=y
2025-05-22 04:00:48,001 - P11992 - INFO - Após processar URL 14 Uso de memória: 138.74 MB
2025-05-22 04:00:48,001 - P11992 - INFO - Processando URL 15/26: https://sistemadje.tjmt.jus.br/publicacoes/10064-2017%20C7%20Comarcas%20-%201%C2%AA%202%C2%AA%20e%203%C2%AA%20Entr%C3%A2ncia.pdf
2025-05-22 04:00:48,002 - P11992 - INFO - Ignorando URL de arquivo não-HTML: https://sistemadje.tjmt.jus.br/publicacoes/10064-2017%20C7%20Comarcas%20-%201%C2%AA%202%C2%AA%20e%203%C2%AA%20Entr%C3%A2ncia.pdf
2025-05-22 04:00:48,002 - P11992 - INFO - Após processar URL 15 Uso de memória: 138.74 MB
2025-05-22 04:00:48,002 - P11992 - INFO - Processando URL 16/26: https://acervo.arquivopublico.sc.gov.br/uploads/r/arquivo-publico-do-estado-de-santa-catarina-apesc/f/a/2/fa2e0977075df62c17a1a8960d098653083bd70d6d2f2ddefb65479fbce303bb/440d4770-70ff-4f90-b137-42b4cbc92be8-14271-DOE_18892_20_07_2010_48F_JUCESC_18892_08F.pdf
2025-05-22 04:00:48,002 - P11992 - INFO - Ignorando URL de arquivo não-HTML: https://acervo.arquivopublico.sc.gov.br/uploads/r/arquivo-publico-do-estado-de-santa-catarina-apesc/f/a/2/fa2e0977075df62c17a1a8960d098653083bd70d6d2f2ddefb65479fbce303bb/440d4770-70ff-4f90-b137-42b4cbc92be8-14271-DOE_18892_20_07_2010_48F_JUCESC_18892_08F.pdf
2025-05-22 04:00:48,003 - P11992 - INFO - Após processar URL 16 Uso de memória: 138.74 MB
2025-05-22 04:00:48,003 - P11992 - INFO - Processando URL 17/26: https://sistemadje.tjmt.jus.br/publicacoes/10635-2019%20C5%20Comarcas%20-%20Primeira%20Entr%C3%A2ncia.pdf
2025-05-22 04:00:48,003 - P11992 - INFO - Ignorando URL de arquivo não-HTML: https://sistemadje.tjmt.jus.br/publicacoes/10635-2019%20C5%20Comarcas%20-%20Primeira%20Entr%C3%A2ncia.pdf
2025-05-22 04:00:48,003 - P11992 - INFO - Após processar URL 17 Uso de memória: 138.74 MB
2025-05-22 04:00:48,003 - P11992 - INFO - Processando URL 18/26: https://diariooficial.guarulhos.sp.gov.br/uploads/pdf/876753903.pdf
2025-05-22 04:00:48,003 - P11992 - INFO - Ignorando URL de arquivo não-HTML: https://diariooficial.guarulhos.sp.gov.br/uploads/pdf/876753903.pdf
2025-05-22 04:00:48,003 - P11992 - INFO - Após processar URL 18 Uso de memória: 138.74 MB
2025-05-22 04:00:48,003 - P11992 - INFO - Processando URL 19/26: https://www.doctoralia.com.br/wesley-m-vieira/neurologista/ipatinga
2025-05-22 04:00:48,004 - P11992 - INFO - Ignorando URL de arquivo não-HTML: https://www.doctoralia.com.br/wesley-m-vieira/neurologista/ipatinga
2025-05-22 04:00:48,004 - P11992 - INFO - Após processar URL 19 Uso de memória: 138.74 MB
2025-05-22 04:00:48,004 - P11992 - INFO - Processando URL 20/26: https://www.benditoguia.com.br/empresa/dr-wesley-moreira-vieira-centro-ipatinga-mg
2025-05-22 04:00:52,140 - P11992 - INFO - HTML salvo para debug: data\debug_html_v10\69dee5275e22a311a7c5035e04a52e96.html
2025-05-22 04:00:52,181 - P11992 - INFO - Candidates address: 1 items
2025-05-22 04:00:52,182 - P11992 - INFO - Candidates phone: 1 items
2025-05-22 04:00:52,182 - P11992 - INFO - Candidates email: 0 items
2025-05-22 04:00:52,182 - P11992 - INFO - Candidates complement: 0 items
2025-05-22 04:00:52,183 - P11992 - INFO - Candidates cep: 1 items
2025-05-22 04:00:52,194 - P11992 - INFO - Após processar URL 20 Uso de memória: 140.20 MB
2025-05-22 04:00:52,197 - P11992 - INFO - Processando URL 21/26: https://cliniguia.com/profissionais/wesley-moreira-vieira-980016004372388/
2025-05-22 04:00:58,547 - P11992 - INFO - HTML salvo para debug: data\debug_html_v10\ead93bedcda12a07bad20447c945da50.html
2025-05-22 04:00:58,606 - P11992 - INFO - Candidates address: 0 items
2025-05-22 04:00:58,606 - P11992 - INFO - Candidates phone: 0 items
2025-05-22 04:00:58,608 - P11992 - INFO - Candidates email: 0 items
2025-05-22 04:00:58,609 - P11992 - INFO - Candidates complement: 0 items
2025-05-22 04:00:58,609 - P11992 - INFO - Candidates cep: 0 items
2025-05-22 04:00:58,610 - P11992 - INFO - Após processar URL 21 Uso de memória: 140.45 MB
2025-05-22 04:00:58,610 - P11992 - INFO - Processando URL 22/26: https://www.jornalbairrosnet.com.br/2024/destaques/alzheimer-dr-wesley-moreira-vieira-neurologista-explica-a-importancia-de-abordar-a-prevencao/
2025-05-22 04:01:03,355 - P11992 - INFO - HTML salvo para debug: data\debug_html_v10\d0c0a72910e07606bf5b2d6ef471f27d.html
2025-05-22 04:01:03,378 - P11992 - INFO - Candidates address: 0 items
2025-05-22 04:01:03,384 - P11992 - INFO - Candidates phone: 1 items
2025-05-22 04:01:03,384 - P11992 - INFO - Candidates email: 1 items
2025-05-22 04:01:03,385 - P11992 - INFO - Candidates complement: 0 items
2025-05-22 04:01:03,386 - P11992 - INFO - Candidates cep: 1 items
2025-05-22 04:01:03,386 - P11992 - INFO - Após processar URL 22 Uso de memória: 139.35 MB
2025-05-22 04:01:03,386 - P11992 - INFO - Processando URL 23/26: https://crmvirtual.cfm.org.br/MG/servico/procure-medicos
2025-05-22 04:01:06,391 - P11992 - INFO - HTML salvo para debug: data\debug_html_v10\c2af9904acdad6295c60ad1b50d74554.html
2025-05-22 04:01:06,404 - P11992 - INFO - Candidates address: 0 items
2025-05-22 04:01:06,404 - P11992 - INFO - Candidates phone: 0 items
2025-05-22 04:01:06,405 - P11992 - INFO - Candidates email: 2 items
2025-05-22 04:01:06,405 - P11992 - INFO - Candidates complement: 0 items
2025-05-22 04:01:06,405 - P11992 - INFO - Candidates cep: 0 items
2025-05-22 04:01:06,406 - P11992 - INFO - Após processar URL 23 Uso de memória: 139.35 MB
2025-05-22 04:01:06,406 - P11992 - INFO - Processando URL 24/26: https://brasillocais.com/minas-gerais/dr-wesley-moreira-vieira-333828
2025-05-22 04:01:08,623 - P11992 - INFO - HTML salvo para debug: data\debug_html_v10\9ed99a32200be34bb8cea0e0fdde21f2.html
2025-05-22 04:01:08,644 - P11992 - INFO - Candidates address: 1 items
2025-05-22 04:01:08,646 - P11992 - INFO - Candidates phone: 0 items
2025-05-22 04:01:08,655 - P11992 - INFO - Candidates email: 0 items
2025-05-22 04:01:08,657 - P11992 - INFO - Candidates complement: 0 items
2025-05-22 04:01:08,658 - P11992 - INFO - Candidates cep: 0 items
2025-05-22 04:01:08,659 - P11992 - INFO - Após processar URL 24 Uso de memória: 139.35 MB
2025-05-22 04:01:08,659 - P11992 - INFO - Processando URL 25/26: https://www.catalogo.med.br/doutor/wesley-moreira-vieira-2545775.htm
2025-05-22 04:01:10,849 - P11992 - INFO - HTML salvo para debug: data\debug_html_v10\3504a452a2f5180fc40208534132520f.html
2025-05-22 04:01:10,850 - P11992 - INFO - Candidates address: 0 items
2025-05-22 04:01:10,851 - P11992 - INFO - Candidates phone: 0 items
2025-05-22 04:01:10,851 - P11992 - INFO - Candidates email: 0 items
2025-05-22 04:01:10,852 - P11992 - INFO - Candidates complement: 0 items
2025-05-22 04:01:10,854 - P11992 - INFO - Candidates cep: 0 items
2025-05-22 04:01:10,854 - P11992 - INFO - Após processar URL 25 Uso de memória: 139.35 MB
2025-05-22 04:01:10,854 - P11992 - INFO - Processando URL 26/26: https://consultacrm.com.br/
2025-05-22 04:01:15,423 - P11992 - INFO - HTML salvo para debug: data\debug_html_v10\65cadeb91ac3713432c21b535990f440.html
2025-05-22 04:01:15,433 - P11992 - INFO - Candidates address: 0 items
2025-05-22 04:01:15,434 - P11992 - INFO - Candidates phone: 0 items
2025-05-22 04:01:15,434 - P11992 - INFO - Candidates email: 0 items
2025-05-22 04:01:15,434 - P11992 - INFO - Candidates complement: 0 items
2025-05-22 04:01:15,434 - P11992 - INFO - Candidates cep: 0 items
2025-05-22 04:01:15,435 - P11992 - INFO - Após processar URL 26 Uso de memória: 139.41 MB
2025-05-22 04:01:15,435 - P11992 - INFO - Iniciando agregação e ranqueamento
2025-05-22 04:01:15,435 - P11992 - INFO - Ranked address: 11 items
2025-05-22 04:01:15,435 - P11992 - INFO - Ranked phone: 9 items
2025-05-22 04:01:15,435 - P11992 - INFO - Ranked email: 4 items
2025-05-22 04:01:15,436 - P11992 - INFO - Ranked complement: 0 items
2025-05-22 04:01:15,436 - P11992 - INFO - Ranked cep: 7 items
2025-05-22 04:01:15,436 - P11992 - INFO - Após agregação Uso de memória: 139.41 MB
2025-05-22 04:01:15,436 - P11992 - INFO - Validando endereço: ['R. Divinópolis, 10', 'Rua Joao da Silva Araujo, 541', 'Rua Joao da Silva Araujo 541 Letra: A; Jose Moyses Nacif Caratinga MG']
2025-05-22 04:01:15,436 - P11992 - INFO - Endereço validado: R. Divinópolis, 10
2025-05-22 04:01:15,436 - P11992 - INFO - Limpando texto extenso para campo address: R. Divinópolis, 10...
2025-05-22 04:01:15,436 - P11992 - INFO - Texto limpo: R. Divinópolis, 10
2025-05-22 04:01:15,437 - P11992 - INFO - Validando telefone: ['(31) 3823-9001', '(33) 3321-1458', '(33) 3321-9951']
2025-05-22 04:01:15,437 - P11992 - INFO - Limpando texto extenso para campo phone: (31) 3823-9001...
2025-05-22 04:01:15,437 - P11992 - INFO - Texto limpo: 31) 3823-9001
2025-05-22 04:01:15,437 - P11992 - INFO - Telefone validado: 31) 3823-9001
2025-05-22 04:01:15,437 - P11992 - INFO - Validando email: ['simoescontabil@veloxmail.com.br', 'redacaobairrosnet@gmail.com', 'medicos@crmmg.org.br']
2025-05-22 04:01:15,437 - P11992 - INFO - Limpando texto extenso para campo email: simoescontabil@veloxmail.com.br...
2025-05-22 04:01:15,437 - P11992 - INFO - Texto limpo: simoescontabil@veloxmail.com.br
2025-05-22 04:01:15,437 - P11992 - INFO - Email validado: simoescontabil@veloxmail.com.br
2025-05-22 04:01:15,437 - P11992 - INFO - Descobrindo cidade
2025-05-22 04:01:15,438 - P11992 - INFO - Buscando cidade: R. Divinópolis cidade MG
2025-05-22 04:01:19,032 - P11992 - INFO - Cidade encontrada: Divinópolis
2025-05-22 04:01:19,036 - P11992 - INFO - Limpando texto extenso para campo city: Divinópolis...
2025-05-22 04:01:19,043 - P11992 - INFO - Texto limpo: Divinópolis
2025-05-22 04:01:19,043 - P11992 - INFO - Cidade descoberta: Divinópolis
2025-05-22 04:01:19,046 - P11992 - INFO - Buscando CEP com sistema de cascata
2025-05-22 04:01:19,047 - P11992 - INFO - Iniciando busca de CEP em cascata para: R. Divinópolis, Divinópolis, MG
2025-05-22 04:01:19,048 - P11992 - INFO - Método 1: ViaCEP API
2025-05-22 04:01:19,049 - P11992 - INFO - Buscando no ViaCEP: https://viacep.com.br/ws/MG/divinopolis/rua%20divinopolis/json/
2025-05-22 04:01:19,781 - P11992 - INFO - Dados encontrados no ViaCEP: {'cep': '35500-075', 'logradouro': 'Rua Divinópolis', 'complemento': '', 'unidade': '', 'bairro': 'Santa Clara', 'localidade': 'Divinópolis', 'uf': 'MG', 'estado': 'Minas Gerais', 'regiao': 'Sudeste', 'ibge': '3122306', 'gia': '', 'ddd': '37', 'siafi': '4445'}
2025-05-22 04:01:19,785 - P11992 - INFO - CEP encontrado via ViaCEP: 35500-075
2025-05-22 04:01:19,785 - P11992 - INFO - Dados de CEP encontrados: {'cep': '35500-075', 'logradouro': 'Rua Divinópolis', 'complemento': '', 'unidade': '', 'bairro': 'Santa Clara', 'localidade': 'Divinópolis', 'uf': 'MG', 'estado': 'Minas Gerais', 'regiao': 'Sudeste', 'ibge': '3122306', 'gia': '', 'ddd': '37', 'siafi': '4445'}
2025-05-22 04:01:19,785 - P11992 - INFO - Limpando texto extenso para campo bairro: Santa Clara...
2025-05-22 04:01:19,786 - P11992 - INFO - Texto limpo: Santa Clara
2025-05-22 04:01:19,786 - P11992 - INFO - Limpando texto extenso para campo city: Divinópolis...
2025-05-22 04:01:19,786 - P11992 - INFO - Texto limpo: Divinópolis
2025-05-22 04:01:19,786 - P11992 - INFO - Limpando texto extenso para campo state: MG...
2025-05-22 04:01:19,786 - P11992 - INFO - Texto limpo: MG
2025-05-22 04:01:19,787 - P11992 - INFO - Tempo de execução de processamento completo do médico: 79.74 segundos
2025-05-22 04:01:19,787 - P11992 - INFO - Resultado processado: {'Hash': '9c7ec0752f3349ca8633081bd40d6adeae2c358e30dd0c2842c520457a20c44a', 'CRM': '66197', 'UF': 'MG', 'Firstname': 'WESLEY', 'LastName': 'MOREIRA VIEIRA', 'Medical specialty': '', 'Endereco Completo A1': 'R. Divinópolis, 10', 'Address A1': 'R. Divinópolis', 'Numero A1': '10', 'Complement A1': '', 'Bairro A1': 'Santa Clara', 'postal code A1': '35500-075', 'City A1': 'Divinópolis', 'State A1': 'MG', 'Phone A1': '31) 3823-9001', 'Phone A2': '', 'Cell phone A1': '', 'Cell phone A2': '', 'E-mail A1': 'simoescontabil@veloxmail.com.br', 'E-mail A2': '', 'OPT-IN': '', 'STATUS': '', 'LOTE': ''}
2025-05-22 04:01:19,789 - P11992 - INFO - Progresso: 59.9%
2025-05-22 04:01:19,790 - P11992 - INFO - Executando coleta de lixo
2025-05-22 04:01:19,820 - P11992 - INFO - Após coleta de lixo Uso de memória: 125.59 MB
2025-05-22 04:01:19,820 - P11992 - INFO - Tempo de execução de processamento do médico 1: 81.04 segundos
2025-05-22 04:01:19,821 - P11992 - INFO - 
==================================================
Processando médico 2/3
2025-05-22 04:01:19,821 - P11992 - INFO - Nome: GUSTAVO OLIVEIRA DE SOUZA
2025-05-22 04:01:19,821 - P11992 - INFO - Início do processamento Uso de memória: 125.59 MB
2025-05-22 04:01:19,821 - P11992 - INFO - Iniciando busca para: GUSTAVO OLIVEIRA DE SOUZA CRM 68165 MG telefone e-mail endereço
2025-05-22 04:01:20,633 - P11992 - INFO - SearX results: 15 URLs
2025-05-22 04:01:20,634 - P11992 - INFO - Após SearX Uso de memória: 125.59 MB
2025-05-22 04:01:23,218 - P11992 - INFO - Google results: 10 URLs
2025-05-22 04:01:23,218 - P11992 - INFO - Após Google Uso de memória: 129.87 MB
2025-05-22 04:01:25,899 - P11992 - INFO - Bing results: 9 URLs
2025-05-22 04:01:25,899 - P11992 - INFO - Após Bing Uso de memória: 130.60 MB
2025-05-22 04:01:25,899 - P11992 - INFO - Total de URLs únicas: 24
2025-05-22 04:01:25,899 - P11992 - INFO - Processando URL 1/24: https://www.pnst.com.br/zh-hans/luiz-gustavo-oliveira-de-souza-2/
2025-05-22 04:01:30,870 - P11992 - INFO - HTML salvo para debug: data\debug_html_v10\921801e6ae8c83d6e261034486e89fa9.html
2025-05-22 04:01:30,912 - P11992 - INFO - Candidates address: 0 items
2025-05-22 04:01:30,914 - P11992 - INFO - Candidates phone: 2 items
2025-05-22 04:01:30,915 - P11992 - INFO - Candidates email: 1 items
2025-05-22 04:01:30,915 - P11992 - INFO - Candidates complement: 0 items
2025-05-22 04:01:30,916 - P11992 - INFO - Candidates cep: 1 items
2025-05-22 04:01:30,920 - P11992 - INFO - Após processar URL 1 Uso de memória: 140.05 MB
2025-05-22 04:01:30,923 - P11992 - INFO - Processando URL 2/24: https://www.senado.gov.br/comissoes/documentos/SSCEPI/DOC0182.pdf
2025-05-22 04:01:30,926 - P11992 - INFO - Ignorando URL de arquivo não-HTML: https://www.senado.gov.br/comissoes/documentos/SSCEPI/DOC0182.pdf
2025-05-22 04:01:30,927 - P11992 - INFO - Após processar URL 2 Uso de memória: 135.14 MB
2025-05-22 04:01:30,927 - P11992 - INFO - Processando URL 3/24: https://cnpj.biz/60199732000184
2025-05-22 04:01:33,167 - P11992 - INFO - HTML salvo para debug: data\debug_html_v10\35cc8c972f657aa8a4170a88a916be28.html
2025-05-22 04:01:33,173 - P11992 - INFO - Candidates address: 0 items
2025-05-22 04:01:33,174 - P11992 - INFO - Candidates phone: 0 items
2025-05-22 04:01:33,175 - P11992 - INFO - Candidates email: 0 items
2025-05-22 04:01:33,175 - P11992 - INFO - Candidates complement: 0 items
2025-05-22 04:01:33,175 - P11992 - INFO - Candidates cep: 0 items
2025-05-22 04:01:33,176 - P11992 - INFO - Após processar URL 3 Uso de memória: 135.24 MB
2025-05-22 04:01:33,176 - P11992 - INFO - Processando URL 4/24: https://telemedicinamorsch.com.br/marcar-consulta-online/gabriel-oliveira-de-souza-clinica-medica
2025-05-22 04:02:03,303 - P11992 - INFO - HTML salvo para debug: data\debug_html_v10\d9900d160b4935165ccbab8f251b0565.html
2025-05-22 04:02:03,322 - P11992 - INFO - Candidates address: 0 items
2025-05-22 04:02:03,323 - P11992 - INFO - Candidates phone: 1 items
2025-05-22 04:02:03,323 - P11992 - INFO - Candidates email: 1 items
2025-05-22 04:02:03,323 - P11992 - INFO - Candidates complement: 1 items
2025-05-22 04:02:03,324 - P11992 - INFO - Candidates cep: 1 items
2025-05-22 04:02:03,324 - P11992 - INFO - Após processar URL 4 Uso de memória: 135.47 MB
2025-05-22 04:02:03,324 - P11992 - INFO - Processando URL 5/24: https://servicos.sjc.sp.gov.br/governo/boletim/boletimPDF/2015081018021853a60dde-ec22-4570-95b8-d9bfef105777.pdf
2025-05-22 04:02:03,324 - P11992 - INFO - Ignorando URL de arquivo não-HTML: https://servicos.sjc.sp.gov.br/governo/boletim/boletimPDF/2015081018021853a60dde-ec22-4570-95b8-d9bfef105777.pdf
2025-05-22 04:02:03,324 - P11992 - INFO - Após processar URL 5 Uso de memória: 135.47 MB
2025-05-22 04:02:03,325 - P11992 - INFO - Processando URL 6/24: https://www.ioepa.com.br/pages/2018/2018.11.07.DOE.pdf
2025-05-22 04:02:03,325 - P11992 - INFO - Ignorando URL de arquivo não-HTML: https://www.ioepa.com.br/pages/2018/2018.11.07.DOE.pdf
2025-05-22 04:02:03,325 - P11992 - INFO - Após processar URL 6 Uso de memória: 135.47 MB
2025-05-22 04:02:03,325 - P11992 - INFO - Processando URL 7/24: https://www.consultasocio.com/q/sa/gustavo-oliveira-de-souza
2025-05-22 04:02:09,649 - P11992 - INFO - HTML salvo para debug: data\debug_html_v10\fb72e341541ed696c4a11dcafd5595fc.html
2025-05-22 04:02:09,663 - P11992 - INFO - Candidates address: 7 items
2025-05-22 04:02:09,664 - P11992 - INFO - Candidates phone: 0 items
2025-05-22 04:02:09,664 - P11992 - INFO - Candidates email: 9 items
2025-05-22 04:02:09,664 - P11992 - INFO - Candidates complement: 4 items
2025-05-22 04:02:09,664 - P11992 - INFO - Candidates cep: 20 items
2025-05-22 04:02:09,664 - P11992 - INFO - Após processar URL 7 Uso de memória: 135.54 MB
2025-05-22 04:02:09,664 - P11992 - INFO - Processando URL 8/24: https://www.saobernardo.sp.gov.br/documents/10181/1598718/NM+2397+de+27.10.2023+-++Conte%C3%BAdo+Integral.pdf/425cb952-73de-cadc-bed9-159ab73e7fbc
2025-05-22 04:02:09,665 - P11992 - INFO - Ignorando URL de arquivo não-HTML: https://www.saobernardo.sp.gov.br/documents/10181/1598718/NM+2397+de+27.10.2023+-++Conte%C3%BAdo+Integral.pdf/425cb952-73de-cadc-bed9-159ab73e7fbc
2025-05-22 04:02:09,665 - P11992 - INFO - Após processar URL 8 Uso de memória: 135.54 MB
2025-05-22 04:02:09,665 - P11992 - INFO - Processando URL 9/24: https://www.pnst.com.br/luiz-gustavo-oliveira-de-souza-1/
2025-05-22 04:02:14,174 - P11992 - INFO - HTML salvo para debug: data\debug_html_v10\83086a3a3aecd1ad121e9975a8d50e65.html
2025-05-22 04:02:14,207 - P11992 - INFO - Candidates address: 0 items
2025-05-22 04:02:14,207 - P11992 - INFO - Candidates phone: 2 items
2025-05-22 04:02:14,207 - P11992 - INFO - Candidates email: 1 items
2025-05-22 04:02:14,207 - P11992 - INFO - Candidates complement: 0 items
2025-05-22 04:02:14,207 - P11992 - INFO - Candidates cep: 1 items
2025-05-22 04:02:14,208 - P11992 - INFO - Após processar URL 9 Uso de memória: 143.79 MB
2025-05-22 04:02:14,208 - P11992 - INFO - Processando URL 10/24: https://clp.org.br/membros/gustavo-oliveira-braga-de-souza/
2025-05-22 04:02:17,048 - P11992 - INFO - HTML salvo para debug: data\debug_html_v10\d5edf098a9fb6a317aae3d73ba7ca64b.html
2025-05-22 04:02:17,067 - P11992 - INFO - Candidates address: 0 items
2025-05-22 04:02:17,067 - P11992 - INFO - Candidates phone: 0 items
2025-05-22 04:02:17,067 - P11992 - INFO - Candidates email: 0 items
2025-05-22 04:02:17,068 - P11992 - INFO - Candidates complement: 1 items
2025-05-22 04:02:17,068 - P11992 - INFO - Candidates cep: 0 items
2025-05-22 04:02:17,068 - P11992 - INFO - Após processar URL 10 Uso de memória: 139.14 MB
2025-05-22 04:02:17,068 - P11992 - INFO - Processando URL 11/24: https://www.doctoralia.com.br/gustavo-oliveira-de-souza/ortopedista-traumatologista/sao-jose
2025-05-22 04:02:17,069 - P11992 - INFO - Ignorando URL de arquivo não-HTML: https://www.doctoralia.com.br/gustavo-oliveira-de-souza/ortopedista-traumatologista/sao-jose
2025-05-22 04:02:17,069 - P11992 - INFO - Após processar URL 11 Uso de memória: 139.14 MB
2025-05-22 04:02:17,069 - P11992 - INFO - Processando URL 12/24: https://www.catalogo.med.br/doutor/gustavo-oliveira-de-souza-2342839.htm
2025-05-22 04:02:22,904 - P11992 - INFO - HTML salvo para debug: data\debug_html_v10\d4a7866903df891a355523c019c79445.html
2025-05-22 04:02:22,924 - P11992 - INFO - Candidates address: 1 items
2025-05-22 04:02:22,924 - P11992 - INFO - Candidates phone: 0 items
2025-05-22 04:02:22,924 - P11992 - INFO - Candidates email: 0 items
2025-05-22 04:02:22,924 - P11992 - INFO - Candidates complement: 0 items
2025-05-22 04:02:22,924 - P11992 - INFO - Candidates cep: 1 items
2025-05-22 04:02:22,925 - P11992 - INFO - Após processar URL 12 Uso de memória: 139.18 MB
2025-05-22 04:02:22,925 - P11992 - INFO - Processando URL 13/24: https://aplicacoes.mds.gov.br/sagi/servicos/equipamentos?q=tipo_equipamento:CREAS&wt=csv&fl=id_equipamento,ibge,uf,cidade,nome,responsavel,telefone,endereco,numero,complemento,referencia,bairro,cep,georef_location,data_atualizacao&rows=999999999
2025-05-22 04:02:25,675 - P11992 - INFO - HTML salvo para debug: data\debug_html_v10\126f36df99e294cf2fc84432e8e37687.html
2025-05-22 04:02:25,757 - P11992 - INFO - Candidates address: 244 items
2025-05-22 04:02:25,758 - P11992 - INFO - Candidates phone: 2 items
2025-05-22 04:02:25,758 - P11992 - INFO - Candidates email: 2 items
2025-05-22 04:02:25,758 - P11992 - INFO - Candidates complement: 12 items
2025-05-22 04:02:25,758 - P11992 - INFO - Candidates cep: 12532 items
2025-05-22 04:02:25,758 - P11992 - INFO - Após processar URL 13 Uso de memória: 141.21 MB
2025-05-22 04:02:25,759 - P11992 - INFO - Processando URL 14/24: https://www.boaconsulta.com/especialista/gustavo-oliveira-de-souza-6105e4abba32c33e4d0004a6
2025-05-22 04:02:28,665 - P11992 - INFO - HTML salvo para debug: data\debug_html_v10\8e3eed88d120a2f35e1d133852110551.html
2025-05-22 04:02:28,749 - P11992 - INFO - Candidates address: 0 items
2025-05-22 04:02:28,749 - P11992 - INFO - Candidates phone: 0 items
2025-05-22 04:02:28,749 - P11992 - INFO - Candidates email: 0 items
2025-05-22 04:02:28,750 - P11992 - INFO - Candidates complement: 0 items
2025-05-22 04:02:28,750 - P11992 - INFO - Candidates cep: 0 items
2025-05-22 04:02:28,750 - P11992 - INFO - Após processar URL 14 Uso de memória: 136.86 MB
2025-05-22 04:02:28,750 - P11992 - INFO - Processando URL 15/24: https://cliniguia.com/profissionais/gustavo-oliveira-de-souza-700005759092302/
2025-05-22 04:02:33,671 - P11992 - INFO - HTML salvo para debug: data\debug_html_v10\405640c6c0d4d198ce3892db88d6275f.html
2025-05-22 04:02:33,723 - P11992 - INFO - Candidates address: 0 items
2025-05-22 04:02:33,723 - P11992 - INFO - Candidates phone: 0 items
2025-05-22 04:02:33,724 - P11992 - INFO - Candidates email: 0 items
2025-05-22 04:02:33,725 - P11992 - INFO - Candidates complement: 0 items
2025-05-22 04:02:33,729 - P11992 - INFO - Candidates cep: 0 items
2025-05-22 04:02:33,741 - P11992 - INFO - Após processar URL 15 Uso de memória: 136.16 MB
2025-05-22 04:02:33,745 - P11992 - INFO - Processando URL 16/24: https://cliqueisaude.com.br/product/gustavo-souza-de-oliveira/
2025-05-22 04:02:39,535 - P11992 - INFO - HTML salvo para debug: data\debug_html_v10\b437a2fea73843ac56c70f8dbde7822c.html
2025-05-22 04:02:39,554 - P11992 - INFO - Candidates address: 1 items
2025-05-22 04:02:39,554 - P11992 - INFO - Candidates phone: 4 items
2025-05-22 04:02:39,554 - P11992 - INFO - Candidates email: 1 items
2025-05-22 04:02:39,555 - P11992 - INFO - Candidates complement: 0 items
2025-05-22 04:02:39,555 - P11992 - INFO - Candidates cep: 0 items
2025-05-22 04:02:39,555 - P11992 - INFO - Após processar URL 16 Uso de memória: 136.17 MB
2025-05-22 04:02:39,555 - P11992 - INFO - Processando URL 17/24: http://www.transparencia.mpf.mp.br/conteudo/diarios-e-boletins/diario-oficial-da-uniao-1/2016/dou1_2016_04_13.pdf
2025-05-22 04:02:39,555 - P11992 - INFO - Ignorando URL de arquivo não-HTML: http://www.transparencia.mpf.mp.br/conteudo/diarios-e-boletins/diario-oficial-da-uniao-1/2016/dou1_2016_04_13.pdf
2025-05-22 04:02:39,556 - P11992 - INFO - Após processar URL 17 Uso de memória: 136.17 MB
2025-05-22 04:02:39,556 - P11992 - INFO - Processando URL 18/24: https://www.ioepa.com.br/pages/2011/2011.10.20.DOE.pdf
2025-05-22 04:02:39,556 - P11992 - INFO - Ignorando URL de arquivo não-HTML: https://www.ioepa.com.br/pages/2011/2011.10.20.DOE.pdf
2025-05-22 04:02:39,556 - P11992 - INFO - Após processar URL 18 Uso de memória: 136.17 MB
2025-05-22 04:02:39,556 - P11992 - INFO - Processando URL 19/24: https://crmvirtual.cfm.org.br/MG/servico/procure-medicos
2025-05-22 04:02:41,997 - P11992 - INFO - HTML salvo para debug: data\debug_html_v10\c2af9904acdad6295c60ad1b50d74554.html
2025-05-22 04:02:42,008 - P11992 - INFO - Candidates address: 0 items
2025-05-22 04:02:42,008 - P11992 - INFO - Candidates phone: 0 items
2025-05-22 04:02:42,009 - P11992 - INFO - Candidates email: 2 items
2025-05-22 04:02:42,009 - P11992 - INFO - Candidates complement: 0 items
2025-05-22 04:02:42,009 - P11992 - INFO - Candidates cep: 0 items
2025-05-22 04:02:42,009 - P11992 - INFO - Após processar URL 19 Uso de memória: 136.18 MB
2025-05-22 04:02:42,009 - P11992 - INFO - Processando URL 20/24: https://www2.bauru.sp.gov.br/arquivos/sist_diariooficial/2018/02/do_20180227_2940.pdf
2025-05-22 04:02:42,009 - P11992 - INFO - Ignorando URL de arquivo não-HTML: https://www2.bauru.sp.gov.br/arquivos/sist_diariooficial/2018/02/do_20180227_2940.pdf
2025-05-22 04:02:42,010 - P11992 - INFO - Após processar URL 20 Uso de memória: 136.18 MB
2025-05-22 04:02:42,010 - P11992 - INFO - Processando URL 21/24: https://www.medicosbrasil.com/profissional/gustavo-oliveira-de-souza
2025-05-22 04:02:44,259 - P11992 - INFO - HTML salvo para debug: data\debug_html_v10\07ae47852324d2fd657b9560209b72a8.html
2025-05-22 04:02:44,261 - P11992 - INFO - Candidates address: 0 items
2025-05-22 04:02:44,261 - P11992 - INFO - Candidates phone: 0 items
2025-05-22 04:02:44,261 - P11992 - INFO - Candidates email: 0 items
2025-05-22 04:02:44,262 - P11992 - INFO - Candidates complement: 0 items
2025-05-22 04:02:44,262 - P11992 - INFO - Candidates cep: 0 items
2025-05-22 04:02:44,263 - P11992 - INFO - Após processar URL 21 Uso de memória: 136.18 MB
2025-05-22 04:02:44,264 - P11992 - INFO - Processando URL 22/24: https://www.moradadamemoria.com.br/memorial/31907/gustavo-souza
2025-05-22 04:02:48,449 - P11992 - INFO - HTML salvo para debug: data\debug_html_v10\cb2ab1e3e9c76a699bfa256e13e94c55.html
2025-05-22 04:02:48,487 - P11992 - INFO - Candidates address: 0 items
2025-05-22 04:02:48,488 - P11992 - INFO - Candidates phone: 1 items
2025-05-22 04:02:48,488 - P11992 - INFO - Candidates email: 1 items
2025-05-22 04:02:48,488 - P11992 - INFO - Candidates complement: 3 items
2025-05-22 04:02:48,488 - P11992 - INFO - Candidates cep: 0 items
2025-05-22 04:02:48,488 - P11992 - INFO - Após processar URL 22 Uso de memória: 136.39 MB
2025-05-22 04:02:48,489 - P11992 - INFO - Processando URL 23/24: https://cnpj.biz/49189181000135
2025-05-22 04:02:50,615 - P11992 - INFO - HTML salvo para debug: data\debug_html_v10\a5327de202df5f86c393b3d2b69c520c.html
2025-05-22 04:02:50,617 - P11992 - INFO - Candidates address: 0 items
2025-05-22 04:02:50,617 - P11992 - INFO - Candidates phone: 0 items
2025-05-22 04:02:50,617 - P11992 - INFO - Candidates email: 0 items
2025-05-22 04:02:50,618 - P11992 - INFO - Candidates complement: 0 items
2025-05-22 04:02:50,618 - P11992 - INFO - Candidates cep: 0 items
2025-05-22 04:02:50,618 - P11992 - INFO - Após processar URL 23 Uso de memória: 135.50 MB
2025-05-22 04:02:50,618 - P11992 - INFO - Processando URL 24/24: https://consultacrm.com.br/
2025-05-22 04:02:54,626 - P11992 - INFO - HTML salvo para debug: data\debug_html_v10\65cadeb91ac3713432c21b535990f440.html
2025-05-22 04:02:54,641 - P11992 - INFO - Candidates address: 0 items
2025-05-22 04:02:54,641 - P11992 - INFO - Candidates phone: 0 items
2025-05-22 04:02:54,642 - P11992 - INFO - Candidates email: 0 items
2025-05-22 04:02:54,642 - P11992 - INFO - Candidates complement: 0 items
2025-05-22 04:02:54,642 - P11992 - INFO - Candidates cep: 0 items
2025-05-22 04:02:54,642 - P11992 - INFO - Após processar URL 24 Uso de memória: 135.58 MB
2025-05-22 04:02:54,643 - P11992 - INFO - Iniciando agregação e ranqueamento
2025-05-22 04:02:54,644 - P11992 - INFO - Ranked address: 253 items
2025-05-22 04:02:54,644 - P11992 - INFO - Ranked phone: 10 items
2025-05-22 04:02:54,644 - P11992 - INFO - Ranked email: 17 items
2025-05-22 04:02:54,644 - P11992 - INFO - Ranked complement: 21 items
2025-05-22 04:02:54,651 - P11992 - INFO - Ranked cep: 12554 items
2025-05-22 04:02:54,652 - P11992 - INFO - Após agregação Uso de memória: 135.60 MB
2025-05-22 04:02:54,653 - P11992 - INFO - Validando endereço: ['Rua Benjamin Constant, 67', 'Avenida Ines Garcia, 100', 'Rua Pasteur, 181']
2025-05-22 04:02:54,653 - P11992 - INFO - Endereço validado: Rua Benjamin Constant, 67
2025-05-22 04:02:54,653 - P11992 - INFO - Limpando texto extenso para campo address: Rua Benjamin Constant, 67...
2025-05-22 04:02:54,654 - P11992 - INFO - Texto limpo: Rua Benjamin Constant, 67
2025-05-22 04:02:54,655 - P11992 - INFO - Validando telefone: ['+551138974400', '+551130636177', '+55-54-3321-3815']
2025-05-22 04:02:54,655 - P11992 - INFO - Validando email: ['pnst_sp@pnst.com.br', 'josemorsch@telemedicinamorsch.com.br', 'ADM@FACTORYSERVICEBRASIL.COM']
2025-05-22 04:02:54,656 - P11992 - INFO - Limpando texto extenso para campo email: pnst_sp@pnst.com.br...
2025-05-22 04:02:54,657 - P11992 - INFO - Texto limpo: pnst_sp@pnst.com.br
2025-05-22 04:02:54,657 - P11992 - INFO - Email validado: pnst_sp@pnst.com.br
2025-05-22 04:02:54,657 - P11992 - INFO - Validando complemento: ['Sala 301 ', 'Sala 210 Centro', 'Apt   306 Centro']
2025-05-22 04:02:54,657 - P11992 - INFO - Limpando texto extenso para campo complement: Sala 301 ...
2025-05-22 04:02:54,657 - P11992 - INFO - Texto limpo: Sala 301
2025-05-22 04:02:54,657 - P11992 - INFO - Complemento validado: Sala 301
2025-05-22 04:02:54,658 - P11992 - INFO - Descobrindo cidade
2025-05-22 04:02:54,658 - P11992 - INFO - Buscando cidade: Rua Benjamin Constant cidade MG
2025-05-22 04:02:57,266 - P11992 - INFO - Cidade encontrada: Formiga
2025-05-22 04:02:57,266 - P11992 - INFO - Limpando texto extenso para campo city: Formiga...
2025-05-22 04:02:57,268 - P11992 - INFO - Texto limpo: Formiga
2025-05-22 04:02:57,268 - P11992 - INFO - Cidade descoberta: Formiga
2025-05-22 04:02:57,268 - P11992 - INFO - Buscando CEP com sistema de cascata
2025-05-22 04:02:57,269 - P11992 - INFO - Iniciando busca de CEP em cascata para: Rua Benjamin Constant, Formiga, MG
2025-05-22 04:02:57,269 - P11992 - INFO - Método 1: ViaCEP API
2025-05-22 04:02:57,269 - P11992 - INFO - Buscando no ViaCEP: https://viacep.com.br/ws/MG/formiga/rua%20benjamin%20constant/json/
2025-05-22 04:02:57,934 - P11992 - INFO - Dados encontrados no ViaCEP: {'cep': '35570-504', 'logradouro': 'Rua Benjamin Constant', 'complemento': '', 'unidade': '', 'bairro': 'Rosário', 'localidade': 'Formiga', 'uf': 'MG', 'estado': 'Minas Gerais', 'regiao': 'Sudeste', 'ibge': '3126109', 'gia': '', 'ddd': '37', 'siafi': '4521'}
2025-05-22 04:02:57,936 - P11992 - INFO - CEP encontrado via ViaCEP: 35570-504
2025-05-22 04:02:57,937 - P11992 - INFO - Dados de CEP encontrados: {'cep': '35570-504', 'logradouro': 'Rua Benjamin Constant', 'complemento': '', 'unidade': '', 'bairro': 'Rosário', 'localidade': 'Formiga', 'uf': 'MG', 'estado': 'Minas Gerais', 'regiao': 'Sudeste', 'ibge': '3126109', 'gia': '', 'ddd': '37', 'siafi': '4521'}
2025-05-22 04:02:57,937 - P11992 - INFO - Limpando texto extenso para campo bairro: Rosário...
2025-05-22 04:02:57,937 - P11992 - INFO - Texto limpo: Rosário
2025-05-22 04:02:57,937 - P11992 - INFO - Limpando texto extenso para campo city: Formiga...
2025-05-22 04:02:57,937 - P11992 - INFO - Texto limpo: Formiga
2025-05-22 04:02:57,937 - P11992 - INFO - Limpando texto extenso para campo state: MG...
2025-05-22 04:02:57,937 - P11992 - INFO - Texto limpo: MG
2025-05-22 04:02:57,938 - P11992 - INFO - Tempo de execução de processamento completo do médico: 98.12 segundos
2025-05-22 04:02:57,938 - P11992 - INFO - Resultado processado: {'Hash': 'a22a839887744ec80be497996cacfdf9d820f61546e6648ec6990f2ae58027b1', 'CRM': '68165', 'UF': 'MG', 'Firstname': 'GUSTAVO', 'LastName': 'OLIVEIRA DE SOUZA', 'Medical specialty': '', 'Endereco Completo A1': 'Rua Benjamin Constant, 67', 'Address A1': 'Rua Benjamin Constant', 'Numero A1': '67', 'Complement A1': 'Sala 301', 'Bairro A1': 'Rosário', 'postal code A1': '35570-504', 'City A1': 'Formiga', 'State A1': 'MG', 'Phone A1': '', 'Phone A2': '', 'Cell phone A1': '', 'Cell phone A2': '', 'E-mail A1': 'pnst_sp@pnst.com.br', 'E-mail A2': '', 'OPT-IN': '', 'STATUS': '', 'LOTE': ''}
2025-05-22 04:02:57,939 - P11992 - INFO - Progresso: 60.6%
2025-05-22 04:02:57,939 - P11992 - INFO - Tempo de execução de processamento do médico 2: 98.12 segundos
2025-05-22 04:02:57,940 - P11992 - INFO - 
==================================================
Processando médico 3/3
2025-05-22 04:02:57,940 - P11992 - INFO - Nome: CÁSSIA APARECIDA SILVA
2025-05-22 04:02:57,940 - P11992 - INFO - Início do processamento Uso de memória: 134.64 MB
2025-05-22 04:02:57,940 - P11992 - INFO - Iniciando busca para: CÁSSIA APARECIDA SILVA CRM 69584 MG telefone e-mail endereço
2025-05-22 04:02:58,882 - P11992 - INFO - SearX results: 15 URLs
2025-05-22 04:02:58,883 - P11992 - INFO - Após SearX Uso de memória: 134.64 MB
2025-05-22 04:03:01,654 - P11992 - INFO - Google results: 10 URLs
2025-05-22 04:03:01,654 - P11992 - INFO - Após Google Uso de memória: 136.74 MB
2025-05-22 04:03:04,227 - P11992 - INFO - Bing results: 10 URLs
2025-05-22 04:03:04,227 - P11992 - INFO - Após Bing Uso de memória: 136.74 MB
2025-05-22 04:03:04,227 - P11992 - INFO - Total de URLs únicas: 19
2025-05-22 04:03:04,228 - P11992 - INFO - Processando URL 1/19: https://www.descubraonline.com/guia/mg/cassia/cassmed-40945184000187/
2025-05-22 04:03:09,492 - P11992 - INFO - HTML salvo para debug: data\debug_html_v10\2b6551bb29ec0f1c0d3a6803a225ea52.html
2025-05-22 04:03:09,539 - P11992 - INFO - Candidates address: 3 items
2025-05-22 04:03:09,540 - P11992 - INFO - Candidates phone: 1 items
2025-05-22 04:03:09,540 - P11992 - INFO - Candidates email: 1 items
2025-05-22 04:03:09,540 - P11992 - INFO - Candidates complement: 0 items
2025-05-22 04:03:09,540 - P11992 - INFO - Candidates cep: 1 items
2025-05-22 04:03:09,540 - P11992 - INFO - Após processar URL 1 Uso de memória: 138.21 MB
2025-05-22 04:03:09,541 - P11992 - INFO - Processando URL 2/19: https://www.sociosbrasil.com/nome/cassia-aparecida-silva
2025-05-22 04:03:13,906 - P11992 - INFO - HTML salvo para debug: data\debug_html_v10\c219f6dd8a163d506a038730d0a2cecc.html
2025-05-22 04:03:13,912 - P11992 - INFO - Candidates address: 2 items
2025-05-22 04:03:13,913 - P11992 - INFO - Candidates phone: 0 items
2025-05-22 04:03:13,913 - P11992 - INFO - Candidates email: 2 items
2025-05-22 04:03:13,913 - P11992 - INFO - Candidates complement: 1 items
2025-05-22 04:03:13,913 - P11992 - INFO - Candidates cep: 5 items
2025-05-22 04:03:13,913 - P11992 - INFO - Após processar URL 2 Uso de memória: 138.35 MB
2025-05-22 04:03:13,914 - P11992 - INFO - Processando URL 3/19: https://www2.bauru.sp.gov.br/arquivos/sist_diariooficial/2017/03/do_20170328_2809.pdf
2025-05-22 04:03:13,914 - P11992 - INFO - Ignorando URL de arquivo não-HTML: https://www2.bauru.sp.gov.br/arquivos/sist_diariooficial/2017/03/do_20170328_2809.pdf
2025-05-22 04:03:13,914 - P11992 - INFO - Após processar URL 3 Uso de memória: 138.35 MB
2025-05-22 04:03:13,914 - P11992 - INFO - Processando URL 4/19: https://www2.bauru.sp.gov.br/arquivos/sist_diariooficial/2014/04/do_20140412_2379.pdf
2025-05-22 04:03:13,915 - P11992 - INFO - Ignorando URL de arquivo não-HTML: https://www2.bauru.sp.gov.br/arquivos/sist_diariooficial/2014/04/do_20140412_2379.pdf
2025-05-22 04:03:13,915 - P11992 - INFO - Após processar URL 4 Uso de memória: 138.35 MB
2025-05-22 04:03:13,915 - P11992 - INFO - Processando URL 5/19: https://portal.tjpr.jus.br/e-dj/publico/diario/baixar.do;jsessionid=71ecfcc7cdc007335369ed25eecc?tjpr.url.crypto=348b95e7940d7810
2025-05-22 04:03:16,045 - P11992 - INFO - HTML salvo para debug: data\debug_html_v10\074bb958014ab4486e79aa1e787541de.html
2025-05-22 04:03:16,057 - P11992 - INFO - Candidates address: 2 items
2025-05-22 04:03:16,058 - P11992 - INFO - Candidates phone: 0 items
2025-05-22 04:03:16,058 - P11992 - INFO - Candidates email: 2 items
2025-05-22 04:03:16,058 - P11992 - INFO - Candidates complement: 1 items
2025-05-22 04:03:16,058 - P11992 - INFO - Candidates cep: 5 items
2025-05-22 04:03:16,058 - P11992 - INFO - Após processar URL 5 Uso de memória: 138.36 MB
2025-05-22 04:03:16,058 - P11992 - INFO - Processando URL 6/19: https://crmmg.org.br/contato/
2025-05-22 04:03:21,019 - P11992 - INFO - HTML salvo para debug: data\debug_html_v10\8b782fbc7fe3c59e356e34916a7ce54c.html
2025-05-22 04:03:21,051 - P11992 - INFO - Candidates address: 2 items
2025-05-22 04:03:21,052 - P11992 - INFO - Candidates phone: 0 items
2025-05-22 04:03:21,052 - P11992 - INFO - Candidates email: 1 items
2025-05-22 04:03:21,052 - P11992 - INFO - Candidates complement: 2 items
2025-05-22 04:03:21,052 - P11992 - INFO - Candidates cep: 0 items
2025-05-22 04:03:21,052 - P11992 - INFO - Após processar URL 6 Uso de memória: 138.36 MB
2025-05-22 04:03:21,052 - P11992 - INFO - Processando URL 7/19: https://osasco.sp.gov.br/site/wp-content/uploads/2022/02/iomo626.pdf
2025-05-22 04:03:21,053 - P11992 - INFO - Ignorando URL de arquivo não-HTML: https://osasco.sp.gov.br/site/wp-content/uploads/2022/02/iomo626.pdf
2025-05-22 04:03:21,053 - P11992 - INFO - Após processar URL 7 Uso de memória: 138.36 MB
2025-05-22 04:03:21,053 - P11992 - INFO - Processando URL 8/19: https://cnpj.biz/22379419000139
2025-05-22 04:03:23,329 - P11992 - INFO - HTML salvo para debug: data\debug_html_v10\39a3275a4fd959081bde90dc536f31a0.html
2025-05-22 04:03:23,331 - P11992 - INFO - Candidates address: 0 items
2025-05-22 04:03:23,331 - P11992 - INFO - Candidates phone: 0 items
2025-05-22 04:03:23,331 - P11992 - INFO - Candidates email: 0 items
2025-05-22 04:03:23,331 - P11992 - INFO - Candidates complement: 0 items
2025-05-22 04:03:23,332 - P11992 - INFO - Candidates cep: 0 items
2025-05-22 04:03:23,332 - P11992 - INFO - Após processar URL 8 Uso de memória: 138.36 MB
2025-05-22 04:03:23,332 - P11992 - INFO - Processando URL 9/19: https://sistemadje.tjmt.jus.br/publicacoes/10610-2019%20C5%20Comarcas%20-%20Primeira%20Entr%C3%A2ncia.pdf
2025-05-22 04:03:23,332 - P11992 - INFO - Ignorando URL de arquivo não-HTML: https://sistemadje.tjmt.jus.br/publicacoes/10610-2019%20C5%20Comarcas%20-%20Primeira%20Entr%C3%A2ncia.pdf
2025-05-22 04:03:23,332 - P11992 - INFO - Após processar URL 9 Uso de memória: 138.36 MB
2025-05-22 04:03:23,333 - P11992 - INFO - Processando URL 10/19: https://cliniguia.com/profissionais/cassia-aparecida-silva-702803614356861/
2025-05-22 04:03:27,561 - P11992 - INFO - HTML salvo para debug: data\debug_html_v10\796ca883e4c04e01b6f6acbc801d1fd9.html
2025-05-22 04:03:27,625 - P11992 - INFO - Candidates address: 0 items
2025-05-22 04:03:27,631 - P11992 - INFO - Candidates phone: 0 items
2025-05-22 04:03:27,638 - P11992 - INFO - Candidates email: 0 items
2025-05-22 04:03:27,639 - P11992 - INFO - Candidates complement: 0 items
2025-05-22 04:03:27,639 - P11992 - INFO - Candidates cep: 0 items
2025-05-22 04:03:27,640 - P11992 - INFO - Após processar URL 10 Uso de memória: 138.36 MB
2025-05-22 04:03:27,641 - P11992 - INFO - Processando URL 11/19: https://www.escavador.com/sobre/1480192/marta-ligia-pomim-valentim
2025-05-22 04:03:31,760 - P11992 - INFO - HTML salvo para debug: data\debug_html_v10\363002aabf239fa9273264bbf050d199.html
2025-05-22 04:03:31,775 - P11992 - INFO - Candidates address: 0 items
2025-05-22 04:03:31,775 - P11992 - INFO - Candidates phone: 0 items
2025-05-22 04:03:31,776 - P11992 - INFO - Candidates email: 0 items
2025-05-22 04:03:31,776 - P11992 - INFO - Candidates complement: 0 items
2025-05-22 04:03:31,776 - P11992 - INFO - Candidates cep: 0 items
2025-05-22 04:03:31,776 - P11992 - INFO - Após processar URL 11 Uso de memória: 138.36 MB
2025-05-22 04:03:31,776 - P11992 - INFO - Processando URL 12/19: https://www.solutudo.com.br/empresas/mg/para-minas/diversos/dra-cassia-aparecida-silva-cardiologista-22336811
2025-05-22 04:03:37,976 - P11992 - INFO - HTML salvo para debug: data\debug_html_v10\5e65a38d4ef468a20135046acbdbd3fe.html
2025-05-22 04:03:38,029 - P11992 - INFO - Candidates address: 1 items
2025-05-22 04:03:38,041 - P11992 - INFO - Candidates phone: 1 items
2025-05-22 04:03:38,041 - P11992 - INFO - Candidates email: 0 items
2025-05-22 04:03:38,043 - P11992 - INFO - Candidates complement: 0 items
2025-05-22 04:03:38,044 - P11992 - INFO - Candidates cep: 2 items
2025-05-22 04:03:38,044 - P11992 - INFO - Após processar URL 12 Uso de memória: 138.36 MB
2025-05-22 04:03:38,045 - P11992 - INFO - Processando URL 13/19: https://sistemadje.tjmt.jus.br/publicacoes/9881-2016_Primeira_Entrancia.pdf
2025-05-22 04:03:38,046 - P11992 - INFO - Ignorando URL de arquivo não-HTML: https://sistemadje.tjmt.jus.br/publicacoes/9881-2016_Primeira_Entrancia.pdf
2025-05-22 04:03:38,046 - P11992 - INFO - Após processar URL 13 Uso de memória: 138.36 MB
2025-05-22 04:03:38,050 - P11992 - INFO - Processando URL 14/19: https://www.doctoralia.com.br/cassia-silva/cardiologista/para-de-minas
2025-05-22 04:03:38,051 - P11992 - INFO - Ignorando URL de arquivo não-HTML: https://www.doctoralia.com.br/cassia-silva/cardiologista/para-de-minas
2025-05-22 04:03:38,071 - P11992 - INFO - Após processar URL 14 Uso de memória: 138.36 MB
2025-05-22 04:03:38,074 - P11992 - INFO - Processando URL 15/19: https://crmvirtual.cfm.org.br/MG/servico/procure-medicos
2025-05-22 04:03:40,625 - P11992 - INFO - HTML salvo para debug: data\debug_html_v10\c2af9904acdad6295c60ad1b50d74554.html
2025-05-22 04:03:40,651 - P11992 - INFO - Candidates address: 0 items
2025-05-22 04:03:40,651 - P11992 - INFO - Candidates phone: 0 items
2025-05-22 04:03:40,651 - P11992 - INFO - Candidates email: 2 items
2025-05-22 04:03:40,651 - P11992 - INFO - Candidates complement: 0 items
2025-05-22 04:03:40,651 - P11992 - INFO - Candidates cep: 0 items
2025-05-22 04:03:40,652 - P11992 - INFO - Após processar URL 15 Uso de memória: 138.36 MB
2025-05-22 04:03:40,652 - P11992 - INFO - Processando URL 16/19: https://www.medicosbrasil.com/profissional/cassia-aparecida-silva
2025-05-22 04:03:42,835 - P11992 - INFO - HTML salvo para debug: data\debug_html_v10\bd77f7698d6dc633a28819de4b9838e1.html
2025-05-22 04:03:42,837 - P11992 - INFO - Candidates address: 0 items
2025-05-22 04:03:42,837 - P11992 - INFO - Candidates phone: 0 items
2025-05-22 04:03:42,837 - P11992 - INFO - Candidates email: 0 items
2025-05-22 04:03:42,837 - P11992 - INFO - Candidates complement: 0 items
2025-05-22 04:03:42,838 - P11992 - INFO - Candidates cep: 0 items
2025-05-22 04:03:42,838 - P11992 - INFO - Após processar URL 16 Uso de memória: 138.36 MB
2025-05-22 04:03:42,838 - P11992 - INFO - Processando URL 17/19: https://www.boaconsulta.com/especialista/cassia-aparecida-silva-6105c869ba32c32e260004eb
2025-05-22 04:03:45,769 - P11992 - INFO - HTML salvo para debug: data\debug_html_v10\40e852f9fe5a8bc6c5b61b17aaf61f72.html
2025-05-22 04:03:45,863 - P11992 - INFO - Candidates address: 3 items
2025-05-22 04:03:45,863 - P11992 - INFO - Candidates phone: 0 items
2025-05-22 04:03:45,863 - P11992 - INFO - Candidates email: 0 items
2025-05-22 04:03:45,863 - P11992 - INFO - Candidates complement: 0 items
2025-05-22 04:03:45,863 - P11992 - INFO - Candidates cep: 0 items
2025-05-22 04:03:45,864 - P11992 - INFO - Após processar URL 17 Uso de memória: 138.36 MB
2025-05-22 04:03:45,864 - P11992 - INFO - Processando URL 18/19: https://www.listamais.com.br/segmento/Df-329/clinicas-especializadas-em-cassia-mg
2025-05-22 04:03:48,714 - P11992 - INFO - HTML salvo para debug: data\debug_html_v10\7d6b980c45491f0c5561e46776be89fb.html
2025-05-22 04:03:48,739 - P11992 - INFO - Candidates address: 3 items
2025-05-22 04:03:48,739 - P11992 - INFO - Candidates phone: 1 items
2025-05-22 04:03:48,739 - P11992 - INFO - Candidates email: 1 items
2025-05-22 04:03:48,740 - P11992 - INFO - Candidates complement: 0 items
2025-05-22 04:03:48,740 - P11992 - INFO - Candidates cep: 3 items
2025-05-22 04:03:48,740 - P11992 - INFO - Após processar URL 18 Uso de memória: 138.36 MB
2025-05-22 04:03:48,740 - P11992 - INFO - Processando URL 19/19: https://consultacrm.com.br/
2025-05-22 04:03:50,837 - P11992 - INFO - HTML salvo para debug: data\debug_html_v10\65cadeb91ac3713432c21b535990f440.html
2025-05-22 04:03:50,854 - P11992 - INFO - Candidates address: 0 items
2025-05-22 04:03:50,855 - P11992 - INFO - Candidates phone: 0 items
2025-05-22 04:03:50,855 - P11992 - INFO - Candidates email: 0 items
2025-05-22 04:03:50,855 - P11992 - INFO - Candidates complement: 0 items
2025-05-22 04:03:50,856 - P11992 - INFO - Candidates cep: 0 items
2025-05-22 04:03:50,856 - P11992 - INFO - Após processar URL 19 Uso de memória: 139.46 MB
2025-05-22 04:03:50,856 - P11992 - INFO - Iniciando agregação e ranqueamento
2025-05-22 04:03:50,857 - P11992 - INFO - Ranked address: 14 items
2025-05-22 04:03:50,860 - P11992 - INFO - Ranked phone: 3 items
2025-05-22 04:03:50,863 - P11992 - INFO - Ranked email: 7 items
2025-05-22 04:03:50,865 - P11992 - INFO - Ranked complement: 3 items
2025-05-22 04:03:50,866 - P11992 - INFO - Ranked cep: 10 items
2025-05-22 04:03:50,866 - P11992 - INFO - Após agregação Uso de memória: 139.46 MB
2025-05-22 04:03:50,868 - P11992 - INFO - Validando endereço: ['Rua Dos Timbiras, 3109', 'Rua Monsenhor Bernardino, 723', 'Rua Pedrinho Alberto Panissa, 288']
2025-05-22 04:03:50,869 - P11992 - INFO - Endereço validado: Rua Dos Timbiras, 3109
2025-05-22 04:03:50,870 - P11992 - INFO - Limpando texto extenso para campo address: Rua Dos Timbiras, 3109...
2025-05-22 04:03:50,870 - P11992 - INFO - Texto limpo: Rua Dos Timbiras, 3109
2025-05-22 04:03:50,871 - P11992 - INFO - Validando telefone: ['(35) 3541-2327', '(37) 99978-5179', '(08) 00774-1818']
2025-05-22 04:03:50,872 - P11992 - INFO - Limpando texto extenso para campo phone: (35) 3541-2327...
2025-05-22 04:03:50,872 - P11992 - INFO - Texto limpo: 35) 3541-2327
2025-05-22 04:03:50,872 - P11992 - INFO - Telefone validado: 35) 3541-2327
2025-05-22 04:03:50,872 - P11992 - INFO - Validando email: ['MARLA.MAGALHAES@OI.COM.BR', 'SOCIEDADESMEDICASREUNIDAS@GMAIL.COM', 'muradasalexandre@gmail.com']
2025-05-22 04:03:50,872 - P11992 - INFO - Limpando texto extenso para campo email: MARLA.MAGALHAES@OI.COM.BR...
2025-05-22 04:03:50,872 - P11992 - INFO - Texto limpo: marla.magalhaes@oi.com.br
2025-05-22 04:03:50,872 - P11992 - INFO - Email validado: marla.magalhaes@oi.com.br
2025-05-22 04:03:50,873 - P11992 - INFO - Validando complemento: ['Sala: 504; Barro Preto', 'Sala de Imprensa   Notícias do CFM   Saiu na imprensa ', 'Sala de Imprensa ']
2025-05-22 04:03:50,873 - P11992 - INFO - Limpando texto extenso para campo complement: Sala: 504; Barro Preto...
2025-05-22 04:03:50,873 - P11992 - INFO - Texto limpo: Sala: 504; Barro Preto
2025-05-22 04:03:50,873 - P11992 - INFO - Complemento validado: Sala: 504; Barro Preto
2025-05-22 04:03:50,873 - P11992 - INFO - Descobrindo cidade
2025-05-22 04:03:50,873 - P11992 - INFO - Buscando cidade: Rua Dos Timbiras cidade MG
2025-05-22 04:03:53,114 - P11992 - WARNING - Cidade não encontrada
2025-05-22 04:03:53,114 - P11992 - INFO - Cidade descoberta: 
2025-05-22 04:03:53,114 - P11992 - INFO - Tempo de execução de processamento completo do médico: 55.17 segundos
2025-05-22 04:03:53,115 - P11992 - INFO - Resultado processado: {'Hash': '127e9c4c0b7e4837880cd1a1ccff77cf50e1fa4e3bb357db2d0b13e2563525af', 'CRM': '69584', 'UF': 'MG', 'Firstname': 'CÁSSIA', 'LastName': 'APARECIDA SILVA', 'Medical specialty': '', 'Endereco Completo A1': 'Rua Dos Timbiras, 3109', 'Address A1': 'Rua Dos Timbiras', 'Numero A1': '3109', 'Complement A1': 'Sala: 504; Barro Preto', 'Bairro A1': '', 'postal code A1': '', 'City A1': '', 'State A1': '', 'Phone A1': '35) 3541-2327', 'Phone A2': '', 'Cell phone A1': '', 'Cell phone A2': '', 'E-mail A1': 'marla.magalhaes@oi.com.br', 'E-mail A2': '', 'OPT-IN': '', 'STATUS': '', 'LOTE': ''}
2025-05-22 04:03:53,115 - P11992 - INFO - Salvando lote de resultados
2025-05-22 04:03:53,116 - P11992 - INFO - Após salvar resultados Uso de memória: 136.26 MB
2025-05-22 04:03:53,116 - P11992 - INFO - Progresso: 60.8%
2025-05-22 04:03:53,116 - P11992 - INFO - Tempo de execução de processamento do médico 3: 55.18 segundos
2025-05-22 04:03:53,116 - P11992 - INFO - Tempo de execução de processamento do lote completo: 234.34 segundos
