2025-05-22 02:56:33,718 - P15228 - INFO - 
==================================================
Processando médico 1/3
2025-05-22 02:56:33,720 - P15228 - INFO - Nome: MARCIO AMORIM CHAVES
2025-05-22 02:56:33,720 - P15228 - INFO - Reiniciando driver do Chrome
2025-05-22 02:56:34,998 - P15228 - INFO - Após reiniciar driver Uso de memória: 122.32 MB
2025-05-22 02:56:34,998 - P15228 - INFO - Início do processamento Uso de memória: 122.32 MB
2025-05-22 02:56:34,998 - P15228 - INFO - Iniciando busca para: MARCIO AMORIM CHAVES CRM 55884 SP telefone e-mail endereço
2025-05-22 02:56:35,472 - P15228 - INFO - SearX results: 9 URLs
2025-05-22 02:56:35,472 - P15228 - INFO - Após SearX Uso de memória: 122.32 MB
2025-05-22 02:56:38,369 - P15228 - INFO - Google results: 13 URLs
2025-05-22 02:56:38,369 - P15228 - INFO - Após Google Uso de memória: 124.17 MB
2025-05-22 02:56:40,902 - P15228 - INFO - Bing results: 10 URLs
2025-05-22 02:56:40,902 - P15228 - INFO - Após Bing Uso de memória: 124.14 MB
2025-05-22 02:56:40,902 - P15228 - INFO - Total de URLs únicas: 25
2025-05-22 02:56:40,902 - P15228 - INFO - Processando URL 1/25: https://www.helpsaude.com/marcio-amorim-chaves.sp
2025-05-22 02:56:47,253 - P15228 - INFO - HTML salvo para debug: data\debug_html_v10\38394aad081fbb504ed109376164855d.html
2025-05-22 02:56:47,268 - P15228 - INFO - Candidates address: 1 items
2025-05-22 02:56:47,269 - P15228 - INFO - Candidates phone: 0 items
2025-05-22 02:56:47,269 - P15228 - INFO - Candidates email: 0 items
2025-05-22 02:56:47,269 - P15228 - INFO - Candidates complement: 0 items
2025-05-22 02:56:47,269 - P15228 - INFO - Candidates cep: 0 items
2025-05-22 02:56:47,270 - P15228 - INFO - Após processar URL 1 Uso de memória: 124.14 MB
2025-05-22 02:56:47,270 - P15228 - INFO - Processando URL 2/25: http://www.diariooficial.pi.gov.br/diario/202012/DIARIO30_466d42b11e.pdf
2025-05-22 02:56:47,270 - P15228 - INFO - Ignorando URL de arquivo não-HTML: http://www.diariooficial.pi.gov.br/diario/202012/DIARIO30_466d42b11e.pdf
2025-05-22 02:56:47,270 - P15228 - INFO - Após processar URL 2 Uso de memória: 124.14 MB
2025-05-22 02:56:47,271 - P15228 - INFO - Processando URL 3/25: https://www.classemedica.com.br/medico/215844-marcio-amorim-chaves.htm
2025-05-22 02:56:56,855 - P15228 - INFO - HTML salvo para debug: data\debug_html_v10\1139494a9a1ad6c0d025a8e1a6a416ff.html
2025-05-22 02:56:56,882 - P15228 - INFO - Candidates address: 0 items
2025-05-22 02:56:56,882 - P15228 - INFO - Candidates phone: 0 items
2025-05-22 02:56:56,882 - P15228 - INFO - Candidates email: 0 items
2025-05-22 02:56:56,882 - P15228 - INFO - Candidates complement: 0 items
2025-05-22 02:56:56,882 - P15228 - INFO - Candidates cep: 0 items
2025-05-22 02:56:56,882 - P15228 - INFO - Após processar URL 3 Uso de memória: 124.14 MB
2025-05-22 02:56:56,882 - P15228 - INFO - Processando URL 4/25: https://guiamedico.cremesp.org.br/
2025-05-22 02:57:00,159 - P15228 - INFO - HTML salvo para debug: data\debug_html_v10\7c54969580769b63edd9abaa952e1fa2.html
2025-05-22 02:57:00,167 - P15228 - INFO - Candidates address: 1 items
2025-05-22 02:57:00,167 - P15228 - INFO - Candidates phone: 1 items
2025-05-22 02:57:00,168 - P15228 - INFO - Candidates email: 0 items
2025-05-22 02:57:00,168 - P15228 - INFO - Candidates complement: 0 items
2025-05-22 02:57:00,168 - P15228 - INFO - Candidates cep: 1 items
2025-05-22 02:57:00,170 - P15228 - INFO - Após processar URL 4 Uso de memória: 124.14 MB
2025-05-22 02:57:00,170 - P15228 - INFO - Processando URL 5/25: https://www.doctoralia.com.br/marcio-amorim-chaves/medico-do-trabalho/ibiraci
2025-05-22 02:57:00,170 - P15228 - INFO - Ignorando URL de arquivo não-HTML: https://www.doctoralia.com.br/marcio-amorim-chaves/medico-do-trabalho/ibiraci
2025-05-22 02:57:00,171 - P15228 - INFO - Após processar URL 5 Uso de memória: 124.14 MB
2025-05-22 02:57:00,172 - P15228 - INFO - Processando URL 6/25: https://www.mpsp.mp.br/w/do_25_02_2022
2025-05-22 02:57:05,100 - P15228 - INFO - HTML salvo para debug: data\debug_html_v10\7b7842f38b9333c682fd0be00373d38a.html
2025-05-22 02:57:06,053 - P15228 - INFO - Candidates address: 4 items
2025-05-22 02:57:06,053 - P15228 - INFO - Candidates phone: 3 items
2025-05-22 02:57:06,054 - P15228 - INFO - Candidates email: 3 items
2025-05-22 02:57:06,054 - P15228 - INFO - Candidates complement: 0 items
2025-05-22 02:57:06,054 - P15228 - INFO - Candidates cep: 33 items
2025-05-22 02:57:06,054 - P15228 - INFO - Após processar URL 6 Uso de memória: 127.07 MB
2025-05-22 02:57:06,055 - P15228 - INFO - Processando URL 7/25: https://pt.scribd.com/document/624568035/Guia-Medico-Unimed-Franca-Atualizado-Janeiro-2023
2025-05-22 02:57:10,072 - P15228 - INFO - HTML salvo para debug: data\debug_html_v10\a7079862423c3f285f0414eb68ed7fa3.html
2025-05-22 02:57:10,234 - P15228 - INFO - Candidates address: 0 items
2025-05-22 02:57:10,234 - P15228 - INFO - Candidates phone: 1 items
2025-05-22 02:57:10,234 - P15228 - INFO - Candidates email: 0 items
2025-05-22 02:57:10,234 - P15228 - INFO - Candidates complement: 0 items
2025-05-22 02:57:10,235 - P15228 - INFO - Candidates cep: 1 items
2025-05-22 02:57:10,235 - P15228 - INFO - Após processar URL 7 Uso de memória: 128.37 MB
2025-05-22 02:57:10,235 - P15228 - INFO - Processando URL 8/25: https://listamedicos.com/medico/marcio-amorim-chaves
2025-05-22 02:57:15,611 - P15228 - INFO - HTML salvo para debug: data\debug_html_v10\ca6fbbb9f842f67b21d058cbebd02e3f.html
2025-05-22 02:57:15,618 - P15228 - INFO - Candidates address: 0 items
2025-05-22 02:57:15,619 - P15228 - INFO - Candidates phone: 0 items
2025-05-22 02:57:15,619 - P15228 - INFO - Candidates email: 0 items
2025-05-22 02:57:15,619 - P15228 - INFO - Candidates complement: 0 items
2025-05-22 02:57:15,619 - P15228 - INFO - Candidates cep: 2 items
2025-05-22 02:57:15,619 - P15228 - INFO - Após processar URL 8 Uso de memória: 125.27 MB
2025-05-22 02:57:15,620 - P15228 - INFO - Processando URL 9/25: https://www.helpsaude.com/Marcio-Amorim-Chaves.SP
2025-05-22 02:57:20,491 - P15228 - INFO - HTML salvo para debug: data\debug_html_v10\5746f7da4e49ca03dfab3426ffee6dec.html
2025-05-22 02:57:20,504 - P15228 - INFO - Candidates address: 1 items
2025-05-22 02:57:20,505 - P15228 - INFO - Candidates phone: 0 items
2025-05-22 02:57:20,505 - P15228 - INFO - Candidates email: 0 items
2025-05-22 02:57:20,506 - P15228 - INFO - Candidates complement: 0 items
2025-05-22 02:57:20,506 - P15228 - INFO - Candidates cep: 0 items
2025-05-22 02:57:20,506 - P15228 - INFO - Após processar URL 9 Uso de memória: 125.28 MB
2025-05-22 02:57:20,506 - P15228 - INFO - Processando URL 10/25: https://files.pmp.sp.gov.br/semad/diariooficial/2021/05/20210514.pdf
2025-05-22 02:57:20,507 - P15228 - INFO - Ignorando URL de arquivo não-HTML: https://files.pmp.sp.gov.br/semad/diariooficial/2021/05/20210514.pdf
2025-05-22 02:57:20,507 - P15228 - INFO - Após processar URL 10 Uso de memória: 125.28 MB
2025-05-22 02:57:20,507 - P15228 - INFO - Processando URL 11/25: https://www-storage.voxtecnologia.com.br/?m=sigpub.publicacao&f=159&i=publicado_109871_2025-04-28_3c81e3a46e36770771229a06e3e9c525.pdf
2025-05-22 02:57:20,507 - P15228 - INFO - Ignorando URL de arquivo não-HTML: https://www-storage.voxtecnologia.com.br/?m=sigpub.publicacao&f=159&i=publicado_109871_2025-04-28_3c81e3a46e36770771229a06e3e9c525.pdf
2025-05-22 02:57:20,508 - P15228 - INFO - Após processar URL 11 Uso de memória: 125.28 MB
2025-05-22 02:57:20,508 - P15228 - INFO - Processando URL 12/25: https://osasco.sp.gov.br/site/wp-content/uploads/2022/02/iomo597.pdf
2025-05-22 02:57:20,508 - P15228 - INFO - Ignorando URL de arquivo não-HTML: https://osasco.sp.gov.br/site/wp-content/uploads/2022/02/iomo597.pdf
2025-05-22 02:57:20,508 - P15228 - INFO - Após processar URL 12 Uso de memória: 125.28 MB
2025-05-22 02:57:20,508 - P15228 - INFO - Processando URL 13/25: https://diario.carapicuiba.sp.gov.br/uploads/diario_oficial/341/Ld0YfZKQTQcIHekc0Iy2tCWCEqeQS-jk.pdf
2025-05-22 02:57:20,508 - P15228 - INFO - Ignorando URL de arquivo não-HTML: https://diario.carapicuiba.sp.gov.br/uploads/diario_oficial/341/Ld0YfZKQTQcIHekc0Iy2tCWCEqeQS-jk.pdf
2025-05-22 02:57:20,509 - P15228 - INFO - Após processar URL 13 Uso de memória: 125.28 MB
2025-05-22 02:57:20,509 - P15228 - INFO - Processando URL 14/25: https://clinica.work/especialista/marcio-amorim-chaves-clinica-medica-ibiraci-mg
2025-05-22 02:57:24,911 - P15228 - INFO - HTML salvo para debug: data\debug_html_v10\c9a3f6413c1a3c3be1cf38f7907714a0.html
2025-05-22 02:57:25,005 - P15228 - INFO - Candidates address: 1 items
2025-05-22 02:57:25,006 - P15228 - INFO - Candidates phone: 0 items
2025-05-22 02:57:25,006 - P15228 - INFO - Candidates email: 0 items
2025-05-22 02:57:25,006 - P15228 - INFO - Candidates complement: 0 items
2025-05-22 02:57:25,006 - P15228 - INFO - Candidates cep: 1 items
2025-05-22 02:57:25,006 - P15228 - INFO - Após processar URL 14 Uso de memória: 117.08 MB
2025-05-22 02:57:25,006 - P15228 - INFO - Processando URL 15/25: https://consultacrm.com.br/
2025-05-22 02:57:29,135 - P15228 - INFO - HTML salvo para debug: data\debug_html_v10\65cadeb91ac3713432c21b535990f440.html
2025-05-22 02:57:29,151 - P15228 - INFO - Candidates address: 0 items
2025-05-22 02:57:29,152 - P15228 - INFO - Candidates phone: 0 items
2025-05-22 02:57:29,153 - P15228 - INFO - Candidates email: 0 items
2025-05-22 02:57:29,153 - P15228 - INFO - Candidates complement: 0 items
2025-05-22 02:57:29,156 - P15228 - INFO - Candidates cep: 0 items
2025-05-22 02:57:29,157 - P15228 - INFO - Após processar URL 15 Uso de memória: 120.41 MB
2025-05-22 02:57:29,158 - P15228 - INFO - Processando URL 16/25: https://diariooficial.guarulhos.sp.gov.br/uploads/pdf/1185109499.pdf
2025-05-22 02:57:29,158 - P15228 - INFO - Ignorando URL de arquivo não-HTML: https://diariooficial.guarulhos.sp.gov.br/uploads/pdf/1185109499.pdf
2025-05-22 02:57:29,159 - P15228 - INFO - Após processar URL 16 Uso de memória: 120.41 MB
2025-05-22 02:57:29,160 - P15228 - INFO - Processando URL 17/25: https://www.catalogo.med.br/doutor/rodrigo-balbino-chaves-amorim-2509823.htm
2025-05-22 02:57:31,344 - P15228 - INFO - HTML salvo para debug: data\debug_html_v10\1abe60acac721a48977d70a2f7dd89d0.html
2025-05-22 02:57:31,345 - P15228 - INFO - Candidates address: 0 items
2025-05-22 02:57:31,345 - P15228 - INFO - Candidates phone: 0 items
2025-05-22 02:57:31,345 - P15228 - INFO - Candidates email: 0 items
2025-05-22 02:57:31,345 - P15228 - INFO - Candidates complement: 0 items
2025-05-22 02:57:31,345 - P15228 - INFO - Candidates cep: 0 items
2025-05-22 02:57:31,346 - P15228 - INFO - Após processar URL 17 Uso de memória: 120.41 MB
2025-05-22 02:57:31,346 - P15228 - INFO - Processando URL 18/25: https://pt.scribd.com/document/512495085/Unimed-Franca-Guia-Medico-Atualizado
2025-05-22 02:57:35,213 - P15228 - INFO - HTML salvo para debug: data\debug_html_v10\1609cdef4f29ae5271ede6f90cf466c2.html
2025-05-22 02:57:35,407 - P15228 - INFO - Candidates address: 0 items
2025-05-22 02:57:35,407 - P15228 - INFO - Candidates phone: 1 items
2025-05-22 02:57:35,407 - P15228 - INFO - Candidates email: 0 items
2025-05-22 02:57:35,408 - P15228 - INFO - Candidates complement: 0 items
2025-05-22 02:57:35,408 - P15228 - INFO - Candidates cep: 0 items
2025-05-22 02:57:35,408 - P15228 - INFO - Após processar URL 18 Uso de memória: 125.68 MB
2025-05-22 02:57:35,409 - P15228 - INFO - Processando URL 19/25: https://diariooficial.guarulhos.sp.gov.br/uploads/pdf/1223896652.pdf
2025-05-22 02:57:35,409 - P15228 - INFO - Ignorando URL de arquivo não-HTML: https://diariooficial.guarulhos.sp.gov.br/uploads/pdf/1223896652.pdf
2025-05-22 02:57:35,409 - P15228 - INFO - Após processar URL 19 Uso de memória: 122.48 MB
2025-05-22 02:57:35,410 - P15228 - INFO - Processando URL 20/25: https://www.igepps.pa.gov.br/sites/default/files/2023-01/2023.01.31.DOE.pdf
2025-05-22 02:57:35,410 - P15228 - INFO - Ignorando URL de arquivo não-HTML: https://www.igepps.pa.gov.br/sites/default/files/2023-01/2023.01.31.DOE.pdf
2025-05-22 02:57:35,410 - P15228 - INFO - Após processar URL 20 Uso de memória: 122.48 MB
2025-05-22 02:57:35,410 - P15228 - INFO - Processando URL 21/25: https://juniorapi.whatscontabil.com.br/public/1747849181456_ASO_69782_conplan_sgg_msptrabalho_mariajuliam_2025-05-20-09-11-34.pdf
2025-05-22 02:57:35,410 - P15228 - INFO - Ignorando URL de arquivo não-HTML: https://juniorapi.whatscontabil.com.br/public/1747849181456_ASO_69782_conplan_sgg_msptrabalho_mariajuliam_2025-05-20-09-11-34.pdf
2025-05-22 02:57:35,411 - P15228 - INFO - Após processar URL 21 Uso de memória: 122.48 MB
2025-05-22 02:57:35,411 - P15228 - INFO - Processando URL 22/25: https://saude101.com.br/prestador/900002112-marcio-amorim-chaves.html
2025-05-22 02:57:38,457 - P15228 - INFO - HTML salvo para debug: data\debug_html_v10\ab33ed3c5b9350db499fb81c6d98eb21.html
2025-05-22 02:57:38,466 - P15228 - INFO - Candidates address: 1 items
2025-05-22 02:57:38,467 - P15228 - INFO - Candidates phone: 0 items
2025-05-22 02:57:38,467 - P15228 - INFO - Candidates email: 0 items
2025-05-22 02:57:38,467 - P15228 - INFO - Candidates complement: 0 items
2025-05-22 02:57:38,467 - P15228 - INFO - Candidates cep: 1 items
2025-05-22 02:57:38,467 - P15228 - INFO - Após processar URL 22 Uso de memória: 122.52 MB
2025-05-22 02:57:38,467 - P15228 - INFO - Processando URL 23/25: https://sistemadje.tjmt.jus.br/publicacoes/10327-2018%20C7%20Comarcas%20-%201%C2%AA%202%C2%AA%20e%203%C2%AA%20Entr%C3%A2ncia.pdf
2025-05-22 02:57:38,468 - P15228 - INFO - Ignorando URL de arquivo não-HTML: https://sistemadje.tjmt.jus.br/publicacoes/10327-2018%20C7%20Comarcas%20-%201%C2%AA%202%C2%AA%20e%203%C2%AA%20Entr%C3%A2ncia.pdf
2025-05-22 02:57:38,468 - P15228 - INFO - Após processar URL 23 Uso de memória: 122.52 MB
2025-05-22 02:57:38,468 - P15228 - INFO - Processando URL 24/25: https://deoab.oab.org.br/assets/diarios/diario-eletronico-oab-04-08-2022.pdf?p=1659646800040
2025-05-22 02:57:38,468 - P15228 - INFO - Ignorando URL de arquivo não-HTML: https://deoab.oab.org.br/assets/diarios/diario-eletronico-oab-04-08-2022.pdf?p=1659646800040
2025-05-22 02:57:38,468 - P15228 - INFO - Após processar URL 24 Uso de memória: 122.52 MB
2025-05-22 02:57:38,469 - P15228 - INFO - Processando URL 25/25: https://www.medicosbrasil.com/profissional/marcio-amorim-chaves
2025-05-22 02:57:42,381 - P15228 - INFO - HTML salvo para debug: data\debug_html_v10\a2185dd52c1f8fce20a11a3655be76b7.html
2025-05-22 02:57:42,408 - P15228 - INFO - Candidates address: 0 items
2025-05-22 02:57:42,408 - P15228 - INFO - Candidates phone: 0 items
2025-05-22 02:57:42,408 - P15228 - INFO - Candidates email: 0 items
2025-05-22 02:57:42,409 - P15228 - INFO - Candidates complement: 0 items
2025-05-22 02:57:42,409 - P15228 - INFO - Candidates cep: 0 items
2025-05-22 02:57:42,409 - P15228 - INFO - Após processar URL 25 Uso de memória: 122.79 MB
2025-05-22 02:57:42,409 - P15228 - INFO - Iniciando agregação e ranqueamento
2025-05-22 02:57:42,410 - P15228 - INFO - Ranked address: 8 items
2025-05-22 02:57:42,410 - P15228 - INFO - Ranked phone: 5 items
2025-05-22 02:57:42,410 - P15228 - INFO - Ranked email: 3 items
2025-05-22 02:57:42,410 - P15228 - INFO - Ranked complement: 0 items
2025-05-22 02:57:42,410 - P15228 - INFO - Ranked cep: 37 items
2025-05-22 02:57:42,410 - P15228 - INFO - Após agregação Uso de memória: 122.79 MB
2025-05-22 02:57:42,411 - P15228 - INFO - Validando endereço: ['Avenida Cesar Jorge Elias , 00034', 'Rua Frei Caneca, 1282', 'Rua Riachuelo, 115']
2025-05-22 02:57:42,411 - P15228 - INFO - Endereço validado: Avenida Cesar Jorge Elias , 00034
2025-05-22 02:57:42,411 - P15228 - INFO - Limpando texto extenso para campo address: Avenida Cesar Jorge Elias , 00034...
2025-05-22 02:57:42,411 - P15228 - INFO - Texto limpo: Avenida Cesar Jorge Elias , 00034
2025-05-22 02:57:42,411 - P15228 - INFO - Validando telefone: ['(16) 3711-6677', '(11) 4349-9900', '(11) 3775-4121']
2025-05-22 02:57:42,411 - P15228 - INFO - Limpando texto extenso para campo phone: (16) 3711-6677...
2025-05-22 02:57:42,411 - P15228 - INFO - Texto limpo: 16) 3711-6677
2025-05-22 02:57:42,412 - P15228 - INFO - Telefone validado: 16) 3711-6677
2025-05-22 02:57:42,412 - P15228 - INFO - Validando email: ['revistajustitia@mpsp.mp.br', 'esmp-secretaria@mpsp.mp.br', 'esmp-escola_virtual@mpsp.mp.br']
2025-05-22 02:57:42,412 - P15228 - INFO - Limpando texto extenso para campo email: revistajustitia@mpsp.mp.br...
2025-05-22 02:57:42,412 - P15228 - INFO - Texto limpo: revistajustitia@mpsp.mp.br
2025-05-22 02:57:42,412 - P15228 - INFO - Email validado: revistajustitia@mpsp.mp.br
2025-05-22 02:57:42,412 - P15228 - INFO - Descobrindo cidade
2025-05-22 02:57:42,412 - P15228 - INFO - Buscando cidade: Avenida Cesar Jorge Elias cidade SP
2025-05-22 02:57:45,040 - P15228 - WARNING - Cidade não encontrada
2025-05-22 02:57:45,040 - P15228 - INFO - Cidade descoberta: 
2025-05-22 02:57:45,040 - P15228 - INFO - Tempo de execução de processamento completo do médico: 70.04 segundos
2025-05-22 02:57:45,041 - P15228 - INFO - Resultado processado: {'Hash': '7a4582f0890c3f5a87ac7548f414135b81e233f866a4e8adc1c992a88f33f608', 'CRM': '55884', 'UF': 'SP', 'Firstname': 'MARCIO', 'LastName': 'AMORIM CHAVES', 'Medical specialty': '', 'Endereco Completo A1': 'Avenida Cesar Jorge Elias , 00034', 'Address A1': 'Avenida Cesar Jorge Elias', 'Numero A1': '00034', 'Complement A1': '', 'Bairro A1': '', 'postal code A1': '', 'City A1': '', 'State A1': '', 'Phone A1': '16) 3711-6677', 'Phone A2': '', 'Cell phone A1': '', 'Cell phone A2': '', 'E-mail A1': 'revistajustitia@mpsp.mp.br', 'E-mail A2': '', 'OPT-IN': '', 'STATUS': '', 'LOTE': ''}
2025-05-22 02:57:45,042 - P15228 - INFO - Progresso: 37.4%
2025-05-22 02:57:45,043 - P15228 - INFO - Executando coleta de lixo
2025-05-22 02:57:45,072 - P15228 - INFO - Após coleta de lixo Uso de memória: 121.82 MB
2025-05-22 02:57:45,072 - P15228 - INFO - Tempo de execução de processamento do médico 1: 71.35 segundos
2025-05-22 02:57:45,072 - P15228 - INFO - 
==================================================
Processando médico 2/3
2025-05-22 02:57:45,073 - P15228 - INFO - Nome: RICARDO DOS SANTOS SILVA
2025-05-22 02:57:45,073 - P15228 - INFO - Início do processamento Uso de memória: 121.82 MB
2025-05-22 02:57:45,073 - P15228 - INFO - Iniciando busca para: RICARDO DOS SANTOS SILVA CRM 56455 SP telefone e-mail endereço
2025-05-22 02:57:45,580 - P15228 - INFO - SearX results: 14 URLs
2025-05-22 02:57:45,581 - P15228 - INFO - Após SearX Uso de memória: 121.85 MB
2025-05-22 02:57:48,244 - P15228 - INFO - Google results: 4 URLs
2025-05-22 02:57:48,245 - P15228 - INFO - Após Google Uso de memória: 123.21 MB
2025-05-22 02:57:50,850 - P15228 - INFO - Bing results: 9 URLs
2025-05-22 02:57:50,851 - P15228 - INFO - Após Bing Uso de memória: 123.66 MB
2025-05-22 02:57:50,851 - P15228 - INFO - Total de URLs únicas: 22
2025-05-22 02:57:50,851 - P15228 - INFO - Processando URL 1/22: https://www.classemedica.com.br/medico/286040-ricardo-dos-santos-silva.htm
2025-05-22 02:57:56,682 - P15228 - INFO - HTML salvo para debug: data\debug_html_v10\5e7d4fb0370dca16dc2578c242740ade.html
2025-05-22 02:57:56,711 - P15228 - INFO - Candidates address: 0 items
2025-05-22 02:57:56,712 - P15228 - INFO - Candidates phone: 0 items
2025-05-22 02:57:56,712 - P15228 - INFO - Candidates email: 0 items
2025-05-22 02:57:56,712 - P15228 - INFO - Candidates complement: 0 items
2025-05-22 02:57:56,712 - P15228 - INFO - Candidates cep: 0 items
2025-05-22 02:57:56,712 - P15228 - INFO - Após processar URL 1 Uso de memória: 124.36 MB
2025-05-22 02:57:56,713 - P15228 - INFO - Processando URL 2/22: https://transparencia.cremesp.org.br/?siteAcao=delegacias
2025-05-22 02:57:59,152 - P15228 - INFO - HTML salvo para debug: data\debug_html_v10\c27e4b3d05f0bd19761139db27f910cc.html
2025-05-22 02:57:59,207 - P15228 - INFO - Candidates address: 24 items
2025-05-22 02:57:59,208 - P15228 - INFO - Candidates phone: 56 items
2025-05-22 02:57:59,208 - P15228 - INFO - Candidates email: 28 items
2025-05-22 02:57:59,208 - P15228 - INFO - Candidates complement: 5 items
2025-05-22 02:57:59,208 - P15228 - INFO - Candidates cep: 28 items
2025-05-22 02:57:59,209 - P15228 - INFO - Após processar URL 2 Uso de memória: 124.37 MB
2025-05-22 02:57:59,210 - P15228 - INFO - Processando URL 3/22: https://guiamedico.cremesp.org.br/
2025-05-22 02:58:01,923 - P15228 - INFO - HTML salvo para debug: data\debug_html_v10\7c54969580769b63edd9abaa952e1fa2.html
2025-05-22 02:58:01,929 - P15228 - INFO - Candidates address: 1 items
2025-05-22 02:58:01,929 - P15228 - INFO - Candidates phone: 1 items
2025-05-22 02:58:01,929 - P15228 - INFO - Candidates email: 0 items
2025-05-22 02:58:01,929 - P15228 - INFO - Candidates complement: 0 items
2025-05-22 02:58:01,929 - P15228 - INFO - Candidates cep: 1 items
2025-05-22 02:58:01,930 - P15228 - INFO - Após processar URL 3 Uso de memória: 124.38 MB
2025-05-22 02:58:01,930 - P15228 - INFO - Processando URL 4/22: https://cnpj.biz/59718415000148
2025-05-22 02:58:05,741 - P15228 - INFO - HTML salvo para debug: data\debug_html_v10\f7e196f9a3fe78f03f1362fb178f7653.html
2025-05-22 02:58:05,758 - P15228 - INFO - Candidates address: 2 items
2025-05-22 02:58:05,758 - P15228 - INFO - Candidates phone: 1 items
2025-05-22 02:58:05,758 - P15228 - INFO - Candidates email: 1 items
2025-05-22 02:58:05,758 - P15228 - INFO - Candidates complement: 0 items
2025-05-22 02:58:05,759 - P15228 - INFO - Candidates cep: 3 items
2025-05-22 02:58:05,759 - P15228 - INFO - Após processar URL 4 Uso de memória: 124.40 MB
2025-05-22 02:58:05,759 - P15228 - INFO - Processando URL 5/22: https://portal.cfm.org.br/busca-medicos
2025-05-22 02:58:09,759 - P15228 - INFO - HTML salvo para debug: data\debug_html_v10\e28ae84aaa177d1328f3a0d1fb68449f.html
2025-05-22 02:58:09,804 - P15228 - INFO - Candidates address: 0 items
2025-05-22 02:58:09,805 - P15228 - INFO - Candidates phone: 0 items
2025-05-22 02:58:09,805 - P15228 - INFO - Candidates email: 1 items
2025-05-22 02:58:09,805 - P15228 - INFO - Candidates complement: 1 items
2025-05-22 02:58:09,805 - P15228 - INFO - Candidates cep: 1 items
2025-05-22 02:58:09,806 - P15228 - INFO - Após processar URL 5 Uso de memória: 124.44 MB
2025-05-22 02:58:09,806 - P15228 - INFO - Processando URL 6/22: https://www.mpsp.mp.br/w/do_25_02_2022
2025-05-22 02:58:11,982 - P15228 - INFO - HTML salvo para debug: data\debug_html_v10\7b7842f38b9333c682fd0be00373d38a.html
2025-05-22 02:58:11,983 - P15228 - INFO - Candidates address: 0 items
2025-05-22 02:58:11,984 - P15228 - INFO - Candidates phone: 0 items
2025-05-22 02:58:11,984 - P15228 - INFO - Candidates email: 0 items
2025-05-22 02:58:11,984 - P15228 - INFO - Candidates complement: 0 items
2025-05-22 02:58:11,984 - P15228 - INFO - Candidates cep: 0 items
2025-05-22 02:58:11,984 - P15228 - INFO - Após processar URL 6 Uso de memória: 124.48 MB
2025-05-22 02:58:11,984 - P15228 - INFO - Processando URL 7/22: https://cnpj.biz/34331673000146
2025-05-22 02:58:14,140 - P15228 - INFO - HTML salvo para debug: data\debug_html_v10\c73c1ef7e252794ba6f1cb5a9be67266.html
2025-05-22 02:58:14,142 - P15228 - INFO - Candidates address: 0 items
2025-05-22 02:58:14,142 - P15228 - INFO - Candidates phone: 0 items
2025-05-22 02:58:14,142 - P15228 - INFO - Candidates email: 0 items
2025-05-22 02:58:14,143 - P15228 - INFO - Candidates complement: 0 items
2025-05-22 02:58:14,143 - P15228 - INFO - Candidates cep: 0 items
2025-05-22 02:58:14,143 - P15228 - INFO - Após processar URL 7 Uso de memória: 124.48 MB
2025-05-22 02:58:14,143 - P15228 - INFO - Processando URL 8/22: https://doutorcrm.com/ricardo-silva
2025-05-22 02:58:18,732 - P15228 - INFO - HTML salvo para debug: data\debug_html_v10\33d1b250d4051245ac92ed4abda1ff2d.html
2025-05-22 02:58:18,744 - P15228 - INFO - Candidates address: 1 items
2025-05-22 02:58:18,744 - P15228 - INFO - Candidates phone: 0 items
2025-05-22 02:58:18,744 - P15228 - INFO - Candidates email: 0 items
2025-05-22 02:58:18,745 - P15228 - INFO - Candidates complement: 0 items
2025-05-22 02:58:18,748 - P15228 - INFO - Candidates cep: 1 items
2025-05-22 02:58:18,748 - P15228 - INFO - Após processar URL 8 Uso de memória: 124.51 MB
2025-05-22 02:58:18,748 - P15228 - INFO - Processando URL 9/22: https://cordeirolima.com.br/profissionais/ricardo-dos-santos-e-silva-gomes/
2025-05-22 02:58:22,432 - P15228 - INFO - HTML salvo para debug: data\debug_html_v10\52ecdc62ac356080ed556d68b32c6488.html
2025-05-22 02:58:22,438 - P15228 - INFO - Candidates address: 1 items
2025-05-22 02:58:22,438 - P15228 - INFO - Candidates phone: 1 items
2025-05-22 02:58:22,438 - P15228 - INFO - Candidates email: 0 items
2025-05-22 02:58:22,438 - P15228 - INFO - Candidates complement: 1 items
2025-05-22 02:58:22,438 - P15228 - INFO - Candidates cep: 1 items
2025-05-22 02:58:22,439 - P15228 - INFO - Após processar URL 9 Uso de memória: 124.52 MB
2025-05-22 02:58:22,439 - P15228 - INFO - Processando URL 10/22: https://www.catalogo.med.br/doutor/ricardo-dos-santos-simoes-2510668.htm
2025-05-22 02:58:24,524 - P15228 - INFO - HTML salvo para debug: data\debug_html_v10\ab0f39b98035c1d81920ce4e36e411e0.html
2025-05-22 02:58:24,524 - P15228 - INFO - Candidates address: 0 items
2025-05-22 02:58:24,524 - P15228 - INFO - Candidates phone: 0 items
2025-05-22 02:58:24,524 - P15228 - INFO - Candidates email: 0 items
2025-05-22 02:58:24,525 - P15228 - INFO - Candidates complement: 0 items
2025-05-22 02:58:24,525 - P15228 - INFO - Candidates cep: 0 items
2025-05-22 02:58:24,525 - P15228 - INFO - Após processar URL 10 Uso de memória: 124.52 MB
2025-05-22 02:58:24,525 - P15228 - INFO - Processando URL 11/22: https://portal-api.campinas.sp.gov.br/sites/default/files/publicacoes-dom/dom/1591550720.pdf
2025-05-22 02:58:24,525 - P15228 - INFO - Ignorando URL de arquivo não-HTML: https://portal-api.campinas.sp.gov.br/sites/default/files/publicacoes-dom/dom/1591550720.pdf
2025-05-22 02:58:24,525 - P15228 - INFO - Após processar URL 11 Uso de memória: 124.52 MB
2025-05-22 02:58:24,525 - P15228 - INFO - Processando URL 12/22: https://cnpj.biz/47854485000144
2025-05-22 02:58:26,645 - P15228 - INFO - HTML salvo para debug: data\debug_html_v10\bfc096388818f52e017412723c5db9e7.html
2025-05-22 02:58:26,647 - P15228 - INFO - Candidates address: 0 items
2025-05-22 02:58:26,647 - P15228 - INFO - Candidates phone: 0 items
2025-05-22 02:58:26,647 - P15228 - INFO - Candidates email: 0 items
2025-05-22 02:58:26,647 - P15228 - INFO - Candidates complement: 0 items
2025-05-22 02:58:26,648 - P15228 - INFO - Candidates cep: 0 items
2025-05-22 02:58:26,648 - P15228 - INFO - Após processar URL 12 Uso de memória: 124.53 MB
2025-05-22 02:58:26,648 - P15228 - INFO - Processando URL 13/22: https://diariooficial.guarulhos.sp.gov.br/uploads/pdf/1976533766.pdf
2025-05-22 02:58:26,648 - P15228 - INFO - Ignorando URL de arquivo não-HTML: https://diariooficial.guarulhos.sp.gov.br/uploads/pdf/1976533766.pdf
2025-05-22 02:58:26,648 - P15228 - INFO - Após processar URL 13 Uso de memória: 124.53 MB
2025-05-22 02:58:26,648 - P15228 - INFO - Processando URL 14/22: https://servicos.sjc.sp.gov.br/governo/boletim/boletimPDF/201907192019370c15efc7-b025-431b-8e34-e53b095c529c.pdf
2025-05-22 02:58:26,649 - P15228 - INFO - Ignorando URL de arquivo não-HTML: https://servicos.sjc.sp.gov.br/governo/boletim/boletimPDF/201907192019370c15efc7-b025-431b-8e34-e53b095c529c.pdf
2025-05-22 02:58:26,649 - P15228 - INFO - Após processar URL 14 Uso de memória: 124.53 MB
2025-05-22 02:58:26,649 - P15228 - INFO - Processando URL 15/22: https://www.consultacrm.com.br/index/medicos/uid-8282fddc-f5c5-11ec-9e74-0a4aa568c625/ricardo_ribeiro_dos_santos
2025-05-22 02:58:31,708 - P15228 - INFO - HTML salvo para debug: data\debug_html_v10\022e3d40975682f2d7d84ad436468fa7.html
2025-05-22 02:58:31,720 - P15228 - INFO - Candidates address: 0 items
2025-05-22 02:58:31,720 - P15228 - INFO - Candidates phone: 0 items
2025-05-22 02:58:31,721 - P15228 - INFO - Candidates email: 0 items
2025-05-22 02:58:31,721 - P15228 - INFO - Candidates complement: 0 items
2025-05-22 02:58:31,721 - P15228 - INFO - Candidates cep: 0 items
2025-05-22 02:58:31,722 - P15228 - INFO - Após processar URL 15 Uso de memória: 124.55 MB
2025-05-22 02:58:31,724 - P15228 - INFO - Processando URL 16/22: https://consultacrm.com.br/
2025-05-22 02:58:35,091 - P15228 - INFO - HTML salvo para debug: data\debug_html_v10\65cadeb91ac3713432c21b535990f440.html
2025-05-22 02:58:35,106 - P15228 - INFO - Candidates address: 0 items
2025-05-22 02:58:35,106 - P15228 - INFO - Candidates phone: 0 items
2025-05-22 02:58:35,106 - P15228 - INFO - Candidates email: 0 items
2025-05-22 02:58:35,106 - P15228 - INFO - Candidates complement: 0 items
2025-05-22 02:58:35,106 - P15228 - INFO - Candidates cep: 0 items
2025-05-22 02:58:35,106 - P15228 - INFO - Após processar URL 16 Uso de memória: 124.63 MB
2025-05-22 02:58:35,107 - P15228 - INFO - Processando URL 17/22: https://diario.oab.org.br/assets/diarios/diario-eletronico-oab-07-10-2024.pdf
2025-05-22 02:58:35,107 - P15228 - INFO - Ignorando URL de arquivo não-HTML: https://diario.oab.org.br/assets/diarios/diario-eletronico-oab-07-10-2024.pdf
2025-05-22 02:58:35,107 - P15228 - INFO - Após processar URL 17 Uso de memória: 124.63 MB
2025-05-22 02:58:35,107 - P15228 - INFO - Processando URL 18/22: https://iujonline.com.br/corpo-clinico/dr-rodrigo-dos-santos-silva/
2025-05-22 02:58:43,542 - P15228 - INFO - HTML salvo para debug: data\debug_html_v10\55b56dc86adbb1fcec2117c68771aafa.html
2025-05-22 02:58:43,567 - P15228 - INFO - Candidates address: 1 items
2025-05-22 02:58:43,568 - P15228 - INFO - Candidates phone: 0 items
2025-05-22 02:58:43,568 - P15228 - INFO - Candidates email: 0 items
2025-05-22 02:58:43,569 - P15228 - INFO - Candidates complement: 1 items
2025-05-22 02:58:43,569 - P15228 - INFO - Candidates cep: 1 items
2025-05-22 02:58:43,569 - P15228 - INFO - Após processar URL 18 Uso de memória: 124.64 MB
2025-05-22 02:58:43,569 - P15228 - INFO - Processando URL 19/22: https://diariooficial.guarulhos.sp.gov.br/uploads/pdf/990097765.pdf
2025-05-22 02:58:43,570 - P15228 - INFO - Ignorando URL de arquivo não-HTML: https://diariooficial.guarulhos.sp.gov.br/uploads/pdf/990097765.pdf
2025-05-22 02:58:43,570 - P15228 - INFO - Após processar URL 19 Uso de memória: 124.64 MB
2025-05-22 02:58:43,570 - P15228 - INFO - Processando URL 20/22: http://cremesp.org.br/
2025-05-22 02:58:51,114 - P15228 - INFO - HTML salvo para debug: data\debug_html_v10\2a967318246f9658edeb1e0469c871fe.html
2025-05-22 02:58:51,142 - P15228 - INFO - Candidates address: 1 items
2025-05-22 02:58:51,142 - P15228 - INFO - Candidates phone: 1 items
2025-05-22 02:58:51,142 - P15228 - INFO - Candidates email: 0 items
2025-05-22 02:58:51,143 - P15228 - INFO - Candidates complement: 0 items
2025-05-22 02:58:51,143 - P15228 - INFO - Candidates cep: 2 items
2025-05-22 02:58:51,143 - P15228 - INFO - Após processar URL 20 Uso de memória: 124.64 MB
2025-05-22 02:58:51,143 - P15228 - INFO - Processando URL 21/22: https://www.doctoralia.com.br/ricardo-dos-santos-silva/gastroenterologista/sao-jose-dos-campos
2025-05-22 02:58:51,143 - P15228 - INFO - Ignorando URL de arquivo não-HTML: https://www.doctoralia.com.br/ricardo-dos-santos-silva/gastroenterologista/sao-jose-dos-campos
2025-05-22 02:58:51,144 - P15228 - INFO - Após processar URL 21 Uso de memória: 124.64 MB
2025-05-22 02:58:51,144 - P15228 - INFO - Processando URL 22/22: https://www.saobernardo.sp.gov.br/documents/10181/1230203/NM+2265+de+26.11.2021+-+Conteu%CC%81do+Integral.pdf/abb400a5-32a5-46d6-68bf-83186d25c607
2025-05-22 02:58:51,144 - P15228 - INFO - Ignorando URL de arquivo não-HTML: https://www.saobernardo.sp.gov.br/documents/10181/1230203/NM+2265+de+26.11.2021+-+Conteu%CC%81do+Integral.pdf/abb400a5-32a5-46d6-68bf-83186d25c607
2025-05-22 02:58:51,145 - P15228 - INFO - Após processar URL 22 Uso de memória: 124.64 MB
2025-05-22 02:58:51,145 - P15228 - INFO - Iniciando agregação e ranqueamento
2025-05-22 02:58:51,145 - P15228 - INFO - Ranked address: 29 items
2025-05-22 02:58:51,145 - P15228 - INFO - Ranked phone: 59 items
2025-05-22 02:58:51,146 - P15228 - INFO - Ranked email: 30 items
2025-05-22 02:58:51,146 - P15228 - INFO - Ranked complement: 8 items
2025-05-22 02:58:51,146 - P15228 - INFO - Ranked cep: 36 items
2025-05-22 02:58:51,146 - P15228 - INFO - Após agregação Uso de memória: 124.64 MB
2025-05-22 02:58:51,146 - P15228 - INFO - Validando endereço: ['Rua Frei Caneca, 1282', 'Rua Conselheiro Oscar Rodrigues Alves, 55', 'Av. Rodrigo Fernando Grillo, 207']
2025-05-22 02:58:51,147 - P15228 - INFO - Endereço validado: Rua Frei Caneca, 1282
2025-05-22 02:58:51,147 - P15228 - INFO - Limpando texto extenso para campo address: Rua Frei Caneca, 1282...
2025-05-22 02:58:51,147 - P15228 - INFO - Texto limpo: Rua Frei Caneca, 1282
2025-05-22 02:58:51,148 - P15228 - INFO - Validando telefone: ['(11) 4349-9900', '(18) 3622-6194', '(18) 3622-9559']
2025-05-22 02:58:51,148 - P15228 - INFO - Limpando texto extenso para campo phone: (11) 4349-9900...
2025-05-22 02:58:51,148 - P15228 - INFO - Texto limpo: 11) 4349-9900
2025-05-22 02:58:51,148 - P15228 - INFO - Telefone validado: 11) 4349-9900
2025-05-22 02:58:51,148 - P15228 - INFO - Validando email: ['drata@cremesp.org.br', 'draqa@cremesp.org.br', 'drbts@cremesp.org.br']
2025-05-22 02:58:51,149 - P15228 - INFO - Limpando texto extenso para campo email: drata@cremesp.org.br...
2025-05-22 02:58:51,149 - P15228 - INFO - Texto limpo: drata@cremesp.org.br
2025-05-22 02:58:51,149 - P15228 - INFO - Email validado: drata@cremesp.org.br
2025-05-22 02:58:51,149 - P15228 - INFO - Validando complemento: ['Sala - CRM 72671 ', 'Conjunto 84 - CEP: 07011-060 ', 'Conjuntos 1201 e 1210 - Centro - CEP 06016-901 ']
2025-05-22 02:58:51,149 - P15228 - INFO - Limpando texto extenso para campo complement: Sala - CRM 72671 ...
2025-05-22 02:58:51,149 - P15228 - INFO - Texto limpo: Sala - CRM 72671
2025-05-22 02:58:51,150 - P15228 - INFO - Complemento validado: Sala - CRM 72671
2025-05-22 02:58:51,150 - P15228 - INFO - Descobrindo cidade
2025-05-22 02:58:51,150 - P15228 - INFO - Buscando cidade: Rua Frei Caneca cidade SP
2025-05-22 02:58:53,891 - P15228 - WARNING - Cidade não encontrada
2025-05-22 02:58:53,891 - P15228 - INFO - Cidade descoberta: 
2025-05-22 02:58:53,901 - P15228 - INFO - Tempo de execução de processamento completo do médico: 68.83 segundos
2025-05-22 02:58:53,904 - P15228 - INFO - Resultado processado: {'Hash': 'cfb5e215ca3f799747dad5a7ae8174cc3dd1e4b2600e4eb6b8137c2dd1d97983', 'CRM': '56455', 'UF': 'SP', 'Firstname': 'RICARDO', 'LastName': 'DOS SANTOS SILVA', 'Medical specialty': '', 'Endereco Completo A1': 'Rua Frei Caneca, 1282', 'Address A1': 'Rua Frei Caneca', 'Numero A1': '1282', 'Complement A1': 'Sala - CRM 72671', 'Bairro A1': '', 'postal code A1': '', 'City A1': '', 'State A1': '', 'Phone A1': '11) 4349-9900', 'Phone A2': '', 'Cell phone A1': '', 'Cell phone A2': '', 'E-mail A1': 'drata@cremesp.org.br', 'E-mail A2': '', 'OPT-IN': '', 'STATUS': '', 'LOTE': ''}
2025-05-22 02:58:53,906 - P15228 - INFO - Progresso: 37.7%
2025-05-22 02:58:53,907 - P15228 - INFO - Tempo de execução de processamento do médico 2: 68.83 segundos
2025-05-22 02:58:53,908 - P15228 - INFO - 
==================================================
Processando médico 3/3
2025-05-22 02:58:53,908 - P15228 - INFO - Nome: WAGNER ESTEVAM
2025-05-22 02:58:53,909 - P15228 - INFO - Início do processamento Uso de memória: 122.90 MB
2025-05-22 02:58:53,912 - P15228 - INFO - Iniciando busca para: WAGNER ESTEVAM CRM 57460 SP telefone e-mail endereço
2025-05-22 02:58:54,499 - P15228 - INFO - SearX results: 10 URLs
2025-05-22 02:58:54,506 - P15228 - INFO - Após SearX Uso de memória: 122.90 MB
2025-05-22 02:58:57,145 - P15228 - INFO - Google results: 10 URLs
2025-05-22 02:58:57,145 - P15228 - INFO - Após Google Uso de memória: 122.93 MB
2025-05-22 02:58:59,660 - P15228 - INFO - Bing results: 10 URLs
2025-05-22 02:58:59,660 - P15228 - INFO - Após Bing Uso de memória: 123.54 MB
2025-05-22 02:58:59,661 - P15228 - INFO - Total de URLs únicas: 20
2025-05-22 02:58:59,661 - P15228 - INFO - Processando URL 1/20: https://www.classemedica.com.br/medico/335483-wagner-estevam.htm
2025-05-22 02:59:04,929 - P15228 - INFO - HTML salvo para debug: data\debug_html_v10\bda4937aa5847b311d2fbea426254abc.html
2025-05-22 02:59:04,961 - P15228 - INFO - Candidates address: 0 items
2025-05-22 02:59:04,961 - P15228 - INFO - Candidates phone: 0 items
2025-05-22 02:59:04,962 - P15228 - INFO - Candidates email: 0 items
2025-05-22 02:59:04,962 - P15228 - INFO - Candidates complement: 0 items
2025-05-22 02:59:04,962 - P15228 - INFO - Candidates cep: 0 items
2025-05-22 02:59:04,962 - P15228 - INFO - Após processar URL 1 Uso de memória: 124.46 MB
2025-05-22 02:59:04,962 - P15228 - INFO - Processando URL 2/20: https://iomat.mt.gov.br/portal/edicoes/download/15549
2025-05-22 02:59:07,926 - P15228 - INFO - HTML salvo para debug: data\debug_html_v10\c0a4fb54a5da9917f403d5944d0cf1ac.html
2025-05-22 02:59:07,960 - P15228 - INFO - Candidates address: 0 items
2025-05-22 02:59:07,960 - P15228 - INFO - Candidates phone: 0 items
2025-05-22 02:59:07,961 - P15228 - INFO - Candidates email: 0 items
2025-05-22 02:59:07,961 - P15228 - INFO - Candidates complement: 0 items
2025-05-22 02:59:07,961 - P15228 - INFO - Candidates cep: 0 items
2025-05-22 02:59:07,962 - P15228 - INFO - Após processar URL 2 Uso de memória: 124.14 MB
2025-05-22 02:59:07,962 - P15228 - INFO - Processando URL 3/20: https://sistemas.tjes.jus.br/ediario/index.php?option=com_ediario&view=contents&layout=fulltext&data=20180921&idorgao=347
2025-05-22 02:59:10,464 - P15228 - INFO - HTML salvo para debug: data\debug_html_v10\7f21d4edf28d0b09792dcf7ad510b751.html
2025-05-22 02:59:11,582 - P15228 - INFO - Candidates address: 39 items
2025-05-22 02:59:11,583 - P15228 - INFO - Candidates phone: 3 items
2025-05-22 02:59:11,583 - P15228 - INFO - Candidates email: 6 items
2025-05-22 02:59:11,584 - P15228 - INFO - Candidates complement: 2 items
2025-05-22 02:59:11,584 - P15228 - INFO - Candidates cep: 88 items
2025-05-22 02:59:11,585 - P15228 - INFO - Após processar URL 3 Uso de memória: 127.98 MB
2025-05-22 02:59:11,586 - P15228 - INFO - Processando URL 4/20: https://guiamedico.cremesp.org.br/
2025-05-22 02:59:14,308 - P15228 - INFO - HTML salvo para debug: data\debug_html_v10\7c54969580769b63edd9abaa952e1fa2.html
2025-05-22 02:59:14,315 - P15228 - INFO - Candidates address: 1 items
2025-05-22 02:59:14,315 - P15228 - INFO - Candidates phone: 1 items
2025-05-22 02:59:14,315 - P15228 - INFO - Candidates email: 0 items
2025-05-22 02:59:14,316 - P15228 - INFO - Candidates complement: 0 items
2025-05-22 02:59:14,316 - P15228 - INFO - Candidates cep: 1 items
2025-05-22 02:59:14,316 - P15228 - INFO - Após processar URL 4 Uso de memória: 125.06 MB
2025-05-22 02:59:14,316 - P15228 - INFO - Processando URL 5/20: https://www.imprensaoficial.al.gov.br/storage/files/diary/2021/04/DOEAL-2021-04-29-COMPLETO-gaMWKBawWtgStOAKbHY7U-CU9pU-ZLs9qVKakMOevJ9I7w99oqlS.pdf
2025-05-22 02:59:14,317 - P15228 - INFO - Ignorando URL de arquivo não-HTML: https://www.imprensaoficial.al.gov.br/storage/files/diary/2021/04/DOEAL-2021-04-29-COMPLETO-gaMWKBawWtgStOAKbHY7U-CU9pU-ZLs9qVKakMOevJ9I7w99oqlS.pdf
2025-05-22 02:59:14,317 - P15228 - INFO - Após processar URL 5 Uso de memória: 125.06 MB
2025-05-22 02:59:14,317 - P15228 - INFO - Processando URL 6/20: https://www.helpsaude.com/Wagner-Estevam.SP
2025-05-22 02:59:19,471 - P15228 - INFO - HTML salvo para debug: data\debug_html_v10\244f69031626fea863d29beaaf235e8d.html
2025-05-22 02:59:19,485 - P15228 - INFO - Candidates address: 0 items
2025-05-22 02:59:19,485 - P15228 - INFO - Candidates phone: 0 items
2025-05-22 02:59:19,485 - P15228 - INFO - Candidates email: 0 items
2025-05-22 02:59:19,486 - P15228 - INFO - Candidates complement: 0 items
2025-05-22 02:59:19,486 - P15228 - INFO - Candidates cep: 0 items
2025-05-22 02:59:19,486 - P15228 - INFO - Após processar URL 6 Uso de memória: 125.06 MB
2025-05-22 02:59:19,486 - P15228 - INFO - Processando URL 7/20: https://diariooficial.guarulhos.sp.gov.br/uploads/pdf/876753903.pdf
2025-05-22 02:59:19,486 - P15228 - INFO - Ignorando URL de arquivo não-HTML: https://diariooficial.guarulhos.sp.gov.br/uploads/pdf/876753903.pdf
2025-05-22 02:59:19,489 - P15228 - INFO - Após processar URL 7 Uso de memória: 125.06 MB
2025-05-22 02:59:19,490 - P15228 - INFO - Processando URL 8/20: https://www.mpsp.mp.br/w/do_25_02_2022
2025-05-22 02:59:21,646 - P15228 - INFO - HTML salvo para debug: data\debug_html_v10\7b7842f38b9333c682fd0be00373d38a.html
2025-05-22 02:59:21,649 - P15228 - INFO - Candidates address: 0 items
2025-05-22 02:59:21,650 - P15228 - INFO - Candidates phone: 0 items
2025-05-22 02:59:21,650 - P15228 - INFO - Candidates email: 0 items
2025-05-22 02:59:21,651 - P15228 - INFO - Candidates complement: 0 items
2025-05-22 02:59:21,651 - P15228 - INFO - Candidates cep: 0 items
2025-05-22 02:59:21,651 - P15228 - INFO - Após processar URL 8 Uso de memória: 125.06 MB
2025-05-22 02:59:21,651 - P15228 - INFO - Processando URL 9/20: https://cnpj.biz/52152657000178
2025-05-22 02:59:23,797 - P15228 - INFO - HTML salvo para debug: data\debug_html_v10\ec29c9e9ce4495b8419d76aab2a4e58d.html
2025-05-22 02:59:23,802 - P15228 - INFO - Candidates address: 0 items
2025-05-22 02:59:23,803 - P15228 - INFO - Candidates phone: 0 items
2025-05-22 02:59:23,803 - P15228 - INFO - Candidates email: 0 items
2025-05-22 02:59:23,803 - P15228 - INFO - Candidates complement: 0 items
2025-05-22 02:59:23,803 - P15228 - INFO - Candidates cep: 0 items
2025-05-22 02:59:23,804 - P15228 - INFO - Após processar URL 9 Uso de memória: 125.07 MB
2025-05-22 02:59:23,804 - P15228 - INFO - Processando URL 10/20: https://acervo.arquivopublico.sc.gov.br/uploads/r/arquivo-publico-do-estado-de-santa-catarina-apesc/3/e/4/3e41dd893c2f0d67e106c1e5ff8642ac61d745c020fde60888b0cb108261879f/d513b1b2-e34b-451a-a02b-13df3a2d9f63-36843-DOE_19231_12_12_2011_60F_JUCESC_19231_08F.pdf
2025-05-22 02:59:23,804 - P15228 - INFO - Ignorando URL de arquivo não-HTML: https://acervo.arquivopublico.sc.gov.br/uploads/r/arquivo-publico-do-estado-de-santa-catarina-apesc/3/e/4/3e41dd893c2f0d67e106c1e5ff8642ac61d745c020fde60888b0cb108261879f/d513b1b2-e34b-451a-a02b-13df3a2d9f63-36843-DOE_19231_12_12_2011_60F_JUCESC_19231_08F.pdf
2025-05-22 02:59:23,805 - P15228 - INFO - Após processar URL 10 Uso de memória: 125.07 MB
2025-05-22 02:59:23,806 - P15228 - INFO - Processando URL 11/20: https://app.bauru.sp.gov.br/arquivos/sist_diariooficial/2015/07/do_20150714_2559.pdf
2025-05-22 02:59:23,806 - P15228 - INFO - Ignorando URL de arquivo não-HTML: https://app.bauru.sp.gov.br/arquivos/sist_diariooficial/2015/07/do_20150714_2559.pdf
2025-05-22 02:59:23,806 - P15228 - INFO - Após processar URL 11 Uso de memória: 125.07 MB
2025-05-22 02:59:23,806 - P15228 - INFO - Processando URL 12/20: https://guiasaudebrasil.com.br/profissional/14c714222b2d1283-wagner-estevam/
2025-05-22 02:59:29,329 - P15228 - INFO - HTML salvo para debug: data\debug_html_v10\b6ac9616223a1dd04d8d11b11635390f.html
2025-05-22 02:59:29,341 - P15228 - INFO - Candidates address: 0 items
2025-05-22 02:59:29,341 - P15228 - INFO - Candidates phone: 0 items
2025-05-22 02:59:29,342 - P15228 - INFO - Candidates email: 0 items
2025-05-22 02:59:29,342 - P15228 - INFO - Candidates complement: 0 items
2025-05-22 02:59:29,342 - P15228 - INFO - Candidates cep: 1 items
2025-05-22 02:59:29,342 - P15228 - INFO - Após processar URL 12 Uso de memória: 125.09 MB
2025-05-22 02:59:29,343 - P15228 - INFO - Processando URL 13/20: https://consultacrm.com.br/
2025-05-22 02:59:32,666 - P15228 - INFO - HTML salvo para debug: data\debug_html_v10\65cadeb91ac3713432c21b535990f440.html
2025-05-22 02:59:32,678 - P15228 - INFO - Candidates address: 0 items
2025-05-22 02:59:32,678 - P15228 - INFO - Candidates phone: 0 items
2025-05-22 02:59:32,679 - P15228 - INFO - Candidates email: 0 items
2025-05-22 02:59:32,680 - P15228 - INFO - Candidates complement: 0 items
2025-05-22 02:59:32,681 - P15228 - INFO - Candidates cep: 0 items
2025-05-22 02:59:32,682 - P15228 - INFO - Após processar URL 13 Uso de memória: 125.11 MB
2025-05-22 02:59:32,682 - P15228 - INFO - Processando URL 14/20: http://cremesp.org.br/
2025-05-22 02:59:36,034 - P15228 - INFO - HTML salvo para debug: data\debug_html_v10\2a967318246f9658edeb1e0469c871fe.html
2025-05-22 02:59:36,062 - P15228 - INFO - Candidates address: 1 items
2025-05-22 02:59:36,062 - P15228 - INFO - Candidates phone: 1 items
2025-05-22 02:59:36,062 - P15228 - INFO - Candidates email: 0 items
2025-05-22 02:59:36,062 - P15228 - INFO - Candidates complement: 0 items
2025-05-22 02:59:36,062 - P15228 - INFO - Candidates cep: 2 items
2025-05-22 02:59:36,063 - P15228 - INFO - Após processar URL 14 Uso de memória: 125.11 MB
2025-05-22 02:59:36,063 - P15228 - INFO - Processando URL 15/20: https://www.saobernardo.sp.gov.br/documents/10181/735644/NM+1984+de+16.03.2018+-+Conteu%CC%81do+Integral.pdf/89085b33-3ac3-6c5c-c792-e21a6ff4af6b
2025-05-22 02:59:36,063 - P15228 - INFO - Ignorando URL de arquivo não-HTML: https://www.saobernardo.sp.gov.br/documents/10181/735644/NM+1984+de+16.03.2018+-+Conteu%CC%81do+Integral.pdf/89085b33-3ac3-6c5c-c792-e21a6ff4af6b
2025-05-22 02:59:36,063 - P15228 - INFO - Após processar URL 15 Uso de memória: 125.11 MB
2025-05-22 02:59:36,063 - P15228 - INFO - Processando URL 16/20: https://cnpj.biz/57929225000144
2025-05-22 02:59:38,340 - P15228 - INFO - HTML salvo para debug: data\debug_html_v10\2170eade46cb72a9075313c1b9d51e85.html
2025-05-22 02:59:38,344 - P15228 - INFO - Candidates address: 0 items
2025-05-22 02:59:38,344 - P15228 - INFO - Candidates phone: 0 items
2025-05-22 02:59:38,344 - P15228 - INFO - Candidates email: 0 items
2025-05-22 02:59:38,344 - P15228 - INFO - Candidates complement: 0 items
2025-05-22 02:59:38,344 - P15228 - INFO - Candidates cep: 0 items
2025-05-22 02:59:38,345 - P15228 - INFO - Após processar URL 16 Uso de memória: 125.12 MB
2025-05-22 02:59:38,345 - P15228 - INFO - Processando URL 17/20: https://www.boaconsulta.com/especialista/wagner-estevam-6106d350a2e00a653a003435
2025-05-22 02:59:41,936 - P15228 - INFO - HTML salvo para debug: data\debug_html_v10\5444b9495bb8230eff888909a697fd21.html
2025-05-22 02:59:42,031 - P15228 - INFO - Candidates address: 12 items
2025-05-22 02:59:42,032 - P15228 - INFO - Candidates phone: 0 items
2025-05-22 02:59:42,033 - P15228 - INFO - Candidates email: 0 items
2025-05-22 02:59:42,033 - P15228 - INFO - Candidates complement: 3 items
2025-05-22 02:59:42,034 - P15228 - INFO - Candidates cep: 0 items
2025-05-22 02:59:42,034 - P15228 - INFO - Após processar URL 17 Uso de memória: 125.28 MB
2025-05-22 02:59:42,035 - P15228 - INFO - Processando URL 18/20: https://noticias.sorocaba.sp.gov.br/wp-content/uploads/2022/10/noticias.sorocaba.sp.gov.br-3086-07-de-outubro-de-2022.pdf
2025-05-22 02:59:42,035 - P15228 - INFO - Ignorando URL de arquivo não-HTML: https://noticias.sorocaba.sp.gov.br/wp-content/uploads/2022/10/noticias.sorocaba.sp.gov.br-3086-07-de-outubro-de-2022.pdf
2025-05-22 02:59:42,036 - P15228 - INFO - Após processar URL 18 Uso de memória: 124.52 MB
2025-05-22 02:59:42,038 - P15228 - INFO - Processando URL 19/20: https://sistemadje.tjmt.jus.br/publicacoes/10001-2017%20C2%20Comarcas%20-%20Entr%C3%A2ncia%20Especial.pdf
2025-05-22 02:59:42,039 - P15228 - INFO - Ignorando URL de arquivo não-HTML: https://sistemadje.tjmt.jus.br/publicacoes/10001-2017%20C2%20Comarcas%20-%20Entr%C3%A2ncia%20Especial.pdf
2025-05-22 02:59:42,040 - P15228 - INFO - Após processar URL 19 Uso de memória: 124.52 MB
2025-05-22 02:59:42,041 - P15228 - INFO - Processando URL 20/20: https://cliniguia.com/profissionais/wagner-estevam-207271121760005/
2025-05-22 02:59:45,356 - P15228 - INFO - HTML salvo para debug: data\debug_html_v10\2c0532e8f456aac04973c6fb24876d6d.html
2025-05-22 02:59:45,405 - P15228 - INFO - Candidates address: 0 items
2025-05-22 02:59:45,405 - P15228 - INFO - Candidates phone: 0 items
2025-05-22 02:59:45,406 - P15228 - INFO - Candidates email: 0 items
2025-05-22 02:59:45,406 - P15228 - INFO - Candidates complement: 0 items
2025-05-22 02:59:45,406 - P15228 - INFO - Candidates cep: 0 items
2025-05-22 02:59:45,407 - P15228 - INFO - Após processar URL 20 Uso de memória: 126.44 MB
2025-05-22 02:59:45,407 - P15228 - INFO - Iniciando agregação e ranqueamento
2025-05-22 02:59:45,408 - P15228 - INFO - Ranked address: 52 items
2025-05-22 02:59:45,408 - P15228 - INFO - Ranked phone: 4 items
2025-05-22 02:59:45,409 - P15228 - INFO - Ranked email: 6 items
2025-05-22 02:59:45,409 - P15228 - INFO - Ranked complement: 5 items
2025-05-22 02:59:45,410 - P15228 - INFO - Ranked cep: 91 items
2025-05-22 02:59:45,410 - P15228 - INFO - Após agregação Uso de memória: 126.44 MB
2025-05-22 02:59:45,410 - P15228 - INFO - Validando endereço: ['Rua Frei Caneca, 1282', 'R. CARLOS ALBERTO MATHIELO ALVES OAB/ES 11855', 'R. LUIZ FABIANO PENEDO PREZOTTI - 009221/ES Celular: 27-98876-8471 - Tel. Com.: 27-3329-0966']
2025-05-22 02:59:45,411 - P15228 - INFO - Endereço validado: Rua Frei Caneca, 1282
2025-05-22 02:59:45,412 - P15228 - INFO - Limpando texto extenso para campo address: Rua Frei Caneca, 1282...
2025-05-22 02:59:45,414 - P15228 - INFO - Texto limpo: Rua Frei Caneca, 1282
2025-05-22 02:59:45,417 - P15228 - INFO - Validando telefone: ['(11) 4349-9900', '(27) 3198-3042', '(27) 3198-3000']
2025-05-22 02:59:45,418 - P15228 - INFO - Limpando texto extenso para campo phone: (11) 4349-9900...
2025-05-22 02:59:45,420 - P15228 - INFO - Texto limpo: 11) 4349-9900
2025-05-22 02:59:45,421 - P15228 - INFO - Telefone validado: 11) 4349-9900
2025-05-22 02:59:45,422 - P15228 - INFO - Validando email: ['1criminal-vitoria@tjes.jus.br', '2criminal-vitoria@tjes.jus.br', '3criminal-vitoria@tjes.jus.br']
2025-05-22 02:59:45,423 - P15228 - INFO - Limpando texto extenso para campo email: 1criminal-vitoria@tjes.jus.br...
2025-05-22 02:59:45,423 - P15228 - INFO - Texto limpo: 1criminal-vitoria@tjes.jus.br
2025-05-22 02:59:45,423 - P15228 - INFO - Email validado: 1criminal-vitoria@tjes.jus.br
2025-05-22 02:59:45,423 - P15228 - INFO - Validando complemento: ['Conjunto Atos Especiais Do Presidente Corregedoria Geral D', 'Sala 1804', 'Sala 216']
2025-05-22 02:59:45,424 - P15228 - INFO - Limpando texto extenso para campo complement: Conjunto Atos Especiais Do Presidente Corregedoria...
2025-05-22 02:59:45,424 - P15228 - INFO - Texto limpo: Conjunto Atos Especiais Do Pre
2025-05-22 02:59:45,424 - P15228 - INFO - Complemento validado: Conjunto Atos Especiais Do Pre
2025-05-22 02:59:45,424 - P15228 - INFO - Descobrindo cidade
2025-05-22 02:59:45,424 - P15228 - INFO - Buscando cidade: Rua Frei Caneca cidade SP
2025-05-22 02:59:47,973 - P15228 - WARNING - Cidade não encontrada
2025-05-22 02:59:47,974 - P15228 - INFO - Cidade descoberta: 
2025-05-22 02:59:47,974 - P15228 - INFO - Tempo de execução de processamento completo do médico: 54.06 segundos
2025-05-22 02:59:47,986 - P15228 - INFO - Resultado processado: {'Hash': 'a15850e25a23ab7816835d1dbb7e41bfe358d314651bb37de55135850f78d765', 'CRM': '57460', 'UF': 'SP', 'Firstname': 'WAGNER', 'LastName': 'ESTEVAM', 'Medical specialty': '', 'Endereco Completo A1': 'Rua Frei Caneca, 1282', 'Address A1': 'Rua Frei Caneca', 'Numero A1': '1282', 'Complement A1': 'Conjunto Atos Especiais Do Pre', 'Bairro A1': '', 'postal code A1': '', 'City A1': '', 'State A1': '', 'Phone A1': '11) 4349-9900', 'Phone A2': '', 'Cell phone A1': '', 'Cell phone A2': '', 'E-mail A1': '1criminal-vitoria@tjes.jus.br', 'E-mail A2': '', 'OPT-IN': '', 'STATUS': '', 'LOTE': ''}
2025-05-22 02:59:47,987 - P15228 - INFO - Salvando lote de resultados
2025-05-22 02:59:47,988 - P15228 - INFO - Após salvar resultados Uso de memória: 123.73 MB
2025-05-22 02:59:47,989 - P15228 - INFO - Progresso: 38.1%
2025-05-22 02:59:47,989 - P15228 - INFO - Tempo de execução de processamento do médico 3: 54.08 segundos
2025-05-22 02:59:47,989 - P15228 - INFO - Tempo de execução de processamento do lote completo: 194.27 segundos
