2025-05-22 04:29:35,377 - P15228 - INFO - 
==================================================
Processando médico 1/3
2025-05-22 04:29:35,379 - P15228 - INFO - Nome: PABLO BRANDÃO DE SOUZA
2025-05-22 04:29:35,381 - P15228 - INFO - Reiniciando driver do Chrome
2025-05-22 04:29:37,177 - P15228 - INFO - Após reiniciar driver Uso de memória: 125.20 MB
2025-05-22 04:29:37,178 - P15228 - INFO - Início do processamento Uso de memória: 125.20 MB
2025-05-22 04:29:37,178 - P15228 - INFO - Iniciando busca para: PABLO BRANDÃO DE SOUZA CRM 1083040 RJ telefone e-mail endereço
2025-05-22 04:29:38,023 - P15228 - INFO - SearX results: 13 URLs
2025-05-22 04:29:38,023 - P15228 - INFO - Após SearX Uso de memória: 125.20 MB
2025-05-22 04:29:40,950 - P15228 - INFO - Google results: 2 URLs
2025-05-22 04:29:40,950 - P15228 - INFO - Após Google Uso de memória: 125.21 MB
2025-05-22 04:29:43,505 - P15228 - INFO - Bing results: 10 URLs
2025-05-22 04:29:43,505 - P15228 - INFO - Após Bing Uso de memória: 125.35 MB
2025-05-22 04:29:43,505 - P15228 - INFO - Total de URLs únicas: 16
2025-05-22 04:29:43,506 - P15228 - INFO - Processando URL 1/16: https://www.escavador.com/sobre/2482276/pablo-brandao-de-souza
2025-05-22 04:29:47,682 - P15228 - INFO - HTML salvo para debug: data\debug_html_v10\3a0de20f2410bcc9093f0dd9d57c35a3.html
2025-05-22 04:29:47,702 - P15228 - INFO - Candidates address: 0 items
2025-05-22 04:29:47,702 - P15228 - INFO - Candidates phone: 0 items
2025-05-22 04:29:47,702 - P15228 - INFO - Candidates email: 0 items
2025-05-22 04:29:47,702 - P15228 - INFO - Candidates complement: 0 items
2025-05-22 04:29:47,703 - P15228 - INFO - Candidates cep: 0 items
2025-05-22 04:29:47,703 - P15228 - INFO - Após processar URL 1 Uso de memória: 125.37 MB
2025-05-22 04:29:47,703 - P15228 - INFO - Processando URL 2/16: https://portal.cfm.org.br/busca-medicos
2025-05-22 04:29:50,373 - P15228 - INFO - HTML salvo para debug: data\debug_html_v10\e28ae84aaa177d1328f3a0d1fb68449f.html
2025-05-22 04:29:50,413 - P15228 - INFO - Candidates address: 0 items
2025-05-22 04:29:50,413 - P15228 - INFO - Candidates phone: 0 items
2025-05-22 04:29:50,413 - P15228 - INFO - Candidates email: 1 items
2025-05-22 04:29:50,414 - P15228 - INFO - Candidates complement: 1 items
2025-05-22 04:29:50,414 - P15228 - INFO - Candidates cep: 1 items
2025-05-22 04:29:50,414 - P15228 - INFO - Após processar URL 2 Uso de memória: 126.20 MB
2025-05-22 04:29:50,414 - P15228 - INFO - Processando URL 3/16: https://www.doctoralia.com.br/danielle-brandao-e-souza/cardiologista/rio-de-janeiro
2025-05-22 04:29:50,414 - P15228 - INFO - Ignorando URL de arquivo não-HTML: https://www.doctoralia.com.br/danielle-brandao-e-souza/cardiologista/rio-de-janeiro
2025-05-22 04:29:50,414 - P15228 - INFO - Após processar URL 3 Uso de memória: 126.20 MB
2025-05-22 04:29:50,415 - P15228 - INFO - Processando URL 4/16: https://cnpj.biz/17780542000127
2025-05-22 04:29:54,896 - P15228 - INFO - HTML salvo para debug: data\debug_html_v10\0f58ffb67d78d50004935d75c22d5df2.html
2025-05-22 04:29:54,913 - P15228 - INFO - Candidates address: 2 items
2025-05-22 04:29:54,913 - P15228 - INFO - Candidates phone: 2 items
2025-05-22 04:29:54,913 - P15228 - INFO - Candidates email: 1 items
2025-05-22 04:29:54,914 - P15228 - INFO - Candidates complement: 0 items
2025-05-22 04:29:54,914 - P15228 - INFO - Candidates cep: 3 items
2025-05-22 04:29:54,914 - P15228 - INFO - Após processar URL 4 Uso de memória: 126.20 MB
2025-05-22 04:29:54,914 - P15228 - INFO - Processando URL 5/16: https://www.medicosbrasil.com/profissional/pablo-brandao-de-souza
2025-05-22 04:29:59,067 - P15228 - INFO - HTML salvo para debug: data\debug_html_v10\9e7b191a48491029177f73b376019176.html
2025-05-22 04:29:59,089 - P15228 - INFO - Candidates address: 0 items
2025-05-22 04:29:59,089 - P15228 - INFO - Candidates phone: 0 items
2025-05-22 04:29:59,089 - P15228 - INFO - Candidates email: 0 items
2025-05-22 04:29:59,089 - P15228 - INFO - Candidates complement: 0 items
2025-05-22 04:29:59,089 - P15228 - INFO - Candidates cep: 0 items
2025-05-22 04:29:59,090 - P15228 - INFO - Após processar URL 5 Uso de memória: 126.20 MB
2025-05-22 04:29:59,090 - P15228 - INFO - Processando URL 6/16: https://consultacrm.com.br/
2025-05-22 04:30:03,167 - P15228 - INFO - HTML salvo para debug: data\debug_html_v10\65cadeb91ac3713432c21b535990f440.html
2025-05-22 04:30:03,183 - P15228 - INFO - Candidates address: 0 items
2025-05-22 04:30:03,184 - P15228 - INFO - Candidates phone: 0 items
2025-05-22 04:30:03,184 - P15228 - INFO - Candidates email: 0 items
2025-05-22 04:30:03,185 - P15228 - INFO - Candidates complement: 0 items
2025-05-22 04:30:03,186 - P15228 - INFO - Candidates cep: 0 items
2025-05-22 04:30:03,189 - P15228 - INFO - Após processar URL 6 Uso de memória: 125.91 MB
2025-05-22 04:30:03,191 - P15228 - INFO - Processando URL 7/16: https://www.consultacrm.com.br/index/medicos/uid-8b41b4b4-f5c5-11ec-9e74-0a4aa568c625/pablo_trindade_de_souza
2025-05-22 04:30:06,514 - P15228 - INFO - HTML salvo para debug: data\debug_html_v10\437f5e0b7f32dfb1222e464a1c52d099.html
2025-05-22 04:30:06,524 - P15228 - INFO - Candidates address: 0 items
2025-05-22 04:30:06,524 - P15228 - INFO - Candidates phone: 0 items
2025-05-22 04:30:06,525 - P15228 - INFO - Candidates email: 0 items
2025-05-22 04:30:06,525 - P15228 - INFO - Candidates complement: 0 items
2025-05-22 04:30:06,527 - P15228 - INFO - Candidates cep: 0 items
2025-05-22 04:30:06,527 - P15228 - INFO - Após processar URL 7 Uso de memória: 127.12 MB
2025-05-22 04:30:06,528 - P15228 - INFO - Processando URL 8/16: https://guiasaudebrasil.com.br/profissional/1180c8d5c09d3b47-pablo-brandao-de-souza
2025-05-22 04:30:10,676 - P15228 - INFO - HTML salvo para debug: data\debug_html_v10\7bb3003c129674ebb07a8ccd30c632cb.html
2025-05-22 04:30:10,685 - P15228 - INFO - Candidates address: 0 items
2025-05-22 04:30:10,685 - P15228 - INFO - Candidates phone: 0 items
2025-05-22 04:30:10,686 - P15228 - INFO - Candidates email: 0 items
2025-05-22 04:30:10,686 - P15228 - INFO - Candidates complement: 0 items
2025-05-22 04:30:10,686 - P15228 - INFO - Candidates cep: 1 items
2025-05-22 04:30:10,686 - P15228 - INFO - Após processar URL 8 Uso de memória: 125.72 MB
2025-05-22 04:30:10,686 - P15228 - INFO - Processando URL 9/16: https://www.consultasocio.com/q/sa/pablo-brandao-de-souza
2025-05-22 04:30:15,612 - P15228 - INFO - HTML salvo para debug: data\debug_html_v10\f287634d13ae36bd6a813535e27cdf03.html
2025-05-22 04:30:15,617 - P15228 - INFO - Candidates address: 1 items
2025-05-22 04:30:15,617 - P15228 - INFO - Candidates phone: 0 items
2025-05-22 04:30:15,617 - P15228 - INFO - Candidates email: 1 items
2025-05-22 04:30:15,617 - P15228 - INFO - Candidates complement: 0 items
2025-05-22 04:30:15,617 - P15228 - INFO - Candidates cep: 2 items
2025-05-22 04:30:15,618 - P15228 - INFO - Após processar URL 9 Uso de memória: 125.72 MB
2025-05-22 04:30:15,618 - P15228 - INFO - Processando URL 10/16: https://cnpj.services/qsa/pablo-brandao-de-souza
2025-05-22 04:30:18,571 - P15228 - INFO - HTML salvo para debug: data\debug_html_v10\b8bb32e6762d3056a7f6c01f696f6846.html
2025-05-22 04:30:18,581 - P15228 - INFO - Candidates address: 0 items
2025-05-22 04:30:18,583 - P15228 - INFO - Candidates phone: 0 items
2025-05-22 04:30:18,583 - P15228 - INFO - Candidates email: 0 items
2025-05-22 04:30:18,583 - P15228 - INFO - Candidates complement: 0 items
2025-05-22 04:30:18,584 - P15228 - INFO - Candidates cep: 1 items
2025-05-22 04:30:18,584 - P15228 - INFO - Após processar URL 10 Uso de memória: 122.76 MB
2025-05-22 04:30:18,584 - P15228 - INFO - Processando URL 11/16: https://www.boaconsulta.com/especialista/pablo-brandao-de-souza-6105e1b59b22ae399f001165
2025-05-22 04:30:21,956 - P15228 - INFO - HTML salvo para debug: data\debug_html_v10\4fd63e6e641e47c981f06568cd7ea177.html
2025-05-22 04:30:22,051 - P15228 - INFO - Candidates address: 9 items
2025-05-22 04:30:22,051 - P15228 - INFO - Candidates phone: 0 items
2025-05-22 04:30:22,051 - P15228 - INFO - Candidates email: 0 items
2025-05-22 04:30:22,051 - P15228 - INFO - Candidates complement: 3 items
2025-05-22 04:30:22,051 - P15228 - INFO - Candidates cep: 0 items
2025-05-22 04:30:22,052 - P15228 - INFO - Após processar URL 11 Uso de memória: 124.84 MB
2025-05-22 04:30:22,052 - P15228 - INFO - Processando URL 12/16: https://www.achecerto.com.br/
2025-05-22 04:30:27,921 - P15228 - INFO - HTML salvo para debug: data\debug_html_v10\ceb96e5663cace6f7b35fee1716d7561.html
2025-05-22 04:30:27,938 - P15228 - INFO - Candidates address: 1 items
2025-05-22 04:30:27,938 - P15228 - INFO - Candidates phone: 0 items
2025-05-22 04:30:27,938 - P15228 - INFO - Candidates email: 1 items
2025-05-22 04:30:27,939 - P15228 - INFO - Candidates complement: 0 items
2025-05-22 04:30:27,939 - P15228 - INFO - Candidates cep: 0 items
2025-05-22 04:30:27,939 - P15228 - INFO - Após processar URL 12 Uso de memória: 124.63 MB
2025-05-22 04:30:27,939 - P15228 - INFO - Processando URL 13/16: https://www.portaltransparencia.gov.br/pessoa-fisica/busca/lista
2025-05-22 04:30:31,632 - P15228 - INFO - HTML salvo para debug: data\debug_html_v10\e200cdf64b71d4c9248718dd155b3edb.html
2025-05-22 04:30:31,677 - P15228 - INFO - Candidates address: 0 items
2025-05-22 04:30:31,680 - P15228 - INFO - Candidates phone: 0 items
2025-05-22 04:30:31,682 - P15228 - INFO - Candidates email: 0 items
2025-05-22 04:30:31,683 - P15228 - INFO - Candidates complement: 0 items
2025-05-22 04:30:31,683 - P15228 - INFO - Candidates cep: 0 items
2025-05-22 04:30:31,683 - P15228 - INFO - Após processar URL 13 Uso de memória: 124.74 MB
2025-05-22 04:30:31,683 - P15228 - INFO - Processando URL 14/16: https://cliniguia.com/profissionais/pablo-brandao-de-souza-708406792843365/
2025-05-22 04:30:37,708 - P15228 - INFO - HTML salvo para debug: data\debug_html_v10\b80b88dcacf64d3094f26b09957d8598.html
2025-05-22 04:30:37,755 - P15228 - INFO - Candidates address: 0 items
2025-05-22 04:30:37,755 - P15228 - INFO - Candidates phone: 0 items
2025-05-22 04:30:37,756 - P15228 - INFO - Candidates email: 0 items
2025-05-22 04:30:37,756 - P15228 - INFO - Candidates complement: 0 items
2025-05-22 04:30:37,756 - P15228 - INFO - Candidates cep: 0 items
2025-05-22 04:30:37,756 - P15228 - INFO - Após processar URL 14 Uso de memória: 126.11 MB
2025-05-22 04:30:37,756 - P15228 - INFO - Processando URL 15/16: https://empresasweb.net/emp/pablo-brandao-psiquiatria-clinica-ltda-54685943
2025-05-22 04:30:40,845 - P15228 - INFO - HTML salvo para debug: data\debug_html_v10\3105fa01b49e944fbb34fa684fb43dd0.html
2025-05-22 04:30:40,934 - P15228 - INFO - Candidates address: 0 items
2025-05-22 04:30:40,935 - P15228 - INFO - Candidates phone: 1 items
2025-05-22 04:30:40,935 - P15228 - INFO - Candidates email: 1 items
2025-05-22 04:30:40,935 - P15228 - INFO - Candidates complement: 0 items
2025-05-22 04:30:40,935 - P15228 - INFO - Candidates cep: 1 items
2025-05-22 04:30:40,936 - P15228 - INFO - Após processar URL 15 Uso de memória: 115.77 MB
2025-05-22 04:30:40,936 - P15228 - INFO - Processando URL 16/16: http://www.transparencia.cremerj.org.br:8098/planejamento/registroMedico/pesquisar
2025-05-22 04:30:43,391 - P15228 - INFO - HTML salvo para debug: data\debug_html_v10\19128e1d0b16c1bd37c280ce751655f7.html
2025-05-22 04:30:43,410 - P15228 - INFO - Candidates address: 0 items
2025-05-22 04:30:43,411 - P15228 - INFO - Candidates phone: 1 items
2025-05-22 04:30:43,411 - P15228 - INFO - Candidates email: 0 items
2025-05-22 04:30:43,411 - P15228 - INFO - Candidates complement: 0 items
2025-05-22 04:30:43,411 - P15228 - INFO - Candidates cep: 1 items
2025-05-22 04:30:43,411 - P15228 - INFO - Após processar URL 16 Uso de memória: 116.39 MB
2025-05-22 04:30:43,412 - P15228 - INFO - Iniciando agregação e ranqueamento
2025-05-22 04:30:43,412 - P15228 - INFO - Ranked address: 13 items
2025-05-22 04:30:43,412 - P15228 - INFO - Ranked phone: 4 items
2025-05-22 04:30:43,412 - P15228 - INFO - Ranked email: 4 items
2025-05-22 04:30:43,412 - P15228 - INFO - Ranked complement: 4 items
2025-05-22 04:30:43,412 - P15228 - INFO - Ranked cep: 9 items
2025-05-22 04:30:43,413 - P15228 - INFO - Após agregação Uso de memória: 116.39 MB
2025-05-22 04:30:43,413 - P15228 - INFO - Validando endereço: ['Rua Visconde de Piraja, 00550', 'Rua Visconde de Piraja 00550 Sal 2202 e 2203 Ipanema Rio de Janeiro RJ', 'Rua Visconde De Piraja, 00407']
2025-05-22 04:30:43,413 - P15228 - INFO - Endereço validado: Rua Visconde de Piraja, 00550
2025-05-22 04:30:43,413 - P15228 - INFO - Limpando texto extenso para campo address: Rua Visconde de Piraja, 00550...
2025-05-22 04:30:43,413 - P15228 - INFO - Texto limpo: Rua Visconde de Piraja, 00550
2025-05-22 04:30:43,414 - P15228 - INFO - Validando telefone: ['(21) 98725-1110', '(21) 3684-6039', '+557730820882']
2025-05-22 04:30:43,414 - P15228 - INFO - Limpando texto extenso para campo phone: (21) 98725-1110...
2025-05-22 04:30:43,414 - P15228 - INFO - Texto limpo: 21) 98725-1110
2025-05-22 04:30:43,414 - P15228 - INFO - Telefone validado: 21) 98725-1110
2025-05-22 04:30:43,414 - P15228 - INFO - Validando email: ['CONTABILIDADELEITTE@GMAIL.COM', 'cfm@portalmedico.org.br', 'dr.pablot@globo.com.br']
2025-05-22 04:30:43,414 - P15228 - INFO - Limpando texto extenso para campo email: CONTABILIDADELEITTE@GMAIL.COM...
2025-05-22 04:30:43,415 - P15228 - INFO - Texto limpo: contabilidadeleitte@gmail.com
2025-05-22 04:30:43,415 - P15228 - INFO - Email validado: contabilidadeleitte@gmail.com
2025-05-22 04:30:43,415 - P15228 - INFO - Validando complemento: ['Conjunto D', 'Sala 1009 Copacabana', 'Sala 101 - Térreo']
2025-05-22 04:30:43,415 - P15228 - INFO - Limpando texto extenso para campo complement: Conjunto D...
2025-05-22 04:30:43,415 - P15228 - INFO - Texto limpo: Conjunto D
2025-05-22 04:30:43,415 - P15228 - INFO - Complemento validado: Conjunto D
2025-05-22 04:30:43,415 - P15228 - INFO - Descobrindo cidade
2025-05-22 04:30:43,416 - P15228 - INFO - Buscando cidade: Rua Visconde de Piraja cidade RJ
2025-05-22 04:30:46,343 - P15228 - WARNING - Cidade não encontrada
2025-05-22 04:30:46,343 - P15228 - INFO - Cidade descoberta: 
2025-05-22 04:30:46,343 - P15228 - INFO - Tempo de execução de processamento completo do médico: 69.17 segundos
2025-05-22 04:30:46,343 - P15228 - INFO - Resultado processado: {'Hash': '98c0432494ada3845f852b4af8626f48dc008a54f47c8aa5ed4c956b0f5327bb', 'CRM': '1083040', 'UF': 'RJ', 'Firstname': 'PABLO', 'LastName': 'BRANDÃO DE SOUZA', 'Medical specialty': '', 'Endereco Completo A1': 'Rua Visconde de Piraja, 00550', 'Address A1': 'Rua Visconde de Piraja', 'Numero A1': '00550', 'Complement A1': 'Conjunto D', 'Bairro A1': '', 'postal code A1': '', 'City A1': '', 'State A1': '', 'Phone A1': '21) 98725-1110', 'Phone A2': '', 'Cell phone A1': '', 'Cell phone A2': '', 'E-mail A1': 'contabilidadeleitte@gmail.com', 'E-mail A2': '', 'OPT-IN': '', 'STATUS': '', 'LOTE': ''}
2025-05-22 04:30:46,344 - P15228 - INFO - Progresso: 70.4%
2025-05-22 04:30:46,345 - P15228 - INFO - Executando coleta de lixo
2025-05-22 04:30:46,360 - P15228 - INFO - Após coleta de lixo Uso de memória: 114.34 MB
2025-05-22 04:30:46,360 - P15228 - INFO - Tempo de execução de processamento do médico 1: 70.98 segundos
2025-05-22 04:30:46,360 - P15228 - INFO - 
==================================================
Processando médico 2/3
2025-05-22 04:30:46,361 - P15228 - INFO - Nome: LOURENÇO DE SOUZA TAVARES
2025-05-22 04:30:46,361 - P15228 - INFO - Início do processamento Uso de memória: 114.34 MB
2025-05-22 04:30:46,361 - P15228 - INFO - Iniciando busca para: LOURENÇO DE SOUZA TAVARES CRM 1106848 RJ telefone e-mail endereço
2025-05-22 04:30:47,204 - P15228 - INFO - SearX results: 10 URLs
2025-05-22 04:30:47,204 - P15228 - INFO - Após SearX Uso de memória: 114.36 MB
2025-05-22 04:30:49,795 - P15228 - INFO - Google results: 6 URLs
2025-05-22 04:30:49,796 - P15228 - INFO - Após Google Uso de memória: 120.22 MB
2025-05-22 04:30:52,254 - P15228 - INFO - Bing results: 10 URLs
2025-05-22 04:30:52,254 - P15228 - INFO - Após Bing Uso de memória: 123.76 MB
2025-05-22 04:30:52,254 - P15228 - INFO - Total de URLs únicas: 16
2025-05-22 04:30:52,254 - P15228 - INFO - Processando URL 1/16: https://portal.cfm.org.br/busca-medicos
2025-05-22 04:30:55,708 - P15228 - INFO - HTML salvo para debug: data\debug_html_v10\e28ae84aaa177d1328f3a0d1fb68449f.html
2025-05-22 04:30:55,754 - P15228 - INFO - Candidates address: 0 items
2025-05-22 04:30:55,754 - P15228 - INFO - Candidates phone: 0 items
2025-05-22 04:30:55,755 - P15228 - INFO - Candidates email: 1 items
2025-05-22 04:30:55,755 - P15228 - INFO - Candidates complement: 1 items
2025-05-22 04:30:55,755 - P15228 - INFO - Candidates cep: 1 items
2025-05-22 04:30:55,756 - P15228 - INFO - Após processar URL 1 Uso de memória: 124.91 MB
2025-05-22 04:30:55,756 - P15228 - INFO - Processando URL 2/16: https://www.locaisdobrasil.com.br/encontre/psiquiatra/rio-de-janeiro-rj/dr-lourenco-tavares-psiquiatria/651bfcc2075f005dac6cc312
2025-05-22 04:31:01,957 - P15228 - INFO - HTML salvo para debug: data\debug_html_v10\183ffcf82acc297850c9f2e3bd37fc9e.html
2025-05-22 04:31:01,977 - P15228 - INFO - Candidates address: 2 items
2025-05-22 04:31:01,977 - P15228 - INFO - Candidates phone: 1 items
2025-05-22 04:31:01,977 - P15228 - INFO - Candidates email: 0 items
2025-05-22 04:31:01,978 - P15228 - INFO - Candidates complement: 2 items
2025-05-22 04:31:01,978 - P15228 - INFO - Candidates cep: 2 items
2025-05-22 04:31:01,978 - P15228 - INFO - Após processar URL 2 Uso de memória: 125.48 MB
2025-05-22 04:31:01,978 - P15228 - INFO - Processando URL 3/16: https://avaliacoesbrasil.com/psiquiatra/rio-de-janeiro/dr-lourenco-tavares-psiquiatri/
2025-05-22 04:31:06,534 - P15228 - INFO - HTML salvo para debug: data\debug_html_v10\f7e84b448d9e07c78f62240f6b5d9925.html
2025-05-22 04:31:06,565 - P15228 - INFO - Candidates address: 1 items
2025-05-22 04:31:06,571 - P15228 - INFO - Candidates phone: 0 items
2025-05-22 04:31:06,572 - P15228 - INFO - Candidates email: 0 items
2025-05-22 04:31:06,572 - P15228 - INFO - Candidates complement: 1 items
2025-05-22 04:31:06,573 - P15228 - INFO - Candidates cep: 2 items
2025-05-22 04:31:06,573 - P15228 - INFO - Após processar URL 3 Uso de memória: 127.45 MB
2025-05-22 04:31:06,573 - P15228 - INFO - Processando URL 4/16: https://www.boaconsulta.com/especialista/lourenco-de-souza-tavares-61058d17ba32c30a8200364f
2025-05-22 04:31:08,781 - P15228 - INFO - HTML salvo para debug: data\debug_html_v10\cd23c62b4988a9f218d0900efd4d5e2c.html
2025-05-22 04:31:08,860 - P15228 - INFO - Candidates address: 8 items
2025-05-22 04:31:08,860 - P15228 - INFO - Candidates phone: 0 items
2025-05-22 04:31:08,860 - P15228 - INFO - Candidates email: 0 items
2025-05-22 04:31:08,860 - P15228 - INFO - Candidates complement: 3 items
2025-05-22 04:31:08,861 - P15228 - INFO - Candidates cep: 0 items
2025-05-22 04:31:08,861 - P15228 - INFO - Após processar URL 4 Uso de memória: 126.81 MB
2025-05-22 04:31:08,861 - P15228 - INFO - Processando URL 5/16: https://consultacrm.com.br/
2025-05-22 04:31:12,311 - P15228 - INFO - HTML salvo para debug: data\debug_html_v10\65cadeb91ac3713432c21b535990f440.html
2025-05-22 04:31:12,326 - P15228 - INFO - Candidates address: 0 items
2025-05-22 04:31:12,326 - P15228 - INFO - Candidates phone: 0 items
2025-05-22 04:31:12,326 - P15228 - INFO - Candidates email: 0 items
2025-05-22 04:31:12,326 - P15228 - INFO - Candidates complement: 0 items
2025-05-22 04:31:12,327 - P15228 - INFO - Candidates cep: 0 items
2025-05-22 04:31:12,327 - P15228 - INFO - Após processar URL 5 Uso de memória: 126.38 MB
2025-05-22 04:31:12,327 - P15228 - INFO - Processando URL 6/16: https://doutorcrm.com/lourenco-carlos-de-mello-e-souza
2025-05-22 04:31:16,747 - P15228 - INFO - HTML salvo para debug: data\debug_html_v10\aa33a18fa18ec8beb0a8a3958e19a61c.html
2025-05-22 04:31:16,755 - P15228 - INFO - Candidates address: 2 items
2025-05-22 04:31:16,755 - P15228 - INFO - Candidates phone: 0 items
2025-05-22 04:31:16,755 - P15228 - INFO - Candidates email: 0 items
2025-05-22 04:31:16,755 - P15228 - INFO - Candidates complement: 0 items
2025-05-22 04:31:16,755 - P15228 - INFO - Candidates cep: 1 items
2025-05-22 04:31:16,756 - P15228 - INFO - Após processar URL 6 Uso de memória: 126.41 MB
2025-05-22 04:31:16,756 - P15228 - INFO - Processando URL 7/16: https://visaohospitaldeolhos.com.br/residentes/ricardo-souza-tavares/
2025-05-22 04:31:22,613 - P15228 - INFO - HTML salvo para debug: data\debug_html_v10\2205f02b3a95fe749fc6c74b02a71bcc.html
2025-05-22 04:31:22,632 - P15228 - INFO - Candidates address: 0 items
2025-05-22 04:31:22,633 - P15228 - INFO - Candidates phone: 2 items
2025-05-22 04:31:22,633 - P15228 - INFO - Candidates email: 0 items
2025-05-22 04:31:22,633 - P15228 - INFO - Candidates complement: 0 items
2025-05-22 04:31:22,633 - P15228 - INFO - Candidates cep: 0 items
2025-05-22 04:31:22,633 - P15228 - INFO - Após processar URL 7 Uso de memória: 128.34 MB
2025-05-22 04:31:22,634 - P15228 - INFO - Processando URL 8/16: https://www.doctoralia.com.br/emersom-de-souza-tavares/ginecologista/nilopolis
2025-05-22 04:31:22,634 - P15228 - INFO - Ignorando URL de arquivo não-HTML: https://www.doctoralia.com.br/emersom-de-souza-tavares/ginecologista/nilopolis
2025-05-22 04:31:22,634 - P15228 - INFO - Após processar URL 8 Uso de memória: 126.46 MB
2025-05-22 04:31:22,634 - P15228 - INFO - Processando URL 9/16: https://www.medicosbrasil.com/profissional/daniela-de-souza-tavares
2025-05-22 04:31:24,809 - P15228 - INFO - HTML salvo para debug: data\debug_html_v10\a2604514be478ac0682b241fd7774d61.html
2025-05-22 04:31:24,811 - P15228 - INFO - Candidates address: 0 items
2025-05-22 04:31:24,811 - P15228 - INFO - Candidates phone: 0 items
2025-05-22 04:31:24,811 - P15228 - INFO - Candidates email: 0 items
2025-05-22 04:31:24,811 - P15228 - INFO - Candidates complement: 0 items
2025-05-22 04:31:24,811 - P15228 - INFO - Candidates cep: 0 items
2025-05-22 04:31:24,812 - P15228 - INFO - Após processar URL 9 Uso de memória: 126.48 MB
2025-05-22 04:31:24,812 - P15228 - INFO - Processando URL 10/16: https://opty.com.br/oftalmologia/ricardo-mendon%C3%A7a-de-sousa
2025-05-22 04:31:28,224 - P15228 - INFO - HTML salvo para debug: data\debug_html_v10\7b08d97c0323e4494c4684ecc7d4083e.html
2025-05-22 04:31:28,225 - P15228 - INFO - Candidates address: 0 items
2025-05-22 04:31:28,225 - P15228 - INFO - Candidates phone: 0 items
2025-05-22 04:31:28,225 - P15228 - INFO - Candidates email: 0 items
2025-05-22 04:31:28,225 - P15228 - INFO - Candidates complement: 0 items
2025-05-22 04:31:28,225 - P15228 - INFO - Candidates cep: 0 items
2025-05-22 04:31:28,226 - P15228 - INFO - Após processar URL 10 Uso de memória: 126.48 MB
2025-05-22 04:31:28,226 - P15228 - INFO - Processando URL 11/16: https://www.benditoguia.com.br/empresa/dr-lourenco-tavares-psiquiatria-bonsucesso-rio-de-janeiro-rj
2025-05-22 04:31:32,099 - P15228 - INFO - HTML salvo para debug: data\debug_html_v10\d92832f0c7f22ec6c58128073c038271.html
2025-05-22 04:31:32,119 - P15228 - INFO - Candidates address: 1 items
2025-05-22 04:31:32,120 - P15228 - INFO - Candidates phone: 1 items
2025-05-22 04:31:32,120 - P15228 - INFO - Candidates email: 0 items
2025-05-22 04:31:32,120 - P15228 - INFO - Candidates complement: 1 items
2025-05-22 04:31:32,120 - P15228 - INFO - Candidates cep: 2 items
2025-05-22 04:31:32,121 - P15228 - INFO - Após processar URL 11 Uso de memória: 128.36 MB
2025-05-22 04:31:32,121 - P15228 - INFO - Processando URL 12/16: https://www.doctoralia.com.br/lourenco-tavares/psiquiatra/rio-de-janeiro
2025-05-22 04:31:32,121 - P15228 - INFO - Ignorando URL de arquivo não-HTML: https://www.doctoralia.com.br/lourenco-tavares/psiquiatra/rio-de-janeiro
2025-05-22 04:31:32,121 - P15228 - INFO - Após processar URL 12 Uso de memória: 127.49 MB
2025-05-22 04:31:32,121 - P15228 - INFO - Processando URL 13/16: https://www.portaltransparencia.gov.br/pessoa-fisica/busca/lista
2025-05-22 04:31:35,152 - P15228 - INFO - HTML salvo para debug: data\debug_html_v10\e200cdf64b71d4c9248718dd155b3edb.html
2025-05-22 04:31:35,189 - P15228 - INFO - Candidates address: 0 items
2025-05-22 04:31:35,192 - P15228 - INFO - Candidates phone: 0 items
2025-05-22 04:31:35,204 - P15228 - INFO - Candidates email: 0 items
2025-05-22 04:31:35,204 - P15228 - INFO - Candidates complement: 0 items
2025-05-22 04:31:35,204 - P15228 - INFO - Candidates cep: 0 items
2025-05-22 04:31:35,205 - P15228 - INFO - Após processar URL 13 Uso de memória: 127.51 MB
2025-05-22 04:31:35,205 - P15228 - INFO - Processando URL 14/16: https://www.cannabisesaude.com.br/prescritor/dr-marconi-de-souza-tavares/
2025-05-22 04:31:41,086 - P15228 - INFO - HTML salvo para debug: data\debug_html_v10\74186afb2133f3aa5e1f38510532d564.html
2025-05-22 04:31:41,143 - P15228 - INFO - Candidates address: 0 items
2025-05-22 04:31:41,143 - P15228 - INFO - Candidates phone: 0 items
2025-05-22 04:31:41,143 - P15228 - INFO - Candidates email: 1 items
2025-05-22 04:31:41,143 - P15228 - INFO - Candidates complement: 0 items
2025-05-22 04:31:41,143 - P15228 - INFO - Candidates cep: 0 items
2025-05-22 04:31:41,143 - P15228 - INFO - Após processar URL 14 Uso de memória: 128.62 MB
2025-05-22 04:31:41,144 - P15228 - INFO - Processando URL 15/16: https://cnpj.biz/43236627000159
2025-05-22 04:31:43,326 - P15228 - INFO - HTML salvo para debug: data\debug_html_v10\9e7f86ed40b45f0b3d9ae1f188583984.html
2025-05-22 04:31:43,330 - P15228 - INFO - Candidates address: 0 items
2025-05-22 04:31:43,331 - P15228 - INFO - Candidates phone: 0 items
2025-05-22 04:31:43,332 - P15228 - INFO - Candidates email: 0 items
2025-05-22 04:31:43,332 - P15228 - INFO - Candidates complement: 0 items
2025-05-22 04:31:43,332 - P15228 - INFO - Candidates cep: 0 items
2025-05-22 04:31:43,332 - P15228 - INFO - Após processar URL 15 Uso de memória: 127.61 MB
2025-05-22 04:31:43,332 - P15228 - INFO - Processando URL 16/16: https://guiasaudebrasil.com.br/profissional/fbefba9fb6c1ec7f-lourenco-de-souza-tavares
2025-05-22 04:31:48,903 - P15228 - INFO - HTML salvo para debug: data\debug_html_v10\b79602dc06b3524ac7c79067b0782cb8.html
2025-05-22 04:31:48,913 - P15228 - INFO - Candidates address: 0 items
2025-05-22 04:31:48,914 - P15228 - INFO - Candidates phone: 0 items
2025-05-22 04:31:48,914 - P15228 - INFO - Candidates email: 0 items
2025-05-22 04:31:48,914 - P15228 - INFO - Candidates complement: 0 items
2025-05-22 04:31:48,914 - P15228 - INFO - Candidates cep: 1 items
2025-05-22 04:31:48,915 - P15228 - INFO - Após processar URL 16 Uso de memória: 127.62 MB
2025-05-22 04:31:48,915 - P15228 - INFO - Iniciando agregação e ranqueamento
2025-05-22 04:31:48,915 - P15228 - INFO - Ranked address: 12 items
2025-05-22 04:31:48,915 - P15228 - INFO - Ranked phone: 4 items
2025-05-22 04:31:48,915 - P15228 - INFO - Ranked email: 2 items
2025-05-22 04:31:48,915 - P15228 - INFO - Ranked complement: 6 items
2025-05-22 04:31:48,916 - P15228 - INFO - Ranked cep: 7 items
2025-05-22 04:31:48,916 - P15228 - INFO - Após agregação Uso de memória: 127.62 MB
2025-05-22 04:31:48,916 - P15228 - INFO - Validando endereço: ['Rua Cardoso de Morais, 201', 'Rua Cardoso de Morais , 201', 'Rua Gonzaga Bastos, 224']
2025-05-22 04:31:48,916 - P15228 - INFO - Endereço validado: Rua Cardoso de Morais, 201
2025-05-22 04:31:48,916 - P15228 - INFO - Limpando texto extenso para campo address: Rua Cardoso de Morais, 201...
2025-05-22 04:31:48,917 - P15228 - INFO - Texto limpo: Rua Cardoso de Morais, 201
2025-05-22 04:31:48,917 - P15228 - INFO - Validando telefone: ['(21) 97891-1331', '+556130388001', '+556136867902']
2025-05-22 04:31:48,918 - P15228 - INFO - Limpando texto extenso para campo phone: (21) 97891-1331...
2025-05-22 04:31:48,919 - P15228 - INFO - Texto limpo: 21) 97891-1331
2025-05-22 04:31:48,920 - P15228 - INFO - Telefone validado: 21) 97891-1331
2025-05-22 04:31:48,922 - P15228 - INFO - Validando email: ['cfm@portalmedico.org.br', 'contato@cannabisesaude.com.br']
2025-05-22 04:31:48,922 - P15228 - INFO - Limpando texto extenso para campo email: cfm@portalmedico.org.br...
2025-05-22 04:31:48,923 - P15228 - INFO - Texto limpo: cfm@portalmedico.org.br
2025-05-22 04:31:48,923 - P15228 - INFO - Email validado: cfm@portalmedico.org.br
2025-05-22 04:31:48,924 - P15228 - INFO - Validando complemento: ['Sala 504 - Bonsucesso', 'Conjunto D', 'Sala 504 -  Bonsucesso ']
2025-05-22 04:31:48,924 - P15228 - INFO - Limpando texto extenso para campo complement: Sala 504 - Bonsucesso...
2025-05-22 04:31:48,924 - P15228 - INFO - Texto limpo: Sala 504 - Bonsucesso
2025-05-22 04:31:48,925 - P15228 - INFO - Complemento validado: Sala 504 - Bonsucesso
2025-05-22 04:31:48,925 - P15228 - INFO - Descobrindo cidade
2025-05-22 04:31:48,925 - P15228 - INFO - Buscando cidade: Rua Cardoso de Morais cidade RJ
2025-05-22 04:31:51,551 - P15228 - WARNING - Cidade não encontrada
2025-05-22 04:31:51,551 - P15228 - INFO - Cidade descoberta: 
2025-05-22 04:31:51,551 - P15228 - INFO - Tempo de execução de processamento completo do médico: 65.19 segundos
2025-05-22 04:31:51,552 - P15228 - INFO - Resultado processado: {'Hash': '9321a600f2d78e2fe07969ba0e81a51658d23210f0eed4c3b251594f6b0c060b', 'CRM': '1106848', 'UF': 'RJ', 'Firstname': 'LOURENÇO', 'LastName': 'DE SOUZA TAVARES', 'Medical specialty': '', 'Endereco Completo A1': 'Rua Cardoso de Morais, 201', 'Address A1': 'Rua Cardoso de Morais', 'Numero A1': '201', 'Complement A1': 'Sala 504 - Bonsucesso', 'Bairro A1': '', 'postal code A1': '', 'City A1': '', 'State A1': '', 'Phone A1': '21) 97891-1331', 'Phone A2': '', 'Cell phone A1': '', 'Cell phone A2': '', 'E-mail A1': 'cfm@portalmedico.org.br', 'E-mail A2': '', 'OPT-IN': '', 'STATUS': '', 'LOTE': ''}
2025-05-22 04:31:51,552 - P15228 - INFO - Progresso: 70.9%
2025-05-22 04:31:51,552 - P15228 - INFO - Tempo de execução de processamento do médico 2: 65.19 segundos
2025-05-22 04:31:51,553 - P15228 - INFO - 
==================================================
Processando médico 3/3
2025-05-22 04:31:51,553 - P15228 - INFO - Nome: CAMILLA SILVÉRIO OLIVEIRA SANTOS
2025-05-22 04:31:51,553 - P15228 - INFO - Início do processamento Uso de memória: 122.78 MB
2025-05-22 04:31:51,553 - P15228 - INFO - Iniciando busca para: CAMILLA SILVÉRIO OLIVEIRA SANTOS CRM 1121928 RJ telefone e-mail endereço
2025-05-22 04:31:52,319 - P15228 - INFO - SearX results: 10 URLs
2025-05-22 04:31:52,319 - P15228 - INFO - Após SearX Uso de memória: 122.78 MB
2025-05-22 04:31:54,922 - P15228 - INFO - Google results: 3 URLs
2025-05-22 04:31:54,923 - P15228 - INFO - Após Google Uso de memória: 124.71 MB
2025-05-22 04:31:57,485 - P15228 - INFO - Bing results: 9 URLs
2025-05-22 04:31:57,485 - P15228 - INFO - Após Bing Uso de memória: 124.71 MB
2025-05-22 04:31:57,486 - P15228 - INFO - Total de URLs únicas: 12
2025-05-22 04:31:57,486 - P15228 - INFO - Processando URL 1/12: https://cnpj.biz/54482505000169
2025-05-22 04:31:59,639 - P15228 - INFO - HTML salvo para debug: data\debug_html_v10\ce5e259f8fbdbc2694396064c3124fdd.html
2025-05-22 04:31:59,641 - P15228 - INFO - Candidates address: 0 items
2025-05-22 04:31:59,641 - P15228 - INFO - Candidates phone: 0 items
2025-05-22 04:31:59,642 - P15228 - INFO - Candidates email: 0 items
2025-05-22 04:31:59,642 - P15228 - INFO - Candidates complement: 0 items
2025-05-22 04:31:59,642 - P15228 - INFO - Candidates cep: 0 items
2025-05-22 04:31:59,642 - P15228 - INFO - Após processar URL 1 Uso de memória: 124.70 MB
2025-05-22 04:31:59,643 - P15228 - INFO - Processando URL 2/12: https://portal.cfm.org.br/busca-medicos
2025-05-22 04:32:02,947 - P15228 - INFO - HTML salvo para debug: data\debug_html_v10\e28ae84aaa177d1328f3a0d1fb68449f.html
2025-05-22 04:32:02,982 - P15228 - INFO - Candidates address: 0 items
2025-05-22 04:32:02,982 - P15228 - INFO - Candidates phone: 0 items
2025-05-22 04:32:02,982 - P15228 - INFO - Candidates email: 1 items
2025-05-22 04:32:02,982 - P15228 - INFO - Candidates complement: 1 items
2025-05-22 04:32:02,982 - P15228 - INFO - Candidates cep: 1 items
2025-05-22 04:32:02,983 - P15228 - INFO - Após processar URL 2 Uso de memória: 124.70 MB
2025-05-22 04:32:02,983 - P15228 - INFO - Processando URL 3/12: https://consultacrm.com.br/
2025-05-22 04:32:06,298 - P15228 - INFO - HTML salvo para debug: data\debug_html_v10\65cadeb91ac3713432c21b535990f440.html
2025-05-22 04:32:06,313 - P15228 - INFO - Candidates address: 0 items
2025-05-22 04:32:06,313 - P15228 - INFO - Candidates phone: 0 items
2025-05-22 04:32:06,314 - P15228 - INFO - Candidates email: 0 items
2025-05-22 04:32:06,314 - P15228 - INFO - Candidates complement: 0 items
2025-05-22 04:32:06,315 - P15228 - INFO - Candidates cep: 0 items
2025-05-22 04:32:06,315 - P15228 - INFO - Após processar URL 3 Uso de memória: 124.71 MB
2025-05-22 04:32:06,315 - P15228 - INFO - Processando URL 4/12: https://apepi.org/prescritores/camilla-silverio-oliveira-santos/
2025-05-22 04:32:12,325 - P15228 - INFO - HTML salvo para debug: data\debug_html_v10\9840f091dca209728c82885d03e9297f.html
2025-05-22 04:32:12,343 - P15228 - INFO - Candidates address: 1 items
2025-05-22 04:32:12,344 - P15228 - INFO - Candidates phone: 1 items
2025-05-22 04:32:12,344 - P15228 - INFO - Candidates email: 0 items
2025-05-22 04:32:12,344 - P15228 - INFO - Candidates complement: 0 items
2025-05-22 04:32:12,344 - P15228 - INFO - Candidates cep: 1 items
2025-05-22 04:32:12,344 - P15228 - INFO - Após processar URL 4 Uso de memória: 124.72 MB
2025-05-22 04:32:12,345 - P15228 - INFO - Processando URL 5/12: https://campospsi.com/
2025-05-22 04:32:22,378 - P15228 - INFO - HTML salvo para debug: data\debug_html_v10\87d9b1e1d1edbec4f542ee8dda97f9e3.html
2025-05-22 04:32:22,386 - P15228 - INFO - Candidates address: 0 items
2025-05-22 04:32:22,386 - P15228 - INFO - Candidates phone: 0 items
2025-05-22 04:32:22,387 - P15228 - INFO - Candidates email: 0 items
2025-05-22 04:32:22,387 - P15228 - INFO - Candidates complement: 0 items
2025-05-22 04:32:22,387 - P15228 - INFO - Candidates cep: 0 items
2025-05-22 04:32:22,387 - P15228 - INFO - Após processar URL 5 Uso de memória: 124.72 MB
2025-05-22 04:32:22,387 - P15228 - INFO - Processando URL 6/12: https://cadastroempresa.com.br/fornecedor/camilla-santos-medicina-especializada-54482505000169
2025-05-22 04:32:25,045 - P15228 - INFO - HTML salvo para debug: data\debug_html_v10\0726ebfa3c3ec179024edeeb831b44ae.html
2025-05-22 04:32:25,064 - P15228 - INFO - Candidates address: 0 items
2025-05-22 04:32:25,064 - P15228 - INFO - Candidates phone: 1 items
2025-05-22 04:32:25,064 - P15228 - INFO - Candidates email: 1 items
2025-05-22 04:32:25,064 - P15228 - INFO - Candidates complement: 0 items
2025-05-22 04:32:25,065 - P15228 - INFO - Candidates cep: 3 items
2025-05-22 04:32:25,065 - P15228 - INFO - Após processar URL 6 Uso de memória: 124.73 MB
2025-05-22 04:32:25,065 - P15228 - INFO - Processando URL 7/12: https://central3.to.gov.br/arquivo/362395/
2025-05-22 04:32:27,362 - P15228 - INFO - HTML salvo para debug: data\debug_html_v10\dc30070df9950c699f8de099d5886f0b.html
2025-05-22 04:32:27,363 - P15228 - INFO - Candidates address: 0 items
2025-05-22 04:32:27,363 - P15228 - INFO - Candidates phone: 0 items
2025-05-22 04:32:27,363 - P15228 - INFO - Candidates email: 0 items
2025-05-22 04:32:27,363 - P15228 - INFO - Candidates complement: 0 items
2025-05-22 04:32:27,363 - P15228 - INFO - Candidates cep: 0 items
2025-05-22 04:32:27,363 - P15228 - INFO - Após processar URL 7 Uso de memória: 124.73 MB
2025-05-22 04:32:27,364 - P15228 - INFO - Processando URL 8/12: https://cnpj.services/54482505000169/camilla-silverio-oliveira-santos-prestacao-de-servicos-medicos-ltda
2025-05-22 04:32:30,281 - P15228 - INFO - HTML salvo para debug: data\debug_html_v10\cbb13f6badcdb88928db3850f1230200.html
2025-05-22 04:32:30,290 - P15228 - INFO - Candidates address: 0 items
2025-05-22 04:32:30,291 - P15228 - INFO - Candidates phone: 1 items
2025-05-22 04:32:30,291 - P15228 - INFO - Candidates email: 1 items
2025-05-22 04:32:30,291 - P15228 - INFO - Candidates complement: 0 items
2025-05-22 04:32:30,291 - P15228 - INFO - Candidates cep: 2 items
2025-05-22 04:32:30,291 - P15228 - INFO - Após processar URL 8 Uso de memória: 124.73 MB
2025-05-22 04:32:30,291 - P15228 - INFO - Processando URL 9/12: https://empresasweb.net/emp/camilla-silverio-oliveira-santos-prestacao-de-servicos-medicos-ltda-54482505
2025-05-22 04:32:33,362 - P15228 - INFO - HTML salvo para debug: data\debug_html_v10\4e2355142b063e50b7e29e685b4e194d.html
2025-05-22 04:32:33,377 - P15228 - INFO - Candidates address: 0 items
2025-05-22 04:32:33,378 - P15228 - INFO - Candidates phone: 1 items
2025-05-22 04:32:33,378 - P15228 - INFO - Candidates email: 1 items
2025-05-22 04:32:33,379 - P15228 - INFO - Candidates complement: 0 items
2025-05-22 04:32:33,379 - P15228 - INFO - Candidates cep: 1 items
2025-05-22 04:32:33,379 - P15228 - INFO - Após processar URL 9 Uso de memória: 124.73 MB
2025-05-22 04:32:33,379 - P15228 - INFO - Processando URL 10/12: https://www.portaltransparencia.gov.br/pessoa-fisica/busca/lista
2025-05-22 04:32:36,398 - P15228 - INFO - HTML salvo para debug: data\debug_html_v10\e200cdf64b71d4c9248718dd155b3edb.html
2025-05-22 04:32:36,438 - P15228 - INFO - Candidates address: 0 items
2025-05-22 04:32:36,439 - P15228 - INFO - Candidates phone: 0 items
2025-05-22 04:32:36,439 - P15228 - INFO - Candidates email: 0 items
2025-05-22 04:32:36,439 - P15228 - INFO - Candidates complement: 0 items
2025-05-22 04:32:36,439 - P15228 - INFO - Candidates cep: 0 items
2025-05-22 04:32:36,439 - P15228 - INFO - Após processar URL 10 Uso de memória: 124.74 MB
2025-05-22 04:32:36,439 - P15228 - INFO - Processando URL 11/12: http://www.transparencia.cremerj.org.br:8098/planejamento/registroMedico/pesquisar
2025-05-22 04:32:38,718 - P15228 - INFO - HTML salvo para debug: data\debug_html_v10\19128e1d0b16c1bd37c280ce751655f7.html
2025-05-22 04:32:38,740 - P15228 - INFO - Candidates address: 0 items
2025-05-22 04:32:38,740 - P15228 - INFO - Candidates phone: 1 items
2025-05-22 04:32:38,740 - P15228 - INFO - Candidates email: 0 items
2025-05-22 04:32:38,740 - P15228 - INFO - Candidates complement: 0 items
2025-05-22 04:32:38,741 - P15228 - INFO - Candidates cep: 1 items
2025-05-22 04:32:38,741 - P15228 - INFO - Após processar URL 11 Uso de memória: 124.74 MB
2025-05-22 04:32:38,741 - P15228 - INFO - Processando URL 12/12: https://www.solutudo.com.br/empresas/rj/rio-janeiro/clinica-medica-ou-medicina-interna/camilla-silverio-oliveira-santos-prestacao-de-servicos-medicos-ltda-26129427
2025-05-22 04:32:45,029 - P15228 - INFO - HTML salvo para debug: data\debug_html_v10\7442be7563920aa37b63387b765f8399.html
2025-05-22 04:32:45,068 - P15228 - INFO - Candidates address: 1 items
2025-05-22 04:32:45,068 - P15228 - INFO - Candidates phone: 1 items
2025-05-22 04:32:45,068 - P15228 - INFO - Candidates email: 1 items
2025-05-22 04:32:45,069 - P15228 - INFO - Candidates complement: 0 items
2025-05-22 04:32:45,069 - P15228 - INFO - Candidates cep: 1 items
2025-05-22 04:32:45,069 - P15228 - INFO - Após processar URL 12 Uso de memória: 124.75 MB
2025-05-22 04:32:45,069 - P15228 - INFO - Iniciando agregação e ranqueamento
2025-05-22 04:32:45,069 - P15228 - INFO - Ranked address: 2 items
2025-05-22 04:32:45,069 - P15228 - INFO - Ranked phone: 5 items
2025-05-22 04:32:45,069 - P15228 - INFO - Ranked email: 4 items
2025-05-22 04:32:45,070 - P15228 - INFO - Ranked complement: 1 items
2025-05-22 04:32:45,070 - P15228 - INFO - Ranked cep: 6 items
2025-05-22 04:32:45,070 - P15228 - INFO - Após agregação Uso de memória: 124.75 MB
2025-05-22 04:32:45,070 - P15228 - INFO - Validando endereço: ['Rua Visconde de Caravelas, 20', 'Estrada Do Picapau, 00570']
2025-05-22 04:32:45,070 - P15228 - INFO - Endereço validado: Rua Visconde de Caravelas, 20
2025-05-22 04:32:45,070 - P15228 - INFO - Limpando texto extenso para campo address: Rua Visconde de Caravelas, 20...
2025-05-22 04:32:45,070 - P15228 - INFO - Texto limpo: Rua Visconde de Caravelas, 20
2025-05-22 04:32:45,071 - P15228 - INFO - Validando telefone: ['(21) 9256-4083', '(21)2868-8100', '(21) 99256-4083']
2025-05-22 04:32:45,071 - P15228 - INFO - Limpando texto extenso para campo phone: (21) 9256-4083...
2025-05-22 04:32:45,071 - P15228 - INFO - Texto limpo: 21) 9256-4083
2025-05-22 04:32:45,071 - P15228 - INFO - Telefone validado: 21) 9256-4083
2025-05-22 04:32:45,071 - P15228 - INFO - Validando email: ['camillasosantos@gmail.com', 'cfm@portalmedico.org.br', 'CAMILLASOSANTOS@GMAIL.COM']
2025-05-22 04:32:45,071 - P15228 - INFO - Limpando texto extenso para campo email: camillasosantos@gmail.com...
2025-05-22 04:32:45,072 - P15228 - INFO - Texto limpo: camillasosantos@gmail.com
2025-05-22 04:32:45,072 - P15228 - INFO - Email validado: camillasosantos@gmail.com
2025-05-22 04:32:45,072 - P15228 - INFO - Validando complemento: ['Conjunto D']
2025-05-22 04:32:45,072 - P15228 - INFO - Limpando texto extenso para campo complement: Conjunto D...
2025-05-22 04:32:45,072 - P15228 - INFO - Texto limpo: Conjunto D
2025-05-22 04:32:45,072 - P15228 - INFO - Complemento validado: Conjunto D
2025-05-22 04:32:45,072 - P15228 - INFO - Descobrindo cidade
2025-05-22 04:32:45,072 - P15228 - INFO - Buscando cidade: Rua Visconde de Caravelas cidade RJ
2025-05-22 04:32:47,776 - P15228 - WARNING - Cidade não encontrada
2025-05-22 04:32:47,777 - P15228 - INFO - Cidade descoberta: 
2025-05-22 04:32:47,777 - P15228 - INFO - Tempo de execução de processamento completo do médico: 56.22 segundos
2025-05-22 04:32:47,777 - P15228 - INFO - Resultado processado: {'Hash': 'd763b7546dd3274b144dc1c1168330338e46a384c10efae7f4df0261fb5a4a91', 'CRM': '1121928', 'UF': 'RJ', 'Firstname': 'CAMILLA', 'LastName': 'SILVÉRIO OLIVEIRA SANTOS', 'Medical specialty': '', 'Endereco Completo A1': 'Rua Visconde de Caravelas, 20', 'Address A1': 'Rua Visconde de Caravelas', 'Numero A1': '20', 'Complement A1': 'Conjunto D', 'Bairro A1': '', 'postal code A1': '', 'City A1': '', 'State A1': '', 'Phone A1': '21) 9256-4083', 'Phone A2': '', 'Cell phone A1': '', 'Cell phone A2': '', 'E-mail A1': 'camillasosantos@gmail.com', 'E-mail A2': '', 'OPT-IN': '', 'STATUS': '', 'LOTE': ''}
2025-05-22 04:32:47,778 - P15228 - INFO - Salvando lote de resultados
2025-05-22 04:32:47,778 - P15228 - INFO - Após salvar resultados Uso de memória: 122.87 MB
2025-05-22 04:32:47,779 - P15228 - INFO - Progresso: 71.3%
2025-05-22 04:32:47,779 - P15228 - INFO - Tempo de execução de processamento do médico 3: 56.23 segundos
2025-05-22 04:32:47,779 - P15228 - INFO - Tempo de execução de processamento do lote completo: 192.40 segundos
