2025-05-22 03:41:08,607 - P14756 - INFO - 
==================================================
Processando médico 1/3
2025-05-22 03:41:08,608 - P14756 - INFO - Nome: DIEGO MAGALHÃES SIQUEIRA
2025-05-22 03:41:08,608 - P14756 - INFO - Reiniciando driver do Chrome
2025-05-22 03:41:09,939 - P14756 - INFO - Após reiniciar driver Uso de memória: 119.48 MB
2025-05-22 03:41:09,939 - P14756 - INFO - Início do processamento Uso de memória: 119.48 MB
2025-05-22 03:41:09,939 - P14756 - INFO - Iniciando busca para: DIEGO MAGALHÃES SIQUEIRA CRM 9046 CE telefone e-mail endereço
2025-05-22 03:41:10,719 - P14756 - INFO - SearX results: 15 URLs
2025-05-22 03:41:10,720 - P14756 - INFO - Após SearX Uso de memória: 119.49 MB
2025-05-22 03:41:13,547 - P14756 - INFO - Google results: 9 URLs
2025-05-22 03:41:13,548 - P14756 - INFO - Após Google Uso de memória: 121.97 MB
2025-05-22 03:41:16,192 - P14756 - INFO - Bing results: 10 URLs
2025-05-22 03:41:16,193 - P14756 - INFO - Após Bing Uso de memória: 122.36 MB
2025-05-22 03:41:16,193 - P14756 - INFO - Total de URLs únicas: 25
2025-05-22 03:41:16,193 - P14756 - INFO - Processando URL 1/25: https://www.consultacrm.com.br/index/medicos/uid-96e3b4de-f5c5-11ec-9e74-0a4aa568c625/diego_magalh__es_siqueira
2025-05-22 03:41:20,717 - P14756 - INFO - HTML salvo para debug: data\debug_html_v10\6908077703904cff35a6e8281f349444.html
2025-05-22 03:41:20,734 - P14756 - INFO - Candidates address: 0 items
2025-05-22 03:41:20,734 - P14756 - INFO - Candidates phone: 0 items
2025-05-22 03:41:20,734 - P14756 - INFO - Candidates email: 0 items
2025-05-22 03:41:20,735 - P14756 - INFO - Candidates complement: 0 items
2025-05-22 03:41:20,736 - P14756 - INFO - Candidates cep: 0 items
2025-05-22 03:41:20,737 - P14756 - INFO - Após processar URL 1 Uso de memória: 123.13 MB
2025-05-22 03:41:20,738 - P14756 - INFO - Processando URL 2/25: https://www.sinj.df.gov.br/sinj/BaixarArquivoDiario.aspx?id_file=9d27bdb8-9785-3154-adce-93ea2e7fa1ad
2025-05-22 03:41:23,527 - P14756 - INFO - HTML salvo para debug: data\debug_html_v10\d31033c7e8d0fd022ded07a9acb69b50.html
2025-05-22 03:41:23,527 - P14756 - INFO - Candidates address: 0 items
2025-05-22 03:41:23,527 - P14756 - INFO - Candidates phone: 0 items
2025-05-22 03:41:23,527 - P14756 - INFO - Candidates email: 0 items
2025-05-22 03:41:23,528 - P14756 - INFO - Candidates complement: 0 items
2025-05-22 03:41:23,528 - P14756 - INFO - Candidates cep: 0 items
2025-05-22 03:41:23,528 - P14756 - INFO - Após processar URL 2 Uso de memória: 122.41 MB
2025-05-22 03:41:23,528 - P14756 - INFO - Processando URL 3/25: https://consultacrm.com.br/
2025-05-22 03:41:27,359 - P14756 - INFO - HTML salvo para debug: data\debug_html_v10\65cadeb91ac3713432c21b535990f440.html
2025-05-22 03:41:27,373 - P14756 - INFO - Candidates address: 0 items
2025-05-22 03:41:27,373 - P14756 - INFO - Candidates phone: 0 items
2025-05-22 03:41:27,373 - P14756 - INFO - Candidates email: 0 items
2025-05-22 03:41:27,373 - P14756 - INFO - Candidates complement: 0 items
2025-05-22 03:41:27,373 - P14756 - INFO - Candidates cep: 0 items
2025-05-22 03:41:27,373 - P14756 - INFO - Após processar URL 3 Uso de memória: 122.50 MB
2025-05-22 03:41:27,374 - P14756 - INFO - Processando URL 4/25: https://www.escavador.com/sobre/796159/diego-magalhaes-siqueira
2025-05-22 03:41:29,855 - P14756 - INFO - HTML salvo para debug: data\debug_html_v10\4ff808c5c02183e1e8503569b475da64.html
2025-05-22 03:41:29,876 - P14756 - INFO - Candidates address: 0 items
2025-05-22 03:41:29,876 - P14756 - INFO - Candidates phone: 0 items
2025-05-22 03:41:29,877 - P14756 - INFO - Candidates email: 0 items
2025-05-22 03:41:29,877 - P14756 - INFO - Candidates complement: 0 items
2025-05-22 03:41:29,877 - P14756 - INFO - Candidates cep: 0 items
2025-05-22 03:41:29,877 - P14756 - INFO - Após processar URL 4 Uso de memória: 122.67 MB
2025-05-22 03:41:29,877 - P14756 - INFO - Processando URL 5/25: https://www.doctoralia.com.br/diego-magalhaes-siqueira/medico-clinico-geral/fortaleza
2025-05-22 03:41:29,877 - P14756 - INFO - Ignorando URL de arquivo não-HTML: https://www.doctoralia.com.br/diego-magalhaes-siqueira/medico-clinico-geral/fortaleza
2025-05-22 03:41:29,878 - P14756 - INFO - Após processar URL 5 Uso de memória: 122.67 MB
2025-05-22 03:41:29,878 - P14756 - INFO - Processando URL 6/25: https://sistemas.trf1.jus.br/edj/bitstream/handle/123/100041/Caderno_JUD_DF_2016-03-03_VIII_42.pdf?sequence=4&isAllowed=y
2025-05-22 03:41:29,878 - P14756 - INFO - Ignorando URL de arquivo não-HTML: https://sistemas.trf1.jus.br/edj/bitstream/handle/123/100041/Caderno_JUD_DF_2016-03-03_VIII_42.pdf?sequence=4&isAllowed=y
2025-05-22 03:41:29,878 - P14756 - INFO - Após processar URL 6 Uso de memória: 122.67 MB
2025-05-22 03:41:29,878 - P14756 - INFO - Processando URL 7/25: https://www.gov.br/mme/pt-br/arquivos/do-06-01-2011-s1.pdf
2025-05-22 03:41:29,878 - P14756 - INFO - Ignorando URL de arquivo não-HTML: https://www.gov.br/mme/pt-br/arquivos/do-06-01-2011-s1.pdf
2025-05-22 03:41:29,878 - P14756 - INFO - Após processar URL 7 Uso de memória: 122.67 MB
2025-05-22 03:41:29,879 - P14756 - INFO - Processando URL 8/25: https://osasco.sp.gov.br/site/wp-content/uploads/2022/02/iomo696.pdf
2025-05-22 03:41:29,879 - P14756 - INFO - Ignorando URL de arquivo não-HTML: https://osasco.sp.gov.br/site/wp-content/uploads/2022/02/iomo696.pdf
2025-05-22 03:41:29,879 - P14756 - INFO - Após processar URL 8 Uso de memória: 122.67 MB
2025-05-22 03:41:29,879 - P14756 - INFO - Processando URL 9/25: https://www.doklist.com.br/dok/310266/
2025-05-22 03:41:34,037 - P14756 - INFO - HTML salvo para debug: data\debug_html_v10\b4deb86d600afafb4edcb9c6290f1020.html
2025-05-22 03:41:34,052 - P14756 - INFO - Candidates address: 1 items
2025-05-22 03:41:34,053 - P14756 - INFO - Candidates phone: 1 items
2025-05-22 03:41:34,053 - P14756 - INFO - Candidates email: 1 items
2025-05-22 03:41:34,054 - P14756 - INFO - Candidates complement: 1 items
2025-05-22 03:41:34,055 - P14756 - INFO - Candidates cep: 1 items
2025-05-22 03:41:34,056 - P14756 - INFO - Após processar URL 9 Uso de memória: 122.67 MB
2025-05-22 03:41:34,057 - P14756 - INFO - Processando URL 10/25: https://www.coopanest-ce.com.br/lista-de-profissionais/
2025-05-22 03:41:37,418 - P14756 - INFO - HTML salvo para debug: data\debug_html_v10\e0cf144ed6962b1ada968ab955036df1.html
2025-05-22 03:41:37,652 - P14756 - INFO - Candidates address: 64 items
2025-05-22 03:41:37,658 - P14756 - INFO - Candidates phone: 34 items
2025-05-22 03:41:37,659 - P14756 - INFO - Candidates email: 0 items
2025-05-22 03:41:37,659 - P14756 - INFO - Candidates complement: 10 items
2025-05-22 03:41:37,659 - P14756 - INFO - Candidates cep: 1 items
2025-05-22 03:41:37,659 - P14756 - INFO - Após processar URL 10 Uso de memória: 126.24 MB
2025-05-22 03:41:37,660 - P14756 - INFO - Processando URL 11/25: https://www.boaconsulta.com/especialista/diego-magalhaes-siqueira-6105e380a2e00a670f00030b
2025-05-22 03:41:41,602 - P14756 - INFO - HTML salvo para debug: data\debug_html_v10\ad256d7dd2f61813b8d616fd0745ba0f.html
2025-05-22 03:41:41,644 - P14756 - INFO - Candidates address: 2 items
2025-05-22 03:41:41,645 - P14756 - INFO - Candidates phone: 0 items
2025-05-22 03:41:41,645 - P14756 - INFO - Candidates email: 0 items
2025-05-22 03:41:41,645 - P14756 - INFO - Candidates complement: 0 items
2025-05-22 03:41:41,645 - P14756 - INFO - Candidates cep: 0 items
2025-05-22 03:41:41,645 - P14756 - INFO - Após processar URL 11 Uso de memória: 123.77 MB
2025-05-22 03:41:41,646 - P14756 - INFO - Processando URL 12/25: https://servicos.sjc.sp.gov.br/governo/boletim/boletimPDF/20201218181308a69f4cbf-8563-47c7-87c4-48d4877fd040.pdf
2025-05-22 03:41:41,646 - P14756 - INFO - Ignorando URL de arquivo não-HTML: https://servicos.sjc.sp.gov.br/governo/boletim/boletimPDF/20201218181308a69f4cbf-8563-47c7-87c4-48d4877fd040.pdf
2025-05-22 03:41:41,646 - P14756 - INFO - Após processar URL 12 Uso de memória: 123.77 MB
2025-05-22 03:41:41,646 - P14756 - INFO - Processando URL 13/25: https://cremec.org.br/busca-medicos
2025-05-22 03:41:45,843 - P14756 - INFO - HTML salvo para debug: data\debug_html_v10\3c9ece8b802bc598dd007727d971a7d5.html
2025-05-22 03:41:45,881 - P14756 - INFO - Candidates address: 1 items
2025-05-22 03:41:45,882 - P14756 - INFO - Candidates phone: 1 items
2025-05-22 03:41:45,882 - P14756 - INFO - Candidates email: 1 items
2025-05-22 03:41:45,882 - P14756 - INFO - Candidates complement: 0 items
2025-05-22 03:41:45,882 - P14756 - INFO - Candidates cep: 1 items
2025-05-22 03:41:45,882 - P14756 - INFO - Após processar URL 13 Uso de memória: 123.77 MB
2025-05-22 03:41:45,882 - P14756 - INFO - Processando URL 14/25: https://www.classemedica.com.br/medico/80782-diego-magalhaes-siqueira.htm
2025-05-22 03:41:52,711 - P14756 - INFO - HTML salvo para debug: data\debug_html_v10\9fe877833a3497acc49bf68bada74511.html
2025-05-22 03:41:52,741 - P14756 - INFO - Candidates address: 0 items
2025-05-22 03:41:52,741 - P14756 - INFO - Candidates phone: 0 items
2025-05-22 03:41:52,742 - P14756 - INFO - Candidates email: 0 items
2025-05-22 03:41:52,742 - P14756 - INFO - Candidates complement: 0 items
2025-05-22 03:41:52,742 - P14756 - INFO - Candidates cep: 0 items
2025-05-22 03:41:52,742 - P14756 - INFO - Após processar URL 14 Uso de memória: 123.78 MB
2025-05-22 03:41:52,742 - P14756 - INFO - Processando URL 15/25: https://www.consultacrm.com.br/index/profissionais
2025-05-22 03:41:56,828 - P14756 - INFO - HTML salvo para debug: data\debug_html_v10\ca7ac6c4b85cee4a2c1da9949f895117.html
2025-05-22 03:41:56,840 - P14756 - INFO - Candidates address: 0 items
2025-05-22 03:41:56,843 - P14756 - INFO - Candidates phone: 0 items
2025-05-22 03:41:56,843 - P14756 - INFO - Candidates email: 0 items
2025-05-22 03:41:56,844 - P14756 - INFO - Candidates complement: 0 items
2025-05-22 03:41:56,844 - P14756 - INFO - Candidates cep: 0 items
2025-05-22 03:41:56,844 - P14756 - INFO - Após processar URL 15 Uso de memória: 123.84 MB
2025-05-22 03:41:56,846 - P14756 - INFO - Processando URL 16/25: https://www.issec.ce.gov.br/wp-content/uploads/sites/83/2022/12/guia-issec-digital-2023.pdf
2025-05-22 03:41:56,846 - P14756 - INFO - Ignorando URL de arquivo não-HTML: https://www.issec.ce.gov.br/wp-content/uploads/sites/83/2022/12/guia-issec-digital-2023.pdf
2025-05-22 03:41:56,847 - P14756 - INFO - Após processar URL 16 Uso de memória: 123.84 MB
2025-05-22 03:41:56,847 - P14756 - INFO - Processando URL 17/25: http://www.ioepa.com.br/arquivos/2024/2024.10.09.DOE.pdf
2025-05-22 03:41:56,848 - P14756 - INFO - Ignorando URL de arquivo não-HTML: http://www.ioepa.com.br/arquivos/2024/2024.10.09.DOE.pdf
2025-05-22 03:41:56,849 - P14756 - INFO - Após processar URL 17 Uso de memória: 123.84 MB
2025-05-22 03:41:56,850 - P14756 - INFO - Processando URL 18/25: https://deoab.oab.org.br/assets/diarios/diario-eletronico-oab-02-02-2023.pdf?p=1675382400081
2025-05-22 03:41:56,850 - P14756 - INFO - Ignorando URL de arquivo não-HTML: https://deoab.oab.org.br/assets/diarios/diario-eletronico-oab-02-02-2023.pdf?p=1675382400081
2025-05-22 03:41:56,851 - P14756 - INFO - Após processar URL 18 Uso de memória: 123.84 MB
2025-05-22 03:41:56,851 - P14756 - INFO - Processando URL 19/25: https://www.tjpi.jus.br/diarioeletronico/public/dj160913_8060.pdf
2025-05-22 03:41:56,852 - P14756 - INFO - Ignorando URL de arquivo não-HTML: https://www.tjpi.jus.br/diarioeletronico/public/dj160913_8060.pdf
2025-05-22 03:41:56,852 - P14756 - INFO - Após processar URL 19 Uso de memória: 123.84 MB
2025-05-22 03:41:56,852 - P14756 - INFO - Processando URL 20/25: https://sistemas.tjes.jus.br/ediario/index.php?option=com_ediario&view=contents&layout=fulltext&data=20210517&idorgao=347
2025-05-22 03:42:02,391 - P14756 - INFO - HTML salvo para debug: data\debug_html_v10\66f5b5cdb430a4199e8511ce1ec8842e.html
2025-05-22 03:42:05,072 - P14756 - INFO - Candidates address: 75 items
2025-05-22 03:42:05,072 - P14756 - INFO - Candidates phone: 17 items
2025-05-22 03:42:05,073 - P14756 - INFO - Candidates email: 76 items
2025-05-22 03:42:05,073 - P14756 - INFO - Candidates complement: 11 items
2025-05-22 03:42:05,073 - P14756 - INFO - Candidates cep: 117 items
2025-05-22 03:42:05,073 - P14756 - INFO - Após processar URL 20 Uso de memória: 128.05 MB
2025-05-22 03:42:05,073 - P14756 - INFO - Processando URL 21/25: https://cliniguia.com/profissionais/diego-magalhaes-siqueira-980016004707622/
2025-05-22 03:42:11,010 - P14756 - INFO - HTML salvo para debug: data\debug_html_v10\8713ce7c964c5361605f3cc9675fab64.html
2025-05-22 03:42:11,057 - P14756 - INFO - Candidates address: 0 items
2025-05-22 03:42:11,057 - P14756 - INFO - Candidates phone: 0 items
2025-05-22 03:42:11,058 - P14756 - INFO - Candidates email: 0 items
2025-05-22 03:42:11,058 - P14756 - INFO - Candidates complement: 0 items
2025-05-22 03:42:11,059 - P14756 - INFO - Candidates cep: 0 items
2025-05-22 03:42:11,059 - P14756 - INFO - Após processar URL 21 Uso de memória: 123.54 MB
2025-05-22 03:42:11,060 - P14756 - INFO - Processando URL 22/25: https://deoab.oab.org.br/assets/diarios/diario-eletronico-oab-27-02-2024.pdf
2025-05-22 03:42:11,060 - P14756 - INFO - Ignorando URL de arquivo não-HTML: https://deoab.oab.org.br/assets/diarios/diario-eletronico-oab-27-02-2024.pdf
2025-05-22 03:42:11,061 - P14756 - INFO - Após processar URL 22 Uso de memória: 123.54 MB
2025-05-22 03:42:11,061 - P14756 - INFO - Processando URL 23/25: https://www.anac.gov.br/assuntos/legislacao/legislacao-1/boletim-de-pessoal/2010/19/anexo-i-2013-boletim-de-servico-2013-maio-de-2010
2025-05-22 03:42:13,339 - P14756 - INFO - HTML salvo para debug: data\debug_html_v10\818083687d94da330b32edb165b7bd40.html
2025-05-22 03:42:13,340 - P14756 - INFO - Candidates address: 0 items
2025-05-22 03:42:13,340 - P14756 - INFO - Candidates phone: 0 items
2025-05-22 03:42:13,340 - P14756 - INFO - Candidates email: 0 items
2025-05-22 03:42:13,340 - P14756 - INFO - Candidates complement: 0 items
2025-05-22 03:42:13,341 - P14756 - INFO - Candidates cep: 0 items
2025-05-22 03:42:13,341 - P14756 - INFO - Após processar URL 23 Uso de memória: 123.54 MB
2025-05-22 03:42:13,341 - P14756 - INFO - Processando URL 24/25: https://app.tcema.tc.br/diario/publicacao/pdf/9098
2025-05-22 03:42:18,708 - P14756 - INFO - HTML salvo para debug: data\debug_html_v10\2d92decae06f1f73697920d37cd910da.html
2025-05-22 03:42:18,709 - P14756 - INFO - Candidates address: 0 items
2025-05-22 03:42:18,709 - P14756 - INFO - Candidates phone: 0 items
2025-05-22 03:42:18,709 - P14756 - INFO - Candidates email: 0 items
2025-05-22 03:42:18,709 - P14756 - INFO - Candidates complement: 0 items
2025-05-22 03:42:18,710 - P14756 - INFO - Candidates cep: 0 items
2025-05-22 03:42:18,710 - P14756 - INFO - Após processar URL 24 Uso de memória: 123.54 MB
2025-05-22 03:42:18,710 - P14756 - INFO - Processando URL 25/25: https://www.medicosbrasil.com/profissional/diego-magalhaes-siqueira
2025-05-22 03:42:22,123 - P14756 - INFO - HTML salvo para debug: data\debug_html_v10\9c651243dc79aed258d30762169dcaa6.html
2025-05-22 03:42:22,145 - P14756 - INFO - Candidates address: 0 items
2025-05-22 03:42:22,146 - P14756 - INFO - Candidates phone: 0 items
2025-05-22 03:42:22,147 - P14756 - INFO - Candidates email: 0 items
2025-05-22 03:42:22,147 - P14756 - INFO - Candidates complement: 0 items
2025-05-22 03:42:22,147 - P14756 - INFO - Candidates cep: 0 items
2025-05-22 03:42:22,148 - P14756 - INFO - Após processar URL 25 Uso de memória: 123.54 MB
2025-05-22 03:42:22,148 - P14756 - INFO - Iniciando agregação e ranqueamento
2025-05-22 03:42:22,148 - P14756 - INFO - Ranked address: 143 items
2025-05-22 03:42:22,149 - P14756 - INFO - Ranked phone: 53 items
2025-05-22 03:42:22,149 - P14756 - INFO - Ranked email: 78 items
2025-05-22 03:42:22,149 - P14756 - INFO - Ranked complement: 22 items
2025-05-22 03:42:22,149 - P14756 - INFO - Ranked cep: 120 items
2025-05-22 03:42:22,149 - P14756 - INFO - Após agregação Uso de memória: 123.54 MB
2025-05-22 03:42:22,150 - P14756 - INFO - Validando endereço: ['Rua Francisco Calaca, 1300', 'Av. Dom Luís, 1233', 'Rua Antônio Augusto, 1271']
2025-05-22 03:42:22,150 - P14756 - INFO - Endereço validado: Rua Francisco Calaca, 1300
2025-05-22 03:42:22,151 - P14756 - INFO - Limpando texto extenso para campo address: Rua Francisco Calaca, 1300...
2025-05-22 03:42:22,152 - P14756 - INFO - Texto limpo: Rua Francisco Calaca, 1300
2025-05-22 03:42:22,152 - P14756 - INFO - Validando telefone: ['(85) 3284-4444', '(85) 99921-7411', '(85) 3261-7586']
2025-05-22 03:42:22,152 - P14756 - INFO - Limpando texto extenso para campo phone: (85) 3284-4444...
2025-05-22 03:42:22,152 - P14756 - INFO - Texto limpo: 85) 3284-4444
2025-05-22 03:42:22,153 - P14756 - INFO - Telefone validado: 85) 3284-4444
2025-05-22 03:42:22,153 - P14756 - INFO - Validando email: ['info@doklist.com.br', 'cremec@cremec.org.br', 'inqueritos-vitoria@tjes.jus.br']
2025-05-22 03:42:22,153 - P14756 - INFO - Limpando texto extenso para campo email: info@doklist.com.br...
2025-05-22 03:42:22,154 - P14756 - INFO - Texto limpo: info@doklist.com.br
2025-05-22 03:42:22,154 - P14756 - INFO - Email validado: info@doklist.com.br
2025-05-22 03:42:22,154 - P14756 - INFO - Validando complemento: ['Conjunto\xa0Ceara ', 'Sala 1902 – Edifício Harmony ', 'Sala 402/403 ']
2025-05-22 03:42:22,154 - P14756 - INFO - Limpando texto extenso para campo complement: Conjunto Ceara ...
2025-05-22 03:42:22,154 - P14756 - INFO - Texto limpo: Conjunto Ceara
2025-05-22 03:42:22,155 - P14756 - INFO - Complemento validado: Conjunto Ceara
2025-05-22 03:42:22,155 - P14756 - INFO - Descobrindo cidade
2025-05-22 03:42:22,155 - P14756 - INFO - Buscando cidade: Rua Francisco Calaca cidade CE
2025-05-22 03:42:25,023 - P14756 - INFO - Cidade encontrada: Fortaleza
2025-05-22 03:42:25,024 - P14756 - INFO - Limpando texto extenso para campo city: Fortaleza...
2025-05-22 03:42:25,024 - P14756 - INFO - Texto limpo: Fortaleza
2025-05-22 03:42:25,024 - P14756 - INFO - Cidade descoberta: Fortaleza
2025-05-22 03:42:25,024 - P14756 - INFO - Buscando CEP com sistema de cascata
2025-05-22 03:42:25,024 - P14756 - INFO - Iniciando busca de CEP em cascata para: Rua Francisco Calaca, Fortaleza, CE
2025-05-22 03:42:25,025 - P14756 - INFO - Método 1: ViaCEP API
2025-05-22 03:42:25,025 - P14756 - INFO - Buscando no ViaCEP: https://viacep.com.br/ws/CE/fortaleza/rua%20francisco%20calaca/json/
2025-05-22 03:42:25,731 - P14756 - INFO - Dados encontrados no ViaCEP: {'cep': '60336-045', 'logradouro': 'Rua Francisco Calaça', 'complemento': 'de 1231 ao fim - lado ímpar', 'unidade': '', 'bairro': 'Álvaro Weyne', 'localidade': 'Fortaleza', 'uf': 'CE', 'estado': 'Ceará', 'regiao': 'Nordeste', 'ibge': '2304400', 'gia': '', 'ddd': '85', 'siafi': '1389'}
2025-05-22 03:42:25,734 - P14756 - INFO - CEP encontrado via ViaCEP: 60336-045
2025-05-22 03:42:25,734 - P14756 - INFO - Dados de CEP encontrados: {'cep': '60336-045', 'logradouro': 'Rua Francisco Calaça', 'complemento': 'de 1231 ao fim - lado ímpar', 'unidade': '', 'bairro': 'Álvaro Weyne', 'localidade': 'Fortaleza', 'uf': 'CE', 'estado': 'Ceará', 'regiao': 'Nordeste', 'ibge': '2304400', 'gia': '', 'ddd': '85', 'siafi': '1389'}
2025-05-22 03:42:25,734 - P14756 - INFO - Limpando texto extenso para campo bairro: Álvaro Weyne...
2025-05-22 03:42:25,735 - P14756 - INFO - Texto limpo: Álvaro Weyne
2025-05-22 03:42:25,735 - P14756 - INFO - Limpando texto extenso para campo city: Fortaleza...
2025-05-22 03:42:25,735 - P14756 - INFO - Texto limpo: Fortaleza
2025-05-22 03:42:25,735 - P14756 - INFO - Limpando texto extenso para campo state: CE...
2025-05-22 03:42:25,735 - P14756 - INFO - Texto limpo: CE
2025-05-22 03:42:25,735 - P14756 - INFO - Tempo de execução de processamento completo do médico: 75.80 segundos
2025-05-22 03:42:25,736 - P14756 - INFO - Resultado processado: {'Hash': '5111cec6128aae7ef791b517bce82787d7c1d18f6264be37adbe2451fc52b8de', 'CRM': '9046', 'UF': 'CE', 'Firstname': 'DIEGO', 'LastName': 'MAGALHÃES SIQUEIRA', 'Medical specialty': '', 'Endereco Completo A1': 'Rua Francisco Calaca, 1300', 'Address A1': 'Rua Francisco Calaca', 'Numero A1': '1300', 'Complement A1': 'Conjunto Ceara', 'Bairro A1': 'Álvaro Weyne', 'postal code A1': '60336-045', 'City A1': 'Fortaleza', 'State A1': 'CE', 'Phone A1': '85) 3284-4444', 'Phone A2': '', 'Cell phone A1': '', 'Cell phone A2': '', 'E-mail A1': 'info@doklist.com.br', 'E-mail A2': '', 'OPT-IN': '', 'STATUS': '', 'LOTE': ''}
2025-05-22 03:42:25,737 - P14756 - INFO - Progresso: 53.2%
2025-05-22 03:42:25,738 - P14756 - INFO - Executando coleta de lixo
2025-05-22 03:42:25,842 - P14756 - INFO - Após coleta de lixo Uso de memória: 118.84 MB
2025-05-22 03:42:25,842 - P14756 - INFO - Tempo de execução de processamento do médico 1: 77.23 segundos
2025-05-22 03:42:25,842 - P14756 - INFO - 
==================================================
Processando médico 2/3
2025-05-22 03:42:25,843 - P14756 - INFO - Nome: CRISTIANO MAGALHÃES CLEMENTE
2025-05-22 03:42:25,843 - P14756 - INFO - Início do processamento Uso de memória: 118.84 MB
2025-05-22 03:42:25,843 - P14756 - INFO - Iniciando busca para: CRISTIANO MAGALHÃES CLEMENTE CRM 9869 CE telefone e-mail endereço
2025-05-22 03:42:26,677 - P14756 - INFO - SearX results: 15 URLs
2025-05-22 03:42:26,677 - P14756 - INFO - Após SearX Uso de memória: 118.84 MB
2025-05-22 03:42:29,327 - P14756 - INFO - Google results: 14 URLs
2025-05-22 03:42:29,328 - P14756 - INFO - Após Google Uso de memória: 121.09 MB
2025-05-22 03:42:31,952 - P14756 - INFO - Bing results: 11 URLs
2025-05-22 03:42:31,952 - P14756 - INFO - Após Bing Uso de memória: 121.09 MB
2025-05-22 03:42:31,953 - P14756 - INFO - Total de URLs únicas: 26
2025-05-22 03:42:31,953 - P14756 - INFO - Processando URL 1/26: https://www.diariomunicipal.sc.gov.br/atos/3373339
2025-05-22 03:42:35,469 - P14756 - INFO - HTML salvo para debug: data\debug_html_v10\c4d5cc5564047c19ff8083f82874be00.html
2025-05-22 03:42:36,719 - P14756 - INFO - Candidates address: 11 items
2025-05-22 03:42:36,720 - P14756 - INFO - Candidates phone: 1 items
2025-05-22 03:42:36,720 - P14756 - INFO - Candidates email: 2 items
2025-05-22 03:42:36,720 - P14756 - INFO - Candidates complement: 1 items
2025-05-22 03:42:36,720 - P14756 - INFO - Candidates cep: 1396 items
2025-05-22 03:42:36,720 - P14756 - INFO - Após processar URL 1 Uso de memória: 124.21 MB
2025-05-22 03:42:36,720 - P14756 - INFO - Processando URL 2/26: https://www.escavador.com/sobre/965087/cristiano-magalhaes-clemente
2025-05-22 03:42:40,310 - P14756 - INFO - HTML salvo para debug: data\debug_html_v10\195dae5029d11157da23dd2bebcb972a.html
2025-05-22 03:42:40,325 - P14756 - INFO - Candidates address: 0 items
2025-05-22 03:42:40,325 - P14756 - INFO - Candidates phone: 0 items
2025-05-22 03:42:40,326 - P14756 - INFO - Candidates email: 0 items
2025-05-22 03:42:40,326 - P14756 - INFO - Candidates complement: 0 items
2025-05-22 03:42:40,326 - P14756 - INFO - Candidates cep: 0 items
2025-05-22 03:42:40,326 - P14756 - INFO - Após processar URL 2 Uso de memória: 121.09 MB
2025-05-22 03:42:40,326 - P14756 - INFO - Processando URL 3/26: http://imagens.seplag.ce.gov.br/PDF/20210823/do20210823p02.pdf
2025-05-22 03:42:40,326 - P14756 - INFO - Ignorando URL de arquivo não-HTML: http://imagens.seplag.ce.gov.br/PDF/20210823/do20210823p02.pdf
2025-05-22 03:42:40,327 - P14756 - INFO - Após processar URL 3 Uso de memória: 121.09 MB
2025-05-22 03:42:40,327 - P14756 - INFO - Processando URL 4/26: https://www.bingplaces.com/DashBoard/Edit?Id=YN7993x13936199160235440951&market=pt-BR&src=SERPGB
2025-05-22 03:42:44,755 - P14756 - INFO - HTML salvo para debug: data\debug_html_v10\5110359e12c962c6da7fdf19a0b6c882.html
2025-05-22 03:42:44,774 - P14756 - INFO - Candidates address: 1 items
2025-05-22 03:42:44,774 - P14756 - INFO - Candidates phone: 0 items
2025-05-22 03:42:44,775 - P14756 - INFO - Candidates email: 0 items
2025-05-22 03:42:44,775 - P14756 - INFO - Candidates complement: 0 items
2025-05-22 03:42:44,775 - P14756 - INFO - Candidates cep: 1 items
2025-05-22 03:42:44,776 - P14756 - INFO - Após processar URL 4 Uso de memória: 121.09 MB
2025-05-22 03:42:44,776 - P14756 - INFO - Processando URL 5/26: https://www.consultacrm.com.br/index/medicos/uid-10127ba4-f5c5-11ec-9e74-0a4aa568c625/cristiano_magalh__es_clemente
2025-05-22 03:42:50,763 - P14756 - INFO - HTML salvo para debug: data\debug_html_v10\4f830042a79c1b722fa349ecc1d34165.html
2025-05-22 03:42:50,773 - P14756 - INFO - Candidates address: 0 items
2025-05-22 03:42:50,773 - P14756 - INFO - Candidates phone: 0 items
2025-05-22 03:42:50,774 - P14756 - INFO - Candidates email: 0 items
2025-05-22 03:42:50,774 - P14756 - INFO - Candidates complement: 0 items
2025-05-22 03:42:50,774 - P14756 - INFO - Candidates cep: 0 items
2025-05-22 03:42:50,774 - P14756 - INFO - Após processar URL 5 Uso de memória: 121.09 MB
2025-05-22 03:42:50,774 - P14756 - INFO - Processando URL 6/26: https://www.sinj.df.gov.br/sinj/Diario/8ab937d3-ca8a-3380-b569-8c4633261c6f/DODF%20068%2010-04-2024%20INTEGRA.pdf
2025-05-22 03:42:50,774 - P14756 - INFO - Ignorando URL de arquivo não-HTML: https://www.sinj.df.gov.br/sinj/Diario/8ab937d3-ca8a-3380-b569-8c4633261c6f/DODF%20068%2010-04-2024%20INTEGRA.pdf
2025-05-22 03:42:50,775 - P14756 - INFO - Após processar URL 6 Uso de memória: 121.09 MB
2025-05-22 03:42:50,775 - P14756 - INFO - Processando URL 7/26: https://sistemas.trf1.jus.br/edj/bitstream/handle/123/16422/Caderno_JUD_BA_2019-02-05_XI_22.pdf?sequence=1&isAllowed=y
2025-05-22 03:42:50,775 - P14756 - INFO - Ignorando URL de arquivo não-HTML: https://sistemas.trf1.jus.br/edj/bitstream/handle/123/16422/Caderno_JUD_BA_2019-02-05_XI_22.pdf?sequence=1&isAllowed=y
2025-05-22 03:42:50,775 - P14756 - INFO - Após processar URL 7 Uso de memória: 121.09 MB
2025-05-22 03:42:50,775 - P14756 - INFO - Processando URL 8/26: https://cliniguia.com/unidades/fortaleza-ce/cristiano-magalhaes-clemente-6649718/
2025-05-22 03:42:56,567 - P14756 - INFO - HTML salvo para debug: data\debug_html_v10\c105acff9e8d4588995f8baa69024e5f.html
2025-05-22 03:42:56,619 - P14756 - INFO - Candidates address: 1 items
2025-05-22 03:42:56,619 - P14756 - INFO - Candidates phone: 0 items
2025-05-22 03:42:56,619 - P14756 - INFO - Candidates email: 0 items
2025-05-22 03:42:56,619 - P14756 - INFO - Candidates complement: 0 items
2025-05-22 03:42:56,620 - P14756 - INFO - Candidates cep: 2 items
2025-05-22 03:42:56,620 - P14756 - INFO - Após processar URL 8 Uso de memória: 121.09 MB
2025-05-22 03:42:56,620 - P14756 - INFO - Processando URL 9/26: https://cadastroempresa.com.br/fornecedor/clinica-medica-dr-cristiano-clemente-47162846000191
2025-05-22 03:42:59,296 - P14756 - INFO - HTML salvo para debug: data\debug_html_v10\09e5ca50f1eab4a5cb1ada76026a5778.html
2025-05-22 03:42:59,315 - P14756 - INFO - Candidates address: 0 items
2025-05-22 03:42:59,316 - P14756 - INFO - Candidates phone: 1 items
2025-05-22 03:42:59,316 - P14756 - INFO - Candidates email: 1 items
2025-05-22 03:42:59,316 - P14756 - INFO - Candidates complement: 3 items
2025-05-22 03:42:59,316 - P14756 - INFO - Candidates cep: 2 items
2025-05-22 03:42:59,316 - P14756 - INFO - Após processar URL 9 Uso de memória: 121.09 MB
2025-05-22 03:42:59,316 - P14756 - INFO - Processando URL 10/26: https://cnpj.biz/47162846000191
2025-05-22 03:43:03,697 - P14756 - INFO - HTML salvo para debug: data\debug_html_v10\e4585c4c828e45666f327f2c0773d55f.html
2025-05-22 03:43:03,716 - P14756 - INFO - Candidates address: 2 items
2025-05-22 03:43:03,717 - P14756 - INFO - Candidates phone: 1 items
2025-05-22 03:43:03,717 - P14756 - INFO - Candidates email: 1 items
2025-05-22 03:43:03,717 - P14756 - INFO - Candidates complement: 3 items
2025-05-22 03:43:03,717 - P14756 - INFO - Candidates cep: 2 items
2025-05-22 03:43:03,717 - P14756 - INFO - Após processar URL 10 Uso de memória: 121.09 MB
2025-05-22 03:43:03,717 - P14756 - INFO - Processando URL 11/26: https://pbqp-h.mdr.gov.br/wp-content/uploads/2024/03/Empresas-Certificadas-SIAC-Outubro-a-14-03-2024-Planilha1.csv
2025-05-22 03:43:03,717 - P14756 - INFO - Ignorando URL de arquivo não-HTML: https://pbqp-h.mdr.gov.br/wp-content/uploads/2024/03/Empresas-Certificadas-SIAC-Outubro-a-14-03-2024-Planilha1.csv
2025-05-22 03:43:03,718 - P14756 - INFO - Após processar URL 11 Uso de memória: 121.09 MB
2025-05-22 03:43:03,718 - P14756 - INFO - Processando URL 12/26: https://pbqp-h.mdr.gov.br/wp-content/uploads/2023/09/SiAC-Empresas-Certificadas-maio-a-14092023-site.csv
2025-05-22 03:43:03,718 - P14756 - INFO - Ignorando URL de arquivo não-HTML: https://pbqp-h.mdr.gov.br/wp-content/uploads/2023/09/SiAC-Empresas-Certificadas-maio-a-14092023-site.csv
2025-05-22 03:43:03,718 - P14756 - INFO - Após processar URL 12 Uso de memória: 121.09 MB
2025-05-22 03:43:03,718 - P14756 - INFO - Processando URL 13/26: https://www.medicosbrasil.com/profissional/cristiano-magalhaes-clemente
2025-05-22 03:43:05,952 - P14756 - INFO - HTML salvo para debug: data\debug_html_v10\a1edb5d787fdcb19e9625cea26ca0aea.html
2025-05-22 03:43:05,955 - P14756 - INFO - Candidates address: 0 items
2025-05-22 03:43:05,956 - P14756 - INFO - Candidates phone: 0 items
2025-05-22 03:43:05,956 - P14756 - INFO - Candidates email: 0 items
2025-05-22 03:43:05,957 - P14756 - INFO - Candidates complement: 0 items
2025-05-22 03:43:05,957 - P14756 - INFO - Candidates cep: 0 items
2025-05-22 03:43:05,957 - P14756 - INFO - Após processar URL 13 Uso de memória: 121.09 MB
2025-05-22 03:43:05,960 - P14756 - INFO - Processando URL 14/26: https://web.trf3.jus.br/diario/Consulta/BaixarPdf/3965
2025-05-22 03:43:08,134 - P14756 - INFO - HTML salvo para debug: data\debug_html_v10\cd8d14cd91b0049dcfebfbee8358e978.html
2025-05-22 03:43:08,136 - P14756 - INFO - Candidates address: 0 items
2025-05-22 03:43:08,136 - P14756 - INFO - Candidates phone: 0 items
2025-05-22 03:43:08,136 - P14756 - INFO - Candidates email: 0 items
2025-05-22 03:43:08,137 - P14756 - INFO - Candidates complement: 0 items
2025-05-22 03:43:08,137 - P14756 - INFO - Candidates cep: 0 items
2025-05-22 03:43:08,137 - P14756 - INFO - Após processar URL 14 Uso de memória: 121.09 MB
2025-05-22 03:43:08,137 - P14756 - INFO - Processando URL 15/26: https://www.classemedica.com.br/medico/70003-cristiano-magalhaes-clemente.htm
2025-05-22 03:43:16,859 - P14756 - INFO - HTML salvo para debug: data\debug_html_v10\c76777b3577987a58a58ed88d49f7cd5.html
2025-05-22 03:43:16,890 - P14756 - INFO - Candidates address: 0 items
2025-05-22 03:43:16,890 - P14756 - INFO - Candidates phone: 0 items
2025-05-22 03:43:16,891 - P14756 - INFO - Candidates email: 0 items
2025-05-22 03:43:16,891 - P14756 - INFO - Candidates complement: 0 items
2025-05-22 03:43:16,891 - P14756 - INFO - Candidates cep: 0 items
2025-05-22 03:43:16,891 - P14756 - INFO - Após processar URL 15 Uso de memória: 121.09 MB
2025-05-22 03:43:16,891 - P14756 - INFO - Processando URL 16/26: https://ioepa.com.br/pages/2025/2025.02.28.DOE.pdf
2025-05-22 03:43:16,891 - P14756 - INFO - Ignorando URL de arquivo não-HTML: https://ioepa.com.br/pages/2025/2025.02.28.DOE.pdf
2025-05-22 03:43:16,892 - P14756 - INFO - Após processar URL 16 Uso de memória: 121.09 MB
2025-05-22 03:43:16,892 - P14756 - INFO - Processando URL 17/26: https://pbqp-h.mdr.gov.br/wp-content/uploads/2023/10/Empresas-Certificadas-SIAC-Maio-a-19-10-2023-Planilha1.csv
2025-05-22 03:43:16,892 - P14756 - INFO - Ignorando URL de arquivo não-HTML: https://pbqp-h.mdr.gov.br/wp-content/uploads/2023/10/Empresas-Certificadas-SIAC-Maio-a-19-10-2023-Planilha1.csv
2025-05-22 03:43:16,892 - P14756 - INFO - Após processar URL 17 Uso de memória: 121.09 MB
2025-05-22 03:43:16,892 - P14756 - INFO - Processando URL 18/26: https://web.trf3.jus.br/diario/Consulta/BaixarPdf/15428
2025-05-22 03:43:27,912 - P14756 - INFO - HTML salvo para debug: data\debug_html_v10\116f04491c26ed25ead6916c5d8b0d9d.html
2025-05-22 03:43:27,939 - P14756 - INFO - Candidates address: 0 items
2025-05-22 03:43:27,939 - P14756 - INFO - Candidates phone: 0 items
2025-05-22 03:43:27,939 - P14756 - INFO - Candidates email: 0 items
2025-05-22 03:43:27,939 - P14756 - INFO - Candidates complement: 0 items
2025-05-22 03:43:27,939 - P14756 - INFO - Candidates cep: 0 items
2025-05-22 03:43:27,940 - P14756 - INFO - Após processar URL 18 Uso de memória: 121.09 MB
2025-05-22 03:43:27,940 - P14756 - INFO - Processando URL 19/26: https://www.infosaude.com.br/cnes/340932-cristiano-magalhaes-clemente
2025-05-22 03:43:30,247 - P14756 - INFO - HTML salvo para debug: data\debug_html_v10\5940f452851d9e78a0d1251aeeaa7774.html
2025-05-22 03:43:30,414 - P14756 - INFO - Candidates address: 0 items
2025-05-22 03:43:30,417 - P14756 - INFO - Candidates phone: 1 items
2025-05-22 03:43:30,420 - P14756 - INFO - Candidates email: 0 items
2025-05-22 03:43:30,426 - P14756 - INFO - Candidates complement: 0 items
2025-05-22 03:43:30,428 - P14756 - INFO - Candidates cep: 2 items
2025-05-22 03:43:30,430 - P14756 - INFO - Após processar URL 19 Uso de memória: 113.72 MB
2025-05-22 03:43:30,430 - P14756 - INFO - Processando URL 20/26: https://consultasaj.tjam.jus.br/cdje/downloadCaderno.do?dtDiario=18/02/2013&cdCaderno=2
2025-05-22 03:43:32,859 - P14756 - INFO - HTML salvo para debug: data\debug_html_v10\02ecf273fdcf832f7f63bb26655556ca.html
2025-05-22 03:43:32,883 - P14756 - INFO - Candidates address: 0 items
2025-05-22 03:43:32,883 - P14756 - INFO - Candidates phone: 1 items
2025-05-22 03:43:32,883 - P14756 - INFO - Candidates email: 0 items
2025-05-22 03:43:32,884 - P14756 - INFO - Candidates complement: 0 items
2025-05-22 03:43:32,884 - P14756 - INFO - Candidates cep: 2 items
2025-05-22 03:43:32,884 - P14756 - INFO - Após processar URL 20 Uso de memória: 115.62 MB
2025-05-22 03:43:32,884 - P14756 - INFO - Processando URL 21/26: https://www.boaconsulta.com/especialista/cristiano-magalhaes-clemente-61060001a2e00a75970011c3
2025-05-22 03:43:35,795 - P14756 - INFO - HTML salvo para debug: data\debug_html_v10\10a375de27a8e9b2451a329a9076dfbc.html
2025-05-22 03:43:35,856 - P14756 - INFO - Candidates address: 1 items
2025-05-22 03:43:35,856 - P14756 - INFO - Candidates phone: 0 items
2025-05-22 03:43:35,856 - P14756 - INFO - Candidates email: 0 items
2025-05-22 03:43:35,856 - P14756 - INFO - Candidates complement: 0 items
2025-05-22 03:43:35,856 - P14756 - INFO - Candidates cep: 0 items
2025-05-22 03:43:35,857 - P14756 - INFO - Após processar URL 21 Uso de memória: 118.12 MB
2025-05-22 03:43:35,857 - P14756 - INFO - Processando URL 22/26: https://www.tjpi.jus.br/diarioeletronico/public/dj190603_8681.pdf
2025-05-22 03:43:35,857 - P14756 - INFO - Ignorando URL de arquivo não-HTML: https://www.tjpi.jus.br/diarioeletronico/public/dj190603_8681.pdf
2025-05-22 03:43:35,857 - P14756 - INFO - Após processar URL 22 Uso de memória: 118.12 MB
2025-05-22 03:43:35,857 - P14756 - INFO - Processando URL 23/26: https://www.sinj.df.gov.br/sinj/Diario/6b63132d-ebff-37cd-840d-1de8e434ff38/DODF%20146%2001-08-2017%20INTEGRA.pdf
2025-05-22 03:43:35,857 - P14756 - INFO - Ignorando URL de arquivo não-HTML: https://www.sinj.df.gov.br/sinj/Diario/6b63132d-ebff-37cd-840d-1de8e434ff38/DODF%20146%2001-08-2017%20INTEGRA.pdf
2025-05-22 03:43:35,858 - P14756 - INFO - Após processar URL 23 Uso de memória: 118.12 MB
2025-05-22 03:43:35,858 - P14756 - INFO - Processando URL 24/26: https://www.doctoralia.com.br/cristiano-magalhaes-clemente/psiquiatra/fortaleza
2025-05-22 03:43:35,858 - P14756 - INFO - Ignorando URL de arquivo não-HTML: https://www.doctoralia.com.br/cristiano-magalhaes-clemente/psiquiatra/fortaleza
2025-05-22 03:43:35,858 - P14756 - INFO - Após processar URL 24 Uso de memória: 118.12 MB
2025-05-22 03:43:35,858 - P14756 - INFO - Processando URL 25/26: https://hospitaleclinicas.com.br/cnes/6649718/cristiano-magalhaes-clemente
2025-05-22 03:43:41,043 - P14756 - INFO - HTML salvo para debug: data\debug_html_v10\f511e4fbdb6da8562ce7fca375dd6b41.html
2025-05-22 03:43:41,053 - P14756 - INFO - Candidates address: 0 items
2025-05-22 03:43:41,053 - P14756 - INFO - Candidates phone: 0 items
2025-05-22 03:43:41,053 - P14756 - INFO - Candidates email: 1 items
2025-05-22 03:43:41,053 - P14756 - INFO - Candidates complement: 0 items
2025-05-22 03:43:41,054 - P14756 - INFO - Candidates cep: 2 items
2025-05-22 03:43:41,054 - P14756 - INFO - Após processar URL 25 Uso de memória: 118.47 MB
2025-05-22 03:43:41,054 - P14756 - INFO - Processando URL 26/26: https://www.catalogo.med.br/doutor/cristiano-magalhaes-clemente-1975512.htm
2025-05-22 03:43:43,221 - P14756 - INFO - HTML salvo para debug: data\debug_html_v10\a38db6284a47e5a578ca8ec774ce047a.html
2025-05-22 03:43:43,222 - P14756 - INFO - Candidates address: 0 items
2025-05-22 03:43:43,222 - P14756 - INFO - Candidates phone: 0 items
2025-05-22 03:43:43,222 - P14756 - INFO - Candidates email: 0 items
2025-05-22 03:43:43,223 - P14756 - INFO - Candidates complement: 0 items
2025-05-22 03:43:43,223 - P14756 - INFO - Candidates cep: 0 items
2025-05-22 03:43:43,223 - P14756 - INFO - Após processar URL 26 Uso de memória: 118.47 MB
2025-05-22 03:43:43,223 - P14756 - INFO - Iniciando agregação e ranqueamento
2025-05-22 03:43:43,224 - P14756 - INFO - Ranked address: 15 items
2025-05-22 03:43:43,224 - P14756 - INFO - Ranked phone: 3 items
2025-05-22 03:43:43,224 - P14756 - INFO - Ranked email: 4 items
2025-05-22 03:43:43,224 - P14756 - INFO - Ranked complement: 6 items
2025-05-22 03:43:43,225 - P14756 - INFO - Ranked cep: 1400 items
2025-05-22 03:43:43,226 - P14756 - INFO - Após agregação Uso de memória: 118.51 MB
2025-05-22 03:43:43,226 - P14756 - INFO - Validando endereço: ['Rua Osvaldo Cruz, 3041', 'Rua Ernani Cotrin, 601', 'R.M. GUIORZI E FRANCISCO C. GARCIA 3684']
2025-05-22 03:43:43,226 - P14756 - INFO - Endereço validado: Rua Osvaldo Cruz, 3041
2025-05-22 03:43:43,226 - P14756 - INFO - Limpando texto extenso para campo address: Rua Osvaldo Cruz, 3041...
2025-05-22 03:43:43,227 - P14756 - INFO - Texto limpo: Rua Osvaldo Cruz, 3041
2025-05-22 03:43:43,227 - P14756 - INFO - Validando telefone: ['(85) 2181-5963', '32277636', '(48) 3355-8100']
2025-05-22 03:43:43,227 - P14756 - INFO - Limpando texto extenso para campo phone: (85) 2181-5963...
2025-05-22 03:43:43,228 - P14756 - INFO - Texto limpo: 85) 2181-5963
2025-05-22 03:43:43,228 - P14756 - INFO - Telefone validado: 85) 2181-5963
2025-05-22 03:43:43,228 - P14756 - INFO - Validando email: ['registro@multmediccontas.com', 'tributos@imbituba.sc.gov.br', 'dom@consorciociga.gov.br']
2025-05-22 03:43:43,229 - P14756 - INFO - Limpando texto extenso para campo email: registro@multmediccontas.com...
2025-05-22 03:43:43,229 - P14756 - INFO - Texto limpo: registro@multmediccontas.com
2025-05-22 03:43:43,229 - P14756 - INFO - Email validado: registro@multmediccontas.com
2025-05-22 03:43:43,229 - P14756 - INFO - Validando complemento: ['Sala 821  Dionisio Torres  Fortaleza CE  60135-238    ', 'Sala 102 CEP 88070-800 - Florianópolis/SC ', 'Sala 821  Clique para copiar         Bairro:  Dionisio']
2025-05-22 03:43:43,229 - P14756 - INFO - Limpando texto extenso para campo complement: Sala 821  Dionisio Torres  Fortaleza CE  60135-238...
2025-05-22 03:43:43,230 - P14756 - INFO - Texto limpo: Sala 821 Dionisio Torres For
2025-05-22 03:43:43,230 - P14756 - INFO - Complemento validado: Sala 821 Dionisio Torres For
2025-05-22 03:43:43,230 - P14756 - INFO - Descobrindo cidade
2025-05-22 03:43:43,230 - P14756 - INFO - Buscando cidade: Rua Osvaldo Cruz cidade CE
2025-05-22 03:43:45,562 - P14756 - INFO - Cidade encontrada: Fortaleza
2025-05-22 03:43:45,563 - P14756 - INFO - Limpando texto extenso para campo city: Fortaleza...
2025-05-22 03:43:45,563 - P14756 - INFO - Texto limpo: Fortaleza
2025-05-22 03:43:45,563 - P14756 - INFO - Cidade descoberta: Fortaleza
2025-05-22 03:43:45,564 - P14756 - INFO - Buscando CEP com sistema de cascata
2025-05-22 03:43:45,564 - P14756 - INFO - Iniciando busca de CEP em cascata para: Rua Osvaldo Cruz, Fortaleza, CE
2025-05-22 03:43:45,565 - P14756 - INFO - Método 1: ViaCEP API
2025-05-22 03:43:45,565 - P14756 - INFO - Dados encontrados no cache: {'cep': '60125-048', 'logradouro': 'Rua Osvaldo Cruz', 'complemento': 'de 831/832 a 2069/2070', 'unidade': '', 'bairro': 'Aldeota', 'localidade': 'Fortaleza', 'uf': 'CE', 'estado': 'Ceará', 'regiao': 'Nordeste', 'ibge': '2304400', 'gia': '', 'ddd': '85', 'siafi': '1389'}
2025-05-22 03:43:45,566 - P14756 - INFO - CEP encontrado via ViaCEP: 60125-048
2025-05-22 03:43:45,567 - P14756 - INFO - Dados de CEP encontrados: {'cep': '60125-048', 'logradouro': 'Rua Osvaldo Cruz', 'complemento': 'de 831/832 a 2069/2070', 'unidade': '', 'bairro': 'Aldeota', 'localidade': 'Fortaleza', 'uf': 'CE', 'estado': 'Ceará', 'regiao': 'Nordeste', 'ibge': '2304400', 'gia': '', 'ddd': '85', 'siafi': '1389'}
2025-05-22 03:43:45,567 - P14756 - INFO - Limpando texto extenso para campo bairro: Aldeota...
2025-05-22 03:43:45,571 - P14756 - INFO - Texto limpo: Aldeota
2025-05-22 03:43:45,572 - P14756 - INFO - Limpando texto extenso para campo city: Fortaleza...
2025-05-22 03:43:45,572 - P14756 - INFO - Texto limpo: Fortaleza
2025-05-22 03:43:45,575 - P14756 - INFO - Limpando texto extenso para campo state: CE...
2025-05-22 03:43:45,575 - P14756 - INFO - Texto limpo: CE
2025-05-22 03:43:45,577 - P14756 - INFO - Tempo de execução de processamento completo do médico: 79.73 segundos
2025-05-22 03:43:45,582 - P14756 - INFO - Resultado processado: {'Hash': '33c116601af4c78eb79894d44404d75c96f688a405d05e07662a99dc2d799bb9', 'CRM': '9869', 'UF': 'CE', 'Firstname': 'CRISTIANO', 'LastName': 'MAGALHÃES CLEMENTE', 'Medical specialty': '', 'Endereco Completo A1': 'Rua Osvaldo Cruz, 3041', 'Address A1': 'Rua Osvaldo Cruz', 'Numero A1': '3041', 'Complement A1': 'Sala 821 Dionisio Torres For', 'Bairro A1': 'Aldeota', 'postal code A1': '60125-048', 'City A1': 'Fortaleza', 'State A1': 'CE', 'Phone A1': '85) 2181-5963', 'Phone A2': '', 'Cell phone A1': '', 'Cell phone A2': '', 'E-mail A1': 'registro@multmediccontas.com', 'E-mail A2': '', 'OPT-IN': '', 'STATUS': '', 'LOTE': ''}
2025-05-22 03:43:45,585 - P14756 - INFO - Progresso: 53.6%
2025-05-22 03:43:45,585 - P14756 - INFO - Tempo de execução de processamento do médico 2: 79.74 segundos
2025-05-22 03:43:45,587 - P14756 - INFO - 
==================================================
Processando médico 3/3
2025-05-22 03:43:45,588 - P14756 - INFO - Nome: ANDRÉ PEREIRA CABRAL
2025-05-22 03:43:45,589 - P14756 - INFO - Início do processamento Uso de memória: 110.38 MB
2025-05-22 03:43:45,589 - P14756 - INFO - Iniciando busca para: ANDRÉ PEREIRA CABRAL CRM 10180 CE telefone e-mail endereço
2025-05-22 03:43:46,372 - P14756 - INFO - SearX results: 15 URLs
2025-05-22 03:43:46,373 - P14756 - INFO - Após SearX Uso de memória: 110.38 MB
2025-05-22 03:43:49,112 - P14756 - INFO - Google results: 15 URLs
2025-05-22 03:43:49,112 - P14756 - INFO - Após Google Uso de memória: 114.40 MB
2025-05-22 03:43:51,589 - P14756 - INFO - Bing results: 9 URLs
2025-05-22 03:43:51,589 - P14756 - INFO - Após Bing Uso de memória: 117.13 MB
2025-05-22 03:43:51,589 - P14756 - INFO - Total de URLs únicas: 30
2025-05-22 03:43:51,589 - P14756 - INFO - Processando URL 1/30: https://portal-api.campinas.sp.gov.br/sites/default/files/publicacoes-dom/dom/823642174.pdf
2025-05-22 03:43:51,590 - P14756 - INFO - Ignorando URL de arquivo não-HTML: https://portal-api.campinas.sp.gov.br/sites/default/files/publicacoes-dom/dom/823642174.pdf
2025-05-22 03:43:51,590 - P14756 - INFO - Após processar URL 1 Uso de memória: 117.13 MB
2025-05-22 03:43:51,590 - P14756 - INFO - Processando URL 2/30: https://www.helpsaude.com/Andre-Pereira-Cabral.CE
2025-05-22 03:43:58,603 - P14756 - INFO - HTML salvo para debug: data\debug_html_v10\80bec91b547130b554a975ad352af8a9.html
2025-05-22 03:43:58,617 - P14756 - INFO - Candidates address: 1 items
2025-05-22 03:43:58,617 - P14756 - INFO - Candidates phone: 0 items
2025-05-22 03:43:58,617 - P14756 - INFO - Candidates email: 0 items
2025-05-22 03:43:58,617 - P14756 - INFO - Candidates complement: 0 items
2025-05-22 03:43:58,618 - P14756 - INFO - Candidates cep: 1 items
2025-05-22 03:43:58,618 - P14756 - INFO - Após processar URL 2 Uso de memória: 117.61 MB
2025-05-22 03:43:58,618 - P14756 - INFO - Processando URL 3/30: https://www.imprensaoficial.al.gov.br/storage/files/diary/2022/06/doeal-2022-06-01-completo-7uv8mppclja-xnl8fgksve8dpjqgxehbodk1bv64hkfl19zas37ds.pdf
2025-05-22 03:43:58,618 - P14756 - INFO - Ignorando URL de arquivo não-HTML: https://www.imprensaoficial.al.gov.br/storage/files/diary/2022/06/doeal-2022-06-01-completo-7uv8mppclja-xnl8fgksve8dpjqgxehbodk1bv64hkfl19zas37ds.pdf
2025-05-22 03:43:58,619 - P14756 - INFO - Após processar URL 3 Uso de memória: 117.61 MB
2025-05-22 03:43:58,619 - P14756 - INFO - Processando URL 4/30: http://www.transparencia.mpf.mp.br/conteudo/diarios-e-boletins/diario-eletronico-dmpf-e/2024/DMPF-ADMINISTRATIVO-2024-07-26.pdf
2025-05-22 03:43:58,619 - P14756 - INFO - Ignorando URL de arquivo não-HTML: http://www.transparencia.mpf.mp.br/conteudo/diarios-e-boletins/diario-eletronico-dmpf-e/2024/DMPF-ADMINISTRATIVO-2024-07-26.pdf
2025-05-22 03:43:58,619 - P14756 - INFO - Após processar URL 4 Uso de memória: 117.61 MB
2025-05-22 03:43:58,619 - P14756 - INFO - Processando URL 5/30: https://deoab.oab.org.br/assets/diarios/diario-eletronico-oab-22-04-2021.pdf?p=1619222400041
2025-05-22 03:43:58,620 - P14756 - INFO - Ignorando URL de arquivo não-HTML: https://deoab.oab.org.br/assets/diarios/diario-eletronico-oab-22-04-2021.pdf?p=1619222400041
2025-05-22 03:43:58,620 - P14756 - INFO - Após processar URL 5 Uso de memória: 117.61 MB
2025-05-22 03:43:58,620 - P14756 - INFO - Processando URL 6/30: https://www.escavador.com/sobre/576854/andre-pereira-cabral
2025-05-22 03:44:01,815 - P14756 - INFO - HTML salvo para debug: data\debug_html_v10\988b40856c62a4260d3cad9fef80161a.html
2025-05-22 03:44:01,831 - P14756 - INFO - Candidates address: 0 items
2025-05-22 03:44:01,831 - P14756 - INFO - Candidates phone: 0 items
2025-05-22 03:44:01,831 - P14756 - INFO - Candidates email: 0 items
2025-05-22 03:44:01,832 - P14756 - INFO - Candidates complement: 0 items
2025-05-22 03:44:01,832 - P14756 - INFO - Candidates cep: 0 items
2025-05-22 03:44:01,832 - P14756 - INFO - Após processar URL 6 Uso de memória: 117.77 MB
2025-05-22 03:44:01,832 - P14756 - INFO - Processando URL 7/30: https://doe.tce.am.gov.br/wp-content/uploads/2021/09/Edicao-de-n%C2%B02622-de-16-de-setembro-de-2021.pdf
2025-05-22 03:44:01,832 - P14756 - INFO - Ignorando URL de arquivo não-HTML: https://doe.tce.am.gov.br/wp-content/uploads/2021/09/Edicao-de-n%C2%B02622-de-16-de-setembro-de-2021.pdf
2025-05-22 03:44:01,833 - P14756 - INFO - Após processar URL 7 Uso de memória: 117.77 MB
2025-05-22 03:44:01,833 - P14756 - INFO - Processando URL 8/30: https://www.ioepa.com.br/pages/2016/2016.11.04.DOE.pdf
2025-05-22 03:44:01,833 - P14756 - INFO - Ignorando URL de arquivo não-HTML: https://www.ioepa.com.br/pages/2016/2016.11.04.DOE.pdf
2025-05-22 03:44:01,833 - P14756 - INFO - Após processar URL 8 Uso de memória: 117.77 MB
2025-05-22 03:44:01,833 - P14756 - INFO - Processando URL 9/30: https://www.gov.br/agricultura/pt-br/assuntos/politica-agricola/todas-publicacoes-de-politica-agricola/revista-de-politica-agricola/2023/revista-de-politica-agricola-no-1-2023.pdf
2025-05-22 03:44:01,834 - P14756 - INFO - Ignorando URL de arquivo não-HTML: https://www.gov.br/agricultura/pt-br/assuntos/politica-agricola/todas-publicacoes-de-politica-agricola/revista-de-politica-agricola/2023/revista-de-politica-agricola-no-1-2023.pdf
2025-05-22 03:44:01,834 - P14756 - INFO - Após processar URL 9 Uso de memória: 117.77 MB
2025-05-22 03:44:01,835 - P14756 - INFO - Processando URL 10/30: https://www.medicosbrasil.com/profissional/daniel-ricardo-pereira-cabral
2025-05-22 03:44:04,024 - P14756 - INFO - HTML salvo para debug: data\debug_html_v10\a646137a3fd3782e51af47e195acb1e2.html
2025-05-22 03:44:04,026 - P14756 - INFO - Candidates address: 0 items
2025-05-22 03:44:04,026 - P14756 - INFO - Candidates phone: 0 items
2025-05-22 03:44:04,027 - P14756 - INFO - Candidates email: 0 items
2025-05-22 03:44:04,027 - P14756 - INFO - Candidates complement: 0 items
2025-05-22 03:44:04,027 - P14756 - INFO - Candidates cep: 0 items
2025-05-22 03:44:04,027 - P14756 - INFO - Após processar URL 10 Uso de memória: 117.87 MB
2025-05-22 03:44:04,027 - P14756 - INFO - Processando URL 11/30: https://www.consultacrm.com.br/index/medicos/uid-815d1bcf-f5c5-11ec-9e74-0a4aa568c625/andr___pereira_cabral
2025-05-22 03:44:08,555 - P14756 - INFO - HTML salvo para debug: data\debug_html_v10\2c881e8f04c51d138dde7e0a90cab174.html
2025-05-22 03:44:08,566 - P14756 - INFO - Candidates address: 0 items
2025-05-22 03:44:08,567 - P14756 - INFO - Candidates phone: 0 items
2025-05-22 03:44:08,570 - P14756 - INFO - Candidates email: 0 items
2025-05-22 03:44:08,570 - P14756 - INFO - Candidates complement: 0 items
2025-05-22 03:44:08,571 - P14756 - INFO - Candidates cep: 0 items
2025-05-22 03:44:08,571 - P14756 - INFO - Após processar URL 11 Uso de memória: 118.55 MB
2025-05-22 03:44:08,573 - P14756 - INFO - Processando URL 12/30: https://portal.tjpr.jus.br/e-dj/publico/diario/baixar.do;jsessionid=909ad427698a15824b91c5d32255?tjpr.url.crypto=9e1fc2ce3dc2b7bf5aa4ef22398087e31772d2855b57a12ec00ed3382c4c4543
2025-05-22 03:44:10,866 - P14756 - INFO - HTML salvo para debug: data\debug_html_v10\37b7bc550f3046412f7dc14987f2dd88.html
2025-05-22 03:44:10,866 - P14756 - INFO - Candidates address: 0 items
2025-05-22 03:44:10,866 - P14756 - INFO - Candidates phone: 0 items
2025-05-22 03:44:10,867 - P14756 - INFO - Candidates email: 0 items
2025-05-22 03:44:10,867 - P14756 - INFO - Candidates complement: 0 items
2025-05-22 03:44:10,867 - P14756 - INFO - Candidates cep: 0 items
2025-05-22 03:44:10,867 - P14756 - INFO - Após processar URL 12 Uso de memória: 118.55 MB
2025-05-22 03:44:10,867 - P14756 - INFO - Processando URL 13/30: https://www.medicosbrasil.com/profissional/andre-pereira-cabral
2025-05-22 03:44:13,004 - P14756 - INFO - HTML salvo para debug: data\debug_html_v10\b0dcf4caed6f1645dada43047f32cdbe.html
2025-05-22 03:44:13,006 - P14756 - INFO - Candidates address: 0 items
2025-05-22 03:44:13,009 - P14756 - INFO - Candidates phone: 0 items
2025-05-22 03:44:13,009 - P14756 - INFO - Candidates email: 0 items
2025-05-22 03:44:13,009 - P14756 - INFO - Candidates complement: 0 items
2025-05-22 03:44:13,010 - P14756 - INFO - Candidates cep: 0 items
2025-05-22 03:44:13,010 - P14756 - INFO - Após processar URL 13 Uso de memória: 118.55 MB
2025-05-22 03:44:13,010 - P14756 - INFO - Processando URL 14/30: https://www.boaconsulta.com/especialista/andre-pereira-cabral-6105e41ba2e00a66e90012e0
2025-05-22 03:44:16,179 - P14756 - INFO - HTML salvo para debug: data\debug_html_v10\57dfab06f849761162f3c375a79219ae.html
2025-05-22 03:44:16,294 - P14756 - INFO - Candidates address: 4 items
2025-05-22 03:44:16,305 - P14756 - INFO - Candidates phone: 0 items
2025-05-22 03:44:16,306 - P14756 - INFO - Candidates email: 0 items
2025-05-22 03:44:16,306 - P14756 - INFO - Candidates complement: 0 items
2025-05-22 03:44:16,313 - P14756 - INFO - Candidates cep: 0 items
2025-05-22 03:44:16,318 - P14756 - INFO - Após processar URL 14 Uso de memória: 119.77 MB
2025-05-22 03:44:16,319 - P14756 - INFO - Processando URL 15/30: https://me.med.br/dr-andre-pereira-cabral/
2025-05-22 03:44:19,884 - P14756 - INFO - HTML salvo para debug: data\debug_html_v10\702fc0e29d3a6559614dcf445a60f973.html
2025-05-22 03:44:19,914 - P14756 - INFO - Candidates address: 1 items
2025-05-22 03:44:19,915 - P14756 - INFO - Candidates phone: 4 items
2025-05-22 03:44:19,915 - P14756 - INFO - Candidates email: 0 items
2025-05-22 03:44:19,915 - P14756 - INFO - Candidates complement: 0 items
2025-05-22 03:44:19,915 - P14756 - INFO - Candidates cep: 1 items
2025-05-22 03:44:19,915 - P14756 - INFO - Após processar URL 15 Uso de memória: 119.86 MB
2025-05-22 03:44:19,916 - P14756 - INFO - Processando URL 16/30: https://cremec.org.br/busca-medicos
2025-05-22 03:44:23,849 - P14756 - INFO - HTML salvo para debug: data\debug_html_v10\3c9ece8b802bc598dd007727d971a7d5.html
2025-05-22 03:44:23,884 - P14756 - INFO - Candidates address: 1 items
2025-05-22 03:44:23,884 - P14756 - INFO - Candidates phone: 1 items
2025-05-22 03:44:23,884 - P14756 - INFO - Candidates email: 1 items
2025-05-22 03:44:23,885 - P14756 - INFO - Candidates complement: 0 items
2025-05-22 03:44:23,885 - P14756 - INFO - Candidates cep: 1 items
2025-05-22 03:44:23,885 - P14756 - INFO - Após processar URL 16 Uso de memória: 120.02 MB
2025-05-22 03:44:23,885 - P14756 - INFO - Processando URL 17/30: http://www.guiareunimedicos.med.br/c/ce/fortaleza/neurologia-pediatrica/andre-pereira-cabral-1994605.htm
2025-05-22 03:44:26,062 - P14756 - INFO - HTML salvo para debug: data\debug_html_v10\9e75bf6dc8a99e55c365954d4a21b720.html
2025-05-22 03:44:26,063 - P14756 - INFO - Candidates address: 0 items
2025-05-22 03:44:26,064 - P14756 - INFO - Candidates phone: 0 items
2025-05-22 03:44:26,064 - P14756 - INFO - Candidates email: 0 items
2025-05-22 03:44:26,064 - P14756 - INFO - Candidates complement: 0 items
2025-05-22 03:44:26,065 - P14756 - INFO - Candidates cep: 0 items
2025-05-22 03:44:26,065 - P14756 - INFO - Após processar URL 17 Uso de memória: 120.02 MB
2025-05-22 03:44:26,065 - P14756 - INFO - Processando URL 18/30: https://www.doctoralia.com.br/andre-cabral-2/neurologista-pediatrico-pediatra/fortaleza
2025-05-22 03:44:26,065 - P14756 - INFO - Ignorando URL de arquivo não-HTML: https://www.doctoralia.com.br/andre-cabral-2/neurologista-pediatrico-pediatra/fortaleza
2025-05-22 03:44:26,065 - P14756 - INFO - Após processar URL 18 Uso de memória: 120.02 MB
2025-05-22 03:44:26,066 - P14756 - INFO - Processando URL 19/30: https://acervo.arquivopublico.sc.gov.br/uploads/r/arquivo-publico-do-estado-de-santa-catarina-apesc/3/d/9/3d998d8f3a7c913cdf4f9a26dab02a8015856004d1cb5c858bfbec14c03789cd/215477f2-4ecd-4280-8fea-6077aba4c491-15755-DOE_18380_13_06_2008_60F.pdf
2025-05-22 03:44:26,066 - P14756 - INFO - Ignorando URL de arquivo não-HTML: https://acervo.arquivopublico.sc.gov.br/uploads/r/arquivo-publico-do-estado-de-santa-catarina-apesc/3/d/9/3d998d8f3a7c913cdf4f9a26dab02a8015856004d1cb5c858bfbec14c03789cd/215477f2-4ecd-4280-8fea-6077aba4c491-15755-DOE_18380_13_06_2008_60F.pdf
2025-05-22 03:44:26,066 - P14756 - INFO - Após processar URL 19 Uso de memória: 120.02 MB
2025-05-22 03:44:26,066 - P14756 - INFO - Processando URL 20/30: https://sistemas.trf1.jus.br/edj/bitstream/handle/123/65099/Caderno_JUD_GO_2015-10-22_VII_199.pdf?sequence=1&isAllowed=y
2025-05-22 03:44:26,066 - P14756 - INFO - Ignorando URL de arquivo não-HTML: https://sistemas.trf1.jus.br/edj/bitstream/handle/123/65099/Caderno_JUD_GO_2015-10-22_VII_199.pdf?sequence=1&isAllowed=y
2025-05-22 03:44:26,067 - P14756 - INFO - Após processar URL 20 Uso de memória: 120.02 MB
2025-05-22 03:44:26,067 - P14756 - INFO - Processando URL 21/30: https://somos.ufmg.br/professor/andre-luiz-dos-santos-cabral
2025-05-22 03:44:30,680 - P14756 - INFO - HTML salvo para debug: data\debug_html_v10\3c32bdf72e926b866d647d024a7992a6.html
2025-05-22 03:44:30,823 - P14756 - INFO - Candidates address: 0 items
2025-05-22 03:44:30,823 - P14756 - INFO - Candidates phone: 0 items
2025-05-22 03:44:30,824 - P14756 - INFO - Candidates email: 0 items
2025-05-22 03:44:30,824 - P14756 - INFO - Candidates complement: 0 items
2025-05-22 03:44:30,824 - P14756 - INFO - Candidates cep: 19 items
2025-05-22 03:44:30,825 - P14756 - INFO - Após processar URL 21 Uso de memória: 120.05 MB
2025-05-22 03:44:30,825 - P14756 - INFO - Processando URL 22/30: https://acervo.arquivopublico.sc.gov.br/uploads/r/arquivo-publico-do-estado-de-santa-catarina-apesc/2/d/c/2dc9244049995e4866fc87d59067a76c742dd08040ae334063b460f5e904e83e/f7e256cc-a759-4566-9e00-9597ba36c998-14116-DOE_18844_11_05_2010_56F.pdf
2025-05-22 03:44:30,827 - P14756 - INFO - Ignorando URL de arquivo não-HTML: https://acervo.arquivopublico.sc.gov.br/uploads/r/arquivo-publico-do-estado-de-santa-catarina-apesc/2/d/c/2dc9244049995e4866fc87d59067a76c742dd08040ae334063b460f5e904e83e/f7e256cc-a759-4566-9e00-9597ba36c998-14116-DOE_18844_11_05_2010_56F.pdf
2025-05-22 03:44:30,829 - P14756 - INFO - Após processar URL 22 Uso de memória: 120.05 MB
2025-05-22 03:44:30,831 - P14756 - INFO - Processando URL 23/30: https://cliniguia.com/profissionais/andre-pereira-cabral-980016281111945/
2025-05-22 03:44:35,785 - P14756 - INFO - HTML salvo para debug: data\debug_html_v10\11114b2a0a449125c6bead769fc9b83b.html
2025-05-22 03:44:35,825 - P14756 - INFO - Candidates address: 0 items
2025-05-22 03:44:35,825 - P14756 - INFO - Candidates phone: 0 items
2025-05-22 03:44:35,825 - P14756 - INFO - Candidates email: 0 items
2025-05-22 03:44:35,825 - P14756 - INFO - Candidates complement: 0 items
2025-05-22 03:44:35,825 - P14756 - INFO - Candidates cep: 0 items
2025-05-22 03:44:35,826 - P14756 - INFO - Após processar URL 23 Uso de memória: 120.16 MB
2025-05-22 03:44:35,826 - P14756 - INFO - Processando URL 24/30: https://deoab.oab.org.br/assets/diarios/diario-eletronico-oab-30-03-2021.pdf
2025-05-22 03:44:35,826 - P14756 - INFO - Ignorando URL de arquivo não-HTML: https://deoab.oab.org.br/assets/diarios/diario-eletronico-oab-30-03-2021.pdf
2025-05-22 03:44:35,826 - P14756 - INFO - Após processar URL 24 Uso de memória: 120.16 MB
2025-05-22 03:44:35,826 - P14756 - INFO - Processando URL 25/30: https://www.altafloresta.mt.gov.br/fotos_noticias_downloads/109.pdf
2025-05-22 03:44:35,826 - P14756 - INFO - Ignorando URL de arquivo não-HTML: https://www.altafloresta.mt.gov.br/fotos_noticias_downloads/109.pdf
2025-05-22 03:44:35,826 - P14756 - INFO - Após processar URL 25 Uso de memória: 120.16 MB
2025-05-22 03:44:35,827 - P14756 - INFO - Processando URL 26/30: https://portal-api.campinas.sp.gov.br/sites/default/files/publicacoes-dom/dom/1920151290.pdf
2025-05-22 03:44:35,827 - P14756 - INFO - Ignorando URL de arquivo não-HTML: https://portal-api.campinas.sp.gov.br/sites/default/files/publicacoes-dom/dom/1920151290.pdf
2025-05-22 03:44:35,827 - P14756 - INFO - Após processar URL 26 Uso de memória: 120.16 MB
2025-05-22 03:44:35,827 - P14756 - INFO - Processando URL 27/30: https://www.doklist.com.br/dok/256879/
2025-05-22 03:44:39,468 - P14756 - INFO - HTML salvo para debug: data\debug_html_v10\aab52b5105f7904059a0e6c80e8beee4.html
2025-05-22 03:44:39,480 - P14756 - INFO - Candidates address: 1 items
2025-05-22 03:44:39,481 - P14756 - INFO - Candidates phone: 1 items
2025-05-22 03:44:39,481 - P14756 - INFO - Candidates email: 1 items
2025-05-22 03:44:39,481 - P14756 - INFO - Candidates complement: 0 items
2025-05-22 03:44:39,481 - P14756 - INFO - Candidates cep: 1 items
2025-05-22 03:44:39,482 - P14756 - INFO - Após processar URL 27 Uso de memória: 120.25 MB
2025-05-22 03:44:39,482 - P14756 - INFO - Processando URL 28/30: https://www.ioepa.com.br/pages/2008/2008.08.29.DOE.pdf
2025-05-22 03:44:39,482 - P14756 - INFO - Ignorando URL de arquivo não-HTML: https://www.ioepa.com.br/pages/2008/2008.08.29.DOE.pdf
2025-05-22 03:44:39,482 - P14756 - INFO - Após processar URL 28 Uso de memória: 120.25 MB
2025-05-22 03:44:39,482 - P14756 - INFO - Processando URL 29/30: https://acervo.arquivopublico.sc.gov.br/uploads/r/arquivo-publico-do-estado-de-santa-catarina-apesc/7/c/f/7cf9f540bec0c21290d0539cfcf464a58b47fb720cfc38d23ff4196e017d09b7/413b73dd-3f59-4ff8-b6bb-1d783736e7ee-14064-DOE_18911_16_08_2010_32F_JUCESC_18911_08F.pdf
2025-05-22 03:44:39,483 - P14756 - INFO - Ignorando URL de arquivo não-HTML: https://acervo.arquivopublico.sc.gov.br/uploads/r/arquivo-publico-do-estado-de-santa-catarina-apesc/7/c/f/7cf9f540bec0c21290d0539cfcf464a58b47fb720cfc38d23ff4196e017d09b7/413b73dd-3f59-4ff8-b6bb-1d783736e7ee-14064-DOE_18911_16_08_2010_32F_JUCESC_18911_08F.pdf
2025-05-22 03:44:39,483 - P14756 - INFO - Após processar URL 29 Uso de memória: 120.25 MB
2025-05-22 03:44:39,483 - P14756 - INFO - Processando URL 30/30: https://www.saobernardo.sp.gov.br/documents/10181/1598718/NM+2413+de+29.12.2023+-++Conte%C3%BAdo+Integral.pdf/d80e1f6e-225b-8ed5-513c-761ad7fbf74c
2025-05-22 03:44:39,483 - P14756 - INFO - Ignorando URL de arquivo não-HTML: https://www.saobernardo.sp.gov.br/documents/10181/1598718/NM+2413+de+29.12.2023+-++Conte%C3%BAdo+Integral.pdf/d80e1f6e-225b-8ed5-513c-761ad7fbf74c
2025-05-22 03:44:39,484 - P14756 - INFO - Após processar URL 30 Uso de memória: 120.25 MB
2025-05-22 03:44:39,484 - P14756 - INFO - Iniciando agregação e ranqueamento
2025-05-22 03:44:39,484 - P14756 - INFO - Ranked address: 7 items
2025-05-22 03:44:39,484 - P14756 - INFO - Ranked phone: 5 items
2025-05-22 03:44:39,484 - P14756 - INFO - Ranked email: 2 items
2025-05-22 03:44:39,484 - P14756 - INFO - Ranked complement: 0 items
2025-05-22 03:44:39,484 - P14756 - INFO - Ranked cep: 22 items
2025-05-22 03:44:39,485 - P14756 - INFO - Após agregação Uso de memória: 120.25 MB
2025-05-22 03:44:39,485 - P14756 - INFO - Validando endereço: ['Rua Catão Mamede, 836', 'Rua Catão Mamede , 836', 'Rua Ari Barroso, 55']
2025-05-22 03:44:39,485 - P14756 - INFO - Endereço validado: Rua Catão Mamede, 836
2025-05-22 03:44:39,485 - P14756 - INFO - Limpando texto extenso para campo address: Rua Catão Mamede, 836...
2025-05-22 03:44:39,485 - P14756 - INFO - Texto limpo: Rua Catão Mamede, 836
2025-05-22 03:44:39,485 - P14756 - INFO - Validando telefone: ['(85) 3224-7266', '(85) 98165-7329', '+558532247266']
2025-05-22 03:44:39,486 - P14756 - INFO - Limpando texto extenso para campo phone: (85) 3224-7266...
2025-05-22 03:44:39,486 - P14756 - INFO - Texto limpo: 85) 3224-7266
2025-05-22 03:44:39,486 - P14756 - INFO - Telefone validado: 85) 3224-7266
2025-05-22 03:44:39,486 - P14756 - INFO - Validando email: ['cremec@cremec.org.br', 'info@doklist.com.br']
2025-05-22 03:44:39,486 - P14756 - INFO - Limpando texto extenso para campo email: cremec@cremec.org.br...
2025-05-22 03:44:39,487 - P14756 - INFO - Texto limpo: cremec@cremec.org.br
2025-05-22 03:44:39,487 - P14756 - INFO - Email validado: cremec@cremec.org.br
2025-05-22 03:44:39,487 - P14756 - INFO - Descobrindo cidade
2025-05-22 03:44:39,487 - P14756 - INFO - Buscando cidade: Rua Catão Mamede cidade CE
2025-05-22 03:44:42,158 - P14756 - INFO - Cidade encontrada: Fortaleza
2025-05-22 03:44:42,167 - P14756 - INFO - Limpando texto extenso para campo city: Fortaleza...
2025-05-22 03:44:42,171 - P14756 - INFO - Texto limpo: Fortaleza
2025-05-22 03:44:42,196 - P14756 - INFO - Cidade descoberta: Fortaleza
2025-05-22 03:44:42,200 - P14756 - INFO - Buscando CEP com sistema de cascata
2025-05-22 03:44:42,201 - P14756 - INFO - Iniciando busca de CEP em cascata para: Rua Catão Mamede, Fortaleza, CE
2025-05-22 03:44:42,202 - P14756 - INFO - Método 1: ViaCEP API
2025-05-22 03:44:42,243 - P14756 - INFO - Buscando no ViaCEP: https://viacep.com.br/ws/CE/fortaleza/rua%20catao%20mamede/json/
2025-05-22 03:44:42,989 - P14756 - INFO - Dados encontrados no ViaCEP: {'cep': '60140-110', 'logradouro': 'Rua Catão Mamede', 'complemento': '', 'unidade': '', 'bairro': 'Aldeota', 'localidade': 'Fortaleza', 'uf': 'CE', 'estado': 'Ceará', 'regiao': 'Nordeste', 'ibge': '2304400', 'gia': '', 'ddd': '85', 'siafi': '1389'}
2025-05-22 03:44:42,991 - P14756 - INFO - CEP encontrado via ViaCEP: 60140-110
2025-05-22 03:44:42,991 - P14756 - INFO - Dados de CEP encontrados: {'cep': '60140-110', 'logradouro': 'Rua Catão Mamede', 'complemento': '', 'unidade': '', 'bairro': 'Aldeota', 'localidade': 'Fortaleza', 'uf': 'CE', 'estado': 'Ceará', 'regiao': 'Nordeste', 'ibge': '2304400', 'gia': '', 'ddd': '85', 'siafi': '1389'}
2025-05-22 03:44:42,992 - P14756 - INFO - Limpando texto extenso para campo bairro: Aldeota...
2025-05-22 03:44:42,992 - P14756 - INFO - Texto limpo: Aldeota
2025-05-22 03:44:42,992 - P14756 - INFO - Limpando texto extenso para campo city: Fortaleza...
2025-05-22 03:44:42,992 - P14756 - INFO - Texto limpo: Fortaleza
2025-05-22 03:44:42,992 - P14756 - INFO - Limpando texto extenso para campo state: CE...
2025-05-22 03:44:42,993 - P14756 - INFO - Texto limpo: CE
2025-05-22 03:44:42,993 - P14756 - INFO - Tempo de execução de processamento completo do médico: 57.40 segundos
2025-05-22 03:44:42,993 - P14756 - INFO - Resultado processado: {'Hash': '011b20a23c291353cbf3da6614f90550719bf382a724cb4b54fb9c85f0f391cd', 'CRM': '10180', 'UF': 'CE', 'Firstname': 'ANDRÉ', 'LastName': 'PEREIRA CABRAL', 'Medical specialty': '', 'Endereco Completo A1': 'Rua Catão Mamede, 836', 'Address A1': 'Rua Catão Mamede', 'Numero A1': '836', 'Complement A1': '', 'Bairro A1': 'Aldeota', 'postal code A1': '60140-110', 'City A1': 'Fortaleza', 'State A1': 'CE', 'Phone A1': '85) 3224-7266', 'Phone A2': '', 'Cell phone A1': '', 'Cell phone A2': '', 'E-mail A1': 'cremec@cremec.org.br', 'E-mail A2': '', 'OPT-IN': '', 'STATUS': '', 'LOTE': ''}
2025-05-22 03:44:42,993 - P14756 - INFO - Salvando lote de resultados
2025-05-22 03:44:42,994 - P14756 - INFO - Após salvar resultados Uso de memória: 118.23 MB
2025-05-22 03:44:42,994 - P14756 - INFO - Progresso: 54.0%
2025-05-22 03:44:42,995 - P14756 - INFO - Tempo de execução de processamento do médico 3: 57.41 segundos
2025-05-22 03:44:42,995 - P14756 - INFO - Tempo de execução de processamento do lote completo: 214.39 segundos
