2025-05-22 05:20:27,990 - P14756 - INFO - 
==================================================
Processando médico 1/3
2025-05-22 05:20:27,990 - P14756 - INFO - Nome: MAYARA DE CASTRO SILVA DEL CASTILLO
2025-05-22 05:20:27,991 - P14756 - INFO - Reiniciando driver do Chrome
2025-05-22 05:20:29,426 - P14756 - INFO - Após reiniciar driver Uso de memória: 126.09 MB
2025-05-22 05:20:29,426 - P14756 - INFO - Início do processamento Uso de memória: 126.09 MB
2025-05-22 05:20:29,426 - P14756 - INFO - Iniciando busca para: MAYARA DE CASTRO SILVA DEL CASTILLO CRM 166116 SP telefone e-mail endereço
2025-05-22 05:20:30,278 - P14756 - INFO - SearX results: 12 URLs
2025-05-22 05:20:30,278 - P14756 - INFO - Após SearX Uso de memória: 126.09 MB
2025-05-22 05:20:33,213 - P14756 - INFO - Google results: 10 URLs
2025-05-22 05:20:33,214 - P14756 - INFO - Após Google Uso de memória: 127.39 MB
2025-05-22 05:20:35,736 - P14756 - INFO - Bing results: 10 URLs
2025-05-22 05:20:35,736 - P14756 - INFO - Após Bing Uso de memória: 128.82 MB
2025-05-22 05:20:35,736 - P14756 - INFO - Total de URLs únicas: 19
2025-05-22 05:20:35,736 - P14756 - INFO - Processando URL 1/19: https://guiamedico.cremesp.org.br/
2025-05-22 05:20:46,406 - P14756 - INFO - HTML salvo para debug: data\debug_html_v10\7c54969580769b63edd9abaa952e1fa2.html
2025-05-22 05:20:46,412 - P14756 - INFO - Candidates address: 1 items
2025-05-22 05:20:46,413 - P14756 - INFO - Candidates phone: 1 items
2025-05-22 05:20:46,413 - P14756 - INFO - Candidates email: 0 items
2025-05-22 05:20:46,413 - P14756 - INFO - Candidates complement: 0 items
2025-05-22 05:20:46,413 - P14756 - INFO - Candidates cep: 1 items
2025-05-22 05:20:46,414 - P14756 - INFO - Após processar URL 1 Uso de memória: 128.83 MB
2025-05-22 05:20:46,414 - P14756 - INFO - Processando URL 2/19: https://www.boaconsulta.com/especialista/mayara-de-castro-silva-del-castillo-5babef3c133f17006b005017
2025-05-22 05:20:48,643 - P14756 - INFO - HTML salvo para debug: data\debug_html_v10\6a730940522e4f6b236d87e7b87587dd.html
2025-05-22 05:20:48,703 - P14756 - INFO - Candidates address: 7 items
2025-05-22 05:20:48,703 - P14756 - INFO - Candidates phone: 0 items
2025-05-22 05:20:48,703 - P14756 - INFO - Candidates email: 0 items
2025-05-22 05:20:48,703 - P14756 - INFO - Candidates complement: 1 items
2025-05-22 05:20:48,703 - P14756 - INFO - Candidates cep: 0 items
2025-05-22 05:20:48,703 - P14756 - INFO - Após processar URL 2 Uso de memória: 129.56 MB
2025-05-22 05:20:48,704 - P14756 - INFO - Processando URL 3/19: https://www.telelistas.net/locais/sp/sao+paulo/clinicas+medicas/bu-21252593/mayara+de+castro+silva+del+castillo+em+tatuape
2025-05-22 05:20:51,489 - P14756 - INFO - HTML salvo para debug: data\debug_html_v10\832b8745c65232bf1c4a9e655dd33104.html
2025-05-22 05:20:51,524 - P14756 - INFO - Candidates address: 1 items
2025-05-22 05:20:51,524 - P14756 - INFO - Candidates phone: 2 items
2025-05-22 05:20:51,524 - P14756 - INFO - Candidates email: 0 items
2025-05-22 05:20:51,524 - P14756 - INFO - Candidates complement: 0 items
2025-05-22 05:20:51,524 - P14756 - INFO - Candidates cep: 1 items
2025-05-22 05:20:51,524 - P14756 - INFO - Após processar URL 3 Uso de memória: 128.82 MB
2025-05-22 05:20:51,525 - P14756 - INFO - Processando URL 4/19: https://cnpj.biz/30773332000170
2025-05-22 05:20:55,925 - P14756 - INFO - HTML salvo para debug: data\debug_html_v10\7931857c0863c2e9d80b95c969abe96a.html
2025-05-22 05:20:55,940 - P14756 - INFO - Candidates address: 2 items
2025-05-22 05:20:55,942 - P14756 - INFO - Candidates phone: 1 items
2025-05-22 05:20:55,944 - P14756 - INFO - Candidates email: 1 items
2025-05-22 05:20:55,944 - P14756 - INFO - Candidates complement: 3 items
2025-05-22 05:20:55,944 - P14756 - INFO - Candidates cep: 2 items
2025-05-22 05:20:55,945 - P14756 - INFO - Após processar URL 4 Uso de memória: 128.82 MB
2025-05-22 05:20:55,945 - P14756 - INFO - Processando URL 5/19: https://consultas.plus/lista-de-empresas/sao-paulo/sao-paulo/30773332000170-mayara-de-castro-silva-del-castillo/
2025-05-22 05:20:59,961 - P14756 - INFO - HTML salvo para debug: data\debug_html_v10\d949b42c2e36a69741b7f8955d63ab49.html
2025-05-22 05:20:59,983 - P14756 - INFO - Candidates address: 0 items
2025-05-22 05:20:59,983 - P14756 - INFO - Candidates phone: 1 items
2025-05-22 05:20:59,984 - P14756 - INFO - Candidates email: 1 items
2025-05-22 05:20:59,984 - P14756 - INFO - Candidates complement: 1 items
2025-05-22 05:20:59,984 - P14756 - INFO - Candidates cep: 4 items
2025-05-22 05:20:59,984 - P14756 - INFO - Após processar URL 5 Uso de memória: 128.82 MB
2025-05-22 05:20:59,984 - P14756 - INFO - Processando URL 6/19: https://www.escavador.com/sobre/2300619/mayara-de-castro-silva-del-castillo
2025-05-22 05:21:04,037 - P14756 - INFO - HTML salvo para debug: data\debug_html_v10\14d24c898343cc7876caa681d44febcb.html
2025-05-22 05:21:04,054 - P14756 - INFO - Candidates address: 0 items
2025-05-22 05:21:04,054 - P14756 - INFO - Candidates phone: 0 items
2025-05-22 05:21:04,054 - P14756 - INFO - Candidates email: 0 items
2025-05-22 05:21:04,054 - P14756 - INFO - Candidates complement: 0 items
2025-05-22 05:21:04,054 - P14756 - INFO - Candidates cep: 0 items
2025-05-22 05:21:04,055 - P14756 - INFO - Após processar URL 6 Uso de memória: 128.82 MB
2025-05-22 05:21:04,055 - P14756 - INFO - Processando URL 7/19: https://www.escavador.com/sobre/562816248/mayara-de-castro-silva-del-castillo
2025-05-22 05:21:07,045 - P14756 - INFO - HTML salvo para debug: data\debug_html_v10\a790f04bb8e5a369d257863f816791a0.html
2025-05-22 05:21:07,061 - P14756 - INFO - Candidates address: 0 items
2025-05-22 05:21:07,061 - P14756 - INFO - Candidates phone: 0 items
2025-05-22 05:21:07,061 - P14756 - INFO - Candidates email: 0 items
2025-05-22 05:21:07,061 - P14756 - INFO - Candidates complement: 0 items
2025-05-22 05:21:07,062 - P14756 - INFO - Candidates cep: 0 items
2025-05-22 05:21:07,062 - P14756 - INFO - Após processar URL 7 Uso de memória: 128.82 MB
2025-05-22 05:21:07,063 - P14756 - INFO - Processando URL 8/19: https://www.hnipo.org.br/medicos/maira-kawamura-ito/
2025-05-22 05:21:13,825 - P14756 - INFO - HTML salvo para debug: data\debug_html_v10\3deebdde416513a9d73d73403a0c2cf2.html
2025-05-22 05:21:13,880 - P14756 - INFO - Candidates address: 1 items
2025-05-22 05:21:13,880 - P14756 - INFO - Candidates phone: 2 items
2025-05-22 05:21:13,880 - P14756 - INFO - Candidates email: 3 items
2025-05-22 05:21:13,880 - P14756 - INFO - Candidates complement: 0 items
2025-05-22 05:21:13,880 - P14756 - INFO - Candidates cep: 1 items
2025-05-22 05:21:13,881 - P14756 - INFO - Após processar URL 8 Uso de memória: 128.82 MB
2025-05-22 05:21:13,881 - P14756 - INFO - Processando URL 9/19: https://cliniguia.com/profissionais/mayara-de-castro-silva-del-castillo-703006850914978/
2025-05-22 05:21:19,143 - P14756 - INFO - HTML salvo para debug: data\debug_html_v10\2dfba1cdb005bd5901b069afa1656207.html
2025-05-22 05:21:19,201 - P14756 - INFO - Candidates address: 0 items
2025-05-22 05:21:19,201 - P14756 - INFO - Candidates phone: 0 items
2025-05-22 05:21:19,201 - P14756 - INFO - Candidates email: 0 items
2025-05-22 05:21:19,201 - P14756 - INFO - Candidates complement: 0 items
2025-05-22 05:21:19,201 - P14756 - INFO - Candidates cep: 0 items
2025-05-22 05:21:19,202 - P14756 - INFO - Após processar URL 9 Uso de memória: 130.56 MB
2025-05-22 05:21:19,202 - P14756 - INFO - Processando URL 10/19: https://www.descubraonline.com/guia/sp/sao-paulo/mayara-de-castro-silva-del-castillo-30773332000170/
2025-05-22 05:21:24,740 - P14756 - INFO - HTML salvo para debug: data\debug_html_v10\501948902e1f96e0d4431ab8e3daed07.html
2025-05-22 05:21:24,786 - P14756 - INFO - Candidates address: 5 items
2025-05-22 05:21:24,786 - P14756 - INFO - Candidates phone: 1 items
2025-05-22 05:21:24,786 - P14756 - INFO - Candidates email: 1 items
2025-05-22 05:21:24,786 - P14756 - INFO - Candidates complement: 0 items
2025-05-22 05:21:24,786 - P14756 - INFO - Candidates cep: 1 items
2025-05-22 05:21:24,787 - P14756 - INFO - Após processar URL 10 Uso de memória: 129.67 MB
2025-05-22 05:21:24,787 - P14756 - INFO - Processando URL 11/19: https://www.reclameaqui.com.br//clinica-soler/alergista-dra-mayara-de-castro-silva_zjkWR-cuRMdCOaUq/
2025-05-22 05:21:28,219 - P14756 - INFO - HTML salvo para debug: data\debug_html_v10\80e7891c577b487633f068b5e97d7862.html
2025-05-22 05:21:28,221 - P14756 - INFO - Candidates address: 0 items
2025-05-22 05:21:28,222 - P14756 - INFO - Candidates phone: 0 items
2025-05-22 05:21:28,222 - P14756 - INFO - Candidates email: 0 items
2025-05-22 05:21:28,222 - P14756 - INFO - Candidates complement: 0 items
2025-05-22 05:21:28,222 - P14756 - INFO - Candidates cep: 0 items
2025-05-22 05:21:28,222 - P14756 - INFO - Após processar URL 11 Uso de memória: 128.84 MB
2025-05-22 05:21:28,222 - P14756 - INFO - Processando URL 12/19: https://www.hnipo.org.br/medicos/mayara-de-castro-silva-del-castillo/
2025-05-22 05:21:34,165 - P14756 - INFO - HTML salvo para debug: data\debug_html_v10\ddf106df21953abea19be82555eb1505.html
2025-05-22 05:21:34,224 - P14756 - INFO - Candidates address: 1 items
2025-05-22 05:21:34,225 - P14756 - INFO - Candidates phone: 2 items
2025-05-22 05:21:34,225 - P14756 - INFO - Candidates email: 3 items
2025-05-22 05:21:34,226 - P14756 - INFO - Candidates complement: 0 items
2025-05-22 05:21:34,226 - P14756 - INFO - Candidates cep: 1 items
2025-05-22 05:21:34,226 - P14756 - INFO - Após processar URL 12 Uso de memória: 128.84 MB
2025-05-22 05:21:34,226 - P14756 - INFO - Processando URL 13/19: https://www.econodata.com.br/consulta-empresa/30773332000170-MAYARA-DE-CASTRO-SILVA-DEL-CASTILLO
2025-05-22 05:21:39,281 - P14756 - INFO - HTML salvo para debug: data\debug_html_v10\f3de48200c5b2424b92ea27fd2ab7d9e.html
2025-05-22 05:21:39,410 - P14756 - INFO - Candidates address: 25 items
2025-05-22 05:21:39,410 - P14756 - INFO - Candidates phone: 0 items
2025-05-22 05:21:39,410 - P14756 - INFO - Candidates email: 0 items
2025-05-22 05:21:39,410 - P14756 - INFO - Candidates complement: 2 items
2025-05-22 05:21:39,411 - P14756 - INFO - Candidates cep: 1 items
2025-05-22 05:21:39,411 - P14756 - INFO - Após processar URL 13 Uso de memória: 130.57 MB
2025-05-22 05:21:39,411 - P14756 - INFO - Processando URL 14/19: https://www.hnipo.org.br/medicos/roberta-rodrigues-da-silva/
2025-05-22 05:21:45,164 - P14756 - INFO - HTML salvo para debug: data\debug_html_v10\fc049b06d2749f08f74e8c10b25f2569.html
2025-05-22 05:21:45,230 - P14756 - INFO - Candidates address: 1 items
2025-05-22 05:21:45,230 - P14756 - INFO - Candidates phone: 2 items
2025-05-22 05:21:45,230 - P14756 - INFO - Candidates email: 3 items
2025-05-22 05:21:45,230 - P14756 - INFO - Candidates complement: 0 items
2025-05-22 05:21:45,230 - P14756 - INFO - Candidates cep: 1 items
2025-05-22 05:21:45,231 - P14756 - INFO - Após processar URL 14 Uso de memória: 129.76 MB
2025-05-22 05:21:45,231 - P14756 - INFO - Processando URL 15/19: https://www.reclameaqui.com.br/clinica-soler/alergista-dra-mayara-de-castro-silva_zjkWR-cuRMdCOaUq/
2025-05-22 05:21:47,386 - P14756 - INFO - HTML salvo para debug: data\debug_html_v10\c7af000ede33a5b233c574f747775876.html
2025-05-22 05:21:47,387 - P14756 - INFO - Candidates address: 0 items
2025-05-22 05:21:47,388 - P14756 - INFO - Candidates phone: 0 items
2025-05-22 05:21:47,388 - P14756 - INFO - Candidates email: 0 items
2025-05-22 05:21:47,388 - P14756 - INFO - Candidates complement: 0 items
2025-05-22 05:21:47,388 - P14756 - INFO - Candidates cep: 0 items
2025-05-22 05:21:47,388 - P14756 - INFO - Após processar URL 15 Uso de memória: 129.76 MB
2025-05-22 05:21:47,388 - P14756 - INFO - Processando URL 16/19: https://brasil.docalist.com/medics/pediatra/todos-os-seguros/sao-paulo/mayara-de-castro-silva-del-castillo
2025-05-22 05:21:47,389 - P14756 - INFO - Ignorando URL de arquivo não-HTML: https://brasil.docalist.com/medics/pediatra/todos-os-seguros/sao-paulo/mayara-de-castro-silva-del-castillo
2025-05-22 05:21:47,389 - P14756 - INFO - Após processar URL 16 Uso de memória: 129.76 MB
2025-05-22 05:21:47,389 - P14756 - INFO - Processando URL 17/19: https://guiasaudebrasil.com.br/profissional/92087dc9f5586457-mayara-de-castro-silva-del-castillo
2025-05-22 05:21:52,851 - P14756 - INFO - HTML salvo para debug: data\debug_html_v10\ac7581aad41a59f747d37eb303d1145c.html
2025-05-22 05:21:52,860 - P14756 - INFO - Candidates address: 0 items
2025-05-22 05:21:52,861 - P14756 - INFO - Candidates phone: 0 items
2025-05-22 05:21:52,861 - P14756 - INFO - Candidates email: 0 items
2025-05-22 05:21:52,862 - P14756 - INFO - Candidates complement: 0 items
2025-05-22 05:21:52,863 - P14756 - INFO - Candidates cep: 1 items
2025-05-22 05:21:52,863 - P14756 - INFO - Após processar URL 17 Uso de memória: 129.77 MB
2025-05-22 05:21:52,863 - P14756 - INFO - Processando URL 18/19: https://www.cliomedi.com.br/equipe.html
2025-05-22 05:21:56,110 - P14756 - INFO - HTML salvo para debug: data\debug_html_v10\dc9c2111662e8a8a96f1c3f413d067e4.html
2025-05-22 05:21:56,117 - P14756 - INFO - Candidates address: 0 items
2025-05-22 05:21:56,117 - P14756 - INFO - Candidates phone: 0 items
2025-05-22 05:21:56,117 - P14756 - INFO - Candidates email: 0 items
2025-05-22 05:21:56,118 - P14756 - INFO - Candidates complement: 0 items
2025-05-22 05:21:56,118 - P14756 - INFO - Candidates cep: 0 items
2025-05-22 05:21:56,118 - P14756 - INFO - Após processar URL 18 Uso de memória: 129.77 MB
2025-05-22 05:21:56,118 - P14756 - INFO - Processando URL 19/19: https://consultacrm.com.br/
2025-05-22 05:22:00,261 - P14756 - INFO - HTML salvo para debug: data\debug_html_v10\65cadeb91ac3713432c21b535990f440.html
2025-05-22 05:22:00,272 - P14756 - INFO - Candidates address: 0 items
2025-05-22 05:22:00,272 - P14756 - INFO - Candidates phone: 0 items
2025-05-22 05:22:00,272 - P14756 - INFO - Candidates email: 0 items
2025-05-22 05:22:00,273 - P14756 - INFO - Candidates complement: 0 items
2025-05-22 05:22:00,273 - P14756 - INFO - Candidates cep: 0 items
2025-05-22 05:22:00,273 - P14756 - INFO - Após processar URL 19 Uso de memória: 129.76 MB
2025-05-22 05:22:00,273 - P14756 - INFO - Iniciando agregação e ranqueamento
2025-05-22 05:22:00,273 - P14756 - INFO - Ranked address: 39 items
2025-05-22 05:22:00,274 - P14756 - INFO - Ranked phone: 5 items
2025-05-22 05:22:00,274 - P14756 - INFO - Ranked email: 4 items
2025-05-22 05:22:00,274 - P14756 - INFO - Ranked complement: 7 items
2025-05-22 05:22:00,274 - P14756 - INFO - Ranked cep: 8 items
2025-05-22 05:22:00,275 - P14756 - INFO - Após agregação Uso de memória: 129.76 MB
2025-05-22 05:22:00,275 - P14756 - INFO - Validando endereço: ['Avenida Celso Garcia, 4707', 'Rua Pistoia, 100', 'Rua Frei Caneca, 1282']
2025-05-22 05:22:00,275 - P14756 - INFO - Endereço validado: Avenida Celso Garcia, 4707
2025-05-22 05:22:00,275 - P14756 - INFO - Limpando texto extenso para campo address: Avenida Celso Garcia, 4707...
2025-05-22 05:22:00,276 - P14756 - INFO - Texto limpo: Avenida Celso Garcia, 4707
2025-05-22 05:22:00,276 - P14756 - INFO - Validando telefone: ['(11) 4940-9475', '+551126332200', '(11) 2633-2200']
2025-05-22 05:22:00,276 - P14756 - INFO - Limpando texto extenso para campo phone: (11) 4940-9475...
2025-05-22 05:22:00,276 - P14756 - INFO - Texto limpo: 11) 4940-9475
2025-05-22 05:22:00,276 - P14756 - INFO - Telefone validado: 11) 4940-9475
2025-05-22 05:22:00,276 - P14756 - INFO - Validando email: ['dra.mayarac@gmail.com', 'atendimento@hnipo.org.br', 'ouvidoria@hnipo.org.br']
2025-05-22 05:22:00,276 - P14756 - INFO - Limpando texto extenso para campo email: dra.mayarac@gmail.com...
2025-05-22 05:22:00,277 - P14756 - INFO - Texto limpo: dra.mayarac@gmail.com
2025-05-22 05:22:00,277 - P14756 - INFO - Email validado: dra.mayarac@gmail.com
2025-05-22 05:22:00,277 - P14756 - INFO - Validando complemento: ['Conjunto 24/25    -    Vila Gomes Cardim', 'Apt   809  Clique para copiar    Bairro:  Tatuape  Cl', 'Apt   809  Tatuape  São Paulo SP  03063-000  Clique p']
2025-05-22 05:22:00,277 - P14756 - INFO - Limpando texto extenso para campo complement: Conjunto 24/25    -    Vila Gomes Cardim...
2025-05-22 05:22:00,277 - P14756 - INFO - Texto limpo: Conjunto 24/25 - Vila Go
2025-05-22 05:22:00,278 - P14756 - INFO - Complemento validado: Conjunto 24/25 - Vila Go
2025-05-22 05:22:00,278 - P14756 - INFO - Descobrindo cidade
2025-05-22 05:22:00,278 - P14756 - INFO - Buscando cidade: Avenida Celso Garcia cidade SP
2025-05-22 05:22:03,126 - P14756 - WARNING - Cidade não encontrada
2025-05-22 05:22:03,126 - P14756 - INFO - Cidade descoberta: 
2025-05-22 05:22:03,127 - P14756 - INFO - Tempo de execução de processamento completo do médico: 93.70 segundos
2025-05-22 05:22:03,127 - P14756 - INFO - Resultado processado: {'Hash': '79bdfc662a51766bf645e5109df97fc17f69fd7899aa34a3f3a34a8bbdc7d63d', 'CRM': '166116', 'UF': 'SP', 'Firstname': 'MAYARA', 'LastName': 'DE CASTRO SILVA DEL CASTILLO', 'Medical specialty': '', 'Endereco Completo A1': 'Avenida Celso Garcia, 4707', 'Address A1': 'Avenida Celso Garcia', 'Numero A1': '4707', 'Complement A1': 'Conjunto 24/25 - Vila Go', 'Bairro A1': '', 'postal code A1': '', 'City A1': '', 'State A1': '', 'Phone A1': '11) 4940-9475', 'Phone A2': '', 'Cell phone A1': '', 'Cell phone A2': '', 'E-mail A1': 'dra.mayarac@gmail.com', 'E-mail A2': '', 'OPT-IN': '', 'STATUS': '', 'LOTE': ''}
2025-05-22 05:22:03,128 - P14756 - INFO - Progresso: 87.8%
2025-05-22 05:22:03,129 - P14756 - INFO - Executando coleta de lixo
2025-05-22 05:22:03,189 - P14756 - INFO - Após coleta de lixo Uso de memória: 126.82 MB
2025-05-22 05:22:03,189 - P14756 - INFO - Tempo de execução de processamento do médico 1: 95.20 segundos
2025-05-22 05:22:03,189 - P14756 - INFO - 
==================================================
Processando médico 2/3
2025-05-22 05:22:03,190 - P14756 - INFO - Nome: MARIANA MONTEIRO S ALTENFELDER SANTOS
2025-05-22 05:22:03,190 - P14756 - INFO - Início do processamento Uso de memória: 126.82 MB
2025-05-22 05:22:03,190 - P14756 - INFO - Iniciando busca para: MARIANA MONTEIRO S ALTENFELDER SANTOS CRM 170371 SP telefone e-mail endereço
2025-05-22 05:22:04,170 - P14756 - INFO - SearX results: 14 URLs
2025-05-22 05:22:04,171 - P14756 - INFO - Após SearX Uso de memória: 126.82 MB
2025-05-22 05:22:06,763 - P14756 - INFO - Google results: 5 URLs
2025-05-22 05:22:06,764 - P14756 - INFO - Após Google Uso de memória: 128.78 MB
2025-05-22 05:22:09,478 - P14756 - INFO - Bing results: 10 URLs
2025-05-22 05:22:09,479 - P14756 - INFO - Após Bing Uso de memória: 128.79 MB
2025-05-22 05:22:09,479 - P14756 - INFO - Total de URLs únicas: 18
2025-05-22 05:22:09,479 - P14756 - INFO - Processando URL 1/18: https://guiasaudebrasil.com.br/profissional/d69aa82bfaca4260-mariana-monteiro-saldanha-altenfelder-santos
2025-05-22 05:22:14,803 - P14756 - INFO - HTML salvo para debug: data\debug_html_v10\a6f53a38eedb2776ebd400f3f044e01d.html
2025-05-22 05:22:14,815 - P14756 - INFO - Candidates address: 0 items
2025-05-22 05:22:14,815 - P14756 - INFO - Candidates phone: 0 items
2025-05-22 05:22:14,815 - P14756 - INFO - Candidates email: 0 items
2025-05-22 05:22:14,816 - P14756 - INFO - Candidates complement: 0 items
2025-05-22 05:22:14,816 - P14756 - INFO - Candidates cep: 1 items
2025-05-22 05:22:14,816 - P14756 - INFO - Após processar URL 1 Uso de memória: 128.78 MB
2025-05-22 05:22:14,816 - P14756 - INFO - Processando URL 2/18: https://cliniguia.com/profissionais/mariana-monteiro-saldanha-altenfelder-santos-706107550600360/
2025-05-22 05:22:19,775 - P14756 - INFO - HTML salvo para debug: data\debug_html_v10\5a6e61740ef0e405569051157ef93cd3.html
2025-05-22 05:22:19,819 - P14756 - INFO - Candidates address: 0 items
2025-05-22 05:22:19,819 - P14756 - INFO - Candidates phone: 0 items
2025-05-22 05:22:19,819 - P14756 - INFO - Candidates email: 0 items
2025-05-22 05:22:19,819 - P14756 - INFO - Candidates complement: 0 items
2025-05-22 05:22:19,819 - P14756 - INFO - Candidates cep: 0 items
2025-05-22 05:22:19,820 - P14756 - INFO - Após processar URL 2 Uso de memória: 128.79 MB
2025-05-22 05:22:19,820 - P14756 - INFO - Processando URL 3/18: https://teammunifesp.com/quem-somos/
2025-05-22 05:22:24,898 - P14756 - INFO - HTML salvo para debug: data\debug_html_v10\3f537bc19307fda1479479957ccaecb1.html
2025-05-22 05:22:24,982 - P14756 - INFO - Candidates address: 33 items
2025-05-22 05:22:24,982 - P14756 - INFO - Candidates phone: 18 items
2025-05-22 05:22:24,982 - P14756 - INFO - Candidates email: 5 items
2025-05-22 05:22:24,982 - P14756 - INFO - Candidates complement: 3 items
2025-05-22 05:22:24,983 - P14756 - INFO - Candidates cep: 16 items
2025-05-22 05:22:24,983 - P14756 - INFO - Após processar URL 3 Uso de memória: 129.04 MB
2025-05-22 05:22:24,983 - P14756 - INFO - Processando URL 4/18: https://www.boaconsulta.com/especialista/mariana-monteiro-saldanha-altenfelder-santos-6105f4d0cb7bc003a200016e
2025-05-22 05:22:27,909 - P14756 - INFO - HTML salvo para debug: data\debug_html_v10\779dd14b83fbe602d8e5bedfe3aa559c.html
2025-05-22 05:22:28,003 - P14756 - INFO - Candidates address: 3 items
2025-05-22 05:22:28,003 - P14756 - INFO - Candidates phone: 0 items
2025-05-22 05:22:28,003 - P14756 - INFO - Candidates email: 0 items
2025-05-22 05:22:28,004 - P14756 - INFO - Candidates complement: 0 items
2025-05-22 05:22:28,004 - P14756 - INFO - Candidates cep: 0 items
2025-05-22 05:22:28,004 - P14756 - INFO - Após processar URL 4 Uso de memória: 130.38 MB
2025-05-22 05:22:28,004 - P14756 - INFO - Processando URL 5/18: https://marianammonteiro.com.br/
2025-05-22 05:22:32,112 - P14756 - INFO - HTML salvo para debug: data\debug_html_v10\eccbe7a0822421892ec1bc00c237f51f.html
2025-05-22 05:22:32,138 - P14756 - INFO - Candidates address: 0 items
2025-05-22 05:22:32,138 - P14756 - INFO - Candidates phone: 0 items
2025-05-22 05:22:32,139 - P14756 - INFO - Candidates email: 0 items
2025-05-22 05:22:32,140 - P14756 - INFO - Candidates complement: 0 items
2025-05-22 05:22:32,140 - P14756 - INFO - Candidates cep: 0 items
2025-05-22 05:22:32,141 - P14756 - INFO - Após processar URL 5 Uso de memória: 130.89 MB
2025-05-22 05:22:32,141 - P14756 - INFO - Processando URL 6/18: https://www.consultascnpj.com/erms-altenfelder-santos-clinica-medica-ltda/17013375000199
2025-05-22 05:22:35,212 - P14756 - INFO - HTML salvo para debug: data\debug_html_v10\1d451a82f43d5271255e85c5605a73d0.html
2025-05-22 05:22:35,223 - P14756 - INFO - Candidates address: 0 items
2025-05-22 05:22:35,223 - P14756 - INFO - Candidates phone: 1 items
2025-05-22 05:22:35,223 - P14756 - INFO - Candidates email: 1 items
2025-05-22 05:22:35,223 - P14756 - INFO - Candidates complement: 0 items
2025-05-22 05:22:35,224 - P14756 - INFO - Candidates cep: 2 items
2025-05-22 05:22:35,224 - P14756 - INFO - Após processar URL 6 Uso de memória: 128.84 MB
2025-05-22 05:22:35,224 - P14756 - INFO - Processando URL 7/18: https://cnpjrocks.com/cnpj/17013375000199/erms-altenfelder-santos-clinica-medica-ltda.html
2025-05-22 05:22:39,137 - P14756 - INFO - HTML salvo para debug: data\debug_html_v10\051822f898132a84cfd59fd2d571f447.html
2025-05-22 05:22:39,145 - P14756 - INFO - Candidates address: 0 items
2025-05-22 05:22:39,145 - P14756 - INFO - Candidates phone: 2 items
2025-05-22 05:22:39,145 - P14756 - INFO - Candidates email: 1 items
2025-05-22 05:22:39,146 - P14756 - INFO - Candidates complement: 0 items
2025-05-22 05:22:39,146 - P14756 - INFO - Candidates cep: 9 items
2025-05-22 05:22:39,146 - P14756 - INFO - Após processar URL 7 Uso de memória: 128.84 MB
2025-05-22 05:22:39,146 - P14756 - INFO - Processando URL 8/18: https://www.medicosbrasil.com/profissional/mariana-monteiro-saldanha-altenfelder-santos
2025-05-22 05:22:42,795 - P14756 - INFO - HTML salvo para debug: data\debug_html_v10\1a2e4521e8681067514e3910686afaaa.html
2025-05-22 05:22:42,814 - P14756 - INFO - Candidates address: 0 items
2025-05-22 05:22:42,814 - P14756 - INFO - Candidates phone: 0 items
2025-05-22 05:22:42,815 - P14756 - INFO - Candidates email: 0 items
2025-05-22 05:22:42,815 - P14756 - INFO - Candidates complement: 0 items
2025-05-22 05:22:42,815 - P14756 - INFO - Candidates cep: 0 items
2025-05-22 05:22:42,815 - P14756 - INFO - Após processar URL 8 Uso de memória: 128.84 MB
2025-05-22 05:22:42,815 - P14756 - INFO - Processando URL 9/18: https://www.sociosbrasil.com/nome/mariana-monteiro-saldanha-altenfelder-santos
2025-05-22 05:22:47,388 - P14756 - INFO - HTML salvo para debug: data\debug_html_v10\8939db3727d1d8e072475ab06d3a8521.html
2025-05-22 05:22:47,396 - P14756 - INFO - Candidates address: 5 items
2025-05-22 05:22:47,396 - P14756 - INFO - Candidates phone: 0 items
2025-05-22 05:22:47,397 - P14756 - INFO - Candidates email: 4 items
2025-05-22 05:22:47,397 - P14756 - INFO - Candidates complement: 1 items
2025-05-22 05:22:47,397 - P14756 - INFO - Candidates cep: 9 items
2025-05-22 05:22:47,397 - P14756 - INFO - Após processar URL 9 Uso de memória: 128.84 MB
2025-05-22 05:22:47,397 - P14756 - INFO - Processando URL 10/18: https://www.econodata.com.br/consulta-empresa/17013375000199-ERMS-ALTENFELDER-SANTOS-CLINICA-MEDICA-LTDA
2025-05-22 05:22:51,360 - P14756 - INFO - HTML salvo para debug: data\debug_html_v10\23ecb4cd1c210962590f10db02e19e2f.html
2025-05-22 05:22:51,487 - P14756 - INFO - Candidates address: 24 items
2025-05-22 05:22:51,487 - P14756 - INFO - Candidates phone: 0 items
2025-05-22 05:22:51,487 - P14756 - INFO - Candidates email: 0 items
2025-05-22 05:22:51,487 - P14756 - INFO - Candidates complement: 0 items
2025-05-22 05:22:51,487 - P14756 - INFO - Candidates cep: 1 items
2025-05-22 05:22:51,487 - P14756 - INFO - Após processar URL 10 Uso de memória: 130.62 MB
2025-05-22 05:22:51,488 - P14756 - INFO - Processando URL 11/18: https://me.med.br/dra-mariana-ribeiro-monteiro/
2025-05-22 05:22:55,016 - P14756 - INFO - HTML salvo para debug: data\debug_html_v10\2b50fa9c8187158385f9c06f66417a69.html
2025-05-22 05:22:55,043 - P14756 - INFO - Candidates address: 1 items
2025-05-22 05:22:55,043 - P14756 - INFO - Candidates phone: 2 items
2025-05-22 05:22:55,043 - P14756 - INFO - Candidates email: 0 items
2025-05-22 05:22:55,044 - P14756 - INFO - Candidates complement: 0 items
2025-05-22 05:22:55,044 - P14756 - INFO - Candidates cep: 2 items
2025-05-22 05:22:55,044 - P14756 - INFO - Após processar URL 11 Uso de memória: 129.79 MB
2025-05-22 05:22:55,044 - P14756 - INFO - Processando URL 12/18: https://cadastroempresa.com.br/fornecedor/erms-altenfelder-santos-clinica-medica-17013375000199
2025-05-22 05:22:57,664 - P14756 - INFO - HTML salvo para debug: data\debug_html_v10\5c4a9a659a415d01132e484717c58853.html
2025-05-22 05:22:57,686 - P14756 - INFO - Candidates address: 0 items
2025-05-22 05:22:57,686 - P14756 - INFO - Candidates phone: 2 items
2025-05-22 05:22:57,686 - P14756 - INFO - Candidates email: 1 items
2025-05-22 05:22:57,686 - P14756 - INFO - Candidates complement: 0 items
2025-05-22 05:22:57,686 - P14756 - INFO - Candidates cep: 2 items
2025-05-22 05:22:57,686 - P14756 - INFO - Após processar URL 12 Uso de memória: 129.79 MB
2025-05-22 05:22:57,687 - P14756 - INFO - Processando URL 13/18: https://www.medguias.com.br/go/goiania/medicina/oftalmologia/mariana-monteiro
2025-05-22 05:23:02,242 - P14756 - INFO - HTML salvo para debug: data\debug_html_v10\6b4366b57de12ff463cfac40f0b9edbc.html
2025-05-22 05:23:02,290 - P14756 - INFO - Candidates address: 1 items
2025-05-22 05:23:02,290 - P14756 - INFO - Candidates phone: 2 items
2025-05-22 05:23:02,290 - P14756 - INFO - Candidates email: 0 items
2025-05-22 05:23:02,290 - P14756 - INFO - Candidates complement: 0 items
2025-05-22 05:23:02,291 - P14756 - INFO - Candidates cep: 1 items
2025-05-22 05:23:02,291 - P14756 - INFO - Após processar URL 13 Uso de memória: 129.79 MB
2025-05-22 05:23:02,291 - P14756 - INFO - Processando URL 14/18: https://www.boaconsulta.com/especialista/mariana-monteiro-saldanha-altenfelder-santos-6105f4d0cb7bc003a200016e?agendaId=6106c93aa2e00a5ffd0027ed
2025-05-22 05:23:05,044 - P14756 - INFO - HTML salvo para debug: data\debug_html_v10\2fd123ceb1e9c366b620c01f05ce56be.html
2025-05-22 05:23:05,118 - P14756 - INFO - Candidates address: 3 items
2025-05-22 05:23:05,118 - P14756 - INFO - Candidates phone: 0 items
2025-05-22 05:23:05,119 - P14756 - INFO - Candidates email: 0 items
2025-05-22 05:23:05,119 - P14756 - INFO - Candidates complement: 0 items
2025-05-22 05:23:05,119 - P14756 - INFO - Candidates cep: 0 items
2025-05-22 05:23:05,119 - P14756 - INFO - Após processar URL 14 Uso de memória: 129.81 MB
2025-05-22 05:23:05,119 - P14756 - INFO - Processando URL 15/18: https://inteligen.com.br/socio/mariana-monteiro-saldanha-altenfelder-santos-221788
2025-05-22 05:23:09,015 - P14756 - INFO - HTML salvo para debug: data\debug_html_v10\af97143235c061c32a69a9c3fb1ba297.html
2025-05-22 05:23:09,030 - P14756 - INFO - Candidates address: 0 items
2025-05-22 05:23:09,030 - P14756 - INFO - Candidates phone: 0 items
2025-05-22 05:23:09,030 - P14756 - INFO - Candidates email: 0 items
2025-05-22 05:23:09,030 - P14756 - INFO - Candidates complement: 0 items
2025-05-22 05:23:09,030 - P14756 - INFO - Candidates cep: 0 items
2025-05-22 05:23:09,031 - P14756 - INFO - Após processar URL 15 Uso de memória: 128.85 MB
2025-05-22 05:23:09,031 - P14756 - INFO - Processando URL 16/18: https://guiamedico.cremesp.org.br/
2025-05-22 05:23:11,670 - P14756 - INFO - HTML salvo para debug: data\debug_html_v10\7c54969580769b63edd9abaa952e1fa2.html
2025-05-22 05:23:11,678 - P14756 - INFO - Candidates address: 1 items
2025-05-22 05:23:11,678 - P14756 - INFO - Candidates phone: 1 items
2025-05-22 05:23:11,678 - P14756 - INFO - Candidates email: 0 items
2025-05-22 05:23:11,678 - P14756 - INFO - Candidates complement: 0 items
2025-05-22 05:23:11,679 - P14756 - INFO - Candidates cep: 1 items
2025-05-22 05:23:11,679 - P14756 - INFO - Após processar URL 16 Uso de memória: 128.85 MB
2025-05-22 05:23:11,679 - P14756 - INFO - Processando URL 17/18: https://cnpj.biz/17013375000199
2025-05-22 05:23:14,027 - P14756 - INFO - HTML salvo para debug: data\debug_html_v10\58fbf396c7e50e2c6c8fa91561e4b4e2.html
2025-05-22 05:23:14,029 - P14756 - INFO - Candidates address: 0 items
2025-05-22 05:23:14,030 - P14756 - INFO - Candidates phone: 0 items
2025-05-22 05:23:14,030 - P14756 - INFO - Candidates email: 0 items
2025-05-22 05:23:14,030 - P14756 - INFO - Candidates complement: 0 items
2025-05-22 05:23:14,030 - P14756 - INFO - Candidates cep: 0 items
2025-05-22 05:23:14,030 - P14756 - INFO - Após processar URL 17 Uso de memória: 128.85 MB
2025-05-22 05:23:14,030 - P14756 - INFO - Processando URL 18/18: https://consultacrm.com.br/
2025-05-22 05:23:17,684 - P14756 - INFO - HTML salvo para debug: data\debug_html_v10\65cadeb91ac3713432c21b535990f440.html
2025-05-22 05:23:17,699 - P14756 - INFO - Candidates address: 0 items
2025-05-22 05:23:17,699 - P14756 - INFO - Candidates phone: 0 items
2025-05-22 05:23:17,700 - P14756 - INFO - Candidates email: 0 items
2025-05-22 05:23:17,700 - P14756 - INFO - Candidates complement: 0 items
2025-05-22 05:23:17,700 - P14756 - INFO - Candidates cep: 0 items
2025-05-22 05:23:17,700 - P14756 - INFO - Após processar URL 18 Uso de memória: 128.85 MB
2025-05-22 05:23:17,700 - P14756 - INFO - Iniciando agregação e ranqueamento
2025-05-22 05:23:17,701 - P14756 - INFO - Ranked address: 68 items
2025-05-22 05:23:17,701 - P14756 - INFO - Ranked phone: 25 items
2025-05-22 05:23:17,701 - P14756 - INFO - Ranked email: 9 items
2025-05-22 05:23:17,701 - P14756 - INFO - Ranked complement: 4 items
2025-05-22 05:23:17,702 - P14756 - INFO - Ranked cep: 39 items
2025-05-22 05:23:17,702 - P14756 - INFO - Após agregação Uso de memória: 128.85 MB
2025-05-22 05:23:17,702 - P14756 - INFO - Validando endereço: ['Avenida Dos Coqueiros, 300', 'Rua Capitao Cavalcanti, 219', 'Rua Dr Cesario Mota Junior, 112']
2025-05-22 05:23:17,702 - P14756 - INFO - Endereço validado: Avenida Dos Coqueiros, 300
2025-05-22 05:23:17,702 - P14756 - INFO - Limpando texto extenso para campo address: Avenida Dos Coqueiros, 300...
2025-05-22 05:23:17,703 - P14756 - INFO - Texto limpo: Avenida Dos Coqueiros, 300
2025-05-22 05:23:17,703 - P14756 - INFO - Validando telefone: ['(11) 2169-2076', '(11) 2169-2079', '(11) 99929-0569']
2025-05-22 05:23:17,703 - P14756 - INFO - Limpando texto extenso para campo phone: (11) 2169-2076...
2025-05-22 05:23:17,703 - P14756 - INFO - Texto limpo: 11) 2169-2076
2025-05-22 05:23:17,704 - P14756 - INFO - Telefone validado: 11) 2169-2076
2025-05-22 05:23:17,704 - P14756 - INFO - Validando email: ['ismael.ribeiro@altavw.com.br', 'karlaangnes@gmail.com', 'verapapais@gmail.com']
2025-05-22 05:23:17,704 - P14756 - INFO - Limpando texto extenso para campo email: ismael.ribeiro@altavw.com.br...
2025-05-22 05:23:17,704 - P14756 - INFO - Texto limpo: ismael.ribeiro@altavw.com.br
2025-05-22 05:23:17,705 - P14756 - INFO - Email validado: ismael.ribeiro@altavw.com.br
2025-05-22 05:23:17,705 - P14756 - INFO - Validando complemento: ['Sala 205 / Torre Paris – Vila Mariana – SP Cel: (11) 9', 'Sala 11   ', 'Sala 4 – Tel: (11) 9 9922-7799 Instagram:  https://www']
2025-05-22 05:23:17,705 - P14756 - INFO - Limpando texto extenso para campo complement: Sala 205 / Torre Paris – Vila Mariana – SP Cel: (1...
2025-05-22 05:23:17,706 - P14756 - INFO - Texto limpo: Sala 205 / Torre Paris – Vila
2025-05-22 05:23:17,706 - P14756 - INFO - Complemento validado: Sala 205 / Torre Paris – Vila
2025-05-22 05:23:17,706 - P14756 - INFO - Descobrindo cidade
2025-05-22 05:23:17,706 - P14756 - INFO - Buscando cidade: Avenida Dos Coqueiros cidade SP
2025-05-22 05:23:20,396 - P14756 - WARNING - Cidade não encontrada
2025-05-22 05:23:20,396 - P14756 - INFO - Cidade descoberta: 
2025-05-22 05:23:20,397 - P14756 - INFO - Tempo de execução de processamento completo do médico: 77.21 segundos
2025-05-22 05:23:20,397 - P14756 - INFO - Resultado processado: {'Hash': '46a21b529b27c3b02f49c15a6c918ed080ddb8232821a20c05c91ad2b0133889', 'CRM': '170371', 'UF': 'SP', 'Firstname': 'MARIANA', 'LastName': 'MONTEIRO S ALTENFELDER SANTOS', 'Medical specialty': '', 'Endereco Completo A1': 'Avenida Dos Coqueiros, 300', 'Address A1': 'Avenida Dos Coqueiros', 'Numero A1': '300', 'Complement A1': 'Sala 205 / Torre Paris – Vila', 'Bairro A1': '', 'postal code A1': '', 'City A1': '', 'State A1': '', 'Phone A1': '11) 2169-2076', 'Phone A2': '', 'Cell phone A1': '', 'Cell phone A2': '', 'E-mail A1': 'ismael.ribeiro@altavw.com.br', 'E-mail A2': '', 'OPT-IN': '', 'STATUS': '', 'LOTE': ''}
2025-05-22 05:23:20,398 - P14756 - INFO - Progresso: 88.2%
2025-05-22 05:23:20,398 - P14756 - INFO - Tempo de execução de processamento do médico 2: 77.21 segundos
2025-05-22 05:23:20,398 - P14756 - INFO - 
==================================================
Processando médico 3/3
2025-05-22 05:23:20,398 - P14756 - INFO - Nome: LUCAS MOURA ARAUJO
2025-05-22 05:23:20,399 - P14756 - INFO - Início do processamento Uso de memória: 126.89 MB
2025-05-22 05:23:20,399 - P14756 - INFO - Iniciando busca para: LUCAS MOURA ARAUJO CRM 173119 SP telefone e-mail endereço
2025-05-22 05:23:21,183 - P14756 - INFO - SearX results: 13 URLs
2025-05-22 05:23:21,184 - P14756 - INFO - Após SearX Uso de memória: 126.89 MB
2025-05-22 05:23:23,948 - P14756 - INFO - Google results: 10 URLs
2025-05-22 05:23:23,948 - P14756 - INFO - Após Google Uso de memória: 127.87 MB
2025-05-22 05:23:26,393 - P14756 - INFO - Bing results: 9 URLs
2025-05-22 05:23:26,393 - P14756 - INFO - Após Bing Uso de memória: 127.87 MB
2025-05-22 05:23:26,394 - P14756 - INFO - Total de URLs únicas: 20
2025-05-22 05:23:26,394 - P14756 - INFO - Processando URL 1/20: https://www.lance.com.br/galerias/sao-paulo-conversa-com-estafe-de-lucas-moura-clube-brasileiro-insiste-em-luiz-araujo-o-fim-de-semana-do-mercado
2025-05-22 05:23:29,167 - P14756 - INFO - HTML salvo para debug: data\debug_html_v10\ebbc9dce03c15d1382ad0897e4430d91.html
2025-05-22 05:23:29,220 - P14756 - INFO - Candidates address: 0 items
2025-05-22 05:23:29,221 - P14756 - INFO - Candidates phone: 0 items
2025-05-22 05:23:29,221 - P14756 - INFO - Candidates email: 0 items
2025-05-22 05:23:29,221 - P14756 - INFO - Candidates complement: 0 items
2025-05-22 05:23:29,221 - P14756 - INFO - Candidates cep: 0 items
2025-05-22 05:23:29,221 - P14756 - INFO - Após processar URL 1 Uso de memória: 130.06 MB
2025-05-22 05:23:29,221 - P14756 - INFO - Processando URL 2/20: https://www.saobernardo.sp.gov.br/documents/10181/1598718/NM+2377+de+21.07.2023+-++Conte%C3%BAdo+Integral.pdf/a4187432-d1ec-c006-63d4-f49091328fc6
2025-05-22 05:23:29,222 - P14756 - INFO - Ignorando URL de arquivo não-HTML: https://www.saobernardo.sp.gov.br/documents/10181/1598718/NM+2377+de+21.07.2023+-++Conte%C3%BAdo+Integral.pdf/a4187432-d1ec-c006-63d4-f49091328fc6
2025-05-22 05:23:29,222 - P14756 - INFO - Após processar URL 2 Uso de memória: 128.77 MB
2025-05-22 05:23:29,222 - P14756 - INFO - Processando URL 3/20: https://www.doctoralia.com.br/lucas-moura-araujo-2/medico-de-familia-generalista/curitiba
2025-05-22 05:23:29,223 - P14756 - INFO - Ignorando URL de arquivo não-HTML: https://www.doctoralia.com.br/lucas-moura-araujo-2/medico-de-familia-generalista/curitiba
2025-05-22 05:23:29,223 - P14756 - INFO - Após processar URL 3 Uso de memória: 128.77 MB
2025-05-22 05:23:29,223 - P14756 - INFO - Processando URL 4/20: https://www.boaconsulta.com/especialista/lucas-moura-araujo-64a9b17c5a7bb86bc9019a69
2025-05-22 05:23:32,018 - P14756 - INFO - HTML salvo para debug: data\debug_html_v10\6a751e3bfe6df39ecf8c04a84d4bb62d.html
2025-05-22 05:23:32,076 - P14756 - INFO - Candidates address: 0 items
2025-05-22 05:23:32,077 - P14756 - INFO - Candidates phone: 0 items
2025-05-22 05:23:32,077 - P14756 - INFO - Candidates email: 0 items
2025-05-22 05:23:32,077 - P14756 - INFO - Candidates complement: 0 items
2025-05-22 05:23:32,077 - P14756 - INFO - Candidates cep: 0 items
2025-05-22 05:23:32,077 - P14756 - INFO - Após processar URL 4 Uso de memória: 127.93 MB
2025-05-22 05:23:32,077 - P14756 - INFO - Processando URL 5/20: https://www.sociosbrasil.com/nome/lucas-moura-araujo
2025-05-22 05:23:38,826 - P14756 - INFO - HTML salvo para debug: data\debug_html_v10\cebb27d8967e039559c89a209236021a.html
2025-05-22 05:23:38,836 - P14756 - INFO - Candidates address: 4 items
2025-05-22 05:23:38,837 - P14756 - INFO - Candidates phone: 0 items
2025-05-22 05:23:38,837 - P14756 - INFO - Candidates email: 5 items
2025-05-22 05:23:38,837 - P14756 - INFO - Candidates complement: 5 items
2025-05-22 05:23:38,837 - P14756 - INFO - Candidates cep: 8 items
2025-05-22 05:23:38,837 - P14756 - INFO - Após processar URL 5 Uso de memória: 127.93 MB
2025-05-22 05:23:38,838 - P14756 - INFO - Processando URL 6/20: https://cliniguia.com/profissionais/lucas-moura-araujo-980016289200793/
2025-05-22 05:23:43,542 - P14756 - INFO - HTML salvo para debug: data\debug_html_v10\6cc14d26d914312ce928ca1fb56182f3.html
2025-05-22 05:23:43,580 - P14756 - INFO - Candidates address: 0 items
2025-05-22 05:23:43,581 - P14756 - INFO - Candidates phone: 0 items
2025-05-22 05:23:43,581 - P14756 - INFO - Candidates email: 0 items
2025-05-22 05:23:43,581 - P14756 - INFO - Candidates complement: 0 items
2025-05-22 05:23:43,581 - P14756 - INFO - Candidates cep: 0 items
2025-05-22 05:23:43,582 - P14756 - INFO - Após processar URL 6 Uso de memória: 127.93 MB
2025-05-22 05:23:43,582 - P14756 - INFO - Processando URL 7/20: https://guiamedico.cremesp.org.br/
2025-05-22 05:23:46,229 - P14756 - INFO - HTML salvo para debug: data\debug_html_v10\7c54969580769b63edd9abaa952e1fa2.html
2025-05-22 05:23:46,234 - P14756 - INFO - Candidates address: 1 items
2025-05-22 05:23:46,235 - P14756 - INFO - Candidates phone: 1 items
2025-05-22 05:23:46,235 - P14756 - INFO - Candidates email: 0 items
2025-05-22 05:23:46,235 - P14756 - INFO - Candidates complement: 0 items
2025-05-22 05:23:46,236 - P14756 - INFO - Candidates cep: 1 items
2025-05-22 05:23:46,236 - P14756 - INFO - Após processar URL 7 Uso de memória: 127.93 MB
2025-05-22 05:23:46,236 - P14756 - INFO - Processando URL 8/20: https://www.igepps.pa.gov.br/sites/default/files/2024.02.28.DOE.pdf
2025-05-22 05:23:46,237 - P14756 - INFO - Ignorando URL de arquivo não-HTML: https://www.igepps.pa.gov.br/sites/default/files/2024.02.28.DOE.pdf
2025-05-22 05:23:46,238 - P14756 - INFO - Após processar URL 8 Uso de memória: 127.93 MB
2025-05-22 05:23:46,238 - P14756 - INFO - Processando URL 9/20: http://dados.prefeitura.sp.gov.br/dataset/0683c3e5-8ffc-4e89-b903-c36567165a00/resource/0ef4a6ed-1dd1-4600-977e-52c01dbf5161/download/2018disponibilizado.csv
2025-05-22 05:23:46,239 - P14756 - INFO - Ignorando URL de arquivo não-HTML: http://dados.prefeitura.sp.gov.br/dataset/0683c3e5-8ffc-4e89-b903-c36567165a00/resource/0ef4a6ed-1dd1-4600-977e-52c01dbf5161/download/2018disponibilizado.csv
2025-05-22 05:23:46,239 - P14756 - INFO - Após processar URL 9 Uso de memória: 127.93 MB
2025-05-22 05:23:46,239 - P14756 - INFO - Processando URL 10/20: https://www.medicosbrasil.com/profissional/lucas-moura-araujo
2025-05-22 05:23:48,434 - P14756 - INFO - HTML salvo para debug: data\debug_html_v10\f63ac0cba4485921a4b6ecc0cfac3a98.html
2025-05-22 05:23:48,436 - P14756 - INFO - Candidates address: 0 items
2025-05-22 05:23:48,436 - P14756 - INFO - Candidates phone: 0 items
2025-05-22 05:23:48,436 - P14756 - INFO - Candidates email: 0 items
2025-05-22 05:23:48,436 - P14756 - INFO - Candidates complement: 0 items
2025-05-22 05:23:48,436 - P14756 - INFO - Candidates cep: 0 items
2025-05-22 05:23:48,436 - P14756 - INFO - Após processar URL 10 Uso de memória: 127.93 MB
2025-05-22 05:23:48,437 - P14756 - INFO - Processando URL 11/20: https://guiasaudebrasil.com.br/profissional/38e4a9a3b9633045-lucas-moura-araujo/
2025-05-22 05:23:54,549 - P14756 - INFO - HTML salvo para debug: data\debug_html_v10\86919a8739eeaad5ebd9ef3b205b334a.html
2025-05-22 05:23:54,565 - P14756 - INFO - Candidates address: 0 items
2025-05-22 05:23:54,565 - P14756 - INFO - Candidates phone: 0 items
2025-05-22 05:23:54,565 - P14756 - INFO - Candidates email: 0 items
2025-05-22 05:23:54,566 - P14756 - INFO - Candidates complement: 0 items
2025-05-22 05:23:54,566 - P14756 - INFO - Candidates cep: 1 items
2025-05-22 05:23:54,566 - P14756 - INFO - Após processar URL 11 Uso de memória: 127.93 MB
2025-05-22 05:23:54,566 - P14756 - INFO - Processando URL 12/20: https://diariooficial.guarulhos.sp.gov.br/uploads/pdf/1625609670.pdf
2025-05-22 05:23:54,567 - P14756 - INFO - Ignorando URL de arquivo não-HTML: https://diariooficial.guarulhos.sp.gov.br/uploads/pdf/1625609670.pdf
2025-05-22 05:23:54,567 - P14756 - INFO - Após processar URL 12 Uso de memória: 127.93 MB
2025-05-22 05:23:54,567 - P14756 - INFO - Processando URL 13/20: https://www.reclameaqui.com.br//notredame-intermedica/pessimos-ortopedistas-da-notredame_RNB688LlTWoF-VL9/
2025-05-22 05:23:56,714 - P14756 - INFO - HTML salvo para debug: data\debug_html_v10\648803480c98beb1cc9d00d1480df0e2.html
2025-05-22 05:23:56,716 - P14756 - INFO - Candidates address: 0 items
2025-05-22 05:23:56,716 - P14756 - INFO - Candidates phone: 0 items
2025-05-22 05:23:56,716 - P14756 - INFO - Candidates email: 0 items
2025-05-22 05:23:56,716 - P14756 - INFO - Candidates complement: 0 items
2025-05-22 05:23:56,716 - P14756 - INFO - Candidates cep: 0 items
2025-05-22 05:23:56,717 - P14756 - INFO - Após processar URL 13 Uso de memória: 127.93 MB
2025-05-22 05:23:56,717 - P14756 - INFO - Processando URL 14/20: https://cnpj.biz/36454245000136
2025-05-22 05:23:58,833 - P14756 - INFO - HTML salvo para debug: data\debug_html_v10\1715b0947b8b2c896eae5decb34d57e1.html
2025-05-22 05:23:58,835 - P14756 - INFO - Candidates address: 0 items
2025-05-22 05:23:58,836 - P14756 - INFO - Candidates phone: 0 items
2025-05-22 05:23:58,836 - P14756 - INFO - Candidates email: 0 items
2025-05-22 05:23:58,836 - P14756 - INFO - Candidates complement: 0 items
2025-05-22 05:23:58,836 - P14756 - INFO - Candidates cep: 0 items
2025-05-22 05:23:58,836 - P14756 - INFO - Após processar URL 14 Uso de memória: 127.93 MB
2025-05-22 05:23:58,837 - P14756 - INFO - Processando URL 15/20: https://doe.to.gov.br/diario/2809/download
2025-05-22 05:24:01,212 - P14756 - INFO - HTML salvo para debug: data\debug_html_v10\765f68e4b8951e3c36af83ab4caebd29.html
2025-05-22 05:24:01,213 - P14756 - INFO - Candidates address: 0 items
2025-05-22 05:24:01,213 - P14756 - INFO - Candidates phone: 0 items
2025-05-22 05:24:01,213 - P14756 - INFO - Candidates email: 0 items
2025-05-22 05:24:01,213 - P14756 - INFO - Candidates complement: 0 items
2025-05-22 05:24:01,213 - P14756 - INFO - Candidates cep: 0 items
2025-05-22 05:24:01,214 - P14756 - INFO - Após processar URL 15 Uso de memória: 127.93 MB
2025-05-22 05:24:01,214 - P14756 - INFO - Processando URL 16/20: https://imprensaoficial.jundiai.sp.gov.br/wp-content/uploads/2022/04/ebe5470f-7ed1-4af0-adca-bf6af1a7c75d_Edicao-5069-06-04-2022-2.pdf
2025-05-22 05:24:01,214 - P14756 - INFO - Ignorando URL de arquivo não-HTML: https://imprensaoficial.jundiai.sp.gov.br/wp-content/uploads/2022/04/ebe5470f-7ed1-4af0-adca-bf6af1a7c75d_Edicao-5069-06-04-2022-2.pdf
2025-05-22 05:24:01,214 - P14756 - INFO - Após processar URL 16 Uso de memória: 127.93 MB
2025-05-22 05:24:01,214 - P14756 - INFO - Processando URL 17/20: https://www.reclameaqui.com.br/notredame-intermedica/pessimos-ortopedistas-da-notredame_RNB688LlTWoF-VL9/
2025-05-22 05:24:03,362 - P14756 - INFO - HTML salvo para debug: data\debug_html_v10\afd51773a25dbde8065ac0e5737c9457.html
2025-05-22 05:24:03,364 - P14756 - INFO - Candidates address: 0 items
2025-05-22 05:24:03,364 - P14756 - INFO - Candidates phone: 0 items
2025-05-22 05:24:03,364 - P14756 - INFO - Candidates email: 0 items
2025-05-22 05:24:03,364 - P14756 - INFO - Candidates complement: 0 items
2025-05-22 05:24:03,364 - P14756 - INFO - Candidates cep: 0 items
2025-05-22 05:24:03,364 - P14756 - INFO - Após processar URL 17 Uso de memória: 127.93 MB
2025-05-22 05:24:03,364 - P14756 - INFO - Processando URL 18/20: https://www.escavador.com/sobre/11328133/lucas-moura-araujo
2025-05-22 05:24:06,774 - P14756 - INFO - HTML salvo para debug: data\debug_html_v10\d5700dc5ecd3ac736dbd6d6533888636.html
2025-05-22 05:24:06,794 - P14756 - INFO - Candidates address: 0 items
2025-05-22 05:24:06,794 - P14756 - INFO - Candidates phone: 0 items
2025-05-22 05:24:06,794 - P14756 - INFO - Candidates email: 0 items
2025-05-22 05:24:06,794 - P14756 - INFO - Candidates complement: 0 items
2025-05-22 05:24:06,795 - P14756 - INFO - Candidates cep: 0 items
2025-05-22 05:24:06,795 - P14756 - INFO - Após processar URL 18 Uso de memória: 127.94 MB
2025-05-22 05:24:06,796 - P14756 - INFO - Processando URL 19/20: https://diariooficial.guarulhos.sp.gov.br/uploads/pdf/1201660730.pdf
2025-05-22 05:24:06,796 - P14756 - INFO - Ignorando URL de arquivo não-HTML: https://diariooficial.guarulhos.sp.gov.br/uploads/pdf/1201660730.pdf
2025-05-22 05:24:06,796 - P14756 - INFO - Após processar URL 19 Uso de memória: 127.94 MB
2025-05-22 05:24:06,796 - P14756 - INFO - Processando URL 20/20: https://consultacrm.com.br/
2025-05-22 05:24:10,539 - P14756 - INFO - HTML salvo para debug: data\debug_html_v10\65cadeb91ac3713432c21b535990f440.html
2025-05-22 05:24:10,551 - P14756 - INFO - Candidates address: 0 items
2025-05-22 05:24:10,553 - P14756 - INFO - Candidates phone: 0 items
2025-05-22 05:24:10,554 - P14756 - INFO - Candidates email: 0 items
2025-05-22 05:24:10,554 - P14756 - INFO - Candidates complement: 0 items
2025-05-22 05:24:10,555 - P14756 - INFO - Candidates cep: 0 items
2025-05-22 05:24:10,555 - P14756 - INFO - Após processar URL 20 Uso de memória: 127.94 MB
2025-05-22 05:24:10,555 - P14756 - INFO - Iniciando agregação e ranqueamento
2025-05-22 05:24:10,555 - P14756 - INFO - Ranked address: 5 items
2025-05-22 05:24:10,556 - P14756 - INFO - Ranked phone: 1 items
2025-05-22 05:24:10,557 - P14756 - INFO - Ranked email: 5 items
2025-05-22 05:24:10,557 - P14756 - INFO - Ranked complement: 5 items
2025-05-22 05:24:10,558 - P14756 - INFO - Ranked cep: 10 items
2025-05-22 05:24:10,558 - P14756 - INFO - Após agregação Uso de memória: 127.94 MB
2025-05-22 05:24:10,558 - P14756 - INFO - Validando endereço: ['Rua Dos Piquiroes, 40', 'Rua Martiniano De Carvalho, 960', 'Rua Pedro Amaral, 1896']
2025-05-22 05:24:10,558 - P14756 - INFO - Endereço validado: Rua Dos Piquiroes, 40
2025-05-22 05:24:10,559 - P14756 - INFO - Limpando texto extenso para campo address: Rua Dos Piquiroes, 40...
2025-05-22 05:24:10,559 - P14756 - INFO - Texto limpo: Rua Dos Piquiroes, 40
2025-05-22 05:24:10,559 - P14756 - INFO - Validando telefone: ['(11) 4349-9900']
2025-05-22 05:24:10,559 - P14756 - INFO - Limpando texto extenso para campo phone: (11) 4349-9900...
2025-05-22 05:24:10,560 - P14756 - INFO - Texto limpo: 11) 4349-9900
2025-05-22 05:24:10,560 - P14756 - INFO - Telefone validado: 11) 4349-9900
2025-05-22 05:24:10,560 - P14756 - INFO - Validando email: ['CONTATO@OGSSAUDE.COM.BR', 'SOCIETARIO@KSCONTABIL.SRV.BR', 'ADMINISTRACAO@GVSPERFORMANCE.COM.BR']
2025-05-22 05:24:10,560 - P14756 - INFO - Limpando texto extenso para campo email: CONTATO@OGSSAUDE.COM.BR...
2025-05-22 05:24:10,561 - P14756 - INFO - Texto limpo: contato@ogssaude.com.br
2025-05-22 05:24:10,561 - P14756 - INFO - Email validado: contato@ogssaude.com.br
2025-05-22 05:24:10,561 - P14756 - INFO - Validando complemento: ['Sala  111 Parque Residencial Aquarius', 'Apt   41 Bela Vista', 'Sala  804 Parque Residencial Aquarius']
2025-05-22 05:24:10,562 - P14756 - INFO - Limpando texto extenso para campo complement: Sala  111 Parque Residencial Aquarius...
2025-05-22 05:24:10,562 - P14756 - INFO - Texto limpo: Sala 111 Parque Residencial A
2025-05-22 05:24:10,562 - P14756 - INFO - Complemento validado: Sala 111 Parque Residencial A
2025-05-22 05:24:10,562 - P14756 - INFO - Descobrindo cidade
2025-05-22 05:24:10,562 - P14756 - INFO - Buscando cidade: Rua Dos Piquiroes cidade SP
2025-05-22 05:24:13,168 - P14756 - WARNING - Cidade não encontrada
2025-05-22 05:24:13,168 - P14756 - INFO - Cidade descoberta: 
2025-05-22 05:24:13,168 - P14756 - INFO - Tempo de execução de processamento completo do médico: 52.77 segundos
2025-05-22 05:24:13,169 - P14756 - INFO - Resultado processado: {'Hash': 'e24c29626a8143bd74deffd09f3d87b715a60fef92976eaba390c77a6c80635b', 'CRM': '173119', 'UF': 'SP', 'Firstname': 'LUCAS', 'LastName': 'MOURA ARAUJO', 'Medical specialty': '', 'Endereco Completo A1': 'Rua Dos Piquiroes, 40', 'Address A1': 'Rua Dos Piquiroes', 'Numero A1': '40', 'Complement A1': 'Sala 111 Parque Residencial A', 'Bairro A1': '', 'postal code A1': '', 'City A1': '', 'State A1': '', 'Phone A1': '11) 4349-9900', 'Phone A2': '', 'Cell phone A1': '', 'Cell phone A2': '', 'E-mail A1': 'contato@ogssaude.com.br', 'E-mail A2': '', 'OPT-IN': '', 'STATUS': '', 'LOTE': ''}
2025-05-22 05:24:13,169 - P14756 - INFO - Salvando lote de resultados
2025-05-22 05:24:13,170 - P14756 - INFO - Após salvar resultados Uso de memória: 126.96 MB
2025-05-22 05:24:13,170 - P14756 - INFO - Progresso: 88.6%
2025-05-22 05:24:13,170 - P14756 - INFO - Tempo de execução de processamento do médico 3: 52.77 segundos
2025-05-22 05:24:13,170 - P14756 - INFO - Tempo de execução de processamento do lote completo: 225.18 segundos
