2025-05-22 04:51:53,394 - P14756 - INFO - 
==================================================
Processando médico 1/3
2025-05-22 04:51:53,395 - P14756 - INFO - Nome: GERALDO EDUARDO DE FARIA
2025-05-22 04:51:53,395 - P14756 - INFO - Reiniciando driver do Chrome
2025-05-22 04:51:54,646 - P14756 - INFO - Após reiniciar driver Uso de memória: 127.54 MB
2025-05-22 04:51:54,646 - P14756 - INFO - Início do processamento Uso de memória: 127.54 MB
2025-05-22 04:51:54,647 - P14756 - INFO - Iniciando busca para: GERALDO EDUARDO DE FARIA CRM 15165 SP telefone e-mail endereço
2025-05-22 04:51:55,464 - P14756 - INFO - SearX results: 15 URLs
2025-05-22 04:51:55,464 - P14756 - INFO - Após SearX Uso de memória: 127.54 MB
2025-05-22 04:51:58,511 - P14756 - INFO - Google results: 9 URLs
2025-05-22 04:51:58,511 - P14756 - INFO - Após Google Uso de memória: 128.61 MB
2025-05-22 04:52:01,260 - P14756 - INFO - Bing results: 12 URLs
2025-05-22 04:52:01,260 - P14756 - INFO - Após Bing Uso de memória: 130.53 MB
2025-05-22 04:52:01,260 - P14756 - INFO - Total de URLs únicas: 24
2025-05-22 04:52:01,260 - P14756 - INFO - Processando URL 1/24: https://www.encontrabrasil.com.br/urologia/rio-claro-sp/sobre/dr-geraldo-eduardo-de-faria
2025-05-22 04:52:04,339 - P14756 - INFO - HTML salvo para debug: data\debug_html_v10\dc33984f07b31fd98093a61493f79bfd.html
2025-05-22 04:52:04,372 - P14756 - INFO - Candidates address: 1 items
2025-05-22 04:52:04,373 - P14756 - INFO - Candidates phone: 1 items
2025-05-22 04:52:04,373 - P14756 - INFO - Candidates email: 0 items
2025-05-22 04:52:04,373 - P14756 - INFO - Candidates complement: 0 items
2025-05-22 04:52:04,373 - P14756 - INFO - Candidates cep: 1 items
2025-05-22 04:52:04,373 - P14756 - INFO - Após processar URL 1 Uso de memória: 130.53 MB
2025-05-22 04:52:04,374 - P14756 - INFO - Processando URL 2/24: https://osasco.sp.gov.br/site/wp-content/uploads/2022/02/iomo540.pdf
2025-05-22 04:52:04,374 - P14756 - INFO - Ignorando URL de arquivo não-HTML: https://osasco.sp.gov.br/site/wp-content/uploads/2022/02/iomo540.pdf
2025-05-22 04:52:04,374 - P14756 - INFO - Após processar URL 2 Uso de memória: 130.53 MB
2025-05-22 04:52:04,374 - P14756 - INFO - Processando URL 3/24: https://crmvsp.gov.br/wp-content/uploads/2020/06/info_crmv_49.pdf
2025-05-22 04:52:04,374 - P14756 - INFO - Ignorando URL de arquivo não-HTML: https://crmvsp.gov.br/wp-content/uploads/2020/06/info_crmv_49.pdf
2025-05-22 04:52:04,374 - P14756 - INFO - Após processar URL 3 Uso de memória: 130.53 MB
2025-05-22 04:52:04,374 - P14756 - INFO - Processando URL 4/24: https://www.academiamedicinasaopaulo.org.br/membros-academicos/geraldo-eduardo-de-faria/
2025-05-22 04:52:09,426 - P14756 - INFO - HTML salvo para debug: data\debug_html_v10\3a504bdfd3316e06fe5da8eee4a8a70e.html
2025-05-22 04:52:09,449 - P14756 - INFO - Candidates address: 1 items
2025-05-22 04:52:09,449 - P14756 - INFO - Candidates phone: 2 items
2025-05-22 04:52:09,449 - P14756 - INFO - Candidates email: 1 items
2025-05-22 04:52:09,449 - P14756 - INFO - Candidates complement: 0 items
2025-05-22 04:52:09,450 - P14756 - INFO - Candidates cep: 2 items
2025-05-22 04:52:09,450 - P14756 - INFO - Após processar URL 4 Uso de memória: 130.52 MB
2025-05-22 04:52:09,450 - P14756 - INFO - Processando URL 5/24: https://biblioteca.mpf.mp.br/server/api/core/bitstreams/7a3d5ec6-6a95-45b4-88e8-0632bcbb17e3/content
2025-05-22 04:52:11,922 - P14756 - INFO - HTML salvo para debug: data\debug_html_v10\f444f006161bb021b663c6679c6c6e64.html
2025-05-22 04:52:11,922 - P14756 - INFO - Candidates address: 0 items
2025-05-22 04:52:11,922 - P14756 - INFO - Candidates phone: 0 items
2025-05-22 04:52:11,923 - P14756 - INFO - Candidates email: 0 items
2025-05-22 04:52:11,923 - P14756 - INFO - Candidates complement: 0 items
2025-05-22 04:52:11,923 - P14756 - INFO - Candidates cep: 0 items
2025-05-22 04:52:11,923 - P14756 - INFO - Após processar URL 5 Uso de memória: 130.52 MB
2025-05-22 04:52:11,923 - P14756 - INFO - Processando URL 6/24: https://guiamedico.cremesp.org.br/
2025-05-22 04:52:15,075 - P14756 - INFO - HTML salvo para debug: data\debug_html_v10\7c54969580769b63edd9abaa952e1fa2.html
2025-05-22 04:52:15,083 - P14756 - INFO - Candidates address: 1 items
2025-05-22 04:52:15,083 - P14756 - INFO - Candidates phone: 1 items
2025-05-22 04:52:15,083 - P14756 - INFO - Candidates email: 0 items
2025-05-22 04:52:15,084 - P14756 - INFO - Candidates complement: 0 items
2025-05-22 04:52:15,084 - P14756 - INFO - Candidates cep: 1 items
2025-05-22 04:52:15,084 - P14756 - INFO - Após processar URL 6 Uso de memória: 130.52 MB
2025-05-22 04:52:15,085 - P14756 - INFO - Processando URL 7/24: https://listamedicos.com/medico/geraldo-eduardo-de-faria
2025-05-22 04:52:19,009 - P14756 - INFO - HTML salvo para debug: data\debug_html_v10\dd988f8f7fe8a3da464b3641d4c3b4c8.html
2025-05-22 04:52:19,018 - P14756 - INFO - Candidates address: 0 items
2025-05-22 04:52:19,018 - P14756 - INFO - Candidates phone: 0 items
2025-05-22 04:52:19,018 - P14756 - INFO - Candidates email: 0 items
2025-05-22 04:52:19,018 - P14756 - INFO - Candidates complement: 0 items
2025-05-22 04:52:19,019 - P14756 - INFO - Candidates cep: 2 items
2025-05-22 04:52:19,019 - P14756 - INFO - Após processar URL 7 Uso de memória: 130.53 MB
2025-05-22 04:52:19,019 - P14756 - INFO - Processando URL 8/24: https://www.doctoralia.com.br/geraldo-eduardo-de-faria/urologista/rio-claro2
2025-05-22 04:52:19,019 - P14756 - INFO - Ignorando URL de arquivo não-HTML: https://www.doctoralia.com.br/geraldo-eduardo-de-faria/urologista/rio-claro2
2025-05-22 04:52:19,019 - P14756 - INFO - Após processar URL 8 Uso de memória: 130.53 MB
2025-05-22 04:52:19,020 - P14756 - INFO - Processando URL 9/24: https://diariooficial.guarulhos.sp.gov.br/uploads/pdf/1393386040.pdf
2025-05-22 04:52:19,020 - P14756 - INFO - Ignorando URL de arquivo não-HTML: https://diariooficial.guarulhos.sp.gov.br/uploads/pdf/1393386040.pdf
2025-05-22 04:52:19,020 - P14756 - INFO - Após processar URL 9 Uso de memória: 130.53 MB
2025-05-22 04:52:19,020 - P14756 - INFO - Processando URL 10/24: https://www.catalogo.med.br/doutor/geraldo-eduardo-de-faria-1372595.htm
2025-05-22 04:52:21,174 - P14756 - INFO - HTML salvo para debug: data\debug_html_v10\2c84ef0ef3f6885ed2f9447644234f61.html
2025-05-22 04:52:21,175 - P14756 - INFO - Candidates address: 0 items
2025-05-22 04:52:21,175 - P14756 - INFO - Candidates phone: 0 items
2025-05-22 04:52:21,175 - P14756 - INFO - Candidates email: 1 items
2025-05-22 04:52:21,175 - P14756 - INFO - Candidates complement: 0 items
2025-05-22 04:52:21,175 - P14756 - INFO - Candidates cep: 0 items
2025-05-22 04:52:21,176 - P14756 - INFO - Após processar URL 10 Uso de memória: 130.53 MB
2025-05-22 04:52:21,176 - P14756 - INFO - Processando URL 11/24: https://www.helpsaude.com/geraldo-eduardo-de-faria-crmsp-15165
2025-05-22 04:52:27,967 - P14756 - INFO - HTML salvo para debug: data\debug_html_v10\a7e120168053e632d7e1cd62b6fde293.html
2025-05-22 04:52:27,982 - P14756 - INFO - Candidates address: 0 items
2025-05-22 04:52:27,986 - P14756 - INFO - Candidates phone: 0 items
2025-05-22 04:52:27,986 - P14756 - INFO - Candidates email: 0 items
2025-05-22 04:52:27,986 - P14756 - INFO - Candidates complement: 0 items
2025-05-22 04:52:27,986 - P14756 - INFO - Candidates cep: 1 items
2025-05-22 04:52:27,986 - P14756 - INFO - Após processar URL 11 Uso de memória: 130.53 MB
2025-05-22 04:52:27,987 - P14756 - INFO - Processando URL 12/24: https://osasco.sp.gov.br/site/wp-content/uploads/2019/02/httphomologacao.osasco.sp_.gov_.brcompsec7atosOsasco_1550285616_7.pdf
2025-05-22 04:52:27,988 - P14756 - INFO - Ignorando URL de arquivo não-HTML: https://osasco.sp.gov.br/site/wp-content/uploads/2019/02/httphomologacao.osasco.sp_.gov_.brcompsec7atosOsasco_1550285616_7.pdf
2025-05-22 04:52:27,988 - P14756 - INFO - Após processar URL 12 Uso de memória: 130.53 MB
2025-05-22 04:52:27,989 - P14756 - INFO - Processando URL 13/24: https://www.saobernardo.sp.gov.br/documents/10181/1018801/NM+2170+de+11.09.2020+-+Conteu%CC%81do+Integral.pdf/d930cb0b-57e3-cce1-abab-7af322c9cbe9
2025-05-22 04:52:27,990 - P14756 - INFO - Ignorando URL de arquivo não-HTML: https://www.saobernardo.sp.gov.br/documents/10181/1018801/NM+2170+de+11.09.2020+-+Conteu%CC%81do+Integral.pdf/d930cb0b-57e3-cce1-abab-7af322c9cbe9
2025-05-22 04:52:27,990 - P14756 - INFO - Após processar URL 13 Uso de memória: 130.53 MB
2025-05-22 04:52:27,991 - P14756 - INFO - Processando URL 14/24: https://diariooficial.guarulhos.sp.gov.br/uploads/pdf/568137836.pdf
2025-05-22 04:52:27,991 - P14756 - INFO - Ignorando URL de arquivo não-HTML: https://diariooficial.guarulhos.sp.gov.br/uploads/pdf/568137836.pdf
2025-05-22 04:52:27,991 - P14756 - INFO - Após processar URL 14 Uso de memória: 130.53 MB
2025-05-22 04:52:27,992 - P14756 - INFO - Processando URL 15/24: https://www.doctoralia.com.br/urologista/rio-claro2
2025-05-22 04:52:27,992 - P14756 - INFO - Ignorando URL de arquivo não-HTML: https://www.doctoralia.com.br/urologista/rio-claro2
2025-05-22 04:52:27,993 - P14756 - INFO - Após processar URL 15 Uso de memória: 130.53 MB
2025-05-22 04:52:27,993 - P14756 - INFO - Processando URL 16/24: https://br.todosnegocios.com/pt/dr-geraldo-eduardo-de-faria-urologista-19-3534-2211
2025-05-22 04:52:32,059 - P14756 - INFO - HTML salvo para debug: data\debug_html_v10\fe5f2a2783e727e4a195a31bab1f35fa.html
2025-05-22 04:52:32,074 - P14756 - INFO - Candidates address: 2 items
2025-05-22 04:52:32,074 - P14756 - INFO - Candidates phone: 1 items
2025-05-22 04:52:32,074 - P14756 - INFO - Candidates email: 0 items
2025-05-22 04:52:32,074 - P14756 - INFO - Candidates complement: 0 items
2025-05-22 04:52:32,075 - P14756 - INFO - Candidates cep: 2 items
2025-05-22 04:52:32,075 - P14756 - INFO - Após processar URL 16 Uso de memória: 130.54 MB
2025-05-22 04:52:32,075 - P14756 - INFO - Processando URL 17/24: https://dosp.com.br/exibe_do.php?i=NDAxMDIz
2025-05-22 04:52:34,207 - P14756 - INFO - HTML salvo para debug: data\debug_html_v10\964cf9f37ab1314a25667f8dfc77e053.html
2025-05-22 04:52:34,207 - P14756 - INFO - Candidates address: 0 items
2025-05-22 04:52:34,208 - P14756 - INFO - Candidates phone: 0 items
2025-05-22 04:52:34,208 - P14756 - INFO - Candidates email: 0 items
2025-05-22 04:52:34,208 - P14756 - INFO - Candidates complement: 0 items
2025-05-22 04:52:34,208 - P14756 - INFO - Candidates cep: 0 items
2025-05-22 04:52:34,208 - P14756 - INFO - Após processar URL 17 Uso de memória: 130.54 MB
2025-05-22 04:52:34,208 - P14756 - INFO - Processando URL 18/24: https://www.doctoralia.com.br/urologista/rio-claro2/unimed
2025-05-22 04:52:34,208 - P14756 - INFO - Ignorando URL de arquivo não-HTML: https://www.doctoralia.com.br/urologista/rio-claro2/unimed
2025-05-22 04:52:34,209 - P14756 - INFO - Após processar URL 18 Uso de memória: 130.54 MB
2025-05-22 04:52:34,209 - P14756 - INFO - Processando URL 19/24: https://www.doctoralia.com.br/urologista/rio-claro2/cidade-jardim11
2025-05-22 04:52:34,209 - P14756 - INFO - Ignorando URL de arquivo não-HTML: https://www.doctoralia.com.br/urologista/rio-claro2/cidade-jardim11
2025-05-22 04:52:34,209 - P14756 - INFO - Após processar URL 19 Uso de memória: 130.54 MB
2025-05-22 04:52:34,209 - P14756 - INFO - Processando URL 20/24: https://www.boaconsulta.com/especialista/geraldo-eduardo-de-faria-6106c38fa2e00a5d36000e34
2025-05-22 04:52:37,806 - P14756 - INFO - HTML salvo para debug: data\debug_html_v10\4129f1d06bc14370f4c88ae9ca452f78.html
2025-05-22 04:52:37,876 - P14756 - INFO - Candidates address: 1 items
2025-05-22 04:52:37,877 - P14756 - INFO - Candidates phone: 0 items
2025-05-22 04:52:37,877 - P14756 - INFO - Candidates email: 0 items
2025-05-22 04:52:37,878 - P14756 - INFO - Candidates complement: 0 items
2025-05-22 04:52:37,878 - P14756 - INFO - Candidates cep: 0 items
2025-05-22 04:52:37,878 - P14756 - INFO - Após processar URL 20 Uso de memória: 130.54 MB
2025-05-22 04:52:37,878 - P14756 - INFO - Processando URL 21/24: https://cliniguia.com/profissionais/geraldo-eduardo-de-faria-203680707560006/
2025-05-22 04:52:43,205 - P14756 - INFO - HTML salvo para debug: data\debug_html_v10\67a299a9f7d94afafcbc15776162f6d7.html
2025-05-22 04:52:43,255 - P14756 - INFO - Candidates address: 0 items
2025-05-22 04:52:43,255 - P14756 - INFO - Candidates phone: 0 items
2025-05-22 04:52:43,256 - P14756 - INFO - Candidates email: 0 items
2025-05-22 04:52:43,256 - P14756 - INFO - Candidates complement: 0 items
2025-05-22 04:52:43,256 - P14756 - INFO - Candidates cep: 0 items
2025-05-22 04:52:43,256 - P14756 - INFO - Após processar URL 21 Uso de memória: 130.55 MB
2025-05-22 04:52:43,256 - P14756 - INFO - Processando URL 22/24: https://sistemas.tjes.jus.br/ediario/index.php?option=com_ediario&view=contents&layout=fulltext&data=20170417&idorgao=545
2025-05-22 04:52:48,938 - P14756 - INFO - HTML salvo para debug: data\debug_html_v10\be704b75e23a782551374ad507c32d5b.html
2025-05-22 04:52:49,634 - P14756 - INFO - Candidates address: 26 items
2025-05-22 04:52:49,641 - P14756 - INFO - Candidates phone: 5 items
2025-05-22 04:52:49,657 - P14756 - INFO - Candidates email: 4 items
2025-05-22 04:52:49,657 - P14756 - INFO - Candidates complement: 1 items
2025-05-22 04:52:49,658 - P14756 - INFO - Candidates cep: 21 items
2025-05-22 04:52:49,659 - P14756 - INFO - Após processar URL 22 Uso de memória: 132.31 MB
2025-05-22 04:52:49,663 - P14756 - INFO - Processando URL 23/24: https://melhores.com/urologista/rio-claro-sp/geraldo-eduardo-de-faria
2025-05-22 04:52:52,018 - P14756 - INFO - HTML salvo para debug: data\debug_html_v10\beaf5284f54d0acb0eb7773da71d1cb1.html
2025-05-22 04:52:52,021 - P14756 - INFO - Candidates address: 0 items
2025-05-22 04:52:52,022 - P14756 - INFO - Candidates phone: 0 items
2025-05-22 04:52:52,022 - P14756 - INFO - Candidates email: 0 items
2025-05-22 04:52:52,022 - P14756 - INFO - Candidates complement: 0 items
2025-05-22 04:52:52,023 - P14756 - INFO - Candidates cep: 0 items
2025-05-22 04:52:52,023 - P14756 - INFO - Após processar URL 23 Uso de memória: 130.56 MB
2025-05-22 04:52:52,023 - P14756 - INFO - Processando URL 24/24: https://consultacrm.com.br/
2025-05-22 04:52:54,224 - P14756 - INFO - HTML salvo para debug: data\debug_html_v10\65cadeb91ac3713432c21b535990f440.html
2025-05-22 04:52:54,237 - P14756 - INFO - Candidates address: 0 items
2025-05-22 04:52:54,238 - P14756 - INFO - Candidates phone: 0 items
2025-05-22 04:52:54,238 - P14756 - INFO - Candidates email: 0 items
2025-05-22 04:52:54,238 - P14756 - INFO - Candidates complement: 0 items
2025-05-22 04:52:54,238 - P14756 - INFO - Candidates cep: 0 items
2025-05-22 04:52:54,238 - P14756 - INFO - Após processar URL 24 Uso de memória: 130.57 MB
2025-05-22 04:52:54,238 - P14756 - INFO - Iniciando agregação e ranqueamento
2025-05-22 04:52:54,239 - P14756 - INFO - Ranked address: 32 items
2025-05-22 04:52:54,239 - P14756 - INFO - Ranked phone: 9 items
2025-05-22 04:52:54,239 - P14756 - INFO - Ranked email: 6 items
2025-05-22 04:52:54,239 - P14756 - INFO - Ranked complement: 1 items
2025-05-22 04:52:54,239 - P14756 - INFO - Ranked cep: 28 items
2025-05-22 04:52:54,239 - P14756 - INFO - Após agregação Uso de memória: 130.57 MB
2025-05-22 04:52:54,240 - P14756 - INFO - Validando endereço: ['R. GERALDO EDUARDO DE FARIA 0 0', 'Av. Brigadeiro Luís Antônio, 278', 'Rua Frei Caneca, 1282']
2025-05-22 04:52:54,240 - P14756 - INFO - Endereço validado: R. GERALDO EDUARDO DE FARIA 0 0
2025-05-22 04:52:54,240 - P14756 - INFO - Limpando texto extenso para campo address: R. GERALDO EDUARDO DE FARIA 0 0...
2025-05-22 04:52:54,240 - P14756 - INFO - Texto limpo: R. GERALDO EDUARDO DE FARIA 0 0
2025-05-22 04:52:54,240 - P14756 - INFO - Validando telefone: ['(19) 3534-2211', '(11) 99825-8914', '+5511998258914']
2025-05-22 04:52:54,240 - P14756 - INFO - Limpando texto extenso para campo phone: (19) 3534-2211...
2025-05-22 04:52:54,240 - P14756 - INFO - Texto limpo: 19) 3534-2211
2025-05-22 04:52:54,240 - P14756 - INFO - Telefone validado: 19) 3534-2211
2025-05-22 04:52:54,241 - P14756 - INFO - Validando email: ['contato@academiamedicinasaopaulo.org.br', 'webmaster@catalogo.med.br', 'willianpersio@hotmail.com']
2025-05-22 04:52:54,241 - P14756 - INFO - Limpando texto extenso para campo email: contato@academiamedicinasaopaulo.org.br...
2025-05-22 04:52:54,241 - P14756 - INFO - Texto limpo: contato@academiamedicinasaopaulo.org.br
2025-05-22 04:52:54,241 - P14756 - INFO - Email validado: contato@academiamedicinasaopaulo.org.br
2025-05-22 04:52:54,241 - P14756 - INFO - Validando complemento: ['Sala de Audiências da 8ª Vara Criminal de Vila Velha/E']
2025-05-22 04:52:54,241 - P14756 - INFO - Limpando texto extenso para campo complement: Sala de Audiências da 8ª Vara Criminal de Vila Vel...
2025-05-22 04:52:54,241 - P14756 - INFO - Texto limpo: Sala de Audiências da 8ª Vara
2025-05-22 04:52:54,242 - P14756 - INFO - Complemento validado: Sala de Audiências da 8ª Vara
2025-05-22 04:52:54,242 - P14756 - INFO - Descobrindo cidade
2025-05-22 04:52:54,242 - P14756 - INFO - Buscando cidade: R. GERALDO EDUARDO DE FARIA 0 0 cidade SP
2025-05-22 04:52:57,073 - P14756 - WARNING - Cidade não encontrada
2025-05-22 04:52:57,073 - P14756 - INFO - Cidade descoberta: 
2025-05-22 04:52:57,074 - P14756 - INFO - Tempo de execução de processamento completo do médico: 62.43 segundos
2025-05-22 04:52:57,075 - P14756 - INFO - Resultado processado: {'Hash': '98b609f50328552778941d651e03213df0cdccf3cb9762c86022d5b08a32c193', 'CRM': '15165', 'UF': 'SP', 'Firstname': 'GERALDO', 'LastName': 'EDUARDO DE FARIA', 'Medical specialty': '', 'Endereco Completo A1': 'R. GERALDO EDUARDO DE FARIA 0 0', 'Address A1': 'R. GERALDO EDUARDO DE FARIA 0 0', 'Numero A1': '', 'Complement A1': 'Sala de Audiências da 8ª Vara', 'Bairro A1': '', 'postal code A1': '', 'City A1': '', 'State A1': '', 'Phone A1': '19) 3534-2211', 'Phone A2': '', 'Cell phone A1': '', 'Cell phone A2': '', 'E-mail A1': 'contato@academiamedicinasaopaulo.org.br', 'E-mail A2': '', 'OPT-IN': '', 'STATUS': '', 'LOTE': ''}
2025-05-22 04:52:57,084 - P14756 - INFO - Progresso: 78.1%
2025-05-22 04:52:57,088 - P14756 - INFO - Executando coleta de lixo
2025-05-22 04:52:57,182 - P14756 - INFO - Após coleta de lixo Uso de memória: 128.58 MB
2025-05-22 04:52:57,184 - P14756 - INFO - Tempo de execução de processamento do médico 1: 63.79 segundos
2025-05-22 04:52:57,185 - P14756 - INFO - 
==================================================
Processando médico 2/3
2025-05-22 04:52:57,186 - P14756 - INFO - Nome: ROBERTO CATANI
2025-05-22 04:52:57,186 - P14756 - INFO - Início do processamento Uso de memória: 128.58 MB
2025-05-22 04:52:57,187 - P14756 - INFO - Iniciando busca para: ROBERTO CATANI CRM 15198 SP telefone e-mail endereço
2025-05-22 04:52:58,005 - P14756 - INFO - SearX results: 13 URLs
2025-05-22 04:52:58,005 - P14756 - INFO - Após SearX Uso de memória: 128.58 MB
2025-05-22 04:53:00,597 - P14756 - INFO - Google results: 1 URLs
2025-05-22 04:53:00,597 - P14756 - INFO - Após Google Uso de memória: 128.58 MB
2025-05-22 04:53:03,036 - P14756 - INFO - Bing results: 10 URLs
2025-05-22 04:53:03,036 - P14756 - INFO - Após Bing Uso de memória: 128.58 MB
2025-05-22 04:53:03,037 - P14756 - INFO - Total de URLs únicas: 13
2025-05-22 04:53:03,037 - P14756 - INFO - Processando URL 1/13: https://www.consultacrm.com.br/index/profissionais
2025-05-22 04:53:06,468 - P14756 - INFO - HTML salvo para debug: data\debug_html_v10\ca7ac6c4b85cee4a2c1da9949f895117.html
2025-05-22 04:53:06,480 - P14756 - INFO - Candidates address: 0 items
2025-05-22 04:53:06,481 - P14756 - INFO - Candidates phone: 0 items
2025-05-22 04:53:06,481 - P14756 - INFO - Candidates email: 0 items
2025-05-22 04:53:06,481 - P14756 - INFO - Candidates complement: 0 items
2025-05-22 04:53:06,482 - P14756 - INFO - Candidates cep: 0 items
2025-05-22 04:53:06,482 - P14756 - INFO - Após processar URL 1 Uso de memória: 128.59 MB
2025-05-22 04:53:06,482 - P14756 - INFO - Processando URL 2/13: https://www.helpsaude.com/Roberto-Catani.SP
2025-05-22 04:53:09,364 - P14756 - INFO - HTML salvo para debug: data\debug_html_v10\ab135ba2198218f44720a2e9898f9ae0.html
2025-05-22 04:53:09,395 - P14756 - INFO - Candidates address: 0 items
2025-05-22 04:53:09,396 - P14756 - INFO - Candidates phone: 0 items
2025-05-22 04:53:09,396 - P14756 - INFO - Candidates email: 0 items
2025-05-22 04:53:09,396 - P14756 - INFO - Candidates complement: 0 items
2025-05-22 04:53:09,397 - P14756 - INFO - Candidates cep: 0 items
2025-05-22 04:53:09,397 - P14756 - INFO - Após processar URL 2 Uso de memória: 128.60 MB
2025-05-22 04:53:09,397 - P14756 - INFO - Processando URL 3/13: https://www.tjpr.jus.br/documents/13302/5615790/JU2003_01_28.pdf/e7327b85-7acf-4fe8-be1c-260c66d7e09f?version=1.0
2025-05-22 04:53:09,398 - P14756 - INFO - Ignorando URL de arquivo não-HTML: https://www.tjpr.jus.br/documents/13302/5615790/JU2003_01_28.pdf/e7327b85-7acf-4fe8-be1c-260c66d7e09f?version=1.0
2025-05-22 04:53:09,399 - P14756 - INFO - Após processar URL 3 Uso de memória: 128.60 MB
2025-05-22 04:53:09,403 - P14756 - INFO - Processando URL 4/13: https://www.doctuo.com.br/medicos/roberto-catani
2025-05-22 04:53:09,404 - P14756 - INFO - Ignorando URL de arquivo não-HTML: https://www.doctuo.com.br/medicos/roberto-catani
2025-05-22 04:53:09,406 - P14756 - INFO - Após processar URL 4 Uso de memória: 128.60 MB
2025-05-22 04:53:09,416 - P14756 - INFO - Processando URL 5/13: http://repositorio.febab.org.br/items...?page=10&amp%3Bamp%3Bamp%3Bamp%3Bsort_field=Dublin+Core%2CTitle&amp%3Bamp%3Bamp%3Bamp%3Bsort_dir=d&amp%3Bamp%3Bamp%3Bamp%3Boutput=omeka-xml&amp%3Bamp%3Bamp%3Bsort_field=Dublin+Core%2CCreator&amp%3Bamp%3Bamp%3Bsort_dir=a&amp%3Bamp%3Bamp%3Boutput=omeka-xml&amp%3Bamp%3Bsort_field=Dublin+Core%2CCreator&amp%3Bamp%3Boutput=omeka-xml&amp%3Bsort_field=Dublin+Core%2CCreator&amp%3Bsort_dir=d&amp%3Boutput=omeka-xml&sort_field=Dublin+Core%2CCreator&output=omeka-xml
2025-05-22 04:53:58,567 - P14756 - ERROR - Erro ao baixar HTML de http://repositorio.febab.org.br/items...?page=10&amp%3Bamp%3Bamp%3Bamp%3Bsort_field=Dublin+Core%2CTitle&amp%3Bamp%3Bamp%3Bamp%3Bsort_dir=d&amp%3Bamp%3Bamp%3Bamp%3Boutput=omeka-xml&amp%3Bamp%3Bamp%3Bsort_field=Dublin+Core%2CCreator&amp%3Bamp%3Bamp%3Bsort_dir=a&amp%3Bamp%3Bamp%3Boutput=omeka-xml&amp%3Bamp%3Bsort_field=Dublin+Core%2CCreator&amp%3Bamp%3Boutput=omeka-xml&amp%3Bsort_field=Dublin+Core%2CCreator&amp%3Bsort_dir=d&amp%3Boutput=omeka-xml&sort_field=Dublin+Core%2CCreator&output=omeka-xml: Message: timeout: Timed out receiving message from renderer: 30.000
  (Session info: chrome=136.0.7103.114)
Stacktrace:
	GetHandleVerifier [0x00007FF75763CF45+75717]
	GetHandleVerifier [0x00007FF75763CFA0+75808]
	(No symbol) [0x00007FF757408F9A]
	(No symbol) [0x00007FF7573F64EC]
	(No symbol) [0x00007FF7573F61DA]
	(No symbol) [0x00007FF7573F3E8A]
	(No symbol) [0x00007FF7573F483F]
	(No symbol) [0x00007FF7574033AE]
	(No symbol) [0x00007FF7574197E1]
	(No symbol) [0x00007FF75742091A]
	(No symbol) [0x00007FF7573F4FAD]
	(No symbol) [0x00007FF7574194D0]
	(No symbol) [0x00007FF7574AF276]
	(No symbol) [0x00007FF757487153]
	(No symbol) [0x00007FF757450421]
	(No symbol) [0x00007FF7574511B3]
	GetHandleVerifier [0x00007FF75793D71D+3223453]
	GetHandleVerifier [0x00007FF757937CC2+3200322]
	GetHandleVerifier [0x00007FF757955AF3+3322739]
	GetHandleVerifier [0x00007FF757656A1A+180890]
	GetHandleVerifier [0x00007FF75765E11F+211359]
	GetHandleVerifier [0x00007FF757645294+109332]
	GetHandleVerifier [0x00007FF757645442+109762]
	GetHandleVerifier [0x00007FF75762BA59+4825]
	BaseThreadInitThunk [0x00007FFFFE757344+20]
	RtlUserThreadStart [0x00007FFFFF4026B1+33]

2025-05-22 04:53:58,570 - P14756 - INFO - Após processar URL 5 Uso de memória: 128.60 MB
2025-05-22 04:53:58,570 - P14756 - INFO - Processando URL 6/13: https://www.consultacrm.com.br/index/profissionais/uid-127785f8-f5c5-11ec-9e74-0a4aa568c625/roberto_catani
2025-05-22 04:54:11,789 - P14756 - INFO - HTML salvo para debug: data\debug_html_v10\0350cb01c61bd699e4fc6649f33cfedd.html
2025-05-22 04:54:11,800 - P14756 - INFO - Candidates address: 0 items
2025-05-22 04:54:11,800 - P14756 - INFO - Candidates phone: 0 items
2025-05-22 04:54:11,800 - P14756 - INFO - Candidates email: 0 items
2025-05-22 04:54:11,800 - P14756 - INFO - Candidates complement: 0 items
2025-05-22 04:54:11,801 - P14756 - INFO - Candidates cep: 0 items
2025-05-22 04:54:11,801 - P14756 - INFO - Após processar URL 6 Uso de memória: 128.61 MB
2025-05-22 04:54:11,801 - P14756 - INFO - Processando URL 7/13: https://sistemas.tjes.jus.br/ediario/index.php?option=com_ediario&view=contents&layout=fulltext&data=20180314&idorgao=347
2025-05-22 04:54:18,234 - P14756 - INFO - HTML salvo para debug: data\debug_html_v10\673a3fdae886f130caf1e8249498c19b.html
2025-05-22 04:54:20,417 - P14756 - INFO - Candidates address: 163 items
2025-05-22 04:54:20,418 - P14756 - INFO - Candidates phone: 1 items
2025-05-22 04:54:20,418 - P14756 - INFO - Candidates email: 2 items
2025-05-22 04:54:20,419 - P14756 - INFO - Candidates complement: 7 items
2025-05-22 04:54:20,419 - P14756 - INFO - Candidates cep: 65 items
2025-05-22 04:54:20,419 - P14756 - INFO - Após processar URL 7 Uso de memória: 132.40 MB
2025-05-22 04:54:20,419 - P14756 - INFO - Processando URL 8/13: https://www.sociosbrasil.com/nome/roberto-catani
2025-05-22 04:54:25,828 - P14756 - INFO - HTML salvo para debug: data\debug_html_v10\38de59db81dc40fcac3fe8de89cfe1ff.html
2025-05-22 04:54:25,834 - P14756 - INFO - Candidates address: 1 items
2025-05-22 04:54:25,834 - P14756 - INFO - Candidates phone: 0 items
2025-05-22 04:54:25,834 - P14756 - INFO - Candidates email: 0 items
2025-05-22 04:54:25,834 - P14756 - INFO - Candidates complement: 1 items
2025-05-22 04:54:25,834 - P14756 - INFO - Candidates cep: 2 items
2025-05-22 04:54:25,835 - P14756 - INFO - Após processar URL 8 Uso de memória: 128.61 MB
2025-05-22 04:54:25,835 - P14756 - INFO - Processando URL 9/13: https://www.escavador.com/sobre/715279952/roberto-catani
2025-05-22 04:54:28,770 - P14756 - INFO - HTML salvo para debug: data\debug_html_v10\94c945d1853a3e6dc37dda1361e336df.html
2025-05-22 04:54:28,789 - P14756 - INFO - Candidates address: 0 items
2025-05-22 04:54:28,790 - P14756 - INFO - Candidates phone: 0 items
2025-05-22 04:54:28,790 - P14756 - INFO - Candidates email: 0 items
2025-05-22 04:54:28,791 - P14756 - INFO - Candidates complement: 0 items
2025-05-22 04:54:28,792 - P14756 - INFO - Candidates cep: 0 items
2025-05-22 04:54:28,792 - P14756 - INFO - Após processar URL 9 Uso de memória: 128.62 MB
2025-05-22 04:54:28,793 - P14756 - INFO - Processando URL 10/13: https://cnpj.biz/55431490000172
2025-05-22 04:54:32,991 - P14756 - INFO - HTML salvo para debug: data\debug_html_v10\854f14923b2ec765557ffcab5f18ef9d.html
2025-05-22 04:54:33,006 - P14756 - INFO - Candidates address: 2 items
2025-05-22 04:54:33,006 - P14756 - INFO - Candidates phone: 1 items
2025-05-22 04:54:33,006 - P14756 - INFO - Candidates email: 1 items
2025-05-22 04:54:33,007 - P14756 - INFO - Candidates complement: 0 items
2025-05-22 04:54:33,007 - P14756 - INFO - Candidates cep: 3 items
2025-05-22 04:54:33,007 - P14756 - INFO - Após processar URL 10 Uso de memória: 128.62 MB
2025-05-22 04:54:33,007 - P14756 - INFO - Processando URL 11/13: http://cremesp.org.br/
2025-05-22 04:54:37,327 - P14756 - INFO - HTML salvo para debug: data\debug_html_v10\2a967318246f9658edeb1e0469c871fe.html
2025-05-22 04:54:37,357 - P14756 - INFO - Candidates address: 1 items
2025-05-22 04:54:37,358 - P14756 - INFO - Candidates phone: 1 items
2025-05-22 04:54:37,358 - P14756 - INFO - Candidates email: 0 items
2025-05-22 04:54:37,358 - P14756 - INFO - Candidates complement: 0 items
2025-05-22 04:54:37,359 - P14756 - INFO - Candidates cep: 2 items
2025-05-22 04:54:37,360 - P14756 - INFO - Após processar URL 11 Uso de memória: 128.62 MB
2025-05-22 04:54:37,363 - P14756 - INFO - Processando URL 12/13: https://guiamedico.cremesp.org.br/
2025-05-22 04:54:40,109 - P14756 - INFO - HTML salvo para debug: data\debug_html_v10\7c54969580769b63edd9abaa952e1fa2.html
2025-05-22 04:54:40,114 - P14756 - INFO - Candidates address: 1 items
2025-05-22 04:54:40,115 - P14756 - INFO - Candidates phone: 1 items
2025-05-22 04:54:40,115 - P14756 - INFO - Candidates email: 0 items
2025-05-22 04:54:40,115 - P14756 - INFO - Candidates complement: 0 items
2025-05-22 04:54:40,115 - P14756 - INFO - Candidates cep: 1 items
2025-05-22 04:54:40,115 - P14756 - INFO - Após processar URL 12 Uso de memória: 128.62 MB
2025-05-22 04:54:40,115 - P14756 - INFO - Processando URL 13/13: https://consultacrm.com.br/
2025-05-22 04:54:43,342 - P14756 - INFO - HTML salvo para debug: data\debug_html_v10\65cadeb91ac3713432c21b535990f440.html
2025-05-22 04:54:43,356 - P14756 - INFO - Candidates address: 0 items
2025-05-22 04:54:43,356 - P14756 - INFO - Candidates phone: 0 items
2025-05-22 04:54:43,356 - P14756 - INFO - Candidates email: 0 items
2025-05-22 04:54:43,356 - P14756 - INFO - Candidates complement: 0 items
2025-05-22 04:54:43,357 - P14756 - INFO - Candidates cep: 0 items
2025-05-22 04:54:43,357 - P14756 - INFO - Após processar URL 13 Uso de memória: 128.61 MB
2025-05-22 04:54:43,357 - P14756 - INFO - Iniciando agregação e ranqueamento
2025-05-22 04:54:43,358 - P14756 - INFO - Ranked address: 167 items
2025-05-22 04:54:43,358 - P14756 - INFO - Ranked phone: 3 items
2025-05-22 04:54:43,358 - P14756 - INFO - Ranked email: 3 items
2025-05-22 04:54:43,359 - P14756 - INFO - Ranked complement: 8 items
2025-05-22 04:54:43,359 - P14756 - INFO - Ranked cep: 72 items
2025-05-22 04:54:43,360 - P14756 - INFO - Após agregação Uso de memória: 128.61 MB
2025-05-22 04:54:43,360 - P14756 - INFO - Validando endereço: ['Rua Frei Caneca, 1282', 'R. ROBERTO MIELKE CAMATTA (OAB/ES 19.825', 'R. MARCOS CALDAS MARTINS CHAGAS  PROCESSO Nº 0029197-36.2017.8.08.0024']
2025-05-22 04:54:43,360 - P14756 - INFO - Endereço validado: Rua Frei Caneca, 1282
2025-05-22 04:54:43,360 - P14756 - INFO - Limpando texto extenso para campo address: Rua Frei Caneca, 1282...
2025-05-22 04:54:43,360 - P14756 - INFO - Texto limpo: Rua Frei Caneca, 1282
2025-05-22 04:54:43,361 - P14756 - INFO - Validando telefone: ['(11) 4349-9900', '(27) 3376-5662', '(19) 98765-0417']
2025-05-22 04:54:43,361 - P14756 - INFO - Limpando texto extenso para campo phone: (11) 4349-9900...
2025-05-22 04:54:43,361 - P14756 - INFO - Texto limpo: 11) 4349-9900
2025-05-22 04:54:43,361 - P14756 - INFO - Telefone validado: 11) 4349-9900
2025-05-22 04:54:43,361 - P14756 - INFO - Validando email: ['moacyr@escritec.cnt.br', '1falencia-vitoria@tjes.jus.br', 'katanikush2@gmail.com']
2025-05-22 04:54:43,362 - P14756 - INFO - Limpando texto extenso para campo email: moacyr@escritec.cnt.br...
2025-05-22 04:54:43,362 - P14756 - INFO - Texto limpo: moacyr@escritec.cnt.br
2025-05-22 04:54:43,362 - P14756 - INFO - Email validado: moacyr@escritec.cnt.br
2025-05-22 04:54:43,362 - P14756 - INFO - Validando complemento: ['Conjunto 16/2012 do TJ/ES.\xa0 Isto posto', 'Conjunto 16/2012', 'Apto 103 B2']
2025-05-22 04:54:43,362 - P14756 - INFO - Limpando texto extenso para campo complement: Conjunto 16/2012 do TJ/ES.  Isto posto...
2025-05-22 04:54:43,363 - P14756 - INFO - Texto limpo: Conjunto 16/2012 do TJ/ES. Is
2025-05-22 04:54:43,363 - P14756 - INFO - Complemento validado: Conjunto 16/2012 do TJ/ES. Is
2025-05-22 04:54:43,363 - P14756 - INFO - Descobrindo cidade
2025-05-22 04:54:43,363 - P14756 - INFO - Buscando cidade: Rua Frei Caneca cidade SP
2025-05-22 04:54:46,065 - P14756 - WARNING - Cidade não encontrada
2025-05-22 04:54:46,066 - P14756 - INFO - Cidade descoberta: 
2025-05-22 04:54:46,066 - P14756 - INFO - Tempo de execução de processamento completo do médico: 108.88 segundos
2025-05-22 04:54:46,067 - P14756 - INFO - Resultado processado: {'Hash': 'fbe6f2a01170a539abc4d5d92ff842394e20fc0f50268dbf7468f0903ffa0d15', 'CRM': '15198', 'UF': 'SP', 'Firstname': 'ROBERTO', 'LastName': 'CATANI', 'Medical specialty': '', 'Endereco Completo A1': 'Rua Frei Caneca, 1282', 'Address A1': 'Rua Frei Caneca', 'Numero A1': '1282', 'Complement A1': 'Conjunto 16/2012 do TJ/ES. Is', 'Bairro A1': '', 'postal code A1': '', 'City A1': '', 'State A1': '', 'Phone A1': '11) 4349-9900', 'Phone A2': '', 'Cell phone A1': '', 'Cell phone A2': '', 'E-mail A1': 'moacyr@escritec.cnt.br', 'E-mail A2': '', 'OPT-IN': '', 'STATUS': '', 'LOTE': ''}
2025-05-22 04:54:46,068 - P14756 - INFO - Progresso: 78.7%
2025-05-22 04:54:46,068 - P14756 - INFO - Tempo de execução de processamento do médico 2: 108.88 segundos
2025-05-22 04:54:46,068 - P14756 - INFO - 
==================================================
Processando médico 3/3
2025-05-22 04:54:46,068 - P14756 - INFO - Nome: JOAO SERGIO SIQUEIRA TELLES
2025-05-22 04:54:46,069 - P14756 - INFO - Início do processamento Uso de memória: 128.61 MB
2025-05-22 04:54:46,069 - P14756 - INFO - Iniciando busca para: JOAO SERGIO SIQUEIRA TELLES CRM 15442 SP telefone e-mail endereço
2025-05-22 04:54:46,950 - P14756 - INFO - SearX results: 15 URLs
2025-05-22 04:54:46,950 - P14756 - INFO - Após SearX Uso de memória: 128.61 MB
2025-05-22 04:54:50,049 - P14756 - INFO - Google results: 11 URLs
2025-05-22 04:54:50,049 - P14756 - INFO - Após Google Uso de memória: 130.34 MB
2025-05-22 04:54:52,525 - P14756 - INFO - Bing results: 10 URLs
2025-05-22 04:54:52,525 - P14756 - INFO - Após Bing Uso de memória: 130.34 MB
2025-05-22 04:54:52,525 - P14756 - INFO - Total de URLs únicas: 22
2025-05-22 04:54:52,525 - P14756 - INFO - Processando URL 1/22: https://www.consultacrm.com.br/index/medicos/uid-99012a54-f5c5-11ec-9e74-0a4aa568c625/joao_sergio_siqueira_telles
2025-05-22 04:54:56,749 - P14756 - INFO - HTML salvo para debug: data\debug_html_v10\4e4279da4667aaccdbdcb665196c1124.html
2025-05-22 04:54:56,759 - P14756 - INFO - Candidates address: 0 items
2025-05-22 04:54:56,759 - P14756 - INFO - Candidates phone: 0 items
2025-05-22 04:54:56,760 - P14756 - INFO - Candidates email: 0 items
2025-05-22 04:54:56,760 - P14756 - INFO - Candidates complement: 0 items
2025-05-22 04:54:56,760 - P14756 - INFO - Candidates cep: 0 items
2025-05-22 04:54:56,760 - P14756 - INFO - Após processar URL 1 Uso de memória: 130.34 MB
2025-05-22 04:54:56,760 - P14756 - INFO - Processando URL 2/22: https://www.crm-sp.org.br/?siteAcao=Contatos&dep=cad
2025-05-22 04:54:59,053 - P14756 - INFO - HTML salvo para debug: data\debug_html_v10\9d7a012bd98a105b7c4d3b953105f1bf.html
2025-05-22 04:54:59,073 - P14756 - INFO - Candidates address: 0 items
2025-05-22 04:54:59,095 - P14756 - INFO - Candidates phone: 0 items
2025-05-22 04:54:59,096 - P14756 - INFO - Candidates email: 0 items
2025-05-22 04:54:59,097 - P14756 - INFO - Candidates complement: 0 items
2025-05-22 04:54:59,097 - P14756 - INFO - Candidates cep: 0 items
2025-05-22 04:54:59,097 - P14756 - INFO - Após processar URL 2 Uso de memória: 130.34 MB
2025-05-22 04:54:59,098 - P14756 - INFO - Processando URL 3/22: https://osasco.sp.gov.br/site/wp-content/uploads/2022/02/iomo696.pdf
2025-05-22 04:54:59,098 - P14756 - INFO - Ignorando URL de arquivo não-HTML: https://osasco.sp.gov.br/site/wp-content/uploads/2022/02/iomo696.pdf
2025-05-22 04:54:59,099 - P14756 - INFO - Após processar URL 3 Uso de memória: 130.34 MB
2025-05-22 04:54:59,099 - P14756 - INFO - Processando URL 4/22: https://www.consultasocio.com/q/sa/joao-sergio-siqueira-telles
2025-05-22 04:55:02,211 - P14756 - INFO - HTML salvo para debug: data\debug_html_v10\c32618f22b5e74359b5a5ecaa83031a6.html
2025-05-22 04:55:02,220 - P14756 - INFO - Candidates address: 2 items
2025-05-22 04:55:02,221 - P14756 - INFO - Candidates phone: 0 items
2025-05-22 04:55:02,221 - P14756 - INFO - Candidates email: 0 items
2025-05-22 04:55:02,221 - P14756 - INFO - Candidates complement: 1 items
2025-05-22 04:55:02,221 - P14756 - INFO - Candidates cep: 3 items
2025-05-22 04:55:02,222 - P14756 - INFO - Após processar URL 4 Uso de memória: 130.34 MB
2025-05-22 04:55:02,222 - P14756 - INFO - Processando URL 5/22: https://guiamedico.cremesp.org.br/
2025-05-22 04:55:04,885 - P14756 - INFO - HTML salvo para debug: data\debug_html_v10\7c54969580769b63edd9abaa952e1fa2.html
2025-05-22 04:55:04,891 - P14756 - INFO - Candidates address: 1 items
2025-05-22 04:55:04,892 - P14756 - INFO - Candidates phone: 1 items
2025-05-22 04:55:04,892 - P14756 - INFO - Candidates email: 0 items
2025-05-22 04:55:04,892 - P14756 - INFO - Candidates complement: 0 items
2025-05-22 04:55:04,892 - P14756 - INFO - Candidates cep: 1 items
2025-05-22 04:55:04,892 - P14756 - INFO - Após processar URL 5 Uso de memória: 130.34 MB
2025-05-22 04:55:04,893 - P14756 - INFO - Processando URL 6/22: https://aboutcompany.info/country/brazil/officer/579998/joao-sergio-siqueira-telles/
2025-05-22 04:55:08,793 - P14756 - INFO - HTML salvo para debug: data\debug_html_v10\350b30f121357e44c789f15f2ef38df6.html
2025-05-22 04:55:08,811 - P14756 - INFO - Candidates address: 0 items
2025-05-22 04:55:08,812 - P14756 - INFO - Candidates phone: 0 items
2025-05-22 04:55:08,812 - P14756 - INFO - Candidates email: 0 items
2025-05-22 04:55:08,813 - P14756 - INFO - Candidates complement: 0 items
2025-05-22 04:55:08,813 - P14756 - INFO - Candidates cep: 0 items
2025-05-22 04:55:08,813 - P14756 - INFO - Após processar URL 6 Uso de memória: 130.34 MB
2025-05-22 04:55:08,813 - P14756 - INFO - Processando URL 7/22: https://www.classemedica.com.br/medico/156040-joao-sergio-siqueira-telles.htm
2025-05-22 04:55:14,595 - P14756 - INFO - HTML salvo para debug: data\debug_html_v10\86fe939ecf9f016b7625854db4c646c6.html
2025-05-22 04:55:14,622 - P14756 - INFO - Candidates address: 0 items
2025-05-22 04:55:14,622 - P14756 - INFO - Candidates phone: 0 items
2025-05-22 04:55:14,622 - P14756 - INFO - Candidates email: 0 items
2025-05-22 04:55:14,622 - P14756 - INFO - Candidates complement: 0 items
2025-05-22 04:55:14,622 - P14756 - INFO - Candidates cep: 0 items
2025-05-22 04:55:14,623 - P14756 - INFO - Após processar URL 7 Uso de memória: 130.34 MB
2025-05-22 04:55:14,623 - P14756 - INFO - Processando URL 8/22: https://diariooficial.guarulhos.sp.gov.br/uploads/pdf/185517086.pdf
2025-05-22 04:55:14,623 - P14756 - INFO - Ignorando URL de arquivo não-HTML: https://diariooficial.guarulhos.sp.gov.br/uploads/pdf/185517086.pdf
2025-05-22 04:55:14,623 - P14756 - INFO - Após processar URL 8 Uso de memória: 130.34 MB
2025-05-22 04:55:14,623 - P14756 - INFO - Processando URL 9/22: https://www.blucher.com.br/autores/sergio-telles-1210#:~:text=Psicanalista%20e%20escritor%2C%20membro%20do,Casal%20e%20Fam%C3%ADlia%20(ABPCF).
2025-05-22 04:55:21,839 - P14756 - INFO - HTML salvo para debug: data\debug_html_v10\13b724bbb8790838ed72a6c0fdce887c.html
2025-05-22 04:55:21,879 - P14756 - INFO - Candidates address: 1 items
2025-05-22 04:55:21,879 - P14756 - INFO - Candidates phone: 1 items
2025-05-22 04:55:21,879 - P14756 - INFO - Candidates email: 1 items
2025-05-22 04:55:21,880 - P14756 - INFO - Candidates complement: 0 items
2025-05-22 04:55:21,880 - P14756 - INFO - Candidates cep: 1 items
2025-05-22 04:55:21,880 - P14756 - INFO - Após processar URL 9 Uso de memória: 130.34 MB
2025-05-22 04:55:21,880 - P14756 - INFO - Processando URL 10/22: https://sergiotelles.com.br/contato/
2025-05-22 04:55:26,105 - P14756 - INFO - HTML salvo para debug: data\debug_html_v10\b8791f0114cff16df876f6e17ac356a2.html
2025-05-22 04:55:26,121 - P14756 - INFO - Candidates address: 1 items
2025-05-22 04:55:26,122 - P14756 - INFO - Candidates phone: 0 items
2025-05-22 04:55:26,122 - P14756 - INFO - Candidates email: 1 items
2025-05-22 04:55:26,122 - P14756 - INFO - Candidates complement: 0 items
2025-05-22 04:55:26,122 - P14756 - INFO - Candidates cep: 1 items
2025-05-22 04:55:26,123 - P14756 - INFO - Após processar URL 10 Uso de memória: 130.34 MB
2025-05-22 04:55:26,123 - P14756 - INFO - Processando URL 11/22: https://sites.usp.br/rcgi/139-iii-workshop-interno-rcgi-resultados-de-janeiro-a-julho-de-2017/
2025-05-22 04:55:31,328 - P14756 - INFO - HTML salvo para debug: data\debug_html_v10\ab8081f0f0670a4eb57b4a3773f1d2b5.html
2025-05-22 04:55:31,450 - P14756 - INFO - Candidates address: 3 items
2025-05-22 04:55:31,450 - P14756 - INFO - Candidates phone: 0 items
2025-05-22 04:55:31,450 - P14756 - INFO - Candidates email: 2 items
2025-05-22 04:55:31,450 - P14756 - INFO - Candidates complement: 0 items
2025-05-22 04:55:31,450 - P14756 - INFO - Candidates cep: 2 items
2025-05-22 04:55:31,450 - P14756 - INFO - Após processar URL 11 Uso de memória: 130.36 MB
2025-05-22 04:55:31,451 - P14756 - INFO - Processando URL 12/22: https://portal-api.campinas.sp.gov.br/sites/default/files/publicacoes-dom/dom/2025753206.pdf
2025-05-22 04:55:31,451 - P14756 - INFO - Ignorando URL de arquivo não-HTML: https://portal-api.campinas.sp.gov.br/sites/default/files/publicacoes-dom/dom/2025753206.pdf
2025-05-22 04:55:31,451 - P14756 - INFO - Após processar URL 12 Uso de memória: 130.36 MB
2025-05-22 04:55:31,451 - P14756 - INFO - Processando URL 13/22: https://iprejun.sp.gov.br/S/arquivos/Imprensa_Oficial/Imprensa_Oficial_Jundiai_2024-04-19_5446.pdf
2025-05-22 04:55:31,451 - P14756 - INFO - Ignorando URL de arquivo não-HTML: https://iprejun.sp.gov.br/S/arquivos/Imprensa_Oficial/Imprensa_Oficial_Jundiai_2024-04-19_5446.pdf
2025-05-22 04:55:31,451 - P14756 - INFO - Após processar URL 13 Uso de memória: 130.36 MB
2025-05-22 04:55:31,452 - P14756 - INFO - Processando URL 14/22: https://sistemadje.tjmt.jus.br/publicacoes/8931-2012.pdf
2025-05-22 04:55:31,452 - P14756 - INFO - Ignorando URL de arquivo não-HTML: https://sistemadje.tjmt.jus.br/publicacoes/8931-2012.pdf
2025-05-22 04:55:31,452 - P14756 - INFO - Após processar URL 14 Uso de memória: 130.36 MB
2025-05-22 04:55:31,452 - P14756 - INFO - Processando URL 15/22: https://cremesp.org.br/?siteAcao=Contatos&dep=asc
2025-05-22 04:55:34,011 - P14756 - INFO - HTML salvo para debug: data\debug_html_v10\e70f3a8c3d91e7986d4e5802fdc82b70.html
2025-05-22 04:55:34,026 - P14756 - INFO - Candidates address: 1 items
2025-05-22 04:55:34,027 - P14756 - INFO - Candidates phone: 1 items
2025-05-22 04:55:34,027 - P14756 - INFO - Candidates email: 2 items
2025-05-22 04:55:34,027 - P14756 - INFO - Candidates complement: 0 items
2025-05-22 04:55:34,027 - P14756 - INFO - Candidates cep: 1 items
2025-05-22 04:55:34,028 - P14756 - INFO - Após processar URL 15 Uso de memória: 130.36 MB
2025-05-22 04:55:34,028 - P14756 - INFO - Processando URL 16/22: https://deoab.oab.org.br/assets/diarios/diario-eletronico-oab-18-05-2022.pdf?p=1652896800042
2025-05-22 04:55:34,028 - P14756 - INFO - Ignorando URL de arquivo não-HTML: https://deoab.oab.org.br/assets/diarios/diario-eletronico-oab-18-05-2022.pdf?p=1652896800042
2025-05-22 04:55:34,029 - P14756 - INFO - Após processar URL 16 Uso de memória: 130.36 MB
2025-05-22 04:55:34,029 - P14756 - INFO - Processando URL 17/22: https://sergiotelles.com.br/
2025-05-22 04:55:38,620 - P14756 - INFO - HTML salvo para debug: data\debug_html_v10\9a34a79e0f1747712ec4affac759aa72.html
2025-05-22 04:55:38,663 - P14756 - INFO - Candidates address: 0 items
2025-05-22 04:55:38,663 - P14756 - INFO - Candidates phone: 0 items
2025-05-22 04:55:38,663 - P14756 - INFO - Candidates email: 1 items
2025-05-22 04:55:38,663 - P14756 - INFO - Candidates complement: 0 items
2025-05-22 04:55:38,663 - P14756 - INFO - Candidates cep: 0 items
2025-05-22 04:55:38,664 - P14756 - INFO - Após processar URL 17 Uso de memória: 130.36 MB
2025-05-22 04:55:38,664 - P14756 - INFO - Processando URL 18/22: https://www.consultacrm.com.br/index/profissionais
2025-05-22 04:55:42,001 - P14756 - INFO - HTML salvo para debug: data\debug_html_v10\ca7ac6c4b85cee4a2c1da9949f895117.html
2025-05-22 04:55:42,099 - P14756 - INFO - Candidates address: 0 items
2025-05-22 04:55:42,100 - P14756 - INFO - Candidates phone: 0 items
2025-05-22 04:55:42,100 - P14756 - INFO - Candidates email: 0 items
2025-05-22 04:55:42,100 - P14756 - INFO - Candidates complement: 0 items
2025-05-22 04:55:42,100 - P14756 - INFO - Candidates cep: 0 items
2025-05-22 04:55:42,100 - P14756 - INFO - Após processar URL 18 Uso de memória: 130.36 MB
2025-05-22 04:55:42,100 - P14756 - INFO - Processando URL 19/22: https://portal-api.campinas.sp.gov.br/sites/default/files/publicacoes-dom/dom/50443258.pdf
2025-05-22 04:55:42,101 - P14756 - INFO - Ignorando URL de arquivo não-HTML: https://portal-api.campinas.sp.gov.br/sites/default/files/publicacoes-dom/dom/50443258.pdf
2025-05-22 04:55:42,101 - P14756 - INFO - Após processar URL 19 Uso de memória: 130.36 MB
2025-05-22 04:55:42,101 - P14756 - INFO - Processando URL 20/22: https://imprensaoficial.jundiai.sp.gov.br/wp-content/uploads/2024/04/6f51d332-dc50-44e0-b750-39aa58fe06b9_Edicao-5446-19-04-2024.pdf
2025-05-22 04:55:42,101 - P14756 - INFO - Ignorando URL de arquivo não-HTML: https://imprensaoficial.jundiai.sp.gov.br/wp-content/uploads/2024/04/6f51d332-dc50-44e0-b750-39aa58fe06b9_Edicao-5446-19-04-2024.pdf
2025-05-22 04:55:42,102 - P14756 - INFO - Após processar URL 20 Uso de memória: 130.36 MB
2025-05-22 04:55:42,102 - P14756 - INFO - Processando URL 21/22: https://www.saobernardo.sp.gov.br/documents/10181/60130/NM+2007+1418.pdf.pdf/c03ddf17-3e8b-4ec3-96cb-01139367115e
2025-05-22 04:55:42,102 - P14756 - INFO - Ignorando URL de arquivo não-HTML: https://www.saobernardo.sp.gov.br/documents/10181/60130/NM+2007+1418.pdf.pdf/c03ddf17-3e8b-4ec3-96cb-01139367115e
2025-05-22 04:55:42,102 - P14756 - INFO - Após processar URL 21 Uso de memória: 130.36 MB
2025-05-22 04:55:42,102 - P14756 - INFO - Processando URL 22/22: https://consultacrm.com.br/
2025-05-22 04:55:45,217 - P14756 - INFO - HTML salvo para debug: data\debug_html_v10\65cadeb91ac3713432c21b535990f440.html
2025-05-22 04:55:45,228 - P14756 - INFO - Candidates address: 0 items
2025-05-22 04:55:45,228 - P14756 - INFO - Candidates phone: 0 items
2025-05-22 04:55:45,229 - P14756 - INFO - Candidates email: 0 items
2025-05-22 04:55:45,229 - P14756 - INFO - Candidates complement: 0 items
2025-05-22 04:55:45,229 - P14756 - INFO - Candidates cep: 0 items
2025-05-22 04:55:45,229 - P14756 - INFO - Após processar URL 22 Uso de memória: 130.35 MB
2025-05-22 04:55:45,229 - P14756 - INFO - Iniciando agregação e ranqueamento
2025-05-22 04:55:45,229 - P14756 - INFO - Ranked address: 8 items
2025-05-22 04:55:45,230 - P14756 - INFO - Ranked phone: 2 items
2025-05-22 04:55:45,230 - P14756 - INFO - Ranked email: 6 items
2025-05-22 04:55:45,230 - P14756 - INFO - Ranked complement: 1 items
2025-05-22 04:55:45,230 - P14756 - INFO - Ranked cep: 8 items
2025-05-22 04:55:45,231 - P14756 - INFO - Após agregação Uso de memória: 130.35 MB
2025-05-22 04:55:45,231 - P14756 - INFO - Validando endereço: ['Rua Frei Caneca, 1282', 'Rua Atlantica, 836', 'Rua Maestro Cardim, 560']
2025-05-22 04:55:45,231 - P14756 - INFO - Endereço validado: Rua Frei Caneca, 1282
2025-05-22 04:55:45,231 - P14756 - INFO - Limpando texto extenso para campo address: Rua Frei Caneca, 1282...
2025-05-22 04:55:45,231 - P14756 - INFO - Texto limpo: Rua Frei Caneca, 1282
2025-05-22 04:55:45,231 - P14756 - INFO - Validando telefone: ['(11) 4349-9900', '+551130785366']
2025-05-22 04:55:45,232 - P14756 - INFO - Limpando texto extenso para campo phone: (11) 4349-9900...
2025-05-22 04:55:45,232 - P14756 - INFO - Texto limpo: 11) 4349-9900
2025-05-22 04:55:45,232 - P14756 - INFO - Telefone validado: 11) 4349-9900
2025-05-22 04:55:45,232 - P14756 - INFO - Validando email: ['setelles@uol.com.br', 'site@blucher.com.br', 'claudenor.rcgi@gmail.com']
2025-05-22 04:55:45,232 - P14756 - INFO - Limpando texto extenso para campo email: setelles@uol.com.br...
2025-05-22 04:55:45,232 - P14756 - INFO - Texto limpo: setelles@uol.com.br
2025-05-22 04:55:45,233 - P14756 - INFO - Email validado: setelles@uol.com.br
2025-05-22 04:55:45,233 - P14756 - INFO - Validando complemento: ['Apto. 194 Liberdade']
2025-05-22 04:55:45,233 - P14756 - INFO - Limpando texto extenso para campo complement: Apto. 194 Liberdade...
2025-05-22 04:55:45,233 - P14756 - INFO - Texto limpo: Apto. 194 Liberdade
2025-05-22 04:55:45,233 - P14756 - INFO - Complemento validado: Apto. 194 Liberdade
2025-05-22 04:55:45,233 - P14756 - INFO - Descobrindo cidade
2025-05-22 04:55:45,233 - P14756 - INFO - Buscando cidade: Rua Frei Caneca cidade SP
2025-05-22 04:55:47,740 - P14756 - WARNING - Cidade não encontrada
2025-05-22 04:55:47,740 - P14756 - INFO - Cidade descoberta: 
2025-05-22 04:55:47,741 - P14756 - INFO - Tempo de execução de processamento completo do médico: 61.67 segundos
2025-05-22 04:55:47,741 - P14756 - INFO - Resultado processado: {'Hash': '3ee515a2d3f431bc2d29f9745e7da318c1226cd4b66595e046649452a0dfc98e', 'CRM': '15442', 'UF': 'SP', 'Firstname': 'JOAO', 'LastName': 'SERGIO SIQUEIRA TELLES', 'Medical specialty': '', 'Endereco Completo A1': 'Rua Frei Caneca, 1282', 'Address A1': 'Rua Frei Caneca', 'Numero A1': '1282', 'Complement A1': 'Apto. 194 Liberdade', 'Bairro A1': '', 'postal code A1': '', 'City A1': '', 'State A1': '', 'Phone A1': '11) 4349-9900', 'Phone A2': '', 'Cell phone A1': '', 'Cell phone A2': '', 'E-mail A1': 'setelles@uol.com.br', 'E-mail A2': '', 'OPT-IN': '', 'STATUS': '', 'LOTE': ''}
2025-05-22 04:55:47,741 - P14756 - INFO - Salvando lote de resultados
2025-05-22 04:55:47,742 - P14756 - INFO - Após salvar resultados Uso de memória: 128.57 MB
2025-05-22 04:55:47,742 - P14756 - INFO - Progresso: 78.9%
2025-05-22 04:55:47,743 - P14756 - INFO - Tempo de execução de processamento do médico 3: 61.67 segundos
2025-05-22 04:55:47,743 - P14756 - INFO - Tempo de execução de processamento do lote completo: 234.35 segundos
