2025-05-22 03:14:29,687 - P17320 - INFO - 
==================================================
Processando médico 1/3
2025-05-22 03:14:29,688 - P17320 - INFO - Nome: JOSE HENRIQUE DALALANA D AMICO
2025-05-22 03:14:29,688 - P17320 - INFO - Reiniciando driver do Chrome
2025-05-22 03:14:30,985 - P17320 - INFO - Após reiniciar driver Uso de memória: 120.71 MB
2025-05-22 03:14:30,985 - P17320 - INFO - Início do processamento Uso de memória: 120.71 MB
2025-05-22 03:14:30,985 - P17320 - INFO - Iniciando busca para: JOSE HENRIQUE DALALANA D AMICO CRM 159864 SP telefone e-mail endereço
2025-05-22 03:14:31,911 - P17320 - INFO - SearX results: 10 URLs
2025-05-22 03:14:31,912 - P17320 - INFO - Após SearX Uso de memória: 120.71 MB
2025-05-22 03:14:34,681 - P17320 - INFO - Google results: 0 URLs
2025-05-22 03:14:34,681 - P17320 - INFO - Após Google Uso de memória: 121.53 MB
2025-05-22 03:14:37,426 - P17320 - INFO - Bing results: 9 URLs
2025-05-22 03:14:37,426 - P17320 - INFO - Após Bing Uso de memória: 122.50 MB
2025-05-22 03:14:37,427 - P17320 - INFO - Total de URLs únicas: 11
2025-05-22 03:14:37,427 - P17320 - INFO - Processando URL 1/11: https://www.consultasocio.com/q/sa/jose-henrique-dalalana-d-amico/
2025-05-22 03:14:42,552 - P17320 - INFO - HTML salvo para debug: data\debug_html_v10\24bb9894d1f3c4f260be8ece9db6a5f5.html
2025-05-22 03:14:42,558 - P17320 - INFO - Candidates address: 1 items
2025-05-22 03:14:42,561 - P17320 - INFO - Candidates phone: 0 items
2025-05-22 03:14:42,567 - P17320 - INFO - Candidates email: 1 items
2025-05-22 03:14:42,570 - P17320 - INFO - Candidates complement: 1 items
2025-05-22 03:14:42,579 - P17320 - INFO - Candidates cep: 3 items
2025-05-22 03:14:42,580 - P17320 - INFO - Após processar URL 1 Uso de memória: 122.55 MB
2025-05-22 03:14:42,582 - P17320 - INFO - Processando URL 2/11: http://cremesp.org.br/
2025-05-22 03:14:46,941 - P17320 - INFO - HTML salvo para debug: data\debug_html_v10\2a967318246f9658edeb1e0469c871fe.html
2025-05-22 03:14:46,970 - P17320 - INFO - Candidates address: 1 items
2025-05-22 03:14:46,971 - P17320 - INFO - Candidates phone: 1 items
2025-05-22 03:14:46,971 - P17320 - INFO - Candidates email: 0 items
2025-05-22 03:14:46,971 - P17320 - INFO - Candidates complement: 0 items
2025-05-22 03:14:46,971 - P17320 - INFO - Candidates cep: 2 items
2025-05-22 03:14:46,971 - P17320 - INFO - Após processar URL 2 Uso de memória: 122.56 MB
2025-05-22 03:14:46,971 - P17320 - INFO - Processando URL 3/11: https://doutorcrm.com/jose-henrique-dalalana-d-amico
2025-05-22 03:14:51,807 - P17320 - INFO - HTML salvo para debug: data\debug_html_v10\c12ace5341966a2c4ca89365c0a70c95.html
2025-05-22 03:14:51,814 - P17320 - INFO - Candidates address: 0 items
2025-05-22 03:14:51,814 - P17320 - INFO - Candidates phone: 0 items
2025-05-22 03:14:51,815 - P17320 - INFO - Candidates email: 0 items
2025-05-22 03:14:51,815 - P17320 - INFO - Candidates complement: 0 items
2025-05-22 03:14:51,815 - P17320 - INFO - Candidates cep: 0 items
2025-05-22 03:14:51,815 - P17320 - INFO - Após processar URL 3 Uso de memória: 114.64 MB
2025-05-22 03:14:51,815 - P17320 - INFO - Processando URL 4/11: https://www.helpsaude.com/Jose-Henrique-Dalalana-Damico.RJ/
2025-05-22 03:15:01,518 - P17320 - INFO - HTML salvo para debug: data\debug_html_v10\d67398bf02348b46c91a20a5c8fda189.html
2025-05-22 03:15:01,531 - P17320 - INFO - Candidates address: 0 items
2025-05-22 03:15:01,531 - P17320 - INFO - Candidates phone: 0 items
2025-05-22 03:15:01,531 - P17320 - INFO - Candidates email: 0 items
2025-05-22 03:15:01,531 - P17320 - INFO - Candidates complement: 0 items
2025-05-22 03:15:01,532 - P17320 - INFO - Candidates cep: 1 items
2025-05-22 03:15:01,532 - P17320 - INFO - Após processar URL 4 Uso de memória: 115.81 MB
2025-05-22 03:15:01,533 - P17320 - INFO - Processando URL 5/11: https://www.consultacrm.com.br/index/profissionais
2025-05-22 03:15:05,322 - P17320 - INFO - HTML salvo para debug: data\debug_html_v10\ca7ac6c4b85cee4a2c1da9949f895117.html
2025-05-22 03:15:05,334 - P17320 - INFO - Candidates address: 0 items
2025-05-22 03:15:05,335 - P17320 - INFO - Candidates phone: 0 items
2025-05-22 03:15:05,335 - P17320 - INFO - Candidates email: 0 items
2025-05-22 03:15:05,335 - P17320 - INFO - Candidates complement: 0 items
2025-05-22 03:15:05,335 - P17320 - INFO - Candidates cep: 0 items
2025-05-22 03:15:05,335 - P17320 - INFO - Após processar URL 5 Uso de memória: 116.88 MB
2025-05-22 03:15:05,335 - P17320 - INFO - Processando URL 6/11: https://guiamedico.cremesp.org.br/
2025-05-22 03:15:08,142 - P17320 - INFO - HTML salvo para debug: data\debug_html_v10\7c54969580769b63edd9abaa952e1fa2.html
2025-05-22 03:15:08,148 - P17320 - INFO - Candidates address: 1 items
2025-05-22 03:15:08,148 - P17320 - INFO - Candidates phone: 1 items
2025-05-22 03:15:08,148 - P17320 - INFO - Candidates email: 0 items
2025-05-22 03:15:08,149 - P17320 - INFO - Candidates complement: 0 items
2025-05-22 03:15:08,149 - P17320 - INFO - Candidates cep: 1 items
2025-05-22 03:15:08,149 - P17320 - INFO - Após processar URL 6 Uso de memória: 117.17 MB
2025-05-22 03:15:08,149 - P17320 - INFO - Processando URL 7/11: https://portal.cfm.org.br/busca-medicos
2025-05-22 03:15:12,198 - P17320 - INFO - HTML salvo para debug: data\debug_html_v10\e28ae84aaa177d1328f3a0d1fb68449f.html
2025-05-22 03:15:12,238 - P17320 - INFO - Candidates address: 0 items
2025-05-22 03:15:12,239 - P17320 - INFO - Candidates phone: 0 items
2025-05-22 03:15:12,239 - P17320 - INFO - Candidates email: 1 items
2025-05-22 03:15:12,239 - P17320 - INFO - Candidates complement: 1 items
2025-05-22 03:15:12,239 - P17320 - INFO - Candidates cep: 1 items
2025-05-22 03:15:12,239 - P17320 - INFO - Após processar URL 7 Uso de memória: 117.77 MB
2025-05-22 03:15:12,239 - P17320 - INFO - Processando URL 8/11: https://cnpj.services/qsa/jose-henrique-dalalana-d-amico
2025-05-22 03:15:15,399 - P17320 - INFO - HTML salvo para debug: data\debug_html_v10\c30257252950d61b7149155df98884f8.html
2025-05-22 03:15:15,408 - P17320 - INFO - Candidates address: 0 items
2025-05-22 03:15:15,408 - P17320 - INFO - Candidates phone: 0 items
2025-05-22 03:15:15,408 - P17320 - INFO - Candidates email: 0 items
2025-05-22 03:15:15,409 - P17320 - INFO - Candidates complement: 0 items
2025-05-22 03:15:15,409 - P17320 - INFO - Candidates cep: 1 items
2025-05-22 03:15:15,409 - P17320 - INFO - Após processar URL 8 Uso de memória: 117.81 MB
2025-05-22 03:15:15,409 - P17320 - INFO - Processando URL 9/11: http://doutorcrm.com/
2025-05-22 03:15:18,851 - P17320 - INFO - HTML salvo para debug: data\debug_html_v10\e75bcd1fa77a455337d61a008a7cce57.html
2025-05-22 03:15:18,855 - P17320 - INFO - Candidates address: 0 items
2025-05-22 03:15:18,856 - P17320 - INFO - Candidates phone: 0 items
2025-05-22 03:15:18,856 - P17320 - INFO - Candidates email: 0 items
2025-05-22 03:15:18,857 - P17320 - INFO - Candidates complement: 0 items
2025-05-22 03:15:18,858 - P17320 - INFO - Candidates cep: 0 items
2025-05-22 03:15:18,858 - P17320 - INFO - Após processar URL 9 Uso de memória: 117.82 MB
2025-05-22 03:15:18,858 - P17320 - INFO - Processando URL 10/11: https://consultacrm.com.br/
2025-05-22 03:15:21,993 - P17320 - INFO - HTML salvo para debug: data\debug_html_v10\65cadeb91ac3713432c21b535990f440.html
2025-05-22 03:15:22,006 - P17320 - INFO - Candidates address: 0 items
2025-05-22 03:15:22,008 - P17320 - INFO - Candidates phone: 0 items
2025-05-22 03:15:22,008 - P17320 - INFO - Candidates email: 0 items
2025-05-22 03:15:22,009 - P17320 - INFO - Candidates complement: 0 items
2025-05-22 03:15:22,009 - P17320 - INFO - Candidates cep: 0 items
2025-05-22 03:15:22,010 - P17320 - INFO - Após processar URL 10 Uso de memória: 119.37 MB
2025-05-22 03:15:22,012 - P17320 - INFO - Processando URL 11/11: https://www.classemedica.com.br/medico/402447-jose-henrique-dalalana-d'amico.htm
2025-05-22 03:15:27,153 - P17320 - INFO - HTML salvo para debug: data\debug_html_v10\eba85c410ef86604ea3c4e41f4cdd566.html
2025-05-22 03:15:27,189 - P17320 - INFO - Candidates address: 0 items
2025-05-22 03:15:27,189 - P17320 - INFO - Candidates phone: 0 items
2025-05-22 03:15:27,190 - P17320 - INFO - Candidates email: 0 items
2025-05-22 03:15:27,190 - P17320 - INFO - Candidates complement: 0 items
2025-05-22 03:15:27,190 - P17320 - INFO - Candidates cep: 0 items
2025-05-22 03:15:27,190 - P17320 - INFO - Após processar URL 11 Uso de memória: 119.38 MB
2025-05-22 03:15:27,191 - P17320 - INFO - Iniciando agregação e ranqueamento
2025-05-22 03:15:27,191 - P17320 - INFO - Ranked address: 2 items
2025-05-22 03:15:27,191 - P17320 - INFO - Ranked phone: 1 items
2025-05-22 03:15:27,191 - P17320 - INFO - Ranked email: 2 items
2025-05-22 03:15:27,192 - P17320 - INFO - Ranked complement: 2 items
2025-05-22 03:15:27,192 - P17320 - INFO - Ranked cep: 8 items
2025-05-22 03:15:27,192 - P17320 - INFO - Após agregação Uso de memória: 119.38 MB
2025-05-22 03:15:27,192 - P17320 - INFO - Validando endereço: ['Rua Frei Caneca, 1282', 'Rua Pio Correia, 00092']
2025-05-22 03:15:27,192 - P17320 - INFO - Endereço validado: Rua Frei Caneca, 1282
2025-05-22 03:15:27,192 - P17320 - INFO - Limpando texto extenso para campo address: Rua Frei Caneca, 1282...
2025-05-22 03:15:27,193 - P17320 - INFO - Texto limpo: Rua Frei Caneca, 1282
2025-05-22 03:15:27,193 - P17320 - INFO - Validando telefone: ['(11) 4349-9900']
2025-05-22 03:15:27,193 - P17320 - INFO - Limpando texto extenso para campo phone: (11) 4349-9900...
2025-05-22 03:15:27,193 - P17320 - INFO - Texto limpo: 11) 4349-9900
2025-05-22 03:15:27,193 - P17320 - INFO - Telefone validado: 11) 4349-9900
2025-05-22 03:15:27,194 - P17320 - INFO - Validando email: ['JHENRIQ.DAMICO@GMAIL.COM', 'cfm@portalmedico.org.br']
2025-05-22 03:15:27,195 - P17320 - INFO - Limpando texto extenso para campo email: JHENRIQ.DAMICO@GMAIL.COM...
2025-05-22 03:15:27,198 - P17320 - INFO - Texto limpo: jhenriq.damico@gmail.com
2025-05-22 03:15:27,199 - P17320 - INFO - Email validado: jhenriq.damico@gmail.com
2025-05-22 03:15:27,200 - P17320 - INFO - Validando complemento: ['Apt 801 Jardim Botanico', 'Conjunto D']
2025-05-22 03:15:27,200 - P17320 - INFO - Limpando texto extenso para campo complement: Apt 801 Jardim Botanico...
2025-05-22 03:15:27,202 - P17320 - INFO - Texto limpo: Apt 801 Jardim Botanico
2025-05-22 03:15:27,202 - P17320 - INFO - Complemento validado: Apt 801 Jardim Botanico
2025-05-22 03:15:27,202 - P17320 - INFO - Descobrindo cidade
2025-05-22 03:15:27,202 - P17320 - INFO - Buscando cidade: Rua Frei Caneca cidade SP
2025-05-22 03:15:29,855 - P17320 - WARNING - Cidade não encontrada
2025-05-22 03:15:29,856 - P17320 - INFO - Cidade descoberta: 
2025-05-22 03:15:29,856 - P17320 - INFO - Tempo de execução de processamento completo do médico: 58.87 segundos
2025-05-22 03:15:29,856 - P17320 - INFO - Resultado processado: {'Hash': 'de8cda901da8aa7b97231f46794afce58b1d81f5ccccf26a0a45ffea9bc65e8e', 'CRM': '159864', 'UF': 'SP', 'Firstname': 'JOSE', 'LastName': 'HENRIQUE DALALANA D AMICO', 'Medical specialty': '', 'Endereco Completo A1': 'Rua Frei Caneca, 1282', 'Address A1': 'Rua Frei Caneca', 'Numero A1': '1282', 'Complement A1': 'Apt 801 Jardim Botanico', 'Bairro A1': '', 'postal code A1': '', 'City A1': '', 'State A1': '', 'Phone A1': '11) 4349-9900', 'Phone A2': '', 'Cell phone A1': '', 'Cell phone A2': '', 'E-mail A1': 'jhenriq.damico@gmail.com', 'E-mail A2': '', 'OPT-IN': '', 'STATUS': '', 'LOTE': ''}
2025-05-22 03:15:29,857 - P17320 - INFO - Progresso: 43.4%
2025-05-22 03:15:29,858 - P17320 - INFO - Executando coleta de lixo
2025-05-22 03:15:29,968 - P17320 - INFO - Após coleta de lixo Uso de memória: 111.99 MB
2025-05-22 03:15:29,968 - P17320 - INFO - Tempo de execução de processamento do médico 1: 60.28 segundos
2025-05-22 03:15:29,968 - P17320 - INFO - 
==================================================
Processando médico 2/3
2025-05-22 03:15:29,968 - P17320 - INFO - Nome: ISAAC DA SILVA SOARES
2025-05-22 03:15:29,969 - P17320 - INFO - Início do processamento Uso de memória: 111.99 MB
2025-05-22 03:15:29,969 - P17320 - INFO - Iniciando busca para: ISAAC DA SILVA SOARES CRM 160089 SP telefone e-mail endereço
2025-05-22 03:15:30,773 - P17320 - INFO - SearX results: 15 URLs
2025-05-22 03:15:30,785 - P17320 - INFO - Após SearX Uso de memória: 112.01 MB
2025-05-22 03:15:33,814 - P17320 - INFO - Google results: 12 URLs
2025-05-22 03:15:33,814 - P17320 - INFO - Após Google Uso de memória: 117.72 MB
2025-05-22 03:15:36,356 - P17320 - INFO - Bing results: 10 URLs
2025-05-22 03:15:36,357 - P17320 - INFO - Após Bing Uso de memória: 120.04 MB
2025-05-22 03:15:36,357 - P17320 - INFO - Total de URLs únicas: 24
2025-05-22 03:15:36,357 - P17320 - INFO - Processando URL 1/24: https://www.boaconsulta.com/especialista/isaac-da-silva-soares-6106ecb3a2e00a7165001c9c
2025-05-22 03:15:39,932 - P17320 - INFO - HTML salvo para debug: data\debug_html_v10\99ec3e82ce686d32ba37e3598fcd3596.html
2025-05-22 03:15:40,003 - P17320 - INFO - Candidates address: 10 items
2025-05-22 03:15:40,003 - P17320 - INFO - Candidates phone: 0 items
2025-05-22 03:15:40,003 - P17320 - INFO - Candidates email: 0 items
2025-05-22 03:15:40,003 - P17320 - INFO - Candidates complement: 3 items
2025-05-22 03:15:40,004 - P17320 - INFO - Candidates cep: 0 items
2025-05-22 03:15:40,004 - P17320 - INFO - Após processar URL 1 Uso de memória: 121.14 MB
2025-05-22 03:15:40,004 - P17320 - INFO - Processando URL 2/24: https://cliniguia.com/profissionais/isaac-da-silva-soares-980016296483088/
2025-05-22 03:15:45,905 - P17320 - INFO - HTML salvo para debug: data\debug_html_v10\5b11d4b50735dc51913f3021c3434f7c.html
2025-05-22 03:15:45,952 - P17320 - INFO - Candidates address: 0 items
2025-05-22 03:15:45,952 - P17320 - INFO - Candidates phone: 0 items
2025-05-22 03:15:45,953 - P17320 - INFO - Candidates email: 0 items
2025-05-22 03:15:45,953 - P17320 - INFO - Candidates complement: 0 items
2025-05-22 03:15:45,953 - P17320 - INFO - Candidates cep: 0 items
2025-05-22 03:15:45,953 - P17320 - INFO - Após processar URL 2 Uso de memória: 123.82 MB
2025-05-22 03:15:45,953 - P17320 - INFO - Processando URL 3/24: https://www.boaconsulta.com/especialistas/psiquiatras/sao-paulo-sp/penha/convenio/notredame-intermedica
2025-05-22 03:15:50,004 - P17320 - INFO - HTML salvo para debug: data\debug_html_v10\516bdbd07d00fe949c3f428229e2ded5.html
2025-05-22 03:15:50,068 - P17320 - INFO - Candidates address: 1 items
2025-05-22 03:15:50,068 - P17320 - INFO - Candidates phone: 0 items
2025-05-22 03:15:50,069 - P17320 - INFO - Candidates email: 0 items
2025-05-22 03:15:50,069 - P17320 - INFO - Candidates complement: 0 items
2025-05-22 03:15:50,069 - P17320 - INFO - Candidates cep: 0 items
2025-05-22 03:15:50,069 - P17320 - INFO - Após processar URL 3 Uso de memória: 123.19 MB
2025-05-22 03:15:50,069 - P17320 - INFO - Processando URL 4/24: https://guiamedico.cremesp.org.br/
2025-05-22 03:15:52,806 - P17320 - INFO - HTML salvo para debug: data\debug_html_v10\7c54969580769b63edd9abaa952e1fa2.html
2025-05-22 03:15:52,812 - P17320 - INFO - Candidates address: 1 items
2025-05-22 03:15:52,812 - P17320 - INFO - Candidates phone: 1 items
2025-05-22 03:15:52,812 - P17320 - INFO - Candidates email: 0 items
2025-05-22 03:15:52,812 - P17320 - INFO - Candidates complement: 0 items
2025-05-22 03:15:52,813 - P17320 - INFO - Candidates cep: 1 items
2025-05-22 03:15:52,813 - P17320 - INFO - Após processar URL 4 Uso de memória: 123.41 MB
2025-05-22 03:15:52,813 - P17320 - INFO - Processando URL 5/24: http://www.isaacsoares.com.br/
2025-05-22 03:15:56,657 - P17320 - INFO - HTML salvo para debug: data\debug_html_v10\d14c08fbfc73cfb2dbe03503391a5f08.html
2025-05-22 03:15:56,681 - P17320 - INFO - Candidates address: 1 items
2025-05-22 03:15:56,681 - P17320 - INFO - Candidates phone: 1 items
2025-05-22 03:15:56,681 - P17320 - INFO - Candidates email: 1 items
2025-05-22 03:15:56,681 - P17320 - INFO - Candidates complement: 0 items
2025-05-22 03:15:56,681 - P17320 - INFO - Candidates cep: 1 items
2025-05-22 03:15:56,682 - P17320 - INFO - Após processar URL 5 Uso de memória: 123.53 MB
2025-05-22 03:15:56,682 - P17320 - INFO - Processando URL 6/24: https://www.reclameaqui.com.br/clinica-de-psicoterapia-rubedo/pior-psiquiatra-isaac-da-silva-soares_bscOUjqdR6JXAVVX/
2025-05-22 03:16:02,023 - P17320 - INFO - HTML salvo para debug: data\debug_html_v10\ae64a6ad1eab6ec893379e614e569271.html
2025-05-22 03:16:02,065 - P17320 - INFO - Candidates address: 0 items
2025-05-22 03:16:02,107 - P17320 - INFO - Candidates phone: 0 items
2025-05-22 03:16:02,110 - P17320 - INFO - Candidates email: 1 items
2025-05-22 03:16:02,112 - P17320 - INFO - Candidates complement: 0 items
2025-05-22 03:16:02,112 - P17320 - INFO - Candidates cep: 1 items
2025-05-22 03:16:02,114 - P17320 - INFO - Após processar URL 6 Uso de memória: 125.53 MB
2025-05-22 03:16:02,115 - P17320 - INFO - Processando URL 7/24: https://www.portaltransparencia.gov.br/pessoa-fisica/busca/lista
2025-05-22 03:16:04,592 - P17320 - INFO - HTML salvo para debug: data\debug_html_v10\e200cdf64b71d4c9248718dd155b3edb.html
2025-05-22 03:16:04,631 - P17320 - INFO - Candidates address: 0 items
2025-05-22 03:16:04,631 - P17320 - INFO - Candidates phone: 0 items
2025-05-22 03:16:04,631 - P17320 - INFO - Candidates email: 0 items
2025-05-22 03:16:04,632 - P17320 - INFO - Candidates complement: 0 items
2025-05-22 03:16:04,632 - P17320 - INFO - Candidates cep: 0 items
2025-05-22 03:16:04,632 - P17320 - INFO - Após processar URL 7 Uso de memória: 123.65 MB
2025-05-22 03:16:04,632 - P17320 - INFO - Processando URL 8/24: https://www.reclameaqui.com.br//clinica-de-psicoterapia-rubedo/pior-psiquiatra-isaac-da-silva-soares_bscOUjqdR6JXAVVX/
2025-05-22 03:16:06,797 - P17320 - INFO - HTML salvo para debug: data\debug_html_v10\d38b80a014e8279c8365c3c1e284eccd.html
2025-05-22 03:16:06,799 - P17320 - INFO - Candidates address: 0 items
2025-05-22 03:16:06,799 - P17320 - INFO - Candidates phone: 0 items
2025-05-22 03:16:06,799 - P17320 - INFO - Candidates email: 0 items
2025-05-22 03:16:06,800 - P17320 - INFO - Candidates complement: 0 items
2025-05-22 03:16:06,800 - P17320 - INFO - Candidates cep: 0 items
2025-05-22 03:16:06,800 - P17320 - INFO - Após processar URL 8 Uso de memória: 123.71 MB
2025-05-22 03:16:06,800 - P17320 - INFO - Processando URL 9/24: https://www.planodesaudesp.net/perfil/isaac_da_silva_soares--1412105
2025-05-22 03:16:11,788 - P17320 - INFO - HTML salvo para debug: data\debug_html_v10\fa964bb9f362a37dc5ac634843cda1e8.html
2025-05-22 03:16:11,802 - P17320 - INFO - Candidates address: 7 items
2025-05-22 03:16:11,802 - P17320 - INFO - Candidates phone: 3 items
2025-05-22 03:16:11,802 - P17320 - INFO - Candidates email: 0 items
2025-05-22 03:16:11,802 - P17320 - INFO - Candidates complement: 0 items
2025-05-22 03:16:11,803 - P17320 - INFO - Candidates cep: 0 items
2025-05-22 03:16:11,803 - P17320 - INFO - Após processar URL 9 Uso de memória: 123.73 MB
2025-05-22 03:16:11,803 - P17320 - INFO - Processando URL 10/24: https://www.catalogo.med.br/doutor/isaac-da-silva-soares-2136619.htm
2025-05-22 03:16:13,984 - P17320 - INFO - HTML salvo para debug: data\debug_html_v10\72c0a65d722f0b7a8848e45a24c31cea.html
2025-05-22 03:16:13,984 - P17320 - INFO - Candidates address: 0 items
2025-05-22 03:16:13,985 - P17320 - INFO - Candidates phone: 0 items
2025-05-22 03:16:13,985 - P17320 - INFO - Candidates email: 0 items
2025-05-22 03:16:13,985 - P17320 - INFO - Candidates complement: 0 items
2025-05-22 03:16:13,985 - P17320 - INFO - Candidates cep: 0 items
2025-05-22 03:16:13,986 - P17320 - INFO - Após processar URL 10 Uso de memória: 123.73 MB
2025-05-22 03:16:13,987 - P17320 - INFO - Processando URL 11/24: https://guiadocnpj.com.br/sp/sao-paulo/felisclin-clinica-medica-e-servicos-medicos-limitada/22348629000160
2025-05-22 03:16:21,456 - P17320 - INFO - HTML salvo para debug: data\debug_html_v10\1d32f3f2f637748550e0c2c258e97d13.html
2025-05-22 03:16:21,502 - P17320 - INFO - Candidates address: 0 items
2025-05-22 03:16:21,503 - P17320 - INFO - Candidates phone: 3 items
2025-05-22 03:16:21,504 - P17320 - INFO - Candidates email: 1 items
2025-05-22 03:16:21,504 - P17320 - INFO - Candidates complement: 0 items
2025-05-22 03:16:21,505 - P17320 - INFO - Candidates cep: 0 items
2025-05-22 03:16:21,507 - P17320 - INFO - Após processar URL 11 Uso de memória: 123.87 MB
2025-05-22 03:16:21,508 - P17320 - INFO - Processando URL 12/24: https://www.medicosbrasil.com/profissional/isaac-da-silva-soares
2025-05-22 03:16:24,811 - P17320 - INFO - HTML salvo para debug: data\debug_html_v10\4b84b7584ab1d20e3e144bcbb4313a07.html
2025-05-22 03:16:24,834 - P17320 - INFO - Candidates address: 0 items
2025-05-22 03:16:24,835 - P17320 - INFO - Candidates phone: 0 items
2025-05-22 03:16:24,835 - P17320 - INFO - Candidates email: 0 items
2025-05-22 03:16:24,835 - P17320 - INFO - Candidates complement: 0 items
2025-05-22 03:16:24,835 - P17320 - INFO - Candidates cep: 0 items
2025-05-22 03:16:24,836 - P17320 - INFO - Após processar URL 12 Uso de memória: 123.90 MB
2025-05-22 03:16:24,836 - P17320 - INFO - Processando URL 13/24: https://www.mpsp.mp.br/w/dic3a1riooficialmpsp20062015
2025-05-22 03:16:28,758 - P17320 - INFO - HTML salvo para debug: data\debug_html_v10\d6b3d0f0f28ad94feafa8423fbd41b1a.html
2025-05-22 03:16:29,200 - P17320 - INFO - Candidates address: 13 items
2025-05-22 03:16:29,200 - P17320 - INFO - Candidates phone: 1 items
2025-05-22 03:16:29,200 - P17320 - INFO - Candidates email: 3 items
2025-05-22 03:16:29,201 - P17320 - INFO - Candidates complement: 3 items
2025-05-22 03:16:29,201 - P17320 - INFO - Candidates cep: 4 items
2025-05-22 03:16:29,201 - P17320 - INFO - Após processar URL 13 Uso de memória: 125.25 MB
2025-05-22 03:16:29,201 - P17320 - INFO - Processando URL 14/24: https://guiasaudebrasil.com.br/unidade/sao-paulo/sao-paulo/6212328-centro-medico-sao-gabriel/profissionais/medico-psiquiatra
2025-05-22 03:16:35,284 - P17320 - INFO - HTML salvo para debug: data\debug_html_v10\d7c3050914305711bef2cb44bfb3e018.html
2025-05-22 03:16:35,294 - P17320 - INFO - Candidates address: 1 items
2025-05-22 03:16:35,294 - P17320 - INFO - Candidates phone: 1 items
2025-05-22 03:16:35,295 - P17320 - INFO - Candidates email: 0 items
2025-05-22 03:16:35,295 - P17320 - INFO - Candidates complement: 0 items
2025-05-22 03:16:35,295 - P17320 - INFO - Candidates cep: 1 items
2025-05-22 03:16:35,295 - P17320 - INFO - Após processar URL 14 Uso de memória: 124.19 MB
2025-05-22 03:16:35,295 - P17320 - INFO - Processando URL 15/24: https://www.gov.br/mme/pt-br/arquivos/do-13-06-2011-s3.pdf
2025-05-22 03:16:35,295 - P17320 - INFO - Ignorando URL de arquivo não-HTML: https://www.gov.br/mme/pt-br/arquivos/do-13-06-2011-s3.pdf
2025-05-22 03:16:35,296 - P17320 - INFO - Após processar URL 15 Uso de memória: 124.19 MB
2025-05-22 03:16:35,296 - P17320 - INFO - Processando URL 16/24: https://docs.trt10.jus.br/docs/pub/pub000000929.pdf
2025-05-22 03:16:35,296 - P17320 - INFO - Ignorando URL de arquivo não-HTML: https://docs.trt10.jus.br/docs/pub/pub000000929.pdf
2025-05-22 03:16:35,296 - P17320 - INFO - Após processar URL 16 Uso de memória: 124.19 MB
2025-05-22 03:16:35,296 - P17320 - INFO - Processando URL 17/24: https://iprejun.sp.gov.br/S/arquivos/Imprensa_Oficial/Imprensa_Oficial_Jundiai_2023-12-15_5381.pdf
2025-05-22 03:16:35,296 - P17320 - INFO - Ignorando URL de arquivo não-HTML: https://iprejun.sp.gov.br/S/arquivos/Imprensa_Oficial/Imprensa_Oficial_Jundiai_2023-12-15_5381.pdf
2025-05-22 03:16:35,297 - P17320 - INFO - Após processar URL 17 Uso de memória: 124.19 MB
2025-05-22 03:16:35,297 - P17320 - INFO - Processando URL 18/24: https://imprensaoficial.jundiai.sp.gov.br/wp-content/uploads/2024/12/5db70bc3-ca80-49bc-a352-a113fa0fa5c7_Edicao-5569-26-12-2024.pdf
2025-05-22 03:16:35,297 - P17320 - INFO - Ignorando URL de arquivo não-HTML: https://imprensaoficial.jundiai.sp.gov.br/wp-content/uploads/2024/12/5db70bc3-ca80-49bc-a352-a113fa0fa5c7_Edicao-5569-26-12-2024.pdf
2025-05-22 03:16:35,297 - P17320 - INFO - Após processar URL 18 Uso de memória: 124.19 MB
2025-05-22 03:16:35,297 - P17320 - INFO - Processando URL 19/24: https://www.medicosbrasil.com/profissional/fabricia-silva-soares
2025-05-22 03:16:37,540 - P17320 - INFO - HTML salvo para debug: data\debug_html_v10\74b330270afd9faf413bb9f68405af15.html
2025-05-22 03:16:37,546 - P17320 - INFO - Candidates address: 0 items
2025-05-22 03:16:37,546 - P17320 - INFO - Candidates phone: 0 items
2025-05-22 03:16:37,546 - P17320 - INFO - Candidates email: 0 items
2025-05-22 03:16:37,546 - P17320 - INFO - Candidates complement: 0 items
2025-05-22 03:16:37,547 - P17320 - INFO - Candidates cep: 0 items
2025-05-22 03:16:37,547 - P17320 - INFO - Após processar URL 19 Uso de memória: 124.19 MB
2025-05-22 03:16:37,547 - P17320 - INFO - Processando URL 20/24: https://www.gov.br/mme/pt-br/arquivos/do-11-04-2012-s3.pdf
2025-05-22 03:16:37,547 - P17320 - INFO - Ignorando URL de arquivo não-HTML: https://www.gov.br/mme/pt-br/arquivos/do-11-04-2012-s3.pdf
2025-05-22 03:16:37,547 - P17320 - INFO - Após processar URL 20 Uso de memória: 124.19 MB
2025-05-22 03:16:37,548 - P17320 - INFO - Processando URL 21/24: https://www.portalsaude.com.br/servico/antonio-soares
2025-05-22 03:16:41,315 - P17320 - INFO - HTML salvo para debug: data\debug_html_v10\70dba4319253b98becef5eca51f31ed8.html
2025-05-22 03:16:41,338 - P17320 - INFO - Candidates address: 1 items
2025-05-22 03:16:41,338 - P17320 - INFO - Candidates phone: 1 items
2025-05-22 03:16:41,338 - P17320 - INFO - Candidates email: 0 items
2025-05-22 03:16:41,339 - P17320 - INFO - Candidates complement: 1 items
2025-05-22 03:16:41,339 - P17320 - INFO - Candidates cep: 2 items
2025-05-22 03:16:41,339 - P17320 - INFO - Após processar URL 21 Uso de memória: 124.19 MB
2025-05-22 03:16:41,339 - P17320 - INFO - Processando URL 22/24: https://oneliv.com.br/profissional/isaac-da-silva-soares
2025-05-22 03:16:44,111 - P17320 - INFO - HTML salvo para debug: data\debug_html_v10\5656b2c0b069b882e9ed0b0e4610aad9.html
2025-05-22 03:16:44,120 - P17320 - INFO - Candidates address: 1 items
2025-05-22 03:16:44,121 - P17320 - INFO - Candidates phone: 0 items
2025-05-22 03:16:44,121 - P17320 - INFO - Candidates email: 1 items
2025-05-22 03:16:44,121 - P17320 - INFO - Candidates complement: 0 items
2025-05-22 03:16:44,121 - P17320 - INFO - Candidates cep: 1 items
2025-05-22 03:16:44,121 - P17320 - INFO - Após processar URL 22 Uso de memória: 124.22 MB
2025-05-22 03:16:44,121 - P17320 - INFO - Processando URL 23/24: https://diariooficial.guarulhos.sp.gov.br/uploads/pdf/1860357569.pdf
2025-05-22 03:16:44,122 - P17320 - INFO - Ignorando URL de arquivo não-HTML: https://diariooficial.guarulhos.sp.gov.br/uploads/pdf/1860357569.pdf
2025-05-22 03:16:44,122 - P17320 - INFO - Após processar URL 23 Uso de memória: 124.22 MB
2025-05-22 03:16:44,122 - P17320 - INFO - Processando URL 24/24: https://consultacrm.com.br/
2025-05-22 03:16:47,606 - P17320 - INFO - HTML salvo para debug: data\debug_html_v10\65cadeb91ac3713432c21b535990f440.html
2025-05-22 03:16:47,617 - P17320 - INFO - Candidates address: 0 items
2025-05-22 03:16:47,617 - P17320 - INFO - Candidates phone: 0 items
2025-05-22 03:16:47,618 - P17320 - INFO - Candidates email: 0 items
2025-05-22 03:16:47,618 - P17320 - INFO - Candidates complement: 0 items
2025-05-22 03:16:47,618 - P17320 - INFO - Candidates cep: 0 items
2025-05-22 03:16:47,618 - P17320 - INFO - Após processar URL 24 Uso de memória: 124.25 MB
2025-05-22 03:16:47,619 - P17320 - INFO - Iniciando agregação e ranqueamento
2025-05-22 03:16:47,619 - P17320 - INFO - Ranked address: 35 items
2025-05-22 03:16:47,619 - P17320 - INFO - Ranked phone: 11 items
2025-05-22 03:16:47,619 - P17320 - INFO - Ranked email: 7 items
2025-05-22 03:16:47,620 - P17320 - INFO - Ranked complement: 7 items
2025-05-22 03:16:47,621 - P17320 - INFO - Ranked cep: 11 items
2025-05-22 03:16:47,621 - P17320 - INFO - Após agregação Uso de memória: 124.25 MB
2025-05-22 03:16:47,621 - P17320 - INFO - Validando endereço: ['Rua Amador Bueno Da Veiga, 195', 'Rua Vergueiro, 1353', 'Rua Major Sertório, 440']
2025-05-22 03:16:47,622 - P17320 - INFO - Endereço validado: Rua Amador Bueno Da Veiga, 195
2025-05-22 03:16:47,622 - P17320 - INFO - Limpando texto extenso para campo address: Rua Amador Bueno Da Veiga, 195...
2025-05-22 03:16:47,622 - P17320 - INFO - Texto limpo: Rua Amador Bueno Da Veiga, 195
2025-05-22 03:16:47,622 - P17320 - INFO - Validando telefone: ['(11) 4349-9900', '(11) 4040-2079', '(11) 2035-8010']
2025-05-22 03:16:47,623 - P17320 - INFO - Limpando texto extenso para campo phone: (11) 4349-9900...
2025-05-22 03:16:47,623 - P17320 - INFO - Texto limpo: 11) 4349-9900
2025-05-22 03:16:47,623 - P17320 - INFO - Telefone validado: 11) 4349-9900
2025-05-22 03:16:47,623 - P17320 - INFO - Validando email: ['isaacsoares6@hotmail.com', 'contato@clinicarubedo.com.br', 'contato@guiadocnpj.com.br']
2025-05-22 03:16:47,623 - P17320 - INFO - Limpando texto extenso para campo email: isaacsoares6@hotmail.com...
2025-05-22 03:16:47,623 - P17320 - INFO - Texto limpo: isaacsoares6@hotmail.com
2025-05-22 03:16:47,624 - P17320 - INFO - Email validado: isaacsoares6@hotmail.com
2025-05-22 03:16:47,624 - P17320 - INFO - Validando complemento: ['Sala 701 Torre Norte', 'Conjunto 32', 'Sala 701']
2025-05-22 03:16:47,624 - P17320 - INFO - Limpando texto extenso para campo complement: Sala 701 Torre Norte...
2025-05-22 03:16:47,624 - P17320 - INFO - Texto limpo: Sala 701 Torre Norte
2025-05-22 03:16:47,624 - P17320 - INFO - Complemento validado: Sala 701 Torre Norte
2025-05-22 03:16:47,624 - P17320 - INFO - Descobrindo cidade
2025-05-22 03:16:47,625 - P17320 - INFO - Buscando cidade: Rua Amador Bueno Da Veiga cidade SP
2025-05-22 03:16:50,301 - P17320 - WARNING - Cidade não encontrada
2025-05-22 03:16:50,302 - P17320 - INFO - Cidade descoberta: 
2025-05-22 03:16:50,302 - P17320 - INFO - Tempo de execução de processamento completo do médico: 80.33 segundos
2025-05-22 03:16:50,302 - P17320 - INFO - Resultado processado: {'Hash': '30bf83c9dc05fa02f6eb1c12f4cd65f98892602a2c94d707c5e1d81aa6b4c9ee', 'CRM': '160089', 'UF': 'SP', 'Firstname': 'ISAAC', 'LastName': 'DA SILVA SOARES', 'Medical specialty': '', 'Endereco Completo A1': 'Rua Amador Bueno Da Veiga, 195', 'Address A1': 'Rua Amador Bueno Da Veiga', 'Numero A1': '195', 'Complement A1': 'Sala 701 Torre Norte', 'Bairro A1': '', 'postal code A1': '', 'City A1': '', 'State A1': '', 'Phone A1': '11) 4349-9900', 'Phone A2': '', 'Cell phone A1': '', 'Cell phone A2': '', 'E-mail A1': 'isaacsoares6@hotmail.com', 'E-mail A2': '', 'OPT-IN': '', 'STATUS': '', 'LOTE': ''}
2025-05-22 03:16:50,303 - P17320 - INFO - Progresso: 43.9%
2025-05-22 03:16:50,303 - P17320 - INFO - Tempo de execução de processamento do médico 2: 80.34 segundos
2025-05-22 03:16:50,303 - P17320 - INFO - 
==================================================
Processando médico 3/3
2025-05-22 03:16:50,304 - P17320 - INFO - Nome: JULIANA CRISTINA PINON MUNOZ
2025-05-22 03:16:50,304 - P17320 - INFO - Início do processamento Uso de memória: 120.19 MB
2025-05-22 03:16:50,304 - P17320 - INFO - Iniciando busca para: JULIANA CRISTINA PINON MUNOZ CRM 162019 SP telefone e-mail endereço
2025-05-22 03:16:51,153 - P17320 - INFO - SearX results: 9 URLs
2025-05-22 03:16:51,153 - P17320 - INFO - Após SearX Uso de memória: 120.19 MB
2025-05-22 03:16:53,829 - P17320 - INFO - Google results: 9 URLs
2025-05-22 03:16:53,830 - P17320 - INFO - Após Google Uso de memória: 122.21 MB
2025-05-22 03:16:56,322 - P17320 - INFO - Bing results: 9 URLs
2025-05-22 03:16:56,322 - P17320 - INFO - Após Bing Uso de memória: 123.84 MB
2025-05-22 03:16:56,322 - P17320 - INFO - Total de URLs únicas: 17
2025-05-22 03:16:56,323 - P17320 - INFO - Processando URL 1/17: https://cliniguia.com/profissionais/juliana-cristina-pinon-munoz-700001449536004/
2025-05-22 03:17:01,168 - P17320 - INFO - HTML salvo para debug: data\debug_html_v10\8d6da7a537cf2483687bc94d59de3f26.html
2025-05-22 03:17:01,208 - P17320 - INFO - Candidates address: 0 items
2025-05-22 03:17:01,209 - P17320 - INFO - Candidates phone: 0 items
2025-05-22 03:17:01,209 - P17320 - INFO - Candidates email: 0 items
2025-05-22 03:17:01,209 - P17320 - INFO - Candidates complement: 0 items
2025-05-22 03:17:01,209 - P17320 - INFO - Candidates cep: 0 items
2025-05-22 03:17:01,209 - P17320 - INFO - Após processar URL 1 Uso de memória: 124.62 MB
2025-05-22 03:17:01,209 - P17320 - INFO - Processando URL 2/17: https://www.preventsenior.com.br/assets-pdf/orientadorPreventSenior_500_26-11-2020.pdf
2025-05-22 03:17:01,210 - P17320 - INFO - Ignorando URL de arquivo não-HTML: https://www.preventsenior.com.br/assets-pdf/orientadorPreventSenior_500_26-11-2020.pdf
2025-05-22 03:17:01,210 - P17320 - INFO - Após processar URL 2 Uso de memória: 123.89 MB
2025-05-22 03:17:01,211 - P17320 - INFO - Processando URL 3/17: https://www.medicosbrasil.com/profissionais/neurologista--sao-caetano-do-sul-sp/2
2025-05-22 03:17:03,476 - P17320 - INFO - HTML salvo para debug: data\debug_html_v10\28592b248a5d09522c4f802cd6b332cd.html
2025-05-22 03:17:03,478 - P17320 - INFO - Candidates address: 0 items
2025-05-22 03:17:03,478 - P17320 - INFO - Candidates phone: 0 items
2025-05-22 03:17:03,478 - P17320 - INFO - Candidates email: 0 items
2025-05-22 03:17:03,478 - P17320 - INFO - Candidates complement: 0 items
2025-05-22 03:17:03,478 - P17320 - INFO - Candidates cep: 0 items
2025-05-22 03:17:03,479 - P17320 - INFO - Após processar URL 3 Uso de memória: 123.89 MB
2025-05-22 03:17:03,479 - P17320 - INFO - Processando URL 4/17: https://agendarconsulta.com/new/perfil/dr-juliana-munoz-1739285423
2025-05-22 03:17:09,768 - P17320 - INFO - HTML salvo para debug: data\debug_html_v10\335b306fbdb2b65014a69a3f841fa020.html
2025-05-22 03:17:09,819 - P17320 - INFO - Candidates address: 2 items
2025-05-22 03:17:09,820 - P17320 - INFO - Candidates phone: 2 items
2025-05-22 03:17:09,820 - P17320 - INFO - Candidates email: 0 items
2025-05-22 03:17:09,820 - P17320 - INFO - Candidates complement: 0 items
2025-05-22 03:17:09,820 - P17320 - INFO - Candidates cep: 1 items
2025-05-22 03:17:09,820 - P17320 - INFO - Após processar URL 4 Uso de memória: 123.89 MB
2025-05-22 03:17:09,820 - P17320 - INFO - Processando URL 5/17: https://guiasaudebrasil.com.br/unidade/sao-paulo/sao-paulo/2077655-assoc-aacd-v-clementino/profissionais/medico-neurologista/
2025-05-22 03:17:16,178 - P17320 - INFO - HTML salvo para debug: data\debug_html_v10\6679fd28b1d333812d4a9d9b24c13567.html
2025-05-22 03:17:16,194 - P17320 - INFO - Candidates address: 0 items
2025-05-22 03:17:16,195 - P17320 - INFO - Candidates phone: 1 items
2025-05-22 03:17:16,196 - P17320 - INFO - Candidates email: 0 items
2025-05-22 03:17:16,197 - P17320 - INFO - Candidates complement: 0 items
2025-05-22 03:17:16,198 - P17320 - INFO - Candidates cep: 2 items
2025-05-22 03:17:16,199 - P17320 - INFO - Após processar URL 5 Uso de memória: 123.91 MB
2025-05-22 03:17:16,199 - P17320 - INFO - Processando URL 6/17: https://www.drajulianamunoz.com.br/
2025-05-22 03:17:22,985 - P17320 - INFO - HTML salvo para debug: data\debug_html_v10\c6714c228f5ace9e4b35419b3442f910.html
2025-05-22 03:17:22,999 - P17320 - INFO - Candidates address: 1 items
2025-05-22 03:17:23,001 - P17320 - INFO - Candidates phone: 1 items
2025-05-22 03:17:23,001 - P17320 - INFO - Candidates email: 0 items
2025-05-22 03:17:23,002 - P17320 - INFO - Candidates complement: 0 items
2025-05-22 03:17:23,002 - P17320 - INFO - Candidates cep: 1 items
2025-05-22 03:17:23,002 - P17320 - INFO - Após processar URL 6 Uso de memória: 123.91 MB
2025-05-22 03:17:23,003 - P17320 - INFO - Processando URL 7/17: https://www.sociosbrasil.com/nome/juliana-cristina-pinon-munoz
2025-05-22 03:17:27,444 - P17320 - INFO - HTML salvo para debug: data\debug_html_v10\f8b4a1168d91754d67a2412289f7c060.html
2025-05-22 03:17:27,450 - P17320 - INFO - Candidates address: 1 items
2025-05-22 03:17:27,450 - P17320 - INFO - Candidates phone: 0 items
2025-05-22 03:17:27,450 - P17320 - INFO - Candidates email: 1 items
2025-05-22 03:17:27,450 - P17320 - INFO - Candidates complement: 1 items
2025-05-22 03:17:27,450 - P17320 - INFO - Candidates cep: 2 items
2025-05-22 03:17:27,451 - P17320 - INFO - Após processar URL 7 Uso de memória: 123.92 MB
2025-05-22 03:17:27,451 - P17320 - INFO - Processando URL 8/17: https://www.boaconsulta.com/especialista/juliana-cristina-pinon-munoz-6106ece0a2e00a71650021a8?agendaId=6106ece0a2e00a71650021a9
2025-05-22 03:17:29,579 - P17320 - INFO - HTML salvo para debug: data\debug_html_v10\82d695f9b991114c5a2e4af1dc8fd240.html
2025-05-22 03:17:29,657 - P17320 - INFO - Candidates address: 5 items
2025-05-22 03:17:29,657 - P17320 - INFO - Candidates phone: 0 items
2025-05-22 03:17:29,658 - P17320 - INFO - Candidates email: 0 items
2025-05-22 03:17:29,658 - P17320 - INFO - Candidates complement: 0 items
2025-05-22 03:17:29,658 - P17320 - INFO - Candidates cep: 0 items
2025-05-22 03:17:29,658 - P17320 - INFO - Após processar URL 8 Uso de memória: 123.93 MB
2025-05-22 03:17:29,658 - P17320 - INFO - Processando URL 9/17: https://www.medicosbrasil.com/profissional/juliana-cristina-pinon-munoz
2025-05-22 03:17:31,794 - P17320 - INFO - HTML salvo para debug: data\debug_html_v10\54c2c9f3b7f9531b2999b509c1dec957.html
2025-05-22 03:17:31,796 - P17320 - INFO - Candidates address: 0 items
2025-05-22 03:17:31,797 - P17320 - INFO - Candidates phone: 0 items
2025-05-22 03:17:31,797 - P17320 - INFO - Candidates email: 0 items
2025-05-22 03:17:31,797 - P17320 - INFO - Candidates complement: 0 items
2025-05-22 03:17:31,797 - P17320 - INFO - Candidates cep: 0 items
2025-05-22 03:17:31,797 - P17320 - INFO - Após processar URL 9 Uso de memória: 123.93 MB
2025-05-22 03:17:31,798 - P17320 - INFO - Processando URL 10/17: https://portalweb.preventsenior.com.br/ged/externo/702e8012-f61c-4c37-8165-8e1b4cee6919
2025-05-22 03:17:34,033 - P17320 - INFO - HTML salvo para debug: data\debug_html_v10\d6fbb4c69d140984cbe6332804b18c08.html
2025-05-22 03:17:34,034 - P17320 - INFO - Candidates address: 0 items
2025-05-22 03:17:34,034 - P17320 - INFO - Candidates phone: 0 items
2025-05-22 03:17:34,034 - P17320 - INFO - Candidates email: 0 items
2025-05-22 03:17:34,035 - P17320 - INFO - Candidates complement: 0 items
2025-05-22 03:17:34,035 - P17320 - INFO - Candidates cep: 0 items
2025-05-22 03:17:34,035 - P17320 - INFO - Após processar URL 10 Uso de memória: 123.93 MB
2025-05-22 03:17:34,035 - P17320 - INFO - Processando URL 11/17: https://www.escavador.com/sobre/378369809/juliana-cristina-pinon-munoz
2025-05-22 03:17:37,775 - P17320 - INFO - HTML salvo para debug: data\debug_html_v10\6bd32a1068534e3eec7773f6841e4312.html
2025-05-22 03:17:37,793 - P17320 - INFO - Candidates address: 0 items
2025-05-22 03:17:37,793 - P17320 - INFO - Candidates phone: 0 items
2025-05-22 03:17:37,793 - P17320 - INFO - Candidates email: 0 items
2025-05-22 03:17:37,793 - P17320 - INFO - Candidates complement: 0 items
2025-05-22 03:17:37,794 - P17320 - INFO - Candidates cep: 0 items
2025-05-22 03:17:37,794 - P17320 - INFO - Após processar URL 11 Uso de memória: 124.01 MB
2025-05-22 03:17:37,794 - P17320 - INFO - Processando URL 12/17: https://files.passaicschools.org/agendas/BoardMeetingAgenda-2019-05-13.pdf
2025-05-22 03:17:37,794 - P17320 - INFO - Ignorando URL de arquivo não-HTML: https://files.passaicschools.org/agendas/BoardMeetingAgenda-2019-05-13.pdf
2025-05-22 03:17:37,794 - P17320 - INFO - Após processar URL 12 Uso de memória: 124.01 MB
2025-05-22 03:17:37,794 - P17320 - INFO - Processando URL 13/17: https://www.doctoralia.com.br/juliana-cristina-pinon-munoz-2/neurologista/sao-paulo
2025-05-22 03:17:37,794 - P17320 - INFO - Ignorando URL de arquivo não-HTML: https://www.doctoralia.com.br/juliana-cristina-pinon-munoz-2/neurologista/sao-paulo
2025-05-22 03:17:37,795 - P17320 - INFO - Após processar URL 13 Uso de memória: 124.01 MB
2025-05-22 03:17:37,795 - P17320 - INFO - Processando URL 14/17: https://consultacrm.com.br/
2025-05-22 03:17:41,248 - P17320 - INFO - HTML salvo para debug: data\debug_html_v10\65cadeb91ac3713432c21b535990f440.html
2025-05-22 03:17:41,263 - P17320 - INFO - Candidates address: 0 items
2025-05-22 03:17:41,263 - P17320 - INFO - Candidates phone: 0 items
2025-05-22 03:17:41,263 - P17320 - INFO - Candidates email: 0 items
2025-05-22 03:17:41,263 - P17320 - INFO - Candidates complement: 0 items
2025-05-22 03:17:41,263 - P17320 - INFO - Candidates cep: 0 items
2025-05-22 03:17:41,263 - P17320 - INFO - Após processar URL 14 Uso de memória: 124.03 MB
2025-05-22 03:17:41,264 - P17320 - INFO - Processando URL 15/17: https://cnpj.biz/29358692000126
2025-05-22 03:17:44,742 - P17320 - INFO - HTML salvo para debug: data\debug_html_v10\f5e039846060bb33b9726048186b7325.html
2025-05-22 03:17:44,757 - P17320 - INFO - Candidates address: 2 items
2025-05-22 03:17:44,757 - P17320 - INFO - Candidates phone: 1 items
2025-05-22 03:17:44,758 - P17320 - INFO - Candidates email: 1 items
2025-05-22 03:17:44,758 - P17320 - INFO - Candidates complement: 3 items
2025-05-22 03:17:44,758 - P17320 - INFO - Candidates cep: 3 items
2025-05-22 03:17:44,758 - P17320 - INFO - Após processar URL 15 Uso de memória: 124.05 MB
2025-05-22 03:17:44,758 - P17320 - INFO - Processando URL 16/17: https://files.passaicschools.org/minutes/2018-2019/BoardMeetingMinutes-2019-05-13.pdf
2025-05-22 03:17:44,758 - P17320 - INFO - Ignorando URL de arquivo não-HTML: https://files.passaicschools.org/minutes/2018-2019/BoardMeetingMinutes-2019-05-13.pdf
2025-05-22 03:17:44,759 - P17320 - INFO - Após processar URL 16 Uso de memória: 124.05 MB
2025-05-22 03:17:44,759 - P17320 - INFO - Processando URL 17/17: https://www.boaconsulta.com/especialista/juliana-cristina-pinon-munoz-6106ece0a2e00a71650021a8
2025-05-22 03:17:47,645 - P17320 - INFO - HTML salvo para debug: data\debug_html_v10\8edf610891f63a95f1481330d30d5597.html
2025-05-22 03:17:47,715 - P17320 - INFO - Candidates address: 5 items
2025-05-22 03:17:47,715 - P17320 - INFO - Candidates phone: 0 items
2025-05-22 03:17:47,715 - P17320 - INFO - Candidates email: 0 items
2025-05-22 03:17:47,716 - P17320 - INFO - Candidates complement: 0 items
2025-05-22 03:17:47,716 - P17320 - INFO - Candidates cep: 0 items
2025-05-22 03:17:47,716 - P17320 - INFO - Após processar URL 17 Uso de memória: 124.05 MB
2025-05-22 03:17:47,716 - P17320 - INFO - Iniciando agregação e ranqueamento
2025-05-22 03:17:47,716 - P17320 - INFO - Ranked address: 11 items
2025-05-22 03:17:47,716 - P17320 - INFO - Ranked phone: 4 items
2025-05-22 03:17:47,717 - P17320 - INFO - Ranked email: 2 items
2025-05-22 03:17:47,717 - P17320 - INFO - Ranked complement: 4 items
2025-05-22 03:17:47,717 - P17320 - INFO - Ranked cep: 7 items
2025-05-22 03:17:47,717 - P17320 - INFO - Após agregação Uso de memória: 124.05 MB
2025-05-22 03:17:47,717 - P17320 - INFO - Validando endereço: ['Rua Martiniano De Carvalho, 741', 'Rua Jose Rangel De Camargo, 500', 'Avenida Prof Ascendino Reis, 724']
2025-05-22 03:17:47,717 - P17320 - INFO - Endereço validado: Rua Martiniano De Carvalho, 741
2025-05-22 03:17:47,717 - P17320 - INFO - Limpando texto extenso para campo address: Rua Martiniano De Carvalho, 741...
2025-05-22 03:17:47,718 - P17320 - INFO - Texto limpo: Rua Martiniano De Carvalho, 741
2025-05-22 03:17:47,718 - P17320 - INFO - Validando telefone: ['(11) 91529-7575', '+5511915297575', '(11) 5576-0883']
2025-05-22 03:17:47,718 - P17320 - INFO - Limpando texto extenso para campo phone: (11) 91529-7575...
2025-05-22 03:17:47,718 - P17320 - INFO - Texto limpo: 11) 91529-7575
2025-05-22 03:17:47,719 - P17320 - INFO - Telefone validado: 11) 91529-7575
2025-05-22 03:17:47,719 - P17320 - INFO - Validando email: ['NATYNOVATO@HOTMAIL.COM', 'natynovato@hotmail.com']
2025-05-22 03:17:47,719 - P17320 - INFO - Limpando texto extenso para campo email: NATYNOVATO@HOTMAIL.COM...
2025-05-22 03:17:47,719 - P17320 - INFO - Texto limpo: natynovato@hotmail.com
2025-05-22 03:17:47,719 - P17320 - INFO - Email validado: natynovato@hotmail.com
2025-05-22 03:17:47,719 - P17320 - INFO - Validando complemento: ['Apt   44 Santa Cecilia', 'Apt   44  Clique para copiar    Bairro:  Santa Cecili', 'Apt   44  Santa Cecilia  São Paulo SP  01231-010  Cli']
2025-05-22 03:17:47,720 - P17320 - INFO - Limpando texto extenso para campo complement: Apt   44 Santa Cecilia...
2025-05-22 03:17:47,720 - P17320 - INFO - Texto limpo: Apt 44 Santa Cecilia
2025-05-22 03:17:47,720 - P17320 - INFO - Complemento validado: Apt 44 Santa Cecilia
2025-05-22 03:17:47,720 - P17320 - INFO - Descobrindo cidade
2025-05-22 03:17:47,721 - P17320 - INFO - Buscando cidade: Rua Martiniano De Carvalho cidade SP
2025-05-22 03:17:50,401 - P17320 - WARNING - Cidade não encontrada
2025-05-22 03:17:50,401 - P17320 - INFO - Cidade descoberta: 
2025-05-22 03:17:50,402 - P17320 - INFO - Tempo de execução de processamento completo do médico: 60.10 segundos
2025-05-22 03:17:50,402 - P17320 - INFO - Resultado processado: {'Hash': '0bddd7ed4a82858947f9e3fb7c1bc2fe532799fdb4759e5ddb1f43fe8a141512', 'CRM': '162019', 'UF': 'SP', 'Firstname': 'JULIANA', 'LastName': 'CRISTINA PINON MUNOZ', 'Medical specialty': '', 'Endereco Completo A1': 'Rua Martiniano De Carvalho, 741', 'Address A1': 'Rua Martiniano De Carvalho', 'Numero A1': '741', 'Complement A1': 'Apt 44 Santa Cecilia', 'Bairro A1': '', 'postal code A1': '', 'City A1': '', 'State A1': '', 'Phone A1': '11) 91529-7575', 'Phone A2': '', 'Cell phone A1': '', 'Cell phone A2': '', 'E-mail A1': 'natynovato@hotmail.com', 'E-mail A2': '', 'OPT-IN': '', 'STATUS': '', 'LOTE': ''}
2025-05-22 03:17:50,402 - P17320 - INFO - Salvando lote de resultados
2025-05-22 03:17:50,403 - P17320 - INFO - Após salvar resultados Uso de memória: 120.46 MB
2025-05-22 03:17:50,404 - P17320 - INFO - Progresso: 44.3%
2025-05-22 03:17:50,404 - P17320 - INFO - Tempo de execução de processamento do médico 3: 60.10 segundos
2025-05-22 03:17:50,404 - P17320 - INFO - Tempo de execução de processamento do lote completo: 200.72 segundos
