2025-05-21 19:41:11,423 - P10872 - INFO - 
==================================================
Processando médico 1/2
2025-05-21 19:41:11,423 - P10872 - INFO - Nome: ADAM VALENTE AMARAL
2025-05-21 19:41:11,424 - P10872 - INFO - Reiniciando driver do Chrome
2025-05-21 19:41:13,614 - P10872 - INFO - Após reiniciar driver Uso de memória: 38.39 MB
2025-05-21 19:41:13,615 - P10872 - INFO - Início do processamento Uso de memória: 38.39 MB
2025-05-21 19:41:13,615 - P10872 - INFO - Iniciando busca para: ADAM VALENTE AMARAL CRM 24698 CE telefone e-mail endereço
2025-05-21 19:41:14,081 - P10872 - INFO - SearX results: 14 URLs
2025-05-21 19:41:14,084 - P10872 - INFO - Após SearX Uso de memória: 38.46 MB
2025-05-21 19:41:16,828 - P10872 - INFO - Google results: 9 URLs
2025-05-21 19:41:16,828 - P10872 - INFO - Após Google Uso de memória: 39.58 MB
2025-05-21 19:41:19,633 - P10872 - INFO - Bing results: 9 URLs
2025-05-21 19:41:19,633 - P10872 - INFO - Após Bing Uso de memória: 40.54 MB
2025-05-21 19:41:19,634 - P10872 - INFO - Total de URLs únicas: 21
2025-05-21 19:41:19,634 - P10872 - INFO - Processando URL 1/21: https://www.ime.usp.br/~yoshi/2020i/ccm128/sandbox/2020.05.06/DATA/LEIPZIG_PT_BR/1M/por-br_newscrawl_2011_1M-words.txt
2025-05-21 19:41:19,641 - P10872 - INFO - Ignorando URL de arquivo não-HTML: https://www.ime.usp.br/~yoshi/2020i/ccm128/sandbox/2020.05.06/DATA/LEIPZIG_PT_BR/1M/por-br_newscrawl_2011_1M-words.txt
2025-05-21 19:41:19,642 - P10872 - INFO - Após processar URL 1 Uso de memória: 40.54 MB
2025-05-21 19:41:19,642 - P10872 - INFO - Processando URL 2/21: https://cremec.org.br/busca-medicos
2025-05-21 19:41:24,132 - P10872 - INFO - HTML salvo para debug: data\debug_html_v7\3c9ece8b802bc598dd007727d971a7d5.html
2025-05-21 19:41:24,175 - P10872 - INFO - Candidates address: 2 items
2025-05-21 19:41:24,175 - P10872 - INFO - Candidates phone: 2 items
2025-05-21 19:41:24,176 - P10872 - INFO - Candidates email: 2 items
2025-05-21 19:41:24,176 - P10872 - INFO - Candidates complement: 0 items
2025-05-21 19:41:24,176 - P10872 - INFO - Candidates cep: 2 items
2025-05-21 19:41:24,176 - P10872 - INFO - Após processar URL 2 Uso de memória: 42.53 MB
2025-05-21 19:41:24,177 - P10872 - INFO - Processando URL 3/21: https://aboutcompany.info/country/brazil/officer/247443/adam-valente-amaral/
2025-05-21 19:41:27,611 - P10872 - INFO - HTML salvo para debug: data\debug_html_v7\b795b8b192d8bf3675c76c7f81a71938.html
2025-05-21 19:41:27,635 - P10872 - INFO - Candidates address: 0 items
2025-05-21 19:41:27,641 - P10872 - INFO - Candidates phone: 0 items
2025-05-21 19:41:27,642 - P10872 - INFO - Candidates email: 0 items
2025-05-21 19:41:27,642 - P10872 - INFO - Candidates complement: 0 items
2025-05-21 19:41:27,643 - P10872 - INFO - Candidates cep: 0 items
2025-05-21 19:41:27,646 - P10872 - INFO - Após processar URL 3 Uso de memória: 42.97 MB
2025-05-21 19:41:27,648 - P10872 - INFO - Processando URL 4/21: https://empresasweb.net/emp/ava-servicos-medicos-ltda-52454742
2025-05-21 19:41:30,826 - P10872 - INFO - HTML salvo para debug: data\debug_html_v7\f92ce62ae559e038fc9a6a6ac3fe7cd8.html
2025-05-21 19:41:30,836 - P10872 - INFO - Candidates address: 0 items
2025-05-21 19:41:30,837 - P10872 - INFO - Candidates phone: 1 items
2025-05-21 19:41:30,837 - P10872 - INFO - Candidates email: 2 items
2025-05-21 19:41:30,837 - P10872 - INFO - Candidates complement: 2 items
2025-05-21 19:41:30,837 - P10872 - INFO - Candidates cep: 2 items
2025-05-21 19:41:30,837 - P10872 - INFO - Após processar URL 4 Uso de memória: 42.98 MB
2025-05-21 19:41:30,838 - P10872 - INFO - Processando URL 5/21: https://diariooficial.guarulhos.sp.gov.br/uploads/pdf/940464383.pdf
2025-05-21 19:41:30,838 - P10872 - INFO - Ignorando URL de arquivo não-HTML: https://diariooficial.guarulhos.sp.gov.br/uploads/pdf/940464383.pdf
2025-05-21 19:41:30,838 - P10872 - INFO - Após processar URL 5 Uso de memória: 42.98 MB
2025-05-21 19:41:30,838 - P10872 - INFO - Processando URL 6/21: https://www.gov.br/mme/pt-br/arquivos/do-19-10-2012-s1.pdf/@@download/file
2025-05-21 19:41:30,838 - P10872 - INFO - Ignorando URL de arquivo não-HTML: https://www.gov.br/mme/pt-br/arquivos/do-19-10-2012-s1.pdf/@@download/file
2025-05-21 19:41:30,838 - P10872 - INFO - Após processar URL 6 Uso de memória: 42.98 MB
2025-05-21 19:41:30,839 - P10872 - INFO - Processando URL 7/21: https://cnpj.biz/52454742000190
2025-05-21 19:41:34,932 - P10872 - INFO - HTML salvo para debug: data\debug_html_v7\2b922da438e705582bd6aebe7dd201f7.html
2025-05-21 19:41:34,948 - P10872 - INFO - Candidates address: 3 items
2025-05-21 19:41:34,949 - P10872 - INFO - Candidates phone: 2 items
2025-05-21 19:41:34,949 - P10872 - INFO - Candidates email: 2 items
2025-05-21 19:41:34,949 - P10872 - INFO - Candidates complement: 1 items
2025-05-21 19:41:34,949 - P10872 - INFO - Candidates cep: 6 items
2025-05-21 19:41:34,949 - P10872 - INFO - Após processar URL 7 Uso de memória: 43.21 MB
2025-05-21 19:41:34,950 - P10872 - INFO - Processando URL 8/21: https://acervo.arquivopublico.sc.gov.br/uploads/r/arquivo-publico-do-estado-de-santa-catarina-apesc/6/1/2/612f70bffaaa8e816699514677bfeef039a96203a3ab34d6d037f022c00cd7d8/cb03960a-f8a8-4c29-92ed-5b34abe27b83-13702-DOE_19176_20_09_2011_44F_JUCESC_19176_08F.pdf
2025-05-21 19:41:34,950 - P10872 - INFO - Ignorando URL de arquivo não-HTML: https://acervo.arquivopublico.sc.gov.br/uploads/r/arquivo-publico-do-estado-de-santa-catarina-apesc/6/1/2/612f70bffaaa8e816699514677bfeef039a96203a3ab34d6d037f022c00cd7d8/cb03960a-f8a8-4c29-92ed-5b34abe27b83-13702-DOE_19176_20_09_2011_44F_JUCESC_19176_08F.pdf
2025-05-21 19:41:34,950 - P10872 - INFO - Após processar URL 8 Uso de memória: 43.21 MB
2025-05-21 19:41:34,950 - P10872 - INFO - Processando URL 9/21: https://www.informecadastral.com.br/cnpj/b1021-med-assistencia-e-servicos-medicos-ltda-47208480000144
2025-05-21 19:41:39,388 - P10872 - INFO - HTML salvo para debug: data\debug_html_v7\2ea16952e4cd88d92eee7df4b4a09d6d.html
2025-05-21 19:41:39,411 - P10872 - INFO - Candidates address: 3 items
2025-05-21 19:41:39,411 - P10872 - INFO - Candidates phone: 3 items
2025-05-21 19:41:39,411 - P10872 - INFO - Candidates email: 2 items
2025-05-21 19:41:39,411 - P10872 - INFO - Candidates complement: 0 items
2025-05-21 19:41:39,412 - P10872 - INFO - Candidates cep: 5 items
2025-05-21 19:41:39,412 - P10872 - INFO - Após processar URL 9 Uso de memória: 44.09 MB
2025-05-21 19:41:39,412 - P10872 - INFO - Processando URL 10/21: https://www.sociosbrasil.com/nome/adam-valente-amaral
2025-05-21 19:41:55,263 - P10872 - INFO - HTML salvo para debug: data\debug_html_v7\4c23c921d7175d5df7b3c6ea5ae7298d.html
2025-05-21 19:41:55,269 - P10872 - INFO - Candidates address: 2 items
2025-05-21 19:41:55,269 - P10872 - INFO - Candidates phone: 0 items
2025-05-21 19:41:55,270 - P10872 - INFO - Candidates email: 2 items
2025-05-21 19:41:55,270 - P10872 - INFO - Candidates complement: 1 items
2025-05-21 19:41:55,270 - P10872 - INFO - Candidates cep: 6 items
2025-05-21 19:41:55,270 - P10872 - INFO - Após processar URL 10 Uso de memória: 44.87 MB
2025-05-21 19:41:55,270 - P10872 - INFO - Processando URL 11/21: https://rhetory.com/antconc/wordlist.txt
2025-05-21 19:41:55,270 - P10872 - INFO - Ignorando URL de arquivo não-HTML: https://rhetory.com/antconc/wordlist.txt
2025-05-21 19:41:55,271 - P10872 - INFO - Após processar URL 11 Uso de memória: 44.87 MB
2025-05-21 19:41:55,271 - P10872 - INFO - Processando URL 12/21: https://www.gov.br/mme/pt-br/arquivos/do-19-10-2012-s1.pdf
2025-05-21 19:41:55,271 - P10872 - INFO - Ignorando URL de arquivo não-HTML: https://www.gov.br/mme/pt-br/arquivos/do-19-10-2012-s1.pdf
2025-05-21 19:41:55,271 - P10872 - INFO - Após processar URL 12 Uso de memória: 44.87 MB
2025-05-21 19:41:55,271 - P10872 - INFO - Processando URL 13/21: https://www.ime.usp.br/~yoshi/2023i/mac2166/sandbox/2023.06.23/DATA/LEIPZIG_PT_BR/10k/por-br_newscrawl_2011_10K-words.txt
2025-05-21 19:41:55,272 - P10872 - INFO - Ignorando URL de arquivo não-HTML: https://www.ime.usp.br/~yoshi/2023i/mac2166/sandbox/2023.06.23/DATA/LEIPZIG_PT_BR/10k/por-br_newscrawl_2011_10K-words.txt
2025-05-21 19:41:55,273 - P10872 - INFO - Após processar URL 13 Uso de memória: 44.88 MB
2025-05-21 19:41:55,274 - P10872 - INFO - Processando URL 14/21: https://consultacrm.com.br/
2025-05-21 19:41:58,885 - P10872 - INFO - HTML salvo para debug: data\debug_html_v7\65cadeb91ac3713432c21b535990f440.html
2025-05-21 19:41:58,898 - P10872 - INFO - Candidates address: 0 items
2025-05-21 19:41:58,898 - P10872 - INFO - Candidates phone: 0 items
2025-05-21 19:41:58,899 - P10872 - INFO - Candidates email: 0 items
2025-05-21 19:41:58,899 - P10872 - INFO - Candidates complement: 0 items
2025-05-21 19:41:58,899 - P10872 - INFO - Candidates cep: 0 items
2025-05-21 19:41:58,899 - P10872 - INFO - Após processar URL 14 Uso de memória: 45.93 MB
2025-05-21 19:41:58,899 - P10872 - INFO - Processando URL 15/21: https://inteligen.com.br/socio/adam-valente-amaral-247443
2025-05-21 19:42:02,779 - P10872 - INFO - HTML salvo para debug: data\debug_html_v7\26e8e6cdb46c2257e11084cbd85195fc.html
2025-05-21 19:42:02,789 - P10872 - INFO - Candidates address: 0 items
2025-05-21 19:42:02,789 - P10872 - INFO - Candidates phone: 0 items
2025-05-21 19:42:02,789 - P10872 - INFO - Candidates email: 0 items
2025-05-21 19:42:02,789 - P10872 - INFO - Candidates complement: 0 items
2025-05-21 19:42:02,790 - P10872 - INFO - Candidates cep: 0 items
2025-05-21 19:42:02,790 - P10872 - INFO - Após processar URL 15 Uso de memória: 44.52 MB
2025-05-21 19:42:02,790 - P10872 - INFO - Processando URL 16/21: https://cnpj.biz/45116723000199
2025-05-21 19:42:05,042 - P10872 - INFO - HTML salvo para debug: data\debug_html_v7\d8f2a51acfdf6d9ed951c0d4f9abb2de.html
2025-05-21 19:42:05,045 - P10872 - INFO - Candidates address: 0 items
2025-05-21 19:42:05,045 - P10872 - INFO - Candidates phone: 0 items
2025-05-21 19:42:05,046 - P10872 - INFO - Candidates email: 0 items
2025-05-21 19:42:05,046 - P10872 - INFO - Candidates complement: 0 items
2025-05-21 19:42:05,047 - P10872 - INFO - Candidates cep: 0 items
2025-05-21 19:42:05,047 - P10872 - INFO - Após processar URL 16 Uso de memória: 44.66 MB
2025-05-21 19:42:05,047 - P10872 - INFO - Processando URL 17/21: https://pt.scribd.com/document/649768262/caderno1-2023-05-31-edital
2025-05-21 19:42:10,270 - P10872 - INFO - HTML salvo para debug: data\debug_html_v7\c31171d79683ccb1d537f9fe3f95ddf8.html
2025-05-21 19:42:10,687 - P10872 - INFO - Candidates address: 2 items
2025-05-21 19:42:10,687 - P10872 - INFO - Candidates phone: 2 items
2025-05-21 19:42:10,687 - P10872 - INFO - Candidates email: 1 items
2025-05-21 19:42:10,687 - P10872 - INFO - Candidates complement: 0 items
2025-05-21 19:42:10,688 - P10872 - INFO - Candidates cep: 68 items
2025-05-21 19:42:10,688 - P10872 - INFO - Após processar URL 17 Uso de memória: 63.20 MB
2025-05-21 19:42:10,688 - P10872 - INFO - Processando URL 18/21: https://www.portaltransparencia.gov.br/pessoa-fisica/busca/lista
2025-05-21 19:42:14,315 - P10872 - INFO - HTML salvo para debug: data\debug_html_v7\e200cdf64b71d4c9248718dd155b3edb.html
2025-05-21 19:42:14,351 - P10872 - INFO - Candidates address: 0 items
2025-05-21 19:42:14,351 - P10872 - INFO - Candidates phone: 0 items
2025-05-21 19:42:14,351 - P10872 - INFO - Candidates email: 0 items
2025-05-21 19:42:14,351 - P10872 - INFO - Candidates complement: 0 items
2025-05-21 19:42:14,351 - P10872 - INFO - Candidates cep: 0 items
2025-05-21 19:42:14,351 - P10872 - INFO - Após processar URL 18 Uso de memória: 60.53 MB
2025-05-21 19:42:14,352 - P10872 - INFO - Processando URL 19/21: https://www.diariomunicipal.sc.gov.br/atos/3373339
2025-05-21 19:42:17,712 - P10872 - INFO - HTML salvo para debug: data\debug_html_v7\c4d5cc5564047c19ff8083f82874be00.html
2025-05-21 19:42:19,113 - P10872 - INFO - Candidates address: 638 items
2025-05-21 19:42:19,113 - P10872 - INFO - Candidates phone: 619 items
2025-05-21 19:42:19,113 - P10872 - INFO - Candidates email: 620 items
2025-05-21 19:42:19,114 - P10872 - INFO - Candidates complement: 1 items
2025-05-21 19:42:19,114 - P10872 - INFO - Candidates cep: 2812 items
2025-05-21 19:42:19,117 - P10872 - INFO - Após processar URL 19 Uso de memória: 88.64 MB
2025-05-21 19:42:19,121 - P10872 - INFO - Processando URL 20/21: https://www.jornalminasgerais.mg.gov.br/modulos/www.jornalminasgerais.mg.gov.br//diarioOficial/2023/05/31/jornal/caderno1_2023-05-31.pdf
2025-05-21 19:42:19,122 - P10872 - INFO - Ignorando URL de arquivo não-HTML: https://www.jornalminasgerais.mg.gov.br/modulos/www.jornalminasgerais.mg.gov.br//diarioOficial/2023/05/31/jornal/caderno1_2023-05-31.pdf
2025-05-21 19:42:19,123 - P10872 - INFO - Após processar URL 20 Uso de memória: 85.53 MB
2025-05-21 19:42:19,123 - P10872 - INFO - Processando URL 21/21: https://www.cnpj.services/qsa/adam-valente-amaral
2025-05-21 19:42:22,776 - P10872 - INFO - HTML salvo para debug: data\debug_html_v7\8460016c5f12480ea5906301e0bf621d.html
2025-05-21 19:42:22,785 - P10872 - INFO - Candidates address: 0 items
2025-05-21 19:42:22,786 - P10872 - INFO - Candidates phone: 0 items
2025-05-21 19:42:22,787 - P10872 - INFO - Candidates email: 0 items
2025-05-21 19:42:22,787 - P10872 - INFO - Candidates complement: 0 items
2025-05-21 19:42:22,787 - P10872 - INFO - Candidates cep: 2 items
2025-05-21 19:42:22,787 - P10872 - INFO - Após processar URL 21 Uso de memória: 86.00 MB
2025-05-21 19:42:22,788 - P10872 - INFO - Iniciando agregação e ranqueamento
2025-05-21 19:42:22,789 - P10872 - INFO - Após agregação Uso de memória: 86.23 MB
2025-05-21 19:42:22,790 - P10872 - INFO - Validando endereço: ['Travessa Santo Antonio PDF Ainda não há avaliações Travessa Santo Antonio 10', 'Rua Senador Pompeu 834 Sala 415  Centro  Fortaleza CE  60025-000', 'Ruas; Segurado: Lucio Ruas De Oliveira; Matrícula: 054.936']
2025-05-21 19:42:22,790 - P10872 - INFO - Endereço validado: Travessa Santo Antonio PDF Ainda não há avaliações Travessa Santo Antonio 10
2025-05-21 19:42:22,791 - P10872 - INFO - Validando telefone: ['(85) 3198-3700', '(55)8599-761487', '(85) 99976-1487']
2025-05-21 19:42:22,792 - P10872 - INFO - Telefone validado: (85) 99976-1487
2025-05-21 19:42:22,793 - P10872 - INFO - Validando email: ['cremec@cremec.org.br', 'adamvalenteamaral@yahoo.com.br', 'suanota@medmoney.com.br']
2025-05-21 19:42:22,793 - P10872 - INFO - Email validado: cremec@cremec.org.br
2025-05-21 19:42:22,794 - P10872 - INFO - Validando complemento: ['Sala 415', 'Sala 415  Centro  Fortaleza CE  60025-000', 'Sala 415 Centro']
2025-05-21 19:42:22,794 - P10872 - INFO - Complemento validado: Sala 415
2025-05-21 19:42:22,794 - P10872 - INFO - Descobrindo cidade
2025-05-21 19:42:22,794 - P10872 - INFO - Buscando cidade: Travessa Santo Antonio PDF Ainda não há avaliações Travessa Santo Antonio cidade CE
2025-05-21 19:42:25,574 - P10872 - WARNING - Cidade não encontrada
2025-05-21 19:42:25,574 - P10872 - INFO - Cidade descoberta: 
2025-05-21 19:42:25,575 - P10872 - INFO - Tempo de execução de processamento completo do médico: 71.96 segundos
2025-05-21 19:42:25,575 - P10872 - INFO - Resultado processado: {'CRM': '24698', 'UF': 'CE', 'Firstname': 'ADAM', 'LastName': 'VALENTE AMARAL', 'Medical specialty': '', 'Endereco Completo A1': 'Travessa Santo Antonio PDF Ainda não há avaliações Travessa Santo Antonio 10', 'Address A1': 'Travessa Santo Antonio PDF Ainda não há avaliações Travessa Santo Antonio', 'Numero A1': '10', 'Complement A1': 'Sala 415', 'Bairro A1': '', 'postal code A1': '', 'City A1': '', 'State A1': '', 'Phone A1': '(85) 99976-1487', 'Phone A2': '', 'Cell phone A1': '', 'Cell phone A2': '', 'E-mail A1': 'cremec@cremec.org.br', 'E-mail A2': '', 'OPT-IN': '', 'STATUS': '', 'LOTE': ''}
2025-05-21 19:42:25,577 - P10872 - INFO - Progresso: 40.0%
2025-05-21 19:42:25,578 - P10872 - INFO - Executando coleta de lixo
2025-05-21 19:42:25,663 - P10872 - INFO - Após coleta de lixo Uso de memória: 50.47 MB
2025-05-21 19:42:25,674 - P10872 - INFO - Tempo de execução de processamento do médico 1: 74.25 segundos
2025-05-21 19:42:25,677 - P10872 - INFO - 
==================================================
Processando médico 2/2
2025-05-21 19:42:25,678 - P10872 - INFO - Nome: JOAO HENRIQUE DE SOUSA
2025-05-21 19:42:25,678 - P10872 - INFO - Início do processamento Uso de memória: 50.47 MB
2025-05-21 19:42:25,679 - P10872 - INFO - Iniciando busca para: JOAO HENRIQUE DE SOUSA CRM 145560 SP telefone e-mail endereço
2025-05-21 19:42:26,490 - P10872 - INFO - SearX results: 15 URLs
2025-05-21 19:42:26,490 - P10872 - INFO - Após SearX Uso de memória: 50.47 MB
2025-05-21 19:42:29,452 - P10872 - INFO - Google results: 12 URLs
2025-05-21 19:42:29,452 - P10872 - INFO - Após Google Uso de memória: 52.08 MB
2025-05-21 19:42:32,122 - P10872 - INFO - Bing results: 10 URLs
2025-05-21 19:42:32,123 - P10872 - INFO - Após Bing Uso de memória: 52.96 MB
2025-05-21 19:42:32,123 - P10872 - INFO - Total de URLs únicas: 22
2025-05-21 19:42:32,123 - P10872 - INFO - Processando URL 1/22: https://www.doctoralia.com.br/joao-henrique-meira-sousa/cirurgiao-geral-endoscopista/socorro
2025-05-21 19:42:32,123 - P10872 - INFO - Ignorando URL de arquivo não-HTML: https://www.doctoralia.com.br/joao-henrique-meira-sousa/cirurgiao-geral-endoscopista/socorro
2025-05-21 19:42:32,124 - P10872 - INFO - Após processar URL 1 Uso de memória: 52.96 MB
2025-05-21 19:42:32,124 - P10872 - INFO - Processando URL 2/22: https://piauihoje.com/noticias/geral/trf4-suspende-direitos-politicos-de-joao-henrique-sousa-coordenador-de-dr-pessoa-356970.html
2025-05-21 19:42:35,999 - P10872 - INFO - HTML salvo para debug: data\debug_html_v7\035aa1a7d7819329169d35771bfcfcb2.html
2025-05-21 19:42:36,027 - P10872 - INFO - Candidates address: 1 items
2025-05-21 19:42:36,027 - P10872 - INFO - Candidates phone: 1 items
2025-05-21 19:42:36,027 - P10872 - INFO - Candidates email: 3 items
2025-05-21 19:42:36,027 - P10872 - INFO - Candidates complement: 0 items
2025-05-21 19:42:36,028 - P10872 - INFO - Candidates cep: 1 items
2025-05-21 19:42:36,028 - P10872 - INFO - Após processar URL 2 Uso de memória: 54.42 MB
2025-05-21 19:42:36,028 - P10872 - INFO - Processando URL 3/22: https://dodf.df.gov.br/dodf/jornal/visualizar-pdf?pasta=2011%7C09_Setembro%7CDODF%20171%2001-09-2011%7C&arquivo=DODF%20171%2001-09-2011%20SECAO3.pdf
2025-05-21 19:42:36,028 - P10872 - INFO - Ignorando URL de arquivo não-HTML: https://dodf.df.gov.br/dodf/jornal/visualizar-pdf?pasta=2011%7C09_Setembro%7CDODF%20171%2001-09-2011%7C&arquivo=DODF%20171%2001-09-2011%20SECAO3.pdf
2025-05-21 19:42:36,028 - P10872 - INFO - Após processar URL 3 Uso de memória: 53.00 MB
2025-05-21 19:42:36,029 - P10872 - INFO - Processando URL 4/22: https://central3.to.gov.br/arquivo/231617/
2025-05-21 19:42:38,271 - P10872 - INFO - HTML salvo para debug: data\debug_html_v7\787e17b60751673deacf3c4fa29e6f44.html
2025-05-21 19:42:38,272 - P10872 - INFO - Candidates address: 0 items
2025-05-21 19:42:38,272 - P10872 - INFO - Candidates phone: 0 items
2025-05-21 19:42:38,272 - P10872 - INFO - Candidates email: 0 items
2025-05-21 19:42:38,272 - P10872 - INFO - Candidates complement: 0 items
2025-05-21 19:42:38,273 - P10872 - INFO - Candidates cep: 0 items
2025-05-21 19:42:38,273 - P10872 - INFO - Após processar URL 4 Uso de memória: 53.00 MB
2025-05-21 19:42:38,273 - P10872 - INFO - Processando URL 5/22: https://www.gp1.com.br/noticias-sobre/politica/joao-henrique-sousa/
2025-05-21 19:42:41,971 - P10872 - INFO - HTML salvo para debug: data\debug_html_v7\c60b4318068512d79a89c9069c279e2d.html
2025-05-21 19:42:42,177 - P10872 - INFO - Candidates address: 0 items
2025-05-21 19:42:42,177 - P10872 - INFO - Candidates phone: 5 items
2025-05-21 19:42:42,177 - P10872 - INFO - Candidates email: 4 items
2025-05-21 19:42:42,177 - P10872 - INFO - Candidates complement: 0 items
2025-05-21 19:42:42,177 - P10872 - INFO - Candidates cep: 2 items
2025-05-21 19:42:42,177 - P10872 - INFO - Após processar URL 5 Uso de memória: 54.79 MB
2025-05-21 19:42:42,178 - P10872 - INFO - Processando URL 6/22: https://sistemadje.tjmt.jus.br/publicacoes/9646-2015.pdf
2025-05-21 19:42:42,178 - P10872 - INFO - Ignorando URL de arquivo não-HTML: https://sistemadje.tjmt.jus.br/publicacoes/9646-2015.pdf
2025-05-21 19:42:42,178 - P10872 - INFO - Após processar URL 6 Uso de memória: 53.29 MB
2025-05-21 19:42:42,178 - P10872 - INFO - Processando URL 7/22: https://www.anamages.org.br/entrevistas/o-juiz-e-a-sua-historia-dr-joao-henrique-sousa-gomes-tjpi
2025-05-21 19:42:44,406 - P10872 - INFO - HTML salvo para debug: data\debug_html_v7\80e744619412b57a098cc3700946906f.html
2025-05-21 19:42:44,415 - P10872 - INFO - Candidates address: 0 items
2025-05-21 19:42:44,415 - P10872 - INFO - Candidates phone: 2 items
2025-05-21 19:42:44,416 - P10872 - INFO - Candidates email: 0 items
2025-05-21 19:42:44,416 - P10872 - INFO - Candidates complement: 0 items
2025-05-21 19:42:44,416 - P10872 - INFO - Candidates cep: 0 items
2025-05-21 19:42:44,416 - P10872 - INFO - Após processar URL 7 Uso de memória: 53.64 MB
2025-05-21 19:42:44,416 - P10872 - INFO - Processando URL 8/22: https://ilustrado.com.br/wp-content/uploads/2023/03/leis_14_03_2023.pdf
2025-05-21 19:42:44,416 - P10872 - INFO - Ignorando URL de arquivo não-HTML: https://ilustrado.com.br/wp-content/uploads/2023/03/leis_14_03_2023.pdf
2025-05-21 19:42:44,417 - P10872 - INFO - Após processar URL 8 Uso de memória: 53.64 MB
2025-05-21 19:42:44,417 - P10872 - INFO - Processando URL 9/22: https://cidadeverde.com/noticias/422960/ex-ministro-joao-henrique-diz-que-se-aposentara-da-politica-e-trabalhara-como-corretor-imobiliario
2025-05-21 19:42:49,850 - P10872 - INFO - HTML salvo para debug: data\debug_html_v7\5fd734a77ff888fa7a8591faf5d08509.html
2025-05-21 19:42:49,877 - P10872 - INFO - Candidates address: 1 items
2025-05-21 19:42:49,877 - P10872 - INFO - Candidates phone: 3 items
2025-05-21 19:42:49,878 - P10872 - INFO - Candidates email: 2 items
2025-05-21 19:42:49,878 - P10872 - INFO - Candidates complement: 0 items
2025-05-21 19:42:49,878 - P10872 - INFO - Candidates cep: 3 items
2025-05-21 19:42:49,879 - P10872 - INFO - Após processar URL 9 Uso de memória: 56.85 MB
2025-05-21 19:42:49,879 - P10872 - INFO - Processando URL 10/22: https://portal.cfm.org.br/busca-medicos
2025-05-21 19:42:54,284 - P10872 - INFO - HTML salvo para debug: data\debug_html_v7\e28ae84aaa177d1328f3a0d1fb68449f.html
2025-05-21 19:42:54,316 - P10872 - INFO - Candidates address: 0 items
2025-05-21 19:42:54,317 - P10872 - INFO - Candidates phone: 0 items
2025-05-21 19:42:54,317 - P10872 - INFO - Candidates email: 2 items
2025-05-21 19:42:54,317 - P10872 - INFO - Candidates complement: 2 items
2025-05-21 19:42:54,317 - P10872 - INFO - Candidates cep: 2 items
2025-05-21 19:42:54,318 - P10872 - INFO - Após processar URL 10 Uso de memória: 54.54 MB
2025-05-21 19:42:54,318 - P10872 - INFO - Processando URL 11/22: https://www.tjsp.jus.br/ListaTelefonica
2025-05-21 19:42:57,293 - P10872 - INFO - HTML salvo para debug: data\debug_html_v7\a77c47abf77d731c2428837ee0bcfad4.html
2025-05-21 19:42:57,312 - P10872 - INFO - Candidates address: 0 items
2025-05-21 19:42:57,312 - P10872 - INFO - Candidates phone: 1 items
2025-05-21 19:42:57,313 - P10872 - INFO - Candidates email: 0 items
2025-05-21 19:42:57,313 - P10872 - INFO - Candidates complement: 0 items
2025-05-21 19:42:57,313 - P10872 - INFO - Candidates cep: 1 items
2025-05-21 19:42:57,313 - P10872 - INFO - Após processar URL 11 Uso de memória: 55.01 MB
2025-05-21 19:42:57,313 - P10872 - INFO - Processando URL 12/22: https://guiasaudebrasil.com.br/profissional/6f6c2cdd858d6b79-joao-henrique-de-sousa
2025-05-21 19:43:02,375 - P10872 - INFO - HTML salvo para debug: data\debug_html_v7\74035ba931c8bfc260a1dc85d1680c21.html
2025-05-21 19:43:02,392 - P10872 - INFO - Candidates address: 0 items
2025-05-21 19:43:02,392 - P10872 - INFO - Candidates phone: 0 items
2025-05-21 19:43:02,392 - P10872 - INFO - Candidates email: 0 items
2025-05-21 19:43:02,392 - P10872 - INFO - Candidates complement: 0 items
2025-05-21 19:43:02,392 - P10872 - INFO - Candidates cep: 1 items
2025-05-21 19:43:02,393 - P10872 - INFO - Após processar URL 12 Uso de memória: 54.97 MB
2025-05-21 19:43:02,393 - P10872 - INFO - Processando URL 13/22: https://consultacrm.com.br/
2025-05-21 19:43:05,584 - P10872 - INFO - HTML salvo para debug: data\debug_html_v7\65cadeb91ac3713432c21b535990f440.html
2025-05-21 19:43:05,603 - P10872 - INFO - Candidates address: 0 items
2025-05-21 19:43:05,609 - P10872 - INFO - Candidates phone: 0 items
2025-05-21 19:43:05,610 - P10872 - INFO - Candidates email: 0 items
2025-05-21 19:43:05,610 - P10872 - INFO - Candidates complement: 0 items
2025-05-21 19:43:05,610 - P10872 - INFO - Candidates cep: 0 items
2025-05-21 19:43:05,610 - P10872 - INFO - Após processar URL 13 Uso de memória: 56.06 MB
2025-05-21 19:43:05,611 - P10872 - INFO - Processando URL 14/22: https://sistemadje.tjmt.jus.br/publicacoes/9221-2014.pdf
2025-05-21 19:43:05,611 - P10872 - INFO - Ignorando URL de arquivo não-HTML: https://sistemadje.tjmt.jus.br/publicacoes/9221-2014.pdf
2025-05-21 19:43:05,611 - P10872 - INFO - Após processar URL 14 Uso de memória: 54.31 MB
2025-05-21 19:43:05,612 - P10872 - INFO - Processando URL 15/22: https://guiamedico.cremesp.org.br/
2025-05-21 19:43:07,762 - P10872 - INFO - HTML salvo para debug: data\debug_html_v7\7c54969580769b63edd9abaa952e1fa2.html
2025-05-21 19:43:07,767 - P10872 - INFO - Candidates address: 1 items
2025-05-21 19:43:07,768 - P10872 - INFO - Candidates phone: 1 items
2025-05-21 19:43:07,768 - P10872 - INFO - Candidates email: 0 items
2025-05-21 19:43:07,768 - P10872 - INFO - Candidates complement: 0 items
2025-05-21 19:43:07,768 - P10872 - INFO - Candidates cep: 1 items
2025-05-21 19:43:07,768 - P10872 - INFO - Após processar URL 15 Uso de memória: 55.00 MB
2025-05-21 19:43:07,768 - P10872 - INFO - Processando URL 16/22: https://www.medicosbrasil.com/profissional/joao-henrique-de-sousa
2025-05-21 19:43:12,046 - P10872 - INFO - HTML salvo para debug: data\debug_html_v7\da9d343f7dd6f32eb1d56167b600d2bd.html
2025-05-21 19:43:12,065 - P10872 - INFO - Candidates address: 0 items
2025-05-21 19:43:12,066 - P10872 - INFO - Candidates phone: 0 items
2025-05-21 19:43:12,066 - P10872 - INFO - Candidates email: 0 items
2025-05-21 19:43:12,066 - P10872 - INFO - Candidates complement: 0 items
2025-05-21 19:43:12,067 - P10872 - INFO - Candidates cep: 0 items
2025-05-21 19:43:12,067 - P10872 - INFO - Após processar URL 16 Uso de memória: 56.14 MB
2025-05-21 19:43:12,067 - P10872 - INFO - Processando URL 17/22: https://issuu.com/panrotas/docs/2013-07-484
2025-05-21 19:43:19,307 - P10872 - WARNING - Página muito grande (5.08MB), truncando
2025-05-21 19:43:19,319 - P10872 - INFO - HTML salvo para debug: data\debug_html_v7\faa83fee02a5fccfbca28f1324ccfbcf.html
2025-05-21 19:43:20,445 - P10872 - INFO - Candidates address: 0 items
2025-05-21 19:43:20,446 - P10872 - INFO - Candidates phone: 0 items
2025-05-21 19:43:20,452 - P10872 - INFO - Candidates email: 0 items
2025-05-21 19:43:20,455 - P10872 - INFO - Candidates complement: 0 items
2025-05-21 19:43:20,456 - P10872 - INFO - Candidates cep: 7 items
2025-05-21 19:43:20,456 - P10872 - INFO - Após processar URL 17 Uso de memória: 88.23 MB
2025-05-21 19:43:20,457 - P10872 - INFO - Processando URL 18/22: https://www.crm-sp.org.br/?siteAcao=Diretoria&ver=Todos
2025-05-21 19:43:22,791 - P10872 - INFO - HTML salvo para debug: data\debug_html_v7\a930b49f2bf2c575f0b66216dee0e352.html
2025-05-21 19:43:22,798 - P10872 - INFO - Candidates address: 0 items
2025-05-21 19:43:22,798 - P10872 - INFO - Candidates phone: 0 items
2025-05-21 19:43:22,799 - P10872 - INFO - Candidates email: 0 items
2025-05-21 19:43:22,799 - P10872 - INFO - Candidates complement: 0 items
2025-05-21 19:43:22,799 - P10872 - INFO - Candidates cep: 0 items
2025-05-21 19:43:22,799 - P10872 - INFO - Após processar URL 18 Uso de memória: 82.86 MB
2025-05-21 19:43:22,799 - P10872 - INFO - Processando URL 19/22: https://crusoe.com.br/diario/filho-de-aliado-de-temer-no-dossie-da-despetizacao/
2025-05-21 19:43:27,150 - P10872 - INFO - HTML salvo para debug: data\debug_html_v7\579897d8aaf1f27914ea452ec96afcff.html
2025-05-21 19:43:27,177 - P10872 - INFO - Candidates address: 0 items
2025-05-21 19:43:27,178 - P10872 - INFO - Candidates phone: 0 items
2025-05-21 19:43:27,178 - P10872 - INFO - Candidates email: 0 items
2025-05-21 19:43:27,178 - P10872 - INFO - Candidates complement: 1 items
2025-05-21 19:43:27,178 - P10872 - INFO - Candidates cep: 2 items
2025-05-21 19:43:27,178 - P10872 - INFO - Após processar URL 19 Uso de memória: 83.02 MB
2025-05-21 19:43:27,179 - P10872 - INFO - Processando URL 20/22: https://www.portaltransparencia.gov.br/pessoa-fisica/busca/lista
2025-05-21 19:43:30,177 - P10872 - INFO - HTML salvo para debug: data\debug_html_v7\e200cdf64b71d4c9248718dd155b3edb.html
2025-05-21 19:43:30,211 - P10872 - INFO - Candidates address: 0 items
2025-05-21 19:43:30,212 - P10872 - INFO - Candidates phone: 0 items
2025-05-21 19:43:30,212 - P10872 - INFO - Candidates email: 0 items
2025-05-21 19:43:30,212 - P10872 - INFO - Candidates complement: 0 items
2025-05-21 19:43:30,212 - P10872 - INFO - Candidates cep: 0 items
2025-05-21 19:43:30,213 - P10872 - INFO - Após processar URL 20 Uso de memória: 85.34 MB
2025-05-21 19:43:30,213 - P10872 - INFO - Processando URL 21/22: https://www.boaconsulta.com/especialista/joao-henrique-de-sousa-6106c38ea2e00a5c57002032
2025-05-21 19:43:33,442 - P10872 - INFO - HTML salvo para debug: data\debug_html_v7\33e5330952f8ebbd8424a9d49c353f82.html
2025-05-21 19:43:33,510 - P10872 - INFO - Candidates address: 5 items
2025-05-21 19:43:33,510 - P10872 - INFO - Candidates phone: 0 items
2025-05-21 19:43:33,510 - P10872 - INFO - Candidates email: 0 items
2025-05-21 19:43:33,510 - P10872 - INFO - Candidates complement: 0 items
2025-05-21 19:43:33,511 - P10872 - INFO - Candidates cep: 0 items
2025-05-21 19:43:33,511 - P10872 - INFO - Após processar URL 21 Uso de memória: 88.32 MB
2025-05-21 19:43:33,511 - P10872 - INFO - Processando URL 22/22: https://cliniguia.com/profissionais/joao-henrique-de-sousa-980016287914616/
2025-05-21 19:43:39,298 - P10872 - INFO - HTML salvo para debug: data\debug_html_v7\1e0158984bbc5cb9927141f9cff552fe.html
2025-05-21 19:43:39,341 - P10872 - INFO - Candidates address: 0 items
2025-05-21 19:43:39,341 - P10872 - INFO - Candidates phone: 0 items
2025-05-21 19:43:39,342 - P10872 - INFO - Candidates email: 0 items
2025-05-21 19:43:39,342 - P10872 - INFO - Candidates complement: 0 items
2025-05-21 19:43:39,342 - P10872 - INFO - Candidates cep: 0 items
2025-05-21 19:43:39,342 - P10872 - INFO - Após processar URL 22 Uso de memória: 90.09 MB
2025-05-21 19:43:39,342 - P10872 - INFO - Iniciando agregação e ranqueamento
2025-05-21 19:43:39,342 - P10872 - INFO - Após agregação Uso de memória: 90.09 MB
2025-05-21 19:43:39,343 - P10872 - INFO - Validando endereço: ['Avenida Dr Joaquim Roberto De Carvalho Pinto, 896', 'Rua Godofredo Freire, 1642', 'Rua Dr Ocilio Lago - 1197']
2025-05-21 19:43:39,343 - P10872 - INFO - Endereço validado: Avenida Dr Joaquim Roberto De Carvalho Pinto, 896
2025-05-21 19:43:39,343 - P10872 - INFO - Validando telefone: ['(86)9944-25911', '(86) 3233-1286', '(86) 99947-4020']
2025-05-21 19:43:39,343 - P10872 - INFO - Telefone validado: (86) 99947-4020
2025-05-21 19:43:39,343 - P10872 - INFO - Validando email: ['redacao@piauihoje.com', 'redacao@gp1.com.br', 'comercial@gp1.com.br']
2025-05-21 19:43:39,343 - P10872 - INFO - Email validado: redacao@piauihoje.com
2025-05-21 19:43:39,343 - P10872 - INFO - Validando complemento: ['Conjunto D', 'Bloco 1']
2025-05-21 19:43:39,344 - P10872 - INFO - Complemento validado: Conjunto D
2025-05-21 19:43:39,344 - P10872 - INFO - Descobrindo cidade
2025-05-21 19:43:39,344 - P10872 - INFO - Buscando cidade: Avenida Dr Joaquim Roberto De Carvalho Pinto cidade SP
2025-05-21 19:43:42,162 - P10872 - WARNING - Cidade não encontrada
2025-05-21 19:43:42,162 - P10872 - INFO - Cidade descoberta: 
2025-05-21 19:43:42,162 - P10872 - INFO - Tempo de execução de processamento completo do médico: 76.48 segundos
2025-05-21 19:43:42,163 - P10872 - INFO - Resultado processado: {'CRM': '145560', 'UF': 'SP', 'Firstname': 'JOAO', 'LastName': 'HENRIQUE DE SOUSA', 'Medical specialty': '', 'Endereco Completo A1': 'Avenida Dr Joaquim Roberto De Carvalho Pinto, 896', 'Address A1': 'Avenida Dr Joaquim Roberto De Carvalho Pinto', 'Numero A1': '896', 'Complement A1': 'Conjunto D', 'Bairro A1': '', 'postal code A1': '', 'City A1': '', 'State A1': '', 'Phone A1': '(86) 99947-4020', 'Phone A2': '', 'Cell phone A1': '', 'Cell phone A2': '', 'E-mail A1': 'redacao@piauihoje.com', 'E-mail A2': '', 'OPT-IN': '', 'STATUS': '', 'LOTE': ''}
2025-05-21 19:43:42,163 - P10872 - INFO - Progresso: 80.0%
2025-05-21 19:43:42,164 - P10872 - INFO - Tempo de execução de processamento do médico 2: 76.49 segundos
2025-05-21 19:43:42,164 - P10872 - INFO - Salvando resultados finais do lote
2025-05-21 19:43:42,165 - P10872 - INFO - Tempo de execução de processamento do lote completo: 150.74 segundos
