2025-05-22 02:23:46,036 - P17020 - INFO - 
==================================================
Processando médico 1/3
2025-05-22 02:23:46,040 - P17020 - INFO - Nome: MARIA JOÃO LOPES DA COSTA AIZEMBERG NORONHA
2025-05-22 02:23:46,040 - P17020 - INFO - Reiniciando driver do Chrome
2025-05-22 02:23:47,429 - P17020 - INFO - Após reiniciar driver Uso de memória: 125.22 MB
2025-05-22 02:23:47,429 - P17020 - INFO - Início do processamento Uso de memória: 125.22 MB
2025-05-22 02:23:47,429 - P17020 - INFO - Iniciando busca para: MARIA JOÃO LOPES DA COSTA AIZEMBERG NORONHA CRM 883026 RJ telefone e-mail endereço
2025-05-22 02:23:47,916 - P17020 - INFO - SearX results: 0 URLs
2025-05-22 02:23:47,916 - P17020 - INFO - Após SearX Uso de memória: 125.22 MB
2025-05-22 02:23:50,745 - P17020 - INFO - Google results: 7 URLs
2025-05-22 02:23:50,745 - P17020 - INFO - Após Google Uso de memória: 125.75 MB
2025-05-22 02:23:53,295 - P17020 - INFO - Bing results: 9 URLs
2025-05-22 02:23:53,296 - P17020 - INFO - Após Bing Uso de memória: 126.70 MB
2025-05-22 02:23:53,296 - P17020 - INFO - Total de URLs únicas: 15
2025-05-22 02:23:53,296 - P17020 - INFO - Processando URL 1/15: https://doutorcrm.com/maria-joao-lopes-da-costa-aizemberg-noronha
2025-05-22 02:23:56,875 - P17020 - INFO - HTML salvo para debug: data\debug_html_v10\e1126df6cef869bc0765e6453d854d6e.html
2025-05-22 02:23:56,881 - P17020 - INFO - Candidates address: 0 items
2025-05-22 02:23:56,881 - P17020 - INFO - Candidates phone: 0 items
2025-05-22 02:23:56,882 - P17020 - INFO - Candidates email: 0 items
2025-05-22 02:23:56,882 - P17020 - INFO - Candidates complement: 0 items
2025-05-22 02:23:56,882 - P17020 - INFO - Candidates cep: 0 items
2025-05-22 02:23:56,882 - P17020 - INFO - Após processar URL 1 Uso de memória: 126.73 MB
2025-05-22 02:23:56,882 - P17020 - INFO - Processando URL 2/15: https://www.planodesaudesp.net/perfil/maria_joao_lopes_da_costa_aizemberg_noronha--386676
2025-05-22 02:24:02,602 - P17020 - INFO - HTML salvo para debug: data\debug_html_v10\0f301613f11ba15525bc8c32b1a79a19.html
2025-05-22 02:24:02,614 - P17020 - INFO - Candidates address: 5 items
2025-05-22 02:24:02,615 - P17020 - INFO - Candidates phone: 1 items
2025-05-22 02:24:02,615 - P17020 - INFO - Candidates email: 0 items
2025-05-22 02:24:02,615 - P17020 - INFO - Candidates complement: 0 items
2025-05-22 02:24:02,615 - P17020 - INFO - Candidates cep: 1 items
2025-05-22 02:24:02,615 - P17020 - INFO - Após processar URL 2 Uso de memória: 126.91 MB
2025-05-22 02:24:02,616 - P17020 - INFO - Processando URL 3/15: https://www.classemedica.com.br/medico/402934-maria-joao-lopes-da-costa-aizemberg-noronha.htm
2025-05-22 02:24:09,311 - P17020 - INFO - HTML salvo para debug: data\debug_html_v10\d3f10f5c8acd033549f0b3707bdb89d1.html
2025-05-22 02:24:09,343 - P17020 - INFO - Candidates address: 0 items
2025-05-22 02:24:09,344 - P17020 - INFO - Candidates phone: 0 items
2025-05-22 02:24:09,344 - P17020 - INFO - Candidates email: 0 items
2025-05-22 02:24:09,344 - P17020 - INFO - Candidates complement: 0 items
2025-05-22 02:24:09,344 - P17020 - INFO - Candidates cep: 0 items
2025-05-22 02:24:09,344 - P17020 - INFO - Após processar URL 3 Uso de memória: 127.75 MB
2025-05-22 02:24:09,345 - P17020 - INFO - Processando URL 4/15: https://www.lopesvalim.com.br/contato
2025-05-22 02:24:12,143 - P17020 - INFO - HTML salvo para debug: data\debug_html_v10\2ee096da9f39c58664ef295895f2a7ab.html
2025-05-22 02:24:12,155 - P17020 - INFO - Candidates address: 1 items
2025-05-22 02:24:12,156 - P17020 - INFO - Candidates phone: 1 items
2025-05-22 02:24:12,156 - P17020 - INFO - Candidates email: 1 items
2025-05-22 02:24:12,156 - P17020 - INFO - Candidates complement: 1 items
2025-05-22 02:24:12,156 - P17020 - INFO - Candidates cep: 2 items
2025-05-22 02:24:12,156 - P17020 - INFO - Após processar URL 4 Uso de memória: 127.84 MB
2025-05-22 02:24:12,156 - P17020 - INFO - Processando URL 5/15: https://www.econodata.com.br/consulta-empresa/47171621000100-CONSULTORIO-MEDICO-DRA-MARIA-JOAO-LTDA
2025-05-22 02:24:17,243 - P17020 - INFO - HTML salvo para debug: data\debug_html_v10\6134c09bbb7c4adc3a90d3c347e8905a.html
2025-05-22 02:24:17,366 - P17020 - INFO - Candidates address: 22 items
2025-05-22 02:24:17,366 - P17020 - INFO - Candidates phone: 0 items
2025-05-22 02:24:17,367 - P17020 - INFO - Candidates email: 0 items
2025-05-22 02:24:17,367 - P17020 - INFO - Candidates complement: 0 items
2025-05-22 02:24:17,367 - P17020 - INFO - Candidates cep: 1 items
2025-05-22 02:24:17,367 - P17020 - INFO - Após processar URL 5 Uso de memória: 128.53 MB
2025-05-22 02:24:17,368 - P17020 - INFO - Processando URL 6/15: https://www.boaconsulta.com/especialista/maria-joao-lopes-da-costa-aizemberg-noronha-6105e1cc7b3c943b9a0006d1
2025-05-22 02:24:20,784 - P17020 - INFO - HTML salvo para debug: data\debug_html_v10\b6eecf97fe25c93740ec6245d6496b67.html
2025-05-22 02:24:20,852 - P17020 - INFO - Candidates address: 3 items
2025-05-22 02:24:20,852 - P17020 - INFO - Candidates phone: 0 items
2025-05-22 02:24:20,853 - P17020 - INFO - Candidates email: 0 items
2025-05-22 02:24:20,853 - P17020 - INFO - Candidates complement: 0 items
2025-05-22 02:24:20,853 - P17020 - INFO - Candidates cep: 0 items
2025-05-22 02:24:20,853 - P17020 - INFO - Após processar URL 6 Uso de memória: 128.88 MB
2025-05-22 02:24:20,853 - P17020 - INFO - Processando URL 7/15: https://www.clinicajh.com.br/conhe%C3%A7a-a-equipe?lang=fr
2025-05-22 02:24:23,672 - P17020 - INFO - HTML salvo para debug: data\debug_html_v10\81fc3d578e0018a545c941724bf7ec22.html
2025-05-22 02:24:23,698 - P17020 - INFO - Candidates address: 4 items
2025-05-22 02:24:23,698 - P17020 - INFO - Candidates phone: 1 items
2025-05-22 02:24:23,698 - P17020 - INFO - Candidates email: 1 items
2025-05-22 02:24:23,698 - P17020 - INFO - Candidates complement: 0 items
2025-05-22 02:24:23,698 - P17020 - INFO - Candidates cep: 2 items
2025-05-22 02:24:23,699 - P17020 - INFO - Após processar URL 7 Uso de memória: 129.12 MB
2025-05-22 02:24:23,699 - P17020 - INFO - Processando URL 8/15: https://lopesdacostaassociados.com.br/br/contato/
2025-05-22 02:24:27,818 - P17020 - INFO - HTML salvo para debug: data\debug_html_v10\862cef528f996d1718bf7bef75d7ab48.html
2025-05-22 02:24:27,828 - P17020 - INFO - Candidates address: 1 items
2025-05-22 02:24:27,828 - P17020 - INFO - Candidates phone: 0 items
2025-05-22 02:24:27,828 - P17020 - INFO - Candidates email: 1 items
2025-05-22 02:24:27,828 - P17020 - INFO - Candidates complement: 0 items
2025-05-22 02:24:27,829 - P17020 - INFO - Candidates cep: 1 items
2025-05-22 02:24:27,829 - P17020 - INFO - Após processar URL 8 Uso de memória: 127.73 MB
2025-05-22 02:24:27,829 - P17020 - INFO - Processando URL 9/15: http://www.transparencia.cremerj.org.br:8098/planejamento/registroMedico/pesquisar
2025-05-22 02:24:30,223 - P17020 - INFO - HTML salvo para debug: data\debug_html_v10\19128e1d0b16c1bd37c280ce751655f7.html
2025-05-22 02:24:30,244 - P17020 - INFO - Candidates address: 0 items
2025-05-22 02:24:30,249 - P17020 - INFO - Candidates phone: 1 items
2025-05-22 02:24:30,250 - P17020 - INFO - Candidates email: 0 items
2025-05-22 02:24:30,252 - P17020 - INFO - Candidates complement: 0 items
2025-05-22 02:24:30,252 - P17020 - INFO - Candidates cep: 1 items
2025-05-22 02:24:30,253 - P17020 - INFO - Após processar URL 9 Uso de memória: 127.73 MB
2025-05-22 02:24:30,253 - P17020 - INFO - Processando URL 10/15: https://cliniguia.com/profissionais/maria-joao-lopes-da-costa-aizemberg-noronha-980016286785332/
2025-05-22 02:24:35,819 - P17020 - INFO - HTML salvo para debug: data\debug_html_v10\5dc232d59e4c57f6abbe1c20bb655672.html
2025-05-22 02:24:35,878 - P17020 - INFO - Candidates address: 0 items
2025-05-22 02:24:35,878 - P17020 - INFO - Candidates phone: 0 items
2025-05-22 02:24:35,878 - P17020 - INFO - Candidates email: 0 items
2025-05-22 02:24:35,878 - P17020 - INFO - Candidates complement: 0 items
2025-05-22 02:24:35,879 - P17020 - INFO - Candidates cep: 0 items
2025-05-22 02:24:35,879 - P17020 - INFO - Após processar URL 10 Uso de memória: 127.53 MB
2025-05-22 02:24:35,879 - P17020 - INFO - Processando URL 11/15: https://cnpj.biz/47171621000100
2025-05-22 02:24:40,444 - P17020 - INFO - HTML salvo para debug: data\debug_html_v10\e5f9db24f5435e2ef111aed49a888057.html
2025-05-22 02:24:40,467 - P17020 - INFO - Candidates address: 2 items
2025-05-22 02:24:40,467 - P17020 - INFO - Candidates phone: 1 items
2025-05-22 02:24:40,468 - P17020 - INFO - Candidates email: 1 items
2025-05-22 02:24:40,468 - P17020 - INFO - Candidates complement: 0 items
2025-05-22 02:24:40,468 - P17020 - INFO - Candidates cep: 3 items
2025-05-22 02:24:40,468 - P17020 - INFO - Após processar URL 11 Uso de memória: 127.54 MB
2025-05-22 02:24:40,468 - P17020 - INFO - Processando URL 12/15: https://www.helpsaude.com/Maria-Joao-Lopes-da-Costa-Aizemberg-Noronha.RJ
2025-05-22 02:24:44,602 - P17020 - INFO - HTML salvo para debug: data\debug_html_v10\a4cff5a9bc33f0f0c4e8cc75904bd4cc.html
2025-05-22 02:24:44,695 - P17020 - INFO - Candidates address: 0 items
2025-05-22 02:24:44,695 - P17020 - INFO - Candidates phone: 0 items
2025-05-22 02:24:44,695 - P17020 - INFO - Candidates email: 0 items
2025-05-22 02:24:44,696 - P17020 - INFO - Candidates complement: 0 items
2025-05-22 02:24:44,696 - P17020 - INFO - Candidates cep: 0 items
2025-05-22 02:24:44,696 - P17020 - INFO - Após processar URL 12 Uso de memória: 121.91 MB
2025-05-22 02:24:44,696 - P17020 - INFO - Processando URL 13/15: https://www.escavador.com/sobre/1710499/maria-joao-lopes-da-costa-aizemberg-noronha
2025-05-22 02:24:48,820 - P17020 - INFO - HTML salvo para debug: data\debug_html_v10\37da28a265b304c9ccd4f9cb2b3f3b90.html
2025-05-22 02:24:48,838 - P17020 - INFO - Candidates address: 0 items
2025-05-22 02:24:48,838 - P17020 - INFO - Candidates phone: 0 items
2025-05-22 02:24:48,838 - P17020 - INFO - Candidates email: 0 items
2025-05-22 02:24:48,838 - P17020 - INFO - Candidates complement: 0 items
2025-05-22 02:24:48,839 - P17020 - INFO - Candidates cep: 0 items
2025-05-22 02:24:48,839 - P17020 - INFO - Após processar URL 13 Uso de memória: 123.95 MB
2025-05-22 02:24:48,839 - P17020 - INFO - Processando URL 14/15: https://bolanarede.pt/especial-bola-na-rede/atualidade/noronha-lopes-critica-gestao-de-rui-costa-senhor-presidente-nao-ha-contas-certas-quando-nao-se-controla-o-que-se-gasta/
2025-05-22 02:24:55,638 - P17020 - INFO - HTML salvo para debug: data\debug_html_v10\575b0f706c480458cb56f70e864cb5c1.html
2025-05-22 02:24:55,722 - P17020 - INFO - Candidates address: 0 items
2025-05-22 02:24:55,723 - P17020 - INFO - Candidates phone: 0 items
2025-05-22 02:24:55,723 - P17020 - INFO - Candidates email: 1 items
2025-05-22 02:24:55,723 - P17020 - INFO - Candidates complement: 0 items
2025-05-22 02:24:55,724 - P17020 - INFO - Candidates cep: 0 items
2025-05-22 02:24:55,724 - P17020 - INFO - Após processar URL 14 Uso de memória: 125.04 MB
2025-05-22 02:24:55,724 - P17020 - INFO - Processando URL 15/15: https://guiasaudebrasil.com.br/profissional/f9b357230a99f30d-maria-joao-lopes-da-costa-aizemberg-noronha
2025-05-22 02:25:01,672 - P17020 - INFO - HTML salvo para debug: data\debug_html_v10\eb5fb31483fa7c7f81ea7c37d8a62c95.html
2025-05-22 02:25:01,684 - P17020 - INFO - Candidates address: 0 items
2025-05-22 02:25:01,684 - P17020 - INFO - Candidates phone: 0 items
2025-05-22 02:25:01,684 - P17020 - INFO - Candidates email: 0 items
2025-05-22 02:25:01,684 - P17020 - INFO - Candidates complement: 0 items
2025-05-22 02:25:01,685 - P17020 - INFO - Candidates cep: 1 items
2025-05-22 02:25:01,685 - P17020 - INFO - Após processar URL 15 Uso de memória: 125.85 MB
2025-05-22 02:25:01,685 - P17020 - INFO - Iniciando agregação e ranqueamento
2025-05-22 02:25:01,685 - P17020 - INFO - Ranked address: 37 items
2025-05-22 02:25:01,686 - P17020 - INFO - Ranked phone: 5 items
2025-05-22 02:25:01,686 - P17020 - INFO - Ranked email: 5 items
2025-05-22 02:25:01,686 - P17020 - INFO - Ranked complement: 1 items
2025-05-22 02:25:01,686 - P17020 - INFO - Ranked cep: 10 items
2025-05-22 02:25:01,686 - P17020 - INFO - Após agregação Uso de memória: 125.85 MB
2025-05-22 02:25:01,687 - P17020 - INFO - Validando endereço: ['Avenida Ayrton Senna, 2000', 'Avenida 28 de Setembro, 77', 'Avenida Marechal Rondom, 381']
2025-05-22 02:25:01,687 - P17020 - INFO - Endereço validado: Avenida Ayrton Senna, 2000
2025-05-22 02:25:01,687 - P17020 - INFO - Limpando texto extenso para campo address: Avenida Ayrton Senna, 2000...
2025-05-22 02:25:01,687 - P17020 - INFO - Texto limpo: Avenida Ayrton Senna, 2000
2025-05-22 02:25:01,687 - P17020 - INFO - Validando telefone: ['(21) 3111-4600', '(21) 99195-8781', '(11) 99919-5328']
2025-05-22 02:25:01,687 - P17020 - INFO - Limpando texto extenso para campo phone: (21) 3111-4600...
2025-05-22 02:25:01,688 - P17020 - INFO - Texto limpo: 21) 3111-4600
2025-05-22 02:25:01,688 - P17020 - INFO - Telefone validado: 21) 3111-4600
2025-05-22 02:25:01,688 - P17020 - INFO - Validando email: ['contatolopesvalim@gmail.com', 'contato@clinicajh.com.br', 'contato@lopesdacostaassociados.com.br']
2025-05-22 02:25:01,688 - P17020 - INFO - Limpando texto extenso para campo email: contatolopesvalim@gmail.com...
2025-05-22 02:25:01,688 - P17020 - INFO - Texto limpo: contatolopesvalim@gmail.com
2025-05-22 02:25:01,688 - P17020 - INFO - Email validado: contatolopesvalim@gmail.com
2025-05-22 02:25:01,688 - P17020 - INFO - Validando complemento: ['Sala 503 - Jardim Vinte e Cinco de Agosto - Duque de C']
2025-05-22 02:25:01,689 - P17020 - INFO - Limpando texto extenso para campo complement: Sala 503 - Jardim Vinte e Cinco de Agosto - Duque ...
2025-05-22 02:25:01,689 - P17020 - INFO - Texto limpo: Sala 503 - Jardim Vinte e Cinc
2025-05-22 02:25:01,689 - P17020 - INFO - Complemento validado: Sala 503 - Jardim Vinte e Cinc
2025-05-22 02:25:01,689 - P17020 - INFO - Descobrindo cidade
2025-05-22 02:25:01,689 - P17020 - INFO - Buscando cidade: Avenida Ayrton Senna cidade RJ
2025-05-22 02:25:04,397 - P17020 - WARNING - Cidade não encontrada
2025-05-22 02:25:04,397 - P17020 - INFO - Cidade descoberta: 
2025-05-22 02:25:04,398 - P17020 - INFO - Tempo de execução de processamento completo do médico: 76.97 segundos
2025-05-22 02:25:04,398 - P17020 - INFO - Resultado processado: {'Hash': '878829c3cfcfacbeaa6373d5f753d97afe14ccf5f06fd08e08994b85c12778df', 'CRM': '883026', 'UF': 'RJ', 'Firstname': 'MARIA', 'LastName': 'JOÃO LOPES DA COSTA AIZEMBERG NORONHA', 'Medical specialty': '', 'Endereco Completo A1': 'Avenida Ayrton Senna, 2000', 'Address A1': 'Avenida Ayrton Senna', 'Numero A1': '2000', 'Complement A1': 'Sala 503 - Jardim Vinte e Cinc', 'Bairro A1': '', 'postal code A1': '', 'City A1': '', 'State A1': '', 'Phone A1': '21) 3111-4600', 'Phone A2': '', 'Cell phone A1': '', 'Cell phone A2': '', 'E-mail A1': 'contatolopesvalim@gmail.com', 'E-mail A2': '', 'OPT-IN': '', 'STATUS': '', 'LOTE': ''}
2025-05-22 02:25:04,399 - P17020 - INFO - Progresso: 24.7%
2025-05-22 02:25:04,399 - P17020 - INFO - Executando coleta de lixo
2025-05-22 02:25:04,412 - P17020 - INFO - Após coleta de lixo Uso de memória: 119.18 MB
2025-05-22 02:25:04,412 - P17020 - INFO - Tempo de execução de processamento do médico 1: 78.38 segundos
2025-05-22 02:25:04,413 - P17020 - INFO - 
==================================================
Processando médico 2/3
2025-05-22 02:25:04,413 - P17020 - INFO - Nome: FELIPE FELDMAN
2025-05-22 02:25:04,414 - P17020 - INFO - Início do processamento Uso de memória: 119.18 MB
2025-05-22 02:25:04,414 - P17020 - INFO - Iniciando busca para: FELIPE FELDMAN CRM 886580 RJ telefone e-mail endereço
2025-05-22 02:25:05,011 - P17020 - INFO - SearX results: 1 URLs
2025-05-22 02:25:05,011 - P17020 - INFO - Após SearX Uso de memória: 119.18 MB
2025-05-22 02:25:07,434 - P17020 - INFO - Google results: 3 URLs
2025-05-22 02:25:07,434 - P17020 - INFO - Após Google Uso de memória: 120.41 MB
2025-05-22 02:25:09,900 - P17020 - INFO - Bing results: 10 URLs
2025-05-22 02:25:09,900 - P17020 - INFO - Após Bing Uso de memória: 123.35 MB
2025-05-22 02:25:09,901 - P17020 - INFO - Total de URLs únicas: 12
2025-05-22 02:25:09,936 - P17020 - INFO - Processando URL 1/12: https://febrapsi.org/members/felipe-feldman/
2025-05-22 02:25:19,220 - P17020 - INFO - HTML salvo para debug: data\debug_html_v10\d86c50ce053f79852cbbd0d880da9872.html
2025-05-22 02:25:19,255 - P17020 - INFO - Candidates address: 2 items
2025-05-22 02:25:19,255 - P17020 - INFO - Candidates phone: 2 items
2025-05-22 02:25:19,255 - P17020 - INFO - Candidates email: 2 items
2025-05-22 02:25:19,255 - P17020 - INFO - Candidates complement: 0 items
2025-05-22 02:25:19,256 - P17020 - INFO - Candidates cep: 3 items
2025-05-22 02:25:19,256 - P17020 - INFO - Após processar URL 1 Uso de memória: 124.26 MB
2025-05-22 02:25:19,256 - P17020 - INFO - Processando URL 2/12: https://consultacrm.com.br/
2025-05-22 02:25:23,022 - P17020 - INFO - HTML salvo para debug: data\debug_html_v10\65cadeb91ac3713432c21b535990f440.html
2025-05-22 02:25:23,033 - P17020 - INFO - Candidates address: 0 items
2025-05-22 02:25:23,033 - P17020 - INFO - Candidates phone: 0 items
2025-05-22 02:25:23,034 - P17020 - INFO - Candidates email: 0 items
2025-05-22 02:25:23,034 - P17020 - INFO - Candidates complement: 0 items
2025-05-22 02:25:23,034 - P17020 - INFO - Candidates cep: 0 items
2025-05-22 02:25:23,034 - P17020 - INFO - Após processar URL 2 Uso de memória: 126.16 MB
2025-05-22 02:25:23,034 - P17020 - INFO - Processando URL 3/12: https://www.helpsaude.com/Felipe-Feldman.RJ
2025-05-22 02:25:27,622 - P17020 - INFO - HTML salvo para debug: data\debug_html_v10\39dfcb030932545120f66721ffce797f.html
2025-05-22 02:25:27,634 - P17020 - INFO - Candidates address: 0 items
2025-05-22 02:25:27,634 - P17020 - INFO - Candidates phone: 0 items
2025-05-22 02:25:27,634 - P17020 - INFO - Candidates email: 0 items
2025-05-22 02:25:27,634 - P17020 - INFO - Candidates complement: 0 items
2025-05-22 02:25:27,635 - P17020 - INFO - Candidates cep: 0 items
2025-05-22 02:25:27,635 - P17020 - INFO - Após processar URL 3 Uso de memória: 126.58 MB
2025-05-22 02:25:27,635 - P17020 - INFO - Processando URL 4/12: https://www.infosaude.com.br/cnes/294336-felipe-feldman
2025-05-22 02:25:29,971 - P17020 - INFO - HTML salvo para debug: data\debug_html_v10\b259654795aa4bf29468c60952d3f16c.html
2025-05-22 02:25:29,998 - P17020 - INFO - Candidates address: 0 items
2025-05-22 02:25:29,999 - P17020 - INFO - Candidates phone: 1 items
2025-05-22 02:25:29,999 - P17020 - INFO - Candidates email: 1 items
2025-05-22 02:25:30,000 - P17020 - INFO - Candidates complement: 0 items
2025-05-22 02:25:30,000 - P17020 - INFO - Candidates cep: 2 items
2025-05-22 02:25:30,001 - P17020 - INFO - Após processar URL 4 Uso de memória: 126.99 MB
2025-05-22 02:25:30,001 - P17020 - INFO - Processando URL 5/12: https://cliniguia.com/unidades/rio-de-janeiro-rj/felipe-feldman-9341463/
2025-05-22 02:25:33,560 - P17020 - INFO - HTML salvo para debug: data\debug_html_v10\747e20e1e5b6629f91354485f21ec931.html
2025-05-22 02:25:33,604 - P17020 - INFO - Candidates address: 0 items
2025-05-22 02:25:33,605 - P17020 - INFO - Candidates phone: 0 items
2025-05-22 02:25:33,605 - P17020 - INFO - Candidates email: 1 items
2025-05-22 02:25:33,605 - P17020 - INFO - Candidates complement: 0 items
2025-05-22 02:25:33,605 - P17020 - INFO - Candidates cep: 1 items
2025-05-22 02:25:33,606 - P17020 - INFO - Após processar URL 5 Uso de memória: 127.12 MB
2025-05-22 02:25:33,606 - P17020 - INFO - Processando URL 6/12: https://www.doctoralia.com.br/felipe-feldman/psiquiatra/rio-de-janeiro
2025-05-22 02:25:33,606 - P17020 - INFO - Ignorando URL de arquivo não-HTML: https://www.doctoralia.com.br/felipe-feldman/psiquiatra/rio-de-janeiro
2025-05-22 02:25:33,606 - P17020 - INFO - Após processar URL 6 Uso de memória: 127.12 MB
2025-05-22 02:25:33,606 - P17020 - INFO - Processando URL 7/12: https://cliniguia.com/profissionais/felipe-feldman-980016286782872/
2025-05-22 02:25:35,892 - P17020 - INFO - HTML salvo para debug: data\debug_html_v10\990a724e8d6072adbecc3f8787929739.html
2025-05-22 02:25:35,943 - P17020 - INFO - Candidates address: 0 items
2025-05-22 02:25:35,943 - P17020 - INFO - Candidates phone: 0 items
2025-05-22 02:25:35,943 - P17020 - INFO - Candidates email: 0 items
2025-05-22 02:25:35,944 - P17020 - INFO - Candidates complement: 0 items
2025-05-22 02:25:35,944 - P17020 - INFO - Candidates cep: 0 items
2025-05-22 02:25:35,944 - P17020 - INFO - Após processar URL 7 Uso de memória: 127.93 MB
2025-05-22 02:25:35,945 - P17020 - INFO - Processando URL 8/12: https://www.somospopular.com.br/consultorios-e-clinicas/felipe-feldman-rio-de-janeiro-rj/
2025-05-22 02:25:40,347 - P17020 - INFO - HTML salvo para debug: data\debug_html_v10\cb3f131394a88fc38a97083235037c20.html
2025-05-22 02:25:40,353 - P17020 - INFO - Candidates address: 0 items
2025-05-22 02:25:40,353 - P17020 - INFO - Candidates phone: 0 items
2025-05-22 02:25:40,353 - P17020 - INFO - Candidates email: 0 items
2025-05-22 02:25:40,353 - P17020 - INFO - Candidates complement: 0 items
2025-05-22 02:25:40,353 - P17020 - INFO - Candidates cep: 0 items
2025-05-22 02:25:40,356 - P17020 - INFO - Após processar URL 8 Uso de memória: 127.95 MB
2025-05-22 02:25:40,356 - P17020 - INFO - Processando URL 9/12: https://www.consultasocio.com/q/sa/felipe-augusto-feldman-soares
2025-05-22 02:25:45,451 - P17020 - INFO - HTML salvo para debug: data\debug_html_v10\0178437f0863104a51bc47a5a15a94ab.html
2025-05-22 02:25:45,459 - P17020 - INFO - Candidates address: 2 items
2025-05-22 02:25:45,460 - P17020 - INFO - Candidates phone: 0 items
2025-05-22 02:25:45,460 - P17020 - INFO - Candidates email: 2 items
2025-05-22 02:25:45,460 - P17020 - INFO - Candidates complement: 1 items
2025-05-22 02:25:45,460 - P17020 - INFO - Candidates cep: 5 items
2025-05-22 02:25:45,461 - P17020 - INFO - Após processar URL 9 Uso de memória: 127.95 MB
2025-05-22 02:25:45,461 - P17020 - INFO - Processando URL 10/12: https://www.sbprj.org.br/f
2025-05-22 02:25:51,005 - P17020 - INFO - HTML salvo para debug: data\debug_html_v10\fb8cb97b01ed3595e61fdb72e394b6f9.html
2025-05-22 02:25:51,037 - P17020 - INFO - Candidates address: 0 items
2025-05-22 02:25:51,040 - P17020 - INFO - Candidates phone: 2 items
2025-05-22 02:25:51,041 - P17020 - INFO - Candidates email: 6 items
2025-05-22 02:25:51,042 - P17020 - INFO - Candidates complement: 0 items
2025-05-22 02:25:51,042 - P17020 - INFO - Candidates cep: 6 items
2025-05-22 02:25:51,044 - P17020 - INFO - Após processar URL 10 Uso de memória: 129.62 MB
2025-05-22 02:25:51,045 - P17020 - INFO - Processando URL 11/12: https://www.classemedica.com.br/medico/107007-felipe-augusto-feldman-soares.htm
2025-05-22 02:26:01,490 - P17020 - INFO - HTML salvo para debug: data\debug_html_v10\5d47ee54140cc3c60d088033dfbf01db.html
2025-05-22 02:26:01,521 - P17020 - INFO - Candidates address: 0 items
2025-05-22 02:26:01,522 - P17020 - INFO - Candidates phone: 0 items
2025-05-22 02:26:01,522 - P17020 - INFO - Candidates email: 0 items
2025-05-22 02:26:01,522 - P17020 - INFO - Candidates complement: 0 items
2025-05-22 02:26:01,522 - P17020 - INFO - Candidates cep: 0 items
2025-05-22 02:26:01,523 - P17020 - INFO - Após processar URL 11 Uso de memória: 128.11 MB
2025-05-22 02:26:01,523 - P17020 - INFO - Processando URL 12/12: https://alisaude.com.br/unidade/rio-de-janeiro/rio-de-janeiro/felipe-feldman
2025-05-22 02:26:05,675 - P17020 - INFO - HTML salvo para debug: data\debug_html_v10\f45beb7e4ba3455a73fc74ca71a18c6a.html
2025-05-22 02:26:05,693 - P17020 - INFO - Candidates address: 0 items
2025-05-22 02:26:05,694 - P17020 - INFO - Candidates phone: 1 items
2025-05-22 02:26:05,694 - P17020 - INFO - Candidates email: 0 items
2025-05-22 02:26:05,694 - P17020 - INFO - Candidates complement: 0 items
2025-05-22 02:26:05,694 - P17020 - INFO - Candidates cep: 1 items
2025-05-22 02:26:05,695 - P17020 - INFO - Após processar URL 12 Uso de memória: 128.11 MB
2025-05-22 02:26:05,695 - P17020 - INFO - Iniciando agregação e ranqueamento
2025-05-22 02:26:05,695 - P17020 - INFO - Ranked address: 4 items
2025-05-22 02:26:05,697 - P17020 - INFO - Ranked phone: 6 items
2025-05-22 02:26:05,698 - P17020 - INFO - Ranked email: 9 items
2025-05-22 02:26:05,698 - P17020 - INFO - Ranked complement: 1 items
2025-05-22 02:26:05,699 - P17020 - INFO - Ranked cep: 15 items
2025-05-22 02:26:05,700 - P17020 - INFO - Após agregação Uso de memória: 128.11 MB
2025-05-22 02:26:05,700 - P17020 - INFO - Validando endereço: ['Av. Nossa Sra. de Copacabana 680/1007', 'Av. Nossa Sra. de Copacabana, 540', 'Estrada Vereador Benedito Adelino, 3221']
2025-05-22 02:26:05,700 - P17020 - INFO - Endereço validado: Av. Nossa Sra. de Copacabana 680/1007
2025-05-22 02:26:05,700 - P17020 - INFO - Limpando texto extenso para campo address: Av. Nossa Sra. de Copacabana 680/1007...
2025-05-22 02:26:05,700 - P17020 - INFO - Texto limpo: Av. Nossa Sra. de Copacabana 680/1007
2025-05-22 02:26:05,701 - P17020 - INFO - Validando telefone: ['(21) 99691-7174', '(21) 97168-0280', '021996917174']
2025-05-22 02:26:05,701 - P17020 - INFO - Limpando texto extenso para campo phone: (21) 99691-7174...
2025-05-22 02:26:05,701 - P17020 - INFO - Texto limpo: 21) 99691-7174
2025-05-22 02:26:05,701 - P17020 - INFO - Telefone validado: 21) 99691-7174
2025-05-22 02:26:05,701 - P17020 - INFO - Validando email: ['felipefeldman@hotmail.com', 'contato@febrapsi.org', 'LEGALIZACAO@EDVALDOCONTABILIDADE.CNT.BR']
2025-05-22 02:26:05,701 - P17020 - INFO - Limpando texto extenso para campo email: felipefeldman@hotmail.com...
2025-05-22 02:26:05,701 - P17020 - INFO - Texto limpo: felipefeldman@hotmail.com
2025-05-22 02:26:05,702 - P17020 - INFO - Email validado: felipefeldman@hotmail.com
2025-05-22 02:26:05,705 - P17020 - INFO - Validando complemento: ['Bloco 04                  Apt   02 Praia Grande']
2025-05-22 02:26:05,705 - P17020 - INFO - Limpando texto extenso para campo complement: Bloco 04                  Apt   02 Praia Grande...
2025-05-22 02:26:05,705 - P17020 - INFO - Texto limpo: Bloco 04 Apt
2025-05-22 02:26:05,708 - P17020 - INFO - Complemento validado: Bloco 04 Apt
2025-05-22 02:26:05,708 - P17020 - INFO - Descobrindo cidade
2025-05-22 02:26:05,708 - P17020 - INFO - Buscando cidade: Av. Nossa Sra. de Copacabana 680/1007 cidade RJ
2025-05-22 02:26:08,436 - P17020 - WARNING - Cidade não encontrada
2025-05-22 02:26:08,436 - P17020 - INFO - Cidade descoberta: 
2025-05-22 02:26:08,436 - P17020 - INFO - Tempo de execução de processamento completo do médico: 64.02 segundos
2025-05-22 02:26:08,437 - P17020 - INFO - Resultado processado: {'Hash': '65c43533ff9be547776ec434aafc666461f44c2be5045394318da7e116fa5073', 'CRM': '886580', 'UF': 'RJ', 'Firstname': 'FELIPE', 'LastName': 'FELDMAN', 'Medical specialty': '', 'Endereco Completo A1': 'Av. Nossa Sra. de Copacabana 680/1007', 'Address A1': 'Av. Nossa Sra. de Copacabana 680/1007', 'Numero A1': '', 'Complement A1': 'Bloco 04 Apt', 'Bairro A1': '', 'postal code A1': '', 'City A1': '', 'State A1': '', 'Phone A1': '21) 99691-7174', 'Phone A2': '', 'Cell phone A1': '', 'Cell phone A2': '', 'E-mail A1': 'felipefeldman@hotmail.com', 'E-mail A2': '', 'OPT-IN': '', 'STATUS': '', 'LOTE': ''}
2025-05-22 02:26:08,437 - P17020 - INFO - Progresso: 25.2%
2025-05-22 02:26:08,437 - P17020 - INFO - Tempo de execução de processamento do médico 2: 64.02 segundos
2025-05-22 02:26:08,438 - P17020 - INFO - 
==================================================
Processando médico 3/3
2025-05-22 02:26:08,438 - P17020 - INFO - Nome: VALÉRIA PINTO DA COSTA ALMEIDA
2025-05-22 02:26:08,438 - P17020 - INFO - Início do processamento Uso de memória: 125.34 MB
2025-05-22 02:26:08,438 - P17020 - INFO - Iniciando busca para: VALÉRIA PINTO DA COSTA ALMEIDA CRM 894311 RJ telefone e-mail endereço
2025-05-22 02:26:08,833 - P17020 - INFO - SearX results: 0 URLs
2025-05-22 02:26:08,833 - P17020 - INFO - Após SearX Uso de memória: 125.34 MB
2025-05-22 02:26:11,373 - P17020 - INFO - Google results: 3 URLs
2025-05-22 02:26:11,373 - P17020 - INFO - Após Google Uso de memória: 127.71 MB
2025-05-22 02:26:14,268 - P17020 - INFO - Bing results: 12 URLs
2025-05-22 02:26:14,268 - P17020 - INFO - Após Bing Uso de memória: 129.30 MB
2025-05-22 02:26:14,268 - P17020 - INFO - Total de URLs únicas: 15
2025-05-22 02:26:14,269 - P17020 - INFO - Processando URL 1/15: https://sindscope.org.br/lutas/wp-content/uploads/2023/07/LIVRO-DE-CREDENCIADOS-ESSENCIAL-CASSI-RJ-2.pdf
2025-05-22 02:26:14,269 - P17020 - INFO - Ignorando URL de arquivo não-HTML: https://sindscope.org.br/lutas/wp-content/uploads/2023/07/LIVRO-DE-CREDENCIADOS-ESSENCIAL-CASSI-RJ-2.pdf
2025-05-22 02:26:14,269 - P17020 - INFO - Após processar URL 1 Uso de memória: 129.30 MB
2025-05-22 02:26:14,269 - P17020 - INFO - Processando URL 2/15: https://www.consultacrm.com.br/index/profissionais/uid-82414d66-f5c5-11ec-9e74-0a4aa568c625/valeria_pinto_da_costa
2025-05-22 02:26:19,345 - P17020 - INFO - HTML salvo para debug: data\debug_html_v10\c2910cd56c0c68676d08b1a9b154f7d8.html
2025-05-22 02:26:19,356 - P17020 - INFO - Candidates address: 0 items
2025-05-22 02:26:19,357 - P17020 - INFO - Candidates phone: 0 items
2025-05-22 02:26:19,357 - P17020 - INFO - Candidates email: 0 items
2025-05-22 02:26:19,357 - P17020 - INFO - Candidates complement: 0 items
2025-05-22 02:26:19,357 - P17020 - INFO - Candidates cep: 0 items
2025-05-22 02:26:19,357 - P17020 - INFO - Após processar URL 2 Uso de memória: 129.59 MB
2025-05-22 02:26:19,358 - P17020 - INFO - Processando URL 3/15: https://www.doctoralia.com.br/valeria-pinto-da-costa/cardiologista/sao-joao-de-meriti#:~:text=Marcar%20uma%20consulta%20com
2025-05-22 02:26:19,358 - P17020 - INFO - Ignorando URL de arquivo não-HTML: https://www.doctoralia.com.br/valeria-pinto-da-costa/cardiologista/sao-joao-de-meriti#:~:text=Marcar%20uma%20consulta%20com
2025-05-22 02:26:19,358 - P17020 - INFO - Após processar URL 3 Uso de memória: 129.59 MB
2025-05-22 02:26:19,358 - P17020 - INFO - Processando URL 4/15: https://consultacrm.com.br/
2025-05-22 02:26:23,159 - P17020 - INFO - HTML salvo para debug: data\debug_html_v10\65cadeb91ac3713432c21b535990f440.html
2025-05-22 02:26:23,172 - P17020 - INFO - Candidates address: 0 items
2025-05-22 02:26:23,173 - P17020 - INFO - Candidates phone: 0 items
2025-05-22 02:26:23,173 - P17020 - INFO - Candidates email: 0 items
2025-05-22 02:26:23,173 - P17020 - INFO - Candidates complement: 0 items
2025-05-22 02:26:23,174 - P17020 - INFO - Candidates cep: 0 items
2025-05-22 02:26:23,174 - P17020 - INFO - Após processar URL 4 Uso de memória: 129.88 MB
2025-05-22 02:26:23,174 - P17020 - INFO - Processando URL 5/15: https://www.bingplaces.com/DashBoard/Edit?Id=YN7993x17401802066526728934&market=pt-BR&src=SERPGB
2025-05-22 02:26:27,367 - P17020 - INFO - HTML salvo para debug: data\debug_html_v10\fb6dbc8d73d2b318f3ee1e28213e340b.html
2025-05-22 02:26:27,392 - P17020 - INFO - Candidates address: 1 items
2025-05-22 02:26:27,392 - P17020 - INFO - Candidates phone: 1 items
2025-05-22 02:26:27,392 - P17020 - INFO - Candidates email: 0 items
2025-05-22 02:26:27,392 - P17020 - INFO - Candidates complement: 0 items
2025-05-22 02:26:27,392 - P17020 - INFO - Candidates cep: 2 items
2025-05-22 02:26:27,393 - P17020 - INFO - Após processar URL 5 Uso de memória: 130.00 MB
2025-05-22 02:26:27,393 - P17020 - INFO - Processando URL 6/15: https://www.yumpu.com/it/document/view/15763809/guia-medico-condominos-spmc-saens-pena-medical-center
2025-05-22 02:26:30,644 - P17020 - INFO - HTML salvo para debug: data\debug_html_v10\d9d65ccb1ed7f8f7f8f88773689dbec8.html
2025-05-22 02:26:30,702 - P17020 - INFO - Candidates address: 0 items
2025-05-22 02:26:30,706 - P17020 - INFO - Candidates phone: 0 items
2025-05-22 02:26:30,706 - P17020 - INFO - Candidates email: 0 items
2025-05-22 02:26:30,706 - P17020 - INFO - Candidates complement: 0 items
2025-05-22 02:26:30,706 - P17020 - INFO - Candidates cep: 1 items
2025-05-22 02:26:30,707 - P17020 - INFO - Após processar URL 6 Uso de memória: 130.32 MB
2025-05-22 02:26:30,707 - P17020 - INFO - Processando URL 7/15: https://www.benditoguia.com.br/empresa/cardiologista-valeria-pinto-da-costa-barra-tijuca-rio-de-janeiro-rj
2025-05-22 02:26:34,864 - P17020 - INFO - HTML salvo para debug: data\debug_html_v10\a922ddbb2188e46d8d8bc414fda88b58.html
2025-05-22 02:26:34,886 - P17020 - INFO - Candidates address: 1 items
2025-05-22 02:26:34,886 - P17020 - INFO - Candidates phone: 1 items
2025-05-22 02:26:34,887 - P17020 - INFO - Candidates email: 0 items
2025-05-22 02:26:34,887 - P17020 - INFO - Candidates complement: 0 items
2025-05-22 02:26:34,887 - P17020 - INFO - Candidates cep: 1 items
2025-05-22 02:26:34,887 - P17020 - INFO - Após processar URL 7 Uso de memória: 130.33 MB
2025-05-22 02:26:34,887 - P17020 - INFO - Processando URL 8/15: https://www.doctoralia.com.br/valeria-pinto-da-costa/cardiologista/sao-joao-de-meriti#:~:text=24%20nov.%202014Pontos%20positivos
2025-05-22 02:26:34,888 - P17020 - INFO - Ignorando URL de arquivo não-HTML: https://www.doctoralia.com.br/valeria-pinto-da-costa/cardiologista/sao-joao-de-meriti#:~:text=24%20nov.%202014Pontos%20positivos
2025-05-22 02:26:34,888 - P17020 - INFO - Após processar URL 8 Uso de memória: 130.33 MB
2025-05-22 02:26:34,888 - P17020 - INFO - Processando URL 9/15: https://www.catalogo.med.br/doutor/valeria-pinto-da-costa-2491858.htm
2025-05-22 02:26:37,111 - P17020 - INFO - HTML salvo para debug: data\debug_html_v10\abe13b1a7cfd6f6e37aa421c9bbcc14b.html
2025-05-22 02:26:37,112 - P17020 - INFO - Candidates address: 0 items
2025-05-22 02:26:37,112 - P17020 - INFO - Candidates phone: 0 items
2025-05-22 02:26:37,112 - P17020 - INFO - Candidates email: 0 items
2025-05-22 02:26:37,112 - P17020 - INFO - Candidates complement: 0 items
2025-05-22 02:26:37,112 - P17020 - INFO - Candidates cep: 0 items
2025-05-22 02:26:37,113 - P17020 - INFO - Após processar URL 9 Uso de memória: 130.33 MB
2025-05-22 02:26:37,113 - P17020 - INFO - Processando URL 10/15: http://consulte.me/cardiologista/37109-dra-valeria-pinto-da-costa-crm-rj-894311
2025-05-22 02:26:39,427 - P17020 - INFO - HTML salvo para debug: data\debug_html_v10\17659b77b5000361b46203aa189dd70b.html
2025-05-22 02:26:39,428 - P17020 - INFO - Candidates address: 0 items
2025-05-22 02:26:39,428 - P17020 - INFO - Candidates phone: 0 items
2025-05-22 02:26:39,428 - P17020 - INFO - Candidates email: 0 items
2025-05-22 02:26:39,428 - P17020 - INFO - Candidates complement: 0 items
2025-05-22 02:26:39,428 - P17020 - INFO - Candidates cep: 0 items
2025-05-22 02:26:39,429 - P17020 - INFO - Após processar URL 10 Uso de memória: 130.33 MB
2025-05-22 02:26:39,429 - P17020 - INFO - Processando URL 11/15: https://br.todosnegocios.com/pt/val%C3%A9ria-pinto-cardiologista
2025-05-22 02:26:42,860 - P17020 - INFO - HTML salvo para debug: data\debug_html_v10\ddcfd5e0566c2b116c842c739698c144.html
2025-05-22 02:26:42,879 - P17020 - INFO - Candidates address: 2 items
2025-05-22 02:26:42,879 - P17020 - INFO - Candidates phone: 0 items
2025-05-22 02:26:42,880 - P17020 - INFO - Candidates email: 1 items
2025-05-22 02:26:42,882 - P17020 - INFO - Candidates complement: 0 items
2025-05-22 02:26:42,882 - P17020 - INFO - Candidates cep: 3 items
2025-05-22 02:26:42,882 - P17020 - INFO - Após processar URL 11 Uso de memória: 130.34 MB
2025-05-22 02:26:42,882 - P17020 - INFO - Processando URL 12/15: https://cnpj.biz/38303101000104
2025-05-22 02:26:45,255 - P17020 - INFO - HTML salvo para debug: data\debug_html_v10\adc9223259893221d5d16f28adb1c07c.html
2025-05-22 02:26:45,258 - P17020 - INFO - Candidates address: 0 items
2025-05-22 02:26:45,258 - P17020 - INFO - Candidates phone: 0 items
2025-05-22 02:26:45,258 - P17020 - INFO - Candidates email: 0 items
2025-05-22 02:26:45,258 - P17020 - INFO - Candidates complement: 0 items
2025-05-22 02:26:45,259 - P17020 - INFO - Candidates cep: 0 items
2025-05-22 02:26:45,259 - P17020 - INFO - Após processar URL 12 Uso de memória: 130.34 MB
2025-05-22 02:26:45,259 - P17020 - INFO - Processando URL 13/15: https://www.doctoralia.com.br/valeria-pinto-da-costa/cardiologista/sao-joao-de-meriti
2025-05-22 02:26:45,259 - P17020 - INFO - Ignorando URL de arquivo não-HTML: https://www.doctoralia.com.br/valeria-pinto-da-costa/cardiologista/sao-joao-de-meriti
2025-05-22 02:26:45,259 - P17020 - INFO - Após processar URL 13 Uso de memória: 130.34 MB
2025-05-22 02:26:45,259 - P17020 - INFO - Processando URL 14/15: https://www.boaconsulta.com/especialista/valeria-pinto-da-costa-6105c5069b22ae27c3002a5b
2025-05-22 02:26:48,127 - P17020 - INFO - HTML salvo para debug: data\debug_html_v10\1c12cdeb3ebd5bb6de90b973bc9a9745.html
2025-05-22 02:26:48,302 - P17020 - INFO - Candidates address: 10 items
2025-05-22 02:26:48,303 - P17020 - INFO - Candidates phone: 0 items
2025-05-22 02:26:48,303 - P17020 - INFO - Candidates email: 0 items
2025-05-22 02:26:48,304 - P17020 - INFO - Candidates complement: 5 items
2025-05-22 02:26:48,304 - P17020 - INFO - Candidates cep: 0 items
2025-05-22 02:26:48,305 - P17020 - INFO - Após processar URL 14 Uso de memória: 130.98 MB
2025-05-22 02:26:48,306 - P17020 - INFO - Processando URL 15/15: https://www.cylex.com.br/sao-joao-de-meriti/val%c3%a9ria-pinto---cardiologista-12051994.html
2025-05-22 02:26:51,494 - P17020 - INFO - HTML salvo para debug: data\debug_html_v10\28e319ffe0f1a0a09c095ae7a62ac54a.html
2025-05-22 02:26:51,501 - P17020 - INFO - Candidates address: 0 items
2025-05-22 02:26:51,502 - P17020 - INFO - Candidates phone: 0 items
2025-05-22 02:26:51,502 - P17020 - INFO - Candidates email: 1 items
2025-05-22 02:26:51,503 - P17020 - INFO - Candidates complement: 0 items
2025-05-22 02:26:51,503 - P17020 - INFO - Candidates cep: 0 items
2025-05-22 02:26:51,504 - P17020 - INFO - Após processar URL 15 Uso de memória: 129.93 MB
2025-05-22 02:26:51,504 - P17020 - INFO - Iniciando agregação e ranqueamento
2025-05-22 02:26:51,504 - P17020 - INFO - Ranked address: 14 items
2025-05-22 02:26:51,505 - P17020 - INFO - Ranked phone: 2 items
2025-05-22 02:26:51,505 - P17020 - INFO - Ranked email: 2 items
2025-05-22 02:26:51,506 - P17020 - INFO - Ranked complement: 5 items
2025-05-22 02:26:51,507 - P17020 - INFO - Ranked cep: 7 items
2025-05-22 02:26:51,508 - P17020 - INFO - Após agregação Uso de memória: 129.93 MB
2025-05-22 02:26:51,508 - P17020 - INFO - Validando endereço: ['Av. Ayrton Senna 1850', 'Av. das Américas, 500', 'Rua Gessyr Gonçalves Fontes, 139']
2025-05-22 02:26:51,508 - P17020 - INFO - Endereço validado: Av. Ayrton Senna 1850
2025-05-22 02:26:51,509 - P17020 - INFO - Limpando texto extenso para campo address: Av. Ayrton Senna 1850...
2025-05-22 02:26:51,509 - P17020 - INFO - Texto limpo: Av. Ayrton Senna 1850
2025-05-22 02:26:51,509 - P17020 - INFO - Validando telefone: ['(21)98098-0876', '+55 21 3171-3171']
2025-05-22 02:26:51,509 - P17020 - INFO - Limpando texto extenso para campo phone: (21)98098-0876...
2025-05-22 02:26:51,510 - P17020 - INFO - Texto limpo: 21)98098-0876
2025-05-22 02:26:51,510 - P17020 - INFO - Telefone validado: 21)98098-0876
2025-05-22 02:26:51,511 - P17020 - INFO - Validando email: ['valeria@cardiol.br', 'info@cylex.com.br']
2025-05-22 02:26:51,511 - P17020 - INFO - Limpando texto extenso para campo email: valeria@cardiol.br...
2025-05-22 02:26:51,512 - P17020 - INFO - Texto limpo: valeria@cardiol.br
2025-05-22 02:26:51,513 - P17020 - INFO - Email validado: valeria@cardiol.br
2025-05-22 02:26:51,513 - P17020 - INFO - Validando complemento: ['Sala 1114', 'Sala 320', 'Salas 501 / 502 / 503 Copacabana']
2025-05-22 02:26:51,513 - P17020 - INFO - Limpando texto extenso para campo complement: Sala 1114...
2025-05-22 02:26:51,513 - P17020 - INFO - Texto limpo: Sala 1114
2025-05-22 02:26:51,514 - P17020 - INFO - Complemento validado: Sala 1114
2025-05-22 02:26:51,514 - P17020 - INFO - Descobrindo cidade
2025-05-22 02:26:51,514 - P17020 - INFO - Buscando cidade: Av. Ayrton Senna 1850 cidade RJ
2025-05-22 02:26:53,805 - P17020 - WARNING - Cidade não encontrada
2025-05-22 02:26:53,806 - P17020 - INFO - Cidade descoberta: 
2025-05-22 02:26:53,806 - P17020 - INFO - Tempo de execução de processamento completo do médico: 45.37 segundos
2025-05-22 02:26:53,807 - P17020 - INFO - Resultado processado: {'Hash': 'fdd9cc758a510d29984c1544b863048776b96d50feaa6b81d8e3902d0b67c774', 'CRM': '894311', 'UF': 'RJ', 'Firstname': 'VALÉRIA', 'LastName': 'PINTO DA COSTA ALMEIDA', 'Medical specialty': '', 'Endereco Completo A1': 'Av. Ayrton Senna 1850', 'Address A1': 'Av. Ayrton Senna 1850', 'Numero A1': '', 'Complement A1': 'Sala 1114', 'Bairro A1': '', 'postal code A1': '', 'City A1': '', 'State A1': '', 'Phone A1': '21)98098-0876', 'Phone A2': '', 'Cell phone A1': '', 'Cell phone A2': '', 'E-mail A1': 'valeria@cardiol.br', 'E-mail A2': '', 'OPT-IN': '', 'STATUS': '', 'LOTE': ''}
2025-05-22 02:26:53,808 - P17020 - INFO - Salvando lote de resultados
2025-05-22 02:26:53,818 - P17020 - INFO - Após salvar resultados Uso de memória: 126.56 MB
2025-05-22 02:26:53,821 - P17020 - INFO - Progresso: 25.5%
2025-05-22 02:26:53,821 - P17020 - INFO - Tempo de execução de processamento do médico 3: 45.38 segundos
2025-05-22 02:26:53,821 - P17020 - INFO - Tempo de execução de processamento do lote completo: 187.79 segundos
