2025-05-22 03:17:29,616 - P17020 - INFO - 
==================================================
Processando médico 1/3
2025-05-22 03:17:29,616 - P17020 - INFO - Nome: CIRO PEROCINI SILVA
2025-05-22 03:17:29,617 - P17020 - INFO - Reiniciando driver do Chrome
2025-05-22 03:17:31,010 - P17020 - INFO - Após reiniciar driver Uso de memória: 126.02 MB
2025-05-22 03:17:31,011 - P17020 - INFO - Início do processamento Uso de memória: 126.02 MB
2025-05-22 03:17:31,011 - P17020 - INFO - Iniciando busca para: CIRO PEROCINI SILVA CRM 171151 SP telefone e-mail endereço
2025-05-22 03:17:31,873 - P17020 - INFO - SearX results: 9 URLs
2025-05-22 03:17:31,874 - P17020 - INFO - Após SearX Uso de memória: 126.02 MB
2025-05-22 03:17:34,196 - P17020 - INFO - Google results: 2 URLs
2025-05-22 03:17:34,196 - P17020 - INFO - Após Google Uso de memória: 126.01 MB
2025-05-22 03:17:37,058 - P17020 - INFO - Bing results: 9 URLs
2025-05-22 03:17:37,058 - P17020 - INFO - Após Bing Uso de memória: 127.76 MB
2025-05-22 03:17:37,058 - P17020 - INFO - Total de URLs únicas: 12
2025-05-22 03:17:37,058 - P17020 - INFO - Processando URL 1/12: https://consultacrm.com.br/
2025-05-22 03:17:40,411 - P17020 - INFO - HTML salvo para debug: data\debug_html_v10\65cadeb91ac3713432c21b535990f440.html
2025-05-22 03:17:40,423 - P17020 - INFO - Candidates address: 0 items
2025-05-22 03:17:40,423 - P17020 - INFO - Candidates phone: 0 items
2025-05-22 03:17:40,423 - P17020 - INFO - Candidates email: 0 items
2025-05-22 03:17:40,423 - P17020 - INFO - Candidates complement: 0 items
2025-05-22 03:17:40,423 - P17020 - INFO - Candidates cep: 0 items
2025-05-22 03:17:40,424 - P17020 - INFO - Após processar URL 1 Uso de memória: 128.64 MB
2025-05-22 03:17:40,424 - P17020 - INFO - Processando URL 2/12: https://cnpj.in/consultar/43058137000100/clinica-medica-perocini-ltda
2025-05-22 03:17:42,576 - P17020 - INFO - HTML salvo para debug: data\debug_html_v10\2474219535950a922a10466ccb58ff19.html
2025-05-22 03:17:42,577 - P17020 - INFO - Candidates address: 0 items
2025-05-22 03:17:42,577 - P17020 - INFO - Candidates phone: 0 items
2025-05-22 03:17:42,577 - P17020 - INFO - Candidates email: 0 items
2025-05-22 03:17:42,577 - P17020 - INFO - Candidates complement: 0 items
2025-05-22 03:17:42,577 - P17020 - INFO - Candidates cep: 0 items
2025-05-22 03:17:42,578 - P17020 - INFO - Após processar URL 2 Uso de memória: 128.64 MB
2025-05-22 03:17:42,578 - P17020 - INFO - Processando URL 3/12: https://drciroperocini.com.br/
2025-05-22 03:17:45,512 - P17020 - INFO - HTML salvo para debug: data\debug_html_v10\aeaec8b7b0b135682f69267560328fa0.html
2025-05-22 03:17:45,554 - P17020 - INFO - Candidates address: 1 items
2025-05-22 03:17:45,555 - P17020 - INFO - Candidates phone: 1 items
2025-05-22 03:17:45,555 - P17020 - INFO - Candidates email: 0 items
2025-05-22 03:17:45,555 - P17020 - INFO - Candidates complement: 1 items
2025-05-22 03:17:45,556 - P17020 - INFO - Candidates cep: 2 items
2025-05-22 03:17:45,556 - P17020 - INFO - Após processar URL 3 Uso de memória: 128.94 MB
2025-05-22 03:17:45,556 - P17020 - INFO - Processando URL 4/12: https://www.consultascnpj.com/clinica-medica-perocini-ltda/43058137000100
2025-05-22 03:17:49,510 - P17020 - INFO - HTML salvo para debug: data\debug_html_v10\918aa6e817805c09b8f538efde63cb22.html
2025-05-22 03:17:49,524 - P17020 - INFO - Candidates address: 0 items
2025-05-22 03:17:49,525 - P17020 - INFO - Candidates phone: 1 items
2025-05-22 03:17:49,526 - P17020 - INFO - Candidates email: 1 items
2025-05-22 03:17:49,526 - P17020 - INFO - Candidates complement: 0 items
2025-05-22 03:17:49,527 - P17020 - INFO - Candidates cep: 2 items
2025-05-22 03:17:49,527 - P17020 - INFO - Após processar URL 4 Uso de memória: 128.16 MB
2025-05-22 03:17:49,528 - P17020 - INFO - Processando URL 5/12: http://cnpj.info/Clinica-Medica-Perocini-Clinica-Medica-Perocini-Ltda
2025-05-22 03:17:54,883 - P17020 - INFO - HTML salvo para debug: data\debug_html_v10\cbc7b7a2fcd4a23f8319da66a530b91f.html
2025-05-22 03:17:54,887 - P17020 - INFO - Candidates address: 1 items
2025-05-22 03:17:54,887 - P17020 - INFO - Candidates phone: 1 items
2025-05-22 03:17:54,887 - P17020 - INFO - Candidates email: 1 items
2025-05-22 03:17:54,887 - P17020 - INFO - Candidates complement: 0 items
2025-05-22 03:17:54,888 - P17020 - INFO - Candidates cep: 2 items
2025-05-22 03:17:54,888 - P17020 - INFO - Após processar URL 5 Uso de memória: 128.16 MB
2025-05-22 03:17:54,888 - P17020 - INFO - Processando URL 6/12: https://cnpj.biz/43058137000100
2025-05-22 03:17:59,547 - P17020 - INFO - HTML salvo para debug: data\debug_html_v10\5ed267f110f6ff0bd748e342b460adde.html
2025-05-22 03:17:59,571 - P17020 - INFO - Candidates address: 2 items
2025-05-22 03:17:59,571 - P17020 - INFO - Candidates phone: 1 items
2025-05-22 03:17:59,571 - P17020 - INFO - Candidates email: 1 items
2025-05-22 03:17:59,572 - P17020 - INFO - Candidates complement: 0 items
2025-05-22 03:17:59,572 - P17020 - INFO - Candidates cep: 3 items
2025-05-22 03:17:59,572 - P17020 - INFO - Após processar URL 6 Uso de memória: 128.25 MB
2025-05-22 03:17:59,572 - P17020 - INFO - Processando URL 7/12: https://www.econodata.com.br/consulta-empresa/43058137000100-CLINICA-HIFIT-MEDICINA-PERSONALIZADA-LTDA
2025-05-22 03:18:04,485 - P17020 - INFO - HTML salvo para debug: data\debug_html_v10\81e89365ce571006abea73b232c9c7cd.html
2025-05-22 03:18:04,617 - P17020 - INFO - Candidates address: 30 items
2025-05-22 03:18:04,617 - P17020 - INFO - Candidates phone: 0 items
2025-05-22 03:18:04,618 - P17020 - INFO - Candidates email: 0 items
2025-05-22 03:18:04,618 - P17020 - INFO - Candidates complement: 0 items
2025-05-22 03:18:04,618 - P17020 - INFO - Candidates cep: 1 items
2025-05-22 03:18:04,618 - P17020 - INFO - Após processar URL 7 Uso de memória: 129.00 MB
2025-05-22 03:18:04,618 - P17020 - INFO - Processando URL 8/12: https://bnisaopaulo.com.br/pt-BR/memberdetails?encryptedMemberId=jTvz7YDQKbb%2BpJ2EsppVeA%3D%3D&cmsv3=true&name=Ciro+Perocini+Silva
2025-05-22 03:18:08,942 - P17020 - INFO - HTML salvo para debug: data\debug_html_v10\81e7a5be99d50d05e946f506b5badec3.html
2025-05-22 03:18:08,956 - P17020 - INFO - Candidates address: 1 items
2025-05-22 03:18:08,957 - P17020 - INFO - Candidates phone: 1 items
2025-05-22 03:18:08,957 - P17020 - INFO - Candidates email: 0 items
2025-05-22 03:18:08,957 - P17020 - INFO - Candidates complement: 1 items
2025-05-22 03:18:08,957 - P17020 - INFO - Candidates cep: 2 items
2025-05-22 03:18:08,957 - P17020 - INFO - Após processar URL 8 Uso de memória: 128.50 MB
2025-05-22 03:18:08,957 - P17020 - INFO - Processando URL 9/12: https://www.findglocal.com/BR/S%C3%A3o-Paulo/2157915814458122/Dr-Ciro-Perocini
2025-05-22 03:18:16,531 - P17020 - INFO - HTML salvo para debug: data\debug_html_v10\0e2e398b482d8a1709b073e0f65ce27d.html
2025-05-22 03:18:16,554 - P17020 - INFO - Candidates address: 3 items
2025-05-22 03:18:16,554 - P17020 - INFO - Candidates phone: 1 items
2025-05-22 03:18:16,555 - P17020 - INFO - Candidates email: 0 items
2025-05-22 03:18:16,555 - P17020 - INFO - Candidates complement: 1 items
2025-05-22 03:18:16,555 - P17020 - INFO - Candidates cep: 2 items
2025-05-22 03:18:16,555 - P17020 - INFO - Após processar URL 9 Uso de memória: 129.39 MB
2025-05-22 03:18:16,555 - P17020 - INFO - Processando URL 10/12: https://www.sociosbrasil.com/nome/ciro-perocini-silva
2025-05-22 03:18:21,040 - P17020 - INFO - HTML salvo para debug: data\debug_html_v10\cded06e23659367e624730a656ee8a8d.html
2025-05-22 03:18:21,046 - P17020 - INFO - Candidates address: 2 items
2025-05-22 03:18:21,046 - P17020 - INFO - Candidates phone: 0 items
2025-05-22 03:18:21,046 - P17020 - INFO - Candidates email: 2 items
2025-05-22 03:18:21,047 - P17020 - INFO - Candidates complement: 1 items
2025-05-22 03:18:21,047 - P17020 - INFO - Candidates cep: 4 items
2025-05-22 03:18:21,047 - P17020 - INFO - Após processar URL 10 Uso de memória: 128.38 MB
2025-05-22 03:18:21,047 - P17020 - INFO - Processando URL 11/12: https://guiamedico.cremesp.org.br/
2025-05-22 03:18:24,159 - P17020 - INFO - HTML salvo para debug: data\debug_html_v10\7c54969580769b63edd9abaa952e1fa2.html
2025-05-22 03:18:24,165 - P17020 - INFO - Candidates address: 1 items
2025-05-22 03:18:24,166 - P17020 - INFO - Candidates phone: 1 items
2025-05-22 03:18:24,166 - P17020 - INFO - Candidates email: 0 items
2025-05-22 03:18:24,166 - P17020 - INFO - Candidates complement: 0 items
2025-05-22 03:18:24,166 - P17020 - INFO - Candidates cep: 1 items
2025-05-22 03:18:24,166 - P17020 - INFO - Após processar URL 11 Uso de memória: 128.38 MB
2025-05-22 03:18:24,166 - P17020 - INFO - Processando URL 12/12: https://www.doctoralia.com.br/ciro-perocini/nutrologo-generalista/sao-paulo
2025-05-22 03:18:24,166 - P17020 - INFO - Ignorando URL de arquivo não-HTML: https://www.doctoralia.com.br/ciro-perocini/nutrologo-generalista/sao-paulo
2025-05-22 03:18:24,167 - P17020 - INFO - Após processar URL 12 Uso de memória: 128.38 MB
2025-05-22 03:18:24,167 - P17020 - INFO - Iniciando agregação e ranqueamento
2025-05-22 03:18:24,167 - P17020 - INFO - Ranked address: 37 items
2025-05-22 03:18:24,167 - P17020 - INFO - Ranked phone: 5 items
2025-05-22 03:18:24,167 - P17020 - INFO - Ranked email: 3 items
2025-05-22 03:18:24,167 - P17020 - INFO - Ranked complement: 3 items
2025-05-22 03:18:24,168 - P17020 - INFO - Ranked cep: 9 items
2025-05-22 03:18:24,168 - P17020 - INFO - Após agregação Uso de memória: 128.38 MB
2025-05-22 03:18:24,168 - P17020 - INFO - Validando endereço: ['Rua Cel Oscar Porto, 736', 'Rua Coronel Oscar Porto 736', 'Rua Coronel Oscar Porto, 736']
2025-05-22 03:18:24,168 - P17020 - INFO - Endereço validado: Rua Cel Oscar Porto, 736
2025-05-22 03:18:24,169 - P17020 - INFO - Limpando texto extenso para campo address: Rua Cel Oscar Porto, 736...
2025-05-22 03:18:24,169 - P17020 - INFO - Texto limpo: Rua Cel Oscar Porto, 736
2025-05-22 03:18:24,169 - P17020 - INFO - Validando telefone: ['(11) 91607-9712', '(11) 99975-3151', '(11) 9975-3151']
2025-05-22 03:18:24,171 - P17020 - INFO - Limpando texto extenso para campo phone: (11) 91607-9712...
2025-05-22 03:18:24,171 - P17020 - INFO - Texto limpo: 11) 91607-9712
2025-05-22 03:18:24,173 - P17020 - INFO - Telefone validado: 11) 91607-9712
2025-05-22 03:18:24,173 - P17020 - INFO - Validando email: ['ciroperocini@hotmail.com', 'CIROPEROCINI@HOTMAIL.COM', 'IVAN_MEDI@HOTMAIL.COM']
2025-05-22 03:18:24,174 - P17020 - INFO - Limpando texto extenso para campo email: ciroperocini@hotmail.com...
2025-05-22 03:18:24,174 - P17020 - INFO - Texto limpo: ciroperocini@hotmail.com
2025-05-22 03:18:24,175 - P17020 - INFO - Email validado: ciroperocini@hotmail.com
2025-05-22 03:18:24,175 - P17020 - INFO - Validando complemento: ['Sala 52', 'Sala 52 Paraíso São Paulo São Paulo 04003003\t\t\t\t\t\t\t\t ', 'Apt   41 Jardim Fonte Do Morumbi']
2025-05-22 03:18:24,177 - P17020 - INFO - Limpando texto extenso para campo complement: Sala 52...
2025-05-22 03:18:24,178 - P17020 - INFO - Texto limpo: Sala 52
2025-05-22 03:18:24,178 - P17020 - INFO - Complemento validado: Sala 52
2025-05-22 03:18:24,179 - P17020 - INFO - Descobrindo cidade
2025-05-22 03:18:24,179 - P17020 - INFO - Buscando cidade: Rua Cel Oscar Porto cidade SP
2025-05-22 03:18:26,898 - P17020 - INFO - Cidade encontrada: São Paulo
2025-05-22 03:18:26,898 - P17020 - INFO - Limpando texto extenso para campo city: São Paulo...
2025-05-22 03:18:26,899 - P17020 - INFO - Texto limpo: São Paulo
2025-05-22 03:18:26,899 - P17020 - INFO - Cidade descoberta: São Paulo
2025-05-22 03:18:26,899 - P17020 - INFO - Buscando CEP com sistema de cascata
2025-05-22 03:18:26,899 - P17020 - INFO - Iniciando busca de CEP em cascata para: Rua Cel Oscar Porto, São Paulo, SP
2025-05-22 03:18:26,899 - P17020 - INFO - Método 1: ViaCEP API
2025-05-22 03:18:26,899 - P17020 - INFO - Buscando no ViaCEP: https://viacep.com.br/ws/SP/sao%20paulo/rua%20cel%20oscar%20porto/json/
2025-05-22 03:18:27,729 - P17020 - WARNING - ViaCEP retornou status 200 ou nenhum resultado
2025-05-22 03:18:27,735 - P17020 - INFO - Método 2: BrasilAPI
2025-05-22 03:18:27,735 - P17020 - INFO - Buscando na BrasilAPI: Rua Cel Oscar Porto, São Paulo, SP
2025-05-22 03:18:28,273 - P17020 - INFO - Consultando BrasilAPI: https://brasilapi.com.br/api/cep/v2/35135084
2025-05-22 03:18:28,602 - P17020 - WARNING - BrasilAPI retornou status 404
2025-05-22 03:18:28,604 - P17020 - INFO - Método 3: Web Scraping do Google
2025-05-22 03:18:28,605 - P17020 - INFO - Buscando CEP: CEP da Rua Cel Oscar Porto, São Paulo
2025-05-22 03:18:30,271 - P17020 - INFO - CEP encontrado: 04003-000
2025-05-22 03:18:30,271 - P17020 - INFO - CEP encontrado via Google: 04003-000
2025-05-22 03:18:30,272 - P17020 - INFO - Dados de CEP encontrados: {'cep': '04003-000', 'logradouro': 'Rua Cel Oscar Porto', 'bairro': '', 'localidade': 'São Paulo', 'uf': 'SP', 'complemento': ''}
2025-05-22 03:18:30,274 - P17020 - INFO - Limpando texto extenso para campo city: São Paulo...
2025-05-22 03:18:30,274 - P17020 - INFO - Texto limpo: São Paulo
2025-05-22 03:18:30,275 - P17020 - INFO - Limpando texto extenso para campo state: SP...
2025-05-22 03:18:30,275 - P17020 - INFO - Texto limpo: SP
2025-05-22 03:18:30,276 - P17020 - INFO - Tempo de execução de processamento completo do médico: 59.27 segundos
2025-05-22 03:18:30,276 - P17020 - INFO - Resultado processado: {'Hash': 'ab28bbd03249663719094889353c12680fe8384c800bfe8067d2eb61a4eab19e', 'CRM': '171151', 'UF': 'SP', 'Firstname': 'CIRO', 'LastName': 'PEROCINI SILVA', 'Medical specialty': '', 'Endereco Completo A1': 'Rua Cel Oscar Porto, 736', 'Address A1': 'Rua Cel Oscar Porto', 'Numero A1': '736', 'Complement A1': 'Sala 52', 'Bairro A1': '', 'postal code A1': '04003-000', 'City A1': 'São Paulo', 'State A1': 'SP', 'Phone A1': '11) 91607-9712', 'Phone A2': '', 'Cell phone A1': '', 'Cell phone A2': '', 'E-mail A1': 'ciroperocini@hotmail.com', 'E-mail A2': '', 'OPT-IN': '', 'STATUS': '', 'LOTE': ''}
2025-05-22 03:18:30,279 - P17020 - INFO - Progresso: 44.6%
2025-05-22 03:18:30,279 - P17020 - INFO - Executando coleta de lixo
2025-05-22 03:18:30,338 - P17020 - INFO - Após coleta de lixo Uso de memória: 119.55 MB
2025-05-22 03:18:30,338 - P17020 - INFO - Tempo de execução de processamento do médico 1: 60.72 segundos
2025-05-22 03:18:30,338 - P17020 - INFO - 
==================================================
Processando médico 2/3
2025-05-22 03:18:30,338 - P17020 - INFO - Nome: RAQUEL BEZERRA DE MENEZES
2025-05-22 03:18:30,339 - P17020 - INFO - Início do processamento Uso de memória: 119.55 MB
2025-05-22 03:18:30,339 - P17020 - INFO - Iniciando busca para: RAQUEL BEZERRA DE MENEZES CRM 171264 SP telefone e-mail endereço
2025-05-22 03:18:31,376 - P17020 - INFO - SearX results: 14 URLs
2025-05-22 03:18:31,377 - P17020 - INFO - Após SearX Uso de memória: 119.56 MB
2025-05-22 03:18:35,085 - P17020 - INFO - Google results: 14 URLs
2025-05-22 03:18:35,086 - P17020 - INFO - Após Google Uso de memória: 123.13 MB
2025-05-22 03:18:37,676 - P17020 - INFO - Bing results: 9 URLs
2025-05-22 03:18:37,676 - P17020 - INFO - Após Bing Uso de memória: 126.10 MB
2025-05-22 03:18:37,676 - P17020 - INFO - Total de URLs únicas: 23
2025-05-22 03:18:37,677 - P17020 - INFO - Processando URL 1/23: https://www.medicosbrasil.com/profissional/raquel-bezerra-de-menezes
2025-05-22 03:18:41,688 - P17020 - INFO - HTML salvo para debug: data\debug_html_v10\839710f111a8a830986874db5a46ee78.html
2025-05-22 03:18:41,712 - P17020 - INFO - Candidates address: 0 items
2025-05-22 03:18:41,712 - P17020 - INFO - Candidates phone: 0 items
2025-05-22 03:18:41,712 - P17020 - INFO - Candidates email: 0 items
2025-05-22 03:18:41,712 - P17020 - INFO - Candidates complement: 0 items
2025-05-22 03:18:41,713 - P17020 - INFO - Candidates cep: 0 items
2025-05-22 03:18:41,713 - P17020 - INFO - Após processar URL 1 Uso de memória: 127.66 MB
2025-05-22 03:18:41,713 - P17020 - INFO - Processando URL 2/23: https://diariooficial.guarulhos.sp.gov.br/uploads/pdf/568137836.pdf
2025-05-22 03:18:41,713 - P17020 - INFO - Ignorando URL de arquivo não-HTML: https://diariooficial.guarulhos.sp.gov.br/uploads/pdf/568137836.pdf
2025-05-22 03:18:41,713 - P17020 - INFO - Após processar URL 2 Uso de memória: 127.66 MB
2025-05-22 03:18:41,713 - P17020 - INFO - Processando URL 3/23: https://sistemadje.tjmt.jus.br/publicacoes/10245-2018%20C7%20Comarcas%20-%201%C2%AA%202%C2%AA%20e%203%C2%AA%20Entr%C3%A2ncia.pdf
2025-05-22 03:18:41,714 - P17020 - INFO - Ignorando URL de arquivo não-HTML: https://sistemadje.tjmt.jus.br/publicacoes/10245-2018%20C7%20Comarcas%20-%201%C2%AA%202%C2%AA%20e%203%C2%AA%20Entr%C3%A2ncia.pdf
2025-05-22 03:18:41,714 - P17020 - INFO - Após processar URL 3 Uso de memória: 127.66 MB
2025-05-22 03:18:41,714 - P17020 - INFO - Processando URL 4/23: https://draraquelmenezes.com.br/redirecionamento/
2025-05-22 03:18:44,232 - P17020 - INFO - HTML salvo para debug: data\debug_html_v10\3a5827af16f2bd64110992dec71c8677.html
2025-05-22 03:18:44,238 - P17020 - INFO - Candidates address: 0 items
2025-05-22 03:18:44,238 - P17020 - INFO - Candidates phone: 0 items
2025-05-22 03:18:44,238 - P17020 - INFO - Candidates email: 0 items
2025-05-22 03:18:44,238 - P17020 - INFO - Candidates complement: 0 items
2025-05-22 03:18:44,239 - P17020 - INFO - Candidates cep: 0 items
2025-05-22 03:18:44,239 - P17020 - INFO - Após processar URL 4 Uso de memória: 128.28 MB
2025-05-22 03:18:44,239 - P17020 - INFO - Processando URL 5/23: https://diariooficial.guarulhos.sp.gov.br/uploads/pdf/872350583.pdf
2025-05-22 03:18:44,239 - P17020 - INFO - Ignorando URL de arquivo não-HTML: https://diariooficial.guarulhos.sp.gov.br/uploads/pdf/872350583.pdf
2025-05-22 03:18:44,239 - P17020 - INFO - Após processar URL 5 Uso de memória: 128.28 MB
2025-05-22 03:18:44,239 - P17020 - INFO - Processando URL 6/23: https://acervo.arquivopublico.sc.gov.br/uploads/r/arquivo-publico-do-estado-de-santa-catarina-apesc/f/d/8/fd899902df1894c5b3dff9c496e8aaee8d3ec763da4831a8cdf0ca57e7a7edfa/fa90298e-6eed-4e01-a2c3-2b66627bd7e5-24284-DOE_18194_27_08_2007_36F_JUCESC_18194_08F.pdf
2025-05-22 03:18:44,240 - P17020 - INFO - Ignorando URL de arquivo não-HTML: https://acervo.arquivopublico.sc.gov.br/uploads/r/arquivo-publico-do-estado-de-santa-catarina-apesc/f/d/8/fd899902df1894c5b3dff9c496e8aaee8d3ec763da4831a8cdf0ca57e7a7edfa/fa90298e-6eed-4e01-a2c3-2b66627bd7e5-24284-DOE_18194_27_08_2007_36F_JUCESC_18194_08F.pdf
2025-05-22 03:18:44,240 - P17020 - INFO - Após processar URL 6 Uso de memória: 128.28 MB
2025-05-22 03:18:44,240 - P17020 - INFO - Processando URL 7/23: https://consultacrm.com.br/
2025-05-22 03:18:47,841 - P17020 - INFO - HTML salvo para debug: data\debug_html_v10\65cadeb91ac3713432c21b535990f440.html
2025-05-22 03:18:47,854 - P17020 - INFO - Candidates address: 0 items
2025-05-22 03:18:47,855 - P17020 - INFO - Candidates phone: 0 items
2025-05-22 03:18:47,855 - P17020 - INFO - Candidates email: 0 items
2025-05-22 03:18:47,855 - P17020 - INFO - Candidates complement: 0 items
2025-05-22 03:18:47,855 - P17020 - INFO - Candidates cep: 0 items
2025-05-22 03:18:47,855 - P17020 - INFO - Após processar URL 7 Uso de memória: 129.80 MB
2025-05-22 03:18:47,856 - P17020 - INFO - Processando URL 8/23: https://clinicaarque.com.br/nutrologia/
2025-05-22 03:18:52,515 - P17020 - INFO - HTML salvo para debug: data\debug_html_v10\eb4b0e2340f3ada22ecd17e8b5708ada.html
2025-05-22 03:18:52,552 - P17020 - INFO - Candidates address: 1 items
2025-05-22 03:18:52,553 - P17020 - INFO - Candidates phone: 1 items
2025-05-22 03:18:52,553 - P17020 - INFO - Candidates email: 1 items
2025-05-22 03:18:52,553 - P17020 - INFO - Candidates complement: 0 items
2025-05-22 03:18:52,554 - P17020 - INFO - Candidates cep: 0 items
2025-05-22 03:18:52,554 - P17020 - INFO - Após processar URL 8 Uso de memória: 130.09 MB
2025-05-22 03:18:52,554 - P17020 - INFO - Processando URL 9/23: https://clinicaarque.com.br/sobre-a-clinica/
2025-05-22 03:18:54,958 - P17020 - INFO - HTML salvo para debug: data\debug_html_v10\bc56c2df80f14c0ac81346bd3eb54846.html
2025-05-22 03:18:54,997 - P17020 - INFO - Candidates address: 1 items
2025-05-22 03:18:54,998 - P17020 - INFO - Candidates phone: 1 items
2025-05-22 03:18:54,998 - P17020 - INFO - Candidates email: 1 items
2025-05-22 03:18:54,998 - P17020 - INFO - Candidates complement: 0 items
2025-05-22 03:18:54,998 - P17020 - INFO - Candidates cep: 0 items
2025-05-22 03:18:54,998 - P17020 - INFO - Após processar URL 9 Uso de memória: 130.14 MB
2025-05-22 03:18:54,998 - P17020 - INFO - Processando URL 10/23: https://www.boaconsulta.com/especialista/raquel-bezerra-de-menezes-5d531825a01b7500640360f1
2025-05-22 03:18:58,555 - P17020 - INFO - HTML salvo para debug: data\debug_html_v10\27f5648d358d434495799d9a6ebe053b.html
2025-05-22 03:18:58,639 - P17020 - INFO - Candidates address: 10 items
2025-05-22 03:18:58,639 - P17020 - INFO - Candidates phone: 0 items
2025-05-22 03:18:58,640 - P17020 - INFO - Candidates email: 0 items
2025-05-22 03:18:58,640 - P17020 - INFO - Candidates complement: 0 items
2025-05-22 03:18:58,640 - P17020 - INFO - Candidates cep: 0 items
2025-05-22 03:18:58,640 - P17020 - INFO - Após processar URL 10 Uso de memória: 131.89 MB
2025-05-22 03:18:58,640 - P17020 - INFO - Processando URL 11/23: https://bit.ly/googledraraquelmenezes
2025-05-22 03:19:01,667 - P17020 - INFO - HTML salvo para debug: data\debug_html_v10\04b355b3d8632dd0a436b30403c62dd5.html
2025-05-22 03:19:01,691 - P17020 - INFO - Candidates address: 0 items
2025-05-22 03:19:01,691 - P17020 - INFO - Candidates phone: 0 items
2025-05-22 03:19:01,692 - P17020 - INFO - Candidates email: 0 items
2025-05-22 03:19:01,692 - P17020 - INFO - Candidates complement: 0 items
2025-05-22 03:19:01,692 - P17020 - INFO - Candidates cep: 0 items
2025-05-22 03:19:01,692 - P17020 - INFO - Após processar URL 11 Uso de memória: 131.38 MB
2025-05-22 03:19:01,692 - P17020 - INFO - Processando URL 12/23: https://www.ioepa.com.br/pages/2010/2010.10.27.DOE.pdf
2025-05-22 03:19:01,692 - P17020 - INFO - Ignorando URL de arquivo não-HTML: https://www.ioepa.com.br/pages/2010/2010.10.27.DOE.pdf
2025-05-22 03:19:01,693 - P17020 - INFO - Após processar URL 12 Uso de memória: 131.38 MB
2025-05-22 03:19:01,693 - P17020 - INFO - Processando URL 13/23: https://www.saobernardo.sp.gov.br/documents/10181/865801/NM+2058+de+03.05.2019+-+Conteu%CC%81do+Integral.pdf
2025-05-22 03:19:01,693 - P17020 - INFO - Ignorando URL de arquivo não-HTML: https://www.saobernardo.sp.gov.br/documents/10181/865801/NM+2058+de+03.05.2019+-+Conteu%CC%81do+Integral.pdf
2025-05-22 03:19:01,693 - P17020 - INFO - Após processar URL 13 Uso de memória: 131.38 MB
2025-05-22 03:19:01,693 - P17020 - INFO - Processando URL 14/23: https://agendarconsulta.com/perfil/dr-raquel-bezerra-de-menezes-1596742803
2025-05-22 03:19:07,532 - P17020 - INFO - HTML salvo para debug: data\debug_html_v10\6b144a244986e29834231007b791ae25.html
2025-05-22 03:19:07,561 - P17020 - INFO - Candidates address: 0 items
2025-05-22 03:19:07,561 - P17020 - INFO - Candidates phone: 0 items
2025-05-22 03:19:07,561 - P17020 - INFO - Candidates email: 0 items
2025-05-22 03:19:07,562 - P17020 - INFO - Candidates complement: 0 items
2025-05-22 03:19:07,562 - P17020 - INFO - Candidates cep: 0 items
2025-05-22 03:19:07,562 - P17020 - INFO - Após processar URL 14 Uso de memória: 131.41 MB
2025-05-22 03:19:07,562 - P17020 - INFO - Processando URL 15/23: https://www.saobernardo.sp.gov.br/documents/10181/865801/NM+2058+de+03.05.2019+-+Conteu%CC%81do+Integral.pdf/8a49702e-a521-51e9-4361-55b0a4c03dd8
2025-05-22 03:19:07,562 - P17020 - INFO - Ignorando URL de arquivo não-HTML: https://www.saobernardo.sp.gov.br/documents/10181/865801/NM+2058+de+03.05.2019+-+Conteu%CC%81do+Integral.pdf/8a49702e-a521-51e9-4361-55b0a4c03dd8
2025-05-22 03:19:07,563 - P17020 - INFO - Após processar URL 15 Uso de memória: 131.41 MB
2025-05-22 03:19:07,563 - P17020 - INFO - Processando URL 16/23: https://sistemadje.tjmt.jus.br/publicacoes/10391-2018%20C7%20Comarcas%20-%201%C2%AA%202%C2%AA%20e%203%C2%AA%20Entr%C3%A2ncia.pdf
2025-05-22 03:19:07,563 - P17020 - INFO - Ignorando URL de arquivo não-HTML: https://sistemadje.tjmt.jus.br/publicacoes/10391-2018%20C7%20Comarcas%20-%201%C2%AA%202%C2%AA%20e%203%C2%AA%20Entr%C3%A2ncia.pdf
2025-05-22 03:19:07,563 - P17020 - INFO - Após processar URL 16 Uso de memória: 131.41 MB
2025-05-22 03:19:07,563 - P17020 - INFO - Processando URL 17/23: https://guiamedico.cremesp.org.br/
2025-05-22 03:19:10,307 - P17020 - INFO - HTML salvo para debug: data\debug_html_v10\7c54969580769b63edd9abaa952e1fa2.html
2025-05-22 03:19:10,313 - P17020 - INFO - Candidates address: 1 items
2025-05-22 03:19:10,313 - P17020 - INFO - Candidates phone: 1 items
2025-05-22 03:19:10,313 - P17020 - INFO - Candidates email: 0 items
2025-05-22 03:19:10,313 - P17020 - INFO - Candidates complement: 0 items
2025-05-22 03:19:10,314 - P17020 - INFO - Candidates cep: 1 items
2025-05-22 03:19:10,314 - P17020 - INFO - Após processar URL 17 Uso de memória: 131.47 MB
2025-05-22 03:19:10,314 - P17020 - INFO - Processando URL 18/23: https://clinicaarque.com.br/clinica-arque-endocrinologia/
2025-05-22 03:19:13,155 - P17020 - INFO - HTML salvo para debug: data\debug_html_v10\35a969879cc96a4371210597d240251f.html
2025-05-22 03:19:13,194 - P17020 - INFO - Candidates address: 1 items
2025-05-22 03:19:13,194 - P17020 - INFO - Candidates phone: 1 items
2025-05-22 03:19:13,195 - P17020 - INFO - Candidates email: 1 items
2025-05-22 03:19:13,195 - P17020 - INFO - Candidates complement: 0 items
2025-05-22 03:19:13,195 - P17020 - INFO - Candidates cep: 0 items
2025-05-22 03:19:13,195 - P17020 - INFO - Após processar URL 18 Uso de memória: 131.57 MB
2025-05-22 03:19:13,195 - P17020 - INFO - Processando URL 19/23: https://draraquelmenezes.com.br/
2025-05-22 03:19:15,535 - P17020 - INFO - HTML salvo para debug: data\debug_html_v10\f0e88a02ded18cc1d97a6f62e172f3b5.html
2025-05-22 03:19:15,570 - P17020 - INFO - Candidates address: 1 items
2025-05-22 03:19:15,570 - P17020 - INFO - Candidates phone: 1 items
2025-05-22 03:19:15,571 - P17020 - INFO - Candidates email: 0 items
2025-05-22 03:19:15,571 - P17020 - INFO - Candidates complement: 0 items
2025-05-22 03:19:15,572 - P17020 - INFO - Candidates cep: 2 items
2025-05-22 03:19:15,573 - P17020 - INFO - Após processar URL 19 Uso de memória: 131.63 MB
2025-05-22 03:19:15,573 - P17020 - INFO - Processando URL 20/23: https://draraquelmcarvalho.com.br/
2025-05-22 03:19:21,757 - P17020 - INFO - HTML salvo para debug: data\debug_html_v10\c55fca3b98ae167cb0e814e9a2f9b1b9.html
2025-05-22 03:19:21,802 - P17020 - INFO - Candidates address: 3 items
2025-05-22 03:19:21,802 - P17020 - INFO - Candidates phone: 2 items
2025-05-22 03:19:21,803 - P17020 - INFO - Candidates email: 0 items
2025-05-22 03:19:21,803 - P17020 - INFO - Candidates complement: 0 items
2025-05-22 03:19:21,803 - P17020 - INFO - Candidates cep: 12 items
2025-05-22 03:19:21,803 - P17020 - INFO - Após processar URL 20 Uso de memória: 131.68 MB
2025-05-22 03:19:21,804 - P17020 - INFO - Processando URL 21/23: https://clinicaarque.com.br/author/raquel/
2025-05-22 03:19:24,620 - P17020 - INFO - HTML salvo para debug: data\debug_html_v10\e017074695eb7f677d5dc8db2468dd53.html
2025-05-22 03:19:24,664 - P17020 - INFO - Candidates address: 1 items
2025-05-22 03:19:24,664 - P17020 - INFO - Candidates phone: 1 items
2025-05-22 03:19:24,664 - P17020 - INFO - Candidates email: 1 items
2025-05-22 03:19:24,664 - P17020 - INFO - Candidates complement: 0 items
2025-05-22 03:19:24,665 - P17020 - INFO - Candidates cep: 0 items
2025-05-22 03:19:24,665 - P17020 - INFO - Após processar URL 21 Uso de memória: 131.71 MB
2025-05-22 03:19:24,665 - P17020 - INFO - Processando URL 22/23: https://clinicaarque.com.br/corpo-clinico/
2025-05-22 03:19:27,247 - P17020 - INFO - HTML salvo para debug: data\debug_html_v10\6ff9ab7992d42eed46f3544dafb4ab4e.html
2025-05-22 03:19:27,291 - P17020 - INFO - Candidates address: 1 items
2025-05-22 03:19:27,292 - P17020 - INFO - Candidates phone: 1 items
2025-05-22 03:19:27,292 - P17020 - INFO - Candidates email: 1 items
2025-05-22 03:19:27,292 - P17020 - INFO - Candidates complement: 0 items
2025-05-22 03:19:27,292 - P17020 - INFO - Candidates cep: 0 items
2025-05-22 03:19:27,292 - P17020 - INFO - Após processar URL 22 Uso de memória: 131.73 MB
2025-05-22 03:19:27,292 - P17020 - INFO - Processando URL 23/23: https://www.clinicaarque.com.br/
2025-05-22 03:19:30,734 - P17020 - INFO - HTML salvo para debug: data\debug_html_v10\2d8d37f50347aa1a52fa471f4b400d66.html
2025-05-22 03:19:30,786 - P17020 - INFO - Candidates address: 1 items
2025-05-22 03:19:30,786 - P17020 - INFO - Candidates phone: 1 items
2025-05-22 03:19:30,786 - P17020 - INFO - Candidates email: 1 items
2025-05-22 03:19:30,786 - P17020 - INFO - Candidates complement: 0 items
2025-05-22 03:19:30,786 - P17020 - INFO - Candidates cep: 0 items
2025-05-22 03:19:30,787 - P17020 - INFO - Após processar URL 23 Uso de memória: 131.73 MB
2025-05-22 03:19:30,787 - P17020 - INFO - Iniciando agregação e ranqueamento
2025-05-22 03:19:30,787 - P17020 - INFO - Ranked address: 15 items
2025-05-22 03:19:30,787 - P17020 - INFO - Ranked phone: 4 items
2025-05-22 03:19:30,788 - P17020 - INFO - Ranked email: 1 items
2025-05-22 03:19:30,788 - P17020 - INFO - Ranked complement: 0 items
2025-05-22 03:19:30,789 - P17020 - INFO - Ranked cep: 15 items
2025-05-22 03:19:30,789 - P17020 - INFO - Após agregação Uso de memória: 131.73 MB
2025-05-22 03:19:30,789 - P17020 - INFO - Validando endereço: ['Av. República do Líbano, 2131', 'Rua Sampaio Viana, 253', 'Rua Itacolomi, 333']
2025-05-22 03:19:30,790 - P17020 - INFO - Endereço validado: Av. República do Líbano, 2131
2025-05-22 03:19:30,790 - P17020 - INFO - Limpando texto extenso para campo address: Av. República do Líbano, 2131...
2025-05-22 03:19:30,790 - P17020 - INFO - Texto limpo: Av. República do Líbano, 2131
2025-05-22 03:19:30,790 - P17020 - INFO - Validando telefone: ['(11) 91453-4790', '(11) 4349-9900', '(11) 3047-8484']
2025-05-22 03:19:30,791 - P17020 - INFO - Limpando texto extenso para campo phone: (11) 91453-4790...
2025-05-22 03:19:30,791 - P17020 - INFO - Texto limpo: 11) 91453-4790
2025-05-22 03:19:30,793 - P17020 - INFO - Telefone validado: 11) 91453-4790
2025-05-22 03:19:30,794 - P17020 - INFO - Validando email: ['atendimento@clinicaarque.com.br']
2025-05-22 03:19:30,794 - P17020 - INFO - Limpando texto extenso para campo email: atendimento@clinicaarque.com.br...
2025-05-22 03:19:30,795 - P17020 - INFO - Texto limpo: atendimento@clinicaarque.com.br
2025-05-22 03:19:30,796 - P17020 - INFO - Email validado: atendimento@clinicaarque.com.br
2025-05-22 03:19:30,798 - P17020 - INFO - Descobrindo cidade
2025-05-22 03:19:30,799 - P17020 - INFO - Buscando cidade: Av. República do Líbano cidade SP
2025-05-22 03:19:33,494 - P17020 - WARNING - Cidade não encontrada
2025-05-22 03:19:33,495 - P17020 - INFO - Cidade descoberta: 
2025-05-22 03:19:33,496 - P17020 - INFO - Tempo de execução de processamento completo do médico: 63.16 segundos
2025-05-22 03:19:33,496 - P17020 - INFO - Resultado processado: {'Hash': 'f36ccf835ec3dcb3fd8b499e2f1629edbdedef5cc88d5341231707dbc1dde015', 'CRM': '171264', 'UF': 'SP', 'Firstname': 'RAQUEL', 'LastName': 'BEZERRA DE MENEZES', 'Medical specialty': '', 'Endereco Completo A1': 'Av. República do Líbano, 2131', 'Address A1': 'Av. República do Líbano', 'Numero A1': '2131', 'Complement A1': '', 'Bairro A1': '', 'postal code A1': '', 'City A1': '', 'State A1': '', 'Phone A1': '11) 91453-4790', 'Phone A2': '', 'Cell phone A1': '', 'Cell phone A2': '', 'E-mail A1': 'atendimento@clinicaarque.com.br', 'E-mail A2': '', 'OPT-IN': '', 'STATUS': '', 'LOTE': ''}
2025-05-22 03:19:33,497 - P17020 - INFO - Progresso: 44.9%
2025-05-22 03:19:33,498 - P17020 - INFO - Tempo de execução de processamento do médico 2: 63.16 segundos
2025-05-22 03:19:33,498 - P17020 - INFO - 
==================================================
Processando médico 3/3
2025-05-22 03:19:33,498 - P17020 - INFO - Nome: LARISSA FRANCA FONTOURA FERREIRA
2025-05-22 03:19:33,499 - P17020 - INFO - Início do processamento Uso de memória: 128.07 MB
2025-05-22 03:19:33,499 - P17020 - INFO - Iniciando busca para: LARISSA FRANCA FONTOURA FERREIRA CRM 172017 SP telefone e-mail endereço
2025-05-22 03:19:34,338 - P17020 - INFO - SearX results: 14 URLs
2025-05-22 03:19:34,339 - P17020 - INFO - Após SearX Uso de memória: 128.09 MB
2025-05-22 03:19:37,045 - P17020 - INFO - Google results: 15 URLs
2025-05-22 03:19:37,046 - P17020 - INFO - Após Google Uso de memória: 130.17 MB
2025-05-22 03:19:39,523 - P17020 - INFO - Bing results: 10 URLs
2025-05-22 03:19:39,523 - P17020 - INFO - Após Bing Uso de memória: 130.96 MB
2025-05-22 03:19:39,523 - P17020 - INFO - Total de URLs únicas: 26
2025-05-22 03:19:39,523 - P17020 - INFO - Processando URL 1/26: https://www.solutudo.com.br/empresas/sp/s-paulo/medicos/larissa-franca-fontoura-ferreira-servicos-medicos-ltda-24224145
2025-05-22 03:19:45,237 - P17020 - INFO - HTML salvo para debug: data\debug_html_v10\7d426c2f6dc83158cc2b9f91f83dea7a.html
2025-05-22 03:19:45,281 - P17020 - INFO - Candidates address: 1 items
2025-05-22 03:19:45,281 - P17020 - INFO - Candidates phone: 1 items
2025-05-22 03:19:45,281 - P17020 - INFO - Candidates email: 1 items
2025-05-22 03:19:45,281 - P17020 - INFO - Candidates complement: 0 items
2025-05-22 03:19:45,281 - P17020 - INFO - Candidates cep: 1 items
2025-05-22 03:19:45,282 - P17020 - INFO - Após processar URL 1 Uso de memória: 130.96 MB
2025-05-22 03:19:45,282 - P17020 - INFO - Processando URL 2/26: https://deoab.oab.org.br/assets/diarios/diario-eletronico-oab-13-10-2020.pdf
2025-05-22 03:19:45,282 - P17020 - INFO - Ignorando URL de arquivo não-HTML: https://deoab.oab.org.br/assets/diarios/diario-eletronico-oab-13-10-2020.pdf
2025-05-22 03:19:45,282 - P17020 - INFO - Após processar URL 2 Uso de memória: 130.96 MB
2025-05-22 03:19:45,282 - P17020 - INFO - Processando URL 3/26: https://www.boaconsulta.com/especialista/larissa-franca-fontoura-ferreira-6106d6b7a2e00a653a007bd7
2025-05-22 03:19:48,375 - P17020 - INFO - HTML salvo para debug: data\debug_html_v10\8ab01bd745b5913ca97e81428b281da7.html
2025-05-22 03:19:48,443 - P17020 - INFO - Candidates address: 10 items
2025-05-22 03:19:48,443 - P17020 - INFO - Candidates phone: 0 items
2025-05-22 03:19:48,443 - P17020 - INFO - Candidates email: 0 items
2025-05-22 03:19:48,443 - P17020 - INFO - Candidates complement: 3 items
2025-05-22 03:19:48,444 - P17020 - INFO - Candidates cep: 0 items
2025-05-22 03:19:48,444 - P17020 - INFO - Após processar URL 3 Uso de memória: 131.74 MB
2025-05-22 03:19:48,444 - P17020 - INFO - Processando URL 4/26: https://www.medicosbrasil.com/profissional/larissa-franca-fontoura-ferreira
2025-05-22 03:19:50,597 - P17020 - INFO - HTML salvo para debug: data\debug_html_v10\4e30f1b2d0c0677cf8e3e7ad121103e5.html
2025-05-22 03:19:50,599 - P17020 - INFO - Candidates address: 0 items
2025-05-22 03:19:50,599 - P17020 - INFO - Candidates phone: 0 items
2025-05-22 03:19:50,599 - P17020 - INFO - Candidates email: 0 items
2025-05-22 03:19:50,599 - P17020 - INFO - Candidates complement: 0 items
2025-05-22 03:19:50,600 - P17020 - INFO - Candidates cep: 0 items
2025-05-22 03:19:50,600 - P17020 - INFO - Após processar URL 4 Uso de memória: 131.00 MB
2025-05-22 03:19:50,600 - P17020 - INFO - Processando URL 5/26: https://www.fuvs.br/api/file/e71737510833b49e5d62db6dabdfde8e091eccb5anais.pdf
2025-05-22 03:19:50,600 - P17020 - INFO - Ignorando URL de arquivo não-HTML: https://www.fuvs.br/api/file/e71737510833b49e5d62db6dabdfde8e091eccb5anais.pdf
2025-05-22 03:19:50,601 - P17020 - INFO - Após processar URL 5 Uso de memória: 131.00 MB
2025-05-22 03:19:50,601 - P17020 - INFO - Processando URL 6/26: https://consultacrm.com.br/
2025-05-22 03:19:54,791 - P17020 - INFO - HTML salvo para debug: data\debug_html_v10\65cadeb91ac3713432c21b535990f440.html
2025-05-22 03:19:54,805 - P17020 - INFO - Candidates address: 0 items
2025-05-22 03:19:54,806 - P17020 - INFO - Candidates phone: 0 items
2025-05-22 03:19:54,806 - P17020 - INFO - Candidates email: 0 items
2025-05-22 03:19:54,806 - P17020 - INFO - Candidates complement: 0 items
2025-05-22 03:19:54,807 - P17020 - INFO - Candidates cep: 0 items
2025-05-22 03:19:54,807 - P17020 - INFO - Após processar URL 6 Uso de memória: 131.54 MB
2025-05-22 03:19:54,807 - P17020 - INFO - Processando URL 7/26: https://cnpj.biz/37407077000190
2025-05-22 03:19:57,157 - P17020 - INFO - HTML salvo para debug: data\debug_html_v10\108c6e1c0bcee4e43f82dc363191c024.html
2025-05-22 03:19:57,159 - P17020 - INFO - Candidates address: 0 items
2025-05-22 03:19:57,159 - P17020 - INFO - Candidates phone: 0 items
2025-05-22 03:19:57,159 - P17020 - INFO - Candidates email: 0 items
2025-05-22 03:19:57,160 - P17020 - INFO - Candidates complement: 0 items
2025-05-22 03:19:57,160 - P17020 - INFO - Candidates cep: 0 items
2025-05-22 03:19:57,160 - P17020 - INFO - Após processar URL 7 Uso de memória: 131.54 MB
2025-05-22 03:19:57,160 - P17020 - INFO - Processando URL 8/26: https://www.situacaocadastral.info/cnpj/larissa-franca-fontoura-ferreira-servicos-medicos-ltda-37407077000190
2025-05-22 03:20:01,891 - P17020 - INFO - HTML salvo para debug: data\debug_html_v10\3be4ff907fc4d0299b32643ee3085321.html
2025-05-22 03:20:01,925 - P17020 - INFO - Candidates address: 1 items
2025-05-22 03:20:01,925 - P17020 - INFO - Candidates phone: 2 items
2025-05-22 03:20:01,925 - P17020 - INFO - Candidates email: 1 items
2025-05-22 03:20:01,925 - P17020 - INFO - Candidates complement: 0 items
2025-05-22 03:20:01,925 - P17020 - INFO - Candidates cep: 3 items
2025-05-22 03:20:01,926 - P17020 - INFO - Após processar URL 8 Uso de memória: 131.56 MB
2025-05-22 03:20:01,926 - P17020 - INFO - Processando URL 9/26: https://sistemadje.tjmt.jus.br/publicacoes/9956-2017%20C7%20Comarcas%20-%201%C2%AA%202%C2%AA%20e%203%C2%AA%20Entr%C3%A2ncia.pdf
2025-05-22 03:20:01,926 - P17020 - INFO - Ignorando URL de arquivo não-HTML: https://sistemadje.tjmt.jus.br/publicacoes/9956-2017%20C7%20Comarcas%20-%201%C2%AA%202%C2%AA%20e%203%C2%AA%20Entr%C3%A2ncia.pdf
2025-05-22 03:20:01,926 - P17020 - INFO - Após processar URL 9 Uso de memória: 131.56 MB
2025-05-22 03:20:01,926 - P17020 - INFO - Processando URL 10/26: https://imprensaoficial.jundiai.sp.gov.br/wp-content/uploads/2017/12/EDI%C3%87%C3%83O-4337-08-12-2017-ASSINADO-1.pdf
2025-05-22 03:20:01,926 - P17020 - INFO - Ignorando URL de arquivo não-HTML: https://imprensaoficial.jundiai.sp.gov.br/wp-content/uploads/2017/12/EDI%C3%87%C3%83O-4337-08-12-2017-ASSINADO-1.pdf
2025-05-22 03:20:01,927 - P17020 - INFO - Após processar URL 10 Uso de memória: 131.56 MB
2025-05-22 03:20:01,927 - P17020 - INFO - Processando URL 11/26: https://ioepa.com.br/pages/2018/2018.04.17.DOE.pdf
2025-05-22 03:20:01,927 - P17020 - INFO - Ignorando URL de arquivo não-HTML: https://ioepa.com.br/pages/2018/2018.04.17.DOE.pdf
2025-05-22 03:20:01,927 - P17020 - INFO - Após processar URL 11 Uso de memória: 131.56 MB
2025-05-22 03:20:01,927 - P17020 - INFO - Processando URL 12/26: https://www.doctoralia.com.br/larissa-ferreira-8/psiquiatra/sao-jose-do-rio-preto
2025-05-22 03:20:01,927 - P17020 - INFO - Ignorando URL de arquivo não-HTML: https://www.doctoralia.com.br/larissa-ferreira-8/psiquiatra/sao-jose-do-rio-preto
2025-05-22 03:20:01,927 - P17020 - INFO - Após processar URL 12 Uso de memória: 131.56 MB
2025-05-22 03:20:01,927 - P17020 - INFO - Processando URL 13/26: https://www.saobernardo.sp.gov.br/documents/10181/1230203/NM+2265+de+26.11.2021+-+Conteu%CC%81do+Integral.pdf/abb400a5-32a5-46d6-68bf-83186d25c607
2025-05-22 03:20:01,928 - P17020 - INFO - Ignorando URL de arquivo não-HTML: https://www.saobernardo.sp.gov.br/documents/10181/1230203/NM+2265+de+26.11.2021+-+Conteu%CC%81do+Integral.pdf/abb400a5-32a5-46d6-68bf-83186d25c607
2025-05-22 03:20:01,928 - P17020 - INFO - Após processar URL 13 Uso de memória: 131.56 MB
2025-05-22 03:20:01,928 - P17020 - INFO - Processando URL 14/26: https://www.consultascnpj.com/larissa-franca-fontoura-ferreira-servicos-medicos-ltda/37407077000190
2025-05-22 03:20:04,993 - P17020 - INFO - HTML salvo para debug: data\debug_html_v10\3d8dbf6d97405f996c669538765b1c29.html
2025-05-22 03:20:05,005 - P17020 - INFO - Candidates address: 0 items
2025-05-22 03:20:05,006 - P17020 - INFO - Candidates phone: 1 items
2025-05-22 03:20:05,006 - P17020 - INFO - Candidates email: 1 items
2025-05-22 03:20:05,007 - P17020 - INFO - Candidates complement: 0 items
2025-05-22 03:20:05,007 - P17020 - INFO - Candidates cep: 2 items
2025-05-22 03:20:05,007 - P17020 - INFO - Após processar URL 14 Uso de memória: 131.57 MB
2025-05-22 03:20:05,008 - P17020 - INFO - Processando URL 15/26: https://biblioteca.mpf.mp.br/repositorio/bitstreams/edade308-bc26-4db3-b7fe-ecb7b5f7d3e5/download
2025-05-22 03:20:08,651 - P17020 - INFO - HTML salvo para debug: data\debug_html_v10\78218f2272173cb5c6fba338da519009.html
2025-05-22 03:20:08,651 - P17020 - INFO - Candidates address: 0 items
2025-05-22 03:20:08,651 - P17020 - INFO - Candidates phone: 0 items
2025-05-22 03:20:08,651 - P17020 - INFO - Candidates email: 0 items
2025-05-22 03:20:08,652 - P17020 - INFO - Candidates complement: 0 items
2025-05-22 03:20:08,652 - P17020 - INFO - Candidates cep: 0 items
2025-05-22 03:20:08,652 - P17020 - INFO - Após processar URL 15 Uso de memória: 131.57 MB
2025-05-22 03:20:08,652 - P17020 - INFO - Processando URL 16/26: https://web.trf3.jus.br/diario/Consulta/BaixarPdf/18725
2025-05-22 03:20:10,766 - P17020 - INFO - HTML salvo para debug: data\debug_html_v10\cef1be255a807929d6d54342e3071ad2.html
2025-05-22 03:20:10,768 - P17020 - INFO - Candidates address: 0 items
2025-05-22 03:20:10,768 - P17020 - INFO - Candidates phone: 0 items
2025-05-22 03:20:10,769 - P17020 - INFO - Candidates email: 0 items
2025-05-22 03:20:10,769 - P17020 - INFO - Candidates complement: 0 items
2025-05-22 03:20:10,769 - P17020 - INFO - Candidates cep: 0 items
2025-05-22 03:20:10,769 - P17020 - INFO - Após processar URL 16 Uso de memória: 131.57 MB
2025-05-22 03:20:10,769 - P17020 - INFO - Processando URL 17/26: https://www.riopreto.sp.gov.br/wp-content/uploads/arquivosPortalGOV/escala-medica/2023/maio/ESCALA%20DE%20TRABALHO%2005%20-%20CER.pdf
2025-05-22 03:20:10,769 - P17020 - INFO - Ignorando URL de arquivo não-HTML: https://www.riopreto.sp.gov.br/wp-content/uploads/arquivosPortalGOV/escala-medica/2023/maio/ESCALA%20DE%20TRABALHO%2005%20-%20CER.pdf
2025-05-22 03:20:10,770 - P17020 - INFO - Após processar URL 17 Uso de memória: 131.57 MB
2025-05-22 03:20:10,770 - P17020 - INFO - Processando URL 18/26: https://www.pge.rs.gov.br/upload/arquivos/201803/08082037-doe-ultimo-08032018.pdf
2025-05-22 03:20:10,770 - P17020 - INFO - Ignorando URL de arquivo não-HTML: https://www.pge.rs.gov.br/upload/arquivos/201803/08082037-doe-ultimo-08032018.pdf
2025-05-22 03:20:10,770 - P17020 - INFO - Após processar URL 18 Uso de memória: 131.57 MB
2025-05-22 03:20:10,770 - P17020 - INFO - Processando URL 19/26: https://diof.ro.gov.br/data/uploads/2017/12/Doe-08_12_2017.pdf
2025-05-22 03:20:10,771 - P17020 - INFO - Ignorando URL de arquivo não-HTML: https://diof.ro.gov.br/data/uploads/2017/12/Doe-08_12_2017.pdf
2025-05-22 03:20:10,771 - P17020 - INFO - Após processar URL 19 Uso de memória: 131.57 MB
2025-05-22 03:20:10,771 - P17020 - INFO - Processando URL 20/26: https://www.escavador.com/sobre/4196722/larissa-franca-fontoura-ferreira
2025-05-22 03:20:14,811 - P17020 - INFO - HTML salvo para debug: data\debug_html_v10\27645bf31c3dc1062004d064ed6690e1.html
2025-05-22 03:20:14,839 - P17020 - INFO - Candidates address: 0 items
2025-05-22 03:20:14,845 - P17020 - INFO - Candidates phone: 0 items
2025-05-22 03:20:14,846 - P17020 - INFO - Candidates email: 0 items
2025-05-22 03:20:14,849 - P17020 - INFO - Candidates complement: 0 items
2025-05-22 03:20:14,849 - P17020 - INFO - Candidates cep: 0 items
2025-05-22 03:20:14,851 - P17020 - INFO - Após processar URL 20 Uso de memória: 131.59 MB
2025-05-22 03:20:14,851 - P17020 - INFO - Processando URL 21/26: https://doe.to.gov.br/diario/3306/download
2025-05-22 03:20:17,299 - P17020 - INFO - HTML salvo para debug: data\debug_html_v10\e4edb67160b8371cbd22beeb7e33c208.html
2025-05-22 03:20:17,300 - P17020 - INFO - Candidates address: 0 items
2025-05-22 03:20:17,300 - P17020 - INFO - Candidates phone: 0 items
2025-05-22 03:20:17,300 - P17020 - INFO - Candidates email: 0 items
2025-05-22 03:20:17,301 - P17020 - INFO - Candidates complement: 0 items
2025-05-22 03:20:17,301 - P17020 - INFO - Candidates cep: 0 items
2025-05-22 03:20:17,301 - P17020 - INFO - Após processar URL 21 Uso de memória: 131.59 MB
2025-05-22 03:20:17,301 - P17020 - INFO - Processando URL 22/26: https://www.gov.br/mme/pt-br/arquivos/do-13-11-2019-s3.pdf
2025-05-22 03:20:17,301 - P17020 - INFO - Ignorando URL de arquivo não-HTML: https://www.gov.br/mme/pt-br/arquivos/do-13-11-2019-s3.pdf
2025-05-22 03:20:17,301 - P17020 - INFO - Após processar URL 22 Uso de memória: 131.59 MB
2025-05-22 03:20:17,302 - P17020 - INFO - Processando URL 23/26: https://unipampa.edu.br/portal/sites/default/files/documentos/boletim_setembro_2017.pdf
2025-05-22 03:20:17,302 - P17020 - INFO - Ignorando URL de arquivo não-HTML: https://unipampa.edu.br/portal/sites/default/files/documentos/boletim_setembro_2017.pdf
2025-05-22 03:20:17,302 - P17020 - INFO - Após processar URL 23 Uso de memória: 131.59 MB
2025-05-22 03:20:17,302 - P17020 - INFO - Processando URL 24/26: https://www.riopreto.sp.gov.br/wp-content/uploads/arquivosPortalGOV/escala-medica/2023/junho/ESCALA%20DE%20TRABALHO%2006%20-%20CER.pdf
2025-05-22 03:20:17,302 - P17020 - INFO - Ignorando URL de arquivo não-HTML: https://www.riopreto.sp.gov.br/wp-content/uploads/arquivosPortalGOV/escala-medica/2023/junho/ESCALA%20DE%20TRABALHO%2006%20-%20CER.pdf
2025-05-22 03:20:17,303 - P17020 - INFO - Após processar URL 24 Uso de memória: 131.59 MB
2025-05-22 03:20:17,303 - P17020 - INFO - Processando URL 25/26: https://www.ioepa.com.br/pages/2017/2017.11.23.DOE.pdf
2025-05-22 03:20:17,303 - P17020 - INFO - Ignorando URL de arquivo não-HTML: https://www.ioepa.com.br/pages/2017/2017.11.23.DOE.pdf
2025-05-22 03:20:17,303 - P17020 - INFO - Após processar URL 25 Uso de memória: 131.59 MB
2025-05-22 03:20:17,303 - P17020 - INFO - Processando URL 26/26: https://www.econodata.com.br/consulta-empresa/37407077000190-LARISSA-FRANCA-FONTOURA-FERREIRA-SERVICOS-MEDICOS-LTDA
2025-05-22 03:20:21,068 - P17020 - INFO - HTML salvo para debug: data\debug_html_v10\244219b7f0dc40db59e6036d032760da.html
2025-05-22 03:20:21,202 - P17020 - INFO - Candidates address: 26 items
2025-05-22 03:20:21,202 - P17020 - INFO - Candidates phone: 0 items
2025-05-22 03:20:21,202 - P17020 - INFO - Candidates email: 0 items
2025-05-22 03:20:21,203 - P17020 - INFO - Candidates complement: 0 items
2025-05-22 03:20:21,203 - P17020 - INFO - Candidates cep: 1 items
2025-05-22 03:20:21,203 - P17020 - INFO - Após processar URL 26 Uso de memória: 132.87 MB
2025-05-22 03:20:21,203 - P17020 - INFO - Iniciando agregação e ranqueamento
2025-05-22 03:20:21,203 - P17020 - INFO - Ranked address: 38 items
2025-05-22 03:20:21,203 - P17020 - INFO - Ranked phone: 4 items
2025-05-22 03:20:21,204 - P17020 - INFO - Ranked email: 3 items
2025-05-22 03:20:21,204 - P17020 - INFO - Ranked complement: 3 items
2025-05-22 03:20:21,204 - P17020 - INFO - Ranked cep: 5 items
2025-05-22 03:20:21,204 - P17020 - INFO - Após agregação Uso de memória: 132.87 MB
2025-05-22 03:20:21,204 - P17020 - INFO - Validando endereço: ['Rua Castro Alves, 370', 'Rua Vergueiro, 1353', 'Rua Major Sertório, 440']
2025-05-22 03:20:21,205 - P17020 - INFO - Endereço validado: Rua Castro Alves, 370
2025-05-22 03:20:21,205 - P17020 - INFO - Limpando texto extenso para campo address: Rua Castro Alves, 370...
2025-05-22 03:20:21,205 - P17020 - INFO - Texto limpo: Rua Castro Alves, 370
2025-05-22 03:20:21,205 - P17020 - INFO - Validando telefone: ['(16) 8160-9595', '(17) 3305-9030', '(32) 99195-6532']
2025-05-22 03:20:21,205 - P17020 - INFO - Limpando texto extenso para campo phone: (16) 8160-9595...
2025-05-22 03:20:21,205 - P17020 - INFO - Texto limpo: 16) 8160-9595
2025-05-22 03:20:21,205 - P17020 - INFO - Telefone validado: 16) 8160-9595
2025-05-22 03:20:21,206 - P17020 - INFO - Validando email: ['o@medcontabilidade.com.br', 'contato@rissicontabilidade.com.br', 'contato@medcontabilidade.com.br']
2025-05-22 03:20:21,206 - P17020 - INFO - Limpando texto extenso para campo email: o@medcontabilidade.com.br...
2025-05-22 03:20:21,206 - P17020 - INFO - Texto limpo: o@medcontabilidade.com.br
2025-05-22 03:20:21,206 - P17020 - INFO - Email validado: o@medcontabilidade.com.br
2025-05-22 03:20:21,206 - P17020 - INFO - Validando complemento: ['Sala 701 Torre Norte', 'Conjunto 32', 'Sala 701']
2025-05-22 03:20:21,206 - P17020 - INFO - Limpando texto extenso para campo complement: Sala 701 Torre Norte...
2025-05-22 03:20:21,206 - P17020 - INFO - Texto limpo: Sala 701 Torre Norte
2025-05-22 03:20:21,207 - P17020 - INFO - Complemento validado: Sala 701 Torre Norte
2025-05-22 03:20:21,207 - P17020 - INFO - Descobrindo cidade
2025-05-22 03:20:21,207 - P17020 - INFO - Buscando cidade: Rua Castro Alves cidade SP
2025-05-22 03:20:23,951 - P17020 - INFO - Cidade encontrada: São Paulo
2025-05-22 03:20:23,951 - P17020 - INFO - Limpando texto extenso para campo city: São Paulo...
2025-05-22 03:20:23,951 - P17020 - INFO - Texto limpo: São Paulo
2025-05-22 03:20:23,952 - P17020 - INFO - Cidade descoberta: São Paulo
2025-05-22 03:20:23,952 - P17020 - INFO - Buscando CEP com sistema de cascata
2025-05-22 03:20:23,952 - P17020 - INFO - Iniciando busca de CEP em cascata para: Rua Castro Alves, São Paulo, SP
2025-05-22 03:20:23,952 - P17020 - INFO - Método 1: ViaCEP API
2025-05-22 03:20:23,952 - P17020 - INFO - Buscando no ViaCEP: https://viacep.com.br/ws/SP/sao%20paulo/rua%20castro%20alves/json/
2025-05-22 03:20:24,695 - P17020 - INFO - Dados encontrados no ViaCEP: {'cep': '01532-000', 'logradouro': 'Rua Castro Alves', 'complemento': 'lado par', 'unidade': '', 'bairro': 'Aclimação', 'localidade': 'São Paulo', 'uf': 'SP', 'estado': 'São Paulo', 'regiao': 'Sudeste', 'ibge': '3550308', 'gia': '1004', 'ddd': '11', 'siafi': '7107'}
2025-05-22 03:20:24,699 - P17020 - INFO - CEP encontrado via ViaCEP: 01532-000
2025-05-22 03:20:24,700 - P17020 - INFO - Dados de CEP encontrados: {'cep': '01532-000', 'logradouro': 'Rua Castro Alves', 'complemento': 'lado par', 'unidade': '', 'bairro': 'Aclimação', 'localidade': 'São Paulo', 'uf': 'SP', 'estado': 'São Paulo', 'regiao': 'Sudeste', 'ibge': '3550308', 'gia': '1004', 'ddd': '11', 'siafi': '7107'}
2025-05-22 03:20:24,702 - P17020 - INFO - Limpando texto extenso para campo bairro: Aclimação...
2025-05-22 03:20:24,703 - P17020 - INFO - Texto limpo: Aclimação
2025-05-22 03:20:24,703 - P17020 - INFO - Limpando texto extenso para campo city: São Paulo...
2025-05-22 03:20:24,703 - P17020 - INFO - Texto limpo: São Paulo
2025-05-22 03:20:24,704 - P17020 - INFO - Limpando texto extenso para campo state: SP...
2025-05-22 03:20:24,704 - P17020 - INFO - Texto limpo: SP
2025-05-22 03:20:24,704 - P17020 - INFO - Tempo de execução de processamento completo do médico: 51.21 segundos
2025-05-22 03:20:24,705 - P17020 - INFO - Resultado processado: {'Hash': 'b1578cd83186f9af4c8674016c08cc135e3bec0688432472a85dd5e409c1efa7', 'CRM': '172017', 'UF': 'SP', 'Firstname': 'LARISSA', 'LastName': 'FRANCA FONTOURA FERREIRA', 'Medical specialty': '', 'Endereco Completo A1': 'Rua Castro Alves, 370', 'Address A1': 'Rua Castro Alves', 'Numero A1': '370', 'Complement A1': 'Sala 701 Torre Norte', 'Bairro A1': 'Aclimação', 'postal code A1': '01532-000', 'City A1': 'São Paulo', 'State A1': 'SP', 'Phone A1': '16) 8160-9595', 'Phone A2': '', 'Cell phone A1': '', 'Cell phone A2': '', 'E-mail A1': 'o@medcontabilidade.com.br', 'E-mail A2': '', 'OPT-IN': '', 'STATUS': '', 'LOTE': ''}
2025-05-22 03:20:24,706 - P17020 - INFO - Salvando lote de resultados
2025-05-22 03:20:24,707 - P17020 - INFO - Após salvar resultados Uso de memória: 127.59 MB
2025-05-22 03:20:24,708 - P17020 - INFO - Progresso: 45.2%
2025-05-22 03:20:24,708 - P17020 - INFO - Tempo de execução de processamento do médico 3: 51.21 segundos
2025-05-22 03:20:24,711 - P17020 - INFO - Tempo de execução de processamento do lote completo: 175.09 segundos
