2025-05-22 05:12:40,057 - P17320 - INFO - 
==================================================
Processando médico 1/3
2025-05-22 05:12:40,058 - P17320 - INFO - Nome: RENATA MALVEZZI KAWAMATA RODENBECK
2025-05-22 05:12:40,058 - P17320 - INFO - Reiniciando driver do Chrome
2025-05-22 05:12:41,386 - P17320 - INFO - Após reiniciar driver Uso de memória: 129.16 MB
2025-05-22 05:12:41,387 - P17320 - INFO - Início do processamento Uso de memória: 129.16 MB
2025-05-22 05:12:41,387 - P17320 - INFO - Iniciando busca para: RENATA MALVEZZI KAWAMATA RODENBECK CRM 121103 SP telefone e-mail endereço
2025-05-22 05:12:42,201 - P17320 - INFO - SearX results: 12 URLs
2025-05-22 05:12:42,201 - P17320 - INFO - Após SearX Uso de memória: 129.16 MB
2025-05-22 05:12:44,773 - P17320 - INFO - Google results: 1 URLs
2025-05-22 05:12:44,773 - P17320 - INFO - Após Google Uso de memória: 129.16 MB
2025-05-22 05:12:47,474 - P17320 - INFO - Bing results: 10 URLs
2025-05-22 05:12:47,475 - P17320 - INFO - Após Bing Uso de memória: 129.80 MB
2025-05-22 05:12:47,475 - P17320 - INFO - Total de URLs únicas: 14
2025-05-22 05:12:47,475 - P17320 - INFO - Processando URL 1/14: https://www.boaconsulta.com/especialista/renata-malvezzi-kawamata-6106cb61a2e00a617b0015a6
2025-05-22 05:12:50,838 - P17320 - INFO - HTML salvo para debug: data\debug_html_v10\4ddbce4f2524cb7feb207ca854a42cee.html
2025-05-22 05:12:50,900 - P17320 - INFO - Candidates address: 7 items
2025-05-22 05:12:50,901 - P17320 - INFO - Candidates phone: 0 items
2025-05-22 05:12:50,901 - P17320 - INFO - Candidates email: 0 items
2025-05-22 05:12:50,901 - P17320 - INFO - Candidates complement: 0 items
2025-05-22 05:12:50,901 - P17320 - INFO - Candidates cep: 0 items
2025-05-22 05:12:50,901 - P17320 - INFO - Após processar URL 1 Uso de memória: 129.80 MB
2025-05-22 05:12:50,901 - P17320 - INFO - Processando URL 2/14: https://www.classemedica.com.br/medico/282388-renata-malvezzi-kawamata.htm
2025-05-22 05:13:05,128 - P17320 - INFO - HTML salvo para debug: data\debug_html_v10\cdaf35fc6378e1297d61248e16d6b468.html
2025-05-22 05:13:05,162 - P17320 - INFO - Candidates address: 0 items
2025-05-22 05:13:05,165 - P17320 - INFO - Candidates phone: 0 items
2025-05-22 05:13:05,166 - P17320 - INFO - Candidates email: 0 items
2025-05-22 05:13:05,167 - P17320 - INFO - Candidates complement: 0 items
2025-05-22 05:13:05,167 - P17320 - INFO - Candidates cep: 0 items
2025-05-22 05:13:05,168 - P17320 - INFO - Após processar URL 2 Uso de memória: 130.52 MB
2025-05-22 05:13:05,168 - P17320 - INFO - Processando URL 3/14: https://guiadocnpj.com.br/sp/sao-paulo/mega-ton-corretora-de-seguros-ltda/03383019000152
2025-05-22 05:13:10,036 - P17320 - INFO - HTML salvo para debug: data\debug_html_v10\29ede55fe36d4da0aff572afc1776283.html
2025-05-22 05:13:10,059 - P17320 - INFO - Candidates address: 0 items
2025-05-22 05:13:10,060 - P17320 - INFO - Candidates phone: 3 items
2025-05-22 05:13:10,060 - P17320 - INFO - Candidates email: 1 items
2025-05-22 05:13:10,060 - P17320 - INFO - Candidates complement: 0 items
2025-05-22 05:13:10,060 - P17320 - INFO - Candidates cep: 0 items
2025-05-22 05:13:10,060 - P17320 - INFO - Após processar URL 3 Uso de memória: 129.82 MB
2025-05-22 05:13:10,061 - P17320 - INFO - Processando URL 4/14: https://www.solutudo.com.br/empresas/sp/americana/pediatria/dra-glauce-renata-oliveira-leite-crm-121731-228688
2025-05-22 05:13:16,721 - P17320 - INFO - HTML salvo para debug: data\debug_html_v10\e41f83af368a1b0e43856551b867f391.html
2025-05-22 05:13:16,782 - P17320 - INFO - Candidates address: 1 items
2025-05-22 05:13:16,786 - P17320 - INFO - Candidates phone: 2 items
2025-05-22 05:13:16,788 - P17320 - INFO - Candidates email: 0 items
2025-05-22 05:13:16,788 - P17320 - INFO - Candidates complement: 0 items
2025-05-22 05:13:16,788 - P17320 - INFO - Candidates cep: 1 items
2025-05-22 05:13:16,789 - P17320 - INFO - Após processar URL 4 Uso de memória: 129.82 MB
2025-05-22 05:13:16,794 - P17320 - INFO - Processando URL 5/14: https://www.consultascnpj.com/tpg-servicos-medicos-ltda/15308396000106
2025-05-22 05:13:20,007 - P17320 - INFO - HTML salvo para debug: data\debug_html_v10\f92b10e9053ea5d5edcfef6b89afecc6.html
2025-05-22 05:13:20,018 - P17320 - INFO - Candidates address: 0 items
2025-05-22 05:13:20,019 - P17320 - INFO - Candidates phone: 1 items
2025-05-22 05:13:20,019 - P17320 - INFO - Candidates email: 1 items
2025-05-22 05:13:20,019 - P17320 - INFO - Candidates complement: 0 items
2025-05-22 05:13:20,019 - P17320 - INFO - Candidates cep: 2 items
2025-05-22 05:13:20,019 - P17320 - INFO - Após processar URL 5 Uso de memória: 129.82 MB
2025-05-22 05:13:20,020 - P17320 - INFO - Processando URL 6/14: https://www.consultacrm.com.br/index/clinicas/uid-6518db42-f536-11ef-843f-02001700edd4/dra_renata_zanetti
2025-05-22 05:13:25,971 - P17320 - INFO - HTML salvo para debug: data\debug_html_v10\e3e75c6fd635ccca64fe2b31e2384e3c.html
2025-05-22 05:13:25,980 - P17320 - INFO - Candidates address: 1 items
2025-05-22 05:13:25,980 - P17320 - INFO - Candidates phone: 0 items
2025-05-22 05:13:25,980 - P17320 - INFO - Candidates email: 0 items
2025-05-22 05:13:25,980 - P17320 - INFO - Candidates complement: 0 items
2025-05-22 05:13:25,980 - P17320 - INFO - Candidates cep: 1 items
2025-05-22 05:13:25,980 - P17320 - INFO - Após processar URL 6 Uso de memória: 129.82 MB
2025-05-22 05:13:25,981 - P17320 - INFO - Processando URL 7/14: https://www.helpsaude.com/Renata-Malvezzi-Kawamata.SP
2025-05-22 05:13:31,820 - P17320 - INFO - HTML salvo para debug: data\debug_html_v10\23ed96de4e7a258d67e42bea80bac2e4.html
2025-05-22 05:13:31,831 - P17320 - INFO - Candidates address: 0 items
2025-05-22 05:13:31,831 - P17320 - INFO - Candidates phone: 0 items
2025-05-22 05:13:31,831 - P17320 - INFO - Candidates email: 0 items
2025-05-22 05:13:31,832 - P17320 - INFO - Candidates complement: 0 items
2025-05-22 05:13:31,832 - P17320 - INFO - Candidates cep: 0 items
2025-05-22 05:13:31,832 - P17320 - INFO - Após processar URL 7 Uso de memória: 129.82 MB
2025-05-22 05:13:31,832 - P17320 - INFO - Processando URL 8/14: https://cnpj.biz/15308396000106
2025-05-22 05:13:36,330 - P17320 - INFO - HTML salvo para debug: data\debug_html_v10\5a80ab872090032937d2fc71ca9f4047.html
2025-05-22 05:13:36,345 - P17320 - INFO - Candidates address: 2 items
2025-05-22 05:13:36,345 - P17320 - INFO - Candidates phone: 2 items
2025-05-22 05:13:36,345 - P17320 - INFO - Candidates email: 1 items
2025-05-22 05:13:36,345 - P17320 - INFO - Candidates complement: 2 items
2025-05-22 05:13:36,346 - P17320 - INFO - Candidates cep: 2 items
2025-05-22 05:13:36,346 - P17320 - INFO - Após processar URL 8 Uso de memória: 129.82 MB
2025-05-22 05:13:36,346 - P17320 - INFO - Processando URL 9/14: https://www.econodata.com.br/contato/renata-malvezzi-kawamata-rodenbeck-2e7e13688e36d3f0ac8ff02ffcfcbf0b
2025-05-22 05:13:40,788 - P17320 - INFO - HTML salvo para debug: data\debug_html_v10\763952f8ebe8cb3a9bd3fe64de80260f.html
2025-05-22 05:13:40,845 - P17320 - INFO - Candidates address: 0 items
2025-05-22 05:13:40,845 - P17320 - INFO - Candidates phone: 0 items
2025-05-22 05:13:40,845 - P17320 - INFO - Candidates email: 0 items
2025-05-22 05:13:40,845 - P17320 - INFO - Candidates complement: 0 items
2025-05-22 05:13:40,846 - P17320 - INFO - Candidates cep: 0 items
2025-05-22 05:13:40,846 - P17320 - INFO - Após processar URL 9 Uso de memória: 129.82 MB
2025-05-22 05:13:40,846 - P17320 - INFO - Processando URL 10/14: https://guiamedico.cremesp.org.br/
2025-05-22 05:13:43,918 - P17320 - INFO - HTML salvo para debug: data\debug_html_v10\7c54969580769b63edd9abaa952e1fa2.html
2025-05-22 05:13:43,933 - P17320 - INFO - Candidates address: 1 items
2025-05-22 05:13:43,933 - P17320 - INFO - Candidates phone: 1 items
2025-05-22 05:13:43,933 - P17320 - INFO - Candidates email: 0 items
2025-05-22 05:13:43,933 - P17320 - INFO - Candidates complement: 0 items
2025-05-22 05:13:43,934 - P17320 - INFO - Candidates cep: 1 items
2025-05-22 05:13:43,934 - P17320 - INFO - Após processar URL 10 Uso de memória: 129.82 MB
2025-05-22 05:13:43,934 - P17320 - INFO - Processando URL 11/14: https://www.consultecnpj.com/consulta-cnpj/15308396000106-tpg-servicos-medicos-ltda
2025-05-22 05:13:46,878 - P17320 - INFO - HTML salvo para debug: data\debug_html_v10\e2da28a49b40d5529296d3b7a8cdbfbf.html
2025-05-22 05:13:46,888 - P17320 - INFO - Candidates address: 1 items
2025-05-22 05:13:46,888 - P17320 - INFO - Candidates phone: 2 items
2025-05-22 05:13:46,889 - P17320 - INFO - Candidates email: 1 items
2025-05-22 05:13:46,889 - P17320 - INFO - Candidates complement: 2 items
2025-05-22 05:13:46,889 - P17320 - INFO - Candidates cep: 12 items
2025-05-22 05:13:46,889 - P17320 - INFO - Após processar URL 11 Uso de memória: 129.82 MB
2025-05-22 05:13:46,889 - P17320 - INFO - Processando URL 12/14: https://consultacrm.com.br/
2025-05-22 05:13:50,559 - P17320 - INFO - HTML salvo para debug: data\debug_html_v10\65cadeb91ac3713432c21b535990f440.html
2025-05-22 05:13:50,574 - P17320 - INFO - Candidates address: 0 items
2025-05-22 05:13:50,574 - P17320 - INFO - Candidates phone: 0 items
2025-05-22 05:13:50,574 - P17320 - INFO - Candidates email: 0 items
2025-05-22 05:13:50,574 - P17320 - INFO - Candidates complement: 0 items
2025-05-22 05:13:50,575 - P17320 - INFO - Candidates cep: 0 items
2025-05-22 05:13:50,575 - P17320 - INFO - Após processar URL 12 Uso de memória: 130.89 MB
2025-05-22 05:13:50,575 - P17320 - INFO - Processando URL 13/14: https://cliniguia.com/profissionais/renata-malvezzi-kawamata-708409760582569/
2025-05-22 05:13:56,280 - P17320 - INFO - HTML salvo para debug: data\debug_html_v10\0202a59eb7535f0430f188522cafbd1b.html
2025-05-22 05:13:56,324 - P17320 - INFO - Candidates address: 0 items
2025-05-22 05:13:56,325 - P17320 - INFO - Candidates phone: 0 items
2025-05-22 05:13:56,325 - P17320 - INFO - Candidates email: 0 items
2025-05-22 05:13:56,325 - P17320 - INFO - Candidates complement: 0 items
2025-05-22 05:13:56,325 - P17320 - INFO - Candidates cep: 0 items
2025-05-22 05:13:56,325 - P17320 - INFO - Após processar URL 13 Uso de memória: 129.82 MB
2025-05-22 05:13:56,326 - P17320 - INFO - Processando URL 14/14: https://www.medicosbrasil.com/profissional/renata-malvezzi-kawamata
2025-05-22 05:13:59,935 - P17320 - INFO - HTML salvo para debug: data\debug_html_v10\3bd6db80adcdd2094ec60eeabb560c05.html
2025-05-22 05:13:59,956 - P17320 - INFO - Candidates address: 0 items
2025-05-22 05:13:59,957 - P17320 - INFO - Candidates phone: 0 items
2025-05-22 05:13:59,958 - P17320 - INFO - Candidates email: 0 items
2025-05-22 05:13:59,959 - P17320 - INFO - Candidates complement: 0 items
2025-05-22 05:13:59,960 - P17320 - INFO - Candidates cep: 0 items
2025-05-22 05:13:59,963 - P17320 - INFO - Após processar URL 14 Uso de memória: 129.82 MB
2025-05-22 05:13:59,964 - P17320 - INFO - Iniciando agregação e ranqueamento
2025-05-22 05:13:59,965 - P17320 - INFO - Ranked address: 13 items
2025-05-22 05:13:59,965 - P17320 - INFO - Ranked phone: 8 items
2025-05-22 05:13:59,966 - P17320 - INFO - Ranked email: 2 items
2025-05-22 05:13:59,967 - P17320 - INFO - Ranked complement: 4 items
2025-05-22 05:13:59,968 - P17320 - INFO - Ranked cep: 16 items
2025-05-22 05:13:59,969 - P17320 - INFO - Após agregação Uso de memória: 129.82 MB
2025-05-22 05:13:59,969 - P17320 - INFO - Validando endereço: ['Rua Dona Primitiva Vianco, 244', 'Rua Presidente Castelo Branco, 45', 'Rua General Bitencourt, 196']
2025-05-22 05:13:59,969 - P17320 - INFO - Endereço validado: Rua Dona Primitiva Vianco, 244
2025-05-22 05:13:59,970 - P17320 - INFO - Limpando texto extenso para campo address: Rua Dona Primitiva Vianco, 244...
2025-05-22 05:13:59,970 - P17320 - INFO - Texto limpo: Rua Dona Primitiva Vianco, 244
2025-05-22 05:13:59,970 - P17320 - INFO - Validando telefone: ['(11) 4438-9063', '(11) 4438-2811', '(01) 14506-9200']
2025-05-22 05:13:59,970 - P17320 - INFO - Limpando texto extenso para campo phone: (11) 4438-9063...
2025-05-22 05:13:59,970 - P17320 - INFO - Texto limpo: 11) 4438-9063
2025-05-22 05:13:59,971 - P17320 - INFO - Telefone validado: 11) 4438-9063
2025-05-22 05:13:59,971 - P17320 - INFO - Validando email: ['jrsitta@uol.com.br', 'contato@guiadocnpj.com.br']
2025-05-22 05:13:59,971 - P17320 - INFO - Limpando texto extenso para campo email: jrsitta@uol.com.br...
2025-05-22 05:13:59,971 - P17320 - INFO - Texto limpo: jrsitta@uol.com.br
2025-05-22 05:13:59,971 - P17320 - INFO - Email validado: jrsitta@uol.com.br
2025-05-22 05:13:59,972 - P17320 - INFO - Validando complemento: ['Apt: 152;  Clique para copiar    Bairro:  Vila Firmia', 'Apt: 152;  Vila Firmiano Pinto  São Paulo SP  04125-1', 'Apt: 152; Bairro:  Vila Firmiano Pinto Cidade:   7107']
2025-05-22 05:13:59,972 - P17320 - INFO - Limpando texto extenso para campo complement: Apt: 152;  Clique para copiar    Bairro:  Vila Fir...
2025-05-22 05:13:59,973 - P17320 - INFO - Texto limpo: Apt: 152; Clique para copiar
2025-05-22 05:13:59,973 - P17320 - INFO - Complemento validado: Apt: 152; Clique para copiar
2025-05-22 05:13:59,973 - P17320 - INFO - Descobrindo cidade
2025-05-22 05:13:59,974 - P17320 - INFO - Buscando cidade: Rua Dona Primitiva Vianco cidade SP
2025-05-22 05:14:02,228 - P17320 - WARNING - Cidade não encontrada
2025-05-22 05:14:02,228 - P17320 - INFO - Cidade descoberta: 
2025-05-22 05:14:02,229 - P17320 - INFO - Tempo de execução de processamento completo do médico: 80.84 segundos
2025-05-22 05:14:02,229 - P17320 - INFO - Resultado processado: {'Hash': 'd51a14256724341f94995284af57da29c1eb9caf846e0e28118f17dfd60b2fc6', 'CRM': '121103', 'UF': 'SP', 'Firstname': 'RENATA', 'LastName': 'MALVEZZI KAWAMATA RODENBECK', 'Medical specialty': '', 'Endereco Completo A1': 'Rua Dona Primitiva Vianco, 244', 'Address A1': 'Rua Dona Primitiva Vianco', 'Numero A1': '244', 'Complement A1': 'Apt: 152; Clique para copiar', 'Bairro A1': '', 'postal code A1': '', 'City A1': '', 'State A1': '', 'Phone A1': '11) 4438-9063', 'Phone A2': '', 'Cell phone A1': '', 'Cell phone A2': '', 'E-mail A1': 'jrsitta@uol.com.br', 'E-mail A2': '', 'OPT-IN': '', 'STATUS': '', 'LOTE': ''}
2025-05-22 05:14:02,230 - P17320 - INFO - Progresso: 85.2%
2025-05-22 05:14:02,230 - P17320 - INFO - Executando coleta de lixo
2025-05-22 05:14:02,257 - P17320 - INFO - Após coleta de lixo Uso de memória: 129.82 MB
2025-05-22 05:14:02,258 - P17320 - INFO - Tempo de execução de processamento do médico 1: 82.20 segundos
2025-05-22 05:14:02,258 - P17320 - INFO - 
==================================================
Processando médico 2/3
2025-05-22 05:14:02,258 - P17320 - INFO - Nome: TANIA MARA DA SILVA GOMES
2025-05-22 05:14:02,258 - P17320 - INFO - Início do processamento Uso de memória: 129.82 MB
2025-05-22 05:14:02,259 - P17320 - INFO - Iniciando busca para: TANIA MARA DA SILVA GOMES CRM 121602 SP telefone e-mail endereço
2025-05-22 05:14:03,108 - P17320 - INFO - SearX results: 13 URLs
2025-05-22 05:14:03,109 - P17320 - INFO - Após SearX Uso de memória: 129.82 MB
2025-05-22 05:14:06,631 - P17320 - INFO - Google results: 8 URLs
2025-05-22 05:14:06,631 - P17320 - INFO - Após Google Uso de memória: 131.96 MB
2025-05-22 05:14:09,090 - P17320 - INFO - Bing results: 9 URLs
2025-05-22 05:14:09,090 - P17320 - INFO - Após Bing Uso de memória: 131.96 MB
2025-05-22 05:14:09,090 - P17320 - INFO - Total de URLs únicas: 16
2025-05-22 05:14:09,090 - P17320 - INFO - Processando URL 1/16: https://www.consultacrm.com.br/index/medicos/uid-82e60e37-f5c5-11ec-9e74-0a4aa568c625/tania_mara_da_silva_gomes
2025-05-22 05:14:12,738 - P17320 - INFO - HTML salvo para debug: data\debug_html_v10\1349db8bf0c56b92afd5345057284ce6.html
2025-05-22 05:14:12,748 - P17320 - INFO - Candidates address: 0 items
2025-05-22 05:14:12,749 - P17320 - INFO - Candidates phone: 0 items
2025-05-22 05:14:12,749 - P17320 - INFO - Candidates email: 0 items
2025-05-22 05:14:12,749 - P17320 - INFO - Candidates complement: 0 items
2025-05-22 05:14:12,750 - P17320 - INFO - Candidates cep: 0 items
2025-05-22 05:14:12,750 - P17320 - INFO - Após processar URL 1 Uso de memória: 131.97 MB
2025-05-22 05:14:12,750 - P17320 - INFO - Processando URL 2/16: https://ioepa.com.br/pages/2019/2019.01.16.DOE.pdf
2025-05-22 05:14:12,750 - P17320 - INFO - Ignorando URL de arquivo não-HTML: https://ioepa.com.br/pages/2019/2019.01.16.DOE.pdf
2025-05-22 05:14:12,751 - P17320 - INFO - Após processar URL 2 Uso de memória: 131.97 MB
2025-05-22 05:14:12,751 - P17320 - INFO - Processando URL 3/16: https://www.boaconsulta.com/especialista/tania-mara-da-silva-gomes-6106d555a2e00a653a006220
2025-05-22 05:14:15,679 - P17320 - INFO - HTML salvo para debug: data\debug_html_v10\821fa5eb035c71dfe7c598d9c261c753.html
2025-05-22 05:14:15,743 - P17320 - INFO - Candidates address: 3 items
2025-05-22 05:14:15,743 - P17320 - INFO - Candidates phone: 0 items
2025-05-22 05:14:15,743 - P17320 - INFO - Candidates email: 0 items
2025-05-22 05:14:15,744 - P17320 - INFO - Candidates complement: 0 items
2025-05-22 05:14:15,744 - P17320 - INFO - Candidates cep: 0 items
2025-05-22 05:14:15,744 - P17320 - INFO - Após processar URL 3 Uso de memória: 131.97 MB
2025-05-22 05:14:15,744 - P17320 - INFO - Processando URL 4/16: https://intermedici.com.br/guia-medico/gcom/busca/planos/medico/tania-mara-da-silva-gomes
2025-05-22 05:14:19,611 - P17320 - INFO - HTML salvo para debug: data\debug_html_v10\037e78c80b9cec82d7c948e9c1f0ab6b.html
2025-05-22 05:14:19,624 - P17320 - INFO - Candidates address: 0 items
2025-05-22 05:14:19,625 - P17320 - INFO - Candidates phone: 0 items
2025-05-22 05:14:19,625 - P17320 - INFO - Candidates email: 0 items
2025-05-22 05:14:19,625 - P17320 - INFO - Candidates complement: 0 items
2025-05-22 05:14:19,625 - P17320 - INFO - Candidates cep: 32 items
2025-05-22 05:14:19,625 - P17320 - INFO - Após processar URL 4 Uso de memória: 131.98 MB
2025-05-22 05:14:19,625 - P17320 - INFO - Processando URL 5/16: https://sistemadje.tjmt.jus.br/publicacoes/8525-2011.pdf
2025-05-22 05:14:19,626 - P17320 - INFO - Ignorando URL de arquivo não-HTML: https://sistemadje.tjmt.jus.br/publicacoes/8525-2011.pdf
2025-05-22 05:14:19,626 - P17320 - INFO - Após processar URL 5 Uso de memória: 131.98 MB
2025-05-22 05:14:19,626 - P17320 - INFO - Processando URL 6/16: https://cliniguia.com/profissionais/tania-mara-da-silva-gomes-980016280464216/
2025-05-22 05:14:24,200 - P17320 - INFO - HTML salvo para debug: data\debug_html_v10\f11da5edeec8945108b7505d6d277d8e.html
2025-05-22 05:14:24,247 - P17320 - INFO - Candidates address: 0 items
2025-05-22 05:14:24,247 - P17320 - INFO - Candidates phone: 0 items
2025-05-22 05:14:24,248 - P17320 - INFO - Candidates email: 0 items
2025-05-22 05:14:24,248 - P17320 - INFO - Candidates complement: 0 items
2025-05-22 05:14:24,248 - P17320 - INFO - Candidates cep: 0 items
2025-05-22 05:14:24,248 - P17320 - INFO - Após processar URL 6 Uso de memória: 131.98 MB
2025-05-22 05:14:24,249 - P17320 - INFO - Processando URL 7/16: https://www.doctoralia.com.br/ortopedista-traumatologista/piracicaba/centro58?page=2
2025-05-22 05:14:24,249 - P17320 - INFO - Ignorando URL de arquivo não-HTML: https://www.doctoralia.com.br/ortopedista-traumatologista/piracicaba/centro58?page=2
2025-05-22 05:14:24,249 - P17320 - INFO - Após processar URL 7 Uso de memória: 131.98 MB
2025-05-22 05:14:24,249 - P17320 - INFO - Processando URL 8/16: https://www.classemedica.com.br/medico/320205-tania-mara-da-silva-gomes.htm
2025-05-22 05:14:29,612 - P17320 - INFO - HTML salvo para debug: data\debug_html_v10\ef28fc735af747422fb53dbd18531bc9.html
2025-05-22 05:14:29,648 - P17320 - INFO - Candidates address: 0 items
2025-05-22 05:14:29,649 - P17320 - INFO - Candidates phone: 0 items
2025-05-22 05:14:29,649 - P17320 - INFO - Candidates email: 0 items
2025-05-22 05:14:29,649 - P17320 - INFO - Candidates complement: 0 items
2025-05-22 05:14:29,649 - P17320 - INFO - Candidates cep: 0 items
2025-05-22 05:14:29,649 - P17320 - INFO - Após processar URL 8 Uso de memória: 131.98 MB
2025-05-22 05:14:29,649 - P17320 - INFO - Processando URL 9/16: https://guiamedico.cremesp.org.br/
2025-05-22 05:14:32,516 - P17320 - INFO - HTML salvo para debug: data\debug_html_v10\7c54969580769b63edd9abaa952e1fa2.html
2025-05-22 05:14:32,522 - P17320 - INFO - Candidates address: 1 items
2025-05-22 05:14:32,523 - P17320 - INFO - Candidates phone: 1 items
2025-05-22 05:14:32,523 - P17320 - INFO - Candidates email: 0 items
2025-05-22 05:14:32,523 - P17320 - INFO - Candidates complement: 0 items
2025-05-22 05:14:32,524 - P17320 - INFO - Candidates cep: 1 items
2025-05-22 05:14:32,524 - P17320 - INFO - Após processar URL 9 Uso de memória: 131.98 MB
2025-05-22 05:14:32,524 - P17320 - INFO - Processando URL 10/16: https://www.benditoguia.com.br/empresa/cirurgia-da-mao-piracicaba-dr-neilor-rabelo-e-dra-tania-mara-gomes-cidade-alta-piracicaba-sp
2025-05-22 05:14:36,616 - P17320 - INFO - HTML salvo para debug: data\debug_html_v10\f8b1ce4491d763b09ae66d1f7051ff06.html
2025-05-22 05:14:36,638 - P17320 - INFO - Candidates address: 1 items
2025-05-22 05:14:36,638 - P17320 - INFO - Candidates phone: 1 items
2025-05-22 05:14:36,639 - P17320 - INFO - Candidates email: 0 items
2025-05-22 05:14:36,640 - P17320 - INFO - Candidates complement: 1 items
2025-05-22 05:14:36,643 - P17320 - INFO - Candidates cep: 1 items
2025-05-22 05:14:36,649 - P17320 - INFO - Após processar URL 10 Uso de memória: 131.98 MB
2025-05-22 05:14:36,650 - P17320 - INFO - Processando URL 11/16: https://www.passeidireto.com/arquivo/118936373/inclusoes-exclusoes-setembro-rib
2025-05-22 05:14:40,365 - P17320 - INFO - HTML salvo para debug: data\debug_html_v10\18644cccdd3f4e58b3eda87ac3b045ff.html
2025-05-22 05:14:40,544 - P17320 - INFO - Candidates address: 39 items
2025-05-22 05:14:40,544 - P17320 - INFO - Candidates phone: 128 items
2025-05-22 05:14:40,544 - P17320 - INFO - Candidates email: 799 items
2025-05-22 05:14:40,545 - P17320 - INFO - Candidates complement: 4 items
2025-05-22 05:14:40,545 - P17320 - INFO - Candidates cep: 1593 items
2025-05-22 05:14:40,545 - P17320 - INFO - Após processar URL 11 Uso de memória: 142.73 MB
2025-05-22 05:14:40,545 - P17320 - INFO - Processando URL 12/16: https://www.santacasadepiracicaba.com.br/corpo-clinico.php
2025-05-22 05:14:43,351 - P17320 - INFO - HTML salvo para debug: data\debug_html_v10\eb79367b42694f38a3620b58737f19ee.html
2025-05-22 05:14:43,479 - P17320 - INFO - Candidates address: 0 items
2025-05-22 05:14:43,480 - P17320 - INFO - Candidates phone: 1 items
2025-05-22 05:14:43,480 - P17320 - INFO - Candidates email: 0 items
2025-05-22 05:14:43,480 - P17320 - INFO - Candidates complement: 0 items
2025-05-22 05:14:43,480 - P17320 - INFO - Candidates cep: 1 items
2025-05-22 05:14:43,480 - P17320 - INFO - Após processar URL 12 Uso de memória: 136.05 MB
2025-05-22 05:14:43,481 - P17320 - INFO - Processando URL 13/16: https://sistemadje.tjmt.jus.br/publicacoes/8487-2011.pdf
2025-05-22 05:14:43,481 - P17320 - INFO - Ignorando URL de arquivo não-HTML: https://sistemadje.tjmt.jus.br/publicacoes/8487-2011.pdf
2025-05-22 05:14:43,481 - P17320 - INFO - Após processar URL 13 Uso de memória: 136.05 MB
2025-05-22 05:14:43,481 - P17320 - INFO - Processando URL 14/16: https://www.solutudo.com.br/empresas/sp/piracicaba/cirurgia-da-mao/dra-tania-mara-da-silva-gomes-21802124
2025-05-22 05:14:47,344 - P17320 - INFO - HTML salvo para debug: data\debug_html_v10\f80b98fc4a70bdf3ad95e86f0928fcd5.html
2025-05-22 05:14:47,382 - P17320 - INFO - Candidates address: 1 items
2025-05-22 05:14:47,382 - P17320 - INFO - Candidates phone: 1 items
2025-05-22 05:14:47,382 - P17320 - INFO - Candidates email: 0 items
2025-05-22 05:14:47,383 - P17320 - INFO - Candidates complement: 2 items
2025-05-22 05:14:47,383 - P17320 - INFO - Candidates cep: 1 items
2025-05-22 05:14:47,383 - P17320 - INFO - Após processar URL 14 Uso de memória: 136.05 MB
2025-05-22 05:14:47,383 - P17320 - INFO - Processando URL 15/16: https://www.doctoralia.com.br/tania-mara-da-silva-gomes-2/cirurgiao-da-mao-ortopedista-traumatologista/piracicaba
2025-05-22 05:14:47,383 - P17320 - INFO - Ignorando URL de arquivo não-HTML: https://www.doctoralia.com.br/tania-mara-da-silva-gomes-2/cirurgiao-da-mao-ortopedista-traumatologista/piracicaba
2025-05-22 05:14:47,383 - P17320 - INFO - Após processar URL 15 Uso de memória: 136.05 MB
2025-05-22 05:14:47,383 - P17320 - INFO - Processando URL 16/16: https://clinica.work/especialista/tania-mara-da-silva-gomes-cirurgiao-da-mao-piracicaba-sp
2025-05-22 05:14:51,302 - P17320 - INFO - HTML salvo para debug: data\debug_html_v10\650146f6932c04ba57357899b03265d1.html
2025-05-22 05:14:51,320 - P17320 - INFO - Candidates address: 0 items
2025-05-22 05:14:51,321 - P17320 - INFO - Candidates phone: 0 items
2025-05-22 05:14:51,321 - P17320 - INFO - Candidates email: 0 items
2025-05-22 05:14:51,321 - P17320 - INFO - Candidates complement: 0 items
2025-05-22 05:14:51,321 - P17320 - INFO - Candidates cep: 2 items
2025-05-22 05:14:51,322 - P17320 - INFO - Após processar URL 16 Uso de memória: 137.09 MB
2025-05-22 05:14:51,322 - P17320 - INFO - Iniciando agregação e ranqueamento
2025-05-22 05:14:51,322 - P17320 - INFO - Ranked address: 45 items
2025-05-22 05:14:51,322 - P17320 - INFO - Ranked phone: 131 items
2025-05-22 05:14:51,323 - P17320 - INFO - Ranked email: 799 items
2025-05-22 05:14:51,323 - P17320 - INFO - Ranked complement: 7 items
2025-05-22 05:14:51,323 - P17320 - INFO - Ranked cep: 1627 items
2025-05-22 05:14:51,324 - P17320 - INFO - Após agregação Uso de memória: 137.09 MB
2025-05-22 05:14:51,324 - P17320 - INFO - Validando endereço: ['Avenida Independencia, 953', 'Avenida Independencia, 950', 'Avenida Barao De Valenca, 716']
2025-05-22 05:14:51,325 - P17320 - INFO - Endereço validado: Avenida Independencia, 953
2025-05-22 05:14:51,325 - P17320 - INFO - Limpando texto extenso para campo address: Avenida Independencia, 953...
2025-05-22 05:14:51,326 - P17320 - INFO - Texto limpo: Avenida Independencia, 953
2025-05-22 05:14:51,326 - P17320 - INFO - Validando telefone: ['(19) 3417-5000', '(11) 4349-9900', '+55 19 3422-0252']
2025-05-22 05:14:51,326 - P17320 - INFO - Limpando texto extenso para campo phone: (19) 3417-5000...
2025-05-22 05:14:51,326 - P17320 - INFO - Texto limpo: 19) 3417-5000
2025-05-22 05:14:51,327 - P17320 - INFO - Telefone validado: 19) 3417-5000
2025-05-22 05:14:51,328 - P17320 - INFO - Validando email: ['jonas.machado50@gmail.com', 'arthuraugustovillela@hotmail.com', 'adalbertolandgraf@gmail.com']
2025-05-22 05:14:51,329 - P17320 - INFO - Limpando texto extenso para campo email: jonas.machado50@gmail.com...
2025-05-22 05:14:51,330 - P17320 - INFO - Texto limpo: jonas.machado50@gmail.com
2025-05-22 05:14:51,331 - P17320 - INFO - Email validado: jonas.machado50@gmail.com
2025-05-22 05:14:51,332 - P17320 - INFO - Validando complemento: ['Sala 404 - Cidade Alta', 'Sala 13\tCENTRO\t14400490\tFRANCA\tSão Paulo\tINTUITIVO\tEMO', 'Sala 1\tCentro\t13631066\tPIRASSUNUNGA\tSão Paulo\t\t\t\tSim\t4']
2025-05-22 05:14:51,332 - P17320 - INFO - Limpando texto extenso para campo complement: Sala 404 - Cidade Alta...
2025-05-22 05:14:51,332 - P17320 - INFO - Texto limpo: Sala 404 - Cidade Alta
2025-05-22 05:14:51,333 - P17320 - INFO - Complemento validado: Sala 404 - Cidade Alta
2025-05-22 05:14:51,333 - P17320 - INFO - Descobrindo cidade
2025-05-22 05:14:51,333 - P17320 - INFO - Buscando cidade: Avenida Independencia cidade SP
2025-05-22 05:14:53,981 - P17320 - WARNING - Cidade não encontrada
2025-05-22 05:14:53,983 - P17320 - INFO - Cidade descoberta: 
2025-05-22 05:14:53,984 - P17320 - INFO - Tempo de execução de processamento completo do médico: 51.73 segundos
2025-05-22 05:14:53,985 - P17320 - INFO - Resultado processado: {'Hash': '709de3525eb886e339dae70d48dd193d7add7c5bd0a821caae605fc7a0c104e2', 'CRM': '121602', 'UF': 'SP', 'Firstname': 'TANIA', 'LastName': 'MARA DA SILVA GOMES', 'Medical specialty': '', 'Endereco Completo A1': 'Avenida Independencia, 953', 'Address A1': 'Avenida Independencia', 'Numero A1': '953', 'Complement A1': 'Sala 404 - Cidade Alta', 'Bairro A1': '', 'postal code A1': '', 'City A1': '', 'State A1': '', 'Phone A1': '19) 3417-5000', 'Phone A2': '', 'Cell phone A1': '', 'Cell phone A2': '', 'E-mail A1': 'jonas.machado50@gmail.com', 'E-mail A2': '', 'OPT-IN': '', 'STATUS': '', 'LOTE': ''}
2025-05-22 05:14:53,986 - P17320 - INFO - Progresso: 85.4%
2025-05-22 05:14:53,986 - P17320 - INFO - Tempo de execução de processamento do médico 2: 51.73 segundos
2025-05-22 05:14:53,986 - P17320 - INFO - 
==================================================
Processando médico 3/3
2025-05-22 05:14:53,987 - P17320 - INFO - Nome: ADILEIA VICENTE MENOLI
2025-05-22 05:14:53,987 - P17320 - INFO - Início do processamento Uso de memória: 133.91 MB
2025-05-22 05:14:53,987 - P17320 - INFO - Iniciando busca para: ADILEIA VICENTE MENOLI CRM 122666 SP telefone e-mail endereço
2025-05-22 05:14:54,886 - P17320 - INFO - SearX results: 10 URLs
2025-05-22 05:14:54,888 - P17320 - INFO - Após SearX Uso de memória: 133.91 MB
2025-05-22 05:14:57,455 - P17320 - INFO - Google results: 0 URLs
2025-05-22 05:14:57,456 - P17320 - INFO - Após Google Uso de memória: 133.91 MB
2025-05-22 05:15:00,113 - P17320 - INFO - Bing results: 10 URLs
2025-05-22 05:15:00,113 - P17320 - INFO - Após Bing Uso de memória: 133.91 MB
2025-05-22 05:15:00,113 - P17320 - INFO - Total de URLs únicas: 10
2025-05-22 05:15:00,114 - P17320 - INFO - Processando URL 1/10: https://www.catalogo.med.br/doutor/adileia-vicente-menoli-1511582.htm
2025-05-22 05:15:02,283 - P17320 - INFO - HTML salvo para debug: data\debug_html_v10\2438899b24b360c69241d9fc64b8750f.html
2025-05-22 05:15:02,284 - P17320 - INFO - Candidates address: 0 items
2025-05-22 05:15:02,284 - P17320 - INFO - Candidates phone: 0 items
2025-05-22 05:15:02,284 - P17320 - INFO - Candidates email: 1 items
2025-05-22 05:15:02,285 - P17320 - INFO - Candidates complement: 0 items
2025-05-22 05:15:02,285 - P17320 - INFO - Candidates cep: 0 items
2025-05-22 05:15:02,285 - P17320 - INFO - Após processar URL 1 Uso de memória: 133.91 MB
2025-05-22 05:15:02,285 - P17320 - INFO - Processando URL 2/10: https://www.consultacrm.com.br/index/medicos/uid-93a64ee7-f5c5-11ec-9e74-0a4aa568c625/adileia_vicente_menoli
2025-05-22 05:15:06,182 - P17320 - INFO - HTML salvo para debug: data\debug_html_v10\f145a59a571f9dd274d77ed268177453.html
2025-05-22 05:15:06,190 - P17320 - INFO - Candidates address: 0 items
2025-05-22 05:15:06,190 - P17320 - INFO - Candidates phone: 0 items
2025-05-22 05:15:06,191 - P17320 - INFO - Candidates email: 0 items
2025-05-22 05:15:06,191 - P17320 - INFO - Candidates complement: 0 items
2025-05-22 05:15:06,191 - P17320 - INFO - Candidates cep: 0 items
2025-05-22 05:15:06,191 - P17320 - INFO - Após processar URL 2 Uso de memória: 133.91 MB
2025-05-22 05:15:06,191 - P17320 - INFO - Processando URL 3/10: http://cremesp.org.br/
2025-05-22 05:15:11,780 - P17320 - INFO - HTML salvo para debug: data\debug_html_v10\2a967318246f9658edeb1e0469c871fe.html
2025-05-22 05:15:11,811 - P17320 - INFO - Candidates address: 1 items
2025-05-22 05:15:11,811 - P17320 - INFO - Candidates phone: 1 items
2025-05-22 05:15:11,811 - P17320 - INFO - Candidates email: 0 items
2025-05-22 05:15:11,811 - P17320 - INFO - Candidates complement: 0 items
2025-05-22 05:15:11,812 - P17320 - INFO - Candidates cep: 2 items
2025-05-22 05:15:11,812 - P17320 - INFO - Após processar URL 3 Uso de memória: 133.91 MB
2025-05-22 05:15:11,812 - P17320 - INFO - Processando URL 4/10: https://www.helpsaude.com/Adileia-Vicente-Menolli.PR/
2025-05-22 05:15:16,361 - P17320 - INFO - HTML salvo para debug: data\debug_html_v10\018b1eb16006f988e36b95aa71460f47.html
2025-05-22 05:15:16,377 - P17320 - INFO - Candidates address: 0 items
2025-05-22 05:15:16,378 - P17320 - INFO - Candidates phone: 0 items
2025-05-22 05:15:16,378 - P17320 - INFO - Candidates email: 0 items
2025-05-22 05:15:16,378 - P17320 - INFO - Candidates complement: 0 items
2025-05-22 05:15:16,378 - P17320 - INFO - Candidates cep: 0 items
2025-05-22 05:15:16,378 - P17320 - INFO - Após processar URL 4 Uso de memória: 133.91 MB
2025-05-22 05:15:16,378 - P17320 - INFO - Processando URL 5/10: https://guiamedico.cremesp.org.br/
2025-05-22 05:15:18,992 - P17320 - INFO - HTML salvo para debug: data\debug_html_v10\7c54969580769b63edd9abaa952e1fa2.html
2025-05-22 05:15:18,998 - P17320 - INFO - Candidates address: 1 items
2025-05-22 05:15:18,999 - P17320 - INFO - Candidates phone: 1 items
2025-05-22 05:15:18,999 - P17320 - INFO - Candidates email: 0 items
2025-05-22 05:15:18,999 - P17320 - INFO - Candidates complement: 0 items
2025-05-22 05:15:18,999 - P17320 - INFO - Candidates cep: 1 items
2025-05-22 05:15:18,999 - P17320 - INFO - Após processar URL 5 Uso de memória: 133.91 MB
2025-05-22 05:15:19,000 - P17320 - INFO - Processando URL 6/10: https://www.classemedica.com.br/medico/1993-adileia-vicente-menoli.htm
2025-05-22 05:15:25,664 - P17320 - INFO - HTML salvo para debug: data\debug_html_v10\535319e4926ada3d0fd7f8ff5b4e0f44.html
2025-05-22 05:15:25,692 - P17320 - INFO - Candidates address: 0 items
2025-05-22 05:15:25,693 - P17320 - INFO - Candidates phone: 0 items
2025-05-22 05:15:25,693 - P17320 - INFO - Candidates email: 0 items
2025-05-22 05:15:25,693 - P17320 - INFO - Candidates complement: 0 items
2025-05-22 05:15:25,693 - P17320 - INFO - Candidates cep: 0 items
2025-05-22 05:15:25,693 - P17320 - INFO - Após processar URL 6 Uso de memória: 133.91 MB
2025-05-22 05:15:25,694 - P17320 - INFO - Processando URL 7/10: https://www.doctoralia.com.br/adileia-vicente-menoli/generalista/rolandia
2025-05-22 05:15:25,694 - P17320 - INFO - Ignorando URL de arquivo não-HTML: https://www.doctoralia.com.br/adileia-vicente-menoli/generalista/rolandia
2025-05-22 05:15:25,694 - P17320 - INFO - Após processar URL 7 Uso de memória: 133.91 MB
2025-05-22 05:15:25,694 - P17320 - INFO - Processando URL 8/10: https://consultacrm.com.br/
2025-05-22 05:15:28,985 - P17320 - INFO - HTML salvo para debug: data\debug_html_v10\65cadeb91ac3713432c21b535990f440.html
2025-05-22 05:15:28,999 - P17320 - INFO - Candidates address: 0 items
2025-05-22 05:15:28,999 - P17320 - INFO - Candidates phone: 0 items
2025-05-22 05:15:29,000 - P17320 - INFO - Candidates email: 0 items
2025-05-22 05:15:29,000 - P17320 - INFO - Candidates complement: 0 items
2025-05-22 05:15:29,001 - P17320 - INFO - Candidates cep: 0 items
2025-05-22 05:15:29,001 - P17320 - INFO - Após processar URL 8 Uso de memória: 133.91 MB
2025-05-22 05:15:29,001 - P17320 - INFO - Processando URL 9/10: https://transparencia.cremesp.org.br/?siteAcao=guia_medico
2025-05-22 05:15:46,441 - P17320 - INFO - HTML salvo para debug: data\debug_html_v10\cb80cc007a72cc7a378681a92a58906a.html
2025-05-22 05:15:46,497 - P17320 - INFO - Candidates address: 1 items
2025-05-22 05:15:46,499 - P17320 - INFO - Candidates phone: 0 items
2025-05-22 05:15:46,499 - P17320 - INFO - Candidates email: 0 items
2025-05-22 05:15:46,499 - P17320 - INFO - Candidates complement: 0 items
2025-05-22 05:15:46,499 - P17320 - INFO - Candidates cep: 1 items
2025-05-22 05:15:46,500 - P17320 - INFO - Após processar URL 9 Uso de memória: 133.91 MB
2025-05-22 05:15:46,500 - P17320 - INFO - Processando URL 10/10: https://www.escavador.com/sobre/923804/adileia-vicente-menoli
2025-05-22 05:15:50,522 - P17320 - INFO - HTML salvo para debug: data\debug_html_v10\0d2ec52acf6e1d559cff3b5b88f1c7d5.html
2025-05-22 05:15:50,550 - P17320 - INFO - Candidates address: 0 items
2025-05-22 05:15:50,551 - P17320 - INFO - Candidates phone: 0 items
2025-05-22 05:15:50,552 - P17320 - INFO - Candidates email: 0 items
2025-05-22 05:15:50,555 - P17320 - INFO - Candidates complement: 0 items
2025-05-22 05:15:50,556 - P17320 - INFO - Candidates cep: 0 items
2025-05-22 05:15:50,557 - P17320 - INFO - Após processar URL 10 Uso de memória: 133.91 MB
2025-05-22 05:15:50,557 - P17320 - INFO - Iniciando agregação e ranqueamento
2025-05-22 05:15:50,558 - P17320 - INFO - Ranked address: 1 items
2025-05-22 05:15:50,558 - P17320 - INFO - Ranked phone: 1 items
2025-05-22 05:15:50,558 - P17320 - INFO - Ranked email: 1 items
2025-05-22 05:15:50,559 - P17320 - INFO - Ranked complement: 0 items
2025-05-22 05:15:50,559 - P17320 - INFO - Ranked cep: 2 items
2025-05-22 05:15:50,559 - P17320 - INFO - Após agregação Uso de memória: 133.91 MB
2025-05-22 05:15:50,560 - P17320 - INFO - Validando endereço: ['Rua Frei Caneca, 1282']
2025-05-22 05:15:50,560 - P17320 - INFO - Endereço validado: Rua Frei Caneca, 1282
2025-05-22 05:15:50,561 - P17320 - INFO - Limpando texto extenso para campo address: Rua Frei Caneca, 1282...
2025-05-22 05:15:50,562 - P17320 - INFO - Texto limpo: Rua Frei Caneca, 1282
2025-05-22 05:15:50,562 - P17320 - INFO - Validando telefone: ['(11) 4349-9900']
2025-05-22 05:15:50,563 - P17320 - INFO - Limpando texto extenso para campo phone: (11) 4349-9900...
2025-05-22 05:15:50,563 - P17320 - INFO - Texto limpo: 11) 4349-9900
2025-05-22 05:15:50,564 - P17320 - INFO - Telefone validado: 11) 4349-9900
2025-05-22 05:15:50,564 - P17320 - INFO - Validando email: ['webmaster@catalogo.med.br']
2025-05-22 05:15:50,564 - P17320 - INFO - Limpando texto extenso para campo email: webmaster@catalogo.med.br...
2025-05-22 05:15:50,564 - P17320 - INFO - Texto limpo: webmaster@catalogo.med.br
2025-05-22 05:15:50,564 - P17320 - INFO - Email validado: webmaster@catalogo.med.br
2025-05-22 05:15:50,564 - P17320 - INFO - Descobrindo cidade
2025-05-22 05:15:50,565 - P17320 - INFO - Buscando cidade: Rua Frei Caneca cidade SP
2025-05-22 05:15:53,197 - P17320 - WARNING - Cidade não encontrada
2025-05-22 05:15:53,199 - P17320 - INFO - Cidade descoberta: 
2025-05-22 05:15:53,200 - P17320 - INFO - Tempo de execução de processamento completo do médico: 59.21 segundos
2025-05-22 05:15:53,200 - P17320 - INFO - Resultado processado: {'Hash': 'f5fcefc7e8b3e8bce2f172e09699137dbcdeb2055aa4fe20c33f9be36a4937a3', 'CRM': '122666', 'UF': 'SP', 'Firstname': 'ADILEIA', 'LastName': 'VICENTE MENOLI', 'Medical specialty': '', 'Endereco Completo A1': 'Rua Frei Caneca, 1282', 'Address A1': 'Rua Frei Caneca', 'Numero A1': '1282', 'Complement A1': '', 'Bairro A1': '', 'postal code A1': '', 'City A1': '', 'State A1': '', 'Phone A1': '11) 4349-9900', 'Phone A2': '', 'Cell phone A1': '', 'Cell phone A2': '', 'E-mail A1': 'webmaster@catalogo.med.br', 'E-mail A2': '', 'OPT-IN': '', 'STATUS': '', 'LOTE': ''}
2025-05-22 05:15:53,201 - P17320 - INFO - Salvando lote de resultados
2025-05-22 05:15:53,202 - P17320 - INFO - Após salvar resultados Uso de memória: 133.74 MB
2025-05-22 05:15:53,202 - P17320 - INFO - Progresso: 85.8%
2025-05-22 05:15:53,203 - P17320 - INFO - Tempo de execução de processamento do médico 3: 59.22 segundos
2025-05-22 05:15:53,203 - P17320 - INFO - Tempo de execução de processamento do lote completo: 193.15 segundos
