2025-05-22 04:48:12,473 - P15228 - INFO - 
==================================================
Processando médico 1/3
2025-05-22 04:48:12,474 - P15228 - INFO - Nome: MARIO CAPOBIANCO
2025-05-22 04:48:12,474 - P15228 - INFO - Reiniciando driver do Chrome
2025-05-22 04:48:13,763 - P15228 - INFO - Após reiniciar driver Uso de memória: 129.63 MB
2025-05-22 04:48:13,763 - P15228 - INFO - Início do processamento Uso de memória: 129.63 MB
2025-05-22 04:48:13,763 - P15228 - INFO - Iniciando busca para: MARIO CAPOBIANCO CRM 14255 SP telefone e-mail endereço
2025-05-22 04:48:14,561 - P15228 - INFO - SearX results: 15 URLs
2025-05-22 04:48:14,562 - P15228 - INFO - Após SearX Uso de memória: 129.63 MB
2025-05-22 04:48:17,915 - P15228 - INFO - Google results: 1 URLs
2025-05-22 04:48:17,915 - P15228 - INFO - Após Google Uso de memória: 129.63 MB
2025-05-22 04:48:20,749 - P15228 - INFO - Bing results: 10 URLs
2025-05-22 04:48:20,750 - P15228 - INFO - Após Bing Uso de memória: 129.63 MB
2025-05-22 04:48:20,750 - P15228 - INFO - Total de URLs únicas: 21
2025-05-22 04:48:20,750 - P15228 - INFO - Processando URL 1/21: https://imprensaoficial.jundiai.sp.gov.br/wp-content/uploads/2018/01/EDI%C3%87%C3%83O-4354-10-01-2018-ASSINADO.pdf
2025-05-22 04:48:20,750 - P15228 - INFO - Ignorando URL de arquivo não-HTML: https://imprensaoficial.jundiai.sp.gov.br/wp-content/uploads/2018/01/EDI%C3%87%C3%83O-4354-10-01-2018-ASSINADO.pdf
2025-05-22 04:48:20,750 - P15228 - INFO - Após processar URL 1 Uso de memória: 129.63 MB
2025-05-22 04:48:20,751 - P15228 - INFO - Processando URL 2/21: https://guiamedico.cremesp.org.br/
2025-05-22 04:48:23,938 - P15228 - INFO - HTML salvo para debug: data\debug_html_v10\7c54969580769b63edd9abaa952e1fa2.html
2025-05-22 04:48:23,944 - P15228 - INFO - Candidates address: 1 items
2025-05-22 04:48:23,945 - P15228 - INFO - Candidates phone: 1 items
2025-05-22 04:48:23,945 - P15228 - INFO - Candidates email: 0 items
2025-05-22 04:48:23,945 - P15228 - INFO - Candidates complement: 0 items
2025-05-22 04:48:23,945 - P15228 - INFO - Candidates cep: 1 items
2025-05-22 04:48:23,946 - P15228 - INFO - Após processar URL 2 Uso de memória: 129.63 MB
2025-05-22 04:48:23,946 - P15228 - INFO - Processando URL 3/21: https://www.consultacrm.com.br/index/medicos/uid-9b77dea5-f5c5-11ec-9e74-0a4aa568c625/erika_capobianco_silva
2025-05-22 04:48:29,500 - P15228 - INFO - HTML salvo para debug: data\debug_html_v10\8b37c385fc0dc78156254645866f30f5.html
2025-05-22 04:48:29,513 - P15228 - INFO - Candidates address: 0 items
2025-05-22 04:48:29,513 - P15228 - INFO - Candidates phone: 0 items
2025-05-22 04:48:29,513 - P15228 - INFO - Candidates email: 0 items
2025-05-22 04:48:29,514 - P15228 - INFO - Candidates complement: 0 items
2025-05-22 04:48:29,514 - P15228 - INFO - Candidates cep: 0 items
2025-05-22 04:48:29,514 - P15228 - INFO - Após processar URL 3 Uso de memória: 129.63 MB
2025-05-22 04:48:29,514 - P15228 - INFO - Processando URL 4/21: https://imprensaoficial.jundiai.sp.gov.br/wp-content/uploads/2015/04/4042-24-04-2015.pdf
2025-05-22 04:48:29,514 - P15228 - INFO - Ignorando URL de arquivo não-HTML: https://imprensaoficial.jundiai.sp.gov.br/wp-content/uploads/2015/04/4042-24-04-2015.pdf
2025-05-22 04:48:29,514 - P15228 - INFO - Após processar URL 4 Uso de memória: 129.63 MB
2025-05-22 04:48:29,515 - P15228 - INFO - Processando URL 5/21: https://sistemas.trf1.jus.br/edj/bitstream/handle/123/50015/Caderno_JUD_MG_2015-09-01_VII_164.pdf?sequence=2&isAllowed=y
2025-05-22 04:48:29,515 - P15228 - INFO - Ignorando URL de arquivo não-HTML: https://sistemas.trf1.jus.br/edj/bitstream/handle/123/50015/Caderno_JUD_MG_2015-09-01_VII_164.pdf?sequence=2&isAllowed=y
2025-05-22 04:48:29,515 - P15228 - INFO - Após processar URL 5 Uso de memória: 129.63 MB
2025-05-22 04:48:29,515 - P15228 - INFO - Processando URL 6/21: https://transparencia.cremesp.org.br/?siteAcao=guia_medico
2025-05-22 04:48:31,908 - P15228 - INFO - HTML salvo para debug: data\debug_html_v10\cb80cc007a72cc7a378681a92a58906a.html
2025-05-22 04:48:31,953 - P15228 - INFO - Candidates address: 1 items
2025-05-22 04:48:31,953 - P15228 - INFO - Candidates phone: 0 items
2025-05-22 04:48:31,954 - P15228 - INFO - Candidates email: 0 items
2025-05-22 04:48:31,954 - P15228 - INFO - Candidates complement: 0 items
2025-05-22 04:48:31,954 - P15228 - INFO - Candidates cep: 1 items
2025-05-22 04:48:31,954 - P15228 - INFO - Após processar URL 6 Uso de memória: 129.63 MB
2025-05-22 04:48:31,954 - P15228 - INFO - Processando URL 7/21: https://www.cremesp.org.br/?siteAcao=DelegaciasRegionais&id=30
2025-05-22 04:48:51,094 - P15228 - INFO - HTML salvo para debug: data\debug_html_v10\cbb2787a3eb56f8420cdff14b4ccede2.html
2025-05-22 04:48:51,112 - P15228 - INFO - Candidates address: 1 items
2025-05-22 04:48:51,112 - P15228 - INFO - Candidates phone: 3 items
2025-05-22 04:48:51,112 - P15228 - INFO - Candidates email: 1 items
2025-05-22 04:48:51,112 - P15228 - INFO - Candidates complement: 1 items
2025-05-22 04:48:51,113 - P15228 - INFO - Candidates cep: 2 items
2025-05-22 04:48:51,113 - P15228 - INFO - Após processar URL 7 Uso de memória: 129.63 MB
2025-05-22 04:48:51,113 - P15228 - INFO - Processando URL 8/21: https://www.encontrasaopaulo.com.br/agenda/crm-sp/
2025-05-22 04:48:54,075 - P15228 - INFO - HTML salvo para debug: data\debug_html_v10\f96a157f3cde736c20a7c87f788a1d0b.html
2025-05-22 04:48:54,106 - P15228 - INFO - Candidates address: 2 items
2025-05-22 04:48:54,107 - P15228 - INFO - Candidates phone: 2 items
2025-05-22 04:48:54,107 - P15228 - INFO - Candidates email: 0 items
2025-05-22 04:48:54,107 - P15228 - INFO - Candidates complement: 0 items
2025-05-22 04:48:54,107 - P15228 - INFO - Candidates cep: 0 items
2025-05-22 04:48:54,107 - P15228 - INFO - Após processar URL 8 Uso de memória: 129.73 MB
2025-05-22 04:48:54,108 - P15228 - INFO - Processando URL 9/21: https://www.cremesp.net.br/?siteAcao=ServicosMedicos&id=2
2025-05-22 04:49:17,385 - P15228 - INFO - HTML salvo para debug: data\debug_html_v10\254705f2145a1e9f7600b5077ffa135a.html
2025-05-22 04:49:17,391 - P15228 - INFO - Candidates address: 0 items
2025-05-22 04:49:17,391 - P15228 - INFO - Candidates phone: 0 items
2025-05-22 04:49:17,391 - P15228 - INFO - Candidates email: 0 items
2025-05-22 04:49:17,392 - P15228 - INFO - Candidates complement: 0 items
2025-05-22 04:49:17,392 - P15228 - INFO - Candidates cep: 0 items
2025-05-22 04:49:17,392 - P15228 - INFO - Após processar URL 9 Uso de memória: 128.76 MB
2025-05-22 04:49:17,392 - P15228 - INFO - Processando URL 10/21: https://transparencia.cremesp.org.br/?siteAcao=contatos_institucionais
2025-05-22 04:49:19,566 - P15228 - INFO - HTML salvo para debug: data\debug_html_v10\2f47562fa65538ab1c29a51b25da0ad0.html
2025-05-22 04:49:19,586 - P15228 - INFO - Candidates address: 1 items
2025-05-22 04:49:19,586 - P15228 - INFO - Candidates phone: 33 items
2025-05-22 04:49:19,587 - P15228 - INFO - Candidates email: 35 items
2025-05-22 04:49:19,587 - P15228 - INFO - Candidates complement: 0 items
2025-05-22 04:49:19,587 - P15228 - INFO - Candidates cep: 1 items
2025-05-22 04:49:19,587 - P15228 - INFO - Após processar URL 10 Uso de memória: 128.76 MB
2025-05-22 04:49:19,587 - P15228 - INFO - Processando URL 11/21: https://cnpj.biz/32353409000188
2025-05-22 04:49:23,863 - P15228 - INFO - HTML salvo para debug: data\debug_html_v10\e15e6b4de2c7e41989f6c5c6b1a2ba94.html
2025-05-22 04:49:23,891 - P15228 - INFO - Candidates address: 0 items
2025-05-22 04:49:23,891 - P15228 - INFO - Candidates phone: 1 items
2025-05-22 04:49:23,892 - P15228 - INFO - Candidates email: 1 items
2025-05-22 04:49:23,892 - P15228 - INFO - Candidates complement: 0 items
2025-05-22 04:49:23,892 - P15228 - INFO - Candidates cep: 1 items
2025-05-22 04:49:23,892 - P15228 - INFO - Após processar URL 11 Uso de memória: 128.76 MB
2025-05-22 04:49:23,892 - P15228 - INFO - Processando URL 12/21: https://consultacrm.com.br/
2025-05-22 04:49:27,802 - P15228 - INFO - HTML salvo para debug: data\debug_html_v10\65cadeb91ac3713432c21b535990f440.html
2025-05-22 04:49:27,812 - P15228 - INFO - Candidates address: 0 items
2025-05-22 04:49:27,812 - P15228 - INFO - Candidates phone: 0 items
2025-05-22 04:49:27,812 - P15228 - INFO - Candidates email: 0 items
2025-05-22 04:49:27,813 - P15228 - INFO - Candidates complement: 0 items
2025-05-22 04:49:27,813 - P15228 - INFO - Candidates cep: 0 items
2025-05-22 04:49:27,813 - P15228 - INFO - Após processar URL 12 Uso de memória: 128.76 MB
2025-05-22 04:49:27,813 - P15228 - INFO - Processando URL 13/21: https://www.descubraonline.com/guia/sp/anhembi/mario-capobianco-32353409000269/
2025-05-22 04:49:30,704 - P15228 - INFO - HTML salvo para debug: data\debug_html_v10\21ab9554e4a938c5327f29ef88156f45.html
2025-05-22 04:49:30,753 - P15228 - INFO - Candidates address: 1 items
2025-05-22 04:49:30,754 - P15228 - INFO - Candidates phone: 1 items
2025-05-22 04:49:30,754 - P15228 - INFO - Candidates email: 1 items
2025-05-22 04:49:30,754 - P15228 - INFO - Candidates complement: 0 items
2025-05-22 04:49:30,754 - P15228 - INFO - Candidates cep: 1 items
2025-05-22 04:49:30,755 - P15228 - INFO - Após processar URL 13 Uso de memória: 130.16 MB
2025-05-22 04:49:30,755 - P15228 - INFO - Processando URL 14/21: https://www.crm-sp.org.br/?siteAcao=Contatos&dep=cad
2025-05-22 04:49:51,945 - P15228 - ERROR - Erro ao baixar HTML de https://www.crm-sp.org.br/?siteAcao=Contatos&dep=cad: Message: unknown error: net::ERR_CONNECTION_TIMED_OUT
  (Session info: chrome=136.0.7103.114)
Stacktrace:
	GetHandleVerifier [0x00007FF75763CF45+75717]
	GetHandleVerifier [0x00007FF75763CFA0+75808]
	(No symbol) [0x00007FF757408F9A]
	(No symbol) [0x00007FF7574059F4]
	(No symbol) [0x00007FF7573F6789]
	(No symbol) [0x00007FF7573F84F8]
	(No symbol) [0x00007FF7573F6A96]
	(No symbol) [0x00007FF7573F6516]
	(No symbol) [0x00007FF7573F61DA]
	(No symbol) [0x00007FF7573F3E8A]
	(No symbol) [0x00007FF7573F465C]
	(No symbol) [0x00007FF75740CF3A]
	(No symbol) [0x00007FF7574B013E]
	(No symbol) [0x00007FF75748737A]
	(No symbol) [0x00007FF7574AF39C]
	(No symbol) [0x00007FF757487153]
	(No symbol) [0x00007FF757450421]
	(No symbol) [0x00007FF7574511B3]
	GetHandleVerifier [0x00007FF75793D71D+3223453]
	GetHandleVerifier [0x00007FF757937CC2+3200322]
	GetHandleVerifier [0x00007FF757955AF3+3322739]
	GetHandleVerifier [0x00007FF757656A1A+180890]
	GetHandleVerifier [0x00007FF75765E11F+211359]
	GetHandleVerifier [0x00007FF757645294+109332]
	GetHandleVerifier [0x00007FF757645442+109762]
	GetHandleVerifier [0x00007FF75762BA59+4825]
	BaseThreadInitThunk [0x00007FFFFE757344+20]
	RtlUserThreadStart [0x00007FFFFF4026B1+33]

2025-05-22 04:49:51,949 - P15228 - INFO - Após processar URL 14 Uso de memória: 128.87 MB
2025-05-22 04:49:51,950 - P15228 - INFO - Processando URL 15/21: http://cremesp.org.br/
2025-05-22 04:49:58,831 - P15228 - INFO - HTML salvo para debug: data\debug_html_v10\2a967318246f9658edeb1e0469c871fe.html
2025-05-22 04:49:58,859 - P15228 - INFO - Candidates address: 1 items
2025-05-22 04:49:58,859 - P15228 - INFO - Candidates phone: 1 items
2025-05-22 04:49:58,859 - P15228 - INFO - Candidates email: 0 items
2025-05-22 04:49:58,859 - P15228 - INFO - Candidates complement: 0 items
2025-05-22 04:49:58,859 - P15228 - INFO - Candidates cep: 2 items
2025-05-22 04:49:58,860 - P15228 - INFO - Após processar URL 15 Uso de memória: 128.87 MB
2025-05-22 04:49:58,860 - P15228 - INFO - Processando URL 16/21: https://osasco.sp.gov.br/site/wp-content/uploads/2022/02/iomo696.pdf
2025-05-22 04:49:58,860 - P15228 - INFO - Ignorando URL de arquivo não-HTML: https://osasco.sp.gov.br/site/wp-content/uploads/2022/02/iomo696.pdf
2025-05-22 04:49:58,860 - P15228 - INFO - Após processar URL 16 Uso de memória: 128.87 MB
2025-05-22 04:49:58,860 - P15228 - INFO - Processando URL 17/21: http://cremesp.org.br/?siteAcao=DelegaciasRegionais&id=28
2025-05-22 04:50:01,548 - P15228 - INFO - HTML salvo para debug: data\debug_html_v10\8c1c7ffba9b913c5d4624ef202feb327.html
2025-05-22 04:50:01,564 - P15228 - INFO - Candidates address: 1 items
2025-05-22 04:50:01,564 - P15228 - INFO - Candidates phone: 1 items
2025-05-22 04:50:01,564 - P15228 - INFO - Candidates email: 0 items
2025-05-22 04:50:01,565 - P15228 - INFO - Candidates complement: 0 items
2025-05-22 04:50:01,565 - P15228 - INFO - Candidates cep: 1 items
2025-05-22 04:50:01,565 - P15228 - INFO - Após processar URL 17 Uso de memória: 128.87 MB
2025-05-22 04:50:01,565 - P15228 - INFO - Processando URL 18/21: https://www.helpsaude.com/Mario-Capobianco.SP
2025-05-22 04:50:07,841 - P15228 - INFO - HTML salvo para debug: data\debug_html_v10\2fb6c975fa254ab330a8c544131418a3.html
2025-05-22 04:50:07,851 - P15228 - INFO - Candidates address: 0 items
2025-05-22 04:50:07,852 - P15228 - INFO - Candidates phone: 0 items
2025-05-22 04:50:07,852 - P15228 - INFO - Candidates email: 0 items
2025-05-22 04:50:07,853 - P15228 - INFO - Candidates complement: 0 items
2025-05-22 04:50:07,853 - P15228 - INFO - Candidates cep: 0 items
2025-05-22 04:50:07,854 - P15228 - INFO - Após processar URL 18 Uso de memória: 128.87 MB
2025-05-22 04:50:07,855 - P15228 - INFO - Processando URL 19/21: https://www.cremesp.org.br/?siteAcao=DelegaciasRegionais&id=38
2025-05-22 04:50:28,971 - P15228 - ERROR - Erro ao baixar HTML de https://www.cremesp.org.br/?siteAcao=DelegaciasRegionais&id=38: Message: unknown error: net::ERR_CONNECTION_TIMED_OUT
  (Session info: chrome=136.0.7103.114)
Stacktrace:
	GetHandleVerifier [0x00007FF75763CF45+75717]
	GetHandleVerifier [0x00007FF75763CFA0+75808]
	(No symbol) [0x00007FF757408F9A]
	(No symbol) [0x00007FF7574059F4]
	(No symbol) [0x00007FF7573F6789]
	(No symbol) [0x00007FF7573F84F8]
	(No symbol) [0x00007FF7573F6A96]
	(No symbol) [0x00007FF7573F6516]
	(No symbol) [0x00007FF7573F61DA]
	(No symbol) [0x00007FF7573F3E8A]
	(No symbol) [0x00007FF7573F465C]
	(No symbol) [0x00007FF75740CF3A]
	(No symbol) [0x00007FF7574B013E]
	(No symbol) [0x00007FF75748737A]
	(No symbol) [0x00007FF7574AF39C]
	(No symbol) [0x00007FF757487153]
	(No symbol) [0x00007FF757450421]
	(No symbol) [0x00007FF7574511B3]
	GetHandleVerifier [0x00007FF75793D71D+3223453]
	GetHandleVerifier [0x00007FF757937CC2+3200322]
	GetHandleVerifier [0x00007FF757955AF3+3322739]
	GetHandleVerifier [0x00007FF757656A1A+180890]
	GetHandleVerifier [0x00007FF75765E11F+211359]
	GetHandleVerifier [0x00007FF757645294+109332]
	GetHandleVerifier [0x00007FF757645442+109762]
	GetHandleVerifier [0x00007FF75762BA59+4825]
	BaseThreadInitThunk [0x00007FFFFE757344+20]
	RtlUserThreadStart [0x00007FFFFF4026B1+33]

2025-05-22 04:50:28,974 - P15228 - INFO - Após processar URL 19 Uso de memória: 128.88 MB
2025-05-22 04:50:28,974 - P15228 - INFO - Processando URL 20/21: https://www.crmsp.org.br/?siteAcao=PublicacoesConteudoSumario&id=24
2025-05-22 04:50:55,118 - P15228 - INFO - HTML salvo para debug: data\debug_html_v10\83ee7a7db14f3d1e046ebfbcfaceee99.html
2025-05-22 04:50:55,125 - P15228 - INFO - Candidates address: 0 items
2025-05-22 04:50:55,126 - P15228 - INFO - Candidates phone: 0 items
2025-05-22 04:50:55,126 - P15228 - INFO - Candidates email: 0 items
2025-05-22 04:50:55,126 - P15228 - INFO - Candidates complement: 0 items
2025-05-22 04:50:55,126 - P15228 - INFO - Candidates cep: 0 items
2025-05-22 04:50:55,127 - P15228 - INFO - Após processar URL 20 Uso de memória: 128.88 MB
2025-05-22 04:50:55,127 - P15228 - INFO - Processando URL 21/21: https://www.cremesp.com.br/?siteAcao=DelegaciasRegionais&id=29
2025-05-22 04:51:00,217 - P15228 - INFO - HTML salvo para debug: data\debug_html_v10\a72daeb301dbe5040cb8baff2c7e50f4.html
2025-05-22 04:51:00,225 - P15228 - INFO - Candidates address: 0 items
2025-05-22 04:51:00,225 - P15228 - INFO - Candidates phone: 0 items
2025-05-22 04:51:00,226 - P15228 - INFO - Candidates email: 0 items
2025-05-22 04:51:00,226 - P15228 - INFO - Candidates complement: 0 items
2025-05-22 04:51:00,226 - P15228 - INFO - Candidates cep: 0 items
2025-05-22 04:51:00,226 - P15228 - INFO - Após processar URL 21 Uso de memória: 128.88 MB
2025-05-22 04:51:00,226 - P15228 - INFO - Iniciando agregação e ranqueamento
2025-05-22 04:51:00,226 - P15228 - INFO - Ranked address: 4 items
2025-05-22 04:51:00,227 - P15228 - INFO - Ranked phone: 38 items
2025-05-22 04:51:00,227 - P15228 - INFO - Ranked email: 38 items
2025-05-22 04:51:00,227 - P15228 - INFO - Ranked complement: 1 items
2025-05-22 04:51:00,227 - P15228 - INFO - Ranked cep: 5 items
2025-05-22 04:51:00,227 - P15228 - INFO - Após agregação Uso de memória: 128.88 MB
2025-05-22 04:51:00,228 - P15228 - INFO - Validando endereço: ['Rua Frei Caneca, 1282', 'R. Frei Caneca, 1282', 'R. Domingos de Morais, 2187']
2025-05-22 04:51:00,228 - P15228 - INFO - Endereço validado: Rua Frei Caneca, 1282
2025-05-22 04:51:00,228 - P15228 - INFO - Limpando texto extenso para campo address: Rua Frei Caneca, 1282...
2025-05-22 04:51:00,228 - P15228 - INFO - Texto limpo: Rua Frei Caneca, 1282
2025-05-22 04:51:00,229 - P15228 - INFO - Validando telefone: ['(11) 4349-9900', '(11) 5053-9200', '(11) 5521-9596']
2025-05-22 04:51:00,229 - P15228 - INFO - Limpando texto extenso para campo phone: (11) 4349-9900...
2025-05-22 04:51:00,229 - P15228 - INFO - Texto limpo: 11) 4349-9900
2025-05-22 04:51:00,229 - P15228 - INFO - Telefone validado: 11) 4349-9900
2025-05-22 04:51:00,229 - P15228 - INFO - Validando email: ['drrsl@cremesp.org.br', 'asc@cremesp.org.br', 'auditoriainterna@cremesp.org.br']
2025-05-22 04:51:00,230 - P15228 - INFO - Limpando texto extenso para campo email: drrsl@cremesp.org.br...
2025-05-22 04:51:00,230 - P15228 - INFO - Texto limpo: drrsl@cremesp.org.br
2025-05-22 04:51:00,232 - P15228 - INFO - Email validado: drrsl@cremesp.org.br
2025-05-22 04:51:00,233 - P15228 - INFO - Validando complemento: ['Salas 51']
2025-05-22 04:51:00,234 - P15228 - INFO - Limpando texto extenso para campo complement: Salas 51...
2025-05-22 04:51:00,235 - P15228 - INFO - Texto limpo: Salas 51
2025-05-22 04:51:00,236 - P15228 - INFO - Complemento validado: Salas 51
2025-05-22 04:51:00,237 - P15228 - INFO - Descobrindo cidade
2025-05-22 04:51:00,237 - P15228 - INFO - Buscando cidade: Rua Frei Caneca cidade SP
2025-05-22 04:51:03,051 - P15228 - WARNING - Cidade não encontrada
2025-05-22 04:51:03,051 - P15228 - INFO - Cidade descoberta: 
2025-05-22 04:51:03,051 - P15228 - INFO - Tempo de execução de processamento completo do médico: 169.29 segundos
2025-05-22 04:51:03,052 - P15228 - INFO - Resultado processado: {'Hash': '064efd556b5b8efaf42fa73380eb8d69ba81c57ad1f836f88590d61281bcb29a', 'CRM': '14255', 'UF': 'SP', 'Firstname': 'MARIO', 'LastName': 'CAPOBIANCO', 'Medical specialty': '', 'Endereco Completo A1': 'Rua Frei Caneca, 1282', 'Address A1': 'Rua Frei Caneca', 'Numero A1': '1282', 'Complement A1': 'Salas 51', 'Bairro A1': '', 'postal code A1': '', 'City A1': '', 'State A1': '', 'Phone A1': '11) 4349-9900', 'Phone A2': '', 'Cell phone A1': '', 'Cell phone A2': '', 'E-mail A1': 'drrsl@cremesp.org.br', 'E-mail A2': '', 'OPT-IN': '', 'STATUS': '', 'LOTE': ''}
2025-05-22 04:51:03,053 - P15228 - INFO - Progresso: 77.6%
2025-05-22 04:51:03,053 - P15228 - INFO - Executando coleta de lixo
2025-05-22 04:51:03,152 - P15228 - INFO - Após coleta de lixo Uso de memória: 128.84 MB
2025-05-22 04:51:03,152 - P15228 - INFO - Tempo de execução de processamento do médico 1: 170.68 segundos
2025-05-22 04:51:03,152 - P15228 - INFO - 
==================================================
Processando médico 2/3
2025-05-22 04:51:03,152 - P15228 - INFO - Nome: IVONE MARQUES DA CUNHA
2025-05-22 04:51:03,153 - P15228 - INFO - Início do processamento Uso de memória: 128.84 MB
2025-05-22 04:51:03,153 - P15228 - INFO - Iniciando busca para: IVONE MARQUES DA CUNHA CRM 14342 SP telefone e-mail endereço
2025-05-22 04:51:03,967 - P15228 - INFO - SearX results: 15 URLs
2025-05-22 04:51:03,968 - P15228 - INFO - Após SearX Uso de memória: 128.84 MB
2025-05-22 04:51:06,708 - P15228 - INFO - Google results: 9 URLs
2025-05-22 04:51:06,708 - P15228 - INFO - Após Google Uso de memória: 130.84 MB
2025-05-22 04:51:09,197 - P15228 - INFO - Bing results: 10 URLs
2025-05-22 04:51:09,197 - P15228 - INFO - Após Bing Uso de memória: 130.84 MB
2025-05-22 04:51:09,197 - P15228 - INFO - Total de URLs únicas: 27
2025-05-22 04:51:09,198 - P15228 - INFO - Processando URL 1/27: https://imprensaoficial.jundiai.sp.gov.br/wp-content/uploads/2024/09/6c7fee8d-a5cc-4710-a230-c7ce25050a15_Edicao-5522-20-09-2024.pdf
2025-05-22 04:51:09,198 - P15228 - INFO - Ignorando URL de arquivo não-HTML: https://imprensaoficial.jundiai.sp.gov.br/wp-content/uploads/2024/09/6c7fee8d-a5cc-4710-a230-c7ce25050a15_Edicao-5522-20-09-2024.pdf
2025-05-22 04:51:09,198 - P15228 - INFO - Após processar URL 1 Uso de memória: 130.84 MB
2025-05-22 04:51:09,199 - P15228 - INFO - Processando URL 2/27: https://www.cremesp.org.br/?siteAcao=CMDesatualizado&pg=12
2025-05-22 04:51:19,710 - P15228 - INFO - HTML salvo para debug: data\debug_html_v10\68795e93e2156d2a06e2c0b26f3c95a2.html
2025-05-22 04:51:19,736 - P15228 - INFO - Candidates address: 1 items
2025-05-22 04:51:19,736 - P15228 - INFO - Candidates phone: 1 items
2025-05-22 04:51:19,736 - P15228 - INFO - Candidates email: 2 items
2025-05-22 04:51:19,736 - P15228 - INFO - Candidates complement: 0 items
2025-05-22 04:51:19,736 - P15228 - INFO - Candidates cep: 1 items
2025-05-22 04:51:19,737 - P15228 - INFO - Após processar URL 2 Uso de memória: 130.84 MB
2025-05-22 04:51:19,737 - P15228 - INFO - Processando URL 3/27: https://guiamedico.cremesp.org.br/
2025-05-22 04:51:22,412 - P15228 - INFO - HTML salvo para debug: data\debug_html_v10\7c54969580769b63edd9abaa952e1fa2.html
2025-05-22 04:51:22,418 - P15228 - INFO - Candidates address: 1 items
2025-05-22 04:51:22,418 - P15228 - INFO - Candidates phone: 1 items
2025-05-22 04:51:22,418 - P15228 - INFO - Candidates email: 0 items
2025-05-22 04:51:22,418 - P15228 - INFO - Candidates complement: 0 items
2025-05-22 04:51:22,418 - P15228 - INFO - Candidates cep: 1 items
2025-05-22 04:51:22,419 - P15228 - INFO - Após processar URL 3 Uso de memória: 130.84 MB
2025-05-22 04:51:22,419 - P15228 - INFO - Processando URL 4/27: https://diariooficial.guarulhos.sp.gov.br/uploads/pdf/1761929116.pdf
2025-05-22 04:51:22,419 - P15228 - INFO - Ignorando URL de arquivo não-HTML: https://diariooficial.guarulhos.sp.gov.br/uploads/pdf/1761929116.pdf
2025-05-22 04:51:22,419 - P15228 - INFO - Após processar URL 4 Uso de memória: 130.84 MB
2025-05-22 04:51:22,419 - P15228 - INFO - Processando URL 5/27: https://www.saosebastiao.sp.gov.br/doem/DOEM_960_20210412.pdf
2025-05-22 04:51:22,419 - P15228 - INFO - Ignorando URL de arquivo não-HTML: https://www.saosebastiao.sp.gov.br/doem/DOEM_960_20210412.pdf
2025-05-22 04:51:22,420 - P15228 - INFO - Após processar URL 5 Uso de memória: 130.84 MB
2025-05-22 04:51:22,420 - P15228 - INFO - Processando URL 6/27: https://portal.cfm.org.br/busca-medicos
2025-05-22 04:51:26,312 - P15228 - INFO - HTML salvo para debug: data\debug_html_v10\e28ae84aaa177d1328f3a0d1fb68449f.html
2025-05-22 04:51:26,352 - P15228 - INFO - Candidates address: 0 items
2025-05-22 04:51:26,352 - P15228 - INFO - Candidates phone: 0 items
2025-05-22 04:51:26,353 - P15228 - INFO - Candidates email: 1 items
2025-05-22 04:51:26,353 - P15228 - INFO - Candidates complement: 1 items
2025-05-22 04:51:26,353 - P15228 - INFO - Candidates cep: 1 items
2025-05-22 04:51:26,353 - P15228 - INFO - Após processar URL 6 Uso de memória: 130.99 MB
2025-05-22 04:51:26,354 - P15228 - INFO - Processando URL 7/27: https://www.portaltransparencia.gov.br/pessoa-fisica/busca/lista
2025-05-22 04:51:29,917 - P15228 - INFO - HTML salvo para debug: data\debug_html_v10\e200cdf64b71d4c9248718dd155b3edb.html
2025-05-22 04:51:29,955 - P15228 - INFO - Candidates address: 0 items
2025-05-22 04:51:29,955 - P15228 - INFO - Candidates phone: 0 items
2025-05-22 04:51:29,955 - P15228 - INFO - Candidates email: 0 items
2025-05-22 04:51:29,955 - P15228 - INFO - Candidates complement: 0 items
2025-05-22 04:51:29,956 - P15228 - INFO - Candidates cep: 0 items
2025-05-22 04:51:29,956 - P15228 - INFO - Após processar URL 7 Uso de memória: 130.99 MB
2025-05-22 04:51:29,956 - P15228 - INFO - Processando URL 8/27: https://www.encontrasaopaulo.com.br/agenda/crm-sp/
2025-05-22 04:51:34,346 - P15228 - INFO - HTML salvo para debug: data\debug_html_v10\f96a157f3cde736c20a7c87f788a1d0b.html
2025-05-22 04:51:34,373 - P15228 - INFO - Candidates address: 2 items
2025-05-22 04:51:34,373 - P15228 - INFO - Candidates phone: 2 items
2025-05-22 04:51:34,373 - P15228 - INFO - Candidates email: 0 items
2025-05-22 04:51:34,374 - P15228 - INFO - Candidates complement: 0 items
2025-05-22 04:51:34,374 - P15228 - INFO - Candidates cep: 0 items
2025-05-22 04:51:34,374 - P15228 - INFO - Após processar URL 8 Uso de memória: 132.66 MB
2025-05-22 04:51:34,374 - P15228 - INFO - Processando URL 9/27: https://www.doctoralia.com.br/mirella-marques-da-cunha/mastologista-cirurgiao-geral/recife
2025-05-22 04:51:34,374 - P15228 - INFO - Ignorando URL de arquivo não-HTML: https://www.doctoralia.com.br/mirella-marques-da-cunha/mastologista-cirurgiao-geral/recife
2025-05-22 04:51:34,374 - P15228 - INFO - Após processar URL 9 Uso de memória: 131.63 MB
2025-05-22 04:51:34,374 - P15228 - INFO - Processando URL 10/27: https://www.consultacrm.com.br/index/medicos/uid-82824872-f5c5-11ec-9e74-0a4aa568c625/ivone_marques_da_cunha
2025-05-22 04:51:37,619 - P15228 - INFO - HTML salvo para debug: data\debug_html_v10\d4d7d5611f85ca30d05a93f945174cf5.html
2025-05-22 04:51:37,636 - P15228 - INFO - Candidates address: 0 items
2025-05-22 04:51:37,636 - P15228 - INFO - Candidates phone: 0 items
2025-05-22 04:51:37,636 - P15228 - INFO - Candidates email: 0 items
2025-05-22 04:51:37,636 - P15228 - INFO - Candidates complement: 0 items
2025-05-22 04:51:37,637 - P15228 - INFO - Candidates cep: 1 items
2025-05-22 04:51:37,637 - P15228 - INFO - Após processar URL 10 Uso de memória: 131.63 MB
2025-05-22 04:51:37,637 - P15228 - INFO - Processando URL 11/27: https://www.cremesp.org.br/?siteAcao=DelegaciasRegionais&id=33
2025-05-22 04:51:40,307 - P15228 - INFO - HTML salvo para debug: data\debug_html_v10\f89528df70462629a24f2b4171f0fc34.html
2025-05-22 04:51:40,327 - P15228 - INFO - Candidates address: 2 items
2025-05-22 04:51:40,328 - P15228 - INFO - Candidates phone: 3 items
2025-05-22 04:51:40,328 - P15228 - INFO - Candidates email: 1 items
2025-05-22 04:51:40,328 - P15228 - INFO - Candidates complement: 0 items
2025-05-22 04:51:40,329 - P15228 - INFO - Candidates cep: 2 items
2025-05-22 04:51:40,329 - P15228 - INFO - Após processar URL 11 Uso de memória: 131.63 MB
2025-05-22 04:51:40,330 - P15228 - INFO - Processando URL 12/27: https://www.doctoralia.com.br/philipe-marques-da-cunha/neurologista/belo-horizonte
2025-05-22 04:51:40,330 - P15228 - INFO - Ignorando URL de arquivo não-HTML: https://www.doctoralia.com.br/philipe-marques-da-cunha/neurologista/belo-horizonte
2025-05-22 04:51:40,331 - P15228 - INFO - Após processar URL 12 Uso de memória: 131.63 MB
2025-05-22 04:51:40,331 - P15228 - INFO - Processando URL 13/27: https://accamargo.org.br/medico/carolina-campanholo-marques
2025-05-22 04:51:46,500 - P15228 - INFO - HTML salvo para debug: data\debug_html_v10\8300de6ef532c489997f2d81e7310ca0.html
2025-05-22 04:51:46,583 - P15228 - INFO - Candidates address: 0 items
2025-05-22 04:51:46,584 - P15228 - INFO - Candidates phone: 2 items
2025-05-22 04:51:46,584 - P15228 - INFO - Candidates email: 0 items
2025-05-22 04:51:46,584 - P15228 - INFO - Candidates complement: 0 items
2025-05-22 04:51:46,584 - P15228 - INFO - Candidates cep: 1 items
2025-05-22 04:51:46,584 - P15228 - INFO - Após processar URL 13 Uso de memória: 131.63 MB
2025-05-22 04:51:46,584 - P15228 - INFO - Processando URL 14/27: https://www.doctoralia.com.br/nathalia-marques-cunha/medico-clinico-geral/recife
2025-05-22 04:51:46,585 - P15228 - INFO - Ignorando URL de arquivo não-HTML: https://www.doctoralia.com.br/nathalia-marques-cunha/medico-clinico-geral/recife
2025-05-22 04:51:46,585 - P15228 - INFO - Após processar URL 14 Uso de memória: 131.63 MB
2025-05-22 04:51:46,585 - P15228 - INFO - Processando URL 15/27: https://www.catalogo.med.br/doutor/maria-ivone-da-s-marques-2068164.htm
2025-05-22 04:51:48,756 - P15228 - INFO - HTML salvo para debug: data\debug_html_v10\0bf20a832399faa20d807b64c9226fd6.html
2025-05-22 04:51:48,757 - P15228 - INFO - Candidates address: 0 items
2025-05-22 04:51:48,757 - P15228 - INFO - Candidates phone: 0 items
2025-05-22 04:51:48,757 - P15228 - INFO - Candidates email: 1 items
2025-05-22 04:51:48,758 - P15228 - INFO - Candidates complement: 0 items
2025-05-22 04:51:48,758 - P15228 - INFO - Candidates cep: 0 items
2025-05-22 04:51:48,758 - P15228 - INFO - Após processar URL 15 Uso de memória: 131.63 MB
2025-05-22 04:51:48,758 - P15228 - INFO - Processando URL 16/27: https://www.classemedica.com.br/medico/145606-ivone-marques-da-cunha.htm
2025-05-22 04:52:05,442 - P15228 - INFO - HTML salvo para debug: data\debug_html_v10\eb6d88503c0e59ba3ed0aea1105133c0.html
2025-05-22 04:52:05,478 - P15228 - INFO - Candidates address: 0 items
2025-05-22 04:52:05,479 - P15228 - INFO - Candidates phone: 0 items
2025-05-22 04:52:05,479 - P15228 - INFO - Candidates email: 0 items
2025-05-22 04:52:05,480 - P15228 - INFO - Candidates complement: 0 items
2025-05-22 04:52:05,480 - P15228 - INFO - Candidates cep: 0 items
2025-05-22 04:52:05,480 - P15228 - INFO - Após processar URL 16 Uso de memória: 131.62 MB
2025-05-22 04:52:05,480 - P15228 - INFO - Processando URL 17/27: https://consultacrm.com.br/
2025-05-22 04:52:08,972 - P15228 - INFO - HTML salvo para debug: data\debug_html_v10\65cadeb91ac3713432c21b535990f440.html
2025-05-22 04:52:08,983 - P15228 - INFO - Candidates address: 0 items
2025-05-22 04:52:08,983 - P15228 - INFO - Candidates phone: 0 items
2025-05-22 04:52:08,984 - P15228 - INFO - Candidates email: 0 items
2025-05-22 04:52:08,984 - P15228 - INFO - Candidates complement: 0 items
2025-05-22 04:52:08,984 - P15228 - INFO - Candidates cep: 0 items
2025-05-22 04:52:08,984 - P15228 - INFO - Após processar URL 17 Uso de memória: 131.62 MB
2025-05-22 04:52:08,984 - P15228 - INFO - Processando URL 18/27: http://doutorcrm.com/
2025-05-22 04:52:12,342 - P15228 - INFO - HTML salvo para debug: data\debug_html_v10\e75bcd1fa77a455337d61a008a7cce57.html
2025-05-22 04:52:12,348 - P15228 - INFO - Candidates address: 0 items
2025-05-22 04:52:12,348 - P15228 - INFO - Candidates phone: 0 items
2025-05-22 04:52:12,348 - P15228 - INFO - Candidates email: 0 items
2025-05-22 04:52:12,348 - P15228 - INFO - Candidates complement: 0 items
2025-05-22 04:52:12,349 - P15228 - INFO - Candidates cep: 0 items
2025-05-22 04:52:12,349 - P15228 - INFO - Após processar URL 18 Uso de memória: 131.62 MB
2025-05-22 04:52:12,349 - P15228 - INFO - Processando URL 19/27: https://sistemas.trf1.jus.br/edj/bitstream/handle/123/259468/Caderno_JUD_MG_2017-08-10_IX_146.pdf?sequence=1&isAllowed=y
2025-05-22 04:52:12,349 - P15228 - INFO - Ignorando URL de arquivo não-HTML: https://sistemas.trf1.jus.br/edj/bitstream/handle/123/259468/Caderno_JUD_MG_2017-08-10_IX_146.pdf?sequence=1&isAllowed=y
2025-05-22 04:52:12,350 - P15228 - INFO - Após processar URL 19 Uso de memória: 131.62 MB
2025-05-22 04:52:12,350 - P15228 - INFO - Processando URL 20/27: https://portal-api.campinas.sp.gov.br/sites/default/files/publicacoes-dom/dom/527684885106488515276829.pdf
2025-05-22 04:52:12,350 - P15228 - INFO - Ignorando URL de arquivo não-HTML: https://portal-api.campinas.sp.gov.br/sites/default/files/publicacoes-dom/dom/527684885106488515276829.pdf
2025-05-22 04:52:12,350 - P15228 - INFO - Após processar URL 20 Uso de memória: 131.62 MB
2025-05-22 04:52:12,351 - P15228 - INFO - Processando URL 21/27: https://www.saobernardo.sp.gov.br/documents/10181/46759/NM+1181+21_04_2003.pdf/08d177f1-662d-4f74-a1c1-8cb2bd0dd1ea
2025-05-22 04:52:12,351 - P15228 - INFO - Ignorando URL de arquivo não-HTML: https://www.saobernardo.sp.gov.br/documents/10181/46759/NM+1181+21_04_2003.pdf/08d177f1-662d-4f74-a1c1-8cb2bd0dd1ea
2025-05-22 04:52:12,351 - P15228 - INFO - Após processar URL 21 Uso de memória: 131.62 MB
2025-05-22 04:52:12,351 - P15228 - INFO - Processando URL 22/27: https://www.crm-sp.org.br/?siteAcao=Contatos&dep=cad
2025-05-22 04:52:17,458 - P15228 - INFO - HTML salvo para debug: data\debug_html_v10\9d7a012bd98a105b7c4d3b953105f1bf.html
2025-05-22 04:52:17,473 - P15228 - INFO - Candidates address: 0 items
2025-05-22 04:52:17,473 - P15228 - INFO - Candidates phone: 0 items
2025-05-22 04:52:17,473 - P15228 - INFO - Candidates email: 0 items
2025-05-22 04:52:17,473 - P15228 - INFO - Candidates complement: 0 items
2025-05-22 04:52:17,474 - P15228 - INFO - Candidates cep: 0 items
2025-05-22 04:52:17,474 - P15228 - INFO - Após processar URL 22 Uso de memória: 131.62 MB
2025-05-22 04:52:17,474 - P15228 - INFO - Processando URL 23/27: https://osasco.sp.gov.br/site/wp-content/uploads/2022/02/iomo696.pdf
2025-05-22 04:52:17,475 - P15228 - INFO - Ignorando URL de arquivo não-HTML: https://osasco.sp.gov.br/site/wp-content/uploads/2022/02/iomo696.pdf
2025-05-22 04:52:17,475 - P15228 - INFO - Após processar URL 23 Uso de memória: 131.62 MB
2025-05-22 04:52:17,475 - P15228 - INFO - Processando URL 24/27: https://iprejun.sp.gov.br/S/arquivos/Imprensa_Oficial/Imprensa_Oficial_Jundiai_2024-09-20_5522.pdf
2025-05-22 04:52:17,475 - P15228 - INFO - Ignorando URL de arquivo não-HTML: https://iprejun.sp.gov.br/S/arquivos/Imprensa_Oficial/Imprensa_Oficial_Jundiai_2024-09-20_5522.pdf
2025-05-22 04:52:17,475 - P15228 - INFO - Após processar URL 24 Uso de memória: 131.62 MB
2025-05-22 04:52:17,475 - P15228 - INFO - Processando URL 25/27: https://www.helpsaude.com/Ivone-Marques-da-Cunha.SP
2025-05-22 04:52:20,587 - P15228 - INFO - HTML salvo para debug: data\debug_html_v10\0ceb02e91c092dde0a15f00d93416dee.html
2025-05-22 04:52:20,600 - P15228 - INFO - Candidates address: 0 items
2025-05-22 04:52:20,601 - P15228 - INFO - Candidates phone: 0 items
2025-05-22 04:52:20,601 - P15228 - INFO - Candidates email: 0 items
2025-05-22 04:52:20,602 - P15228 - INFO - Candidates complement: 0 items
2025-05-22 04:52:20,603 - P15228 - INFO - Candidates cep: 0 items
2025-05-22 04:52:20,603 - P15228 - INFO - Após processar URL 25 Uso de memória: 131.62 MB
2025-05-22 04:52:20,603 - P15228 - INFO - Processando URL 26/27: https://deoab.oab.org.br/assets/diarios/diario-eletronico-oab-05-09-2023.pdf?p=1693872000062
2025-05-22 04:52:20,604 - P15228 - INFO - Ignorando URL de arquivo não-HTML: https://deoab.oab.org.br/assets/diarios/diario-eletronico-oab-05-09-2023.pdf?p=1693872000062
2025-05-22 04:52:20,604 - P15228 - INFO - Após processar URL 26 Uso de memória: 131.62 MB
2025-05-22 04:52:20,604 - P15228 - INFO - Processando URL 27/27: https://www.catalogo.med.br/doutor/philipe-marques-da-cunha-2487579.htm
2025-05-22 04:52:22,789 - P15228 - INFO - HTML salvo para debug: data\debug_html_v10\0aa9e9d9a33b45ab4ee05e2fa6518e1d.html
2025-05-22 04:52:22,790 - P15228 - INFO - Candidates address: 0 items
2025-05-22 04:52:22,790 - P15228 - INFO - Candidates phone: 0 items
2025-05-22 04:52:22,790 - P15228 - INFO - Candidates email: 1 items
2025-05-22 04:52:22,791 - P15228 - INFO - Candidates complement: 0 items
2025-05-22 04:52:22,791 - P15228 - INFO - Candidates cep: 0 items
2025-05-22 04:52:22,791 - P15228 - INFO - Após processar URL 27 Uso de memória: 131.62 MB
2025-05-22 04:52:22,792 - P15228 - INFO - Iniciando agregação e ranqueamento
2025-05-22 04:52:22,792 - P15228 - INFO - Ranked address: 4 items
2025-05-22 04:52:22,793 - P15228 - INFO - Ranked phone: 6 items
2025-05-22 04:52:22,793 - P15228 - INFO - Ranked email: 5 items
2025-05-22 04:52:22,793 - P15228 - INFO - Ranked complement: 1 items
2025-05-22 04:52:22,793 - P15228 - INFO - Ranked cep: 5 items
2025-05-22 04:52:22,794 - P15228 - INFO - Após agregação Uso de memória: 131.62 MB
2025-05-22 04:52:22,794 - P15228 - INFO - Validando endereço: ['Rua Frei Caneca, 1282', 'R. Frei Caneca, 1282', 'R. Domingos de Morais, 2187']
2025-05-22 04:52:22,794 - P15228 - INFO - Endereço validado: Rua Frei Caneca, 1282
2025-05-22 04:52:22,794 - P15228 - INFO - Limpando texto extenso para campo address: Rua Frei Caneca, 1282...
2025-05-22 04:52:22,795 - P15228 - INFO - Texto limpo: Rua Frei Caneca, 1282
2025-05-22 04:52:22,795 - P15228 - INFO - Validando telefone: ['(11) 4349-9900', '(11) 3675-7104', '(11) 5084-1352']
2025-05-22 04:52:22,796 - P15228 - INFO - Limpando texto extenso para campo phone: (11) 4349-9900...
2025-05-22 04:52:22,796 - P15228 - INFO - Texto limpo: 11) 4349-9900
2025-05-22 04:52:22,796 - P15228 - INFO - Telefone validado: 11) 4349-9900
2025-05-22 04:52:22,796 - P15228 - INFO - Validando email: ['webmaster@catalogo.med.br', 'cad@cremesp.org.br', 'cadastro@cremesp.org.br']
2025-05-22 04:52:22,796 - P15228 - INFO - Limpando texto extenso para campo email: webmaster@catalogo.med.br...
2025-05-22 04:52:22,797 - P15228 - INFO - Texto limpo: webmaster@catalogo.med.br
2025-05-22 04:52:22,797 - P15228 - INFO - Email validado: webmaster@catalogo.med.br
2025-05-22 04:52:22,797 - P15228 - INFO - Validando complemento: ['Conjunto D']
2025-05-22 04:52:22,797 - P15228 - INFO - Limpando texto extenso para campo complement: Conjunto D...
2025-05-22 04:52:22,798 - P15228 - INFO - Texto limpo: Conjunto D
2025-05-22 04:52:22,798 - P15228 - INFO - Complemento validado: Conjunto D
2025-05-22 04:52:22,798 - P15228 - INFO - Descobrindo cidade
2025-05-22 04:52:22,798 - P15228 - INFO - Buscando cidade: Rua Frei Caneca cidade SP
2025-05-22 04:52:25,481 - P15228 - WARNING - Cidade não encontrada
2025-05-22 04:52:25,481 - P15228 - INFO - Cidade descoberta: 
2025-05-22 04:52:25,481 - P15228 - INFO - Tempo de execução de processamento completo do médico: 82.33 segundos
2025-05-22 04:52:25,482 - P15228 - INFO - Resultado processado: {'Hash': '66b62b1a2ee7f3c9990a0f58cf82b096aa053a31665976826ea869ff45dc44d3', 'CRM': '14342', 'UF': 'SP', 'Firstname': 'IVONE', 'LastName': 'MARQUES DA CUNHA', 'Medical specialty': '', 'Endereco Completo A1': 'Rua Frei Caneca, 1282', 'Address A1': 'Rua Frei Caneca', 'Numero A1': '1282', 'Complement A1': 'Conjunto D', 'Bairro A1': '', 'postal code A1': '', 'City A1': '', 'State A1': '', 'Phone A1': '11) 4349-9900', 'Phone A2': '', 'Cell phone A1': '', 'Cell phone A2': '', 'E-mail A1': 'webmaster@catalogo.med.br', 'E-mail A2': '', 'OPT-IN': '', 'STATUS': '', 'LOTE': ''}
2025-05-22 04:52:25,482 - P15228 - INFO - Progresso: 78.0%
2025-05-22 04:52:25,483 - P15228 - INFO - Tempo de execução de processamento do médico 2: 82.33 segundos
2025-05-22 04:52:25,483 - P15228 - INFO - 
==================================================
Processando médico 3/3
2025-05-22 04:52:25,483 - P15228 - INFO - Nome: GIOVANNI FERDINANDO ANGELO DI GIUNTA
2025-05-22 04:52:25,483 - P15228 - INFO - Início do processamento Uso de memória: 129.62 MB
2025-05-22 04:52:25,483 - P15228 - INFO - Iniciando busca para: GIOVANNI FERDINANDO ANGELO DI GIUNTA CRM 14447 SP telefone e-mail endereço
2025-05-22 04:52:26,297 - P15228 - INFO - SearX results: 12 URLs
2025-05-22 04:52:26,301 - P15228 - INFO - Após SearX Uso de memória: 129.62 MB
2025-05-22 04:52:28,920 - P15228 - INFO - Google results: 4 URLs
2025-05-22 04:52:28,920 - P15228 - INFO - Após Google Uso de memória: 131.60 MB
2025-05-22 04:52:31,401 - P15228 - INFO - Bing results: 10 URLs
2025-05-22 04:52:31,401 - P15228 - INFO - Após Bing Uso de memória: 131.60 MB
2025-05-22 04:52:31,402 - P15228 - INFO - Total de URLs únicas: 16
2025-05-22 04:52:31,402 - P15228 - INFO - Processando URL 1/16: https://www.consultacrm.com.br/index/profissionais/uid-12768fac-f5c5-11ec-9e74-0a4aa568c625/giovanni_ferdinando_angelo_di_giunta
2025-05-22 04:52:36,857 - P15228 - INFO - HTML salvo para debug: data\debug_html_v10\90b8a2bc2d2e5e5ba0b90b1ba97229f6.html
2025-05-22 04:52:36,867 - P15228 - INFO - Candidates address: 0 items
2025-05-22 04:52:36,867 - P15228 - INFO - Candidates phone: 0 items
2025-05-22 04:52:36,868 - P15228 - INFO - Candidates email: 0 items
2025-05-22 04:52:36,868 - P15228 - INFO - Candidates complement: 0 items
2025-05-22 04:52:36,868 - P15228 - INFO - Candidates cep: 0 items
2025-05-22 04:52:36,868 - P15228 - INFO - Após processar URL 1 Uso de memória: 131.64 MB
2025-05-22 04:52:36,868 - P15228 - INFO - Processando URL 2/16: https://ceot.com.br/noticia/ceot-presente-nos-principais-eventos-de-ortopedia/
2025-05-22 04:52:41,752 - P15228 - INFO - HTML salvo para debug: data\debug_html_v10\c7416d73981d38cec9ba12ebfdba6dd1.html
2025-05-22 04:52:41,762 - P15228 - INFO - Candidates address: 0 items
2025-05-22 04:52:41,762 - P15228 - INFO - Candidates phone: 0 items
2025-05-22 04:52:41,762 - P15228 - INFO - Candidates email: 0 items
2025-05-22 04:52:41,762 - P15228 - INFO - Candidates complement: 0 items
2025-05-22 04:52:41,763 - P15228 - INFO - Candidates cep: 0 items
2025-05-22 04:52:41,763 - P15228 - INFO - Após processar URL 2 Uso de memória: 131.64 MB
2025-05-22 04:52:41,763 - P15228 - INFO - Processando URL 3/16: https://www.catalogo.med.br/doutor/giovanni-ferdinando-angelo-di-giunta-2433269.htm
2025-05-22 04:52:43,836 - P15228 - INFO - HTML salvo para debug: data\debug_html_v10\df895311657a7e22022cc11f042d30a2.html
2025-05-22 04:52:43,836 - P15228 - INFO - Candidates address: 0 items
2025-05-22 04:52:43,837 - P15228 - INFO - Candidates phone: 0 items
2025-05-22 04:52:43,837 - P15228 - INFO - Candidates email: 1 items
2025-05-22 04:52:43,837 - P15228 - INFO - Candidates complement: 0 items
2025-05-22 04:52:43,837 - P15228 - INFO - Candidates cep: 0 items
2025-05-22 04:52:43,837 - P15228 - INFO - Após processar URL 3 Uso de memória: 131.64 MB
2025-05-22 04:52:43,837 - P15228 - INFO - Processando URL 4/16: https://www.doctuo.com.br/medicos/giovanni-ferdinando-angelo-di-giunta
2025-05-22 04:52:43,838 - P15228 - INFO - Ignorando URL de arquivo não-HTML: https://www.doctuo.com.br/medicos/giovanni-ferdinando-angelo-di-giunta
2025-05-22 04:52:43,838 - P15228 - INFO - Após processar URL 4 Uso de memória: 131.64 MB
2025-05-22 04:52:43,838 - P15228 - INFO - Processando URL 5/16: https://www.cremesp.org.br/?siteAcao=CMDesatualizado&pg=33
2025-05-22 04:52:47,017 - P15228 - INFO - HTML salvo para debug: data\debug_html_v10\82f84439adf4fcbced506a3a3e30e747.html
2025-05-22 04:52:47,052 - P15228 - INFO - Candidates address: 1 items
2025-05-22 04:52:47,052 - P15228 - INFO - Candidates phone: 1 items
2025-05-22 04:52:47,052 - P15228 - INFO - Candidates email: 2 items
2025-05-22 04:52:47,052 - P15228 - INFO - Candidates complement: 0 items
2025-05-22 04:52:47,052 - P15228 - INFO - Candidates cep: 1 items
2025-05-22 04:52:47,053 - P15228 - INFO - Após processar URL 5 Uso de memória: 123.82 MB
2025-05-22 04:52:47,053 - P15228 - INFO - Processando URL 6/16: https://guiamedico.cremesp.org.br/
2025-05-22 04:52:49,708 - P15228 - INFO - HTML salvo para debug: data\debug_html_v10\7c54969580769b63edd9abaa952e1fa2.html
2025-05-22 04:52:49,716 - P15228 - INFO - Candidates address: 1 items
2025-05-22 04:52:49,717 - P15228 - INFO - Candidates phone: 1 items
2025-05-22 04:52:49,718 - P15228 - INFO - Candidates email: 0 items
2025-05-22 04:52:49,719 - P15228 - INFO - Candidates complement: 0 items
2025-05-22 04:52:49,720 - P15228 - INFO - Candidates cep: 1 items
2025-05-22 04:52:49,721 - P15228 - INFO - Após processar URL 6 Uso de memória: 124.36 MB
2025-05-22 04:52:49,721 - P15228 - INFO - Processando URL 7/16: https://www.planodesaudesp.net/perfil/giovanni_ferdinando_angelo_di_giunta--3099668
2025-05-22 04:52:53,931 - P15228 - INFO - HTML salvo para debug: data\debug_html_v10\c73f280522caab85d2fb6985af4c03f6.html
2025-05-22 04:52:53,947 - P15228 - INFO - Candidates address: 6 items
2025-05-22 04:52:53,954 - P15228 - INFO - Candidates phone: 1 items
2025-05-22 04:52:53,966 - P15228 - INFO - Candidates email: 0 items
2025-05-22 04:52:53,967 - P15228 - INFO - Candidates complement: 0 items
2025-05-22 04:52:53,970 - P15228 - INFO - Candidates cep: 0 items
2025-05-22 04:52:53,975 - P15228 - INFO - Após processar URL 7 Uso de memória: 124.54 MB
2025-05-22 04:52:53,980 - P15228 - INFO - Processando URL 8/16: https://consultacrm.com.br/
2025-05-22 04:52:57,056 - P15228 - INFO - HTML salvo para debug: data\debug_html_v10\65cadeb91ac3713432c21b535990f440.html
2025-05-22 04:52:57,067 - P15228 - INFO - Candidates address: 0 items
2025-05-22 04:52:57,068 - P15228 - INFO - Candidates phone: 0 items
2025-05-22 04:52:57,068 - P15228 - INFO - Candidates email: 0 items
2025-05-22 04:52:57,069 - P15228 - INFO - Candidates complement: 0 items
2025-05-22 04:52:57,069 - P15228 - INFO - Candidates cep: 0 items
2025-05-22 04:52:57,069 - P15228 - INFO - Após processar URL 8 Uso de memória: 128.29 MB
2025-05-22 04:52:57,071 - P15228 - INFO - Processando URL 9/16: https://www.classemedica.com.br/medico/126421-giovanni-ferdinando-angelo-di-giunta.htm
2025-05-22 04:53:04,474 - P15228 - INFO - HTML salvo para debug: data\debug_html_v10\737532fd92d89e0f1531e275fc654874.html
2025-05-22 04:53:04,505 - P15228 - INFO - Candidates address: 0 items
2025-05-22 04:53:04,506 - P15228 - INFO - Candidates phone: 0 items
2025-05-22 04:53:04,506 - P15228 - INFO - Candidates email: 0 items
2025-05-22 04:53:04,507 - P15228 - INFO - Candidates complement: 0 items
2025-05-22 04:53:04,507 - P15228 - INFO - Candidates cep: 0 items
2025-05-22 04:53:04,508 - P15228 - INFO - Após processar URL 9 Uso de memória: 129.39 MB
2025-05-22 04:53:04,508 - P15228 - INFO - Processando URL 10/16: https://www.helpsaude.com/Giovanni-Ferdinando-Angelo-Di-Giunta.SP
2025-05-22 04:53:09,074 - P15228 - INFO - HTML salvo para debug: data\debug_html_v10\153ee5844d810208f4bcddc152499d4f.html
2025-05-22 04:53:09,086 - P15228 - INFO - Candidates address: 0 items
2025-05-22 04:53:09,087 - P15228 - INFO - Candidates phone: 0 items
2025-05-22 04:53:09,087 - P15228 - INFO - Candidates email: 0 items
2025-05-22 04:53:09,088 - P15228 - INFO - Candidates complement: 0 items
2025-05-22 04:53:09,088 - P15228 - INFO - Candidates cep: 0 items
2025-05-22 04:53:09,089 - P15228 - INFO - Após processar URL 10 Uso de memória: 129.50 MB
2025-05-22 04:53:09,090 - P15228 - INFO - Processando URL 11/16: https://cliniguia.com/profissionais/giovanni-ferdinando-angelo-di-giunta-100705812980004/
2025-05-22 04:53:14,896 - P15228 - INFO - HTML salvo para debug: data\debug_html_v10\757ca388ba99df61cf00ae3fa6c8f3be.html
2025-05-22 04:53:14,944 - P15228 - INFO - Candidates address: 0 items
2025-05-22 04:53:14,944 - P15228 - INFO - Candidates phone: 0 items
2025-05-22 04:53:14,945 - P15228 - INFO - Candidates email: 0 items
2025-05-22 04:53:14,945 - P15228 - INFO - Candidates complement: 0 items
2025-05-22 04:53:14,945 - P15228 - INFO - Candidates cep: 0 items
2025-05-22 04:53:14,946 - P15228 - INFO - Após processar URL 11 Uso de memória: 131.30 MB
2025-05-22 04:53:14,946 - P15228 - INFO - Processando URL 12/16: https://ceot.com.br/medico/dr-giovanni-di-giunta/
2025-05-22 04:53:18,911 - P15228 - INFO - HTML salvo para debug: data\debug_html_v10\f92159c41abbfa447e1cf9962e3084fe.html
2025-05-22 04:53:18,922 - P15228 - INFO - Candidates address: 0 items
2025-05-22 04:53:18,922 - P15228 - INFO - Candidates phone: 0 items
2025-05-22 04:53:18,923 - P15228 - INFO - Candidates email: 0 items
2025-05-22 04:53:18,923 - P15228 - INFO - Candidates complement: 0 items
2025-05-22 04:53:18,923 - P15228 - INFO - Candidates cep: 0 items
2025-05-22 04:53:18,923 - P15228 - INFO - Após processar URL 12 Uso de memória: 130.41 MB
2025-05-22 04:53:18,923 - P15228 - INFO - Processando URL 13/16: https://doutorcrm.com/giovanni-ferdinando-angelo-di-giunta
2025-05-22 04:53:23,653 - P15228 - INFO - HTML salvo para debug: data\debug_html_v10\222c8c03e35c4af631980959cb13dbce.html
2025-05-22 04:53:23,662 - P15228 - INFO - Candidates address: 0 items
2025-05-22 04:53:23,662 - P15228 - INFO - Candidates phone: 0 items
2025-05-22 04:53:23,662 - P15228 - INFO - Candidates email: 0 items
2025-05-22 04:53:23,662 - P15228 - INFO - Candidates complement: 0 items
2025-05-22 04:53:23,662 - P15228 - INFO - Candidates cep: 0 items
2025-05-22 04:53:23,662 - P15228 - INFO - Após processar URL 13 Uso de memória: 130.81 MB
2025-05-22 04:53:23,663 - P15228 - INFO - Processando URL 14/16: https://www.doctoralia.com.br/giovanni-di-giunta/ortopedista-traumatologista/cascavel
2025-05-22 04:53:23,663 - P15228 - INFO - Ignorando URL de arquivo não-HTML: https://www.doctoralia.com.br/giovanni-di-giunta/ortopedista-traumatologista/cascavel
2025-05-22 04:53:23,663 - P15228 - INFO - Após processar URL 14 Uso de memória: 130.81 MB
2025-05-22 04:53:23,663 - P15228 - INFO - Processando URL 15/16: https://www.sociosbrasil.com/nome/giovanni-ferdinando-angelo-di-giunta
2025-05-22 04:53:28,609 - P15228 - INFO - HTML salvo para debug: data\debug_html_v10\ba1bebb370ed2a49036f5c2e58ead0e0.html
2025-05-22 04:53:28,626 - P15228 - INFO - Candidates address: 2 items
2025-05-22 04:53:28,627 - P15228 - INFO - Candidates phone: 0 items
2025-05-22 04:53:28,627 - P15228 - INFO - Candidates email: 2 items
2025-05-22 04:53:28,627 - P15228 - INFO - Candidates complement: 1 items
2025-05-22 04:53:28,627 - P15228 - INFO - Candidates cep: 7 items
2025-05-22 04:53:28,628 - P15228 - INFO - Após processar URL 15 Uso de memória: 130.87 MB
2025-05-22 04:53:28,628 - P15228 - INFO - Processando URL 16/16: https://www.medicosbrasil.com/profissional/giovanni-ferdinando-angelo-di-giunta
2025-05-22 04:53:32,083 - P15228 - INFO - HTML salvo para debug: data\debug_html_v10\9b00fbf5aeeda9c6022d66b83cbb2362.html
2025-05-22 04:53:32,103 - P15228 - INFO - Candidates address: 0 items
2025-05-22 04:53:32,103 - P15228 - INFO - Candidates phone: 0 items
2025-05-22 04:53:32,103 - P15228 - INFO - Candidates email: 0 items
2025-05-22 04:53:32,103 - P15228 - INFO - Candidates complement: 0 items
2025-05-22 04:53:32,104 - P15228 - INFO - Candidates cep: 0 items
2025-05-22 04:53:32,104 - P15228 - INFO - Após processar URL 16 Uso de memória: 130.89 MB
2025-05-22 04:53:32,104 - P15228 - INFO - Iniciando agregação e ranqueamento
2025-05-22 04:53:32,104 - P15228 - INFO - Ranked address: 9 items
2025-05-22 04:53:32,104 - P15228 - INFO - Ranked phone: 2 items
2025-05-22 04:53:32,104 - P15228 - INFO - Ranked email: 5 items
2025-05-22 04:53:32,104 - P15228 - INFO - Ranked complement: 1 items
2025-05-22 04:53:32,105 - P15228 - INFO - Ranked cep: 8 items
2025-05-22 04:53:32,105 - P15228 - INFO - Após agregação Uso de memória: 130.89 MB
2025-05-22 04:53:32,105 - P15228 - INFO - Validando endereço: ['Rua Frei Caneca, 1282', 'Rua Antonio Lazaro, 226', 'Avenida Reboucas, 381']
2025-05-22 04:53:32,105 - P15228 - INFO - Endereço validado: Rua Frei Caneca, 1282
2025-05-22 04:53:32,105 - P15228 - INFO - Limpando texto extenso para campo address: Rua Frei Caneca, 1282...
2025-05-22 04:53:32,105 - P15228 - INFO - Texto limpo: Rua Frei Caneca, 1282
2025-05-22 04:53:32,105 - P15228 - INFO - Validando telefone: ['(11) 4349-9900', '(11) 2723-9999']
2025-05-22 04:53:32,106 - P15228 - INFO - Limpando texto extenso para campo phone: (11) 4349-9900...
2025-05-22 04:53:32,106 - P15228 - INFO - Texto limpo: 11) 4349-9900
2025-05-22 04:53:32,106 - P15228 - INFO - Telefone validado: 11) 4349-9900
2025-05-22 04:53:32,106 - P15228 - INFO - Validando email: ['webmaster@catalogo.med.br', 'cad@cremesp.org.br', 'cadastro@cremesp.org.br']
2025-05-22 04:53:32,107 - P15228 - INFO - Limpando texto extenso para campo email: webmaster@catalogo.med.br...
2025-05-22 04:53:32,107 - P15228 - INFO - Texto limpo: webmaster@catalogo.med.br
2025-05-22 04:53:32,107 - P15228 - INFO - Email validado: webmaster@catalogo.med.br
2025-05-22 04:53:32,107 - P15228 - INFO - Validando complemento: ['Apt   81 Aclimacao']
2025-05-22 04:53:32,107 - P15228 - INFO - Limpando texto extenso para campo complement: Apt   81 Aclimacao...
2025-05-22 04:53:32,108 - P15228 - INFO - Texto limpo: Apt 81 Aclimacao
2025-05-22 04:53:32,108 - P15228 - INFO - Complemento validado: Apt 81 Aclimacao
2025-05-22 04:53:32,108 - P15228 - INFO - Descobrindo cidade
2025-05-22 04:53:32,108 - P15228 - INFO - Buscando cidade: Rua Frei Caneca cidade SP
2025-05-22 04:53:34,508 - P15228 - WARNING - Cidade não encontrada
2025-05-22 04:53:34,512 - P15228 - INFO - Cidade descoberta: 
2025-05-22 04:53:34,512 - P15228 - INFO - Tempo de execução de processamento completo do médico: 69.03 segundos
2025-05-22 04:53:34,514 - P15228 - INFO - Resultado processado: {'Hash': 'a5d076f8219e879889c00512c02af6bb2d3ae035e61fe30e02b7ada9e927f001', 'CRM': '14447', 'UF': 'SP', 'Firstname': 'GIOVANNI', 'LastName': 'FERDINANDO ANGELO DI GIUNTA', 'Medical specialty': '', 'Endereco Completo A1': 'Rua Frei Caneca, 1282', 'Address A1': 'Rua Frei Caneca', 'Numero A1': '1282', 'Complement A1': 'Apt 81 Aclimacao', 'Bairro A1': '', 'postal code A1': '', 'City A1': '', 'State A1': '', 'Phone A1': '11) 4349-9900', 'Phone A2': '', 'Cell phone A1': '', 'Cell phone A2': '', 'E-mail A1': 'webmaster@catalogo.med.br', 'E-mail A2': '', 'OPT-IN': '', 'STATUS': '', 'LOTE': ''}
2025-05-22 04:53:34,553 - P15228 - INFO - Salvando lote de resultados
2025-05-22 04:53:34,570 - P15228 - INFO - Após salvar resultados Uso de memória: 129.04 MB
2025-05-22 04:53:34,573 - P15228 - INFO - Progresso: 78.3%
2025-05-22 04:53:34,579 - P15228 - INFO - Tempo de execução de processamento do médico 3: 69.10 segundos
2025-05-22 04:53:34,582 - P15228 - INFO - Tempo de execução de processamento do lote completo: 322.11 segundos
