2025-05-22 04:12:48,681 - P15228 - INFO - 
==================================================
Processando médico 1/3
2025-05-22 04:12:48,682 - P15228 - INFO - Nome: LUIZ PAULO DE SOUZA PINTO
2025-05-22 04:12:48,682 - P15228 - INFO - Reiniciando driver do Chrome
2025-05-22 04:12:49,950 - P15228 - INFO - Após reiniciar driver Uso de memória: 122.66 MB
2025-05-22 04:12:49,950 - P15228 - INFO - Início do processamento Uso de memória: 122.66 MB
2025-05-22 04:12:49,951 - P15228 - INFO - Iniciando busca para: LUIZ PAULO DE SOUZA PINTO CRM 36512 PR telefone e-mail endereço
2025-05-22 04:12:50,760 - P15228 - INFO - SearX results: 13 URLs
2025-05-22 04:12:50,760 - P15228 - INFO - Após SearX Uso de memória: 122.66 MB
2025-05-22 04:12:53,348 - P15228 - INFO - Google results: 10 URLs
2025-05-22 04:12:53,349 - P15228 - INFO - Após Google Uso de memória: 122.66 MB
2025-05-22 04:12:55,947 - P15228 - INFO - Bing results: 13 URLs
2025-05-22 04:12:55,947 - P15228 - INFO - Após Bing Uso de memória: 123.66 MB
2025-05-22 04:12:55,947 - P15228 - INFO - Total de URLs únicas: 27
2025-05-22 04:12:55,947 - P15228 - INFO - Processando URL 1/27: https://www.doctoralia.com.br/luiz-paulo-souza-pinto/generalista/curitiba
2025-05-22 04:12:55,947 - P15228 - INFO - Ignorando URL de arquivo não-HTML: https://www.doctoralia.com.br/luiz-paulo-souza-pinto/generalista/curitiba
2025-05-22 04:12:55,948 - P15228 - INFO - Após processar URL 1 Uso de memória: 123.66 MB
2025-05-22 04:12:55,948 - P15228 - INFO - Processando URL 2/27: https://www.clinicacith.com.br/duvidas-frequentes
2025-05-22 04:12:58,896 - P15228 - INFO - HTML salvo para debug: data\debug_html_v10\72732031b1cacacf5f13d033de33776f.html
2025-05-22 04:12:58,898 - P15228 - INFO - Candidates address: 0 items
2025-05-22 04:12:58,898 - P15228 - INFO - Candidates phone: 0 items
2025-05-22 04:12:58,898 - P15228 - INFO - Candidates email: 0 items
2025-05-22 04:12:58,898 - P15228 - INFO - Candidates complement: 0 items
2025-05-22 04:12:58,898 - P15228 - INFO - Candidates cep: 0 items
2025-05-22 04:12:58,899 - P15228 - INFO - Após processar URL 2 Uso de memória: 123.66 MB
2025-05-22 04:12:58,899 - P15228 - INFO - Processando URL 3/27: https://www.econodata.com.br/consulta-empresa/29660528000179-CENTRO-DE-MEDICINA-INTEGRATIVA-DR-LUIZ-PAULO-S-PINTO-LTDA
2025-05-22 04:13:04,916 - P15228 - INFO - HTML salvo para debug: data\debug_html_v10\eb1d3357a9a311bcf58e44a65484b714.html
2025-05-22 04:13:05,037 - P15228 - INFO - Candidates address: 31 items
2025-05-22 04:13:05,037 - P15228 - INFO - Candidates phone: 0 items
2025-05-22 04:13:05,037 - P15228 - INFO - Candidates email: 0 items
2025-05-22 04:13:05,037 - P15228 - INFO - Candidates complement: 0 items
2025-05-22 04:13:05,038 - P15228 - INFO - Candidates cep: 1 items
2025-05-22 04:13:05,038 - P15228 - INFO - Após processar URL 3 Uso de memória: 124.48 MB
2025-05-22 04:13:05,038 - P15228 - INFO - Processando URL 4/27: https://www.clinicacith.com.br/emagrecimento
2025-05-22 04:13:07,655 - P15228 - INFO - HTML salvo para debug: data\debug_html_v10\6833c66d8b133aa0988d6e21bd7dad23.html
2025-05-22 04:13:07,656 - P15228 - INFO - Candidates address: 0 items
2025-05-22 04:13:07,657 - P15228 - INFO - Candidates phone: 0 items
2025-05-22 04:13:07,657 - P15228 - INFO - Candidates email: 0 items
2025-05-22 04:13:07,657 - P15228 - INFO - Candidates complement: 0 items
2025-05-22 04:13:07,657 - P15228 - INFO - Candidates cep: 0 items
2025-05-22 04:13:07,658 - P15228 - INFO - Após processar URL 4 Uso de memória: 123.66 MB
2025-05-22 04:13:07,658 - P15228 - INFO - Processando URL 5/27: https://venus.maringa.pr.gov.br/arquivos/orgao_oficial/arquivos/oom%202789.pdf
2025-05-22 04:13:07,658 - P15228 - INFO - Ignorando URL de arquivo não-HTML: https://venus.maringa.pr.gov.br/arquivos/orgao_oficial/arquivos/oom%202789.pdf
2025-05-22 04:13:07,658 - P15228 - INFO - Após processar URL 5 Uso de memória: 123.66 MB
2025-05-22 04:13:07,659 - P15228 - INFO - Processando URL 6/27: https://www.clinicacith.com.br/sobre-a-cith
2025-05-22 04:13:10,174 - P15228 - INFO - HTML salvo para debug: data\debug_html_v10\0aacfca0c937b81790005d2ac893843c.html
2025-05-22 04:13:10,175 - P15228 - INFO - Candidates address: 0 items
2025-05-22 04:13:10,175 - P15228 - INFO - Candidates phone: 0 items
2025-05-22 04:13:10,176 - P15228 - INFO - Candidates email: 0 items
2025-05-22 04:13:10,176 - P15228 - INFO - Candidates complement: 0 items
2025-05-22 04:13:10,176 - P15228 - INFO - Candidates cep: 0 items
2025-05-22 04:13:10,176 - P15228 - INFO - Após processar URL 6 Uso de memória: 123.66 MB
2025-05-22 04:13:10,176 - P15228 - INFO - Processando URL 7/27: https://www.crf-pr.org.br/uploads/contratacao/21683/oGviMudkom4xRZjBnyq61QrQVbOOvk7H.pdf
2025-05-22 04:13:10,176 - P15228 - INFO - Ignorando URL de arquivo não-HTML: https://www.crf-pr.org.br/uploads/contratacao/21683/oGviMudkom4xRZjBnyq61QrQVbOOvk7H.pdf
2025-05-22 04:13:10,176 - P15228 - INFO - Após processar URL 7 Uso de memória: 123.66 MB
2025-05-22 04:13:10,177 - P15228 - INFO - Processando URL 8/27: http://cnpj.info/Centro-de-Medicina-Integrativa-Dr-Luiz-Paulo-S-Pinto-Eireli
2025-05-22 04:13:15,391 - P15228 - INFO - HTML salvo para debug: data\debug_html_v10\c9b4ee2011b437c0117580519527fdb3.html
2025-05-22 04:13:15,395 - P15228 - INFO - Candidates address: 1 items
2025-05-22 04:13:15,395 - P15228 - INFO - Candidates phone: 1 items
2025-05-22 04:13:15,395 - P15228 - INFO - Candidates email: 1 items
2025-05-22 04:13:15,395 - P15228 - INFO - Candidates complement: 0 items
2025-05-22 04:13:15,395 - P15228 - INFO - Candidates cep: 1 items
2025-05-22 04:13:15,395 - P15228 - INFO - Após processar URL 8 Uso de memória: 123.66 MB
2025-05-22 04:13:15,396 - P15228 - INFO - Processando URL 9/27: https://diario.imprensaoficial.al.gov.br/apinova/api/editions/viewPdf/50623
2025-05-22 04:13:17,966 - P15228 - INFO - HTML salvo para debug: data\debug_html_v10\c26b295aa843fabcafc075b27a041726.html
2025-05-22 04:13:17,970 - P15228 - INFO - Candidates address: 0 items
2025-05-22 04:13:17,970 - P15228 - INFO - Candidates phone: 0 items
2025-05-22 04:13:17,970 - P15228 - INFO - Candidates email: 0 items
2025-05-22 04:13:17,970 - P15228 - INFO - Candidates complement: 0 items
2025-05-22 04:13:17,970 - P15228 - INFO - Candidates cep: 0 items
2025-05-22 04:13:17,971 - P15228 - INFO - Após processar URL 9 Uso de memória: 123.66 MB
2025-05-22 04:13:17,971 - P15228 - INFO - Processando URL 10/27: https://diariooficial.guarulhos.sp.gov.br/uploads/pdf/197591058.pdf
2025-05-22 04:13:17,971 - P15228 - INFO - Ignorando URL de arquivo não-HTML: https://diariooficial.guarulhos.sp.gov.br/uploads/pdf/197591058.pdf
2025-05-22 04:13:17,971 - P15228 - INFO - Após processar URL 10 Uso de memória: 123.66 MB
2025-05-22 04:13:17,971 - P15228 - INFO - Processando URL 11/27: https://www.clinicacith.com.br/hipertrofia
2025-05-22 04:13:20,740 - P15228 - INFO - HTML salvo para debug: data\debug_html_v10\01bc5035112ade2bc17ffabec9c2b185.html
2025-05-22 04:13:20,741 - P15228 - INFO - Candidates address: 0 items
2025-05-22 04:13:20,742 - P15228 - INFO - Candidates phone: 0 items
2025-05-22 04:13:20,742 - P15228 - INFO - Candidates email: 0 items
2025-05-22 04:13:20,742 - P15228 - INFO - Candidates complement: 0 items
2025-05-22 04:13:20,742 - P15228 - INFO - Candidates cep: 0 items
2025-05-22 04:13:20,742 - P15228 - INFO - Após processar URL 11 Uso de memória: 123.66 MB
2025-05-22 04:13:20,743 - P15228 - INFO - Processando URL 12/27: https://deoab.oab.org.br/assets/diarios/diario-eletronico-oab-03-03-2021.pdf?p=1614891818956
2025-05-22 04:13:20,743 - P15228 - INFO - Ignorando URL de arquivo não-HTML: https://deoab.oab.org.br/assets/diarios/diario-eletronico-oab-03-03-2021.pdf?p=1614891818956
2025-05-22 04:13:20,743 - P15228 - INFO - Após processar URL 12 Uso de memória: 123.66 MB
2025-05-22 04:13:20,743 - P15228 - INFO - Processando URL 13/27: https://www.econodata.com.br/contato/luiz-paulo-de-souza-pinto-1ef7968af9969661d3a1d04e08378e3d
2025-05-22 04:13:24,494 - P15228 - INFO - HTML salvo para debug: data\debug_html_v10\6d733b37d8b712715d67e4f57c31eff9.html
2025-05-22 04:13:24,557 - P15228 - INFO - Candidates address: 0 items
2025-05-22 04:13:24,557 - P15228 - INFO - Candidates phone: 0 items
2025-05-22 04:13:24,558 - P15228 - INFO - Candidates email: 0 items
2025-05-22 04:13:24,558 - P15228 - INFO - Candidates complement: 0 items
2025-05-22 04:13:24,558 - P15228 - INFO - Candidates cep: 0 items
2025-05-22 04:13:24,558 - P15228 - INFO - Após processar URL 13 Uso de memória: 123.66 MB
2025-05-22 04:13:24,558 - P15228 - INFO - Processando URL 14/27: https://www.clinicacith.com.br/luiz-paulo-schaefer-pinto
2025-05-22 04:13:26,975 - P15228 - INFO - HTML salvo para debug: data\debug_html_v10\b8e73a20fdd45f2293ca4e59949808e6.html
2025-05-22 04:13:26,977 - P15228 - INFO - Candidates address: 0 items
2025-05-22 04:13:26,977 - P15228 - INFO - Candidates phone: 0 items
2025-05-22 04:13:26,977 - P15228 - INFO - Candidates email: 0 items
2025-05-22 04:13:26,977 - P15228 - INFO - Candidates complement: 0 items
2025-05-22 04:13:26,978 - P15228 - INFO - Candidates cep: 0 items
2025-05-22 04:13:26,978 - P15228 - INFO - Após processar URL 14 Uso de memória: 123.66 MB
2025-05-22 04:13:26,978 - P15228 - INFO - Processando URL 15/27: https://www.econodata.com.br/consulta-empresa/29660528000179-centro-de-medicina-integrativa-dr-luiz-paulo-s-pinto-ltda
2025-05-22 04:13:29,882 - P15228 - INFO - HTML salvo para debug: data\debug_html_v10\74e07a56cb1b08ab283245171bfc8ba0.html
2025-05-22 04:13:30,052 - P15228 - INFO - Candidates address: 31 items
2025-05-22 04:13:30,053 - P15228 - INFO - Candidates phone: 0 items
2025-05-22 04:13:30,053 - P15228 - INFO - Candidates email: 0 items
2025-05-22 04:13:30,053 - P15228 - INFO - Candidates complement: 0 items
2025-05-22 04:13:30,053 - P15228 - INFO - Candidates cep: 1 items
2025-05-22 04:13:30,054 - P15228 - INFO - Após processar URL 15 Uso de memória: 124.48 MB
2025-05-22 04:13:30,055 - P15228 - INFO - Processando URL 16/27: https://servicos.sjc.sp.gov.br/governo/boletim/boletimPDF/201609191011448847ab45-5821-4c18-be9f-9f03234a596c.pdf
2025-05-22 04:13:30,056 - P15228 - INFO - Ignorando URL de arquivo não-HTML: https://servicos.sjc.sp.gov.br/governo/boletim/boletimPDF/201609191011448847ab45-5821-4c18-be9f-9f03234a596c.pdf
2025-05-22 04:13:30,057 - P15228 - INFO - Após processar URL 16 Uso de memória: 123.66 MB
2025-05-22 04:13:30,057 - P15228 - INFO - Processando URL 17/27: https://sistemas.trf1.jus.br/edj/bitstream/handle/123/14844/Caderno_JUD_MG_2018-10-15_X_192.pdf?sequence=1&isAllowed=y
2025-05-22 04:13:30,058 - P15228 - INFO - Ignorando URL de arquivo não-HTML: https://sistemas.trf1.jus.br/edj/bitstream/handle/123/14844/Caderno_JUD_MG_2018-10-15_X_192.pdf?sequence=1&isAllowed=y
2025-05-22 04:13:30,058 - P15228 - INFO - Após processar URL 17 Uso de memória: 123.66 MB
2025-05-22 04:13:30,058 - P15228 - INFO - Processando URL 18/27: https://www.crmpr.org.br/atualiza/listar.php/1000
2025-05-22 04:13:32,816 - P15228 - INFO - HTML salvo para debug: data\debug_html_v10\ef9ecbfd4e4ebf12f11d844e151b4f0b.html
2025-05-22 04:13:32,936 - P15228 - INFO - Candidates address: 0 items
2025-05-22 04:13:32,936 - P15228 - INFO - Candidates phone: 1 items
2025-05-22 04:13:32,936 - P15228 - INFO - Candidates email: 1 items
2025-05-22 04:13:32,936 - P15228 - INFO - Candidates complement: 0 items
2025-05-22 04:13:32,936 - P15228 - INFO - Candidates cep: 0 items
2025-05-22 04:13:32,936 - P15228 - INFO - Após processar URL 18 Uso de memória: 123.66 MB
2025-05-22 04:13:32,937 - P15228 - INFO - Processando URL 19/27: https://www.crmpr.org.br/Sancoes-disciplinares-1-21.shtml
2025-05-22 04:13:35,804 - P15228 - INFO - HTML salvo para debug: data\debug_html_v10\b08dc841602f487ab8ec027bbf4daf81.html
2025-05-22 04:13:35,854 - P15228 - INFO - Candidates address: 1 items
2025-05-22 04:13:35,854 - P15228 - INFO - Candidates phone: 1 items
2025-05-22 04:13:35,854 - P15228 - INFO - Candidates email: 1 items
2025-05-22 04:13:35,855 - P15228 - INFO - Candidates complement: 0 items
2025-05-22 04:13:35,855 - P15228 - INFO - Candidates cep: 1 items
2025-05-22 04:13:35,855 - P15228 - INFO - Após processar URL 19 Uso de memória: 123.66 MB
2025-05-22 04:13:35,855 - P15228 - INFO - Processando URL 20/27: https://consultacrm.com.br/
2025-05-22 04:13:39,258 - P15228 - INFO - HTML salvo para debug: data\debug_html_v10\65cadeb91ac3713432c21b535990f440.html
2025-05-22 04:13:39,269 - P15228 - INFO - Candidates address: 0 items
2025-05-22 04:13:39,269 - P15228 - INFO - Candidates phone: 0 items
2025-05-22 04:13:39,269 - P15228 - INFO - Candidates email: 0 items
2025-05-22 04:13:39,270 - P15228 - INFO - Candidates complement: 0 items
2025-05-22 04:13:39,270 - P15228 - INFO - Candidates cep: 0 items
2025-05-22 04:13:39,271 - P15228 - INFO - Após processar URL 20 Uso de memória: 123.66 MB
2025-05-22 04:13:39,271 - P15228 - INFO - Processando URL 21/27: https://www.clinicacith.com.br/tratamento-hormonal-feminino
2025-05-22 04:13:42,045 - P15228 - INFO - HTML salvo para debug: data\debug_html_v10\9d4c3a8892582839c17b9a3cbf0b46d7.html
2025-05-22 04:13:42,046 - P15228 - INFO - Candidates address: 0 items
2025-05-22 04:13:42,046 - P15228 - INFO - Candidates phone: 0 items
2025-05-22 04:13:42,047 - P15228 - INFO - Candidates email: 0 items
2025-05-22 04:13:42,047 - P15228 - INFO - Candidates complement: 0 items
2025-05-22 04:13:42,047 - P15228 - INFO - Candidates cep: 0 items
2025-05-22 04:13:42,047 - P15228 - INFO - Após processar URL 21 Uso de memória: 123.66 MB
2025-05-22 04:13:42,047 - P15228 - INFO - Processando URL 22/27: https://sbgg.org.br/wp-content/uploads/2014/10/2011-2.pdf
2025-05-22 04:13:42,048 - P15228 - INFO - Ignorando URL de arquivo não-HTML: https://sbgg.org.br/wp-content/uploads/2014/10/2011-2.pdf
2025-05-22 04:13:42,048 - P15228 - INFO - Após processar URL 22 Uso de memória: 123.66 MB
2025-05-22 04:13:42,048 - P15228 - INFO - Processando URL 23/27: https://www.solutudo.com.br/empresas/pr/curitiba/medicos/centro-de-medicina-integrativa-dr-luiz-paulo-s-pinto-eireli-3068275
2025-05-22 04:13:49,182 - P15228 - INFO - HTML salvo para debug: data\debug_html_v10\8e406a78f46af0eca0085bea8870d80f.html
2025-05-22 04:13:49,223 - P15228 - INFO - Candidates address: 1 items
2025-05-22 04:13:49,223 - P15228 - INFO - Candidates phone: 1 items
2025-05-22 04:13:49,224 - P15228 - INFO - Candidates email: 0 items
2025-05-22 04:13:49,224 - P15228 - INFO - Candidates complement: 0 items
2025-05-22 04:13:49,224 - P15228 - INFO - Candidates cep: 1 items
2025-05-22 04:13:49,224 - P15228 - INFO - Após processar URL 23 Uso de memória: 123.68 MB
2025-05-22 04:13:49,224 - P15228 - INFO - Processando URL 24/27: https://www.clinicacith.com.br/areas-de-atuacao
2025-05-22 04:13:51,654 - P15228 - INFO - HTML salvo para debug: data\debug_html_v10\0022e8e0dcda100475574ff02a413f4f.html
2025-05-22 04:13:51,656 - P15228 - INFO - Candidates address: 0 items
2025-05-22 04:13:51,656 - P15228 - INFO - Candidates phone: 0 items
2025-05-22 04:13:51,656 - P15228 - INFO - Candidates email: 0 items
2025-05-22 04:13:51,657 - P15228 - INFO - Candidates complement: 0 items
2025-05-22 04:13:51,657 - P15228 - INFO - Candidates cep: 0 items
2025-05-22 04:13:51,657 - P15228 - INFO - Após processar URL 24 Uso de memória: 123.68 MB
2025-05-22 04:13:51,657 - P15228 - INFO - Processando URL 25/27: https://www.clinicacith.com.br/tratamento-hormonal-masculino
2025-05-22 04:13:53,821 - P15228 - INFO - HTML salvo para debug: data\debug_html_v10\5ee03fed2cb3e0e70fa042a25956b77f.html
2025-05-22 04:13:53,822 - P15228 - INFO - Candidates address: 0 items
2025-05-22 04:13:53,822 - P15228 - INFO - Candidates phone: 0 items
2025-05-22 04:13:53,823 - P15228 - INFO - Candidates email: 0 items
2025-05-22 04:13:53,823 - P15228 - INFO - Candidates complement: 0 items
2025-05-22 04:13:53,823 - P15228 - INFO - Candidates cep: 0 items
2025-05-22 04:13:53,823 - P15228 - INFO - Após processar URL 25 Uso de memória: 123.68 MB
2025-05-22 04:13:53,824 - P15228 - INFO - Processando URL 26/27: https://diariomunicipal.sc.gov.br/atos/3134395
2025-05-22 04:13:57,284 - P15228 - INFO - HTML salvo para debug: data\debug_html_v10\ed6eed0e3af4b4a464bcb85b21b0caba.html
2025-05-22 04:13:57,667 - P15228 - INFO - Candidates address: 9 items
2025-05-22 04:13:57,668 - P15228 - INFO - Candidates phone: 0 items
2025-05-22 04:13:57,669 - P15228 - INFO - Candidates email: 1 items
2025-05-22 04:13:57,670 - P15228 - INFO - Candidates complement: 1 items
2025-05-22 04:13:57,671 - P15228 - INFO - Candidates cep: 682 items
2025-05-22 04:13:57,674 - P15228 - INFO - Após processar URL 26 Uso de memória: 125.70 MB
2025-05-22 04:13:57,675 - P15228 - INFO - Processando URL 27/27: https://portal-api.campinas.sp.gov.br/sites/default/files/publicacoes-dom/dom/617295520012552006172919.pdf
2025-05-22 04:13:57,675 - P15228 - INFO - Ignorando URL de arquivo não-HTML: https://portal-api.campinas.sp.gov.br/sites/default/files/publicacoes-dom/dom/617295520012552006172919.pdf
2025-05-22 04:13:57,681 - P15228 - INFO - Após processar URL 27 Uso de memória: 123.68 MB
2025-05-22 04:13:57,683 - P15228 - INFO - Iniciando agregação e ranqueamento
2025-05-22 04:13:57,685 - P15228 - INFO - Ranked address: 42 items
2025-05-22 04:13:57,691 - P15228 - INFO - Ranked phone: 3 items
2025-05-22 04:13:57,694 - P15228 - INFO - Ranked email: 4 items
2025-05-22 04:13:57,695 - P15228 - INFO - Ranked complement: 1 items
2025-05-22 04:13:57,698 - P15228 - INFO - Ranked cep: 686 items
2025-05-22 04:13:57,712 - P15228 - INFO - Após agregação Uso de memória: 123.68 MB
2025-05-22 04:13:57,714 - P15228 - INFO - Validando endereço: ['Rua Francisco May, 285', 'R. LUIZ PAULO S. PINTO LTDA 80.820-420 Rua Francisco May, 285', 'R. LUIZ PAULO S. PINTO LTDA Endereço 80.820-420 Rua Francisco May, 285']
2025-05-22 04:13:57,718 - P15228 - INFO - Endereço validado: Rua Francisco May, 285
2025-05-22 04:13:57,723 - P15228 - INFO - Limpando texto extenso para campo address: Rua Francisco May, 285...
2025-05-22 04:13:57,725 - P15228 - INFO - Texto limpo: Rua Francisco May, 285
2025-05-22 04:13:57,736 - P15228 - INFO - Validando telefone: ['(41) 3257-6987', '(41) 3240-4039', '(41) 3240-4000']
2025-05-22 04:13:57,738 - P15228 - INFO - Limpando texto extenso para campo phone: (41) 3257-6987...
2025-05-22 04:13:57,742 - P15228 - INFO - Texto limpo: 41) 3257-6987
2025-05-22 04:13:57,743 - P15228 - INFO - Telefone validado: 41) 3257-6987
2025-05-22 04:13:57,743 - P15228 - INFO - Validando email: ['adm@contabilidadecipriani.com.br', 'atualiza@crmpr.org.br', 'protocolo@crmpr.org.br']
2025-05-22 04:13:57,744 - P15228 - INFO - Limpando texto extenso para campo email: adm@contabilidadecipriani.com.br...
2025-05-22 04:13:57,744 - P15228 - INFO - Texto limpo: adm@contabilidadecipriani.com.br
2025-05-22 04:13:57,747 - P15228 - INFO - Email validado: adm@contabilidadecipriani.com.br
2025-05-22 04:13:57,748 - P15228 - INFO - Validando complemento: ['Sala 102 CEP 88070-800 - Florianópolis/SC ']
2025-05-22 04:13:57,748 - P15228 - INFO - Limpando texto extenso para campo complement: Sala 102 CEP 88070-800 - Florianópolis/SC ...
2025-05-22 04:13:57,749 - P15228 - INFO - Texto limpo: Sala 102 CEP 88070-800 - Flori
2025-05-22 04:13:57,749 - P15228 - INFO - Complemento validado: Sala 102 CEP 88070-800 - Flori
2025-05-22 04:13:57,750 - P15228 - INFO - Descobrindo cidade
2025-05-22 04:13:57,751 - P15228 - INFO - Buscando cidade: Rua Francisco May cidade PR
2025-05-22 04:14:00,396 - P15228 - INFO - Cidade encontrada: Curitiba
2025-05-22 04:14:00,396 - P15228 - INFO - Limpando texto extenso para campo city: Curitiba...
2025-05-22 04:14:00,396 - P15228 - INFO - Texto limpo: Curitiba
2025-05-22 04:14:00,396 - P15228 - INFO - Cidade descoberta: Curitiba
2025-05-22 04:14:00,396 - P15228 - INFO - Buscando CEP com sistema de cascata
2025-05-22 04:14:00,397 - P15228 - INFO - Iniciando busca de CEP em cascata para: Rua Francisco May, Curitiba, PR
2025-05-22 04:14:00,397 - P15228 - INFO - Método 1: ViaCEP API
2025-05-22 04:14:00,397 - P15228 - INFO - Buscando no ViaCEP: https://viacep.com.br/ws/PR/curitiba/rua%20francisco%20may/json/
2025-05-22 04:14:01,061 - P15228 - INFO - Dados encontrados no ViaCEP: {'cep': '80820-420', 'logradouro': 'Rua Francisco May', 'complemento': '', 'unidade': '', 'bairro': 'Vista Alegre', 'localidade': 'Curitiba', 'uf': 'PR', 'estado': 'Paraná', 'regiao': 'Sul', 'ibge': '4106902', 'gia': '', 'ddd': '41', 'siafi': '7535'}
2025-05-22 04:14:01,063 - P15228 - INFO - CEP encontrado via ViaCEP: 80820-420
2025-05-22 04:14:01,063 - P15228 - INFO - Dados de CEP encontrados: {'cep': '80820-420', 'logradouro': 'Rua Francisco May', 'complemento': '', 'unidade': '', 'bairro': 'Vista Alegre', 'localidade': 'Curitiba', 'uf': 'PR', 'estado': 'Paraná', 'regiao': 'Sul', 'ibge': '4106902', 'gia': '', 'ddd': '41', 'siafi': '7535'}
2025-05-22 04:14:01,064 - P15228 - INFO - Limpando texto extenso para campo bairro: Vista Alegre...
2025-05-22 04:14:01,064 - P15228 - INFO - Texto limpo: Vista Alegre
2025-05-22 04:14:01,064 - P15228 - INFO - Limpando texto extenso para campo city: Curitiba...
2025-05-22 04:14:01,064 - P15228 - INFO - Texto limpo: Curitiba
2025-05-22 04:14:01,064 - P15228 - INFO - Limpando texto extenso para campo state: PR...
2025-05-22 04:14:01,064 - P15228 - INFO - Texto limpo: PR
2025-05-22 04:14:01,064 - P15228 - INFO - Tempo de execução de processamento completo do médico: 71.11 segundos
2025-05-22 04:14:01,065 - P15228 - INFO - Resultado processado: {'Hash': '71363c97a0a06e98ba6cc3758ff2307098d8e3af80e0fa83ab3baaae3cff700d', 'CRM': '36512', 'UF': 'PR', 'Firstname': 'LUIZ', 'LastName': 'PAULO DE SOUZA PINTO', 'Medical specialty': '', 'Endereco Completo A1': 'Rua Francisco May, 285', 'Address A1': 'Rua Francisco May', 'Numero A1': '285', 'Complement A1': 'Sala 102 CEP 88070-800 - Flori', 'Bairro A1': 'Vista Alegre', 'postal code A1': '80820-420', 'City A1': 'Curitiba', 'State A1': 'PR', 'Phone A1': '41) 3257-6987', 'Phone A2': '', 'Cell phone A1': '', 'Cell phone A2': '', 'E-mail A1': 'adm@contabilidadecipriani.com.br', 'E-mail A2': '', 'OPT-IN': '', 'STATUS': '', 'LOTE': ''}
2025-05-22 04:14:01,066 - P15228 - INFO - Progresso: 64.5%
2025-05-22 04:14:01,067 - P15228 - INFO - Executando coleta de lixo
2025-05-22 04:14:01,132 - P15228 - INFO - Após coleta de lixo Uso de memória: 113.72 MB
2025-05-22 04:14:01,132 - P15228 - INFO - Tempo de execução de processamento do médico 1: 72.45 segundos
2025-05-22 04:14:01,132 - P15228 - INFO - 
==================================================
Processando médico 2/3
2025-05-22 04:14:01,133 - P15228 - INFO - Nome: CAIO FABRICIO DE SOUZA
2025-05-22 04:14:01,133 - P15228 - INFO - Início do processamento Uso de memória: 113.72 MB
2025-05-22 04:14:01,133 - P15228 - INFO - Iniciando busca para: CAIO FABRICIO DE SOUZA CRM 38547 PR telefone e-mail endereço
2025-05-22 04:14:02,131 - P15228 - INFO - SearX results: 15 URLs
2025-05-22 04:14:02,131 - P15228 - INFO - Após SearX Uso de memória: 113.72 MB
2025-05-22 04:14:04,704 - P15228 - INFO - Google results: 7 URLs
2025-05-22 04:14:04,705 - P15228 - INFO - Após Google Uso de memória: 119.71 MB
2025-05-22 04:14:07,190 - P15228 - INFO - Bing results: 10 URLs
2025-05-22 04:14:07,190 - P15228 - INFO - Após Bing Uso de memória: 122.22 MB
2025-05-22 04:14:07,191 - P15228 - INFO - Total de URLs únicas: 18
2025-05-22 04:14:07,191 - P15228 - INFO - Processando URL 1/18: https://www.saobernardo.sp.gov.br/documents/10181/1812128/NM+2441+de+26.04.2024+-++Conte%C3%BAdo+Integral.pdf/3472178c-f72b-2ad6-7864-639b639c225c
2025-05-22 04:14:07,191 - P15228 - INFO - Ignorando URL de arquivo não-HTML: https://www.saobernardo.sp.gov.br/documents/10181/1812128/NM+2441+de+26.04.2024+-++Conte%C3%BAdo+Integral.pdf/3472178c-f72b-2ad6-7864-639b639c225c
2025-05-22 04:14:07,191 - P15228 - INFO - Após processar URL 1 Uso de memória: 122.22 MB
2025-05-22 04:14:07,192 - P15228 - INFO - Processando URL 2/18: https://www.igepps.pa.gov.br/sites/default/files/2023-01/2023.01.31.DOE.pdf
2025-05-22 04:14:07,192 - P15228 - INFO - Ignorando URL de arquivo não-HTML: https://www.igepps.pa.gov.br/sites/default/files/2023-01/2023.01.31.DOE.pdf
2025-05-22 04:14:07,192 - P15228 - INFO - Após processar URL 2 Uso de memória: 122.22 MB
2025-05-22 04:14:07,193 - P15228 - INFO - Processando URL 3/18: https://www2.bauru.sp.gov.br/arquivos/sist_diariooficial/2013/10/do_20131012_2307.pdf
2025-05-22 04:14:07,193 - P15228 - INFO - Ignorando URL de arquivo não-HTML: https://www2.bauru.sp.gov.br/arquivos/sist_diariooficial/2013/10/do_20131012_2307.pdf
2025-05-22 04:14:07,193 - P15228 - INFO - Após processar URL 3 Uso de memória: 122.22 MB
2025-05-22 04:14:07,193 - P15228 - INFO - Processando URL 4/18: https://www.medicosbrasil.com/profissional/caio-fabricio-de-souza
2025-05-22 04:14:10,861 - P15228 - INFO - HTML salvo para debug: data\debug_html_v10\5d4486ba36cf4454a75d7e05b72090f6.html
2025-05-22 04:14:10,879 - P15228 - INFO - Candidates address: 0 items
2025-05-22 04:14:10,880 - P15228 - INFO - Candidates phone: 0 items
2025-05-22 04:14:10,880 - P15228 - INFO - Candidates email: 0 items
2025-05-22 04:14:10,880 - P15228 - INFO - Candidates complement: 0 items
2025-05-22 04:14:10,880 - P15228 - INFO - Candidates cep: 0 items
2025-05-22 04:14:10,880 - P15228 - INFO - Após processar URL 4 Uso de memória: 123.07 MB
2025-05-22 04:14:10,880 - P15228 - INFO - Processando URL 5/18: https://www.consultascnpj.com/cfs-clinica-medica-ltda/28443783000105
2025-05-22 04:14:13,998 - P15228 - INFO - HTML salvo para debug: data\debug_html_v10\3369f619197feb3e465fec10c721017f.html
2025-05-22 04:14:14,010 - P15228 - INFO - Candidates address: 2 items
2025-05-22 04:14:14,010 - P15228 - INFO - Candidates phone: 1 items
2025-05-22 04:14:14,011 - P15228 - INFO - Candidates email: 1 items
2025-05-22 04:14:14,011 - P15228 - INFO - Candidates complement: 0 items
2025-05-22 04:14:14,011 - P15228 - INFO - Candidates cep: 2 items
2025-05-22 04:14:14,011 - P15228 - INFO - Após processar URL 5 Uso de memória: 123.36 MB
2025-05-22 04:14:14,011 - P15228 - INFO - Processando URL 6/18: https://www.crmpr.org.br/atualiza/listar.php/1000
2025-05-22 04:14:16,382 - P15228 - INFO - HTML salvo para debug: data\debug_html_v10\ef9ecbfd4e4ebf12f11d844e151b4f0b.html
2025-05-22 04:14:16,507 - P15228 - INFO - Candidates address: 0 items
2025-05-22 04:14:16,507 - P15228 - INFO - Candidates phone: 1 items
2025-05-22 04:14:16,507 - P15228 - INFO - Candidates email: 1 items
2025-05-22 04:14:16,508 - P15228 - INFO - Candidates complement: 0 items
2025-05-22 04:14:16,508 - P15228 - INFO - Candidates cep: 0 items
2025-05-22 04:14:16,508 - P15228 - INFO - Após processar URL 6 Uso de memória: 123.67 MB
2025-05-22 04:14:16,508 - P15228 - INFO - Processando URL 7/18: https://www.econodata.com.br/consulta-empresa/28443783000105-CFS-CLINICA-MEDICA-LTDA
2025-05-22 04:14:20,099 - P15228 - INFO - HTML salvo para debug: data\debug_html_v10\2b32185c66deb246f1c22f9581b4eb63.html
2025-05-22 04:14:20,223 - P15228 - INFO - Candidates address: 27 items
2025-05-22 04:14:20,223 - P15228 - INFO - Candidates phone: 0 items
2025-05-22 04:14:20,223 - P15228 - INFO - Candidates email: 0 items
2025-05-22 04:14:20,224 - P15228 - INFO - Candidates complement: 3 items
2025-05-22 04:14:20,224 - P15228 - INFO - Candidates cep: 1 items
2025-05-22 04:14:20,224 - P15228 - INFO - Após processar URL 7 Uso de memória: 125.45 MB
2025-05-22 04:14:20,224 - P15228 - INFO - Processando URL 8/18: https://cliniguia.com/profissionais/caio-fabricio-de-souza-705000435865256/
2025-05-22 04:14:25,313 - P15228 - INFO - HTML salvo para debug: data\debug_html_v10\52c49647712299364d77cc8353795d7e.html
2025-05-22 04:14:25,360 - P15228 - INFO - Candidates address: 0 items
2025-05-22 04:14:25,360 - P15228 - INFO - Candidates phone: 0 items
2025-05-22 04:14:25,360 - P15228 - INFO - Candidates email: 0 items
2025-05-22 04:14:25,360 - P15228 - INFO - Candidates complement: 0 items
2025-05-22 04:14:25,360 - P15228 - INFO - Candidates cep: 0 items
2025-05-22 04:14:25,361 - P15228 - INFO - Após processar URL 8 Uso de memória: 124.73 MB
2025-05-22 04:14:25,361 - P15228 - INFO - Processando URL 9/18: https://consultacrm.com.br/
2025-05-22 04:14:28,821 - P15228 - INFO - HTML salvo para debug: data\debug_html_v10\65cadeb91ac3713432c21b535990f440.html
2025-05-22 04:14:28,835 - P15228 - INFO - Candidates address: 0 items
2025-05-22 04:14:28,837 - P15228 - INFO - Candidates phone: 0 items
2025-05-22 04:14:28,837 - P15228 - INFO - Candidates email: 0 items
2025-05-22 04:14:28,838 - P15228 - INFO - Candidates complement: 0 items
2025-05-22 04:14:28,838 - P15228 - INFO - Candidates cep: 0 items
2025-05-22 04:14:28,839 - P15228 - INFO - Após processar URL 9 Uso de memória: 125.18 MB
2025-05-22 04:14:28,839 - P15228 - INFO - Processando URL 10/18: https://www2.bauru.sp.gov.br/arquivos/sist_diariooficial/2013/08/do_20130817_2283.pdf
2025-05-22 04:14:28,840 - P15228 - INFO - Ignorando URL de arquivo não-HTML: https://www2.bauru.sp.gov.br/arquivos/sist_diariooficial/2013/08/do_20130817_2283.pdf
2025-05-22 04:14:28,840 - P15228 - INFO - Após processar URL 10 Uso de memória: 125.18 MB
2025-05-22 04:14:28,841 - P15228 - INFO - Processando URL 11/18: https://www.doctoralia.com.br/caio-souza-2/generalista/ponta-grossa
2025-05-22 04:14:28,841 - P15228 - INFO - Ignorando URL de arquivo não-HTML: https://www.doctoralia.com.br/caio-souza-2/generalista/ponta-grossa
2025-05-22 04:14:28,842 - P15228 - INFO - Após processar URL 11 Uso de memória: 125.18 MB
2025-05-22 04:14:28,842 - P15228 - INFO - Processando URL 12/18: https://pesquisadje-api.tjdft.jus.br/v1/diarios/pdf/2024/192.pdf
2025-05-22 04:14:28,842 - P15228 - INFO - Ignorando URL de arquivo não-HTML: https://pesquisadje-api.tjdft.jus.br/v1/diarios/pdf/2024/192.pdf
2025-05-22 04:14:28,843 - P15228 - INFO - Após processar URL 12 Uso de memória: 125.18 MB
2025-05-22 04:14:28,843 - P15228 - INFO - Processando URL 13/18: https://www.saobernardo.sp.gov.br/documents/10181/1812128/NM+2464+de+26.07.2024+-++Conte%C3%BAdo+Integral.pdf/0853ea6e-57d5-e462-6160-b9e95227cd15
2025-05-22 04:14:28,843 - P15228 - INFO - Ignorando URL de arquivo não-HTML: https://www.saobernardo.sp.gov.br/documents/10181/1812128/NM+2464+de+26.07.2024+-++Conte%C3%BAdo+Integral.pdf/0853ea6e-57d5-e462-6160-b9e95227cd15
2025-05-22 04:14:28,843 - P15228 - INFO - Após processar URL 13 Uso de memória: 125.18 MB
2025-05-22 04:14:28,844 - P15228 - INFO - Processando URL 14/18: https://www.sinj.df.gov.br/sinj/Diario/b6413565-d3f6-38df-a58d-6c8dd11442d0/DODF%20194%2014-10-2022%20INTEGRA.pdf
2025-05-22 04:14:28,844 - P15228 - INFO - Ignorando URL de arquivo não-HTML: https://www.sinj.df.gov.br/sinj/Diario/b6413565-d3f6-38df-a58d-6c8dd11442d0/DODF%20194%2014-10-2022%20INTEGRA.pdf
2025-05-22 04:14:28,844 - P15228 - INFO - Após processar URL 14 Uso de memória: 125.18 MB
2025-05-22 04:14:28,844 - P15228 - INFO - Processando URL 15/18: https://guiasaudebrasil.com.br/profissional/ede205732b93a201-caio-fabricio-de-souza
2025-05-22 04:14:33,530 - P15228 - INFO - HTML salvo para debug: data\debug_html_v10\12f95eac0eb7c2bb835d979c36273f17.html
2025-05-22 04:14:33,540 - P15228 - INFO - Candidates address: 0 items
2025-05-22 04:14:33,540 - P15228 - INFO - Candidates phone: 0 items
2025-05-22 04:14:33,540 - P15228 - INFO - Candidates email: 0 items
2025-05-22 04:14:33,541 - P15228 - INFO - Candidates complement: 0 items
2025-05-22 04:14:33,541 - P15228 - INFO - Candidates cep: 1 items
2025-05-22 04:14:33,541 - P15228 - INFO - Após processar URL 15 Uso de memória: 125.20 MB
2025-05-22 04:14:33,541 - P15228 - INFO - Processando URL 16/18: https://cnpj.biz/28443783000105
2025-05-22 04:14:35,806 - P15228 - INFO - HTML salvo para debug: data\debug_html_v10\9e6a6880b61e62b44bcaf3621299f8bb.html
2025-05-22 04:14:35,822 - P15228 - INFO - Candidates address: 2 items
2025-05-22 04:14:35,822 - P15228 - INFO - Candidates phone: 1 items
2025-05-22 04:14:35,823 - P15228 - INFO - Candidates email: 1 items
2025-05-22 04:14:35,823 - P15228 - INFO - Candidates complement: 2 items
2025-05-22 04:14:35,824 - P15228 - INFO - Candidates cep: 3 items
2025-05-22 04:14:35,824 - P15228 - INFO - Após processar URL 16 Uso de memória: 125.22 MB
2025-05-22 04:14:35,824 - P15228 - INFO - Processando URL 17/18: https://cadastroempresa.com.br/fornecedor/clinica-dr-caio-souza-28443783000105
2025-05-22 04:14:38,398 - P15228 - INFO - HTML salvo para debug: data\debug_html_v10\0e3a6bfbb4711925ac0b7d534544946d.html
2025-05-22 04:14:38,421 - P15228 - INFO - Candidates address: 0 items
2025-05-22 04:14:38,421 - P15228 - INFO - Candidates phone: 1 items
2025-05-22 04:14:38,421 - P15228 - INFO - Candidates email: 1 items
2025-05-22 04:14:38,422 - P15228 - INFO - Candidates complement: 2 items
2025-05-22 04:14:38,422 - P15228 - INFO - Candidates cep: 3 items
2025-05-22 04:14:38,422 - P15228 - INFO - Após processar URL 17 Uso de memória: 125.23 MB
2025-05-22 04:14:38,422 - P15228 - INFO - Processando URL 18/18: https://www.boaconsulta.com/especialista/caio-fabricio-de-souza-610577eb40ebb50278001279
2025-05-22 04:14:41,892 - P15228 - INFO - HTML salvo para debug: data\debug_html_v10\b1af690a60e1b7de71858ae91b20016a.html
2025-05-22 04:14:41,964 - P15228 - INFO - Candidates address: 1 items
2025-05-22 04:14:41,964 - P15228 - INFO - Candidates phone: 0 items
2025-05-22 04:14:41,964 - P15228 - INFO - Candidates email: 0 items
2025-05-22 04:14:41,965 - P15228 - INFO - Candidates complement: 0 items
2025-05-22 04:14:41,965 - P15228 - INFO - Candidates cep: 0 items
2025-05-22 04:14:41,965 - P15228 - INFO - Após processar URL 18 Uso de memória: 125.25 MB
2025-05-22 04:14:41,965 - P15228 - INFO - Iniciando agregação e ranqueamento
2025-05-22 04:14:41,965 - P15228 - INFO - Ranked address: 31 items
2025-05-22 04:14:41,965 - P15228 - INFO - Ranked phone: 3 items
2025-05-22 04:14:41,965 - P15228 - INFO - Ranked email: 2 items
2025-05-22 04:14:41,966 - P15228 - INFO - Ranked complement: 5 items
2025-05-22 04:14:41,966 - P15228 - INFO - Ranked cep: 4 items
2025-05-22 04:14:41,966 - P15228 - INFO - Após agregação Uso de memória: 125.25 MB
2025-05-22 04:14:41,966 - P15228 - INFO - Validando endereço: ['Rua Padre Ildefonso, 475', 'R. CAIO SOUZA) de CNPJ 28443783000105', 'R. CAIO SOUZA) é: 86305']
2025-05-22 04:14:41,967 - P15228 - INFO - Endereço validado: Rua Padre Ildefonso, 475
2025-05-22 04:14:41,967 - P15228 - INFO - Limpando texto extenso para campo address: Rua Padre Ildefonso, 475...
2025-05-22 04:14:41,968 - P15228 - INFO - Texto limpo: Rua Padre Ildefonso, 475
2025-05-22 04:14:41,968 - P15228 - INFO - Validando telefone: ['(42) 99800-2750', '(42) 9800-2750', '(41) 3240-4039']
2025-05-22 04:14:41,968 - P15228 - INFO - Limpando texto extenso para campo phone: (42) 99800-2750...
2025-05-22 04:14:41,968 - P15228 - INFO - Texto limpo: 42) 99800-2750
2025-05-22 04:14:41,968 - P15228 - INFO - Telefone validado: 42) 99800-2750
2025-05-22 04:14:41,968 - P15228 - INFO - Validando email: ['caio.souza_127@hotmail.com', 'atualiza@crmpr.org.br']
2025-05-22 04:14:41,969 - P15228 - INFO - Limpando texto extenso para campo email: caio.souza_127@hotmail.com...
2025-05-22 04:14:41,969 - P15228 - INFO - Texto limpo: caio.souza_127@hotmail.com
2025-05-22 04:14:41,969 - P15228 - INFO - Email validado: caio.souza_127@hotmail.com
2025-05-22 04:14:41,969 - P15228 - INFO - Validando complemento: ['Sala  31                  Edif  Manhattan Clinical  Cl', 'Sala  31                  Edif  Manhattan Clinical  Ce', 'Sala 31 Edif Manhattan Clinical Bairro: Centro Municíp']
2025-05-22 04:14:41,970 - P15228 - INFO - Limpando texto extenso para campo complement: Sala  31                  Edif  Manhattan Clinical...
2025-05-22 04:14:41,970 - P15228 - INFO - Texto limpo: Sala 31 Edif
2025-05-22 04:14:41,971 - P15228 - INFO - Complemento validado: Sala 31 Edif
2025-05-22 04:14:41,971 - P15228 - INFO - Descobrindo cidade
2025-05-22 04:14:41,971 - P15228 - INFO - Buscando cidade: Rua Padre Ildefonso cidade PR
2025-05-22 04:14:45,651 - P15228 - INFO - Cidade encontrada: Curitiba
2025-05-22 04:14:45,651 - P15228 - INFO - Limpando texto extenso para campo city: Curitiba...
2025-05-22 04:14:45,652 - P15228 - INFO - Texto limpo: Curitiba
2025-05-22 04:14:45,652 - P15228 - INFO - Cidade descoberta: Curitiba
2025-05-22 04:14:45,652 - P15228 - INFO - Buscando CEP com sistema de cascata
2025-05-22 04:14:45,652 - P15228 - INFO - Iniciando busca de CEP em cascata para: Rua Padre Ildefonso, Curitiba, PR
2025-05-22 04:14:45,653 - P15228 - INFO - Método 1: ViaCEP API
2025-05-22 04:14:45,653 - P15228 - INFO - Buscando no ViaCEP: https://viacep.com.br/ws/PR/curitiba/rua%20padre%20ildefonso/json/
2025-05-22 04:14:46,378 - P15228 - INFO - Dados encontrados no ViaCEP: {'cep': '80240-160', 'logradouro': 'Rua Padre Ildefonso', 'complemento': '', 'unidade': '', 'bairro': 'Batel', 'localidade': 'Curitiba', 'uf': 'PR', 'estado': 'Paraná', 'regiao': 'Sul', 'ibge': '4106902', 'gia': '', 'ddd': '41', 'siafi': '7535'}
2025-05-22 04:14:46,381 - P15228 - INFO - CEP encontrado via ViaCEP: 80240-160
2025-05-22 04:14:46,381 - P15228 - INFO - Dados de CEP encontrados: {'cep': '80240-160', 'logradouro': 'Rua Padre Ildefonso', 'complemento': '', 'unidade': '', 'bairro': 'Batel', 'localidade': 'Curitiba', 'uf': 'PR', 'estado': 'Paraná', 'regiao': 'Sul', 'ibge': '4106902', 'gia': '', 'ddd': '41', 'siafi': '7535'}
2025-05-22 04:14:46,381 - P15228 - INFO - Limpando texto extenso para campo bairro: Batel...
2025-05-22 04:14:46,382 - P15228 - INFO - Texto limpo: Batel
2025-05-22 04:14:46,382 - P15228 - INFO - Limpando texto extenso para campo city: Curitiba...
2025-05-22 04:14:46,382 - P15228 - INFO - Texto limpo: Curitiba
2025-05-22 04:14:46,382 - P15228 - INFO - Limpando texto extenso para campo state: PR...
2025-05-22 04:14:46,382 - P15228 - INFO - Texto limpo: PR
2025-05-22 04:14:46,382 - P15228 - INFO - Tempo de execução de processamento completo do médico: 45.25 segundos
2025-05-22 04:14:46,383 - P15228 - INFO - Resultado processado: {'Hash': '6eddcafbc75e3cb121085953b19df93bd5ef06d7521d4feb3e2503765c5baa00', 'CRM': '38547', 'UF': 'PR', 'Firstname': 'CAIO', 'LastName': 'FABRICIO DE SOUZA', 'Medical specialty': '', 'Endereco Completo A1': 'Rua Padre Ildefonso, 475', 'Address A1': 'Rua Padre Ildefonso', 'Numero A1': '475', 'Complement A1': 'Sala 31 Edif', 'Bairro A1': 'Batel', 'postal code A1': '80240-160', 'City A1': 'Curitiba', 'State A1': 'PR', 'Phone A1': '42) 99800-2750', 'Phone A2': '', 'Cell phone A1': '', 'Cell phone A2': '', 'E-mail A1': 'caio.souza_127@hotmail.com', 'E-mail A2': '', 'OPT-IN': '', 'STATUS': '', 'LOTE': ''}
2025-05-22 04:14:46,383 - P15228 - INFO - Progresso: 64.7%
2025-05-22 04:14:46,384 - P15228 - INFO - Tempo de execução de processamento do médico 2: 45.25 segundos
2025-05-22 04:14:46,384 - P15228 - INFO - 
==================================================
Processando médico 3/3
2025-05-22 04:14:46,384 - P15228 - INFO - Nome: GUILHERME GARRIDO PELLOSO
2025-05-22 04:14:46,384 - P15228 - INFO - Início do processamento Uso de memória: 122.27 MB
2025-05-22 04:14:46,385 - P15228 - INFO - Iniciando busca para: GUILHERME GARRIDO PELLOSO CRM 39182 PR telefone e-mail endereço
2025-05-22 04:14:47,369 - P15228 - INFO - SearX results: 9 URLs
2025-05-22 04:14:47,370 - P15228 - INFO - Após SearX Uso de memória: 122.27 MB
2025-05-22 04:14:50,470 - P15228 - INFO - Google results: 4 URLs
2025-05-22 04:14:50,470 - P15228 - INFO - Após Google Uso de memória: 123.77 MB
2025-05-22 04:14:53,065 - P15228 - INFO - Bing results: 8 URLs
2025-05-22 04:14:53,065 - P15228 - INFO - Após Bing Uso de memória: 125.54 MB
2025-05-22 04:14:53,065 - P15228 - INFO - Total de URLs únicas: 12
2025-05-22 04:14:53,065 - P15228 - INFO - Processando URL 1/12: https://www.informecadastral.com.br/cnpj/movo-saude-personalizada-ltda-46787952000106
2025-05-22 04:14:57,790 - P15228 - INFO - HTML salvo para debug: data\debug_html_v10\a90d50a83d967bf2f2d7dd5a285981a3.html
2025-05-22 04:14:57,815 - P15228 - INFO - Candidates address: 1 items
2025-05-22 04:14:57,816 - P15228 - INFO - Candidates phone: 2 items
2025-05-22 04:14:57,816 - P15228 - INFO - Candidates email: 1 items
2025-05-22 04:14:57,816 - P15228 - INFO - Candidates complement: 0 items
2025-05-22 04:14:57,816 - P15228 - INFO - Candidates cep: 3 items
2025-05-22 04:14:57,816 - P15228 - INFO - Após processar URL 1 Uso de memória: 125.54 MB
2025-05-22 04:14:57,816 - P15228 - INFO - Processando URL 2/12: https://www.econodata.com.br/consulta-empresa/46787952000106-MOVO-SAUDE-PERSONALIZADA-LTDA
2025-05-22 04:15:02,199 - P15228 - INFO - HTML salvo para debug: data\debug_html_v10\202b19a7147c39ff9ed3fbfb42bb3d98.html
2025-05-22 04:15:02,321 - P15228 - INFO - Candidates address: 25 items
2025-05-22 04:15:02,321 - P15228 - INFO - Candidates phone: 0 items
2025-05-22 04:15:02,322 - P15228 - INFO - Candidates email: 0 items
2025-05-22 04:15:02,322 - P15228 - INFO - Candidates complement: 2 items
2025-05-22 04:15:02,322 - P15228 - INFO - Candidates cep: 1 items
2025-05-22 04:15:02,322 - P15228 - INFO - Após processar URL 2 Uso de memória: 126.38 MB
2025-05-22 04:15:02,322 - P15228 - INFO - Processando URL 3/12: https://www.consultasocio.com/q/sa/guilherme-garrido-pelloso
2025-05-22 04:15:05,383 - P15228 - INFO - HTML salvo para debug: data\debug_html_v10\0aa2b6090ec39a2801b4aaa0dd921a01.html
2025-05-22 04:15:05,390 - P15228 - INFO - Candidates address: 3 items
2025-05-22 04:15:05,390 - P15228 - INFO - Candidates phone: 0 items
2025-05-22 04:15:05,390 - P15228 - INFO - Candidates email: 3 items
2025-05-22 04:15:05,390 - P15228 - INFO - Candidates complement: 3 items
2025-05-22 04:15:05,391 - P15228 - INFO - Candidates cep: 6 items
2025-05-22 04:15:05,391 - P15228 - INFO - Após processar URL 3 Uso de memória: 125.57 MB
2025-05-22 04:15:05,391 - P15228 - INFO - Processando URL 4/12: https://agendarconsulta.com/perfil/dr-guilherme-garrido-pelloso-1541885111
2025-05-22 04:15:11,247 - P15228 - INFO - HTML salvo para debug: data\debug_html_v10\ece14fffd21dd3c5916965853f13c120.html
2025-05-22 04:15:11,276 - P15228 - INFO - Candidates address: 2 items
2025-05-22 04:15:11,276 - P15228 - INFO - Candidates phone: 1 items
2025-05-22 04:15:11,277 - P15228 - INFO - Candidates email: 0 items
2025-05-22 04:15:11,277 - P15228 - INFO - Candidates complement: 0 items
2025-05-22 04:15:11,277 - P15228 - INFO - Candidates cep: 1 items
2025-05-22 04:15:11,277 - P15228 - INFO - Após processar URL 4 Uso de memória: 125.57 MB
2025-05-22 04:15:11,277 - P15228 - INFO - Processando URL 5/12: https://consultacrm.com.br/
2025-05-22 04:15:14,516 - P15228 - INFO - HTML salvo para debug: data\debug_html_v10\65cadeb91ac3713432c21b535990f440.html
2025-05-22 04:15:14,530 - P15228 - INFO - Candidates address: 0 items
2025-05-22 04:15:14,530 - P15228 - INFO - Candidates phone: 0 items
2025-05-22 04:15:14,530 - P15228 - INFO - Candidates email: 0 items
2025-05-22 04:15:14,531 - P15228 - INFO - Candidates complement: 0 items
2025-05-22 04:15:14,531 - P15228 - INFO - Candidates cep: 0 items
2025-05-22 04:15:14,531 - P15228 - INFO - Após processar URL 5 Uso de memória: 125.69 MB
2025-05-22 04:15:14,531 - P15228 - INFO - Processando URL 6/12: https://www.benditoguia.com.br/empresa/dr-guilherme-garrido-pelloso-gleba-fazenda-palhano-londrina-pr
2025-05-22 04:15:19,349 - P15228 - INFO - HTML salvo para debug: data\debug_html_v10\1b960a8a2034690fadc36dd7cd1a95dd.html
2025-05-22 04:15:19,372 - P15228 - INFO - Candidates address: 1 items
2025-05-22 04:15:19,373 - P15228 - INFO - Candidates phone: 1 items
2025-05-22 04:15:19,374 - P15228 - INFO - Candidates email: 0 items
2025-05-22 04:15:19,375 - P15228 - INFO - Candidates complement: 1 items
2025-05-22 04:15:19,376 - P15228 - INFO - Candidates cep: 1 items
2025-05-22 04:15:19,376 - P15228 - INFO - Após processar URL 6 Uso de memória: 125.70 MB
2025-05-22 04:15:19,378 - P15228 - INFO - Processando URL 7/12: https://www.drguilhermegarrido.com.br/sobre-mim/
2025-05-22 04:15:23,336 - P15228 - INFO - HTML salvo para debug: data\debug_html_v10\87e5e8541c8d272f5ecff061de6578bc.html
2025-05-22 04:15:23,345 - P15228 - INFO - Candidates address: 0 items
2025-05-22 04:15:23,345 - P15228 - INFO - Candidates phone: 0 items
2025-05-22 04:15:23,346 - P15228 - INFO - Candidates email: 0 items
2025-05-22 04:15:23,346 - P15228 - INFO - Candidates complement: 0 items
2025-05-22 04:15:23,346 - P15228 - INFO - Candidates cep: 0 items
2025-05-22 04:15:23,346 - P15228 - INFO - Após processar URL 7 Uso de memória: 125.70 MB
2025-05-22 04:15:23,346 - P15228 - INFO - Processando URL 8/12: https://www.drguilhermegarrido.com.br/contato/
2025-05-22 04:15:27,118 - P15228 - INFO - HTML salvo para debug: data\debug_html_v10\3727d3255bbcc609a486a91e71804694.html
2025-05-22 04:15:27,127 - P15228 - INFO - Candidates address: 1 items
2025-05-22 04:15:27,127 - P15228 - INFO - Candidates phone: 0 items
2025-05-22 04:15:27,127 - P15228 - INFO - Candidates email: 1 items
2025-05-22 04:15:27,127 - P15228 - INFO - Candidates complement: 0 items
2025-05-22 04:15:27,128 - P15228 - INFO - Candidates cep: 0 items
2025-05-22 04:15:27,128 - P15228 - INFO - Após processar URL 8 Uso de memória: 125.70 MB
2025-05-22 04:15:27,128 - P15228 - INFO - Processando URL 9/12: https://www.escavador.com/sobre/4422001/guilherme-garrido-pelloso
2025-05-22 04:15:31,208 - P15228 - INFO - HTML salvo para debug: data\debug_html_v10\19757387c152d52cd5770084142934fc.html
2025-05-22 04:15:31,223 - P15228 - INFO - Candidates address: 0 items
2025-05-22 04:15:31,223 - P15228 - INFO - Candidates phone: 0 items
2025-05-22 04:15:31,223 - P15228 - INFO - Candidates email: 0 items
2025-05-22 04:15:31,223 - P15228 - INFO - Candidates complement: 0 items
2025-05-22 04:15:31,223 - P15228 - INFO - Candidates cep: 0 items
2025-05-22 04:15:31,223 - P15228 - INFO - Após processar URL 9 Uso de memória: 125.70 MB
2025-05-22 04:15:31,223 - P15228 - INFO - Processando URL 10/12: https://inteligen.com.br/empresa/movo-saude-personalizada-ltda-46787952000106
2025-05-22 04:15:35,212 - P15228 - INFO - HTML salvo para debug: data\debug_html_v10\ff840e18bd09dd68314c2b70e93d715c.html
2025-05-22 04:15:35,226 - P15228 - INFO - Candidates address: 0 items
2025-05-22 04:15:35,226 - P15228 - INFO - Candidates phone: 1 items
2025-05-22 04:15:35,226 - P15228 - INFO - Candidates email: 1 items
2025-05-22 04:15:35,226 - P15228 - INFO - Candidates complement: 0 items
2025-05-22 04:15:35,226 - P15228 - INFO - Candidates cep: 2 items
2025-05-22 04:15:35,227 - P15228 - INFO - Após processar URL 10 Uso de memória: 125.70 MB
2025-05-22 04:15:35,227 - P15228 - INFO - Processando URL 11/12: https://www.drguilhermegarrido.com.br/
2025-05-22 04:15:38,614 - P15228 - INFO - HTML salvo para debug: data\debug_html_v10\f7fb4ccdc9e6f6596fc6e5ee883374ad.html
2025-05-22 04:15:38,636 - P15228 - INFO - Candidates address: 0 items
2025-05-22 04:15:38,636 - P15228 - INFO - Candidates phone: 0 items
2025-05-22 04:15:38,636 - P15228 - INFO - Candidates email: 0 items
2025-05-22 04:15:38,637 - P15228 - INFO - Candidates complement: 0 items
2025-05-22 04:15:38,637 - P15228 - INFO - Candidates cep: 0 items
2025-05-22 04:15:38,637 - P15228 - INFO - Após processar URL 11 Uso de memória: 125.70 MB
2025-05-22 04:15:38,637 - P15228 - INFO - Processando URL 12/12: https://cnpj.biz/46787952000106
2025-05-22 04:15:40,991 - P15228 - INFO - HTML salvo para debug: data\debug_html_v10\35830778417eb7f88dfeab3cf585818e.html
2025-05-22 04:15:40,994 - P15228 - INFO - Candidates address: 0 items
2025-05-22 04:15:40,994 - P15228 - INFO - Candidates phone: 0 items
2025-05-22 04:15:40,995 - P15228 - INFO - Candidates email: 0 items
2025-05-22 04:15:40,995 - P15228 - INFO - Candidates complement: 0 items
2025-05-22 04:15:40,995 - P15228 - INFO - Candidates cep: 0 items
2025-05-22 04:15:40,995 - P15228 - INFO - Após processar URL 12 Uso de memória: 125.70 MB
2025-05-22 04:15:40,995 - P15228 - INFO - Iniciando agregação e ranqueamento
2025-05-22 04:15:40,996 - P15228 - INFO - Ranked address: 33 items
2025-05-22 04:15:40,996 - P15228 - INFO - Ranked phone: 4 items
2025-05-22 04:15:40,996 - P15228 - INFO - Ranked email: 4 items
2025-05-22 04:15:40,996 - P15228 - INFO - Ranked complement: 6 items
2025-05-22 04:15:40,997 - P15228 - INFO - Ranked cep: 10 items
2025-05-22 04:15:40,998 - P15228 - INFO - Após agregação Uso de memória: 125.70 MB
2025-05-22 04:15:40,999 - P15228 - INFO - Validando endereço: ['Rua Padre Arnaldo Jansen, 200', 'Avenida Ayrton Senna da Silva, 300', 'Avenida Israel Pinheiro, 487']
2025-05-22 04:15:41,001 - P15228 - INFO - Endereço validado: Rua Padre Arnaldo Jansen, 200
2025-05-22 04:15:41,002 - P15228 - INFO - Limpando texto extenso para campo address: Rua Padre Arnaldo Jansen, 200...
2025-05-22 04:15:41,003 - P15228 - INFO - Texto limpo: Rua Padre Arnaldo Jansen, 200
2025-05-22 04:15:41,004 - P15228 - INFO - Validando telefone: ['(11) 3042-9303', '(32) 99195-6532', '(11) 95090-1706']
2025-05-22 04:15:41,004 - P15228 - INFO - Limpando texto extenso para campo phone: (11) 3042-9303...
2025-05-22 04:15:41,004 - P15228 - INFO - Texto limpo: 11) 3042-9303
2025-05-22 04:15:41,004 - P15228 - INFO - Telefone validado: 11) 3042-9303
2025-05-22 04:15:41,005 - P15228 - INFO - Validando email: ['guilherme.garrido@hotmail.com', 'CONTABIL@FSGA.COM.BR', 'ADILPELLOSO@HOTMAIL.COM']
2025-05-22 04:15:41,007 - P15228 - INFO - Limpando texto extenso para campo email: guilherme.garrido@hotmail.com...
2025-05-22 04:15:41,007 - P15228 - INFO - Texto limpo: guilherme.garrido@hotmail.com
2025-05-22 04:15:41,008 - P15228 - INFO - Email validado: guilherme.garrido@hotmail.com
2025-05-22 04:15:41,008 - P15228 - INFO - Validando complemento: ['Sala 808 Bairro: Gleba Fazenda Palhano Município/UF: L', 'Sala 808 - Gleba Fazenda Palhano', 'Apt   111 Santana']
2025-05-22 04:15:41,008 - P15228 - INFO - Limpando texto extenso para campo complement: Sala 808 Bairro: Gleba Fazenda Palhano Município/U...
2025-05-22 04:15:41,008 - P15228 - INFO - Texto limpo: Sala 808 Bairro: Gleba Fazenda
2025-05-22 04:15:41,009 - P15228 - INFO - Complemento validado: Sala 808 Bairro: Gleba Fazenda
2025-05-22 04:15:41,009 - P15228 - INFO - Descobrindo cidade
2025-05-22 04:15:41,009 - P15228 - INFO - Buscando cidade: Rua Padre Arnaldo Jansen cidade PR
2025-05-22 04:15:43,550 - P15228 - WARNING - Cidade não encontrada
2025-05-22 04:15:43,550 - P15228 - INFO - Cidade descoberta: 
2025-05-22 04:15:43,551 - P15228 - INFO - Tempo de execução de processamento completo do médico: 57.17 segundos
2025-05-22 04:15:43,551 - P15228 - INFO - Resultado processado: {'Hash': 'f40d6faa84ab1191df857a3fc14837626450742ab5e67ae77fd792d31b261277', 'CRM': '39182', 'UF': 'PR', 'Firstname': 'GUILHERME', 'LastName': 'GARRIDO PELLOSO', 'Medical specialty': '', 'Endereco Completo A1': 'Rua Padre Arnaldo Jansen, 200', 'Address A1': 'Rua Padre Arnaldo Jansen', 'Numero A1': '200', 'Complement A1': 'Sala 808 Bairro: Gleba Fazenda', 'Bairro A1': '', 'postal code A1': '', 'City A1': '', 'State A1': '', 'Phone A1': '11) 3042-9303', 'Phone A2': '', 'Cell phone A1': '', 'Cell phone A2': '', 'E-mail A1': 'guilherme.garrido@hotmail.com', 'E-mail A2': '', 'OPT-IN': '', 'STATUS': '', 'LOTE': ''}
2025-05-22 04:15:43,552 - P15228 - INFO - Salvando lote de resultados
2025-05-22 04:15:43,553 - P15228 - INFO - Após salvar resultados Uso de memória: 122.49 MB
2025-05-22 04:15:43,554 - P15228 - INFO - Progresso: 65.1%
2025-05-22 04:15:43,554 - P15228 - INFO - Tempo de execução de processamento do médico 3: 57.17 segundos
2025-05-22 04:15:43,555 - P15228 - INFO - Tempo de execução de processamento do lote completo: 174.87 segundos
