2025-05-22 03:03:06,120 - P17320 - INFO - 
==================================================
Processando médico 1/3
2025-05-22 03:03:06,120 - P17320 - INFO - Nome: RAFAEL DONIZETE LOPES
2025-05-22 03:03:06,121 - P17320 - INFO - Reiniciando driver do Chrome
2025-05-22 03:03:08,236 - P17320 - INFO - Após reiniciar driver Uso de memória: 107.11 MB
2025-05-22 03:03:08,237 - P17320 - INFO - Início do processamento Uso de memória: 107.11 MB
2025-05-22 03:03:08,237 - P17320 - INFO - Iniciando busca para: RAFAEL DONIZETE LOPES CRM 103565 SP telefone e-mail endereço
2025-05-22 03:03:08,788 - P17320 - INFO - SearX results: 8 URLs
2025-05-22 03:03:08,788 - P17320 - INFO - Após SearX Uso de memória: 107.11 MB
2025-05-22 03:03:11,427 - P17320 - INFO - Google results: 10 URLs
2025-05-22 03:03:11,428 - P17320 - INFO - Após Google Uso de memória: 107.11 MB
2025-05-22 03:03:14,281 - P17320 - INFO - Bing results: 9 URLs
2025-05-22 03:03:14,281 - P17320 - INFO - Após Bing Uso de memória: 107.93 MB
2025-05-22 03:03:14,281 - P17320 - INFO - Total de URLs únicas: 19
2025-05-22 03:03:14,281 - P17320 - INFO - Processando URL 1/19: https://www2.bauru.sp.gov.br/arquivos/sist_diariooficial/2024/04/do_20240416_3829.pdf
2025-05-22 03:03:14,282 - P17320 - INFO - Ignorando URL de arquivo não-HTML: https://www2.bauru.sp.gov.br/arquivos/sist_diariooficial/2024/04/do_20240416_3829.pdf
2025-05-22 03:03:14,282 - P17320 - INFO - Após processar URL 1 Uso de memória: 107.93 MB
2025-05-22 03:03:14,282 - P17320 - INFO - Processando URL 2/19: https://www.consultacrm.com.br/index/medicos/uid-82d3f39a-f5c5-11ec-9e74-0a4aa568c625/rafael_donizete_lopes
2025-05-22 03:03:19,464 - P17320 - INFO - HTML salvo para debug: data\debug_html_v10\9553cdea59613da642d6f5bf4cb64b47.html
2025-05-22 03:03:19,477 - P17320 - INFO - Candidates address: 0 items
2025-05-22 03:03:19,478 - P17320 - INFO - Candidates phone: 0 items
2025-05-22 03:03:19,478 - P17320 - INFO - Candidates email: 0 items
2025-05-22 03:03:19,478 - P17320 - INFO - Candidates complement: 0 items
2025-05-22 03:03:19,478 - P17320 - INFO - Candidates cep: 0 items
2025-05-22 03:03:19,478 - P17320 - INFO - Após processar URL 2 Uso de memória: 109.30 MB
2025-05-22 03:03:19,478 - P17320 - INFO - Processando URL 3/19: https://guiamedico.cremesp.org.br/
2025-05-22 03:03:21,593 - P17320 - INFO - HTML salvo para debug: data\debug_html_v10\7c54969580769b63edd9abaa952e1fa2.html
2025-05-22 03:03:21,603 - P17320 - INFO - Candidates address: 1 items
2025-05-22 03:03:21,604 - P17320 - INFO - Candidates phone: 1 items
2025-05-22 03:03:21,609 - P17320 - INFO - Candidates email: 0 items
2025-05-22 03:03:21,614 - P17320 - INFO - Candidates complement: 0 items
2025-05-22 03:03:21,623 - P17320 - INFO - Candidates cep: 1 items
2025-05-22 03:03:21,629 - P17320 - INFO - Após processar URL 3 Uso de memória: 107.47 MB
2025-05-22 03:03:21,630 - P17320 - INFO - Processando URL 4/19: https://www.classemedica.com.br/medico/276019-rafael-donizete-lopes.htm
2025-05-22 03:03:34,978 - P17320 - INFO - HTML salvo para debug: data\debug_html_v10\cdafe1d4c0199ec041f40fbc951a9b68.html
2025-05-22 03:03:35,008 - P17320 - INFO - Candidates address: 0 items
2025-05-22 03:03:35,008 - P17320 - INFO - Candidates phone: 0 items
2025-05-22 03:03:35,008 - P17320 - INFO - Candidates email: 0 items
2025-05-22 03:03:35,008 - P17320 - INFO - Candidates complement: 0 items
2025-05-22 03:03:35,009 - P17320 - INFO - Candidates cep: 0 items
2025-05-22 03:03:35,009 - P17320 - INFO - Após processar URL 4 Uso de memória: 109.35 MB
2025-05-22 03:03:35,009 - P17320 - INFO - Processando URL 5/19: https://clinica.work/especialista/rafael-donizete-lopes-clinico-geral-itapira-sp
2025-05-22 03:03:39,017 - P17320 - INFO - HTML salvo para debug: data\debug_html_v10\6bce17202d27a1100fd6b42f588a275b.html
2025-05-22 03:03:39,035 - P17320 - INFO - Candidates address: 0 items
2025-05-22 03:03:39,035 - P17320 - INFO - Candidates phone: 0 items
2025-05-22 03:03:39,035 - P17320 - INFO - Candidates email: 0 items
2025-05-22 03:03:39,036 - P17320 - INFO - Candidates complement: 0 items
2025-05-22 03:03:39,036 - P17320 - INFO - Candidates cep: 1 items
2025-05-22 03:03:39,036 - P17320 - INFO - Após processar URL 5 Uso de memória: 107.50 MB
2025-05-22 03:03:39,036 - P17320 - INFO - Processando URL 6/19: https://osasco.sp.gov.br/site/wp-content/uploads/2022/02/iomo707.pdf
2025-05-22 03:03:39,036 - P17320 - INFO - Ignorando URL de arquivo não-HTML: https://osasco.sp.gov.br/site/wp-content/uploads/2022/02/iomo707.pdf
2025-05-22 03:03:39,037 - P17320 - INFO - Após processar URL 6 Uso de memória: 107.50 MB
2025-05-22 03:03:39,037 - P17320 - INFO - Processando URL 7/19: https://www.boaconsulta.com/especialista/rafael-donizete-lopes-6105f0672d98580128000386
2025-05-22 03:03:42,491 - P17320 - INFO - HTML salvo para debug: data\debug_html_v10\659bebe224bc7284f95d6b96c22785a6.html
2025-05-22 03:03:42,604 - P17320 - INFO - Candidates address: 4 items
2025-05-22 03:03:42,630 - P17320 - INFO - Candidates phone: 0 items
2025-05-22 03:03:42,634 - P17320 - INFO - Candidates email: 0 items
2025-05-22 03:03:42,635 - P17320 - INFO - Candidates complement: 0 items
2025-05-22 03:03:42,635 - P17320 - INFO - Candidates cep: 0 items
2025-05-22 03:03:42,635 - P17320 - INFO - Após processar URL 7 Uso de memória: 108.97 MB
2025-05-22 03:03:42,636 - P17320 - INFO - Processando URL 8/19: https://www.helpsaude.com/Rafael-Donizete-Lopes.MG
2025-05-22 03:03:49,556 - P17320 - INFO - HTML salvo para debug: data\debug_html_v10\c806af02ac4d3feb75afec53ed041334.html
2025-05-22 03:03:49,569 - P17320 - INFO - Candidates address: 1 items
2025-05-22 03:03:49,570 - P17320 - INFO - Candidates phone: 0 items
2025-05-22 03:03:49,571 - P17320 - INFO - Candidates email: 0 items
2025-05-22 03:03:49,572 - P17320 - INFO - Candidates complement: 0 items
2025-05-22 03:03:49,572 - P17320 - INFO - Candidates cep: 1 items
2025-05-22 03:03:49,573 - P17320 - INFO - Após processar URL 8 Uso de memória: 107.51 MB
2025-05-22 03:03:49,573 - P17320 - INFO - Processando URL 9/19: https://www.doctoralia.com.br/rafael-donizete-lopes/medico-clinico-geral/itapira
2025-05-22 03:03:49,573 - P17320 - INFO - Ignorando URL de arquivo não-HTML: https://www.doctoralia.com.br/rafael-donizete-lopes/medico-clinico-geral/itapira
2025-05-22 03:03:49,573 - P17320 - INFO - Após processar URL 9 Uso de memória: 107.51 MB
2025-05-22 03:03:49,573 - P17320 - INFO - Processando URL 10/19: https://www.doklist.com.br/dok/85318/
2025-05-22 03:03:55,202 - P17320 - INFO - HTML salvo para debug: data\debug_html_v10\bd4cabdfdfe56a94abd3522ac8e4c58e.html
2025-05-22 03:03:55,214 - P17320 - INFO - Candidates address: 1 items
2025-05-22 03:03:55,215 - P17320 - INFO - Candidates phone: 1 items
2025-05-22 03:03:55,215 - P17320 - INFO - Candidates email: 1 items
2025-05-22 03:03:55,215 - P17320 - INFO - Candidates complement: 0 items
2025-05-22 03:03:55,215 - P17320 - INFO - Candidates cep: 1 items
2025-05-22 03:03:55,215 - P17320 - INFO - Após processar URL 10 Uso de memória: 107.52 MB
2025-05-22 03:03:55,215 - P17320 - INFO - Processando URL 11/19: https://www.santacasaitapira.com.br/project/medico/medico-dr-rafael-donizete-lopes/
2025-05-22 03:03:59,032 - P17320 - INFO - HTML salvo para debug: data\debug_html_v10\bf0ac4b23ca70133698f6e1e85151167.html
2025-05-22 03:03:59,052 - P17320 - INFO - Candidates address: 0 items
2025-05-22 03:03:59,052 - P17320 - INFO - Candidates phone: 1 items
2025-05-22 03:03:59,052 - P17320 - INFO - Candidates email: 0 items
2025-05-22 03:03:59,053 - P17320 - INFO - Candidates complement: 0 items
2025-05-22 03:03:59,053 - P17320 - INFO - Candidates cep: 1 items
2025-05-22 03:03:59,053 - P17320 - INFO - Após processar URL 11 Uso de memória: 107.52 MB
2025-05-22 03:03:59,053 - P17320 - INFO - Processando URL 12/19: https://www.helpsaude.com/rafael-donizete-lopes.mg
2025-05-22 03:04:03,655 - P17320 - INFO - HTML salvo para debug: data\debug_html_v10\92ffd9aeed82d075aa2ab374da73f90a.html
2025-05-22 03:04:03,667 - P17320 - INFO - Candidates address: 1 items
2025-05-22 03:04:03,668 - P17320 - INFO - Candidates phone: 0 items
2025-05-22 03:04:03,668 - P17320 - INFO - Candidates email: 0 items
2025-05-22 03:04:03,668 - P17320 - INFO - Candidates complement: 0 items
2025-05-22 03:04:03,668 - P17320 - INFO - Candidates cep: 1 items
2025-05-22 03:04:03,668 - P17320 - INFO - Após processar URL 12 Uso de memória: 107.52 MB
2025-05-22 03:04:03,668 - P17320 - INFO - Processando URL 13/19: https://www.unimed.coop.br/site/documents/23634461/23917875/Guia+M%C3%A9dico+26032024.pdf/e2361a18-1138-447c-3360-4f0f1440e6e1?t=1711464740925
2025-05-22 03:04:03,669 - P17320 - INFO - Ignorando URL de arquivo não-HTML: https://www.unimed.coop.br/site/documents/23634461/23917875/Guia+M%C3%A9dico+26032024.pdf/e2361a18-1138-447c-3360-4f0f1440e6e1?t=1711464740925
2025-05-22 03:04:03,669 - P17320 - INFO - Após processar URL 13 Uso de memória: 107.52 MB
2025-05-22 03:04:03,669 - P17320 - INFO - Processando URL 14/19: https://www2.bauru.sp.gov.br/arquivos/sist_diariooficial/2023/11/do_20231128_3773.pdf
2025-05-22 03:04:03,669 - P17320 - INFO - Ignorando URL de arquivo não-HTML: https://www2.bauru.sp.gov.br/arquivos/sist_diariooficial/2023/11/do_20231128_3773.pdf
2025-05-22 03:04:03,669 - P17320 - INFO - Após processar URL 14 Uso de memória: 107.52 MB
2025-05-22 03:04:03,670 - P17320 - INFO - Processando URL 15/19: https://www.guiatelefone.com/itapira-sp/hospitais-e-laboratorios/2945041/clinica-ortopedica-rafael-lopes
2025-05-22 03:04:08,099 - P17320 - INFO - HTML salvo para debug: data\debug_html_v10\960d8940206dc963eaeecb609f3be50f.html
2025-05-22 03:04:08,115 - P17320 - INFO - Candidates address: 1 items
2025-05-22 03:04:08,115 - P17320 - INFO - Candidates phone: 8 items
2025-05-22 03:04:08,115 - P17320 - INFO - Candidates email: 0 items
2025-05-22 03:04:08,115 - P17320 - INFO - Candidates complement: 0 items
2025-05-22 03:04:08,115 - P17320 - INFO - Candidates cep: 3 items
2025-05-22 03:04:08,116 - P17320 - INFO - Após processar URL 15 Uso de memória: 107.52 MB
2025-05-22 03:04:08,116 - P17320 - INFO - Processando URL 16/19: https://www.unimed.coop.br/site/documents/23634461/23917875/Guia+M%C3%A9dico+03052024.pdf/2879c46e-578c-1fba-fb40-8010bb1216e3?t=1714738586717
2025-05-22 03:04:08,116 - P17320 - INFO - Ignorando URL de arquivo não-HTML: https://www.unimed.coop.br/site/documents/23634461/23917875/Guia+M%C3%A9dico+03052024.pdf/2879c46e-578c-1fba-fb40-8010bb1216e3?t=1714738586717
2025-05-22 03:04:08,116 - P17320 - INFO - Após processar URL 16 Uso de memória: 107.52 MB
2025-05-22 03:04:08,117 - P17320 - INFO - Processando URL 17/19: https://www.econodata.com.br/consulta-empresa/45998636000102-ORTOPEDIA-E-TRAMAUTOLOGIA-R-D-LOPES-LTDA
2025-05-22 03:04:13,064 - P17320 - INFO - HTML salvo para debug: data\debug_html_v10\33332117450e56f235a8cf4b52252095.html
2025-05-22 03:04:13,195 - P17320 - INFO - Candidates address: 36 items
2025-05-22 03:04:13,196 - P17320 - INFO - Candidates phone: 0 items
2025-05-22 03:04:13,196 - P17320 - INFO - Candidates email: 0 items
2025-05-22 03:04:13,196 - P17320 - INFO - Candidates complement: 0 items
2025-05-22 03:04:13,196 - P17320 - INFO - Candidates cep: 1 items
2025-05-22 03:04:13,196 - P17320 - INFO - Após processar URL 17 Uso de memória: 104.48 MB
2025-05-22 03:04:13,196 - P17320 - INFO - Processando URL 18/19: https://sistemadje.tjmt.jus.br/publicacoes/8706-2011.pdf
2025-05-22 03:04:13,196 - P17320 - INFO - Ignorando URL de arquivo não-HTML: https://sistemadje.tjmt.jus.br/publicacoes/8706-2011.pdf
2025-05-22 03:04:13,197 - P17320 - INFO - Após processar URL 18 Uso de memória: 103.66 MB
2025-05-22 03:04:13,197 - P17320 - INFO - Processando URL 19/19: https://www.tiete.sp.gov.br/imprensa_oficial/julho_2014.pdf
2025-05-22 03:04:13,197 - P17320 - INFO - Ignorando URL de arquivo não-HTML: https://www.tiete.sp.gov.br/imprensa_oficial/julho_2014.pdf
2025-05-22 03:04:13,197 - P17320 - INFO - Após processar URL 19 Uso de memória: 103.66 MB
2025-05-22 03:04:13,197 - P17320 - INFO - Iniciando agregação e ranqueamento
2025-05-22 03:04:13,197 - P17320 - INFO - Ranked address: 42 items
2025-05-22 03:04:13,198 - P17320 - INFO - Ranked phone: 11 items
2025-05-22 03:04:13,198 - P17320 - INFO - Ranked email: 1 items
2025-05-22 03:04:13,198 - P17320 - INFO - Ranked complement: 0 items
2025-05-22 03:04:13,198 - P17320 - INFO - Ranked cep: 8 items
2025-05-22 03:04:13,198 - P17320 - INFO - Após agregação Uso de memória: 103.66 MB
2025-05-22 03:04:13,198 - P17320 - INFO - Validando endereço: ['Rua Reverendo Alfredo Guimaraes, 111', 'Rua Alfredo Pujol , 307', 'Rua Duque de Caxias, 76']
2025-05-22 03:04:13,199 - P17320 - INFO - Endereço validado: Rua Reverendo Alfredo Guimaraes, 111
2025-05-22 03:04:13,199 - P17320 - INFO - Limpando texto extenso para campo address: Rua Reverendo Alfredo Guimaraes, 111...
2025-05-22 03:04:13,199 - P17320 - INFO - Texto limpo: Rua Reverendo Alfredo Guimaraes, 111
2025-05-22 03:04:13,199 - P17320 - INFO - Validando telefone: ['(11) 4349-9900', '(19) 3893-1313', '(19) 3843-9300']
2025-05-22 03:04:13,199 - P17320 - INFO - Limpando texto extenso para campo phone: (11) 4349-9900...
2025-05-22 03:04:13,199 - P17320 - INFO - Texto limpo: 11) 4349-9900
2025-05-22 03:04:13,199 - P17320 - INFO - Telefone validado: 11) 4349-9900
2025-05-22 03:04:13,200 - P17320 - INFO - Validando email: ['info@doklist.com.br']
2025-05-22 03:04:13,200 - P17320 - INFO - Limpando texto extenso para campo email: info@doklist.com.br...
2025-05-22 03:04:13,200 - P17320 - INFO - Texto limpo: info@doklist.com.br
2025-05-22 03:04:13,200 - P17320 - INFO - Email validado: info@doklist.com.br
2025-05-22 03:04:13,200 - P17320 - INFO - Descobrindo cidade
2025-05-22 03:04:13,200 - P17320 - INFO - Buscando cidade: Rua Reverendo Alfredo Guimaraes cidade SP
2025-05-22 03:04:16,184 - P17320 - INFO - Cidade encontrada: Itapira
2025-05-22 03:04:16,184 - P17320 - INFO - Limpando texto extenso para campo city: Itapira...
2025-05-22 03:04:16,185 - P17320 - INFO - Texto limpo: Itapira
2025-05-22 03:04:16,185 - P17320 - INFO - Cidade descoberta: Itapira
2025-05-22 03:04:16,195 - P17320 - INFO - Buscando CEP com sistema de cascata
2025-05-22 03:04:16,196 - P17320 - INFO - Iniciando busca de CEP em cascata para: Rua Reverendo Alfredo Guimaraes, Itapira, SP
2025-05-22 03:04:16,196 - P17320 - INFO - Método 1: ViaCEP API
2025-05-22 03:04:16,197 - P17320 - INFO - Buscando no ViaCEP: https://viacep.com.br/ws/SP/itapira/rua%20reverendo%20alfredo%20guimaraes/json/
2025-05-22 03:04:16,890 - P17320 - INFO - Dados encontrados no ViaCEP: {'cep': '13976-900', 'logradouro': 'Rua Reverendo Alfredo Guimarães', 'complemento': '111', 'unidade': 'Hospital Municipal de Itapira', 'bairro': 'Jardim Soares', 'localidade': 'Itapira', 'uf': 'SP', 'estado': 'São Paulo', 'regiao': 'Sudeste', 'ibge': '3522604', 'gia': '3748', 'ddd': '19', 'siafi': '6553'}
2025-05-22 03:04:16,892 - P17320 - INFO - CEP encontrado via ViaCEP: 13976-900
2025-05-22 03:04:16,893 - P17320 - INFO - Dados de CEP encontrados: {'cep': '13976-900', 'logradouro': 'Rua Reverendo Alfredo Guimarães', 'complemento': '111', 'unidade': 'Hospital Municipal de Itapira', 'bairro': 'Jardim Soares', 'localidade': 'Itapira', 'uf': 'SP', 'estado': 'São Paulo', 'regiao': 'Sudeste', 'ibge': '3522604', 'gia': '3748', 'ddd': '19', 'siafi': '6553'}
2025-05-22 03:04:16,893 - P17320 - INFO - Limpando texto extenso para campo bairro: Jardim Soares...
2025-05-22 03:04:16,893 - P17320 - INFO - Texto limpo: Jardim Soares
2025-05-22 03:04:16,893 - P17320 - INFO - Limpando texto extenso para campo complement: 111...
2025-05-22 03:04:16,893 - P17320 - INFO - Texto limpo: 111
2025-05-22 03:04:16,894 - P17320 - INFO - Limpando texto extenso para campo city: Itapira...
2025-05-22 03:04:16,894 - P17320 - INFO - Texto limpo: Itapira
2025-05-22 03:04:16,894 - P17320 - INFO - Limpando texto extenso para campo state: SP...
2025-05-22 03:04:16,894 - P17320 - INFO - Texto limpo: SP
2025-05-22 03:04:16,894 - P17320 - INFO - Tempo de execução de processamento completo do médico: 68.66 segundos
2025-05-22 03:04:16,894 - P17320 - INFO - Resultado processado: {'Hash': '3d1d40efe708f0a790c963d3234143f1135ac2b5302b6aae17633198b5a01997', 'CRM': '103565', 'UF': 'SP', 'Firstname': 'RAFAEL', 'LastName': 'DONIZETE LOPES', 'Medical specialty': '', 'Endereco Completo A1': 'Rua Reverendo Alfredo Guimaraes, 111', 'Address A1': 'Rua Reverendo Alfredo Guimaraes', 'Numero A1': '111', 'Complement A1': '111', 'Bairro A1': 'Jardim Soares', 'postal code A1': '13976-900', 'City A1': 'Itapira', 'State A1': 'SP', 'Phone A1': '11) 4349-9900', 'Phone A2': '', 'Cell phone A1': '', 'Cell phone A2': '', 'E-mail A1': 'info@doklist.com.br', 'E-mail A2': '', 'OPT-IN': '', 'STATUS': '', 'LOTE': ''}
2025-05-22 03:04:16,896 - P17320 - INFO - Progresso: 39.7%
2025-05-22 03:04:16,896 - P17320 - INFO - Executando coleta de lixo
2025-05-22 03:04:16,940 - P17320 - INFO - Após coleta de lixo Uso de memória: 99.01 MB
2025-05-22 03:04:16,943 - P17320 - INFO - Tempo de execução de processamento do médico 1: 70.82 segundos
2025-05-22 03:04:16,943 - P17320 - INFO - 
==================================================
Processando médico 2/3
2025-05-22 03:04:16,944 - P17320 - INFO - Nome: FABIO RIBEIRO DA SILVA OLIVEIRA
2025-05-22 03:04:16,945 - P17320 - INFO - Início do processamento Uso de memória: 99.01 MB
2025-05-22 03:04:16,945 - P17320 - INFO - Iniciando busca para: FABIO RIBEIRO DA SILVA OLIVEIRA CRM 105911 SP telefone e-mail endereço
2025-05-22 03:04:17,467 - P17320 - INFO - SearX results: 8 URLs
2025-05-22 03:04:17,468 - P17320 - INFO - Após SearX Uso de memória: 99.01 MB
2025-05-22 03:04:20,431 - P17320 - INFO - Google results: 9 URLs
2025-05-22 03:04:20,432 - P17320 - INFO - Após Google Uso de memória: 103.41 MB
2025-05-22 03:04:22,977 - P17320 - INFO - Bing results: 10 URLs
2025-05-22 03:04:22,977 - P17320 - INFO - Após Bing Uso de memória: 104.87 MB
2025-05-22 03:04:22,978 - P17320 - INFO - Total de URLs únicas: 21
2025-05-22 03:04:22,978 - P17320 - INFO - Processando URL 1/21: https://ioepa.com.br/pages/2019/2019.02.01.DOE.pdf
2025-05-22 03:04:22,978 - P17320 - INFO - Ignorando URL de arquivo não-HTML: https://ioepa.com.br/pages/2019/2019.02.01.DOE.pdf
2025-05-22 03:04:22,978 - P17320 - INFO - Após processar URL 1 Uso de memória: 104.87 MB
2025-05-22 03:04:22,978 - P17320 - INFO - Processando URL 2/21: https://diof.ro.gov.br/data/uploads/2017/06/Doe-06_06_2017.pdf
2025-05-22 03:04:22,979 - P17320 - INFO - Ignorando URL de arquivo não-HTML: https://diof.ro.gov.br/data/uploads/2017/06/Doe-06_06_2017.pdf
2025-05-22 03:04:22,979 - P17320 - INFO - Após processar URL 2 Uso de memória: 104.87 MB
2025-05-22 03:04:22,979 - P17320 - INFO - Processando URL 3/21: https://www.doctoralia.com.br/fabio-ribeiro/especialista-em-diagnostico-por-imagem/sao-paulo
2025-05-22 03:04:22,979 - P17320 - INFO - Ignorando URL de arquivo não-HTML: https://www.doctoralia.com.br/fabio-ribeiro/especialista-em-diagnostico-por-imagem/sao-paulo
2025-05-22 03:04:22,979 - P17320 - INFO - Após processar URL 3 Uso de memória: 104.87 MB
2025-05-22 03:04:22,979 - P17320 - INFO - Processando URL 4/21: https://guiamedico.cremesp.org.br/
2025-05-22 03:04:25,641 - P17320 - INFO - HTML salvo para debug: data\debug_html_v10\7c54969580769b63edd9abaa952e1fa2.html
2025-05-22 03:04:25,648 - P17320 - INFO - Candidates address: 1 items
2025-05-22 03:04:25,648 - P17320 - INFO - Candidates phone: 1 items
2025-05-22 03:04:25,648 - P17320 - INFO - Candidates email: 0 items
2025-05-22 03:04:25,648 - P17320 - INFO - Candidates complement: 0 items
2025-05-22 03:04:25,648 - P17320 - INFO - Candidates cep: 1 items
2025-05-22 03:04:25,649 - P17320 - INFO - Após processar URL 4 Uso de memória: 105.47 MB
2025-05-22 03:04:25,649 - P17320 - INFO - Processando URL 5/21: https://portal-api.campinas.sp.gov.br/sites/default/files/publicacoes-dom/dom/10240490079029007910240422.pdf
2025-05-22 03:04:25,649 - P17320 - INFO - Ignorando URL de arquivo não-HTML: https://portal-api.campinas.sp.gov.br/sites/default/files/publicacoes-dom/dom/10240490079029007910240422.pdf
2025-05-22 03:04:25,649 - P17320 - INFO - Após processar URL 5 Uso de memória: 105.47 MB
2025-05-22 03:04:25,649 - P17320 - INFO - Processando URL 6/21: https://www.ioepa.com.br/pages/2019/2019.04.12.DOE.pdf
2025-05-22 03:04:25,650 - P17320 - INFO - Ignorando URL de arquivo não-HTML: https://www.ioepa.com.br/pages/2019/2019.04.12.DOE.pdf
2025-05-22 03:04:25,650 - P17320 - INFO - Após processar URL 6 Uso de memória: 105.47 MB
2025-05-22 03:04:25,650 - P17320 - INFO - Processando URL 7/21: https://sistemadje.tjmt.jus.br/publicacoes/8238-2009.pdf
2025-05-22 03:04:25,650 - P17320 - INFO - Ignorando URL de arquivo não-HTML: https://sistemadje.tjmt.jus.br/publicacoes/8238-2009.pdf
2025-05-22 03:04:25,650 - P17320 - INFO - Após processar URL 7 Uso de memória: 105.47 MB
2025-05-22 03:04:25,651 - P17320 - INFO - Processando URL 8/21: https://uauapi.direcional.com.br/bin_old/UAUApi.xml
2025-05-22 03:04:30,028 - P17320 - WARNING - Página muito grande (3.72MB), truncando
2025-05-22 03:04:30,040 - P17320 - INFO - HTML salvo para debug: data\debug_html_v10\5ca4e6ac5182ce11d6860b2f5c1dfcf2.html
2025-05-22 03:04:31,867 - P17320 - INFO - Candidates address: 0 items
2025-05-22 03:04:31,867 - P17320 - INFO - Candidates phone: 0 items
2025-05-22 03:04:31,867 - P17320 - INFO - Candidates email: 0 items
2025-05-22 03:04:31,868 - P17320 - INFO - Candidates complement: 5 items
2025-05-22 03:04:31,868 - P17320 - INFO - Candidates cep: 5 items
2025-05-22 03:04:31,868 - P17320 - INFO - Após processar URL 8 Uso de memória: 118.10 MB
2025-05-22 03:04:31,868 - P17320 - INFO - Processando URL 9/21: https://sobraf.org/dados-do-medico/fabio-ribeiro-da-silva/
2025-05-22 03:04:35,695 - P17320 - INFO - HTML salvo para debug: data\debug_html_v10\7f05202b9b39d4ee200e391a864fc997.html
2025-05-22 03:04:35,758 - P17320 - INFO - Candidates address: 1 items
2025-05-22 03:04:35,758 - P17320 - INFO - Candidates phone: 10 items
2025-05-22 03:04:35,758 - P17320 - INFO - Candidates email: 1 items
2025-05-22 03:04:35,758 - P17320 - INFO - Candidates complement: 0 items
2025-05-22 03:04:35,758 - P17320 - INFO - Candidates cep: 11 items
2025-05-22 03:04:35,759 - P17320 - INFO - Após processar URL 9 Uso de memória: 115.22 MB
2025-05-22 03:04:35,759 - P17320 - INFO - Processando URL 10/21: https://diariooficial.guarulhos.sp.gov.br/uploads/pdf/1374765734.pdf
2025-05-22 03:04:35,759 - P17320 - INFO - Ignorando URL de arquivo não-HTML: https://diariooficial.guarulhos.sp.gov.br/uploads/pdf/1374765734.pdf
2025-05-22 03:04:35,759 - P17320 - INFO - Após processar URL 10 Uso de memória: 114.02 MB
2025-05-22 03:04:35,760 - P17320 - INFO - Processando URL 11/21: https://sistemadje.tjmt.jus.br/publicacoes/9839-2016.pdf
2025-05-22 03:04:35,760 - P17320 - INFO - Ignorando URL de arquivo não-HTML: https://sistemadje.tjmt.jus.br/publicacoes/9839-2016.pdf
2025-05-22 03:04:35,760 - P17320 - INFO - Após processar URL 11 Uso de memória: 114.02 MB
2025-05-22 03:04:35,760 - P17320 - INFO - Processando URL 12/21: https://www.medicosbrasil.com/profissional/fabio-ribeiro-da-silva-oliveira
2025-05-22 03:04:39,508 - P17320 - INFO - HTML salvo para debug: data\debug_html_v10\4e7c0f39cd9e4d8411012b889017b969.html
2025-05-22 03:04:39,529 - P17320 - INFO - Candidates address: 0 items
2025-05-22 03:04:39,529 - P17320 - INFO - Candidates phone: 0 items
2025-05-22 03:04:39,529 - P17320 - INFO - Candidates email: 0 items
2025-05-22 03:04:39,529 - P17320 - INFO - Candidates complement: 0 items
2025-05-22 03:04:39,529 - P17320 - INFO - Candidates cep: 1 items
2025-05-22 03:04:39,530 - P17320 - INFO - Após processar URL 12 Uso de memória: 115.55 MB
2025-05-22 03:04:39,530 - P17320 - INFO - Processando URL 13/21: https://cliniguia.com/profissionais/fabio-ribeiro-da-silva-oliveira-181949193500003/
2025-05-22 03:04:44,784 - P17320 - INFO - HTML salvo para debug: data\debug_html_v10\0e019c2abd7e8d7f626ed66bf006f994.html
2025-05-22 03:04:44,832 - P17320 - INFO - Candidates address: 0 items
2025-05-22 03:04:44,832 - P17320 - INFO - Candidates phone: 0 items
2025-05-22 03:04:44,832 - P17320 - INFO - Candidates email: 0 items
2025-05-22 03:04:44,832 - P17320 - INFO - Candidates complement: 0 items
2025-05-22 03:04:44,832 - P17320 - INFO - Candidates cep: 0 items
2025-05-22 03:04:44,833 - P17320 - INFO - Após processar URL 13 Uso de memória: 118.37 MB
2025-05-22 03:04:44,833 - P17320 - INFO - Processando URL 14/21: https://cnpj.biz/05190278000192
2025-05-22 03:04:49,250 - P17320 - INFO - HTML salvo para debug: data\debug_html_v10\6b6a3ed72d764f36b8f2b172f397b7cc.html
2025-05-22 03:04:49,267 - P17320 - INFO - Candidates address: 2 items
2025-05-22 03:04:49,267 - P17320 - INFO - Candidates phone: 2 items
2025-05-22 03:04:49,268 - P17320 - INFO - Candidates email: 1 items
2025-05-22 03:04:49,268 - P17320 - INFO - Candidates complement: 0 items
2025-05-22 03:04:49,268 - P17320 - INFO - Candidates cep: 2 items
2025-05-22 03:04:49,268 - P17320 - INFO - Após processar URL 14 Uso de memória: 118.80 MB
2025-05-22 03:04:49,268 - P17320 - INFO - Processando URL 15/21: https://drconsulta.com/meu-doutor/fabio-ribeiro-da-silva-oliveira-crm-sp-105911
2025-05-22 03:04:52,108 - P17320 - INFO - HTML salvo para debug: data\debug_html_v10\63af84ae38304e49d725d3d1ecea8cc6.html
2025-05-22 03:04:52,126 - P17320 - INFO - Candidates address: 1 items
2025-05-22 03:04:52,126 - P17320 - INFO - Candidates phone: 0 items
2025-05-22 03:04:52,127 - P17320 - INFO - Candidates email: 4 items
2025-05-22 03:04:52,127 - P17320 - INFO - Candidates complement: 0 items
2025-05-22 03:04:52,127 - P17320 - INFO - Candidates cep: 1 items
2025-05-22 03:04:52,127 - P17320 - INFO - Após processar URL 15 Uso de memória: 118.91 MB
2025-05-22 03:04:52,127 - P17320 - INFO - Processando URL 16/21: https://www.consultacrm.com.br/index/medicos/uid-8f12c2b9-f5c5-11ec-9e74-0a4aa568c625/fabio_ribeiro_da_silva_oliveira
2025-05-22 03:04:55,963 - P17320 - INFO - HTML salvo para debug: data\debug_html_v10\47c313f6e18692d8066cf818789e8805.html
2025-05-22 03:04:55,973 - P17320 - INFO - Candidates address: 0 items
2025-05-22 03:04:55,974 - P17320 - INFO - Candidates phone: 0 items
2025-05-22 03:04:55,974 - P17320 - INFO - Candidates email: 0 items
2025-05-22 03:04:55,974 - P17320 - INFO - Candidates complement: 0 items
2025-05-22 03:04:55,974 - P17320 - INFO - Candidates cep: 0 items
2025-05-22 03:04:55,974 - P17320 - INFO - Após processar URL 16 Uso de memória: 118.96 MB
2025-05-22 03:04:55,975 - P17320 - INFO - Processando URL 17/21: https://www.boaconsulta.com/especialista/fabio-ribeiro-da-silva-oliveira-600b3f7ca37df7005e0008a9
2025-05-22 03:05:00,436 - P17320 - INFO - HTML salvo para debug: data\debug_html_v10\74398dc791796389bd7f3ab29739f865.html
2025-05-22 03:05:00,490 - P17320 - INFO - Candidates address: 0 items
2025-05-22 03:05:00,490 - P17320 - INFO - Candidates phone: 0 items
2025-05-22 03:05:00,491 - P17320 - INFO - Candidates email: 0 items
2025-05-22 03:05:00,491 - P17320 - INFO - Candidates complement: 0 items
2025-05-22 03:05:00,491 - P17320 - INFO - Candidates cep: 0 items
2025-05-22 03:05:00,491 - P17320 - INFO - Após processar URL 17 Uso de memória: 119.10 MB
2025-05-22 03:05:00,491 - P17320 - INFO - Processando URL 18/21: https://drconsulta.com/agendamento/exames/sao-paulo-sp/ultrassom-pelvica-ginecologico/ibirapuera
2025-05-22 03:05:07,303 - P17320 - INFO - HTML salvo para debug: data\debug_html_v10\19e9593403fb65f393e0e3ab882b6fe7.html
2025-05-22 03:05:07,341 - P17320 - INFO - Candidates address: 0 items
2025-05-22 03:05:07,341 - P17320 - INFO - Candidates phone: 0 items
2025-05-22 03:05:07,342 - P17320 - INFO - Candidates email: 0 items
2025-05-22 03:05:07,342 - P17320 - INFO - Candidates complement: 0 items
2025-05-22 03:05:07,342 - P17320 - INFO - Candidates cep: 0 items
2025-05-22 03:05:07,342 - P17320 - INFO - Após processar URL 18 Uso de memória: 120.07 MB
2025-05-22 03:05:07,342 - P17320 - INFO - Processando URL 19/21: https://www.classemedica.com.br/medico/104929-fabio-ribeiro-da-silva-oliveira.htm
2025-05-22 03:05:11,356 - P17320 - INFO - HTML salvo para debug: data\debug_html_v10\effcc529c30f9fe77b3195825ee8f2b9.html
2025-05-22 03:05:11,403 - P17320 - INFO - Candidates address: 0 items
2025-05-22 03:05:11,409 - P17320 - INFO - Candidates phone: 0 items
2025-05-22 03:05:11,414 - P17320 - INFO - Candidates email: 0 items
2025-05-22 03:05:11,417 - P17320 - INFO - Candidates complement: 0 items
2025-05-22 03:05:11,428 - P17320 - INFO - Candidates cep: 0 items
2025-05-22 03:05:11,430 - P17320 - INFO - Após processar URL 19 Uso de memória: 122.17 MB
2025-05-22 03:05:11,430 - P17320 - INFO - Processando URL 20/21: https://j3news.com/2023/01/02/fabio-ribeiro-deixa-a-camara-e-assume-secretaria-mauro-silva-tambem-ganha-cargo-no-governo-municipal/
2025-05-22 03:05:17,748 - P17320 - INFO - HTML salvo para debug: data\debug_html_v10\a290f381de6ba24d3d3c6a29eafa56a0.html
2025-05-22 03:05:17,773 - P17320 - INFO - Candidates address: 0 items
2025-05-22 03:05:17,774 - P17320 - INFO - Candidates phone: 1 items
2025-05-22 03:05:17,774 - P17320 - INFO - Candidates email: 1 items
2025-05-22 03:05:17,774 - P17320 - INFO - Candidates complement: 0 items
2025-05-22 03:05:17,775 - P17320 - INFO - Candidates cep: 1 items
2025-05-22 03:05:17,775 - P17320 - INFO - Após processar URL 20 Uso de memória: 121.25 MB
2025-05-22 03:05:17,775 - P17320 - INFO - Processando URL 21/21: https://cj.estrategia.com/portal/wp-content/uploads/2023/12/15062335/diarioOficial-2023-12-15T055910.323-1.pdf
2025-05-22 03:05:17,776 - P17320 - INFO - Ignorando URL de arquivo não-HTML: https://cj.estrategia.com/portal/wp-content/uploads/2023/12/15062335/diarioOficial-2023-12-15T055910.323-1.pdf
2025-05-22 03:05:17,777 - P17320 - INFO - Após processar URL 21 Uso de memória: 121.25 MB
2025-05-22 03:05:17,777 - P17320 - INFO - Iniciando agregação e ranqueamento
2025-05-22 03:05:17,777 - P17320 - INFO - Ranked address: 5 items
2025-05-22 03:05:17,777 - P17320 - INFO - Ranked phone: 14 items
2025-05-22 03:05:17,778 - P17320 - INFO - Ranked email: 7 items
2025-05-22 03:05:17,778 - P17320 - INFO - Ranked complement: 5 items
2025-05-22 03:05:17,778 - P17320 - INFO - Ranked cep: 22 items
2025-05-22 03:05:17,778 - P17320 - INFO - Após agregação Uso de memória: 121.25 MB
2025-05-22 03:05:17,779 - P17320 - INFO - Validando endereço: ['Rua Frei Caneca, 1282', 'Av. José Moraes de Almeida, 783', 'Rua Libero Badaro, 158']
2025-05-22 03:05:17,779 - P17320 - INFO - Endereço validado: Rua Frei Caneca, 1282
2025-05-22 03:05:17,779 - P17320 - INFO - Limpando texto extenso para campo address: Rua Frei Caneca, 1282...
2025-05-22 03:05:17,779 - P17320 - INFO - Texto limpo: Rua Frei Caneca, 1282
2025-05-22 03:05:17,779 - P17320 - INFO - Validando telefone: ['(11) 4349-9900', '(73) 98824-5051', '(65) 99955-0434']
2025-05-22 03:05:17,780 - P17320 - INFO - Limpando texto extenso para campo phone: (11) 4349-9900...
2025-05-22 03:05:17,780 - P17320 - INFO - Texto limpo: 11) 4349-9900
2025-05-22 03:05:17,780 - P17320 - INFO - Telefone validado: 11) 4349-9900
2025-05-22 03:05:17,780 - P17320 - INFO - Validando email: ['contato@sobraf.org', 'atendimento@ribeiroscolari.com.br', 'atendimento@drconsulta.com']
2025-05-22 03:05:17,781 - P17320 - INFO - Limpando texto extenso para campo email: contato@sobraf.org...
2025-05-22 03:05:17,781 - P17320 - INFO - Texto limpo: contato@sobraf.org
2025-05-22 03:05:17,781 - P17320 - INFO - Email validado: contato@sobraf.org
2025-05-22 03:05:17,782 - P17320 - INFO - Validando complemento: ['BlocoRequest', 'AptasBoleto como TRUE', 'AptasBoleto']
2025-05-22 03:05:17,782 - P17320 - INFO - Limpando texto extenso para campo complement: BlocoRequest...
2025-05-22 03:05:17,782 - P17320 - INFO - Texto limpo: BlocoRequest
2025-05-22 03:05:17,783 - P17320 - INFO - Complemento validado: BlocoRequest
2025-05-22 03:05:17,783 - P17320 - INFO - Descobrindo cidade
2025-05-22 03:05:17,783 - P17320 - INFO - Buscando cidade: Rua Frei Caneca cidade SP
2025-05-22 03:05:20,457 - P17320 - WARNING - Cidade não encontrada
2025-05-22 03:05:20,461 - P17320 - INFO - Cidade descoberta: 
2025-05-22 03:05:20,461 - P17320 - INFO - Tempo de execução de processamento completo do médico: 63.52 segundos
2025-05-22 03:05:20,463 - P17320 - INFO - Resultado processado: {'Hash': '8c1eaea1a1653136c5cf92aefcdf9d5720e08d3456813a8af928d0bfc0c54da3', 'CRM': '105911', 'UF': 'SP', 'Firstname': 'FABIO', 'LastName': 'RIBEIRO DA SILVA OLIVEIRA', 'Medical specialty': '', 'Endereco Completo A1': 'Rua Frei Caneca, 1282', 'Address A1': 'Rua Frei Caneca', 'Numero A1': '1282', 'Complement A1': 'BlocoRequest', 'Bairro A1': '', 'postal code A1': '', 'City A1': '', 'State A1': '', 'Phone A1': '11) 4349-9900', 'Phone A2': '', 'Cell phone A1': '', 'Cell phone A2': '', 'E-mail A1': 'contato@sobraf.org', 'E-mail A2': '', 'OPT-IN': '', 'STATUS': '', 'LOTE': ''}
2025-05-22 03:05:20,481 - P17320 - INFO - Progresso: 40.1%
2025-05-22 03:05:20,481 - P17320 - INFO - Tempo de execução de processamento do médico 2: 63.54 segundos
2025-05-22 03:05:20,482 - P17320 - INFO - 
==================================================
Processando médico 3/3
2025-05-22 03:05:20,482 - P17320 - INFO - Nome: ANDRE LUIZ DA SILVEIRA
2025-05-22 03:05:20,483 - P17320 - INFO - Início do processamento Uso de memória: 120.97 MB
2025-05-22 03:05:20,484 - P17320 - INFO - Iniciando busca para: ANDRE LUIZ DA SILVEIRA CRM 106387 SP telefone e-mail endereço
2025-05-22 03:05:21,010 - P17320 - INFO - SearX results: 9 URLs
2025-05-22 03:05:21,010 - P17320 - INFO - Após SearX Uso de memória: 120.97 MB
2025-05-22 03:05:24,104 - P17320 - INFO - Google results: 12 URLs
2025-05-22 03:05:24,104 - P17320 - INFO - Após Google Uso de memória: 123.04 MB
2025-05-22 03:05:26,731 - P17320 - INFO - Bing results: 13 URLs
2025-05-22 03:05:26,731 - P17320 - INFO - Após Bing Uso de memória: 123.06 MB
2025-05-22 03:05:26,731 - P17320 - INFO - Total de URLs únicas: 27
2025-05-22 03:05:26,731 - P17320 - INFO - Processando URL 1/27: https://www.doctoralia.com.br/luiz-carlos-b-silveira/psiquiatra/andradas
2025-05-22 03:05:26,732 - P17320 - INFO - Ignorando URL de arquivo não-HTML: https://www.doctoralia.com.br/luiz-carlos-b-silveira/psiquiatra/andradas
2025-05-22 03:05:26,732 - P17320 - INFO - Após processar URL 1 Uso de memória: 123.06 MB
2025-05-22 03:05:26,732 - P17320 - INFO - Processando URL 2/27: https://acervo.arquivopublico.sc.gov.br/uploads/r/arquivo-publico-do-estado-de-santa-catarina-apesc/d/b/5/db59d5f91bc6d126c3c98e19fd22f6dfa9223fd39ff6e0c92365e3941e19e34b/1fd2cf82-f650-4776-a082-876d8db67f7c-15565-DOE_18824_12_04_2010_76F_JUCESC_18824_08F.pdf
2025-05-22 03:05:26,732 - P17320 - INFO - Ignorando URL de arquivo não-HTML: https://acervo.arquivopublico.sc.gov.br/uploads/r/arquivo-publico-do-estado-de-santa-catarina-apesc/d/b/5/db59d5f91bc6d126c3c98e19fd22f6dfa9223fd39ff6e0c92365e3941e19e34b/1fd2cf82-f650-4776-a082-876d8db67f7c-15565-DOE_18824_12_04_2010_76F_JUCESC_18824_08F.pdf
2025-05-22 03:05:26,733 - P17320 - INFO - Após processar URL 2 Uso de memória: 123.06 MB
2025-05-22 03:05:26,733 - P17320 - INFO - Processando URL 3/27: https://clinica.work/especialista/andre-luiz-da-silveira-ginecologista-assis-sp
2025-05-22 03:05:30,518 - P17320 - INFO - HTML salvo para debug: data\debug_html_v10\7f9922685c6a1dc03c0bcafdfcf59d16.html
2025-05-22 03:05:30,537 - P17320 - INFO - Candidates address: 1 items
2025-05-22 03:05:30,537 - P17320 - INFO - Candidates phone: 0 items
2025-05-22 03:05:30,537 - P17320 - INFO - Candidates email: 0 items
2025-05-22 03:05:30,537 - P17320 - INFO - Candidates complement: 0 items
2025-05-22 03:05:30,538 - P17320 - INFO - Candidates cep: 1 items
2025-05-22 03:05:30,538 - P17320 - INFO - Após processar URL 3 Uso de memória: 123.07 MB
2025-05-22 03:05:30,538 - P17320 - INFO - Processando URL 4/27: https://www.solutudo.com.br/empresas/sp/assis/ginecologia-e-obstetricia/dr-andre-silveira-ginecologista-21675386
2025-05-22 03:05:36,990 - P17320 - INFO - HTML salvo para debug: data\debug_html_v10\5ac6012c5a12745f288c2c960e62f754.html
2025-05-22 03:05:37,042 - P17320 - INFO - Candidates address: 1 items
2025-05-22 03:05:37,043 - P17320 - INFO - Candidates phone: 1 items
2025-05-22 03:05:37,043 - P17320 - INFO - Candidates email: 0 items
2025-05-22 03:05:37,043 - P17320 - INFO - Candidates complement: 0 items
2025-05-22 03:05:37,043 - P17320 - INFO - Candidates cep: 2 items
2025-05-22 03:05:37,043 - P17320 - INFO - Após processar URL 4 Uso de memória: 123.16 MB
2025-05-22 03:05:37,044 - P17320 - INFO - Processando URL 5/27: https://www.doctoralia.com.br/luiz-felipe-silveira-sales/infectologista/goiania
2025-05-22 03:05:37,044 - P17320 - INFO - Ignorando URL de arquivo não-HTML: https://www.doctoralia.com.br/luiz-felipe-silveira-sales/infectologista/goiania
2025-05-22 03:05:37,044 - P17320 - INFO - Após processar URL 5 Uso de memória: 116.10 MB
2025-05-22 03:05:37,045 - P17320 - INFO - Processando URL 6/27: https://hospitaldeamor.com.br/site/tag/dr-andre-luiz-silveira/
2025-05-22 03:05:44,718 - P17320 - INFO - HTML salvo para debug: data\debug_html_v10\e8af32f87a3899b1dfc41ad9771a0816.html
2025-05-22 03:05:44,736 - P17320 - INFO - Candidates address: 0 items
2025-05-22 03:05:44,736 - P17320 - INFO - Candidates phone: 0 items
2025-05-22 03:05:44,737 - P17320 - INFO - Candidates email: 0 items
2025-05-22 03:05:44,738 - P17320 - INFO - Candidates complement: 0 items
2025-05-22 03:05:44,739 - P17320 - INFO - Candidates cep: 0 items
2025-05-22 03:05:44,739 - P17320 - INFO - Após processar URL 6 Uso de memória: 116.83 MB
2025-05-22 03:05:44,740 - P17320 - INFO - Processando URL 7/27: https://www.ioepa.com.br/pages/2024/2024.02.20.DOE.pdf
2025-05-22 03:05:44,740 - P17320 - INFO - Ignorando URL de arquivo não-HTML: https://www.ioepa.com.br/pages/2024/2024.02.20.DOE.pdf
2025-05-22 03:05:44,741 - P17320 - INFO - Após processar URL 7 Uso de memória: 116.83 MB
2025-05-22 03:05:44,741 - P17320 - INFO - Processando URL 8/27: https://guiamedico.cremesp.org.br/
2025-05-22 03:05:47,460 - P17320 - INFO - HTML salvo para debug: data\debug_html_v10\7c54969580769b63edd9abaa952e1fa2.html
2025-05-22 03:05:47,466 - P17320 - INFO - Candidates address: 1 items
2025-05-22 03:05:47,466 - P17320 - INFO - Candidates phone: 1 items
2025-05-22 03:05:47,466 - P17320 - INFO - Candidates email: 0 items
2025-05-22 03:05:47,466 - P17320 - INFO - Candidates complement: 0 items
2025-05-22 03:05:47,467 - P17320 - INFO - Candidates cep: 1 items
2025-05-22 03:05:47,467 - P17320 - INFO - Após processar URL 8 Uso de memória: 117.11 MB
2025-05-22 03:05:47,467 - P17320 - INFO - Processando URL 9/27: https://www.marica.rj.gov.br/wp-content/uploads/2020/05/JOM_1051_11-05-2020.pdf
2025-05-22 03:05:47,467 - P17320 - INFO - Ignorando URL de arquivo não-HTML: https://www.marica.rj.gov.br/wp-content/uploads/2020/05/JOM_1051_11-05-2020.pdf
2025-05-22 03:05:47,468 - P17320 - INFO - Após processar URL 9 Uso de memória: 117.11 MB
2025-05-22 03:05:47,468 - P17320 - INFO - Processando URL 10/27: https://www.saobernardo.sp.gov.br/documents/10181/1441964/NM+2296+de+27.05.2022+-+Conteu%CC%81do+Integral.pdf/2c73ad04-2731-f28a-6128-0ca077c4aa2c
2025-05-22 03:05:47,468 - P17320 - INFO - Ignorando URL de arquivo não-HTML: https://www.saobernardo.sp.gov.br/documents/10181/1441964/NM+2296+de+27.05.2022+-+Conteu%CC%81do+Integral.pdf/2c73ad04-2731-f28a-6128-0ca077c4aa2c
2025-05-22 03:05:47,468 - P17320 - INFO - Após processar URL 10 Uso de memória: 117.11 MB
2025-05-22 03:05:47,469 - P17320 - INFO - Processando URL 11/27: https://www.doctoralia.com.br/ginecologista/assis/unimed
2025-05-22 03:05:47,469 - P17320 - INFO - Ignorando URL de arquivo não-HTML: https://www.doctoralia.com.br/ginecologista/assis/unimed
2025-05-22 03:05:47,469 - P17320 - INFO - Após processar URL 11 Uso de memória: 117.11 MB
2025-05-22 03:05:47,469 - P17320 - INFO - Processando URL 12/27: https://osasco.sp.gov.br/site/wp-content/uploads/2022/02/iomo707.pdf
2025-05-22 03:05:47,469 - P17320 - INFO - Ignorando URL de arquivo não-HTML: https://osasco.sp.gov.br/site/wp-content/uploads/2022/02/iomo707.pdf
2025-05-22 03:05:47,470 - P17320 - INFO - Após processar URL 12 Uso de memória: 117.11 MB
2025-05-22 03:05:47,470 - P17320 - INFO - Processando URL 13/27: https://portal-api.campinas.sp.gov.br/sites/default/files/publicacoes-dom/dom/502364627303462735023616.pdf
2025-05-22 03:05:47,470 - P17320 - INFO - Ignorando URL de arquivo não-HTML: https://portal-api.campinas.sp.gov.br/sites/default/files/publicacoes-dom/dom/502364627303462735023616.pdf
2025-05-22 03:05:47,470 - P17320 - INFO - Após processar URL 13 Uso de memória: 117.11 MB
2025-05-22 03:05:47,470 - P17320 - INFO - Processando URL 14/27: https://www.catalogo.med.br/doutor/andre-luiz-da-silveira-2513873.htm
2025-05-22 03:05:49,640 - P17320 - INFO - HTML salvo para debug: data\debug_html_v10\7dec3139140e47772048c239be4b9604.html
2025-05-22 03:05:49,641 - P17320 - INFO - Candidates address: 0 items
2025-05-22 03:05:49,641 - P17320 - INFO - Candidates phone: 0 items
2025-05-22 03:05:49,641 - P17320 - INFO - Candidates email: 0 items
2025-05-22 03:05:49,641 - P17320 - INFO - Candidates complement: 0 items
2025-05-22 03:05:49,641 - P17320 - INFO - Candidates cep: 0 items
2025-05-22 03:05:49,642 - P17320 - INFO - Após processar URL 14 Uso de memória: 117.11 MB
2025-05-22 03:05:49,642 - P17320 - INFO - Processando URL 15/27: https://drandreluizsilveira.com.br/
2025-05-22 03:05:53,606 - P17320 - INFO - HTML salvo para debug: data\debug_html_v10\93289e3386ab4c595455216b8cce5671.html
2025-05-22 03:05:53,628 - P17320 - INFO - Candidates address: 2 items
2025-05-22 03:05:53,629 - P17320 - INFO - Candidates phone: 0 items
2025-05-22 03:05:53,629 - P17320 - INFO - Candidates email: 1 items
2025-05-22 03:05:53,629 - P17320 - INFO - Candidates complement: 0 items
2025-05-22 03:05:53,629 - P17320 - INFO - Candidates cep: 0 items
2025-05-22 03:05:53,629 - P17320 - INFO - Após processar URL 15 Uso de memória: 119.21 MB
2025-05-22 03:05:53,630 - P17320 - INFO - Processando URL 16/27: https://www.redescredenciadas.com.br/perfil/andre-luiz-da-silveira-sp-106387
2025-05-22 03:05:59,238 - P17320 - INFO - HTML salvo para debug: data\debug_html_v10\c0fba316c883bab7cbd9911e4593d610.html
2025-05-22 03:05:59,244 - P17320 - INFO - Candidates address: 1 items
2025-05-22 03:05:59,244 - P17320 - INFO - Candidates phone: 2 items
2025-05-22 03:05:59,244 - P17320 - INFO - Candidates email: 0 items
2025-05-22 03:05:59,245 - P17320 - INFO - Candidates complement: 0 items
2025-05-22 03:05:59,245 - P17320 - INFO - Candidates cep: 1 items
2025-05-22 03:05:59,245 - P17320 - INFO - Após processar URL 16 Uso de memória: 119.28 MB
2025-05-22 03:05:59,245 - P17320 - INFO - Processando URL 17/27: https://www.classemedica.com.br/medico/25448-andre-luiz-da-silveira.htm
2025-05-22 03:06:08,703 - P17320 - INFO - HTML salvo para debug: data\debug_html_v10\37e131b65d051205f0b48faa954d25cc.html
2025-05-22 03:06:08,735 - P17320 - INFO - Candidates address: 0 items
2025-05-22 03:06:08,736 - P17320 - INFO - Candidates phone: 0 items
2025-05-22 03:06:08,740 - P17320 - INFO - Candidates email: 0 items
2025-05-22 03:06:08,742 - P17320 - INFO - Candidates complement: 0 items
2025-05-22 03:06:08,743 - P17320 - INFO - Candidates cep: 0 items
2025-05-22 03:06:08,744 - P17320 - INFO - Após processar URL 17 Uso de memória: 120.84 MB
2025-05-22 03:06:08,744 - P17320 - INFO - Processando URL 18/27: https://portal-api.campinas.sp.gov.br/sites/default/files/publicacoes-dom/dom/499254601203460124992503.pdf
2025-05-22 03:06:08,744 - P17320 - INFO - Ignorando URL de arquivo não-HTML: https://portal-api.campinas.sp.gov.br/sites/default/files/publicacoes-dom/dom/499254601203460124992503.pdf
2025-05-22 03:06:08,745 - P17320 - INFO - Após processar URL 18 Uso de memória: 120.84 MB
2025-05-22 03:06:08,745 - P17320 - INFO - Processando URL 19/27: https://www.infosaude.com.br/cnes/291537-andre-luiz-da-silveira
2025-05-22 03:06:11,045 - P17320 - INFO - HTML salvo para debug: data\debug_html_v10\d1def2bc302d443cef863fa1bea9d77a.html
2025-05-22 03:06:11,072 - P17320 - INFO - Candidates address: 0 items
2025-05-22 03:06:11,072 - P17320 - INFO - Candidates phone: 1 items
2025-05-22 03:06:11,073 - P17320 - INFO - Candidates email: 0 items
2025-05-22 03:06:11,073 - P17320 - INFO - Candidates complement: 0 items
2025-05-22 03:06:11,073 - P17320 - INFO - Candidates cep: 2 items
2025-05-22 03:06:11,073 - P17320 - INFO - Após processar URL 19 Uso de memória: 121.58 MB
2025-05-22 03:06:11,073 - P17320 - INFO - Processando URL 20/27: https://www.doctoralia.com.br/andre-luiz-da-silveira-4/ginecologista/maracai
2025-05-22 03:06:11,073 - P17320 - INFO - Ignorando URL de arquivo não-HTML: https://www.doctoralia.com.br/andre-luiz-da-silveira-4/ginecologista/maracai
2025-05-22 03:06:11,074 - P17320 - INFO - Após processar URL 20 Uso de memória: 121.58 MB
2025-05-22 03:06:11,074 - P17320 - INFO - Processando URL 21/27: https://guiasaudebrasil.com.br/unidade/sao-paulo/assis/9717285-andre-luiz-da-silveira
2025-05-22 03:06:15,112 - P17320 - INFO - HTML salvo para debug: data\debug_html_v10\d5ad429e09e6eb06cab3a3eff27722f4.html
2025-05-22 03:06:15,126 - P17320 - INFO - Candidates address: 0 items
2025-05-22 03:06:15,126 - P17320 - INFO - Candidates phone: 1 items
2025-05-22 03:06:15,126 - P17320 - INFO - Candidates email: 0 items
2025-05-22 03:06:15,126 - P17320 - INFO - Candidates complement: 0 items
2025-05-22 03:06:15,126 - P17320 - INFO - Candidates cep: 2 items
2025-05-22 03:06:15,126 - P17320 - INFO - Após processar URL 21 Uso de memória: 121.71 MB
2025-05-22 03:06:15,127 - P17320 - INFO - Processando URL 22/27: https://www.doctoralia.com.br/ginecologista/assis
2025-05-22 03:06:15,127 - P17320 - INFO - Ignorando URL de arquivo não-HTML: https://www.doctoralia.com.br/ginecologista/assis
2025-05-22 03:06:15,127 - P17320 - INFO - Após processar URL 22 Uso de memória: 121.71 MB
2025-05-22 03:06:15,127 - P17320 - INFO - Processando URL 23/27: https://www.escavador.com/sobre/2235137/andre-luiz-da-silveira
2025-05-22 03:06:18,630 - P17320 - INFO - HTML salvo para debug: data\debug_html_v10\8157210ebcbd876c1e023b03fc0970f4.html
2025-05-22 03:06:18,646 - P17320 - INFO - Candidates address: 0 items
2025-05-22 03:06:18,647 - P17320 - INFO - Candidates phone: 0 items
2025-05-22 03:06:18,647 - P17320 - INFO - Candidates email: 0 items
2025-05-22 03:06:18,647 - P17320 - INFO - Candidates complement: 0 items
2025-05-22 03:06:18,647 - P17320 - INFO - Candidates cep: 0 items
2025-05-22 03:06:18,648 - P17320 - INFO - Após processar URL 23 Uso de memória: 121.83 MB
2025-05-22 03:06:18,648 - P17320 - INFO - Processando URL 24/27: https://www.doctoralia.com.br/ginecologista/assis/cassi
2025-05-22 03:06:18,648 - P17320 - INFO - Ignorando URL de arquivo não-HTML: https://www.doctoralia.com.br/ginecologista/assis/cassi
2025-05-22 03:06:18,648 - P17320 - INFO - Após processar URL 24 Uso de memória: 121.83 MB
2025-05-22 03:06:18,648 - P17320 - INFO - Processando URL 25/27: https://www.consultacrm.com.br/index/medicos/uid-9921e56e-f5c5-11ec-9e74-0a4aa568c625/andre_luiz_da_silveira
2025-05-22 03:06:23,317 - P17320 - INFO - HTML salvo para debug: data\debug_html_v10\8d3ccef98204ee94f07fc25c39b5776c.html
2025-05-22 03:06:23,328 - P17320 - INFO - Candidates address: 0 items
2025-05-22 03:06:23,328 - P17320 - INFO - Candidates phone: 0 items
2025-05-22 03:06:23,329 - P17320 - INFO - Candidates email: 0 items
2025-05-22 03:06:23,329 - P17320 - INFO - Candidates complement: 0 items
2025-05-22 03:06:23,329 - P17320 - INFO - Candidates cep: 0 items
2025-05-22 03:06:23,329 - P17320 - INFO - Após processar URL 25 Uso de memória: 121.87 MB
2025-05-22 03:06:23,330 - P17320 - INFO - Processando URL 26/27: https://www.doctoralia.com.br/luiz-henrique-da-silveira-cavalcanti/cardiologista/joao-pessoa
2025-05-22 03:06:23,330 - P17320 - INFO - Ignorando URL de arquivo não-HTML: https://www.doctoralia.com.br/luiz-henrique-da-silveira-cavalcanti/cardiologista/joao-pessoa
2025-05-22 03:06:23,330 - P17320 - INFO - Após processar URL 26 Uso de memória: 121.87 MB
2025-05-22 03:06:23,330 - P17320 - INFO - Processando URL 27/27: https://www.doctoralia.com.br/andre-silveira-2/ginecologista/assis
2025-05-22 03:06:23,330 - P17320 - INFO - Ignorando URL de arquivo não-HTML: https://www.doctoralia.com.br/andre-silveira-2/ginecologista/assis
2025-05-22 03:06:23,330 - P17320 - INFO - Após processar URL 27 Uso de memória: 121.87 MB
2025-05-22 03:06:23,331 - P17320 - INFO - Iniciando agregação e ranqueamento
2025-05-22 03:06:23,331 - P17320 - INFO - Ranked address: 6 items
2025-05-22 03:06:23,331 - P17320 - INFO - Ranked phone: 5 items
2025-05-22 03:06:23,331 - P17320 - INFO - Ranked email: 1 items
2025-05-22 03:06:23,331 - P17320 - INFO - Ranked complement: 0 items
2025-05-22 03:06:23,332 - P17320 - INFO - Ranked cep: 4 items
2025-05-22 03:06:23,332 - P17320 - INFO - Após agregação Uso de memória: 121.87 MB
2025-05-22 03:06:23,332 - P17320 - INFO - Validando endereço: ['Rua Sebastiao Mendes De Brito 1075', 'Av. Sebastião Mendes de Brito, 1075', 'Rua Frei Caneca, 1282']
2025-05-22 03:06:23,332 - P17320 - INFO - Endereço validado: Rua Sebastiao Mendes De Brito 1075
2025-05-22 03:06:23,332 - P17320 - INFO - Limpando texto extenso para campo address: Rua Sebastiao Mendes De Brito 1075...
2025-05-22 03:06:23,332 - P17320 - INFO - Texto limpo: Rua Sebastiao Mendes De Brito 1075
2025-05-22 03:06:23,333 - P17320 - INFO - Validando telefone: ['996301431', '(18) 99630-1431', '(11) 4349-9900']
2025-05-22 03:06:23,333 - P17320 - INFO - Limpando texto extenso para campo phone: (18) 99630-1431...
2025-05-22 03:06:23,333 - P17320 - INFO - Texto limpo: 18) 99630-1431
2025-05-22 03:06:23,333 - P17320 - INFO - Telefone validado: 18) 99630-1431
2025-05-22 03:06:23,333 - P17320 - INFO - Validando email: ['contato@drandreluizsilveira.com.br']
2025-05-22 03:06:23,333 - P17320 - INFO - Limpando texto extenso para campo email: contato@drandreluizsilveira.com.br...
2025-05-22 03:06:23,334 - P17320 - INFO - Texto limpo: contato@drandreluizsilveira.com.br
2025-05-22 03:06:23,334 - P17320 - INFO - Email validado: contato@drandreluizsilveira.com.br
2025-05-22 03:06:23,334 - P17320 - INFO - Descobrindo cidade
2025-05-22 03:06:23,334 - P17320 - INFO - Buscando cidade: Rua Sebastiao Mendes De Brito 1075 cidade SP
2025-05-22 03:06:26,133 - P17320 - INFO - Cidade encontrada: Assis
2025-05-22 03:06:26,134 - P17320 - INFO - Limpando texto extenso para campo city: Assis...
2025-05-22 03:06:26,134 - P17320 - INFO - Texto limpo: Assis
2025-05-22 03:06:26,134 - P17320 - INFO - Cidade descoberta: Assis
2025-05-22 03:06:26,134 - P17320 - INFO - Buscando CEP com sistema de cascata
2025-05-22 03:06:26,134 - P17320 - INFO - Iniciando busca de CEP em cascata para: Rua Sebastiao Mendes De Brito 1075, Assis, SP
2025-05-22 03:06:26,135 - P17320 - INFO - Método 1: ViaCEP API
2025-05-22 03:06:26,135 - P17320 - INFO - Buscando no ViaCEP: https://viacep.com.br/ws/SP/assis/rua%20sebastiao%20mendes%20de%20brito%201075/json/
2025-05-22 03:06:26,785 - P17320 - WARNING - ViaCEP retornou status 200 ou nenhum resultado
2025-05-22 03:06:26,786 - P17320 - INFO - Método 2: BrasilAPI
2025-05-22 03:06:26,787 - P17320 - INFO - Buscando na BrasilAPI: Rua Sebastiao Mendes De Brito 1075, Assis, SP
2025-05-22 03:06:27,273 - P17320 - INFO - Consultando BrasilAPI: https://brasilapi.com.br/api/cep/v2/35135084
2025-05-22 03:06:27,553 - P17320 - WARNING - BrasilAPI retornou status 404
2025-05-22 03:06:27,556 - P17320 - INFO - Método 3: Web Scraping do Google
2025-05-22 03:06:27,556 - P17320 - INFO - Buscando CEP: CEP da Rua Sebastiao Mendes De Brito 1075, Assis
2025-05-22 03:06:29,344 - P17320 - INFO - CEP encontrado: 19815-140
2025-05-22 03:06:29,344 - P17320 - INFO - CEP encontrado via Google: 19815-140
2025-05-22 03:06:29,344 - P17320 - INFO - Dados de CEP encontrados: {'cep': '19815-140', 'logradouro': 'Rua Sebastiao Mendes De Brito 1075', 'bairro': '', 'localidade': 'Assis', 'uf': 'SP', 'complemento': ''}
2025-05-22 03:06:29,345 - P17320 - INFO - Limpando texto extenso para campo city: Assis...
2025-05-22 03:06:29,345 - P17320 - INFO - Texto limpo: Assis
2025-05-22 03:06:29,345 - P17320 - INFO - Limpando texto extenso para campo state: SP...
2025-05-22 03:06:29,345 - P17320 - INFO - Texto limpo: SP
2025-05-22 03:06:29,345 - P17320 - INFO - Tempo de execução de processamento completo do médico: 68.86 segundos
2025-05-22 03:06:29,345 - P17320 - INFO - Resultado processado: {'Hash': 'fa02d2869150a19399687ecb70b097789db897566c698e7a25ce162404648de9', 'CRM': '106387', 'UF': 'SP', 'Firstname': 'ANDRE', 'LastName': 'LUIZ DA SILVEIRA', 'Medical specialty': '', 'Endereco Completo A1': 'Rua Sebastiao Mendes De Brito 1075', 'Address A1': 'Rua Sebastiao Mendes De Brito 1075', 'Numero A1': '', 'Complement A1': '', 'Bairro A1': '', 'postal code A1': '19815-140', 'City A1': 'Assis', 'State A1': 'SP', 'Phone A1': '18) 99630-1431', 'Phone A2': '', 'Cell phone A1': '', 'Cell phone A2': '', 'E-mail A1': 'contato@drandreluizsilveira.com.br', 'E-mail A2': '', 'OPT-IN': '', 'STATUS': '', 'LOTE': ''}
2025-05-22 03:06:29,346 - P17320 - INFO - Salvando lote de resultados
2025-05-22 03:06:29,346 - P17320 - INFO - Após salvar resultados Uso de memória: 123.16 MB
2025-05-22 03:06:29,347 - P17320 - INFO - Progresso: 40.5%
2025-05-22 03:06:29,347 - P17320 - INFO - Tempo de execução de processamento do médico 3: 68.87 segundos
2025-05-22 03:06:29,348 - P17320 - INFO - Tempo de execução de processamento do lote completo: 203.23 segundos
