2025-05-22 04:58:13,927 - P17020 - INFO - 
==================================================
Processando médico 1/3
2025-05-22 04:58:13,928 - P17020 - INFO - Nome: MIGUEL SALLUM
2025-05-22 04:58:13,928 - P17020 - INFO - Reiniciando driver do Chrome
2025-05-22 04:58:15,180 - P17020 - INFO - Após reiniciar driver Uso de memória: 128.81 MB
2025-05-22 04:58:15,180 - P17020 - INFO - Início do processamento Uso de memória: 128.81 MB
2025-05-22 04:58:15,181 - P17020 - INFO - Iniciando busca para: MIGUEL SALLUM CRM 38526 SP telefone e-mail endereço
2025-05-22 04:58:15,998 - P17020 - INFO - SearX results: 15 URLs
2025-05-22 04:58:15,999 - P17020 - INFO - Após SearX Uso de memória: 128.81 MB
2025-05-22 04:58:19,294 - P17020 - INFO - Google results: 6 URLs
2025-05-22 04:58:19,299 - P17020 - INFO - Após Google Uso de memória: 128.81 MB
2025-05-22 04:58:21,983 - P17020 - INFO - Bing results: 10 URLs
2025-05-22 04:58:21,983 - P17020 - INFO - Após Bing Uso de memória: 129.87 MB
2025-05-22 04:58:21,983 - P17020 - INFO - Total de URLs únicas: 17
2025-05-22 04:58:21,983 - P17020 - INFO - Processando URL 1/17: https://consultacrm.com.br/
2025-05-22 04:58:25,617 - P17020 - INFO - HTML salvo para debug: data\debug_html_v10\65cadeb91ac3713432c21b535990f440.html
2025-05-22 04:58:25,627 - P17020 - INFO - Candidates address: 0 items
2025-05-22 04:58:25,628 - P17020 - INFO - Candidates phone: 0 items
2025-05-22 04:58:25,628 - P17020 - INFO - Candidates email: 0 items
2025-05-22 04:58:25,628 - P17020 - INFO - Candidates complement: 0 items
2025-05-22 04:58:25,628 - P17020 - INFO - Candidates cep: 0 items
2025-05-22 04:58:25,628 - P17020 - INFO - Após processar URL 1 Uso de memória: 129.87 MB
2025-05-22 04:58:25,629 - P17020 - INFO - Processando URL 2/17: https://clinica.work/especialista/miguel-sallum-clinico-geral-franca-sp
2025-05-22 04:58:29,909 - P17020 - INFO - HTML salvo para debug: data\debug_html_v10\eefca3e42a6d608c4cf75d7b42d70ba6.html
2025-05-22 04:58:29,928 - P17020 - INFO - Candidates address: 1 items
2025-05-22 04:58:29,929 - P17020 - INFO - Candidates phone: 0 items
2025-05-22 04:58:29,929 - P17020 - INFO - Candidates email: 0 items
2025-05-22 04:58:29,929 - P17020 - INFO - Candidates complement: 0 items
2025-05-22 04:58:29,929 - P17020 - INFO - Candidates cep: 1 items
2025-05-22 04:58:29,929 - P17020 - INFO - Após processar URL 2 Uso de memória: 129.89 MB
2025-05-22 04:58:29,929 - P17020 - INFO - Processando URL 3/17: https://doutorcrm.com/miguel-sallum
2025-05-22 04:58:34,332 - P17020 - INFO - HTML salvo para debug: data\debug_html_v10\867d0b1ea5041173ddedf8bc9951cd01.html
2025-05-22 04:58:34,340 - P17020 - INFO - Candidates address: 0 items
2025-05-22 04:58:34,340 - P17020 - INFO - Candidates phone: 0 items
2025-05-22 04:58:34,340 - P17020 - INFO - Candidates email: 0 items
2025-05-22 04:58:34,340 - P17020 - INFO - Candidates complement: 0 items
2025-05-22 04:58:34,341 - P17020 - INFO - Candidates cep: 0 items
2025-05-22 04:58:34,341 - P17020 - INFO - Após processar URL 3 Uso de memória: 129.60 MB
2025-05-22 04:58:34,341 - P17020 - INFO - Processando URL 4/17: https://www.doctoralia.com.br/miguel-sallum/medico-do-trabalho/franca
2025-05-22 04:58:34,341 - P17020 - INFO - Ignorando URL de arquivo não-HTML: https://www.doctoralia.com.br/miguel-sallum/medico-do-trabalho/franca
2025-05-22 04:58:34,341 - P17020 - INFO - Após processar URL 4 Uso de memória: 129.60 MB
2025-05-22 04:58:34,341 - P17020 - INFO - Processando URL 5/17: https://www.ime.usp.br/~yoshi/2020i/ccm128/sandbox/2020.05.06/DATA/LEIPZIG_PT_BR/1M/por-br_newscrawl_2011_1M-words.txt
2025-05-22 04:58:34,342 - P17020 - INFO - Ignorando URL de arquivo não-HTML: https://www.ime.usp.br/~yoshi/2020i/ccm128/sandbox/2020.05.06/DATA/LEIPZIG_PT_BR/1M/por-br_newscrawl_2011_1M-words.txt
2025-05-22 04:58:34,342 - P17020 - INFO - Após processar URL 5 Uso de memória: 129.60 MB
2025-05-22 04:58:34,342 - P17020 - INFO - Processando URL 6/17: https://bebereborn.curitiba.br/contactl/Miguel-Sallum-Especialista-Cl-nica-M-dica-em-Franca-SP-7475949.htm
2025-05-22 04:58:37,018 - P17020 - INFO - HTML salvo para debug: data\debug_html_v10\159c652247ed624f3aa6f95a920dff73.html
2025-05-22 04:58:37,019 - P17020 - INFO - Candidates address: 0 items
2025-05-22 04:58:37,019 - P17020 - INFO - Candidates phone: 0 items
2025-05-22 04:58:37,019 - P17020 - INFO - Candidates email: 0 items
2025-05-22 04:58:37,020 - P17020 - INFO - Candidates complement: 0 items
2025-05-22 04:58:37,020 - P17020 - INFO - Candidates cep: 0 items
2025-05-22 04:58:37,020 - P17020 - INFO - Após processar URL 6 Uso de memória: 129.60 MB
2025-05-22 04:58:37,020 - P17020 - INFO - Processando URL 7/17: https://www.sociosbrasil.com/nome/miguel-sallum
2025-05-22 04:58:41,913 - P17020 - INFO - HTML salvo para debug: data\debug_html_v10\a4fd7b33849f60be7b232e4c20f417cc.html
2025-05-22 04:58:41,919 - P17020 - INFO - Candidates address: 2 items
2025-05-22 04:58:41,920 - P17020 - INFO - Candidates phone: 0 items
2025-05-22 04:58:41,920 - P17020 - INFO - Candidates email: 0 items
2025-05-22 04:58:41,920 - P17020 - INFO - Candidates complement: 1 items
2025-05-22 04:58:41,920 - P17020 - INFO - Candidates cep: 4 items
2025-05-22 04:58:41,921 - P17020 - INFO - Após processar URL 7 Uso de memória: 129.60 MB
2025-05-22 04:58:41,921 - P17020 - INFO - Processando URL 8/17: https://www.unimed.coop.br/site/web/franca/guia-medico-cooperados-alteracao-endereco
2025-05-22 04:58:45,551 - P17020 - INFO - HTML salvo para debug: data\debug_html_v10\904bbdcb2d60b9f7e1357310392bd7fe.html
2025-05-22 04:58:45,667 - P17020 - INFO - Candidates address: 16 items
2025-05-22 04:58:45,667 - P17020 - INFO - Candidates phone: 65 items
2025-05-22 04:58:45,667 - P17020 - INFO - Candidates email: 0 items
2025-05-22 04:58:45,667 - P17020 - INFO - Candidates complement: 3 items
2025-05-22 04:58:45,667 - P17020 - INFO - Candidates cep: 60 items
2025-05-22 04:58:45,668 - P17020 - INFO - Após processar URL 8 Uso de memória: 129.60 MB
2025-05-22 04:58:45,668 - P17020 - INFO - Processando URL 9/17: https://www.medicosbrasil.com/profissional/miguel-sallum
2025-05-22 04:58:49,898 - P17020 - INFO - HTML salvo para debug: data\debug_html_v10\88a420fd82cd40bc4b09122314cbfd54.html
2025-05-22 04:58:49,938 - P17020 - INFO - Candidates address: 0 items
2025-05-22 04:58:49,940 - P17020 - INFO - Candidates phone: 0 items
2025-05-22 04:58:49,941 - P17020 - INFO - Candidates email: 0 items
2025-05-22 04:58:49,941 - P17020 - INFO - Candidates complement: 0 items
2025-05-22 04:58:49,942 - P17020 - INFO - Candidates cep: 0 items
2025-05-22 04:58:49,943 - P17020 - INFO - Após processar URL 9 Uso de memória: 129.91 MB
2025-05-22 04:58:49,944 - P17020 - INFO - Processando URL 10/17: https://www.doctoralia.com.br/medico-do-trabalho/franca
2025-05-22 04:58:49,945 - P17020 - INFO - Ignorando URL de arquivo não-HTML: https://www.doctoralia.com.br/medico-do-trabalho/franca
2025-05-22 04:58:49,945 - P17020 - INFO - Após processar URL 10 Uso de memória: 129.91 MB
2025-05-22 04:58:49,946 - P17020 - INFO - Processando URL 11/17: https://www.passeidireto.com/arquivo/118936373/inclusoes-exclusoes-setembro-rib
2025-05-22 04:58:54,702 - P17020 - INFO - HTML salvo para debug: data\debug_html_v10\18644cccdd3f4e58b3eda87ac3b045ff.html
2025-05-22 04:58:55,027 - P17020 - INFO - Candidates address: 39 items
2025-05-22 04:58:55,036 - P17020 - INFO - Candidates phone: 128 items
2025-05-22 04:58:55,036 - P17020 - INFO - Candidates email: 799 items
2025-05-22 04:58:55,042 - P17020 - INFO - Candidates complement: 4 items
2025-05-22 04:58:55,042 - P17020 - INFO - Candidates cep: 1593 items
2025-05-22 04:58:55,043 - P17020 - INFO - Após processar URL 11 Uso de memória: 140.69 MB
2025-05-22 04:58:55,043 - P17020 - INFO - Processando URL 12/17: https://cliniguia.com/profissionais/miguel-sallum-980016281502359/
2025-05-22 04:59:00,637 - P17020 - INFO - HTML salvo para debug: data\debug_html_v10\7fc0326517aa611b16d9f2d6df9bda17.html
2025-05-22 04:59:00,683 - P17020 - INFO - Candidates address: 0 items
2025-05-22 04:59:00,683 - P17020 - INFO - Candidates phone: 0 items
2025-05-22 04:59:00,683 - P17020 - INFO - Candidates email: 0 items
2025-05-22 04:59:00,683 - P17020 - INFO - Candidates complement: 0 items
2025-05-22 04:59:00,683 - P17020 - INFO - Candidates cep: 0 items
2025-05-22 04:59:00,683 - P17020 - INFO - Após processar URL 12 Uso de memória: 135.01 MB
2025-05-22 04:59:00,684 - P17020 - INFO - Processando URL 13/17: https://listamedicos.com/medico/miguel-sallum
2025-05-22 04:59:06,475 - P17020 - INFO - HTML salvo para debug: data\debug_html_v10\bd70f839dcdb73206290649eddf41ad1.html
2025-05-22 04:59:06,483 - P17020 - INFO - Candidates address: 0 items
2025-05-22 04:59:06,484 - P17020 - INFO - Candidates phone: 0 items
2025-05-22 04:59:06,484 - P17020 - INFO - Candidates email: 0 items
2025-05-22 04:59:06,485 - P17020 - INFO - Candidates complement: 0 items
2025-05-22 04:59:06,485 - P17020 - INFO - Candidates cep: 2 items
2025-05-22 04:59:06,485 - P17020 - INFO - Após processar URL 13 Uso de memória: 134.00 MB
2025-05-22 04:59:06,485 - P17020 - INFO - Processando URL 14/17: https://www.cliqueiachei.com.br/telefone2/franca/sp/doutor-miguel-sallum---medico-clinico-geral-unimed
2025-05-22 04:59:12,830 - P17020 - INFO - HTML salvo para debug: data\debug_html_v10\3d64e38bd8ce26e2af05c3945532e8cf.html
2025-05-22 04:59:12,839 - P17020 - INFO - Candidates address: 1 items
2025-05-22 04:59:12,839 - P17020 - INFO - Candidates phone: 1 items
2025-05-22 04:59:12,839 - P17020 - INFO - Candidates email: 0 items
2025-05-22 04:59:12,840 - P17020 - INFO - Candidates complement: 0 items
2025-05-22 04:59:12,840 - P17020 - INFO - Candidates cep: 0 items
2025-05-22 04:59:12,840 - P17020 - INFO - Após processar URL 14 Uso de memória: 134.00 MB
2025-05-22 04:59:12,841 - P17020 - INFO - Processando URL 15/17: https://www.boaconsulta.com/especialista/miguel-sallum-6106c6b9a2e00a5d84004979
2025-05-22 04:59:16,226 - P17020 - INFO - HTML salvo para debug: data\debug_html_v10\374ab92febda14b836a420096dbb3765.html
2025-05-22 04:59:16,299 - P17020 - INFO - Candidates address: 3 items
2025-05-22 04:59:16,300 - P17020 - INFO - Candidates phone: 0 items
2025-05-22 04:59:16,300 - P17020 - INFO - Candidates email: 0 items
2025-05-22 04:59:16,300 - P17020 - INFO - Candidates complement: 0 items
2025-05-22 04:59:16,300 - P17020 - INFO - Candidates cep: 0 items
2025-05-22 04:59:16,301 - P17020 - INFO - Após processar URL 15 Uso de memória: 134.55 MB
2025-05-22 04:59:16,301 - P17020 - INFO - Processando URL 16/17: https://www.ime.usp.br/~yoshi/DATA/LEIPZIG_PT_BR/1M/por-br_newscrawl_2011_1M-words.txt
2025-05-22 04:59:16,301 - P17020 - INFO - Ignorando URL de arquivo não-HTML: https://www.ime.usp.br/~yoshi/DATA/LEIPZIG_PT_BR/1M/por-br_newscrawl_2011_1M-words.txt
2025-05-22 04:59:16,301 - P17020 - INFO - Após processar URL 16 Uso de memória: 134.55 MB
2025-05-22 04:59:16,301 - P17020 - INFO - Processando URL 17/17: https://www.redescredenciadas.com.br/perfil/miguel-sallum-sp-38526
2025-05-22 04:59:21,676 - P17020 - INFO - HTML salvo para debug: data\debug_html_v10\975d0cb996400ddbda965808f7caca88.html
2025-05-22 04:59:21,686 - P17020 - INFO - Candidates address: 1 items
2025-05-22 04:59:21,686 - P17020 - INFO - Candidates phone: 2 items
2025-05-22 04:59:21,686 - P17020 - INFO - Candidates email: 0 items
2025-05-22 04:59:21,687 - P17020 - INFO - Candidates complement: 0 items
2025-05-22 04:59:21,687 - P17020 - INFO - Candidates cep: 0 items
2025-05-22 04:59:21,687 - P17020 - INFO - Após processar URL 17 Uso de memória: 134.66 MB
2025-05-22 04:59:21,687 - P17020 - INFO - Iniciando agregação e ranqueamento
2025-05-22 04:59:21,687 - P17020 - INFO - Ranked address: 62 items
2025-05-22 04:59:21,687 - P17020 - INFO - Ranked phone: 194 items
2025-05-22 04:59:21,688 - P17020 - INFO - Ranked email: 799 items
2025-05-22 04:59:21,688 - P17020 - INFO - Ranked complement: 8 items
2025-05-22 04:59:21,689 - P17020 - INFO - Ranked cep: 1645 items
2025-05-22 04:59:21,691 - P17020 - INFO - Após agregação Uso de memória: 134.66 MB
2025-05-22 04:59:21,691 - P17020 - INFO - Validando endereço: ['Rua Abilio Coutinho, 203', 'Rua Ana Custodio Perisse 001130', 'Rua Padre Anchieta, 1989']
2025-05-22 04:59:21,691 - P17020 - INFO - Endereço validado: Rua Abilio Coutinho, 203
2025-05-22 04:59:21,691 - P17020 - INFO - Limpando texto extenso para campo address: Rua Abilio Coutinho, 203...
2025-05-22 04:59:21,691 - P17020 - INFO - Texto limpo: Rua Abilio Coutinho, 203
2025-05-22 04:59:21,691 - P17020 - INFO - Validando telefone: ['(16) 3720-2029', '(16) 3723-3985', '(16) 98116-8030']
2025-05-22 04:59:21,692 - P17020 - INFO - Limpando texto extenso para campo phone: (16) 3720-2029...
2025-05-22 04:59:21,692 - P17020 - INFO - Texto limpo: 16) 3720-2029
2025-05-22 04:59:21,692 - P17020 - INFO - Telefone validado: 16) 3720-2029
2025-05-22 04:59:21,692 - P17020 - INFO - Validando email: ['jonas.machado50@gmail.com', 'arthuraugustovillela@hotmail.com', 'adalbertolandgraf@gmail.com']
2025-05-22 04:59:21,692 - P17020 - INFO - Limpando texto extenso para campo email: jonas.machado50@gmail.com...
2025-05-22 04:59:21,692 - P17020 - INFO - Texto limpo: jonas.machado50@gmail.com
2025-05-22 04:59:21,693 - P17020 - INFO - Email validado: jonas.machado50@gmail.com
2025-05-22 04:59:21,693 - P17020 - INFO - Validando complemento: ['Sala  02 Centro', 'Sala 01  São José', 'Sala 2']
2025-05-22 04:59:21,693 - P17020 - INFO - Limpando texto extenso para campo complement: Sala  02 Centro...
2025-05-22 04:59:21,693 - P17020 - INFO - Texto limpo: Sala 02 Centro
2025-05-22 04:59:21,693 - P17020 - INFO - Complemento validado: Sala 02 Centro
2025-05-22 04:59:21,693 - P17020 - INFO - Descobrindo cidade
2025-05-22 04:59:21,694 - P17020 - INFO - Buscando cidade: Rua Abilio Coutinho cidade SP
2025-05-22 04:59:24,397 - P17020 - INFO - Cidade encontrada: Franca
2025-05-22 04:59:24,397 - P17020 - INFO - Limpando texto extenso para campo city: Franca...
2025-05-22 04:59:24,397 - P17020 - INFO - Texto limpo: Franca
2025-05-22 04:59:24,397 - P17020 - INFO - Cidade descoberta: Franca
2025-05-22 04:59:24,397 - P17020 - INFO - Buscando CEP com sistema de cascata
2025-05-22 04:59:24,398 - P17020 - INFO - Iniciando busca de CEP em cascata para: Rua Abilio Coutinho, Franca, SP
2025-05-22 04:59:24,398 - P17020 - INFO - Método 1: ViaCEP API
2025-05-22 04:59:24,398 - P17020 - INFO - Buscando no ViaCEP: https://viacep.com.br/ws/SP/franca/rua%20abilio%20coutinho/json/
2025-05-22 04:59:25,057 - P17020 - INFO - Dados encontrados no ViaCEP: {'cep': '14406-355', 'logradouro': 'Rua Abílio Coutinho', 'complemento': '', 'unidade': '', 'bairro': 'São Joaquim', 'localidade': 'Franca', 'uf': 'SP', 'estado': 'São Paulo', 'regiao': 'Sudeste', 'ibge': '3516200', 'gia': '3104', 'ddd': '16', 'siafi': '6425'}
2025-05-22 04:59:25,059 - P17020 - INFO - CEP encontrado via ViaCEP: 14406-355
2025-05-22 04:59:25,060 - P17020 - INFO - Dados de CEP encontrados: {'cep': '14406-355', 'logradouro': 'Rua Abílio Coutinho', 'complemento': '', 'unidade': '', 'bairro': 'São Joaquim', 'localidade': 'Franca', 'uf': 'SP', 'estado': 'São Paulo', 'regiao': 'Sudeste', 'ibge': '3516200', 'gia': '3104', 'ddd': '16', 'siafi': '6425'}
2025-05-22 04:59:25,060 - P17020 - INFO - Limpando texto extenso para campo bairro: São Joaquim...
2025-05-22 04:59:25,060 - P17020 - INFO - Texto limpo: São Joaquim
2025-05-22 04:59:25,060 - P17020 - INFO - Limpando texto extenso para campo city: Franca...
2025-05-22 04:59:25,060 - P17020 - INFO - Texto limpo: Franca
2025-05-22 04:59:25,060 - P17020 - INFO - Limpando texto extenso para campo state: SP...
2025-05-22 04:59:25,061 - P17020 - INFO - Texto limpo: SP
2025-05-22 04:59:25,061 - P17020 - INFO - Tempo de execução de processamento completo do médico: 69.88 segundos
2025-05-22 04:59:25,061 - P17020 - INFO - Resultado processado: {'Hash': '0954a890af506209a883fcd29d14c447738a573fc931d9b956f412f438bae121', 'CRM': '38526', 'UF': 'SP', 'Firstname': 'MIGUEL', 'LastName': 'SALLUM', 'Medical specialty': '', 'Endereco Completo A1': 'Rua Abilio Coutinho, 203', 'Address A1': 'Rua Abilio Coutinho', 'Numero A1': '203', 'Complement A1': 'Sala 02 Centro', 'Bairro A1': 'São Joaquim', 'postal code A1': '14406-355', 'City A1': 'Franca', 'State A1': 'SP', 'Phone A1': '16) 3720-2029', 'Phone A2': '', 'Cell phone A1': '', 'Cell phone A2': '', 'E-mail A1': 'jonas.machado50@gmail.com', 'E-mail A2': '', 'OPT-IN': '', 'STATUS': '', 'LOTE': ''}
2025-05-22 04:59:25,062 - P17020 - INFO - Progresso: 80.2%
2025-05-22 04:59:25,063 - P17020 - INFO - Executando coleta de lixo
2025-05-22 04:59:25,089 - P17020 - INFO - Após coleta de lixo Uso de memória: 129.59 MB
2025-05-22 04:59:25,090 - P17020 - INFO - Tempo de execução de processamento do médico 1: 71.16 segundos
2025-05-22 04:59:25,091 - P17020 - INFO - 
==================================================
Processando médico 2/3
2025-05-22 04:59:25,094 - P17020 - INFO - Nome: NELSON ANTUNES JUNIOR
2025-05-22 04:59:25,095 - P17020 - INFO - Início do processamento Uso de memória: 129.59 MB
2025-05-22 04:59:25,095 - P17020 - INFO - Iniciando busca para: NELSON ANTUNES JUNIOR CRM 38992 SP telefone e-mail endereço
2025-05-22 04:59:25,909 - P17020 - INFO - SearX results: 15 URLs
2025-05-22 04:59:25,910 - P17020 - INFO - Após SearX Uso de memória: 129.59 MB
2025-05-22 04:59:28,561 - P17020 - INFO - Google results: 10 URLs
2025-05-22 04:59:28,561 - P17020 - INFO - Após Google Uso de memória: 133.76 MB
2025-05-22 04:59:31,173 - P17020 - INFO - Bing results: 15 URLs
2025-05-22 04:59:31,174 - P17020 - INFO - Após Bing Uso de memória: 134.73 MB
2025-05-22 04:59:31,174 - P17020 - INFO - Total de URLs únicas: 26
2025-05-22 04:59:31,174 - P17020 - INFO - Processando URL 1/26: https://futurehealth.cc/congelamento-ovulos-fertilizacao-assistida-ginecologista-nelson-antunes/
2025-05-22 04:59:35,900 - P17020 - INFO - HTML salvo para debug: data\debug_html_v10\4cc5b796685c8ae56557ab6fbb7255a5.html
2025-05-22 04:59:35,923 - P17020 - INFO - Candidates address: 0 items
2025-05-22 04:59:35,923 - P17020 - INFO - Candidates phone: 0 items
2025-05-22 04:59:35,923 - P17020 - INFO - Candidates email: 0 items
2025-05-22 04:59:35,923 - P17020 - INFO - Candidates complement: 0 items
2025-05-22 04:59:35,923 - P17020 - INFO - Candidates cep: 0 items
2025-05-22 04:59:35,924 - P17020 - INFO - Após processar URL 1 Uso de memória: 134.73 MB
2025-05-22 04:59:35,924 - P17020 - INFO - Processando URL 2/26: https://www.clinicapluris.com.br/clinica/
2025-05-22 04:59:41,602 - P17020 - INFO - HTML salvo para debug: data\debug_html_v10\81bf341736a04d93bf612b73f51985ca.html
2025-05-22 04:59:41,621 - P17020 - INFO - Candidates address: 1 items
2025-05-22 04:59:41,621 - P17020 - INFO - Candidates phone: 2 items
2025-05-22 04:59:41,622 - P17020 - INFO - Candidates email: 0 items
2025-05-22 04:59:41,622 - P17020 - INFO - Candidates complement: 1 items
2025-05-22 04:59:41,622 - P17020 - INFO - Candidates cep: 2 items
2025-05-22 04:59:41,622 - P17020 - INFO - Após processar URL 2 Uso de memória: 134.73 MB
2025-05-22 04:59:41,622 - P17020 - INFO - Processando URL 3/26: https://cliniguia.com/profissionais/nelson-antunes-junior-700704936501474/
2025-05-22 04:59:46,271 - P17020 - INFO - HTML salvo para debug: data\debug_html_v10\3b9763c869ae07fbc47998c759c702f8.html
2025-05-22 04:59:46,314 - P17020 - INFO - Candidates address: 0 items
2025-05-22 04:59:46,314 - P17020 - INFO - Candidates phone: 0 items
2025-05-22 04:59:46,315 - P17020 - INFO - Candidates email: 0 items
2025-05-22 04:59:46,315 - P17020 - INFO - Candidates complement: 0 items
2025-05-22 04:59:46,315 - P17020 - INFO - Candidates cep: 0 items
2025-05-22 04:59:46,315 - P17020 - INFO - Após processar URL 3 Uso de memória: 135.53 MB
2025-05-22 04:59:46,315 - P17020 - INFO - Processando URL 4/26: https://www.projetoalfa.com.br/contato
2025-05-22 04:59:49,915 - P17020 - INFO - HTML salvo para debug: data\debug_html_v10\ff190433e087749bca283a974c1595a5.html
2025-05-22 04:59:49,931 - P17020 - INFO - Candidates address: 1 items
2025-05-22 04:59:49,932 - P17020 - INFO - Candidates phone: 2 items
2025-05-22 04:59:49,932 - P17020 - INFO - Candidates email: 0 items
2025-05-22 04:59:49,932 - P17020 - INFO - Candidates complement: 0 items
2025-05-22 04:59:49,932 - P17020 - INFO - Candidates cep: 1 items
2025-05-22 04:59:49,932 - P17020 - INFO - Após processar URL 4 Uso de memória: 134.73 MB
2025-05-22 04:59:49,933 - P17020 - INFO - Processando URL 5/26: https://consultacrm.com.br/
2025-05-22 04:59:53,802 - P17020 - INFO - HTML salvo para debug: data\debug_html_v10\65cadeb91ac3713432c21b535990f440.html
2025-05-22 04:59:53,813 - P17020 - INFO - Candidates address: 0 items
2025-05-22 04:59:53,813 - P17020 - INFO - Candidates phone: 0 items
2025-05-22 04:59:53,813 - P17020 - INFO - Candidates email: 0 items
2025-05-22 04:59:53,814 - P17020 - INFO - Candidates complement: 0 items
2025-05-22 04:59:53,814 - P17020 - INFO - Candidates cep: 0 items
2025-05-22 04:59:53,814 - P17020 - INFO - Após processar URL 5 Uso de memória: 134.74 MB
2025-05-22 04:59:53,814 - P17020 - INFO - Processando URL 6/26: https://www.projetoalfa.com.br/blog
2025-05-22 04:59:56,595 - P17020 - INFO - HTML salvo para debug: data\debug_html_v10\065e6603e96cc385b65291df5d5ce3cf.html
2025-05-22 04:59:56,649 - P17020 - INFO - Candidates address: 1 items
2025-05-22 04:59:56,650 - P17020 - INFO - Candidates phone: 2 items
2025-05-22 04:59:56,653 - P17020 - INFO - Candidates email: 0 items
2025-05-22 04:59:56,654 - P17020 - INFO - Candidates complement: 0 items
2025-05-22 04:59:56,654 - P17020 - INFO - Candidates cep: 1 items
2025-05-22 04:59:56,655 - P17020 - INFO - Após processar URL 6 Uso de memória: 134.75 MB
2025-05-22 04:59:56,657 - P17020 - INFO - Processando URL 7/26: https://www.stf.jus.br/portal/contaPublicaContrato/contratos/CT00192005AD001.pdf
2025-05-22 04:59:56,658 - P17020 - INFO - Ignorando URL de arquivo não-HTML: https://www.stf.jus.br/portal/contaPublicaContrato/contratos/CT00192005AD001.pdf
2025-05-22 04:59:56,659 - P17020 - INFO - Após processar URL 7 Uso de memória: 134.75 MB
2025-05-22 04:59:56,660 - P17020 - INFO - Processando URL 8/26: https://www.projetoalfa.com.br/area-do-funcionario
2025-05-22 04:59:58,760 - P17020 - INFO - HTML salvo para debug: data\debug_html_v10\137aecf8cfd4ef68e28884950c65d3d4.html
2025-05-22 04:59:58,779 - P17020 - INFO - Candidates address: 1 items
2025-05-22 04:59:58,800 - P17020 - INFO - Candidates phone: 2 items
2025-05-22 04:59:58,801 - P17020 - INFO - Candidates email: 0 items
2025-05-22 04:59:58,802 - P17020 - INFO - Candidates complement: 0 items
2025-05-22 04:59:58,803 - P17020 - INFO - Candidates cep: 1 items
2025-05-22 04:59:58,806 - P17020 - INFO - Após processar URL 8 Uso de memória: 134.75 MB
2025-05-22 04:59:58,807 - P17020 - INFO - Processando URL 9/26: https://clinicapluris.com.br/clinica/dr-nelson-antunes-jr/
2025-05-22 05:00:02,609 - P17020 - INFO - HTML salvo para debug: data\debug_html_v10\eabc214d6badf90b66cd5b38a9c7a2ed.html
2025-05-22 05:00:02,625 - P17020 - INFO - Candidates address: 1 items
2025-05-22 05:00:02,625 - P17020 - INFO - Candidates phone: 2 items
2025-05-22 05:00:02,626 - P17020 - INFO - Candidates email: 0 items
2025-05-22 05:00:02,626 - P17020 - INFO - Candidates complement: 1 items
2025-05-22 05:00:02,626 - P17020 - INFO - Candidates cep: 2 items
2025-05-22 05:00:02,627 - P17020 - INFO - Após processar URL 9 Uso de memória: 134.75 MB
2025-05-22 05:00:02,627 - P17020 - INFO - Processando URL 10/26: https://www.projetoalfa.com.br/projeto-alfa
2025-05-22 05:00:04,952 - P17020 - INFO - HTML salvo para debug: data\debug_html_v10\307e62fdad5b8e815a1131413f450773.html
2025-05-22 05:00:04,971 - P17020 - INFO - Candidates address: 1 items
2025-05-22 05:00:04,971 - P17020 - INFO - Candidates phone: 2 items
2025-05-22 05:00:04,971 - P17020 - INFO - Candidates email: 0 items
2025-05-22 05:00:04,972 - P17020 - INFO - Candidates complement: 0 items
2025-05-22 05:00:04,972 - P17020 - INFO - Candidates cep: 1 items
2025-05-22 05:00:04,972 - P17020 - INFO - Após processar URL 10 Uso de memória: 134.75 MB
2025-05-22 05:00:04,973 - P17020 - INFO - Processando URL 11/26: https://www.clinicapluris.com.br/midia/
2025-05-22 05:00:09,591 - P17020 - INFO - HTML salvo para debug: data\debug_html_v10\f34e1fb05c7b6809c5a8dc544626430e.html
2025-05-22 05:00:09,609 - P17020 - INFO - Candidates address: 1 items
2025-05-22 05:00:09,610 - P17020 - INFO - Candidates phone: 2 items
2025-05-22 05:00:09,611 - P17020 - INFO - Candidates email: 0 items
2025-05-22 05:00:09,612 - P17020 - INFO - Candidates complement: 1 items
2025-05-22 05:00:09,615 - P17020 - INFO - Candidates cep: 2 items
2025-05-22 05:00:09,617 - P17020 - INFO - Após processar URL 11 Uso de memória: 134.75 MB
2025-05-22 05:00:09,618 - P17020 - INFO - Processando URL 12/26: https://diariooficial.guarulhos.sp.gov.br/uploads/pdf/1531116635.pdf
2025-05-22 05:00:09,619 - P17020 - INFO - Ignorando URL de arquivo não-HTML: https://diariooficial.guarulhos.sp.gov.br/uploads/pdf/1531116635.pdf
2025-05-22 05:00:09,622 - P17020 - INFO - Após processar URL 12 Uso de memória: 134.75 MB
2025-05-22 05:00:09,629 - P17020 - INFO - Processando URL 13/26: https://www.helpsaude.com/Nelson-Antunes-Junior.SP
2025-05-22 05:00:16,126 - P17020 - INFO - HTML salvo para debug: data\debug_html_v10\eb7ee68243eca4fd2ea50513716c9b30.html
2025-05-22 05:00:16,146 - P17020 - INFO - Candidates address: 0 items
2025-05-22 05:00:16,147 - P17020 - INFO - Candidates phone: 0 items
2025-05-22 05:00:16,150 - P17020 - INFO - Candidates email: 0 items
2025-05-22 05:00:16,150 - P17020 - INFO - Candidates complement: 0 items
2025-05-22 05:00:16,151 - P17020 - INFO - Candidates cep: 0 items
2025-05-22 05:00:16,151 - P17020 - INFO - Após processar URL 13 Uso de memória: 134.75 MB
2025-05-22 05:00:16,152 - P17020 - INFO - Processando URL 14/26: https://www.boaconsulta.com/especialista/nelson-antunes-junior-6106d8d3a2e00a6999004d7b
2025-05-22 05:00:18,361 - P17020 - INFO - HTML salvo para debug: data\debug_html_v10\7cbb4ee3106a1aa32667838a8cd546ca.html
2025-05-22 05:00:18,487 - P17020 - INFO - Candidates address: 11 items
2025-05-22 05:00:18,491 - P17020 - INFO - Candidates phone: 0 items
2025-05-22 05:00:18,573 - P17020 - INFO - Candidates email: 0 items
2025-05-22 05:00:18,593 - P17020 - INFO - Candidates complement: 3 items
2025-05-22 05:00:18,594 - P17020 - INFO - Candidates cep: 0 items
2025-05-22 05:00:18,605 - P17020 - INFO - Após processar URL 14 Uso de memória: 134.75 MB
2025-05-22 05:00:18,625 - P17020 - INFO - Processando URL 15/26: https://www.projetoalfa.com.br/especialistas-sugeridos
2025-05-22 05:00:21,294 - P17020 - INFO - HTML salvo para debug: data\debug_html_v10\3d7fa2d6d822a234a76789f13c80b87d.html
2025-05-22 05:00:21,346 - P17020 - INFO - Candidates address: 35 items
2025-05-22 05:00:21,350 - P17020 - INFO - Candidates phone: 41 items
2025-05-22 05:00:21,351 - P17020 - INFO - Candidates email: 4 items
2025-05-22 05:00:21,352 - P17020 - INFO - Candidates complement: 22 items
2025-05-22 05:00:21,353 - P17020 - INFO - Candidates cep: 29 items
2025-05-22 05:00:21,353 - P17020 - INFO - Após processar URL 15 Uso de memória: 134.75 MB
2025-05-22 05:00:21,354 - P17020 - INFO - Processando URL 16/26: https://www.projetoalfa.com.br/tratamentos/coleta-alternativa-de-espermatozoides/eletroejaculacao
2025-05-22 05:00:23,449 - P17020 - INFO - HTML salvo para debug: data\debug_html_v10\932cb1e6a12d1ecffb0655c17d842818.html
2025-05-22 05:00:23,468 - P17020 - INFO - Candidates address: 1 items
2025-05-22 05:00:23,469 - P17020 - INFO - Candidates phone: 2 items
2025-05-22 05:00:23,469 - P17020 - INFO - Candidates email: 0 items
2025-05-22 05:00:23,469 - P17020 - INFO - Candidates complement: 0 items
2025-05-22 05:00:23,469 - P17020 - INFO - Candidates cep: 1 items
2025-05-22 05:00:23,469 - P17020 - INFO - Após processar URL 16 Uso de memória: 134.75 MB
2025-05-22 05:00:23,469 - P17020 - INFO - Processando URL 17/26: https://guiamedico.cremesp.org.br/
2025-05-22 05:00:26,690 - P17020 - INFO - HTML salvo para debug: data\debug_html_v10\7c54969580769b63edd9abaa952e1fa2.html
2025-05-22 05:00:26,699 - P17020 - INFO - Candidates address: 1 items
2025-05-22 05:00:26,700 - P17020 - INFO - Candidates phone: 1 items
2025-05-22 05:00:26,702 - P17020 - INFO - Candidates email: 0 items
2025-05-22 05:00:26,702 - P17020 - INFO - Candidates complement: 0 items
2025-05-22 05:00:26,702 - P17020 - INFO - Candidates cep: 1 items
2025-05-22 05:00:26,702 - P17020 - INFO - Após processar URL 17 Uso de memória: 134.75 MB
2025-05-22 05:00:26,702 - P17020 - INFO - Processando URL 18/26: https://www.projetoalfa.com.br/blog/noticias
2025-05-22 05:00:29,015 - P17020 - INFO - HTML salvo para debug: data\debug_html_v10\590588307edbc59b07fe271cc688d59f.html
2025-05-22 05:00:29,032 - P17020 - INFO - Candidates address: 1 items
2025-05-22 05:00:29,032 - P17020 - INFO - Candidates phone: 2 items
2025-05-22 05:00:29,032 - P17020 - INFO - Candidates email: 0 items
2025-05-22 05:00:29,032 - P17020 - INFO - Candidates complement: 0 items
2025-05-22 05:00:29,032 - P17020 - INFO - Candidates cep: 1 items
2025-05-22 05:00:29,033 - P17020 - INFO - Após processar URL 18 Uso de memória: 134.76 MB
2025-05-22 05:00:29,033 - P17020 - INFO - Processando URL 19/26: https://cnpj.biz/57554976000123
2025-05-22 05:00:33,360 - P17020 - INFO - HTML salvo para debug: data\debug_html_v10\e1853c3a121aa255e11c38b2ebb6d61b.html
2025-05-22 05:00:33,374 - P17020 - INFO - Candidates address: 2 items
2025-05-22 05:00:33,375 - P17020 - INFO - Candidates phone: 1 items
2025-05-22 05:00:33,375 - P17020 - INFO - Candidates email: 1 items
2025-05-22 05:00:33,375 - P17020 - INFO - Candidates complement: 0 items
2025-05-22 05:00:33,375 - P17020 - INFO - Candidates cep: 3 items
2025-05-22 05:00:33,376 - P17020 - INFO - Após processar URL 19 Uso de memória: 134.76 MB
2025-05-22 05:00:33,376 - P17020 - INFO - Processando URL 20/26: https://www.classemedica.com.br/medico/254136-nelson-antunes-junior.htm
2025-05-22 05:00:40,543 - P17020 - INFO - HTML salvo para debug: data\debug_html_v10\1a71d7efc645818fa37bc3f721d8e3cd.html
2025-05-22 05:00:40,570 - P17020 - INFO - Candidates address: 0 items
2025-05-22 05:00:40,571 - P17020 - INFO - Candidates phone: 0 items
2025-05-22 05:00:40,571 - P17020 - INFO - Candidates email: 0 items
2025-05-22 05:00:40,571 - P17020 - INFO - Candidates complement: 0 items
2025-05-22 05:00:40,571 - P17020 - INFO - Candidates cep: 0 items
2025-05-22 05:00:40,571 - P17020 - INFO - Após processar URL 20 Uso de memória: 134.76 MB
2025-05-22 05:00:40,571 - P17020 - INFO - Processando URL 21/26: https://www.doctoralia.com.br/nelson-antunes-junior/ginecologista/sao-paulo
2025-05-22 05:00:40,572 - P17020 - INFO - Ignorando URL de arquivo não-HTML: https://www.doctoralia.com.br/nelson-antunes-junior/ginecologista/sao-paulo
2025-05-22 05:00:40,572 - P17020 - INFO - Após processar URL 21 Uso de memória: 134.76 MB
2025-05-22 05:00:40,572 - P17020 - INFO - Processando URL 22/26: https://www.medicosbrasil.com/profissional/nelson-antunes-junior
2025-05-22 05:00:42,766 - P17020 - INFO - HTML salvo para debug: data\debug_html_v10\3de109ea856de19c1b9f233eff53e35f.html
2025-05-22 05:00:42,768 - P17020 - INFO - Candidates address: 0 items
2025-05-22 05:00:42,768 - P17020 - INFO - Candidates phone: 0 items
2025-05-22 05:00:42,768 - P17020 - INFO - Candidates email: 0 items
2025-05-22 05:00:42,768 - P17020 - INFO - Candidates complement: 0 items
2025-05-22 05:00:42,768 - P17020 - INFO - Candidates cep: 0 items
2025-05-22 05:00:42,769 - P17020 - INFO - Após processar URL 22 Uso de memória: 134.76 MB
2025-05-22 05:00:42,769 - P17020 - INFO - Processando URL 23/26: https://portal-api.campinas.sp.gov.br/sites/default/files/publicacoes-dom/dom/823642174.pdf
2025-05-22 05:00:42,769 - P17020 - INFO - Ignorando URL de arquivo não-HTML: https://portal-api.campinas.sp.gov.br/sites/default/files/publicacoes-dom/dom/823642174.pdf
2025-05-22 05:00:42,769 - P17020 - INFO - Após processar URL 23 Uso de memória: 134.76 MB
2025-05-22 05:00:42,769 - P17020 - INFO - Processando URL 24/26: https://diariooficial.guarulhos.sp.gov.br/uploads/pdf/1648497384.pdf
2025-05-22 05:00:42,769 - P17020 - INFO - Ignorando URL de arquivo não-HTML: https://diariooficial.guarulhos.sp.gov.br/uploads/pdf/1648497384.pdf
2025-05-22 05:00:42,770 - P17020 - INFO - Após processar URL 24 Uso de memória: 134.76 MB
2025-05-22 05:00:42,770 - P17020 - INFO - Processando URL 25/26: https://doutorcrm.com/nelson-antunes-junior
2025-05-22 05:00:47,093 - P17020 - INFO - HTML salvo para debug: data\debug_html_v10\49814f3aa2f8bfa924ef9710244c0067.html
2025-05-22 05:00:47,117 - P17020 - INFO - Candidates address: 0 items
2025-05-22 05:00:47,117 - P17020 - INFO - Candidates phone: 0 items
2025-05-22 05:00:47,117 - P17020 - INFO - Candidates email: 0 items
2025-05-22 05:00:47,117 - P17020 - INFO - Candidates complement: 0 items
2025-05-22 05:00:47,117 - P17020 - INFO - Candidates cep: 0 items
2025-05-22 05:00:47,118 - P17020 - INFO - Após processar URL 25 Uso de memória: 134.76 MB
2025-05-22 05:00:47,118 - P17020 - INFO - Processando URL 26/26: https://osasco.sp.gov.br/site/wp-content/uploads/2022/02/iomo552.pdf
2025-05-22 05:00:47,118 - P17020 - INFO - Ignorando URL de arquivo não-HTML: https://osasco.sp.gov.br/site/wp-content/uploads/2022/02/iomo552.pdf
2025-05-22 05:00:47,118 - P17020 - INFO - Após processar URL 26 Uso de memória: 134.76 MB
2025-05-22 05:00:47,118 - P17020 - INFO - Iniciando agregação e ranqueamento
2025-05-22 05:00:47,118 - P17020 - INFO - Ranked address: 48 items
2025-05-22 05:00:47,119 - P17020 - INFO - Ranked phone: 45 items
2025-05-22 05:00:47,119 - P17020 - INFO - Ranked email: 5 items
2025-05-22 05:00:47,119 - P17020 - INFO - Ranked complement: 26 items
2025-05-22 05:00:47,119 - P17020 - INFO - Ranked cep: 34 items
2025-05-22 05:00:47,119 - P17020 - INFO - Após agregação Uso de memória: 134.76 MB
2025-05-22 05:00:47,120 - P17020 - INFO - Validando endereço: ['Rua Cincinato Braga 37 - 12', 'Rua André Ampére, 153', 'Rua Cincinato Braga, 37']
2025-05-22 05:00:47,120 - P17020 - INFO - Endereço validado: Rua Cincinato Braga 37 - 12
2025-05-22 05:00:47,120 - P17020 - INFO - Limpando texto extenso para campo address: Rua Cincinato Braga 37 - 12...
2025-05-22 05:00:47,120 - P17020 - INFO - Texto limpo: Rua Cincinato Braga 37 - 12
2025-05-22 05:00:47,120 - P17020 - INFO - Validando telefone: ['(11) 5645-0024', '+551156450024', '(11) 91571-3684']
2025-05-22 05:00:47,120 - P17020 - INFO - Limpando texto extenso para campo phone: (11) 5645-0024...
2025-05-22 05:00:47,120 - P17020 - INFO - Texto limpo: 11) 5645-0024
2025-05-22 05:00:47,121 - P17020 - INFO - Telefone validado: 11) 5645-0024
2025-05-22 05:00:47,121 - P17020 - INFO - Validando email: ['consultoriodrjonathas@gmail.com', 'info@clinicamater.com.br', 'clinica@clinicaolmos.com.br']
2025-05-22 05:00:47,121 - P17020 - INFO - Limpando texto extenso para campo email: consultoriodrjonathas@gmail.com...
2025-05-22 05:00:47,121 - P17020 - INFO - Texto limpo: consultoriodrjonathas@gmail.com
2025-05-22 05:00:47,121 - P17020 - INFO - Email validado: consultoriodrjonathas@gmail.com
2025-05-22 05:00:47,121 - P17020 - INFO - Validando complemento: ['Sala 42', 'Sala 216', 'Conjunto 31 Vila Nova Conceição']
2025-05-22 05:00:47,122 - P17020 - INFO - Limpando texto extenso para campo complement: Sala 42...
2025-05-22 05:00:47,122 - P17020 - INFO - Texto limpo: Sala 42
2025-05-22 05:00:47,122 - P17020 - INFO - Complemento validado: Sala 42
2025-05-22 05:00:47,122 - P17020 - INFO - Descobrindo cidade
2025-05-22 05:00:47,122 - P17020 - INFO - Buscando cidade: Rua Cincinato Braga 37 - 12 cidade SP
2025-05-22 05:00:49,895 - P17020 - INFO - Cidade encontrada: São Paulo
2025-05-22 05:00:49,895 - P17020 - INFO - Limpando texto extenso para campo city: São Paulo...
2025-05-22 05:00:49,895 - P17020 - INFO - Texto limpo: São Paulo
2025-05-22 05:00:49,895 - P17020 - INFO - Cidade descoberta: São Paulo
2025-05-22 05:00:49,896 - P17020 - INFO - Buscando CEP com sistema de cascata
2025-05-22 05:00:49,896 - P17020 - INFO - Iniciando busca de CEP em cascata para: Rua Cincinato Braga 37 - 12, São Paulo, SP
2025-05-22 05:00:49,896 - P17020 - INFO - Método 1: ViaCEP API
2025-05-22 05:00:49,896 - P17020 - INFO - Buscando no ViaCEP: https://viacep.com.br/ws/SP/sao%20paulo/rua%20cincinato%20braga%2037%2012/json/
2025-05-22 05:00:50,730 - P17020 - WARNING - ViaCEP retornou status 200 ou nenhum resultado
2025-05-22 05:00:50,732 - P17020 - INFO - Método 2: BrasilAPI
2025-05-22 05:00:50,732 - P17020 - INFO - Buscando na BrasilAPI: Rua Cincinato Braga 37 - 12, São Paulo, SP
2025-05-22 05:00:51,241 - P17020 - INFO - Consultando BrasilAPI: https://brasilapi.com.br/api/cep/v2/53581382
2025-05-22 05:00:51,546 - P17020 - WARNING - BrasilAPI retornou status 404
2025-05-22 05:00:51,548 - P17020 - INFO - Método 3: Web Scraping do Google
2025-05-22 05:00:51,548 - P17020 - INFO - Buscando CEP: CEP da Rua Cincinato Braga 37 - 12, São Paulo
2025-05-22 05:00:53,366 - P17020 - INFO - CEP encontrado: 01333-011
2025-05-22 05:00:53,382 - P17020 - INFO - CEP encontrado via Google: 01333-011
2025-05-22 05:00:53,382 - P17020 - INFO - Dados de CEP encontrados: {'cep': '01333-011', 'logradouro': 'Rua Cincinato Braga 37 - 12', 'bairro': '', 'localidade': 'São Paulo', 'uf': 'SP', 'complemento': ''}
2025-05-22 05:00:53,388 - P17020 - INFO - Limpando texto extenso para campo city: São Paulo...
2025-05-22 05:00:53,434 - P17020 - INFO - Texto limpo: São Paulo
2025-05-22 05:00:53,464 - P17020 - INFO - Limpando texto extenso para campo state: SP...
2025-05-22 05:00:53,472 - P17020 - INFO - Texto limpo: SP
2025-05-22 05:00:53,484 - P17020 - INFO - Tempo de execução de processamento completo do médico: 88.39 segundos
2025-05-22 05:00:53,486 - P17020 - INFO - Resultado processado: {'Hash': '92503ade6f47d4812d4f5e8f37477cb8c1636661b184443ac96ee696eb204e49', 'CRM': '38992', 'UF': 'SP', 'Firstname': 'NELSON', 'LastName': 'ANTUNES JUNIOR', 'Medical specialty': '', 'Endereco Completo A1': 'Rua Cincinato Braga 37 - 12', 'Address A1': 'Rua Cincinato Braga 37 - 12', 'Numero A1': '', 'Complement A1': 'Sala 42', 'Bairro A1': '', 'postal code A1': '01333-011', 'City A1': 'São Paulo', 'State A1': 'SP', 'Phone A1': '11) 5645-0024', 'Phone A2': '', 'Cell phone A1': '', 'Cell phone A2': '', 'E-mail A1': 'consultoriodrjonathas@gmail.com', 'E-mail A2': '', 'OPT-IN': '', 'STATUS': '', 'LOTE': ''}
2025-05-22 05:00:53,487 - P17020 - INFO - Progresso: 80.7%
2025-05-22 05:00:53,487 - P17020 - INFO - Tempo de execução de processamento do médico 2: 88.40 segundos
2025-05-22 05:00:53,488 - P17020 - INFO - 
==================================================
Processando médico 3/3
2025-05-22 05:00:53,488 - P17020 - INFO - Nome: TANIA DE GIACOMO DO LAGO
2025-05-22 05:00:53,489 - P17020 - INFO - Início do processamento Uso de memória: 129.61 MB
2025-05-22 05:00:53,489 - P17020 - INFO - Iniciando busca para: TANIA DE GIACOMO DO LAGO CRM 40470 SP telefone e-mail endereço
2025-05-22 05:00:54,383 - P17020 - INFO - SearX results: 15 URLs
2025-05-22 05:00:54,384 - P17020 - INFO - Após SearX Uso de memória: 129.61 MB
2025-05-22 05:00:56,930 - P17020 - INFO - Google results: 11 URLs
2025-05-22 05:00:56,930 - P17020 - INFO - Após Google Uso de memória: 130.60 MB
2025-05-22 05:00:59,469 - P17020 - INFO - Bing results: 10 URLs
2025-05-22 05:00:59,469 - P17020 - INFO - Após Bing Uso de memória: 130.60 MB
2025-05-22 05:00:59,469 - P17020 - INFO - Total de URLs únicas: 22
2025-05-22 05:00:59,469 - P17020 - INFO - Processando URL 1/22: https://transparencia.cremesp.org.br/?siteAcao=guia_medico
2025-05-22 05:01:01,916 - P17020 - INFO - HTML salvo para debug: data\debug_html_v10\cb80cc007a72cc7a378681a92a58906a.html
2025-05-22 05:01:01,969 - P17020 - INFO - Candidates address: 1 items
2025-05-22 05:01:01,969 - P17020 - INFO - Candidates phone: 0 items
2025-05-22 05:01:01,970 - P17020 - INFO - Candidates email: 0 items
2025-05-22 05:01:01,970 - P17020 - INFO - Candidates complement: 0 items
2025-05-22 05:01:01,970 - P17020 - INFO - Candidates cep: 1 items
2025-05-22 05:01:01,970 - P17020 - INFO - Após processar URL 1 Uso de memória: 130.60 MB
2025-05-22 05:01:01,970 - P17020 - INFO - Processando URL 2/22: https://www.saobernardo.sp.gov.br/documents/10181/1441964/NM+2316+de+09.09.2022+-++Conte%C3%BAdo+Integral.pdf/fed82924-2295-b0cd-5631-fbe81c161eef
2025-05-22 05:01:01,970 - P17020 - INFO - Ignorando URL de arquivo não-HTML: https://www.saobernardo.sp.gov.br/documents/10181/1441964/NM+2316+de+09.09.2022+-++Conte%C3%BAdo+Integral.pdf/fed82924-2295-b0cd-5631-fbe81c161eef
2025-05-22 05:01:01,971 - P17020 - INFO - Após processar URL 2 Uso de memória: 130.60 MB
2025-05-22 05:01:01,971 - P17020 - INFO - Processando URL 3/22: https://www.encontrasaopaulo.com.br/agenda/crm-sp/
2025-05-22 05:01:08,211 - P17020 - INFO - HTML salvo para debug: data\debug_html_v10\f96a157f3cde736c20a7c87f788a1d0b.html
2025-05-22 05:01:08,244 - P17020 - INFO - Candidates address: 2 items
2025-05-22 05:01:08,244 - P17020 - INFO - Candidates phone: 2 items
2025-05-22 05:01:08,245 - P17020 - INFO - Candidates email: 0 items
2025-05-22 05:01:08,245 - P17020 - INFO - Candidates complement: 0 items
2025-05-22 05:01:08,245 - P17020 - INFO - Candidates cep: 0 items
2025-05-22 05:01:08,245 - P17020 - INFO - Após processar URL 3 Uso de memória: 133.02 MB
2025-05-22 05:01:08,245 - P17020 - INFO - Processando URL 4/22: https://consultacrm.com.br/
2025-05-22 05:01:11,920 - P17020 - INFO - HTML salvo para debug: data\debug_html_v10\65cadeb91ac3713432c21b535990f440.html
2025-05-22 05:01:11,935 - P17020 - INFO - Candidates address: 0 items
2025-05-22 05:01:11,936 - P17020 - INFO - Candidates phone: 0 items
2025-05-22 05:01:11,936 - P17020 - INFO - Candidates email: 0 items
2025-05-22 05:01:11,936 - P17020 - INFO - Candidates complement: 0 items
2025-05-22 05:01:11,937 - P17020 - INFO - Candidates cep: 0 items
2025-05-22 05:01:11,937 - P17020 - INFO - Após processar URL 4 Uso de memória: 130.60 MB
2025-05-22 05:01:11,939 - P17020 - INFO - Processando URL 5/22: https://dossies.agenciapatriciagalvao.org.br/dados-e-fontes/fonte/tania-di-giacomo-do-lago/
2025-05-22 05:01:17,243 - P17020 - INFO - HTML salvo para debug: data\debug_html_v10\b5c98dfb0abab424b96cf39e7314feb7.html
2025-05-22 05:01:17,260 - P17020 - INFO - Candidates address: 0 items
2025-05-22 05:01:17,261 - P17020 - INFO - Candidates phone: 0 items
2025-05-22 05:01:17,270 - P17020 - INFO - Candidates email: 1 items
2025-05-22 05:01:17,271 - P17020 - INFO - Candidates complement: 0 items
2025-05-22 05:01:17,273 - P17020 - INFO - Candidates cep: 0 items
2025-05-22 05:01:17,275 - P17020 - INFO - Após processar URL 5 Uso de memória: 130.60 MB
2025-05-22 05:01:17,276 - P17020 - INFO - Processando URL 6/22: https://bv.fapesp.br/pt/pesquisador/674109/tania-di-giacomo-do-lago/
2025-05-22 05:01:20,949 - P17020 - INFO - HTML salvo para debug: data\debug_html_v10\acee3e23c4dd6a789cc8e1f6ce973720.html
2025-05-22 05:01:20,987 - P17020 - INFO - Candidates address: 1 items
2025-05-22 05:01:20,987 - P17020 - INFO - Candidates phone: 0 items
2025-05-22 05:01:20,987 - P17020 - INFO - Candidates email: 0 items
2025-05-22 05:01:20,987 - P17020 - INFO - Candidates complement: 0 items
2025-05-22 05:01:20,987 - P17020 - INFO - Candidates cep: 1 items
2025-05-22 05:01:20,988 - P17020 - INFO - Após processar URL 6 Uso de memória: 130.60 MB
2025-05-22 05:01:20,988 - P17020 - INFO - Processando URL 7/22: https://www.ime.usp.br/~yoshi/2020i/ccm128/sandbox/2020.05.06/DATA/LEIPZIG_PT_BR/1M/por-br_newscrawl_2011_1M-words.txt
2025-05-22 05:01:20,988 - P17020 - INFO - Ignorando URL de arquivo não-HTML: https://www.ime.usp.br/~yoshi/2020i/ccm128/sandbox/2020.05.06/DATA/LEIPZIG_PT_BR/1M/por-br_newscrawl_2011_1M-words.txt
2025-05-22 05:01:20,988 - P17020 - INFO - Após processar URL 7 Uso de memória: 130.60 MB
2025-05-22 05:01:20,988 - P17020 - INFO - Processando URL 8/22: https://www.cremesp.org.br/?siteAcao=DelegaciasRegionais&id=9
2025-05-22 05:01:24,773 - P17020 - INFO - HTML salvo para debug: data\debug_html_v10\206ad5bbb92b2f406382f7dd75d7f255.html
2025-05-22 05:01:24,821 - P17020 - INFO - Candidates address: 2 items
2025-05-22 05:01:24,830 - P17020 - INFO - Candidates phone: 3 items
2025-05-22 05:01:24,831 - P17020 - INFO - Candidates email: 1 items
2025-05-22 05:01:24,832 - P17020 - INFO - Candidates complement: 0 items
2025-05-22 05:01:24,833 - P17020 - INFO - Candidates cep: 2 items
2025-05-22 05:01:24,837 - P17020 - INFO - Após processar URL 8 Uso de memória: 130.60 MB
2025-05-22 05:01:24,837 - P17020 - INFO - Processando URL 9/22: https://www.escavador.com/sobre/7713663/tania-di-giacomo-lago
2025-05-22 05:01:28,510 - P17020 - INFO - HTML salvo para debug: data\debug_html_v10\b8bc7b37ef5d6e3d43b78e1bb247cd13.html
2025-05-22 05:01:28,546 - P17020 - INFO - Candidates address: 0 items
2025-05-22 05:01:28,549 - P17020 - INFO - Candidates phone: 0 items
2025-05-22 05:01:28,549 - P17020 - INFO - Candidates email: 0 items
2025-05-22 05:01:28,553 - P17020 - INFO - Candidates complement: 0 items
2025-05-22 05:01:28,557 - P17020 - INFO - Candidates cep: 0 items
2025-05-22 05:01:28,560 - P17020 - INFO - Após processar URL 9 Uso de memória: 130.60 MB
2025-05-22 05:01:28,564 - P17020 - INFO - Processando URL 10/22: https://tudosobretodos.info/TANIA+DI+GIACOMO+DO+LAGO_281881
2025-05-22 05:01:33,842 - P17020 - INFO - HTML salvo para debug: data\debug_html_v10\904a529c5766a95402c164c85f08b396.html
2025-05-22 05:01:33,850 - P17020 - INFO - Candidates address: 0 items
2025-05-22 05:01:33,851 - P17020 - INFO - Candidates phone: 0 items
2025-05-22 05:01:33,852 - P17020 - INFO - Candidates email: 0 items
2025-05-22 05:01:33,853 - P17020 - INFO - Candidates complement: 0 items
2025-05-22 05:01:33,853 - P17020 - INFO - Candidates cep: 0 items
2025-05-22 05:01:33,854 - P17020 - INFO - Após processar URL 10 Uso de memória: 130.61 MB
2025-05-22 05:01:33,854 - P17020 - INFO - Processando URL 11/22: https://www.saobernardo.sp.gov.br/documents/10181/865801/NM+2067+de+28.06.2019+-+Conteu%CC%81do+Integral.pdf/4b9a4d65-bb67-d45b-5023-553b54ef986c
2025-05-22 05:01:33,854 - P17020 - INFO - Ignorando URL de arquivo não-HTML: https://www.saobernardo.sp.gov.br/documents/10181/865801/NM+2067+de+28.06.2019+-+Conteu%CC%81do+Integral.pdf/4b9a4d65-bb67-d45b-5023-553b54ef986c
2025-05-22 05:01:33,855 - P17020 - INFO - Após processar URL 11 Uso de memória: 130.61 MB
2025-05-22 05:01:33,855 - P17020 - INFO - Processando URL 12/22: https://bv.fapesp.br/en/pesquisador/674109/tania-di-giacomo-do-lago/
2025-05-22 05:01:37,625 - P17020 - INFO - HTML salvo para debug: data\debug_html_v10\2208f4df8dc6abb6c1d898d83365fe10.html
2025-05-22 05:01:37,655 - P17020 - INFO - Candidates address: 1 items
2025-05-22 05:01:37,658 - P17020 - INFO - Candidates phone: 0 items
2025-05-22 05:01:37,659 - P17020 - INFO - Candidates email: 1 items
2025-05-22 05:01:37,659 - P17020 - INFO - Candidates complement: 0 items
2025-05-22 05:01:37,659 - P17020 - INFO - Candidates cep: 1 items
2025-05-22 05:01:37,659 - P17020 - INFO - Após processar URL 12 Uso de memória: 130.61 MB
2025-05-22 05:01:37,659 - P17020 - INFO - Processando URL 13/22: https://www.escavador.com/sobre/8107577/tania-di-giacomo-do-lago
2025-05-22 05:01:40,854 - P17020 - INFO - HTML salvo para debug: data\debug_html_v10\f56c7013582f0c3f970d98e129fcde15.html
2025-05-22 05:01:40,875 - P17020 - INFO - Candidates address: 0 items
2025-05-22 05:01:40,875 - P17020 - INFO - Candidates phone: 0 items
2025-05-22 05:01:40,876 - P17020 - INFO - Candidates email: 0 items
2025-05-22 05:01:40,876 - P17020 - INFO - Candidates complement: 0 items
2025-05-22 05:01:40,883 - P17020 - INFO - Candidates cep: 0 items
2025-05-22 05:01:40,887 - P17020 - INFO - Após processar URL 13 Uso de memória: 130.61 MB
2025-05-22 05:01:40,891 - P17020 - INFO - Processando URL 14/22: https://sistemas.trf1.jus.br/edj/bitstream/handle/123/81735/Caderno_JUD_BA_2015-12-16_VII_235.pdf?sequence=1&isAllowed=y
2025-05-22 05:01:40,892 - P17020 - INFO - Ignorando URL de arquivo não-HTML: https://sistemas.trf1.jus.br/edj/bitstream/handle/123/81735/Caderno_JUD_BA_2015-12-16_VII_235.pdf?sequence=1&isAllowed=y
2025-05-22 05:01:40,895 - P17020 - INFO - Após processar URL 14 Uso de memória: 130.61 MB
2025-05-22 05:01:40,897 - P17020 - INFO - Processando URL 15/22: https://www.saobernardo.sp.gov.br/documents/10181/542859/16_09_16_NM_1899_otz.pdf/c1fa089b-01ad-404e-a060-0dca86ccb113
2025-05-22 05:01:40,901 - P17020 - INFO - Ignorando URL de arquivo não-HTML: https://www.saobernardo.sp.gov.br/documents/10181/542859/16_09_16_NM_1899_otz.pdf/c1fa089b-01ad-404e-a060-0dca86ccb113
2025-05-22 05:01:40,902 - P17020 - INFO - Após processar URL 15 Uso de memória: 130.61 MB
2025-05-22 05:01:40,903 - P17020 - INFO - Processando URL 16/22: https://portal.cfm.org.br/busca-medicos
2025-05-22 05:01:45,125 - P17020 - INFO - HTML salvo para debug: data\debug_html_v10\e28ae84aaa177d1328f3a0d1fb68449f.html
2025-05-22 05:01:45,167 - P17020 - INFO - Candidates address: 0 items
2025-05-22 05:01:45,169 - P17020 - INFO - Candidates phone: 0 items
2025-05-22 05:01:45,170 - P17020 - INFO - Candidates email: 1 items
2025-05-22 05:01:45,170 - P17020 - INFO - Candidates complement: 1 items
2025-05-22 05:01:45,171 - P17020 - INFO - Candidates cep: 1 items
2025-05-22 05:01:45,171 - P17020 - INFO - Após processar URL 16 Uso de memória: 130.61 MB
2025-05-22 05:01:45,171 - P17020 - INFO - Processando URL 17/22: https://denisesteiner.com.br/
2025-05-22 05:01:48,249 - P17020 - INFO - HTML salvo para debug: data\debug_html_v10\4fa41db5ed7e5f5a6cc4ddc87348cfd5.html
2025-05-22 05:01:48,271 - P17020 - INFO - Candidates address: 1 items
2025-05-22 05:01:48,272 - P17020 - INFO - Candidates phone: 0 items
2025-05-22 05:01:48,272 - P17020 - INFO - Candidates email: 1 items
2025-05-22 05:01:48,272 - P17020 - INFO - Candidates complement: 0 items
2025-05-22 05:01:48,272 - P17020 - INFO - Candidates cep: 0 items
2025-05-22 05:01:48,272 - P17020 - INFO - Após processar URL 17 Uso de memória: 130.61 MB
2025-05-22 05:01:48,272 - P17020 - INFO - Processando URL 18/22: https://guiamedico.cremesp.org.br/
2025-05-22 05:01:50,950 - P17020 - INFO - HTML salvo para debug: data\debug_html_v10\7c54969580769b63edd9abaa952e1fa2.html
2025-05-22 05:01:50,956 - P17020 - INFO - Candidates address: 1 items
2025-05-22 05:01:50,956 - P17020 - INFO - Candidates phone: 1 items
2025-05-22 05:01:50,956 - P17020 - INFO - Candidates email: 0 items
2025-05-22 05:01:50,956 - P17020 - INFO - Candidates complement: 0 items
2025-05-22 05:01:50,957 - P17020 - INFO - Candidates cep: 1 items
2025-05-22 05:01:50,957 - P17020 - INFO - Após processar URL 18 Uso de memória: 130.61 MB
2025-05-22 05:01:50,957 - P17020 - INFO - Processando URL 19/22: https://drsaopaulo.com.br/
2025-05-22 05:01:54,682 - P17020 - INFO - HTML salvo para debug: data\debug_html_v10\971581df46c6b72da3c3b6f8dde636af.html
2025-05-22 05:01:54,697 - P17020 - INFO - Candidates address: 0 items
2025-05-22 05:01:54,697 - P17020 - INFO - Candidates phone: 1 items
2025-05-22 05:01:54,697 - P17020 - INFO - Candidates email: 3 items
2025-05-22 05:01:54,697 - P17020 - INFO - Candidates complement: 0 items
2025-05-22 05:01:54,697 - P17020 - INFO - Candidates cep: 0 items
2025-05-22 05:01:54,698 - P17020 - INFO - Após processar URL 19 Uso de memória: 130.61 MB
2025-05-22 05:01:54,698 - P17020 - INFO - Processando URL 20/22: https://cee.fiocruz.br/?q=TaniaDi-Giacomo-Lago-Ha-um-impedimento-social-para-que-a%20mulher-conte-sobre-o%20aborto-que-realizou
2025-05-22 05:01:57,960 - P17020 - INFO - HTML salvo para debug: data\debug_html_v10\36877838e8d84bcad7205758917b4ca8.html
2025-05-22 05:01:57,984 - P17020 - INFO - Candidates address: 1 items
2025-05-22 05:01:57,984 - P17020 - INFO - Candidates phone: 1 items
2025-05-22 05:01:57,984 - P17020 - INFO - Candidates email: 1 items
2025-05-22 05:01:57,984 - P17020 - INFO - Candidates complement: 0 items
2025-05-22 05:01:57,985 - P17020 - INFO - Candidates cep: 1 items
2025-05-22 05:01:57,985 - P17020 - INFO - Após processar URL 20 Uso de memória: 130.61 MB
2025-05-22 05:01:57,985 - P17020 - INFO - Processando URL 21/22: https://www.franca.sp.gov.br/arquivos/diario-oficial/documentos/2484-16032024.pdf
2025-05-22 05:01:57,985 - P17020 - INFO - Ignorando URL de arquivo não-HTML: https://www.franca.sp.gov.br/arquivos/diario-oficial/documentos/2484-16032024.pdf
2025-05-22 05:01:57,985 - P17020 - INFO - Após processar URL 21 Uso de memória: 130.61 MB
2025-05-22 05:01:57,985 - P17020 - INFO - Processando URL 22/22: https://www.researchgate.net/profile/Tania-Lago
2025-05-22 05:02:01,907 - P17020 - INFO - HTML salvo para debug: data\debug_html_v10\345b2776580cfcc4f12b0d85387af945.html
2025-05-22 05:02:02,068 - P17020 - INFO - Candidates address: 0 items
2025-05-22 05:02:02,068 - P17020 - INFO - Candidates phone: 0 items
2025-05-22 05:02:02,068 - P17020 - INFO - Candidates email: 0 items
2025-05-22 05:02:02,068 - P17020 - INFO - Candidates complement: 1 items
2025-05-22 05:02:02,068 - P17020 - INFO - Candidates cep: 0 items
2025-05-22 05:02:02,069 - P17020 - INFO - Após processar URL 22 Uso de memória: 131.25 MB
2025-05-22 05:02:02,069 - P17020 - INFO - Iniciando agregação e ranqueamento
2025-05-22 05:02:02,069 - P17020 - INFO - Ranked address: 7 items
2025-05-22 05:02:02,069 - P17020 - INFO - Ranked phone: 6 items
2025-05-22 05:02:02,069 - P17020 - INFO - Ranked email: 9 items
2025-05-22 05:02:02,069 - P17020 - INFO - Ranked complement: 2 items
2025-05-22 05:02:02,069 - P17020 - INFO - Ranked cep: 5 items
2025-05-22 05:02:02,070 - P17020 - INFO - Após agregação Uso de memória: 131.25 MB
2025-05-22 05:02:02,070 - P17020 - INFO - Validando endereço: ['Rua Frei Caneca, 1282', 'R. Pio XI, 1500', 'R. Frei Caneca, 1282']
2025-05-22 05:02:02,070 - P17020 - INFO - Endereço validado: Rua Frei Caneca, 1282
2025-05-22 05:02:02,070 - P17020 - INFO - Limpando texto extenso para campo address: Rua Frei Caneca, 1282...
2025-05-22 05:02:02,070 - P17020 - INFO - Texto limpo: Rua Frei Caneca, 1282
2025-05-22 05:02:02,070 - P17020 - INFO - Validando telefone: ['(11) 4349-9900', '(11) 3675-7104', '(19) 3242-2289']
2025-05-22 05:02:02,071 - P17020 - INFO - Limpando texto extenso para campo phone: (11) 4349-9900...
2025-05-22 05:02:02,071 - P17020 - INFO - Texto limpo: 11) 4349-9900
2025-05-22 05:02:02,071 - P17020 - INFO - Telefone validado: 11) 4349-9900
2025-05-22 05:02:02,071 - P17020 - INFO - Validando email: ['tania_di@uol.com.br', 'drcas@cremesp.org.br', 'name@example.com']
2025-05-22 05:02:02,072 - P17020 - INFO - Limpando texto extenso para campo email: tania_di@uol.com.br...
2025-05-22 05:02:02,072 - P17020 - INFO - Texto limpo: tania_di@uol.com.br
2025-05-22 05:02:02,072 - P17020 - INFO - Email validado: tania_di@uol.com.br
2025-05-22 05:02:02,073 - P17020 - INFO - Validando complemento: ['Conjunto D', 'Salas   Carolina Palamin Buonafine   Pollyana Oliveira']
2025-05-22 05:02:02,073 - P17020 - INFO - Limpando texto extenso para campo complement: Conjunto D...
2025-05-22 05:02:02,073 - P17020 - INFO - Texto limpo: Conjunto D
2025-05-22 05:02:02,073 - P17020 - INFO - Complemento validado: Conjunto D
2025-05-22 05:02:02,073 - P17020 - INFO - Descobrindo cidade
2025-05-22 05:02:02,073 - P17020 - INFO - Buscando cidade: Rua Frei Caneca cidade SP
2025-05-22 05:02:04,697 - P17020 - WARNING - Cidade não encontrada
2025-05-22 05:02:04,697 - P17020 - INFO - Cidade descoberta: 
2025-05-22 05:02:04,697 - P17020 - INFO - Tempo de execução de processamento completo do médico: 71.21 segundos
2025-05-22 05:02:04,698 - P17020 - INFO - Resultado processado: {'Hash': '076511d377cdd4a49fe5778060882a07ccd612717044bbbd962707d8e2526fbf', 'CRM': '40470', 'UF': 'SP', 'Firstname': 'TANIA', 'LastName': 'DE GIACOMO DO LAGO', 'Medical specialty': '', 'Endereco Completo A1': 'Rua Frei Caneca, 1282', 'Address A1': 'Rua Frei Caneca', 'Numero A1': '1282', 'Complement A1': 'Conjunto D', 'Bairro A1': '', 'postal code A1': '', 'City A1': '', 'State A1': '', 'Phone A1': '11) 4349-9900', 'Phone A2': '', 'Cell phone A1': '', 'Cell phone A2': '', 'E-mail A1': 'tania_di@uol.com.br', 'E-mail A2': '', 'OPT-IN': '', 'STATUS': '', 'LOTE': ''}
2025-05-22 05:02:04,698 - P17020 - INFO - Salvando lote de resultados
2025-05-22 05:02:04,699 - P17020 - INFO - Após salvar resultados Uso de memória: 128.97 MB
2025-05-22 05:02:04,699 - P17020 - INFO - Progresso: 81.0%
2025-05-22 05:02:04,699 - P17020 - INFO - Tempo de execução de processamento do médico 3: 71.21 segundos
2025-05-22 05:02:04,700 - P17020 - INFO - Tempo de execução de processamento do lote completo: 230.77 segundos
