2025-05-22 03:20:34,610 - P17320 - INFO - 
==================================================
Processando médico 1/3
2025-05-22 03:20:34,610 - P17320 - INFO - Nome: KAMILA SANTANA TELES
2025-05-22 03:20:34,610 - P17320 - INFO - Reiniciando driver do Chrome
2025-05-22 03:20:35,911 - P17320 - INFO - Após reiniciar driver Uso de memória: 119.86 MB
2025-05-22 03:20:35,912 - P17320 - INFO - Início do processamento Uso de memória: 119.86 MB
2025-05-22 03:20:35,912 - P17320 - INFO - Iniciando busca para: KAMILA SANTANA TELES CRM 185473 SP telefone e-mail endereço
2025-05-22 03:20:36,700 - P17320 - INFO - SearX results: 14 URLs
2025-05-22 03:20:36,701 - P17320 - INFO - Após SearX Uso de memória: 119.86 MB
2025-05-22 03:20:39,136 - P17320 - INFO - Google results: 8 URLs
2025-05-22 03:20:39,136 - P17320 - INFO - Após Google Uso de memória: 120.76 MB
2025-05-22 03:20:41,746 - P17320 - INFO - Bing results: 9 URLs
2025-05-22 03:20:41,747 - P17320 - INFO - Após Bing Uso de memória: 120.76 MB
2025-05-22 03:20:41,747 - P17320 - INFO - Total de URLs únicas: 16
2025-05-22 03:20:41,747 - P17320 - INFO - Processando URL 1/16: https://www.doctoranytime.com.br/d/generalista/kamila-santana-teles-2
2025-05-22 03:20:41,747 - P17320 - INFO - Ignorando URL de arquivo não-HTML: https://www.doctoranytime.com.br/d/generalista/kamila-santana-teles-2
2025-05-22 03:20:41,747 - P17320 - INFO - Após processar URL 1 Uso de memória: 120.76 MB
2025-05-22 03:20:41,749 - P17320 - INFO - Processando URL 2/16: https://www.doctoranytime.com.br/d/nutrologo/kamila-santana-teles
2025-05-22 03:20:41,750 - P17320 - INFO - Ignorando URL de arquivo não-HTML: https://www.doctoranytime.com.br/d/nutrologo/kamila-santana-teles
2025-05-22 03:20:41,750 - P17320 - INFO - Após processar URL 2 Uso de memória: 120.76 MB
2025-05-22 03:20:41,750 - P17320 - INFO - Processando URL 3/16: https://www.saobernardo.sp.gov.br/documents/10181/1441964/NM+2309+de+22.07.2022+-++Conte%C3%BAdo+Integral.pdf/8a847a34-8c8e-76e3-ee03-0484ed7ef05c
2025-05-22 03:20:41,751 - P17320 - INFO - Ignorando URL de arquivo não-HTML: https://www.saobernardo.sp.gov.br/documents/10181/1441964/NM+2309+de+22.07.2022+-++Conte%C3%BAdo+Integral.pdf/8a847a34-8c8e-76e3-ee03-0484ed7ef05c
2025-05-22 03:20:41,751 - P17320 - INFO - Após processar URL 3 Uso de memória: 120.76 MB
2025-05-22 03:20:41,751 - P17320 - INFO - Processando URL 4/16: https://www.saocarlosoficial.com.br/diariooficial/001/DO_05062018_G5IKB5.pdf
2025-05-22 03:20:41,752 - P17320 - INFO - Ignorando URL de arquivo não-HTML: https://www.saocarlosoficial.com.br/diariooficial/001/DO_05062018_G5IKB5.pdf
2025-05-22 03:20:41,753 - P17320 - INFO - Após processar URL 4 Uso de memória: 120.76 MB
2025-05-22 03:20:41,754 - P17320 - INFO - Processando URL 5/16: https://kamilateles.healthoffices.com.br/
2025-05-22 03:20:45,771 - P17320 - INFO - HTML salvo para debug: data\debug_html_v10\8cd2af40d73826fd396a91151215a778.html
2025-05-22 03:20:45,797 - P17320 - INFO - Candidates address: 0 items
2025-05-22 03:20:45,798 - P17320 - INFO - Candidates phone: 1 items
2025-05-22 03:20:45,798 - P17320 - INFO - Candidates email: 1 items
2025-05-22 03:20:45,798 - P17320 - INFO - Candidates complement: 0 items
2025-05-22 03:20:45,799 - P17320 - INFO - Candidates cep: 0 items
2025-05-22 03:20:45,799 - P17320 - INFO - Após processar URL 5 Uso de memória: 120.76 MB
2025-05-22 03:20:45,799 - P17320 - INFO - Processando URL 6/16: https://www.boaconsulta.com/especialista/kamila-santana-teles-5f69fbf64169420065015163
2025-05-22 03:20:49,118 - P17320 - INFO - HTML salvo para debug: data\debug_html_v10\bca30821fe1b781d724239b2c21d569a.html
2025-05-22 03:20:49,190 - P17320 - INFO - Candidates address: 8 items
2025-05-22 03:20:49,190 - P17320 - INFO - Candidates phone: 0 items
2025-05-22 03:20:49,191 - P17320 - INFO - Candidates email: 0 items
2025-05-22 03:20:49,191 - P17320 - INFO - Candidates complement: 1 items
2025-05-22 03:20:49,191 - P17320 - INFO - Candidates cep: 0 items
2025-05-22 03:20:49,191 - P17320 - INFO - Após processar URL 6 Uso de memória: 120.76 MB
2025-05-22 03:20:49,191 - P17320 - INFO - Processando URL 7/16: https://www.ioepa.com.br/pages/2010/2010.12.03.DOE.pdf
2025-05-22 03:20:49,191 - P17320 - INFO - Ignorando URL de arquivo não-HTML: https://www.ioepa.com.br/pages/2010/2010.12.03.DOE.pdf
2025-05-22 03:20:49,192 - P17320 - INFO - Após processar URL 7 Uso de memória: 120.76 MB
2025-05-22 03:20:49,192 - P17320 - INFO - Processando URL 8/16: https://cliniguia.com/profissionais/kamila-santana-teles-705805468819730/
2025-05-22 03:20:54,555 - P17320 - INFO - HTML salvo para debug: data\debug_html_v10\e17c1eba8c3af8bce8271d75b85ac42f.html
2025-05-22 03:20:54,602 - P17320 - INFO - Candidates address: 0 items
2025-05-22 03:20:54,621 - P17320 - INFO - Candidates phone: 0 items
2025-05-22 03:20:54,626 - P17320 - INFO - Candidates email: 0 items
2025-05-22 03:20:54,626 - P17320 - INFO - Candidates complement: 0 items
2025-05-22 03:20:54,627 - P17320 - INFO - Candidates cep: 0 items
2025-05-22 03:20:54,628 - P17320 - INFO - Após processar URL 8 Uso de memória: 121.70 MB
2025-05-22 03:20:54,628 - P17320 - INFO - Processando URL 9/16: https://www.doctoralia.com.br/nutrologo/sao-paulo/itaim-bibi
2025-05-22 03:20:54,629 - P17320 - INFO - Ignorando URL de arquivo não-HTML: https://www.doctoralia.com.br/nutrologo/sao-paulo/itaim-bibi
2025-05-22 03:20:54,630 - P17320 - INFO - Após processar URL 9 Uso de memória: 120.76 MB
2025-05-22 03:20:54,631 - P17320 - INFO - Processando URL 10/16: https://osasco.sp.gov.br/site/wp-content/uploads/2015/05/httposasco.sp_.gov_.brcompsec1atosEd1144.pdf
2025-05-22 03:20:54,632 - P17320 - INFO - Ignorando URL de arquivo não-HTML: https://osasco.sp.gov.br/site/wp-content/uploads/2015/05/httposasco.sp_.gov_.brcompsec1atosEd1144.pdf
2025-05-22 03:20:54,632 - P17320 - INFO - Após processar URL 10 Uso de memória: 120.76 MB
2025-05-22 03:20:54,635 - P17320 - INFO - Processando URL 11/16: https://ioepa.com.br/arquivos/2024/2024.08.21.DOE.pdf
2025-05-22 03:20:54,647 - P17320 - INFO - Ignorando URL de arquivo não-HTML: https://ioepa.com.br/arquivos/2024/2024.08.21.DOE.pdf
2025-05-22 03:20:54,652 - P17320 - INFO - Após processar URL 11 Uso de memória: 120.76 MB
2025-05-22 03:20:54,653 - P17320 - INFO - Processando URL 12/16: https://www.doctoralia.com.br/kamila-santana-teles-3/nutrologo/sao-paulo
2025-05-22 03:20:54,654 - P17320 - INFO - Ignorando URL de arquivo não-HTML: https://www.doctoralia.com.br/kamila-santana-teles-3/nutrologo/sao-paulo
2025-05-22 03:20:54,654 - P17320 - INFO - Após processar URL 12 Uso de memória: 120.76 MB
2025-05-22 03:20:54,657 - P17320 - INFO - Processando URL 13/16: https://guiamedico.cremesp.org.br/
2025-05-22 03:20:58,242 - P17320 - INFO - HTML salvo para debug: data\debug_html_v10\7c54969580769b63edd9abaa952e1fa2.html
2025-05-22 03:20:58,248 - P17320 - INFO - Candidates address: 1 items
2025-05-22 03:20:58,249 - P17320 - INFO - Candidates phone: 1 items
2025-05-22 03:20:58,249 - P17320 - INFO - Candidates email: 0 items
2025-05-22 03:20:58,249 - P17320 - INFO - Candidates complement: 0 items
2025-05-22 03:20:58,249 - P17320 - INFO - Candidates cep: 1 items
2025-05-22 03:20:58,250 - P17320 - INFO - Após processar URL 13 Uso de memória: 120.76 MB
2025-05-22 03:20:58,250 - P17320 - INFO - Processando URL 14/16: https://www.ioepa.com.br/pages/2024/2024.08.21.DOE.pdf
2025-05-22 03:20:58,251 - P17320 - INFO - Ignorando URL de arquivo não-HTML: https://www.ioepa.com.br/pages/2024/2024.08.21.DOE.pdf
2025-05-22 03:20:58,251 - P17320 - INFO - Após processar URL 14 Uso de memória: 120.76 MB
2025-05-22 03:20:58,251 - P17320 - INFO - Processando URL 15/16: https://consultacrm.com.br/
2025-05-22 03:21:02,920 - P17320 - INFO - HTML salvo para debug: data\debug_html_v10\65cadeb91ac3713432c21b535990f440.html
2025-05-22 03:21:02,932 - P17320 - INFO - Candidates address: 0 items
2025-05-22 03:21:02,933 - P17320 - INFO - Candidates phone: 0 items
2025-05-22 03:21:02,933 - P17320 - INFO - Candidates email: 0 items
2025-05-22 03:21:02,933 - P17320 - INFO - Candidates complement: 0 items
2025-05-22 03:21:02,934 - P17320 - INFO - Candidates cep: 0 items
2025-05-22 03:21:02,934 - P17320 - INFO - Após processar URL 15 Uso de memória: 120.76 MB
2025-05-22 03:21:02,934 - P17320 - INFO - Processando URL 16/16: https://www.linguateca.pt/acesso/tokens/formas.dhbb.txt
2025-05-22 03:21:02,935 - P17320 - INFO - Ignorando URL de arquivo não-HTML: https://www.linguateca.pt/acesso/tokens/formas.dhbb.txt
2025-05-22 03:21:02,935 - P17320 - INFO - Após processar URL 16 Uso de memória: 120.76 MB
2025-05-22 03:21:02,935 - P17320 - INFO - Iniciando agregação e ranqueamento
2025-05-22 03:21:02,935 - P17320 - INFO - Ranked address: 9 items
2025-05-22 03:21:02,935 - P17320 - INFO - Ranked phone: 2 items
2025-05-22 03:21:02,935 - P17320 - INFO - Ranked email: 1 items
2025-05-22 03:21:02,936 - P17320 - INFO - Ranked complement: 1 items
2025-05-22 03:21:02,936 - P17320 - INFO - Ranked cep: 1 items
2025-05-22 03:21:02,936 - P17320 - INFO - Após agregação Uso de memória: 120.76 MB
2025-05-22 03:21:02,936 - P17320 - INFO - Validando endereço: ['Rua Domingos De Morais, 2781', 'Rua Joaquim Floriano, 466', 'Rua Cardeal Arcoverde, 359']
2025-05-22 03:21:02,937 - P17320 - INFO - Endereço validado: Rua Domingos De Morais, 2781
2025-05-22 03:21:02,938 - P17320 - INFO - Limpando texto extenso para campo address: Rua Domingos De Morais, 2781...
2025-05-22 03:21:02,939 - P17320 - INFO - Texto limpo: Rua Domingos De Morais, 2781
2025-05-22 03:21:02,940 - P17320 - INFO - Validando telefone: ['(11) 4950-7170', '(11) 4349-9900']
2025-05-22 03:21:02,940 - P17320 - INFO - Limpando texto extenso para campo phone: (11) 4950-7170...
2025-05-22 03:21:02,940 - P17320 - INFO - Texto limpo: 11) 4950-7170
2025-05-22 03:21:02,941 - P17320 - INFO - Telefone validado: 11) 4950-7170
2025-05-22 03:21:02,941 - P17320 - INFO - Validando email: ['dra.kamilateles@gmail.com']
2025-05-22 03:21:02,941 - P17320 - INFO - Limpando texto extenso para campo email: dra.kamilateles@gmail.com...
2025-05-22 03:21:02,941 - P17320 - INFO - Texto limpo: dra.kamilateles@gmail.com
2025-05-22 03:21:02,941 - P17320 - INFO - Email validado: dra.kamilateles@gmail.com
2025-05-22 03:21:02,942 - P17320 - INFO - Validando complemento: ['Conjunto 31 Vila Nova Conceição']
2025-05-22 03:21:02,942 - P17320 - INFO - Limpando texto extenso para campo complement: Conjunto 31 Vila Nova Conceição...
2025-05-22 03:21:02,942 - P17320 - INFO - Texto limpo: Conjunto 31 Vila Nova Conceiçã
2025-05-22 03:21:02,943 - P17320 - INFO - Complemento validado: Conjunto 31 Vila Nova Conceiçã
2025-05-22 03:21:02,943 - P17320 - INFO - Descobrindo cidade
2025-05-22 03:21:02,943 - P17320 - INFO - Buscando cidade: Rua Domingos De Morais cidade SP
2025-05-22 03:21:05,581 - P17320 - WARNING - Cidade não encontrada
2025-05-22 03:21:05,581 - P17320 - INFO - Cidade descoberta: 
2025-05-22 03:21:05,581 - P17320 - INFO - Tempo de execução de processamento completo do médico: 29.67 segundos
2025-05-22 03:21:05,582 - P17320 - INFO - Resultado processado: {'Hash': '7e31f59012448f52a3d1fb426a4db6cf8494dd814099d78c6aaf5d894b09ed3e', 'CRM': '185473', 'UF': 'SP', 'Firstname': 'KAMILA', 'LastName': 'SANTANA TELES', 'Medical specialty': '', 'Endereco Completo A1': 'Rua Domingos De Morais, 2781', 'Address A1': 'Rua Domingos De Morais', 'Numero A1': '2781', 'Complement A1': 'Conjunto 31 Vila Nova Conceiçã', 'Bairro A1': '', 'postal code A1': '', 'City A1': '', 'State A1': '', 'Phone A1': '11) 4950-7170', 'Phone A2': '', 'Cell phone A1': '', 'Cell phone A2': '', 'E-mail A1': 'dra.kamilateles@gmail.com', 'E-mail A2': '', 'OPT-IN': '', 'STATUS': '', 'LOTE': ''}
2025-05-22 03:21:05,583 - P17320 - INFO - Progresso: 45.5%
2025-05-22 03:21:05,583 - P17320 - INFO - Executando coleta de lixo
2025-05-22 03:21:05,619 - P17320 - INFO - Após coleta de lixo Uso de memória: 119.86 MB
2025-05-22 03:21:05,620 - P17320 - INFO - Tempo de execução de processamento do médico 1: 31.01 segundos
2025-05-22 03:21:05,620 - P17320 - INFO - 
==================================================
Processando médico 2/3
2025-05-22 03:21:05,620 - P17320 - INFO - Nome: MARCUS RAMOS ARAUJO
2025-05-22 03:21:05,620 - P17320 - INFO - Início do processamento Uso de memória: 119.86 MB
2025-05-22 03:21:05,620 - P17320 - INFO - Iniciando busca para: MARCUS RAMOS ARAUJO CRM 187203 SP telefone e-mail endereço
2025-05-22 03:21:06,429 - P17320 - INFO - SearX results: 15 URLs
2025-05-22 03:21:06,430 - P17320 - INFO - Após SearX Uso de memória: 119.86 MB
2025-05-22 03:21:08,700 - P17320 - INFO - Google results: 9 URLs
2025-05-22 03:21:08,700 - P17320 - INFO - Após Google Uso de memória: 119.86 MB
2025-05-22 03:21:11,183 - P17320 - INFO - Bing results: 9 URLs
2025-05-22 03:21:11,184 - P17320 - INFO - Após Bing Uso de memória: 119.86 MB
2025-05-22 03:21:11,184 - P17320 - INFO - Total de URLs únicas: 21
2025-05-22 03:21:11,184 - P17320 - INFO - Processando URL 1/21: https://guiamedico.cremesp.org.br/
2025-05-22 03:21:13,790 - P17320 - INFO - HTML salvo para debug: data\debug_html_v10\7c54969580769b63edd9abaa952e1fa2.html
2025-05-22 03:21:13,796 - P17320 - INFO - Candidates address: 1 items
2025-05-22 03:21:13,796 - P17320 - INFO - Candidates phone: 1 items
2025-05-22 03:21:13,797 - P17320 - INFO - Candidates email: 0 items
2025-05-22 03:21:13,797 - P17320 - INFO - Candidates complement: 0 items
2025-05-22 03:21:13,798 - P17320 - INFO - Candidates cep: 1 items
2025-05-22 03:21:13,799 - P17320 - INFO - Após processar URL 1 Uso de memória: 119.86 MB
2025-05-22 03:21:13,801 - P17320 - INFO - Processando URL 2/21: https://www.academia.edu/40261522/Mapeamento_da_produ%C3%A7%C3%A3o_Norte_e_Nordeste_sobre_indexa%C3%A7%C3%A3o_de_imagens_um_estudo_a_partir_dos_reposit%C3%B3rios_institucionais
2025-05-22 03:21:17,156 - P17320 - INFO - HTML salvo para debug: data\debug_html_v10\6f6e07e74e2c65b909d7ebd78b67d55a.html
2025-05-22 03:21:17,259 - P17320 - INFO - Candidates address: 0 items
2025-05-22 03:21:17,259 - P17320 - INFO - Candidates phone: 0 items
2025-05-22 03:21:17,259 - P17320 - INFO - Candidates email: 0 items
2025-05-22 03:21:17,260 - P17320 - INFO - Candidates complement: 0 items
2025-05-22 03:21:17,260 - P17320 - INFO - Candidates cep: 0 items
2025-05-22 03:21:17,260 - P17320 - INFO - Após processar URL 2 Uso de memória: 121.77 MB
2025-05-22 03:21:17,260 - P17320 - INFO - Processando URL 3/21: https://transparencia.cremesp.org.br/?siteAcao=guia_medico
2025-05-22 03:21:38,699 - P17320 - ERROR - Erro ao baixar HTML de https://transparencia.cremesp.org.br/?siteAcao=guia_medico: Message: unknown error: net::ERR_CONNECTION_TIMED_OUT
  (Session info: chrome=136.0.7103.114)
Stacktrace:
	GetHandleVerifier [0x00007FF75763CF45+75717]
	GetHandleVerifier [0x00007FF75763CFA0+75808]
	(No symbol) [0x00007FF757408F9A]
	(No symbol) [0x00007FF7574059F4]
	(No symbol) [0x00007FF7573F6789]
	(No symbol) [0x00007FF7573F84F8]
	(No symbol) [0x00007FF7573F6A96]
	(No symbol) [0x00007FF7573F6516]
	(No symbol) [0x00007FF7573F61DA]
	(No symbol) [0x00007FF7573F3E8A]
	(No symbol) [0x00007FF7573F465C]
	(No symbol) [0x00007FF75740CF3A]
	(No symbol) [0x00007FF7574B013E]
	(No symbol) [0x00007FF75748737A]
	(No symbol) [0x00007FF7574AF39C]
	(No symbol) [0x00007FF757487153]
	(No symbol) [0x00007FF757450421]
	(No symbol) [0x00007FF7574511B3]
	GetHandleVerifier [0x00007FF75793D71D+3223453]
	GetHandleVerifier [0x00007FF757937CC2+3200322]
	GetHandleVerifier [0x00007FF757955AF3+3322739]
	GetHandleVerifier [0x00007FF757656A1A+180890]
	GetHandleVerifier [0x00007FF75765E11F+211359]
	GetHandleVerifier [0x00007FF757645294+109332]
	GetHandleVerifier [0x00007FF757645442+109762]
	GetHandleVerifier [0x00007FF75762BA59+4825]
	BaseThreadInitThunk [0x00007FFFFE757344+20]
	RtlUserThreadStart [0x00007FFFFF4026B1+33]

2025-05-22 03:21:38,707 - P17320 - INFO - Após processar URL 3 Uso de memória: 120.21 MB
2025-05-22 03:21:38,707 - P17320 - INFO - Processando URL 4/21: https://www2.bauru.sp.gov.br/arquivos/sist_diariooficial/2021/09/do_20210902_3451.pdf
2025-05-22 03:21:38,707 - P17320 - INFO - Ignorando URL de arquivo não-HTML: https://www2.bauru.sp.gov.br/arquivos/sist_diariooficial/2021/09/do_20210902_3451.pdf
2025-05-22 03:21:38,708 - P17320 - INFO - Após processar URL 4 Uso de memória: 120.21 MB
2025-05-22 03:21:38,708 - P17320 - INFO - Processando URL 5/21: https://www.escavador.com/sobre/4342886/marcus-ramos-araujo
2025-05-22 03:21:42,606 - P17320 - INFO - HTML salvo para debug: data\debug_html_v10\ba5ba2d502494f8a96b8b735f27871ca.html
2025-05-22 03:21:42,621 - P17320 - INFO - Candidates address: 0 items
2025-05-22 03:21:42,621 - P17320 - INFO - Candidates phone: 0 items
2025-05-22 03:21:42,622 - P17320 - INFO - Candidates email: 0 items
2025-05-22 03:21:42,622 - P17320 - INFO - Candidates complement: 0 items
2025-05-22 03:21:42,622 - P17320 - INFO - Candidates cep: 0 items
2025-05-22 03:21:42,622 - P17320 - INFO - Após processar URL 5 Uso de memória: 120.63 MB
2025-05-22 03:21:42,622 - P17320 - INFO - Processando URL 6/21: https://www.ioepa.com.br/pages/2010/2010.12.09.DOE.pdf
2025-05-22 03:21:42,622 - P17320 - INFO - Ignorando URL de arquivo não-HTML: https://www.ioepa.com.br/pages/2010/2010.12.09.DOE.pdf
2025-05-22 03:21:42,622 - P17320 - INFO - Após processar URL 6 Uso de memória: 120.63 MB
2025-05-22 03:21:42,623 - P17320 - INFO - Processando URL 7/21: https://www.sociosbrasil.com/nome/marcus-ramos-araujo
2025-05-22 03:21:47,468 - P17320 - INFO - HTML salvo para debug: data\debug_html_v10\a4cb213682b2b92456fde2946a123129.html
2025-05-22 03:21:47,482 - P17320 - INFO - Candidates address: 3 items
2025-05-22 03:21:47,482 - P17320 - INFO - Candidates phone: 0 items
2025-05-22 03:21:47,482 - P17320 - INFO - Candidates email: 3 items
2025-05-22 03:21:47,483 - P17320 - INFO - Candidates complement: 2 items
2025-05-22 03:21:47,483 - P17320 - INFO - Candidates cep: 7 items
2025-05-22 03:21:47,483 - P17320 - INFO - Após processar URL 7 Uso de memória: 120.63 MB
2025-05-22 03:21:47,483 - P17320 - INFO - Processando URL 8/21: https://www.portaltransparencia.gov.br/pessoa-fisica/busca/lista
2025-05-22 03:21:51,219 - P17320 - INFO - HTML salvo para debug: data\debug_html_v10\e200cdf64b71d4c9248718dd155b3edb.html
2025-05-22 03:21:51,267 - P17320 - INFO - Candidates address: 0 items
2025-05-22 03:21:51,269 - P17320 - INFO - Candidates phone: 0 items
2025-05-22 03:21:51,270 - P17320 - INFO - Candidates email: 0 items
2025-05-22 03:21:51,270 - P17320 - INFO - Candidates complement: 0 items
2025-05-22 03:21:51,270 - P17320 - INFO - Candidates cep: 0 items
2025-05-22 03:21:51,271 - P17320 - INFO - Após processar URL 8 Uso de memória: 120.63 MB
2025-05-22 03:21:51,272 - P17320 - INFO - Processando URL 9/21: https://portal.cfm.org.br/busca-medicos
2025-05-22 03:21:55,289 - P17320 - INFO - HTML salvo para debug: data\debug_html_v10\e28ae84aaa177d1328f3a0d1fb68449f.html
2025-05-22 03:21:55,329 - P17320 - INFO - Candidates address: 0 items
2025-05-22 03:21:55,329 - P17320 - INFO - Candidates phone: 0 items
2025-05-22 03:21:55,329 - P17320 - INFO - Candidates email: 1 items
2025-05-22 03:21:55,329 - P17320 - INFO - Candidates complement: 1 items
2025-05-22 03:21:55,329 - P17320 - INFO - Candidates cep: 1 items
2025-05-22 03:21:55,330 - P17320 - INFO - Após processar URL 9 Uso de memória: 120.63 MB
2025-05-22 03:21:55,330 - P17320 - INFO - Processando URL 10/21: https://osasco.sp.gov.br/site/wp-content/uploads/2019/11/httphomologacao.osasco.sp_.gov_.brcompsec7atosOsasco_1572667252_7.pdf
2025-05-22 03:21:55,330 - P17320 - INFO - Ignorando URL de arquivo não-HTML: https://osasco.sp.gov.br/site/wp-content/uploads/2019/11/httphomologacao.osasco.sp_.gov_.brcompsec7atosOsasco_1572667252_7.pdf
2025-05-22 03:21:55,330 - P17320 - INFO - Após processar URL 10 Uso de memória: 120.63 MB
2025-05-22 03:21:55,331 - P17320 - INFO - Processando URL 11/21: https://www.econodata.com.br/consulta-empresa/33589002000117-MARCUS-RAMOS-ARAUJO
2025-05-22 03:22:00,252 - P17320 - INFO - HTML salvo para debug: data\debug_html_v10\e743e8c597d4b9a15e7f7928980f687b.html
2025-05-22 03:22:00,376 - P17320 - INFO - Candidates address: 26 items
2025-05-22 03:22:00,376 - P17320 - INFO - Candidates phone: 0 items
2025-05-22 03:22:00,377 - P17320 - INFO - Candidates email: 0 items
2025-05-22 03:22:00,377 - P17320 - INFO - Candidates complement: 0 items
2025-05-22 03:22:00,377 - P17320 - INFO - Candidates cep: 1 items
2025-05-22 03:22:00,377 - P17320 - INFO - Após processar URL 11 Uso de memória: 121.46 MB
2025-05-22 03:22:00,377 - P17320 - INFO - Processando URL 12/21: http://cremesp.org.br/
2025-05-22 03:22:22,083 - P17320 - INFO - HTML salvo para debug: data\debug_html_v10\2a967318246f9658edeb1e0469c871fe.html
2025-05-22 03:22:22,111 - P17320 - INFO - Candidates address: 1 items
2025-05-22 03:22:22,112 - P17320 - INFO - Candidates phone: 1 items
2025-05-22 03:22:22,112 - P17320 - INFO - Candidates email: 0 items
2025-05-22 03:22:22,112 - P17320 - INFO - Candidates complement: 0 items
2025-05-22 03:22:22,112 - P17320 - INFO - Candidates cep: 2 items
2025-05-22 03:22:22,112 - P17320 - INFO - Após processar URL 12 Uso de memória: 120.66 MB
2025-05-22 03:22:22,113 - P17320 - INFO - Processando URL 13/21: https://www.saobernardo.sp.gov.br/documents/10181/865801/NM+2073+de+26.07.2019+-+Conteu%CC%81do+Integral.pdf/14301678-897f-79ea-59df-33f3678bbd58
2025-05-22 03:22:22,113 - P17320 - INFO - Ignorando URL de arquivo não-HTML: https://www.saobernardo.sp.gov.br/documents/10181/865801/NM+2073+de+26.07.2019+-+Conteu%CC%81do+Integral.pdf/14301678-897f-79ea-59df-33f3678bbd58
2025-05-22 03:22:22,113 - P17320 - INFO - Após processar URL 13 Uso de memória: 120.66 MB
2025-05-22 03:22:22,113 - P17320 - INFO - Processando URL 14/21: https://www.crm-sp.org.br/?siteAcao=Contatos&dep=cad
2025-05-22 03:22:48,342 - P17320 - INFO - HTML salvo para debug: data\debug_html_v10\9d7a012bd98a105b7c4d3b953105f1bf.html
2025-05-22 03:22:48,349 - P17320 - INFO - Candidates address: 0 items
2025-05-22 03:22:48,350 - P17320 - INFO - Candidates phone: 0 items
2025-05-22 03:22:48,350 - P17320 - INFO - Candidates email: 0 items
2025-05-22 03:22:48,350 - P17320 - INFO - Candidates complement: 0 items
2025-05-22 03:22:48,350 - P17320 - INFO - Candidates cep: 0 items
2025-05-22 03:22:48,350 - P17320 - INFO - Após processar URL 14 Uso de memória: 120.66 MB
2025-05-22 03:22:48,350 - P17320 - INFO - Processando URL 15/21: https://www.ioepa.com.br/pages/2017/2017.06.06.DOE.pdf
2025-05-22 03:22:48,351 - P17320 - INFO - Ignorando URL de arquivo não-HTML: https://www.ioepa.com.br/pages/2017/2017.06.06.DOE.pdf
2025-05-22 03:22:48,351 - P17320 - INFO - Após processar URL 15 Uso de memória: 120.66 MB
2025-05-22 03:22:48,351 - P17320 - INFO - Processando URL 16/21: https://imprensaoficial.jundiai.sp.gov.br/wp-content/uploads/2024/12/5db70bc3-ca80-49bc-a352-a113fa0fa5c7_Edicao-5569-26-12-2024.pdf
2025-05-22 03:22:48,351 - P17320 - INFO - Ignorando URL de arquivo não-HTML: https://imprensaoficial.jundiai.sp.gov.br/wp-content/uploads/2024/12/5db70bc3-ca80-49bc-a352-a113fa0fa5c7_Edicao-5569-26-12-2024.pdf
2025-05-22 03:22:48,351 - P17320 - INFO - Após processar URL 16 Uso de memória: 120.66 MB
2025-05-22 03:22:48,351 - P17320 - INFO - Processando URL 17/21: https://doe.to.gov.br/diario/3803/download
2025-05-22 03:22:50,682 - P17320 - INFO - HTML salvo para debug: data\debug_html_v10\e3e39843f91bd358abb6830f9a557ac2.html
2025-05-22 03:22:50,683 - P17320 - INFO - Candidates address: 0 items
2025-05-22 03:22:50,683 - P17320 - INFO - Candidates phone: 0 items
2025-05-22 03:22:50,683 - P17320 - INFO - Candidates email: 0 items
2025-05-22 03:22:50,683 - P17320 - INFO - Candidates complement: 0 items
2025-05-22 03:22:50,683 - P17320 - INFO - Candidates cep: 0 items
2025-05-22 03:22:50,684 - P17320 - INFO - Após processar URL 17 Uso de memória: 120.66 MB
2025-05-22 03:22:50,684 - P17320 - INFO - Processando URL 18/21: https://cnpj.biz/60781302000176
2025-05-22 03:22:55,621 - P17320 - INFO - HTML salvo para debug: data\debug_html_v10\f37270656567d5ab5e001dfe46aea86b.html
2025-05-22 03:22:55,637 - P17320 - INFO - Candidates address: 2 items
2025-05-22 03:22:55,638 - P17320 - INFO - Candidates phone: 1 items
2025-05-22 03:22:55,638 - P17320 - INFO - Candidates email: 1 items
2025-05-22 03:22:55,638 - P17320 - INFO - Candidates complement: 0 items
2025-05-22 03:22:55,638 - P17320 - INFO - Candidates cep: 3 items
2025-05-22 03:22:55,639 - P17320 - INFO - Após processar URL 18 Uso de memória: 120.66 MB
2025-05-22 03:22:55,639 - P17320 - INFO - Processando URL 19/21: https://www.encontrasaopaulo.com.br/agenda/crm-sp/
2025-05-22 03:23:01,416 - P17320 - INFO - HTML salvo para debug: data\debug_html_v10\f96a157f3cde736c20a7c87f788a1d0b.html
2025-05-22 03:23:01,456 - P17320 - INFO - Candidates address: 2 items
2025-05-22 03:23:01,469 - P17320 - INFO - Candidates phone: 2 items
2025-05-22 03:23:01,472 - P17320 - INFO - Candidates email: 0 items
2025-05-22 03:23:01,473 - P17320 - INFO - Candidates complement: 0 items
2025-05-22 03:23:01,474 - P17320 - INFO - Candidates cep: 0 items
2025-05-22 03:23:01,478 - P17320 - INFO - Após processar URL 19 Uso de memória: 122.25 MB
2025-05-22 03:23:01,482 - P17320 - INFO - Processando URL 20/21: https://consultacrm.com.br/
2025-05-22 03:23:05,137 - P17320 - INFO - HTML salvo para debug: data\debug_html_v10\65cadeb91ac3713432c21b535990f440.html
2025-05-22 03:23:05,152 - P17320 - INFO - Candidates address: 0 items
2025-05-22 03:23:05,153 - P17320 - INFO - Candidates phone: 0 items
2025-05-22 03:23:05,153 - P17320 - INFO - Candidates email: 0 items
2025-05-22 03:23:05,153 - P17320 - INFO - Candidates complement: 0 items
2025-05-22 03:23:05,153 - P17320 - INFO - Candidates cep: 0 items
2025-05-22 03:23:05,153 - P17320 - INFO - Após processar URL 20 Uso de memória: 120.68 MB
2025-05-22 03:23:05,153 - P17320 - INFO - Processando URL 21/21: https://ioepa.com.br/pages/2017/2017.06.06.DOE.pdf
2025-05-22 03:23:05,154 - P17320 - INFO - Ignorando URL de arquivo não-HTML: https://ioepa.com.br/pages/2017/2017.06.06.DOE.pdf
2025-05-22 03:23:05,154 - P17320 - INFO - Após processar URL 21 Uso de memória: 120.68 MB
2025-05-22 03:23:05,154 - P17320 - INFO - Iniciando agregação e ranqueamento
2025-05-22 03:23:05,154 - P17320 - INFO - Ranked address: 34 items
2025-05-22 03:23:05,154 - P17320 - INFO - Ranked phone: 3 items
2025-05-22 03:23:05,154 - P17320 - INFO - Ranked email: 5 items
2025-05-22 03:23:05,155 - P17320 - INFO - Ranked complement: 3 items
2025-05-22 03:23:05,155 - P17320 - INFO - Ranked cep: 14 items
2025-05-22 03:23:05,155 - P17320 - INFO - Após agregação Uso de memória: 120.68 MB
2025-05-22 03:23:05,155 - P17320 - INFO - Validando endereço: ['Rua Frei Caneca, 1282', 'Rua Pde Pacheco, 100', 'Avenida Angelica, 2546']
2025-05-22 03:23:05,155 - P17320 - INFO - Endereço validado: Rua Frei Caneca, 1282
2025-05-22 03:23:05,155 - P17320 - INFO - Limpando texto extenso para campo address: Rua Frei Caneca, 1282...
2025-05-22 03:23:05,155 - P17320 - INFO - Texto limpo: Rua Frei Caneca, 1282
2025-05-22 03:23:05,156 - P17320 - INFO - Validando telefone: ['(11) 4349-9900', '(18) 99680-7124', '(11) 3675-7104']
2025-05-22 03:23:05,156 - P17320 - INFO - Limpando texto extenso para campo phone: (11) 4349-9900...
2025-05-22 03:23:05,156 - P17320 - INFO - Texto limpo: 11) 4349-9900
2025-05-22 03:23:05,156 - P17320 - INFO - Telefone validado: 11) 4349-9900
2025-05-22 03:23:05,156 - P17320 - INFO - Validando email: ['LEOMEDALF05@GMAIL.COM', 'FINANCEIRO@IMEDGROUP.COM.BR', 'UROLOGIAMARCOSARAUJO@GMAIL.COM']
2025-05-22 03:23:05,156 - P17320 - INFO - Limpando texto extenso para campo email: LEOMEDALF05@GMAIL.COM...
2025-05-22 03:23:05,157 - P17320 - INFO - Texto limpo: leomedalf05@gmail.com
2025-05-22 03:23:05,157 - P17320 - INFO - Email validado: leomedalf05@gmail.com
2025-05-22 03:23:05,157 - P17320 - INFO - Validando complemento: ['Sala  100 Consolacao', 'Sala  710 Santa Lucia', 'Conjunto D']
2025-05-22 03:23:05,157 - P17320 - INFO - Limpando texto extenso para campo complement: Sala  100 Consolacao...
2025-05-22 03:23:05,157 - P17320 - INFO - Texto limpo: Sala 100 Consolacao
2025-05-22 03:23:05,157 - P17320 - INFO - Complemento validado: Sala 100 Consolacao
2025-05-22 03:23:05,157 - P17320 - INFO - Descobrindo cidade
2025-05-22 03:23:05,158 - P17320 - INFO - Buscando cidade: Rua Frei Caneca cidade SP
2025-05-22 03:23:07,906 - P17320 - WARNING - Cidade não encontrada
2025-05-22 03:23:07,907 - P17320 - INFO - Cidade descoberta: 
2025-05-22 03:23:07,907 - P17320 - INFO - Tempo de execução de processamento completo do médico: 122.29 segundos
2025-05-22 03:23:07,908 - P17320 - INFO - Resultado processado: {'Hash': '2f2d25e0714f682f8352116a5fceb6e44e3c9366f3520613d929d6620402b86c', 'CRM': '187203', 'UF': 'SP', 'Firstname': 'MARCUS', 'LastName': 'RAMOS ARAUJO', 'Medical specialty': '', 'Endereco Completo A1': 'Rua Frei Caneca, 1282', 'Address A1': 'Rua Frei Caneca', 'Numero A1': '1282', 'Complement A1': 'Sala 100 Consolacao', 'Bairro A1': '', 'postal code A1': '', 'City A1': '', 'State A1': '', 'Phone A1': '11) 4349-9900', 'Phone A2': '', 'Cell phone A1': '', 'Cell phone A2': '', 'E-mail A1': 'leomedalf05@gmail.com', 'E-mail A2': '', 'OPT-IN': '', 'STATUS': '', 'LOTE': ''}
2025-05-22 03:23:07,909 - P17320 - INFO - Progresso: 46.2%
2025-05-22 03:23:07,909 - P17320 - INFO - Tempo de execução de processamento do médico 2: 122.29 segundos
2025-05-22 03:23:07,909 - P17320 - INFO - 
==================================================
Processando médico 3/3
2025-05-22 03:23:07,910 - P17320 - INFO - Nome: LUIZ AUGUSTO SILVEIRA VIEIRA
2025-05-22 03:23:07,910 - P17320 - INFO - Início do processamento Uso de memória: 120.46 MB
2025-05-22 03:23:07,911 - P17320 - INFO - Iniciando busca para: LUIZ AUGUSTO SILVEIRA VIEIRA CRM 187482 SP telefone e-mail endereço
2025-05-22 03:23:08,696 - P17320 - INFO - SearX results: 14 URLs
2025-05-22 03:23:08,697 - P17320 - INFO - Após SearX Uso de memória: 120.46 MB
2025-05-22 03:23:11,448 - P17320 - INFO - Google results: 14 URLs
2025-05-22 03:23:11,448 - P17320 - INFO - Após Google Uso de memória: 122.52 MB
2025-05-22 03:23:13,960 - P17320 - INFO - Bing results: 9 URLs
2025-05-22 03:23:13,961 - P17320 - INFO - Após Bing Uso de memória: 123.38 MB
2025-05-22 03:23:13,961 - P17320 - INFO - Total de URLs únicas: 22
2025-05-22 03:23:13,961 - P17320 - INFO - Processando URL 1/22: https://www.sinj.df.gov.br/sinj/Diario/968873e4-e0a3-34ff-889f-cd76e074dc43/DODF%20211%2004-11-2024%20INTEGRA.pdf
2025-05-22 03:23:13,961 - P17320 - INFO - Ignorando URL de arquivo não-HTML: https://www.sinj.df.gov.br/sinj/Diario/968873e4-e0a3-34ff-889f-cd76e074dc43/DODF%20211%2004-11-2024%20INTEGRA.pdf
2025-05-22 03:23:13,961 - P17320 - INFO - Após processar URL 1 Uso de memória: 123.38 MB
2025-05-22 03:23:13,962 - P17320 - INFO - Processando URL 2/22: https://guiamedico.cremesp.org.br/
2025-05-22 03:23:16,698 - P17320 - INFO - HTML salvo para debug: data\debug_html_v10\7c54969580769b63edd9abaa952e1fa2.html
2025-05-22 03:23:16,706 - P17320 - INFO - Candidates address: 1 items
2025-05-22 03:23:16,707 - P17320 - INFO - Candidates phone: 1 items
2025-05-22 03:23:16,708 - P17320 - INFO - Candidates email: 0 items
2025-05-22 03:23:16,708 - P17320 - INFO - Candidates complement: 0 items
2025-05-22 03:23:16,709 - P17320 - INFO - Candidates cep: 1 items
2025-05-22 03:23:16,710 - P17320 - INFO - Após processar URL 2 Uso de memória: 123.38 MB
2025-05-22 03:23:16,710 - P17320 - INFO - Processando URL 3/22: https://cliniguia.com/profissionais/luiz-augusto-silveira-vieira-702006340318887/
2025-05-22 03:23:21,343 - P17320 - INFO - HTML salvo para debug: data\debug_html_v10\0e832f18fc3703686a989bf77f8d1af5.html
2025-05-22 03:23:21,382 - P17320 - INFO - Candidates address: 0 items
2025-05-22 03:23:21,382 - P17320 - INFO - Candidates phone: 0 items
2025-05-22 03:23:21,383 - P17320 - INFO - Candidates email: 0 items
2025-05-22 03:23:21,383 - P17320 - INFO - Candidates complement: 0 items
2025-05-22 03:23:21,383 - P17320 - INFO - Candidates cep: 0 items
2025-05-22 03:23:21,383 - P17320 - INFO - Após processar URL 3 Uso de memória: 123.38 MB
2025-05-22 03:23:21,383 - P17320 - INFO - Processando URL 4/22: https://www.doctoralia.com.br/luiz-augusto-silveira-vieira/ginecologista-medico-clinico-geral/santos
2025-05-22 03:23:21,383 - P17320 - INFO - Ignorando URL de arquivo não-HTML: https://www.doctoralia.com.br/luiz-augusto-silveira-vieira/ginecologista-medico-clinico-geral/santos
2025-05-22 03:23:21,384 - P17320 - INFO - Após processar URL 4 Uso de memória: 123.38 MB
2025-05-22 03:23:21,384 - P17320 - INFO - Processando URL 5/22: https://boletimoficial.ufsc.br/2023/12/
2025-05-22 03:23:25,067 - P17320 - INFO - HTML salvo para debug: data\debug_html_v10\680f656c0f0cdf449730b0b097977f97.html
2025-05-22 03:23:25,478 - P17320 - INFO - Candidates address: 0 items
2025-05-22 03:23:25,478 - P17320 - INFO - Candidates phone: 0 items
2025-05-22 03:23:25,478 - P17320 - INFO - Candidates email: 11 items
2025-05-22 03:23:25,478 - P17320 - INFO - Candidates complement: 2 items
2025-05-22 03:23:25,478 - P17320 - INFO - Candidates cep: 26 items
2025-05-22 03:23:25,478 - P17320 - INFO - Após processar URL 5 Uso de memória: 124.73 MB
2025-05-22 03:23:25,479 - P17320 - INFO - Processando URL 6/22: https://doe.to.gov.br/diario/2586/download
2025-05-22 03:23:27,738 - P17320 - INFO - HTML salvo para debug: data\debug_html_v10\7a5d851d5a4db38563df5a7304e413d3.html
2025-05-22 03:23:27,739 - P17320 - INFO - Candidates address: 0 items
2025-05-22 03:23:27,739 - P17320 - INFO - Candidates phone: 0 items
2025-05-22 03:23:27,739 - P17320 - INFO - Candidates email: 0 items
2025-05-22 03:23:27,739 - P17320 - INFO - Candidates complement: 0 items
2025-05-22 03:23:27,739 - P17320 - INFO - Candidates cep: 0 items
2025-05-22 03:23:27,740 - P17320 - INFO - Após processar URL 6 Uso de memória: 123.38 MB
2025-05-22 03:23:27,740 - P17320 - INFO - Processando URL 7/22: https://www.tuasaude.com/marcar-consulta/medico/mario-augusto-silveira-bueno-piotto/
2025-05-22 03:23:31,662 - P17320 - INFO - HTML salvo para debug: data\debug_html_v10\a53213be099f73eae3a17e3c2f228cca.html
2025-05-22 03:23:31,706 - P17320 - INFO - Candidates address: 2 items
2025-05-22 03:23:31,707 - P17320 - INFO - Candidates phone: 0 items
2025-05-22 03:23:31,708 - P17320 - INFO - Candidates email: 0 items
2025-05-22 03:23:31,709 - P17320 - INFO - Candidates complement: 1 items
2025-05-22 03:23:31,709 - P17320 - INFO - Candidates cep: 1 items
2025-05-22 03:23:31,709 - P17320 - INFO - Após processar URL 7 Uso de memória: 123.38 MB
2025-05-22 03:23:31,709 - P17320 - INFO - Processando URL 8/22: https://www.portaltransparencia.gov.br/pessoa-fisica/busca/lista
2025-05-22 03:23:34,976 - P17320 - INFO - HTML salvo para debug: data\debug_html_v10\e200cdf64b71d4c9248718dd155b3edb.html
2025-05-22 03:23:35,017 - P17320 - INFO - Candidates address: 0 items
2025-05-22 03:23:35,017 - P17320 - INFO - Candidates phone: 0 items
2025-05-22 03:23:35,017 - P17320 - INFO - Candidates email: 0 items
2025-05-22 03:23:35,017 - P17320 - INFO - Candidates complement: 0 items
2025-05-22 03:23:35,018 - P17320 - INFO - Candidates cep: 0 items
2025-05-22 03:23:35,018 - P17320 - INFO - Após processar URL 8 Uso de memória: 123.38 MB
2025-05-22 03:23:35,018 - P17320 - INFO - Processando URL 9/22: https://www.consultasocio.com/q/sa/luiz-augusto-silveira-vieira
2025-05-22 03:23:40,193 - P17320 - INFO - HTML salvo para debug: data\debug_html_v10\0223b757c3640c3d0466bf50c032a6da.html
2025-05-22 03:23:40,201 - P17320 - INFO - Candidates address: 2 items
2025-05-22 03:23:40,201 - P17320 - INFO - Candidates phone: 0 items
2025-05-22 03:23:40,201 - P17320 - INFO - Candidates email: 2 items
2025-05-22 03:23:40,201 - P17320 - INFO - Candidates complement: 3 items
2025-05-22 03:23:40,201 - P17320 - INFO - Candidates cep: 6 items
2025-05-22 03:23:40,201 - P17320 - INFO - Após processar URL 9 Uso de memória: 123.38 MB
2025-05-22 03:23:40,202 - P17320 - INFO - Processando URL 10/22: https://www.doctoralia.com.br/ginecologista/guaruja?page=2
2025-05-22 03:23:40,202 - P17320 - INFO - Ignorando URL de arquivo não-HTML: https://www.doctoralia.com.br/ginecologista/guaruja?page=2
2025-05-22 03:23:40,202 - P17320 - INFO - Após processar URL 10 Uso de memória: 123.38 MB
2025-05-22 03:23:40,202 - P17320 - INFO - Processando URL 11/22: https://boletimoficial.ufsc.br/category/sem-categoria/
2025-05-22 03:23:45,057 - P17320 - INFO - HTML salvo para debug: data\debug_html_v10\bfeb6cba580d64eed450060126816da3.html
2025-05-22 03:23:46,508 - P17320 - INFO - Candidates address: 0 items
2025-05-22 03:23:46,509 - P17320 - INFO - Candidates phone: 0 items
2025-05-22 03:23:46,509 - P17320 - INFO - Candidates email: 50 items
2025-05-22 03:23:46,509 - P17320 - INFO - Candidates complement: 6 items
2025-05-22 03:23:46,509 - P17320 - INFO - Candidates cep: 48 items
2025-05-22 03:23:46,509 - P17320 - INFO - Após processar URL 11 Uso de memória: 121.18 MB
2025-05-22 03:23:46,510 - P17320 - INFO - Processando URL 12/22: https://boletimoficial.ufsc.br/2023/08/
2025-05-22 03:23:49,981 - P17320 - INFO - HTML salvo para debug: data\debug_html_v10\969545ef9cbe26f4f198e84dea286d17.html
2025-05-22 03:23:50,677 - P17320 - INFO - Candidates address: 1 items
2025-05-22 03:23:50,677 - P17320 - INFO - Candidates phone: 1 items
2025-05-22 03:23:50,677 - P17320 - INFO - Candidates email: 28 items
2025-05-22 03:23:50,678 - P17320 - INFO - Candidates complement: 5 items
2025-05-22 03:23:50,678 - P17320 - INFO - Candidates cep: 81 items
2025-05-22 03:23:50,678 - P17320 - INFO - Após processar URL 12 Uso de memória: 124.30 MB
2025-05-22 03:23:50,678 - P17320 - INFO - Processando URL 13/22: https://boletimoficial.ufsc.br/
2025-05-22 03:23:55,336 - P17320 - INFO - HTML salvo para debug: data\debug_html_v10\a67c8becd8468700338dde1f5c62f742.html
2025-05-22 03:23:56,860 - P17320 - INFO - Candidates address: 0 items
2025-05-22 03:23:56,860 - P17320 - INFO - Candidates phone: 0 items
2025-05-22 03:23:56,861 - P17320 - INFO - Candidates email: 50 items
2025-05-22 03:23:56,861 - P17320 - INFO - Candidates complement: 6 items
2025-05-22 03:23:56,861 - P17320 - INFO - Candidates cep: 48 items
2025-05-22 03:23:56,861 - P17320 - INFO - Após processar URL 13 Uso de memória: 124.65 MB
2025-05-22 03:23:56,861 - P17320 - INFO - Processando URL 14/22: https://www.medicosbrasil.com/profissional/luiz-augusto-silveira-vieira
2025-05-22 03:23:59,428 - P17320 - INFO - HTML salvo para debug: data\debug_html_v10\d071a4e18f8f9f242b3dd4b04ecb6f32.html
2025-05-22 03:23:59,452 - P17320 - INFO - Candidates address: 0 items
2025-05-22 03:23:59,452 - P17320 - INFO - Candidates phone: 0 items
2025-05-22 03:23:59,453 - P17320 - INFO - Candidates email: 0 items
2025-05-22 03:23:59,453 - P17320 - INFO - Candidates complement: 0 items
2025-05-22 03:23:59,453 - P17320 - INFO - Candidates cep: 0 items
2025-05-22 03:23:59,453 - P17320 - INFO - Após processar URL 14 Uso de memória: 123.11 MB
2025-05-22 03:23:59,453 - P17320 - INFO - Processando URL 15/22: https://www.doctoralia.com.br/ginecologista/santos/boqueirao7
2025-05-22 03:23:59,454 - P17320 - INFO - Ignorando URL de arquivo não-HTML: https://www.doctoralia.com.br/ginecologista/santos/boqueirao7
2025-05-22 03:23:59,454 - P17320 - INFO - Após processar URL 15 Uso de memória: 121.91 MB
2025-05-22 03:23:59,454 - P17320 - INFO - Processando URL 16/22: https://www.jfsp.jus.br/documentos/administrativo/NUGE/Ribeirao_Preto/EDITAL-60-2021-RIBEIRAO.pdf
2025-05-22 03:23:59,454 - P17320 - INFO - Ignorando URL de arquivo não-HTML: https://www.jfsp.jus.br/documentos/administrativo/NUGE/Ribeirao_Preto/EDITAL-60-2021-RIBEIRAO.pdf
2025-05-22 03:23:59,454 - P17320 - INFO - Após processar URL 16 Uso de memória: 121.91 MB
2025-05-22 03:23:59,454 - P17320 - INFO - Processando URL 17/22: https://diariooficial.guarulhos.sp.gov.br/uploads/pdf/1851434719.pdf
2025-05-22 03:23:59,455 - P17320 - INFO - Ignorando URL de arquivo não-HTML: https://diariooficial.guarulhos.sp.gov.br/uploads/pdf/1851434719.pdf
2025-05-22 03:23:59,455 - P17320 - INFO - Após processar URL 17 Uso de memória: 121.91 MB
2025-05-22 03:23:59,455 - P17320 - INFO - Processando URL 18/22: https://www.boaconsulta.com/especialista/luiz-augusto-silveira-vieira-6106c37da2e00a5c57001df5
2025-05-22 03:24:02,383 - P17320 - INFO - HTML salvo para debug: data\debug_html_v10\a9da3e16c5b7f62ec1482efb08c944e0.html
2025-05-22 03:24:02,460 - P17320 - INFO - Candidates address: 3 items
2025-05-22 03:24:02,460 - P17320 - INFO - Candidates phone: 0 items
2025-05-22 03:24:02,461 - P17320 - INFO - Candidates email: 0 items
2025-05-22 03:24:02,461 - P17320 - INFO - Candidates complement: 0 items
2025-05-22 03:24:02,461 - P17320 - INFO - Candidates cep: 0 items
2025-05-22 03:24:02,461 - P17320 - INFO - Após processar URL 18 Uso de memória: 122.82 MB
2025-05-22 03:24:02,462 - P17320 - INFO - Processando URL 19/22: https://guiasaudebrasil.com.br/profissional/7c40bc85c84da25d-luiz-augusto-silveira-vieira
2025-05-22 03:24:08,381 - P17320 - INFO - HTML salvo para debug: data\debug_html_v10\396301788bada1fad0a4e999f9ffdc2c.html
2025-05-22 03:24:08,393 - P17320 - INFO - Candidates address: 0 items
2025-05-22 03:24:08,393 - P17320 - INFO - Candidates phone: 0 items
2025-05-22 03:24:08,394 - P17320 - INFO - Candidates email: 0 items
2025-05-22 03:24:08,394 - P17320 - INFO - Candidates complement: 0 items
2025-05-22 03:24:08,395 - P17320 - INFO - Candidates cep: 1 items
2025-05-22 03:24:08,395 - P17320 - INFO - Após processar URL 19 Uso de memória: 123.07 MB
2025-05-22 03:24:08,396 - P17320 - INFO - Processando URL 20/22: https://boletimoficial.ufsc.br/2024/07/
2025-05-22 03:24:11,713 - P17320 - INFO - HTML salvo para debug: data\debug_html_v10\5ab4900905f7c1bc127a77c82b051cf7.html
2025-05-22 03:24:12,175 - P17320 - INFO - Candidates address: 2 items
2025-05-22 03:24:12,178 - P17320 - INFO - Candidates phone: 1 items
2025-05-22 03:24:12,179 - P17320 - INFO - Candidates email: 16 items
2025-05-22 03:24:12,179 - P17320 - INFO - Candidates complement: 3 items
2025-05-22 03:24:12,180 - P17320 - INFO - Candidates cep: 14 items
2025-05-22 03:24:12,180 - P17320 - INFO - Após processar URL 20 Uso de memória: 131.52 MB
2025-05-22 03:24:12,185 - P17320 - INFO - Processando URL 21/22: http://irssl.org.br/wp-content/uploads/2021/12/HRJ-Pretacao-de-contas-2020.pdf
2025-05-22 03:24:12,187 - P17320 - INFO - Ignorando URL de arquivo não-HTML: http://irssl.org.br/wp-content/uploads/2021/12/HRJ-Pretacao-de-contas-2020.pdf
2025-05-22 03:24:12,188 - P17320 - INFO - Após processar URL 21 Uso de memória: 130.16 MB
2025-05-22 03:24:12,194 - P17320 - INFO - Processando URL 22/22: https://consultacrm.com.br/
2025-05-22 03:24:15,832 - P17320 - INFO - HTML salvo para debug: data\debug_html_v10\65cadeb91ac3713432c21b535990f440.html
2025-05-22 03:24:15,846 - P17320 - INFO - Candidates address: 0 items
2025-05-22 03:24:15,846 - P17320 - INFO - Candidates phone: 0 items
2025-05-22 03:24:15,846 - P17320 - INFO - Candidates email: 0 items
2025-05-22 03:24:15,846 - P17320 - INFO - Candidates complement: 0 items
2025-05-22 03:24:15,847 - P17320 - INFO - Candidates cep: 0 items
2025-05-22 03:24:15,847 - P17320 - INFO - Após processar URL 22 Uso de memória: 131.18 MB
2025-05-22 03:24:15,847 - P17320 - INFO - Iniciando agregação e ranqueamento
2025-05-22 03:24:15,847 - P17320 - INFO - Ranked address: 11 items
2025-05-22 03:24:15,847 - P17320 - INFO - Ranked phone: 3 items
2025-05-22 03:24:15,848 - P17320 - INFO - Ranked email: 100 items
2025-05-22 03:24:15,848 - P17320 - INFO - Ranked complement: 19 items
2025-05-22 03:24:15,849 - P17320 - INFO - Ranked cep: 169 items
2025-05-22 03:24:15,851 - P17320 - INFO - Após agregação Uso de memória: 131.18 MB
2025-05-22 03:24:15,851 - P17320 - INFO - Validando endereço: ['Rua Frei Caneca, 1282', 'Rua Antonio Camardo nr. 856', 'Estrada de Itapecerica nr. 4617']
2025-05-22 03:24:15,851 - P17320 - INFO - Endereço validado: Rua Frei Caneca, 1282
2025-05-22 03:24:15,852 - P17320 - INFO - Limpando texto extenso para campo address: Rua Frei Caneca, 1282...
2025-05-22 03:24:15,852 - P17320 - INFO - Texto limpo: Rua Frei Caneca, 1282
2025-05-22 03:24:15,853 - P17320 - INFO - Validando telefone: ['(11) 4349-9900', '(48) 3721-5700', '(48) 3721-6119']
2025-05-22 03:24:15,853 - P17320 - INFO - Limpando texto extenso para campo phone: (11) 4349-9900...
2025-05-22 03:24:15,853 - P17320 - INFO - Texto limpo: 11) 4349-9900
2025-05-22 03:24:15,854 - P17320 - INFO - Telefone validado: 11) 4349-9900
2025-05-22 03:24:15,854 - P17320 - INFO - Validando email: ['boletim.gr@contato.ufsc.br', 'piape.ara@contato.ufsc.br', 'prodeps.ara@contato.ufsc.br']
2025-05-22 03:24:15,854 - P17320 - INFO - Limpando texto extenso para campo email: boletim.gr@contato.ufsc.br...
2025-05-22 03:24:15,855 - P17320 - INFO - Texto limpo: boletim.gr@contato.ufsc.br
2025-05-22 03:24:15,856 - P17320 - INFO - Email validado: boletim.gr@contato.ufsc.br
2025-05-22 03:24:15,858 - P17320 - INFO - Validando complemento: ['Sala Cofre da UFSC e disponível no endereço  https://e', 'Bloco B da Unidade Jardim das Avenidas. ', 'Sala da SAD – Bloco B – Unidade Jardim das Avenidas ']
2025-05-22 03:24:15,861 - P17320 - INFO - Limpando texto extenso para campo complement: Sala Cofre da UFSC e disponível no endereço  https...
2025-05-22 03:24:15,862 - P17320 - INFO - Texto limpo: Sala Cofre da UFSC e disponíve
2025-05-22 03:24:15,862 - P17320 - INFO - Complemento validado: Sala Cofre da UFSC e disponíve
2025-05-22 03:24:15,863 - P17320 - INFO - Descobrindo cidade
2025-05-22 03:24:15,863 - P17320 - INFO - Buscando cidade: Rua Frei Caneca cidade SP
2025-05-22 03:24:19,043 - P17320 - WARNING - Cidade não encontrada
2025-05-22 03:24:19,044 - P17320 - INFO - Cidade descoberta: 
2025-05-22 03:24:19,044 - P17320 - INFO - Tempo de execução de processamento completo do médico: 71.13 segundos
2025-05-22 03:24:19,044 - P17320 - INFO - Resultado processado: {'Hash': '4a2306bdf6e395661d5ad968e27f00b3912bad93cd9412604a7cce62198faffb', 'CRM': '187482', 'UF': 'SP', 'Firstname': 'LUIZ', 'LastName': 'AUGUSTO SILVEIRA VIEIRA', 'Medical specialty': '', 'Endereco Completo A1': 'Rua Frei Caneca, 1282', 'Address A1': 'Rua Frei Caneca', 'Numero A1': '1282', 'Complement A1': 'Sala Cofre da UFSC e disponíve', 'Bairro A1': '', 'postal code A1': '', 'City A1': '', 'State A1': '', 'Phone A1': '11) 4349-9900', 'Phone A2': '', 'Cell phone A1': '', 'Cell phone A2': '', 'E-mail A1': 'boletim.gr@contato.ufsc.br', 'E-mail A2': '', 'OPT-IN': '', 'STATUS': '', 'LOTE': ''}
2025-05-22 03:24:19,045 - P17320 - INFO - Salvando lote de resultados
2025-05-22 03:24:19,046 - P17320 - INFO - Após salvar resultados Uso de memória: 130.45 MB
2025-05-22 03:24:19,046 - P17320 - INFO - Progresso: 46.5%
2025-05-22 03:24:19,047 - P17320 - INFO - Tempo de execução de processamento do médico 3: 71.14 segundos
2025-05-22 03:24:19,047 - P17320 - INFO - Tempo de execução de processamento do lote completo: 224.44 segundos
