2025-05-22 03:42:17,250 - P17320 - INFO - 
==================================================
Processando médico 1/3
2025-05-22 03:42:17,250 - P17320 - INFO - Nome: PAULO SÉRGIO RODRIGUES DE ALMEIDA
2025-05-22 03:42:17,251 - P17320 - INFO - Reiniciando driver do Chrome
2025-05-22 03:42:18,503 - P17320 - INFO - Após reiniciar driver Uso de memória: 130.61 MB
2025-05-22 03:42:18,503 - P17320 - INFO - Início do processamento Uso de memória: 130.61 MB
2025-05-22 03:42:18,503 - P17320 - INFO - Iniciando busca para: PAULO SÉRGIO RODRIGUES DE ALMEIDA CRM 11365 CE telefone e-mail endereço
2025-05-22 03:42:19,503 - P17320 - INFO - SearX results: 14 URLs
2025-05-22 03:42:19,503 - P17320 - INFO - Após SearX Uso de memória: 130.61 MB
2025-05-22 03:42:22,209 - P17320 - INFO - Google results: 10 URLs
2025-05-22 03:42:22,210 - P17320 - INFO - Após Google Uso de memória: 130.62 MB
2025-05-22 03:42:24,642 - P17320 - INFO - Bing results: 10 URLs
2025-05-22 03:42:24,642 - P17320 - INFO - Após Bing Uso de memória: 131.62 MB
2025-05-22 03:42:24,642 - P17320 - INFO - Total de URLs únicas: 26
2025-05-22 03:42:24,642 - P17320 - INFO - Processando URL 1/26: https://www.consultacrm.com.br/index/medicos/uid-10147082-f5c5-11ec-9e74-0a4aa568c625/paulo_sa_rgio_rodrigues_de_almeida
2025-05-22 03:42:27,269 - P17320 - INFO - HTML salvo para debug: data\debug_html_v10\2102f132ba5d5e0bc6dbcccb823063f1.html
2025-05-22 03:42:27,278 - P17320 - INFO - Candidates address: 0 items
2025-05-22 03:42:27,278 - P17320 - INFO - Candidates phone: 0 items
2025-05-22 03:42:27,278 - P17320 - INFO - Candidates email: 0 items
2025-05-22 03:42:27,278 - P17320 - INFO - Candidates complement: 0 items
2025-05-22 03:42:27,279 - P17320 - INFO - Candidates cep: 1 items
2025-05-22 03:42:27,279 - P17320 - INFO - Após processar URL 1 Uso de memória: 131.71 MB
2025-05-22 03:42:27,280 - P17320 - INFO - Processando URL 2/26: https://diariooficial.guarulhos.sp.gov.br/uploads/pdf/1186447055.pdf
2025-05-22 03:42:27,280 - P17320 - INFO - Ignorando URL de arquivo não-HTML: https://diariooficial.guarulhos.sp.gov.br/uploads/pdf/1186447055.pdf
2025-05-22 03:42:27,280 - P17320 - INFO - Após processar URL 2 Uso de memória: 131.71 MB
2025-05-22 03:42:27,281 - P17320 - INFO - Processando URL 3/26: https://www.dodf.df.gov.br/dodf/jornal/visualizar-pdf?pasta=2006%7C08_Agosto%7CDODF%20162%2023-08-2006%7C&arquivo=DODF%20162%2023-08-2006%20SECAO3.pdf
2025-05-22 03:42:27,281 - P17320 - INFO - Ignorando URL de arquivo não-HTML: https://www.dodf.df.gov.br/dodf/jornal/visualizar-pdf?pasta=2006%7C08_Agosto%7CDODF%20162%2023-08-2006%7C&arquivo=DODF%20162%2023-08-2006%20SECAO3.pdf
2025-05-22 03:42:27,282 - P17320 - INFO - Após processar URL 3 Uso de memória: 131.71 MB
2025-05-22 03:42:27,282 - P17320 - INFO - Processando URL 4/26: https://web.trf3.jus.br/diario/consulta/BaixarPdf/13737
2025-05-22 03:42:29,409 - P17320 - INFO - HTML salvo para debug: data\debug_html_v10\51329d86a2d639442b4b6f830a2bc4c3.html
2025-05-22 03:42:29,419 - P17320 - INFO - Candidates address: 0 items
2025-05-22 03:42:29,419 - P17320 - INFO - Candidates phone: 0 items
2025-05-22 03:42:29,419 - P17320 - INFO - Candidates email: 0 items
2025-05-22 03:42:29,420 - P17320 - INFO - Candidates complement: 0 items
2025-05-22 03:42:29,420 - P17320 - INFO - Candidates cep: 1 items
2025-05-22 03:42:29,420 - P17320 - INFO - Após processar URL 4 Uso de memória: 131.71 MB
2025-05-22 03:42:29,420 - P17320 - INFO - Processando URL 5/26: https://www.boaconsulta.com/especialista/paulo-sergio-rodrigues-de-almeida-6105e445a2e00a66e90015cc
2025-05-22 03:42:32,781 - P17320 - INFO - HTML salvo para debug: data\debug_html_v10\16213fc1efe721375d84dc0a879aa9bf.html
2025-05-22 03:42:32,854 - P17320 - INFO - Candidates address: 4 items
2025-05-22 03:42:32,854 - P17320 - INFO - Candidates phone: 0 items
2025-05-22 03:42:32,854 - P17320 - INFO - Candidates email: 0 items
2025-05-22 03:42:32,854 - P17320 - INFO - Candidates complement: 0 items
2025-05-22 03:42:32,854 - P17320 - INFO - Candidates cep: 0 items
2025-05-22 03:42:32,855 - P17320 - INFO - Após processar URL 5 Uso de memória: 131.71 MB
2025-05-22 03:42:32,855 - P17320 - INFO - Processando URL 6/26: https://osasco.sp.gov.br/wp-content/uploads/2023/08/iomo-2484.pdf
2025-05-22 03:42:32,855 - P17320 - INFO - Ignorando URL de arquivo não-HTML: https://osasco.sp.gov.br/wp-content/uploads/2023/08/iomo-2484.pdf
2025-05-22 03:42:32,855 - P17320 - INFO - Após processar URL 6 Uso de memória: 131.71 MB
2025-05-22 03:42:32,855 - P17320 - INFO - Processando URL 7/26: https://www.medicosbrasil.com/profissional/paulo-sergio-rodrigues-de-almeida
2025-05-22 03:42:36,584 - P17320 - INFO - HTML salvo para debug: data\debug_html_v10\6790eb196c8007b931bba0588f239c3e.html
2025-05-22 03:42:36,608 - P17320 - INFO - Candidates address: 0 items
2025-05-22 03:42:36,609 - P17320 - INFO - Candidates phone: 0 items
2025-05-22 03:42:36,609 - P17320 - INFO - Candidates email: 0 items
2025-05-22 03:42:36,609 - P17320 - INFO - Candidates complement: 0 items
2025-05-22 03:42:36,609 - P17320 - INFO - Candidates cep: 0 items
2025-05-22 03:42:36,609 - P17320 - INFO - Após processar URL 7 Uso de memória: 131.71 MB
2025-05-22 03:42:36,609 - P17320 - INFO - Processando URL 8/26: https://osasco.sp.gov.br/wp-content/uploads/2022/07/iomo-2261.pdf
2025-05-22 03:42:36,610 - P17320 - INFO - Ignorando URL de arquivo não-HTML: https://osasco.sp.gov.br/wp-content/uploads/2022/07/iomo-2261.pdf
2025-05-22 03:42:36,610 - P17320 - INFO - Após processar URL 8 Uso de memória: 131.71 MB
2025-05-22 03:42:36,610 - P17320 - INFO - Processando URL 9/26: https://deoab.oab.org.br/assets/diarios/diario-eletronico-oab-02-08-2021.pdf?p=1628121600056
2025-05-22 03:42:36,610 - P17320 - INFO - Ignorando URL de arquivo não-HTML: https://deoab.oab.org.br/assets/diarios/diario-eletronico-oab-02-08-2021.pdf?p=1628121600056
2025-05-22 03:42:36,610 - P17320 - INFO - Após processar URL 9 Uso de memória: 131.71 MB
2025-05-22 03:42:36,610 - P17320 - INFO - Processando URL 10/26: https://diariooficial.guarulhos.sp.gov.br/uploads/pdf/22064038.pdf
2025-05-22 03:42:36,610 - P17320 - INFO - Ignorando URL de arquivo não-HTML: https://diariooficial.guarulhos.sp.gov.br/uploads/pdf/22064038.pdf
2025-05-22 03:42:36,611 - P17320 - INFO - Após processar URL 10 Uso de memória: 131.71 MB
2025-05-22 03:42:36,611 - P17320 - INFO - Processando URL 11/26: http://www.transparencia.mpf.mp.br/conteudo/diarios-e-boletins/diario-eletronico-dmpf-e/2024/DMPF-ADMINISTRATIVO-2024-03-12.pdf
2025-05-22 03:42:36,611 - P17320 - INFO - Ignorando URL de arquivo não-HTML: http://www.transparencia.mpf.mp.br/conteudo/diarios-e-boletins/diario-eletronico-dmpf-e/2024/DMPF-ADMINISTRATIVO-2024-03-12.pdf
2025-05-22 03:42:36,611 - P17320 - INFO - Após processar URL 11 Uso de memória: 131.71 MB
2025-05-22 03:42:36,611 - P17320 - INFO - Processando URL 12/26: https://www.redescredenciadas.com.br/perfil/paulo-sergio-rodrigues-almeida-ce-11365
2025-05-22 03:42:43,059 - P17320 - INFO - HTML salvo para debug: data\debug_html_v10\42e4a208bf2f8524c61bdfddd8852674.html
2025-05-22 03:42:43,064 - P17320 - INFO - Candidates address: 0 items
2025-05-22 03:42:43,065 - P17320 - INFO - Candidates phone: 2 items
2025-05-22 03:42:43,065 - P17320 - INFO - Candidates email: 0 items
2025-05-22 03:42:43,065 - P17320 - INFO - Candidates complement: 0 items
2025-05-22 03:42:43,065 - P17320 - INFO - Candidates cep: 0 items
2025-05-22 03:42:43,066 - P17320 - INFO - Após processar URL 12 Uso de memória: 131.71 MB
2025-05-22 03:42:43,066 - P17320 - INFO - Processando URL 13/26: https://www.bertioga.sp.gov.br/wp/wp-content/uploads/2023/10/BOM_1132-compressed.pdf
2025-05-22 03:42:43,066 - P17320 - INFO - Ignorando URL de arquivo não-HTML: https://www.bertioga.sp.gov.br/wp/wp-content/uploads/2023/10/BOM_1132-compressed.pdf
2025-05-22 03:42:43,066 - P17320 - INFO - Após processar URL 13 Uso de memória: 131.71 MB
2025-05-22 03:42:43,066 - P17320 - INFO - Processando URL 14/26: http://www2.natal.rn.gov.br/seharpe/paginas/File/conhabins/Portaria058.2017.pdf
2025-05-22 03:42:43,067 - P17320 - INFO - Ignorando URL de arquivo não-HTML: http://www2.natal.rn.gov.br/seharpe/paginas/File/conhabins/Portaria058.2017.pdf
2025-05-22 03:42:43,067 - P17320 - INFO - Após processar URL 14 Uso de memória: 131.71 MB
2025-05-22 03:42:43,067 - P17320 - INFO - Processando URL 15/26: https://listamedicos.com/medico/paulo-sergio-rodrigues-almeida
2025-05-22 03:42:49,967 - P17320 - INFO - HTML salvo para debug: data\debug_html_v10\1fa37bb6fc9afac13c83298942d6f498.html
2025-05-22 03:42:49,980 - P17320 - INFO - Candidates address: 0 items
2025-05-22 03:42:49,980 - P17320 - INFO - Candidates phone: 0 items
2025-05-22 03:42:49,980 - P17320 - INFO - Candidates email: 0 items
2025-05-22 03:42:49,980 - P17320 - INFO - Candidates complement: 0 items
2025-05-22 03:42:49,980 - P17320 - INFO - Candidates cep: 2 items
2025-05-22 03:42:49,981 - P17320 - INFO - Após processar URL 15 Uso de memória: 132.64 MB
2025-05-22 03:42:49,981 - P17320 - INFO - Processando URL 16/26: https://doutorcrm.com/paulo-sergio-rodrigues-de-almeida
2025-05-22 03:42:55,610 - P17320 - INFO - HTML salvo para debug: data\debug_html_v10\fa6c18219f1a493ae9a0e38be3418ade.html
2025-05-22 03:42:55,615 - P17320 - INFO - Candidates address: 0 items
2025-05-22 03:42:55,616 - P17320 - INFO - Candidates phone: 0 items
2025-05-22 03:42:55,616 - P17320 - INFO - Candidates email: 0 items
2025-05-22 03:42:55,616 - P17320 - INFO - Candidates complement: 0 items
2025-05-22 03:42:55,616 - P17320 - INFO - Candidates cep: 0 items
2025-05-22 03:42:55,617 - P17320 - INFO - Após processar URL 16 Uso de memória: 131.71 MB
2025-05-22 03:42:55,617 - P17320 - INFO - Processando URL 17/26: https://www3.tjma.jus.br/diario/diarios/2024/diario_02022024_152233_20.pdf
2025-05-22 03:42:55,617 - P17320 - INFO - Ignorando URL de arquivo não-HTML: https://www3.tjma.jus.br/diario/diarios/2024/diario_02022024_152233_20.pdf
2025-05-22 03:42:55,617 - P17320 - INFO - Após processar URL 17 Uso de memória: 131.71 MB
2025-05-22 03:42:55,617 - P17320 - INFO - Processando URL 18/26: https://portal.tjpr.jus.br/e-dj/publico/diario/baixar.do;jsessionid=193d36dacd401b9660c4c29db3d7?tjpr.url.crypto=8458ec75b8f82dd0
2025-05-22 03:42:57,739 - P17320 - INFO - HTML salvo para debug: data\debug_html_v10\b25f0dd75a61b05623a9bc6172f40b47.html
2025-05-22 03:42:57,745 - P17320 - INFO - Candidates address: 0 items
2025-05-22 03:42:57,745 - P17320 - INFO - Candidates phone: 0 items
2025-05-22 03:42:57,746 - P17320 - INFO - Candidates email: 0 items
2025-05-22 03:42:57,746 - P17320 - INFO - Candidates complement: 0 items
2025-05-22 03:42:57,746 - P17320 - INFO - Candidates cep: 0 items
2025-05-22 03:42:57,746 - P17320 - INFO - Após processar URL 18 Uso de memória: 131.71 MB
2025-05-22 03:42:57,746 - P17320 - INFO - Processando URL 19/26: https://clinica.work/especialista/paulo-sergio-rodrigues-almeida-ginecologista-e-obstetra-morada-nova-ce
2025-05-22 03:43:02,307 - P17320 - INFO - HTML salvo para debug: data\debug_html_v10\6640d61364e77a8de3d017b5d37ccff9.html
2025-05-22 03:43:02,328 - P17320 - INFO - Candidates address: 0 items
2025-05-22 03:43:02,330 - P17320 - INFO - Candidates phone: 0 items
2025-05-22 03:43:02,330 - P17320 - INFO - Candidates email: 0 items
2025-05-22 03:43:02,330 - P17320 - INFO - Candidates complement: 0 items
2025-05-22 03:43:02,331 - P17320 - INFO - Candidates cep: 1 items
2025-05-22 03:43:02,331 - P17320 - INFO - Após processar URL 19 Uso de memória: 132.16 MB
2025-05-22 03:43:02,332 - P17320 - INFO - Processando URL 20/26: https://diariooficial.santos.sp.gov.br/edicoes/inicio/download/2019-09-24
2025-05-22 03:43:04,465 - P17320 - INFO - HTML salvo para debug: data\debug_html_v10\9355c775456d22c86bcdda52b97589ce.html
2025-05-22 03:43:04,466 - P17320 - INFO - Candidates address: 0 items
2025-05-22 03:43:04,467 - P17320 - INFO - Candidates phone: 0 items
2025-05-22 03:43:04,467 - P17320 - INFO - Candidates email: 0 items
2025-05-22 03:43:04,468 - P17320 - INFO - Candidates complement: 0 items
2025-05-22 03:43:04,468 - P17320 - INFO - Candidates cep: 0 items
2025-05-22 03:43:04,468 - P17320 - INFO - Após processar URL 20 Uso de memória: 130.74 MB
2025-05-22 03:43:04,468 - P17320 - INFO - Processando URL 21/26: https://cliniguia.com/profissionais/paulo-sergio-rodrigues-de-almeida-980016283584778/
2025-05-22 03:43:10,228 - P17320 - INFO - HTML salvo para debug: data\debug_html_v10\caf692360834b33c95ae671c14934ced.html
2025-05-22 03:43:10,266 - P17320 - INFO - Candidates address: 0 items
2025-05-22 03:43:10,266 - P17320 - INFO - Candidates phone: 0 items
2025-05-22 03:43:10,266 - P17320 - INFO - Candidates email: 0 items
2025-05-22 03:43:10,266 - P17320 - INFO - Candidates complement: 0 items
2025-05-22 03:43:10,266 - P17320 - INFO - Candidates cep: 0 items
2025-05-22 03:43:10,267 - P17320 - INFO - Após processar URL 21 Uso de memória: 130.74 MB
2025-05-22 03:43:10,267 - P17320 - INFO - Processando URL 22/26: https://www.tjpi.jus.br/diarioeletronico/public/dj241112_9944.pdf
2025-05-22 03:43:10,267 - P17320 - INFO - Ignorando URL de arquivo não-HTML: https://www.tjpi.jus.br/diarioeletronico/public/dj241112_9944.pdf
2025-05-22 03:43:10,267 - P17320 - INFO - Após processar URL 22 Uso de memória: 130.74 MB
2025-05-22 03:43:10,267 - P17320 - INFO - Processando URL 23/26: https://diariooficial.santos.sp.gov.br/edicoes/inicio/download/2020-03-12
2025-05-22 03:43:12,325 - P17320 - INFO - HTML salvo para debug: data\debug_html_v10\cf261a2fd8d0c2fa2d305fec85caa8ae.html
2025-05-22 03:43:12,325 - P17320 - INFO - Candidates address: 0 items
2025-05-22 03:43:12,325 - P17320 - INFO - Candidates phone: 0 items
2025-05-22 03:43:12,326 - P17320 - INFO - Candidates email: 0 items
2025-05-22 03:43:12,326 - P17320 - INFO - Candidates complement: 0 items
2025-05-22 03:43:12,326 - P17320 - INFO - Candidates cep: 0 items
2025-05-22 03:43:12,326 - P17320 - INFO - Após processar URL 23 Uso de memória: 130.74 MB
2025-05-22 03:43:12,327 - P17320 - INFO - Processando URL 24/26: https://www.altafloresta.mt.gov.br/fotos_noticias_downloads/109.pdf
2025-05-22 03:43:12,327 - P17320 - INFO - Ignorando URL de arquivo não-HTML: https://www.altafloresta.mt.gov.br/fotos_noticias_downloads/109.pdf
2025-05-22 03:43:12,327 - P17320 - INFO - Após processar URL 24 Uso de memória: 130.74 MB
2025-05-22 03:43:12,327 - P17320 - INFO - Processando URL 25/26: https://consultacrm.com.br/
2025-05-22 03:43:14,537 - P17320 - INFO - HTML salvo para debug: data\debug_html_v10\65cadeb91ac3713432c21b535990f440.html
2025-05-22 03:43:14,551 - P17320 - INFO - Candidates address: 0 items
2025-05-22 03:43:14,551 - P17320 - INFO - Candidates phone: 0 items
2025-05-22 03:43:14,560 - P17320 - INFO - Candidates email: 0 items
2025-05-22 03:43:14,561 - P17320 - INFO - Candidates complement: 0 items
2025-05-22 03:43:14,562 - P17320 - INFO - Candidates cep: 0 items
2025-05-22 03:43:14,562 - P17320 - INFO - Após processar URL 25 Uso de memória: 130.76 MB
2025-05-22 03:43:14,562 - P17320 - INFO - Processando URL 26/26: https://saocarlosimagem.com.br/equipe/
2025-05-22 03:43:18,712 - P17320 - INFO - HTML salvo para debug: data\debug_html_v10\0db28281c440a394f51cc5db0da5a32e.html
2025-05-22 03:43:18,872 - P17320 - INFO - Candidates address: 2 items
2025-05-22 03:43:18,872 - P17320 - INFO - Candidates phone: 2 items
2025-05-22 03:43:18,872 - P17320 - INFO - Candidates email: 0 items
2025-05-22 03:43:18,872 - P17320 - INFO - Candidates complement: 0 items
2025-05-22 03:43:18,873 - P17320 - INFO - Candidates cep: 0 items
2025-05-22 03:43:18,873 - P17320 - INFO - Após processar URL 26 Uso de memória: 130.66 MB
2025-05-22 03:43:18,873 - P17320 - INFO - Iniciando agregação e ranqueamento
2025-05-22 03:43:18,873 - P17320 - INFO - Ranked address: 6 items
2025-05-22 03:43:18,873 - P17320 - INFO - Ranked phone: 4 items
2025-05-22 03:43:18,873 - P17320 - INFO - Ranked email: 0 items
2025-05-22 03:43:18,874 - P17320 - INFO - Ranked complement: 0 items
2025-05-22 03:43:18,874 - P17320 - INFO - Ranked cep: 3 items
2025-05-22 03:43:18,874 - P17320 - INFO - Após agregação Uso de memória: 130.66 MB
2025-05-22 03:43:18,874 - P17320 - INFO - Validando endereço: ['Rua Ziltamir Chaves, 620', 'Avenida Coronel Araujo Lima, 1478', 'Avenida Manoel Castro, 237']
2025-05-22 03:43:18,874 - P17320 - INFO - Endereço validado: Rua Ziltamir Chaves, 620
2025-05-22 03:43:18,874 - P17320 - INFO - Limpando texto extenso para campo address: Rua Ziltamir Chaves, 620...
2025-05-22 03:43:18,875 - P17320 - INFO - Texto limpo: Rua Ziltamir Chaves, 620
2025-05-22 03:43:18,875 - P17320 - INFO - Validando telefone: ['(88) 3422-1411', '+558834221411', '(85) 4009-1616']
2025-05-22 03:43:18,875 - P17320 - INFO - Limpando texto extenso para campo phone: (88) 3422-1411...
2025-05-22 03:43:18,875 - P17320 - INFO - Texto limpo: 88) 3422-1411
2025-05-22 03:43:18,875 - P17320 - INFO - Telefone validado: 88) 3422-1411
2025-05-22 03:43:18,875 - P17320 - INFO - Descobrindo cidade
2025-05-22 03:43:18,875 - P17320 - INFO - Buscando cidade: Rua Ziltamir Chaves cidade CE
2025-05-22 03:43:21,484 - P17320 - WARNING - Cidade não encontrada
2025-05-22 03:43:21,484 - P17320 - INFO - Cidade descoberta: 
2025-05-22 03:43:21,484 - P17320 - INFO - Tempo de execução de processamento completo do médico: 62.98 segundos
2025-05-22 03:43:21,485 - P17320 - INFO - Resultado processado: {'Hash': 'c4270a8933a5b6e7c3565cb01bfb06f0ba851a4cc0e6e04c4aa2883f73feb1e3', 'CRM': '11365', 'UF': 'CE', 'Firstname': 'PAULO', 'LastName': 'SÉRGIO RODRIGUES DE ALMEIDA', 'Medical specialty': '', 'Endereco Completo A1': 'Rua Ziltamir Chaves, 620', 'Address A1': 'Rua Ziltamir Chaves', 'Numero A1': '620', 'Complement A1': '', 'Bairro A1': '', 'postal code A1': '', 'City A1': '', 'State A1': '', 'Phone A1': '88) 3422-1411', 'Phone A2': '', 'Cell phone A1': '', 'Cell phone A2': '', 'E-mail A1': '', 'E-mail A2': '', 'OPT-IN': '', 'STATUS': '', 'LOTE': ''}
2025-05-22 03:43:21,486 - P17320 - INFO - Progresso: 53.5%
2025-05-22 03:43:21,486 - P17320 - INFO - Executando coleta de lixo
2025-05-22 03:43:21,595 - P17320 - INFO - Após coleta de lixo Uso de memória: 121.67 MB
2025-05-22 03:43:21,596 - P17320 - INFO - Tempo de execução de processamento do médico 1: 64.35 segundos
2025-05-22 03:43:21,597 - P17320 - INFO - 
==================================================
Processando médico 2/3
2025-05-22 03:43:21,597 - P17320 - INFO - Nome: JOSÉ MARIA SANTIAGO DA SILVA JÚNIOR
2025-05-22 03:43:21,598 - P17320 - INFO - Início do processamento Uso de memória: 121.67 MB
2025-05-22 03:43:21,598 - P17320 - INFO - Iniciando busca para: JOSÉ MARIA SANTIAGO DA SILVA JÚNIOR CRM 11721 CE telefone e-mail endereço
2025-05-22 03:43:22,535 - P17320 - INFO - SearX results: 15 URLs
2025-05-22 03:43:22,536 - P17320 - INFO - Após SearX Uso de memória: 121.70 MB
2025-05-22 03:43:25,228 - P17320 - INFO - Google results: 12 URLs
2025-05-22 03:43:25,228 - P17320 - INFO - Após Google Uso de memória: 125.41 MB
2025-05-22 03:43:27,587 - P17320 - INFO - Bing results: 10 URLs
2025-05-22 03:43:27,587 - P17320 - INFO - Após Bing Uso de memória: 126.90 MB
2025-05-22 03:43:27,588 - P17320 - INFO - Total de URLs únicas: 26
2025-05-22 03:43:27,588 - P17320 - INFO - Processando URL 1/26: https://www.doctoralia.com.br/jose-maria-santiago-da-silva-junior/psiquiatra/fortaleza
2025-05-22 03:43:27,588 - P17320 - INFO - Ignorando URL de arquivo não-HTML: https://www.doctoralia.com.br/jose-maria-santiago-da-silva-junior/psiquiatra/fortaleza
2025-05-22 03:43:27,588 - P17320 - INFO - Após processar URL 1 Uso de memória: 126.90 MB
2025-05-22 03:43:27,588 - P17320 - INFO - Processando URL 2/26: https://guiasaudebrasil.com.br/profissional/4b1341f881b9e283-jose-maria-santiago-da-silva-junior
2025-05-22 03:43:33,806 - P17320 - INFO - HTML salvo para debug: data\debug_html_v10\21550ed783fdad3c4729f40fce6e4929.html
2025-05-22 03:43:33,821 - P17320 - INFO - Candidates address: 0 items
2025-05-22 03:43:33,822 - P17320 - INFO - Candidates phone: 0 items
2025-05-22 03:43:33,822 - P17320 - INFO - Candidates email: 0 items
2025-05-22 03:43:33,822 - P17320 - INFO - Candidates complement: 0 items
2025-05-22 03:43:33,822 - P17320 - INFO - Candidates cep: 1 items
2025-05-22 03:43:33,822 - P17320 - INFO - Após processar URL 2 Uso de memória: 127.59 MB
2025-05-22 03:43:33,823 - P17320 - INFO - Processando URL 3/26: https://diof.ro.gov.br/data/uploads/2023/05/DOE-10-05-2023.pdf
2025-05-22 03:43:33,823 - P17320 - INFO - Ignorando URL de arquivo não-HTML: https://diof.ro.gov.br/data/uploads/2023/05/DOE-10-05-2023.pdf
2025-05-22 03:43:33,823 - P17320 - INFO - Após processar URL 3 Uso de memória: 127.59 MB
2025-05-22 03:43:33,823 - P17320 - INFO - Processando URL 4/26: https://sistemadje.tjmt.jus.br/publicacoes/9810-2016.pdf
2025-05-22 03:43:33,823 - P17320 - INFO - Ignorando URL de arquivo não-HTML: https://sistemadje.tjmt.jus.br/publicacoes/9810-2016.pdf
2025-05-22 03:43:33,824 - P17320 - INFO - Após processar URL 4 Uso de memória: 127.59 MB
2025-05-22 03:43:33,825 - P17320 - INFO - Processando URL 5/26: https://www.escavador.com/sobre/2140314/jose-maria-santiago-da-silva-junior
2025-05-22 03:43:37,491 - P17320 - INFO - HTML salvo para debug: data\debug_html_v10\0628d427267c62832e70774ba9d08b95.html
2025-05-22 03:43:37,507 - P17320 - INFO - Candidates address: 0 items
2025-05-22 03:43:37,507 - P17320 - INFO - Candidates phone: 0 items
2025-05-22 03:43:37,507 - P17320 - INFO - Candidates email: 0 items
2025-05-22 03:43:37,508 - P17320 - INFO - Candidates complement: 0 items
2025-05-22 03:43:37,508 - P17320 - INFO - Candidates cep: 0 items
2025-05-22 03:43:37,508 - P17320 - INFO - Após processar URL 5 Uso de memória: 127.96 MB
2025-05-22 03:43:37,508 - P17320 - INFO - Processando URL 6/26: https://sistemas.tjes.jus.br/ediario/index.php?option=com_ediario&view=contents&layout=fulltext&data=20180411&idorgao=347
2025-05-22 03:43:43,460 - P17320 - INFO - HTML salvo para debug: data\debug_html_v10\efdef2f4c75f1b1be454cf51ebd18999.html
2025-05-22 03:43:44,241 - P17320 - INFO - Candidates address: 39 items
2025-05-22 03:43:44,241 - P17320 - INFO - Candidates phone: 4 items
2025-05-22 03:43:44,241 - P17320 - INFO - Candidates email: 1 items
2025-05-22 03:43:44,241 - P17320 - INFO - Candidates complement: 1 items
2025-05-22 03:43:44,241 - P17320 - INFO - Candidates cep: 69 items
2025-05-22 03:43:44,242 - P17320 - INFO - Após processar URL 6 Uso de memória: 131.70 MB
2025-05-22 03:43:44,242 - P17320 - INFO - Processando URL 7/26: http://acervo.arquivopublico.sc.gov.br/uploads/r/arquivo-publico-do-estado-de-santa-catarina-apesc/9/c/a/9ca4606d54782b213aefb4a5cad7e128b726214aedf065821c08a1c8aa030aa4/abef9571-33e5-402a-b5f8-7c7c28226be4-14486-DOE_19024_08_02_2011_64F.pdf
2025-05-22 03:43:44,242 - P17320 - INFO - Ignorando URL de arquivo não-HTML: http://acervo.arquivopublico.sc.gov.br/uploads/r/arquivo-publico-do-estado-de-santa-catarina-apesc/9/c/a/9ca4606d54782b213aefb4a5cad7e128b726214aedf065821c08a1c8aa030aa4/abef9571-33e5-402a-b5f8-7c7c28226be4-14486-DOE_19024_08_02_2011_64F.pdf
2025-05-22 03:43:44,242 - P17320 - INFO - Após processar URL 7 Uso de memória: 129.31 MB
2025-05-22 03:43:44,243 - P17320 - INFO - Processando URL 8/26: https://osasco.sp.gov.br/site/wp-content/uploads/2022/02/iomo545.pdf
2025-05-22 03:43:44,243 - P17320 - INFO - Ignorando URL de arquivo não-HTML: https://osasco.sp.gov.br/site/wp-content/uploads/2022/02/iomo545.pdf
2025-05-22 03:43:44,243 - P17320 - INFO - Após processar URL 8 Uso de memória: 129.31 MB
2025-05-22 03:43:44,243 - P17320 - INFO - Processando URL 9/26: https://natal.rn.gov.br/storage/app/media/sms/instrumentosPlanejamento/2_QUADRIMESTRE_2018.pdf
2025-05-22 03:43:44,243 - P17320 - INFO - Ignorando URL de arquivo não-HTML: https://natal.rn.gov.br/storage/app/media/sms/instrumentosPlanejamento/2_QUADRIMESTRE_2018.pdf
2025-05-22 03:43:44,244 - P17320 - INFO - Após processar URL 9 Uso de memória: 129.31 MB
2025-05-22 03:43:44,244 - P17320 - INFO - Processando URL 10/26: https://www.cee.ce.gov.br/wp-content/uploads/sites/49/2015/10/par0506.2015.colgio-so-raimundo.pdf
2025-05-22 03:43:44,244 - P17320 - INFO - Ignorando URL de arquivo não-HTML: https://www.cee.ce.gov.br/wp-content/uploads/sites/49/2015/10/par0506.2015.colgio-so-raimundo.pdf
2025-05-22 03:43:44,244 - P17320 - INFO - Após processar URL 10 Uso de memória: 129.31 MB
2025-05-22 03:43:44,244 - P17320 - INFO - Processando URL 11/26: https://portal.cfm.org.br/busca-medicos
2025-05-22 03:43:48,259 - P17320 - INFO - HTML salvo para debug: data\debug_html_v10\e28ae84aaa177d1328f3a0d1fb68449f.html
2025-05-22 03:43:48,302 - P17320 - INFO - Candidates address: 0 items
2025-05-22 03:43:48,302 - P17320 - INFO - Candidates phone: 0 items
2025-05-22 03:43:48,302 - P17320 - INFO - Candidates email: 1 items
2025-05-22 03:43:48,302 - P17320 - INFO - Candidates complement: 1 items
2025-05-22 03:43:48,303 - P17320 - INFO - Candidates cep: 1 items
2025-05-22 03:43:48,303 - P17320 - INFO - Após processar URL 11 Uso de memória: 129.43 MB
2025-05-22 03:43:48,303 - P17320 - INFO - Processando URL 12/26: https://sistemas.tjes.jus.br/ediario/index.php?option=com_ediario&view=contents&layout=fulltext&data=20220609&idorgao=347
2025-05-22 03:43:52,927 - P17320 - INFO - HTML salvo para debug: data\debug_html_v10\a7c96c322aae4f861993031aec211050.html
2025-05-22 03:43:54,264 - P17320 - INFO - Candidates address: 131 items
2025-05-22 03:43:54,287 - P17320 - INFO - Candidates phone: 6 items
2025-05-22 03:43:54,290 - P17320 - INFO - Candidates email: 7 items
2025-05-22 03:43:54,291 - P17320 - INFO - Candidates complement: 9 items
2025-05-22 03:43:54,294 - P17320 - INFO - Candidates cep: 70 items
2025-05-22 03:43:54,295 - P17320 - INFO - Após processar URL 12 Uso de memória: 133.57 MB
2025-05-22 03:43:54,295 - P17320 - INFO - Processando URL 13/26: https://www.doctoralia.com.br/clinicas/jose-maria-santiago-da-silva-junior
2025-05-22 03:43:54,295 - P17320 - INFO - Ignorando URL de arquivo não-HTML: https://www.doctoralia.com.br/clinicas/jose-maria-santiago-da-silva-junior
2025-05-22 03:43:54,296 - P17320 - INFO - Após processar URL 13 Uso de memória: 129.50 MB
2025-05-22 03:43:54,296 - P17320 - INFO - Processando URL 14/26: https://wwa.tjto.jus.br/diario/diariopublicado/1590.pdf
2025-05-22 03:43:54,296 - P17320 - INFO - Ignorando URL de arquivo não-HTML: https://wwa.tjto.jus.br/diario/diariopublicado/1590.pdf
2025-05-22 03:43:54,297 - P17320 - INFO - Após processar URL 14 Uso de memória: 129.50 MB
2025-05-22 03:43:54,297 - P17320 - INFO - Processando URL 15/26: https://cliniguia.com/profissionais/jose-maria-santiago-da-silva-junior-980016284641805/
2025-05-22 03:43:59,900 - P17320 - INFO - HTML salvo para debug: data\debug_html_v10\d0195a0800809178ad43af482a748535.html
2025-05-22 03:43:59,947 - P17320 - INFO - Candidates address: 0 items
2025-05-22 03:43:59,947 - P17320 - INFO - Candidates phone: 0 items
2025-05-22 03:43:59,948 - P17320 - INFO - Candidates email: 0 items
2025-05-22 03:43:59,948 - P17320 - INFO - Candidates complement: 0 items
2025-05-22 03:43:59,948 - P17320 - INFO - Candidates cep: 0 items
2025-05-22 03:43:59,948 - P17320 - INFO - Após processar URL 15 Uso de memória: 129.66 MB
2025-05-22 03:43:59,948 - P17320 - INFO - Processando URL 16/26: https://www.medicosbrasil.com/profissional/jose-maria-santiago-da-silva-junior
2025-05-22 03:44:02,191 - P17320 - INFO - HTML salvo para debug: data\debug_html_v10\ab419d715706874929c991b596d06a45.html
2025-05-22 03:44:02,193 - P17320 - INFO - Candidates address: 0 items
2025-05-22 03:44:02,193 - P17320 - INFO - Candidates phone: 0 items
2025-05-22 03:44:02,193 - P17320 - INFO - Candidates email: 0 items
2025-05-22 03:44:02,193 - P17320 - INFO - Candidates complement: 0 items
2025-05-22 03:44:02,194 - P17320 - INFO - Candidates cep: 0 items
2025-05-22 03:44:02,194 - P17320 - INFO - Após processar URL 16 Uso de memória: 129.69 MB
2025-05-22 03:44:02,194 - P17320 - INFO - Processando URL 17/26: https://www.consultacrm.com.br/index/medicos/uid-989df215-f5c5-11ec-9e74-0a4aa568c625/josa__maria_santiago_da_silva_ja_nior
2025-05-22 03:44:06,713 - P17320 - INFO - HTML salvo para debug: data\debug_html_v10\cac60c787f750ef9a2aec3f326843282.html
2025-05-22 03:44:06,725 - P17320 - INFO - Candidates address: 0 items
2025-05-22 03:44:06,726 - P17320 - INFO - Candidates phone: 0 items
2025-05-22 03:44:06,726 - P17320 - INFO - Candidates email: 0 items
2025-05-22 03:44:06,727 - P17320 - INFO - Candidates complement: 0 items
2025-05-22 03:44:06,727 - P17320 - INFO - Candidates cep: 0 items
2025-05-22 03:44:06,728 - P17320 - INFO - Após processar URL 17 Uso de memória: 130.63 MB
2025-05-22 03:44:06,728 - P17320 - INFO - Processando URL 18/26: https://www.cee.ce.gov.br/wp-content/uploads/sites/49/2015/10/par0507.2015.colgio-so-raimundo.pdf
2025-05-22 03:44:06,729 - P17320 - INFO - Ignorando URL de arquivo não-HTML: https://www.cee.ce.gov.br/wp-content/uploads/sites/49/2015/10/par0507.2015.colgio-so-raimundo.pdf
2025-05-22 03:44:06,730 - P17320 - INFO - Após processar URL 18 Uso de memória: 129.89 MB
2025-05-22 03:44:06,730 - P17320 - INFO - Processando URL 19/26: http://www.transparencia.mpf.mp.br/conteudo/diarios-e-boletins/diario-oficial-da-uniao-1/2013/dou1_2013_07_04.pdf/at_download/file
2025-05-22 03:44:06,731 - P17320 - INFO - Ignorando URL de arquivo não-HTML: http://www.transparencia.mpf.mp.br/conteudo/diarios-e-boletins/diario-oficial-da-uniao-1/2013/dou1_2013_07_04.pdf/at_download/file
2025-05-22 03:44:06,731 - P17320 - INFO - Após processar URL 19 Uso de memória: 129.89 MB
2025-05-22 03:44:06,732 - P17320 - INFO - Processando URL 20/26: https://www.boaconsulta.com/especialista/jose-maria-santiago-da-silva-junior-6105e552a2e00a693c000b6c
2025-05-22 03:44:09,594 - P17320 - INFO - HTML salvo para debug: data\debug_html_v10\0f8dab9a445bc7cb3bdf18a4291f9a88.html
2025-05-22 03:44:09,672 - P17320 - INFO - Candidates address: 4 items
2025-05-22 03:44:09,673 - P17320 - INFO - Candidates phone: 0 items
2025-05-22 03:44:09,673 - P17320 - INFO - Candidates email: 0 items
2025-05-22 03:44:09,673 - P17320 - INFO - Candidates complement: 0 items
2025-05-22 03:44:09,674 - P17320 - INFO - Candidates cep: 0 items
2025-05-22 03:44:09,674 - P17320 - INFO - Após processar URL 20 Uso de memória: 129.90 MB
2025-05-22 03:44:09,674 - P17320 - INFO - Processando URL 21/26: https://www.catalogo.med.br/doutor/jose-maria-santiago-da-silva-junior-1664982.htm
2025-05-22 03:44:11,837 - P17320 - INFO - HTML salvo para debug: data\debug_html_v10\fc1b4333e5247b7a0eea6d7403e1d909.html
2025-05-22 03:44:11,838 - P17320 - INFO - Candidates address: 0 items
2025-05-22 03:44:11,838 - P17320 - INFO - Candidates phone: 0 items
2025-05-22 03:44:11,838 - P17320 - INFO - Candidates email: 0 items
2025-05-22 03:44:11,838 - P17320 - INFO - Candidates complement: 0 items
2025-05-22 03:44:11,839 - P17320 - INFO - Candidates cep: 0 items
2025-05-22 03:44:11,839 - P17320 - INFO - Após processar URL 21 Uso de memória: 129.90 MB
2025-05-22 03:44:11,839 - P17320 - INFO - Processando URL 22/26: https://www.helpsaude.com/Jose-Maria-Santiago-da-Silva-Junior.CE
2025-05-22 03:44:16,345 - P17320 - INFO - HTML salvo para debug: data\debug_html_v10\fde90be5790ef8878545f7c212eb6b78.html
2025-05-22 03:44:16,361 - P17320 - INFO - Candidates address: 0 items
2025-05-22 03:44:16,363 - P17320 - INFO - Candidates phone: 0 items
2025-05-22 03:44:16,363 - P17320 - INFO - Candidates email: 0 items
2025-05-22 03:44:16,364 - P17320 - INFO - Candidates complement: 0 items
2025-05-22 03:44:16,365 - P17320 - INFO - Candidates cep: 0 items
2025-05-22 03:44:16,366 - P17320 - INFO - Após processar URL 22 Uso de memória: 129.90 MB
2025-05-22 03:44:16,366 - P17320 - INFO - Processando URL 23/26: https://diario.tjes.jus.br/2012/20120427.pdf
2025-05-22 03:44:16,366 - P17320 - INFO - Ignorando URL de arquivo não-HTML: https://diario.tjes.jus.br/2012/20120427.pdf
2025-05-22 03:44:16,366 - P17320 - INFO - Após processar URL 23 Uso de memória: 129.90 MB
2025-05-22 03:44:16,367 - P17320 - INFO - Processando URL 24/26: https://www.altafloresta.mt.gov.br/fotos_noticias_downloads/109.pdf
2025-05-22 03:44:16,367 - P17320 - INFO - Ignorando URL de arquivo não-HTML: https://www.altafloresta.mt.gov.br/fotos_noticias_downloads/109.pdf
2025-05-22 03:44:16,367 - P17320 - INFO - Após processar URL 24 Uso de memória: 129.90 MB
2025-05-22 03:44:16,367 - P17320 - INFO - Processando URL 25/26: https://consultacrm.com.br/
2025-05-22 03:44:18,534 - P17320 - INFO - HTML salvo para debug: data\debug_html_v10\65cadeb91ac3713432c21b535990f440.html
2025-05-22 03:44:18,547 - P17320 - INFO - Candidates address: 0 items
2025-05-22 03:44:18,547 - P17320 - INFO - Candidates phone: 0 items
2025-05-22 03:44:18,547 - P17320 - INFO - Candidates email: 0 items
2025-05-22 03:44:18,548 - P17320 - INFO - Candidates complement: 0 items
2025-05-22 03:44:18,548 - P17320 - INFO - Candidates cep: 0 items
2025-05-22 03:44:18,548 - P17320 - INFO - Após processar URL 25 Uso de memória: 129.90 MB
2025-05-22 03:44:18,548 - P17320 - INFO - Processando URL 26/26: https://www.consultacrm.com.br/index/medicos/uid-989df215-f5c5-11ec-9e74-0a4aa568c625/jos___maria_santiago_da_silva_j__nior
2025-05-22 03:44:23,171 - P17320 - INFO - HTML salvo para debug: data\debug_html_v10\ad02b44afc6cacb033b4fa0fccfd2286.html
2025-05-22 03:44:23,182 - P17320 - INFO - Candidates address: 0 items
2025-05-22 03:44:23,182 - P17320 - INFO - Candidates phone: 0 items
2025-05-22 03:44:23,182 - P17320 - INFO - Candidates email: 0 items
2025-05-22 03:44:23,182 - P17320 - INFO - Candidates complement: 0 items
2025-05-22 03:44:23,182 - P17320 - INFO - Candidates cep: 0 items
2025-05-22 03:44:23,183 - P17320 - INFO - Após processar URL 26 Uso de memória: 129.90 MB
2025-05-22 03:44:23,183 - P17320 - INFO - Iniciando agregação e ranqueamento
2025-05-22 03:44:23,183 - P17320 - INFO - Ranked address: 172 items
2025-05-22 03:44:23,183 - P17320 - INFO - Ranked phone: 10 items
2025-05-22 03:44:23,183 - P17320 - INFO - Ranked email: 9 items
2025-05-22 03:44:23,183 - P17320 - INFO - Ranked complement: 11 items
2025-05-22 03:44:23,183 - P17320 - INFO - Ranked cep: 137 items
2025-05-22 03:44:23,184 - P17320 - INFO - Após agregação Uso de memória: 129.90 MB
2025-05-22 03:44:23,184 - P17320 - INFO - Validando endereço: ['Rua Tenente Mário Francisco Brito, 420', 'Rua Desembargador Homero Mafra, 60', 'R. EURICO DE AGUIAR, 130']
2025-05-22 03:44:23,184 - P17320 - INFO - Endereço validado: Rua Tenente Mário Francisco Brito, 420
2025-05-22 03:44:23,184 - P17320 - INFO - Limpando texto extenso para campo address: Rua Tenente Mário Francisco Brito, 420...
2025-05-22 03:44:23,184 - P17320 - INFO - Texto limpo: Rua Tenente Mário Francisco Brito, 420
2025-05-22 03:44:23,184 - P17320 - INFO - Validando telefone: ['(27)98142-9794', '(27)3395-2000', '(27) 3315-2777']
2025-05-22 03:44:23,185 - P17320 - INFO - Limpando texto extenso para campo phone: (27)98142-9794...
2025-05-22 03:44:23,185 - P17320 - INFO - Texto limpo: 27)98142-9794
2025-05-22 03:44:23,185 - P17320 - INFO - Telefone validado: 27)98142-9794
2025-05-22 03:44:23,185 - P17320 - INFO - Validando email: ['2criminal-vitoria@tjes.jus.br', 'cfm@portalmedico.org.br', 'antenorevangelista@hotmail.com']
2025-05-22 03:44:23,185 - P17320 - INFO - Limpando texto extenso para campo email: 2criminal-vitoria@tjes.jus.br...
2025-05-22 03:44:23,185 - P17320 - INFO - Texto limpo: 2criminal-vitoria@tjes.jus.br
2025-05-22 03:44:23,186 - P17320 - INFO - Email validado: 2criminal-vitoria@tjes.jus.br
2025-05-22 03:44:23,186 - P17320 - INFO - Validando complemento: ['Sala 1804', 'Conjunto D', 'Conjunto TJES/PGE nº 001/2021.   As partes deverão ser adv']
2025-05-22 03:44:23,186 - P17320 - INFO - Limpando texto extenso para campo complement: Sala 1804...
2025-05-22 03:44:23,186 - P17320 - INFO - Texto limpo: Sala 1804
2025-05-22 03:44:23,186 - P17320 - INFO - Complemento validado: Sala 1804
2025-05-22 03:44:23,187 - P17320 - INFO - Descobrindo cidade
2025-05-22 03:44:23,187 - P17320 - INFO - Buscando cidade: Rua Tenente Mário Francisco Brito cidade CE
2025-05-22 03:44:26,317 - P17320 - WARNING - Cidade não encontrada
2025-05-22 03:44:26,317 - P17320 - INFO - Cidade descoberta: 
2025-05-22 03:44:26,317 - P17320 - INFO - Tempo de execução de processamento completo do médico: 64.72 segundos
2025-05-22 03:44:26,318 - P17320 - INFO - Resultado processado: {'Hash': 'ea0baf661eba72f7e23a2df235fd32c642348094773f29bd13530a0b1f858d06', 'CRM': '11721', 'UF': 'CE', 'Firstname': 'JOSÉ', 'LastName': 'MARIA SANTIAGO DA SILVA JÚNIOR', 'Medical specialty': '', 'Endereco Completo A1': 'Rua Tenente Mário Francisco Brito, 420', 'Address A1': 'Rua Tenente Mário Francisco Brito', 'Numero A1': '420', 'Complement A1': 'Sala 1804', 'Bairro A1': '', 'postal code A1': '', 'City A1': '', 'State A1': '', 'Phone A1': '27)98142-9794', 'Phone A2': '', 'Cell phone A1': '', 'Cell phone A2': '', 'E-mail A1': '2criminal-vitoria@tjes.jus.br', 'E-mail A2': '', 'OPT-IN': '', 'STATUS': '', 'LOTE': ''}
2025-05-22 03:44:26,318 - P17320 - INFO - Progresso: 54.0%
2025-05-22 03:44:26,319 - P17320 - INFO - Tempo de execução de processamento do médico 2: 64.72 segundos
2025-05-22 03:44:26,319 - P17320 - INFO - 
==================================================
Processando médico 3/3
2025-05-22 03:44:26,319 - P17320 - INFO - Nome: MÁRCIO DIAS DA COSTA
2025-05-22 03:44:26,319 - P17320 - INFO - Início do processamento Uso de memória: 128.62 MB
2025-05-22 03:44:26,319 - P17320 - INFO - Iniciando busca para: MÁRCIO DIAS DA COSTA CRM 12253 CE telefone e-mail endereço
2025-05-22 03:44:27,123 - P17320 - INFO - SearX results: 15 URLs
2025-05-22 03:44:27,123 - P17320 - INFO - Após SearX Uso de memória: 128.62 MB
2025-05-22 03:44:29,617 - P17320 - INFO - Google results: 3 URLs
2025-05-22 03:44:29,617 - P17320 - INFO - Após Google Uso de memória: 128.62 MB
2025-05-22 03:44:32,189 - P17320 - INFO - Bing results: 10 URLs
2025-05-22 03:44:32,189 - P17320 - INFO - Após Bing Uso de memória: 129.39 MB
2025-05-22 03:44:32,189 - P17320 - INFO - Total de URLs únicas: 20
2025-05-22 03:44:32,190 - P17320 - INFO - Processando URL 1/20: https://www.sinj.df.gov.br/sinj/Diario/b244717f-ee1e-3012-a9a1-d8723ec570b8/DODF%20061%2029-03-2017%20INTEGRA.pdf
2025-05-22 03:44:32,190 - P17320 - INFO - Ignorando URL de arquivo não-HTML: https://www.sinj.df.gov.br/sinj/Diario/b244717f-ee1e-3012-a9a1-d8723ec570b8/DODF%20061%2029-03-2017%20INTEGRA.pdf
2025-05-22 03:44:32,190 - P17320 - INFO - Após processar URL 1 Uso de memória: 129.39 MB
2025-05-22 03:44:32,190 - P17320 - INFO - Processando URL 2/20: https://www.doctoralia.com.br/marcio-dias-da-costa-2/nutrologo/fortaleza
2025-05-22 03:44:32,190 - P17320 - INFO - Ignorando URL de arquivo não-HTML: https://www.doctoralia.com.br/marcio-dias-da-costa-2/nutrologo/fortaleza
2025-05-22 03:44:32,190 - P17320 - INFO - Após processar URL 2 Uso de memória: 129.39 MB
2025-05-22 03:44:32,191 - P17320 - INFO - Processando URL 3/20: http://www.transparencia.mpf.mp.br/conteudo/diarios-e-boletins/diario-eletronico-dmpf-e/2024/DMPF-ADMINISTRATIVO-2024-07-26.pdf
2025-05-22 03:44:32,191 - P17320 - INFO - Ignorando URL de arquivo não-HTML: http://www.transparencia.mpf.mp.br/conteudo/diarios-e-boletins/diario-eletronico-dmpf-e/2024/DMPF-ADMINISTRATIVO-2024-07-26.pdf
2025-05-22 03:44:32,192 - P17320 - INFO - Após processar URL 3 Uso de memória: 129.39 MB
2025-05-22 03:44:32,192 - P17320 - INFO - Processando URL 4/20: https://www.boaconsulta.com/especialista/marcio-dias-da-costa-61060045a2e00a7597001698
2025-05-22 03:44:35,156 - P17320 - INFO - HTML salvo para debug: data\debug_html_v10\be739c730e26a1fe3729b40178b0062c.html
2025-05-22 03:44:35,221 - P17320 - INFO - Candidates address: 1 items
2025-05-22 03:44:35,221 - P17320 - INFO - Candidates phone: 0 items
2025-05-22 03:44:35,221 - P17320 - INFO - Candidates email: 0 items
2025-05-22 03:44:35,221 - P17320 - INFO - Candidates complement: 0 items
2025-05-22 03:44:35,222 - P17320 - INFO - Candidates cep: 0 items
2025-05-22 03:44:35,222 - P17320 - INFO - Após processar URL 4 Uso de memória: 130.13 MB
2025-05-22 03:44:35,222 - P17320 - INFO - Processando URL 5/20: https://www.helpsaude.com/Marcio-Dias-da-Costa.CE
2025-05-22 03:44:39,599 - P17320 - INFO - HTML salvo para debug: data\debug_html_v10\11ee8d792b77a87d513df5bb59888dce.html
2025-05-22 03:44:39,610 - P17320 - INFO - Candidates address: 0 items
2025-05-22 03:44:39,610 - P17320 - INFO - Candidates phone: 0 items
2025-05-22 03:44:39,610 - P17320 - INFO - Candidates email: 0 items
2025-05-22 03:44:39,611 - P17320 - INFO - Candidates complement: 0 items
2025-05-22 03:44:39,611 - P17320 - INFO - Candidates cep: 0 items
2025-05-22 03:44:39,611 - P17320 - INFO - Após processar URL 5 Uso de memória: 129.41 MB
2025-05-22 03:44:39,611 - P17320 - INFO - Processando URL 6/20: https://servicos.sjc.sp.gov.br/governo/boletim/boletimPDF/2021032620292287f0da4d-56f3-46ac-9b59-13d662a26db8.pdf
2025-05-22 03:44:39,611 - P17320 - INFO - Ignorando URL de arquivo não-HTML: https://servicos.sjc.sp.gov.br/governo/boletim/boletimPDF/2021032620292287f0da4d-56f3-46ac-9b59-13d662a26db8.pdf
2025-05-22 03:44:39,611 - P17320 - INFO - Após processar URL 6 Uso de memória: 129.41 MB
2025-05-22 03:44:39,612 - P17320 - INFO - Processando URL 7/20: https://portal.ifsuldeminas.edu.br/images/PDFs/Conselho_Superior_/resolucoes/2018/101a115/110.2018.pdf
2025-05-22 03:44:39,612 - P17320 - INFO - Ignorando URL de arquivo não-HTML: https://portal.ifsuldeminas.edu.br/images/PDFs/Conselho_Superior_/resolucoes/2018/101a115/110.2018.pdf
2025-05-22 03:44:39,612 - P17320 - INFO - Após processar URL 7 Uso de memória: 129.41 MB
2025-05-22 03:44:39,612 - P17320 - INFO - Processando URL 8/20: https://cremec.org.br/busca-medicos
2025-05-22 03:44:43,934 - P17320 - INFO - HTML salvo para debug: data\debug_html_v10\3c9ece8b802bc598dd007727d971a7d5.html
2025-05-22 03:44:43,974 - P17320 - INFO - Candidates address: 1 items
2025-05-22 03:44:43,974 - P17320 - INFO - Candidates phone: 1 items
2025-05-22 03:44:43,974 - P17320 - INFO - Candidates email: 1 items
2025-05-22 03:44:43,974 - P17320 - INFO - Candidates complement: 0 items
2025-05-22 03:44:43,975 - P17320 - INFO - Candidates cep: 1 items
2025-05-22 03:44:43,975 - P17320 - INFO - Após processar URL 8 Uso de memória: 129.42 MB
2025-05-22 03:44:43,975 - P17320 - INFO - Processando URL 9/20: https://www.catalogo.med.br/doutor/marcio-dias-da-costa-1731132.htm
2025-05-22 03:44:46,076 - P17320 - INFO - HTML salvo para debug: data\debug_html_v10\33a451e27426735db31997794dcc84b6.html
2025-05-22 03:44:46,077 - P17320 - INFO - Candidates address: 0 items
2025-05-22 03:44:46,077 - P17320 - INFO - Candidates phone: 0 items
2025-05-22 03:44:46,077 - P17320 - INFO - Candidates email: 0 items
2025-05-22 03:44:46,077 - P17320 - INFO - Candidates complement: 0 items
2025-05-22 03:44:46,077 - P17320 - INFO - Candidates cep: 0 items
2025-05-22 03:44:46,078 - P17320 - INFO - Após processar URL 9 Uso de memória: 129.42 MB
2025-05-22 03:44:46,078 - P17320 - INFO - Processando URL 10/20: https://caxias.agenciaplus.com.br/DOM/DOM20211117.pdf
2025-05-22 03:44:46,078 - P17320 - INFO - Ignorando URL de arquivo não-HTML: https://caxias.agenciaplus.com.br/DOM/DOM20211117.pdf
2025-05-22 03:44:46,078 - P17320 - INFO - Após processar URL 10 Uso de memória: 129.42 MB
2025-05-22 03:44:46,078 - P17320 - INFO - Processando URL 11/20: https://www.consultasocio.com/q/sa/marcio-dias-da-costa
2025-05-22 03:44:51,502 - P17320 - INFO - HTML salvo para debug: data\debug_html_v10\fd6cf5e6e0864297fb21ec65582925e1.html
2025-05-22 03:44:51,514 - P17320 - INFO - Candidates address: 5 items
2025-05-22 03:44:51,515 - P17320 - INFO - Candidates phone: 0 items
2025-05-22 03:44:51,515 - P17320 - INFO - Candidates email: 2 items
2025-05-22 03:44:51,515 - P17320 - INFO - Candidates complement: 0 items
2025-05-22 03:44:51,516 - P17320 - INFO - Candidates cep: 12 items
2025-05-22 03:44:51,516 - P17320 - INFO - Após processar URL 11 Uso de memória: 129.42 MB
2025-05-22 03:44:51,516 - P17320 - INFO - Processando URL 12/20: https://www.medicosbrasil.com/profissional/marcio-dias-da-costa
2025-05-22 03:44:53,681 - P17320 - INFO - HTML salvo para debug: data\debug_html_v10\b782a29ab9525d9d2e4138630ff040ca.html
2025-05-22 03:44:53,683 - P17320 - INFO - Candidates address: 0 items
2025-05-22 03:44:53,683 - P17320 - INFO - Candidates phone: 0 items
2025-05-22 03:44:53,683 - P17320 - INFO - Candidates email: 0 items
2025-05-22 03:44:53,684 - P17320 - INFO - Candidates complement: 0 items
2025-05-22 03:44:53,684 - P17320 - INFO - Candidates cep: 0 items
2025-05-22 03:44:53,684 - P17320 - INFO - Após processar URL 12 Uso de memória: 129.42 MB
2025-05-22 03:44:53,684 - P17320 - INFO - Processando URL 13/20: https://sistemas.trf1.jus.br/edj/bitstream/handle/123/293820/Caderno_JUD_DF_2017-11-21_IX_212.pdf?sequence=1&isAllowed=y
2025-05-22 03:44:53,684 - P17320 - INFO - Ignorando URL de arquivo não-HTML: https://sistemas.trf1.jus.br/edj/bitstream/handle/123/293820/Caderno_JUD_DF_2017-11-21_IX_212.pdf?sequence=1&isAllowed=y
2025-05-22 03:44:53,684 - P17320 - INFO - Após processar URL 13 Uso de memória: 129.42 MB
2025-05-22 03:44:53,685 - P17320 - INFO - Processando URL 14/20: https://www.tjdft.jus.br/transparencia/licitacoes-contratos-e-instrumentos-de-cooperacao/licitacoes-1/licitacoes-da-vij/arquivos/sei_0010922_2021_comprimido-pagina_parte3-03.pdf
2025-05-22 03:44:53,685 - P17320 - INFO - Ignorando URL de arquivo não-HTML: https://www.tjdft.jus.br/transparencia/licitacoes-contratos-e-instrumentos-de-cooperacao/licitacoes-1/licitacoes-da-vij/arquivos/sei_0010922_2021_comprimido-pagina_parte3-03.pdf
2025-05-22 03:44:53,685 - P17320 - INFO - Após processar URL 14 Uso de memória: 129.42 MB
2025-05-22 03:44:53,685 - P17320 - INFO - Processando URL 15/20: https://esaj.tjce.jus.br/cdje/downloadCaderno.do?dtDiario=27/07/2011&cdCaderno=1
2025-05-22 03:44:56,328 - P17320 - INFO - HTML salvo para debug: data\debug_html_v10\1aba5577f7def75e93f5feb10865a2eb.html
2025-05-22 03:44:56,330 - P17320 - INFO - Candidates address: 0 items
2025-05-22 03:44:56,330 - P17320 - INFO - Candidates phone: 0 items
2025-05-22 03:44:56,330 - P17320 - INFO - Candidates email: 0 items
2025-05-22 03:44:56,330 - P17320 - INFO - Candidates complement: 0 items
2025-05-22 03:44:56,331 - P17320 - INFO - Candidates cep: 0 items
2025-05-22 03:44:56,331 - P17320 - INFO - Após processar URL 15 Uso de memória: 129.42 MB
2025-05-22 03:44:56,331 - P17320 - INFO - Processando URL 16/20: https://www.consultacrm.com.br/index/medicos/uid-90b56aa4-f5c5-11ec-9e74-0a4aa568c625/m__rcio_dias_da_costa
2025-05-22 03:45:00,321 - P17320 - INFO - HTML salvo para debug: data\debug_html_v10\20ebc51a7bb1fc85fd480029dcb6b1c6.html
2025-05-22 03:45:00,331 - P17320 - INFO - Candidates address: 0 items
2025-05-22 03:45:00,331 - P17320 - INFO - Candidates phone: 0 items
2025-05-22 03:45:00,331 - P17320 - INFO - Candidates email: 0 items
2025-05-22 03:45:00,331 - P17320 - INFO - Candidates complement: 0 items
2025-05-22 03:45:00,331 - P17320 - INFO - Candidates cep: 0 items
2025-05-22 03:45:00,331 - P17320 - INFO - Após processar URL 16 Uso de memória: 129.42 MB
2025-05-22 03:45:00,332 - P17320 - INFO - Processando URL 17/20: https://sistemas.tjes.jus.br/ediario/index.php?option=com_ediario&view=contents&layout=fulltext&data=20190214&idorgao=347
2025-05-22 03:45:05,634 - P17320 - INFO - HTML salvo para debug: data\debug_html_v10\7eaa8006d2b13fa1f01f8a5755012e00.html
2025-05-22 03:45:06,666 - P17320 - INFO - Candidates address: 71 items
2025-05-22 03:45:06,666 - P17320 - INFO - Candidates phone: 5 items
2025-05-22 03:45:06,666 - P17320 - INFO - Candidates email: 4 items
2025-05-22 03:45:06,666 - P17320 - INFO - Candidates complement: 5 items
2025-05-22 03:45:06,666 - P17320 - INFO - Candidates cep: 42 items
2025-05-22 03:45:06,667 - P17320 - INFO - Após processar URL 17 Uso de memória: 132.25 MB
2025-05-22 03:45:06,667 - P17320 - INFO - Processando URL 18/20: https://www.doctoralia.com.br/servicos-de-tratamento/consulta-nutrologia/fortaleza
2025-05-22 03:45:06,667 - P17320 - INFO - Ignorando URL de arquivo não-HTML: https://www.doctoralia.com.br/servicos-de-tratamento/consulta-nutrologia/fortaleza
2025-05-22 03:45:06,667 - P17320 - INFO - Após processar URL 18 Uso de memória: 129.43 MB
2025-05-22 03:45:06,667 - P17320 - INFO - Processando URL 19/20: https://www6.oab.org.br/decisoes/informativo/BI%20267%20agosto.pdf
2025-05-22 03:45:06,667 - P17320 - INFO - Ignorando URL de arquivo não-HTML: https://www6.oab.org.br/decisoes/informativo/BI%20267%20agosto.pdf
2025-05-22 03:45:06,668 - P17320 - INFO - Após processar URL 19 Uso de memória: 129.43 MB
2025-05-22 03:45:06,668 - P17320 - INFO - Processando URL 20/20: https://consultacrm.com.br/
2025-05-22 03:45:10,236 - P17320 - INFO - HTML salvo para debug: data\debug_html_v10\65cadeb91ac3713432c21b535990f440.html
2025-05-22 03:45:10,248 - P17320 - INFO - Candidates address: 0 items
2025-05-22 03:45:10,248 - P17320 - INFO - Candidates phone: 0 items
2025-05-22 03:45:10,248 - P17320 - INFO - Candidates email: 0 items
2025-05-22 03:45:10,249 - P17320 - INFO - Candidates complement: 0 items
2025-05-22 03:45:10,249 - P17320 - INFO - Candidates cep: 0 items
2025-05-22 03:45:10,249 - P17320 - INFO - Após processar URL 20 Uso de memória: 129.43 MB
2025-05-22 03:45:10,249 - P17320 - INFO - Iniciando agregação e ranqueamento
2025-05-22 03:45:10,249 - P17320 - INFO - Ranked address: 78 items
2025-05-22 03:45:10,250 - P17320 - INFO - Ranked phone: 6 items
2025-05-22 03:45:10,250 - P17320 - INFO - Ranked email: 7 items
2025-05-22 03:45:10,250 - P17320 - INFO - Ranked complement: 5 items
2025-05-22 03:45:10,250 - P17320 - INFO - Ranked cep: 55 items
2025-05-22 03:45:10,250 - P17320 - INFO - Após agregação Uso de memória: 129.43 MB
2025-05-22 03:45:10,251 - P17320 - INFO - Validando endereço: ['Rua Professor Dias Da Rocha, 1530', 'Av. Antônio Sales, 485', 'Rua Doutor Jose Lourenco, 590']
2025-05-22 03:45:10,251 - P17320 - INFO - Endereço validado: Rua Professor Dias Da Rocha, 1530
2025-05-22 03:45:10,251 - P17320 - INFO - Limpando texto extenso para campo address: Rua Professor Dias Da Rocha, 1530...
2025-05-22 03:45:10,251 - P17320 - INFO - Texto limpo: Rua Professor Dias Da Rocha, 1530
2025-05-22 03:45:10,251 - P17320 - INFO - Validando telefone: ['(85) 3198-3700', '(27)3395-2000', '(27) 3357-4524']
2025-05-22 03:45:10,252 - P17320 - INFO - Limpando texto extenso para campo phone: (85) 3198-3700...
2025-05-22 03:45:10,252 - P17320 - INFO - Texto limpo: 85) 3198-3700
2025-05-22 03:45:10,252 - P17320 - INFO - Telefone validado: 85) 3198-3700
2025-05-22 03:45:10,252 - P17320 - INFO - Validando email: ['cremec@cremec.org.br', 'SEMIRAMISGOEBEL@GMAIL.COM', 'NCN1072@HOTMAIL.COM']
2025-05-22 03:45:10,252 - P17320 - INFO - Limpando texto extenso para campo email: cremec@cremec.org.br...
2025-05-22 03:45:10,252 - P17320 - INFO - Texto limpo: cremec@cremec.org.br
2025-05-22 03:45:10,252 - P17320 - INFO - Email validado: cremec@cremec.org.br
2025-05-22 03:45:10,253 - P17320 - INFO - Validando complemento: ['Conjunto Portarias Assessoria Especial - Juiz Auxiliar Ato', 'Sala de Reunião', 'Aptº601']
2025-05-22 03:45:10,253 - P17320 - INFO - Limpando texto extenso para campo complement: Conjunto Portarias Assessoria Especial - Juiz Auxi...
2025-05-22 03:45:10,253 - P17320 - INFO - Texto limpo: Conjunto Portarias Assessoria
2025-05-22 03:45:10,253 - P17320 - INFO - Complemento validado: Conjunto Portarias Assessoria
2025-05-22 03:45:10,253 - P17320 - INFO - Descobrindo cidade
2025-05-22 03:45:10,253 - P17320 - INFO - Buscando cidade: Rua Professor Dias Da Rocha cidade CE
2025-05-22 03:45:12,853 - P17320 - WARNING - Cidade não encontrada
2025-05-22 03:45:12,854 - P17320 - INFO - Cidade descoberta: 
2025-05-22 03:45:12,854 - P17320 - INFO - Tempo de execução de processamento completo do médico: 46.53 segundos
2025-05-22 03:45:12,854 - P17320 - INFO - Resultado processado: {'Hash': 'd476063f24954045da7c60392ac6682dcf6273dabfb414234af3dcc675e41c6c', 'CRM': '12253', 'UF': 'CE', 'Firstname': 'MÁRCIO', 'LastName': 'DIAS DA COSTA', 'Medical specialty': '', 'Endereco Completo A1': 'Rua Professor Dias Da Rocha, 1530', 'Address A1': 'Rua Professor Dias Da Rocha', 'Numero A1': '1530', 'Complement A1': 'Conjunto Portarias Assessoria', 'Bairro A1': '', 'postal code A1': '', 'City A1': '', 'State A1': '', 'Phone A1': '85) 3198-3700', 'Phone A2': '', 'Cell phone A1': '', 'Cell phone A2': '', 'E-mail A1': 'cremec@cremec.org.br', 'E-mail A2': '', 'OPT-IN': '', 'STATUS': '', 'LOTE': ''}
2025-05-22 03:45:12,854 - P17320 - INFO - Salvando lote de resultados
2025-05-22 03:45:12,855 - P17320 - INFO - Após salvar resultados Uso de memória: 128.70 MB
2025-05-22 03:45:12,855 - P17320 - INFO - Progresso: 54.2%
2025-05-22 03:45:12,856 - P17320 - INFO - Tempo de execução de processamento do médico 3: 46.54 segundos
2025-05-22 03:45:12,856 - P17320 - INFO - Tempo de execução de processamento do lote completo: 175.61 segundos
