2025-05-22 02:12:30,095 - P14756 - INFO - 
==================================================
Processando médico 1/3
2025-05-22 02:12:30,096 - P14756 - INFO - Nome: JESSICA DA COSTA DE OLIVEIRA BRITO
2025-05-22 02:12:30,096 - P14756 - INFO - Reiniciando driver do Chrome
2025-05-22 02:12:31,548 - P14756 - INFO - Após reiniciar driver Uso de memória: 107.95 MB
2025-05-22 02:12:31,548 - P14756 - INFO - Início do processamento Uso de memória: 107.95 MB
2025-05-22 02:12:31,549 - P14756 - INFO - Iniciando busca para: JESSICA DA COSTA DE OLIVEIRA BRITO CRM 8391 PI telefone e-mail endereço
2025-05-22 02:12:32,142 - P14756 - INFO - SearX results: 9 URLs
2025-05-22 02:12:32,143 - P14756 - INFO - Após SearX Uso de memória: 107.95 MB
2025-05-22 02:12:35,204 - P14756 - INFO - Google results: 9 URLs
2025-05-22 02:12:35,204 - P14756 - INFO - Após Google Uso de memória: 111.59 MB
2025-05-22 02:12:37,786 - P14756 - INFO - Bing results: 13 URLs
2025-05-22 02:12:37,786 - P14756 - INFO - Após Bing Uso de memória: 113.01 MB
2025-05-22 02:12:37,786 - P14756 - INFO - Total de URLs únicas: 26
2025-05-22 02:12:37,786 - P14756 - INFO - Processando URL 1/26: https://diariooficial.santos.sp.gov.br/edicoes/inicio/download/2018-05-07
2025-05-22 02:12:39,920 - P14756 - INFO - HTML salvo para debug: data\debug_html_v10\9c44e8a232485a4d562d4c22a1dfa334.html
2025-05-22 02:12:39,921 - P14756 - INFO - Candidates address: 0 items
2025-05-22 02:12:39,921 - P14756 - INFO - Candidates phone: 0 items
2025-05-22 02:12:39,921 - P14756 - INFO - Candidates email: 0 items
2025-05-22 02:12:39,921 - P14756 - INFO - Candidates complement: 0 items
2025-05-22 02:12:39,921 - P14756 - INFO - Candidates cep: 0 items
2025-05-22 02:12:39,922 - P14756 - INFO - Após processar URL 1 Uso de memória: 113.01 MB
2025-05-22 02:12:39,922 - P14756 - INFO - Processando URL 2/26: https://www2.bauru.sp.gov.br/arquivos/sist_diariooficial/2024/02/do_20240229_3810.pdf
2025-05-22 02:12:39,922 - P14756 - INFO - Ignorando URL de arquivo não-HTML: https://www2.bauru.sp.gov.br/arquivos/sist_diariooficial/2024/02/do_20240229_3810.pdf
2025-05-22 02:12:39,922 - P14756 - INFO - Após processar URL 2 Uso de memória: 113.01 MB
2025-05-22 02:12:39,923 - P14756 - INFO - Processando URL 3/26: https://osasco.sp.gov.br/site/wp-content/uploads/2022/02/iomo696.pdf
2025-05-22 02:12:39,923 - P14756 - INFO - Ignorando URL de arquivo não-HTML: https://osasco.sp.gov.br/site/wp-content/uploads/2022/02/iomo696.pdf
2025-05-22 02:12:39,923 - P14756 - INFO - Após processar URL 3 Uso de memória: 113.01 MB
2025-05-22 02:12:39,923 - P14756 - INFO - Processando URL 4/26: https://auniao.pb.gov.br/servicos/doe/2023/janeiro/diario-oficial-27-01-2023.pdf
2025-05-22 02:12:39,923 - P14756 - INFO - Ignorando URL de arquivo não-HTML: https://auniao.pb.gov.br/servicos/doe/2023/janeiro/diario-oficial-27-01-2023.pdf
2025-05-22 02:12:39,924 - P14756 - INFO - Após processar URL 4 Uso de memória: 113.01 MB
2025-05-22 02:12:39,924 - P14756 - INFO - Processando URL 5/26: https://www.escavador.com/sobre/2307773/jessica-da-costa-de-oliveira
2025-05-22 02:12:47,118 - P14756 - INFO - HTML salvo para debug: data\debug_html_v10\9ac48a04cbe75f95f62d70f3525553e7.html
2025-05-22 02:12:47,145 - P14756 - INFO - Candidates address: 0 items
2025-05-22 02:12:47,145 - P14756 - INFO - Candidates phone: 0 items
2025-05-22 02:12:47,145 - P14756 - INFO - Candidates email: 0 items
2025-05-22 02:12:47,146 - P14756 - INFO - Candidates complement: 0 items
2025-05-22 02:12:47,146 - P14756 - INFO - Candidates cep: 0 items
2025-05-22 02:12:47,146 - P14756 - INFO - Após processar URL 5 Uso de memória: 114.51 MB
2025-05-22 02:12:47,146 - P14756 - INFO - Processando URL 6/26: https://www.transparencia.crmpi.org.br/
2025-05-22 02:13:12,377 - P14756 - INFO - HTML salvo para debug: data\debug_html_v10\33665417f28c8d8686e4db1d6ff4e53f.html
2025-05-22 02:13:12,395 - P14756 - INFO - Candidates address: 1 items
2025-05-22 02:13:12,395 - P14756 - INFO - Candidates phone: 0 items
2025-05-22 02:13:12,395 - P14756 - INFO - Candidates email: 1 items
2025-05-22 02:13:12,396 - P14756 - INFO - Candidates complement: 0 items
2025-05-22 02:13:12,396 - P14756 - INFO - Candidates cep: 1 items
2025-05-22 02:13:12,396 - P14756 - INFO - Após processar URL 6 Uso de memória: 114.59 MB
2025-05-22 02:13:12,396 - P14756 - INFO - Processando URL 7/26: https://www.medicosbrasil.com/profissional/jessica-da-costa-de-oliveira
2025-05-22 02:13:15,940 - P14756 - INFO - HTML salvo para debug: data\debug_html_v10\4657fb18421400c65252f01aaf06a2ff.html
2025-05-22 02:13:15,968 - P14756 - INFO - Candidates address: 0 items
2025-05-22 02:13:15,968 - P14756 - INFO - Candidates phone: 0 items
2025-05-22 02:13:15,969 - P14756 - INFO - Candidates email: 0 items
2025-05-22 02:13:15,969 - P14756 - INFO - Candidates complement: 0 items
2025-05-22 02:13:15,969 - P14756 - INFO - Candidates cep: 0 items
2025-05-22 02:13:15,969 - P14756 - INFO - Após processar URL 7 Uso de memória: 115.00 MB
2025-05-22 02:13:15,969 - P14756 - INFO - Processando URL 8/26: http://obitos.crmpi.org.br/
2025-05-22 02:13:20,079 - P14756 - INFO - HTML salvo para debug: data\debug_html_v10\c3c46545b25e37cd3825441617fd9835.html
2025-05-22 02:13:20,104 - P14756 - INFO - Candidates address: 1 items
2025-05-22 02:13:20,104 - P14756 - INFO - Candidates phone: 3 items
2025-05-22 02:13:20,104 - P14756 - INFO - Candidates email: 3 items
2025-05-22 02:13:20,105 - P14756 - INFO - Candidates complement: 0 items
2025-05-22 02:13:20,105 - P14756 - INFO - Candidates cep: 2 items
2025-05-22 02:13:20,105 - P14756 - INFO - Após processar URL 8 Uso de memória: 115.29 MB
2025-05-22 02:13:20,105 - P14756 - INFO - Processando URL 9/26: https://www.bertioga.sp.gov.br/wp/wp-content/uploads/2023/12/BOM_1143-compressed.pdf
2025-05-22 02:13:20,105 - P14756 - INFO - Ignorando URL de arquivo não-HTML: https://www.bertioga.sp.gov.br/wp/wp-content/uploads/2023/12/BOM_1143-compressed.pdf
2025-05-22 02:13:20,105 - P14756 - INFO - Após processar URL 9 Uso de memória: 115.29 MB
2025-05-22 02:13:20,106 - P14756 - INFO - Processando URL 10/26: https://www.consultacrm.com.br/index/medicos
2025-05-22 02:13:24,465 - P14756 - INFO - HTML salvo para debug: data\debug_html_v10\5160f80a456559a14416b9aff425fbda.html
2025-05-22 02:13:24,481 - P14756 - INFO - Candidates address: 0 items
2025-05-22 02:13:24,481 - P14756 - INFO - Candidates phone: 0 items
2025-05-22 02:13:24,482 - P14756 - INFO - Candidates email: 0 items
2025-05-22 02:13:24,482 - P14756 - INFO - Candidates complement: 0 items
2025-05-22 02:13:24,482 - P14756 - INFO - Candidates cep: 0 items
2025-05-22 02:13:24,482 - P14756 - INFO - Após processar URL 10 Uso de memória: 110.72 MB
2025-05-22 02:13:24,482 - P14756 - INFO - Processando URL 11/26: https://deoab.oab.org.br/assets/diarios/diario-eletronico-oab-07-12-2023.pdf?p=1701975600031
2025-05-22 02:13:24,482 - P14756 - INFO - Ignorando URL de arquivo não-HTML: https://deoab.oab.org.br/assets/diarios/diario-eletronico-oab-07-12-2023.pdf?p=1701975600031
2025-05-22 02:13:24,482 - P14756 - INFO - Após processar URL 11 Uso de memória: 110.72 MB
2025-05-22 02:13:24,483 - P14756 - INFO - Processando URL 12/26: https://www.portaltransparencia.gov.br/pessoa-fisica/busca/lista
2025-05-22 02:13:28,017 - P14756 - INFO - HTML salvo para debug: data\debug_html_v10\e200cdf64b71d4c9248718dd155b3edb.html
2025-05-22 02:13:28,060 - P14756 - INFO - Candidates address: 0 items
2025-05-22 02:13:28,060 - P14756 - INFO - Candidates phone: 0 items
2025-05-22 02:13:28,060 - P14756 - INFO - Candidates email: 0 items
2025-05-22 02:13:28,061 - P14756 - INFO - Candidates complement: 0 items
2025-05-22 02:13:28,061 - P14756 - INFO - Candidates cep: 0 items
2025-05-22 02:13:28,061 - P14756 - INFO - Após processar URL 12 Uso de memória: 111.27 MB
2025-05-22 02:13:28,061 - P14756 - INFO - Processando URL 13/26: https://cliniafagu.com.br/endocrinologista/
2025-05-22 02:13:32,838 - P14756 - INFO - HTML salvo para debug: data\debug_html_v10\4aa4c5d12b1a16e63714af82c9e3176a.html
2025-05-22 02:13:32,851 - P14756 - INFO - Candidates address: 8 items
2025-05-22 02:13:32,852 - P14756 - INFO - Candidates phone: 14 items
2025-05-22 02:13:32,852 - P14756 - INFO - Candidates email: 0 items
2025-05-22 02:13:32,852 - P14756 - INFO - Candidates complement: 0 items
2025-05-22 02:13:32,852 - P14756 - INFO - Candidates cep: 0 items
2025-05-22 02:13:32,852 - P14756 - INFO - Após processar URL 13 Uso de memória: 111.76 MB
2025-05-22 02:13:32,852 - P14756 - INFO - Processando URL 14/26: https://www.tjpi.jus.br/diarioeletronico/public/dj170126_8136.pdf
2025-05-22 02:13:32,853 - P14756 - INFO - Ignorando URL de arquivo não-HTML: https://www.tjpi.jus.br/diarioeletronico/public/dj170126_8136.pdf
2025-05-22 02:13:32,853 - P14756 - INFO - Após processar URL 14 Uso de memória: 111.76 MB
2025-05-22 02:13:32,853 - P14756 - INFO - Processando URL 15/26: https://crmpi.org.br/busca-medicos
2025-05-22 02:13:36,658 - P14756 - INFO - HTML salvo para debug: data\debug_html_v10\00353e7e60623b9c6fdbcf6e4e78a3d6.html
2025-05-22 02:13:36,695 - P14756 - INFO - Candidates address: 0 items
2025-05-22 02:13:36,695 - P14756 - INFO - Candidates phone: 0 items
2025-05-22 02:13:36,695 - P14756 - INFO - Candidates email: 1 items
2025-05-22 02:13:36,695 - P14756 - INFO - Candidates complement: 0 items
2025-05-22 02:13:36,696 - P14756 - INFO - Candidates cep: 1 items
2025-05-22 02:13:36,696 - P14756 - INFO - Após processar URL 15 Uso de memória: 113.09 MB
2025-05-22 02:13:36,696 - P14756 - INFO - Processando URL 16/26: https://diariooficial.guarulhos.sp.gov.br/uploads/pdf/2016071342.pdf
2025-05-22 02:13:36,696 - P14756 - INFO - Ignorando URL de arquivo não-HTML: https://diariooficial.guarulhos.sp.gov.br/uploads/pdf/2016071342.pdf
2025-05-22 02:13:36,696 - P14756 - INFO - Após processar URL 16 Uso de memória: 113.09 MB
2025-05-22 02:13:36,697 - P14756 - INFO - Processando URL 17/26: https://www.boaconsulta.com/especialista/jessica-da-costa-de-oliveira-6105e3f8a2e00a670f0011d0?agendaId=6105e3f8a2e00a670f0011d1
2025-05-22 02:13:40,046 - P14756 - INFO - HTML salvo para debug: data\debug_html_v10\41b9101d47220d31cb0ffbce6f6e7593.html
2025-05-22 02:13:40,135 - P14756 - INFO - Candidates address: 4 items
2025-05-22 02:13:40,135 - P14756 - INFO - Candidates phone: 0 items
2025-05-22 02:13:40,135 - P14756 - INFO - Candidates email: 0 items
2025-05-22 02:13:40,136 - P14756 - INFO - Candidates complement: 0 items
2025-05-22 02:13:40,136 - P14756 - INFO - Candidates cep: 0 items
2025-05-22 02:13:40,136 - P14756 - INFO - Após processar URL 17 Uso de memória: 115.83 MB
2025-05-22 02:13:40,136 - P14756 - INFO - Processando URL 18/26: https://cliniguia.com/profissionais/jessica-da-costa-de-oliveira-980016289861862/
2025-05-22 02:13:45,375 - P14756 - INFO - HTML salvo para debug: data\debug_html_v10\1a217910891bb2418e2a9039ac5d17b7.html
2025-05-22 02:13:45,426 - P14756 - INFO - Candidates address: 0 items
2025-05-22 02:13:45,429 - P14756 - INFO - Candidates phone: 0 items
2025-05-22 02:13:45,430 - P14756 - INFO - Candidates email: 0 items
2025-05-22 02:13:45,431 - P14756 - INFO - Candidates complement: 0 items
2025-05-22 02:13:45,433 - P14756 - INFO - Candidates cep: 0 items
2025-05-22 02:13:45,446 - P14756 - INFO - Após processar URL 18 Uso de memória: 114.98 MB
2025-05-22 02:13:45,447 - P14756 - INFO - Processando URL 19/26: https://imprensaoficial.jundiai.sp.gov.br/wp-content/uploads/2018/01/EDI%C3%87%C3%83O-4354-10-01-2018-ASSINADO.pdf
2025-05-22 02:13:45,448 - P14756 - INFO - Ignorando URL de arquivo não-HTML: https://imprensaoficial.jundiai.sp.gov.br/wp-content/uploads/2018/01/EDI%C3%87%C3%83O-4354-10-01-2018-ASSINADO.pdf
2025-05-22 02:13:45,454 - P14756 - INFO - Após processar URL 19 Uso de memória: 114.98 MB
2025-05-22 02:13:45,455 - P14756 - INFO - Processando URL 20/26: https://www.achecerto.com.br/
2025-05-22 02:13:51,244 - P14756 - INFO - HTML salvo para debug: data\debug_html_v10\ceb96e5663cace6f7b35fee1716d7561.html
2025-05-22 02:13:51,262 - P14756 - INFO - Candidates address: 1 items
2025-05-22 02:13:51,263 - P14756 - INFO - Candidates phone: 0 items
2025-05-22 02:13:51,264 - P14756 - INFO - Candidates email: 1 items
2025-05-22 02:13:51,264 - P14756 - INFO - Candidates complement: 0 items
2025-05-22 02:13:51,264 - P14756 - INFO - Candidates cep: 0 items
2025-05-22 02:13:51,265 - P14756 - INFO - Após processar URL 20 Uso de memória: 115.18 MB
2025-05-22 02:13:51,265 - P14756 - INFO - Processando URL 21/26: https://crmpi.org.br/telefones-institucionais
2025-05-22 02:13:54,244 - P14756 - INFO - HTML salvo para debug: data\debug_html_v10\913b2743b8971a6702b7b6e74cd37dab.html
2025-05-22 02:13:54,269 - P14756 - INFO - Candidates address: 0 items
2025-05-22 02:13:54,269 - P14756 - INFO - Candidates phone: 11 items
2025-05-22 02:13:54,269 - P14756 - INFO - Candidates email: 1 items
2025-05-22 02:13:54,269 - P14756 - INFO - Candidates complement: 0 items
2025-05-22 02:13:54,270 - P14756 - INFO - Candidates cep: 1 items
2025-05-22 02:13:54,270 - P14756 - INFO - Após processar URL 21 Uso de memória: 115.34 MB
2025-05-22 02:13:54,270 - P14756 - INFO - Processando URL 22/26: http://www.ioepa.com.br/arquivos/2024/2024.10.09.DOE.pdf
2025-05-22 02:13:54,270 - P14756 - INFO - Ignorando URL de arquivo não-HTML: http://www.ioepa.com.br/arquivos/2024/2024.10.09.DOE.pdf
2025-05-22 02:13:54,270 - P14756 - INFO - Após processar URL 22 Uso de memória: 115.34 MB
2025-05-22 02:13:54,271 - P14756 - INFO - Processando URL 23/26: https://crmpi.org.br/politica-de-cookies
2025-05-22 02:13:57,017 - P14756 - INFO - HTML salvo para debug: data\debug_html_v10\e98cfdac7af1b2cc4238217b41f707f4.html
2025-05-22 02:13:57,043 - P14756 - INFO - Candidates address: 0 items
2025-05-22 02:13:57,043 - P14756 - INFO - Candidates phone: 0 items
2025-05-22 02:13:57,043 - P14756 - INFO - Candidates email: 2 items
2025-05-22 02:13:57,043 - P14756 - INFO - Candidates complement: 0 items
2025-05-22 02:13:57,043 - P14756 - INFO - Candidates cep: 1 items
2025-05-22 02:13:57,043 - P14756 - INFO - Após processar URL 23 Uso de memória: 115.38 MB
2025-05-22 02:13:57,043 - P14756 - INFO - Processando URL 24/26: https://www.descalvado.sp.gov.br/novoportal/prefeitura/uploads/pdf/jornal/jorOfi455.pdf
2025-05-22 02:13:57,044 - P14756 - INFO - Ignorando URL de arquivo não-HTML: https://www.descalvado.sp.gov.br/novoportal/prefeitura/uploads/pdf/jornal/jorOfi455.pdf
2025-05-22 02:13:57,044 - P14756 - INFO - Após processar URL 24 Uso de memória: 115.38 MB
2025-05-22 02:13:57,044 - P14756 - INFO - Processando URL 25/26: https://www.boaconsulta.com/especialista/jessica-da-costa-de-oliveira-6105e3f8a2e00a670f0011d0
2025-05-22 02:13:59,861 - P14756 - INFO - HTML salvo para debug: data\debug_html_v10\8d879b03e3142eedc3353d94c71770b5.html
2025-05-22 02:13:59,939 - P14756 - INFO - Candidates address: 4 items
2025-05-22 02:13:59,939 - P14756 - INFO - Candidates phone: 0 items
2025-05-22 02:13:59,939 - P14756 - INFO - Candidates email: 0 items
2025-05-22 02:13:59,939 - P14756 - INFO - Candidates complement: 0 items
2025-05-22 02:13:59,940 - P14756 - INFO - Candidates cep: 0 items
2025-05-22 02:13:59,940 - P14756 - INFO - Após processar URL 25 Uso de memória: 116.27 MB
2025-05-22 02:13:59,940 - P14756 - INFO - Processando URL 26/26: https://consultacrm.com.br/
2025-05-22 02:14:03,360 - P14756 - INFO - HTML salvo para debug: data\debug_html_v10\65cadeb91ac3713432c21b535990f440.html
2025-05-22 02:14:03,373 - P14756 - INFO - Candidates address: 0 items
2025-05-22 02:14:03,373 - P14756 - INFO - Candidates phone: 0 items
2025-05-22 02:14:03,374 - P14756 - INFO - Candidates email: 0 items
2025-05-22 02:14:03,374 - P14756 - INFO - Candidates complement: 0 items
2025-05-22 02:14:03,374 - P14756 - INFO - Candidates cep: 0 items
2025-05-22 02:14:03,374 - P14756 - INFO - Após processar URL 26 Uso de memória: 116.49 MB
2025-05-22 02:14:03,375 - P14756 - INFO - Iniciando agregação e ranqueamento
2025-05-22 02:14:03,375 - P14756 - INFO - Ranked address: 15 items
2025-05-22 02:14:03,376 - P14756 - INFO - Ranked phone: 26 items
2025-05-22 02:14:03,376 - P14756 - INFO - Ranked email: 5 items
2025-05-22 02:14:03,376 - P14756 - INFO - Ranked complement: 0 items
2025-05-22 02:14:03,376 - P14756 - INFO - Ranked cep: 4 items
2025-05-22 02:14:03,377 - P14756 - INFO - Após agregação Uso de memória: 116.49 MB
2025-05-22 02:14:03,377 - P14756 - INFO - Validando endereço: ['Rua Benjamim Constant, 978', 'Rua Luiz Otacilio Correia, 68', 'Rua Padre Jose Eugenio Leitee, 88']
2025-05-22 02:14:03,377 - P14756 - INFO - Endereço validado: Rua Benjamim Constant, 978
2025-05-22 02:14:03,378 - P14756 - INFO - Limpando texto extenso para campo address: Rua Benjamim Constant, 978...
2025-05-22 02:14:03,378 - P14756 - INFO - Texto limpo: Rua Benjamim Constant, 978
2025-05-22 02:14:03,378 - P14756 - INFO - Validando telefone: ['(86) 3216-6100', '(89) 3422-5488', '(86) 3321-1830']
2025-05-22 02:14:03,378 - P14756 - INFO - Limpando texto extenso para campo phone: (86) 3216-6100...
2025-05-22 02:14:03,378 - P14756 - INFO - Texto limpo: 86) 3216-6100
2025-05-22 02:14:03,378 - P14756 - INFO - Telefone validado: 86) 3216-6100
2025-05-22 02:14:03,379 - P14756 - INFO - Validando email: ['atendimento@crmpi.org.br', 'delegaciaparnaiba@crmpi.org.br', 'delegaciapicos@crmpi.org.br']
2025-05-22 02:14:03,379 - P14756 - INFO - Limpando texto extenso para campo email: atendimento@crmpi.org.br...
2025-05-22 02:14:03,379 - P14756 - INFO - Texto limpo: atendimento@crmpi.org.br
2025-05-22 02:14:03,379 - P14756 - INFO - Email validado: atendimento@crmpi.org.br
2025-05-22 02:14:03,379 - P14756 - INFO - Descobrindo cidade
2025-05-22 02:14:03,379 - P14756 - INFO - Buscando cidade: Rua Benjamim Constant cidade PI
2025-05-22 02:14:06,110 - P14756 - INFO - Cidade encontrada: Teresina
2025-05-22 02:14:06,111 - P14756 - INFO - Limpando texto extenso para campo city: Teresina...
2025-05-22 02:14:06,111 - P14756 - INFO - Texto limpo: Teresina
2025-05-22 02:14:06,111 - P14756 - INFO - Cidade descoberta: Teresina
2025-05-22 02:14:06,111 - P14756 - INFO - Buscando CEP com sistema de cascata
2025-05-22 02:14:06,111 - P14756 - INFO - Iniciando busca de CEP em cascata para: Rua Benjamim Constant, Teresina, PI
2025-05-22 02:14:06,111 - P14756 - INFO - Método 1: ViaCEP API
2025-05-22 02:14:06,111 - P14756 - INFO - Buscando no ViaCEP: https://viacep.com.br/ws/PI/teresina/rua%20benjamim%20constant/json/
2025-05-22 02:14:06,771 - P14756 - WARNING - ViaCEP retornou status 200 ou nenhum resultado
2025-05-22 02:14:06,772 - P14756 - INFO - Método 2: BrasilAPI
2025-05-22 02:14:06,773 - P14756 - INFO - Buscando na BrasilAPI: Rua Benjamim Constant, Teresina, PI
2025-05-22 02:14:07,309 - P14756 - INFO - Consultando BrasilAPI: https://brasilapi.com.br/api/cep/v2/35135084
2025-05-22 02:14:07,624 - P14756 - WARNING - BrasilAPI retornou status 404
2025-05-22 02:14:07,626 - P14756 - INFO - Método 3: Web Scraping do Google
2025-05-22 02:14:07,626 - P14756 - INFO - Buscando CEP: CEP da Rua Benjamim Constant, Teresina
2025-05-22 02:14:09,217 - P14756 - INFO - CEP encontrado: 64000-280
2025-05-22 02:14:09,217 - P14756 - INFO - CEP encontrado via Google: 64000-280
2025-05-22 02:14:09,218 - P14756 - INFO - Dados de CEP encontrados: {'cep': '64000-280', 'logradouro': 'Rua Benjamim Constant', 'bairro': '', 'localidade': 'Teresina', 'uf': 'PI', 'complemento': ''}
2025-05-22 02:14:09,218 - P14756 - INFO - Limpando texto extenso para campo city: Teresina...
2025-05-22 02:14:09,218 - P14756 - INFO - Texto limpo: Teresina
2025-05-22 02:14:09,218 - P14756 - INFO - Limpando texto extenso para campo state: PI...
2025-05-22 02:14:09,219 - P14756 - INFO - Texto limpo: PI
2025-05-22 02:14:09,219 - P14756 - INFO - Tempo de execução de processamento completo do médico: 97.67 segundos
2025-05-22 02:14:09,220 - P14756 - INFO - Resultado processado: {'Hash': '0e16a4cd9ee498ebd65197fe42e6a92954d7b04486d5133974cb0d49b1f42336', 'CRM': '8391', 'UF': 'PI', 'Firstname': 'JESSICA', 'LastName': 'DA COSTA DE OLIVEIRA BRITO', 'Medical specialty': '', 'Endereco Completo A1': 'Rua Benjamim Constant, 978', 'Address A1': 'Rua Benjamim Constant', 'Numero A1': '978', 'Complement A1': '', 'Bairro A1': '', 'postal code A1': '64000-280', 'City A1': 'Teresina', 'State A1': 'PI', 'Phone A1': '86) 3216-6100', 'Phone A2': '', 'Cell phone A1': '', 'Cell phone A2': '', 'E-mail A1': 'atendimento@crmpi.org.br', 'E-mail A2': '', 'OPT-IN': '', 'STATUS': '', 'LOTE': ''}
2025-05-22 02:14:09,221 - P14756 - INFO - Progresso: 20.4%
2025-05-22 02:14:09,221 - P14756 - INFO - Executando coleta de lixo
2025-05-22 02:14:09,414 - P14756 - INFO - Após coleta de lixo Uso de memória: 101.96 MB
2025-05-22 02:14:09,415 - P14756 - INFO - Tempo de execução de processamento do médico 1: 99.32 segundos
2025-05-22 02:14:09,415 - P14756 - INFO - 
==================================================
Processando médico 2/3
2025-05-22 02:14:09,415 - P14756 - INFO - Nome: MARIO SERGIO JULIO CERCI
2025-05-22 02:14:09,416 - P14756 - INFO - Início do processamento Uso de memória: 101.96 MB
2025-05-22 02:14:09,416 - P14756 - INFO - Iniciando busca para: MARIO SERGIO JULIO CERCI CRM 4630 PR telefone e-mail endereço
2025-05-22 02:14:09,876 - P14756 - INFO - SearX results: 6 URLs
2025-05-22 02:14:09,876 - P14756 - INFO - Após SearX Uso de memória: 101.96 MB
2025-05-22 02:14:12,419 - P14756 - INFO - Google results: 10 URLs
2025-05-22 02:14:12,419 - P14756 - INFO - Após Google Uso de memória: 104.01 MB
2025-05-22 02:14:14,870 - P14756 - INFO - Bing results: 10 URLs
2025-05-22 02:14:14,870 - P14756 - INFO - Após Bing Uso de memória: 106.01 MB
2025-05-22 02:14:14,871 - P14756 - INFO - Total de URLs únicas: 19
2025-05-22 02:14:14,871 - P14756 - INFO - Processando URL 1/19: https://www.redescredenciadas.com.br/perfil/mario-sergio-julio-cerci-pr-4630
2025-05-22 02:14:18,300 - P14756 - INFO - HTML salvo para debug: data\debug_html_v10\03bc33273f0be73c67e398f46c4b1c02.html
2025-05-22 02:14:18,307 - P14756 - INFO - Candidates address: 1 items
2025-05-22 02:14:18,307 - P14756 - INFO - Candidates phone: 2 items
2025-05-22 02:14:18,308 - P14756 - INFO - Candidates email: 0 items
2025-05-22 02:14:18,308 - P14756 - INFO - Candidates complement: 0 items
2025-05-22 02:14:18,308 - P14756 - INFO - Candidates cep: 0 items
2025-05-22 02:14:18,309 - P14756 - INFO - Após processar URL 1 Uso de memória: 106.52 MB
2025-05-22 02:14:18,309 - P14756 - INFO - Processando URL 2/19: https://sistemas.trf1.jus.br/edj/bitstream/handle/123/264016/Caderno_JUD_MT_2017-08-24_IX_155.pdf?sequence=2&isAllowed=y
2025-05-22 02:14:18,309 - P14756 - INFO - Ignorando URL de arquivo não-HTML: https://sistemas.trf1.jus.br/edj/bitstream/handle/123/264016/Caderno_JUD_MT_2017-08-24_IX_155.pdf?sequence=2&isAllowed=y
2025-05-22 02:14:18,310 - P14756 - INFO - Após processar URL 2 Uso de memória: 106.52 MB
2025-05-22 02:14:18,310 - P14756 - INFO - Processando URL 3/19: https://www.acessomedico.com.br/anunciopessoa/2624/info/mario-sergio-julio-cerci.html
2025-05-22 02:14:21,400 - P14756 - INFO - HTML salvo para debug: data\debug_html_v10\206174f0516438564df270c6230d91dd.html
2025-05-22 02:14:21,478 - P14756 - INFO - Candidates address: 0 items
2025-05-22 02:14:21,479 - P14756 - INFO - Candidates phone: 0 items
2025-05-22 02:14:21,479 - P14756 - INFO - Candidates email: 0 items
2025-05-22 02:14:21,480 - P14756 - INFO - Candidates complement: 0 items
2025-05-22 02:14:21,480 - P14756 - INFO - Candidates cep: 0 items
2025-05-22 02:14:21,480 - P14756 - INFO - Após processar URL 3 Uso de memória: 106.90 MB
2025-05-22 02:14:21,482 - P14756 - INFO - Processando URL 4/19: https://www.escavador.com/sobre/2441365/mario-sergio-julio-cerci
2025-05-22 02:14:26,835 - P14756 - INFO - HTML salvo para debug: data\debug_html_v10\cf8303bdf48cf192fca52b160a4debcb.html
2025-05-22 02:14:26,851 - P14756 - INFO - Candidates address: 0 items
2025-05-22 02:14:26,851 - P14756 - INFO - Candidates phone: 0 items
2025-05-22 02:14:26,852 - P14756 - INFO - Candidates email: 0 items
2025-05-22 02:14:26,852 - P14756 - INFO - Candidates complement: 0 items
2025-05-22 02:14:26,852 - P14756 - INFO - Candidates cep: 0 items
2025-05-22 02:14:26,852 - P14756 - INFO - Após processar URL 4 Uso de memória: 107.09 MB
2025-05-22 02:14:26,852 - P14756 - INFO - Processando URL 5/19: https://sistemadje.tjmt.jus.br/publicacoes/9946-2017%20C2%20Comarcas%20-%20Entr%C3%A2ncia%20Especial.pdf
2025-05-22 02:14:26,852 - P14756 - INFO - Ignorando URL de arquivo não-HTML: https://sistemadje.tjmt.jus.br/publicacoes/9946-2017%20C2%20Comarcas%20-%20Entr%C3%A2ncia%20Especial.pdf
2025-05-22 02:14:26,853 - P14756 - INFO - Após processar URL 5 Uso de memória: 107.09 MB
2025-05-22 02:14:26,853 - P14756 - INFO - Processando URL 6/19: https://www.apm.org.br/wp-content/uploads/APM620-mar-2011.pdf
2025-05-22 02:14:26,853 - P14756 - INFO - Ignorando URL de arquivo não-HTML: https://www.apm.org.br/wp-content/uploads/APM620-mar-2011.pdf
2025-05-22 02:14:26,853 - P14756 - INFO - Após processar URL 6 Uso de memória: 107.09 MB
2025-05-22 02:14:26,853 - P14756 - INFO - Processando URL 7/19: https://clinica.work/especialista/mario-sergio-julio-cerci-cardiologista-curitiba-pr
2025-05-22 02:14:30,850 - P14756 - INFO - HTML salvo para debug: data\debug_html_v10\22452400b3ec7f5918cb32504d57617e.html
2025-05-22 02:14:30,867 - P14756 - INFO - Candidates address: 1 items
2025-05-22 02:14:30,867 - P14756 - INFO - Candidates phone: 0 items
2025-05-22 02:14:30,868 - P14756 - INFO - Candidates email: 0 items
2025-05-22 02:14:30,868 - P14756 - INFO - Candidates complement: 0 items
2025-05-22 02:14:30,871 - P14756 - INFO - Candidates cep: 1 items
2025-05-22 02:14:30,872 - P14756 - INFO - Após processar URL 7 Uso de memória: 107.38 MB
2025-05-22 02:14:30,873 - P14756 - INFO - Processando URL 8/19: https://www.hospitalpilar.com.br/especialistas/mario-serio-julio-cerci/
2025-05-22 02:14:35,254 - P14756 - INFO - HTML salvo para debug: data\debug_html_v10\380bd3e465fd7448e4b313efc2dac595.html
2025-05-22 02:14:35,277 - P14756 - INFO - Candidates address: 1 items
2025-05-22 02:14:35,346 - P14756 - INFO - Candidates phone: 3 items
2025-05-22 02:14:35,347 - P14756 - INFO - Candidates email: 0 items
2025-05-22 02:14:35,347 - P14756 - INFO - Candidates complement: 0 items
2025-05-22 02:14:35,348 - P14756 - INFO - Candidates cep: 1 items
2025-05-22 02:14:35,348 - P14756 - INFO - Após processar URL 8 Uso de memória: 108.55 MB
2025-05-22 02:14:35,348 - P14756 - INFO - Processando URL 9/19: https://www.doklist.com.br/dok/182671/
2025-05-22 02:14:39,320 - P14756 - INFO - HTML salvo para debug: data\debug_html_v10\125978e492a8923c7976985d5fbf04c9.html
2025-05-22 02:14:39,339 - P14756 - INFO - Candidates address: 1 items
2025-05-22 02:14:39,339 - P14756 - INFO - Candidates phone: 1 items
2025-05-22 02:14:39,339 - P14756 - INFO - Candidates email: 1 items
2025-05-22 02:14:39,340 - P14756 - INFO - Candidates complement: 0 items
2025-05-22 02:14:39,340 - P14756 - INFO - Candidates cep: 1 items
2025-05-22 02:14:39,340 - P14756 - INFO - Após processar URL 9 Uso de memória: 107.94 MB
2025-05-22 02:14:39,340 - P14756 - INFO - Processando URL 10/19: https://www.doctoralia.com.br/mario-sergio-julio-cerci/cardiologista/curitiba
2025-05-22 02:14:39,340 - P14756 - INFO - Ignorando URL de arquivo não-HTML: https://www.doctoralia.com.br/mario-sergio-julio-cerci/cardiologista/curitiba
2025-05-22 02:14:39,340 - P14756 - INFO - Após processar URL 10 Uso de memória: 107.94 MB
2025-05-22 02:14:39,341 - P14756 - INFO - Processando URL 11/19: https://listamedicos.com/medico/mario-sergio-julio-cerci
2025-05-22 02:14:43,836 - P14756 - INFO - HTML salvo para debug: data\debug_html_v10\378e70b0ddfbd317c83b5f6bded60cff.html
2025-05-22 02:14:43,844 - P14756 - INFO - Candidates address: 0 items
2025-05-22 02:14:43,845 - P14756 - INFO - Candidates phone: 0 items
2025-05-22 02:14:43,846 - P14756 - INFO - Candidates email: 0 items
2025-05-22 02:14:43,849 - P14756 - INFO - Candidates complement: 0 items
2025-05-22 02:14:43,852 - P14756 - INFO - Candidates cep: 2 items
2025-05-22 02:14:43,858 - P14756 - INFO - Após processar URL 11 Uso de memória: 108.15 MB
2025-05-22 02:14:43,861 - P14756 - INFO - Processando URL 12/19: https://www.entrei.net/empresa/dr-mario-sergio-julio-cerci/4376818.html
2025-05-22 02:14:46,396 - P14756 - INFO - HTML salvo para debug: data\debug_html_v10\3490d1c5770e36903ff35a308e1303d2.html
2025-05-22 02:14:46,420 - P14756 - INFO - Candidates address: 0 items
2025-05-22 02:14:46,424 - P14756 - INFO - Candidates phone: 2 items
2025-05-22 02:14:46,427 - P14756 - INFO - Candidates email: 0 items
2025-05-22 02:14:46,429 - P14756 - INFO - Candidates complement: 0 items
2025-05-22 02:14:46,430 - P14756 - INFO - Candidates cep: 1 items
2025-05-22 02:14:46,434 - P14756 - INFO - Após processar URL 12 Uso de memória: 108.46 MB
2025-05-22 02:14:46,435 - P14756 - INFO - Processando URL 13/19: https://www.boaconsulta.com/especialista/mario-sergio-julio-cerci-6620f04e2e7ef65b0c0000fc
2025-05-22 02:14:48,746 - P14756 - INFO - HTML salvo para debug: data\debug_html_v10\526198baa0097147ef37e9d19a304816.html
2025-05-22 02:14:48,781 - P14756 - INFO - Candidates address: 1 items
2025-05-22 02:14:48,782 - P14756 - INFO - Candidates phone: 0 items
2025-05-22 02:14:48,782 - P14756 - INFO - Candidates email: 0 items
2025-05-22 02:14:48,782 - P14756 - INFO - Candidates complement: 0 items
2025-05-22 02:14:48,782 - P14756 - INFO - Candidates cep: 0 items
2025-05-22 02:14:48,783 - P14756 - INFO - Após processar URL 13 Uso de memória: 108.50 MB
2025-05-22 02:14:48,783 - P14756 - INFO - Processando URL 14/19: https://sistemadje.tjmt.jus.br/publicacoes/10077-2017%20C2%20Comarcas%20-%20Entr%C3%A2ncia%20Especial.pdf
2025-05-22 02:14:48,783 - P14756 - INFO - Ignorando URL de arquivo não-HTML: https://sistemadje.tjmt.jus.br/publicacoes/10077-2017%20C2%20Comarcas%20-%20Entr%C3%A2ncia%20Especial.pdf
2025-05-22 02:14:48,783 - P14756 - INFO - Após processar URL 14 Uso de memória: 108.50 MB
2025-05-22 02:14:48,784 - P14756 - INFO - Processando URL 15/19: https://www.catalogo.med.br/doutor/mario-sergio-julio-cerci-1918652.htm
2025-05-22 02:14:50,958 - P14756 - INFO - HTML salvo para debug: data\debug_html_v10\b7f2a9a75f0b6f3f0cd2b560905d3d1f.html
2025-05-22 02:14:50,960 - P14756 - INFO - Candidates address: 0 items
2025-05-22 02:14:50,961 - P14756 - INFO - Candidates phone: 0 items
2025-05-22 02:14:50,962 - P14756 - INFO - Candidates email: 0 items
2025-05-22 02:14:50,962 - P14756 - INFO - Candidates complement: 0 items
2025-05-22 02:14:50,962 - P14756 - INFO - Candidates cep: 0 items
2025-05-22 02:14:50,962 - P14756 - INFO - Após processar URL 15 Uso de memória: 108.50 MB
2025-05-22 02:14:50,963 - P14756 - INFO - Processando URL 16/19: https://www.rededorsaoluiz.com.br/encontre-um-medico/perfil/mario-sergio-julio-cerci
2025-05-22 02:14:54,870 - P14756 - INFO - HTML salvo para debug: data\debug_html_v10\b460991094d243a02278758a0d263e4a.html
2025-05-22 02:14:55,003 - P14756 - INFO - Candidates address: 0 items
2025-05-22 02:14:55,003 - P14756 - INFO - Candidates phone: 1 items
2025-05-22 02:14:55,003 - P14756 - INFO - Candidates email: 0 items
2025-05-22 02:14:55,004 - P14756 - INFO - Candidates complement: 0 items
2025-05-22 02:14:55,004 - P14756 - INFO - Candidates cep: 0 items
2025-05-22 02:14:55,004 - P14756 - INFO - Após processar URL 16 Uso de memória: 111.28 MB
2025-05-22 02:14:55,005 - P14756 - INFO - Processando URL 17/19: https://www.consultacrm.com.br/index/profissionais/uid-931e7a12-f5c5-11ec-9e74-0a4aa568c625/mario_sergio_julio_cerci
2025-05-22 02:14:59,575 - P14756 - INFO - HTML salvo para debug: data\debug_html_v10\eb634ee35ef7d54f827599fd18d40e82.html
2025-05-22 02:14:59,586 - P14756 - INFO - Candidates address: 0 items
2025-05-22 02:14:59,586 - P14756 - INFO - Candidates phone: 0 items
2025-05-22 02:14:59,586 - P14756 - INFO - Candidates email: 0 items
2025-05-22 02:14:59,587 - P14756 - INFO - Candidates complement: 0 items
2025-05-22 02:14:59,587 - P14756 - INFO - Candidates cep: 0 items
2025-05-22 02:14:59,587 - P14756 - INFO - Após processar URL 17 Uso de memória: 108.70 MB
2025-05-22 02:14:59,587 - P14756 - INFO - Processando URL 18/19: https://www2.bauru.sp.gov.br/arquivos/sist_diariooficial/2016/10/do_20161015_2743.pdf
2025-05-22 02:14:59,588 - P14756 - INFO - Ignorando URL de arquivo não-HTML: https://www2.bauru.sp.gov.br/arquivos/sist_diariooficial/2016/10/do_20161015_2743.pdf
2025-05-22 02:14:59,588 - P14756 - INFO - Após processar URL 18 Uso de memória: 108.70 MB
2025-05-22 02:14:59,588 - P14756 - INFO - Processando URL 19/19: https://www.rededorsaoluiz.com.br/encontre-um-medico/cardiologista-de-risco-cirurgico/em/curitiba-pr
2025-05-22 02:15:08,485 - P14756 - INFO - HTML salvo para debug: data\debug_html_v10\414840eeb9282aef59aeacb0e904cf81.html
2025-05-22 02:15:08,660 - P14756 - INFO - Candidates address: 1 items
2025-05-22 02:15:08,660 - P14756 - INFO - Candidates phone: 1 items
2025-05-22 02:15:08,661 - P14756 - INFO - Candidates email: 0 items
2025-05-22 02:15:08,661 - P14756 - INFO - Candidates complement: 0 items
2025-05-22 02:15:08,661 - P14756 - INFO - Candidates cep: 0 items
2025-05-22 02:15:08,661 - P14756 - INFO - Após processar URL 19 Uso de memória: 111.37 MB
2025-05-22 02:15:08,661 - P14756 - INFO - Iniciando agregação e ranqueamento
2025-05-22 02:15:08,662 - P14756 - INFO - Ranked address: 4 items
2025-05-22 02:15:08,662 - P14756 - INFO - Ranked phone: 7 items
2025-05-22 02:15:08,662 - P14756 - INFO - Ranked email: 1 items
2025-05-22 02:15:08,662 - P14756 - INFO - Ranked complement: 0 items
2025-05-22 02:15:08,662 - P14756 - INFO - Ranked cep: 4 items
2025-05-22 02:15:08,662 - P14756 - INFO - Após agregação Uso de memória: 111.37 MB
2025-05-22 02:15:08,662 - P14756 - INFO - Validando endereço: ['Avenida Desembargador Hugo Simas, 322', 'Avenida do Batel, 1898', 'Rua Alferes Angelo Sampaio 1896']
2025-05-22 02:15:08,663 - P14756 - INFO - Endereço validado: Avenida Desembargador Hugo Simas, 322
2025-05-22 02:15:08,663 - P14756 - INFO - Limpando texto extenso para campo address: Avenida Desembargador Hugo Simas, 322...
2025-05-22 02:15:08,663 - P14756 - INFO - Texto limpo: Avenida Desembargador Hugo Simas, 322
2025-05-22 02:15:08,663 - P14756 - INFO - Validando telefone: ['(41) 3021-3344', '+554130213344', '3003-3230']
2025-05-22 02:15:08,663 - P14756 - INFO - Limpando texto extenso para campo phone: (41) 3021-3344...
2025-05-22 02:15:08,663 - P14756 - INFO - Texto limpo: 41) 3021-3344
2025-05-22 02:15:08,664 - P14756 - INFO - Telefone validado: 41) 3021-3344
2025-05-22 02:15:08,664 - P14756 - INFO - Validando email: ['info@doklist.com.br']
2025-05-22 02:15:08,664 - P14756 - INFO - Limpando texto extenso para campo email: info@doklist.com.br...
2025-05-22 02:15:08,664 - P14756 - INFO - Texto limpo: info@doklist.com.br
2025-05-22 02:15:08,664 - P14756 - INFO - Email validado: info@doklist.com.br
2025-05-22 02:15:08,664 - P14756 - INFO - Descobrindo cidade
2025-05-22 02:15:08,664 - P14756 - INFO - Buscando cidade: Avenida Desembargador Hugo Simas cidade PR
2025-05-22 02:15:11,294 - P14756 - WARNING - Cidade não encontrada
2025-05-22 02:15:11,295 - P14756 - INFO - Cidade descoberta: 
2025-05-22 02:15:11,295 - P14756 - INFO - Tempo de execução de processamento completo do médico: 61.88 segundos
2025-05-22 02:15:11,296 - P14756 - INFO - Resultado processado: {'Hash': '0190d42f5d2b560cf6b72cef5dfaf6eba4d6da5e976db43977c5391da12e899d', 'CRM': '4630', 'UF': 'PR', 'Firstname': 'MARIO', 'LastName': 'SERGIO JULIO CERCI', 'Medical specialty': '', 'Endereco Completo A1': 'Avenida Desembargador Hugo Simas, 322', 'Address A1': 'Avenida Desembargador Hugo Simas', 'Numero A1': '322', 'Complement A1': '', 'Bairro A1': '', 'postal code A1': '', 'City A1': '', 'State A1': '', 'Phone A1': '41) 3021-3344', 'Phone A2': '', 'Cell phone A1': '', 'Cell phone A2': '', 'E-mail A1': 'info@doklist.com.br', 'E-mail A2': '', 'OPT-IN': '', 'STATUS': '', 'LOTE': ''}
2025-05-22 02:15:11,296 - P14756 - INFO - Progresso: 20.7%
2025-05-22 02:15:11,297 - P14756 - INFO - Tempo de execução de processamento do médico 2: 61.88 segundos
2025-05-22 02:15:11,297 - P14756 - INFO - 
==================================================
Processando médico 3/3
2025-05-22 02:15:11,297 - P14756 - INFO - Nome: GILBERTO JUVENCIO
2025-05-22 02:15:11,297 - P14756 - INFO - Início do processamento Uso de memória: 108.76 MB
2025-05-22 02:15:11,297 - P14756 - INFO - Iniciando busca para: GILBERTO JUVENCIO CRM 5346 PR telefone e-mail endereço
2025-05-22 02:15:11,678 - P14756 - INFO - SearX results: 10 URLs
2025-05-22 02:15:11,679 - P14756 - INFO - Após SearX Uso de memória: 108.76 MB
2025-05-22 02:15:14,180 - P14756 - INFO - Google results: 8 URLs
2025-05-22 02:15:14,180 - P14756 - INFO - Após Google Uso de memória: 109.52 MB
2025-05-22 02:15:16,641 - P14756 - INFO - Bing results: 9 URLs
2025-05-22 02:15:16,641 - P14756 - INFO - Após Bing Uso de memória: 110.38 MB
2025-05-22 02:15:16,641 - P14756 - INFO - Total de URLs únicas: 23
2025-05-22 02:15:16,641 - P14756 - INFO - Processando URL 1/23: https://osasco.sp.gov.br/site/wp-content/uploads/2017/10/httpwww.osasco.sp_.gov_.brcompsec7atosOsasco_1509028230_7.pdf
2025-05-22 02:15:16,642 - P14756 - INFO - Ignorando URL de arquivo não-HTML: https://osasco.sp.gov.br/site/wp-content/uploads/2017/10/httpwww.osasco.sp_.gov_.brcompsec7atosOsasco_1509028230_7.pdf
2025-05-22 02:15:16,642 - P14756 - INFO - Após processar URL 1 Uso de memória: 110.38 MB
2025-05-22 02:15:16,642 - P14756 - INFO - Processando URL 2/23: https://listamedicos.com/medico/gilberto-juvencio
2025-05-22 02:15:21,794 - P14756 - INFO - HTML salvo para debug: data\debug_html_v10\6bfa6b5d71b3e902c8cf07ccda95f030.html
2025-05-22 02:15:21,802 - P14756 - INFO - Candidates address: 0 items
2025-05-22 02:15:21,802 - P14756 - INFO - Candidates phone: 1 items
2025-05-22 02:15:21,802 - P14756 - INFO - Candidates email: 0 items
2025-05-22 02:15:21,802 - P14756 - INFO - Candidates complement: 0 items
2025-05-22 02:15:21,803 - P14756 - INFO - Candidates cep: 1 items
2025-05-22 02:15:21,803 - P14756 - INFO - Após processar URL 2 Uso de memória: 110.41 MB
2025-05-22 02:15:21,803 - P14756 - INFO - Processando URL 3/23: https://agenciadenoticias.ms.gov.br/wp-content/uploads/2025/05/LISTA-DE-AUTORIDADES_09-05-25.pdf
2025-05-22 02:15:21,803 - P14756 - INFO - Ignorando URL de arquivo não-HTML: https://agenciadenoticias.ms.gov.br/wp-content/uploads/2025/05/LISTA-DE-AUTORIDADES_09-05-25.pdf
2025-05-22 02:15:21,803 - P14756 - INFO - Após processar URL 3 Uso de memória: 110.41 MB
2025-05-22 02:15:21,803 - P14756 - INFO - Processando URL 4/23: https://diariooficial.guarulhos.sp.gov.br/uploads/pdf/1615573362.pdf
2025-05-22 02:15:21,804 - P14756 - INFO - Ignorando URL de arquivo não-HTML: https://diariooficial.guarulhos.sp.gov.br/uploads/pdf/1615573362.pdf
2025-05-22 02:15:21,804 - P14756 - INFO - Após processar URL 4 Uso de memória: 110.41 MB
2025-05-22 02:15:21,804 - P14756 - INFO - Processando URL 5/23: https://agenciadenoticias.ms.gov.br/wp-content/uploads/2025/05/LISTA-DE-AUTORIDADES_16-05-25.pdf
2025-05-22 02:15:21,804 - P14756 - INFO - Ignorando URL de arquivo não-HTML: https://agenciadenoticias.ms.gov.br/wp-content/uploads/2025/05/LISTA-DE-AUTORIDADES_16-05-25.pdf
2025-05-22 02:15:21,804 - P14756 - INFO - Após processar URL 5 Uso de memória: 110.41 MB
2025-05-22 02:15:21,805 - P14756 - INFO - Processando URL 6/23: https://imprensaoficial.jundiai.sp.gov.br/wp-content/uploads/2020/11/02668541-5931-4fa3-830f-e9e3b1c30ecb_Edicao-4817-06-11-2020.pdf
2025-05-22 02:15:21,805 - P14756 - INFO - Ignorando URL de arquivo não-HTML: https://imprensaoficial.jundiai.sp.gov.br/wp-content/uploads/2020/11/02668541-5931-4fa3-830f-e9e3b1c30ecb_Edicao-4817-06-11-2020.pdf
2025-05-22 02:15:21,805 - P14756 - INFO - Após processar URL 6 Uso de memória: 110.41 MB
2025-05-22 02:15:21,805 - P14756 - INFO - Processando URL 7/23: https://comprascovid.scge.pe.gov.br/static/uploads/f364ef46-1524-11eb-af4b-0242ac110003_sep_0544.2020.CCD.DL.0522.HR.pdf
2025-05-22 02:15:21,805 - P14756 - INFO - Ignorando URL de arquivo não-HTML: https://comprascovid.scge.pe.gov.br/static/uploads/f364ef46-1524-11eb-af4b-0242ac110003_sep_0544.2020.CCD.DL.0522.HR.pdf
2025-05-22 02:15:21,806 - P14756 - INFO - Após processar URL 7 Uso de memória: 110.41 MB
2025-05-22 02:15:21,806 - P14756 - INFO - Processando URL 8/23: https://www.classemedica.com.br/medico/124722-gilberto-juvencio.htm
2025-05-22 02:15:27,484 - P14756 - INFO - HTML salvo para debug: data\debug_html_v10\bfee5a2fe5adb4eeb575261e8cf967ee.html
2025-05-22 02:15:27,514 - P14756 - INFO - Candidates address: 0 items
2025-05-22 02:15:27,514 - P14756 - INFO - Candidates phone: 0 items
2025-05-22 02:15:27,514 - P14756 - INFO - Candidates email: 0 items
2025-05-22 02:15:27,514 - P14756 - INFO - Candidates complement: 0 items
2025-05-22 02:15:27,514 - P14756 - INFO - Candidates cep: 0 items
2025-05-22 02:15:27,514 - P14756 - INFO - Após processar URL 8 Uso de memória: 110.44 MB
2025-05-22 02:15:27,515 - P14756 - INFO - Processando URL 9/23: https://www.consultacrm.com.br/index/profissionais/uid-81dfbfcf-f5c5-11ec-9e74-0a4aa568c625/gilberto_juvencio
2025-05-22 02:15:32,418 - P14756 - INFO - HTML salvo para debug: data\debug_html_v10\db0efb8d0d6e8bda1af6e36884b5a211.html
2025-05-22 02:15:32,429 - P14756 - INFO - Candidates address: 0 items
2025-05-22 02:15:32,430 - P14756 - INFO - Candidates phone: 0 items
2025-05-22 02:15:32,430 - P14756 - INFO - Candidates email: 0 items
2025-05-22 02:15:32,430 - P14756 - INFO - Candidates complement: 0 items
2025-05-22 02:15:32,430 - P14756 - INFO - Candidates cep: 0 items
2025-05-22 02:15:32,430 - P14756 - INFO - Após processar URL 9 Uso de memória: 110.70 MB
2025-05-22 02:15:32,430 - P14756 - INFO - Processando URL 10/23: https://portal.doe.sea.sc.gov.br/repositorio/2023/20231221/Jornal/22169.pdf
2025-05-22 02:15:32,431 - P14756 - INFO - Ignorando URL de arquivo não-HTML: https://portal.doe.sea.sc.gov.br/repositorio/2023/20231221/Jornal/22169.pdf
2025-05-22 02:15:32,431 - P14756 - INFO - Após processar URL 10 Uso de memória: 110.70 MB
2025-05-22 02:15:32,431 - P14756 - INFO - Processando URL 11/23: https://www.crmpr.org.br/atualiza/listar.php/1000
2025-05-22 02:15:35,138 - P14756 - INFO - HTML salvo para debug: data\debug_html_v10\ef9ecbfd4e4ebf12f11d844e151b4f0b.html
2025-05-22 02:15:35,314 - P14756 - INFO - Candidates address: 0 items
2025-05-22 02:15:35,314 - P14756 - INFO - Candidates phone: 1 items
2025-05-22 02:15:35,315 - P14756 - INFO - Candidates email: 1 items
2025-05-22 02:15:35,315 - P14756 - INFO - Candidates complement: 0 items
2025-05-22 02:15:35,315 - P14756 - INFO - Candidates cep: 0 items
2025-05-22 02:15:35,315 - P14756 - INFO - Após processar URL 11 Uso de memória: 110.81 MB
2025-05-22 02:15:35,315 - P14756 - INFO - Processando URL 12/23: https://www.saobernardo.sp.gov.br/documents/10181/46729/NM+2002+1159+14_11_2002.pdf/9c49ddbd-2a24-47da-9d24-245ded615c50
2025-05-22 02:15:35,315 - P14756 - INFO - Ignorando URL de arquivo não-HTML: https://www.saobernardo.sp.gov.br/documents/10181/46729/NM+2002+1159+14_11_2002.pdf/9c49ddbd-2a24-47da-9d24-245ded615c50
2025-05-22 02:15:35,316 - P14756 - INFO - Após processar URL 12 Uso de memória: 110.81 MB
2025-05-22 02:15:35,316 - P14756 - INFO - Processando URL 13/23: https://siarq.ufrj.br/wp-content/uploads/images/bufrj/2022/6-2022.pdf
2025-05-22 02:15:35,316 - P14756 - INFO - Ignorando URL de arquivo não-HTML: https://siarq.ufrj.br/wp-content/uploads/images/bufrj/2022/6-2022.pdf
2025-05-22 02:15:35,317 - P14756 - INFO - Após processar URL 13 Uso de memória: 110.81 MB
2025-05-22 02:15:35,317 - P14756 - INFO - Processando URL 14/23: https://sistemas.trf1.jus.br/edj/bitstream/handle/123/13087/Caderno_JUD_MT_2018-06-21_X_112.pdf?sequence=1&isAllowed=y
2025-05-22 02:15:35,317 - P14756 - INFO - Ignorando URL de arquivo não-HTML: https://sistemas.trf1.jus.br/edj/bitstream/handle/123/13087/Caderno_JUD_MT_2018-06-21_X_112.pdf?sequence=1&isAllowed=y
2025-05-22 02:15:35,317 - P14756 - INFO - Após processar URL 14 Uso de memória: 110.81 MB
2025-05-22 02:15:35,317 - P14756 - INFO - Processando URL 15/23: https://www.telelistas.net/locais/pr/curitiba/medicos+clinica+geral/bu-19214839/gilberto+juvencio+em+juveve
2025-05-22 02:15:38,241 - P14756 - INFO - HTML salvo para debug: data\debug_html_v10\18488f80aaa8cd89cbb12c62148bc7f7.html
2025-05-22 02:15:38,259 - P14756 - INFO - Candidates address: 1 items
2025-05-22 02:15:38,260 - P14756 - INFO - Candidates phone: 2 items
2025-05-22 02:15:38,261 - P14756 - INFO - Candidates email: 0 items
2025-05-22 02:15:38,261 - P14756 - INFO - Candidates complement: 0 items
2025-05-22 02:15:38,262 - P14756 - INFO - Candidates cep: 1 items
2025-05-22 02:15:38,262 - P14756 - INFO - Após processar URL 15 Uso de memória: 110.86 MB
2025-05-22 02:15:38,263 - P14756 - INFO - Processando URL 16/23: https://cnpj.biz/75060129000194
2025-05-22 02:15:42,724 - P14756 - INFO - HTML salvo para debug: data\debug_html_v10\947637946da1b44d28c9699256837fa9.html
2025-05-22 02:15:42,744 - P14756 - INFO - Candidates address: 2 items
2025-05-22 02:15:42,744 - P14756 - INFO - Candidates phone: 2 items
2025-05-22 02:15:42,745 - P14756 - INFO - Candidates email: 0 items
2025-05-22 02:15:42,745 - P14756 - INFO - Candidates complement: 0 items
2025-05-22 02:15:42,745 - P14756 - INFO - Candidates cep: 2 items
2025-05-22 02:15:42,745 - P14756 - INFO - Após processar URL 16 Uso de memória: 104.15 MB
2025-05-22 02:15:42,746 - P14756 - INFO - Processando URL 17/23: http://www.varzeagrande.mt.gov.br/storage/Arquivos/relacao_de_fornecedores.pdf
2025-05-22 02:15:42,746 - P14756 - INFO - Ignorando URL de arquivo não-HTML: http://www.varzeagrande.mt.gov.br/storage/Arquivos/relacao_de_fornecedores.pdf
2025-05-22 02:15:42,747 - P14756 - INFO - Após processar URL 17 Uso de memória: 104.15 MB
2025-05-22 02:15:42,747 - P14756 - INFO - Processando URL 18/23: https://www.doklist.com.br/dok/168739/
2025-05-22 02:15:46,422 - P14756 - INFO - HTML salvo para debug: data\debug_html_v10\4fc5d2ca1f5480c06048335f75c3e6be.html
2025-05-22 02:15:46,435 - P14756 - INFO - Candidates address: 0 items
2025-05-22 02:15:46,436 - P14756 - INFO - Candidates phone: 1 items
2025-05-22 02:15:46,436 - P14756 - INFO - Candidates email: 1 items
2025-05-22 02:15:46,436 - P14756 - INFO - Candidates complement: 0 items
2025-05-22 02:15:46,436 - P14756 - INFO - Candidates cep: 1 items
2025-05-22 02:15:46,437 - P14756 - INFO - Após processar URL 18 Uso de memória: 105.06 MB
2025-05-22 02:15:46,438 - P14756 - INFO - Processando URL 19/23: https://camara.ms.gov.br/wp-content/uploads/2023/06/LISTA-AUTORIDADES-2023.docx.pdf
2025-05-22 02:15:46,438 - P14756 - INFO - Ignorando URL de arquivo não-HTML: https://camara.ms.gov.br/wp-content/uploads/2023/06/LISTA-AUTORIDADES-2023.docx.pdf
2025-05-22 02:15:46,438 - P14756 - INFO - Após processar URL 19 Uso de memória: 105.06 MB
2025-05-22 02:15:46,439 - P14756 - INFO - Processando URL 20/23: https://www.doctoralia.com.br/gilberto-juvencio/generalista/paranagua
2025-05-22 02:15:46,439 - P14756 - INFO - Ignorando URL de arquivo não-HTML: https://www.doctoralia.com.br/gilberto-juvencio/generalista/paranagua
2025-05-22 02:15:46,439 - P14756 - INFO - Após processar URL 20 Uso de memória: 105.06 MB
2025-05-22 02:15:46,439 - P14756 - INFO - Processando URL 21/23: https://www.gov.br/receitafederal/pt-br/assuntos/orientacao-tributaria/beneficios-fiscais/programa-empresa-cidada/empresas_optantes
2025-05-22 02:15:48,560 - P14756 - INFO - HTML salvo para debug: data\debug_html_v10\bc705a0ca491c709905e221358627d5c.html
2025-05-22 02:15:48,572 - P14756 - INFO - Candidates address: 0 items
2025-05-22 02:15:48,572 - P14756 - INFO - Candidates phone: 1 items
2025-05-22 02:15:48,572 - P14756 - INFO - Candidates email: 1 items
2025-05-22 02:15:48,572 - P14756 - INFO - Candidates complement: 0 items
2025-05-22 02:15:48,572 - P14756 - INFO - Candidates cep: 1 items
2025-05-22 02:15:48,572 - P14756 - INFO - Após processar URL 21 Uso de memória: 105.06 MB
2025-05-22 02:15:48,573 - P14756 - INFO - Processando URL 22/23: https://www.bertioga.sp.gov.br/wp/wp-content/uploads/2023/05/BOM-1107-1.pdf
2025-05-22 02:15:48,573 - P14756 - INFO - Ignorando URL de arquivo não-HTML: https://www.bertioga.sp.gov.br/wp/wp-content/uploads/2023/05/BOM-1107-1.pdf
2025-05-22 02:15:48,573 - P14756 - INFO - Após processar URL 22 Uso de memória: 105.06 MB
2025-05-22 02:15:48,573 - P14756 - INFO - Processando URL 23/23: https://consultacrm.com.br/
2025-05-22 02:15:52,004 - P14756 - INFO - HTML salvo para debug: data\debug_html_v10\65cadeb91ac3713432c21b535990f440.html
2025-05-22 02:15:52,017 - P14756 - INFO - Candidates address: 0 items
2025-05-22 02:15:52,017 - P14756 - INFO - Candidates phone: 0 items
2025-05-22 02:15:52,018 - P14756 - INFO - Candidates email: 0 items
2025-05-22 02:15:52,018 - P14756 - INFO - Candidates complement: 0 items
2025-05-22 02:15:52,018 - P14756 - INFO - Candidates cep: 0 items
2025-05-22 02:15:52,018 - P14756 - INFO - Após processar URL 23 Uso de memória: 108.43 MB
2025-05-22 02:15:52,018 - P14756 - INFO - Iniciando agregação e ranqueamento
2025-05-22 02:15:52,018 - P14756 - INFO - Ranked address: 3 items
2025-05-22 02:15:52,019 - P14756 - INFO - Ranked phone: 7 items
2025-05-22 02:15:52,019 - P14756 - INFO - Ranked email: 2 items
2025-05-22 02:15:52,019 - P14756 - INFO - Ranked complement: 0 items
2025-05-22 02:15:52,020 - P14756 - INFO - Ranked cep: 5 items
2025-05-22 02:15:52,020 - P14756 - INFO - Após agregação Uso de memória: 108.43 MB
2025-05-22 02:15:52,020 - P14756 - INFO - Validando endereço: ['Rua Almirante Tamandaré, 1098', 'Rua Victorio Viezzer, 84', 'Rua Victorio Viezzer 84 Vista Alegre Curitiba PR']
2025-05-22 02:15:52,020 - P14756 - INFO - Endereço validado: Rua Almirante Tamandaré, 1098
2025-05-22 02:15:52,020 - P14756 - INFO - Limpando texto extenso para campo address: Rua Almirante Tamandaré, 1098...
2025-05-22 02:15:52,021 - P14756 - INFO - Texto limpo: Rua Almirante Tamandaré, 1098
2025-05-22 02:15:52,021 - P14756 - INFO - Validando telefone: ['414231922', '(41) 3453-9066', '(41) 3240-4039']
2025-05-22 02:15:52,021 - P14756 - INFO - Limpando texto extenso para campo phone: (41) 3453-9066...
2025-05-22 02:15:52,021 - P14756 - INFO - Texto limpo: 41) 3453-9066
2025-05-22 02:15:52,021 - P14756 - INFO - Telefone validado: 41) 3453-9066
2025-05-22 02:15:52,022 - P14756 - INFO - Validando email: ['info@doklist.com.br', 'atualiza@crmpr.org.br']
2025-05-22 02:15:52,022 - P14756 - INFO - Limpando texto extenso para campo email: info@doklist.com.br...
2025-05-22 02:15:52,022 - P14756 - INFO - Texto limpo: info@doklist.com.br
2025-05-22 02:15:52,022 - P14756 - INFO - Email validado: info@doklist.com.br
2025-05-22 02:15:52,022 - P14756 - INFO - Descobrindo cidade
2025-05-22 02:15:52,022 - P14756 - INFO - Buscando cidade: Rua Almirante Tamandaré cidade PR
2025-05-22 02:15:54,625 - P14756 - INFO - Cidade encontrada: Almirante Tamandaré
2025-05-22 02:15:54,625 - P14756 - INFO - Limpando texto extenso para campo city: Almirante Tamandaré...
2025-05-22 02:15:54,625 - P14756 - INFO - Texto limpo: Almirante Tamandaré
2025-05-22 02:15:54,626 - P14756 - INFO - Cidade descoberta: Almirante Tamandaré
2025-05-22 02:15:54,626 - P14756 - INFO - Buscando CEP com sistema de cascata
2025-05-22 02:15:54,626 - P14756 - INFO - Iniciando busca de CEP em cascata para: Rua Almirante Tamandaré, Almirante Tamandaré, PR
2025-05-22 02:15:54,626 - P14756 - INFO - Método 1: ViaCEP API
2025-05-22 02:15:54,626 - P14756 - INFO - Buscando no ViaCEP: https://viacep.com.br/ws/PR/almirante%20tamandare/rua%20almirante%20tamandare/json/
2025-05-22 02:15:55,295 - P14756 - INFO - Dados encontrados no ViaCEP: {'cep': '83507-266', 'logradouro': 'Rua Almirante Tamandaré', 'complemento': '', 'unidade': '', 'bairro': 'Lamenha Grande', 'localidade': 'Almirante Tamandaré', 'uf': 'PR', 'estado': 'Paraná', 'regiao': 'Sul', 'ibge': '4100400', 'gia': '', 'ddd': '41', 'siafi': '7407'}
2025-05-22 02:15:55,297 - P14756 - INFO - CEP encontrado via ViaCEP: 83507-266
2025-05-22 02:15:55,297 - P14756 - INFO - Dados de CEP encontrados: {'cep': '83507-266', 'logradouro': 'Rua Almirante Tamandaré', 'complemento': '', 'unidade': '', 'bairro': 'Lamenha Grande', 'localidade': 'Almirante Tamandaré', 'uf': 'PR', 'estado': 'Paraná', 'regiao': 'Sul', 'ibge': '4100400', 'gia': '', 'ddd': '41', 'siafi': '7407'}
2025-05-22 02:15:55,297 - P14756 - INFO - Limpando texto extenso para campo bairro: Lamenha Grande...
2025-05-22 02:15:55,298 - P14756 - INFO - Texto limpo: Lamenha Grande
2025-05-22 02:15:55,298 - P14756 - INFO - Limpando texto extenso para campo city: Almirante Tamandaré...
2025-05-22 02:15:55,298 - P14756 - INFO - Texto limpo: Almirante Tamandaré
2025-05-22 02:15:55,298 - P14756 - INFO - Limpando texto extenso para campo state: PR...
2025-05-22 02:15:55,298 - P14756 - INFO - Texto limpo: PR
2025-05-22 02:15:55,298 - P14756 - INFO - Tempo de execução de processamento completo do médico: 44.00 segundos
2025-05-22 02:15:55,299 - P14756 - INFO - Resultado processado: {'Hash': '5de4208822bc2e68555e3905f9d16a5833bd0bad2d39f84a1fa3aecbb2ac50ec', 'CRM': '5346', 'UF': 'PR', 'Firstname': 'GILBERTO', 'LastName': 'JUVENCIO', 'Medical specialty': '', 'Endereco Completo A1': 'Rua Almirante Tamandaré, 1098', 'Address A1': 'Rua Almirante Tamandaré', 'Numero A1': '1098', 'Complement A1': '', 'Bairro A1': 'Lamenha Grande', 'postal code A1': '83507-266', 'City A1': 'Almirante Tamandaré', 'State A1': 'PR', 'Phone A1': '41) 3453-9066', 'Phone A2': '', 'Cell phone A1': '', 'Cell phone A2': '', 'E-mail A1': 'info@doklist.com.br', 'E-mail A2': '', 'OPT-IN': '', 'STATUS': '', 'LOTE': ''}
2025-05-22 02:15:55,299 - P14756 - INFO - Salvando lote de resultados
2025-05-22 02:15:55,300 - P14756 - INFO - Após salvar resultados Uso de memória: 109.56 MB
2025-05-22 02:15:55,300 - P14756 - INFO - Progresso: 21.1%
2025-05-22 02:15:55,300 - P14756 - INFO - Tempo de execução de processamento do médico 3: 44.00 segundos
2025-05-22 02:15:55,300 - P14756 - INFO - Tempo de execução de processamento do lote completo: 205.21 segundos
