2025-05-22 03:41:48,966 - P17020 - INFO - 
==================================================
Processando médico 1/3
2025-05-22 03:41:48,968 - P17020 - INFO - Nome: RYAN DE ALENCAR ARARIPE FALCÃO
2025-05-22 03:41:48,968 - P17020 - INFO - Reiniciando driver do Chrome
2025-05-22 03:41:50,244 - P17020 - INFO - Após reiniciar driver Uso de memória: 129.25 MB
2025-05-22 03:41:50,244 - P17020 - INFO - Início do processamento Uso de memória: 129.25 MB
2025-05-22 03:41:50,244 - P17020 - INFO - Iniciando busca para: RYAN DE ALENCAR ARARIPE FALCÃO CRM 10928 CE telefone e-mail endereço
2025-05-22 03:41:51,067 - P17020 - INFO - SearX results: 11 URLs
2025-05-22 03:41:51,067 - P17020 - INFO - Após SearX Uso de memória: 129.25 MB
2025-05-22 03:41:54,982 - P17020 - INFO - Google results: 12 URLs
2025-05-22 03:41:54,983 - P17020 - INFO - Após Google Uso de memória: 130.27 MB
2025-05-22 03:41:57,595 - P17020 - INFO - Bing results: 11 URLs
2025-05-22 03:41:57,595 - P17020 - INFO - Após Bing Uso de memória: 131.25 MB
2025-05-22 03:41:57,595 - P17020 - INFO - Total de URLs únicas: 19
2025-05-22 03:41:57,595 - P17020 - INFO - Processando URL 1/19: https://www.helpsaude.com/Ryan-de-Alencar-Araripe-Falcao.CE
2025-05-22 03:42:04,392 - P17020 - INFO - HTML salvo para debug: data\debug_html_v10\53411579000607a37b3249ea75ec591b.html
2025-05-22 03:42:04,410 - P17020 - INFO - Candidates address: 0 items
2025-05-22 03:42:04,410 - P17020 - INFO - Candidates phone: 0 items
2025-05-22 03:42:04,411 - P17020 - INFO - Candidates email: 0 items
2025-05-22 03:42:04,412 - P17020 - INFO - Candidates complement: 0 items
2025-05-22 03:42:04,413 - P17020 - INFO - Candidates cep: 1 items
2025-05-22 03:42:04,416 - P17020 - INFO - Após processar URL 1 Uso de memória: 131.25 MB
2025-05-22 03:42:04,416 - P17020 - INFO - Processando URL 2/19: https://www.redescredenciadas.com.br/perfil/ryan-de-alencar-araripe-falcao-ce-10928
2025-05-22 03:42:08,268 - P17020 - INFO - HTML salvo para debug: data\debug_html_v10\de6dec070c79c8051a14d1770ba63cf0.html
2025-05-22 03:42:08,275 - P17020 - INFO - Candidates address: 0 items
2025-05-22 03:42:08,276 - P17020 - INFO - Candidates phone: 6 items
2025-05-22 03:42:08,276 - P17020 - INFO - Candidates email: 0 items
2025-05-22 03:42:08,277 - P17020 - INFO - Candidates complement: 0 items
2025-05-22 03:42:08,277 - P17020 - INFO - Candidates cep: 0 items
2025-05-22 03:42:08,277 - P17020 - INFO - Após processar URL 2 Uso de memória: 131.25 MB
2025-05-22 03:42:08,277 - P17020 - INFO - Processando URL 3/19: https://premieremedicina.com.br/equipe/ryan-de-alencar-araripe-falcao/
2025-05-22 03:42:10,664 - P17020 - INFO - HTML salvo para debug: data\debug_html_v10\816eaeea5bcf67227b750538cb13b7fc.html
2025-05-22 03:42:10,690 - P17020 - INFO - Candidates address: 1 items
2025-05-22 03:42:10,690 - P17020 - INFO - Candidates phone: 2 items
2025-05-22 03:42:10,690 - P17020 - INFO - Candidates email: 1 items
2025-05-22 03:42:10,690 - P17020 - INFO - Candidates complement: 0 items
2025-05-22 03:42:10,690 - P17020 - INFO - Candidates cep: 1 items
2025-05-22 03:42:10,691 - P17020 - INFO - Após processar URL 3 Uso de memória: 131.25 MB
2025-05-22 03:42:10,691 - P17020 - INFO - Processando URL 4/19: https://www.consultacrm.com.br/index/medicos/uid-9afb8c3e-f5c5-11ec-9e74-0a4aa568c625/ryan_de_alencar_araripe_falcao
2025-05-22 03:42:15,895 - P17020 - INFO - HTML salvo para debug: data\debug_html_v10\3fca862fc1e46a87d3f31fd1edb71cd3.html
2025-05-22 03:42:15,905 - P17020 - INFO - Candidates address: 0 items
2025-05-22 03:42:15,905 - P17020 - INFO - Candidates phone: 0 items
2025-05-22 03:42:15,906 - P17020 - INFO - Candidates email: 0 items
2025-05-22 03:42:15,906 - P17020 - INFO - Candidates complement: 0 items
2025-05-22 03:42:15,906 - P17020 - INFO - Candidates cep: 0 items
2025-05-22 03:42:15,906 - P17020 - INFO - Após processar URL 4 Uso de memória: 132.00 MB
2025-05-22 03:42:15,906 - P17020 - INFO - Processando URL 5/19: https://consultacrm.com.br/
2025-05-22 03:42:19,208 - P17020 - INFO - HTML salvo para debug: data\debug_html_v10\65cadeb91ac3713432c21b535990f440.html
2025-05-22 03:42:19,226 - P17020 - INFO - Candidates address: 0 items
2025-05-22 03:42:19,227 - P17020 - INFO - Candidates phone: 0 items
2025-05-22 03:42:19,227 - P17020 - INFO - Candidates email: 0 items
2025-05-22 03:42:19,227 - P17020 - INFO - Candidates complement: 0 items
2025-05-22 03:42:19,227 - P17020 - INFO - Candidates cep: 0 items
2025-05-22 03:42:19,227 - P17020 - INFO - Após processar URL 5 Uso de memória: 131.24 MB
2025-05-22 03:42:19,227 - P17020 - INFO - Processando URL 6/19: https://www.ime.usp.br/~yoshi/2020i/ccm128/sandbox/2020.05.06/DATA/LEIPZIG_PT_BR/1M/por-br_newscrawl_2011_1M-words.txt
2025-05-22 03:42:19,228 - P17020 - INFO - Ignorando URL de arquivo não-HTML: https://www.ime.usp.br/~yoshi/2020i/ccm128/sandbox/2020.05.06/DATA/LEIPZIG_PT_BR/1M/por-br_newscrawl_2011_1M-words.txt
2025-05-22 03:42:19,228 - P17020 - INFO - Após processar URL 6 Uso de memória: 131.24 MB
2025-05-22 03:42:19,228 - P17020 - INFO - Processando URL 7/19: https://www.frissononline.com.br/eventos/35459/casamento_ana_carolina_e_ryan_falcao
2025-05-22 03:42:24,594 - P17020 - INFO - HTML salvo para debug: data\debug_html_v10\0b137656d1387c4b2a15874770a6328f.html
2025-05-22 03:42:24,661 - P17020 - INFO - Candidates address: 0 items
2025-05-22 03:42:24,661 - P17020 - INFO - Candidates phone: 1 items
2025-05-22 03:42:24,661 - P17020 - INFO - Candidates email: 0 items
2025-05-22 03:42:24,662 - P17020 - INFO - Candidates complement: 1 items
2025-05-22 03:42:24,662 - P17020 - INFO - Candidates cep: 1 items
2025-05-22 03:42:24,662 - P17020 - INFO - Após processar URL 7 Uso de memória: 131.24 MB
2025-05-22 03:42:24,663 - P17020 - INFO - Processando URL 8/19: https://www.doctoralia.com.br/cardiologista/fortaleza/messejana
2025-05-22 03:42:24,663 - P17020 - INFO - Ignorando URL de arquivo não-HTML: https://www.doctoralia.com.br/cardiologista/fortaleza/messejana
2025-05-22 03:42:24,664 - P17020 - INFO - Após processar URL 8 Uso de memória: 131.24 MB
2025-05-22 03:42:24,664 - P17020 - INFO - Processando URL 9/19: https://www.linguateca.pt/acesso/tokens/formas.cbras.txt
2025-05-22 03:42:24,665 - P17020 - INFO - Ignorando URL de arquivo não-HTML: https://www.linguateca.pt/acesso/tokens/formas.cbras.txt
2025-05-22 03:42:24,665 - P17020 - INFO - Após processar URL 9 Uso de memória: 131.24 MB
2025-05-22 03:42:24,665 - P17020 - INFO - Processando URL 10/19: https://listamedicos.com/medico/ryan-de-alencar-araripe-falcao
2025-05-22 03:42:28,334 - P17020 - INFO - HTML salvo para debug: data\debug_html_v10\b2ff5148322b6584b72ce432adb4c811.html
2025-05-22 03:42:28,340 - P17020 - INFO - Candidates address: 0 items
2025-05-22 03:42:28,341 - P17020 - INFO - Candidates phone: 0 items
2025-05-22 03:42:28,341 - P17020 - INFO - Candidates email: 0 items
2025-05-22 03:42:28,341 - P17020 - INFO - Candidates complement: 0 items
2025-05-22 03:42:28,342 - P17020 - INFO - Candidates cep: 2 items
2025-05-22 03:42:28,342 - P17020 - INFO - Após processar URL 10 Uso de memória: 131.24 MB
2025-05-22 03:42:28,342 - P17020 - INFO - Processando URL 11/19: https://www.medicosbrasil.com/profissional/breno-de-alencar-araripe-falcao
2025-05-22 03:42:32,120 - P17020 - INFO - HTML salvo para debug: data\debug_html_v10\e6e14c96312967f2b62c3684b7b431e4.html
2025-05-22 03:42:32,139 - P17020 - INFO - Candidates address: 0 items
2025-05-22 03:42:32,140 - P17020 - INFO - Candidates phone: 0 items
2025-05-22 03:42:32,140 - P17020 - INFO - Candidates email: 0 items
2025-05-22 03:42:32,140 - P17020 - INFO - Candidates complement: 0 items
2025-05-22 03:42:32,140 - P17020 - INFO - Candidates cep: 0 items
2025-05-22 03:42:32,140 - P17020 - INFO - Após processar URL 11 Uso de memória: 132.61 MB
2025-05-22 03:42:32,140 - P17020 - INFO - Processando URL 12/19: https://www.doctoralia.com.br/ryan-de-alencar-araripe-falcao-2/cardiologista-internista/fortaleza#:~:text=Ryan%20de%20Alencar%20Araripe%20Falc%C3%A3o%20%C3%A9%20cardiologista%2C%20internista.,Ryan%20de%20Alencar%20Araripe%20Falc%C3%A3o%3F
2025-05-22 03:42:32,141 - P17020 - INFO - Ignorando URL de arquivo não-HTML: https://www.doctoralia.com.br/ryan-de-alencar-araripe-falcao-2/cardiologista-internista/fortaleza#:~:text=Ryan%20de%20Alencar%20Araripe%20Falc%C3%A3o%20%C3%A9%20cardiologista%2C%20internista.,Ryan%20de%20Alencar%20Araripe%20Falc%C3%A3o%3F
2025-05-22 03:42:32,141 - P17020 - INFO - Após processar URL 12 Uso de memória: 131.25 MB
2025-05-22 03:42:32,141 - P17020 - INFO - Processando URL 13/19: https://www.catalogo.med.br/doutor/ryan-de-alencar-araripe-falcao-2055814.htm
2025-05-22 03:42:34,296 - P17020 - INFO - HTML salvo para debug: data\debug_html_v10\078578b491d84051a5f2426d50040b9c.html
2025-05-22 03:42:34,298 - P17020 - INFO - Candidates address: 0 items
2025-05-22 03:42:34,298 - P17020 - INFO - Candidates phone: 0 items
2025-05-22 03:42:34,298 - P17020 - INFO - Candidates email: 0 items
2025-05-22 03:42:34,299 - P17020 - INFO - Candidates complement: 0 items
2025-05-22 03:42:34,299 - P17020 - INFO - Candidates cep: 0 items
2025-05-22 03:42:34,299 - P17020 - INFO - Após processar URL 13 Uso de memória: 131.25 MB
2025-05-22 03:42:34,299 - P17020 - INFO - Processando URL 14/19: https://www.doctoralia.com.br/cardiologista/fortaleza/aldeota?page=2
2025-05-22 03:42:34,299 - P17020 - INFO - Ignorando URL de arquivo não-HTML: https://www.doctoralia.com.br/cardiologista/fortaleza/aldeota?page=2
2025-05-22 03:42:34,300 - P17020 - INFO - Após processar URL 14 Uso de memória: 131.25 MB
2025-05-22 03:42:34,300 - P17020 - INFO - Processando URL 15/19: https://www.doctoralia.com.br/ryan-de-alencar-araripe-falcao-2/cardiologista-internista/fortaleza
2025-05-22 03:42:34,300 - P17020 - INFO - Ignorando URL de arquivo não-HTML: https://www.doctoralia.com.br/ryan-de-alencar-araripe-falcao-2/cardiologista-internista/fortaleza
2025-05-22 03:42:34,300 - P17020 - INFO - Após processar URL 15 Uso de memória: 131.25 MB
2025-05-22 03:42:34,300 - P17020 - INFO - Processando URL 16/19: https://www.escavador.com/sobre/4833591/ryan-de-alencar-araripe-falcao
2025-05-22 03:42:37,964 - P17020 - INFO - HTML salvo para debug: data\debug_html_v10\e0ab76357fd48bb7d1a91ac6f23fdfbc.html
2025-05-22 03:42:37,984 - P17020 - INFO - Candidates address: 0 items
2025-05-22 03:42:37,985 - P17020 - INFO - Candidates phone: 0 items
2025-05-22 03:42:37,985 - P17020 - INFO - Candidates email: 0 items
2025-05-22 03:42:37,986 - P17020 - INFO - Candidates complement: 0 items
2025-05-22 03:42:37,986 - P17020 - INFO - Candidates cep: 0 items
2025-05-22 03:42:37,987 - P17020 - INFO - Após processar URL 16 Uso de memória: 131.26 MB
2025-05-22 03:42:37,987 - P17020 - INFO - Processando URL 17/19: https://arx.iweventos.com.br/evento/cnnec2022/programacao/palestrante/23400
2025-05-22 03:42:42,809 - P17020 - INFO - HTML salvo para debug: data\debug_html_v10\06ad37e972865d5e7805b17d91552c8c.html
2025-05-22 03:42:42,827 - P17020 - INFO - Candidates address: 0 items
2025-05-22 03:42:42,827 - P17020 - INFO - Candidates phone: 0 items
2025-05-22 03:42:42,827 - P17020 - INFO - Candidates email: 0 items
2025-05-22 03:42:42,827 - P17020 - INFO - Candidates complement: 0 items
2025-05-22 03:42:42,827 - P17020 - INFO - Candidates cep: 0 items
2025-05-22 03:42:42,828 - P17020 - INFO - Após processar URL 17 Uso de memória: 131.26 MB
2025-05-22 03:42:42,828 - P17020 - INFO - Processando URL 18/19: https://www.ime.usp.br/~yoshi/DATA/LEIPZIG_PT_BR/1M/por-br_newscrawl_2011_1M-words.txt
2025-05-22 03:42:42,828 - P17020 - INFO - Ignorando URL de arquivo não-HTML: https://www.ime.usp.br/~yoshi/DATA/LEIPZIG_PT_BR/1M/por-br_newscrawl_2011_1M-words.txt
2025-05-22 03:42:42,829 - P17020 - INFO - Após processar URL 18 Uso de memória: 131.26 MB
2025-05-22 03:42:42,829 - P17020 - INFO - Processando URL 19/19: https://clinica.work/especialista/ryan-de-alencar-araripe-falcao-cardiologista-fortaleza-ce
2025-05-22 03:42:46,915 - P17020 - INFO - HTML salvo para debug: data\debug_html_v10\0b2abd80a3685f0af8b191b76e28f126.html
2025-05-22 03:42:46,947 - P17020 - INFO - Candidates address: 0 items
2025-05-22 03:42:46,948 - P17020 - INFO - Candidates phone: 0 items
2025-05-22 03:42:46,949 - P17020 - INFO - Candidates email: 0 items
2025-05-22 03:42:46,949 - P17020 - INFO - Candidates complement: 0 items
2025-05-22 03:42:46,950 - P17020 - INFO - Candidates cep: 2 items
2025-05-22 03:42:46,950 - P17020 - INFO - Após processar URL 19 Uso de memória: 132.75 MB
2025-05-22 03:42:46,950 - P17020 - INFO - Iniciando agregação e ranqueamento
2025-05-22 03:42:46,950 - P17020 - INFO - Ranked address: 1 items
2025-05-22 03:42:46,950 - P17020 - INFO - Ranked phone: 9 items
2025-05-22 03:42:46,951 - P17020 - INFO - Ranked email: 1 items
2025-05-22 03:42:46,951 - P17020 - INFO - Ranked complement: 1 items
2025-05-22 03:42:46,951 - P17020 - INFO - Ranked cep: 5 items
2025-05-22 03:42:46,951 - P17020 - INFO - Após agregação Uso de memória: 132.75 MB
2025-05-22 03:42:46,951 - P17020 - INFO - Validando endereço: ['R. Tibúrcio Cavalcante, 1947']
2025-05-22 03:42:46,952 - P17020 - INFO - Endereço validado: R. Tibúrcio Cavalcante, 1947
2025-05-22 03:42:46,953 - P17020 - INFO - Limpando texto extenso para campo address: R. Tibúrcio Cavalcante, 1947...
2025-05-22 03:42:46,953 - P17020 - INFO - Texto limpo: R. Tibúrcio Cavalcante, 1947
2025-05-22 03:42:46,953 - P17020 - INFO - Validando telefone: ['(85) 3261-0486', '(85) 3261-7818', '(85) 4012-0442']
2025-05-22 03:42:46,953 - P17020 - INFO - Limpando texto extenso para campo phone: (85) 3261-0486...
2025-05-22 03:42:46,953 - P17020 - INFO - Texto limpo: 85) 3261-0486
2025-05-22 03:42:46,954 - P17020 - INFO - Telefone validado: 85) 3261-0486
2025-05-22 03:42:46,954 - P17020 - INFO - Validando email: ['atendimento@premieremedicina.com.br']
2025-05-22 03:42:46,954 - P17020 - INFO - Limpando texto extenso para campo email: atendimento@premieremedicina.com.br...
2025-05-22 03:42:46,954 - P17020 - INFO - Texto limpo: atendimento@premieremedicina.com.br
2025-05-22 03:42:46,954 - P17020 - INFO - Email validado: atendimento@premieremedicina.com.br
2025-05-22 03:42:46,955 - P17020 - INFO - Validando complemento: ['Sala com show em homenagem a Maria Bethânia    19 de m']
2025-05-22 03:42:46,955 - P17020 - INFO - Limpando texto extenso para campo complement: Sala com show em homenagem a Maria Bethânia    19 ...
2025-05-22 03:42:46,955 - P17020 - INFO - Texto limpo: Sala com show em homenagem a M
2025-05-22 03:42:46,955 - P17020 - INFO - Complemento validado: Sala com show em homenagem a M
2025-05-22 03:42:46,955 - P17020 - INFO - Descobrindo cidade
2025-05-22 03:42:46,955 - P17020 - INFO - Buscando cidade: R. Tibúrcio Cavalcante cidade CE
2025-05-22 03:42:50,173 - P17020 - WARNING - Cidade não encontrada
2025-05-22 03:42:50,173 - P17020 - INFO - Cidade descoberta: 
2025-05-22 03:42:50,173 - P17020 - INFO - Tempo de execução de processamento completo do médico: 59.93 segundos
2025-05-22 03:42:50,174 - P17020 - INFO - Resultado processado: {'Hash': 'd18c04c4117170ba02fed1c3646d081a1fa17f7414a1edce7ebe9b1b551c0972', 'CRM': '10928', 'UF': 'CE', 'Firstname': 'RYAN', 'LastName': 'DE ALENCAR ARARIPE FALCÃO', 'Medical specialty': '', 'Endereco Completo A1': 'R. Tibúrcio Cavalcante, 1947', 'Address A1': 'R. Tibúrcio Cavalcante', 'Numero A1': '1947', 'Complement A1': 'Sala com show em homenagem a M', 'Bairro A1': '', 'postal code A1': '', 'City A1': '', 'State A1': '', 'Phone A1': '85) 3261-0486', 'Phone A2': '', 'Cell phone A1': '', 'Cell phone A2': '', 'E-mail A1': 'atendimento@premieremedicina.com.br', 'E-mail A2': '', 'OPT-IN': '', 'STATUS': '', 'LOTE': ''}
2025-05-22 03:42:50,175 - P17020 - INFO - Progresso: 53.4%
2025-05-22 03:42:50,175 - P17020 - INFO - Executando coleta de lixo
2025-05-22 03:42:50,309 - P17020 - INFO - Após coleta de lixo Uso de memória: 120.70 MB
2025-05-22 03:42:50,309 - P17020 - INFO - Tempo de execução de processamento do médico 1: 61.34 segundos
2025-05-22 03:42:50,309 - P17020 - INFO - 
==================================================
Processando médico 2/3
2025-05-22 03:42:50,309 - P17020 - INFO - Nome: AMPARO CARMEN ROSALIA NARVAEZ VARGAS
2025-05-22 03:42:50,309 - P17020 - INFO - Início do processamento Uso de memória: 120.70 MB
2025-05-22 03:42:50,310 - P17020 - INFO - Iniciando busca para: AMPARO CARMEN ROSALIA NARVAEZ VARGAS CRM 10980 CE telefone e-mail endereço
2025-05-22 03:42:51,150 - P17020 - INFO - SearX results: 9 URLs
2025-05-22 03:42:51,150 - P17020 - INFO - Após SearX Uso de memória: 120.70 MB
2025-05-22 03:42:53,969 - P17020 - INFO - Google results: 5 URLs
2025-05-22 03:42:53,969 - P17020 - INFO - Após Google Uso de memória: 124.04 MB
2025-05-22 03:42:56,422 - P17020 - INFO - Bing results: 9 URLs
2025-05-22 03:42:56,422 - P17020 - INFO - Após Bing Uso de memória: 127.97 MB
2025-05-22 03:42:56,422 - P17020 - INFO - Total de URLs únicas: 13
2025-05-22 03:42:56,422 - P17020 - INFO - Processando URL 1/13: https://issuu.com/cremec/docs/jornal94
2025-05-22 03:42:59,492 - P17020 - INFO - HTML salvo para debug: data\debug_html_v10\bb39780a1b735cbceeca67c918a5f4e7.html
2025-05-22 03:42:59,513 - P17020 - INFO - Candidates address: 0 items
2025-05-22 03:42:59,514 - P17020 - INFO - Candidates phone: 0 items
2025-05-22 03:42:59,514 - P17020 - INFO - Candidates email: 0 items
2025-05-22 03:42:59,514 - P17020 - INFO - Candidates complement: 0 items
2025-05-22 03:42:59,515 - P17020 - INFO - Candidates cep: 0 items
2025-05-22 03:42:59,515 - P17020 - INFO - Após processar URL 1 Uso de memória: 128.40 MB
2025-05-22 03:42:59,515 - P17020 - INFO - Processando URL 2/13: https://cliniguia.com/profissionais/amparo-carmen-rosalia-narvaez-vargas-980016280427736/
2025-05-22 03:43:05,096 - P17020 - INFO - HTML salvo para debug: data\debug_html_v10\1c2c2978c30f797dc54a8be34c05cdab.html
2025-05-22 03:43:05,148 - P17020 - INFO - Candidates address: 0 items
2025-05-22 03:43:05,149 - P17020 - INFO - Candidates phone: 0 items
2025-05-22 03:43:05,149 - P17020 - INFO - Candidates email: 0 items
2025-05-22 03:43:05,149 - P17020 - INFO - Candidates complement: 0 items
2025-05-22 03:43:05,149 - P17020 - INFO - Candidates cep: 0 items
2025-05-22 03:43:05,149 - P17020 - INFO - Após processar URL 2 Uso de memória: 130.04 MB
2025-05-22 03:43:05,149 - P17020 - INFO - Processando URL 3/13: https://cnpj.biz/29780464000140
2025-05-22 03:43:09,658 - P17020 - INFO - HTML salvo para debug: data\debug_html_v10\54e07ff527d08f9039453812472bdc44.html
2025-05-22 03:43:09,675 - P17020 - INFO - Candidates address: 2 items
2025-05-22 03:43:09,675 - P17020 - INFO - Candidates phone: 1 items
2025-05-22 03:43:09,675 - P17020 - INFO - Candidates email: 0 items
2025-05-22 03:43:09,675 - P17020 - INFO - Candidates complement: 3 items
2025-05-22 03:43:09,675 - P17020 - INFO - Candidates cep: 3 items
2025-05-22 03:43:09,676 - P17020 - INFO - Após processar URL 3 Uso de memória: 130.17 MB
2025-05-22 03:43:09,676 - P17020 - INFO - Processando URL 4/13: http://www.guiareunimedicos.med.br/c/ce/juazeiro-do-norte/ginecologistas-e-obstetras/amparo-narvaez-vargas-2688852.htm
2025-05-22 03:43:11,819 - P17020 - INFO - HTML salvo para debug: data\debug_html_v10\00ec966cc11f066dc132c5d53e6cffa3.html
2025-05-22 03:43:11,819 - P17020 - INFO - Candidates address: 0 items
2025-05-22 03:43:11,819 - P17020 - INFO - Candidates phone: 0 items
2025-05-22 03:43:11,820 - P17020 - INFO - Candidates email: 0 items
2025-05-22 03:43:11,820 - P17020 - INFO - Candidates complement: 0 items
2025-05-22 03:43:11,820 - P17020 - INFO - Candidates cep: 0 items
2025-05-22 03:43:11,820 - P17020 - INFO - Após processar URL 4 Uso de memória: 130.17 MB
2025-05-22 03:43:11,820 - P17020 - INFO - Processando URL 5/13: https://coopego-ce.com.br/ache-seu-medico/page/2/
2025-05-22 03:43:15,336 - P17020 - INFO - HTML salvo para debug: data\debug_html_v10\db2fec581fd6dc0526c7b4ac7fd0b049.html
2025-05-22 03:43:15,364 - P17020 - INFO - Candidates address: 16 items
2025-05-22 03:43:15,364 - P17020 - INFO - Candidates phone: 4 items
2025-05-22 03:43:15,364 - P17020 - INFO - Candidates email: 1 items
2025-05-22 03:43:15,365 - P17020 - INFO - Candidates complement: 4 items
2025-05-22 03:43:15,365 - P17020 - INFO - Candidates cep: 21 items
2025-05-22 03:43:15,365 - P17020 - INFO - Após processar URL 5 Uso de memória: 132.15 MB
2025-05-22 03:43:15,365 - P17020 - INFO - Processando URL 6/13: https://www.consultacrm.com.br/index/medicos/uid-92dd9bcd-f5c5-11ec-9e74-0a4aa568c625/amparo_carmen_rosalia_narvaez_vargas
2025-05-22 03:43:19,456 - P17020 - INFO - HTML salvo para debug: data\debug_html_v10\95db0d693a050c0e4125151288162476.html
2025-05-22 03:43:19,466 - P17020 - INFO - Candidates address: 0 items
2025-05-22 03:43:19,466 - P17020 - INFO - Candidates phone: 0 items
2025-05-22 03:43:19,466 - P17020 - INFO - Candidates email: 0 items
2025-05-22 03:43:19,466 - P17020 - INFO - Candidates complement: 0 items
2025-05-22 03:43:19,466 - P17020 - INFO - Candidates cep: 0 items
2025-05-22 03:43:19,467 - P17020 - INFO - Após processar URL 6 Uso de memória: 132.77 MB
2025-05-22 03:43:19,467 - P17020 - INFO - Processando URL 7/13: https://www.catalogo.med.br/doutor/amparo-narvaez-vargas-2688852.htm
2025-05-22 03:43:21,578 - P17020 - INFO - HTML salvo para debug: data\debug_html_v10\e1c3fecb2d45a5168481f2fe58b402c9.html
2025-05-22 03:43:21,579 - P17020 - INFO - Candidates address: 0 items
2025-05-22 03:43:21,579 - P17020 - INFO - Candidates phone: 0 items
2025-05-22 03:43:21,580 - P17020 - INFO - Candidates email: 0 items
2025-05-22 03:43:21,580 - P17020 - INFO - Candidates complement: 0 items
2025-05-22 03:43:21,580 - P17020 - INFO - Candidates cep: 0 items
2025-05-22 03:43:21,580 - P17020 - INFO - Após processar URL 7 Uso de memória: 132.77 MB
2025-05-22 03:43:21,580 - P17020 - INFO - Processando URL 8/13: https://www.medicosbrasil.com/profissional/amparo-carmen-rosalia-narvaez-vargas
2025-05-22 03:43:23,772 - P17020 - INFO - HTML salvo para debug: data\debug_html_v10\ed5513723be6b00900c95dbd5673237c.html
2025-05-22 03:43:23,774 - P17020 - INFO - Candidates address: 0 items
2025-05-22 03:43:23,774 - P17020 - INFO - Candidates phone: 0 items
2025-05-22 03:43:23,774 - P17020 - INFO - Candidates email: 0 items
2025-05-22 03:43:23,774 - P17020 - INFO - Candidates complement: 0 items
2025-05-22 03:43:23,775 - P17020 - INFO - Candidates cep: 0 items
2025-05-22 03:43:23,775 - P17020 - INFO - Após processar URL 8 Uso de memória: 132.84 MB
2025-05-22 03:43:23,775 - P17020 - INFO - Processando URL 9/13: https://doutorcrm.com/amparo-carmen-rosalia-narvaez-vargas
2025-05-22 03:43:28,513 - P17020 - INFO - HTML salvo para debug: data\debug_html_v10\96b3606eb0039109984654bc60102c03.html
2025-05-22 03:43:28,524 - P17020 - INFO - Candidates address: 0 items
2025-05-22 03:43:28,524 - P17020 - INFO - Candidates phone: 0 items
2025-05-22 03:43:28,524 - P17020 - INFO - Candidates email: 0 items
2025-05-22 03:43:28,525 - P17020 - INFO - Candidates complement: 0 items
2025-05-22 03:43:28,526 - P17020 - INFO - Candidates cep: 0 items
2025-05-22 03:43:28,527 - P17020 - INFO - Após processar URL 9 Uso de memória: 133.09 MB
2025-05-22 03:43:28,541 - P17020 - INFO - Processando URL 10/13: https://www.coopego-ce.com.br/ache-seu-medico/amparo-carmen-rosalia-narvarez-vargas/
2025-05-22 03:43:32,072 - P17020 - INFO - HTML salvo para debug: data\debug_html_v10\aea61d8e52b2aee0b1232f121cb3acf4.html
2025-05-22 03:43:32,091 - P17020 - INFO - Candidates address: 1 items
2025-05-22 03:43:32,092 - P17020 - INFO - Candidates phone: 3 items
2025-05-22 03:43:32,092 - P17020 - INFO - Candidates email: 1 items
2025-05-22 03:43:32,092 - P17020 - INFO - Candidates complement: 1 items
2025-05-22 03:43:32,092 - P17020 - INFO - Candidates cep: 4 items
2025-05-22 03:43:32,092 - P17020 - INFO - Após processar URL 10 Uso de memória: 134.60 MB
2025-05-22 03:43:32,092 - P17020 - INFO - Processando URL 11/13: https://www.boaconsulta.com/especialista/amparo-carmen-rosalia-narvaez-vargas-6105ff6fa2e00a7597000366
2025-05-22 03:43:35,638 - P17020 - INFO - HTML salvo para debug: data\debug_html_v10\399e2120e0f3c016a9945ca087dae4a9.html
2025-05-22 03:43:35,705 - P17020 - INFO - Candidates address: 1 items
2025-05-22 03:43:35,705 - P17020 - INFO - Candidates phone: 0 items
2025-05-22 03:43:35,705 - P17020 - INFO - Candidates email: 0 items
2025-05-22 03:43:35,705 - P17020 - INFO - Candidates complement: 0 items
2025-05-22 03:43:35,705 - P17020 - INFO - Candidates cep: 0 items
2025-05-22 03:43:35,706 - P17020 - INFO - Após processar URL 11 Uso de memória: 133.20 MB
2025-05-22 03:43:35,706 - P17020 - INFO - Processando URL 12/13: https://www.classemedica.com.br/medico/17397-amparo-carmen-rosalia-narvaez-vargas.htm
2025-05-22 03:43:59,052 - P17020 - INFO - HTML salvo para debug: data\debug_html_v10\f8b20e83d374346f60c2652cf758c4f9.html
2025-05-22 03:43:59,083 - P17020 - INFO - Candidates address: 0 items
2025-05-22 03:43:59,083 - P17020 - INFO - Candidates phone: 0 items
2025-05-22 03:43:59,084 - P17020 - INFO - Candidates email: 0 items
2025-05-22 03:43:59,084 - P17020 - INFO - Candidates complement: 0 items
2025-05-22 03:43:59,084 - P17020 - INFO - Candidates cep: 0 items
2025-05-22 03:43:59,085 - P17020 - INFO - Após processar URL 12 Uso de memória: 133.24 MB
2025-05-22 03:43:59,085 - P17020 - INFO - Processando URL 13/13: https://www.threads.net/@dra.amparovargas?hl=pt-br
2025-05-22 03:44:01,860 - P17020 - INFO - HTML salvo para debug: data\debug_html_v10\cebe8545dafb1a974b54bb0c258e1e4d.html
2025-05-22 03:44:01,879 - P17020 - INFO - Candidates address: 0 items
2025-05-22 03:44:01,879 - P17020 - INFO - Candidates phone: 0 items
2025-05-22 03:44:01,879 - P17020 - INFO - Candidates email: 0 items
2025-05-22 03:44:01,880 - P17020 - INFO - Candidates complement: 0 items
2025-05-22 03:44:01,880 - P17020 - INFO - Candidates cep: 0 items
2025-05-22 03:44:01,880 - P17020 - INFO - Após processar URL 13 Uso de memória: 135.12 MB
2025-05-22 03:44:01,880 - P17020 - INFO - Iniciando agregação e ranqueamento
2025-05-22 03:44:01,880 - P17020 - INFO - Ranked address: 19 items
2025-05-22 03:44:01,881 - P17020 - INFO - Ranked phone: 5 items
2025-05-22 03:44:01,881 - P17020 - INFO - Ranked email: 1 items
2025-05-22 03:44:01,881 - P17020 - INFO - Ranked complement: 7 items
2025-05-22 03:44:01,881 - P17020 - INFO - Ranked cep: 24 items
2025-05-22 03:44:01,881 - P17020 - INFO - Após agregação Uso de memória: 135.12 MB
2025-05-22 03:44:01,881 - P17020 - INFO - Validando endereço: ['Rua João Carvalho, 800', 'Rua Padre Cicero, 911', 'Rua Padre Cicero 911 Sala 04 Centro Juazeiro do Norte CE']
2025-05-22 03:44:01,881 - P17020 - INFO - Endereço validado: Rua João Carvalho, 800
2025-05-22 03:44:01,882 - P17020 - INFO - Limpando texto extenso para campo address: Rua João Carvalho, 800...
2025-05-22 03:44:01,882 - P17020 - INFO - Texto limpo: Rua João Carvalho, 800
2025-05-22 03:44:01,882 - P17020 - INFO - Validando telefone: ['(85) 3224-8064', '(85) 99107-2734', '(85) 99944-6167']
2025-05-22 03:44:01,882 - P17020 - INFO - Limpando texto extenso para campo phone: (85) 3224-8064...
2025-05-22 03:44:01,882 - P17020 - INFO - Texto limpo: 85) 3224-8064
2025-05-22 03:44:01,882 - P17020 - INFO - Telefone validado: 85) 3224-8064
2025-05-22 03:44:01,882 - P17020 - INFO - Validando email: ['coopego@coopego-ce.com.br']
2025-05-22 03:44:01,883 - P17020 - INFO - Limpando texto extenso para campo email: coopego@coopego-ce.com.br...
2025-05-22 03:44:01,883 - P17020 - INFO - Texto limpo: coopego@coopego-ce.com.br
2025-05-22 03:44:01,883 - P17020 - INFO - Email validado: coopego@coopego-ce.com.br
2025-05-22 03:44:01,883 - P17020 - INFO - Validando complemento: ['Sala 109 e 111', 'Sala  04  Clique para copiar    Bairro:  Centro  Cliqu', 'Sala  04  Centro  Juazeiro do Norte CE  63010-021  Cli']
2025-05-22 03:44:01,883 - P17020 - INFO - Limpando texto extenso para campo complement: Sala 109 e 111...
2025-05-22 03:44:01,884 - P17020 - INFO - Texto limpo: Sala 109 e 111
2025-05-22 03:44:01,884 - P17020 - INFO - Complemento validado: Sala 109 e 111
2025-05-22 03:44:01,884 - P17020 - INFO - Descobrindo cidade
2025-05-22 03:44:01,885 - P17020 - INFO - Buscando cidade: Rua João Carvalho cidade CE
2025-05-22 03:44:04,412 - P17020 - INFO - Cidade encontrada: Fortaleza
2025-05-22 03:44:04,412 - P17020 - INFO - Limpando texto extenso para campo city: Fortaleza...
2025-05-22 03:44:04,412 - P17020 - INFO - Texto limpo: Fortaleza
2025-05-22 03:44:04,412 - P17020 - INFO - Cidade descoberta: Fortaleza
2025-05-22 03:44:04,413 - P17020 - INFO - Buscando CEP com sistema de cascata
2025-05-22 03:44:04,413 - P17020 - INFO - Iniciando busca de CEP em cascata para: Rua João Carvalho, Fortaleza, CE
2025-05-22 03:44:04,413 - P17020 - INFO - Método 1: ViaCEP API
2025-05-22 03:44:04,413 - P17020 - INFO - Buscando no ViaCEP: https://viacep.com.br/ws/CE/fortaleza/rua%20joao%20carvalho/json/
2025-05-22 03:44:05,083 - P17020 - INFO - Dados encontrados no ViaCEP: {'cep': '60140-140', 'logradouro': 'Rua João Carvalho', 'complemento': '', 'unidade': '', 'bairro': 'Aldeota', 'localidade': 'Fortaleza', 'uf': 'CE', 'estado': 'Ceará', 'regiao': 'Nordeste', 'ibge': '2304400', 'gia': '', 'ddd': '85', 'siafi': '1389'}
2025-05-22 03:44:05,085 - P17020 - INFO - CEP encontrado via ViaCEP: 60140-140
2025-05-22 03:44:05,085 - P17020 - INFO - Dados de CEP encontrados: {'cep': '60140-140', 'logradouro': 'Rua João Carvalho', 'complemento': '', 'unidade': '', 'bairro': 'Aldeota', 'localidade': 'Fortaleza', 'uf': 'CE', 'estado': 'Ceará', 'regiao': 'Nordeste', 'ibge': '2304400', 'gia': '', 'ddd': '85', 'siafi': '1389'}
2025-05-22 03:44:05,086 - P17020 - INFO - Limpando texto extenso para campo bairro: Aldeota...
2025-05-22 03:44:05,086 - P17020 - INFO - Texto limpo: Aldeota
2025-05-22 03:44:05,086 - P17020 - INFO - Limpando texto extenso para campo city: Fortaleza...
2025-05-22 03:44:05,087 - P17020 - INFO - Texto limpo: Fortaleza
2025-05-22 03:44:05,087 - P17020 - INFO - Limpando texto extenso para campo state: CE...
2025-05-22 03:44:05,087 - P17020 - INFO - Texto limpo: CE
2025-05-22 03:44:05,087 - P17020 - INFO - Tempo de execução de processamento completo do médico: 74.78 segundos
2025-05-22 03:44:05,087 - P17020 - INFO - Resultado processado: {'Hash': 'd375220df8d566db22919abb73f2308a99f4cb68bd1ed0d8efba8e4b6fd38650', 'CRM': '10980', 'UF': 'CE', 'Firstname': 'AMPARO', 'LastName': 'CARMEN ROSALIA NARVAEZ VARGAS', 'Medical specialty': '', 'Endereco Completo A1': 'Rua João Carvalho, 800', 'Address A1': 'Rua João Carvalho', 'Numero A1': '800', 'Complement A1': 'Sala 109 e 111', 'Bairro A1': 'Aldeota', 'postal code A1': '60140-140', 'City A1': 'Fortaleza', 'State A1': 'CE', 'Phone A1': '85) 3224-8064', 'Phone A2': '', 'Cell phone A1': '', 'Cell phone A2': '', 'E-mail A1': 'coopego@coopego-ce.com.br', 'E-mail A2': '', 'OPT-IN': '', 'STATUS': '', 'LOTE': ''}
2025-05-22 03:44:05,088 - P17020 - INFO - Progresso: 53.8%
2025-05-22 03:44:05,089 - P17020 - INFO - Tempo de execução de processamento do médico 2: 74.78 segundos
2025-05-22 03:44:05,089 - P17020 - INFO - 
==================================================
Processando médico 3/3
2025-05-22 03:44:05,089 - P17020 - INFO - Nome: JULIANA ALCÂNTARA ALVES ROMÃO
2025-05-22 03:44:05,090 - P17020 - INFO - Início do processamento Uso de memória: 128.67 MB
2025-05-22 03:44:05,090 - P17020 - INFO - Iniciando busca para: JULIANA ALCÂNTARA ALVES ROMÃO CRM 11123 CE telefone e-mail endereço
2025-05-22 03:44:05,844 - P17020 - INFO - SearX results: 15 URLs
2025-05-22 03:44:05,845 - P17020 - INFO - Após SearX Uso de memória: 128.67 MB
2025-05-22 03:44:08,421 - P17020 - INFO - Google results: 10 URLs
2025-05-22 03:44:08,422 - P17020 - INFO - Após Google Uso de memória: 128.69 MB
2025-05-22 03:44:11,028 - P17020 - INFO - Bing results: 10 URLs
2025-05-22 03:44:11,028 - P17020 - INFO - Após Bing Uso de memória: 128.70 MB
2025-05-22 03:44:11,028 - P17020 - INFO - Total de URLs únicas: 25
2025-05-22 03:44:11,028 - P17020 - INFO - Processando URL 1/25: https://cnpj.biz/43959293000141
2025-05-22 03:44:13,385 - P17020 - INFO - HTML salvo para debug: data\debug_html_v10\1f8ec9add9cc3c9f37d5cacaf13fb1c5.html
2025-05-22 03:44:13,388 - P17020 - INFO - Candidates address: 0 items
2025-05-22 03:44:13,389 - P17020 - INFO - Candidates phone: 0 items
2025-05-22 03:44:13,389 - P17020 - INFO - Candidates email: 0 items
2025-05-22 03:44:13,389 - P17020 - INFO - Candidates complement: 0 items
2025-05-22 03:44:13,389 - P17020 - INFO - Candidates cep: 0 items
2025-05-22 03:44:13,389 - P17020 - INFO - Após processar URL 1 Uso de memória: 128.70 MB
2025-05-22 03:44:13,390 - P17020 - INFO - Processando URL 2/25: https://diariomunicipal.org/mt/amm/publicacoes/1057729/
2025-05-22 03:44:15,935 - P17020 - INFO - HTML salvo para debug: data\debug_html_v10\d6c43f59af035c61c5017470472577f3.html
2025-05-22 03:44:15,945 - P17020 - INFO - Candidates address: 1 items
2025-05-22 03:44:15,946 - P17020 - INFO - Candidates phone: 1 items
2025-05-22 03:44:15,946 - P17020 - INFO - Candidates email: 1 items
2025-05-22 03:44:15,947 - P17020 - INFO - Candidates complement: 0 items
2025-05-22 03:44:15,947 - P17020 - INFO - Candidates cep: 1 items
2025-05-22 03:44:15,948 - P17020 - INFO - Após processar URL 2 Uso de memória: 128.72 MB
2025-05-22 03:44:15,948 - P17020 - INFO - Processando URL 3/25: https://www.boaconsulta.com/especialista/juliana-alcantara-alves-romao-cruz-6105e55fa2e00a693c000cba
2025-05-22 03:44:19,119 - P17020 - INFO - HTML salvo para debug: data\debug_html_v10\46adfb58ad8ebb6e39bc0553a224491f.html
2025-05-22 03:44:19,197 - P17020 - INFO - Candidates address: 1 items
2025-05-22 03:44:19,198 - P17020 - INFO - Candidates phone: 0 items
2025-05-22 03:44:19,199 - P17020 - INFO - Candidates email: 0 items
2025-05-22 03:44:19,199 - P17020 - INFO - Candidates complement: 0 items
2025-05-22 03:44:19,204 - P17020 - INFO - Candidates cep: 0 items
2025-05-22 03:44:19,205 - P17020 - INFO - Após processar URL 3 Uso de memória: 129.19 MB
2025-05-22 03:44:19,205 - P17020 - INFO - Processando URL 4/25: https://www.doctoralia.com.br/juliana-alcantara-cruz/psiquiatra/fortaleza
2025-05-22 03:44:19,208 - P17020 - INFO - Ignorando URL de arquivo não-HTML: https://www.doctoralia.com.br/juliana-alcantara-cruz/psiquiatra/fortaleza
2025-05-22 03:44:19,209 - P17020 - INFO - Após processar URL 4 Uso de memória: 128.45 MB
2025-05-22 03:44:19,210 - P17020 - INFO - Processando URL 5/25: https://portal-api.campinas.sp.gov.br/sites/default/files/publicacoes-dom/dom/527324882306488235273227.pdf
2025-05-22 03:44:19,210 - P17020 - INFO - Ignorando URL de arquivo não-HTML: https://portal-api.campinas.sp.gov.br/sites/default/files/publicacoes-dom/dom/527324882306488235273227.pdf
2025-05-22 03:44:19,211 - P17020 - INFO - Após processar URL 5 Uso de memória: 128.45 MB
2025-05-22 03:44:19,211 - P17020 - INFO - Processando URL 6/25: https://www.catalogo.med.br/doutor/juliana-alcantara-alves-romao-2386639.htm
2025-05-22 03:44:21,397 - P17020 - INFO - HTML salvo para debug: data\debug_html_v10\ff8dded65c5fb5b29595a4310861bcdb.html
2025-05-22 03:44:21,398 - P17020 - INFO - Candidates address: 0 items
2025-05-22 03:44:21,405 - P17020 - INFO - Candidates phone: 0 items
2025-05-22 03:44:21,405 - P17020 - INFO - Candidates email: 0 items
2025-05-22 03:44:21,406 - P17020 - INFO - Candidates complement: 0 items
2025-05-22 03:44:21,406 - P17020 - INFO - Candidates cep: 0 items
2025-05-22 03:44:21,406 - P17020 - INFO - Após processar URL 6 Uso de memória: 128.45 MB
2025-05-22 03:44:21,406 - P17020 - INFO - Processando URL 7/25: https://consultacrm.com.br/
2025-05-22 03:44:24,636 - P17020 - INFO - HTML salvo para debug: data\debug_html_v10\65cadeb91ac3713432c21b535990f440.html
2025-05-22 03:44:24,648 - P17020 - INFO - Candidates address: 0 items
2025-05-22 03:44:24,649 - P17020 - INFO - Candidates phone: 0 items
2025-05-22 03:44:24,649 - P17020 - INFO - Candidates email: 0 items
2025-05-22 03:44:24,649 - P17020 - INFO - Candidates complement: 0 items
2025-05-22 03:44:24,649 - P17020 - INFO - Candidates cep: 0 items
2025-05-22 03:44:24,650 - P17020 - INFO - Após processar URL 7 Uso de memória: 129.10 MB
2025-05-22 03:44:24,650 - P17020 - INFO - Processando URL 8/25: https://www.tjpr.jus.br/documents/13302/5615790/JU2003_07_10.pdf/2b6f5abe-d020-45ba-8c9f-73d5da1656ec?version=1.0
2025-05-22 03:44:24,650 - P17020 - INFO - Ignorando URL de arquivo não-HTML: https://www.tjpr.jus.br/documents/13302/5615790/JU2003_07_10.pdf/2b6f5abe-d020-45ba-8c9f-73d5da1656ec?version=1.0
2025-05-22 03:44:24,650 - P17020 - INFO - Após processar URL 8 Uso de memória: 129.10 MB
2025-05-22 03:44:24,650 - P17020 - INFO - Processando URL 9/25: https://wspf.bradesco.com.br/wsValidadorUniversal/Content/Pdf/Layout_Abertura_Massiva_De_Contas_CTAM_v3.pdf
2025-05-22 03:44:24,651 - P17020 - INFO - Ignorando URL de arquivo não-HTML: https://wspf.bradesco.com.br/wsValidadorUniversal/Content/Pdf/Layout_Abertura_Massiva_De_Contas_CTAM_v3.pdf
2025-05-22 03:44:24,651 - P17020 - INFO - Após processar URL 9 Uso de memória: 129.10 MB
2025-05-22 03:44:24,651 - P17020 - INFO - Processando URL 10/25: https://web.trf3.jus.br/diario/Consulta/BaixarPdf/12415
2025-05-22 03:44:26,791 - P17020 - INFO - HTML salvo para debug: data\debug_html_v10\387b99d6502d34b1c5e3a91a21a9e1ba.html
2025-05-22 03:44:26,803 - P17020 - INFO - Candidates address: 0 items
2025-05-22 03:44:26,803 - P17020 - INFO - Candidates phone: 0 items
2025-05-22 03:44:26,803 - P17020 - INFO - Candidates email: 0 items
2025-05-22 03:44:26,803 - P17020 - INFO - Candidates complement: 0 items
2025-05-22 03:44:26,803 - P17020 - INFO - Candidates cep: 0 items
2025-05-22 03:44:26,803 - P17020 - INFO - Após processar URL 10 Uso de memória: 129.10 MB
2025-05-22 03:44:26,804 - P17020 - INFO - Processando URL 11/25: https://deoab.oab.org.br/assets/diarios/diario-eletronico-oab-07-12-2023.pdf?p=1701975600031
2025-05-22 03:44:26,804 - P17020 - INFO - Ignorando URL de arquivo não-HTML: https://deoab.oab.org.br/assets/diarios/diario-eletronico-oab-07-12-2023.pdf?p=1701975600031
2025-05-22 03:44:26,804 - P17020 - INFO - Após processar URL 11 Uso de memória: 129.10 MB
2025-05-22 03:44:26,804 - P17020 - INFO - Processando URL 12/25: https://www.sinj.df.gov.br/sinj/Diario/67ac9829-1ef3-3372-8cc1-a0430791fd07/DODF%20204%2023-10-2024%20INTEGRA.pdf
2025-05-22 03:44:26,804 - P17020 - INFO - Ignorando URL de arquivo não-HTML: https://www.sinj.df.gov.br/sinj/Diario/67ac9829-1ef3-3372-8cc1-a0430791fd07/DODF%20204%2023-10-2024%20INTEGRA.pdf
2025-05-22 03:44:26,804 - P17020 - INFO - Após processar URL 12 Uso de memória: 129.10 MB
2025-05-22 03:44:26,804 - P17020 - INFO - Processando URL 13/25: https://www.mpsp.mp.br/w/dic3a1riooficialmpsp20062015
2025-05-22 03:44:31,460 - P17020 - INFO - HTML salvo para debug: data\debug_html_v10\d6b3d0f0f28ad94feafa8423fbd41b1a.html
2025-05-22 03:44:31,907 - P17020 - INFO - Candidates address: 13 items
2025-05-22 03:44:31,908 - P17020 - INFO - Candidates phone: 1 items
2025-05-22 03:44:31,908 - P17020 - INFO - Candidates email: 3 items
2025-05-22 03:44:31,909 - P17020 - INFO - Candidates complement: 3 items
2025-05-22 03:44:31,909 - P17020 - INFO - Candidates cep: 4 items
2025-05-22 03:44:31,909 - P17020 - INFO - Após processar URL 13 Uso de memória: 130.61 MB
2025-05-22 03:44:31,909 - P17020 - INFO - Processando URL 14/25: https://www.classemedica.com.br/medico/174696-juliana-alcantara-alves-romao.htm
2025-05-22 03:44:43,352 - P17020 - INFO - HTML salvo para debug: data\debug_html_v10\5bd2141c6039e956547da030e8e4f11e.html
2025-05-22 03:44:43,380 - P17020 - INFO - Candidates address: 0 items
2025-05-22 03:44:43,381 - P17020 - INFO - Candidates phone: 0 items
2025-05-22 03:44:43,381 - P17020 - INFO - Candidates email: 0 items
2025-05-22 03:44:43,381 - P17020 - INFO - Candidates complement: 0 items
2025-05-22 03:44:43,381 - P17020 - INFO - Candidates cep: 0 items
2025-05-22 03:44:43,382 - P17020 - INFO - Após processar URL 14 Uso de memória: 129.63 MB
2025-05-22 03:44:43,382 - P17020 - INFO - Processando URL 15/25: https://ioepa.com.br/pages/2023/2023.04.04.DOE.pdf
2025-05-22 03:44:43,382 - P17020 - INFO - Ignorando URL de arquivo não-HTML: https://ioepa.com.br/pages/2023/2023.04.04.DOE.pdf
2025-05-22 03:44:43,382 - P17020 - INFO - Após processar URL 15 Uso de memória: 129.63 MB
2025-05-22 03:44:43,382 - P17020 - INFO - Processando URL 16/25: https://portal.cfm.org.br/busca-medicos
2025-05-22 03:44:49,052 - P17020 - INFO - HTML salvo para debug: data\debug_html_v10\e28ae84aaa177d1328f3a0d1fb68449f.html
2025-05-22 03:44:49,087 - P17020 - INFO - Candidates address: 0 items
2025-05-22 03:44:49,087 - P17020 - INFO - Candidates phone: 0 items
2025-05-22 03:44:49,087 - P17020 - INFO - Candidates email: 1 items
2025-05-22 03:44:49,088 - P17020 - INFO - Candidates complement: 1 items
2025-05-22 03:44:49,088 - P17020 - INFO - Candidates cep: 1 items
2025-05-22 03:44:49,088 - P17020 - INFO - Após processar URL 16 Uso de memória: 129.68 MB
2025-05-22 03:44:49,088 - P17020 - INFO - Processando URL 17/25: https://www.helpsaude.com/Juliana-Alcantara-Alves-Romao.CE/
2025-05-22 03:44:55,028 - P17020 - INFO - HTML salvo para debug: data\debug_html_v10\d926243b77fa50ff68aa8861da93cb61.html
2025-05-22 03:44:55,039 - P17020 - INFO - Candidates address: 0 items
2025-05-22 03:44:55,040 - P17020 - INFO - Candidates phone: 0 items
2025-05-22 03:44:55,040 - P17020 - INFO - Candidates email: 0 items
2025-05-22 03:44:55,040 - P17020 - INFO - Candidates complement: 0 items
2025-05-22 03:44:55,040 - P17020 - INFO - Candidates cep: 0 items
2025-05-22 03:44:55,041 - P17020 - INFO - Após processar URL 17 Uso de memória: 129.69 MB
2025-05-22 03:44:55,041 - P17020 - INFO - Processando URL 18/25: https://www.tjpi.jus.br/diarioeletronico/public/dj210408_9107.pdf
2025-05-22 03:44:55,041 - P17020 - INFO - Ignorando URL de arquivo não-HTML: https://www.tjpi.jus.br/diarioeletronico/public/dj210408_9107.pdf
2025-05-22 03:44:55,042 - P17020 - INFO - Após processar URL 18 Uso de memória: 129.69 MB
2025-05-22 03:44:55,043 - P17020 - INFO - Processando URL 19/25: https://www2.bauru.sp.gov.br/arquivos/sist_diariooficial/2022/02/do_20220217_3516.pdf
2025-05-22 03:44:55,043 - P17020 - INFO - Ignorando URL de arquivo não-HTML: https://www2.bauru.sp.gov.br/arquivos/sist_diariooficial/2022/02/do_20220217_3516.pdf
2025-05-22 03:44:55,043 - P17020 - INFO - Após processar URL 19 Uso de memória: 129.69 MB
2025-05-22 03:44:55,043 - P17020 - INFO - Processando URL 20/25: https://www2.bauru.sp.gov.br/arquivos/sist_diariooficial/2023/05/do_20230504_3691.pdf
2025-05-22 03:44:55,044 - P17020 - INFO - Ignorando URL de arquivo não-HTML: https://www2.bauru.sp.gov.br/arquivos/sist_diariooficial/2023/05/do_20230504_3691.pdf
2025-05-22 03:44:55,044 - P17020 - INFO - Após processar URL 20 Uso de memória: 129.69 MB
2025-05-22 03:44:55,044 - P17020 - INFO - Processando URL 21/25: https://crmvirtual.cfm.org.br/CE/servico/pesquisar-por-medico
2025-05-22 03:44:57,949 - P17020 - INFO - HTML salvo para debug: data\debug_html_v10\45a055d6195bb8c8f36ec2660226b84e.html
2025-05-22 03:44:57,966 - P17020 - INFO - Candidates address: 0 items
2025-05-22 03:44:57,966 - P17020 - INFO - Candidates phone: 0 items
2025-05-22 03:44:57,966 - P17020 - INFO - Candidates email: 1 items
2025-05-22 03:44:57,967 - P17020 - INFO - Candidates complement: 0 items
2025-05-22 03:44:57,969 - P17020 - INFO - Candidates cep: 0 items
2025-05-22 03:44:57,971 - P17020 - INFO - Após processar URL 21 Uso de memória: 129.73 MB
2025-05-22 03:44:57,971 - P17020 - INFO - Processando URL 22/25: https://www.escavador.com/sobre/9060211/juliana-alcantara-alves-romao
2025-05-22 03:45:01,576 - P17020 - INFO - HTML salvo para debug: data\debug_html_v10\bcae5896725cdff3c81310f6a543ada2.html
2025-05-22 03:45:01,593 - P17020 - INFO - Candidates address: 0 items
2025-05-22 03:45:01,593 - P17020 - INFO - Candidates phone: 0 items
2025-05-22 03:45:01,593 - P17020 - INFO - Candidates email: 0 items
2025-05-22 03:45:01,594 - P17020 - INFO - Candidates complement: 0 items
2025-05-22 03:45:01,594 - P17020 - INFO - Candidates cep: 0 items
2025-05-22 03:45:01,594 - P17020 - INFO - Após processar URL 22 Uso de memória: 129.77 MB
2025-05-22 03:45:01,594 - P17020 - INFO - Processando URL 23/25: https://cliniguia.com/profissionais/juliana-alcantara-alves-romao-cruz-980016282747401/
2025-05-22 03:45:07,441 - P17020 - INFO - HTML salvo para debug: data\debug_html_v10\812beb700d46f4f7e18a7f9dee94f800.html
2025-05-22 03:45:07,487 - P17020 - INFO - Candidates address: 0 items
2025-05-22 03:45:07,488 - P17020 - INFO - Candidates phone: 0 items
2025-05-22 03:45:07,488 - P17020 - INFO - Candidates email: 0 items
2025-05-22 03:45:07,488 - P17020 - INFO - Candidates complement: 0 items
2025-05-22 03:45:07,488 - P17020 - INFO - Candidates cep: 0 items
2025-05-22 03:45:07,489 - P17020 - INFO - Após processar URL 23 Uso de memória: 129.78 MB
2025-05-22 03:45:07,490 - P17020 - INFO - Processando URL 24/25: https://www.portaltransparencia.gov.br/pessoa-fisica/busca/lista
2025-05-22 03:45:11,399 - P17020 - INFO - HTML salvo para debug: data\debug_html_v10\e200cdf64b71d4c9248718dd155b3edb.html
2025-05-22 03:45:11,439 - P17020 - INFO - Candidates address: 0 items
2025-05-22 03:45:11,439 - P17020 - INFO - Candidates phone: 0 items
2025-05-22 03:45:11,440 - P17020 - INFO - Candidates email: 0 items
2025-05-22 03:45:11,440 - P17020 - INFO - Candidates complement: 0 items
2025-05-22 03:45:11,440 - P17020 - INFO - Candidates cep: 0 items
2025-05-22 03:45:11,440 - P17020 - INFO - Após processar URL 24 Uso de memória: 129.83 MB
2025-05-22 03:45:11,440 - P17020 - INFO - Processando URL 25/25: https://diariooficial.santos.sp.gov.br/edicoes/inicio/download/2025-01-24
2025-05-22 03:45:13,566 - P17020 - INFO - HTML salvo para debug: data\debug_html_v10\d8cd9e8cad289939bc6802782d5672fb.html
2025-05-22 03:45:13,567 - P17020 - INFO - Candidates address: 0 items
2025-05-22 03:45:13,567 - P17020 - INFO - Candidates phone: 0 items
2025-05-22 03:45:13,567 - P17020 - INFO - Candidates email: 0 items
2025-05-22 03:45:13,567 - P17020 - INFO - Candidates complement: 0 items
2025-05-22 03:45:13,567 - P17020 - INFO - Candidates cep: 0 items
2025-05-22 03:45:13,568 - P17020 - INFO - Após processar URL 25 Uso de memória: 129.83 MB
2025-05-22 03:45:13,568 - P17020 - INFO - Iniciando agregação e ranqueamento
2025-05-22 03:45:13,568 - P17020 - INFO - Ranked address: 15 items
2025-05-22 03:45:13,568 - P17020 - INFO - Ranked phone: 2 items
2025-05-22 03:45:13,568 - P17020 - INFO - Ranked email: 6 items
2025-05-22 03:45:13,568 - P17020 - INFO - Ranked complement: 4 items
2025-05-22 03:45:13,569 - P17020 - INFO - Ranked cep: 6 items
2025-05-22 03:45:13,569 - P17020 - INFO - Após agregação Uso de memória: 129.83 MB
2025-05-22 03:45:13,569 - P17020 - INFO - Validando endereço: ['Av. Historiador Rubens de Mendonça, 3920', 'Avenida Eusebio De Queiroz, 4689', 'Rua Artur Marangoni, 2411']
2025-05-22 03:45:13,569 - P17020 - INFO - Endereço validado: Av. Historiador Rubens de Mendonça, 3920
2025-05-22 03:45:13,569 - P17020 - INFO - Limpando texto extenso para campo address: Av. Historiador Rubens de Mendonça, 3920...
2025-05-22 03:45:13,569 - P17020 - INFO - Texto limpo: Av. Historiador Rubens de Mendonça, 3920
2025-05-22 03:45:13,570 - P17020 - INFO - Validando telefone: ['+556521231200', '(11) 3119-9000']
2025-05-22 03:45:13,570 - P17020 - INFO - Limpando texto extenso para campo phone: (11) 3119-9000...
2025-05-22 03:45:13,570 - P17020 - INFO - Texto limpo: 11) 3119-9000
2025-05-22 03:45:13,570 - P17020 - INFO - Telefone validado: 11) 3119-9000
2025-05-22 03:45:13,570 - P17020 - INFO - Validando email: ['ouvidoria@amm.org.br', 'valdirRezende@mpsp.mp.br', 'apmp@apmp.com.br']
2025-05-22 03:45:13,570 - P17020 - INFO - Limpando texto extenso para campo email: ouvidoria@amm.org.br...
2025-05-22 03:45:13,570 - P17020 - INFO - Texto limpo: ouvidoria@amm.org.br
2025-05-22 03:45:13,571 - P17020 - INFO - Email validado: ouvidoria@amm.org.br
2025-05-22 03:45:13,571 - P17020 - INFO - Validando complemento: ['Sala de Reuniões da Promotoria de Justiça das Execuçõe', 'Sala 345 - CTIC - Sala de Treinamento - São Paulo - SP', 'Sala dos Estagiários - Endereço: Rua Francisca Senhori']
2025-05-22 03:45:13,571 - P17020 - INFO - Limpando texto extenso para campo complement: Sala de Reuniões da Promotoria de Justiça das Exec...
2025-05-22 03:45:13,571 - P17020 - INFO - Texto limpo: Sala de Reuniões da Promotoria
2025-05-22 03:45:13,572 - P17020 - INFO - Complemento validado: Sala de Reuniões da Promotoria
2025-05-22 03:45:13,572 - P17020 - INFO - Descobrindo cidade
2025-05-22 03:45:13,572 - P17020 - INFO - Buscando cidade: Av. Historiador Rubens de Mendonça cidade CE
2025-05-22 03:45:16,134 - P17020 - WARNING - Cidade não encontrada
2025-05-22 03:45:16,134 - P17020 - INFO - Cidade descoberta: 
2025-05-22 03:45:16,135 - P17020 - INFO - Tempo de execução de processamento completo do médico: 71.04 segundos
2025-05-22 03:45:16,135 - P17020 - INFO - Resultado processado: {'Hash': '6dc8bfafa51e235cf3b28ded91b3d7638ce18eaf375d87e3b9b497ac4380561e', 'CRM': '11123', 'UF': 'CE', 'Firstname': 'JULIANA', 'LastName': 'ALCÂNTARA ALVES ROMÃO', 'Medical specialty': '', 'Endereco Completo A1': 'Av. Historiador Rubens de Mendonça, 3920', 'Address A1': 'Av. Historiador Rubens de Mendonça', 'Numero A1': '3920', 'Complement A1': 'Sala de Reuniões da Promotoria', 'Bairro A1': '', 'postal code A1': '', 'City A1': '', 'State A1': '', 'Phone A1': '11) 3119-9000', 'Phone A2': '', 'Cell phone A1': '', 'Cell phone A2': '', 'E-mail A1': 'ouvidoria@amm.org.br', 'E-mail A2': '', 'OPT-IN': '', 'STATUS': '', 'LOTE': ''}
2025-05-22 03:45:16,135 - P17020 - INFO - Salvando lote de resultados
2025-05-22 03:45:16,136 - P17020 - INFO - Após salvar resultados Uso de memória: 128.24 MB
2025-05-22 03:45:16,136 - P17020 - INFO - Progresso: 54.3%
2025-05-22 03:45:16,136 - P17020 - INFO - Tempo de execução de processamento do médico 3: 71.05 segundos
2025-05-22 03:45:16,137 - P17020 - INFO - Tempo de execução de processamento do lote completo: 207.17 segundos
