2025-05-22 02:24:21,631 - P14756 - INFO - 
==================================================
Processando médico 1/3
2025-05-22 02:24:21,631 - P14756 - INFO - Nome: AMÁLIA LUCY SOARES QUERINO TELLES
2025-05-22 02:24:21,631 - P14756 - INFO - Reiniciando driver do Chrome
2025-05-22 02:24:22,900 - P14756 - INFO - Após reiniciar driver Uso de memória: 109.24 MB
2025-05-22 02:24:22,900 - P14756 - INFO - Início do processamento Uso de memória: 109.24 MB
2025-05-22 02:24:22,900 - P14756 - INFO - Iniciando busca para: AMÁLIA LUCY SOARES QUERINO TELLES CRM 894460 RJ telefone e-mail endereço
2025-05-22 02:24:23,322 - P14756 - INFO - SearX results: 1 URLs
2025-05-22 02:24:23,322 - P14756 - INFO - Após SearX Uso de memória: 109.24 MB
2025-05-22 02:24:26,219 - P14756 - INFO - Google results: 7 URLs
2025-05-22 02:24:26,219 - P14756 - INFO - Após Google Uso de memória: 113.40 MB
2025-05-22 02:24:29,003 - P14756 - INFO - Bing results: 14 URLs
2025-05-22 02:24:29,004 - P14756 - INFO - Após Bing Uso de memória: 114.66 MB
2025-05-22 02:24:29,004 - P14756 - INFO - Total de URLs únicas: 19
2025-05-22 02:24:29,004 - P14756 - INFO - Processando URL 1/19: https://www.doctoralia.com.br/endocrinologista/rio-de-janeiro/outro-reembolsavel?page=2
2025-05-22 02:24:29,004 - P14756 - INFO - Ignorando URL de arquivo não-HTML: https://www.doctoralia.com.br/endocrinologista/rio-de-janeiro/outro-reembolsavel?page=2
2025-05-22 02:24:29,004 - P14756 - INFO - Após processar URL 1 Uso de memória: 114.66 MB
2025-05-22 02:24:29,004 - P14756 - INFO - Processando URL 2/19: https://doctoralia.com.br/doencas/diabetes-gestacional
2025-05-22 02:24:32,336 - P14756 - INFO - HTML salvo para debug: data\debug_html_v10\22d62bc20832e1f009bab35f460a57bc.html
2025-05-22 02:24:32,392 - P14756 - INFO - Candidates address: 1 items
2025-05-22 02:24:32,393 - P14756 - INFO - Candidates phone: 0 items
2025-05-22 02:24:32,393 - P14756 - INFO - Candidates email: 0 items
2025-05-22 02:24:32,393 - P14756 - INFO - Candidates complement: 0 items
2025-05-22 02:24:32,393 - P14756 - INFO - Candidates cep: 1 items
2025-05-22 02:24:32,394 - P14756 - INFO - Após processar URL 2 Uso de memória: 114.99 MB
2025-05-22 02:24:32,394 - P14756 - INFO - Processando URL 3/19: https://doctoralia.com.br/contato
2025-05-22 02:24:35,079 - P14756 - INFO - HTML salvo para debug: data\debug_html_v10\96b3b2a8f88f38e8ba2eb265571e4a31.html
2025-05-22 02:24:35,098 - P14756 - INFO - Candidates address: 1 items
2025-05-22 02:24:35,099 - P14756 - INFO - Candidates phone: 0 items
2025-05-22 02:24:35,101 - P14756 - INFO - Candidates email: 0 items
2025-05-22 02:24:35,101 - P14756 - INFO - Candidates complement: 0 items
2025-05-22 02:24:35,102 - P14756 - INFO - Candidates cep: 1 items
2025-05-22 02:24:35,102 - P14756 - INFO - Após processar URL 3 Uso de memória: 114.99 MB
2025-05-22 02:24:35,103 - P14756 - INFO - Processando URL 4/19: https://doctoralia.com.br/endocrinologista/rio-de-janeiro/mediservice
2025-05-22 02:24:39,979 - P14756 - INFO - HTML salvo para debug: data\debug_html_v10\4a92678fee9392fc6b0af45312a09c44.html
2025-05-22 02:24:40,059 - P14756 - INFO - Candidates address: 9 items
2025-05-22 02:24:40,059 - P14756 - INFO - Candidates phone: 0 items
2025-05-22 02:24:40,059 - P14756 - INFO - Candidates email: 0 items
2025-05-22 02:24:40,059 - P14756 - INFO - Candidates complement: 2 items
2025-05-22 02:24:40,059 - P14756 - INFO - Candidates cep: 1 items
2025-05-22 02:24:40,060 - P14756 - INFO - Após processar URL 4 Uso de memória: 116.39 MB
2025-05-22 02:24:40,060 - P14756 - INFO - Processando URL 5/19: https://institutoamit.com.br/dra-amalia-lucy-soares/
2025-05-22 02:24:44,913 - P14756 - INFO - HTML salvo para debug: data\debug_html_v10\5e026bc97177014020f9d37c4df7476c.html
2025-05-22 02:24:44,934 - P14756 - INFO - Candidates address: 1 items
2025-05-22 02:24:44,935 - P14756 - INFO - Candidates phone: 3 items
2025-05-22 02:24:44,936 - P14756 - INFO - Candidates email: 0 items
2025-05-22 02:24:44,936 - P14756 - INFO - Candidates complement: 1 items
2025-05-22 02:24:44,937 - P14756 - INFO - Candidates cep: 1 items
2025-05-22 02:24:44,937 - P14756 - INFO - Após processar URL 5 Uso de memória: 115.57 MB
2025-05-22 02:24:44,938 - P14756 - INFO - Processando URL 6/19: https://www.doctoralia.com.br/amalia-lucy-soares-querino-telles/endocrinologista-medico-clinico-geral/rio-de-janeiro?prevent-patient-app-banner=true&utm_source=google&utm_medium=gmb&utm_campaign=506772&utm_content=book_visit&hl=pt-BR&gei=jLUuaPaWAbfL1sQP6_6XsQ0&rwg_token=AAiGsoaEEKlHeWkr5u-fopCyKZR1_88Lrp5TN-hniYGN78EYev968mEz30hUVAMyyEeTn7p2BRaBJIbRUv9_qH5oprqF9AyNtQ%3D%3D&source=cat#highlight-calendar
2025-05-22 02:24:44,939 - P14756 - INFO - Ignorando URL de arquivo não-HTML: https://www.doctoralia.com.br/amalia-lucy-soares-querino-telles/endocrinologista-medico-clinico-geral/rio-de-janeiro?prevent-patient-app-banner=true&utm_source=google&utm_medium=gmb&utm_campaign=506772&utm_content=book_visit&hl=pt-BR&gei=jLUuaPaWAbfL1sQP6_6XsQ0&rwg_token=AAiGsoaEEKlHeWkr5u-fopCyKZR1_88Lrp5TN-hniYGN78EYev968mEz30hUVAMyyEeTn7p2BRaBJIbRUv9_qH5oprqF9AyNtQ%3D%3D&source=cat#highlight-calendar
2025-05-22 02:24:44,940 - P14756 - INFO - Após processar URL 6 Uso de memória: 115.57 MB
2025-05-22 02:24:44,941 - P14756 - INFO - Processando URL 7/19: https://www.doctoralia.com.br/amalia-lucy-soares-querino-telles/endocrinologista-medico-clinico-geral/rio-de-janeiro?prevent-patient-app-banner=true&utm_source=google&utm_medium=gmb&utm_campaign=506772&utm_content=book_visit&hl=pt-BR&gei=jLUuaPaWAbfL1sQP6_6XsQ0&rwg_token=AAiGsobKkXM4pYtukftjdgURrjlQZU-ekZ9iNTqifiL9S1YJpmcVq6CK65QuFn4ELaTrwfW3F0Ep7VUCNru1R6_IqBuxEo5jLw%3D%3D&source=cat#highlight-calendar
2025-05-22 02:24:44,942 - P14756 - INFO - Ignorando URL de arquivo não-HTML: https://www.doctoralia.com.br/amalia-lucy-soares-querino-telles/endocrinologista-medico-clinico-geral/rio-de-janeiro?prevent-patient-app-banner=true&utm_source=google&utm_medium=gmb&utm_campaign=506772&utm_content=book_visit&hl=pt-BR&gei=jLUuaPaWAbfL1sQP6_6XsQ0&rwg_token=AAiGsobKkXM4pYtukftjdgURrjlQZU-ekZ9iNTqifiL9S1YJpmcVq6CK65QuFn4ELaTrwfW3F0Ep7VUCNru1R6_IqBuxEo5jLw%3D%3D&source=cat#highlight-calendar
2025-05-22 02:24:44,942 - P14756 - INFO - Após processar URL 7 Uso de memória: 115.57 MB
2025-05-22 02:24:44,943 - P14756 - INFO - Processando URL 8/19: https://www.doctoralia.com.br/endocrinologista/rio-de-janeiro/barra-da-tijuca
2025-05-22 02:24:44,943 - P14756 - INFO - Ignorando URL de arquivo não-HTML: https://www.doctoralia.com.br/endocrinologista/rio-de-janeiro/barra-da-tijuca
2025-05-22 02:24:44,943 - P14756 - INFO - Após processar URL 8 Uso de memória: 115.57 MB
2025-05-22 02:24:44,943 - P14756 - INFO - Processando URL 9/19: https://www.medicosbrasil.com/profissional/amalia-lucy-soares-querino
2025-05-22 02:24:48,490 - P14756 - INFO - HTML salvo para debug: data\debug_html_v10\edccb8e8c8945e307b8dea476fdb34ca.html
2025-05-22 02:24:48,516 - P14756 - INFO - Candidates address: 0 items
2025-05-22 02:24:48,516 - P14756 - INFO - Candidates phone: 0 items
2025-05-22 02:24:48,516 - P14756 - INFO - Candidates email: 0 items
2025-05-22 02:24:48,516 - P14756 - INFO - Candidates complement: 0 items
2025-05-22 02:24:48,516 - P14756 - INFO - Candidates cep: 1 items
2025-05-22 02:24:48,517 - P14756 - INFO - Após processar URL 9 Uso de memória: 115.60 MB
2025-05-22 02:24:48,517 - P14756 - INFO - Processando URL 10/19: https://www.doctoranytime.com.br/d/endocrinologista/amalia-lucy-soares-querino-telles
2025-05-22 02:24:48,517 - P14756 - INFO - Ignorando URL de arquivo não-HTML: https://www.doctoranytime.com.br/d/endocrinologista/amalia-lucy-soares-querino-telles
2025-05-22 02:24:48,517 - P14756 - INFO - Após processar URL 10 Uso de memória: 115.60 MB
2025-05-22 02:24:48,517 - P14756 - INFO - Processando URL 11/19: https://melhores.com/endocrinologista/rio-de-janeiro/amalia-lucy-soares-querino-telles
2025-05-22 02:24:51,714 - P14756 - INFO - HTML salvo para debug: data\debug_html_v10\999ea4d3ff2c6b89e6c0d79e12a91b4c.html
2025-05-22 02:24:51,716 - P14756 - INFO - Candidates address: 0 items
2025-05-22 02:24:51,717 - P14756 - INFO - Candidates phone: 0 items
2025-05-22 02:24:51,717 - P14756 - INFO - Candidates email: 0 items
2025-05-22 02:24:51,717 - P14756 - INFO - Candidates complement: 0 items
2025-05-22 02:24:51,717 - P14756 - INFO - Candidates cep: 0 items
2025-05-22 02:24:51,717 - P14756 - INFO - Após processar URL 11 Uso de memória: 115.60 MB
2025-05-22 02:24:51,717 - P14756 - INFO - Processando URL 12/19: https://www.benditoguia.com.br/empresa/dra-amalia-lucy-querino-telles-endocrinologista-ipanema-rio-de-janeiro-rj
2025-05-22 02:24:55,389 - P14756 - INFO - HTML salvo para debug: data\debug_html_v10\f3fa3a10d8bbe4712f3a311d4df86057.html
2025-05-22 02:24:55,410 - P14756 - INFO - Candidates address: 1 items
2025-05-22 02:24:55,410 - P14756 - INFO - Candidates phone: 1 items
2025-05-22 02:24:55,411 - P14756 - INFO - Candidates email: 0 items
2025-05-22 02:24:55,411 - P14756 - INFO - Candidates complement: 0 items
2025-05-22 02:24:55,411 - P14756 - INFO - Candidates cep: 1 items
2025-05-22 02:24:55,411 - P14756 - INFO - Após processar URL 12 Uso de memória: 115.60 MB
2025-05-22 02:24:55,411 - P14756 - INFO - Processando URL 13/19: https://www.bingplaces.com/DashBoard/Edit?Id=YN7993x10075246859172033250&market=pt-BR&src=SERPGB
2025-05-22 02:24:59,761 - P14756 - INFO - HTML salvo para debug: data\debug_html_v10\c9e9fc74d2efecad3940a4ced2303e95.html
2025-05-22 02:24:59,778 - P14756 - INFO - Candidates address: 1 items
2025-05-22 02:24:59,779 - P14756 - INFO - Candidates phone: 1 items
2025-05-22 02:24:59,779 - P14756 - INFO - Candidates email: 0 items
2025-05-22 02:24:59,779 - P14756 - INFO - Candidates complement: 0 items
2025-05-22 02:24:59,780 - P14756 - INFO - Candidates cep: 1 items
2025-05-22 02:24:59,780 - P14756 - INFO - Após processar URL 13 Uso de memória: 115.60 MB
2025-05-22 02:24:59,780 - P14756 - INFO - Processando URL 14/19: https://www.doctoralia.com.br/amalia-lucy-soares-querino-telles/endocrinologista-medico-clinico-geral/rio-de-janeiro?utm_source=google&utm_medium=gmb&utm_campaign=506772&utm_content=website
2025-05-22 02:24:59,780 - P14756 - INFO - Ignorando URL de arquivo não-HTML: https://www.doctoralia.com.br/amalia-lucy-soares-querino-telles/endocrinologista-medico-clinico-geral/rio-de-janeiro?utm_source=google&utm_medium=gmb&utm_campaign=506772&utm_content=website
2025-05-22 02:24:59,781 - P14756 - INFO - Após processar URL 14 Uso de memória: 115.60 MB
2025-05-22 02:24:59,781 - P14756 - INFO - Processando URL 15/19: https://doctoralia.com.br/amalia-lucy-soares-querino-telles/endocrinologista-medico-clinico-geral/rio-de-janeiro
2025-05-22 02:25:02,719 - P14756 - INFO - HTML salvo para debug: data\debug_html_v10\600f791f00dd9d6a12d959682193584a.html
2025-05-22 02:25:02,879 - P14756 - INFO - Candidates address: 4 items
2025-05-22 02:25:02,880 - P14756 - INFO - Candidates phone: 1 items
2025-05-22 02:25:02,880 - P14756 - INFO - Candidates email: 0 items
2025-05-22 02:25:02,880 - P14756 - INFO - Candidates complement: 0 items
2025-05-22 02:25:02,880 - P14756 - INFO - Candidates cep: 1 items
2025-05-22 02:25:02,880 - P14756 - INFO - Após processar URL 15 Uso de memória: 116.86 MB
2025-05-22 02:25:02,880 - P14756 - INFO - Processando URL 16/19: https://www.doctoralia.com.br/amalia-lucy-soares-querino-telles/endocrinologista-medico-clinico-geral/rio-de-janeiro
2025-05-22 02:25:02,881 - P14756 - INFO - Ignorando URL de arquivo não-HTML: https://www.doctoralia.com.br/amalia-lucy-soares-querino-telles/endocrinologista-medico-clinico-geral/rio-de-janeiro
2025-05-22 02:25:02,881 - P14756 - INFO - Após processar URL 16 Uso de memória: 115.46 MB
2025-05-22 02:25:02,881 - P14756 - INFO - Processando URL 17/19: https://www.doctoralia.com.br/endocrinologista/rio-de-janeiro?page=2
2025-05-22 02:25:02,881 - P14756 - INFO - Ignorando URL de arquivo não-HTML: https://www.doctoralia.com.br/endocrinologista/rio-de-janeiro?page=2
2025-05-22 02:25:02,882 - P14756 - INFO - Após processar URL 17 Uso de memória: 115.46 MB
2025-05-22 02:25:02,882 - P14756 - INFO - Processando URL 18/19: https://guiasaudebrasil.com.br/profissional/5d23461edb18e17b-amalia-lucy-soares-querino-telles
2025-05-22 02:25:08,690 - P14756 - INFO - HTML salvo para debug: data\debug_html_v10\ac0a8f0ea70d4b4b0c014d8b449c2eab.html
2025-05-22 02:25:08,703 - P14756 - INFO - Candidates address: 0 items
2025-05-22 02:25:08,703 - P14756 - INFO - Candidates phone: 0 items
2025-05-22 02:25:08,703 - P14756 - INFO - Candidates email: 0 items
2025-05-22 02:25:08,704 - P14756 - INFO - Candidates complement: 0 items
2025-05-22 02:25:08,704 - P14756 - INFO - Candidates cep: 1 items
2025-05-22 02:25:08,704 - P14756 - INFO - Após processar URL 18 Uso de memória: 115.46 MB
2025-05-22 02:25:08,704 - P14756 - INFO - Processando URL 19/19: https://consultacrm.com.br/
2025-05-22 02:25:13,926 - P14756 - INFO - HTML salvo para debug: data\debug_html_v10\65cadeb91ac3713432c21b535990f440.html
2025-05-22 02:25:13,936 - P14756 - INFO - Candidates address: 0 items
2025-05-22 02:25:13,936 - P14756 - INFO - Candidates phone: 0 items
2025-05-22 02:25:13,936 - P14756 - INFO - Candidates email: 0 items
2025-05-22 02:25:13,936 - P14756 - INFO - Candidates complement: 0 items
2025-05-22 02:25:13,937 - P14756 - INFO - Candidates cep: 0 items
2025-05-22 02:25:13,937 - P14756 - INFO - Após processar URL 19 Uso de memória: 115.46 MB
2025-05-22 02:25:13,937 - P14756 - INFO - Iniciando agregação e ranqueamento
2025-05-22 02:25:13,937 - P14756 - INFO - Ranked address: 15 items
2025-05-22 02:25:13,938 - P14756 - INFO - Ranked phone: 6 items
2025-05-22 02:25:13,938 - P14756 - INFO - Ranked email: 0 items
2025-05-22 02:25:13,938 - P14756 - INFO - Ranked complement: 3 items
2025-05-22 02:25:13,938 - P14756 - INFO - Ranked cep: 6 items
2025-05-22 02:25:13,938 - P14756 - INFO - Após agregação Uso de memória: 115.46 MB
2025-05-22 02:25:13,939 - P14756 - INFO - Validando endereço: ['Rua Visconde do Rio Branco, 1488', 'Rua Conde de Bonfim 112', 'Avenida das Américas 500 Bloco 4 Sala 243']
2025-05-22 02:25:13,939 - P14756 - INFO - Endereço validado: Rua Visconde do Rio Branco, 1488
2025-05-22 02:25:13,939 - P14756 - INFO - Limpando texto extenso para campo address: Rua Visconde do Rio Branco, 1488...
2025-05-22 02:25:13,939 - P14756 - INFO - Texto limpo: Rua Visconde do Rio Branco, 1488
2025-05-22 02:25:13,939 - P14756 - INFO - Validando telefone: ['(21) 99680-0802', '(21) 3444-5610', '(02) 13444-5610']
2025-05-22 02:25:13,940 - P14756 - INFO - Limpando texto extenso para campo phone: (21) 99680-0802...
2025-05-22 02:25:13,940 - P14756 - INFO - Texto limpo: 21) 99680-0802
2025-05-22 02:25:13,940 - P14756 - INFO - Telefone validado: 21) 99680-0802
2025-05-22 02:25:13,940 - P14756 - INFO - Validando complemento: ['Bloco 4 Sala 243 - Portaria A-Shopping  DownTown', 'Bloco 5 Sala 439 )', 'Sala 255 - Barra da Tijuca   ']
2025-05-22 02:25:13,940 - P14756 - INFO - Limpando texto extenso para campo complement: Bloco 4 Sala 243 - Portaria A-Shopping  DownTown...
2025-05-22 02:25:13,941 - P14756 - INFO - Texto limpo: Bloco 4 Sala 243 - Portaria A-
2025-05-22 02:25:13,942 - P14756 - INFO - Complemento validado: Bloco 4 Sala 243 - Portaria A-
2025-05-22 02:25:13,942 - P14756 - INFO - Descobrindo cidade
2025-05-22 02:25:13,943 - P14756 - INFO - Buscando cidade: Rua Visconde do Rio Branco cidade RJ
2025-05-22 02:25:16,862 - P14756 - WARNING - Cidade não encontrada
2025-05-22 02:25:16,874 - P14756 - INFO - Cidade descoberta: 
2025-05-22 02:25:16,888 - P14756 - INFO - Tempo de execução de processamento completo do médico: 53.99 segundos
2025-05-22 02:25:16,890 - P14756 - INFO - Resultado processado: {'Hash': 'cf248714d39cceae57a42511a6da9dc3094ff5dd70eb5f4f505dcc1116523805', 'CRM': '894460', 'UF': 'RJ', 'Firstname': 'AMÁLIA', 'LastName': 'LUCY SOARES QUERINO TELLES', 'Medical specialty': '', 'Endereco Completo A1': 'Rua Visconde do Rio Branco, 1488', 'Address A1': 'Rua Visconde do Rio Branco', 'Numero A1': '1488', 'Complement A1': 'Bloco 4 Sala 243 - Portaria A-', 'Bairro A1': '', 'postal code A1': '', 'City A1': '', 'State A1': '', 'Phone A1': '21) 99680-0802', 'Phone A2': '', 'Cell phone A1': '', 'Cell phone A2': '', 'E-mail A1': '', 'E-mail A2': '', 'OPT-IN': '', 'STATUS': '', 'LOTE': ''}
2025-05-22 02:25:16,899 - P14756 - INFO - Progresso: 24.9%
2025-05-22 02:25:16,909 - P14756 - INFO - Executando coleta de lixo
2025-05-22 02:25:16,987 - P14756 - INFO - Após coleta de lixo Uso de memória: 100.41 MB
2025-05-22 02:25:16,990 - P14756 - INFO - Tempo de execução de processamento do médico 1: 55.36 segundos
2025-05-22 02:25:17,000 - P14756 - INFO - 
==================================================
Processando médico 2/3
2025-05-22 02:25:17,004 - P14756 - INFO - Nome: MICHELE DIAS PINHEIRO
2025-05-22 02:25:17,005 - P14756 - INFO - Início do processamento Uso de memória: 100.41 MB
2025-05-22 02:25:17,005 - P14756 - INFO - Iniciando busca para: MICHELE DIAS PINHEIRO CRM 894907 RJ telefone e-mail endereço
2025-05-22 02:25:17,541 - P14756 - INFO - SearX results: 1 URLs
2025-05-22 02:25:17,542 - P14756 - INFO - Após SearX Uso de memória: 100.41 MB
2025-05-22 02:25:19,754 - P14756 - INFO - Google results: 2 URLs
2025-05-22 02:25:19,754 - P14756 - INFO - Após Google Uso de memória: 103.37 MB
2025-05-22 02:25:22,220 - P14756 - INFO - Bing results: 10 URLs
2025-05-22 02:25:22,220 - P14756 - INFO - Após Bing Uso de memória: 104.89 MB
2025-05-22 02:25:22,221 - P14756 - INFO - Total de URLs únicas: 12
2025-05-22 02:25:22,221 - P14756 - INFO - Processando URL 1/12: https://cliniguia.com/profissionais/michele-dias-pinheiro-980016293529214/
2025-05-22 02:25:27,521 - P14756 - INFO - HTML salvo para debug: data\debug_html_v10\2e97fb8258dc728cf5e1321cf6855c42.html
2025-05-22 02:25:27,568 - P14756 - INFO - Candidates address: 0 items
2025-05-22 02:25:27,569 - P14756 - INFO - Candidates phone: 0 items
2025-05-22 02:25:27,569 - P14756 - INFO - Candidates email: 0 items
2025-05-22 02:25:27,569 - P14756 - INFO - Candidates complement: 0 items
2025-05-22 02:25:27,569 - P14756 - INFO - Candidates cep: 0 items
2025-05-22 02:25:27,569 - P14756 - INFO - Após processar URL 1 Uso de memória: 107.33 MB
2025-05-22 02:25:27,569 - P14756 - INFO - Processando URL 2/12: https://www.consultasocio.com/q/sa/michele-dias-pinheiro
2025-05-22 02:25:33,180 - P14756 - INFO - HTML salvo para debug: data\debug_html_v10\1212222ae59ada790bbf534784cfaa79.html
2025-05-22 02:25:33,186 - P14756 - INFO - Candidates address: 1 items
2025-05-22 02:25:33,186 - P14756 - INFO - Candidates phone: 0 items
2025-05-22 02:25:33,186 - P14756 - INFO - Candidates email: 1 items
2025-05-22 02:25:33,187 - P14756 - INFO - Candidates complement: 0 items
2025-05-22 02:25:33,187 - P14756 - INFO - Candidates cep: 2 items
2025-05-22 02:25:33,187 - P14756 - INFO - Após processar URL 2 Uso de memória: 107.56 MB
2025-05-22 02:25:33,187 - P14756 - INFO - Processando URL 3/12: http://www.transparencia.cremerj.org.br:8098/planejamento/registroMedico/pesquisar
2025-05-22 02:25:35,651 - P14756 - INFO - HTML salvo para debug: data\debug_html_v10\19128e1d0b16c1bd37c280ce751655f7.html
2025-05-22 02:25:35,673 - P14756 - INFO - Candidates address: 0 items
2025-05-22 02:25:35,673 - P14756 - INFO - Candidates phone: 1 items
2025-05-22 02:25:35,674 - P14756 - INFO - Candidates email: 0 items
2025-05-22 02:25:35,674 - P14756 - INFO - Candidates complement: 0 items
2025-05-22 02:25:35,674 - P14756 - INFO - Candidates cep: 1 items
2025-05-22 02:25:35,675 - P14756 - INFO - Após processar URL 3 Uso de memória: 107.78 MB
2025-05-22 02:25:35,676 - P14756 - INFO - Processando URL 4/12: http://ciggageriatria.com.br/equipe/michele-dias/
2025-05-22 02:25:35,904 - P14756 - ERROR - Erro ao baixar HTML de http://ciggageriatria.com.br/equipe/michele-dias/: Message: unknown error: net::ERR_NAME_NOT_RESOLVED
  (Session info: chrome=136.0.7103.114)
Stacktrace:
	GetHandleVerifier [0x00007FF75763CF45+75717]
	GetHandleVerifier [0x00007FF75763CFA0+75808]
	(No symbol) [0x00007FF757408F9A]
	(No symbol) [0x00007FF7574059F4]
	(No symbol) [0x00007FF7573F6789]
	(No symbol) [0x00007FF7573F84F8]
	(No symbol) [0x00007FF7573F6A96]
	(No symbol) [0x00007FF7573F6516]
	(No symbol) [0x00007FF7573F61DA]
	(No symbol) [0x00007FF7573F3E8A]
	(No symbol) [0x00007FF7573F465C]
	(No symbol) [0x00007FF75740CF3A]
	(No symbol) [0x00007FF7574B013E]
	(No symbol) [0x00007FF75748737A]
	(No symbol) [0x00007FF7574AF39C]
	(No symbol) [0x00007FF757487153]
	(No symbol) [0x00007FF757450421]
	(No symbol) [0x00007FF7574511B3]
	GetHandleVerifier [0x00007FF75793D71D+3223453]
	GetHandleVerifier [0x00007FF757937CC2+3200322]
	GetHandleVerifier [0x00007FF757955AF3+3322739]
	GetHandleVerifier [0x00007FF757656A1A+180890]
	GetHandleVerifier [0x00007FF75765E11F+211359]
	GetHandleVerifier [0x00007FF757645294+109332]
	GetHandleVerifier [0x00007FF757645442+109762]
	GetHandleVerifier [0x00007FF75762BA59+4825]
	BaseThreadInitThunk [0x00007FFFFE757344+20]
	RtlUserThreadStart [0x00007FFFFF4026B1+33]

2025-05-22 02:25:35,906 - P14756 - INFO - Após processar URL 4 Uso de memória: 107.78 MB
2025-05-22 02:25:35,907 - P14756 - INFO - Processando URL 5/12: https://aboutcompany.info/country/brazil/officer/778337/michele-dias-pinheiro/
2025-05-22 02:25:40,042 - P14756 - INFO - HTML salvo para debug: data\debug_html_v10\131e49a47a8a9721af47277a616c0d64.html
2025-05-22 02:25:40,056 - P14756 - INFO - Candidates address: 0 items
2025-05-22 02:25:40,057 - P14756 - INFO - Candidates phone: 0 items
2025-05-22 02:25:40,057 - P14756 - INFO - Candidates email: 0 items
2025-05-22 02:25:40,057 - P14756 - INFO - Candidates complement: 0 items
2025-05-22 02:25:40,058 - P14756 - INFO - Candidates cep: 0 items
2025-05-22 02:25:40,058 - P14756 - INFO - Após processar URL 5 Uso de memória: 107.93 MB
2025-05-22 02:25:40,058 - P14756 - INFO - Processando URL 6/12: https://www.doctoralia.com.br/michele-dias/geriatra/rio-de-janeiro
2025-05-22 02:25:40,059 - P14756 - INFO - Ignorando URL de arquivo não-HTML: https://www.doctoralia.com.br/michele-dias/geriatra/rio-de-janeiro
2025-05-22 02:25:40,059 - P14756 - INFO - Após processar URL 6 Uso de memória: 107.93 MB
2025-05-22 02:25:40,060 - P14756 - INFO - Processando URL 7/12: https://cnpj.biz/41494304000130
2025-05-22 02:25:44,916 - P14756 - INFO - HTML salvo para debug: data\debug_html_v10\b063161b1cdcaefb5cc8d0bd3559901a.html
2025-05-22 02:25:44,931 - P14756 - INFO - Candidates address: 2 items
2025-05-22 02:25:44,932 - P14756 - INFO - Candidates phone: 1 items
2025-05-22 02:25:44,932 - P14756 - INFO - Candidates email: 1 items
2025-05-22 02:25:44,932 - P14756 - INFO - Candidates complement: 0 items
2025-05-22 02:25:44,932 - P14756 - INFO - Candidates cep: 3 items
2025-05-22 02:25:44,932 - P14756 - INFO - Após processar URL 7 Uso de memória: 107.96 MB
2025-05-22 02:25:44,932 - P14756 - INFO - Processando URL 8/12: https://www.boaconsulta.com/especialista/michele-dias-pinheiro-6105c5d09b22ae27c30031d3
2025-05-22 02:25:48,626 - P14756 - INFO - HTML salvo para debug: data\debug_html_v10\0e3cbc7ca7a525aeba8350c17ae24db4.html
2025-05-22 02:25:48,694 - P14756 - INFO - Candidates address: 9 items
2025-05-22 02:25:48,694 - P14756 - INFO - Candidates phone: 0 items
2025-05-22 02:25:48,694 - P14756 - INFO - Candidates email: 0 items
2025-05-22 02:25:48,694 - P14756 - INFO - Candidates complement: 5 items
2025-05-22 02:25:48,694 - P14756 - INFO - Candidates cep: 0 items
2025-05-22 02:25:48,694 - P14756 - INFO - Após processar URL 8 Uso de memória: 108.59 MB
2025-05-22 02:25:48,695 - P14756 - INFO - Processando URL 9/12: https://www.portaltransparencia.gov.br/pessoa-fisica/busca/lista
2025-05-22 02:25:52,627 - P14756 - INFO - HTML salvo para debug: data\debug_html_v10\e200cdf64b71d4c9248718dd155b3edb.html
2025-05-22 02:25:52,668 - P14756 - INFO - Candidates address: 0 items
2025-05-22 02:25:52,669 - P14756 - INFO - Candidates phone: 0 items
2025-05-22 02:25:52,669 - P14756 - INFO - Candidates email: 0 items
2025-05-22 02:25:52,669 - P14756 - INFO - Candidates complement: 0 items
2025-05-22 02:25:52,670 - P14756 - INFO - Candidates cep: 0 items
2025-05-22 02:25:52,671 - P14756 - INFO - Após processar URL 9 Uso de memória: 108.84 MB
2025-05-22 02:25:52,673 - P14756 - INFO - Processando URL 10/12: https://diariooficial.guarulhos.sp.gov.br/uploads/pdf/2026833923.pdf
2025-05-22 02:25:52,673 - P14756 - INFO - Ignorando URL de arquivo não-HTML: https://diariooficial.guarulhos.sp.gov.br/uploads/pdf/2026833923.pdf
2025-05-22 02:25:52,674 - P14756 - INFO - Após processar URL 10 Uso de memória: 108.84 MB
2025-05-22 02:25:52,674 - P14756 - INFO - Processando URL 11/12: https://www.intermedicos.com.br/geriatras-em-rio-de-janeiro/michele-dias
2025-05-22 02:25:56,400 - P14756 - INFO - HTML salvo para debug: data\debug_html_v10\87ae12d504e0983975a47ca5edef54e0.html
2025-05-22 02:25:56,418 - P14756 - INFO - Candidates address: 1 items
2025-05-22 02:25:56,419 - P14756 - INFO - Candidates phone: 2 items
2025-05-22 02:25:56,419 - P14756 - INFO - Candidates email: 0 items
2025-05-22 02:25:56,419 - P14756 - INFO - Candidates complement: 0 items
2025-05-22 02:25:56,419 - P14756 - INFO - Candidates cep: 1 items
2025-05-22 02:25:56,420 - P14756 - INFO - Após processar URL 11 Uso de memória: 108.84 MB
2025-05-22 02:25:56,420 - P14756 - INFO - Processando URL 12/12: https://consultacrm.com.br/
2025-05-22 02:25:59,963 - P14756 - INFO - HTML salvo para debug: data\debug_html_v10\65cadeb91ac3713432c21b535990f440.html
2025-05-22 02:25:59,974 - P14756 - INFO - Candidates address: 0 items
2025-05-22 02:25:59,974 - P14756 - INFO - Candidates phone: 0 items
2025-05-22 02:25:59,974 - P14756 - INFO - Candidates email: 0 items
2025-05-22 02:25:59,974 - P14756 - INFO - Candidates complement: 0 items
2025-05-22 02:25:59,975 - P14756 - INFO - Candidates cep: 0 items
2025-05-22 02:25:59,975 - P14756 - INFO - Após processar URL 12 Uso de memória: 108.92 MB
2025-05-22 02:25:59,975 - P14756 - INFO - Iniciando agregação e ranqueamento
2025-05-22 02:25:59,975 - P14756 - INFO - Ranked address: 13 items
2025-05-22 02:25:59,975 - P14756 - INFO - Ranked phone: 4 items
2025-05-22 02:25:59,975 - P14756 - INFO - Ranked email: 2 items
2025-05-22 02:25:59,975 - P14756 - INFO - Ranked complement: 5 items
2025-05-22 02:25:59,976 - P14756 - INFO - Ranked cep: 7 items
2025-05-22 02:25:59,976 - P14756 - INFO - Após agregação Uso de memória: 108.92 MB
2025-05-22 02:25:59,976 - P14756 - INFO - Validando endereço: ['Rua Barao De Lucena, 48', 'Rua Jose Barcellos Filho, 12', 'Rua Jose Barcellos Filho 12 Costa Barros Rio de Janeiro RJ']
2025-05-22 02:25:59,976 - P14756 - INFO - Endereço validado: Rua Barao De Lucena, 48
2025-05-22 02:25:59,977 - P14756 - INFO - Limpando texto extenso para campo address: Rua Barao De Lucena, 48...
2025-05-22 02:25:59,977 - P14756 - INFO - Texto limpo: Rua Barao De Lucena, 48
2025-05-22 02:25:59,977 - P14756 - INFO - Validando telefone: ['(21) 3184-7050', '(21) 97173-6089', '(21) 3577-0077']
2025-05-22 02:25:59,977 - P14756 - INFO - Limpando texto extenso para campo phone: (21) 3184-7050...
2025-05-22 02:25:59,978 - P14756 - INFO - Texto limpo: 21) 3184-7050
2025-05-22 02:25:59,978 - P14756 - INFO - Telefone validado: 21) 3184-7050
2025-05-22 02:25:59,978 - P14756 - INFO - Validando email: ['VANDER@MARQUESAMARAL.COM.BR', 'larissaguigui@hotmail.com']
2025-05-22 02:25:59,979 - P14756 - INFO - Limpando texto extenso para campo email: VANDER@MARQUESAMARAL.COM.BR...
2025-05-22 02:25:59,979 - P14756 - INFO - Texto limpo: vander@marquesamaral.com.br
2025-05-22 02:25:59,980 - P14756 - INFO - Email validado: vander@marquesamaral.com.br
2025-05-22 02:25:59,980 - P14756 - INFO - Validando complemento: ['Sala 1114', 'Sala 320', 'Salas 501 / 502 / 503 Copacabana']
2025-05-22 02:25:59,980 - P14756 - INFO - Limpando texto extenso para campo complement: Sala 1114...
2025-05-22 02:25:59,981 - P14756 - INFO - Texto limpo: Sala 1114
2025-05-22 02:25:59,981 - P14756 - INFO - Complemento validado: Sala 1114
2025-05-22 02:25:59,981 - P14756 - INFO - Descobrindo cidade
2025-05-22 02:25:59,981 - P14756 - INFO - Buscando cidade: Rua Barao De Lucena cidade RJ
2025-05-22 02:26:02,573 - P14756 - WARNING - Cidade não encontrada
2025-05-22 02:26:02,573 - P14756 - INFO - Cidade descoberta: 
2025-05-22 02:26:02,573 - P14756 - INFO - Tempo de execução de processamento completo do médico: 45.57 segundos
2025-05-22 02:26:02,573 - P14756 - INFO - Resultado processado: {'Hash': '31b7a82938abe11610caf18c3ee9f13376ade6d9841bb6f9234585d563c177a4', 'CRM': '894907', 'UF': 'RJ', 'Firstname': 'MICHELE', 'LastName': 'DIAS PINHEIRO', 'Medical specialty': '', 'Endereco Completo A1': 'Rua Barao De Lucena, 48', 'Address A1': 'Rua Barao De Lucena', 'Numero A1': '48', 'Complement A1': 'Sala 1114', 'Bairro A1': '', 'postal code A1': '', 'City A1': '', 'State A1': '', 'Phone A1': '21) 3184-7050', 'Phone A2': '', 'Cell phone A1': '', 'Cell phone A2': '', 'E-mail A1': 'vander@marquesamaral.com.br', 'E-mail A2': '', 'OPT-IN': '', 'STATUS': '', 'LOTE': ''}
2025-05-22 02:26:02,574 - P14756 - INFO - Progresso: 25.1%
2025-05-22 02:26:02,574 - P14756 - INFO - Tempo de execução de processamento do médico 2: 45.57 segundos
2025-05-22 02:26:02,574 - P14756 - INFO - 
==================================================
Processando médico 3/3
2025-05-22 02:26:02,574 - P14756 - INFO - Nome: RENATO GALVÃO D'IMPERIO TEIXEIRA
2025-05-22 02:26:02,575 - P14756 - INFO - Início do processamento Uso de memória: 108.93 MB
2025-05-22 02:26:02,575 - P14756 - INFO - Iniciando busca para: RENATO GALVÃO D'IMPERIO TEIXEIRA CRM 901792 RJ telefone e-mail endereço
2025-05-22 02:26:02,974 - P14756 - INFO - SearX results: 10 URLs
2025-05-22 02:26:02,975 - P14756 - INFO - Após SearX Uso de memória: 108.93 MB
2025-05-22 02:26:05,531 - P14756 - INFO - Google results: 8 URLs
2025-05-22 02:26:05,531 - P14756 - INFO - Após Google Uso de memória: 110.92 MB
2025-05-22 02:26:08,218 - P14756 - INFO - Bing results: 15 URLs
2025-05-22 02:26:08,219 - P14756 - INFO - Após Bing Uso de memória: 112.04 MB
2025-05-22 02:26:08,219 - P14756 - INFO - Total de URLs únicas: 22
2025-05-22 02:26:08,219 - P14756 - INFO - Processando URL 1/22: https://www.escavador.com/sobre/1383266/renato-galvao-dimperio-teixeira
2025-05-22 02:26:11,866 - P14756 - INFO - HTML salvo para debug: data\debug_html_v10\295440fd91b53c2b961dae5d679fa0c2.html
2025-05-22 02:26:11,886 - P14756 - INFO - Candidates address: 0 items
2025-05-22 02:26:11,886 - P14756 - INFO - Candidates phone: 0 items
2025-05-22 02:26:11,887 - P14756 - INFO - Candidates email: 0 items
2025-05-22 02:26:11,887 - P14756 - INFO - Candidates complement: 0 items
2025-05-22 02:26:11,887 - P14756 - INFO - Candidates cep: 0 items
2025-05-22 02:26:11,887 - P14756 - INFO - Após processar URL 1 Uso de memória: 112.12 MB
2025-05-22 02:26:11,888 - P14756 - INFO - Processando URL 2/22: https://www.yumpu.com/pt/document/view/5678731/rpi-2048-de-06-04-2010-revista-inpi
2025-05-22 02:26:15,390 - P14756 - INFO - HTML salvo para debug: data\debug_html_v10\4971a720572f434f6689f4bf99622b9c.html
2025-05-22 02:26:15,493 - P14756 - INFO - Candidates address: 17 items
2025-05-22 02:26:15,494 - P14756 - INFO - Candidates phone: 40 items
2025-05-22 02:26:15,499 - P14756 - INFO - Candidates email: 5 items
2025-05-22 02:26:15,502 - P14756 - INFO - Candidates complement: 1 items
2025-05-22 02:26:15,505 - P14756 - INFO - Candidates cep: 17 items
2025-05-22 02:26:15,507 - P14756 - INFO - Após processar URL 2 Uso de memória: 114.02 MB
2025-05-22 02:26:15,509 - P14756 - INFO - Processando URL 3/22: https://www.doctoralia.com.br/renato-galvao-d-imperio-teixeira/neurologista/rio-de-janeiro
2025-05-22 02:26:15,510 - P14756 - INFO - Ignorando URL de arquivo não-HTML: https://www.doctoralia.com.br/renato-galvao-d-imperio-teixeira/neurologista/rio-de-janeiro
2025-05-22 02:26:15,510 - P14756 - INFO - Após processar URL 3 Uso de memória: 113.13 MB
2025-05-22 02:26:15,510 - P14756 - INFO - Processando URL 4/22: https://inteligen.com.br/socio/renato-galvao-d-imperio-teixeira-685157
2025-05-22 02:26:19,343 - P14756 - INFO - HTML salvo para debug: data\debug_html_v10\acd8430e08e2d8d3cd2987b33341f935.html
2025-05-22 02:26:19,352 - P14756 - INFO - Candidates address: 0 items
2025-05-22 02:26:19,353 - P14756 - INFO - Candidates phone: 0 items
2025-05-22 02:26:19,353 - P14756 - INFO - Candidates email: 0 items
2025-05-22 02:26:19,353 - P14756 - INFO - Candidates complement: 0 items
2025-05-22 02:26:19,353 - P14756 - INFO - Candidates cep: 0 items
2025-05-22 02:26:19,353 - P14756 - INFO - Após processar URL 4 Uso de memória: 113.15 MB
2025-05-22 02:26:19,353 - P14756 - INFO - Processando URL 5/22: https://www.meuadvogado.com.br/advogado/renato-galvao-kern.html
2025-05-22 02:26:26,088 - P14756 - INFO - HTML salvo para debug: data\debug_html_v10\096089dcc2fa0722a798f3a575e87105.html
2025-05-22 02:26:26,098 - P14756 - INFO - Candidates address: 1 items
2025-05-22 02:26:26,098 - P14756 - INFO - Candidates phone: 0 items
2025-05-22 02:26:26,099 - P14756 - INFO - Candidates email: 1 items
2025-05-22 02:26:26,099 - P14756 - INFO - Candidates complement: 1 items
2025-05-22 02:26:26,099 - P14756 - INFO - Candidates cep: 0 items
2025-05-22 02:26:26,099 - P14756 - INFO - Após processar URL 5 Uso de memória: 113.15 MB
2025-05-22 02:26:26,099 - P14756 - INFO - Processando URL 6/22: https://brasillocais.com/rio-de-janeiro/consultorio-dr-renato-galvao-redorat-781199
2025-05-22 02:26:30,321 - P14756 - INFO - HTML salvo para debug: data\debug_html_v10\b2fa20928114a5825913bb489bd9d341.html
2025-05-22 02:26:30,332 - P14756 - INFO - Candidates address: 1 items
2025-05-22 02:26:30,332 - P14756 - INFO - Candidates phone: 0 items
2025-05-22 02:26:30,332 - P14756 - INFO - Candidates email: 0 items
2025-05-22 02:26:30,332 - P14756 - INFO - Candidates complement: 0 items
2025-05-22 02:26:30,333 - P14756 - INFO - Candidates cep: 0 items
2025-05-22 02:26:30,333 - P14756 - INFO - Após processar URL 6 Uso de memória: 113.15 MB
2025-05-22 02:26:30,333 - P14756 - INFO - Processando URL 7/22: https://www.doctoralia.com.br/renato-galvao-redorat/generalista/rio-de-janeiro
2025-05-22 02:26:30,333 - P14756 - INFO - Ignorando URL de arquivo não-HTML: https://www.doctoralia.com.br/renato-galvao-redorat/generalista/rio-de-janeiro
2025-05-22 02:26:30,333 - P14756 - INFO - Após processar URL 7 Uso de memória: 113.15 MB
2025-05-22 02:26:30,334 - P14756 - INFO - Processando URL 8/22: https://www.boaconsulta.com/especialista/renato-galvao-d-imperio-teixeira-6105b7b49b22ae2348000183?searchId=cm5rf6e4m00025k6vjkzt34zm&agendaId=64acc5375a7bb819aa0337e4
2025-05-22 02:26:32,435 - P14756 - INFO - HTML salvo para debug: data\debug_html_v10\38eb7daefb4df269a7aa855953e6561d.html
2025-05-22 02:26:32,507 - P14756 - INFO - Candidates address: 9 items
2025-05-22 02:26:32,507 - P14756 - INFO - Candidates phone: 0 items
2025-05-22 02:26:32,507 - P14756 - INFO - Candidates email: 0 items
2025-05-22 02:26:32,507 - P14756 - INFO - Candidates complement: 0 items
2025-05-22 02:26:32,508 - P14756 - INFO - Candidates cep: 0 items
2025-05-22 02:26:32,508 - P14756 - INFO - Após processar URL 8 Uso de memória: 113.16 MB
2025-05-22 02:26:32,508 - P14756 - INFO - Processando URL 9/22: https://interneuro.com.br/medicos/dr-renato-galvao-d-imperio-teixeira
2025-05-22 02:26:35,551 - P14756 - INFO - HTML salvo para debug: data\debug_html_v10\7fca298823f2e75b916222e660c6124b.html
2025-05-22 02:26:35,587 - P14756 - INFO - Candidates address: 1 items
2025-05-22 02:26:35,587 - P14756 - INFO - Candidates phone: 1 items
2025-05-22 02:26:35,587 - P14756 - INFO - Candidates email: 1 items
2025-05-22 02:26:35,587 - P14756 - INFO - Candidates complement: 0 items
2025-05-22 02:26:35,588 - P14756 - INFO - Candidates cep: 1 items
2025-05-22 02:26:35,588 - P14756 - INFO - Após processar URL 9 Uso de memória: 113.16 MB
2025-05-22 02:26:35,588 - P14756 - INFO - Processando URL 10/22: https://www.boaconsulta.com/especialista/renato-galvao-d-imperio-teixeira-6105b7b49b22ae2348000183
2025-05-22 02:26:38,208 - P14756 - INFO - HTML salvo para debug: data\debug_html_v10\e83bdcb99ca133dc89183da83f498ebe.html
2025-05-22 02:26:38,289 - P14756 - INFO - Candidates address: 9 items
2025-05-22 02:26:38,290 - P14756 - INFO - Candidates phone: 0 items
2025-05-22 02:26:38,290 - P14756 - INFO - Candidates email: 0 items
2025-05-22 02:26:38,290 - P14756 - INFO - Candidates complement: 0 items
2025-05-22 02:26:38,291 - P14756 - INFO - Candidates cep: 0 items
2025-05-22 02:26:38,291 - P14756 - INFO - Após processar URL 10 Uso de memória: 113.16 MB
2025-05-22 02:26:38,292 - P14756 - INFO - Processando URL 11/22: https://www.bingplaces.com/DashBoard/Edit?Id=YN7993x11555364659884199070&market=pt-BR&src=SERPIC
2025-05-22 02:26:41,643 - P14756 - INFO - HTML salvo para debug: data\debug_html_v10\469baea50363a673d3d56a3063cba63f.html
2025-05-22 02:26:41,665 - P14756 - INFO - Candidates address: 1 items
2025-05-22 02:26:41,665 - P14756 - INFO - Candidates phone: 1 items
2025-05-22 02:26:41,665 - P14756 - INFO - Candidates email: 0 items
2025-05-22 02:26:41,666 - P14756 - INFO - Candidates complement: 0 items
2025-05-22 02:26:41,666 - P14756 - INFO - Candidates cep: 1 items
2025-05-22 02:26:41,666 - P14756 - INFO - Após processar URL 11 Uso de memória: 113.17 MB
2025-05-22 02:26:41,666 - P14756 - INFO - Processando URL 12/22: https://www.consultasocio.com/q/sa/renato-galvao-d-imperio-teixeira
2025-05-22 02:26:45,989 - P14756 - INFO - HTML salvo para debug: data\debug_html_v10\11a239bd1733340c5c460c0958cfc572.html
2025-05-22 02:26:45,995 - P14756 - INFO - Candidates address: 3 items
2025-05-22 02:26:45,996 - P14756 - INFO - Candidates phone: 0 items
2025-05-22 02:26:45,996 - P14756 - INFO - Candidates email: 2 items
2025-05-22 02:26:45,996 - P14756 - INFO - Candidates complement: 1 items
2025-05-22 02:26:45,996 - P14756 - INFO - Candidates cep: 6 items
2025-05-22 02:26:45,996 - P14756 - INFO - Após processar URL 12 Uso de memória: 113.17 MB
2025-05-22 02:26:45,996 - P14756 - INFO - Processando URL 13/22: https://www.medicosbrasil.com/profissional/renato-galvao-d-imperio-teixeira
2025-05-22 02:26:48,289 - P14756 - INFO - HTML salvo para debug: data\debug_html_v10\ce6a5853d1e3955da2a81a538a9c9f15.html
2025-05-22 02:26:48,294 - P14756 - INFO - Candidates address: 0 items
2025-05-22 02:26:48,296 - P14756 - INFO - Candidates phone: 0 items
2025-05-22 02:26:48,300 - P14756 - INFO - Candidates email: 0 items
2025-05-22 02:26:48,301 - P14756 - INFO - Candidates complement: 0 items
2025-05-22 02:26:48,302 - P14756 - INFO - Candidates cep: 0 items
2025-05-22 02:26:48,302 - P14756 - INFO - Após processar URL 13 Uso de memória: 113.17 MB
2025-05-22 02:26:48,303 - P14756 - INFO - Processando URL 14/22: https://catalogo.med.br/perguntas/p/medico/renato%20galvao%20redorat-2022845/5
2025-05-22 02:26:50,648 - P14756 - INFO - HTML salvo para debug: data\debug_html_v10\956ffa338eb308d696775e95820353d4.html
2025-05-22 02:26:50,648 - P14756 - INFO - Candidates address: 0 items
2025-05-22 02:26:50,648 - P14756 - INFO - Candidates phone: 0 items
2025-05-22 02:26:50,649 - P14756 - INFO - Candidates email: 0 items
2025-05-22 02:26:50,649 - P14756 - INFO - Candidates complement: 0 items
2025-05-22 02:26:50,649 - P14756 - INFO - Candidates cep: 0 items
2025-05-22 02:26:50,649 - P14756 - INFO - Após processar URL 14 Uso de memória: 113.17 MB
2025-05-22 02:26:50,649 - P14756 - INFO - Processando URL 15/22: https://catalogo.med.br/doutor/renato-galvao-redorat-2022845.htm
2025-05-22 02:26:52,721 - P14756 - INFO - HTML salvo para debug: data\debug_html_v10\ba003d9010a2d19f9ff596187fa0295c.html
2025-05-22 02:26:52,721 - P14756 - INFO - Candidates address: 0 items
2025-05-22 02:26:52,722 - P14756 - INFO - Candidates phone: 0 items
2025-05-22 02:26:52,722 - P14756 - INFO - Candidates email: 0 items
2025-05-22 02:26:52,722 - P14756 - INFO - Candidates complement: 0 items
2025-05-22 02:26:52,722 - P14756 - INFO - Candidates cep: 0 items
2025-05-22 02:26:52,722 - P14756 - INFO - Após processar URL 15 Uso de memória: 113.17 MB
2025-05-22 02:26:52,722 - P14756 - INFO - Processando URL 16/22: https://inbracer.com.br/medico/neurologista-renato-dimperio-teixeira-rj/
2025-05-22 02:26:56,354 - P14756 - INFO - HTML salvo para debug: data\debug_html_v10\a98ecd138f44449eec2c14c19c5829e2.html
2025-05-22 02:26:56,365 - P14756 - INFO - Candidates address: 1 items
2025-05-22 02:26:56,365 - P14756 - INFO - Candidates phone: 9 items
2025-05-22 02:26:56,365 - P14756 - INFO - Candidates email: 1 items
2025-05-22 02:26:56,365 - P14756 - INFO - Candidates complement: 0 items
2025-05-22 02:26:56,365 - P14756 - INFO - Candidates cep: 2 items
2025-05-22 02:26:56,365 - P14756 - INFO - Após processar URL 16 Uso de memória: 113.17 MB
2025-05-22 02:26:56,366 - P14756 - INFO - Processando URL 17/22: https://cnpj.biz/48896686000177
2025-05-22 02:26:58,521 - P14756 - INFO - HTML salvo para debug: data\debug_html_v10\f70750e6a377e15845b5dbb217de9a4d.html
2025-05-22 02:26:58,523 - P14756 - INFO - Candidates address: 0 items
2025-05-22 02:26:58,523 - P14756 - INFO - Candidates phone: 0 items
2025-05-22 02:26:58,523 - P14756 - INFO - Candidates email: 0 items
2025-05-22 02:26:58,524 - P14756 - INFO - Candidates complement: 0 items
2025-05-22 02:26:58,524 - P14756 - INFO - Candidates cep: 0 items
2025-05-22 02:26:58,524 - P14756 - INFO - Após processar URL 17 Uso de memória: 113.20 MB
2025-05-22 02:26:58,524 - P14756 - INFO - Processando URL 18/22: https://aboutcompany.info/country/brazil/officer/685157/renato-galvao-d-imperio-teixeira/
2025-05-22 02:27:02,429 - P14756 - INFO - HTML salvo para debug: data\debug_html_v10\dc0a40bd3f61b9560cc788b7a3053fad.html
2025-05-22 02:27:02,442 - P14756 - INFO - Candidates address: 0 items
2025-05-22 02:27:02,442 - P14756 - INFO - Candidates phone: 0 items
2025-05-22 02:27:02,442 - P14756 - INFO - Candidates email: 0 items
2025-05-22 02:27:02,442 - P14756 - INFO - Candidates complement: 0 items
2025-05-22 02:27:02,442 - P14756 - INFO - Candidates cep: 0 items
2025-05-22 02:27:02,442 - P14756 - INFO - Após processar URL 18 Uso de memória: 113.20 MB
2025-05-22 02:27:02,443 - P14756 - INFO - Processando URL 19/22: https://www.apontador.com.br/local/rj/rio_de_janeiro/consultorio_medico/C40520674B1F4D1F48/renato_galvao_redorat.html
2025-05-22 02:27:06,285 - P14756 - INFO - HTML salvo para debug: data\debug_html_v10\e492464d2e8aace43a7ed4efbeb9b4c2.html
2025-05-22 02:27:06,337 - P14756 - INFO - Candidates address: 2 items
2025-05-22 02:27:06,337 - P14756 - INFO - Candidates phone: 0 items
2025-05-22 02:27:06,337 - P14756 - INFO - Candidates email: 1 items
2025-05-22 02:27:06,337 - P14756 - INFO - Candidates complement: 1 items
2025-05-22 02:27:06,338 - P14756 - INFO - Candidates cep: 1 items
2025-05-22 02:27:06,338 - P14756 - INFO - Após processar URL 19 Uso de memória: 113.20 MB
2025-05-22 02:27:06,338 - P14756 - INFO - Processando URL 20/22: https://rafaelgalvao.com/consultorios/
2025-05-22 02:27:12,058 - P14756 - INFO - HTML salvo para debug: data\debug_html_v10\7fa92094abccbc2be6a53868e9c9605e.html
2025-05-22 02:27:12,071 - P14756 - INFO - Candidates address: 3 items
2025-05-22 02:27:12,071 - P14756 - INFO - Candidates phone: 8 items
2025-05-22 02:27:12,071 - P14756 - INFO - Candidates email: 0 items
2025-05-22 02:27:12,071 - P14756 - INFO - Candidates complement: 1 items
2025-05-22 02:27:12,071 - P14756 - INFO - Candidates cep: 1 items
2025-05-22 02:27:12,072 - P14756 - INFO - Após processar URL 20 Uso de memória: 113.20 MB
2025-05-22 02:27:12,072 - P14756 - INFO - Processando URL 21/22: https://cliniguia.com/profissionais/renato-galvao-d-imperio-teixeira-980016289999058/
2025-05-22 02:27:17,441 - P14756 - INFO - HTML salvo para debug: data\debug_html_v10\6a0309da7c9f2c06f21835b94625b92c.html
2025-05-22 02:27:17,483 - P14756 - INFO - Candidates address: 0 items
2025-05-22 02:27:17,483 - P14756 - INFO - Candidates phone: 0 items
2025-05-22 02:27:17,483 - P14756 - INFO - Candidates email: 0 items
2025-05-22 02:27:17,484 - P14756 - INFO - Candidates complement: 0 items
2025-05-22 02:27:17,484 - P14756 - INFO - Candidates cep: 0 items
2025-05-22 02:27:17,484 - P14756 - INFO - Após processar URL 21 Uso de memória: 113.21 MB
2025-05-22 02:27:17,484 - P14756 - INFO - Processando URL 22/22: https://consultacrm.com.br/
2025-05-22 02:27:21,060 - P14756 - INFO - HTML salvo para debug: data\debug_html_v10\65cadeb91ac3713432c21b535990f440.html
2025-05-22 02:27:21,075 - P14756 - INFO - Candidates address: 0 items
2025-05-22 02:27:21,075 - P14756 - INFO - Candidates phone: 0 items
2025-05-22 02:27:21,076 - P14756 - INFO - Candidates email: 0 items
2025-05-22 02:27:21,077 - P14756 - INFO - Candidates complement: 0 items
2025-05-22 02:27:21,078 - P14756 - INFO - Candidates cep: 0 items
2025-05-22 02:27:21,078 - P14756 - INFO - Após processar URL 22 Uso de memória: 113.21 MB
2025-05-22 02:27:21,078 - P14756 - INFO - Iniciando agregação e ranqueamento
2025-05-22 02:27:21,078 - P14756 - INFO - Ranked address: 39 items
2025-05-22 02:27:21,079 - P14756 - INFO - Ranked phone: 59 items
2025-05-22 02:27:21,079 - P14756 - INFO - Ranked email: 11 items
2025-05-22 02:27:21,079 - P14756 - INFO - Ranked complement: 5 items
2025-05-22 02:27:21,079 - P14756 - INFO - Ranked cep: 28 items
2025-05-22 02:27:21,080 - P14756 - INFO - Após agregação Uso de memória: 113.21 MB
2025-05-22 02:27:21,080 - P14756 - INFO - Validando endereço: ['Rua Farme De Amoedo, 75', 'Avenida Nossa Senhora De Copacabana, 690', 'Rua Almirante Baltazar, 333']
2025-05-22 02:27:21,080 - P14756 - INFO - Endereço validado: Rua Farme De Amoedo, 75
2025-05-22 02:27:21,080 - P14756 - INFO - Limpando texto extenso para campo address: Rua Farme De Amoedo, 75...
2025-05-22 02:27:21,081 - P14756 - INFO - Texto limpo: Rua Farme De Amoedo, 75
2025-05-22 02:27:21,081 - P14756 - INFO - Validando telefone: ['(21) 2139-3000', '(21) 2139-3207', '(21) 2139-3217']
2025-05-22 02:27:21,081 - P14756 - INFO - Limpando texto extenso para campo phone: (21) 2139-3000...
2025-05-22 02:27:21,082 - P14756 - INFO - Texto limpo: 21) 2139-3000
2025-05-22 02:27:21,082 - P14756 - INFO - Telefone validado: 21) 2139-3000
2025-05-22 02:27:21,082 - P14756 - INFO - Validando email: ['diregdf@inpi.gov.br', 'diregce@inpi.gov.br', 'diregpr@inpi.gov.br']
2025-05-22 02:27:21,082 - P14756 - INFO - Limpando texto extenso para campo email: diregdf@inpi.gov.br...
2025-05-22 02:27:21,083 - P14756 - INFO - Texto limpo: diregdf@inpi.gov.br
2025-05-22 02:27:21,083 - P14756 - INFO - Email validado: diregdf@inpi.gov.br
2025-05-22 02:27:21,083 - P14756 - INFO - Validando complemento: ['Sala 210 Edifício Nagib Haickel - Calhau/MA - CEP: 65.', 'Sala 1102 Centro', 'Sala  207 Icarai']
2025-05-22 02:27:21,083 - P14756 - INFO - Limpando texto extenso para campo complement: Sala 210 Edifício Nagib Haickel - Calhau/MA - CEP:...
2025-05-22 02:27:21,083 - P14756 - INFO - Texto limpo: Sala 210 Edifício Nagib Haicke
2025-05-22 02:27:21,083 - P14756 - INFO - Complemento validado: Sala 210 Edifício Nagib Haicke
2025-05-22 02:27:21,084 - P14756 - INFO - Descobrindo cidade
2025-05-22 02:27:21,084 - P14756 - INFO - Buscando cidade: Rua Farme De Amoedo cidade RJ
2025-05-22 02:27:23,877 - P14756 - WARNING - Cidade não encontrada
2025-05-22 02:27:23,877 - P14756 - INFO - Cidade descoberta: 
2025-05-22 02:27:23,878 - P14756 - INFO - Tempo de execução de processamento completo do médico: 81.30 segundos
2025-05-22 02:27:23,878 - P14756 - INFO - Resultado processado: {'Hash': '5593346d35ccca9e8d3beeaf72dc8368b2c445be21d5b0e1a5f1da589c00b58c', 'CRM': '901792', 'UF': 'RJ', 'Firstname': 'RENATO', 'LastName': "GALVÃO D'IMPERIO TEIXEIRA", 'Medical specialty': '', 'Endereco Completo A1': 'Rua Farme De Amoedo, 75', 'Address A1': 'Rua Farme De Amoedo', 'Numero A1': '75', 'Complement A1': 'Sala 210 Edifício Nagib Haicke', 'Bairro A1': '', 'postal code A1': '', 'City A1': '', 'State A1': '', 'Phone A1': '21) 2139-3000', 'Phone A2': '', 'Cell phone A1': '', 'Cell phone A2': '', 'E-mail A1': 'diregdf@inpi.gov.br', 'E-mail A2': '', 'OPT-IN': '', 'STATUS': '', 'LOTE': ''}
2025-05-22 02:27:23,878 - P14756 - INFO - Salvando lote de resultados
2025-05-22 02:27:23,879 - P14756 - INFO - Após salvar resultados Uso de memória: 110.13 MB
2025-05-22 02:27:23,880 - P14756 - INFO - Progresso: 25.7%
2025-05-22 02:27:23,880 - P14756 - INFO - Tempo de execução de processamento do médico 3: 81.31 segundos
2025-05-22 02:27:23,880 - P14756 - INFO - Tempo de execução de processamento do lote completo: 182.25 segundos
