2025-05-22 01:44:34,768 - P17320 - INFO - 
==================================================
Processando médico 1/3
2025-05-22 01:44:34,769 - P17320 - INFO - Nome: AMABYLLE ALVES AMORIM DOS SANTOS
2025-05-22 01:44:34,769 - P17320 - INFO - Reiniciando driver do Chrome
2025-05-22 01:44:36,024 - P17320 - INFO - Após reiniciar driver Uso de memória: 97.34 MB
2025-05-22 01:44:36,025 - P17320 - INFO - Início do processamento Uso de memória: 97.34 MB
2025-05-22 01:44:36,025 - P17320 - INFO - Iniciando busca para: AMABYLLE ALVES AMORIM DOS SANTOS CRM 38212 BA telefone e-mail endereço
2025-05-22 01:44:36,421 - P17320 - INFO - SearX results: 2 URLs
2025-05-22 01:44:36,421 - P17320 - INFO - Após SearX Uso de memória: 97.34 MB
2025-05-22 01:44:38,941 - P17320 - INFO - Google results: 3 URLs
2025-05-22 01:44:38,942 - P17320 - INFO - Após Google Uso de memória: 98.94 MB
2025-05-22 01:44:41,477 - P17320 - INFO - Bing results: 9 URLs
2025-05-22 01:44:41,478 - P17320 - INFO - Após Bing Uso de memória: 100.69 MB
2025-05-22 01:44:41,478 - P17320 - INFO - Total de URLs únicas: 12
2025-05-22 01:44:41,478 - P17320 - INFO - Processando URL 1/12: https://empresasweb.net/emp/amabylle-amorim-medicina-integrada-ltda-47882694
2025-05-22 01:44:44,022 - P17320 - INFO - HTML salvo para debug: data\debug_html_v10\7332abc2501d4a8a65ee408e72049474.html
2025-05-22 01:44:44,035 - P17320 - INFO - Candidates address: 0 items
2025-05-22 01:44:44,036 - P17320 - INFO - Candidates phone: 3 items
2025-05-22 01:44:44,036 - P17320 - INFO - Candidates email: 1 items
2025-05-22 01:44:44,036 - P17320 - INFO - Candidates complement: 0 items
2025-05-22 01:44:44,036 - P17320 - INFO - Candidates cep: 1 items
2025-05-22 01:44:44,036 - P17320 - INFO - Após processar URL 1 Uso de memória: 100.70 MB
2025-05-22 01:44:44,036 - P17320 - INFO - Processando URL 2/12: https://diariooficial.guarulhos.sp.gov.br/uploads/pdf/2068523353.pdf
2025-05-22 01:44:44,037 - P17320 - INFO - Ignorando URL de arquivo não-HTML: https://diariooficial.guarulhos.sp.gov.br/uploads/pdf/2068523353.pdf
2025-05-22 01:44:44,037 - P17320 - INFO - Após processar URL 2 Uso de memória: 100.70 MB
2025-05-22 01:44:44,037 - P17320 - INFO - Processando URL 3/12: https://www.sociosbrasil.com/nome/amabylle-alves-amorim-dos-santos
2025-05-22 01:44:47,226 - P17320 - INFO - HTML salvo para debug: data\debug_html_v10\bb8313b8774b7710ec09c24e7fd557e2.html
2025-05-22 01:44:47,233 - P17320 - INFO - Candidates address: 2 items
2025-05-22 01:44:47,234 - P17320 - INFO - Candidates phone: 0 items
2025-05-22 01:44:47,234 - P17320 - INFO - Candidates email: 2 items
2025-05-22 01:44:47,234 - P17320 - INFO - Candidates complement: 1 items
2025-05-22 01:44:47,234 - P17320 - INFO - Candidates cep: 6 items
2025-05-22 01:44:47,234 - P17320 - INFO - Após processar URL 3 Uso de memória: 101.05 MB
2025-05-22 01:44:47,235 - P17320 - INFO - Processando URL 4/12: https://www.econodata.com.br/consulta-empresa/47882694000100-AMABYLLE-AMORIM-MEDICINA-INTEGRADA-LTDA
2025-05-22 01:44:51,834 - P17320 - INFO - HTML salvo para debug: data\debug_html_v10\6dcb6c67aec8dfadb2a23497879ecf1a.html
2025-05-22 01:44:51,982 - P17320 - INFO - Candidates address: 19 items
2025-05-22 01:44:51,983 - P17320 - INFO - Candidates phone: 0 items
2025-05-22 01:44:51,983 - P17320 - INFO - Candidates email: 0 items
2025-05-22 01:44:51,983 - P17320 - INFO - Candidates complement: 0 items
2025-05-22 01:44:51,983 - P17320 - INFO - Candidates cep: 1 items
2025-05-22 01:44:51,984 - P17320 - INFO - Após processar URL 4 Uso de memória: 101.11 MB
2025-05-22 01:44:51,984 - P17320 - INFO - Processando URL 5/12: https://www.informecadastral.com.br/cnpj/amabylle-amorim-medicina-integrada-ltda-47882694000100
2025-05-22 01:44:56,384 - P17320 - INFO - HTML salvo para debug: data\debug_html_v10\fbf018390833488f99c561938a3d3f6c.html
2025-05-22 01:44:56,413 - P17320 - INFO - Candidates address: 1 items
2025-05-22 01:44:56,413 - P17320 - INFO - Candidates phone: 4 items
2025-05-22 01:44:56,413 - P17320 - INFO - Candidates email: 1 items
2025-05-22 01:44:56,413 - P17320 - INFO - Candidates complement: 0 items
2025-05-22 01:44:56,414 - P17320 - INFO - Candidates cep: 3 items
2025-05-22 01:44:56,414 - P17320 - INFO - Após processar URL 5 Uso de memória: 100.31 MB
2025-05-22 01:44:56,415 - P17320 - INFO - Processando URL 6/12: https://www.nacionalconsultas.com.br/cnpj/amabylle-amorim-medicina-integrada-ltda-47882694000100
2025-05-22 01:45:00,012 - P17320 - INFO - HTML salvo para debug: data\debug_html_v10\14c865eb1e4e37a7a0d82dd73ff6c1ca.html
2025-05-22 01:45:00,027 - P17320 - INFO - Candidates address: 1 items
2025-05-22 01:45:00,028 - P17320 - INFO - Candidates phone: 3 items
2025-05-22 01:45:00,028 - P17320 - INFO - Candidates email: 1 items
2025-05-22 01:45:00,028 - P17320 - INFO - Candidates complement: 0 items
2025-05-22 01:45:00,029 - P17320 - INFO - Candidates cep: 2 items
2025-05-22 01:45:00,029 - P17320 - INFO - Após processar URL 6 Uso de memória: 100.32 MB
2025-05-22 01:45:00,029 - P17320 - INFO - Processando URL 7/12: https://diariooficial.guarulhos.sp.gov.br/uploads/pdf/1813607729.pdf
2025-05-22 01:45:00,029 - P17320 - INFO - Ignorando URL de arquivo não-HTML: https://diariooficial.guarulhos.sp.gov.br/uploads/pdf/1813607729.pdf
2025-05-22 01:45:00,029 - P17320 - INFO - Após processar URL 7 Uso de memória: 100.32 MB
2025-05-22 01:45:00,029 - P17320 - INFO - Processando URL 8/12: https://cnpj.services/qsa/amabylle-alves-amorim-dos-santos
2025-05-22 01:45:03,114 - P17320 - INFO - HTML salvo para debug: data\debug_html_v10\2d3eeeb80a6f5a6a16af000050230e5b.html
2025-05-22 01:45:03,128 - P17320 - INFO - Candidates address: 0 items
2025-05-22 01:45:03,130 - P17320 - INFO - Candidates phone: 0 items
2025-05-22 01:45:03,131 - P17320 - INFO - Candidates email: 0 items
2025-05-22 01:45:03,132 - P17320 - INFO - Candidates complement: 0 items
2025-05-22 01:45:03,132 - P17320 - INFO - Candidates cep: 2 items
2025-05-22 01:45:03,132 - P17320 - INFO - Após processar URL 8 Uso de memória: 100.39 MB
2025-05-22 01:45:03,132 - P17320 - INFO - Processando URL 9/12: https://cnpj.biz/47882694000100
2025-05-22 01:45:07,732 - P17320 - INFO - HTML salvo para debug: data\debug_html_v10\42cae1195b01ad08132a43de178fa3d4.html
2025-05-22 01:45:07,749 - P17320 - INFO - Candidates address: 2 items
2025-05-22 01:45:07,749 - P17320 - INFO - Candidates phone: 3 items
2025-05-22 01:45:07,749 - P17320 - INFO - Candidates email: 1 items
2025-05-22 01:45:07,749 - P17320 - INFO - Candidates complement: 0 items
2025-05-22 01:45:07,749 - P17320 - INFO - Candidates cep: 4 items
2025-05-22 01:45:07,750 - P17320 - INFO - Após processar URL 9 Uso de memória: 100.42 MB
2025-05-22 01:45:07,750 - P17320 - INFO - Processando URL 10/12: https://aboutcompany.info/country/brazil/officer/405925/amabylle-alves-amorim-dos-santos/
2025-05-22 01:45:11,563 - P17320 - INFO - HTML salvo para debug: data\debug_html_v10\9e0a11057c5de36c3e27fcf411cc8f76.html
2025-05-22 01:45:11,578 - P17320 - INFO - Candidates address: 0 items
2025-05-22 01:45:11,578 - P17320 - INFO - Candidates phone: 0 items
2025-05-22 01:45:11,579 - P17320 - INFO - Candidates email: 0 items
2025-05-22 01:45:11,579 - P17320 - INFO - Candidates complement: 0 items
2025-05-22 01:45:11,579 - P17320 - INFO - Candidates cep: 0 items
2025-05-22 01:45:11,579 - P17320 - INFO - Após processar URL 10 Uso de memória: 100.42 MB
2025-05-22 01:45:11,579 - P17320 - INFO - Processando URL 11/12: https://diariooficial.guarulhos.sp.gov.br/uploads/pdf/1098975976.pdf
2025-05-22 01:45:11,579 - P17320 - INFO - Ignorando URL de arquivo não-HTML: https://diariooficial.guarulhos.sp.gov.br/uploads/pdf/1098975976.pdf
2025-05-22 01:45:11,580 - P17320 - INFO - Após processar URL 11 Uso de memória: 100.42 MB
2025-05-22 01:45:11,580 - P17320 - INFO - Processando URL 12/12: https://www.consultascnpj.com/amabylle-amorim-medicina-integrada-ltda/47882694000100
2025-05-22 01:45:14,641 - P17320 - INFO - HTML salvo para debug: data\debug_html_v10\17c9faacc5cbf1ee1120bf82d456fcd7.html
2025-05-22 01:45:14,656 - P17320 - INFO - Candidates address: 0 items
2025-05-22 01:45:14,657 - P17320 - INFO - Candidates phone: 1 items
2025-05-22 01:45:14,657 - P17320 - INFO - Candidates email: 1 items
2025-05-22 01:45:14,659 - P17320 - INFO - Candidates complement: 0 items
2025-05-22 01:45:14,659 - P17320 - INFO - Candidates cep: 2 items
2025-05-22 01:45:14,660 - P17320 - INFO - Após processar URL 12 Uso de memória: 100.42 MB
2025-05-22 01:45:14,661 - P17320 - INFO - Iniciando agregação e ranqueamento
2025-05-22 01:45:14,661 - P17320 - INFO - Ranked address: 22 items
2025-05-22 01:45:14,661 - P17320 - INFO - Ranked phone: 9 items
2025-05-22 01:45:14,661 - P17320 - INFO - Ranked email: 3 items
2025-05-22 01:45:14,662 - P17320 - INFO - Ranked complement: 1 items
2025-05-22 01:45:14,663 - P17320 - INFO - Ranked cep: 12 items
2025-05-22 01:45:14,664 - P17320 - INFO - Após agregação Uso de memória: 100.42 MB
2025-05-22 01:45:14,665 - P17320 - INFO - Validando endereço: ['Rua Jardim Aeoroporto, 221', 'Rua Padre Arnaldo Jansen, 200', 'Rua Dos Jasmins, 315']
2025-05-22 01:45:14,666 - P17320 - INFO - Endereço validado: Rua Jardim Aeoroporto, 221
2025-05-22 01:45:14,666 - P17320 - INFO - Limpando texto extenso para campo address: Rua Jardim Aeoroporto, 221...
2025-05-22 01:45:14,669 - P17320 - INFO - Texto limpo: Rua Jardim Aeoroporto, 221
2025-05-22 01:45:14,669 - P17320 - INFO - Validando telefone: ['(74) 3541-7679', '(74) 9120-2275', '(74) 9110-6219']
2025-05-22 01:45:14,669 - P17320 - INFO - Limpando texto extenso para campo phone: (74) 3541-7679...
2025-05-22 01:45:14,673 - P17320 - INFO - Texto limpo: 74) 3541-7679
2025-05-22 01:45:14,674 - P17320 - INFO - Telefone validado: 74) 3541-7679
2025-05-22 01:45:14,677 - P17320 - INFO - Validando email: ['amabylleamorims@hotmail.com', 'AMABYLLEAMORIMS@HOTMAIL.COM', 'ADM@PJMED.COM.BR']
2025-05-22 01:45:14,679 - P17320 - INFO - Limpando texto extenso para campo email: amabylleamorims@hotmail.com...
2025-05-22 01:45:14,682 - P17320 - INFO - Texto limpo: amabylleamorims@hotmail.com
2025-05-22 01:45:14,686 - P17320 - INFO - Email validado: amabylleamorims@hotmail.com
2025-05-22 01:45:14,687 - P17320 - INFO - Validando complemento: ['Sala  05 Planalto Ii']
2025-05-22 01:45:14,689 - P17320 - INFO - Limpando texto extenso para campo complement: Sala  05 Planalto Ii...
2025-05-22 01:45:14,689 - P17320 - INFO - Texto limpo: Sala 05 Planalto Ii
2025-05-22 01:45:14,690 - P17320 - INFO - Complemento validado: Sala 05 Planalto Ii
2025-05-22 01:45:14,691 - P17320 - INFO - Descobrindo cidade
2025-05-22 01:45:14,692 - P17320 - INFO - Buscando cidade: Rua Jardim Aeoroporto cidade BA
2025-05-22 01:45:17,308 - P17320 - WARNING - Cidade não encontrada
2025-05-22 01:45:17,308 - P17320 - INFO - Cidade descoberta: 
2025-05-22 01:45:17,308 - P17320 - INFO - Tempo de execução de processamento completo do médico: 41.28 segundos
2025-05-22 01:45:17,309 - P17320 - INFO - Resultado processado: {'Hash': 'cd00a6706d6af2912d3230a5b64cfc2daf1b98529bf70adc985b3cf1f61c3858', 'CRM': '38212', 'UF': 'BA', 'Firstname': 'AMABYLLE', 'LastName': 'ALVES AMORIM DOS SANTOS', 'Medical specialty': '', 'Endereco Completo A1': 'Rua Jardim Aeoroporto, 221', 'Address A1': 'Rua Jardim Aeoroporto', 'Numero A1': '221', 'Complement A1': 'Sala 05 Planalto Ii', 'Bairro A1': '', 'postal code A1': '', 'City A1': '', 'State A1': '', 'Phone A1': '74) 3541-7679', 'Phone A2': '', 'Cell phone A1': '', 'Cell phone A2': '', 'E-mail A1': 'amabylleamorims@hotmail.com', 'E-mail A2': '', 'OPT-IN': '', 'STATUS': '', 'LOTE': ''}
2025-05-22 01:45:17,310 - P17320 - INFO - Progresso: 9.3%
2025-05-22 01:45:17,310 - P17320 - INFO - Executando coleta de lixo
2025-05-22 01:45:17,390 - P17320 - INFO - Após coleta de lixo Uso de memória: 90.12 MB
2025-05-22 01:45:17,390 - P17320 - INFO - Tempo de execução de processamento do médico 1: 42.62 segundos
2025-05-22 01:45:17,390 - P17320 - INFO - 
==================================================
Processando médico 2/3
2025-05-22 01:45:17,390 - P17320 - INFO - Nome: CATARINA FERREIRA FREITAS
2025-05-22 01:45:17,390 - P17320 - INFO - Início do processamento Uso de memória: 90.12 MB
2025-05-22 01:45:17,391 - P17320 - INFO - Iniciando busca para: CATARINA FERREIRA FREITAS CRM 38452 BA telefone e-mail endereço
2025-05-22 01:45:17,825 - P17320 - INFO - SearX results: 10 URLs
2025-05-22 01:45:17,825 - P17320 - INFO - Após SearX Uso de memória: 90.12 MB
2025-05-22 01:45:20,394 - P17320 - INFO - Google results: 10 URLs
2025-05-22 01:45:20,394 - P17320 - INFO - Após Google Uso de memória: 91.98 MB
2025-05-22 01:45:22,835 - P17320 - INFO - Bing results: 15 URLs
2025-05-22 01:45:22,836 - P17320 - INFO - Após Bing Uso de memória: 93.48 MB
2025-05-22 01:45:22,836 - P17320 - INFO - Total de URLs únicas: 26
2025-05-22 01:45:22,836 - P17320 - INFO - Processando URL 1/26: https://www.consultacrm.com.br/index/sis_login
2025-05-22 01:45:27,397 - P17320 - INFO - HTML salvo para debug: data\debug_html_v10\e56926aa25e0582d5c5b8aa167ed4b53.html
2025-05-22 01:45:27,407 - P17320 - INFO - Candidates address: 0 items
2025-05-22 01:45:27,407 - P17320 - INFO - Candidates phone: 0 items
2025-05-22 01:45:27,408 - P17320 - INFO - Candidates email: 0 items
2025-05-22 01:45:27,408 - P17320 - INFO - Candidates complement: 0 items
2025-05-22 01:45:27,408 - P17320 - INFO - Candidates cep: 0 items
2025-05-22 01:45:27,408 - P17320 - INFO - Após processar URL 1 Uso de memória: 94.62 MB
2025-05-22 01:45:27,408 - P17320 - INFO - Processando URL 2/26: https://diof.ro.gov.br/data/uploads/2023/10/DOE-09-10-2023.pdf
2025-05-22 01:45:27,408 - P17320 - INFO - Ignorando URL de arquivo não-HTML: https://diof.ro.gov.br/data/uploads/2023/10/DOE-09-10-2023.pdf
2025-05-22 01:45:27,409 - P17320 - INFO - Após processar URL 2 Uso de memória: 94.62 MB
2025-05-22 01:45:27,409 - P17320 - INFO - Processando URL 3/26: https://crmvirtual.cfm.org.br/BA/servico/pesquisa-por-medicos
2025-05-22 01:45:29,696 - P17320 - INFO - HTML salvo para debug: data\debug_html_v10\344d5185fc7be121f6bd5df93a5125ac.html
2025-05-22 01:45:29,705 - P17320 - INFO - Candidates address: 0 items
2025-05-22 01:45:29,705 - P17320 - INFO - Candidates phone: 0 items
2025-05-22 01:45:29,706 - P17320 - INFO - Candidates email: 1 items
2025-05-22 01:45:29,706 - P17320 - INFO - Candidates complement: 0 items
2025-05-22 01:45:29,706 - P17320 - INFO - Candidates cep: 0 items
2025-05-22 01:45:29,706 - P17320 - INFO - Após processar URL 3 Uso de memória: 94.75 MB
2025-05-22 01:45:29,706 - P17320 - INFO - Processando URL 4/26: https://sistemas.trf1.jus.br/edj/bitstream/handle/123/85092/Caderno_JUD_BA_2016-01-14_VIII_9.pdf?sequence=2&isAllowed=y
2025-05-22 01:45:29,706 - P17320 - INFO - Ignorando URL de arquivo não-HTML: https://sistemas.trf1.jus.br/edj/bitstream/handle/123/85092/Caderno_JUD_BA_2016-01-14_VIII_9.pdf?sequence=2&isAllowed=y
2025-05-22 01:45:29,707 - P17320 - INFO - Após processar URL 4 Uso de memória: 94.75 MB
2025-05-22 01:45:29,707 - P17320 - INFO - Processando URL 5/26: https://www.cremeb.org.br/index.php/institucional/representacoes-regionais/
2025-05-22 01:45:33,698 - P17320 - INFO - HTML salvo para debug: data\debug_html_v10\6cfcacbf979e41b7de704128b005510b.html
2025-05-22 01:45:33,742 - P17320 - INFO - Candidates address: 9 items
2025-05-22 01:45:33,742 - P17320 - INFO - Candidates phone: 10 items
2025-05-22 01:45:33,743 - P17320 - INFO - Candidates email: 10 items
2025-05-22 01:45:33,743 - P17320 - INFO - Candidates complement: 1 items
2025-05-22 01:45:33,743 - P17320 - INFO - Candidates cep: 16 items
2025-05-22 01:45:33,743 - P17320 - INFO - Após processar URL 5 Uso de memória: 94.99 MB
2025-05-22 01:45:33,743 - P17320 - INFO - Processando URL 6/26: https://www.consultasocio.com/q/sa/catarina-ferreira-freitas
2025-05-22 01:45:38,507 - P17320 - INFO - HTML salvo para debug: data\debug_html_v10\7fd774821b2e110f32e10b3f1a1abc2d.html
2025-05-22 01:45:38,518 - P17320 - INFO - Candidates address: 2 items
2025-05-22 01:45:38,518 - P17320 - INFO - Candidates phone: 0 items
2025-05-22 01:45:38,518 - P17320 - INFO - Candidates email: 2 items
2025-05-22 01:45:38,518 - P17320 - INFO - Candidates complement: 0 items
2025-05-22 01:45:38,519 - P17320 - INFO - Candidates cep: 4 items
2025-05-22 01:45:38,519 - P17320 - INFO - Após processar URL 6 Uso de memória: 95.02 MB
2025-05-22 01:45:38,519 - P17320 - INFO - Processando URL 7/26: https://www.consultacrm.com.br/index/profissionais
2025-05-22 01:45:42,072 - P17320 - INFO - HTML salvo para debug: data\debug_html_v10\ca7ac6c4b85cee4a2c1da9949f895117.html
2025-05-22 01:45:42,087 - P17320 - INFO - Candidates address: 0 items
2025-05-22 01:45:42,087 - P17320 - INFO - Candidates phone: 0 items
2025-05-22 01:45:42,088 - P17320 - INFO - Candidates email: 0 items
2025-05-22 01:45:42,088 - P17320 - INFO - Candidates complement: 0 items
2025-05-22 01:45:42,088 - P17320 - INFO - Candidates cep: 0 items
2025-05-22 01:45:42,088 - P17320 - INFO - Após processar URL 7 Uso de memória: 95.40 MB
2025-05-22 01:45:42,088 - P17320 - INFO - Processando URL 8/26: https://www.saobernardo.sp.gov.br/documents/10181/542859/16_09_16_NM_1899_otz.pdf/c1fa089b-01ad-404e-a060-0dca86ccb113
2025-05-22 01:45:42,088 - P17320 - INFO - Ignorando URL de arquivo não-HTML: https://www.saobernardo.sp.gov.br/documents/10181/542859/16_09_16_NM_1899_otz.pdf/c1fa089b-01ad-404e-a060-0dca86ccb113
2025-05-22 01:45:42,089 - P17320 - INFO - Após processar URL 8 Uso de memória: 95.40 MB
2025-05-22 01:45:42,089 - P17320 - INFO - Processando URL 9/26: https://www.saobernardo.sp.gov.br/documents/10181/1441964/NM+2289+de+14.04.2022+-+Conteu%CC%81do+Integral.pdf/18ff476d-4ede-4aa1-0bfa-2b45bcee1e9e
2025-05-22 01:45:42,089 - P17320 - INFO - Ignorando URL de arquivo não-HTML: https://www.saobernardo.sp.gov.br/documents/10181/1441964/NM+2289+de+14.04.2022+-+Conteu%CC%81do+Integral.pdf/18ff476d-4ede-4aa1-0bfa-2b45bcee1e9e
2025-05-22 01:45:42,089 - P17320 - INFO - Após processar URL 9 Uso de memória: 95.40 MB
2025-05-22 01:45:42,090 - P17320 - INFO - Processando URL 10/26: https://www.cremeb.org.br/index.php/comunicacao/fale-conosco/
2025-05-22 01:45:45,149 - P17320 - INFO - HTML salvo para debug: data\debug_html_v10\e61585e94eeacd5db1cd6d39ff0d3551.html
2025-05-22 01:45:45,173 - P17320 - INFO - Candidates address: 1 items
2025-05-22 01:45:45,173 - P17320 - INFO - Candidates phone: 1 items
2025-05-22 01:45:45,173 - P17320 - INFO - Candidates email: 1 items
2025-05-22 01:45:45,174 - P17320 - INFO - Candidates complement: 0 items
2025-05-22 01:45:45,174 - P17320 - INFO - Candidates cep: 1 items
2025-05-22 01:45:45,174 - P17320 - INFO - Após processar URL 10 Uso de memória: 95.45 MB
2025-05-22 01:45:45,174 - P17320 - INFO - Processando URL 11/26: https://www.consultacrm.com.br/index/contato
2025-05-22 01:45:49,995 - P17320 - INFO - HTML salvo para debug: data\debug_html_v10\770622092e11df0ef8d0ed5d383f74a3.html
2025-05-22 01:45:50,007 - P17320 - INFO - Candidates address: 0 items
2025-05-22 01:45:50,007 - P17320 - INFO - Candidates phone: 0 items
2025-05-22 01:45:50,007 - P17320 - INFO - Candidates email: 0 items
2025-05-22 01:45:50,007 - P17320 - INFO - Candidates complement: 0 items
2025-05-22 01:45:50,007 - P17320 - INFO - Candidates cep: 0 items
2025-05-22 01:45:50,007 - P17320 - INFO - Após processar URL 11 Uso de memória: 95.55 MB
2025-05-22 01:45:50,008 - P17320 - INFO - Processando URL 12/26: https://portal-api.campinas.sp.gov.br/sites/default/files/publicacoes-dom/dom/1231471041870410418712314722.pdf
2025-05-22 01:45:50,008 - P17320 - INFO - Ignorando URL de arquivo não-HTML: https://portal-api.campinas.sp.gov.br/sites/default/files/publicacoes-dom/dom/1231471041870410418712314722.pdf
2025-05-22 01:45:50,008 - P17320 - INFO - Após processar URL 12 Uso de memória: 95.55 MB
2025-05-22 01:45:50,008 - P17320 - INFO - Processando URL 13/26: https://www.consultacrm.com.br/index/api
2025-05-22 01:45:53,236 - P17320 - INFO - HTML salvo para debug: data\debug_html_v10\a1f22ffdf7e0eb1c02e28e1e38d3db87.html
2025-05-22 01:45:53,249 - P17320 - INFO - Candidates address: 0 items
2025-05-22 01:45:53,249 - P17320 - INFO - Candidates phone: 0 items
2025-05-22 01:45:53,249 - P17320 - INFO - Candidates email: 0 items
2025-05-22 01:45:53,249 - P17320 - INFO - Candidates complement: 0 items
2025-05-22 01:45:53,250 - P17320 - INFO - Candidates cep: 0 items
2025-05-22 01:45:53,250 - P17320 - INFO - Após processar URL 13 Uso de memória: 95.62 MB
2025-05-22 01:45:53,250 - P17320 - INFO - Processando URL 14/26: https://portal.cfm.org.br/busca-medicos
2025-05-22 01:45:55,980 - P17320 - INFO - HTML salvo para debug: data\debug_html_v10\e28ae84aaa177d1328f3a0d1fb68449f.html
2025-05-22 01:45:56,028 - P17320 - INFO - Candidates address: 0 items
2025-05-22 01:45:56,028 - P17320 - INFO - Candidates phone: 0 items
2025-05-22 01:45:56,028 - P17320 - INFO - Candidates email: 1 items
2025-05-22 01:45:56,029 - P17320 - INFO - Candidates complement: 1 items
2025-05-22 01:45:56,029 - P17320 - INFO - Candidates cep: 1 items
2025-05-22 01:45:56,029 - P17320 - INFO - Após processar URL 14 Uso de memória: 95.62 MB
2025-05-22 01:45:56,029 - P17320 - INFO - Processando URL 15/26: https://www.cremeb.org.br/index.php/buscar-medicos/
2025-05-22 01:45:59,005 - P17320 - INFO - HTML salvo para debug: data\debug_html_v10\baa85b25dd073ee15bf77dd594b13554.html
2025-05-22 01:45:59,039 - P17320 - INFO - Candidates address: 1 items
2025-05-22 01:45:59,046 - P17320 - INFO - Candidates phone: 1 items
2025-05-22 01:45:59,046 - P17320 - INFO - Candidates email: 1 items
2025-05-22 01:45:59,048 - P17320 - INFO - Candidates complement: 0 items
2025-05-22 01:45:59,053 - P17320 - INFO - Candidates cep: 1 items
2025-05-22 01:45:59,056 - P17320 - INFO - Após processar URL 15 Uso de memória: 95.64 MB
2025-05-22 01:45:59,057 - P17320 - INFO - Processando URL 16/26: https://transparencia.cremeb.org.br/index.php/sobre-o-cfm/contatos-institucionais
2025-05-22 01:46:02,100 - P17320 - INFO - HTML salvo para debug: data\debug_html_v10\2d55238d8ff465d4f590d00b1bcaf169.html
2025-05-22 01:46:02,118 - P17320 - INFO - Candidates address: 1 items
2025-05-22 01:46:02,118 - P17320 - INFO - Candidates phone: 1 items
2025-05-22 01:46:02,118 - P17320 - INFO - Candidates email: 1 items
2025-05-22 01:46:02,118 - P17320 - INFO - Candidates complement: 0 items
2025-05-22 01:46:02,118 - P17320 - INFO - Candidates cep: 1 items
2025-05-22 01:46:02,119 - P17320 - INFO - Após processar URL 16 Uso de memória: 95.70 MB
2025-05-22 01:46:02,119 - P17320 - INFO - Processando URL 17/26: https://pesquisadje-api.tjdft.jus.br/v1/diarios/pdf/2024/192.pdf
2025-05-22 01:46:02,119 - P17320 - INFO - Ignorando URL de arquivo não-HTML: https://pesquisadje-api.tjdft.jus.br/v1/diarios/pdf/2024/192.pdf
2025-05-22 01:46:02,119 - P17320 - INFO - Após processar URL 17 Uso de memória: 95.70 MB
2025-05-22 01:46:02,119 - P17320 - INFO - Processando URL 18/26: https://www.sea.sc.gov.br/wp-content/uploads/2022/10/Jornal_2021_09_27_21614.pdf
2025-05-22 01:46:02,119 - P17320 - INFO - Ignorando URL de arquivo não-HTML: https://www.sea.sc.gov.br/wp-content/uploads/2022/10/Jornal_2021_09_27_21614.pdf
2025-05-22 01:46:02,120 - P17320 - INFO - Após processar URL 18 Uso de memória: 95.70 MB
2025-05-22 01:46:02,120 - P17320 - INFO - Processando URL 19/26: https://diariooficial.guarulhos.sp.gov.br/uploads/pdf/1813607729.pdf
2025-05-22 01:46:02,120 - P17320 - INFO - Ignorando URL de arquivo não-HTML: https://diariooficial.guarulhos.sp.gov.br/uploads/pdf/1813607729.pdf
2025-05-22 01:46:02,121 - P17320 - INFO - Após processar URL 19 Uso de memória: 95.70 MB
2025-05-22 01:46:02,121 - P17320 - INFO - Processando URL 20/26: https://diario.carapicuiba.sp.gov.br/uploads/diario_oficial/341/Ld0YfZKQTQcIHekc0Iy2tCWCEqeQS-jk.pdf
2025-05-22 01:46:02,121 - P17320 - INFO - Ignorando URL de arquivo não-HTML: https://diario.carapicuiba.sp.gov.br/uploads/diario_oficial/341/Ld0YfZKQTQcIHekc0Iy2tCWCEqeQS-jk.pdf
2025-05-22 01:46:02,121 - P17320 - INFO - Após processar URL 20 Uso de memória: 95.70 MB
2025-05-22 01:46:02,121 - P17320 - INFO - Processando URL 21/26: https://www.consultacrm.com.br/index/maisvistos
2025-05-22 01:46:06,031 - P17320 - INFO - HTML salvo para debug: data\debug_html_v10\9a17d88beef1266c6e4649221409a571.html
2025-05-22 01:46:06,039 - P17320 - INFO - Candidates address: 0 items
2025-05-22 01:46:06,040 - P17320 - INFO - Candidates phone: 0 items
2025-05-22 01:46:06,040 - P17320 - INFO - Candidates email: 0 items
2025-05-22 01:46:06,040 - P17320 - INFO - Candidates complement: 0 items
2025-05-22 01:46:06,040 - P17320 - INFO - Candidates cep: 0 items
2025-05-22 01:46:06,040 - P17320 - INFO - Após processar URL 21 Uso de memória: 95.71 MB
2025-05-22 01:46:06,041 - P17320 - INFO - Processando URL 22/26: https://www.consultacrm.com.br/index/especialidades
2025-05-22 01:46:09,453 - P17320 - INFO - HTML salvo para debug: data\debug_html_v10\3cb327d5e0f962fa7a1db5a948fb6f40.html
2025-05-22 01:46:09,597 - P17320 - INFO - Candidates address: 0 items
2025-05-22 01:46:09,597 - P17320 - INFO - Candidates phone: 0 items
2025-05-22 01:46:09,598 - P17320 - INFO - Candidates email: 0 items
2025-05-22 01:46:09,599 - P17320 - INFO - Candidates complement: 0 items
2025-05-22 01:46:09,599 - P17320 - INFO - Candidates cep: 0 items
2025-05-22 01:46:09,600 - P17320 - INFO - Após processar URL 22 Uso de memória: 95.82 MB
2025-05-22 01:46:09,601 - P17320 - INFO - Processando URL 23/26: https://www.consultacrm.com.br/?uf=SP
2025-05-22 01:46:13,269 - P17320 - INFO - HTML salvo para debug: data\debug_html_v10\60d20285cf74ceed0f862951f9b2b598.html
2025-05-22 01:46:13,281 - P17320 - INFO - Candidates address: 0 items
2025-05-22 01:46:13,281 - P17320 - INFO - Candidates phone: 0 items
2025-05-22 01:46:13,282 - P17320 - INFO - Candidates email: 0 items
2025-05-22 01:46:13,282 - P17320 - INFO - Candidates complement: 0 items
2025-05-22 01:46:13,282 - P17320 - INFO - Candidates cep: 0 items
2025-05-22 01:46:13,282 - P17320 - INFO - Após processar URL 23 Uso de memória: 95.47 MB
2025-05-22 01:46:13,282 - P17320 - INFO - Processando URL 24/26: https://acervo.arquivopublico.sc.gov.br/uploads/r/arquivo-publico-do-estado-de-santa-catarina-apesc/6/1/2/612f70bffaaa8e816699514677bfeef039a96203a3ab34d6d037f022c00cd7d8/cb03960a-f8a8-4c29-92ed-5b34abe27b83-13702-DOE_19176_20_09_2011_44F_JUCESC_19176_08F.pdf
2025-05-22 01:46:13,283 - P17320 - INFO - Ignorando URL de arquivo não-HTML: https://acervo.arquivopublico.sc.gov.br/uploads/r/arquivo-publico-do-estado-de-santa-catarina-apesc/6/1/2/612f70bffaaa8e816699514677bfeef039a96203a3ab34d6d037f022c00cd7d8/cb03960a-f8a8-4c29-92ed-5b34abe27b83-13702-DOE_19176_20_09_2011_44F_JUCESC_19176_08F.pdf
2025-05-22 01:46:13,283 - P17320 - INFO - Após processar URL 24 Uso de memória: 95.47 MB
2025-05-22 01:46:13,283 - P17320 - INFO - Processando URL 25/26: https://sistemas.trf1.jus.br/edj/bitstream/handle/123/182184/Caderno_JUD_BA_2016-11-25_VIII_219.pdf?sequence=1&isAllowed=y
2025-05-22 01:46:13,283 - P17320 - INFO - Ignorando URL de arquivo não-HTML: https://sistemas.trf1.jus.br/edj/bitstream/handle/123/182184/Caderno_JUD_BA_2016-11-25_VIII_219.pdf?sequence=1&isAllowed=y
2025-05-22 01:46:13,284 - P17320 - INFO - Após processar URL 25 Uso de memória: 95.47 MB
2025-05-22 01:46:13,284 - P17320 - INFO - Processando URL 26/26: https://consultacrm.com.br/
2025-05-22 01:46:15,395 - P17320 - INFO - HTML salvo para debug: data\debug_html_v10\65cadeb91ac3713432c21b535990f440.html
2025-05-22 01:46:15,407 - P17320 - INFO - Candidates address: 0 items
2025-05-22 01:46:15,408 - P17320 - INFO - Candidates phone: 0 items
2025-05-22 01:46:15,408 - P17320 - INFO - Candidates email: 0 items
2025-05-22 01:46:15,409 - P17320 - INFO - Candidates complement: 0 items
2025-05-22 01:46:15,409 - P17320 - INFO - Candidates cep: 0 items
2025-05-22 01:46:15,409 - P17320 - INFO - Após processar URL 26 Uso de memória: 95.94 MB
2025-05-22 01:46:15,410 - P17320 - INFO - Iniciando agregação e ranqueamento
2025-05-22 01:46:15,410 - P17320 - INFO - Ranked address: 12 items
2025-05-22 01:46:15,410 - P17320 - INFO - Ranked phone: 10 items
2025-05-22 01:46:15,411 - P17320 - INFO - Ranked email: 15 items
2025-05-22 01:46:15,411 - P17320 - INFO - Ranked complement: 2 items
2025-05-22 01:46:15,411 - P17320 - INFO - Ranked cep: 22 items
2025-05-22 01:46:15,411 - P17320 - INFO - Após agregação Uso de memória: 95.94 MB
2025-05-22 01:46:15,412 - P17320 - INFO - Validando endereço: ['Rua Guadalajara, 175', 'Rua Maria de Lourdes Dourado Moitinho, 232', 'Rua Rio de Janeiro, 65']
2025-05-22 01:46:15,412 - P17320 - INFO - Endereço validado: Rua Guadalajara, 175
2025-05-22 01:46:15,412 - P17320 - INFO - Limpando texto extenso para campo address: Rua Guadalajara, 175...
2025-05-22 01:46:15,412 - P17320 - INFO - Texto limpo: Rua Guadalajara, 175
2025-05-22 01:46:15,412 - P17320 - INFO - Validando telefone: ['(71) 3339-2800', '(74) 99953-9338', '(77) 99838-4802']
2025-05-22 01:46:15,413 - P17320 - INFO - Limpando texto extenso para campo phone: (71) 3339-2800...
2025-05-22 01:46:15,413 - P17320 - INFO - Texto limpo: 71) 3339-2800
2025-05-22 01:46:15,413 - P17320 - INFO - Telefone validado: 71) 3339-2800
2025-05-22 01:46:15,413 - P17320 - INFO - Validando email: ['protocolo@cremeb.org.br', 'pfisica@cremeb.org.br', 'centrooeste@cremeb.org.br']
2025-05-22 01:46:15,413 - P17320 - INFO - Limpando texto extenso para campo email: protocolo@cremeb.org.br...
2025-05-22 01:46:15,414 - P17320 - INFO - Texto limpo: protocolo@cremeb.org.br
2025-05-22 01:46:15,414 - P17320 - INFO - Email validado: protocolo@cremeb.org.br
2025-05-22 01:46:15,414 - P17320 - INFO - Validando complemento: ['Sala 10 – Centro', 'Conjunto D']
2025-05-22 01:46:15,414 - P17320 - INFO - Limpando texto extenso para campo complement: Sala 10 – Centro...
2025-05-22 01:46:15,414 - P17320 - INFO - Texto limpo: Sala 10 – Centro
2025-05-22 01:46:15,414 - P17320 - INFO - Complemento validado: Sala 10 – Centro
2025-05-22 01:46:15,415 - P17320 - INFO - Descobrindo cidade
2025-05-22 01:46:15,415 - P17320 - INFO - Buscando cidade: Rua Guadalajara cidade BA
2025-05-22 01:46:17,889 - P17320 - INFO - Cidade encontrada: Salvador
2025-05-22 01:46:17,889 - P17320 - INFO - Limpando texto extenso para campo city: Salvador...
2025-05-22 01:46:17,890 - P17320 - INFO - Texto limpo: Salvador
2025-05-22 01:46:17,890 - P17320 - INFO - Cidade descoberta: Salvador
2025-05-22 01:46:17,890 - P17320 - INFO - Buscando CEP com sistema de cascata
2025-05-22 01:46:17,890 - P17320 - INFO - Iniciando busca de CEP em cascata para: Rua Guadalajara, Salvador, BA
2025-05-22 01:46:17,892 - P17320 - INFO - Método 1: ViaCEP API
2025-05-22 01:46:17,893 - P17320 - INFO - Buscando no ViaCEP: https://viacep.com.br/ws/BA/salvador/rua%20guadalajara/json/
2025-05-22 01:46:18,577 - P17320 - INFO - Dados encontrados no ViaCEP: {'cep': '40157-265', 'logradouro': 'Rua Guadalajara', 'complemento': '', 'unidade': '', 'bairro': 'Chame-Chame', 'localidade': 'Salvador', 'uf': 'BA', 'estado': 'Bahia', 'regiao': 'Nordeste', 'ibge': '2927408', 'gia': '', 'ddd': '71', 'siafi': '3849'}
2025-05-22 01:46:18,590 - P17320 - INFO - CEP encontrado via ViaCEP: 40157-265
2025-05-22 01:46:18,590 - P17320 - INFO - Dados de CEP encontrados: {'cep': '40157-265', 'logradouro': 'Rua Guadalajara', 'complemento': '', 'unidade': '', 'bairro': 'Chame-Chame', 'localidade': 'Salvador', 'uf': 'BA', 'estado': 'Bahia', 'regiao': 'Nordeste', 'ibge': '2927408', 'gia': '', 'ddd': '71', 'siafi': '3849'}
2025-05-22 01:46:18,590 - P17320 - INFO - Limpando texto extenso para campo bairro: Chame-Chame...
2025-05-22 01:46:18,591 - P17320 - INFO - Texto limpo: Chame-Chame
2025-05-22 01:46:18,591 - P17320 - INFO - Limpando texto extenso para campo city: Salvador...
2025-05-22 01:46:18,591 - P17320 - INFO - Texto limpo: Salvador
2025-05-22 01:46:18,592 - P17320 - INFO - Limpando texto extenso para campo state: BA...
2025-05-22 01:46:18,592 - P17320 - INFO - Texto limpo: BA
2025-05-22 01:46:18,592 - P17320 - INFO - Tempo de execução de processamento completo do médico: 61.20 segundos
2025-05-22 01:46:18,593 - P17320 - INFO - Resultado processado: {'Hash': '5ed1b0fc2a071369fffcfe8a5c33cf9c8e09560f1909f9b45348b67fa4fd45f7', 'CRM': '38452', 'UF': 'BA', 'Firstname': 'CATARINA', 'LastName': 'FERREIRA FREITAS', 'Medical specialty': '', 'Endereco Completo A1': 'Rua Guadalajara, 175', 'Address A1': 'Rua Guadalajara', 'Numero A1': '175', 'Complement A1': 'Sala 10 – Centro', 'Bairro A1': 'Chame-Chame', 'postal code A1': '40157-265', 'City A1': 'Salvador', 'State A1': 'BA', 'Phone A1': '71) 3339-2800', 'Phone A2': '', 'Cell phone A1': '', 'Cell phone A2': '', 'E-mail A1': 'protocolo@cremeb.org.br', 'E-mail A2': '', 'OPT-IN': '', 'STATUS': '', 'LOTE': ''}
2025-05-22 01:46:18,594 - P17320 - INFO - Progresso: 9.7%
2025-05-22 01:46:18,594 - P17320 - INFO - Tempo de execução de processamento do médico 2: 61.20 segundos
2025-05-22 01:46:18,594 - P17320 - INFO - 
==================================================
Processando médico 3/3
2025-05-22 01:46:18,595 - P17320 - INFO - Nome: ADRIANA BATISTA FREITAS ALVES
2025-05-22 01:46:18,595 - P17320 - INFO - Início do processamento Uso de memória: 90.41 MB
2025-05-22 01:46:18,595 - P17320 - INFO - Iniciando busca para: ADRIANA BATISTA FREITAS ALVES CRM 38906 BA telefone e-mail endereço
2025-05-22 01:46:19,024 - P17320 - INFO - SearX results: 10 URLs
2025-05-22 01:46:19,025 - P17320 - INFO - Após SearX Uso de memória: 90.42 MB
2025-05-22 01:46:21,559 - P17320 - INFO - Google results: 10 URLs
2025-05-22 01:46:21,560 - P17320 - INFO - Após Google Uso de memória: 93.55 MB
2025-05-22 01:46:24,036 - P17320 - INFO - Bing results: 10 URLs
2025-05-22 01:46:24,036 - P17320 - INFO - Após Bing Uso de memória: 94.77 MB
2025-05-22 01:46:24,036 - P17320 - INFO - Total de URLs únicas: 23
2025-05-22 01:46:24,036 - P17320 - INFO - Processando URL 1/23: https://crmvirtual.cfm.org.br/BA/servico/pesquisa-por-medicos
2025-05-22 01:46:26,549 - P17320 - INFO - HTML salvo para debug: data\debug_html_v10\344d5185fc7be121f6bd5df93a5125ac.html
2025-05-22 01:46:26,559 - P17320 - INFO - Candidates address: 0 items
2025-05-22 01:46:26,560 - P17320 - INFO - Candidates phone: 0 items
2025-05-22 01:46:26,560 - P17320 - INFO - Candidates email: 1 items
2025-05-22 01:46:26,561 - P17320 - INFO - Candidates complement: 0 items
2025-05-22 01:46:26,561 - P17320 - INFO - Candidates cep: 0 items
2025-05-22 01:46:26,561 - P17320 - INFO - Após processar URL 1 Uso de memória: 94.88 MB
2025-05-22 01:46:26,562 - P17320 - INFO - Processando URL 2/23: https://cnpj.biz/57929289000145
2025-05-22 01:46:28,926 - P17320 - INFO - HTML salvo para debug: data\debug_html_v10\a183eaa671b39ea061e523668ceff343.html
2025-05-22 01:46:28,929 - P17320 - INFO - Candidates address: 0 items
2025-05-22 01:46:28,929 - P17320 - INFO - Candidates phone: 0 items
2025-05-22 01:46:28,929 - P17320 - INFO - Candidates email: 0 items
2025-05-22 01:46:28,929 - P17320 - INFO - Candidates complement: 0 items
2025-05-22 01:46:28,930 - P17320 - INFO - Candidates cep: 0 items
2025-05-22 01:46:28,930 - P17320 - INFO - Após processar URL 2 Uso de memória: 94.91 MB
2025-05-22 01:46:28,930 - P17320 - INFO - Processando URL 3/23: https://guiamedico.cremesp.org.br/
2025-05-22 01:46:32,093 - P17320 - INFO - HTML salvo para debug: data\debug_html_v10\7c54969580769b63edd9abaa952e1fa2.html
2025-05-22 01:46:32,099 - P17320 - INFO - Candidates address: 1 items
2025-05-22 01:46:32,100 - P17320 - INFO - Candidates phone: 1 items
2025-05-22 01:46:32,101 - P17320 - INFO - Candidates email: 0 items
2025-05-22 01:46:32,102 - P17320 - INFO - Candidates complement: 0 items
2025-05-22 01:46:32,102 - P17320 - INFO - Candidates cep: 1 items
2025-05-22 01:46:32,102 - P17320 - INFO - Após processar URL 3 Uso de memória: 95.06 MB
2025-05-22 01:46:32,103 - P17320 - INFO - Processando URL 4/23: https://cnpj.biz/27437202000151
2025-05-22 01:46:34,254 - P17320 - INFO - HTML salvo para debug: data\debug_html_v10\108ee1ff45a28e318bfc3e8ba7fcc469.html
2025-05-22 01:46:34,256 - P17320 - INFO - Candidates address: 0 items
2025-05-22 01:46:34,256 - P17320 - INFO - Candidates phone: 0 items
2025-05-22 01:46:34,256 - P17320 - INFO - Candidates email: 0 items
2025-05-22 01:46:34,257 - P17320 - INFO - Candidates complement: 0 items
2025-05-22 01:46:34,257 - P17320 - INFO - Candidates cep: 0 items
2025-05-22 01:46:34,257 - P17320 - INFO - Após processar URL 4 Uso de memória: 95.11 MB
2025-05-22 01:46:34,258 - P17320 - INFO - Processando URL 5/23: http://www.ioepa.com.br/arquivos/2011/2011.04.18.DOE.pdf
2025-05-22 01:46:34,258 - P17320 - INFO - Ignorando URL de arquivo não-HTML: http://www.ioepa.com.br/arquivos/2011/2011.04.18.DOE.pdf
2025-05-22 01:46:34,258 - P17320 - INFO - Após processar URL 5 Uso de memória: 95.11 MB
2025-05-22 01:46:34,258 - P17320 - INFO - Processando URL 6/23: https://servicos.sjc.sp.gov.br/governo/boletim/boletimPDF/201707262038249bf38dee-bb23-4960-9f09-6c34a2cde4d6.pdf
2025-05-22 01:46:34,259 - P17320 - INFO - Ignorando URL de arquivo não-HTML: https://servicos.sjc.sp.gov.br/governo/boletim/boletimPDF/201707262038249bf38dee-bb23-4960-9f09-6c34a2cde4d6.pdf
2025-05-22 01:46:34,259 - P17320 - INFO - Após processar URL 6 Uso de memória: 95.11 MB
2025-05-22 01:46:34,259 - P17320 - INFO - Processando URL 7/23: https://www.saobernardo.sp.gov.br/documents/10181/1441964/NM+2320+de+07.10.2022+-++Conte%C3%BAdo+Integral.pdf/324bdaa7-386a-b29f-55a0-b79c8b3b800e
2025-05-22 01:46:34,259 - P17320 - INFO - Ignorando URL de arquivo não-HTML: https://www.saobernardo.sp.gov.br/documents/10181/1441964/NM+2320+de+07.10.2022+-++Conte%C3%BAdo+Integral.pdf/324bdaa7-386a-b29f-55a0-b79c8b3b800e
2025-05-22 01:46:34,259 - P17320 - INFO - Após processar URL 7 Uso de memória: 95.11 MB
2025-05-22 01:46:34,259 - P17320 - INFO - Processando URL 8/23: https://www.portaltransparencia.gov.br/pessoa-fisica/busca/lista
2025-05-22 01:46:37,855 - P17320 - INFO - HTML salvo para debug: data\debug_html_v10\e200cdf64b71d4c9248718dd155b3edb.html
2025-05-22 01:46:37,895 - P17320 - INFO - Candidates address: 0 items
2025-05-22 01:46:37,895 - P17320 - INFO - Candidates phone: 0 items
2025-05-22 01:46:37,896 - P17320 - INFO - Candidates email: 0 items
2025-05-22 01:46:37,896 - P17320 - INFO - Candidates complement: 0 items
2025-05-22 01:46:37,896 - P17320 - INFO - Candidates cep: 0 items
2025-05-22 01:46:37,896 - P17320 - INFO - Após processar URL 8 Uso de memória: 91.03 MB
2025-05-22 01:46:37,896 - P17320 - INFO - Processando URL 9/23: https://portal.cfm.org.br/busca-medicos
2025-05-22 01:46:41,195 - P17320 - INFO - HTML salvo para debug: data\debug_html_v10\e28ae84aaa177d1328f3a0d1fb68449f.html
2025-05-22 01:46:41,235 - P17320 - INFO - Candidates address: 0 items
2025-05-22 01:46:41,235 - P17320 - INFO - Candidates phone: 0 items
2025-05-22 01:46:41,236 - P17320 - INFO - Candidates email: 1 items
2025-05-22 01:46:41,236 - P17320 - INFO - Candidates complement: 1 items
2025-05-22 01:46:41,236 - P17320 - INFO - Candidates cep: 1 items
2025-05-22 01:46:41,236 - P17320 - INFO - Após processar URL 9 Uso de memória: 93.43 MB
2025-05-22 01:46:41,236 - P17320 - INFO - Processando URL 10/23: https://www.diario.pi.gov.br/doe/files/diarios/anexo/3b79b752-d24b-49a7-8be3-8a12c63370a8/DOEPI_4_2025.pdf
2025-05-22 01:46:41,236 - P17320 - INFO - Ignorando URL de arquivo não-HTML: https://www.diario.pi.gov.br/doe/files/diarios/anexo/3b79b752-d24b-49a7-8be3-8a12c63370a8/DOEPI_4_2025.pdf
2025-05-22 01:46:41,236 - P17320 - INFO - Após processar URL 10 Uso de memória: 93.43 MB
2025-05-22 01:46:41,237 - P17320 - INFO - Processando URL 11/23: http://www.pm.ba.gov.br/wp-content/uploads/2024/11/Edital-CFOPM-doe_2024-11-29_completo.pdf
2025-05-22 01:46:41,237 - P17320 - INFO - Ignorando URL de arquivo não-HTML: http://www.pm.ba.gov.br/wp-content/uploads/2024/11/Edital-CFOPM-doe_2024-11-29_completo.pdf
2025-05-22 01:46:41,237 - P17320 - INFO - Após processar URL 11 Uso de memória: 93.43 MB
2025-05-22 01:46:41,237 - P17320 - INFO - Processando URL 12/23: https://www.gov.br/mme/pt-br/arquivos/do-19-10-2012-s1.pdf/@@download/file
2025-05-22 01:46:41,237 - P17320 - INFO - Ignorando URL de arquivo não-HTML: https://www.gov.br/mme/pt-br/arquivos/do-19-10-2012-s1.pdf/@@download/file
2025-05-22 01:46:41,238 - P17320 - INFO - Após processar URL 12 Uso de memória: 93.43 MB
2025-05-22 01:46:41,239 - P17320 - INFO - Processando URL 13/23: https://udok.digital/especialista/endocrinologia
2025-05-22 01:46:47,225 - P17320 - INFO - HTML salvo para debug: data\debug_html_v10\99bf278091b72dd6370f2407645f4985.html
2025-05-22 01:46:47,261 - P17320 - INFO - Candidates address: 0 items
2025-05-22 01:46:47,261 - P17320 - INFO - Candidates phone: 0 items
2025-05-22 01:46:47,262 - P17320 - INFO - Candidates email: 0 items
2025-05-22 01:46:47,262 - P17320 - INFO - Candidates complement: 0 items
2025-05-22 01:46:47,262 - P17320 - INFO - Candidates cep: 0 items
2025-05-22 01:46:47,262 - P17320 - INFO - Após processar URL 13 Uso de memória: 94.52 MB
2025-05-22 01:46:47,262 - P17320 - INFO - Processando URL 14/23: https://portal-api.campinas.sp.gov.br/sites/default/files/publicacoes-dom/dom/1591550720.pdf
2025-05-22 01:46:47,262 - P17320 - INFO - Ignorando URL de arquivo não-HTML: https://portal-api.campinas.sp.gov.br/sites/default/files/publicacoes-dom/dom/1591550720.pdf
2025-05-22 01:46:47,263 - P17320 - INFO - Após processar URL 14 Uso de memória: 94.52 MB
2025-05-22 01:46:47,263 - P17320 - INFO - Processando URL 15/23: https://sistemas.trf1.jus.br/edj/bitstream/handle/123/231733/Caderno_JUD_DF_2017-05-23_IX_90.pdf?sequence=1&isAllowed=y
2025-05-22 01:46:47,263 - P17320 - INFO - Ignorando URL de arquivo não-HTML: https://sistemas.trf1.jus.br/edj/bitstream/handle/123/231733/Caderno_JUD_DF_2017-05-23_IX_90.pdf?sequence=1&isAllowed=y
2025-05-22 01:46:47,263 - P17320 - INFO - Após processar URL 15 Uso de memória: 94.52 MB
2025-05-22 01:46:47,263 - P17320 - INFO - Processando URL 16/23: https://udok.digital/adriana-batista-freitas-alves-clinica-geral
2025-05-22 01:46:51,377 - P17320 - INFO - HTML salvo para debug: data\debug_html_v10\11c698ec84be707c993b738d6e97daa9.html
2025-05-22 01:46:51,392 - P17320 - INFO - Candidates address: 0 items
2025-05-22 01:46:51,392 - P17320 - INFO - Candidates phone: 0 items
2025-05-22 01:46:51,392 - P17320 - INFO - Candidates email: 0 items
2025-05-22 01:46:51,392 - P17320 - INFO - Candidates complement: 0 items
2025-05-22 01:46:51,392 - P17320 - INFO - Candidates cep: 0 items
2025-05-22 01:46:51,393 - P17320 - INFO - Após processar URL 16 Uso de memória: 95.19 MB
2025-05-22 01:46:51,393 - P17320 - INFO - Processando URL 17/23: https://diariooficial.guarulhos.sp.gov.br/uploads/pdf/56583273.pdf
2025-05-22 01:46:51,393 - P17320 - INFO - Ignorando URL de arquivo não-HTML: https://diariooficial.guarulhos.sp.gov.br/uploads/pdf/56583273.pdf
2025-05-22 01:46:51,393 - P17320 - INFO - Após processar URL 17 Uso de memória: 95.19 MB
2025-05-22 01:46:51,393 - P17320 - INFO - Processando URL 18/23: https://osasco.sp.gov.br/site/wp-content/uploads/2022/02/iomo552.pdf
2025-05-22 01:46:51,394 - P17320 - INFO - Ignorando URL de arquivo não-HTML: https://osasco.sp.gov.br/site/wp-content/uploads/2022/02/iomo552.pdf
2025-05-22 01:46:51,394 - P17320 - INFO - Após processar URL 18 Uso de memória: 95.19 MB
2025-05-22 01:46:51,394 - P17320 - INFO - Processando URL 19/23: https://www2.bauru.sp.gov.br/arquivos/sist_diariooficial/2015/05/do_20150516_2536.pdf
2025-05-22 01:46:51,394 - P17320 - INFO - Ignorando URL de arquivo não-HTML: https://www2.bauru.sp.gov.br/arquivos/sist_diariooficial/2015/05/do_20150516_2536.pdf
2025-05-22 01:46:51,394 - P17320 - INFO - Após processar URL 19 Uso de memória: 95.19 MB
2025-05-22 01:46:51,395 - P17320 - INFO - Processando URL 20/23: https://sistemas.trf1.jus.br/edj/bitstream/handle/123/18212/Cadernos_JUD_BA_2019-05-30_XI_98.pdf?sequence=1&isAllowed=y
2025-05-22 01:46:51,395 - P17320 - INFO - Ignorando URL de arquivo não-HTML: https://sistemas.trf1.jus.br/edj/bitstream/handle/123/18212/Cadernos_JUD_BA_2019-05-30_XI_98.pdf?sequence=1&isAllowed=y
2025-05-22 01:46:51,395 - P17320 - INFO - Após processar URL 20 Uso de memória: 95.19 MB
2025-05-22 01:46:51,395 - P17320 - INFO - Processando URL 21/23: https://diariooficial.guarulhos.sp.gov.br/uploads/pdf/1046840753.pdf
2025-05-22 01:46:51,395 - P17320 - INFO - Ignorando URL de arquivo não-HTML: https://diariooficial.guarulhos.sp.gov.br/uploads/pdf/1046840753.pdf
2025-05-22 01:46:51,396 - P17320 - INFO - Após processar URL 21 Uso de memória: 95.19 MB
2025-05-22 01:46:51,396 - P17320 - INFO - Processando URL 22/23: https://consultacrm.com.br/
2025-05-22 01:46:54,837 - P17320 - INFO - HTML salvo para debug: data\debug_html_v10\65cadeb91ac3713432c21b535990f440.html
2025-05-22 01:46:54,851 - P17320 - INFO - Candidates address: 0 items
2025-05-22 01:46:54,851 - P17320 - INFO - Candidates phone: 0 items
2025-05-22 01:46:54,851 - P17320 - INFO - Candidates email: 0 items
2025-05-22 01:46:54,851 - P17320 - INFO - Candidates complement: 0 items
2025-05-22 01:46:54,852 - P17320 - INFO - Candidates cep: 0 items
2025-05-22 01:46:54,852 - P17320 - INFO - Após processar URL 22 Uso de memória: 96.38 MB
2025-05-22 01:46:54,852 - P17320 - INFO - Processando URL 23/23: https://cnpj.biz/44939952000140
2025-05-22 01:46:57,018 - P17320 - INFO - HTML salvo para debug: data\debug_html_v10\ea4998d6a9e2df4e4b542db38e3c4d6a.html
2025-05-22 01:46:57,021 - P17320 - INFO - Candidates address: 0 items
2025-05-22 01:46:57,021 - P17320 - INFO - Candidates phone: 0 items
2025-05-22 01:46:57,021 - P17320 - INFO - Candidates email: 0 items
2025-05-22 01:46:57,022 - P17320 - INFO - Candidates complement: 0 items
2025-05-22 01:46:57,022 - P17320 - INFO - Candidates cep: 0 items
2025-05-22 01:46:57,022 - P17320 - INFO - Após processar URL 23 Uso de memória: 96.50 MB
2025-05-22 01:46:57,022 - P17320 - INFO - Iniciando agregação e ranqueamento
2025-05-22 01:46:57,022 - P17320 - INFO - Ranked address: 1 items
2025-05-22 01:46:57,022 - P17320 - INFO - Ranked phone: 1 items
2025-05-22 01:46:57,023 - P17320 - INFO - Ranked email: 2 items
2025-05-22 01:46:57,023 - P17320 - INFO - Ranked complement: 1 items
2025-05-22 01:46:57,023 - P17320 - INFO - Ranked cep: 2 items
2025-05-22 01:46:57,023 - P17320 - INFO - Após agregação Uso de memória: 96.50 MB
2025-05-22 01:46:57,023 - P17320 - INFO - Validando endereço: ['Rua Frei Caneca, 1282']
2025-05-22 01:46:57,024 - P17320 - INFO - Endereço validado: Rua Frei Caneca, 1282
2025-05-22 01:46:57,024 - P17320 - INFO - Limpando texto extenso para campo address: Rua Frei Caneca, 1282...
2025-05-22 01:46:57,024 - P17320 - INFO - Texto limpo: Rua Frei Caneca, 1282
2025-05-22 01:46:57,024 - P17320 - INFO - Validando telefone: ['(11) 4349-9900']
2025-05-22 01:46:57,024 - P17320 - INFO - Limpando texto extenso para campo phone: (11) 4349-9900...
2025-05-22 01:46:57,025 - P17320 - INFO - Texto limpo: 11) 4349-9900
2025-05-22 01:46:57,025 - P17320 - INFO - Telefone validado: 11) 4349-9900
2025-05-22 01:46:57,025 - P17320 - INFO - Validando email: ['pfisica@cremeb.org.br', 'cfm@portalmedico.org.br']
2025-05-22 01:46:57,025 - P17320 - INFO - Limpando texto extenso para campo email: pfisica@cremeb.org.br...
2025-05-22 01:46:57,025 - P17320 - INFO - Texto limpo: pfisica@cremeb.org.br
2025-05-22 01:46:57,025 - P17320 - INFO - Email validado: pfisica@cremeb.org.br
2025-05-22 01:46:57,025 - P17320 - INFO - Validando complemento: ['Conjunto D']
2025-05-22 01:46:57,026 - P17320 - INFO - Limpando texto extenso para campo complement: Conjunto D...
2025-05-22 01:46:57,026 - P17320 - INFO - Texto limpo: Conjunto D
2025-05-22 01:46:57,026 - P17320 - INFO - Complemento validado: Conjunto D
2025-05-22 01:46:57,026 - P17320 - INFO - Descobrindo cidade
2025-05-22 01:46:57,026 - P17320 - INFO - Buscando cidade: Rua Frei Caneca cidade BA
2025-05-22 01:46:59,621 - P17320 - WARNING - Cidade não encontrada
2025-05-22 01:46:59,621 - P17320 - INFO - Cidade descoberta: 
2025-05-22 01:46:59,622 - P17320 - INFO - Tempo de execução de processamento completo do médico: 41.03 segundos
2025-05-22 01:46:59,622 - P17320 - INFO - Resultado processado: {'Hash': 'cfdb3a5add30423b4554ac8768a5e5a02653d364b316553eefc34027f6faf978', 'CRM': '38906', 'UF': 'BA', 'Firstname': 'ADRIANA', 'LastName': 'BATISTA FREITAS ALVES', 'Medical specialty': '', 'Endereco Completo A1': 'Rua Frei Caneca, 1282', 'Address A1': 'Rua Frei Caneca', 'Numero A1': '1282', 'Complement A1': 'Conjunto D', 'Bairro A1': '', 'postal code A1': '', 'City A1': '', 'State A1': '', 'Phone A1': '11) 4349-9900', 'Phone A2': '', 'Cell phone A1': '', 'Cell phone A2': '', 'E-mail A1': 'pfisica@cremeb.org.br', 'E-mail A2': '', 'OPT-IN': '', 'STATUS': '', 'LOTE': ''}
2025-05-22 01:46:59,623 - P17320 - INFO - Salvando lote de resultados
2025-05-22 01:46:59,624 - P17320 - INFO - Após salvar resultados Uso de memória: 89.12 MB
2025-05-22 01:46:59,624 - P17320 - INFO - Progresso: 10.0%
2025-05-22 01:46:59,624 - P17320 - INFO - Tempo de execução de processamento do médico 3: 41.03 segundos
2025-05-22 01:46:59,625 - P17320 - INFO - Tempo de execução de processamento do lote completo: 144.86 segundos
