2025-05-22 02:20:37,196 - P17020 - INFO - 
==================================================
Processando médico 1/3
2025-05-22 02:20:37,198 - P17020 - INFO - Nome: MÁRCIA DANTAS DA SILVA
2025-05-22 02:20:37,199 - P17020 - INFO - Reiniciando driver do Chrome
2025-05-22 02:20:38,494 - P17020 - INFO - Após reiniciar driver Uso de memória: 125.74 MB
2025-05-22 02:20:38,494 - P17020 - INFO - Início do processamento Uso de memória: 125.74 MB
2025-05-22 02:20:38,494 - P17020 - INFO - Iniciando busca para: MÁRCIA DANTAS DA SILVA CRM 674192 RJ telefone e-mail endereço
2025-05-22 02:20:38,888 - P17020 - INFO - SearX results: 1 URLs
2025-05-22 02:20:38,889 - P17020 - INFO - Após SearX Uso de memória: 125.74 MB
2025-05-22 02:20:41,717 - P17020 - INFO - Google results: 5 URLs
2025-05-22 02:20:41,718 - P17020 - INFO - Após Google Uso de memória: 128.54 MB
2025-05-22 02:20:44,631 - P17020 - INFO - Bing results: 11 URLs
2025-05-22 02:20:44,632 - P17020 - INFO - Após Bing Uso de memória: 128.57 MB
2025-05-22 02:20:44,632 - P17020 - INFO - Total de URLs únicas: 14
2025-05-22 02:20:44,632 - P17020 - INFO - Processando URL 1/14: https://www.boaconsulta.com/especialista/marcia-dantas-da-silva-lima-5840a4ddd732981928596907
2025-05-22 02:20:48,360 - P17020 - INFO - HTML salvo para debug: data\debug_html_v10\bfa29f3fae15115e95602cbc615518d6.html
2025-05-22 02:20:48,432 - P17020 - INFO - Candidates address: 5 items
2025-05-22 02:20:48,432 - P17020 - INFO - Candidates phone: 0 items
2025-05-22 02:20:48,432 - P17020 - INFO - Candidates email: 0 items
2025-05-22 02:20:48,432 - P17020 - INFO - Candidates complement: 1 items
2025-05-22 02:20:48,432 - P17020 - INFO - Candidates cep: 0 items
2025-05-22 02:20:48,433 - P17020 - INFO - Após processar URL 1 Uso de memória: 128.91 MB
2025-05-22 02:20:48,433 - P17020 - INFO - Processando URL 2/14: https://www.ioepa.com.br/pages/2014/2014.04.22.DOE.pdf
2025-05-22 02:20:48,433 - P17020 - INFO - Ignorando URL de arquivo não-HTML: https://www.ioepa.com.br/pages/2014/2014.04.22.DOE.pdf
2025-05-22 02:20:48,433 - P17020 - INFO - Após processar URL 2 Uso de memória: 128.11 MB
2025-05-22 02:20:48,433 - P17020 - INFO - Processando URL 3/14: https://www.consultacrm.com.br/index/medicos/uid-822fae3e-f5c5-11ec-9e74-0a4aa568c625/marcia_dantas_da_silva_lima
2025-05-22 02:20:54,993 - P17020 - INFO - HTML salvo para debug: data\debug_html_v10\1323edf2d7d88b152d622deb5cc6996f.html
2025-05-22 02:20:55,010 - P17020 - INFO - Candidates address: 0 items
2025-05-22 02:20:55,013 - P17020 - INFO - Candidates phone: 0 items
2025-05-22 02:20:55,014 - P17020 - INFO - Candidates email: 0 items
2025-05-22 02:20:55,015 - P17020 - INFO - Candidates complement: 0 items
2025-05-22 02:20:55,016 - P17020 - INFO - Candidates cep: 0 items
2025-05-22 02:20:55,016 - P17020 - INFO - Após processar URL 3 Uso de memória: 129.29 MB
2025-05-22 02:20:55,017 - P17020 - INFO - Processando URL 4/14: https://consultacrm.com.br/
2025-05-22 02:20:58,876 - P17020 - INFO - HTML salvo para debug: data\debug_html_v10\65cadeb91ac3713432c21b535990f440.html
2025-05-22 02:20:58,890 - P17020 - INFO - Candidates address: 0 items
2025-05-22 02:20:58,890 - P17020 - INFO - Candidates phone: 0 items
2025-05-22 02:20:58,890 - P17020 - INFO - Candidates email: 0 items
2025-05-22 02:20:58,891 - P17020 - INFO - Candidates complement: 0 items
2025-05-22 02:20:58,891 - P17020 - INFO - Candidates cep: 0 items
2025-05-22 02:20:58,891 - P17020 - INFO - Após processar URL 4 Uso de memória: 130.34 MB
2025-05-22 02:20:58,891 - P17020 - INFO - Processando URL 5/14: https://acheseudoutor.com.br/index.php?pg=pagina_pessoal&id=48010
2025-05-22 02:21:02,386 - P17020 - INFO - HTML salvo para debug: data\debug_html_v10\20878a7c94a2eee6ca22c476a0f83593.html
2025-05-22 02:21:02,402 - P17020 - INFO - Candidates address: 1 items
2025-05-22 02:21:02,403 - P17020 - INFO - Candidates phone: 0 items
2025-05-22 02:21:02,403 - P17020 - INFO - Candidates email: 0 items
2025-05-22 02:21:02,403 - P17020 - INFO - Candidates complement: 1 items
2025-05-22 02:21:02,403 - P17020 - INFO - Candidates cep: 0 items
2025-05-22 02:21:02,404 - P17020 - INFO - Após processar URL 5 Uso de memória: 130.59 MB
2025-05-22 02:21:02,404 - P17020 - INFO - Processando URL 6/14: https://guiasaudebrasil.com.br/unidade/rio-de-janeiro/nova-iguacu/3871630-marcia-dantas-da-silva-lima/profissionais/medico-ginecologista-e-obstetra
2025-05-22 02:21:07,814 - P17020 - INFO - HTML salvo para debug: data\debug_html_v10\f597a742f6ce77671bb696a9475ef37b.html
2025-05-22 02:21:07,824 - P17020 - INFO - Candidates address: 1 items
2025-05-22 02:21:07,824 - P17020 - INFO - Candidates phone: 1 items
2025-05-22 02:21:07,825 - P17020 - INFO - Candidates email: 0 items
2025-05-22 02:21:07,825 - P17020 - INFO - Candidates complement: 1 items
2025-05-22 02:21:07,825 - P17020 - INFO - Candidates cep: 1 items
2025-05-22 02:21:07,826 - P17020 - INFO - Após processar URL 6 Uso de memória: 129.63 MB
2025-05-22 02:21:07,826 - P17020 - INFO - Processando URL 7/14: https://agendarconsulta.com/medico-ginecologista-e-obstetra/nova-iguacu
2025-05-22 02:21:12,878 - P17020 - INFO - HTML salvo para debug: data\debug_html_v10\f2a49371c59d579960c9efa594b3ea31.html
2025-05-22 02:21:12,912 - P17020 - INFO - Candidates address: 3 items
2025-05-22 02:21:12,912 - P17020 - INFO - Candidates phone: 0 items
2025-05-22 02:21:12,912 - P17020 - INFO - Candidates email: 0 items
2025-05-22 02:21:12,912 - P17020 - INFO - Candidates complement: 0 items
2025-05-22 02:21:12,913 - P17020 - INFO - Candidates cep: 3 items
2025-05-22 02:21:12,913 - P17020 - INFO - Após processar URL 7 Uso de memória: 129.04 MB
2025-05-22 02:21:12,913 - P17020 - INFO - Processando URL 8/14: https://www.tiktok.com/@marciadantastv/video/7488825901212355845
2025-05-22 02:21:16,377 - P17020 - INFO - HTML salvo para debug: data\debug_html_v10\fb95b813ec6fc8d21eb65adb8f0e2807.html
2025-05-22 02:21:16,386 - P17020 - INFO - Candidates address: 0 items
2025-05-22 02:21:16,387 - P17020 - INFO - Candidates phone: 0 items
2025-05-22 02:21:16,387 - P17020 - INFO - Candidates email: 0 items
2025-05-22 02:21:16,387 - P17020 - INFO - Candidates complement: 0 items
2025-05-22 02:21:16,387 - P17020 - INFO - Candidates cep: 0 items
2025-05-22 02:21:16,388 - P17020 - INFO - Após processar URL 8 Uso de memória: 130.63 MB
2025-05-22 02:21:16,388 - P17020 - INFO - Processando URL 9/14: https://www.helpsaude.com/marcia-dantas-da-silva-lima-crmrj-674192
2025-05-22 02:21:22,672 - P17020 - INFO - HTML salvo para debug: data\debug_html_v10\f95ebb6de68a534e51ac7765c9e6348a.html
2025-05-22 02:21:22,691 - P17020 - INFO - Candidates address: 1 items
2025-05-22 02:21:22,692 - P17020 - INFO - Candidates phone: 0 items
2025-05-22 02:21:22,694 - P17020 - INFO - Candidates email: 0 items
2025-05-22 02:21:22,695 - P17020 - INFO - Candidates complement: 0 items
2025-05-22 02:21:22,695 - P17020 - INFO - Candidates cep: 1 items
2025-05-22 02:21:22,696 - P17020 - INFO - Após processar URL 9 Uso de memória: 129.84 MB
2025-05-22 02:21:22,698 - P17020 - INFO - Processando URL 10/14: https://agendarconsulta.com/perfil/dr-marcia-dantas-da-silva-1634316768
2025-05-22 02:21:30,162 - P17020 - INFO - HTML salvo para debug: data\debug_html_v10\8d0f2fabf87aa1dcf83cb97a61a35ff6.html
2025-05-22 02:21:30,192 - P17020 - INFO - Candidates address: 2 items
2025-05-22 02:21:30,192 - P17020 - INFO - Candidates phone: 1 items
2025-05-22 02:21:30,192 - P17020 - INFO - Candidates email: 0 items
2025-05-22 02:21:30,193 - P17020 - INFO - Candidates complement: 0 items
2025-05-22 02:21:30,193 - P17020 - INFO - Candidates cep: 2 items
2025-05-22 02:21:30,193 - P17020 - INFO - Após processar URL 10 Uso de memória: 129.60 MB
2025-05-22 02:21:30,193 - P17020 - INFO - Processando URL 11/14: https://portal.cfm.org.br/busca-medicos
2025-05-22 02:21:34,125 - P17020 - INFO - HTML salvo para debug: data\debug_html_v10\e28ae84aaa177d1328f3a0d1fb68449f.html
2025-05-22 02:21:34,164 - P17020 - INFO - Candidates address: 0 items
2025-05-22 02:21:34,164 - P17020 - INFO - Candidates phone: 0 items
2025-05-22 02:21:34,164 - P17020 - INFO - Candidates email: 1 items
2025-05-22 02:21:34,164 - P17020 - INFO - Candidates complement: 1 items
2025-05-22 02:21:34,165 - P17020 - INFO - Candidates cep: 1 items
2025-05-22 02:21:34,165 - P17020 - INFO - Após processar URL 11 Uso de memória: 129.61 MB
2025-05-22 02:21:34,165 - P17020 - INFO - Processando URL 12/14: https://www.classemedica.com.br/medico/214085-marcia-dantas-da-silva-lima.htm
2025-05-22 02:21:41,017 - P17020 - INFO - HTML salvo para debug: data\debug_html_v10\f4ec92fc069ebca16cb2445d69cf3b9d.html
2025-05-22 02:21:41,047 - P17020 - INFO - Candidates address: 0 items
2025-05-22 02:21:41,047 - P17020 - INFO - Candidates phone: 0 items
2025-05-22 02:21:41,048 - P17020 - INFO - Candidates email: 0 items
2025-05-22 02:21:41,048 - P17020 - INFO - Candidates complement: 0 items
2025-05-22 02:21:41,048 - P17020 - INFO - Candidates cep: 0 items
2025-05-22 02:21:41,048 - P17020 - INFO - Após processar URL 12 Uso de memória: 129.61 MB
2025-05-22 02:21:41,048 - P17020 - INFO - Processando URL 13/14: https://www.medicosbrasil.com/profissional/marcia-dantas-da-silva-lima
2025-05-22 02:21:44,576 - P17020 - INFO - HTML salvo para debug: data\debug_html_v10\1933b297a56aa07996c77a31705a8f7e.html
2025-05-22 02:21:44,601 - P17020 - INFO - Candidates address: 0 items
2025-05-22 02:21:44,604 - P17020 - INFO - Candidates phone: 0 items
2025-05-22 02:21:44,604 - P17020 - INFO - Candidates email: 0 items
2025-05-22 02:21:44,604 - P17020 - INFO - Candidates complement: 0 items
2025-05-22 02:21:44,605 - P17020 - INFO - Candidates cep: 0 items
2025-05-22 02:21:44,605 - P17020 - INFO - Após processar URL 13 Uso de memória: 130.76 MB
2025-05-22 02:21:44,606 - P17020 - INFO - Processando URL 14/14: https://cliniguia.com/profissionais/marcia-dantas-da-silva-lima-201550999190004/
2025-05-22 02:21:48,614 - P17020 - INFO - HTML salvo para debug: data\debug_html_v10\145877ef1c85153a3e6bd970894829d4.html
2025-05-22 02:21:48,679 - P17020 - INFO - Candidates address: 0 items
2025-05-22 02:21:48,680 - P17020 - INFO - Candidates phone: 0 items
2025-05-22 02:21:48,681 - P17020 - INFO - Candidates email: 0 items
2025-05-22 02:21:48,681 - P17020 - INFO - Candidates complement: 0 items
2025-05-22 02:21:48,682 - P17020 - INFO - Candidates cep: 0 items
2025-05-22 02:21:48,682 - P17020 - INFO - Após processar URL 14 Uso de memória: 130.46 MB
2025-05-22 02:21:48,682 - P17020 - INFO - Iniciando agregação e ranqueamento
2025-05-22 02:21:48,682 - P17020 - INFO - Ranked address: 9 items
2025-05-22 02:21:48,682 - P17020 - INFO - Ranked phone: 2 items
2025-05-22 02:21:48,682 - P17020 - INFO - Ranked email: 1 items
2025-05-22 02:21:48,682 - P17020 - INFO - Ranked complement: 4 items
2025-05-22 02:21:48,683 - P17020 - INFO - Ranked cep: 7 items
2025-05-22 02:21:48,683 - P17020 - INFO - Após agregação Uso de memória: 130.46 MB
2025-05-22 02:21:48,683 - P17020 - INFO - Validando endereço: ['Rua Governador Portela, 1200', 'Rua Coronel Francisco Soares, 71', 'Rua Governador Portela , 1200']
2025-05-22 02:21:48,683 - P17020 - INFO - Endereço validado: Rua Governador Portela, 1200
2025-05-22 02:21:48,683 - P17020 - INFO - Limpando texto extenso para campo address: Rua Governador Portela, 1200...
2025-05-22 02:21:48,684 - P17020 - INFO - Texto limpo: Rua Governador Portela, 1200
2025-05-22 02:21:48,684 - P17020 - INFO - Validando telefone: ['(21) 2767-0039', '(21) 97931-8483']
2025-05-22 02:21:48,684 - P17020 - INFO - Limpando texto extenso para campo phone: (21) 2767-0039...
2025-05-22 02:21:48,684 - P17020 - INFO - Texto limpo: 21) 2767-0039
2025-05-22 02:21:48,684 - P17020 - INFO - Telefone validado: 21) 2767-0039
2025-05-22 02:21:48,685 - P17020 - INFO - Validando email: ['cfm@portalmedico.org.br']
2025-05-22 02:21:48,685 - P17020 - INFO - Limpando texto extenso para campo email: cfm@portalmedico.org.br...
2025-05-22 02:21:48,685 - P17020 - INFO - Texto limpo: cfm@portalmedico.org.br
2025-05-22 02:21:48,685 - P17020 - INFO - Email validado: cfm@portalmedico.org.br
2025-05-22 02:21:48,685 - P17020 - INFO - Validando complemento: ['Sala 504 e 505    -    Centro', 'Sala 504 e 505 Centro - Nova Iguaçu/RJ ', 'Sala 505 Bairro:  Centro CEP:  26220-300 Municipio:  N']
2025-05-22 02:21:48,686 - P17020 - INFO - Limpando texto extenso para campo complement: Sala 504 e 505    -    Centro...
2025-05-22 02:21:48,686 - P17020 - INFO - Texto limpo: Sala 504 e 505 - Centro
2025-05-22 02:21:48,686 - P17020 - INFO - Complemento validado: Sala 504 e 505 - Centro
2025-05-22 02:21:48,686 - P17020 - INFO - Descobrindo cidade
2025-05-22 02:21:48,687 - P17020 - INFO - Buscando cidade: Rua Governador Portela cidade RJ
2025-05-22 02:21:51,379 - P17020 - INFO - Cidade encontrada: Nova Iguaçu
2025-05-22 02:21:51,379 - P17020 - INFO - Limpando texto extenso para campo city: Nova Iguaçu...
2025-05-22 02:21:51,379 - P17020 - INFO - Texto limpo: Nova Iguaçu
2025-05-22 02:21:51,379 - P17020 - INFO - Cidade descoberta: Nova Iguaçu
2025-05-22 02:21:51,379 - P17020 - INFO - Buscando CEP com sistema de cascata
2025-05-22 02:21:51,379 - P17020 - INFO - Iniciando busca de CEP em cascata para: Rua Governador Portela, Nova Iguaçu, RJ
2025-05-22 02:21:51,380 - P17020 - INFO - Método 1: ViaCEP API
2025-05-22 02:21:51,380 - P17020 - INFO - Buscando no ViaCEP: https://viacep.com.br/ws/RJ/nova%20iguacu/rua%20governador%20portela/json/
2025-05-22 02:21:52,025 - P17020 - INFO - Dados encontrados no ViaCEP: {'cep': '26221-030', 'logradouro': 'Rua Governador Portela', 'complemento': '', 'unidade': '', 'bairro': 'Centro', 'localidade': 'Nova Iguaçu', 'uf': 'RJ', 'estado': 'Rio de Janeiro', 'regiao': 'Sudeste', 'ibge': '3303500', 'gia': '', 'ddd': '21', 'siafi': '5869'}
2025-05-22 02:21:52,035 - P17020 - INFO - CEP encontrado via ViaCEP: 26221-030
2025-05-22 02:21:52,035 - P17020 - INFO - Dados de CEP encontrados: {'cep': '26221-030', 'logradouro': 'Rua Governador Portela', 'complemento': '', 'unidade': '', 'bairro': 'Centro', 'localidade': 'Nova Iguaçu', 'uf': 'RJ', 'estado': 'Rio de Janeiro', 'regiao': 'Sudeste', 'ibge': '3303500', 'gia': '', 'ddd': '21', 'siafi': '5869'}
2025-05-22 02:21:52,036 - P17020 - INFO - Limpando texto extenso para campo bairro: Centro...
2025-05-22 02:21:52,036 - P17020 - INFO - Texto limpo: Centro
2025-05-22 02:21:52,036 - P17020 - INFO - Limpando texto extenso para campo city: Nova Iguaçu...
2025-05-22 02:21:52,036 - P17020 - INFO - Texto limpo: Nova Iguaçu
2025-05-22 02:21:52,037 - P17020 - INFO - Limpando texto extenso para campo state: RJ...
2025-05-22 02:21:52,037 - P17020 - INFO - Texto limpo: RJ
2025-05-22 02:21:52,037 - P17020 - INFO - Tempo de execução de processamento completo do médico: 73.54 segundos
2025-05-22 02:21:52,038 - P17020 - INFO - Resultado processado: {'Hash': '944f10b6a22f40e22e41f8dca5efa4e596c726460e81565fb4c38b1fc5b442aa', 'CRM': '674192', 'UF': 'RJ', 'Firstname': 'MÁRCIA', 'LastName': 'DANTAS DA SILVA', 'Medical specialty': '', 'Endereco Completo A1': 'Rua Governador Portela, 1200', 'Address A1': 'Rua Governador Portela', 'Numero A1': '1200', 'Complement A1': 'Sala 504 e 505 - Centro', 'Bairro A1': 'Centro', 'postal code A1': '26221-030', 'City A1': 'Nova Iguaçu', 'State A1': 'RJ', 'Phone A1': '21) 2767-0039', 'Phone A2': '', 'Cell phone A1': '', 'Cell phone A2': '', 'E-mail A1': 'cfm@portalmedico.org.br', 'E-mail A2': '', 'OPT-IN': '', 'STATUS': '', 'LOTE': ''}
2025-05-22 02:21:52,040 - P17020 - INFO - Progresso: 23.4%
2025-05-22 02:21:52,040 - P17020 - INFO - Executando coleta de lixo
2025-05-22 02:21:52,067 - P17020 - INFO - Após coleta de lixo Uso de memória: 119.32 MB
2025-05-22 02:21:52,067 - P17020 - INFO - Tempo de execução de processamento do médico 1: 74.87 segundos
2025-05-22 02:21:52,067 - P17020 - INFO - 
==================================================
Processando médico 2/3
2025-05-22 02:21:52,067 - P17020 - INFO - Nome: MAGALI MIRANDA DE OLIVEIRA
2025-05-22 02:21:52,068 - P17020 - INFO - Início do processamento Uso de memória: 119.32 MB
2025-05-22 02:21:52,068 - P17020 - INFO - Iniciando busca para: MAGALI MIRANDA DE OLIVEIRA CRM 707864 RJ telefone e-mail endereço
2025-05-22 02:21:52,448 - P17020 - INFO - SearX results: 0 URLs
2025-05-22 02:21:52,448 - P17020 - INFO - Após SearX Uso de memória: 119.32 MB
2025-05-22 02:21:55,192 - P17020 - INFO - Google results: 7 URLs
2025-05-22 02:21:55,192 - P17020 - INFO - Após Google Uso de memória: 123.22 MB
2025-05-22 02:21:57,655 - P17020 - INFO - Bing results: 10 URLs
2025-05-22 02:21:57,655 - P17020 - INFO - Após Bing Uso de memória: 124.57 MB
2025-05-22 02:21:57,655 - P17020 - INFO - Total de URLs únicas: 17
2025-05-22 02:21:57,656 - P17020 - INFO - Processando URL 1/17: https://consultacrm.com.br/
2025-05-22 02:22:01,576 - P17020 - INFO - HTML salvo para debug: data\debug_html_v10\65cadeb91ac3713432c21b535990f440.html
2025-05-22 02:22:01,588 - P17020 - INFO - Candidates address: 0 items
2025-05-22 02:22:01,588 - P17020 - INFO - Candidates phone: 0 items
2025-05-22 02:22:01,589 - P17020 - INFO - Candidates email: 0 items
2025-05-22 02:22:01,589 - P17020 - INFO - Candidates complement: 0 items
2025-05-22 02:22:01,589 - P17020 - INFO - Candidates cep: 0 items
2025-05-22 02:22:01,589 - P17020 - INFO - Após processar URL 1 Uso de memória: 125.49 MB
2025-05-22 02:22:01,589 - P17020 - INFO - Processando URL 2/17: https://www.boaconsulta.com/especialista/magali-miranda-de-oliveira-6105d00e9b22ae2f48000675
2025-05-22 02:22:04,448 - P17020 - INFO - HTML salvo para debug: data\debug_html_v10\7249c432249dea067cfae66eb2237055.html
2025-05-22 02:22:04,530 - P17020 - INFO - Candidates address: 10 items
2025-05-22 02:22:04,531 - P17020 - INFO - Candidates phone: 0 items
2025-05-22 02:22:04,531 - P17020 - INFO - Candidates email: 0 items
2025-05-22 02:22:04,531 - P17020 - INFO - Candidates complement: 5 items
2025-05-22 02:22:04,531 - P17020 - INFO - Candidates cep: 0 items
2025-05-22 02:22:04,532 - P17020 - INFO - Após processar URL 2 Uso de memória: 126.80 MB
2025-05-22 02:22:04,532 - P17020 - INFO - Processando URL 3/17: https://www2.boaconsulta.com/especialista/magali-miranda-de-oliveira-6105e545ba32c33e8c000f7b?agendaId=6105e545ba32c33e8c000f7c
2025-05-22 02:22:08,088 - P17020 - INFO - HTML salvo para debug: data\debug_html_v10\679da8a846f4563376c25341fe51e704.html
2025-05-22 02:22:08,156 - P17020 - INFO - Candidates address: 1 items
2025-05-22 02:22:08,156 - P17020 - INFO - Candidates phone: 0 items
2025-05-22 02:22:08,156 - P17020 - INFO - Candidates email: 0 items
2025-05-22 02:22:08,156 - P17020 - INFO - Candidates complement: 0 items
2025-05-22 02:22:08,156 - P17020 - INFO - Candidates cep: 0 items
2025-05-22 02:22:08,156 - P17020 - INFO - Após processar URL 3 Uso de memória: 127.63 MB
2025-05-22 02:22:08,157 - P17020 - INFO - Processando URL 4/17: https://www.medicosbrasil.com/profissional/magali-miranda-de-oliveira
2025-05-22 02:22:10,339 - P17020 - INFO - HTML salvo para debug: data\debug_html_v10\7373295afdb67a59e1ec7e935b6028f4.html
2025-05-22 02:22:10,342 - P17020 - INFO - Candidates address: 0 items
2025-05-22 02:22:10,342 - P17020 - INFO - Candidates phone: 0 items
2025-05-22 02:22:10,342 - P17020 - INFO - Candidates email: 0 items
2025-05-22 02:22:10,342 - P17020 - INFO - Candidates complement: 0 items
2025-05-22 02:22:10,343 - P17020 - INFO - Candidates cep: 0 items
2025-05-22 02:22:10,343 - P17020 - INFO - Após processar URL 4 Uso de memória: 126.28 MB
2025-05-22 02:22:10,343 - P17020 - INFO - Processando URL 5/17: https://cliniguia.com/unidades/rio-de-janeiro-rj/magali-miranda-de-oliveira-9174397/
2025-05-22 02:22:14,648 - P17020 - INFO - HTML salvo para debug: data\debug_html_v10\2d0d4e109fba87931e15efebfd013194.html
2025-05-22 02:22:14,699 - P17020 - INFO - Candidates address: 1 items
2025-05-22 02:22:14,709 - P17020 - INFO - Candidates phone: 0 items
2025-05-22 02:22:14,710 - P17020 - INFO - Candidates email: 1 items
2025-05-22 02:22:14,710 - P17020 - INFO - Candidates complement: 0 items
2025-05-22 02:22:14,710 - P17020 - INFO - Candidates cep: 2 items
2025-05-22 02:22:14,710 - P17020 - INFO - Após processar URL 5 Uso de memória: 127.26 MB
2025-05-22 02:22:14,710 - P17020 - INFO - Processando URL 6/17: http://www.classemedica.com.br/medico/319645-tales-azevedo-dos-santos.htm
2025-05-22 02:22:18,155 - P17020 - INFO - HTML salvo para debug: data\debug_html_v10\090dac41ea0e4d130321a5ebf1484437.html
2025-05-22 02:22:18,187 - P17020 - INFO - Candidates address: 0 items
2025-05-22 02:22:18,200 - P17020 - INFO - Candidates phone: 0 items
2025-05-22 02:22:18,213 - P17020 - INFO - Candidates email: 0 items
2025-05-22 02:22:18,216 - P17020 - INFO - Candidates complement: 0 items
2025-05-22 02:22:18,217 - P17020 - INFO - Candidates cep: 0 items
2025-05-22 02:22:18,220 - P17020 - INFO - Após processar URL 6 Uso de memória: 126.61 MB
2025-05-22 02:22:18,223 - P17020 - INFO - Processando URL 7/17: https://www.consultacrm.com.br/index/medicos/uid-98e47ba2-f5c5-11ec-9e74-0a4aa568c625/magali_miranda_de_oliveira
2025-05-22 02:22:22,380 - P17020 - INFO - HTML salvo para debug: data\debug_html_v10\7fca73ccb8fd976cc553331a557a445d.html
2025-05-22 02:22:22,390 - P17020 - INFO - Candidates address: 0 items
2025-05-22 02:22:22,390 - P17020 - INFO - Candidates phone: 0 items
2025-05-22 02:22:22,390 - P17020 - INFO - Candidates email: 0 items
2025-05-22 02:22:22,390 - P17020 - INFO - Candidates complement: 0 items
2025-05-22 02:22:22,391 - P17020 - INFO - Candidates cep: 0 items
2025-05-22 02:22:22,391 - P17020 - INFO - Após processar URL 7 Uso de memória: 126.82 MB
2025-05-22 02:22:22,391 - P17020 - INFO - Processando URL 8/17: https://alisaude.com.br/unidade/rio-de-janeiro/rio-de-janeiro/magali-miranda-de-oliveira
2025-05-22 02:22:26,758 - P17020 - INFO - HTML salvo para debug: data\debug_html_v10\84fc9b727a5d7ac5d999c5445d3b2568.html
2025-05-22 02:22:26,776 - P17020 - INFO - Candidates address: 1 items
2025-05-22 02:22:26,778 - P17020 - INFO - Candidates phone: 1 items
2025-05-22 02:22:26,779 - P17020 - INFO - Candidates email: 0 items
2025-05-22 02:22:26,779 - P17020 - INFO - Candidates complement: 0 items
2025-05-22 02:22:26,779 - P17020 - INFO - Candidates cep: 2 items
2025-05-22 02:22:26,780 - P17020 - INFO - Após processar URL 8 Uso de memória: 126.83 MB
2025-05-22 02:22:26,780 - P17020 - INFO - Processando URL 9/17: https://cliniguia.com/profissionais/magali-miranda-de-oliveira-980016001998626/
2025-05-22 02:22:29,175 - P17020 - INFO - HTML salvo para debug: data\debug_html_v10\9e5dd9214fd8ff1bb311ea6e29ddf0f4.html
2025-05-22 02:22:29,245 - P17020 - INFO - Candidates address: 0 items
2025-05-22 02:22:29,245 - P17020 - INFO - Candidates phone: 0 items
2025-05-22 02:22:29,246 - P17020 - INFO - Candidates email: 0 items
2025-05-22 02:22:29,247 - P17020 - INFO - Candidates complement: 0 items
2025-05-22 02:22:29,247 - P17020 - INFO - Candidates cep: 0 items
2025-05-22 02:22:29,248 - P17020 - INFO - Após processar URL 9 Uso de memória: 128.71 MB
2025-05-22 02:22:29,253 - P17020 - INFO - Processando URL 10/17: https://www.classemedica.com.br/medico/206918-magali-miranda-de-oliveira.htm
2025-05-22 02:22:31,939 - P17020 - INFO - HTML salvo para debug: data\debug_html_v10\5a31335998a3d45d407c94cab4d861f1.html
2025-05-22 02:22:32,003 - P17020 - INFO - Candidates address: 0 items
2025-05-22 02:22:32,010 - P17020 - INFO - Candidates phone: 0 items
2025-05-22 02:22:32,012 - P17020 - INFO - Candidates email: 0 items
2025-05-22 02:22:32,015 - P17020 - INFO - Candidates complement: 0 items
2025-05-22 02:22:32,016 - P17020 - INFO - Candidates cep: 0 items
2025-05-22 02:22:32,018 - P17020 - INFO - Após processar URL 10 Uso de memória: 126.88 MB
2025-05-22 02:22:32,019 - P17020 - INFO - Processando URL 11/17: https://www.doctoralia.com.br/magali-miranda-de-oliveira/nutrologo/juiz-de-fora
2025-05-22 02:22:32,023 - P17020 - INFO - Ignorando URL de arquivo não-HTML: https://www.doctoralia.com.br/magali-miranda-de-oliveira/nutrologo/juiz-de-fora
2025-05-22 02:22:32,050 - P17020 - INFO - Após processar URL 11 Uso de memória: 126.88 MB
2025-05-22 02:22:32,059 - P17020 - INFO - Processando URL 12/17: https://www.medguias.com.br/public/rj/anuncios?especialista=Endocrinologia%20e%20Metabologia
2025-05-22 02:22:37,211 - P17020 - INFO - HTML salvo para debug: data\debug_html_v10\2d6e2d71bc835ea87234a3bd437f945b.html
2025-05-22 02:22:37,747 - P17020 - INFO - Candidates address: 0 items
2025-05-22 02:22:37,747 - P17020 - INFO - Candidates phone: 0 items
2025-05-22 02:22:37,747 - P17020 - INFO - Candidates email: 0 items
2025-05-22 02:22:37,747 - P17020 - INFO - Candidates complement: 0 items
2025-05-22 02:22:37,747 - P17020 - INFO - Candidates cep: 0 items
2025-05-22 02:22:37,747 - P17020 - INFO - Após processar URL 12 Uso de memória: 130.08 MB
2025-05-22 02:22:37,748 - P17020 - INFO - Processando URL 13/17: https://www.yumpu.com/pt/document/view/47809744/tribunal-14-10-2004
2025-05-22 02:22:41,032 - P17020 - INFO - HTML salvo para debug: data\debug_html_v10\a8d956c902e797d7294fc44ae198aed2.html
2025-05-22 02:22:41,090 - P17020 - INFO - Candidates address: 4 items
2025-05-22 02:22:41,091 - P17020 - INFO - Candidates phone: 0 items
2025-05-22 02:22:41,091 - P17020 - INFO - Candidates email: 0 items
2025-05-22 02:22:41,091 - P17020 - INFO - Candidates complement: 0 items
2025-05-22 02:22:41,091 - P17020 - INFO - Candidates cep: 1 items
2025-05-22 02:22:41,091 - P17020 - INFO - Após processar URL 13 Uso de memória: 127.84 MB
2025-05-22 02:22:41,092 - P17020 - INFO - Processando URL 14/17: http://www.transparencia.cremerj.org.br:8098/planejamento/registroMedico/pesquisar
2025-05-22 02:22:43,544 - P17020 - INFO - HTML salvo para debug: data\debug_html_v10\19128e1d0b16c1bd37c280ce751655f7.html
2025-05-22 02:22:43,566 - P17020 - INFO - Candidates address: 0 items
2025-05-22 02:22:43,566 - P17020 - INFO - Candidates phone: 1 items
2025-05-22 02:22:43,566 - P17020 - INFO - Candidates email: 0 items
2025-05-22 02:22:43,566 - P17020 - INFO - Candidates complement: 0 items
2025-05-22 02:22:43,566 - P17020 - INFO - Candidates cep: 1 items
2025-05-22 02:22:43,566 - P17020 - INFO - Após processar URL 14 Uso de memória: 127.90 MB
2025-05-22 02:22:43,566 - P17020 - INFO - Processando URL 15/17: https://www.catalogo.med.br/doutor/magali-miranda-de-oliveira-1974767.htm
2025-05-22 02:22:45,769 - P17020 - INFO - HTML salvo para debug: data\debug_html_v10\6d867d3af9b52ad1c1fbcece96c0d479.html
2025-05-22 02:22:45,770 - P17020 - INFO - Candidates address: 0 items
2025-05-22 02:22:45,770 - P17020 - INFO - Candidates phone: 0 items
2025-05-22 02:22:45,770 - P17020 - INFO - Candidates email: 0 items
2025-05-22 02:22:45,770 - P17020 - INFO - Candidates complement: 0 items
2025-05-22 02:22:45,770 - P17020 - INFO - Candidates cep: 0 items
2025-05-22 02:22:45,771 - P17020 - INFO - Após processar URL 15 Uso de memória: 127.90 MB
2025-05-22 02:22:45,771 - P17020 - INFO - Processando URL 16/17: https://www.somospopular.com.br/consultorios-e-clinicas/magali-miranda-de-oliveira-rio-de-janeiro-rj/
2025-05-22 02:22:50,310 - P17020 - INFO - HTML salvo para debug: data\debug_html_v10\c5442e1d891a8cd17995bdd72028ecbd.html
2025-05-22 02:22:50,315 - P17020 - INFO - Candidates address: 0 items
2025-05-22 02:22:50,315 - P17020 - INFO - Candidates phone: 0 items
2025-05-22 02:22:50,315 - P17020 - INFO - Candidates email: 0 items
2025-05-22 02:22:50,317 - P17020 - INFO - Candidates complement: 0 items
2025-05-22 02:22:50,318 - P17020 - INFO - Candidates cep: 0 items
2025-05-22 02:22:50,318 - P17020 - INFO - Após processar URL 16 Uso de memória: 127.92 MB
2025-05-22 02:22:50,318 - P17020 - INFO - Processando URL 17/17: https://www.infosaude.com.br/cnes/46591-magali-miranda-de-oliveira
2025-05-22 02:22:52,529 - P17020 - INFO - HTML salvo para debug: data\debug_html_v10\39e3f1a5295de895418bcba399472b7b.html
2025-05-22 02:22:52,553 - P17020 - INFO - Candidates address: 0 items
2025-05-22 02:22:52,562 - P17020 - INFO - Candidates phone: 1 items
2025-05-22 02:22:52,563 - P17020 - INFO - Candidates email: 1 items
2025-05-22 02:22:52,563 - P17020 - INFO - Candidates complement: 0 items
2025-05-22 02:22:52,564 - P17020 - INFO - Candidates cep: 2 items
2025-05-22 02:22:52,565 - P17020 - INFO - Após processar URL 17 Uso de memória: 127.92 MB
2025-05-22 02:22:52,565 - P17020 - INFO - Iniciando agregação e ranqueamento
2025-05-22 02:22:52,566 - P17020 - INFO - Ranked address: 17 items
2025-05-22 02:22:52,568 - P17020 - INFO - Ranked phone: 2 items
2025-05-22 02:22:52,568 - P17020 - INFO - Ranked email: 1 items
2025-05-22 02:22:52,569 - P17020 - INFO - Ranked complement: 5 items
2025-05-22 02:22:52,570 - P17020 - INFO - Ranked cep: 4 items
2025-05-22 02:22:52,571 - P17020 - INFO - Após agregação Uso de memória: 127.92 MB
2025-05-22 02:22:52,572 - P17020 - INFO - Validando endereço: ['Avenida Das Américas, 3333', 'Estrada Dos Três Rios, 90', 'Rua Gonzaga Bastos, 224']
2025-05-22 02:22:52,574 - P17020 - INFO - Endereço validado: Avenida Das Américas, 3333
2025-05-22 02:22:52,575 - P17020 - INFO - Limpando texto extenso para campo address: Avenida Das Américas, 3333...
2025-05-22 02:22:52,577 - P17020 - INFO - Texto limpo: Avenida Das Américas, 3333
2025-05-22 02:22:52,580 - P17020 - INFO - Validando telefone: ['(21) 2548-8012', '(21) 3184-7050']
2025-05-22 02:22:52,584 - P17020 - INFO - Limpando texto extenso para campo phone: (21) 2548-8012...
2025-05-22 02:22:52,584 - P17020 - INFO - Texto limpo: 21) 2548-8012
2025-05-22 02:22:52,588 - P17020 - INFO - Telefone validado: 21) 2548-8012
2025-05-22 02:22:52,593 - P17020 - INFO - Validando email: ['magali.oliveira@clientes.missoes.cnt.br']
2025-05-22 02:22:52,595 - P17020 - INFO - Limpando texto extenso para campo email: magali.oliveira@clientes.missoes.cnt.br...
2025-05-22 02:22:52,599 - P17020 - INFO - Texto limpo: magali.oliveira@clientes.missoes.cnt.br
2025-05-22 02:22:52,610 - P17020 - INFO - Email validado: magali.oliveira@clientes.missoes.cnt.br
2025-05-22 02:22:52,613 - P17020 - INFO - Validando complemento: ['Sala 1114', 'Sala 320', 'Salas 501 / 502 / 503 Copacabana']
2025-05-22 02:22:52,614 - P17020 - INFO - Limpando texto extenso para campo complement: Sala 1114...
2025-05-22 02:22:52,616 - P17020 - INFO - Texto limpo: Sala 1114
2025-05-22 02:22:52,616 - P17020 - INFO - Complemento validado: Sala 1114
2025-05-22 02:22:52,616 - P17020 - INFO - Descobrindo cidade
2025-05-22 02:22:52,616 - P17020 - INFO - Buscando cidade: Avenida Das Américas cidade RJ
2025-05-22 02:22:55,395 - P17020 - WARNING - Cidade não encontrada
2025-05-22 02:22:55,397 - P17020 - INFO - Cidade descoberta: 
2025-05-22 02:22:55,397 - P17020 - INFO - Tempo de execução de processamento completo do médico: 63.33 segundos
2025-05-22 02:22:55,398 - P17020 - INFO - Resultado processado: {'Hash': 'eb27222885ec8d8edb56e88640d45d8982613b596812351f6e09db743fb9e4ea', 'CRM': '707864', 'UF': 'RJ', 'Firstname': 'MAGALI', 'LastName': 'MIRANDA DE OLIVEIRA', 'Medical specialty': '', 'Endereco Completo A1': 'Avenida Das Américas, 3333', 'Address A1': 'Avenida Das Américas', 'Numero A1': '3333', 'Complement A1': 'Sala 1114', 'Bairro A1': '', 'postal code A1': '', 'City A1': '', 'State A1': '', 'Phone A1': '21) 2548-8012', 'Phone A2': '', 'Cell phone A1': '', 'Cell phone A2': '', 'E-mail A1': 'magali.oliveira@clientes.missoes.cnt.br', 'E-mail A2': '', 'OPT-IN': '', 'STATUS': '', 'LOTE': ''}
2025-05-22 02:22:55,398 - P17020 - INFO - Progresso: 23.8%
2025-05-22 02:22:55,399 - P17020 - INFO - Tempo de execução de processamento do médico 2: 63.33 segundos
2025-05-22 02:22:55,399 - P17020 - INFO - 
==================================================
Processando médico 3/3
2025-05-22 02:22:55,399 - P17020 - INFO - Nome: ISABELA BASTOS DA COSTA
2025-05-22 02:22:55,399 - P17020 - INFO - Início do processamento Uso de memória: 125.06 MB
2025-05-22 02:22:55,399 - P17020 - INFO - Iniciando busca para: ISABELA BASTOS DA COSTA CRM 718955 RJ telefone e-mail endereço
2025-05-22 02:22:55,822 - P17020 - INFO - SearX results: 2 URLs
2025-05-22 02:22:55,822 - P17020 - INFO - Após SearX Uso de memória: 125.06 MB
2025-05-22 02:22:58,561 - P17020 - INFO - Google results: 6 URLs
2025-05-22 02:22:58,561 - P17020 - INFO - Após Google Uso de memória: 129.27 MB
2025-05-22 02:23:01,051 - P17020 - INFO - Bing results: 10 URLs
2025-05-22 02:23:01,051 - P17020 - INFO - Após Bing Uso de memória: 130.49 MB
2025-05-22 02:23:01,052 - P17020 - INFO - Total de URLs únicas: 14
2025-05-22 02:23:01,052 - P17020 - INFO - Processando URL 1/14: https://www.juntacomercial.pr.gov.br/Pagina/Atos-Decisorios-Novembro2021
2025-05-22 02:23:05,143 - P17020 - INFO - HTML salvo para debug: data\debug_html_v10\3a2126e434db2a3bd3b1f181432b97e9.html
2025-05-22 02:23:05,285 - P17020 - INFO - Candidates address: 178 items
2025-05-22 02:23:05,285 - P17020 - INFO - Candidates phone: 0 items
2025-05-22 02:23:05,285 - P17020 - INFO - Candidates email: 0 items
2025-05-22 02:23:05,286 - P17020 - INFO - Candidates complement: 6 items
2025-05-22 02:23:05,287 - P17020 - INFO - Candidates cep: 101 items
2025-05-22 02:23:05,287 - P17020 - INFO - Após processar URL 1 Uso de memória: 132.20 MB
2025-05-22 02:23:05,287 - P17020 - INFO - Processando URL 2/14: https://consultacrm.com.br/
2025-05-22 02:23:07,452 - P17020 - INFO - HTML salvo para debug: data\debug_html_v10\65cadeb91ac3713432c21b535990f440.html
2025-05-22 02:23:07,471 - P17020 - INFO - Candidates address: 0 items
2025-05-22 02:23:07,472 - P17020 - INFO - Candidates phone: 0 items
2025-05-22 02:23:07,473 - P17020 - INFO - Candidates email: 0 items
2025-05-22 02:23:07,474 - P17020 - INFO - Candidates complement: 0 items
2025-05-22 02:23:07,474 - P17020 - INFO - Candidates cep: 0 items
2025-05-22 02:23:07,475 - P17020 - INFO - Após processar URL 2 Uso de memória: 131.46 MB
2025-05-22 02:23:07,475 - P17020 - INFO - Processando URL 3/14: https://www.doctoranytime.com.br/d/ginecologista-obstetra/isabela-bastos-da-costa#:~:text=O%20endere%C3%A7o%20da%20profissional%20de%20sa%C3%BAde%20Isabela%20Bastos,Da%20Costa.%20Agende%20uma%20consulta%20online%20hoje%20mesmo.
2025-05-22 02:23:07,475 - P17020 - INFO - Ignorando URL de arquivo não-HTML: https://www.doctoranytime.com.br/d/ginecologista-obstetra/isabela-bastos-da-costa#:~:text=O%20endere%C3%A7o%20da%20profissional%20de%20sa%C3%BAde%20Isabela%20Bastos,Da%20Costa.%20Agende%20uma%20consulta%20online%20hoje%20mesmo.
2025-05-22 02:23:07,476 - P17020 - INFO - Após processar URL 3 Uso de memória: 131.46 MB
2025-05-22 02:23:07,476 - P17020 - INFO - Processando URL 4/14: https://www.classemedica.com.br/medico/142837-isabela-bastos-da-costa.htm
2025-05-22 02:23:10,743 - P17020 - INFO - HTML salvo para debug: data\debug_html_v10\729f579f3a6e15fb9fc2e355ac52ddc7.html
2025-05-22 02:23:10,772 - P17020 - INFO - Candidates address: 0 items
2025-05-22 02:23:10,773 - P17020 - INFO - Candidates phone: 0 items
2025-05-22 02:23:10,773 - P17020 - INFO - Candidates email: 0 items
2025-05-22 02:23:10,773 - P17020 - INFO - Candidates complement: 0 items
2025-05-22 02:23:10,773 - P17020 - INFO - Candidates cep: 0 items
2025-05-22 02:23:10,773 - P17020 - INFO - Após processar URL 4 Uso de memória: 132.43 MB
2025-05-22 02:23:10,774 - P17020 - INFO - Processando URL 5/14: https://cliniguia.com/profissionais/isabela-bastos-da-costa-201552621780004/
2025-05-22 02:23:15,674 - P17020 - INFO - HTML salvo para debug: data\debug_html_v10\2a9a98e0c81007360e5cdc80bba79ef8.html
2025-05-22 02:23:15,717 - P17020 - INFO - Candidates address: 0 items
2025-05-22 02:23:15,717 - P17020 - INFO - Candidates phone: 0 items
2025-05-22 02:23:15,717 - P17020 - INFO - Candidates email: 0 items
2025-05-22 02:23:15,717 - P17020 - INFO - Candidates complement: 0 items
2025-05-22 02:23:15,717 - P17020 - INFO - Candidates cep: 0 items
2025-05-22 02:23:15,718 - P17020 - INFO - Após processar URL 5 Uso de memória: 130.47 MB
2025-05-22 02:23:15,718 - P17020 - INFO - Processando URL 6/14: https://www.boaconsulta.com/especialista/isabela-bastos-da-costa-5d673f4e8595ae006600beef
2025-05-22 02:23:18,466 - P17020 - INFO - HTML salvo para debug: data\debug_html_v10\80333b9b64243e2514b21a8a3735f7c3.html
2025-05-22 02:23:18,524 - P17020 - INFO - Candidates address: 6 items
2025-05-22 02:23:18,524 - P17020 - INFO - Candidates phone: 0 items
2025-05-22 02:23:18,524 - P17020 - INFO - Candidates email: 0 items
2025-05-22 02:23:18,525 - P17020 - INFO - Candidates complement: 2 items
2025-05-22 02:23:18,525 - P17020 - INFO - Candidates cep: 0 items
2025-05-22 02:23:18,525 - P17020 - INFO - Após processar URL 6 Uso de memória: 131.01 MB
2025-05-22 02:23:18,525 - P17020 - INFO - Processando URL 7/14: https://doutorcrm.com/isabela-bastos-da-costa
2025-05-22 02:23:22,952 - P17020 - INFO - HTML salvo para debug: data\debug_html_v10\ddc2a6d087ef20ed7518f27c6a986a99.html
2025-05-22 02:23:22,958 - P17020 - INFO - Candidates address: 0 items
2025-05-22 02:23:22,958 - P17020 - INFO - Candidates phone: 0 items
2025-05-22 02:23:22,958 - P17020 - INFO - Candidates email: 0 items
2025-05-22 02:23:22,959 - P17020 - INFO - Candidates complement: 0 items
2025-05-22 02:23:22,959 - P17020 - INFO - Candidates cep: 0 items
2025-05-22 02:23:22,959 - P17020 - INFO - Após processar URL 7 Uso de memória: 131.12 MB
2025-05-22 02:23:22,959 - P17020 - INFO - Processando URL 8/14: https://www.helpsaude.com/Isabela-Bastos-da-Costa.RJ
2025-05-22 02:23:26,200 - P17020 - INFO - HTML salvo para debug: data\debug_html_v10\130d8dc334a15a9ff3fbb6d4dc482c77.html
2025-05-22 02:23:26,212 - P17020 - INFO - Candidates address: 0 items
2025-05-22 02:23:26,212 - P17020 - INFO - Candidates phone: 0 items
2025-05-22 02:23:26,212 - P17020 - INFO - Candidates email: 0 items
2025-05-22 02:23:26,212 - P17020 - INFO - Candidates complement: 0 items
2025-05-22 02:23:26,212 - P17020 - INFO - Candidates cep: 0 items
2025-05-22 02:23:26,213 - P17020 - INFO - Após processar URL 8 Uso de memória: 131.12 MB
2025-05-22 02:23:26,213 - P17020 - INFO - Processando URL 9/14: https://www.consultacrm.com.br/index/medicos/uid-9b4e8c11-f5c5-11ec-9e74-0a4aa568c625/isabela_bastos_da_costa
2025-05-22 02:23:30,559 - P17020 - INFO - HTML salvo para debug: data\debug_html_v10\4235d3849ace2c566d943a9a442e14a9.html
2025-05-22 02:23:30,571 - P17020 - INFO - Candidates address: 0 items
2025-05-22 02:23:30,579 - P17020 - INFO - Candidates phone: 0 items
2025-05-22 02:23:30,591 - P17020 - INFO - Candidates email: 0 items
2025-05-22 02:23:30,596 - P17020 - INFO - Candidates complement: 0 items
2025-05-22 02:23:30,618 - P17020 - INFO - Candidates cep: 0 items
2025-05-22 02:23:30,624 - P17020 - INFO - Após processar URL 9 Uso de memória: 131.12 MB
2025-05-22 02:23:30,628 - P17020 - INFO - Processando URL 10/14: https://www.medicosbrasil.com/profissional/isabela-bastos-da-costa
2025-05-22 02:23:32,852 - P17020 - INFO - HTML salvo para debug: data\debug_html_v10\c8fff643ea29e07ec5d1d64e1523a882.html
2025-05-22 02:23:32,855 - P17020 - INFO - Candidates address: 0 items
2025-05-22 02:23:32,855 - P17020 - INFO - Candidates phone: 0 items
2025-05-22 02:23:32,856 - P17020 - INFO - Candidates email: 0 items
2025-05-22 02:23:32,857 - P17020 - INFO - Candidates complement: 0 items
2025-05-22 02:23:32,857 - P17020 - INFO - Candidates cep: 0 items
2025-05-22 02:23:32,858 - P17020 - INFO - Após processar URL 10 Uso de memória: 131.12 MB
2025-05-22 02:23:32,858 - P17020 - INFO - Processando URL 11/14: https://www.doctoranytime.com.br/d/ginecologista-obstetra/isabela-bastos-da-costa
2025-05-22 02:23:32,858 - P17020 - INFO - Ignorando URL de arquivo não-HTML: https://www.doctoranytime.com.br/d/ginecologista-obstetra/isabela-bastos-da-costa
2025-05-22 02:23:32,859 - P17020 - INFO - Após processar URL 11 Uso de memória: 131.12 MB
2025-05-22 02:23:32,859 - P17020 - INFO - Processando URL 12/14: https://www.doctoralia.com.br/isabela-bastos-da-costa/ginecologista/rio-de-janeiro
2025-05-22 02:23:32,860 - P17020 - INFO - Ignorando URL de arquivo não-HTML: https://www.doctoralia.com.br/isabela-bastos-da-costa/ginecologista/rio-de-janeiro
2025-05-22 02:23:32,860 - P17020 - INFO - Após processar URL 12 Uso de memória: 131.12 MB
2025-05-22 02:23:32,860 - P17020 - INFO - Processando URL 13/14: https://www.doklist.com.br/dok/62263/
2025-05-22 02:23:36,998 - P17020 - INFO - HTML salvo para debug: data\debug_html_v10\31c73a979afa7593e8a15ef84b1b918b.html
2025-05-22 02:23:37,013 - P17020 - INFO - Candidates address: 1 items
2025-05-22 02:23:37,014 - P17020 - INFO - Candidates phone: 1 items
2025-05-22 02:23:37,014 - P17020 - INFO - Candidates email: 1 items
2025-05-22 02:23:37,014 - P17020 - INFO - Candidates complement: 0 items
2025-05-22 02:23:37,014 - P17020 - INFO - Candidates cep: 1 items
2025-05-22 02:23:37,014 - P17020 - INFO - Após processar URL 13 Uso de memória: 131.12 MB
2025-05-22 02:23:37,015 - P17020 - INFO - Processando URL 14/14: https://www.doctoralia.com.br/ginecologista/rio-de-janeiro/saude3
2025-05-22 02:23:37,015 - P17020 - INFO - Ignorando URL de arquivo não-HTML: https://www.doctoralia.com.br/ginecologista/rio-de-janeiro/saude3
2025-05-22 02:23:37,015 - P17020 - INFO - Após processar URL 14 Uso de memória: 131.12 MB
2025-05-22 02:23:37,015 - P17020 - INFO - Iniciando agregação e ranqueamento
2025-05-22 02:23:37,016 - P17020 - INFO - Ranked address: 185 items
2025-05-22 02:23:37,016 - P17020 - INFO - Ranked phone: 1 items
2025-05-22 02:23:37,016 - P17020 - INFO - Ranked email: 1 items
2025-05-22 02:23:37,016 - P17020 - INFO - Ranked complement: 8 items
2025-05-22 02:23:37,016 - P17020 - INFO - Ranked cep: 102 items
2025-05-22 02:23:37,017 - P17020 - INFO - Após agregação Uso de memória: 131.12 MB
2025-05-22 02:23:37,017 - P17020 - INFO - Validando endereço: ['Estrada De Ferro Paraná Oeste S.A, 21', 'R. Erbe Administração E Participações Societárias S /A, 21', 'R.C Recuperacao E Reciclagem De Materiais Diversos Ltda, 21']
2025-05-22 02:23:37,017 - P17020 - INFO - Endereço validado: Estrada De Ferro Paraná Oeste S.A, 21
2025-05-22 02:23:37,017 - P17020 - INFO - Limpando texto extenso para campo address: Estrada De Ferro Paraná Oeste S.A, 21...
2025-05-22 02:23:37,018 - P17020 - INFO - Texto limpo: Estrada De Ferro Paraná Oeste S.A, 21
2025-05-22 02:23:37,018 - P17020 - INFO - Validando telefone: ['(21) 2291-3131']
2025-05-22 02:23:37,018 - P17020 - INFO - Limpando texto extenso para campo phone: (21) 2291-3131...
2025-05-22 02:23:37,018 - P17020 - INFO - Texto limpo: 21) 2291-3131
2025-05-22 02:23:37,018 - P17020 - INFO - Telefone validado: 21) 2291-3131
2025-05-22 02:23:37,018 - P17020 - INFO - Validando email: ['info@doklist.com.br']
2025-05-22 02:23:37,019 - P17020 - INFO - Limpando texto extenso para campo email: info@doklist.com.br...
2025-05-22 02:23:37,019 - P17020 - INFO - Texto limpo: info@doklist.com.br
2025-05-22 02:23:37,020 - P17020 - INFO - Email validado: info@doklist.com.br
2025-05-22 02:23:37,021 - P17020 - INFO - Validando complemento: ['Salao De Beleza Ltda.', 'Salao De Beleza L tda', 'Bloco Construcao Civil Ltda']
2025-05-22 02:23:37,021 - P17020 - INFO - Limpando texto extenso para campo complement: Salao De Beleza Ltda....
2025-05-22 02:23:37,021 - P17020 - INFO - Texto limpo: Salao De Beleza Ltda.
2025-05-22 02:23:37,022 - P17020 - INFO - Complemento validado: Salao De Beleza Ltda.
2025-05-22 02:23:37,022 - P17020 - INFO - Descobrindo cidade
2025-05-22 02:23:37,022 - P17020 - INFO - Buscando cidade: Estrada De Ferro Paraná Oeste S.A cidade RJ
2025-05-22 02:23:39,737 - P17020 - WARNING - Cidade não encontrada
2025-05-22 02:23:39,737 - P17020 - INFO - Cidade descoberta: 
2025-05-22 02:23:39,737 - P17020 - INFO - Tempo de execução de processamento completo do médico: 44.34 segundos
2025-05-22 02:23:39,738 - P17020 - INFO - Resultado processado: {'Hash': '815ce1b20ca2b59d998d7d05f9d4148aec6739fe2a93abb05ce2b64369be72d1', 'CRM': '718955', 'UF': 'RJ', 'Firstname': 'ISABELA', 'LastName': 'BASTOS DA COSTA', 'Medical specialty': '', 'Endereco Completo A1': 'Estrada De Ferro Paraná Oeste S.A, 21', 'Address A1': 'Estrada De Ferro Paraná Oeste S.A', 'Numero A1': '21', 'Complement A1': 'Salao De Beleza Ltda.', 'Bairro A1': '', 'postal code A1': '', 'City A1': '', 'State A1': '', 'Phone A1': '21) 2291-3131', 'Phone A2': '', 'Cell phone A1': '', 'Cell phone A2': '', 'E-mail A1': 'info@doklist.com.br', 'E-mail A2': '', 'OPT-IN': '', 'STATUS': '', 'LOTE': ''}
2025-05-22 02:23:39,738 - P17020 - INFO - Salvando lote de resultados
2025-05-22 02:23:39,739 - P17020 - INFO - Após salvar resultados Uso de memória: 125.22 MB
2025-05-22 02:23:39,739 - P17020 - INFO - Progresso: 24.3%
2025-05-22 02:23:39,740 - P17020 - INFO - Tempo de execução de processamento do médico 3: 44.34 segundos
2025-05-22 02:23:39,740 - P17020 - INFO - Tempo de execução de processamento do lote completo: 182.54 segundos
