2025-05-22 02:43:38,699 - P17020 - INFO - 
==================================================
Processando médico 1/3
2025-05-22 02:43:38,699 - P17020 - INFO - Nome: ADNA NUNES SOBRINHO BOURSCHEID
2025-05-22 02:43:38,699 - P17020 - INFO - Reiniciando driver do Chrome
2025-05-22 02:43:39,988 - P17020 - INFO - Após reiniciar driver Uso de memória: 128.50 MB
2025-05-22 02:43:39,989 - P17020 - INFO - Início do processamento Uso de memória: 128.50 MB
2025-05-22 02:43:39,989 - P17020 - INFO - Iniciando busca para: ADNA NUNES SOBRINHO BOURSCHEID CRM 23461 SC telefone e-mail endereço
2025-05-22 02:43:40,373 - P17020 - INFO - SearX results: 10 URLs
2025-05-22 02:43:40,373 - P17020 - INFO - Após SearX Uso de memória: 128.50 MB
2025-05-22 02:43:43,041 - P17020 - INFO - Google results: 5 URLs
2025-05-22 02:43:43,041 - P17020 - INFO - Após Google Uso de memória: 130.41 MB
2025-05-22 02:43:45,782 - P17020 - INFO - Bing results: 9 URLs
2025-05-22 02:43:45,782 - P17020 - INFO - Após Bing Uso de memória: 132.21 MB
2025-05-22 02:43:45,783 - P17020 - INFO - Total de URLs únicas: 13
2025-05-22 02:43:45,783 - P17020 - INFO - Processando URL 1/13: https://pt.scribd.com/document/835874013/Curri-culo-e-Certificados-Dra-Adna-Bourscheid-2023
2025-05-22 02:43:50,798 - P17020 - INFO - HTML salvo para debug: data\debug_html_v10\8a7eb7bba8862f709c59c46d54d7c928.html
2025-05-22 02:43:50,931 - P17020 - INFO - Candidates address: 1 items
2025-05-22 02:43:50,931 - P17020 - INFO - Candidates phone: 0 items
2025-05-22 02:43:50,931 - P17020 - INFO - Candidates email: 0 items
2025-05-22 02:43:50,931 - P17020 - INFO - Candidates complement: 0 items
2025-05-22 02:43:50,932 - P17020 - INFO - Candidates cep: 4 items
2025-05-22 02:43:50,932 - P17020 - INFO - Após processar URL 1 Uso de memória: 136.11 MB
2025-05-22 02:43:50,932 - P17020 - INFO - Processando URL 2/13: https://www.classemedica.com.br/medico/433615-dra-adna-bourscheid.htm
2025-05-22 02:43:54,610 - P17020 - INFO - HTML salvo para debug: data\debug_html_v10\d3315b27924ce98cff828fe2b8b23af1.html
2025-05-22 02:43:54,641 - P17020 - INFO - Candidates address: 0 items
2025-05-22 02:43:54,642 - P17020 - INFO - Candidates phone: 1 items
2025-05-22 02:43:54,642 - P17020 - INFO - Candidates email: 0 items
2025-05-22 02:43:54,642 - P17020 - INFO - Candidates complement: 0 items
2025-05-22 02:43:54,642 - P17020 - INFO - Candidates cep: 2 items
2025-05-22 02:43:54,642 - P17020 - INFO - Após processar URL 2 Uso de memória: 133.36 MB
2025-05-22 02:43:54,643 - P17020 - INFO - Processando URL 3/13: https://www.doctoralia.com.br/adna-bourscheid/endocrinologista/florianopolis
2025-05-22 02:43:54,643 - P17020 - INFO - Ignorando URL de arquivo não-HTML: https://www.doctoralia.com.br/adna-bourscheid/endocrinologista/florianopolis
2025-05-22 02:43:54,643 - P17020 - INFO - Após processar URL 3 Uso de memória: 133.36 MB
2025-05-22 02:43:54,643 - P17020 - INFO - Processando URL 4/13: https://www.findhealthclinics.com/BR/Itapema/723107084467277/Medical-Office---Consult%C3%B3rio-M%C3%A9dico
2025-05-22 02:43:58,527 - P17020 - INFO - HTML salvo para debug: data\debug_html_v10\2c2811a390246eadc9eb8b64271b0776.html
2025-05-22 02:43:58,556 - P17020 - INFO - Candidates address: 0 items
2025-05-22 02:43:58,557 - P17020 - INFO - Candidates phone: 1 items
2025-05-22 02:43:58,557 - P17020 - INFO - Candidates email: 1 items
2025-05-22 02:43:58,557 - P17020 - INFO - Candidates complement: 0 items
2025-05-22 02:43:58,558 - P17020 - INFO - Candidates cep: 6 items
2025-05-22 02:43:58,558 - P17020 - INFO - Após processar URL 4 Uso de memória: 134.07 MB
2025-05-22 02:43:58,558 - P17020 - INFO - Processando URL 5/13: https://www.classemedica.com.br/medico/425941-adna-nunes-sobrinho.htm
2025-05-22 02:44:03,312 - P17020 - INFO - HTML salvo para debug: data\debug_html_v10\f262d33308a87982285c6d6636f8fb8c.html
2025-05-22 02:44:03,358 - P17020 - INFO - Candidates address: 1 items
2025-05-22 02:44:03,358 - P17020 - INFO - Candidates phone: 0 items
2025-05-22 02:44:03,358 - P17020 - INFO - Candidates email: 0 items
2025-05-22 02:44:03,359 - P17020 - INFO - Candidates complement: 1 items
2025-05-22 02:44:03,359 - P17020 - INFO - Candidates cep: 2 items
2025-05-22 02:44:03,359 - P17020 - INFO - Após processar URL 5 Uso de memória: 133.38 MB
2025-05-22 02:44:03,359 - P17020 - INFO - Processando URL 6/13: https://www.boaconsulta.com/especialista/adna-nunes-sobrinho-6106294fa2e00a0ea6005a4f
2025-05-22 02:44:06,665 - P17020 - INFO - HTML salvo para debug: data\debug_html_v10\4556b482a722542112ad84190580e80e.html
2025-05-22 02:44:06,739 - P17020 - INFO - Candidates address: 1 items
2025-05-22 02:44:06,740 - P17020 - INFO - Candidates phone: 0 items
2025-05-22 02:44:06,740 - P17020 - INFO - Candidates email: 0 items
2025-05-22 02:44:06,740 - P17020 - INFO - Candidates complement: 0 items
2025-05-22 02:44:06,740 - P17020 - INFO - Candidates cep: 0 items
2025-05-22 02:44:06,740 - P17020 - INFO - Após processar URL 6 Uso de memória: 134.32 MB
2025-05-22 02:44:06,740 - P17020 - INFO - Processando URL 7/13: https://www.funservir.com.br/estrutura/servicos/imprime.php
2025-05-22 02:44:11,433 - P17020 - INFO - HTML salvo para debug: data\debug_html_v10\615102634048a5b6e3ef2fdd8512c697.html
2025-05-22 02:44:11,433 - P17020 - INFO - Candidates address: 0 items
2025-05-22 02:44:11,434 - P17020 - INFO - Candidates phone: 0 items
2025-05-22 02:44:11,434 - P17020 - INFO - Candidates email: 0 items
2025-05-22 02:44:11,434 - P17020 - INFO - Candidates complement: 0 items
2025-05-22 02:44:11,434 - P17020 - INFO - Candidates cep: 0 items
2025-05-22 02:44:11,434 - P17020 - INFO - Após processar URL 7 Uso de memória: 134.32 MB
2025-05-22 02:44:11,434 - P17020 - INFO - Processando URL 8/13: https://www.classemedica.com.br/medico/433612-adna-bourscheid.htm
2025-05-22 02:44:16,956 - P17020 - INFO - HTML salvo para debug: data\debug_html_v10\dde411efb837fa3639957344d5c3e47e.html
2025-05-22 02:44:16,995 - P17020 - INFO - Candidates address: 0 items
2025-05-22 02:44:16,996 - P17020 - INFO - Candidates phone: 1 items
2025-05-22 02:44:16,997 - P17020 - INFO - Candidates email: 0 items
2025-05-22 02:44:16,998 - P17020 - INFO - Candidates complement: 1 items
2025-05-22 02:44:16,998 - P17020 - INFO - Candidates cep: 2 items
2025-05-22 02:44:16,999 - P17020 - INFO - Após processar URL 8 Uso de memória: 134.32 MB
2025-05-22 02:44:16,999 - P17020 - INFO - Processando URL 9/13: https://agendarconsulta.com/perfil/dra-adna-bourscheid-1651137026
2025-05-22 02:44:22,656 - P17020 - INFO - HTML salvo para debug: data\debug_html_v10\2d75259b86bf46e962b650d700512f14.html
2025-05-22 02:44:22,685 - P17020 - INFO - Candidates address: 0 items
2025-05-22 02:44:22,685 - P17020 - INFO - Candidates phone: 2 items
2025-05-22 02:44:22,685 - P17020 - INFO - Candidates email: 0 items
2025-05-22 02:44:22,686 - P17020 - INFO - Candidates complement: 0 items
2025-05-22 02:44:22,686 - P17020 - INFO - Candidates cep: 1 items
2025-05-22 02:44:22,686 - P17020 - INFO - Após processar URL 9 Uso de memória: 134.32 MB
2025-05-22 02:44:22,687 - P17020 - INFO - Processando URL 10/13: https://www.catalogo.med.br/doutor/adna-nunes-sobrinho-2518453.htm
2025-05-22 02:44:24,846 - P17020 - INFO - HTML salvo para debug: data\debug_html_v10\f72a7e0120810fa73021b210d1426fa6.html
2025-05-22 02:44:24,846 - P17020 - INFO - Candidates address: 0 items
2025-05-22 02:44:24,846 - P17020 - INFO - Candidates phone: 0 items
2025-05-22 02:44:24,847 - P17020 - INFO - Candidates email: 0 items
2025-05-22 02:44:24,847 - P17020 - INFO - Candidates complement: 0 items
2025-05-22 02:44:24,847 - P17020 - INFO - Candidates cep: 0 items
2025-05-22 02:44:24,847 - P17020 - INFO - Após processar URL 10 Uso de memória: 134.34 MB
2025-05-22 02:44:24,847 - P17020 - INFO - Processando URL 11/13: https://www.somospopular.com.br/especialistas/dra-adna-bourscheid-endocrinologista-em-itapema-sc/
2025-05-22 02:44:28,549 - P17020 - INFO - HTML salvo para debug: data\debug_html_v10\562f10fa6b979617a1b18d7d765474ac.html
2025-05-22 02:44:28,552 - P17020 - INFO - Candidates address: 0 items
2025-05-22 02:44:28,553 - P17020 - INFO - Candidates phone: 0 items
2025-05-22 02:44:28,553 - P17020 - INFO - Candidates email: 0 items
2025-05-22 02:44:28,553 - P17020 - INFO - Candidates complement: 0 items
2025-05-22 02:44:28,553 - P17020 - INFO - Candidates cep: 0 items
2025-05-22 02:44:28,553 - P17020 - INFO - Após processar URL 11 Uso de memória: 134.34 MB
2025-05-22 02:44:28,553 - P17020 - INFO - Processando URL 12/13: https://www.medicosbrasil.com/profissional/adna-nunes
2025-05-22 02:44:32,310 - P17020 - INFO - HTML salvo para debug: data\debug_html_v10\e4b03e0c3022e066aab986b2e8ab7be6.html
2025-05-22 02:44:32,347 - P17020 - INFO - Candidates address: 0 items
2025-05-22 02:44:32,347 - P17020 - INFO - Candidates phone: 0 items
2025-05-22 02:44:32,348 - P17020 - INFO - Candidates email: 0 items
2025-05-22 02:44:32,348 - P17020 - INFO - Candidates complement: 0 items
2025-05-22 02:44:32,348 - P17020 - INFO - Candidates cep: 0 items
2025-05-22 02:44:32,348 - P17020 - INFO - Após processar URL 12 Uso de memória: 135.67 MB
2025-05-22 02:44:32,348 - P17020 - INFO - Processando URL 13/13: https://www.vidacotidiana.com.br/medico/dra-adna-nunes-sobrinho-bourscheid/
2025-05-22 02:44:34,779 - P17020 - INFO - HTML salvo para debug: data\debug_html_v10\b6678d888b7d508e7f3430abdf629633.html
2025-05-22 02:44:34,820 - P17020 - INFO - Candidates address: 0 items
2025-05-22 02:44:34,821 - P17020 - INFO - Candidates phone: 1 items
2025-05-22 02:44:34,821 - P17020 - INFO - Candidates email: 0 items
2025-05-22 02:44:34,821 - P17020 - INFO - Candidates complement: 0 items
2025-05-22 02:44:34,821 - P17020 - INFO - Candidates cep: 0 items
2025-05-22 02:44:34,822 - P17020 - INFO - Após processar URL 13 Uso de memória: 134.34 MB
2025-05-22 02:44:34,822 - P17020 - INFO - Iniciando agregação e ranqueamento
2025-05-22 02:44:34,822 - P17020 - INFO - Ranked address: 3 items
2025-05-22 02:44:34,823 - P17020 - INFO - Ranked phone: 5 items
2025-05-22 02:44:34,823 - P17020 - INFO - Ranked email: 1 items
2025-05-22 02:44:34,823 - P17020 - INFO - Ranked complement: 1 items
2025-05-22 02:44:34,823 - P17020 - INFO - Ranked cep: 12 items
2025-05-22 02:44:34,823 - P17020 - INFO - Após agregação Uso de memória: 134.34 MB
2025-05-22 02:44:34,824 - P17020 - INFO - Validando endereço: ['Ruanner Ronann PDF Ainda não há avaliações Curriculum Vitae Ruanner Ronann 7 páginas CV PHD Thomas 22', 'Rua 252 425 Sala 1', 'Rua Jose Correia, 163']
2025-05-22 02:44:34,824 - P17020 - INFO - Endereço validado: Ruanner Ronann PDF Ainda não há avaliações Curriculum Vitae Ruanner Ronann 7 páginas CV PHD Thomas 22
2025-05-22 02:44:34,824 - P17020 - INFO - Limpando texto extenso para campo address: Ruanner Ronann PDF Ainda não há avaliações Curricu...
2025-05-22 02:44:34,825 - P17020 - INFO - Texto limpo: Ruanner Ronann PDF Ainda não há avaliações Curriculum Vitae Ruanner Ronann 7 páginas CV PHD Thomas 2
2025-05-22 02:44:34,825 - P17020 - INFO - Validando telefone: ['+5548991573513', '(48)99157-3513', '(47) 9157-3513']
2025-05-22 02:44:34,825 - P17020 - INFO - Limpando texto extenso para campo phone: (48)99157-3513...
2025-05-22 02:44:34,825 - P17020 - INFO - Texto limpo: 48)99157-3513
2025-05-22 02:44:34,826 - P17020 - INFO - Telefone validado: 48)99157-3513
2025-05-22 02:44:34,826 - P17020 - INFO - Validando email: ['adnanunes@gmail.com']
2025-05-22 02:44:34,826 - P17020 - INFO - Limpando texto extenso para campo email: adnanunes@gmail.com...
2025-05-22 02:44:34,826 - P17020 - INFO - Texto limpo: adnanunes@gmail.com
2025-05-22 02:44:34,826 - P17020 - INFO - Email validado: adnanunes@gmail.com
2025-05-22 02:44:34,827 - P17020 - INFO - Validando complemento: ['Sala 1                 ']
2025-05-22 02:44:34,827 - P17020 - INFO - Limpando texto extenso para campo complement: Sala 1                 ...
2025-05-22 02:44:34,827 - P17020 - INFO - Texto limpo: Sala 1
2025-05-22 02:44:34,827 - P17020 - INFO - Complemento validado: Sala 1
2025-05-22 02:44:34,828 - P17020 - INFO - Descobrindo cidade
2025-05-22 02:44:34,828 - P17020 - INFO - Buscando cidade: Ruanner Ronann PDF Ainda não há avaliações Curriculum Vitae Ruanner Ronann 7 páginas CV PHD Thomas 2 cidade SC
2025-05-22 02:44:37,376 - P17020 - WARNING - Cidade não encontrada
2025-05-22 02:44:37,376 - P17020 - INFO - Cidade descoberta: 
2025-05-22 02:44:37,376 - P17020 - INFO - Tempo de execução de processamento completo do médico: 57.39 segundos
2025-05-22 02:44:37,377 - P17020 - INFO - Resultado processado: {'Hash': '65043e87d9fbdd8f6a1a3a421bde6e51f2759521531c88de0d83d50200d191d6', 'CRM': '23461', 'UF': 'SC', 'Firstname': 'ADNA', 'LastName': 'NUNES SOBRINHO BOURSCHEID', 'Medical specialty': '', 'Endereco Completo A1': 'Ruanner Ronann PDF Ainda não há avaliações Curriculum Vitae Ruanner Ronann 7 páginas CV PHD Thomas 2', 'Address A1': 'Ruanner Ronann PDF Ainda não há avaliações Curriculum Vitae Ruanner Ronann 7 páginas CV PHD Thomas 2', 'Numero A1': '', 'Complement A1': 'Sala 1', 'Bairro A1': '', 'postal code A1': '', 'City A1': '', 'State A1': '', 'Phone A1': '48)99157-3513', 'Phone A2': '', 'Cell phone A1': '', 'Cell phone A2': '', 'E-mail A1': 'adnanunes@gmail.com', 'E-mail A2': '', 'OPT-IN': '', 'STATUS': '', 'LOTE': ''}
2025-05-22 02:44:37,378 - P17020 - INFO - Progresso: 32.7%
2025-05-22 02:44:37,378 - P17020 - INFO - Executando coleta de lixo
2025-05-22 02:44:37,437 - P17020 - INFO - Após coleta de lixo Uso de memória: 120.14 MB
2025-05-22 02:44:37,437 - P17020 - INFO - Tempo de execução de processamento do médico 1: 58.74 segundos
2025-05-22 02:44:37,437 - P17020 - INFO - 
==================================================
Processando médico 2/3
2025-05-22 02:44:37,437 - P17020 - INFO - Nome: GRACE HUSCHER ARCENO
2025-05-22 02:44:37,438 - P17020 - INFO - Início do processamento Uso de memória: 120.14 MB
2025-05-22 02:44:37,438 - P17020 - INFO - Iniciando busca para: GRACE HUSCHER ARCENO CRM 23931 SC telefone e-mail endereço
2025-05-22 02:44:37,778 - P17020 - INFO - SearX results: 0 URLs
2025-05-22 02:44:37,779 - P17020 - INFO - Após SearX Uso de memória: 120.14 MB
2025-05-22 02:44:40,536 - P17020 - INFO - Google results: 2 URLs
2025-05-22 02:44:40,536 - P17020 - INFO - Após Google Uso de memória: 122.35 MB
2025-05-22 02:44:43,099 - P17020 - INFO - Bing results: 8 URLs
2025-05-22 02:44:43,099 - P17020 - INFO - Após Bing Uso de memória: 124.58 MB
2025-05-22 02:44:43,100 - P17020 - INFO - Total de URLs únicas: 9
2025-05-22 02:44:43,100 - P17020 - INFO - Processando URL 1/9: https://consultacrm.com.br/
2025-05-22 02:44:47,236 - P17020 - INFO - HTML salvo para debug: data\debug_html_v10\65cadeb91ac3713432c21b535990f440.html
2025-05-22 02:44:47,250 - P17020 - INFO - Candidates address: 0 items
2025-05-22 02:44:47,250 - P17020 - INFO - Candidates phone: 0 items
2025-05-22 02:44:47,250 - P17020 - INFO - Candidates email: 0 items
2025-05-22 02:44:47,250 - P17020 - INFO - Candidates complement: 0 items
2025-05-22 02:44:47,251 - P17020 - INFO - Candidates cep: 0 items
2025-05-22 02:44:47,251 - P17020 - INFO - Após processar URL 1 Uso de memória: 126.36 MB
2025-05-22 02:44:47,251 - P17020 - INFO - Processando URL 2/9: https://cliniguia.com/profissionais/grace-huscher-700407490716846/
2025-05-22 02:44:52,957 - P17020 - INFO - HTML salvo para debug: data\debug_html_v10\1a82cbd258a4dcdb39b63928b0d440a8.html
2025-05-22 02:44:53,005 - P17020 - INFO - Candidates address: 0 items
2025-05-22 02:44:53,014 - P17020 - INFO - Candidates phone: 0 items
2025-05-22 02:44:53,015 - P17020 - INFO - Candidates email: 0 items
2025-05-22 02:44:53,015 - P17020 - INFO - Candidates complement: 0 items
2025-05-22 02:44:53,015 - P17020 - INFO - Candidates cep: 0 items
2025-05-22 02:44:53,015 - P17020 - INFO - Após processar URL 2 Uso de memória: 122.00 MB
2025-05-22 02:44:53,015 - P17020 - INFO - Processando URL 3/9: https://advdinamico.com.br/empresas/27524869000191
2025-05-22 02:44:55,896 - P17020 - INFO - HTML salvo para debug: data\debug_html_v10\f839b49f2678470912b4a61c414b82e4.html
2025-05-22 02:44:55,910 - P17020 - INFO - Candidates address: 0 items
2025-05-22 02:44:55,910 - P17020 - INFO - Candidates phone: 0 items
2025-05-22 02:44:55,910 - P17020 - INFO - Candidates email: 1 items
2025-05-22 02:44:55,910 - P17020 - INFO - Candidates complement: 0 items
2025-05-22 02:44:55,911 - P17020 - INFO - Candidates cep: 12 items
2025-05-22 02:44:55,911 - P17020 - INFO - Após processar URL 3 Uso de memória: 123.05 MB
2025-05-22 02:44:55,911 - P17020 - INFO - Processando URL 4/9: https://agendarconsulta.com/perfil/dra-grace-arceno-1558352513
2025-05-22 02:45:00,180 - P17020 - INFO - HTML salvo para debug: data\debug_html_v10\814f46b76732a4663f5ca0fa74b94f06.html
2025-05-22 02:45:00,212 - P17020 - INFO - Candidates address: 0 items
2025-05-22 02:45:00,212 - P17020 - INFO - Candidates phone: 0 items
2025-05-22 02:45:00,212 - P17020 - INFO - Candidates email: 0 items
2025-05-22 02:45:00,213 - P17020 - INFO - Candidates complement: 0 items
2025-05-22 02:45:00,213 - P17020 - INFO - Candidates cep: 0 items
2025-05-22 02:45:00,214 - P17020 - INFO - Após processar URL 4 Uso de memória: 125.04 MB
2025-05-22 02:45:00,214 - P17020 - INFO - Processando URL 5/9: https://redeimigrantes.com.br/2019/02/sem-categoria/clinica-dr-salvaro-apresenta-cardiologista-dra-grace-huscher-arceno/
2025-05-22 02:45:05,679 - P17020 - INFO - HTML salvo para debug: data\debug_html_v10\bce01352d65806d6375aafb3633f3ec1.html
2025-05-22 02:45:05,704 - P17020 - INFO - Candidates address: 0 items
2025-05-22 02:45:05,705 - P17020 - INFO - Candidates phone: 1 items
2025-05-22 02:45:05,706 - P17020 - INFO - Candidates email: 3 items
2025-05-22 02:45:05,707 - P17020 - INFO - Candidates complement: 0 items
2025-05-22 02:45:05,707 - P17020 - INFO - Candidates cep: 0 items
2025-05-22 02:45:05,707 - P17020 - INFO - Após processar URL 5 Uso de memória: 125.46 MB
2025-05-22 02:45:05,708 - P17020 - INFO - Processando URL 6/9: https://www.revistasulfashion.com.br/noticia/em-turvo-clinica-salvaro-e-referencia-no-atendimento-multidisciplinar
2025-05-22 02:45:08,689 - P17020 - INFO - HTML salvo para debug: data\debug_html_v10\17cc029a1b29c267f0432656925a009b.html
2025-05-22 02:45:08,690 - P17020 - INFO - Candidates address: 0 items
2025-05-22 02:45:08,690 - P17020 - INFO - Candidates phone: 0 items
2025-05-22 02:45:08,690 - P17020 - INFO - Candidates email: 1 items
2025-05-22 02:45:08,690 - P17020 - INFO - Candidates complement: 0 items
2025-05-22 02:45:08,690 - P17020 - INFO - Candidates cep: 0 items
2025-05-22 02:45:08,691 - P17020 - INFO - Após processar URL 6 Uso de memória: 125.47 MB
2025-05-22 02:45:08,691 - P17020 - INFO - Processando URL 7/9: https://www.boaconsulta.com/especialista/grace-huscher-61062780a2e00a0ea6003107
2025-05-22 02:45:11,564 - P17020 - INFO - HTML salvo para debug: data\debug_html_v10\691116809aa4abaa0969ad6f0cce64bb.html
2025-05-22 02:45:11,608 - P17020 - INFO - Candidates address: 3 items
2025-05-22 02:45:11,608 - P17020 - INFO - Candidates phone: 0 items
2025-05-22 02:45:11,608 - P17020 - INFO - Candidates email: 0 items
2025-05-22 02:45:11,609 - P17020 - INFO - Candidates complement: 0 items
2025-05-22 02:45:11,609 - P17020 - INFO - Candidates cep: 0 items
2025-05-22 02:45:11,609 - P17020 - INFO - Após processar URL 7 Uso de memória: 125.94 MB
2025-05-22 02:45:11,609 - P17020 - INFO - Processando URL 8/9: https://www.medicosbrasil.com/profissional/grace-huscher
2025-05-22 02:45:13,823 - P17020 - INFO - HTML salvo para debug: data\debug_html_v10\39da2d3484e46c551a892bec734cef8e.html
2025-05-22 02:45:13,825 - P17020 - INFO - Candidates address: 0 items
2025-05-22 02:45:13,825 - P17020 - INFO - Candidates phone: 0 items
2025-05-22 02:45:13,825 - P17020 - INFO - Candidates email: 0 items
2025-05-22 02:45:13,825 - P17020 - INFO - Candidates complement: 0 items
2025-05-22 02:45:13,826 - P17020 - INFO - Candidates cep: 0 items
2025-05-22 02:45:13,826 - P17020 - INFO - Após processar URL 8 Uso de memória: 125.95 MB
2025-05-22 02:45:13,826 - P17020 - INFO - Processando URL 9/9: https://www.clinicadrsalvaro.com.br/corpocl%C3%ADnico
2025-05-22 02:45:16,691 - P17020 - INFO - HTML salvo para debug: data\debug_html_v10\cd2ecb8dba598835e2b3fcdbafcca8ab.html
2025-05-22 02:45:16,781 - P17020 - INFO - Candidates address: 19 items
2025-05-22 02:45:16,781 - P17020 - INFO - Candidates phone: 2 items
2025-05-22 02:45:16,782 - P17020 - INFO - Candidates email: 0 items
2025-05-22 02:45:16,782 - P17020 - INFO - Candidates complement: 0 items
2025-05-22 02:45:16,782 - P17020 - INFO - Candidates cep: 1 items
2025-05-22 02:45:16,782 - P17020 - INFO - Após processar URL 9 Uso de memória: 127.54 MB
2025-05-22 02:45:16,782 - P17020 - INFO - Iniciando agregação e ranqueamento
2025-05-22 02:45:16,782 - P17020 - INFO - Ranked address: 22 items
2025-05-22 02:45:16,783 - P17020 - INFO - Ranked phone: 3 items
2025-05-22 02:45:16,783 - P17020 - INFO - Ranked email: 5 items
2025-05-22 02:45:16,783 - P17020 - INFO - Ranked complement: 0 items
2025-05-22 02:45:16,783 - P17020 - INFO - Ranked cep: 12 items
2025-05-22 02:45:16,783 - P17020 - INFO - Após agregação Uso de memória: 127.54 MB
2025-05-22 02:45:16,783 - P17020 - INFO - Validando endereço: ['Rua Felipe Schmidt, 291', 'Rua Deputado Benedito Terezio De Carvalho Jr, 927', 'Rua Nereu Ramos, 1200']
2025-05-22 02:45:16,784 - P17020 - INFO - Endereço validado: Rua Felipe Schmidt, 291
2025-05-22 02:45:16,784 - P17020 - INFO - Limpando texto extenso para campo address: Rua Felipe Schmidt, 291...
2025-05-22 02:45:16,784 - P17020 - INFO - Texto limpo: Rua Felipe Schmidt, 291
2025-05-22 02:45:16,784 - P17020 - INFO - Validando telefone: ['+55 48 3525-0321', '(48) 3525-3210', '(48) 3512-4330']
2025-05-22 02:45:16,784 - P17020 - INFO - Limpando texto extenso para campo phone: (48) 3525-3210...
2025-05-22 02:45:16,785 - P17020 - INFO - Texto limpo: 48) 3525-3210
2025-05-22 02:45:16,785 - P17020 - INFO - Telefone validado: 48) 3525-3210
2025-05-22 02:45:16,785 - P17020 - INFO - Validando email: ['ARCENOMD@GMAIL.COM', 'redeimigrantesdecomunicacao@gmail.com', 'contato@radioimigrantes.com']
2025-05-22 02:45:16,785 - P17020 - INFO - Limpando texto extenso para campo email: ARCENOMD@GMAIL.COM...
2025-05-22 02:45:16,785 - P17020 - INFO - Texto limpo: arcenomd@gmail.com
2025-05-22 02:45:16,785 - P17020 - INFO - Email validado: arcenomd@gmail.com
2025-05-22 02:45:16,786 - P17020 - INFO - Descobrindo cidade
2025-05-22 02:45:16,786 - P17020 - INFO - Buscando cidade: Rua Felipe Schmidt cidade SC
2025-05-22 02:45:19,460 - P17020 - INFO - Cidade encontrada: Florianópolis
2025-05-22 02:45:19,460 - P17020 - INFO - Limpando texto extenso para campo city: Florianópolis...
2025-05-22 02:45:19,460 - P17020 - INFO - Texto limpo: Florianópolis
2025-05-22 02:45:19,461 - P17020 - INFO - Cidade descoberta: Florianópolis
2025-05-22 02:45:19,461 - P17020 - INFO - Buscando CEP com sistema de cascata
2025-05-22 02:45:19,461 - P17020 - INFO - Iniciando busca de CEP em cascata para: Rua Felipe Schmidt, Florianópolis, SC
2025-05-22 02:45:19,461 - P17020 - INFO - Método 1: ViaCEP API
2025-05-22 02:45:19,461 - P17020 - INFO - Buscando no ViaCEP: https://viacep.com.br/ws/SC/florianopolis/rua%20felipe%20schmidt/json/
2025-05-22 02:45:20,171 - P17020 - INFO - Dados encontrados no ViaCEP: {'cep': '88010-000', 'logradouro': 'Rua Felipe Schmidt', 'complemento': 'até 348/349', 'unidade': '', 'bairro': 'Centro', 'localidade': 'Florianópolis', 'uf': 'SC', 'estado': 'Santa Catarina', 'regiao': 'Sul', 'ibge': '4205407', 'gia': '', 'ddd': '48', 'siafi': '8105'}
2025-05-22 02:45:20,173 - P17020 - INFO - CEP encontrado via ViaCEP: 88010-000
2025-05-22 02:45:20,174 - P17020 - INFO - Dados de CEP encontrados: {'cep': '88010-000', 'logradouro': 'Rua Felipe Schmidt', 'complemento': 'até 348/349', 'unidade': '', 'bairro': 'Centro', 'localidade': 'Florianópolis', 'uf': 'SC', 'estado': 'Santa Catarina', 'regiao': 'Sul', 'ibge': '4205407', 'gia': '', 'ddd': '48', 'siafi': '8105'}
2025-05-22 02:45:20,175 - P17020 - INFO - Limpando texto extenso para campo bairro: Centro...
2025-05-22 02:45:20,175 - P17020 - INFO - Texto limpo: Centro
2025-05-22 02:45:20,175 - P17020 - INFO - Limpando texto extenso para campo complement: até 348/349...
2025-05-22 02:45:20,175 - P17020 - INFO - Texto limpo: até 348/349
2025-05-22 02:45:20,176 - P17020 - INFO - Limpando texto extenso para campo city: Florianópolis...
2025-05-22 02:45:20,176 - P17020 - INFO - Texto limpo: Florianópolis
2025-05-22 02:45:20,176 - P17020 - INFO - Limpando texto extenso para campo state: SC...
2025-05-22 02:45:20,177 - P17020 - INFO - Texto limpo: SC
2025-05-22 02:45:20,177 - P17020 - INFO - Tempo de execução de processamento completo do médico: 42.74 segundos
2025-05-22 02:45:20,177 - P17020 - INFO - Resultado processado: {'Hash': '16dbfd23885df59116410be9421f8c1fbb3ed6814c370fb8a3bcbea02e3168c1', 'CRM': '23931', 'UF': 'SC', 'Firstname': 'GRACE', 'LastName': 'HUSCHER ARCENO', 'Medical specialty': '', 'Endereco Completo A1': 'Rua Felipe Schmidt, 291', 'Address A1': 'Rua Felipe Schmidt', 'Numero A1': '291', 'Complement A1': 'até 348/349', 'Bairro A1': 'Centro', 'postal code A1': '88010-000', 'City A1': 'Florianópolis', 'State A1': 'SC', 'Phone A1': '48) 3525-3210', 'Phone A2': '', 'Cell phone A1': '', 'Cell phone A2': '', 'E-mail A1': 'arcenomd@gmail.com', 'E-mail A2': '', 'OPT-IN': '', 'STATUS': '', 'LOTE': ''}
2025-05-22 02:45:20,178 - P17020 - INFO - Progresso: 33.1%
2025-05-22 02:45:20,179 - P17020 - INFO - Tempo de execução de processamento do médico 2: 42.74 segundos
2025-05-22 02:45:20,180 - P17020 - INFO - 
==================================================
Processando médico 3/3
2025-05-22 02:45:20,181 - P17020 - INFO - Nome: PRISCILA BALSAN KOPHAL
2025-05-22 02:45:20,181 - P17020 - INFO - Início do processamento Uso de memória: 125.98 MB
2025-05-22 02:45:20,181 - P17020 - INFO - Iniciando busca para: PRISCILA BALSAN KOPHAL CRM 25274 SC telefone e-mail endereço
2025-05-22 02:45:20,525 - P17020 - INFO - SearX results: 0 URLs
2025-05-22 02:45:20,526 - P17020 - INFO - Após SearX Uso de memória: 125.98 MB
2025-05-22 02:45:23,319 - P17020 - INFO - Google results: 3 URLs
2025-05-22 02:45:23,319 - P17020 - INFO - Após Google Uso de memória: 130.61 MB
2025-05-22 02:45:25,812 - P17020 - INFO - Bing results: 7 URLs
2025-05-22 02:45:25,812 - P17020 - INFO - Após Bing Uso de memória: 132.21 MB
2025-05-22 02:45:25,813 - P17020 - INFO - Total de URLs únicas: 9
2025-05-22 02:45:25,813 - P17020 - INFO - Processando URL 1/9: https://cliniguia.com/profissionais/priscila-balsan-kophal-705002443326050/
2025-05-22 02:45:28,335 - P17020 - INFO - HTML salvo para debug: data\debug_html_v10\f4d8ba2a25541706bdd9215b8124f714.html
2025-05-22 02:45:28,379 - P17020 - INFO - Candidates address: 0 items
2025-05-22 02:45:28,379 - P17020 - INFO - Candidates phone: 0 items
2025-05-22 02:45:28,379 - P17020 - INFO - Candidates email: 0 items
2025-05-22 02:45:28,380 - P17020 - INFO - Candidates complement: 0 items
2025-05-22 02:45:28,381 - P17020 - INFO - Candidates cep: 0 items
2025-05-22 02:45:28,381 - P17020 - INFO - Após processar URL 1 Uso de memória: 133.37 MB
2025-05-22 02:45:28,381 - P17020 - INFO - Processando URL 2/9: https://cadastroempresa.com.br/fornecedor/clinica-dra-priscila-balsan-kophal-52947002000196
2025-05-22 02:45:30,949 - P17020 - INFO - HTML salvo para debug: data\debug_html_v10\18d19b7a11ad70eaa9886687fa856f32.html
2025-05-22 02:45:30,975 - P17020 - INFO - Candidates address: 0 items
2025-05-22 02:45:30,975 - P17020 - INFO - Candidates phone: 1 items
2025-05-22 02:45:30,975 - P17020 - INFO - Candidates email: 1 items
2025-05-22 02:45:30,976 - P17020 - INFO - Candidates complement: 1 items
2025-05-22 02:45:30,976 - P17020 - INFO - Candidates cep: 3 items
2025-05-22 02:45:30,976 - P17020 - INFO - Após processar URL 2 Uso de memória: 132.24 MB
2025-05-22 02:45:30,976 - P17020 - INFO - Processando URL 3/9: https://consultacrm.com.br/
2025-05-22 02:45:34,912 - P17020 - INFO - HTML salvo para debug: data\debug_html_v10\65cadeb91ac3713432c21b535990f440.html
2025-05-22 02:45:34,921 - P17020 - INFO - Candidates address: 0 items
2025-05-22 02:45:34,922 - P17020 - INFO - Candidates phone: 0 items
2025-05-22 02:45:34,922 - P17020 - INFO - Candidates email: 0 items
2025-05-22 02:45:34,922 - P17020 - INFO - Candidates complement: 0 items
2025-05-22 02:45:34,922 - P17020 - INFO - Candidates cep: 0 items
2025-05-22 02:45:34,922 - P17020 - INFO - Após processar URL 3 Uso de memória: 132.45 MB
2025-05-22 02:45:34,922 - P17020 - INFO - Processando URL 4/9: https://www.vriconsulting.com.br/empresa.php?cnpj=52947002000196
2025-05-22 02:45:39,683 - P17020 - INFO - HTML salvo para debug: data\debug_html_v10\0efbb14bc62ddbab4af01b28b0b881e9.html
2025-05-22 02:45:39,771 - P17020 - INFO - Candidates address: 1 items
2025-05-22 02:45:39,771 - P17020 - INFO - Candidates phone: 0 items
2025-05-22 02:45:39,771 - P17020 - INFO - Candidates email: 3 items
2025-05-22 02:45:39,772 - P17020 - INFO - Candidates complement: 2 items
2025-05-22 02:45:39,772 - P17020 - INFO - Candidates cep: 1 items
2025-05-22 02:45:39,772 - P17020 - INFO - Após processar URL 4 Uso de memória: 127.37 MB
2025-05-22 02:45:39,772 - P17020 - INFO - Processando URL 5/9: https://joacaba.sc.gov.br/uploads/sites/89/2023/02/Relatorio-Dezembro.pdf
2025-05-22 02:45:39,772 - P17020 - INFO - Ignorando URL de arquivo não-HTML: https://joacaba.sc.gov.br/uploads/sites/89/2023/02/Relatorio-Dezembro.pdf
2025-05-22 02:45:39,772 - P17020 - INFO - Após processar URL 5 Uso de memória: 127.37 MB
2025-05-22 02:45:39,773 - P17020 - INFO - Processando URL 6/9: https://www.econodata.com.br/consulta-empresa/52947002000196-BODY-HEALTHY-LTDA
2025-05-22 02:45:44,655 - P17020 - INFO - HTML salvo para debug: data\debug_html_v10\dea1f9e82162ea29350bdeda6d254870.html
2025-05-22 02:45:44,781 - P17020 - INFO - Candidates address: 23 items
2025-05-22 02:45:44,781 - P17020 - INFO - Candidates phone: 0 items
2025-05-22 02:45:44,782 - P17020 - INFO - Candidates email: 0 items
2025-05-22 02:45:44,782 - P17020 - INFO - Candidates complement: 3 items
2025-05-22 02:45:44,782 - P17020 - INFO - Candidates cep: 1 items
2025-05-22 02:45:44,782 - P17020 - INFO - Após processar URL 6 Uso de memória: 131.92 MB
2025-05-22 02:45:44,783 - P17020 - INFO - Processando URL 7/9: https://www.boaconsulta.com/especialista/priscila-balsan-kophal-61062b92a2e00a12db000c41
2025-05-22 02:45:47,651 - P17020 - INFO - HTML salvo para debug: data\debug_html_v10\f7944f7bb5cb3c4a33d0c71a30bc74e4.html
2025-05-22 02:45:47,717 - P17020 - INFO - Candidates address: 2 items
2025-05-22 02:45:47,717 - P17020 - INFO - Candidates phone: 0 items
2025-05-22 02:45:47,717 - P17020 - INFO - Candidates email: 0 items
2025-05-22 02:45:47,717 - P17020 - INFO - Candidates complement: 0 items
2025-05-22 02:45:47,718 - P17020 - INFO - Candidates cep: 0 items
2025-05-22 02:45:47,718 - P17020 - INFO - Após processar URL 7 Uso de memória: 131.37 MB
2025-05-22 02:45:47,718 - P17020 - INFO - Processando URL 8/9: https://cnpj.biz/52947002000196
2025-05-22 02:45:52,153 - P17020 - INFO - HTML salvo para debug: data\debug_html_v10\f5da3e5c38b784c736707b0b1bc2cbcd.html
2025-05-22 02:45:52,173 - P17020 - INFO - Candidates address: 2 items
2025-05-22 02:45:52,173 - P17020 - INFO - Candidates phone: 1 items
2025-05-22 02:45:52,173 - P17020 - INFO - Candidates email: 1 items
2025-05-22 02:45:52,173 - P17020 - INFO - Candidates complement: 1 items
2025-05-22 02:45:52,173 - P17020 - INFO - Candidates cep: 3 items
2025-05-22 02:45:52,173 - P17020 - INFO - Após processar URL 8 Uso de memória: 131.46 MB
2025-05-22 02:45:52,174 - P17020 - INFO - Processando URL 9/9: https://www.medicosbrasil.com/profissional/priscila-balsan-kophal
2025-05-22 02:45:54,365 - P17020 - INFO - HTML salvo para debug: data\debug_html_v10\d05b6ee56f31064075ee495d98bce8a3.html
2025-05-22 02:45:54,372 - P17020 - INFO - Candidates address: 0 items
2025-05-22 02:45:54,372 - P17020 - INFO - Candidates phone: 0 items
2025-05-22 02:45:54,373 - P17020 - INFO - Candidates email: 0 items
2025-05-22 02:45:54,373 - P17020 - INFO - Candidates complement: 0 items
2025-05-22 02:45:54,373 - P17020 - INFO - Candidates cep: 0 items
2025-05-22 02:45:54,373 - P17020 - INFO - Após processar URL 9 Uso de memória: 131.48 MB
2025-05-22 02:45:54,375 - P17020 - INFO - Iniciando agregação e ranqueamento
2025-05-22 02:45:54,376 - P17020 - INFO - Ranked address: 26 items
2025-05-22 02:45:54,380 - P17020 - INFO - Ranked phone: 1 items
2025-05-22 02:45:54,380 - P17020 - INFO - Ranked email: 3 items
2025-05-22 02:45:54,382 - P17020 - INFO - Ranked complement: 6 items
2025-05-22 02:45:54,387 - P17020 - INFO - Ranked cep: 4 items
2025-05-22 02:45:54,389 - P17020 - INFO - Após agregação Uso de memória: 131.48 MB
2025-05-22 02:45:54,392 - P17020 - INFO - Validando endereço: ['Avenida Barao do Rio Branco, 104', 'Rua Abelardo Manoel Peixer, 160', 'Rua Maria da Costa Bezerra, 536']
2025-05-22 02:45:54,393 - P17020 - INFO - Endereço validado: Avenida Barao do Rio Branco, 104
2025-05-22 02:45:54,393 - P17020 - INFO - Limpando texto extenso para campo address: Avenida Barao do Rio Branco, 104...
2025-05-22 02:45:54,394 - P17020 - INFO - Texto limpo: Avenida Barao do Rio Branco, 104
2025-05-22 02:45:54,394 - P17020 - INFO - Validando telefone: ['(11) 99148-4737']
2025-05-22 02:45:54,394 - P17020 - INFO - Limpando texto extenso para campo phone: (11) 99148-4737...
2025-05-22 02:45:54,394 - P17020 - INFO - Texto limpo: 11) 99148-4737
2025-05-22 02:45:54,395 - P17020 - INFO - Telefone validado: 11) 99148-4737
2025-05-22 02:45:54,399 - P17020 - INFO - Validando email: ['marciele.leite2023@gmail.com', 'contato@vriConsulting.com.br', 'contato@vriconsulting.com.br']
2025-05-22 02:45:54,408 - P17020 - INFO - Limpando texto extenso para campo email: marciele.leite2023@gmail.com...
2025-05-22 02:45:54,412 - P17020 - INFO - Texto limpo: marciele.leite2023@gmail.com
2025-05-22 02:45:54,415 - P17020 - INFO - Email validado: marciele.leite2023@gmail.com
2025-05-22 02:45:54,422 - P17020 - INFO - Validando complemento: ['Sala  1103                Edif  Comer. Prime Offices  ', 'Blocos e Registros\t\t\t\t\t\t\t\t\t\t ', 'Sala  1103                Edif  Comer. Prime Offices -']
2025-05-22 02:45:54,423 - P17020 - INFO - Limpando texto extenso para campo complement: Sala  1103                Edif  Comer. Prime Offic...
2025-05-22 02:45:54,433 - P17020 - INFO - Texto limpo: Sala 1103 Edif
2025-05-22 02:45:54,439 - P17020 - INFO - Complemento validado: Sala 1103 Edif
2025-05-22 02:45:54,441 - P17020 - INFO - Descobrindo cidade
2025-05-22 02:45:54,443 - P17020 - INFO - Buscando cidade: Avenida Barao do Rio Branco cidade SC
2025-05-22 02:45:57,436 - P17020 - WARNING - Cidade não encontrada
2025-05-22 02:45:57,436 - P17020 - INFO - Cidade descoberta: 
2025-05-22 02:45:57,437 - P17020 - INFO - Tempo de execução de processamento completo do médico: 37.26 segundos
2025-05-22 02:45:57,438 - P17020 - INFO - Resultado processado: {'Hash': '2bc0ea9455e1452963c600d6aef77f7c10d1db3290c25f6f12a73897b946d337', 'CRM': '25274', 'UF': 'SC', 'Firstname': 'PRISCILA', 'LastName': 'BALSAN KOPHAL', 'Medical specialty': '', 'Endereco Completo A1': 'Avenida Barao do Rio Branco, 104', 'Address A1': 'Avenida Barao do Rio Branco', 'Numero A1': '104', 'Complement A1': 'Sala 1103 Edif', 'Bairro A1': '', 'postal code A1': '', 'City A1': '', 'State A1': '', 'Phone A1': '11) 99148-4737', 'Phone A2': '', 'Cell phone A1': '', 'Cell phone A2': '', 'E-mail A1': 'marciele.leite2023@gmail.com', 'E-mail A2': '', 'OPT-IN': '', 'STATUS': '', 'LOTE': ''}
2025-05-22 02:45:57,438 - P17020 - INFO - Salvando lote de resultados
2025-05-22 02:45:57,439 - P17020 - INFO - Após salvar resultados Uso de memória: 126.25 MB
2025-05-22 02:45:57,439 - P17020 - INFO - Progresso: 33.4%
2025-05-22 02:45:57,439 - P17020 - INFO - Tempo de execução de processamento do médico 3: 37.26 segundos
2025-05-22 02:45:57,440 - P17020 - INFO - Tempo de execução de processamento do lote completo: 138.74 segundos
