2025-05-21 22:06:40,953 - P15600 - INFO - 
==================================================
Processando médico 1/2
2025-05-21 22:06:40,954 - P15600 - INFO - Nome: IGOR GABRIEL MAIA MENDANHA AMARAL
2025-05-21 22:06:40,954 - P15600 - INFO - Reiniciando driver do Chrome
2025-05-21 22:06:42,583 - P15600 - INFO - Após reiniciar driver Uso de memória: 38.73 MB
2025-05-21 22:06:42,587 - P15600 - INFO - Início do processamento Uso de memória: 38.74 MB
2025-05-21 22:06:42,587 - P15600 - INFO - Iniciando busca para: IGOR GABRIEL MAIA MENDANHA AMARAL CRM 209301 SP telefone e-mail endereço
2025-05-21 22:06:43,858 - P15600 - INFO - SearX results: 12 URLs
2025-05-21 22:06:43,859 - P15600 - INFO - Após SearX Uso de memória: 38.80 MB
2025-05-21 22:06:47,078 - P15600 - INFO - Google results: 3 URLs
2025-05-21 22:06:47,079 - P15600 - INFO - Após Google Uso de memória: 41.11 MB
2025-05-21 22:06:49,596 - P15600 - INFO - Bing results: 9 URLs
2025-05-21 22:06:49,596 - P15600 - INFO - Após Bing Uso de memória: 42.64 MB
2025-05-21 22:06:49,597 - P15600 - INFO - Total de URLs únicas: 14
2025-05-21 22:06:49,597 - P15600 - INFO - Processando URL 1/14: https://agendarconsulta.com/perfil/dr-igor-gabriel-maia-mendanha-amaral-1670374242
2025-05-21 22:06:55,580 - P15600 - INFO - HTML salvo para debug: data\debug_html_v10\e77f24cd06aef03fb5d2021138d8c151.html
2025-05-21 22:06:55,615 - P15600 - INFO - Candidates address: 0 items
2025-05-21 22:06:55,616 - P15600 - INFO - Candidates phone: 1 items
2025-05-21 22:06:55,616 - P15600 - INFO - Candidates email: 1 items
2025-05-21 22:06:55,616 - P15600 - INFO - Candidates complement: 0 items
2025-05-21 22:06:55,617 - P15600 - INFO - Candidates cep: 2 items
2025-05-21 22:06:55,617 - P15600 - INFO - Após processar URL 1 Uso de memória: 44.28 MB
2025-05-21 22:06:55,617 - P15600 - INFO - Processando URL 2/14: https://www.econodata.com.br/consulta-empresa/37754127000106-IGOR-GABRIEL-MAIA-MENDANHA-AMARAL
2025-05-21 22:07:00,654 - P15600 - INFO - HTML salvo para debug: data\debug_html_v10\8f0135fa3807bcf1fa10f15bef565112.html
2025-05-21 22:07:00,813 - P15600 - INFO - Candidates address: 23 items
2025-05-21 22:07:00,813 - P15600 - INFO - Candidates phone: 0 items
2025-05-21 22:07:00,813 - P15600 - INFO - Candidates email: 0 items
2025-05-21 22:07:00,813 - P15600 - INFO - Candidates complement: 2 items
2025-05-21 22:07:00,813 - P15600 - INFO - Candidates cep: 1 items
2025-05-21 22:07:00,813 - P15600 - INFO - Após processar URL 2 Uso de memória: 48.00 MB
2025-05-21 22:07:00,814 - P15600 - INFO - Processando URL 3/14: https://www.boaconsulta.com/especialista/igor-gabriel-maia-mendanha-amaral-6106d866a2e00a69990041c4
2025-05-21 22:07:05,045 - P15600 - INFO - HTML salvo para debug: data\debug_html_v10\d08d03e19fd44f60e06483e34411aded.html
2025-05-21 22:07:05,119 - P15600 - INFO - Candidates address: 15 items
2025-05-21 22:07:05,119 - P15600 - INFO - Candidates phone: 0 items
2025-05-21 22:07:05,119 - P15600 - INFO - Candidates email: 0 items
2025-05-21 22:07:05,119 - P15600 - INFO - Candidates complement: 0 items
2025-05-21 22:07:05,119 - P15600 - INFO - Candidates cep: 0 items
2025-05-21 22:07:05,120 - P15600 - INFO - Após processar URL 3 Uso de memória: 51.59 MB
2025-05-21 22:07:05,120 - P15600 - INFO - Processando URL 4/14: https://www.solutudo.com.br/empresas/sp/s-caetano-sul/clinica-medica-ou-medicina-interna/igor-gabriel-maia-mendanha-amaral-24257845
2025-05-21 22:07:10,193 - P15600 - INFO - HTML salvo para debug: data\debug_html_v10\0acfb537367650a762414aef84bed859.html
2025-05-21 22:07:10,235 - P15600 - INFO - Candidates address: 1 items
2025-05-21 22:07:10,236 - P15600 - INFO - Candidates phone: 1 items
2025-05-21 22:07:10,236 - P15600 - INFO - Candidates email: 1 items
2025-05-21 22:07:10,236 - P15600 - INFO - Candidates complement: 0 items
2025-05-21 22:07:10,236 - P15600 - INFO - Candidates cep: 1 items
2025-05-21 22:07:10,236 - P15600 - INFO - Após processar URL 4 Uso de memória: 51.79 MB
2025-05-21 22:07:10,236 - P15600 - INFO - Processando URL 5/14: https://cnpj.biz/37754127000106
2025-05-21 22:07:15,619 - P15600 - INFO - HTML salvo para debug: data\debug_html_v10\b460632d5b9fdde885f0b89c11054d77.html
2025-05-21 22:07:15,636 - P15600 - INFO - Candidates address: 2 items
2025-05-21 22:07:15,636 - P15600 - INFO - Candidates phone: 1 items
2025-05-21 22:07:15,636 - P15600 - INFO - Candidates email: 1 items
2025-05-21 22:07:15,637 - P15600 - INFO - Candidates complement: 2 items
2025-05-21 22:07:15,637 - P15600 - INFO - Candidates cep: 2 items
2025-05-21 22:07:15,637 - P15600 - INFO - Após processar URL 5 Uso de memória: 52.78 MB
2025-05-21 22:07:15,638 - P15600 - INFO - Processando URL 6/14: https://agendarconsulta.com/perfil/dr-igor-gabriel-maia-mendanha-amaral-1670374242#:~:text=Para%20agendamentos%20presenciais%20e%20outros%20hor%C3%A1rios%20livres%2C%20entre,na%20Alameda%20Terracota%2C%20185%2C%20S%C3%A3o%20Caetano%20do%20Sul
2025-05-21 22:07:19,155 - P15600 - INFO - HTML salvo para debug: data\debug_html_v10\cea6464c04ab6c87a4d6eed45534bd5a.html
2025-05-21 22:07:19,210 - P15600 - INFO - Candidates address: 0 items
2025-05-21 22:07:19,211 - P15600 - INFO - Candidates phone: 1 items
2025-05-21 22:07:19,211 - P15600 - INFO - Candidates email: 1 items
2025-05-21 22:07:19,211 - P15600 - INFO - Candidates complement: 0 items
2025-05-21 22:07:19,211 - P15600 - INFO - Candidates cep: 2 items
2025-05-21 22:07:19,212 - P15600 - INFO - Após processar URL 6 Uso de memória: 54.42 MB
2025-05-21 22:07:19,213 - P15600 - INFO - Processando URL 7/14: https://www.medicosbrasil.com/profissional/igor-gabriel-maia-mendanha-amaral
2025-05-21 22:07:22,923 - P15600 - INFO - HTML salvo para debug: data\debug_html_v10\4c60bb679f30b49ad7997bad0a3af606.html
2025-05-21 22:07:22,947 - P15600 - INFO - Candidates address: 0 items
2025-05-21 22:07:22,948 - P15600 - INFO - Candidates phone: 0 items
2025-05-21 22:07:22,948 - P15600 - INFO - Candidates email: 0 items
2025-05-21 22:07:22,948 - P15600 - INFO - Candidates complement: 0 items
2025-05-21 22:07:22,948 - P15600 - INFO - Candidates cep: 0 items
2025-05-21 22:07:22,948 - P15600 - INFO - Após processar URL 7 Uso de memória: 55.12 MB
2025-05-21 22:07:22,949 - P15600 - INFO - Processando URL 8/14: https://www.informecadastral.com.br/cnpj/igor-gabriel-maia-mendanha-amaral-37754127000106
2025-05-21 22:07:26,528 - P15600 - INFO - HTML salvo para debug: data\debug_html_v10\f55d34df06f39a76eff77534f5b85adb.html
2025-05-21 22:07:26,550 - P15600 - INFO - Candidates address: 1 items
2025-05-21 22:07:26,551 - P15600 - INFO - Candidates phone: 2 items
2025-05-21 22:07:26,552 - P15600 - INFO - Candidates email: 1 items
2025-05-21 22:07:26,552 - P15600 - INFO - Candidates complement: 0 items
2025-05-21 22:07:26,552 - P15600 - INFO - Candidates cep: 3 items
2025-05-21 22:07:26,552 - P15600 - INFO - Após processar URL 8 Uso de memória: 54.15 MB
2025-05-21 22:07:26,553 - P15600 - INFO - Processando URL 9/14: https://www.passeidireto.com/arquivo/109815622/guia-medico-referencia-2019
2025-05-21 22:07:30,166 - P15600 - INFO - HTML salvo para debug: data\debug_html_v10\b678a7e1e2d052b9788da1e646babb02.html
2025-05-21 22:07:30,395 - P15600 - INFO - Candidates address: 510 items
2025-05-21 22:07:30,395 - P15600 - INFO - Candidates phone: 5 items
2025-05-21 22:07:30,395 - P15600 - INFO - Candidates email: 1 items
2025-05-21 22:07:30,396 - P15600 - INFO - Candidates complement: 0 items
2025-05-21 22:07:30,396 - P15600 - INFO - Candidates cep: 590 items
2025-05-21 22:07:30,396 - P15600 - INFO - Após processar URL 9 Uso de memória: 73.71 MB
2025-05-21 22:07:30,396 - P15600 - INFO - Processando URL 10/14: https://guiamedico.cremesp.org.br/
2025-05-21 22:07:33,863 - P15600 - INFO - HTML salvo para debug: data\debug_html_v10\7c54969580769b63edd9abaa952e1fa2.html
2025-05-21 22:07:33,870 - P15600 - INFO - Candidates address: 1 items
2025-05-21 22:07:33,870 - P15600 - INFO - Candidates phone: 1 items
2025-05-21 22:07:33,871 - P15600 - INFO - Candidates email: 0 items
2025-05-21 22:07:33,871 - P15600 - INFO - Candidates complement: 0 items
2025-05-21 22:07:33,871 - P15600 - INFO - Candidates cep: 1 items
2025-05-21 22:07:33,871 - P15600 - INFO - Após processar URL 10 Uso de memória: 64.02 MB
2025-05-21 22:07:33,871 - P15600 - INFO - Processando URL 11/14: https://guiasaudebrasil.com.br/profissional/9bbdf63f6a5daa78-igor-gabriel-maia-mendanha-amaral
2025-05-21 22:07:38,601 - P15600 - INFO - HTML salvo para debug: data\debug_html_v10\eaaef15d0520422c84b73369149e3039.html
2025-05-21 22:07:38,612 - P15600 - INFO - Candidates address: 0 items
2025-05-21 22:07:38,612 - P15600 - INFO - Candidates phone: 0 items
2025-05-21 22:07:38,613 - P15600 - INFO - Candidates email: 0 items
2025-05-21 22:07:38,613 - P15600 - INFO - Candidates complement: 0 items
2025-05-21 22:07:38,613 - P15600 - INFO - Candidates cep: 1 items
2025-05-21 22:07:38,613 - P15600 - INFO - Após processar URL 11 Uso de memória: 64.58 MB
2025-05-21 22:07:38,613 - P15600 - INFO - Processando URL 12/14: https://consultacrm.com.br/
2025-05-21 22:07:42,775 - P15600 - INFO - HTML salvo para debug: data\debug_html_v10\65cadeb91ac3713432c21b535990f440.html
2025-05-21 22:07:42,785 - P15600 - INFO - Candidates address: 0 items
2025-05-21 22:07:42,786 - P15600 - INFO - Candidates phone: 0 items
2025-05-21 22:07:42,786 - P15600 - INFO - Candidates email: 0 items
2025-05-21 22:07:42,786 - P15600 - INFO - Candidates complement: 0 items
2025-05-21 22:07:42,786 - P15600 - INFO - Candidates cep: 0 items
2025-05-21 22:07:42,786 - P15600 - INFO - Após processar URL 12 Uso de memória: 64.59 MB
2025-05-21 22:07:42,786 - P15600 - INFO - Processando URL 13/14: https://www.doctoralia.com.br/servicos-de-tratamento/consulta-psiquiatria/sao-caetano-do-sul
2025-05-21 22:07:42,787 - P15600 - INFO - Ignorando URL de arquivo não-HTML: https://www.doctoralia.com.br/servicos-de-tratamento/consulta-psiquiatria/sao-caetano-do-sul
2025-05-21 22:07:42,787 - P15600 - INFO - Após processar URL 13 Uso de memória: 64.59 MB
2025-05-21 22:07:42,787 - P15600 - INFO - Processando URL 14/14: https://cliniguia.com/profissionais/igor-gabriel-maia-mendanha-amaral-704209221616180/
2025-05-21 22:07:49,800 - P15600 - INFO - HTML salvo para debug: data\debug_html_v10\53d4762735757bbd85d7ce6a37b21aa9.html
2025-05-21 22:07:49,846 - P15600 - INFO - Candidates address: 0 items
2025-05-21 22:07:49,846 - P15600 - INFO - Candidates phone: 0 items
2025-05-21 22:07:49,846 - P15600 - INFO - Candidates email: 0 items
2025-05-21 22:07:49,847 - P15600 - INFO - Candidates complement: 0 items
2025-05-21 22:07:49,847 - P15600 - INFO - Candidates cep: 0 items
2025-05-21 22:07:49,847 - P15600 - INFO - Após processar URL 14 Uso de memória: 66.55 MB
2025-05-21 22:07:49,847 - P15600 - INFO - Iniciando agregação e ranqueamento
2025-05-21 22:07:49,847 - P15600 - INFO - Ranked address: 551 items
2025-05-21 22:07:49,847 - P15600 - INFO - Ranked phone: 9 items
2025-05-21 22:07:49,848 - P15600 - INFO - Ranked email: 4 items
2025-05-21 22:07:49,848 - P15600 - INFO - Ranked complement: 4 items
2025-05-21 22:07:49,848 - P15600 - INFO - Ranked cep: 598 items
2025-05-21 22:07:49,848 - P15600 - INFO - Após agregação Uso de memória: 66.60 MB
2025-05-21 22:07:49,848 - P15600 - INFO - Validando endereço: ['Rua Perrella, 331', 'Rua das Nacoes, 401', 'Rua Jose Roberto de Oliveira, 93']
2025-05-21 22:07:49,849 - P15600 - INFO - Endereço validado: Rua Perrella, 331
2025-05-21 22:07:49,849 - P15600 - INFO - Limpando texto extenso para campo address: Rua Perrella, 331...
2025-05-21 22:07:49,849 - P15600 - INFO - Texto limpo: Rua Perrella, 331
2025-05-21 22:07:49,850 - P15600 - INFO - Validando telefone: ['(11) 4386-1349', '(11) 91437-1634', '(32) 99195-6532']
2025-05-21 22:07:49,850 - P15600 - INFO - Limpando texto extenso para campo phone: (11) 4386-1349...
2025-05-21 22:07:49,851 - P15600 - INFO - Texto limpo: 11) 4386-1349
2025-05-21 22:07:49,851 - P15600 - INFO - Telefone validado: 11) 4386-1349
2025-05-21 22:07:49,851 - P15600 - INFO - Validando email: ['dr.igoramaral@icloud.com', 'jdribeirojr@hotmail.com', 'r@hotmail.com']
2025-05-21 22:07:49,851 - P15600 - INFO - Limpando texto extenso para campo email: dr.igoramaral@icloud.com...
2025-05-21 22:07:49,852 - P15600 - INFO - Texto limpo: dr.igoramaral@icloud.com
2025-05-21 22:07:49,852 - P15600 - INFO - Email validado: dr.igoramaral@icloud.com
2025-05-21 22:07:49,852 - P15600 - INFO - Validando complemento: ['Apt 1210 Bairro: Fundacao Município/UF: São Caetano d', 'Apt 1210 - Fundacao', 'Apt   1210  Clique para copiar    Bairro:  Fundacao  ']
2025-05-21 22:07:49,852 - P15600 - INFO - Limpando texto extenso para campo complement: Apt 1210 Bairro: Fundacao Município/UF: São Caetan...
2025-05-21 22:07:49,853 - P15600 - INFO - Texto limpo: Apt 1210 Bairro: Fundacao Muni
2025-05-21 22:07:49,853 - P15600 - INFO - Complemento validado: Apt 1210 Bairro: Fundacao Muni
2025-05-21 22:07:49,853 - P15600 - INFO - Descobrindo cidade
2025-05-21 22:07:49,853 - P15600 - INFO - Buscando cidade: Rua Perrella cidade SP
2025-05-21 22:07:52,869 - P15600 - WARNING - Cidade não encontrada
2025-05-21 22:07:52,870 - P15600 - INFO - Cidade descoberta: 
2025-05-21 22:07:52,870 - P15600 - INFO - Tempo de execução de processamento completo do médico: 70.28 segundos
2025-05-21 22:07:52,871 - P15600 - INFO - Resultado processado: {'CRM': '209301', 'UF': 'SP', 'Firstname': 'IGOR', 'LastName': 'GABRIEL MAIA MENDANHA AMARAL', 'Medical specialty': '', 'Endereco Completo A1': 'Rua Perrella, 331', 'Address A1': 'Rua Perrella', 'Numero A1': '331', 'Complement A1': 'Apt 1210 Bairro: Fundacao Muni', 'Bairro A1': '', 'postal code A1': '', 'City A1': '', 'State A1': '', 'Phone A1': '11) 4386-1349', 'Phone A2': '', 'Cell phone A1': '', 'Cell phone A2': '', 'E-mail A1': 'dr.igoramaral@icloud.com', 'E-mail A2': '', 'OPT-IN': '', 'STATUS': '', 'LOTE': ''}
2025-05-21 22:07:52,872 - P15600 - INFO - Progresso: 40.0%
2025-05-21 22:07:52,872 - P15600 - INFO - Executando coleta de lixo
2025-05-21 22:07:52,914 - P15600 - INFO - Após coleta de lixo Uso de memória: 53.99 MB
2025-05-21 22:07:52,914 - P15600 - INFO - Tempo de execução de processamento do médico 1: 71.96 segundos
2025-05-21 22:07:52,915 - P15600 - INFO - 
==================================================
Processando médico 2/2
2025-05-21 22:07:52,916 - P15600 - INFO - Nome: DJALMA MICHELE SILVA
2025-05-21 22:07:52,917 - P15600 - INFO - Início do processamento Uso de memória: 53.99 MB
2025-05-21 22:07:52,917 - P15600 - INFO - Iniciando busca para: DJALMA MICHELE SILVA CRM 16400 PR telefone e-mail endereço
2025-05-21 22:07:53,509 - P15600 - INFO - SearX results: 15 URLs
2025-05-21 22:07:53,510 - P15600 - INFO - Após SearX Uso de memória: 54.03 MB
2025-05-21 22:07:56,988 - P15600 - INFO - Google results: 8 URLs
2025-05-21 22:07:56,990 - P15600 - INFO - Após Google Uso de memória: 60.33 MB
2025-05-21 22:08:00,210 - P15600 - INFO - Bing results: 9 URLs
2025-05-21 22:08:00,211 - P15600 - INFO - Após Bing Uso de memória: 59.93 MB
2025-05-21 22:08:00,211 - P15600 - INFO - Total de URLs únicas: 20
2025-05-21 22:08:00,211 - P15600 - INFO - Processando URL 1/20: https://acervo.arquivopublico.sc.gov.br/uploads/r/arquivo-publico-do-estado-de-santa-catarina-apesc/4/e/f/4efe2185612f8204803b13c273fd705d499f79fa8463504209359a6580c1e1cf/bea14883-5ad4-4eac-8b2a-01df25e85310-14597-DOE_18730_13_11_2009_48F.pdf
2025-05-21 22:08:00,211 - P15600 - INFO - Ignorando URL de arquivo não-HTML: https://acervo.arquivopublico.sc.gov.br/uploads/r/arquivo-publico-do-estado-de-santa-catarina-apesc/4/e/f/4efe2185612f8204803b13c273fd705d499f79fa8463504209359a6580c1e1cf/bea14883-5ad4-4eac-8b2a-01df25e85310-14597-DOE_18730_13_11_2009_48F.pdf
2025-05-21 22:08:00,212 - P15600 - INFO - Após processar URL 1 Uso de memória: 59.93 MB
2025-05-21 22:08:00,212 - P15600 - INFO - Processando URL 2/20: https://r4cempresarial.com.br/wp-content/uploads/2020/09/Clealco-5.-Plano-de-Recuperacao-Judicial.pdf
2025-05-21 22:08:00,212 - P15600 - INFO - Ignorando URL de arquivo não-HTML: https://r4cempresarial.com.br/wp-content/uploads/2020/09/Clealco-5.-Plano-de-Recuperacao-Judicial.pdf
2025-05-21 22:08:00,308 - P15600 - INFO - Após processar URL 2 Uso de memória: 59.93 MB
2025-05-21 22:08:00,308 - P15600 - INFO - Processando URL 3/20: https://www.crmpr.org.br/atualiza/listar.php/1000
2025-05-21 22:08:03,793 - P15600 - INFO - HTML salvo para debug: data\debug_html_v10\ef9ecbfd4e4ebf12f11d844e151b4f0b.html
2025-05-21 22:08:03,972 - P15600 - INFO - Candidates address: 0 items
2025-05-21 22:08:03,973 - P15600 - INFO - Candidates phone: 1 items
2025-05-21 22:08:03,973 - P15600 - INFO - Candidates email: 1 items
2025-05-21 22:08:03,973 - P15600 - INFO - Candidates complement: 0 items
2025-05-21 22:08:03,973 - P15600 - INFO - Candidates cep: 0 items
2025-05-21 22:08:03,974 - P15600 - INFO - Após processar URL 3 Uso de memória: 61.11 MB
2025-05-21 22:08:03,974 - P15600 - INFO - Processando URL 4/20: https://www.saobernardo.sp.gov.br/documents/10181/865801/NM+2089+de+01.11.2019+-+Conteu%CC%81do+Integral.pdf/4c18634b-aab2-0161-dc2a-b4e3a21f1c84
2025-05-21 22:08:03,974 - P15600 - INFO - Ignorando URL de arquivo não-HTML: https://www.saobernardo.sp.gov.br/documents/10181/865801/NM+2089+de+01.11.2019+-+Conteu%CC%81do+Integral.pdf/4c18634b-aab2-0161-dc2a-b4e3a21f1c84
2025-05-21 22:08:03,974 - P15600 - INFO - Após processar URL 4 Uso de memória: 61.11 MB
2025-05-21 22:08:03,974 - P15600 - INFO - Processando URL 5/20: https://sistemas.trf1.jus.br/edj/bitstream/handle/123/218612/Caderno_JUD_DF_2017-04-10_IX_64.pdf?sequence=2&isAllowed=y
2025-05-21 22:08:03,975 - P15600 - INFO - Ignorando URL de arquivo não-HTML: https://sistemas.trf1.jus.br/edj/bitstream/handle/123/218612/Caderno_JUD_DF_2017-04-10_IX_64.pdf?sequence=2&isAllowed=y
2025-05-21 22:08:03,975 - P15600 - INFO - Após processar URL 5 Uso de memória: 61.11 MB
2025-05-21 22:08:03,975 - P15600 - INFO - Processando URL 6/20: https://bkpsitecpsnew.blob.core.windows.net/uploadsitecps/sites/3/2021/06/PREGAO-036-2021-REGISTRO-PARA-FORNECIMENTO-DE-LIVROS.pdf
2025-05-21 22:08:03,976 - P15600 - INFO - Ignorando URL de arquivo não-HTML: https://bkpsitecpsnew.blob.core.windows.net/uploadsitecps/sites/3/2021/06/PREGAO-036-2021-REGISTRO-PARA-FORNECIMENTO-DE-LIVROS.pdf
2025-05-21 22:08:03,976 - P15600 - INFO - Após processar URL 6 Uso de memória: 61.11 MB
2025-05-21 22:08:03,976 - P15600 - INFO - Processando URL 7/20: https://www.medicosbrasil.com/profissional/djalma-michele-silva
2025-05-21 22:08:06,257 - P15600 - INFO - HTML salvo para debug: data\debug_html_v10\d4732d190edf8c8ad74a8fff1ea4bbce.html
2025-05-21 22:08:06,260 - P15600 - INFO - Candidates address: 0 items
2025-05-21 22:08:06,260 - P15600 - INFO - Candidates phone: 0 items
2025-05-21 22:08:06,260 - P15600 - INFO - Candidates email: 0 items
2025-05-21 22:08:06,260 - P15600 - INFO - Candidates complement: 0 items
2025-05-21 22:08:06,261 - P15600 - INFO - Candidates cep: 0 items
2025-05-21 22:08:06,261 - P15600 - INFO - Após processar URL 7 Uso de memória: 61.22 MB
2025-05-21 22:08:06,262 - P15600 - INFO - Processando URL 8/20: https://www.crmpr.org.br/A-homenagem-aos-profissionais-que-sao-exemplos-eticos-da-Medicina-11-57963.shtml
2025-05-21 22:08:09,613 - P15600 - INFO - HTML salvo para debug: data\debug_html_v10\907d3cc1e972e77380a33dc9625ed6e4.html
2025-05-21 22:08:09,646 - P15600 - INFO - Candidates address: 1 items
2025-05-21 22:08:09,646 - P15600 - INFO - Candidates phone: 1 items
2025-05-21 22:08:09,646 - P15600 - INFO - Candidates email: 1 items
2025-05-21 22:08:09,647 - P15600 - INFO - Candidates complement: 0 items
2025-05-21 22:08:09,647 - P15600 - INFO - Candidates cep: 1 items
2025-05-21 22:08:09,647 - P15600 - INFO - Após processar URL 8 Uso de memória: 61.43 MB
2025-05-21 22:08:09,647 - P15600 - INFO - Processando URL 9/20: https://www.doctoralia.com.br/djalma-michele-silva/generalista-medico-perito/curitiba
2025-05-21 22:08:09,647 - P15600 - INFO - Ignorando URL de arquivo não-HTML: https://www.doctoralia.com.br/djalma-michele-silva/generalista-medico-perito/curitiba
2025-05-21 22:08:09,648 - P15600 - INFO - Após processar URL 9 Uso de memória: 59.91 MB
2025-05-21 22:08:09,648 - P15600 - INFO - Processando URL 10/20: https://www.boaconsulta.com/especialistas/psiquiatras/palmas-pr
2025-05-21 22:08:12,593 - P15600 - INFO - HTML salvo para debug: data\debug_html_v10\d44a46ba6bbdd58c2aa57f92a4d6a922.html
2025-05-21 22:08:12,643 - P15600 - INFO - Candidates address: 5 items
2025-05-21 22:08:12,644 - P15600 - INFO - Candidates phone: 0 items
2025-05-21 22:08:12,644 - P15600 - INFO - Candidates email: 0 items
2025-05-21 22:08:12,644 - P15600 - INFO - Candidates complement: 0 items
2025-05-21 22:08:12,644 - P15600 - INFO - Candidates cep: 0 items
2025-05-21 22:08:12,644 - P15600 - INFO - Após processar URL 10 Uso de memória: 61.25 MB
2025-05-21 22:08:12,644 - P15600 - INFO - Processando URL 11/20: https://conectadoc.com.br/especialista/crm-16400-PR/djalma-michele-silva
2025-05-21 22:08:16,629 - P15600 - INFO - HTML salvo para debug: data\debug_html_v10\4644e38a0d3ab9031168887af692d871.html
2025-05-21 22:08:16,650 - P15600 - INFO - Candidates address: 0 items
2025-05-21 22:08:16,650 - P15600 - INFO - Candidates phone: 0 items
2025-05-21 22:08:16,650 - P15600 - INFO - Candidates email: 0 items
2025-05-21 22:08:16,651 - P15600 - INFO - Candidates complement: 0 items
2025-05-21 22:08:16,651 - P15600 - INFO - Candidates cep: 0 items
2025-05-21 22:08:16,651 - P15600 - INFO - Após processar URL 11 Uso de memória: 60.89 MB
2025-05-21 22:08:16,651 - P15600 - INFO - Processando URL 12/20: https://cliniguia.com/profissionais/djalma-michele-silva-204327722050002/
2025-05-21 22:08:22,041 - P15600 - INFO - HTML salvo para debug: data\debug_html_v10\c945ec01e9d8f7e5c19e92d266367462.html
2025-05-21 22:08:22,093 - P15600 - INFO - Candidates address: 0 items
2025-05-21 22:08:22,094 - P15600 - INFO - Candidates phone: 0 items
2025-05-21 22:08:22,094 - P15600 - INFO - Candidates email: 0 items
2025-05-21 22:08:22,094 - P15600 - INFO - Candidates complement: 0 items
2025-05-21 22:08:22,094 - P15600 - INFO - Candidates cep: 0 items
2025-05-21 22:08:22,095 - P15600 - INFO - Após processar URL 12 Uso de memória: 61.66 MB
2025-05-21 22:08:22,095 - P15600 - INFO - Processando URL 13/20: https://www.classemedica.com.br/medico/82395-djalma-michele-silva.htm
2025-05-21 22:08:52,111 - P15600 - ERROR - Erro ao baixar HTML de https://www.classemedica.com.br/medico/82395-djalma-michele-silva.htm: Message: timeout: Timed out receiving message from renderer: 29.923
  (Session info: chrome=136.0.7103.114)
Stacktrace:
	GetHandleVerifier [0x00007FF7CE3BCF45+75717]
	GetHandleVerifier [0x00007FF7CE3BCFA0+75808]
	(No symbol) [0x00007FF7CE188F9A]
	(No symbol) [0x00007FF7CE1764EC]
	(No symbol) [0x00007FF7CE1761DA]
	(No symbol) [0x00007FF7CE173E8A]
	(No symbol) [0x00007FF7CE17483F]
	(No symbol) [0x00007FF7CE1833AE]
	(No symbol) [0x00007FF7CE1997E1]
	(No symbol) [0x00007FF7CE1A091A]
	(No symbol) [0x00007FF7CE174FAD]
	(No symbol) [0x00007FF7CE1994D0]
	(No symbol) [0x00007FF7CE22F732]
	(No symbol) [0x00007FF7CE207153]
	(No symbol) [0x00007FF7CE1D0421]
	(No symbol) [0x00007FF7CE1D11B3]
	GetHandleVerifier [0x00007FF7CE6BD71D+3223453]
	GetHandleVerifier [0x00007FF7CE6B7CC2+3200322]
	GetHandleVerifier [0x00007FF7CE6D5AF3+3322739]
	GetHandleVerifier [0x00007FF7CE3D6A1A+180890]
	GetHandleVerifier [0x00007FF7CE3DE11F+211359]
	GetHandleVerifier [0x00007FF7CE3C5294+109332]
	GetHandleVerifier [0x00007FF7CE3C5442+109762]
	GetHandleVerifier [0x00007FF7CE3ABA59+4825]
	BaseThreadInitThunk [0x00007FF8385C7344+20]
	RtlUserThreadStart [0x00007FF839E226B1+33]

2025-05-21 22:08:52,118 - P15600 - INFO - Após processar URL 13 Uso de memória: 60.46 MB
2025-05-21 22:08:52,119 - P15600 - INFO - Processando URL 14/20: https://www.boaconsulta.com/especialista/djalma-michele-silva-6105743e40ebb50165000893
2025-05-21 22:08:55,211 - P15600 - INFO - HTML salvo para debug: data\debug_html_v10\d89f510412514d667d674e7f80fd2d93.html
2025-05-21 22:08:55,287 - P15600 - INFO - Candidates address: 1 items
2025-05-21 22:08:55,288 - P15600 - INFO - Candidates phone: 0 items
2025-05-21 22:08:55,288 - P15600 - INFO - Candidates email: 0 items
2025-05-21 22:08:55,288 - P15600 - INFO - Candidates complement: 0 items
2025-05-21 22:08:55,288 - P15600 - INFO - Candidates cep: 0 items
2025-05-21 22:08:55,290 - P15600 - INFO - Após processar URL 14 Uso de memória: 62.16 MB
2025-05-21 22:08:55,290 - P15600 - INFO - Processando URL 15/20: https://sistemadje.tjmt.jus.br/publicacoes/9476-2015.pdf
2025-05-21 22:08:55,290 - P15600 - INFO - Ignorando URL de arquivo não-HTML: https://sistemadje.tjmt.jus.br/publicacoes/9476-2015.pdf
2025-05-21 22:08:55,291 - P15600 - INFO - Após processar URL 15 Uso de memória: 60.72 MB
2025-05-21 22:08:55,291 - P15600 - INFO - Processando URL 16/20: https://www.zap.com/agendamento/psiquiatra
2025-05-21 22:08:55,821 - P15600 - ERROR - Erro ao baixar HTML de https://www.zap.com/agendamento/psiquiatra: Message: unknown error: net::ERR_NAME_NOT_RESOLVED
  (Session info: chrome=136.0.7103.114)
Stacktrace:
	GetHandleVerifier [0x00007FF7CE3BCF45+75717]
	GetHandleVerifier [0x00007FF7CE3BCFA0+75808]
	(No symbol) [0x00007FF7CE188F9A]
	(No symbol) [0x00007FF7CE1859F4]
	(No symbol) [0x00007FF7CE176789]
	(No symbol) [0x00007FF7CE1784F8]
	(No symbol) [0x00007FF7CE176A96]
	(No symbol) [0x00007FF7CE176516]
	(No symbol) [0x00007FF7CE1761DA]
	(No symbol) [0x00007FF7CE173E8A]
	(No symbol) [0x00007FF7CE17465C]
	(No symbol) [0x00007FF7CE18CF3A]
	(No symbol) [0x00007FF7CE23013E]
	(No symbol) [0x00007FF7CE20737A]
	(No symbol) [0x00007FF7CE22F39C]
	(No symbol) [0x00007FF7CE207153]
	(No symbol) [0x00007FF7CE1D0421]
	(No symbol) [0x00007FF7CE1D11B3]
	GetHandleVerifier [0x00007FF7CE6BD71D+3223453]
	GetHandleVerifier [0x00007FF7CE6B7CC2+3200322]
	GetHandleVerifier [0x00007FF7CE6D5AF3+3322739]
	GetHandleVerifier [0x00007FF7CE3D6A1A+180890]
	GetHandleVerifier [0x00007FF7CE3DE11F+211359]
	GetHandleVerifier [0x00007FF7CE3C5294+109332]
	GetHandleVerifier [0x00007FF7CE3C5442+109762]
	GetHandleVerifier [0x00007FF7CE3ABA59+4825]
	BaseThreadInitThunk [0x00007FF8385C7344+20]
	RtlUserThreadStart [0x00007FF839E226B1+33]

2025-05-21 22:08:55,825 - P15600 - INFO - Após processar URL 16 Uso de memória: 60.72 MB
2025-05-21 22:08:55,825 - P15600 - INFO - Processando URL 17/20: https://consultacrm.com.br/
2025-05-21 22:08:59,482 - P15600 - INFO - HTML salvo para debug: data\debug_html_v10\65cadeb91ac3713432c21b535990f440.html
2025-05-21 22:08:59,493 - P15600 - INFO - Candidates address: 0 items
2025-05-21 22:08:59,493 - P15600 - INFO - Candidates phone: 0 items
2025-05-21 22:08:59,494 - P15600 - INFO - Candidates email: 0 items
2025-05-21 22:08:59,494 - P15600 - INFO - Candidates complement: 0 items
2025-05-21 22:08:59,494 - P15600 - INFO - Candidates cep: 0 items
2025-05-21 22:08:59,494 - P15600 - INFO - Após processar URL 17 Uso de memória: 62.65 MB
2025-05-21 22:08:59,494 - P15600 - INFO - Processando URL 18/20: https://www.doctoralia.com.br/coronel-vivida
2025-05-21 22:08:59,494 - P15600 - INFO - Ignorando URL de arquivo não-HTML: https://www.doctoralia.com.br/coronel-vivida
2025-05-21 22:08:59,495 - P15600 - INFO - Após processar URL 18 Uso de memória: 60.93 MB
2025-05-21 22:08:59,495 - P15600 - INFO - Processando URL 19/20: https://www.doctoralia.com.br/medico-perito?page=12
2025-05-21 22:08:59,495 - P15600 - INFO - Ignorando URL de arquivo não-HTML: https://www.doctoralia.com.br/medico-perito?page=12
2025-05-21 22:08:59,495 - P15600 - INFO - Após processar URL 19 Uso de memória: 60.93 MB
2025-05-21 22:08:59,495 - P15600 - INFO - Processando URL 20/20: https://www.ioepa.com.br/pages/2010/2010.07.29.DOE.pdf
2025-05-21 22:08:59,495 - P15600 - INFO - Ignorando URL de arquivo não-HTML: https://www.ioepa.com.br/pages/2010/2010.07.29.DOE.pdf
2025-05-21 22:08:59,496 - P15600 - INFO - Após processar URL 20 Uso de memória: 60.93 MB
2025-05-21 22:08:59,496 - P15600 - INFO - Iniciando agregação e ranqueamento
2025-05-21 22:08:59,496 - P15600 - INFO - Ranked address: 6 items
2025-05-21 22:08:59,496 - P15600 - INFO - Ranked phone: 2 items
2025-05-21 22:08:59,496 - P15600 - INFO - Ranked email: 2 items
2025-05-21 22:08:59,496 - P15600 - INFO - Ranked complement: 0 items
2025-05-21 22:08:59,497 - P15600 - INFO - Ranked cep: 1 items
2025-05-21 22:08:59,497 - P15600 - INFO - Após agregação Uso de memória: 60.93 MB
2025-05-21 22:08:59,497 - P15600 - INFO - Validando endereço: ['Rua Dr Bernardo Ribeiro Vianna, 433', 'Rua Victório Viezzer, 84', 'Avenida Cel Jose Osorio, 466']
2025-05-21 22:08:59,497 - P15600 - INFO - Endereço validado: Rua Dr Bernardo Ribeiro Vianna, 433
2025-05-21 22:08:59,497 - P15600 - INFO - Limpando texto extenso para campo address: Rua Dr Bernardo Ribeiro Vianna, 433...
2025-05-21 22:08:59,497 - P15600 - INFO - Texto limpo: Rua Dr Bernardo Ribeiro Vianna, 433
2025-05-21 22:08:59,498 - P15600 - INFO - Validando telefone: ['(41) 3240-4039', '(41) 3240-4000']
2025-05-21 22:08:59,498 - P15600 - INFO - Limpando texto extenso para campo phone: (41) 3240-4039...
2025-05-21 22:08:59,498 - P15600 - INFO - Texto limpo: 41) 3240-4039
2025-05-21 22:08:59,498 - P15600 - INFO - Telefone validado: 41) 3240-4039
2025-05-21 22:08:59,498 - P15600 - INFO - Validando email: ['atualiza@crmpr.org.br', 'protocolo@crmpr.org.br']
2025-05-21 22:08:59,498 - P15600 - INFO - Limpando texto extenso para campo email: atualiza@crmpr.org.br...
2025-05-21 22:08:59,498 - P15600 - INFO - Texto limpo: atualiza@crmpr.org.br
2025-05-21 22:08:59,498 - P15600 - INFO - Email validado: atualiza@crmpr.org.br
2025-05-21 22:08:59,499 - P15600 - INFO - Descobrindo cidade
2025-05-21 22:08:59,499 - P15600 - INFO - Buscando cidade: Rua Dr Bernardo Ribeiro Vianna cidade PR
2025-05-21 22:09:02,180 - P15600 - INFO - Cidade encontrada: Palmas
2025-05-21 22:09:02,180 - P15600 - INFO - Limpando texto extenso para campo city: Palmas...
2025-05-21 22:09:02,180 - P15600 - INFO - Texto limpo: Palmas
2025-05-21 22:09:02,180 - P15600 - INFO - Cidade descoberta: Palmas
2025-05-21 22:09:02,180 - P15600 - INFO - Buscando CEP com sistema de cascata
2025-05-21 22:09:02,181 - P15600 - INFO - Iniciando busca de CEP em cascata para: Rua Dr Bernardo Ribeiro Vianna, Palmas, PR
2025-05-21 22:09:02,181 - P15600 - INFO - Método 1: ViaCEP API
2025-05-21 22:09:02,181 - P15600 - INFO - Buscando no ViaCEP: https://viacep.com.br/ws/PR/palmas/rua%20dr%20bernardo%20ribeiro%20vianna/json/
2025-05-21 22:09:02,935 - P15600 - WARNING - ViaCEP retornou status 200 ou nenhum resultado
2025-05-21 22:09:02,936 - P15600 - INFO - Método 2: BrasilAPI
2025-05-21 22:09:02,936 - P15600 - INFO - Buscando na BrasilAPI: Rua Dr Bernardo Ribeiro Vianna, Palmas, PR
2025-05-21 22:09:03,459 - P15600 - INFO - Consultando BrasilAPI: https://brasilapi.com.br/api/cep/v2/44481025
2025-05-21 22:09:13,733 - P15600 - ERROR - Erro ao buscar na BrasilAPI: HTTPSConnectionPool(host='brasilapi.com.br', port=443): Read timed out. (read timeout=10)
2025-05-21 22:09:13,733 - P15600 - INFO - Método 3: Web Scraping do Google
2025-05-21 22:09:13,734 - P15600 - INFO - Buscando CEP: CEP da Rua Dr Bernardo Ribeiro Vianna, Palmas
2025-05-21 22:09:15,452 - P15600 - INFO - CEP encontrado: 85690-021
2025-05-21 22:09:15,461 - P15600 - INFO - CEP encontrado via Google: 85690-021
2025-05-21 22:09:15,462 - P15600 - INFO - Dados de CEP encontrados: {'cep': '85690-021', 'logradouro': 'Rua Dr Bernardo Ribeiro Vianna', 'bairro': '', 'localidade': 'Palmas', 'uf': 'PR', 'complemento': ''}
2025-05-21 22:09:15,462 - P15600 - INFO - Limpando texto extenso para campo city: Palmas...
2025-05-21 22:09:15,462 - P15600 - INFO - Texto limpo: Palmas
2025-05-21 22:09:15,463 - P15600 - INFO - Limpando texto extenso para campo state: PR...
2025-05-21 22:09:15,463 - P15600 - INFO - Texto limpo: PR
2025-05-21 22:09:15,465 - P15600 - INFO - Tempo de execução de processamento completo do médico: 82.55 segundos
2025-05-21 22:09:15,468 - P15600 - INFO - Resultado processado: {'CRM': '16400', 'UF': 'PR', 'Firstname': 'DJALMA', 'LastName': 'MICHELE SILVA', 'Medical specialty': '', 'Endereco Completo A1': 'Rua Dr Bernardo Ribeiro Vianna, 433', 'Address A1': 'Rua Dr Bernardo Ribeiro Vianna', 'Numero A1': '433', 'Complement A1': '', 'Bairro A1': '', 'postal code A1': '85690-021', 'City A1': 'Palmas', 'State A1': 'PR', 'Phone A1': '41) 3240-4039', 'Phone A2': '', 'Cell phone A1': '', 'Cell phone A2': '', 'E-mail A1': 'atualiza@crmpr.org.br', 'E-mail A2': '', 'OPT-IN': '', 'STATUS': '', 'LOTE': ''}
2025-05-21 22:09:15,474 - P15600 - INFO - Progresso: 90.0%
2025-05-21 22:09:15,475 - P15600 - INFO - Tempo de execução de processamento do médico 2: 82.56 segundos
2025-05-21 22:09:15,475 - P15600 - INFO - Salvando resultados finais do lote
2025-05-21 22:09:15,476 - P15600 - INFO - Tempo de execução de processamento do lote completo: 154.52 segundos
