2025-05-22 05:53:18,530 - P14756 - INFO - 
==================================================
Processando médico 1/3
2025-05-22 05:53:18,531 - P14756 - INFO - Nome: MARIA FERNANDA VARGAS CALDEIRA RUIZ
2025-05-22 05:53:18,531 - P14756 - INFO - Reiniciando driver do Chrome
2025-05-22 05:53:19,843 - P14756 - INFO - Após reiniciar driver Uso de memória: 126.84 MB
2025-05-22 05:53:19,843 - P14756 - INFO - Início do processamento Uso de memória: 126.84 MB
2025-05-22 05:53:19,843 - P14756 - INFO - Iniciando busca para: MARIA FERNANDA VARGAS CALDEIRA RUIZ CRM 197405 SP telefone e-mail endereço
2025-05-22 05:53:20,661 - P14756 - INFO - SearX results: 13 URLs
2025-05-22 05:53:20,662 - P14756 - INFO - Após SearX Uso de memória: 126.84 MB
2025-05-22 05:53:23,925 - P14756 - INFO - Google results: 10 URLs
2025-05-22 05:53:23,925 - P14756 - INFO - Após Google Uso de memória: 127.82 MB
2025-05-22 05:53:26,669 - P14756 - INFO - Bing results: 9 URLs
2025-05-22 05:53:26,669 - P14756 - INFO - Após Bing Uso de memória: 129.82 MB
2025-05-22 05:53:26,669 - P14756 - INFO - Total de URLs únicas: 18
2025-05-22 05:53:26,669 - P14756 - INFO - Processando URL 1/18: https://guiamedico.cremesp.org.br/
2025-05-22 05:53:30,931 - P14756 - INFO - HTML salvo para debug: data\debug_html_v10\7c54969580769b63edd9abaa952e1fa2.html
2025-05-22 05:53:30,937 - P14756 - INFO - Candidates address: 1 items
2025-05-22 05:53:30,938 - P14756 - INFO - Candidates phone: 1 items
2025-05-22 05:53:30,938 - P14756 - INFO - Candidates email: 0 items
2025-05-22 05:53:30,938 - P14756 - INFO - Candidates complement: 0 items
2025-05-22 05:53:30,938 - P14756 - INFO - Candidates cep: 1 items
2025-05-22 05:53:30,939 - P14756 - INFO - Após processar URL 1 Uso de memória: 129.82 MB
2025-05-22 05:53:30,939 - P14756 - INFO - Processando URL 2/18: https://sistemadje.tjmt.jus.br/publicacoes/10578-2019%20C7%20Comarcas%20-%201%C2%AA%202%C2%AA%20e%203%C2%AA%20Entr%C3%A2ncia.pdf
2025-05-22 05:53:30,939 - P14756 - INFO - Ignorando URL de arquivo não-HTML: https://sistemadje.tjmt.jus.br/publicacoes/10578-2019%20C7%20Comarcas%20-%201%C2%AA%202%C2%AA%20e%203%C2%AA%20Entr%C3%A2ncia.pdf
2025-05-22 05:53:30,939 - P14756 - INFO - Após processar URL 2 Uso de memória: 129.82 MB
2025-05-22 05:53:30,939 - P14756 - INFO - Processando URL 3/18: https://www.infosaude.com.br/cnes/325273-maria-fernanda-vargas-caldeira-ruiz
2025-05-22 05:53:33,143 - P14756 - INFO - HTML salvo para debug: data\debug_html_v10\f56e653ff4a471032055584036b37a15.html
2025-05-22 05:53:33,168 - P14756 - INFO - Candidates address: 0 items
2025-05-22 05:53:33,168 - P14756 - INFO - Candidates phone: 1 items
2025-05-22 05:53:33,168 - P14756 - INFO - Candidates email: 0 items
2025-05-22 05:53:33,168 - P14756 - INFO - Candidates complement: 0 items
2025-05-22 05:53:33,168 - P14756 - INFO - Candidates cep: 1 items
2025-05-22 05:53:33,169 - P14756 - INFO - Após processar URL 3 Uso de memória: 129.82 MB
2025-05-22 05:53:33,169 - P14756 - INFO - Processando URL 4/18: https://www.boaconsulta.com/especialista/maria-fernanda-vargas-caldeira-ruiz-6106c75ea2e00a5d840058da?agendaId=6106cad0a2e00a617b00029e
2025-05-22 05:53:37,963 - P14756 - INFO - HTML salvo para debug: data\debug_html_v10\00d798b238e2c7d405cd1d613dc31138.html
2025-05-22 05:53:38,074 - P14756 - INFO - Candidates address: 5 items
2025-05-22 05:53:38,074 - P14756 - INFO - Candidates phone: 0 items
2025-05-22 05:53:38,074 - P14756 - INFO - Candidates email: 0 items
2025-05-22 05:53:38,075 - P14756 - INFO - Candidates complement: 0 items
2025-05-22 05:53:38,075 - P14756 - INFO - Candidates cep: 0 items
2025-05-22 05:53:38,075 - P14756 - INFO - Após processar URL 4 Uso de memória: 129.82 MB
2025-05-22 05:53:38,076 - P14756 - INFO - Processando URL 5/18: https://www.spdo.ms.gov.br/diariodoe/Index/Download/DO9491_12_09_2017
2025-05-22 05:53:40,554 - P14756 - INFO - HTML salvo para debug: data\debug_html_v10\8008587f04d2e0a770de037dca33186b.html
2025-05-22 05:53:40,556 - P14756 - INFO - Candidates address: 0 items
2025-05-22 05:53:40,557 - P14756 - INFO - Candidates phone: 0 items
2025-05-22 05:53:40,559 - P14756 - INFO - Candidates email: 0 items
2025-05-22 05:53:40,560 - P14756 - INFO - Candidates complement: 0 items
2025-05-22 05:53:40,561 - P14756 - INFO - Candidates cep: 0 items
2025-05-22 05:53:40,561 - P14756 - INFO - Após processar URL 5 Uso de memória: 129.82 MB
2025-05-22 05:53:40,562 - P14756 - INFO - Processando URL 6/18: https://cliniguia.com/profissionais/maria-fernanda-vargas-caldeira-ruiz-700004711528606/
2025-05-22 05:53:45,855 - P14756 - INFO - HTML salvo para debug: data\debug_html_v10\b5f6180b0bf2957d3332f56cbc8d67c5.html
2025-05-22 05:53:45,905 - P14756 - INFO - Candidates address: 0 items
2025-05-22 05:53:45,905 - P14756 - INFO - Candidates phone: 0 items
2025-05-22 05:53:45,906 - P14756 - INFO - Candidates email: 0 items
2025-05-22 05:53:45,906 - P14756 - INFO - Candidates complement: 0 items
2025-05-22 05:53:45,906 - P14756 - INFO - Candidates cep: 0 items
2025-05-22 05:53:45,906 - P14756 - INFO - Após processar URL 6 Uso de memória: 129.82 MB
2025-05-22 05:53:45,906 - P14756 - INFO - Processando URL 7/18: https://guiasaudebrasil.com.br/profissional/2fd2490bec24a09b-maria-fernanda-vargas-caldeira-ruiz
2025-05-22 05:53:51,968 - P14756 - INFO - HTML salvo para debug: data\debug_html_v10\1fde249428c92bbb28637b1a06d0b804.html
2025-05-22 05:53:51,978 - P14756 - INFO - Candidates address: 0 items
2025-05-22 05:53:51,978 - P14756 - INFO - Candidates phone: 0 items
2025-05-22 05:53:51,978 - P14756 - INFO - Candidates email: 0 items
2025-05-22 05:53:51,978 - P14756 - INFO - Candidates complement: 0 items
2025-05-22 05:53:51,978 - P14756 - INFO - Candidates cep: 1 items
2025-05-22 05:53:51,978 - P14756 - INFO - Após processar URL 7 Uso de memória: 129.83 MB
2025-05-22 05:53:51,979 - P14756 - INFO - Processando URL 8/18: https://www.saobernardo.sp.gov.br/documents/10181/1812128/NM+2472+de+06.09.2024+-++Conte%C3%BAdo+Integral.pdf/0cff8387-80d6-ce80-5813-8093696caf2e
2025-05-22 05:53:51,979 - P14756 - INFO - Ignorando URL de arquivo não-HTML: https://www.saobernardo.sp.gov.br/documents/10181/1812128/NM+2472+de+06.09.2024+-++Conte%C3%BAdo+Integral.pdf/0cff8387-80d6-ce80-5813-8093696caf2e
2025-05-22 05:53:51,979 - P14756 - INFO - Após processar URL 8 Uso de memória: 129.83 MB
2025-05-22 05:53:51,979 - P14756 - INFO - Processando URL 9/18: https://noticiasconcursos.com.br/wp-content/uploads/2017/09/Gabarito-Oficial-Prova-de-Delegado-Pol%C3%ADcia-Civil-PC-MS-2017.pdf
2025-05-22 05:53:51,979 - P14756 - INFO - Ignorando URL de arquivo não-HTML: https://noticiasconcursos.com.br/wp-content/uploads/2017/09/Gabarito-Oficial-Prova-de-Delegado-Pol%C3%ADcia-Civil-PC-MS-2017.pdf
2025-05-22 05:53:51,979 - P14756 - INFO - Após processar URL 9 Uso de memória: 129.83 MB
2025-05-22 05:53:51,980 - P14756 - INFO - Processando URL 10/18: https://www.luz.mg.gov.br/painel/conteudo/licitacoes/isw_3_3533130659690c762adb.pdf
2025-05-22 05:53:51,980 - P14756 - INFO - Ignorando URL de arquivo não-HTML: https://www.luz.mg.gov.br/painel/conteudo/licitacoes/isw_3_3533130659690c762adb.pdf
2025-05-22 05:53:51,980 - P14756 - INFO - Após processar URL 10 Uso de memória: 129.83 MB
2025-05-22 05:53:51,980 - P14756 - INFO - Processando URL 11/18: https://redevik.com.br/project/dr-christian-galdino-2/
2025-05-22 05:53:55,819 - P14756 - INFO - HTML salvo para debug: data\debug_html_v10\5730b7742b4a294cbeface89a10dc34c.html
2025-05-22 05:53:55,830 - P14756 - INFO - Candidates address: 1 items
2025-05-22 05:53:55,830 - P14756 - INFO - Candidates phone: 1 items
2025-05-22 05:53:55,830 - P14756 - INFO - Candidates email: 1 items
2025-05-22 05:53:55,830 - P14756 - INFO - Candidates complement: 0 items
2025-05-22 05:53:55,831 - P14756 - INFO - Candidates cep: 1 items
2025-05-22 05:53:55,831 - P14756 - INFO - Após processar URL 11 Uso de memória: 129.83 MB
2025-05-22 05:53:55,831 - P14756 - INFO - Processando URL 12/18: https://www.doctoralia.com.br/maria-fernanda-vargas-caldeira/endocrinologista/rio-de-janeiro
2025-05-22 05:53:55,831 - P14756 - INFO - Ignorando URL de arquivo não-HTML: https://www.doctoralia.com.br/maria-fernanda-vargas-caldeira/endocrinologista/rio-de-janeiro
2025-05-22 05:53:55,831 - P14756 - INFO - Após processar URL 12 Uso de memória: 129.83 MB
2025-05-22 05:53:55,831 - P14756 - INFO - Processando URL 13/18: https://portal-api.campinas.sp.gov.br/sites/default/files/publicacoes-dom/dom/385033699308369933850319.pdf
2025-05-22 05:53:55,832 - P14756 - INFO - Ignorando URL de arquivo não-HTML: https://portal-api.campinas.sp.gov.br/sites/default/files/publicacoes-dom/dom/385033699308369933850319.pdf
2025-05-22 05:53:55,832 - P14756 - INFO - Após processar URL 13 Uso de memória: 129.83 MB
2025-05-22 05:53:55,832 - P14756 - INFO - Processando URL 14/18: https://www.benebauru.com.br/busca/maria-fernanda-vargas-caldeira-ruiz/1420-1-25.html
2025-05-22 05:54:01,413 - P14756 - INFO - HTML salvo para debug: data\debug_html_v10\81bd205607026317495680df997192ba.html
2025-05-22 05:54:01,425 - P14756 - INFO - Candidates address: 0 items
2025-05-22 05:54:01,425 - P14756 - INFO - Candidates phone: 2 items
2025-05-22 05:54:01,425 - P14756 - INFO - Candidates email: 1 items
2025-05-22 05:54:01,426 - P14756 - INFO - Candidates complement: 0 items
2025-05-22 05:54:01,426 - P14756 - INFO - Candidates cep: 0 items
2025-05-22 05:54:01,426 - P14756 - INFO - Após processar URL 14 Uso de memória: 129.83 MB
2025-05-22 05:54:01,426 - P14756 - INFO - Processando URL 15/18: https://www.boaconsulta.com/especialista/maria-fernanda-vargas-caldeira-ruiz-6106c75ea2e00a5d840058da
2025-05-22 05:54:04,269 - P14756 - INFO - HTML salvo para debug: data\debug_html_v10\aea647bc80301b44369b30105c8ad48d.html
2025-05-22 05:54:04,347 - P14756 - INFO - Candidates address: 5 items
2025-05-22 05:54:04,348 - P14756 - INFO - Candidates phone: 0 items
2025-05-22 05:54:04,348 - P14756 - INFO - Candidates email: 0 items
2025-05-22 05:54:04,349 - P14756 - INFO - Candidates complement: 0 items
2025-05-22 05:54:04,349 - P14756 - INFO - Candidates cep: 0 items
2025-05-22 05:54:04,350 - P14756 - INFO - Após processar URL 15 Uso de memória: 129.83 MB
2025-05-22 05:54:04,350 - P14756 - INFO - Processando URL 16/18: https://www.vidatop.com.br/guia-vidatop/maria-fernanda-v-caldeira-dra/27-1-1.html
2025-05-22 05:54:08,069 - P14756 - INFO - HTML salvo para debug: data\debug_html_v10\1ac600bc35b803ee6b195225c66bf6f8.html
2025-05-22 05:54:08,084 - P14756 - INFO - Candidates address: 1 items
2025-05-22 05:54:08,085 - P14756 - INFO - Candidates phone: 1 items
2025-05-22 05:54:08,085 - P14756 - INFO - Candidates email: 0 items
2025-05-22 05:54:08,085 - P14756 - INFO - Candidates complement: 0 items
2025-05-22 05:54:08,085 - P14756 - INFO - Candidates cep: 10 items
2025-05-22 05:54:08,086 - P14756 - INFO - Após processar URL 16 Uso de memória: 129.84 MB
2025-05-22 05:54:08,086 - P14756 - INFO - Processando URL 17/18: https://redevik.com.br/project/page/4/
2025-05-22 05:54:12,052 - P14756 - INFO - HTML salvo para debug: data\debug_html_v10\482d0befdcfd2d6a0dfa7774b5e68835.html
2025-05-22 05:54:12,071 - P14756 - INFO - Candidates address: 1 items
2025-05-22 05:54:12,071 - P14756 - INFO - Candidates phone: 1 items
2025-05-22 05:54:12,071 - P14756 - INFO - Candidates email: 1 items
2025-05-22 05:54:12,072 - P14756 - INFO - Candidates complement: 0 items
2025-05-22 05:54:12,072 - P14756 - INFO - Candidates cep: 1 items
2025-05-22 05:54:12,072 - P14756 - INFO - Após processar URL 17 Uso de memória: 129.84 MB
2025-05-22 05:54:12,072 - P14756 - INFO - Processando URL 18/18: https://www.medicosbrasil.com/profissional/maria-fernanda-vargas-caldeira-ruiz
2025-05-22 05:54:15,903 - P14756 - INFO - HTML salvo para debug: data\debug_html_v10\c6cc24959ae1a80087575c98d536798e.html
2025-05-22 05:54:15,931 - P14756 - INFO - Candidates address: 0 items
2025-05-22 05:54:15,931 - P14756 - INFO - Candidates phone: 0 items
2025-05-22 05:54:15,931 - P14756 - INFO - Candidates email: 0 items
2025-05-22 05:54:15,932 - P14756 - INFO - Candidates complement: 0 items
2025-05-22 05:54:15,932 - P14756 - INFO - Candidates cep: 0 items
2025-05-22 05:54:15,932 - P14756 - INFO - Após processar URL 18 Uso de memória: 129.84 MB
2025-05-22 05:54:15,932 - P14756 - INFO - Iniciando agregação e ranqueamento
2025-05-22 05:54:15,933 - P14756 - INFO - Ranked address: 8 items
2025-05-22 05:54:15,933 - P14756 - INFO - Ranked phone: 5 items
2025-05-22 05:54:15,933 - P14756 - INFO - Ranked email: 2 items
2025-05-22 05:54:15,933 - P14756 - INFO - Ranked complement: 0 items
2025-05-22 05:54:15,934 - P14756 - INFO - Ranked cep: 14 items
2025-05-22 05:54:15,934 - P14756 - INFO - Após agregação Uso de memória: 129.84 MB
2025-05-22 05:54:15,934 - P14756 - INFO - Validando endereço: ['Avenida Paulista, 352', 'Rua 15 De Novembro, 336', 'Rua Quintino Bocaiuva, 545']
2025-05-22 05:54:15,934 - P14756 - INFO - Endereço validado: Avenida Paulista, 352
2025-05-22 05:54:15,934 - P14756 - INFO - Limpando texto extenso para campo address: Avenida Paulista, 352...
2025-05-22 05:54:15,935 - P14756 - INFO - Texto limpo: Avenida Paulista, 352
2025-05-22 05:54:15,937 - P14756 - INFO - Validando telefone: ['+551434163030', '(14) 2106-8686', '(11) 4349-9900']
2025-05-22 05:54:15,937 - P14756 - INFO - Limpando texto extenso para campo phone: (14) 2106-8686...
2025-05-22 05:54:15,938 - P14756 - INFO - Texto limpo: 14) 2106-8686
2025-05-22 05:54:15,938 - P14756 - INFO - Telefone validado: 14) 2106-8686
2025-05-22 05:54:15,938 - P14756 - INFO - Validando email: ['contato@redevik.com.br', 'contato@benebauru.com.br']
2025-05-22 05:54:15,939 - P14756 - INFO - Limpando texto extenso para campo email: contato@redevik.com.br...
2025-05-22 05:54:15,939 - P14756 - INFO - Texto limpo: contato@redevik.com.br
2025-05-22 05:54:15,939 - P14756 - INFO - Email validado: contato@redevik.com.br
2025-05-22 05:54:15,939 - P14756 - INFO - Descobrindo cidade
2025-05-22 05:54:15,940 - P14756 - INFO - Buscando cidade: Avenida Paulista cidade SP
2025-05-22 05:54:18,821 - P14756 - WARNING - Cidade não encontrada
2025-05-22 05:54:18,822 - P14756 - INFO - Cidade descoberta: 
2025-05-22 05:54:18,822 - P14756 - INFO - Tempo de execução de processamento completo do médico: 58.98 segundos
2025-05-22 05:54:18,822 - P14756 - INFO - Resultado processado: {'Hash': '9165e285109c6b181a0b46269bdfcb30f5c1973640d081d40d8b3c9fc14c50cf', 'CRM': '197405', 'UF': 'SP', 'Firstname': 'MARIA', 'LastName': 'FERNANDA VARGAS CALDEIRA RUIZ', 'Medical specialty': '', 'Endereco Completo A1': 'Avenida Paulista, 352', 'Address A1': 'Avenida Paulista', 'Numero A1': '352', 'Complement A1': '', 'Bairro A1': '', 'postal code A1': '', 'City A1': '', 'State A1': '', 'Phone A1': '14) 2106-8686', 'Phone A2': '', 'Cell phone A1': '', 'Cell phone A2': '', 'E-mail A1': 'contato@redevik.com.br', 'E-mail A2': '', 'OPT-IN': '', 'STATUS': '', 'LOTE': ''}
2025-05-22 05:54:18,824 - P14756 - INFO - Progresso: 99.6%
2025-05-22 05:54:18,824 - P14756 - INFO - Executando coleta de lixo
2025-05-22 05:54:18,883 - P14756 - INFO - Após coleta de lixo Uso de memória: 126.90 MB
2025-05-22 05:54:18,883 - P14756 - INFO - Tempo de execução de processamento do médico 1: 60.35 segundos
2025-05-22 05:54:18,883 - P14756 - INFO - 
==================================================
Processando médico 2/3
2025-05-22 05:54:18,884 - P14756 - INFO - Nome: ANNA LETICIA GUIA PEREIRA
2025-05-22 05:54:18,884 - P14756 - INFO - Início do processamento Uso de memória: 126.90 MB
2025-05-22 05:54:18,884 - P14756 - INFO - Iniciando busca para: ANNA LETICIA GUIA PEREIRA CRM 205936 SP telefone e-mail endereço
2025-05-22 05:54:19,841 - P14756 - INFO - SearX results: 8 URLs
2025-05-22 05:54:19,841 - P14756 - INFO - Após SearX Uso de memória: 126.91 MB
2025-05-22 05:54:22,502 - P14756 - INFO - Google results: 3 URLs
2025-05-22 05:54:22,502 - P14756 - INFO - Após Google Uso de memória: 128.93 MB
2025-05-22 05:54:24,948 - P14756 - INFO - Bing results: 6 URLs
2025-05-22 05:54:24,949 - P14756 - INFO - Após Bing Uso de memória: 131.11 MB
2025-05-22 05:54:24,949 - P14756 - INFO - Total de URLs únicas: 10
2025-05-22 05:54:24,949 - P14756 - INFO - Processando URL 1/10: https://sistemadje.tjmt.jus.br/publicacoes/9998-2017%20C7%20Comarcas%20-%201%C2%AA%202%C2%AA%20e%203%C2%AA%20Entr%C3%A2ncia.pdf
2025-05-22 05:54:24,949 - P14756 - INFO - Ignorando URL de arquivo não-HTML: https://sistemadje.tjmt.jus.br/publicacoes/9998-2017%20C7%20Comarcas%20-%201%C2%AA%202%C2%AA%20e%203%C2%AA%20Entr%C3%A2ncia.pdf
2025-05-22 05:54:24,950 - P14756 - INFO - Após processar URL 1 Uso de memória: 131.11 MB
2025-05-22 05:54:24,950 - P14756 - INFO - Processando URL 2/10: https://www.benditoguia.com.br/empresa/dra-anna-leticia-pereira-endocrinologia-jardim-cabore-sao-paulo-sp
2025-05-22 05:54:28,874 - P14756 - INFO - HTML salvo para debug: data\debug_html_v10\6a4badc442945f8de108be7b670ad3e3.html
2025-05-22 05:54:28,893 - P14756 - INFO - Candidates address: 1 items
2025-05-22 05:54:28,894 - P14756 - INFO - Candidates phone: 1 items
2025-05-22 05:54:28,894 - P14756 - INFO - Candidates email: 0 items
2025-05-22 05:54:28,894 - P14756 - INFO - Candidates complement: 0 items
2025-05-22 05:54:28,894 - P14756 - INFO - Candidates cep: 2 items
2025-05-22 05:54:28,894 - P14756 - INFO - Após processar URL 2 Uso de memória: 131.11 MB
2025-05-22 05:54:28,895 - P14756 - INFO - Processando URL 3/10: https://sistemadje.tjmt.jus.br/publicacoes/9999-2017%20C7%20Comarcas%20-%201%C2%AA%202%C2%AA%20e%203%C2%AA%20Entr%C3%A2ncia.pdf
2025-05-22 05:54:28,895 - P14756 - INFO - Ignorando URL de arquivo não-HTML: https://sistemadje.tjmt.jus.br/publicacoes/9999-2017%20C7%20Comarcas%20-%201%C2%AA%202%C2%AA%20e%203%C2%AA%20Entr%C3%A2ncia.pdf
2025-05-22 05:54:28,895 - P14756 - INFO - Após processar URL 3 Uso de memória: 131.11 MB
2025-05-22 05:54:28,895 - P14756 - INFO - Processando URL 4/10: https://pardalweb.com/justice_daily/tjsp/2024-04-18/
2025-05-22 05:54:34,791 - P14756 - INFO - HTML salvo para debug: data\debug_html_v10\a92a444184ae66be33038de1e1203c0f.html
2025-05-22 05:54:34,972 - P14756 - INFO - Candidates address: 23 items
2025-05-22 05:54:34,972 - P14756 - INFO - Candidates phone: 0 items
2025-05-22 05:54:34,972 - P14756 - INFO - Candidates email: 2 items
2025-05-22 05:54:34,972 - P14756 - INFO - Candidates complement: 61 items
2025-05-22 05:54:34,972 - P14756 - INFO - Candidates cep: 24 items
2025-05-22 05:54:34,973 - P14756 - INFO - Após processar URL 4 Uso de memória: 133.28 MB
2025-05-22 05:54:34,973 - P14756 - INFO - Processando URL 5/10: https://cnpj.services/qsa/anna-leticia-guia-pereira
2025-05-22 05:54:37,891 - P14756 - INFO - HTML salvo para debug: data\debug_html_v10\c92afbaa76f4411da55f8160245638de.html
2025-05-22 05:54:37,904 - P14756 - INFO - Candidates address: 0 items
2025-05-22 05:54:37,904 - P14756 - INFO - Candidates phone: 0 items
2025-05-22 05:54:37,904 - P14756 - INFO - Candidates email: 0 items
2025-05-22 05:54:37,904 - P14756 - INFO - Candidates complement: 0 items
2025-05-22 05:54:37,904 - P14756 - INFO - Candidates cep: 1 items
2025-05-22 05:54:37,905 - P14756 - INFO - Após processar URL 5 Uso de memória: 131.12 MB
2025-05-22 05:54:37,905 - P14756 - INFO - Processando URL 6/10: https://portal.cfm.org.br/busca-medicos
2025-05-22 05:54:42,718 - P14756 - INFO - HTML salvo para debug: data\debug_html_v10\e28ae84aaa177d1328f3a0d1fb68449f.html
2025-05-22 05:54:42,751 - P14756 - INFO - Candidates address: 0 items
2025-05-22 05:54:42,752 - P14756 - INFO - Candidates phone: 0 items
2025-05-22 05:54:42,752 - P14756 - INFO - Candidates email: 1 items
2025-05-22 05:54:42,752 - P14756 - INFO - Candidates complement: 1 items
2025-05-22 05:54:42,752 - P14756 - INFO - Candidates cep: 1 items
2025-05-22 05:54:42,752 - P14756 - INFO - Após processar URL 6 Uso de memória: 131.12 MB
2025-05-22 05:54:42,752 - P14756 - INFO - Processando URL 7/10: https://guiasaudebrasil.com.br/profissional/9b89274f2247c4f4-anna-leticia-guia-pereira
2025-05-22 05:54:48,450 - P14756 - INFO - HTML salvo para debug: data\debug_html_v10\f9dbbca2e2d0345f666d1f4891a8792f.html
2025-05-22 05:54:48,459 - P14756 - INFO - Candidates address: 0 items
2025-05-22 05:54:48,459 - P14756 - INFO - Candidates phone: 0 items
2025-05-22 05:54:48,459 - P14756 - INFO - Candidates email: 0 items
2025-05-22 05:54:48,459 - P14756 - INFO - Candidates complement: 0 items
2025-05-22 05:54:48,459 - P14756 - INFO - Candidates cep: 1 items
2025-05-22 05:54:48,459 - P14756 - INFO - Após processar URL 7 Uso de memória: 131.12 MB
2025-05-22 05:54:48,460 - P14756 - INFO - Processando URL 8/10: https://guiamedico.cremesp.org.br/
2025-05-22 05:54:51,088 - P14756 - INFO - HTML salvo para debug: data\debug_html_v10\7c54969580769b63edd9abaa952e1fa2.html
2025-05-22 05:54:51,095 - P14756 - INFO - Candidates address: 1 items
2025-05-22 05:54:51,095 - P14756 - INFO - Candidates phone: 1 items
2025-05-22 05:54:51,095 - P14756 - INFO - Candidates email: 0 items
2025-05-22 05:54:51,095 - P14756 - INFO - Candidates complement: 0 items
2025-05-22 05:54:51,096 - P14756 - INFO - Candidates cep: 1 items
2025-05-22 05:54:51,096 - P14756 - INFO - Após processar URL 8 Uso de memória: 131.12 MB
2025-05-22 05:54:51,096 - P14756 - INFO - Processando URL 9/10: https://cadastroempresa.com.br/fornecedor/dra-ana-leticia-pereira-goncalves-37171466000160
2025-05-22 05:54:53,733 - P14756 - INFO - HTML salvo para debug: data\debug_html_v10\c0494fae9ec586caf47af82fd2c7a65a.html
2025-05-22 05:54:53,754 - P14756 - INFO - Candidates address: 0 items
2025-05-22 05:54:53,754 - P14756 - INFO - Candidates phone: 2 items
2025-05-22 05:54:53,754 - P14756 - INFO - Candidates email: 1 items
2025-05-22 05:54:53,755 - P14756 - INFO - Candidates complement: 0 items
2025-05-22 05:54:53,755 - P14756 - INFO - Candidates cep: 2 items
2025-05-22 05:54:53,755 - P14756 - INFO - Após processar URL 9 Uso de memória: 131.12 MB
2025-05-22 05:54:53,755 - P14756 - INFO - Processando URL 10/10: https://consultacrm.com.br/
2025-05-22 05:54:57,163 - P14756 - INFO - HTML salvo para debug: data\debug_html_v10\65cadeb91ac3713432c21b535990f440.html
2025-05-22 05:54:57,174 - P14756 - INFO - Candidates address: 0 items
2025-05-22 05:54:57,174 - P14756 - INFO - Candidates phone: 0 items
2025-05-22 05:54:57,175 - P14756 - INFO - Candidates email: 0 items
2025-05-22 05:54:57,175 - P14756 - INFO - Candidates complement: 0 items
2025-05-22 05:54:57,175 - P14756 - INFO - Candidates cep: 0 items
2025-05-22 05:54:57,175 - P14756 - INFO - Após processar URL 10 Uso de memória: 131.12 MB
2025-05-22 05:54:57,175 - P14756 - INFO - Iniciando agregação e ranqueamento
2025-05-22 05:54:57,176 - P14756 - INFO - Ranked address: 25 items
2025-05-22 05:54:57,176 - P14756 - INFO - Ranked phone: 4 items
2025-05-22 05:54:57,176 - P14756 - INFO - Ranked email: 4 items
2025-05-22 05:54:57,176 - P14756 - INFO - Ranked complement: 62 items
2025-05-22 05:54:57,176 - P14756 - INFO - Ranked cep: 32 items
2025-05-22 05:54:57,176 - P14756 - INFO - Após agregação Uso de memória: 131.12 MB
2025-05-22 05:54:57,177 - P14756 - INFO - Validando endereço: ['Rua Dr. Luiz Migliano, 1110', 'R. AGRAVO NÃO CONHECIDO.” (TJSP; Agravo de Instrumento 2274087-06.2023.8.26.0000', 'Rua da Glória, 459']
2025-05-22 05:54:57,177 - P14756 - INFO - Endereço validado: Rua Dr. Luiz Migliano, 1110
2025-05-22 05:54:57,177 - P14756 - INFO - Limpando texto extenso para campo address: Rua Dr. Luiz Migliano, 1110...
2025-05-22 05:54:57,177 - P14756 - INFO - Texto limpo: Rua Dr. Luiz Migliano, 1110
2025-05-22 05:54:57,177 - P14756 - INFO - Validando telefone: ['+55 11 93091-1550', '(11) 4349-9900', '(12) 1234-5678']
2025-05-22 05:54:57,178 - P14756 - INFO - Limpando texto extenso para campo phone: (11) 4349-9900...
2025-05-22 05:54:57,178 - P14756 - INFO - Texto limpo: 11) 4349-9900
2025-05-22 05:54:57,178 - P14756 - INFO - Telefone validado: 11) 4349-9900
2025-05-22 05:54:57,178 - P14756 - INFO - Validando email: ['2838-4877-sj5.3@tjsp.jus.br', 'evandro_luca@hotmail.com', 'cfm@portalmedico.org.br']
2025-05-22 05:54:57,178 - P14756 - INFO - Limpando texto extenso para campo email: 2838-4877-sj5.3@tjsp.jus.br...
2025-05-22 05:54:57,178 - P14756 - INFO - Texto limpo: 2838-4877-sj5.3@tjsp.jus.br
2025-05-22 05:54:57,178 - P14756 - INFO - Email validado: 2838-4877-sj5.3@tjsp.jus.br
2025-05-22 05:54:57,179 - P14756 - INFO - Validando complemento: ['Sala 911  ', 'Sala 705  ', 'Sala 313  ']
2025-05-22 05:54:57,179 - P14756 - INFO - Limpando texto extenso para campo complement: Sala 911  ...
2025-05-22 05:54:57,179 - P14756 - INFO - Texto limpo: Sala 911
2025-05-22 05:54:57,179 - P14756 - INFO - Complemento validado: Sala 911
2025-05-22 05:54:57,179 - P14756 - INFO - Descobrindo cidade
2025-05-22 05:54:57,179 - P14756 - INFO - Buscando cidade: Rua Dr. Luiz Migliano cidade SP
2025-05-22 05:54:59,789 - P14756 - WARNING - Cidade não encontrada
2025-05-22 05:54:59,789 - P14756 - INFO - Cidade descoberta: 
2025-05-22 05:54:59,789 - P14756 - INFO - Tempo de execução de processamento completo do médico: 40.91 segundos
2025-05-22 05:54:59,790 - P14756 - INFO - Resultado processado: {'Hash': '708aa1dcfcb89890be2d8ac9773db2042c1b3cde79b82b1716350367adf6f6a3', 'CRM': '205936', 'UF': 'SP', 'Firstname': 'ANNA', 'LastName': 'LETICIA GUIA PEREIRA', 'Medical specialty': '', 'Endereco Completo A1': 'Rua Dr. Luiz Migliano, 1110', 'Address A1': 'Rua Dr. Luiz Migliano', 'Numero A1': '1110', 'Complement A1': 'Sala 911', 'Bairro A1': '', 'postal code A1': '', 'City A1': '', 'State A1': '', 'Phone A1': '11) 4349-9900', 'Phone A2': '', 'Cell phone A1': '', 'Cell phone A2': '', 'E-mail A1': '2838-4877-sj5.3@tjsp.jus.br', 'E-mail A2': '', 'OPT-IN': '', 'STATUS': '', 'LOTE': ''}
2025-05-22 05:54:59,791 - P14756 - INFO - Progresso: 99.9%
2025-05-22 05:54:59,791 - P14756 - INFO - Tempo de execução de processamento do médico 2: 40.91 segundos
2025-05-22 05:54:59,791 - P14756 - INFO - 
==================================================
Processando médico 3/3
2025-05-22 05:54:59,791 - P14756 - INFO - Nome: GUILHERME HENRIQUE SOARES DOS SANTOS
2025-05-22 05:54:59,791 - P14756 - INFO - Início do processamento Uso de memória: 127.30 MB
2025-05-22 05:54:59,791 - P14756 - INFO - Iniciando busca para: GUILHERME HENRIQUE SOARES DOS SANTOS CRM 208656 SP telefone e-mail endereço
2025-05-22 05:55:00,578 - P14756 - INFO - SearX results: 15 URLs
2025-05-22 05:55:00,579 - P14756 - INFO - Após SearX Uso de memória: 127.30 MB
2025-05-22 05:55:03,195 - P14756 - INFO - Google results: 8 URLs
2025-05-22 05:55:03,195 - P14756 - INFO - Após Google Uso de memória: 129.33 MB
2025-05-22 05:55:05,677 - P14756 - INFO - Bing results: 10 URLs
2025-05-22 05:55:05,678 - P14756 - INFO - Após Bing Uso de memória: 129.75 MB
2025-05-22 05:55:05,678 - P14756 - INFO - Total de URLs únicas: 21
2025-05-22 05:55:05,678 - P14756 - INFO - Processando URL 1/21: https://drguilhermehenrique.com.br/
2025-05-22 05:55:09,010 - P14756 - INFO - HTML salvo para debug: data\debug_html_v10\d922b0a66b2840345ae0d23284449043.html
2025-05-22 05:55:09,039 - P14756 - INFO - Candidates address: 0 items
2025-05-22 05:55:09,039 - P14756 - INFO - Candidates phone: 1 items
2025-05-22 05:55:09,039 - P14756 - INFO - Candidates email: 1 items
2025-05-22 05:55:09,040 - P14756 - INFO - Candidates complement: 1 items
2025-05-22 05:55:09,040 - P14756 - INFO - Candidates cep: 1 items
2025-05-22 05:55:09,040 - P14756 - INFO - Após processar URL 1 Uso de memória: 129.75 MB
2025-05-22 05:55:09,040 - P14756 - INFO - Processando URL 2/21: https://acervo.arquivopublico.sc.gov.br/uploads/r/arquivo-publico-do-estado-de-santa-catarina-apesc/4/e/a/4eaf2cc719073a91d77c5b5bb2ad132d68a5694622d2e20f48d8f7f6352f483b/0a910320-5273-4d71-8bb6-69eedd52c81d-15046-DOE_18401_14_07_2008_28F_JUCESC_18401A_08F.pdf
2025-05-22 05:55:09,040 - P14756 - INFO - Ignorando URL de arquivo não-HTML: https://acervo.arquivopublico.sc.gov.br/uploads/r/arquivo-publico-do-estado-de-santa-catarina-apesc/4/e/a/4eaf2cc719073a91d77c5b5bb2ad132d68a5694622d2e20f48d8f7f6352f483b/0a910320-5273-4d71-8bb6-69eedd52c81d-15046-DOE_18401_14_07_2008_28F_JUCESC_18401A_08F.pdf
2025-05-22 05:55:09,040 - P14756 - INFO - Após processar URL 2 Uso de memória: 129.75 MB
2025-05-22 05:55:09,041 - P14756 - INFO - Processando URL 3/21: https://guiamedico.cremesp.org.br/
2025-05-22 05:55:11,566 - P14756 - INFO - HTML salvo para debug: data\debug_html_v10\7c54969580769b63edd9abaa952e1fa2.html
2025-05-22 05:55:11,571 - P14756 - INFO - Candidates address: 1 items
2025-05-22 05:55:11,572 - P14756 - INFO - Candidates phone: 1 items
2025-05-22 05:55:11,572 - P14756 - INFO - Candidates email: 0 items
2025-05-22 05:55:11,572 - P14756 - INFO - Candidates complement: 0 items
2025-05-22 05:55:11,572 - P14756 - INFO - Candidates cep: 1 items
2025-05-22 05:55:11,572 - P14756 - INFO - Após processar URL 3 Uso de memória: 129.73 MB
2025-05-22 05:55:11,572 - P14756 - INFO - Processando URL 4/21: https://www.escavador.com/sobre/4525203/guilherme-henrique-dos-santos
2025-05-22 05:55:15,016 - P14756 - INFO - HTML salvo para debug: data\debug_html_v10\785575e33a99a335c4c2964043eba69f.html
2025-05-22 05:55:15,031 - P14756 - INFO - Candidates address: 0 items
2025-05-22 05:55:15,031 - P14756 - INFO - Candidates phone: 0 items
2025-05-22 05:55:15,031 - P14756 - INFO - Candidates email: 0 items
2025-05-22 05:55:15,032 - P14756 - INFO - Candidates complement: 0 items
2025-05-22 05:55:15,032 - P14756 - INFO - Candidates cep: 0 items
2025-05-22 05:55:15,032 - P14756 - INFO - Após processar URL 4 Uso de memória: 129.73 MB
2025-05-22 05:55:15,032 - P14756 - INFO - Processando URL 5/21: https://www.escavador.com/sobre/715410185/guilherme-henrique-soares-dos-santos
2025-05-22 05:55:17,988 - P14756 - INFO - HTML salvo para debug: data\debug_html_v10\6a20f75d09a105e4afc60ec3e66c798e.html
2025-05-22 05:55:18,003 - P14756 - INFO - Candidates address: 0 items
2025-05-22 05:55:18,003 - P14756 - INFO - Candidates phone: 0 items
2025-05-22 05:55:18,003 - P14756 - INFO - Candidates email: 0 items
2025-05-22 05:55:18,003 - P14756 - INFO - Candidates complement: 0 items
2025-05-22 05:55:18,003 - P14756 - INFO - Candidates cep: 0 items
2025-05-22 05:55:18,003 - P14756 - INFO - Após processar URL 5 Uso de memória: 129.73 MB
2025-05-22 05:55:18,004 - P14756 - INFO - Processando URL 6/21: https://www.consultacrm.com.br/index/medicos
2025-05-22 05:55:21,549 - P14756 - INFO - HTML salvo para debug: data\debug_html_v10\5160f80a456559a14416b9aff425fbda.html
2025-05-22 05:55:21,560 - P14756 - INFO - Candidates address: 0 items
2025-05-22 05:55:21,560 - P14756 - INFO - Candidates phone: 0 items
2025-05-22 05:55:21,560 - P14756 - INFO - Candidates email: 0 items
2025-05-22 05:55:21,560 - P14756 - INFO - Candidates complement: 0 items
2025-05-22 05:55:21,560 - P14756 - INFO - Candidates cep: 0 items
2025-05-22 05:55:21,561 - P14756 - INFO - Após processar URL 6 Uso de memória: 129.73 MB
2025-05-22 05:55:21,561 - P14756 - INFO - Processando URL 7/21: https://acervo.arquivopublico.sc.gov.br/uploads/r/arquivo-publico-do-estado-de-santa-catarina-apesc/9/2/1/92198364ae2cfeee3976a33deb4e9acd1d5ddf3f42bc4830fae0f911f00b568c/d1a6fdc0-6d20-4b58-8afe-da117729c7ac-24296-DOE_18179_06_08_2007_52F_JUCESC_18179_08F.pdf
2025-05-22 05:55:21,561 - P14756 - INFO - Ignorando URL de arquivo não-HTML: https://acervo.arquivopublico.sc.gov.br/uploads/r/arquivo-publico-do-estado-de-santa-catarina-apesc/9/2/1/92198364ae2cfeee3976a33deb4e9acd1d5ddf3f42bc4830fae0f911f00b568c/d1a6fdc0-6d20-4b58-8afe-da117729c7ac-24296-DOE_18179_06_08_2007_52F_JUCESC_18179_08F.pdf
2025-05-22 05:55:21,561 - P14756 - INFO - Após processar URL 7 Uso de memória: 129.73 MB
2025-05-22 05:55:21,561 - P14756 - INFO - Processando URL 8/21: http://cremesp.org.br/
2025-05-22 05:55:25,739 - P14756 - INFO - HTML salvo para debug: data\debug_html_v10\2a967318246f9658edeb1e0469c871fe.html
2025-05-22 05:55:25,764 - P14756 - INFO - Candidates address: 1 items
2025-05-22 05:55:25,764 - P14756 - INFO - Candidates phone: 1 items
2025-05-22 05:55:25,765 - P14756 - INFO - Candidates email: 0 items
2025-05-22 05:55:25,765 - P14756 - INFO - Candidates complement: 0 items
2025-05-22 05:55:25,765 - P14756 - INFO - Candidates cep: 2 items
2025-05-22 05:55:25,765 - P14756 - INFO - Após processar URL 8 Uso de memória: 129.73 MB
2025-05-22 05:55:25,765 - P14756 - INFO - Processando URL 9/21: https://osasco.sp.gov.br/site/wp-content/uploads/2015/11/httposasco.sp_.gov_.brcompsec1atosEd1194.pdf
2025-05-22 05:55:25,765 - P14756 - INFO - Ignorando URL de arquivo não-HTML: https://osasco.sp.gov.br/site/wp-content/uploads/2015/11/httposasco.sp_.gov_.brcompsec1atosEd1194.pdf
2025-05-22 05:55:25,766 - P14756 - INFO - Após processar URL 9 Uso de memória: 129.73 MB
2025-05-22 05:55:25,766 - P14756 - INFO - Processando URL 10/21: https://www.portaltransparencia.gov.br/pessoa-fisica/busca/lista
2025-05-22 05:55:29,190 - P14756 - INFO - HTML salvo para debug: data\debug_html_v10\e200cdf64b71d4c9248718dd155b3edb.html
2025-05-22 05:55:29,225 - P14756 - INFO - Candidates address: 0 items
2025-05-22 05:55:29,225 - P14756 - INFO - Candidates phone: 0 items
2025-05-22 05:55:29,226 - P14756 - INFO - Candidates email: 0 items
2025-05-22 05:55:29,226 - P14756 - INFO - Candidates complement: 0 items
2025-05-22 05:55:29,226 - P14756 - INFO - Candidates cep: 0 items
2025-05-22 05:55:29,226 - P14756 - INFO - Após processar URL 10 Uso de memória: 129.73 MB
2025-05-22 05:55:29,226 - P14756 - INFO - Processando URL 11/21: https://crmvirtual.cfm.org.br/ES/servico/pesquisar-por-medico
2025-05-22 05:55:32,086 - P14756 - INFO - HTML salvo para debug: data\debug_html_v10\0ff8b0bf2c6dbb46c836bac9c0cf4a16.html
2025-05-22 05:55:32,101 - P14756 - INFO - Candidates address: 0 items
2025-05-22 05:55:32,101 - P14756 - INFO - Candidates phone: 0 items
2025-05-22 05:55:32,101 - P14756 - INFO - Candidates email: 0 items
2025-05-22 05:55:32,102 - P14756 - INFO - Candidates complement: 0 items
2025-05-22 05:55:32,102 - P14756 - INFO - Candidates cep: 0 items
2025-05-22 05:55:32,102 - P14756 - INFO - Após processar URL 11 Uso de memória: 129.73 MB
2025-05-22 05:55:32,102 - P14756 - INFO - Processando URL 12/21: https://transparencia.cremesp.org.br/?siteAcao=guia_medico
2025-05-22 05:55:34,494 - P14756 - INFO - HTML salvo para debug: data\debug_html_v10\cb80cc007a72cc7a378681a92a58906a.html
2025-05-22 05:55:34,538 - P14756 - INFO - Candidates address: 1 items
2025-05-22 05:55:34,539 - P14756 - INFO - Candidates phone: 0 items
2025-05-22 05:55:34,539 - P14756 - INFO - Candidates email: 0 items
2025-05-22 05:55:34,539 - P14756 - INFO - Candidates complement: 0 items
2025-05-22 05:55:34,539 - P14756 - INFO - Candidates cep: 1 items
2025-05-22 05:55:34,539 - P14756 - INFO - Após processar URL 12 Uso de memória: 129.73 MB
2025-05-22 05:55:34,539 - P14756 - INFO - Processando URL 13/21: https://cliniguia.com/profissionais/guilherme-henrique-soares-dos-santos-700508928843960/
2025-05-22 05:55:39,072 - P14756 - INFO - HTML salvo para debug: data\debug_html_v10\1d100fe481d001bf77419c1c3d11dd52.html
2025-05-22 05:55:39,109 - P14756 - INFO - Candidates address: 0 items
2025-05-22 05:55:39,110 - P14756 - INFO - Candidates phone: 0 items
2025-05-22 05:55:39,110 - P14756 - INFO - Candidates email: 0 items
2025-05-22 05:55:39,110 - P14756 - INFO - Candidates complement: 0 items
2025-05-22 05:55:39,110 - P14756 - INFO - Candidates cep: 0 items
2025-05-22 05:55:39,111 - P14756 - INFO - Após processar URL 13 Uso de memória: 129.73 MB
2025-05-22 05:55:39,111 - P14756 - INFO - Processando URL 14/21: https://diario.tjrr.jus.br/dpj/dpj-20131206.pdf
2025-05-22 05:55:39,111 - P14756 - INFO - Ignorando URL de arquivo não-HTML: https://diario.tjrr.jus.br/dpj/dpj-20131206.pdf
2025-05-22 05:55:39,111 - P14756 - INFO - Após processar URL 14 Uso de memória: 129.73 MB
2025-05-22 05:55:39,111 - P14756 - INFO - Processando URL 15/21: https://www.consultacrm.com.br/index/profissionais
2025-05-22 05:55:42,474 - P14756 - INFO - HTML salvo para debug: data\debug_html_v10\ca7ac6c4b85cee4a2c1da9949f895117.html
2025-05-22 05:55:42,485 - P14756 - INFO - Candidates address: 0 items
2025-05-22 05:55:42,485 - P14756 - INFO - Candidates phone: 0 items
2025-05-22 05:55:42,485 - P14756 - INFO - Candidates email: 0 items
2025-05-22 05:55:42,486 - P14756 - INFO - Candidates complement: 0 items
2025-05-22 05:55:42,486 - P14756 - INFO - Candidates cep: 0 items
2025-05-22 05:55:42,486 - P14756 - INFO - Após processar URL 15 Uso de memória: 129.73 MB
2025-05-22 05:55:42,486 - P14756 - INFO - Processando URL 16/21: https://www.boaconsulta.com/especialista/guilherme-henrique-dos-santos-6106cf90a2e00a6411000f1b
2025-05-22 05:55:45,311 - P14756 - INFO - HTML salvo para debug: data\debug_html_v10\a30b61d8a532d6fc4253a0be9a8b1402.html
2025-05-22 05:55:45,387 - P14756 - INFO - Candidates address: 16 items
2025-05-22 05:55:45,388 - P14756 - INFO - Candidates phone: 0 items
2025-05-22 05:55:45,388 - P14756 - INFO - Candidates email: 0 items
2025-05-22 05:55:45,388 - P14756 - INFO - Candidates complement: 4 items
2025-05-22 05:55:45,388 - P14756 - INFO - Candidates cep: 0 items
2025-05-22 05:55:45,388 - P14756 - INFO - Após processar URL 16 Uso de memória: 130.52 MB
2025-05-22 05:55:45,388 - P14756 - INFO - Processando URL 17/21: https://www.boaconsulta.com/especialista/guilherme-henrique-soares-dos-santos-64ad8d145a7bb822f101c02a
2025-05-22 05:55:47,979 - P14756 - INFO - HTML salvo para debug: data\debug_html_v10\b1c8271b9cfc61c421a36cbbef2713af.html
2025-05-22 05:55:48,040 - P14756 - INFO - Candidates address: 1 items
2025-05-22 05:55:48,041 - P14756 - INFO - Candidates phone: 0 items
2025-05-22 05:55:48,041 - P14756 - INFO - Candidates email: 0 items
2025-05-22 05:55:48,041 - P14756 - INFO - Candidates complement: 0 items
2025-05-22 05:55:48,041 - P14756 - INFO - Candidates cep: 0 items
2025-05-22 05:55:48,041 - P14756 - INFO - Após processar URL 17 Uso de memória: 131.25 MB
2025-05-22 05:55:48,041 - P14756 - INFO - Processando URL 18/21: https://portal.cfm.org.br/busca-medicos
2025-05-22 05:55:51,353 - P14756 - INFO - HTML salvo para debug: data\debug_html_v10\e28ae84aaa177d1328f3a0d1fb68449f.html
2025-05-22 05:55:51,393 - P14756 - INFO - Candidates address: 0 items
2025-05-22 05:55:51,393 - P14756 - INFO - Candidates phone: 0 items
2025-05-22 05:55:51,393 - P14756 - INFO - Candidates email: 1 items
2025-05-22 05:55:51,394 - P14756 - INFO - Candidates complement: 1 items
2025-05-22 05:55:51,394 - P14756 - INFO - Candidates cep: 1 items
2025-05-22 05:55:51,394 - P14756 - INFO - Após processar URL 18 Uso de memória: 129.73 MB
2025-05-22 05:55:51,394 - P14756 - INFO - Processando URL 19/21: https://cnes2.datasus.gov.br/Mod_Profissional.asp?VCo_Unidade=3546804001885
2025-05-22 05:55:53,934 - P14756 - INFO - HTML salvo para debug: data\debug_html_v10\e015141603dab348ade95ebae277ecd0.html
2025-05-22 05:55:53,951 - P14756 - INFO - Candidates address: 0 items
2025-05-22 05:55:53,951 - P14756 - INFO - Candidates phone: 0 items
2025-05-22 05:55:53,951 - P14756 - INFO - Candidates email: 0 items
2025-05-22 05:55:53,951 - P14756 - INFO - Candidates complement: 0 items
2025-05-22 05:55:53,951 - P14756 - INFO - Candidates cep: 9 items
2025-05-22 05:55:53,951 - P14756 - INFO - Após processar URL 19 Uso de memória: 129.73 MB
2025-05-22 05:55:53,951 - P14756 - INFO - Processando URL 20/21: https://cnpj.biz/53183234000188
2025-05-22 05:55:58,151 - P14756 - INFO - HTML salvo para debug: data\debug_html_v10\63a92b6665a85323d6f69c7024710e79.html
2025-05-22 05:55:58,164 - P14756 - INFO - Candidates address: 2 items
2025-05-22 05:55:58,165 - P14756 - INFO - Candidates phone: 1 items
2025-05-22 05:55:58,165 - P14756 - INFO - Candidates email: 1 items
2025-05-22 05:55:58,165 - P14756 - INFO - Candidates complement: 0 items
2025-05-22 05:55:58,165 - P14756 - INFO - Candidates cep: 3 items
2025-05-22 05:55:58,165 - P14756 - INFO - Após processar URL 20 Uso de memória: 129.73 MB
2025-05-22 05:55:58,165 - P14756 - INFO - Processando URL 21/21: https://consultacrm.com.br/
2025-05-22 05:56:01,994 - P14756 - INFO - HTML salvo para debug: data\debug_html_v10\65cadeb91ac3713432c21b535990f440.html
2025-05-22 05:56:02,005 - P14756 - INFO - Candidates address: 0 items
2025-05-22 05:56:02,005 - P14756 - INFO - Candidates phone: 0 items
2025-05-22 05:56:02,005 - P14756 - INFO - Candidates email: 0 items
2025-05-22 05:56:02,005 - P14756 - INFO - Candidates complement: 0 items
2025-05-22 05:56:02,005 - P14756 - INFO - Candidates cep: 0 items
2025-05-22 05:56:02,006 - P14756 - INFO - Após processar URL 21 Uso de memória: 129.75 MB
2025-05-22 05:56:02,006 - P14756 - INFO - Iniciando agregação e ranqueamento
2025-05-22 05:56:02,006 - P14756 - INFO - Ranked address: 20 items
2025-05-22 05:56:02,006 - P14756 - INFO - Ranked phone: 3 items
2025-05-22 05:56:02,006 - P14756 - INFO - Ranked email: 3 items
2025-05-22 05:56:02,006 - P14756 - INFO - Ranked complement: 6 items
2025-05-22 05:56:02,007 - P14756 - INFO - Ranked cep: 16 items
2025-05-22 05:56:02,007 - P14756 - INFO - Após agregação Uso de memória: 129.75 MB
2025-05-22 05:56:02,007 - P14756 - INFO - Validando endereço: ['Rua Frei Caneca, 1282', 'Rua Cincinato Braga, 340', 'Rua Cubatão, 86']
2025-05-22 05:56:02,007 - P14756 - INFO - Endereço validado: Rua Frei Caneca, 1282
2025-05-22 05:56:02,007 - P14756 - INFO - Limpando texto extenso para campo address: Rua Frei Caneca, 1282...
2025-05-22 05:56:02,008 - P14756 - INFO - Texto limpo: Rua Frei Caneca, 1282
2025-05-22 05:56:02,008 - P14756 - INFO - Validando telefone: ['(11) 4349-9900', '(11) 93774-1036', '(34) 99100-1407']
2025-05-22 05:56:02,008 - P14756 - INFO - Limpando texto extenso para campo phone: (11) 4349-9900...
2025-05-22 05:56:02,008 - P14756 - INFO - Texto limpo: 11) 4349-9900
2025-05-22 05:56:02,008 - P14756 - INFO - Telefone validado: 11) 4349-9900
2025-05-22 05:56:02,008 - P14756 - INFO - Validando email: ['dr@drguilhermehenrique.com.br', 'cfm@portalmedico.org.br', 'guilhermehrq1407@gmail.com']
2025-05-22 05:56:02,008 - P14756 - INFO - Limpando texto extenso para campo email: dr@drguilhermehenrique.com.br...
2025-05-22 05:56:02,009 - P14756 - INFO - Texto limpo: dr@drguilhermehenrique.com.br
2025-05-22 05:56:02,009 - P14756 - INFO - Email validado: dr@drguilhermehenrique.com.br
2025-05-22 05:56:02,009 - P14756 - INFO - Validando complemento: ['Sala 51   ', 'Conjunto 31 Vila Nova Conceição', 'Sala12']
2025-05-22 05:56:02,009 - P14756 - INFO - Limpando texto extenso para campo complement: Sala 51   ...
2025-05-22 05:56:02,009 - P14756 - INFO - Texto limpo: Sala 51
2025-05-22 05:56:02,009 - P14756 - INFO - Complemento validado: Sala 51
2025-05-22 05:56:02,009 - P14756 - INFO - Descobrindo cidade
2025-05-22 05:56:02,010 - P14756 - INFO - Buscando cidade: Rua Frei Caneca cidade SP
2025-05-22 05:56:04,652 - P14756 - WARNING - Cidade não encontrada
2025-05-22 05:56:04,653 - P14756 - INFO - Cidade descoberta: 
2025-05-22 05:56:04,653 - P14756 - INFO - Tempo de execução de processamento completo do médico: 64.86 segundos
2025-05-22 05:56:04,654 - P14756 - INFO - Resultado processado: {'Hash': '60117210bdc18e5847675fb499202c53c2aa79f25134d9e7bc53f65661498552', 'CRM': '208656', 'UF': 'SP', 'Firstname': 'GUILHERME', 'LastName': 'HENRIQUE SOARES DOS SANTOS', 'Medical specialty': '', 'Endereco Completo A1': 'Rua Frei Caneca, 1282', 'Address A1': 'Rua Frei Caneca', 'Numero A1': '1282', 'Complement A1': 'Sala 51', 'Bairro A1': '', 'postal code A1': '', 'City A1': '', 'State A1': '', 'Phone A1': '11) 4349-9900', 'Phone A2': '', 'Cell phone A1': '', 'Cell phone A2': '', 'E-mail A1': 'dr@drguilhermehenrique.com.br', 'E-mail A2': '', 'OPT-IN': '', 'STATUS': '', 'LOTE': ''}
2025-05-22 05:56:04,654 - P14756 - INFO - Salvando lote de resultados
2025-05-22 05:56:04,654 - P14756 - INFO - Após salvar resultados Uso de memória: 127.72 MB
2025-05-22 05:56:04,655 - P14756 - INFO - Progresso: 100.0%
2025-05-22 05:56:04,655 - P14756 - INFO - Tempo de execução de processamento do médico 3: 64.86 segundos
2025-05-22 05:56:04,655 - P14756 - INFO - Tempo de execução de processamento do lote completo: 166.12 segundos
