2025-05-22 02:25:12,378 - P17320 - INFO - 
==================================================
Processando médico 1/3
2025-05-22 02:25:12,378 - P17320 - INFO - Nome: MAYRA WAINSTOK ESTIVIL BUSTOS
2025-05-22 02:25:12,379 - P17320 - INFO - Reiniciando driver do Chrome
2025-05-22 02:25:13,725 - P17320 - INFO - Após reiniciar driver Uso de memória: 100.68 MB
2025-05-22 02:25:13,726 - P17320 - INFO - Início do processamento Uso de memória: 100.68 MB
2025-05-22 02:25:13,726 - P17320 - INFO - Iniciando busca para: MAYRA WAINSTOK ESTIVIL BUSTOS CRM 904589 RJ telefone e-mail endereço
2025-05-22 02:25:14,150 - P17320 - INFO - SearX results: 0 URLs
2025-05-22 02:25:14,151 - P17320 - INFO - Após SearX Uso de memória: 100.68 MB
2025-05-22 02:25:17,212 - P17320 - INFO - Google results: 1 URLs
2025-05-22 02:25:17,212 - P17320 - INFO - Após Google Uso de memória: 100.68 MB
2025-05-22 02:25:19,631 - P17320 - INFO - Bing results: 10 URLs
2025-05-22 02:25:19,632 - P17320 - INFO - Após Bing Uso de memória: 100.83 MB
2025-05-22 02:25:19,632 - P17320 - INFO - Total de URLs únicas: 11
2025-05-22 02:25:19,633 - P17320 - INFO - Processando URL 1/11: https://empresasweb.net/emp/membyra-cuidados-essenciais-ltda-52554667
2025-05-22 02:25:22,094 - P17320 - INFO - HTML salvo para debug: data\debug_html_v10\60cf92507ef3869f5d4f676ef3005a07.html
2025-05-22 02:25:22,106 - P17320 - INFO - Candidates address: 1 items
2025-05-22 02:25:22,106 - P17320 - INFO - Candidates phone: 2 items
2025-05-22 02:25:22,107 - P17320 - INFO - Candidates email: 1 items
2025-05-22 02:25:22,107 - P17320 - INFO - Candidates complement: 0 items
2025-05-22 02:25:22,107 - P17320 - INFO - Candidates cep: 1 items
2025-05-22 02:25:22,107 - P17320 - INFO - Após processar URL 1 Uso de memória: 100.83 MB
2025-05-22 02:25:22,107 - P17320 - INFO - Processando URL 2/11: https://apepi.org/prescritores/mayra-wainstok-estivil-bustos/
2025-05-22 02:25:27,848 - P17320 - INFO - HTML salvo para debug: data\debug_html_v10\f18f7af29e32f46def49f33d6e301b0f.html
2025-05-22 02:25:27,868 - P17320 - INFO - Candidates address: 1 items
2025-05-22 02:25:27,868 - P17320 - INFO - Candidates phone: 1 items
2025-05-22 02:25:27,869 - P17320 - INFO - Candidates email: 0 items
2025-05-22 02:25:27,869 - P17320 - INFO - Candidates complement: 0 items
2025-05-22 02:25:27,869 - P17320 - INFO - Candidates cep: 2 items
2025-05-22 02:25:27,870 - P17320 - INFO - Após processar URL 2 Uso de memória: 100.83 MB
2025-05-22 02:25:27,870 - P17320 - INFO - Processando URL 3/11: https://guiadocnpj.com.br/rj/rio-de-janeiro/mendes-e-wainstok-cuidados-essenciais/34675354000158
2025-05-22 02:25:34,903 - P17320 - INFO - HTML salvo para debug: data\debug_html_v10\3aaf9236ab33137eeaa49ebc78bc80e0.html
2025-05-22 02:25:34,933 - P17320 - INFO - Candidates address: 0 items
2025-05-22 02:25:34,933 - P17320 - INFO - Candidates phone: 2 items
2025-05-22 02:25:34,934 - P17320 - INFO - Candidates email: 1 items
2025-05-22 02:25:34,934 - P17320 - INFO - Candidates complement: 0 items
2025-05-22 02:25:34,934 - P17320 - INFO - Candidates cep: 1 items
2025-05-22 02:25:34,934 - P17320 - INFO - Após processar URL 3 Uso de memória: 102.44 MB
2025-05-22 02:25:34,934 - P17320 - INFO - Processando URL 4/11: https://www.sociosbrasil.com/nome/mayra-wainstok-estivil-bustos
2025-05-22 02:25:39,350 - P17320 - INFO - HTML salvo para debug: data\debug_html_v10\f3cbd57efc2a601991cd855adf54792a.html
2025-05-22 02:25:39,355 - P17320 - INFO - Candidates address: 1 items
2025-05-22 02:25:39,356 - P17320 - INFO - Candidates phone: 0 items
2025-05-22 02:25:39,356 - P17320 - INFO - Candidates email: 2 items
2025-05-22 02:25:39,356 - P17320 - INFO - Candidates complement: 0 items
2025-05-22 02:25:39,356 - P17320 - INFO - Candidates cep: 3 items
2025-05-22 02:25:39,356 - P17320 - INFO - Após processar URL 4 Uso de memória: 100.85 MB
2025-05-22 02:25:39,357 - P17320 - INFO - Processando URL 5/11: https://www.econodata.com.br/consulta-empresa/52554667000130-MEMBYRA-CUIDADOS-ESSENCIAIS-LTDA
2025-05-22 02:25:44,178 - P17320 - INFO - HTML salvo para debug: data\debug_html_v10\485ca97fb989101c19c165f5c5344c72.html
2025-05-22 02:25:44,298 - P17320 - INFO - Candidates address: 25 items
2025-05-22 02:25:44,299 - P17320 - INFO - Candidates phone: 0 items
2025-05-22 02:25:44,299 - P17320 - INFO - Candidates email: 0 items
2025-05-22 02:25:44,299 - P17320 - INFO - Candidates complement: 0 items
2025-05-22 02:25:44,299 - P17320 - INFO - Candidates cep: 1 items
2025-05-22 02:25:44,299 - P17320 - INFO - Após processar URL 5 Uso de memória: 101.79 MB
2025-05-22 02:25:44,300 - P17320 - INFO - Processando URL 6/11: https://www.escavador.com/sobre/491628238/mayra-wainstok-estivil-bustos
2025-05-22 02:25:48,190 - P17320 - INFO - HTML salvo para debug: data\debug_html_v10\1c666afb50a342d4e6f41d967353094b.html
2025-05-22 02:25:48,206 - P17320 - INFO - Candidates address: 0 items
2025-05-22 02:25:48,207 - P17320 - INFO - Candidates phone: 0 items
2025-05-22 02:25:48,207 - P17320 - INFO - Candidates email: 0 items
2025-05-22 02:25:48,207 - P17320 - INFO - Candidates complement: 0 items
2025-05-22 02:25:48,207 - P17320 - INFO - Candidates cep: 0 items
2025-05-22 02:25:48,207 - P17320 - INFO - Após processar URL 6 Uso de memória: 101.78 MB
2025-05-22 02:25:48,207 - P17320 - INFO - Processando URL 7/11: https://www.consultacrm.com.br/index/profissionais/uid-11e87423-f5c5-11ec-9e74-0a4aa568c625/mayra_wainstok_estivil_bustos
2025-05-22 02:25:53,944 - P17320 - INFO - HTML salvo para debug: data\debug_html_v10\aa24714a346dc7aa3ff840ef59b4f9fb.html
2025-05-22 02:25:53,955 - P17320 - INFO - Candidates address: 0 items
2025-05-22 02:25:53,955 - P17320 - INFO - Candidates phone: 0 items
2025-05-22 02:25:53,955 - P17320 - INFO - Candidates email: 0 items
2025-05-22 02:25:53,955 - P17320 - INFO - Candidates complement: 0 items
2025-05-22 02:25:53,956 - P17320 - INFO - Candidates cep: 0 items
2025-05-22 02:25:53,956 - P17320 - INFO - Após processar URL 7 Uso de memória: 101.81 MB
2025-05-22 02:25:53,956 - P17320 - INFO - Processando URL 8/11: https://aboutcompany.info/country/brazil/officer/591206/rafael-de-oliveira-mendes/
2025-05-22 02:25:57,890 - P17320 - INFO - HTML salvo para debug: data\debug_html_v10\5afa316139d9118a6c88ac1359ac8f29.html
2025-05-22 02:25:57,909 - P17320 - INFO - Candidates address: 0 items
2025-05-22 02:25:57,909 - P17320 - INFO - Candidates phone: 0 items
2025-05-22 02:25:57,909 - P17320 - INFO - Candidates email: 0 items
2025-05-22 02:25:57,910 - P17320 - INFO - Candidates complement: 0 items
2025-05-22 02:25:57,910 - P17320 - INFO - Candidates cep: 0 items
2025-05-22 02:25:57,910 - P17320 - INFO - Após processar URL 8 Uso de memória: 101.81 MB
2025-05-22 02:25:57,910 - P17320 - INFO - Processando URL 9/11: https://www.planodesaudesp.net/perfil/mayra_wainstok_estivil_bustos--2960554
2025-05-22 02:26:02,880 - P17320 - INFO - HTML salvo para debug: data\debug_html_v10\3b566dd396acea9c97a5031dac3d8528.html
2025-05-22 02:26:02,901 - P17320 - INFO - Candidates address: 3 items
2025-05-22 02:26:02,902 - P17320 - INFO - Candidates phone: 1 items
2025-05-22 02:26:02,903 - P17320 - INFO - Candidates email: 0 items
2025-05-22 02:26:02,904 - P17320 - INFO - Candidates complement: 1 items
2025-05-22 02:26:02,905 - P17320 - INFO - Candidates cep: 1 items
2025-05-22 02:26:02,906 - P17320 - INFO - Após processar URL 9 Uso de memória: 101.81 MB
2025-05-22 02:26:02,907 - P17320 - INFO - Processando URL 10/11: https://www.planodesaudesp.net/perfil/mayra_wainstok_estivil_bustos--2960554#:~:text=Mayra%20Wainstok%20Estivil%20Bustos%2C%20M%C3%A9dico%20Psiquiatra%2C%20todas%20as,endere%C3%A7o%2C%20telefone%20e%20local%20de%20trabalho%20em%20Niter%C3%B3i.
2025-05-22 02:26:04,942 - P17320 - INFO - HTML salvo para debug: data\debug_html_v10\807b21838fbe16e4b089f80a6a5fce23.html
2025-05-22 02:26:04,956 - P17320 - INFO - Candidates address: 3 items
2025-05-22 02:26:04,956 - P17320 - INFO - Candidates phone: 1 items
2025-05-22 02:26:04,956 - P17320 - INFO - Candidates email: 0 items
2025-05-22 02:26:04,956 - P17320 - INFO - Candidates complement: 1 items
2025-05-22 02:26:04,957 - P17320 - INFO - Candidates cep: 1 items
2025-05-22 02:26:04,957 - P17320 - INFO - Após processar URL 10 Uso de memória: 101.81 MB
2025-05-22 02:26:04,957 - P17320 - INFO - Processando URL 11/11: http://www.transparencia.cremerj.org.br:8098/planejamento/registroMedico/pesquisar
2025-05-22 02:26:07,326 - P17320 - INFO - HTML salvo para debug: data\debug_html_v10\19128e1d0b16c1bd37c280ce751655f7.html
2025-05-22 02:26:07,356 - P17320 - INFO - Candidates address: 0 items
2025-05-22 02:26:07,356 - P17320 - INFO - Candidates phone: 1 items
2025-05-22 02:26:07,357 - P17320 - INFO - Candidates email: 0 items
2025-05-22 02:26:07,357 - P17320 - INFO - Candidates complement: 0 items
2025-05-22 02:26:07,357 - P17320 - INFO - Candidates cep: 1 items
2025-05-22 02:26:07,357 - P17320 - INFO - Após processar URL 11 Uso de memória: 101.81 MB
2025-05-22 02:26:07,357 - P17320 - INFO - Iniciando agregação e ranqueamento
2025-05-22 02:26:07,357 - P17320 - INFO - Ranked address: 30 items
2025-05-22 02:26:07,358 - P17320 - INFO - Ranked phone: 7 items
2025-05-22 02:26:07,358 - P17320 - INFO - Ranked email: 3 items
2025-05-22 02:26:07,358 - P17320 - INFO - Ranked complement: 1 items
2025-05-22 02:26:07,358 - P17320 - INFO - Ranked cep: 8 items
2025-05-22 02:26:07,358 - P17320 - INFO - Após agregação Uso de memória: 101.81 MB
2025-05-22 02:26:07,358 - P17320 - INFO - Validando endereço: ['Rua General Cornelio de Barros, 5', 'Rua Marques do Parana, 303', 'Rua Albino Pereira, 353']
2025-05-22 02:26:07,358 - P17320 - INFO - Endereço validado: Rua General Cornelio de Barros, 5
2025-05-22 02:26:07,359 - P17320 - INFO - Limpando texto extenso para campo address: Rua General Cornelio de Barros, 5...
2025-05-22 02:26:07,359 - P17320 - INFO - Texto limpo: Rua General Cornelio de Barros, 5
2025-05-22 02:26:07,359 - P17320 - INFO - Validando telefone: ['(21) 2610-7678', '+552183486092', '+552134727556']
2025-05-22 02:26:07,359 - P17320 - INFO - Limpando texto extenso para campo phone: (21) 2610-7678...
2025-05-22 02:26:07,359 - P17320 - INFO - Texto limpo: 21) 2610-7678
2025-05-22 02:26:07,359 - P17320 - INFO - Telefone validado: 21) 2610-7678
2025-05-22 02:26:07,359 - P17320 - INFO - Validando email: ['CONTABISOMAR.DP@GMAIL.COM', 'contato@guiadocnpj.com.br', 'MENDESWAINSTOK@GMAIL.COM']
2025-05-22 02:26:07,359 - P17320 - INFO - Limpando texto extenso para campo email: CONTABISOMAR.DP@GMAIL.COM...
2025-05-22 02:26:07,360 - P17320 - INFO - Texto limpo: contabisomar.dp@gmail.com
2025-05-22 02:26:07,360 - P17320 - INFO - Email validado: contabisomar.dp@gmail.com
2025-05-22 02:26:07,360 - P17320 - INFO - Validando complemento: ['Sala 1608 ']
2025-05-22 02:26:07,360 - P17320 - INFO - Limpando texto extenso para campo complement: Sala 1608 ...
2025-05-22 02:26:07,360 - P17320 - INFO - Texto limpo: Sala 1608
2025-05-22 02:26:07,360 - P17320 - INFO - Complemento validado: Sala 1608
2025-05-22 02:26:07,360 - P17320 - INFO - Descobrindo cidade
2025-05-22 02:26:07,361 - P17320 - INFO - Buscando cidade: Rua General Cornelio de Barros cidade RJ
2025-05-22 02:26:10,098 - P17320 - WARNING - Cidade não encontrada
2025-05-22 02:26:10,101 - P17320 - INFO - Cidade descoberta: 
2025-05-22 02:26:10,102 - P17320 - INFO - Tempo de execução de processamento completo do médico: 56.38 segundos
2025-05-22 02:26:10,102 - P17320 - INFO - Resultado processado: {'Hash': 'a6b727a5b504986bc7304e30d7254ede59002664846dc9b6f72f819b4e357238', 'CRM': '904589', 'UF': 'RJ', 'Firstname': 'MAYRA', 'LastName': 'WAINSTOK ESTIVIL BUSTOS', 'Medical specialty': '', 'Endereco Completo A1': 'Rua General Cornelio de Barros, 5', 'Address A1': 'Rua General Cornelio de Barros', 'Numero A1': '5', 'Complement A1': 'Sala 1608', 'Bairro A1': '', 'postal code A1': '', 'City A1': '', 'State A1': '', 'Phone A1': '21) 2610-7678', 'Phone A2': '', 'Cell phone A1': '', 'Cell phone A2': '', 'E-mail A1': 'contabisomar.dp@gmail.com', 'E-mail A2': '', 'OPT-IN': '', 'STATUS': '', 'LOTE': ''}
2025-05-22 02:26:10,104 - P17320 - INFO - Progresso: 25.3%
2025-05-22 02:26:10,104 - P17320 - INFO - Executando coleta de lixo
2025-05-22 02:26:10,144 - P17320 - INFO - Após coleta de lixo Uso de memória: 93.76 MB
2025-05-22 02:26:10,144 - P17320 - INFO - Tempo de execução de processamento do médico 1: 57.77 segundos
2025-05-22 02:26:10,145 - P17320 - INFO - 
==================================================
Processando médico 2/3
2025-05-22 02:26:10,145 - P17320 - INFO - Nome: JULIANA DENECKE MARINARI RODRIGUES
2025-05-22 02:26:10,145 - P17320 - INFO - Início do processamento Uso de memória: 93.76 MB
2025-05-22 02:26:10,145 - P17320 - INFO - Iniciando busca para: JULIANA DENECKE MARINARI RODRIGUES CRM 907740 RJ telefone e-mail endereço
2025-05-22 02:26:10,547 - P17320 - INFO - SearX results: 1 URLs
2025-05-22 02:26:10,547 - P17320 - INFO - Após SearX Uso de memória: 93.76 MB
2025-05-22 02:26:13,408 - P17320 - INFO - Google results: 6 URLs
2025-05-22 02:26:13,408 - P17320 - INFO - Após Google Uso de memória: 97.09 MB
2025-05-22 02:26:16,036 - P17320 - INFO - Bing results: 10 URLs
2025-05-22 02:26:16,037 - P17320 - INFO - Após Bing Uso de memória: 99.16 MB
2025-05-22 02:26:16,037 - P17320 - INFO - Total de URLs únicas: 15
2025-05-22 02:26:16,037 - P17320 - INFO - Processando URL 1/15: https://empresasweb.net/emp/juliana-denecke-marinari-rodrigues-ltda-48728510
2025-05-22 02:26:18,431 - P17320 - INFO - HTML salvo para debug: data\debug_html_v10\e65dd69e1415ecfadec47bc3d346d71d.html
2025-05-22 02:26:18,443 - P17320 - INFO - Candidates address: 0 items
2025-05-22 02:26:18,443 - P17320 - INFO - Candidates phone: 1 items
2025-05-22 02:26:18,443 - P17320 - INFO - Candidates email: 1 items
2025-05-22 02:26:18,443 - P17320 - INFO - Candidates complement: 1 items
2025-05-22 02:26:18,443 - P17320 - INFO - Candidates cep: 1 items
2025-05-22 02:26:18,444 - P17320 - INFO - Após processar URL 1 Uso de memória: 99.38 MB
2025-05-22 02:26:18,444 - P17320 - INFO - Processando URL 2/15: https://consultas.plus/lista-de-empresas/rio-de-janeiro/rio-de-janeiro/48728510000106-juliana-denecke-marinari-rodrigues-ltda/
2025-05-22 02:26:22,415 - P17320 - INFO - HTML salvo para debug: data\debug_html_v10\368ee5b4c73d3866474ab407d1182edd.html
2025-05-22 02:26:22,437 - P17320 - INFO - Candidates address: 0 items
2025-05-22 02:26:22,437 - P17320 - INFO - Candidates phone: 1 items
2025-05-22 02:26:22,437 - P17320 - INFO - Candidates email: 1 items
2025-05-22 02:26:22,437 - P17320 - INFO - Candidates complement: 1 items
2025-05-22 02:26:22,437 - P17320 - INFO - Candidates cep: 1 items
2025-05-22 02:26:22,438 - P17320 - INFO - Após processar URL 2 Uso de memória: 99.98 MB
2025-05-22 02:26:22,438 - P17320 - INFO - Processando URL 3/15: https://www.doctoralia.com.br/juliana-guimaraes-5/psiquiatra/rio-de-janeiro?utm_source=google&utm_medium=gmb&utm_campaign=663625&utm_content=website
2025-05-22 02:26:22,438 - P17320 - INFO - Ignorando URL de arquivo não-HTML: https://www.doctoralia.com.br/juliana-guimaraes-5/psiquiatra/rio-de-janeiro?utm_source=google&utm_medium=gmb&utm_campaign=663625&utm_content=website
2025-05-22 02:26:22,439 - P17320 - INFO - Após processar URL 3 Uso de memória: 99.98 MB
2025-05-22 02:26:22,439 - P17320 - INFO - Processando URL 4/15: https://www.doctoralia.com.br/juliana-denecke-marinari-rodrigues/psiquiatra/sao-goncalo
2025-05-22 02:26:22,439 - P17320 - INFO - Ignorando URL de arquivo não-HTML: https://www.doctoralia.com.br/juliana-denecke-marinari-rodrigues/psiquiatra/sao-goncalo
2025-05-22 02:26:22,440 - P17320 - INFO - Após processar URL 4 Uso de memória: 99.98 MB
2025-05-22 02:26:22,440 - P17320 - INFO - Processando URL 5/15: https://www.doctoralia.com.br/psiquiatra/niteroi/jardim-icarai
2025-05-22 02:26:22,440 - P17320 - INFO - Ignorando URL de arquivo não-HTML: https://www.doctoralia.com.br/psiquiatra/niteroi/jardim-icarai
2025-05-22 02:26:22,440 - P17320 - INFO - Após processar URL 5 Uso de memória: 99.98 MB
2025-05-22 02:26:22,440 - P17320 - INFO - Processando URL 6/15: https://www.econodata.com.br/consulta-empresa/48728510000106-JULIANA-DENECKE-MARINARI-RODRIGUES-LTDA
2025-05-22 02:26:26,054 - P17320 - INFO - HTML salvo para debug: data\debug_html_v10\84b1346a09dbe01e0586cc276cc3fe2d.html
2025-05-22 02:26:26,185 - P17320 - INFO - Candidates address: 23 items
2025-05-22 02:26:26,185 - P17320 - INFO - Candidates phone: 0 items
2025-05-22 02:26:26,185 - P17320 - INFO - Candidates email: 0 items
2025-05-22 02:26:26,185 - P17320 - INFO - Candidates complement: 2 items
2025-05-22 02:26:26,186 - P17320 - INFO - Candidates cep: 1 items
2025-05-22 02:26:26,186 - P17320 - INFO - Após processar URL 6 Uso de memória: 101.89 MB
2025-05-22 02:26:26,186 - P17320 - INFO - Processando URL 7/15: https://www.doctoralia.com.br/doencas/esquizofrenia/niteroi
2025-05-22 02:26:26,186 - P17320 - INFO - Ignorando URL de arquivo não-HTML: https://www.doctoralia.com.br/doencas/esquizofrenia/niteroi
2025-05-22 02:26:26,187 - P17320 - INFO - Após processar URL 7 Uso de memória: 101.07 MB
2025-05-22 02:26:26,187 - P17320 - INFO - Processando URL 8/15: https://guiasaudebrasil.com.br/profissional/7ecb5532a5b3fb38-juliana-denecke-marinari-rodrigues
2025-05-22 02:26:32,501 - P17320 - INFO - HTML salvo para debug: data\debug_html_v10\2677c1e73622f072045ffb53008f6534.html
2025-05-22 02:26:32,510 - P17320 - INFO - Candidates address: 0 items
2025-05-22 02:26:32,511 - P17320 - INFO - Candidates phone: 0 items
2025-05-22 02:26:32,511 - P17320 - INFO - Candidates email: 0 items
2025-05-22 02:26:32,512 - P17320 - INFO - Candidates complement: 0 items
2025-05-22 02:26:32,512 - P17320 - INFO - Candidates cep: 1 items
2025-05-22 02:26:32,513 - P17320 - INFO - Após processar URL 8 Uso de memória: 101.79 MB
2025-05-22 02:26:32,513 - P17320 - INFO - Processando URL 9/15: https://consultorio.me/pro/juliana-duraes-das-neves
2025-05-22 02:26:35,241 - P17320 - INFO - HTML salvo para debug: data\debug_html_v10\54fd5c8b96d07ed1b49342f30b77dcf7.html
2025-05-22 02:26:35,251 - P17320 - INFO - Candidates address: 0 items
2025-05-22 02:26:35,251 - P17320 - INFO - Candidates phone: 1 items
2025-05-22 02:26:35,251 - P17320 - INFO - Candidates email: 0 items
2025-05-22 02:26:35,251 - P17320 - INFO - Candidates complement: 0 items
2025-05-22 02:26:35,251 - P17320 - INFO - Candidates cep: 1 items
2025-05-22 02:26:35,252 - P17320 - INFO - Após processar URL 9 Uso de memória: 102.05 MB
2025-05-22 02:26:35,252 - P17320 - INFO - Processando URL 10/15: https://www.doctoralia.com.br/psiquiatra/niteroi/icarai
2025-05-22 02:26:35,252 - P17320 - INFO - Ignorando URL de arquivo não-HTML: https://www.doctoralia.com.br/psiquiatra/niteroi/icarai
2025-05-22 02:26:35,252 - P17320 - INFO - Após processar URL 10 Uso de memória: 102.05 MB
2025-05-22 02:26:35,252 - P17320 - INFO - Processando URL 11/15: https://cadastroempresa.com.br/fornecedor/juliana-denecke-psiquiatria-48728510000106
2025-05-22 02:26:37,855 - P17320 - INFO - HTML salvo para debug: data\debug_html_v10\ead2ce03acf20ae4f05ad586aeb60c88.html
2025-05-22 02:26:37,878 - P17320 - INFO - Candidates address: 0 items
2025-05-22 02:26:37,879 - P17320 - INFO - Candidates phone: 1 items
2025-05-22 02:26:37,879 - P17320 - INFO - Candidates email: 1 items
2025-05-22 02:26:37,880 - P17320 - INFO - Candidates complement: 3 items
2025-05-22 02:26:37,880 - P17320 - INFO - Candidates cep: 3 items
2025-05-22 02:26:37,880 - P17320 - INFO - Após processar URL 11 Uso de memória: 102.17 MB
2025-05-22 02:26:37,881 - P17320 - INFO - Processando URL 12/15: https://www.planodesaudesp.net/perfil/juliana_denecke_marinari_rodrigues--909568
2025-05-22 02:26:41,592 - P17320 - INFO - HTML salvo para debug: data\debug_html_v10\756c691b70f2ecfe726e37286ca449bf.html
2025-05-22 02:26:41,607 - P17320 - INFO - Candidates address: 7 items
2025-05-22 02:26:41,607 - P17320 - INFO - Candidates phone: 0 items
2025-05-22 02:26:41,607 - P17320 - INFO - Candidates email: 0 items
2025-05-22 02:26:41,607 - P17320 - INFO - Candidates complement: 1 items
2025-05-22 02:26:41,608 - P17320 - INFO - Candidates cep: 3 items
2025-05-22 02:26:41,608 - P17320 - INFO - Após processar URL 12 Uso de memória: 102.20 MB
2025-05-22 02:26:41,608 - P17320 - INFO - Processando URL 13/15: https://www.boaconsulta.com/especialista/juliana-denecke-marinari-rodrigues-6106d4dfa2e00a653a0057e7
2025-05-22 02:26:44,868 - P17320 - INFO - HTML salvo para debug: data\debug_html_v10\adcbbbbe4803cd48b6ec73b7d151c76f.html
2025-05-22 02:26:44,934 - P17320 - INFO - Candidates address: 1 items
2025-05-22 02:26:44,934 - P17320 - INFO - Candidates phone: 0 items
2025-05-22 02:26:44,934 - P17320 - INFO - Candidates email: 0 items
2025-05-22 02:26:44,934 - P17320 - INFO - Candidates complement: 0 items
2025-05-22 02:26:44,934 - P17320 - INFO - Candidates cep: 0 items
2025-05-22 02:26:44,935 - P17320 - INFO - Após processar URL 13 Uso de memória: 103.13 MB
2025-05-22 02:26:44,935 - P17320 - INFO - Processando URL 14/15: https://cnpj.biz/48728510000106
2025-05-22 02:26:49,660 - P17320 - INFO - HTML salvo para debug: data\debug_html_v10\225f2baed827f90ca8ad46860c4a89b5.html
2025-05-22 02:26:49,685 - P17320 - INFO - Candidates address: 2 items
2025-05-22 02:26:49,685 - P17320 - INFO - Candidates phone: 1 items
2025-05-22 02:26:49,686 - P17320 - INFO - Candidates email: 1 items
2025-05-22 02:26:49,686 - P17320 - INFO - Candidates complement: 2 items
2025-05-22 02:26:49,686 - P17320 - INFO - Candidates cep: 3 items
2025-05-22 02:26:49,686 - P17320 - INFO - Após processar URL 14 Uso de memória: 103.18 MB
2025-05-22 02:26:49,686 - P17320 - INFO - Processando URL 15/15: https://consultacrm.com.br/
2025-05-22 02:26:53,059 - P17320 - INFO - HTML salvo para debug: data\debug_html_v10\65cadeb91ac3713432c21b535990f440.html
2025-05-22 02:26:53,075 - P17320 - INFO - Candidates address: 0 items
2025-05-22 02:26:53,075 - P17320 - INFO - Candidates phone: 0 items
2025-05-22 02:26:53,075 - P17320 - INFO - Candidates email: 0 items
2025-05-22 02:26:53,076 - P17320 - INFO - Candidates complement: 0 items
2025-05-22 02:26:53,076 - P17320 - INFO - Candidates cep: 0 items
2025-05-22 02:26:53,076 - P17320 - INFO - Após processar URL 15 Uso de memória: 103.25 MB
2025-05-22 02:26:53,077 - P17320 - INFO - Iniciando agregação e ranqueamento
2025-05-22 02:26:53,080 - P17320 - INFO - Ranked address: 33 items
2025-05-22 02:26:53,080 - P17320 - INFO - Ranked phone: 4 items
2025-05-22 02:26:53,081 - P17320 - INFO - Ranked email: 2 items
2025-05-22 02:26:53,081 - P17320 - INFO - Ranked complement: 9 items
2025-05-22 02:26:53,081 - P17320 - INFO - Ranked cep: 8 items
2025-05-22 02:26:53,082 - P17320 - INFO - Após agregação Uso de memória: 103.25 MB
2025-05-22 02:26:53,082 - P17320 - INFO - Validando endereço: ['Rua Fernando de Azevedo, 130', 'Rua Piracicaba, 1434', 'Rua Manuel Magioli, 41']
2025-05-22 02:26:53,082 - P17320 - INFO - Endereço validado: Rua Fernando de Azevedo, 130
2025-05-22 02:26:53,082 - P17320 - INFO - Limpando texto extenso para campo address: Rua Fernando de Azevedo, 130...
2025-05-22 02:26:53,082 - P17320 - INFO - Texto limpo: Rua Fernando de Azevedo, 130
2025-05-22 02:26:53,082 - P17320 - INFO - Validando telefone: ['(41) 99686-9828', '+554196869828', '(41) 9686-9828']
2025-05-22 02:26:53,083 - P17320 - INFO - Limpando texto extenso para campo phone: (41) 99686-9828...
2025-05-22 02:26:53,083 - P17320 - INFO - Texto limpo: 41) 99686-9828
2025-05-22 02:26:53,083 - P17320 - INFO - Telefone validado: 41) 99686-9828
2025-05-22 02:26:53,083 - P17320 - INFO - Validando email: ['meucnpj@contabilizei.com.br', 'MEUCNPJ@CONTABILIZEI.COM.BR']
2025-05-22 02:26:53,083 - P17320 - INFO - Limpando texto extenso para campo email: meucnpj@contabilizei.com.br...
2025-05-22 02:26:53,083 - P17320 - INFO - Texto limpo: meucnpj@contabilizei.com.br
2025-05-22 02:26:53,084 - P17320 - INFO - Email validado: meucnpj@contabilizei.com.br
2025-05-22 02:26:53,084 - P17320 - INFO - Validando complemento: ['Apt 103 Blc 3  Portuguesa  Rio de Janeiro RJ  21920-4', 'Apt 103 Blc 3', 'Apt 103 Blc 3 ']
2025-05-22 02:26:53,084 - P17320 - INFO - Limpando texto extenso para campo complement: Apt 103 Blc 3  Portuguesa  Rio de Janeiro RJ  2192...
2025-05-22 02:26:53,084 - P17320 - INFO - Texto limpo: Apt 103 Blc 3 Portuguesa Rio
2025-05-22 02:26:53,085 - P17320 - INFO - Complemento validado: Apt 103 Blc 3 Portuguesa Rio
2025-05-22 02:26:53,086 - P17320 - INFO - Descobrindo cidade
2025-05-22 02:26:53,086 - P17320 - INFO - Buscando cidade: Rua Fernando de Azevedo cidade RJ
2025-05-22 02:26:55,727 - P17320 - WARNING - Cidade não encontrada
2025-05-22 02:26:55,728 - P17320 - INFO - Cidade descoberta: 
2025-05-22 02:26:55,728 - P17320 - INFO - Tempo de execução de processamento completo do médico: 45.58 segundos
2025-05-22 02:26:55,728 - P17320 - INFO - Resultado processado: {'Hash': '1921540ac54aa26eb43ef61acfde93babac2d1a1bfd6a846059f0db389a8c1ba', 'CRM': '907740', 'UF': 'RJ', 'Firstname': 'JULIANA', 'LastName': 'DENECKE MARINARI RODRIGUES', 'Medical specialty': '', 'Endereco Completo A1': 'Rua Fernando de Azevedo, 130', 'Address A1': 'Rua Fernando de Azevedo', 'Numero A1': '130', 'Complement A1': 'Apt 103 Blc 3 Portuguesa Rio', 'Bairro A1': '', 'postal code A1': '', 'City A1': '', 'State A1': '', 'Phone A1': '41) 99686-9828', 'Phone A2': '', 'Cell phone A1': '', 'Cell phone A2': '', 'E-mail A1': 'meucnpj@contabilizei.com.br', 'E-mail A2': '', 'OPT-IN': '', 'STATUS': '', 'LOTE': ''}
2025-05-22 02:26:55,729 - P17320 - INFO - Progresso: 25.6%
2025-05-22 02:26:55,729 - P17320 - INFO - Tempo de execução de processamento do médico 2: 45.58 segundos
2025-05-22 02:26:55,730 - P17320 - INFO - 
==================================================
Processando médico 3/3
2025-05-22 02:26:55,730 - P17320 - INFO - Nome: FELIPE BRAGA DA COSTA
2025-05-22 02:26:55,730 - P17320 - INFO - Início do processamento Uso de memória: 99.76 MB
2025-05-22 02:26:55,730 - P17320 - INFO - Iniciando busca para: FELIPE BRAGA DA COSTA CRM 927651 RJ telefone e-mail endereço
2025-05-22 02:26:56,111 - P17320 - INFO - SearX results: 10 URLs
2025-05-22 02:26:56,111 - P17320 - INFO - Após SearX Uso de memória: 99.76 MB
2025-05-22 02:26:59,517 - P17320 - INFO - Google results: 6 URLs
2025-05-22 02:26:59,517 - P17320 - INFO - Após Google Uso de memória: 102.34 MB
2025-05-22 02:27:02,097 - P17320 - INFO - Bing results: 12 URLs
2025-05-22 02:27:02,097 - P17320 - INFO - Após Bing Uso de memória: 103.68 MB
2025-05-22 02:27:02,098 - P17320 - INFO - Total de URLs únicas: 18
2025-05-22 02:27:02,098 - P17320 - INFO - Processando URL 1/18: https://www.medicosbrasil.com/profissional/felipe-braga-almeida
2025-05-22 02:27:05,804 - P17320 - INFO - HTML salvo para debug: data\debug_html_v10\a5e06e84322c2da683c692fcba456b31.html
2025-05-22 02:27:05,828 - P17320 - INFO - Candidates address: 0 items
2025-05-22 02:27:05,831 - P17320 - INFO - Candidates phone: 0 items
2025-05-22 02:27:05,832 - P17320 - INFO - Candidates email: 0 items
2025-05-22 02:27:05,833 - P17320 - INFO - Candidates complement: 0 items
2025-05-22 02:27:05,833 - P17320 - INFO - Candidates cep: 0 items
2025-05-22 02:27:05,833 - P17320 - INFO - Após processar URL 1 Uso de memória: 103.77 MB
2025-05-22 02:27:05,834 - P17320 - INFO - Processando URL 2/18: https://br.todosnegocios.com/pt/felipe-braga-da-costa-ortopedia-e-21-2621-2182
2025-05-22 02:27:09,832 - P17320 - INFO - HTML salvo para debug: data\debug_html_v10\36c98cfc03b8046af0fef4044685df39.html
2025-05-22 02:27:09,851 - P17320 - INFO - Candidates address: 6 items
2025-05-22 02:27:09,851 - P17320 - INFO - Candidates phone: 1 items
2025-05-22 02:27:09,852 - P17320 - INFO - Candidates email: 0 items
2025-05-22 02:27:09,852 - P17320 - INFO - Candidates complement: 0 items
2025-05-22 02:27:09,853 - P17320 - INFO - Candidates cep: 2 items
2025-05-22 02:27:09,853 - P17320 - INFO - Após processar URL 2 Uso de memória: 103.84 MB
2025-05-22 02:27:09,853 - P17320 - INFO - Processando URL 3/18: https://www.doctoralia.com.br/felipe-braga/ortopedista-traumatologista/rio-de-janeiro
2025-05-22 02:27:09,854 - P17320 - INFO - Ignorando URL de arquivo não-HTML: https://www.doctoralia.com.br/felipe-braga/ortopedista-traumatologista/rio-de-janeiro
2025-05-22 02:27:09,855 - P17320 - INFO - Após processar URL 3 Uso de memória: 103.84 MB
2025-05-22 02:27:09,855 - P17320 - INFO - Processando URL 4/18: https://www.redescredenciadas.com.br/perfil/felipe-braga-da-costa-rj-927651
2025-05-22 02:27:16,480 - P17320 - INFO - HTML salvo para debug: data\debug_html_v10\2d4f2b5ed43ae426eba83d299262ec3f.html
2025-05-22 02:27:16,487 - P17320 - INFO - Candidates address: 1 items
2025-05-22 02:27:16,488 - P17320 - INFO - Candidates phone: 4 items
2025-05-22 02:27:16,488 - P17320 - INFO - Candidates email: 0 items
2025-05-22 02:27:16,489 - P17320 - INFO - Candidates complement: 0 items
2025-05-22 02:27:16,489 - P17320 - INFO - Candidates cep: 1 items
2025-05-22 02:27:16,491 - P17320 - INFO - Após processar URL 4 Uso de memória: 103.86 MB
2025-05-22 02:27:16,492 - P17320 - INFO - Processando URL 5/18: https://www.doctoralia.com.br/servicos-de-tratamento/reinsercao-muscular/rio-de-janeiro
2025-05-22 02:27:16,494 - P17320 - INFO - Ignorando URL de arquivo não-HTML: https://www.doctoralia.com.br/servicos-de-tratamento/reinsercao-muscular/rio-de-janeiro
2025-05-22 02:27:16,495 - P17320 - INFO - Após processar URL 5 Uso de memória: 103.86 MB
2025-05-22 02:27:16,495 - P17320 - INFO - Processando URL 6/18: https://guiasaudebrasil.com.br/profissional/834d8c15fbb92b5d-felipe-braga-da-costa
2025-05-22 02:27:22,869 - P17320 - INFO - HTML salvo para debug: data\debug_html_v10\0306ca9441f1abb4cd9cb285c645a0aa.html
2025-05-22 02:27:22,882 - P17320 - INFO - Candidates address: 0 items
2025-05-22 02:27:22,882 - P17320 - INFO - Candidates phone: 0 items
2025-05-22 02:27:22,882 - P17320 - INFO - Candidates email: 0 items
2025-05-22 02:27:22,882 - P17320 - INFO - Candidates complement: 0 items
2025-05-22 02:27:22,883 - P17320 - INFO - Candidates cep: 1 items
2025-05-22 02:27:22,883 - P17320 - INFO - Após processar URL 6 Uso de memória: 103.87 MB
2025-05-22 02:27:22,883 - P17320 - INFO - Processando URL 7/18: https://www.benditoguia.com.br/empresa/dr-felipe-braga-ortopedista-traumatologista-icarai-niteroi-rj
2025-05-22 02:27:26,870 - P17320 - INFO - HTML salvo para debug: data\debug_html_v10\0604e9065b49f57dd981d69be1fd857f.html
2025-05-22 02:27:26,906 - P17320 - INFO - Candidates address: 1 items
2025-05-22 02:27:26,907 - P17320 - INFO - Candidates phone: 0 items
2025-05-22 02:27:26,907 - P17320 - INFO - Candidates email: 0 items
2025-05-22 02:27:26,908 - P17320 - INFO - Candidates complement: 0 items
2025-05-22 02:27:26,908 - P17320 - INFO - Candidates cep: 1 items
2025-05-22 02:27:26,908 - P17320 - INFO - Após processar URL 7 Uso de memória: 98.32 MB
2025-05-22 02:27:26,908 - P17320 - INFO - Processando URL 8/18: https://www.doctoralia.com.br/rainier-felipe/ortopedista-traumatologista/fortaleza
2025-05-22 02:27:26,909 - P17320 - INFO - Ignorando URL de arquivo não-HTML: https://www.doctoralia.com.br/rainier-felipe/ortopedista-traumatologista/fortaleza
2025-05-22 02:27:26,911 - P17320 - INFO - Após processar URL 8 Uso de memória: 98.32 MB
2025-05-22 02:27:26,912 - P17320 - INFO - Processando URL 9/18: https://www.medicosbrasil.com/profissional/felipe-braga-da-costa
2025-05-22 02:27:29,204 - P17320 - INFO - HTML salvo para debug: data\debug_html_v10\516d1d1652497dac6425b512b051388a.html
2025-05-22 02:27:29,205 - P17320 - INFO - Candidates address: 0 items
2025-05-22 02:27:29,205 - P17320 - INFO - Candidates phone: 0 items
2025-05-22 02:27:29,206 - P17320 - INFO - Candidates email: 0 items
2025-05-22 02:27:29,206 - P17320 - INFO - Candidates complement: 0 items
2025-05-22 02:27:29,206 - P17320 - INFO - Candidates cep: 0 items
2025-05-22 02:27:29,206 - P17320 - INFO - Após processar URL 9 Uso de memória: 98.41 MB
2025-05-22 02:27:29,206 - P17320 - INFO - Processando URL 10/18: https://www.benditoguia.com.br/empresa/felipe-braga-da-costa-ortopedia-e-traumatologia-centro-niteroi-rj
2025-05-22 02:27:32,235 - P17320 - INFO - HTML salvo para debug: data\debug_html_v10\93da94c12fef65eec1119845e71cc24a.html
2025-05-22 02:27:32,255 - P17320 - INFO - Candidates address: 1 items
2025-05-22 02:27:32,255 - P17320 - INFO - Candidates phone: 1 items
2025-05-22 02:27:32,256 - P17320 - INFO - Candidates email: 0 items
2025-05-22 02:27:32,256 - P17320 - INFO - Candidates complement: 0 items
2025-05-22 02:27:32,256 - P17320 - INFO - Candidates cep: 1 items
2025-05-22 02:27:32,256 - P17320 - INFO - Após processar URL 10 Uso de memória: 100.83 MB
2025-05-22 02:27:32,256 - P17320 - INFO - Processando URL 11/18: https://portal.cfm.org.br/busca-medicos
2025-05-22 02:27:36,323 - P17320 - INFO - HTML salvo para debug: data\debug_html_v10\e28ae84aaa177d1328f3a0d1fb68449f.html
2025-05-22 02:27:36,368 - P17320 - INFO - Candidates address: 0 items
2025-05-22 02:27:36,368 - P17320 - INFO - Candidates phone: 0 items
2025-05-22 02:27:36,368 - P17320 - INFO - Candidates email: 1 items
2025-05-22 02:27:36,368 - P17320 - INFO - Candidates complement: 1 items
2025-05-22 02:27:36,368 - P17320 - INFO - Candidates cep: 1 items
2025-05-22 02:27:36,368 - P17320 - INFO - Após processar URL 11 Uso de memória: 101.30 MB
2025-05-22 02:27:36,369 - P17320 - INFO - Processando URL 12/18: https://www.boaconsulta.com/especialista/felipe-braga-da-costa-6105c13a7b3c9427ea00115d
2025-05-22 02:27:39,341 - P17320 - INFO - HTML salvo para debug: data\debug_html_v10\4972fa5fc6b700f2bf20f57538815f72.html
2025-05-22 02:27:39,409 - P17320 - INFO - Candidates address: 2 items
2025-05-22 02:27:39,409 - P17320 - INFO - Candidates phone: 0 items
2025-05-22 02:27:39,410 - P17320 - INFO - Candidates email: 0 items
2025-05-22 02:27:39,410 - P17320 - INFO - Candidates complement: 0 items
2025-05-22 02:27:39,410 - P17320 - INFO - Candidates cep: 0 items
2025-05-22 02:27:39,410 - P17320 - INFO - Após processar URL 12 Uso de memória: 101.91 MB
2025-05-22 02:27:39,411 - P17320 - INFO - Processando URL 13/18: https://www.doctoralia.com.br/luiz-felipe-goulart-da-cunha/cirurgiao-da-mao-neurocirurgiao-ortopedista-traumatologista/niteroi
2025-05-22 02:27:39,411 - P17320 - INFO - Ignorando URL de arquivo não-HTML: https://www.doctoralia.com.br/luiz-felipe-goulart-da-cunha/cirurgiao-da-mao-neurocirurgiao-ortopedista-traumatologista/niteroi
2025-05-22 02:27:39,411 - P17320 - INFO - Após processar URL 13 Uso de memória: 101.91 MB
2025-05-22 02:27:39,411 - P17320 - INFO - Processando URL 14/18: https://www.escavador.com/sobre/2393363/felipe-braga-da-costa
2025-05-22 02:27:43,000 - P17320 - INFO - HTML salvo para debug: data\debug_html_v10\7086469bf427de7d0ef2cfc9cbc11c79.html
2025-05-22 02:27:43,015 - P17320 - INFO - Candidates address: 0 items
2025-05-22 02:27:43,015 - P17320 - INFO - Candidates phone: 0 items
2025-05-22 02:27:43,016 - P17320 - INFO - Candidates email: 0 items
2025-05-22 02:27:43,016 - P17320 - INFO - Candidates complement: 0 items
2025-05-22 02:27:43,016 - P17320 - INFO - Candidates cep: 0 items
2025-05-22 02:27:43,016 - P17320 - INFO - Após processar URL 14 Uso de memória: 102.53 MB
2025-05-22 02:27:43,016 - P17320 - INFO - Processando URL 15/18: https://consultacrm.com.br/
2025-05-22 02:27:46,677 - P17320 - INFO - HTML salvo para debug: data\debug_html_v10\65cadeb91ac3713432c21b535990f440.html
2025-05-22 02:27:46,699 - P17320 - INFO - Candidates address: 0 items
2025-05-22 02:27:46,700 - P17320 - INFO - Candidates phone: 0 items
2025-05-22 02:27:46,700 - P17320 - INFO - Candidates email: 0 items
2025-05-22 02:27:46,701 - P17320 - INFO - Candidates complement: 0 items
2025-05-22 02:27:46,701 - P17320 - INFO - Candidates cep: 0 items
2025-05-22 02:27:46,701 - P17320 - INFO - Após processar URL 15 Uso de memória: 103.36 MB
2025-05-22 02:27:46,701 - P17320 - INFO - Processando URL 16/18: https://cliniguia.com/profissionais/felipe-braga-da-costa-980016292982535/
2025-05-22 02:27:52,059 - P17320 - INFO - HTML salvo para debug: data\debug_html_v10\eebcdc2c5b7649b7d90aee5d64de3628.html
2025-05-22 02:27:52,114 - P17320 - INFO - Candidates address: 0 items
2025-05-22 02:27:52,117 - P17320 - INFO - Candidates phone: 0 items
2025-05-22 02:27:52,118 - P17320 - INFO - Candidates email: 0 items
2025-05-22 02:27:52,119 - P17320 - INFO - Candidates complement: 0 items
2025-05-22 02:27:52,120 - P17320 - INFO - Candidates cep: 0 items
2025-05-22 02:27:52,120 - P17320 - INFO - Após processar URL 16 Uso de memória: 103.41 MB
2025-05-22 02:27:52,121 - P17320 - INFO - Processando URL 17/18: https://www.doctoralia.com.br/felipe-paiva-da-fonseca-rodrigues/ortopedista-traumatologista/rio-de-janeiro
2025-05-22 02:27:52,122 - P17320 - INFO - Ignorando URL de arquivo não-HTML: https://www.doctoralia.com.br/felipe-paiva-da-fonseca-rodrigues/ortopedista-traumatologista/rio-de-janeiro
2025-05-22 02:27:52,123 - P17320 - INFO - Após processar URL 17 Uso de memória: 103.41 MB
2025-05-22 02:27:52,214 - P17320 - INFO - Processando URL 18/18: https://www.boaconsulta.com/especialista/felipe-braga-da-costa-6105c13a7b3c9427ea00115d?agendaId=6105c13a7b3c9427ea00115e
2025-05-22 02:27:55,253 - P17320 - INFO - HTML salvo para debug: data\debug_html_v10\efd219a2d059ef3cef8012b3c296a122.html
2025-05-22 02:27:55,324 - P17320 - INFO - Candidates address: 2 items
2025-05-22 02:27:55,324 - P17320 - INFO - Candidates phone: 0 items
2025-05-22 02:27:55,324 - P17320 - INFO - Candidates email: 0 items
2025-05-22 02:27:55,324 - P17320 - INFO - Candidates complement: 0 items
2025-05-22 02:27:55,324 - P17320 - INFO - Candidates cep: 0 items
2025-05-22 02:27:55,325 - P17320 - INFO - Após processar URL 18 Uso de memória: 103.42 MB
2025-05-22 02:27:55,325 - P17320 - INFO - Iniciando agregação e ranqueamento
2025-05-22 02:27:55,325 - P17320 - INFO - Ranked address: 10 items
2025-05-22 02:27:55,325 - P17320 - INFO - Ranked phone: 6 items
2025-05-22 02:27:55,326 - P17320 - INFO - Ranked email: 1 items
2025-05-22 02:27:55,326 - P17320 - INFO - Ranked complement: 1 items
2025-05-22 02:27:55,326 - P17320 - INFO - Ranked cep: 6 items
2025-05-22 02:27:55,326 - P17320 - INFO - Após agregação Uso de memória: 103.42 MB
2025-05-22 02:27:55,327 - P17320 - INFO - Validando endereço: ['R. da Conceição, 188', 'Rua Da Conceicao, 188', 'Rua Xv De Novembro, 4']
2025-05-22 02:27:55,327 - P17320 - INFO - Endereço validado: R. da Conceição, 188
2025-05-22 02:27:55,327 - P17320 - INFO - Limpando texto extenso para campo address: R. da Conceição, 188...
2025-05-22 02:27:55,327 - P17320 - INFO - Texto limpo: R. da Conceição, 188
2025-05-22 02:27:55,327 - P17320 - INFO - Validando telefone: ['(21) 2621-2182', '(21) 2621-2192', '(21) 98649-1957']
2025-05-22 02:27:55,327 - P17320 - INFO - Limpando texto extenso para campo phone: (21) 2621-2182...
2025-05-22 02:27:55,328 - P17320 - INFO - Texto limpo: 21) 2621-2182
2025-05-22 02:27:55,328 - P17320 - INFO - Telefone validado: 21) 2621-2182
2025-05-22 02:27:55,328 - P17320 - INFO - Validando email: ['cfm@portalmedico.org.br']
2025-05-22 02:27:55,328 - P17320 - INFO - Limpando texto extenso para campo email: cfm@portalmedico.org.br...
2025-05-22 02:27:55,328 - P17320 - INFO - Texto limpo: cfm@portalmedico.org.br
2025-05-22 02:27:55,328 - P17320 - INFO - Email validado: cfm@portalmedico.org.br
2025-05-22 02:27:55,328 - P17320 - INFO - Validando complemento: ['Conjunto D']
2025-05-22 02:27:55,329 - P17320 - INFO - Limpando texto extenso para campo complement: Conjunto D...
2025-05-22 02:27:55,329 - P17320 - INFO - Texto limpo: Conjunto D
2025-05-22 02:27:55,329 - P17320 - INFO - Complemento validado: Conjunto D
2025-05-22 02:27:55,329 - P17320 - INFO - Descobrindo cidade
2025-05-22 02:27:55,329 - P17320 - INFO - Buscando cidade: R. da Conceição cidade RJ
2025-05-22 02:27:58,162 - P17320 - WARNING - Cidade não encontrada
2025-05-22 02:27:58,163 - P17320 - INFO - Cidade descoberta: 
2025-05-22 02:27:58,163 - P17320 - INFO - Tempo de execução de processamento completo do médico: 62.43 segundos
2025-05-22 02:27:58,163 - P17320 - INFO - Resultado processado: {'Hash': 'cb780838aa4e9f77436e0c388cec6962088325e502efcd48f3bdc39d6828a9b5', 'CRM': '927651', 'UF': 'RJ', 'Firstname': 'FELIPE', 'LastName': 'BRAGA DA COSTA', 'Medical specialty': '', 'Endereco Completo A1': 'R. da Conceição, 188', 'Address A1': 'R. da Conceição', 'Numero A1': '188', 'Complement A1': 'Conjunto D', 'Bairro A1': '', 'postal code A1': '', 'City A1': '', 'State A1': '', 'Phone A1': '21) 2621-2182', 'Phone A2': '', 'Cell phone A1': '', 'Cell phone A2': '', 'E-mail A1': 'cfm@portalmedico.org.br', 'E-mail A2': '', 'OPT-IN': '', 'STATUS': '', 'LOTE': ''}
2025-05-22 02:27:58,163 - P17320 - INFO - Salvando lote de resultados
2025-05-22 02:27:58,164 - P17320 - INFO - Após salvar resultados Uso de memória: 100.51 MB
2025-05-22 02:27:58,165 - P17320 - INFO - Progresso: 26.0%
2025-05-22 02:27:58,165 - P17320 - INFO - Tempo de execução de processamento do médico 3: 62.44 segundos
2025-05-22 02:27:58,165 - P17320 - INFO - Tempo de execução de processamento do lote completo: 165.79 segundos
