2025-05-22 01:36:44,124 - P17020 - INFO - 
==================================================
Processando médico 1/3
2025-05-22 01:36:44,124 - P17020 - INFO - Nome: JELLIN CHIAOTING CHUANG ZAMBON
2025-05-22 01:36:44,124 - P17020 - INFO - Reiniciando driver do Chrome
2025-05-22 01:36:45,400 - P17020 - INFO - Após reiniciar driver Uso de memória: 84.91 MB
2025-05-22 01:36:45,400 - P17020 - INFO - Início do processamento Uso de memória: 84.91 MB
2025-05-22 01:36:45,401 - P17020 - INFO - Iniciando busca para: JELLIN CHIAOTING CHUANG ZAMBON CRM 156484 SP telefone e-mail endereço
2025-05-22 01:36:45,768 - P17020 - INFO - SearX results: 10 URLs
2025-05-22 01:36:45,769 - P17020 - INFO - Após SearX Uso de memória: 84.91 MB
2025-05-22 01:36:48,493 - P17020 - INFO - Google results: 5 URLs
2025-05-22 01:36:48,493 - P17020 - INFO - Após Google Uso de memória: 88.88 MB
2025-05-22 01:36:51,189 - P17020 - INFO - Bing results: 10 URLs
2025-05-22 01:36:51,189 - P17020 - INFO - Após Bing Uso de memória: 90.04 MB
2025-05-22 01:36:51,189 - P17020 - INFO - Total de URLs únicas: 14
2025-05-22 01:36:51,190 - P17020 - INFO - Processando URL 1/14: https://consultacrm.com.br/
2025-05-22 01:36:54,722 - P17020 - INFO - HTML salvo para debug: data\debug_html_v10\65cadeb91ac3713432c21b535990f440.html
2025-05-22 01:36:54,731 - P17020 - INFO - Candidates address: 0 items
2025-05-22 01:36:54,732 - P17020 - INFO - Candidates phone: 0 items
2025-05-22 01:36:54,732 - P17020 - INFO - Candidates email: 0 items
2025-05-22 01:36:54,732 - P17020 - INFO - Candidates complement: 0 items
2025-05-22 01:36:54,732 - P17020 - INFO - Candidates cep: 0 items
2025-05-22 01:36:54,732 - P17020 - INFO - Após processar URL 1 Uso de memória: 90.67 MB
2025-05-22 01:36:54,733 - P17020 - INFO - Processando URL 2/14: http://atep.iweventos.com.br/evento/simasp2023/programacao/palestrante/22474
2025-05-22 01:36:59,225 - P17020 - INFO - HTML salvo para debug: data\debug_html_v10\54fdaa951a4fc7ea930c69e3296a9934.html
2025-05-22 01:36:59,234 - P17020 - INFO - Candidates address: 0 items
2025-05-22 01:36:59,234 - P17020 - INFO - Candidates phone: 0 items
2025-05-22 01:36:59,234 - P17020 - INFO - Candidates email: 0 items
2025-05-22 01:36:59,235 - P17020 - INFO - Candidates complement: 0 items
2025-05-22 01:36:59,235 - P17020 - INFO - Candidates cep: 0 items
2025-05-22 01:36:59,235 - P17020 - INFO - Após processar URL 2 Uso de memória: 90.73 MB
2025-05-22 01:36:59,235 - P17020 - INFO - Processando URL 3/14: https://www.consultascnpj.com/centro-medico-pediatrico-kawai-kodomo-ss/06293374000129
2025-05-22 01:37:02,459 - P17020 - INFO - HTML salvo para debug: data\debug_html_v10\f0cefa9abf3566a919bc9aea567fa6d6.html
2025-05-22 01:37:02,475 - P17020 - INFO - Candidates address: 0 items
2025-05-22 01:37:02,476 - P17020 - INFO - Candidates phone: 1 items
2025-05-22 01:37:02,476 - P17020 - INFO - Candidates email: 1 items
2025-05-22 01:37:02,476 - P17020 - INFO - Candidates complement: 0 items
2025-05-22 01:37:02,476 - P17020 - INFO - Candidates cep: 2 items
2025-05-22 01:37:02,476 - P17020 - INFO - Após processar URL 3 Uso de memória: 90.82 MB
2025-05-22 01:37:02,477 - P17020 - INFO - Processando URL 4/14: https://guiadocnpj.com.br/sp/sao-paulo/centro-medico-pediatrico-kawai-kodomo-ss/06293374000129
2025-05-22 01:37:09,348 - P17020 - INFO - HTML salvo para debug: data\debug_html_v10\458df8e347afa1dfc0bcdfa30e63e265.html
2025-05-22 01:37:09,370 - P17020 - INFO - Candidates address: 0 items
2025-05-22 01:37:09,371 - P17020 - INFO - Candidates phone: 2 items
2025-05-22 01:37:09,371 - P17020 - INFO - Candidates email: 1 items
2025-05-22 01:37:09,371 - P17020 - INFO - Candidates complement: 0 items
2025-05-22 01:37:09,371 - P17020 - INFO - Candidates cep: 0 items
2025-05-22 01:37:09,372 - P17020 - INFO - Após processar URL 4 Uso de memória: 91.68 MB
2025-05-22 01:37:09,372 - P17020 - INFO - Processando URL 5/14: http://cnpj.info/Centro-Medico-Pediatrico-Kawai-Kodomo-S-S
2025-05-22 01:37:14,614 - P17020 - INFO - HTML salvo para debug: data\debug_html_v10\ecae4ddc8a385d8db98614cdbdc6632a.html
2025-05-22 01:37:14,618 - P17020 - INFO - Candidates address: 1 items
2025-05-22 01:37:14,618 - P17020 - INFO - Candidates phone: 1 items
2025-05-22 01:37:14,619 - P17020 - INFO - Candidates email: 1 items
2025-05-22 01:37:14,619 - P17020 - INFO - Candidates complement: 1 items
2025-05-22 01:37:14,619 - P17020 - INFO - Candidates cep: 1 items
2025-05-22 01:37:14,619 - P17020 - INFO - Após processar URL 5 Uso de memória: 91.80 MB
2025-05-22 01:37:14,619 - P17020 - INFO - Processando URL 6/14: https://www.informecadastral.com.br/cnpj/centro-medico-pediatrico-kawai-kodomo-s-s-06293374000129
2025-05-22 01:37:21,187 - P17020 - INFO - HTML salvo para debug: data\debug_html_v10\12c4f72db1efc926a987c1a47d14a1f6.html
2025-05-22 01:37:21,210 - P17020 - INFO - Candidates address: 1 items
2025-05-22 01:37:21,210 - P17020 - INFO - Candidates phone: 2 items
2025-05-22 01:37:21,210 - P17020 - INFO - Candidates email: 1 items
2025-05-22 01:37:21,211 - P17020 - INFO - Candidates complement: 0 items
2025-05-22 01:37:21,211 - P17020 - INFO - Candidates cep: 3 items
2025-05-22 01:37:21,211 - P17020 - INFO - Após processar URL 6 Uso de memória: 92.13 MB
2025-05-22 01:37:21,212 - P17020 - INFO - Processando URL 7/14: https://www.chamie.com.br/
2025-05-22 01:37:23,663 - P17020 - INFO - HTML salvo para debug: data\debug_html_v10\dab9aa881c2f5dbeebaa77148f1f84e8.html
2025-05-22 01:37:23,690 - P17020 - INFO - Candidates address: 2 items
2025-05-22 01:37:23,691 - P17020 - INFO - Candidates phone: 2 items
2025-05-22 01:37:23,691 - P17020 - INFO - Candidates email: 1 items
2025-05-22 01:37:23,691 - P17020 - INFO - Candidates complement: 1 items
2025-05-22 01:37:23,691 - P17020 - INFO - Candidates cep: 3 items
2025-05-22 01:37:23,691 - P17020 - INFO - Após processar URL 7 Uso de memória: 94.02 MB
2025-05-22 01:37:23,692 - P17020 - INFO - Processando URL 8/14: https://aboutcompany.info/country/brazil/officer/791988/jellin-chiaoting-chuang-zambon/
2025-05-22 01:37:27,462 - P17020 - INFO - HTML salvo para debug: data\debug_html_v10\ffdfe824dda328496cff50d0223f1845.html
2025-05-22 01:37:27,475 - P17020 - INFO - Candidates address: 0 items
2025-05-22 01:37:27,475 - P17020 - INFO - Candidates phone: 0 items
2025-05-22 01:37:27,476 - P17020 - INFO - Candidates email: 0 items
2025-05-22 01:37:27,476 - P17020 - INFO - Candidates complement: 0 items
2025-05-22 01:37:27,476 - P17020 - INFO - Candidates cep: 0 items
2025-05-22 01:37:27,476 - P17020 - INFO - Após processar URL 8 Uso de memória: 92.97 MB
2025-05-22 01:37:27,476 - P17020 - INFO - Processando URL 9/14: https://cnpj.biz/06293374000129
2025-05-22 01:37:31,718 - P17020 - INFO - HTML salvo para debug: data\debug_html_v10\4559cfd49bb13b08b4baa65389e9b515.html
2025-05-22 01:37:31,737 - P17020 - INFO - Candidates address: 3 items
2025-05-22 01:37:31,737 - P17020 - INFO - Candidates phone: 1 items
2025-05-22 01:37:31,737 - P17020 - INFO - Candidates email: 1 items
2025-05-22 01:37:31,738 - P17020 - INFO - Candidates complement: 3 items
2025-05-22 01:37:31,738 - P17020 - INFO - Candidates cep: 2 items
2025-05-22 01:37:31,738 - P17020 - INFO - Após processar URL 9 Uso de memória: 90.30 MB
2025-05-22 01:37:31,738 - P17020 - INFO - Processando URL 10/14: https://www.escavador.com/sobre/1974571/jellin-chiaoting-chuang
2025-05-22 01:37:36,447 - P17020 - INFO - HTML salvo para debug: data\debug_html_v10\a1b04a84151a02c0c0e66863e93a79fa.html
2025-05-22 01:37:36,482 - P17020 - INFO - Candidates address: 2 items
2025-05-22 01:37:36,482 - P17020 - INFO - Candidates phone: 0 items
2025-05-22 01:37:36,482 - P17020 - INFO - Candidates email: 0 items
2025-05-22 01:37:36,483 - P17020 - INFO - Candidates complement: 0 items
2025-05-22 01:37:36,483 - P17020 - INFO - Candidates cep: 2 items
2025-05-22 01:37:36,483 - P17020 - INFO - Após processar URL 10 Uso de memória: 92.04 MB
2025-05-22 01:37:36,483 - P17020 - INFO - Processando URL 11/14: https://www.econodata.com.br/consulta-empresa/06293374000129-CENTRO-MEDICO-PEDIATRICO-KAWAI-KODOMO-SS
2025-05-22 01:37:41,952 - P17020 - INFO - HTML salvo para debug: data\debug_html_v10\f89e5af9c6966a343f253a5a1dcf0a1e.html
2025-05-22 01:37:42,103 - P17020 - INFO - Candidates address: 26 items
2025-05-22 01:37:42,105 - P17020 - INFO - Candidates phone: 0 items
2025-05-22 01:37:42,105 - P17020 - INFO - Candidates email: 0 items
2025-05-22 01:37:42,105 - P17020 - INFO - Candidates complement: 2 items
2025-05-22 01:37:42,106 - P17020 - INFO - Candidates cep: 1 items
2025-05-22 01:37:42,107 - P17020 - INFO - Após processar URL 11 Uso de memória: 95.96 MB
2025-05-22 01:37:42,108 - P17020 - INFO - Processando URL 12/14: https://clinicadjandircosta.com.br/endocrinologia/
2025-05-22 01:37:49,739 - P17020 - INFO - HTML salvo para debug: data\debug_html_v10\866fa27bd55de518c248201595ef747e.html
2025-05-22 01:37:49,750 - P17020 - INFO - Candidates address: 0 items
2025-05-22 01:37:49,751 - P17020 - INFO - Candidates phone: 0 items
2025-05-22 01:37:49,751 - P17020 - INFO - Candidates email: 0 items
2025-05-22 01:37:49,751 - P17020 - INFO - Candidates complement: 0 items
2025-05-22 01:37:49,751 - P17020 - INFO - Candidates cep: 0 items
2025-05-22 01:37:49,751 - P17020 - INFO - Após processar URL 12 Uso de memória: 95.56 MB
2025-05-22 01:37:49,752 - P17020 - INFO - Processando URL 13/14: https://guiamedico.cremesp.org.br/
2025-05-22 01:37:52,964 - P17020 - INFO - HTML salvo para debug: data\debug_html_v10\7c54969580769b63edd9abaa952e1fa2.html
2025-05-22 01:37:52,970 - P17020 - INFO - Candidates address: 1 items
2025-05-22 01:37:52,970 - P17020 - INFO - Candidates phone: 1 items
2025-05-22 01:37:52,970 - P17020 - INFO - Candidates email: 0 items
2025-05-22 01:37:52,970 - P17020 - INFO - Candidates complement: 0 items
2025-05-22 01:37:52,971 - P17020 - INFO - Candidates cep: 1 items
2025-05-22 01:37:52,971 - P17020 - INFO - Após processar URL 13 Uso de memória: 95.75 MB
2025-05-22 01:37:52,971 - P17020 - INFO - Processando URL 14/14: https://milenamiguita.com.br/clinica-de-endocrinologia/
2025-05-22 01:38:00,730 - P17020 - INFO - HTML salvo para debug: data\debug_html_v10\6aaf4e3e536cb9519017d5d68c5eba87.html
2025-05-22 01:38:00,762 - P17020 - INFO - Candidates address: 2 items
2025-05-22 01:38:00,762 - P17020 - INFO - Candidates phone: 5 items
2025-05-22 01:38:00,762 - P17020 - INFO - Candidates email: 1 items
2025-05-22 01:38:00,763 - P17020 - INFO - Candidates complement: 0 items
2025-05-22 01:38:00,763 - P17020 - INFO - Candidates cep: 4 items
2025-05-22 01:38:00,764 - P17020 - INFO - Após processar URL 14 Uso de memória: 96.73 MB
2025-05-22 01:38:00,764 - P17020 - INFO - Iniciando agregação e ranqueamento
2025-05-22 01:38:00,764 - P17020 - INFO - Ranked address: 36 items
2025-05-22 01:38:00,765 - P17020 - INFO - Ranked phone: 12 items
2025-05-22 01:38:00,765 - P17020 - INFO - Ranked email: 4 items
2025-05-22 01:38:00,766 - P17020 - INFO - Ranked complement: 7 items
2025-05-22 01:38:00,766 - P17020 - INFO - Ranked cep: 14 items
2025-05-22 01:38:00,766 - P17020 - INFO - Após agregação Uso de memória: 96.73 MB
2025-05-22 01:38:00,767 - P17020 - INFO - Validando endereço: ['Rua Doutor Nogueira Martins, 75', 'Rua Padre Arnaldo Jansen, 200', 'R. Casa do Ator, 1117']
2025-05-22 01:38:00,767 - P17020 - INFO - Endereço validado: Rua Doutor Nogueira Martins, 75
2025-05-22 01:38:00,767 - P17020 - INFO - Limpando texto extenso para campo address: Rua Doutor Nogueira Martins, 75...
2025-05-22 01:38:00,768 - P17020 - INFO - Texto limpo: Rua Doutor Nogueira Martins, 75
2025-05-22 01:38:00,768 - P17020 - INFO - Validando telefone: ['(11) 3337-1554', '(01) 13337-1554', '0']
2025-05-22 01:38:00,769 - P17020 - INFO - Limpando texto extenso para campo phone: (11) 3337-1554...
2025-05-22 01:38:00,769 - P17020 - INFO - Texto limpo: 11) 3337-1554
2025-05-22 01:38:00,769 - P17020 - INFO - Telefone validado: 11) 3337-1554
2025-05-22 01:38:00,770 - P17020 - INFO - Validando email: ['angelica@spassessoriacontabil.com.br', 'contato@guiadocnpj.com.br', 'recepcao@chamie.com.br']
2025-05-22 01:38:00,770 - P17020 - INFO - Limpando texto extenso para campo email: angelica@spassessoriacontabil.com.br...
2025-05-22 01:38:00,770 - P17020 - INFO - Texto limpo: angelica@spassessoriacontabil.com.br
2025-05-22 01:38:00,770 - P17020 - INFO - Email validado: angelica@spassessoriacontabil.com.br
2025-05-22 01:38:00,771 - P17020 - INFO - Validando complemento: ['Apt: 72 e 3vg; ', 'Conjunto 12 ', 'Apt: 72 e 3Vg;  Clique para copiar    Bairro:  Saude ']
2025-05-22 01:38:00,771 - P17020 - INFO - Limpando texto extenso para campo complement: Apt: 72 e 3vg; ...
2025-05-22 01:38:00,771 - P17020 - INFO - Texto limpo: Apt: 72 e 3vg;
2025-05-22 01:38:00,771 - P17020 - INFO - Complemento validado: Apt: 72 e 3vg;
2025-05-22 01:38:00,771 - P17020 - INFO - Descobrindo cidade
2025-05-22 01:38:00,771 - P17020 - INFO - Buscando cidade: Rua Doutor Nogueira Martins cidade SP
2025-05-22 01:38:03,513 - P17020 - INFO - Cidade encontrada: São Paulo
2025-05-22 01:38:03,513 - P17020 - INFO - Limpando texto extenso para campo city: São Paulo...
2025-05-22 01:38:03,514 - P17020 - INFO - Texto limpo: São Paulo
2025-05-22 01:38:03,518 - P17020 - INFO - Cidade descoberta: São Paulo
2025-05-22 01:38:03,518 - P17020 - INFO - Buscando CEP com sistema de cascata
2025-05-22 01:38:03,518 - P17020 - INFO - Iniciando busca de CEP em cascata para: Rua Doutor Nogueira Martins, São Paulo, SP
2025-05-22 01:38:03,519 - P17020 - INFO - Método 1: ViaCEP API
2025-05-22 01:38:03,519 - P17020 - INFO - Buscando no ViaCEP: https://viacep.com.br/ws/SP/sao%20paulo/rua%20doutor%20nogueira%20martins/json/
2025-05-22 01:38:04,240 - P17020 - INFO - Dados encontrados no ViaCEP: {'cep': '04143-020', 'logradouro': 'Rua Doutor Nogueira Martins', 'complemento': '', 'unidade': '', 'bairro': 'Saúde', 'localidade': 'São Paulo', 'uf': 'SP', 'estado': 'São Paulo', 'regiao': 'Sudeste', 'ibge': '3550308', 'gia': '1004', 'ddd': '11', 'siafi': '7107'}
2025-05-22 01:38:04,241 - P17020 - INFO - CEP encontrado via ViaCEP: 04143-020
2025-05-22 01:38:04,242 - P17020 - INFO - Dados de CEP encontrados: {'cep': '04143-020', 'logradouro': 'Rua Doutor Nogueira Martins', 'complemento': '', 'unidade': '', 'bairro': 'Saúde', 'localidade': 'São Paulo', 'uf': 'SP', 'estado': 'São Paulo', 'regiao': 'Sudeste', 'ibge': '3550308', 'gia': '1004', 'ddd': '11', 'siafi': '7107'}
2025-05-22 01:38:04,242 - P17020 - INFO - Limpando texto extenso para campo bairro: Saúde...
2025-05-22 01:38:04,242 - P17020 - INFO - Texto limpo: Saúde
2025-05-22 01:38:04,242 - P17020 - INFO - Limpando texto extenso para campo city: São Paulo...
2025-05-22 01:38:04,242 - P17020 - INFO - Texto limpo: São Paulo
2025-05-22 01:38:04,243 - P17020 - INFO - Limpando texto extenso para campo state: SP...
2025-05-22 01:38:04,243 - P17020 - INFO - Texto limpo: SP
2025-05-22 01:38:04,243 - P17020 - INFO - Tempo de execução de processamento completo do médico: 78.84 segundos
2025-05-22 01:38:04,243 - P17020 - INFO - Resultado processado: {'Hash': '937c11d66d1e326f0de61a73f24d31565db27c022e2264b32b8b7f5d9bc57d98', 'CRM': '156484', 'UF': 'SP', 'Firstname': 'JELLIN', 'LastName': 'CHIAOTING CHUANG ZAMBON', 'Medical specialty': '', 'Endereco Completo A1': 'Rua Doutor Nogueira Martins, 75', 'Address A1': 'Rua Doutor Nogueira Martins', 'Numero A1': '75', 'Complement A1': 'Apt: 72 e 3vg;', 'Bairro A1': 'Saúde', 'postal code A1': '04143-020', 'City A1': 'São Paulo', 'State A1': 'SP', 'Phone A1': '11) 3337-1554', 'Phone A2': '', 'Cell phone A1': '', 'Cell phone A2': '', 'E-mail A1': 'angelica@spassessoriacontabil.com.br', 'E-mail A2': '', 'OPT-IN': '', 'STATUS': '', 'LOTE': ''}
2025-05-22 01:38:04,245 - P17020 - INFO - Progresso: 6.5%
2025-05-22 01:38:04,245 - P17020 - INFO - Executando coleta de lixo
2025-05-22 01:38:04,321 - P17020 - INFO - Após coleta de lixo Uso de memória: 87.05 MB
2025-05-22 01:38:04,321 - P17020 - INFO - Tempo de execução de processamento do médico 1: 80.20 segundos
2025-05-22 01:38:04,322 - P17020 - INFO - 
==================================================
Processando médico 2/3
2025-05-22 01:38:04,322 - P17020 - INFO - Nome: CESAR HENRIQUE DE CARVALHO SOUZA
2025-05-22 01:38:04,322 - P17020 - INFO - Início do processamento Uso de memória: 87.05 MB
2025-05-22 01:38:04,322 - P17020 - INFO - Iniciando busca para: CESAR HENRIQUE DE CARVALHO SOUZA CRM 158744 SP telefone e-mail endereço
2025-05-22 01:38:04,832 - P17020 - INFO - SearX results: 15 URLs
2025-05-22 01:38:04,834 - P17020 - INFO - Após SearX Uso de memória: 86.24 MB
2025-05-22 01:38:07,558 - P17020 - INFO - Google results: 9 URLs
2025-05-22 01:38:07,558 - P17020 - INFO - Após Google Uso de memória: 89.85 MB
2025-05-22 01:38:10,157 - P17020 - INFO - Bing results: 10 URLs
2025-05-22 01:38:10,157 - P17020 - INFO - Após Bing Uso de memória: 92.02 MB
2025-05-22 01:38:10,157 - P17020 - INFO - Total de URLs únicas: 17
2025-05-22 01:38:10,157 - P17020 - INFO - Processando URL 1/17: https://www.saobernardo.sp.gov.br/documents/10181/1598718/NM+2408+de+08.12.2023+-++Conte%C3%BAdo+Integral.pdf/6b1b8a70-f3b2-a130-e2f4-9b547b18a748
2025-05-22 01:38:10,158 - P17020 - INFO - Ignorando URL de arquivo não-HTML: https://www.saobernardo.sp.gov.br/documents/10181/1598718/NM+2408+de+08.12.2023+-++Conte%C3%BAdo+Integral.pdf/6b1b8a70-f3b2-a130-e2f4-9b547b18a748
2025-05-22 01:38:10,158 - P17020 - INFO - Após processar URL 1 Uso de memória: 92.02 MB
2025-05-22 01:38:10,158 - P17020 - INFO - Processando URL 2/17: https://servicos.sjc.sp.gov.br/governo/boletim/boletimPDF/2022072917283248ed95c4-4f6b-4476-8218-e515ef03a44a.pdf
2025-05-22 01:38:10,158 - P17020 - INFO - Ignorando URL de arquivo não-HTML: https://servicos.sjc.sp.gov.br/governo/boletim/boletimPDF/2022072917283248ed95c4-4f6b-4476-8218-e515ef03a44a.pdf
2025-05-22 01:38:10,159 - P17020 - INFO - Após processar URL 2 Uso de memória: 92.02 MB
2025-05-22 01:38:10,159 - P17020 - INFO - Processando URL 3/17: https://consultacrm.com.br/
2025-05-22 01:38:14,229 - P17020 - INFO - HTML salvo para debug: data\debug_html_v10\65cadeb91ac3713432c21b535990f440.html
2025-05-22 01:38:14,252 - P17020 - INFO - Candidates address: 0 items
2025-05-22 01:38:14,252 - P17020 - INFO - Candidates phone: 0 items
2025-05-22 01:38:14,253 - P17020 - INFO - Candidates email: 0 items
2025-05-22 01:38:14,255 - P17020 - INFO - Candidates complement: 0 items
2025-05-22 01:38:14,256 - P17020 - INFO - Candidates cep: 0 items
2025-05-22 01:38:14,257 - P17020 - INFO - Após processar URL 3 Uso de memória: 93.12 MB
2025-05-22 01:38:14,257 - P17020 - INFO - Processando URL 4/17: https://crmvirtual.cfm.org.br/BR/servico/pesquisa-por-medicos
2025-05-22 01:38:16,518 - P17020 - INFO - HTML salvo para debug: data\debug_html_v10\59cb615f6ca0063274c579afdefa3d38.html
2025-05-22 01:38:16,519 - P17020 - INFO - Candidates address: 0 items
2025-05-22 01:38:16,519 - P17020 - INFO - Candidates phone: 0 items
2025-05-22 01:38:16,519 - P17020 - INFO - Candidates email: 0 items
2025-05-22 01:38:16,519 - P17020 - INFO - Candidates complement: 0 items
2025-05-22 01:38:16,520 - P17020 - INFO - Candidates cep: 0 items
2025-05-22 01:38:16,520 - P17020 - INFO - Após processar URL 4 Uso de memória: 93.12 MB
2025-05-22 01:38:16,520 - P17020 - INFO - Processando URL 5/17: https://aboutcompany.info/country/brazil/officer/319688/cesar-henrique-de-carvalho-souza/
2025-05-22 01:38:20,067 - P17020 - INFO - HTML salvo para debug: data\debug_html_v10\3f7c6e7fac3f3a5c481a1d9688efbe42.html
2025-05-22 01:38:20,080 - P17020 - INFO - Candidates address: 0 items
2025-05-22 01:38:20,080 - P17020 - INFO - Candidates phone: 0 items
2025-05-22 01:38:20,081 - P17020 - INFO - Candidates email: 0 items
2025-05-22 01:38:20,081 - P17020 - INFO - Candidates complement: 0 items
2025-05-22 01:38:20,081 - P17020 - INFO - Candidates cep: 0 items
2025-05-22 01:38:20,081 - P17020 - INFO - Após processar URL 5 Uso de memória: 89.41 MB
2025-05-22 01:38:20,082 - P17020 - INFO - Processando URL 6/17: https://www.gov.br/mme/pt-br/arquivos/do-15-08-2019-s3.pdf
2025-05-22 01:38:20,082 - P17020 - INFO - Ignorando URL de arquivo não-HTML: https://www.gov.br/mme/pt-br/arquivos/do-15-08-2019-s3.pdf
2025-05-22 01:38:20,082 - P17020 - INFO - Após processar URL 6 Uso de memória: 89.41 MB
2025-05-22 01:38:20,082 - P17020 - INFO - Processando URL 7/17: https://cliniguia.com/profissionais/cesar-henrique-de-carvalho-souza-980016296104117/
2025-05-22 01:38:23,975 - P17020 - INFO - HTML salvo para debug: data\debug_html_v10\b3e2f8f647ec451b01fc901b288a32c4.html
2025-05-22 01:38:24,034 - P17020 - INFO - Candidates address: 0 items
2025-05-22 01:38:24,035 - P17020 - INFO - Candidates phone: 0 items
2025-05-22 01:38:24,035 - P17020 - INFO - Candidates email: 0 items
2025-05-22 01:38:24,035 - P17020 - INFO - Candidates complement: 0 items
2025-05-22 01:38:24,035 - P17020 - INFO - Candidates cep: 0 items
2025-05-22 01:38:24,036 - P17020 - INFO - Após processar URL 7 Uso de memória: 93.96 MB
2025-05-22 01:38:24,036 - P17020 - INFO - Processando URL 8/17: https://www.mpsp.mp.br/w/dic3a1riooficialmpsp15012013
2025-05-22 01:38:27,918 - P17020 - INFO - HTML salvo para debug: data\debug_html_v10\1733bc2784a4a62b78c8d4d6a0ac4864.html
2025-05-22 01:38:28,269 - P17020 - INFO - Candidates address: 4 items
2025-05-22 01:38:28,269 - P17020 - INFO - Candidates phone: 1 items
2025-05-22 01:38:28,269 - P17020 - INFO - Candidates email: 1 items
2025-05-22 01:38:28,270 - P17020 - INFO - Candidates complement: 0 items
2025-05-22 01:38:28,270 - P17020 - INFO - Candidates cep: 3 items
2025-05-22 01:38:28,270 - P17020 - INFO - Após processar URL 8 Uso de memória: 92.83 MB
2025-05-22 01:38:28,271 - P17020 - INFO - Processando URL 9/17: https://www.boaconsulta.com/especialista/cesar-henrique-de-carvalho-souza-6106c2faa2e00a5c57000d34
2025-05-22 01:38:31,901 - P17020 - INFO - HTML salvo para debug: data\debug_html_v10\43720df9ea9b644fd64e7d5943cc182c.html
2025-05-22 01:38:31,987 - P17020 - INFO - Candidates address: 12 items
2025-05-22 01:38:31,988 - P17020 - INFO - Candidates phone: 0 items
2025-05-22 01:38:31,988 - P17020 - INFO - Candidates email: 0 items
2025-05-22 01:38:31,988 - P17020 - INFO - Candidates complement: 3 items
2025-05-22 01:38:31,988 - P17020 - INFO - Candidates cep: 0 items
2025-05-22 01:38:31,988 - P17020 - INFO - Após processar URL 9 Uso de memória: 93.40 MB
2025-05-22 01:38:31,988 - P17020 - INFO - Processando URL 10/17: https://ifrs.edu.br/wp-content/uploads/2018/05/Resolucao_009_18_Aprova_Relatorio_Gestao_2017_CompletoCompacta.pdf
2025-05-22 01:38:31,989 - P17020 - INFO - Ignorando URL de arquivo não-HTML: https://ifrs.edu.br/wp-content/uploads/2018/05/Resolucao_009_18_Aprova_Relatorio_Gestao_2017_CompletoCompacta.pdf
2025-05-22 01:38:31,989 - P17020 - INFO - Após processar URL 10 Uso de memória: 89.75 MB
2025-05-22 01:38:31,989 - P17020 - INFO - Processando URL 11/17: https://portal.cfm.org.br/busca-medicos
2025-05-22 01:38:35,817 - P17020 - INFO - HTML salvo para debug: data\debug_html_v10\e28ae84aaa177d1328f3a0d1fb68449f.html
2025-05-22 01:38:35,856 - P17020 - INFO - Candidates address: 0 items
2025-05-22 01:38:35,857 - P17020 - INFO - Candidates phone: 0 items
2025-05-22 01:38:35,857 - P17020 - INFO - Candidates email: 1 items
2025-05-22 01:38:35,857 - P17020 - INFO - Candidates complement: 1 items
2025-05-22 01:38:35,857 - P17020 - INFO - Candidates cep: 1 items
2025-05-22 01:38:35,858 - P17020 - INFO - Após processar URL 11 Uso de memória: 92.20 MB
2025-05-22 01:38:35,858 - P17020 - INFO - Processando URL 12/17: https://www.mpsp.mp.br/w/dic3a1riooficialmpsp06122011
2025-05-22 01:38:38,250 - P17020 - INFO - HTML salvo para debug: data\debug_html_v10\0c08e8ebfdbeb89f88e7d4115409af40.html
2025-05-22 01:38:38,252 - P17020 - INFO - Candidates address: 0 items
2025-05-22 01:38:38,252 - P17020 - INFO - Candidates phone: 0 items
2025-05-22 01:38:38,252 - P17020 - INFO - Candidates email: 0 items
2025-05-22 01:38:38,252 - P17020 - INFO - Candidates complement: 0 items
2025-05-22 01:38:38,252 - P17020 - INFO - Candidates cep: 0 items
2025-05-22 01:38:38,253 - P17020 - INFO - Após processar URL 12 Uso de memória: 92.28 MB
2025-05-22 01:38:38,253 - P17020 - INFO - Processando URL 13/17: https://www.portaltransparencia.gov.br/pessoa-fisica/busca/lista
2025-05-22 01:38:42,094 - P17020 - INFO - HTML salvo para debug: data\debug_html_v10\e200cdf64b71d4c9248718dd155b3edb.html
2025-05-22 01:38:42,135 - P17020 - INFO - Candidates address: 0 items
2025-05-22 01:38:42,135 - P17020 - INFO - Candidates phone: 0 items
2025-05-22 01:38:42,136 - P17020 - INFO - Candidates email: 0 items
2025-05-22 01:38:42,136 - P17020 - INFO - Candidates complement: 0 items
2025-05-22 01:38:42,136 - P17020 - INFO - Candidates cep: 0 items
2025-05-22 01:38:42,136 - P17020 - INFO - Após processar URL 13 Uso de memória: 92.51 MB
2025-05-22 01:38:42,136 - P17020 - INFO - Processando URL 14/17: https://serpcraz.com.br/psiquiatria-serpcraz/
2025-05-22 01:38:51,059 - P17020 - INFO - HTML salvo para debug: data\debug_html_v10\3f19625ed16da9431a88bfb375133d0e.html
2025-05-22 01:38:51,085 - P17020 - INFO - Candidates address: 0 items
2025-05-22 01:38:51,085 - P17020 - INFO - Candidates phone: 0 items
2025-05-22 01:38:51,085 - P17020 - INFO - Candidates email: 0 items
2025-05-22 01:38:51,085 - P17020 - INFO - Candidates complement: 0 items
2025-05-22 01:38:51,085 - P17020 - INFO - Candidates cep: 3 items
2025-05-22 01:38:51,086 - P17020 - INFO - Após processar URL 14 Uso de memória: 92.67 MB
2025-05-22 01:38:51,086 - P17020 - INFO - Processando URL 15/17: https://www.medicosbrasil.com/profissional/cesar-henrique-de-carvalho-souza
2025-05-22 01:38:54,714 - P17020 - INFO - HTML salvo para debug: data\debug_html_v10\70f9bb3bcb8db7107adb7edeaef51bd2.html
2025-05-22 01:38:54,737 - P17020 - INFO - Candidates address: 0 items
2025-05-22 01:38:54,738 - P17020 - INFO - Candidates phone: 0 items
2025-05-22 01:38:54,738 - P17020 - INFO - Candidates email: 0 items
2025-05-22 01:38:54,738 - P17020 - INFO - Candidates complement: 0 items
2025-05-22 01:38:54,738 - P17020 - INFO - Candidates cep: 0 items
2025-05-22 01:38:54,738 - P17020 - INFO - Após processar URL 15 Uso de memória: 95.22 MB
2025-05-22 01:38:54,738 - P17020 - INFO - Processando URL 16/17: https://www.consultasocio.com/q/sa/cesar-henrique-de-carvalho-souza
2025-05-22 01:38:57,659 - P17020 - INFO - HTML salvo para debug: data\debug_html_v10\3474816c526dc4109b98dbc9dd8fdbe1.html
2025-05-22 01:38:57,664 - P17020 - INFO - Candidates address: 1 items
2025-05-22 01:38:57,665 - P17020 - INFO - Candidates phone: 0 items
2025-05-22 01:38:57,665 - P17020 - INFO - Candidates email: 1 items
2025-05-22 01:38:57,665 - P17020 - INFO - Candidates complement: 0 items
2025-05-22 01:38:57,665 - P17020 - INFO - Candidates cep: 2 items
2025-05-22 01:38:57,665 - P17020 - INFO - Após processar URL 16 Uso de memória: 90.52 MB
2025-05-22 01:38:57,666 - P17020 - INFO - Processando URL 17/17: https://guiamedico.cremesp.org.br/
2025-05-22 01:39:00,428 - P17020 - INFO - HTML salvo para debug: data\debug_html_v10\7c54969580769b63edd9abaa952e1fa2.html
2025-05-22 01:39:00,436 - P17020 - INFO - Candidates address: 1 items
2025-05-22 01:39:00,436 - P17020 - INFO - Candidates phone: 1 items
2025-05-22 01:39:00,436 - P17020 - INFO - Candidates email: 0 items
2025-05-22 01:39:00,436 - P17020 - INFO - Candidates complement: 0 items
2025-05-22 01:39:00,437 - P17020 - INFO - Candidates cep: 1 items
2025-05-22 01:39:00,437 - P17020 - INFO - Após processar URL 17 Uso de memória: 91.27 MB
2025-05-22 01:39:00,437 - P17020 - INFO - Iniciando agregação e ranqueamento
2025-05-22 01:39:00,438 - P17020 - INFO - Ranked address: 18 items
2025-05-22 01:39:00,438 - P17020 - INFO - Ranked phone: 2 items
2025-05-22 01:39:00,438 - P17020 - INFO - Ranked email: 3 items
2025-05-22 01:39:00,439 - P17020 - INFO - Ranked complement: 4 items
2025-05-22 01:39:00,439 - P17020 - INFO - Ranked cep: 10 items
2025-05-22 01:39:00,439 - P17020 - INFO - Após agregação Uso de memória: 91.27 MB
2025-05-22 01:39:00,439 - P17020 - INFO - Validando endereço: ['R. INTERMEDIÁRIO III 21.766,15', 'Rua Riachuelo, 115', 'Avenida da Emancipação, 5000']
2025-05-22 01:39:00,439 - P17020 - INFO - Endereço validado: R. INTERMEDIÁRIO III 21.766,15
2025-05-22 01:39:00,440 - P17020 - INFO - Limpando texto extenso para campo address: R. INTERMEDIÁRIO III 21.766,15...
2025-05-22 01:39:00,440 - P17020 - INFO - Texto limpo: R. INTERMEDIÁRIO III 21.766,15
2025-05-22 01:39:00,440 - P17020 - INFO - Validando telefone: ['(11) 3119-9000', '(11) 4349-9900']
2025-05-22 01:39:00,440 - P17020 - INFO - Limpando texto extenso para campo phone: (11) 3119-9000...
2025-05-22 01:39:00,440 - P17020 - INFO - Texto limpo: 11) 3119-9000
2025-05-22 01:39:00,440 - P17020 - INFO - Telefone validado: 11) 3119-9000
2025-05-22 01:39:00,440 - P17020 - INFO - Validando email: ['designa@mp.sp.gov.br', 'cfm@portalmedico.org.br', 'CAROLINA.CT@HOTMAIL.COM']
2025-05-22 01:39:00,441 - P17020 - INFO - Limpando texto extenso para campo email: designa@mp.sp.gov.br...
2025-05-22 01:39:00,441 - P17020 - INFO - Texto limpo: designa@mp.sp.gov.br
2025-05-22 01:39:00,441 - P17020 - INFO - Email validado: designa@mp.sp.gov.br
2025-05-22 01:39:00,441 - P17020 - INFO - Validando complemento: ['Sala 701 Torre Norte', 'Conjunto 32', 'Sala 701']
2025-05-22 01:39:00,441 - P17020 - INFO - Limpando texto extenso para campo complement: Sala 701 Torre Norte...
2025-05-22 01:39:00,442 - P17020 - INFO - Texto limpo: Sala 701 Torre Norte
2025-05-22 01:39:00,442 - P17020 - INFO - Complemento validado: Sala 701 Torre Norte
2025-05-22 01:39:00,442 - P17020 - INFO - Descobrindo cidade
2025-05-22 01:39:00,442 - P17020 - INFO - Buscando cidade: R. INTERMEDIÁRIO III 21.766 cidade SP
2025-05-22 01:39:03,025 - P17020 - WARNING - Cidade não encontrada
2025-05-22 01:39:03,025 - P17020 - INFO - Cidade descoberta: 
2025-05-22 01:39:03,025 - P17020 - INFO - Tempo de execução de processamento completo do médico: 58.70 segundos
2025-05-22 01:39:03,026 - P17020 - INFO - Resultado processado: {'Hash': 'd85b792b972205fe18a8bd7b9c4308571f996c9455d7004bd80039df1c936521', 'CRM': '158744', 'UF': 'SP', 'Firstname': 'CESAR', 'LastName': 'HENRIQUE DE CARVALHO SOUZA', 'Medical specialty': '', 'Endereco Completo A1': 'R. INTERMEDIÁRIO III 21.766,15', 'Address A1': 'R. INTERMEDIÁRIO III 21.766', 'Numero A1': '15', 'Complement A1': 'Sala 701 Torre Norte', 'Bairro A1': '', 'postal code A1': '', 'City A1': '', 'State A1': '', 'Phone A1': '11) 3119-9000', 'Phone A2': '', 'Cell phone A1': '', 'Cell phone A2': '', 'E-mail A1': 'designa@mp.sp.gov.br', 'E-mail A2': '', 'OPT-IN': '', 'STATUS': '', 'LOTE': ''}
2025-05-22 01:39:03,027 - P17020 - INFO - Progresso: 7.0%
2025-05-22 01:39:03,027 - P17020 - INFO - Tempo de execução de processamento do médico 2: 58.71 segundos
2025-05-22 01:39:03,028 - P17020 - INFO - 
==================================================
Processando médico 3/3
2025-05-22 01:39:03,028 - P17020 - INFO - Nome: VANESSA CRISTINA RODRIGUES
2025-05-22 01:39:03,029 - P17020 - INFO - Início do processamento Uso de memória: 87.86 MB
2025-05-22 01:39:03,029 - P17020 - INFO - Iniciando busca para: VANESSA CRISTINA RODRIGUES CRM 167004 SP telefone e-mail endereço
2025-05-22 01:39:03,463 - P17020 - INFO - SearX results: 9 URLs
2025-05-22 01:39:03,464 - P17020 - INFO - Após SearX Uso de memória: 87.86 MB
2025-05-22 01:39:06,444 - P17020 - INFO - Google results: 10 URLs
2025-05-22 01:39:06,444 - P17020 - INFO - Após Google Uso de memória: 91.45 MB
2025-05-22 01:39:09,000 - P17020 - INFO - Bing results: 9 URLs
2025-05-22 01:39:09,000 - P17020 - INFO - Após Bing Uso de memória: 92.95 MB
2025-05-22 01:39:09,000 - P17020 - INFO - Total de URLs únicas: 21
2025-05-22 01:39:09,000 - P17020 - INFO - Processando URL 1/21: https://www.doctoralia.com.br/vanessa-cristina-rodrigues/ginecologista-medico-clinico-geral/sao-paulo
2025-05-22 01:39:09,000 - P17020 - INFO - Ignorando URL de arquivo não-HTML: https://www.doctoralia.com.br/vanessa-cristina-rodrigues/ginecologista-medico-clinico-geral/sao-paulo
2025-05-22 01:39:09,001 - P17020 - INFO - Após processar URL 1 Uso de memória: 92.95 MB
2025-05-22 01:39:09,001 - P17020 - INFO - Processando URL 2/21: https://www.doctoralia.com.br/ginecologista/paraiso2?page=4
2025-05-22 01:39:09,001 - P17020 - INFO - Ignorando URL de arquivo não-HTML: https://www.doctoralia.com.br/ginecologista/paraiso2?page=4
2025-05-22 01:39:09,001 - P17020 - INFO - Após processar URL 2 Uso de memória: 92.95 MB
2025-05-22 01:39:09,001 - P17020 - INFO - Processando URL 3/21: https://www2.bauru.sp.gov.br/arquivos/sist_diariooficial/2021/07/do_20210701_3425.pdf
2025-05-22 01:39:09,002 - P17020 - INFO - Ignorando URL de arquivo não-HTML: https://www2.bauru.sp.gov.br/arquivos/sist_diariooficial/2021/07/do_20210701_3425.pdf
2025-05-22 01:39:09,002 - P17020 - INFO - Após processar URL 3 Uso de memória: 92.95 MB
2025-05-22 01:39:09,002 - P17020 - INFO - Processando URL 4/21: https://servicos.sjc.sp.gov.br/governo/boletim/boletimPDF/20210708174909bcb57f01-bedb-4b16-b5a5-96e1c38dcbb5.pdf
2025-05-22 01:39:09,002 - P17020 - INFO - Ignorando URL de arquivo não-HTML: https://servicos.sjc.sp.gov.br/governo/boletim/boletimPDF/20210708174909bcb57f01-bedb-4b16-b5a5-96e1c38dcbb5.pdf
2025-05-22 01:39:09,002 - P17020 - INFO - Após processar URL 4 Uso de memória: 92.95 MB
2025-05-22 01:39:09,002 - P17020 - INFO - Processando URL 5/21: https://cliniguia.com/profissionais/vanessa-cristina-rodrigues-708601504240183/
2025-05-22 01:39:14,394 - P17020 - INFO - HTML salvo para debug: data\debug_html_v10\0552d7a4d42297fb282df086ff5110f6.html
2025-05-22 01:39:14,442 - P17020 - INFO - Candidates address: 0 items
2025-05-22 01:39:14,442 - P17020 - INFO - Candidates phone: 0 items
2025-05-22 01:39:14,442 - P17020 - INFO - Candidates email: 0 items
2025-05-22 01:39:14,442 - P17020 - INFO - Candidates complement: 0 items
2025-05-22 01:39:14,443 - P17020 - INFO - Candidates cep: 0 items
2025-05-22 01:39:14,443 - P17020 - INFO - Após processar URL 5 Uso de memória: 91.31 MB
2025-05-22 01:39:14,443 - P17020 - INFO - Processando URL 6/21: https://www.saobernardo.sp.gov.br/documents/10181/1230203/NM+2231+de+04.06.2021+-+Conteu%CC%81do+Integral.pdf/8a5ed1d0-c8e1-f82a-5651-d4c2d34c200b
2025-05-22 01:39:14,443 - P17020 - INFO - Ignorando URL de arquivo não-HTML: https://www.saobernardo.sp.gov.br/documents/10181/1230203/NM+2231+de+04.06.2021+-+Conteu%CC%81do+Integral.pdf/8a5ed1d0-c8e1-f82a-5651-d4c2d34c200b
2025-05-22 01:39:14,444 - P17020 - INFO - Após processar URL 6 Uso de memória: 91.31 MB
2025-05-22 01:39:14,444 - P17020 - INFO - Processando URL 7/21: https://consultacrm.com.br/
2025-05-22 01:39:17,754 - P17020 - INFO - HTML salvo para debug: data\debug_html_v10\65cadeb91ac3713432c21b535990f440.html
2025-05-22 01:39:17,767 - P17020 - INFO - Candidates address: 0 items
2025-05-22 01:39:17,767 - P17020 - INFO - Candidates phone: 0 items
2025-05-22 01:39:17,767 - P17020 - INFO - Candidates email: 0 items
2025-05-22 01:39:17,767 - P17020 - INFO - Candidates complement: 0 items
2025-05-22 01:39:17,768 - P17020 - INFO - Candidates cep: 0 items
2025-05-22 01:39:17,768 - P17020 - INFO - Após processar URL 7 Uso de memória: 94.20 MB
2025-05-22 01:39:17,768 - P17020 - INFO - Processando URL 8/21: https://www.saobernardo.sp.gov.br/documents/10181/735644/NM+1986+de+29.03.2018+-+Conteu%CC%81do+Integral.pdf/3b253239-9686-0d71-6801-35f051daf369
2025-05-22 01:39:17,768 - P17020 - INFO - Ignorando URL de arquivo não-HTML: https://www.saobernardo.sp.gov.br/documents/10181/735644/NM+1986+de+29.03.2018+-+Conteu%CC%81do+Integral.pdf/3b253239-9686-0d71-6801-35f051daf369
2025-05-22 01:39:17,769 - P17020 - INFO - Após processar URL 8 Uso de memória: 90.52 MB
2025-05-22 01:39:17,769 - P17020 - INFO - Processando URL 9/21: https://www.econodata.com.br/consulta-empresa/23912434000163-vanessa-cristina-rodrigues
2025-05-22 01:39:21,448 - P17020 - INFO - HTML salvo para debug: data\debug_html_v10\149ca38818d3ad813f5f51a8d31d5866.html
2025-05-22 01:39:21,571 - P17020 - INFO - Candidates address: 22 items
2025-05-22 01:39:21,571 - P17020 - INFO - Candidates phone: 0 items
2025-05-22 01:39:21,571 - P17020 - INFO - Candidates email: 0 items
2025-05-22 01:39:21,572 - P17020 - INFO - Candidates complement: 0 items
2025-05-22 01:39:21,572 - P17020 - INFO - Candidates cep: 1 items
2025-05-22 01:39:21,572 - P17020 - INFO - Após processar URL 9 Uso de memória: 94.66 MB
2025-05-22 01:39:21,572 - P17020 - INFO - Processando URL 10/21: https://www.boaconsulta.com/especialista/vanessa-cristina-rodrigues-6106c680a2e00a5d360059fd
2025-05-22 01:39:24,604 - P17020 - INFO - HTML salvo para debug: data\debug_html_v10\4a9b28077357ad9ca385c457d04a3805.html
2025-05-22 01:39:24,684 - P17020 - INFO - Candidates address: 4 items
2025-05-22 01:39:24,685 - P17020 - INFO - Candidates phone: 0 items
2025-05-22 01:39:24,685 - P17020 - INFO - Candidates email: 0 items
2025-05-22 01:39:24,685 - P17020 - INFO - Candidates complement: 0 items
2025-05-22 01:39:24,686 - P17020 - INFO - Candidates cep: 0 items
2025-05-22 01:39:24,686 - P17020 - INFO - Após processar URL 10 Uso de memória: 95.39 MB
2025-05-22 01:39:24,686 - P17020 - INFO - Processando URL 11/21: https://diariooficial.guarulhos.sp.gov.br/uploads/pdf/1708040065.pdf
2025-05-22 01:39:24,686 - P17020 - INFO - Ignorando URL de arquivo não-HTML: https://diariooficial.guarulhos.sp.gov.br/uploads/pdf/1708040065.pdf
2025-05-22 01:39:24,686 - P17020 - INFO - Após processar URL 11 Uso de memória: 94.61 MB
2025-05-22 01:39:24,687 - P17020 - INFO - Processando URL 12/21: https://sistemadje.tjmt.jus.br/publicacoes/9983-2017%20C7%20Comarcas%20-%201%C2%AA%202%C2%AA%20e%203%C2%AA%20Entr%C3%A2ncia.pdf
2025-05-22 01:39:24,687 - P17020 - INFO - Ignorando URL de arquivo não-HTML: https://sistemadje.tjmt.jus.br/publicacoes/9983-2017%20C7%20Comarcas%20-%201%C2%AA%202%C2%AA%20e%203%C2%AA%20Entr%C3%A2ncia.pdf
2025-05-22 01:39:24,687 - P17020 - INFO - Após processar URL 12 Uso de memória: 94.61 MB
2025-05-22 01:39:24,687 - P17020 - INFO - Processando URL 13/21: https://diariooficial.guarulhos.sp.gov.br/uploads/pdf/1761929116.pdf
2025-05-22 01:39:24,687 - P17020 - INFO - Ignorando URL de arquivo não-HTML: https://diariooficial.guarulhos.sp.gov.br/uploads/pdf/1761929116.pdf
2025-05-22 01:39:24,687 - P17020 - INFO - Após processar URL 13 Uso de memória: 94.61 MB
2025-05-22 01:39:24,688 - P17020 - INFO - Processando URL 14/21: https://www.medicosbrasil.com/profissional/vanessa-cristina-rodrigues
2025-05-22 01:39:26,890 - P17020 - INFO - HTML salvo para debug: data\debug_html_v10\88836c7662cb5198c25bb1a8fbd4490d.html
2025-05-22 01:39:26,892 - P17020 - INFO - Candidates address: 0 items
2025-05-22 01:39:26,892 - P17020 - INFO - Candidates phone: 0 items
2025-05-22 01:39:26,892 - P17020 - INFO - Candidates email: 0 items
2025-05-22 01:39:26,892 - P17020 - INFO - Candidates complement: 0 items
2025-05-22 01:39:26,892 - P17020 - INFO - Candidates cep: 0 items
2025-05-22 01:39:26,893 - P17020 - INFO - Após processar URL 14 Uso de memória: 94.73 MB
2025-05-22 01:39:26,893 - P17020 - INFO - Processando URL 15/21: https://guiamedico.cremesp.org.br/
2025-05-22 01:39:29,519 - P17020 - INFO - HTML salvo para debug: data\debug_html_v10\7c54969580769b63edd9abaa952e1fa2.html
2025-05-22 01:39:29,525 - P17020 - INFO - Candidates address: 1 items
2025-05-22 01:39:29,525 - P17020 - INFO - Candidates phone: 1 items
2025-05-22 01:39:29,525 - P17020 - INFO - Candidates email: 0 items
2025-05-22 01:39:29,525 - P17020 - INFO - Candidates complement: 0 items
2025-05-22 01:39:29,526 - P17020 - INFO - Candidates cep: 1 items
2025-05-22 01:39:29,526 - P17020 - INFO - Após processar URL 15 Uso de memória: 94.95 MB
2025-05-22 01:39:29,526 - P17020 - INFO - Processando URL 16/21: https://cnpj.biz/46721861000160
2025-05-22 01:39:31,850 - P17020 - INFO - HTML salvo para debug: data\debug_html_v10\1b499f67b1e26443954818b0e5769ff7.html
2025-05-22 01:39:31,852 - P17020 - INFO - Candidates address: 0 items
2025-05-22 01:39:31,852 - P17020 - INFO - Candidates phone: 0 items
2025-05-22 01:39:31,853 - P17020 - INFO - Candidates email: 0 items
2025-05-22 01:39:31,853 - P17020 - INFO - Candidates complement: 0 items
2025-05-22 01:39:31,853 - P17020 - INFO - Candidates cep: 0 items
2025-05-22 01:39:31,853 - P17020 - INFO - Após processar URL 16 Uso de memória: 94.96 MB
2025-05-22 01:39:31,853 - P17020 - INFO - Processando URL 17/21: https://cebes.com.br/saude/vanessa-cristina-rodrigues-de-oliveira-consultorio/
2025-05-22 01:39:35,460 - P17020 - INFO - HTML salvo para debug: data\debug_html_v10\e0897a4e2b309664a5dd27ac140cfab0.html
2025-05-22 01:39:35,481 - P17020 - INFO - Candidates address: 0 items
2025-05-22 01:39:35,481 - P17020 - INFO - Candidates phone: 0 items
2025-05-22 01:39:35,481 - P17020 - INFO - Candidates email: 0 items
2025-05-22 01:39:35,481 - P17020 - INFO - Candidates complement: 0 items
2025-05-22 01:39:35,481 - P17020 - INFO - Candidates cep: 0 items
2025-05-22 01:39:35,482 - P17020 - INFO - Após processar URL 17 Uso de memória: 95.07 MB
2025-05-22 01:39:35,482 - P17020 - INFO - Processando URL 18/21: https://diariooficial.guarulhos.sp.gov.br/uploads/pdf/854161925.pdf
2025-05-22 01:39:35,482 - P17020 - INFO - Ignorando URL de arquivo não-HTML: https://diariooficial.guarulhos.sp.gov.br/uploads/pdf/854161925.pdf
2025-05-22 01:39:35,482 - P17020 - INFO - Após processar URL 18 Uso de memória: 95.07 MB
2025-05-22 01:39:35,482 - P17020 - INFO - Processando URL 19/21: https://www2.bauru.sp.gov.br/arquivos/sist_diariooficial/2021/06/do_20210626_3423.pdf
2025-05-22 01:39:35,482 - P17020 - INFO - Ignorando URL de arquivo não-HTML: https://www2.bauru.sp.gov.br/arquivos/sist_diariooficial/2021/06/do_20210626_3423.pdf
2025-05-22 01:39:35,483 - P17020 - INFO - Após processar URL 19 Uso de memória: 95.07 MB
2025-05-22 01:39:35,483 - P17020 - INFO - Processando URL 20/21: https://www.medicosbrasil.com/profissional/vanessa-cristina-rodrigues-hamoy
2025-05-22 01:39:37,618 - P17020 - INFO - HTML salvo para debug: data\debug_html_v10\995f0f6ce6b89dd31d5a436d92b7faa8.html
2025-05-22 01:39:37,620 - P17020 - INFO - Candidates address: 0 items
2025-05-22 01:39:37,620 - P17020 - INFO - Candidates phone: 0 items
2025-05-22 01:39:37,620 - P17020 - INFO - Candidates email: 0 items
2025-05-22 01:39:37,621 - P17020 - INFO - Candidates complement: 0 items
2025-05-22 01:39:37,621 - P17020 - INFO - Candidates cep: 0 items
2025-05-22 01:39:37,621 - P17020 - INFO - Após processar URL 20 Uso de memória: 95.09 MB
2025-05-22 01:39:37,621 - P17020 - INFO - Processando URL 21/21: https://cnpj.biz/23912434000163
2025-05-22 01:39:39,750 - P17020 - INFO - HTML salvo para debug: data\debug_html_v10\5b7ff7e1ea48540ab7eb42fe8f011c67.html
2025-05-22 01:39:39,753 - P17020 - INFO - Candidates address: 0 items
2025-05-22 01:39:39,753 - P17020 - INFO - Candidates phone: 0 items
2025-05-22 01:39:39,754 - P17020 - INFO - Candidates email: 0 items
2025-05-22 01:39:39,754 - P17020 - INFO - Candidates complement: 0 items
2025-05-22 01:39:39,754 - P17020 - INFO - Candidates cep: 0 items
2025-05-22 01:39:39,754 - P17020 - INFO - Após processar URL 21 Uso de memória: 95.10 MB
2025-05-22 01:39:39,754 - P17020 - INFO - Iniciando agregação e ranqueamento
2025-05-22 01:39:39,755 - P17020 - INFO - Ranked address: 27 items
2025-05-22 01:39:39,755 - P17020 - INFO - Ranked phone: 1 items
2025-05-22 01:39:39,755 - P17020 - INFO - Ranked email: 0 items
2025-05-22 01:39:39,755 - P17020 - INFO - Ranked complement: 0 items
2025-05-22 01:39:39,755 - P17020 - INFO - Ranked cep: 2 items
2025-05-22 01:39:39,755 - P17020 - INFO - Após agregação Uso de memória: 95.10 MB
2025-05-22 01:39:39,756 - P17020 - INFO - Validando endereço: ['Rua Teodoro Sampaio, 2387', 'Rua Cisplatina, 242', 'Rua Alfredo Villaca, 100']
2025-05-22 01:39:39,756 - P17020 - INFO - Endereço validado: Rua Teodoro Sampaio, 2387
2025-05-22 01:39:39,756 - P17020 - INFO - Limpando texto extenso para campo address: Rua Teodoro Sampaio, 2387...
2025-05-22 01:39:39,756 - P17020 - INFO - Texto limpo: Rua Teodoro Sampaio, 2387
2025-05-22 01:39:39,756 - P17020 - INFO - Validando telefone: ['(11) 4349-9900']
2025-05-22 01:39:39,757 - P17020 - INFO - Limpando texto extenso para campo phone: (11) 4349-9900...
2025-05-22 01:39:39,757 - P17020 - INFO - Texto limpo: 11) 4349-9900
2025-05-22 01:39:39,757 - P17020 - INFO - Telefone validado: 11) 4349-9900
2025-05-22 01:39:39,758 - P17020 - INFO - Descobrindo cidade
2025-05-22 01:39:39,758 - P17020 - INFO - Buscando cidade: Rua Teodoro Sampaio cidade SP
2025-05-22 01:39:42,515 - P17020 - WARNING - Cidade não encontrada
2025-05-22 01:39:42,515 - P17020 - INFO - Cidade descoberta: 
2025-05-22 01:39:42,516 - P17020 - INFO - Tempo de execução de processamento completo do médico: 39.49 segundos
2025-05-22 01:39:42,516 - P17020 - INFO - Resultado processado: {'Hash': '88e1f478ee0c7866dbc95c6b70257c1221bf65491ac1fece7e13c0e444524c80', 'CRM': '167004', 'UF': 'SP', 'Firstname': 'VANESSA', 'LastName': 'CRISTINA RODRIGUES', 'Medical specialty': '', 'Endereco Completo A1': 'Rua Teodoro Sampaio, 2387', 'Address A1': 'Rua Teodoro Sampaio', 'Numero A1': '2387', 'Complement A1': '', 'Bairro A1': '', 'postal code A1': '', 'City A1': '', 'State A1': '', 'Phone A1': '11) 4349-9900', 'Phone A2': '', 'Cell phone A1': '', 'Cell phone A2': '', 'E-mail A1': '', 'E-mail A2': '', 'OPT-IN': '', 'STATUS': '', 'LOTE': ''}
2025-05-22 01:39:42,516 - P17020 - INFO - Salvando lote de resultados
2025-05-22 01:39:42,517 - P17020 - INFO - Após salvar resultados Uso de memória: 88.70 MB
2025-05-22 01:39:42,518 - P17020 - INFO - Progresso: 7.3%
2025-05-22 01:39:42,518 - P17020 - INFO - Tempo de execução de processamento do médico 3: 39.49 segundos
2025-05-22 01:39:42,518 - P17020 - INFO - Tempo de execução de processamento do lote completo: 178.39 segundos
