2025-05-21 16:22:56,627 - P6712 - INFO - 
==================================================
Processando médico 1/2
2025-05-21 16:22:56,627 - P6712 - INFO - Nome: CLAUDIO COSTA CARDOSO
2025-05-21 16:22:56,630 - P6712 - INFO - Reiniciando driver do Chrome
2025-05-21 16:22:58,298 - P6712 - INFO - Após reiniciar driver Uso de memória: 38.41 MB
2025-05-21 16:22:58,298 - P6712 - INFO - Início do processamento Uso de memória: 38.41 MB
2025-05-21 16:22:58,298 - P6712 - INFO - Query: CLAUDIO COSTA CARDOSO CRM 13800 PA telefone e-mail endereço
2025-05-21 16:22:58,298 - P6712 - INFO - Iniciando busca para: CLAUDIO COSTA CARDOSO CRM 13800 PA telefone e-mail endereço
2025-05-21 16:22:58,884 - P6712 - INFO - SearX results: 9 URLs
2025-05-21 16:22:58,884 - P6712 - INFO - Após SearX Uso de memória: 38.48 MB
2025-05-21 16:23:01,112 - P6712 - INFO - Google results: 0 URLs
2025-05-21 16:23:01,114 - P6712 - INFO - Após Google Uso de memória: 38.53 MB
2025-05-21 16:23:02,663 - P6712 - INFO - Bing results: 10 URLs
2025-05-21 16:23:02,664 - P6712 - INFO - Após Bing Uso de memória: 39.54 MB
2025-05-21 16:23:02,664 - P6712 - INFO - Total de URLs únicas: 19
2025-05-21 16:23:02,664 - P6712 - INFO - Processando URL 1/19: https://www.mogimirim.sp.gov.br/uploads/jornal/26267/r3iycJkv23V8ugpBqLvXKjQg4vDW3109.pdf
2025-05-21 16:23:03,837 - P6712 - INFO - HTML salvo para debug: data\debug_html_v5\a35e80ffb3c6432fdb040f700cf6822a.html
2025-05-21 16:23:03,838 - P6712 - INFO - Candidates address: 0 items
2025-05-21 16:23:03,838 - P6712 - INFO - Candidates phone: 0 items
2025-05-21 16:23:03,839 - P6712 - INFO - Candidates email: 0 items
2025-05-21 16:23:03,839 - P6712 - INFO - Candidates complement: 0 items
2025-05-21 16:23:03,839 - P6712 - INFO - Após processar URL 1 Uso de memória: 39.55 MB
2025-05-21 16:23:03,839 - P6712 - INFO - Processando URL 2/19: https://portal-api.campinas.sp.gov.br/sites/default/files/publicacoes-dom/dom/629059628.pdf
2025-05-21 16:23:04,971 - P6712 - INFO - HTML salvo para debug: data\debug_html_v5\a9a4fb26b4ea3623141cd04cb9466c2b.html
2025-05-21 16:23:04,973 - P6712 - INFO - Candidates address: 0 items
2025-05-21 16:23:04,973 - P6712 - INFO - Candidates phone: 0 items
2025-05-21 16:23:04,973 - P6712 - INFO - Candidates email: 0 items
2025-05-21 16:23:04,974 - P6712 - INFO - Candidates complement: 0 items
2025-05-21 16:23:04,974 - P6712 - INFO - Após processar URL 2 Uso de memória: 39.55 MB
2025-05-21 16:23:04,974 - P6712 - INFO - Processando URL 3/19: https://cremepa.org.br/busca-medicos
2025-05-21 16:23:08,230 - P6712 - INFO - HTML salvo para debug: data\debug_html_v5\0eb253d2fbf90693334a0c00284506e9.html
2025-05-21 16:23:08,276 - P6712 - INFO - Candidates address: 0 items
2025-05-21 16:23:08,277 - P6712 - INFO - Candidates phone: 0 items
2025-05-21 16:23:08,278 - P6712 - INFO - Candidates email: 0 items
2025-05-21 16:23:08,278 - P6712 - INFO - Candidates complement: 0 items
2025-05-21 16:23:08,280 - P6712 - INFO - Após processar URL 3 Uso de memória: 40.82 MB
2025-05-21 16:23:08,284 - P6712 - INFO - Processando URL 4/19: https://consultacrm.com.br/
2025-05-21 16:23:10,585 - P6712 - INFO - HTML salvo para debug: data\debug_html_v5\65cadeb91ac3713432c21b535990f440.html
2025-05-21 16:23:10,601 - P6712 - INFO - Candidates address: 0 items
2025-05-21 16:23:10,601 - P6712 - INFO - Candidates phone: 0 items
2025-05-21 16:23:10,603 - P6712 - INFO - Candidates email: 0 items
2025-05-21 16:23:10,612 - P6712 - INFO - Candidates complement: 0 items
2025-05-21 16:23:10,617 - P6712 - INFO - Após processar URL 4 Uso de memória: 40.51 MB
2025-05-21 16:23:10,618 - P6712 - INFO - Processando URL 5/19: https://crmvirtual.cfm.org.br/PA
2025-05-21 16:23:14,210 - P6712 - INFO - HTML salvo para debug: data\debug_html_v5\8248674401d6a0ecdd1d7f029c068023.html
2025-05-21 16:23:14,239 - P6712 - INFO - Candidates address: 0 items
2025-05-21 16:23:14,243 - P6712 - INFO - Candidates phone: 0 items
2025-05-21 16:23:14,244 - P6712 - INFO - Candidates email: 0 items
2025-05-21 16:23:14,244 - P6712 - INFO - Candidates complement: 0 items
2025-05-21 16:23:14,245 - P6712 - INFO - Após processar URL 5 Uso de memória: 40.90 MB
2025-05-21 16:23:14,245 - P6712 - INFO - Processando URL 6/19: https://transparencia.mpf.mp.br/conteudo/diarios-e-boletins/diario-eletronico-dmpf-e/2025/DMPF-EXTRAJUDICIAL-2025-04-01.pdf
2025-05-21 16:25:17,053 - P6712 - INFO - HTML salvo para debug: data\debug_html_v5\69a7dd826bc3682808598f6ff38efdcc.html
2025-05-21 16:25:17,075 - P6712 - INFO - Candidates address: 0 items
2025-05-21 16:25:17,075 - P6712 - INFO - Candidates phone: 1 items
2025-05-21 16:25:17,076 - P6712 - INFO - Candidates email: 0 items
2025-05-21 16:25:17,076 - P6712 - INFO - Candidates complement: 4 items
2025-05-21 16:25:17,076 - P6712 - INFO - Após processar URL 6 Uso de memória: 41.37 MB
2025-05-21 16:25:17,076 - P6712 - INFO - Processando URL 7/19: https://deoab.oab.org.br/assets/diarios/diario-eletronico-oab-31-10-2023.pdf
2025-05-21 16:25:20,563 - P6712 - INFO - HTML salvo para debug: data\debug_html_v5\82f2e25ca4daacecda4b28c2992bb99d.html
2025-05-21 16:25:20,564 - P6712 - INFO - Candidates address: 0 items
2025-05-21 16:25:20,564 - P6712 - INFO - Candidates phone: 0 items
2025-05-21 16:25:20,564 - P6712 - INFO - Candidates email: 0 items
2025-05-21 16:25:20,564 - P6712 - INFO - Candidates complement: 0 items
2025-05-21 16:25:20,564 - P6712 - INFO - Após processar URL 7 Uso de memória: 41.37 MB
2025-05-21 16:25:20,564 - P6712 - INFO - Processando URL 8/19: https://consultar.io/crm/pa/
2025-05-21 16:25:22,666 - P6712 - INFO - HTML salvo para debug: data\debug_html_v5\5e513095739cb9def733a211ca3ea51b.html
2025-05-21 16:25:22,680 - P6712 - INFO - Candidates address: 0 items
2025-05-21 16:25:22,681 - P6712 - INFO - Candidates phone: 0 items
2025-05-21 16:25:22,681 - P6712 - INFO - Candidates email: 0 items
2025-05-21 16:25:22,681 - P6712 - INFO - Candidates complement: 0 items
2025-05-21 16:25:22,681 - P6712 - INFO - Após processar URL 8 Uso de memória: 41.87 MB
2025-05-21 16:25:22,681 - P6712 - INFO - Processando URL 9/19: https://www.consultacrm.com.br/index/profissionais
2025-05-21 16:25:25,568 - P6712 - INFO - HTML salvo para debug: data\debug_html_v5\ca7ac6c4b85cee4a2c1da9949f895117.html
2025-05-21 16:25:25,579 - P6712 - INFO - Candidates address: 0 items
2025-05-21 16:25:25,579 - P6712 - INFO - Candidates phone: 0 items
2025-05-21 16:25:25,579 - P6712 - INFO - Candidates email: 0 items
2025-05-21 16:25:25,579 - P6712 - INFO - Candidates complement: 0 items
2025-05-21 16:25:25,579 - P6712 - INFO - Após processar URL 9 Uso de memória: 42.20 MB
2025-05-21 16:25:25,580 - P6712 - INFO - Processando URL 10/19: https://diariooficial.guarulhos.sp.gov.br/uploads/pdf/168005473.pdf
2025-05-21 16:25:26,744 - P6712 - INFO - HTML salvo para debug: data\debug_html_v5\f25aa5c1008c2497044bd4210abe661a.html
2025-05-21 16:25:26,744 - P6712 - INFO - Candidates address: 0 items
2025-05-21 16:25:26,744 - P6712 - INFO - Candidates phone: 0 items
2025-05-21 16:25:26,745 - P6712 - INFO - Candidates email: 0 items
2025-05-21 16:25:26,745 - P6712 - INFO - Candidates complement: 0 items
2025-05-21 16:25:26,745 - P6712 - INFO - Após processar URL 10 Uso de memória: 42.21 MB
2025-05-21 16:25:26,745 - P6712 - INFO - Processando URL 11/19: https://web.trf3.jus.br/diario/Consulta/BaixarPdf/28347
2025-05-21 16:25:27,869 - P6712 - INFO - HTML salvo para debug: data\debug_html_v5\1bbb22f3bdc20035582baf733b4b5ea8.html
2025-05-21 16:25:27,869 - P6712 - INFO - Candidates address: 0 items
2025-05-21 16:25:27,869 - P6712 - INFO - Candidates phone: 0 items
2025-05-21 16:25:27,869 - P6712 - INFO - Candidates email: 0 items
2025-05-21 16:25:27,870 - P6712 - INFO - Candidates complement: 0 items
2025-05-21 16:25:27,870 - P6712 - INFO - Após processar URL 11 Uso de memória: 42.21 MB
2025-05-21 16:25:27,870 - P6712 - INFO - Processando URL 12/19: https://www.escavador.com/sobre/1570738/claudio-costa-cardoso
2025-05-21 16:25:30,711 - P6712 - INFO - HTML salvo para debug: data\debug_html_v5\0c96668112360b9feca1b62b2e54163b.html
2025-05-21 16:25:30,745 - P6712 - INFO - Candidates address: 0 items
2025-05-21 16:25:30,745 - P6712 - INFO - Candidates phone: 0 items
2025-05-21 16:25:30,745 - P6712 - INFO - Candidates email: 0 items
2025-05-21 16:25:30,746 - P6712 - INFO - Candidates complement: 0 items
2025-05-21 16:25:30,746 - P6712 - INFO - Após processar URL 12 Uso de memória: 44.04 MB
2025-05-21 16:25:30,746 - P6712 - INFO - Processando URL 13/19: https://diariooficial.guarulhos.sp.gov.br/uploads/pdf/1393386040.pdf
2025-05-21 16:25:31,833 - P6712 - INFO - HTML salvo para debug: data\debug_html_v5\fb4362b95a3dde2161161e15fc735dbf.html
2025-05-21 16:25:31,834 - P6712 - INFO - Candidates address: 0 items
2025-05-21 16:25:31,834 - P6712 - INFO - Candidates phone: 0 items
2025-05-21 16:25:31,834 - P6712 - INFO - Candidates email: 0 items
2025-05-21 16:25:31,834 - P6712 - INFO - Candidates complement: 0 items
2025-05-21 16:25:31,834 - P6712 - INFO - Após processar URL 13 Uso de memória: 44.06 MB
2025-05-21 16:25:31,834 - P6712 - INFO - Processando URL 14/19: https://www.saobernardo.sp.gov.br/documents/10181/2045904/NM+2508+de+28.02.2025+-++Conteu%CC%81do+Integral.pdf.pdf/75db3f96-9d3f-ab3c-c202-637990c1021e
2025-05-21 16:25:32,960 - P6712 - INFO - HTML salvo para debug: data\debug_html_v5\eb6392d344c3be05f7d24fd1e592e3e4.html
2025-05-21 16:25:32,960 - P6712 - INFO - Candidates address: 0 items
2025-05-21 16:25:32,960 - P6712 - INFO - Candidates phone: 0 items
2025-05-21 16:25:32,961 - P6712 - INFO - Candidates email: 0 items
2025-05-21 16:25:32,961 - P6712 - INFO - Candidates complement: 0 items
2025-05-21 16:25:32,961 - P6712 - INFO - Após processar URL 14 Uso de memória: 44.07 MB
2025-05-21 16:25:32,961 - P6712 - INFO - Processando URL 15/19: https://crmvirtual.cfm.org.br/PA/servico/pesquisar-por-medico
2025-05-21 16:25:34,775 - P6712 - INFO - HTML salvo para debug: data\debug_html_v5\17cc5d3782797f0ed7c584749901b7c9.html
2025-05-21 16:25:34,785 - P6712 - INFO - Candidates address: 0 items
2025-05-21 16:25:34,785 - P6712 - INFO - Candidates phone: 0 items
2025-05-21 16:25:34,785 - P6712 - INFO - Candidates email: 0 items
2025-05-21 16:25:34,785 - P6712 - INFO - Candidates complement: 0 items
2025-05-21 16:25:34,785 - P6712 - INFO - Após processar URL 15 Uso de memória: 44.66 MB
2025-05-21 16:25:34,786 - P6712 - INFO - Processando URL 16/19: https://www.portaltransparencia.gov.br/pessoa-fisica/busca/lista
2025-05-21 16:25:37,253 - P6712 - INFO - HTML salvo para debug: data\debug_html_v5\e200cdf64b71d4c9248718dd155b3edb.html
2025-05-21 16:25:37,293 - P6712 - INFO - Candidates address: 0 items
2025-05-21 16:25:37,293 - P6712 - INFO - Candidates phone: 0 items
2025-05-21 16:25:37,293 - P6712 - INFO - Candidates email: 0 items
2025-05-21 16:25:37,294 - P6712 - INFO - Candidates complement: 0 items
2025-05-21 16:25:37,294 - P6712 - INFO - Após processar URL 16 Uso de memória: 44.14 MB
2025-05-21 16:25:37,294 - P6712 - INFO - Processando URL 17/19: https://cliniguia.com/profissionais/claudio-costa-cardoso-706206509117969/
2025-05-21 16:25:41,803 - P6712 - INFO - HTML salvo para debug: data\debug_html_v5\27f742276316c3618e2dfce9e148f775.html
2025-05-21 16:25:41,845 - P6712 - INFO - Candidates address: 0 items
2025-05-21 16:25:41,845 - P6712 - INFO - Candidates phone: 0 items
2025-05-21 16:25:41,845 - P6712 - INFO - Candidates email: 0 items
2025-05-21 16:25:41,845 - P6712 - INFO - Candidates complement: 0 items
2025-05-21 16:25:41,845 - P6712 - INFO - Após processar URL 17 Uso de memória: 45.62 MB
2025-05-21 16:25:41,846 - P6712 - INFO - Processando URL 18/19: https://www.boaconsulta.com/especialista/claudio-costa-cardoso-6105d9b2a2e00a5e18001613
2025-05-21 16:25:43,921 - P6712 - INFO - HTML salvo para debug: data\debug_html_v5\c3c68d036a10238652675ed9cb52e1f4.html
2025-05-21 16:25:43,986 - P6712 - INFO - Candidates address: 1 items
2025-05-21 16:25:43,986 - P6712 - INFO - Candidates phone: 0 items
2025-05-21 16:25:43,986 - P6712 - INFO - Candidates email: 0 items
2025-05-21 16:25:43,986 - P6712 - INFO - Candidates complement: 0 items
2025-05-21 16:25:43,987 - P6712 - INFO - Após processar URL 18 Uso de memória: 46.21 MB
2025-05-21 16:25:43,987 - P6712 - INFO - Processando URL 19/19: https://www.medicosbrasil.com/profissional/claudio-costa-cardoso
2025-05-21 16:25:49,101 - P6712 - INFO - HTML salvo para debug: data\debug_html_v5\80ff28be41510caffe4d0e7be433c6e1.html
2025-05-21 16:25:49,121 - P6712 - INFO - Candidates address: 0 items
2025-05-21 16:25:49,121 - P6712 - INFO - Candidates phone: 0 items
2025-05-21 16:25:49,122 - P6712 - INFO - Candidates email: 0 items
2025-05-21 16:25:49,122 - P6712 - INFO - Candidates complement: 0 items
2025-05-21 16:25:49,122 - P6712 - INFO - Após processar URL 19 Uso de memória: 46.45 MB
2025-05-21 16:25:49,122 - P6712 - INFO - Iniciando agregação e ranqueamento
2025-05-21 16:25:49,122 - P6712 - INFO - Ranked address: 1 items
2025-05-21 16:25:49,122 - P6712 - INFO - Ranked phone: 1 items
2025-05-21 16:25:49,123 - P6712 - INFO - Ranked email: 0 items
2025-05-21 16:25:49,123 - P6712 - INFO - Ranked complement: 4 items
2025-05-21 16:25:49,123 - P6712 - INFO - Após agregação Uso de memória: 46.45 MB
2025-05-21 16:25:49,123 - P6712 - INFO - Validando endereço
2025-05-21 16:25:49,797 - P6712 - INFO - Validando telefone
2025-05-21 16:25:50,462 - P6712 - INFO - Validando complemento
2025-05-21 16:25:51,499 - P6712 - INFO - Descobrindo cidade
2025-05-21 16:25:51,825 - P6712 - INFO - Buscando dados via ViaCEP
2025-05-21 16:25:51,826 - P6712 - INFO - Buscando dados no ViaCEP: https://viacep.com.br/ws/PA/Paragominas/Rua%20S%C3%A3o%20Jo%C3%A3o%20Del%20Rei/json/
2025-05-21 16:25:52,487 - P6712 - WARNING - Nenhum resultado encontrado no ViaCEP
2025-05-21 16:25:52,489 - P6712 - INFO - Fallback: buscando CEP via web
2025-05-21 16:25:52,489 - P6712 - INFO - Buscando CEP via web: CEP da Rua São João Del Rei, Paragominas
2025-05-21 16:25:54,987 - P6712 - INFO - Segunda tentativa via web: Rua São João Del Rei, Paragominas CEP
2025-05-21 16:25:57,125 - P6712 - WARNING - CEP não encontrado via web
2025-05-21 16:25:57,125 - P6712 - INFO - Tempo de execução de processamento completo do médico: 178.83 segundos
2025-05-21 16:25:57,126 - P6712 - INFO - Progresso: 80.0%
2025-05-21 16:25:57,127 - P6712 - INFO - Executando coleta de lixo
2025-05-21 16:25:57,138 - P6712 - INFO - Após coleta de lixo Uso de memória: 47.59 MB
2025-05-21 16:25:57,138 - P6712 - INFO - Tempo de execução de processamento do médico 1: 180.51 segundos
2025-05-21 16:25:57,138 - P6712 - INFO - 
==================================================
Processando médico 2/2
2025-05-21 16:25:57,138 - P6712 - INFO - Nome: JOSEMBERG VIEIRA DE MENEZES FILHO
2025-05-21 16:25:57,139 - P6712 - INFO - Início do processamento Uso de memória: 47.59 MB
2025-05-21 16:25:57,139 - P6712 - INFO - Query: JOSEMBERG VIEIRA DE MENEZES FILHO CRM 22035 CE telefone e-mail endereço
2025-05-21 16:25:57,139 - P6712 - INFO - Iniciando busca para: JOSEMBERG VIEIRA DE MENEZES FILHO CRM 22035 CE telefone e-mail endereço
2025-05-21 16:25:57,571 - P6712 - INFO - SearX results: 3 URLs
2025-05-21 16:25:57,572 - P6712 - INFO - Após SearX Uso de memória: 47.59 MB
2025-05-21 16:25:59,214 - P6712 - INFO - Google results: 0 URLs
2025-05-21 16:25:59,214 - P6712 - INFO - Após Google Uso de memória: 47.62 MB
2025-05-21 16:26:00,752 - P6712 - INFO - Bing results: 10 URLs
2025-05-21 16:26:00,752 - P6712 - INFO - Após Bing Uso de memória: 48.36 MB
2025-05-21 16:26:00,752 - P6712 - INFO - Total de URLs únicas: 12
2025-05-21 16:26:00,752 - P6712 - INFO - Processando URL 1/12: https://auniao.pb.gov.br/servicos/doe/2023/junho/diario-oficial-08-06-2023.pdf
2025-05-21 16:26:02,567 - P6712 - INFO - HTML salvo para debug: data\debug_html_v5\0610d8c086d1452ba309be61138ca4dd.html
2025-05-21 16:26:02,567 - P6712 - INFO - Candidates address: 0 items
2025-05-21 16:26:02,567 - P6712 - INFO - Candidates phone: 0 items
2025-05-21 16:26:02,568 - P6712 - INFO - Candidates email: 0 items
2025-05-21 16:26:02,568 - P6712 - INFO - Candidates complement: 0 items
2025-05-21 16:26:02,568 - P6712 - INFO - Após processar URL 1 Uso de memória: 48.36 MB
2025-05-21 16:26:02,568 - P6712 - INFO - Processando URL 2/12: https://agendarconsulta.com/perfil/dr-josemberg-vieira-de-menezes-filho-1700752106
2025-05-21 16:26:07,331 - P6712 - INFO - HTML salvo para debug: data\debug_html_v5\768eb0ebdc3c2c065c5c935067b4931b.html
2025-05-21 16:26:07,363 - P6712 - INFO - Candidates address: 0 items
2025-05-21 16:26:07,363 - P6712 - INFO - Candidates phone: 2 items
2025-05-21 16:26:07,364 - P6712 - INFO - Candidates email: 0 items
2025-05-21 16:26:07,364 - P6712 - INFO - Candidates complement: 0 items
2025-05-21 16:26:07,364 - P6712 - INFO - Após processar URL 2 Uso de memória: 48.74 MB
2025-05-21 16:26:07,364 - P6712 - INFO - Processando URL 3/12: https://www.boaconsulta.com/especialista/josemberg-vieira-de-menezes-filho-6105e3cea2e00a670f000cc4
2025-05-21 16:26:09,302 - P6712 - INFO - HTML salvo para debug: data\debug_html_v5\4aeb7feca8e7c705f6c4174929b77491.html
2025-05-21 16:26:09,370 - P6712 - INFO - Candidates address: 1 items
2025-05-21 16:26:09,371 - P6712 - INFO - Candidates phone: 0 items
2025-05-21 16:26:09,371 - P6712 - INFO - Candidates email: 0 items
2025-05-21 16:26:09,371 - P6712 - INFO - Candidates complement: 0 items
2025-05-21 16:26:09,371 - P6712 - INFO - Após processar URL 3 Uso de memória: 48.83 MB
2025-05-21 16:26:09,372 - P6712 - INFO - Processando URL 4/12: https://www.sbd.org.br/mm/cms/2021/10/20/sbdcirurgioes-de-mohs2021v4.pdf
2025-05-21 16:26:10,853 - P6712 - INFO - HTML salvo para debug: data\debug_html_v5\2448de92f569c66651cea699c622fe7f.html
2025-05-21 16:26:10,854 - P6712 - INFO - Candidates address: 0 items
2025-05-21 16:26:10,854 - P6712 - INFO - Candidates phone: 0 items
2025-05-21 16:26:10,854 - P6712 - INFO - Candidates email: 0 items
2025-05-21 16:26:10,854 - P6712 - INFO - Candidates complement: 0 items
2025-05-21 16:26:10,854 - P6712 - INFO - Após processar URL 4 Uso de memória: 48.09 MB
2025-05-21 16:26:10,854 - P6712 - INFO - Processando URL 5/12: https://consultacrm.com.br/
2025-05-21 16:26:13,286 - P6712 - INFO - HTML salvo para debug: data\debug_html_v5\65cadeb91ac3713432c21b535990f440.html
2025-05-21 16:26:13,297 - P6712 - INFO - Candidates address: 0 items
2025-05-21 16:26:13,297 - P6712 - INFO - Candidates phone: 0 items
2025-05-21 16:26:13,297 - P6712 - INFO - Candidates email: 0 items
2025-05-21 16:26:13,297 - P6712 - INFO - Candidates complement: 0 items
2025-05-21 16:26:13,297 - P6712 - INFO - Após processar URL 5 Uso de memória: 48.72 MB
2025-05-21 16:26:13,298 - P6712 - INFO - Processando URL 6/12: https://www.achecerto.com.br/
2025-05-21 16:26:16,850 - P6712 - INFO - HTML salvo para debug: data\debug_html_v5\ceb96e5663cace6f7b35fee1716d7561.html
2025-05-21 16:26:16,860 - P6712 - INFO - Candidates address: 1 items
2025-05-21 16:26:16,860 - P6712 - INFO - Candidates phone: 0 items
2025-05-21 16:26:16,861 - P6712 - INFO - Candidates email: 1 items
2025-05-21 16:26:16,861 - P6712 - INFO - Candidates complement: 0 items
2025-05-21 16:26:16,861 - P6712 - INFO - Após processar URL 6 Uso de memória: 48.96 MB
2025-05-21 16:26:16,861 - P6712 - INFO - Processando URL 7/12: https://cremec.org.br/busca-medicos
2025-05-21 16:26:20,025 - P6712 - INFO - HTML salvo para debug: data\debug_html_v5\3c9ece8b802bc598dd007727d971a7d5.html
2025-05-21 16:26:20,065 - P6712 - INFO - Candidates address: 1 items
2025-05-21 16:26:20,065 - P6712 - INFO - Candidates phone: 1 items
2025-05-21 16:26:20,065 - P6712 - INFO - Candidates email: 1 items
2025-05-21 16:26:20,065 - P6712 - INFO - Candidates complement: 0 items
2025-05-21 16:26:20,065 - P6712 - INFO - Após processar URL 7 Uso de memória: 49.60 MB
2025-05-21 16:26:20,065 - P6712 - INFO - Processando URL 8/12: https://auniao.pb.gov.br/servicos/doe/2023/junho/diario-oficial-08-06-2023.pdf/@@download/file/Di%C3%A1rio%20Oficial%2008-06-2023.pdf
2025-05-21 16:26:21,170 - P6712 - INFO - HTML salvo para debug: data\debug_html_v5\eec0d47195cd4dea2f954b4ea3207c6c.html
2025-05-21 16:26:21,204 - P6712 - INFO - Candidates address: 1 items
2025-05-21 16:26:21,204 - P6712 - INFO - Candidates phone: 1 items
2025-05-21 16:26:21,204 - P6712 - INFO - Candidates email: 1 items
2025-05-21 16:26:21,205 - P6712 - INFO - Candidates complement: 0 items
2025-05-21 16:26:21,205 - P6712 - INFO - Após processar URL 8 Uso de memória: 49.11 MB
2025-05-21 16:26:21,205 - P6712 - INFO - Processando URL 9/12: https://www.consultasocio.com/q/sa/josemberg-vieira-de-menezes-filho
2025-05-21 16:26:26,333 - P6712 - INFO - HTML salvo para debug: data\debug_html_v5\ab1b563096243425312cf6adf9b8cbfb.html
2025-05-21 16:26:26,342 - P6712 - INFO - Candidates address: 2 items
2025-05-21 16:26:26,342 - P6712 - INFO - Candidates phone: 0 items
2025-05-21 16:26:26,342 - P6712 - INFO - Candidates email: 2 items
2025-05-21 16:26:26,342 - P6712 - INFO - Candidates complement: 1 items
2025-05-21 16:26:26,343 - P6712 - INFO - Após processar URL 9 Uso de memória: 49.43 MB
2025-05-21 16:26:26,343 - P6712 - INFO - Processando URL 10/12: https://www.portaltransparencia.gov.br/pessoa-fisica/busca/lista
2025-05-21 16:26:28,429 - P6712 - INFO - HTML salvo para debug: data\debug_html_v5\e200cdf64b71d4c9248718dd155b3edb.html
2025-05-21 16:26:28,466 - P6712 - INFO - Candidates address: 0 items
2025-05-21 16:26:28,466 - P6712 - INFO - Candidates phone: 0 items
2025-05-21 16:26:28,466 - P6712 - INFO - Candidates email: 0 items
2025-05-21 16:26:28,466 - P6712 - INFO - Candidates complement: 0 items
2025-05-21 16:26:28,467 - P6712 - INFO - Após processar URL 10 Uso de memória: 48.68 MB
2025-05-21 16:26:28,467 - P6712 - INFO - Processando URL 11/12: https://cnpj.biz/11975294000193
2025-05-21 16:26:29,661 - P6712 - INFO - HTML salvo para debug: data\debug_html_v5\4193cbb0106d6e072187168841c82669.html
2025-05-21 16:26:29,664 - P6712 - INFO - Candidates address: 0 items
2025-05-21 16:26:29,664 - P6712 - INFO - Candidates phone: 0 items
2025-05-21 16:26:29,664 - P6712 - INFO - Candidates email: 0 items
2025-05-21 16:26:29,664 - P6712 - INFO - Candidates complement: 0 items
2025-05-21 16:26:29,664 - P6712 - INFO - Após processar URL 11 Uso de memória: 48.82 MB
2025-05-21 16:26:29,664 - P6712 - INFO - Processando URL 12/12: https://crmvirtual.cfm.org.br/CE/servico/pesquisar-por-medico
2025-05-21 16:26:31,459 - P6712 - INFO - HTML salvo para debug: data\debug_html_v5\45a055d6195bb8c8f36ec2660226b84e.html
2025-05-21 16:26:31,469 - P6712 - INFO - Candidates address: 0 items
2025-05-21 16:26:31,469 - P6712 - INFO - Candidates phone: 0 items
2025-05-21 16:26:31,469 - P6712 - INFO - Candidates email: 1 items
2025-05-21 16:26:31,469 - P6712 - INFO - Candidates complement: 0 items
2025-05-21 16:26:31,470 - P6712 - INFO - Após processar URL 12 Uso de memória: 49.03 MB
2025-05-21 16:26:31,470 - P6712 - INFO - Iniciando agregação e ranqueamento
2025-05-21 16:26:31,470 - P6712 - INFO - Ranked address: 5 items
2025-05-21 16:26:31,470 - P6712 - INFO - Ranked phone: 3 items
2025-05-21 16:26:31,470 - P6712 - INFO - Ranked email: 5 items
2025-05-21 16:26:31,470 - P6712 - INFO - Ranked complement: 1 items
2025-05-21 16:26:31,470 - P6712 - INFO - Após agregação Uso de memória: 49.03 MB
2025-05-21 16:26:31,471 - P6712 - INFO - Validando endereço
2025-05-21 16:26:32,316 - P6712 - INFO - Validando telefone
2025-05-21 16:26:33,001 - P6712 - INFO - Validando email
2025-05-21 16:26:33,352 - P6712 - WARNING - Email inválido retornado pela IA: ''
2025-05-21 16:26:33,352 - P6712 - INFO - Validando complemento
2025-05-21 16:26:33,811 - P6712 - INFO - Descobrindo cidade
2025-05-21 16:26:34,065 - P6712 - INFO - Buscando dados via ViaCEP
2025-05-21 16:26:34,065 - P6712 - INFO - Buscando dados no ViaCEP: https://viacep.com.br/ws/CE/Fortaleza/Rua%20Joaquim%20Nogueira%20Lopes/json/
2025-05-21 16:26:34,761 - P6712 - WARNING - Nenhum resultado encontrado no ViaCEP
2025-05-21 16:26:34,763 - P6712 - INFO - Fallback: buscando CEP via web
2025-05-21 16:26:34,763 - P6712 - INFO - Buscando CEP via web: CEP da Rua Joaquim Nogueira Lopes, Fortaleza
2025-05-21 16:26:36,501 - P6712 - INFO - Segunda tentativa via web: Rua Joaquim Nogueira Lopes, Fortaleza CEP
2025-05-21 16:26:38,608 - P6712 - WARNING - CEP não encontrado via web
2025-05-21 16:26:38,608 - P6712 - INFO - Tempo de execução de processamento completo do médico: 41.47 segundos
2025-05-21 16:26:38,609 - P6712 - INFO - Progresso: 90.0%
2025-05-21 16:26:38,609 - P6712 - INFO - Tempo de execução de processamento do médico 2: 41.47 segundos
2025-05-21 16:26:38,609 - P6712 - INFO - Salvando resultados finais do lote
2025-05-21 16:26:38,610 - P6712 - INFO - Tempo de execução de processamento do lote completo: 221.98 segundos
