2025-05-22 03:30:48,245 - P11992 - INFO - 
==================================================
Processando médico 1/3
2025-05-22 03:30:48,245 - P11992 - INFO - Nome: SILVANE PEREIRA DE SOUZA SANTOS
2025-05-22 03:30:48,246 - P11992 - INFO - Reiniciando driver do Chrome
2025-05-22 03:30:49,569 - P11992 - INFO - Após reiniciar driver Uso de memória: 110.87 MB
2025-05-22 03:30:49,569 - P11992 - INFO - Início do processamento Uso de memória: 110.87 MB
2025-05-22 03:30:49,569 - P11992 - INFO - Iniciando busca para: SILVANE PEREIRA DE SOUZA SANTOS CRM 229265 SP telefone e-mail endereço
2025-05-22 03:30:50,468 - P11992 - INFO - SearX results: 15 URLs
2025-05-22 03:30:50,468 - P11992 - INFO - Após SearX Uso de memória: 110.87 MB
2025-05-22 03:30:53,167 - P11992 - INFO - Google results: 8 URLs
2025-05-22 03:30:53,167 - P11992 - INFO - Após Google Uso de memória: 111.80 MB
2025-05-22 03:30:55,737 - P11992 - INFO - Bing results: 10 URLs
2025-05-22 03:30:55,737 - P11992 - INFO - Após Bing Uso de memória: 112.69 MB
2025-05-22 03:30:55,737 - P11992 - INFO - Total de URLs únicas: 19
2025-05-22 03:30:55,737 - P11992 - INFO - Processando URL 1/19: https://transparencia.cremesp.org.br/?siteAcao=guia_medico
2025-05-22 03:30:58,285 - P11992 - INFO - HTML salvo para debug: data\debug_html_v10\cb80cc007a72cc7a378681a92a58906a.html
2025-05-22 03:30:58,336 - P11992 - INFO - Candidates address: 1 items
2025-05-22 03:30:58,336 - P11992 - INFO - Candidates phone: 0 items
2025-05-22 03:30:58,337 - P11992 - INFO - Candidates email: 0 items
2025-05-22 03:30:58,338 - P11992 - INFO - Candidates complement: 0 items
2025-05-22 03:30:58,340 - P11992 - INFO - Candidates cep: 1 items
2025-05-22 03:30:58,344 - P11992 - INFO - Após processar URL 1 Uso de memória: 112.75 MB
2025-05-22 03:30:58,344 - P11992 - INFO - Processando URL 2/19: https://www.udesc.br/arquivos/cefid/id_cpmenu/2548/Publica__o___pag__10___DOE_15938056835819_2548.pdf
2025-05-22 03:30:58,345 - P11992 - INFO - Ignorando URL de arquivo não-HTML: https://www.udesc.br/arquivos/cefid/id_cpmenu/2548/Publica__o___pag__10___DOE_15938056835819_2548.pdf
2025-05-22 03:30:58,345 - P11992 - INFO - Após processar URL 2 Uso de memória: 112.75 MB
2025-05-22 03:30:58,345 - P11992 - INFO - Processando URL 3/19: https://sistemadje.tjmt.jus.br/publicacoes/10211-2018%20C7%20Comarcas%20-%201%C2%AA%202%C2%AA%20e%203%C2%AA%20Entr%C3%A2ncia.pdf
2025-05-22 03:30:58,345 - P11992 - INFO - Ignorando URL de arquivo não-HTML: https://sistemadje.tjmt.jus.br/publicacoes/10211-2018%20C7%20Comarcas%20-%201%C2%AA%202%C2%AA%20e%203%C2%AA%20Entr%C3%A2ncia.pdf
2025-05-22 03:30:58,347 - P11992 - INFO - Após processar URL 3 Uso de memória: 112.75 MB
2025-05-22 03:30:58,347 - P11992 - INFO - Processando URL 4/19: https://brasilcnpj.net/cnpj/p-v-servicos-medicos-ltda-23989198000264
2025-05-22 03:31:04,603 - P11992 - INFO - HTML salvo para debug: data\debug_html_v10\e93eb9210e8a122e988f20c1e5bb6f40.html
2025-05-22 03:31:04,698 - P11992 - INFO - Candidates address: 0 items
2025-05-22 03:31:04,699 - P11992 - INFO - Candidates phone: 0 items
2025-05-22 03:31:04,699 - P11992 - INFO - Candidates email: 0 items
2025-05-22 03:31:04,699 - P11992 - INFO - Candidates complement: 0 items
2025-05-22 03:31:04,699 - P11992 - INFO - Candidates cep: 2 items
2025-05-22 03:31:04,699 - P11992 - INFO - Após processar URL 4 Uso de memória: 112.76 MB
2025-05-22 03:31:04,699 - P11992 - INFO - Processando URL 5/19: https://osasco.sp.gov.br/site/wp-content/uploads/2016/10/httposasco.sp_.gov_.brcompsec1atosEd1290.pdf
2025-05-22 03:31:04,700 - P11992 - INFO - Ignorando URL de arquivo não-HTML: https://osasco.sp.gov.br/site/wp-content/uploads/2016/10/httposasco.sp_.gov_.brcompsec1atosEd1290.pdf
2025-05-22 03:31:04,700 - P11992 - INFO - Após processar URL 5 Uso de memória: 112.76 MB
2025-05-22 03:31:04,700 - P11992 - INFO - Processando URL 6/19: http://cremesp.org.br/
2025-05-22 03:31:12,611 - P11992 - INFO - HTML salvo para debug: data\debug_html_v10\2a967318246f9658edeb1e0469c871fe.html
2025-05-22 03:31:12,635 - P11992 - INFO - Candidates address: 1 items
2025-05-22 03:31:12,636 - P11992 - INFO - Candidates phone: 1 items
2025-05-22 03:31:12,636 - P11992 - INFO - Candidates email: 0 items
2025-05-22 03:31:12,636 - P11992 - INFO - Candidates complement: 0 items
2025-05-22 03:31:12,636 - P11992 - INFO - Candidates cep: 2 items
2025-05-22 03:31:12,636 - P11992 - INFO - Após processar URL 6 Uso de memória: 112.77 MB
2025-05-22 03:31:12,636 - P11992 - INFO - Processando URL 7/19: https://portal.cfm.org.br/busca-medicos
2025-05-22 03:31:16,602 - P11992 - INFO - HTML salvo para debug: data\debug_html_v10\e28ae84aaa177d1328f3a0d1fb68449f.html
2025-05-22 03:31:16,644 - P11992 - INFO - Candidates address: 0 items
2025-05-22 03:31:16,644 - P11992 - INFO - Candidates phone: 0 items
2025-05-22 03:31:16,644 - P11992 - INFO - Candidates email: 1 items
2025-05-22 03:31:16,645 - P11992 - INFO - Candidates complement: 1 items
2025-05-22 03:31:16,645 - P11992 - INFO - Candidates cep: 1 items
2025-05-22 03:31:16,645 - P11992 - INFO - Após processar URL 7 Uso de memória: 112.77 MB
2025-05-22 03:31:16,645 - P11992 - INFO - Processando URL 8/19: https://www.ioepa.com.br/pages/2018/2018.08.17.DOE.pdf
2025-05-22 03:31:16,645 - P11992 - INFO - Ignorando URL de arquivo não-HTML: https://www.ioepa.com.br/pages/2018/2018.08.17.DOE.pdf
2025-05-22 03:31:16,645 - P11992 - INFO - Após processar URL 8 Uso de memória: 112.77 MB
2025-05-22 03:31:16,645 - P11992 - INFO - Processando URL 9/19: https://sistemadje.tjmt.jus.br/publicacoes/10236-2018%20C7%20Comarcas%20-%201%C2%AA%202%C2%AA%20e%203%C2%AA%20Entr%C3%A2ncia.pdf
2025-05-22 03:31:16,646 - P11992 - INFO - Ignorando URL de arquivo não-HTML: https://sistemadje.tjmt.jus.br/publicacoes/10236-2018%20C7%20Comarcas%20-%201%C2%AA%202%C2%AA%20e%203%C2%AA%20Entr%C3%A2ncia.pdf
2025-05-22 03:31:16,646 - P11992 - INFO - Após processar URL 9 Uso de memória: 112.77 MB
2025-05-22 03:31:16,646 - P11992 - INFO - Processando URL 10/19: https://portal-api.campinas.sp.gov.br/sites/default/files/publicacoes-dom/dom/1080612570.pdf
2025-05-22 03:31:16,646 - P11992 - INFO - Ignorando URL de arquivo não-HTML: https://portal-api.campinas.sp.gov.br/sites/default/files/publicacoes-dom/dom/1080612570.pdf
2025-05-22 03:31:16,646 - P11992 - INFO - Após processar URL 10 Uso de memória: 112.77 MB
2025-05-22 03:31:16,646 - P11992 - INFO - Processando URL 11/19: https://guiamedico.cremesp.org.br/
2025-05-22 03:31:27,061 - P11992 - INFO - HTML salvo para debug: data\debug_html_v10\7c54969580769b63edd9abaa952e1fa2.html
2025-05-22 03:31:27,067 - P11992 - INFO - Candidates address: 1 items
2025-05-22 03:31:27,068 - P11992 - INFO - Candidates phone: 1 items
2025-05-22 03:31:27,068 - P11992 - INFO - Candidates email: 0 items
2025-05-22 03:31:27,068 - P11992 - INFO - Candidates complement: 0 items
2025-05-22 03:31:27,068 - P11992 - INFO - Candidates cep: 1 items
2025-05-22 03:31:27,069 - P11992 - INFO - Após processar URL 11 Uso de memória: 112.77 MB
2025-05-22 03:31:27,069 - P11992 - INFO - Processando URL 12/19: https://aboutcompany.info/country/brazil/officer/662942/silvane-pereira-de-souza-santos/
2025-05-22 03:31:31,938 - P11992 - WARNING - Página muito grande (3.15MB), truncando
2025-05-22 03:31:31,951 - P11992 - INFO - HTML salvo para debug: data\debug_html_v10\824d16fdae016dde9b9bb76fa520d2d2.html
2025-05-22 03:31:33,523 - P11992 - INFO - Candidates address: 0 items
2025-05-22 03:31:33,523 - P11992 - INFO - Candidates phone: 0 items
2025-05-22 03:31:33,523 - P11992 - INFO - Candidates email: 0 items
2025-05-22 03:31:33,524 - P11992 - INFO - Candidates complement: 3 items
2025-05-22 03:31:33,524 - P11992 - INFO - Candidates cep: 0 items
2025-05-22 03:31:33,524 - P11992 - INFO - Após processar URL 12 Uso de memória: 118.84 MB
2025-05-22 03:31:33,524 - P11992 - INFO - Processando URL 13/19: https://guiasaudebrasil.com.br/profissional/14786f76a46ed276-silvane-dos-santos-pereira
2025-05-22 03:31:38,383 - P11992 - INFO - HTML salvo para debug: data\debug_html_v10\470e7fb6301668d13cb2ee95eaedcbe9.html
2025-05-22 03:31:38,391 - P11992 - INFO - Candidates address: 0 items
2025-05-22 03:31:38,391 - P11992 - INFO - Candidates phone: 0 items
2025-05-22 03:31:38,391 - P11992 - INFO - Candidates email: 0 items
2025-05-22 03:31:38,391 - P11992 - INFO - Candidates complement: 0 items
2025-05-22 03:31:38,391 - P11992 - INFO - Candidates cep: 1 items
2025-05-22 03:31:38,392 - P11992 - INFO - Após processar URL 13 Uso de memória: 112.88 MB
2025-05-22 03:31:38,392 - P11992 - INFO - Processando URL 14/19: https://imprensaoficial.jundiai.sp.gov.br/wp-content/uploads/2014/08/Imprensa-Oficial-de-Jundia%C3%AD-Edi%C3%A7%C3%A3o-3894.pdf
2025-05-22 03:31:38,392 - P11992 - INFO - Ignorando URL de arquivo não-HTML: https://imprensaoficial.jundiai.sp.gov.br/wp-content/uploads/2014/08/Imprensa-Oficial-de-Jundia%C3%AD-Edi%C3%A7%C3%A3o-3894.pdf
2025-05-22 03:31:38,392 - P11992 - INFO - Após processar URL 14 Uso de memória: 112.88 MB
2025-05-22 03:31:38,392 - P11992 - INFO - Processando URL 15/19: https://www.ioepa.com.br/pages/2011/2011.05.09.DOE.pdf
2025-05-22 03:31:38,393 - P11992 - INFO - Ignorando URL de arquivo não-HTML: https://www.ioepa.com.br/pages/2011/2011.05.09.DOE.pdf
2025-05-22 03:31:38,393 - P11992 - INFO - Após processar URL 15 Uso de memória: 112.88 MB
2025-05-22 03:31:38,393 - P11992 - INFO - Processando URL 16/19: https://www.portaltransparencia.gov.br/pessoa-fisica/busca/lista
2025-05-22 03:31:42,226 - P11992 - INFO - HTML salvo para debug: data\debug_html_v10\e200cdf64b71d4c9248718dd155b3edb.html
2025-05-22 03:31:42,267 - P11992 - INFO - Candidates address: 0 items
2025-05-22 03:31:42,267 - P11992 - INFO - Candidates phone: 0 items
2025-05-22 03:31:42,268 - P11992 - INFO - Candidates email: 0 items
2025-05-22 03:31:42,268 - P11992 - INFO - Candidates complement: 0 items
2025-05-22 03:31:42,268 - P11992 - INFO - Candidates cep: 0 items
2025-05-22 03:31:42,268 - P11992 - INFO - Após processar URL 16 Uso de memória: 112.87 MB
2025-05-22 03:31:42,269 - P11992 - INFO - Processando URL 17/19: https://iomat.mt.gov.br/portal/edicoes/download/2929
2025-05-22 03:31:44,694 - P11992 - INFO - HTML salvo para debug: data\debug_html_v10\0eeed64567edf2c0e24c841859d33c8a.html
2025-05-22 03:31:44,735 - P11992 - INFO - Candidates address: 0 items
2025-05-22 03:31:44,753 - P11992 - INFO - Candidates phone: 0 items
2025-05-22 03:31:44,754 - P11992 - INFO - Candidates email: 0 items
2025-05-22 03:31:44,754 - P11992 - INFO - Candidates complement: 0 items
2025-05-22 03:31:44,754 - P11992 - INFO - Candidates cep: 0 items
2025-05-22 03:31:44,755 - P11992 - INFO - Após processar URL 17 Uso de memória: 112.86 MB
2025-05-22 03:31:44,755 - P11992 - INFO - Processando URL 18/19: https://www.boaconsulta.com/especialista/silvana-pereira-e-souza-6106f0a2a2e00a756e001135
2025-05-22 03:31:48,186 - P11992 - INFO - HTML salvo para debug: data\debug_html_v10\99c75df194ae745ead36c4624e6c519f.html
2025-05-22 03:31:48,268 - P11992 - INFO - Candidates address: 11 items
2025-05-22 03:31:48,268 - P11992 - INFO - Candidates phone: 0 items
2025-05-22 03:31:48,269 - P11992 - INFO - Candidates email: 0 items
2025-05-22 03:31:48,269 - P11992 - INFO - Candidates complement: 2 items
2025-05-22 03:31:48,269 - P11992 - INFO - Candidates cep: 0 items
2025-05-22 03:31:48,269 - P11992 - INFO - Após processar URL 18 Uso de memória: 113.61 MB
2025-05-22 03:31:48,269 - P11992 - INFO - Processando URL 19/19: https://consultacrm.com.br/
2025-05-22 03:31:52,071 - P11992 - INFO - HTML salvo para debug: data\debug_html_v10\65cadeb91ac3713432c21b535990f440.html
2025-05-22 03:31:52,083 - P11992 - INFO - Candidates address: 0 items
2025-05-22 03:31:52,083 - P11992 - INFO - Candidates phone: 0 items
2025-05-22 03:31:52,084 - P11992 - INFO - Candidates email: 0 items
2025-05-22 03:31:52,084 - P11992 - INFO - Candidates complement: 0 items
2025-05-22 03:31:52,084 - P11992 - INFO - Candidates cep: 0 items
2025-05-22 03:31:52,084 - P11992 - INFO - Após processar URL 19 Uso de memória: 113.61 MB
2025-05-22 03:31:52,085 - P11992 - INFO - Iniciando agregação e ranqueamento
2025-05-22 03:31:52,085 - P11992 - INFO - Ranked address: 12 items
2025-05-22 03:31:52,087 - P11992 - INFO - Ranked phone: 1 items
2025-05-22 03:31:52,088 - P11992 - INFO - Ranked email: 1 items
2025-05-22 03:31:52,089 - P11992 - INFO - Ranked complement: 6 items
2025-05-22 03:31:52,090 - P11992 - INFO - Ranked cep: 6 items
2025-05-22 03:31:52,091 - P11992 - INFO - Após agregação Uso de memória: 113.61 MB
2025-05-22 03:31:52,091 - P11992 - INFO - Validando endereço: ['Rua Frei Caneca, 1282', 'Avenida Lins De Vasconcelos, 1042', 'Rua Doutor Luiz Migliano, 1986']
2025-05-22 03:31:52,091 - P11992 - INFO - Endereço validado: Rua Frei Caneca, 1282
2025-05-22 03:31:52,091 - P11992 - INFO - Limpando texto extenso para campo address: Rua Frei Caneca, 1282...
2025-05-22 03:31:52,091 - P11992 - INFO - Texto limpo: Rua Frei Caneca, 1282
2025-05-22 03:31:52,092 - P11992 - INFO - Validando telefone: ['(11) 4349-9900']
2025-05-22 03:31:52,093 - P11992 - INFO - Limpando texto extenso para campo phone: (11) 4349-9900...
2025-05-22 03:31:52,094 - P11992 - INFO - Texto limpo: 11) 4349-9900
2025-05-22 03:31:52,094 - P11992 - INFO - Telefone validado: 11) 4349-9900
2025-05-22 03:31:52,095 - P11992 - INFO - Validando email: ['cfm@portalmedico.org.br']
2025-05-22 03:31:52,096 - P11992 - INFO - Limpando texto extenso para campo email: cfm@portalmedico.org.br...
2025-05-22 03:31:52,097 - P11992 - INFO - Texto limpo: cfm@portalmedico.org.br
2025-05-22 03:31:52,097 - P11992 - INFO - Email validado: cfm@portalmedico.org.br
2025-05-22 03:31:52,099 - P11992 - INFO - Validando complemento: ['Conjunto D', 'Salatiel  é  sócio(a) de  Silvane  na empresa  P & V S', 'Salatiel SAMANTA AUGUSTO LEMES Samanta  é  sócio(a) de']
2025-05-22 03:31:52,100 - P11992 - INFO - Limpando texto extenso para campo complement: Conjunto D...
2025-05-22 03:31:52,100 - P11992 - INFO - Texto limpo: Conjunto D
2025-05-22 03:31:52,100 - P11992 - INFO - Complemento validado: Conjunto D
2025-05-22 03:31:52,100 - P11992 - INFO - Descobrindo cidade
2025-05-22 03:31:52,101 - P11992 - INFO - Buscando cidade: Rua Frei Caneca cidade SP
2025-05-22 03:31:54,796 - P11992 - WARNING - Cidade não encontrada
2025-05-22 03:31:54,796 - P11992 - INFO - Cidade descoberta: 
2025-05-22 03:31:54,796 - P11992 - INFO - Tempo de execução de processamento completo do médico: 65.23 segundos
2025-05-22 03:31:54,797 - P11992 - INFO - Resultado processado: {'Hash': 'ded0a4c4af13d9381d9c0ca0f4608daf67dcf8c25e1987535ad423670faaaa56', 'CRM': '229265', 'UF': 'SP', 'Firstname': 'SILVANE', 'LastName': 'PEREIRA DE SOUZA SANTOS', 'Medical specialty': '', 'Endereco Completo A1': 'Rua Frei Caneca, 1282', 'Address A1': 'Rua Frei Caneca', 'Numero A1': '1282', 'Complement A1': 'Conjunto D', 'Bairro A1': '', 'postal code A1': '', 'City A1': '', 'State A1': '', 'Phone A1': '11) 4349-9900', 'Phone A2': '', 'Cell phone A1': '', 'Cell phone A2': '', 'E-mail A1': 'cfm@portalmedico.org.br', 'E-mail A2': '', 'OPT-IN': '', 'STATUS': '', 'LOTE': ''}
2025-05-22 03:31:54,800 - P11992 - INFO - Progresso: 49.4%
2025-05-22 03:31:54,801 - P11992 - INFO - Executando coleta de lixo
2025-05-22 03:31:54,953 - P11992 - INFO - Após coleta de lixo Uso de memória: 104.80 MB
2025-05-22 03:31:54,957 - P11992 - INFO - Tempo de execução de processamento do médico 1: 66.71 segundos
2025-05-22 03:31:54,958 - P11992 - INFO - 
==================================================
Processando médico 2/3
2025-05-22 03:31:54,960 - P11992 - INFO - Nome: AMARILIO COSTA E CARVALHO PINTO
2025-05-22 03:31:54,966 - P11992 - INFO - Início do processamento Uso de memória: 104.80 MB
2025-05-22 03:31:54,966 - P11992 - INFO - Iniciando busca para: AMARILIO COSTA E CARVALHO PINTO CRM 229639 SP telefone e-mail endereço
2025-05-22 03:31:55,771 - P11992 - INFO - SearX results: 10 URLs
2025-05-22 03:31:55,771 - P11992 - INFO - Após SearX Uso de memória: 104.80 MB
2025-05-22 03:31:58,329 - P11992 - INFO - Google results: 5 URLs
2025-05-22 03:31:58,329 - P11992 - INFO - Após Google Uso de memória: 108.70 MB
2025-05-22 03:32:01,101 - P11992 - INFO - Bing results: 10 URLs
2025-05-22 03:32:01,102 - P11992 - INFO - Após Bing Uso de memória: 110.76 MB
2025-05-22 03:32:01,102 - P11992 - INFO - Total de URLs únicas: 15
2025-05-22 03:32:01,103 - P11992 - INFO - Processando URL 1/15: https://transparencia.cremesp.org.br/?siteAcao=guia_medico
2025-05-22 03:32:18,425 - P11992 - INFO - HTML salvo para debug: data\debug_html_v10\cb80cc007a72cc7a378681a92a58906a.html
2025-05-22 03:32:18,472 - P11992 - INFO - Candidates address: 1 items
2025-05-22 03:32:18,473 - P11992 - INFO - Candidates phone: 0 items
2025-05-22 03:32:18,473 - P11992 - INFO - Candidates email: 0 items
2025-05-22 03:32:18,473 - P11992 - INFO - Candidates complement: 0 items
2025-05-22 03:32:18,473 - P11992 - INFO - Candidates cep: 1 items
2025-05-22 03:32:18,473 - P11992 - INFO - Após processar URL 1 Uso de memória: 111.08 MB
2025-05-22 03:32:18,473 - P11992 - INFO - Processando URL 2/15: https://www.doctoralia.com.br/endocrinologista/sao-paulo/vila-pirituba
2025-05-22 03:32:18,474 - P11992 - INFO - Ignorando URL de arquivo não-HTML: https://www.doctoralia.com.br/endocrinologista/sao-paulo/vila-pirituba
2025-05-22 03:32:18,474 - P11992 - INFO - Após processar URL 2 Uso de memória: 111.08 MB
2025-05-22 03:32:18,474 - P11992 - INFO - Processando URL 3/15: https://consultacrm.com.br/
2025-05-22 03:32:22,894 - P11992 - INFO - HTML salvo para debug: data\debug_html_v10\65cadeb91ac3713432c21b535990f440.html
2025-05-22 03:32:22,906 - P11992 - INFO - Candidates address: 0 items
2025-05-22 03:32:22,906 - P11992 - INFO - Candidates phone: 0 items
2025-05-22 03:32:22,907 - P11992 - INFO - Candidates email: 0 items
2025-05-22 03:32:22,907 - P11992 - INFO - Candidates complement: 0 items
2025-05-22 03:32:22,907 - P11992 - INFO - Candidates cep: 0 items
2025-05-22 03:32:22,907 - P11992 - INFO - Após processar URL 3 Uso de memória: 112.18 MB
2025-05-22 03:32:22,907 - P11992 - INFO - Processando URL 4/15: https://www.doctoralia.com.br/endocrinologista/caieiras/butanta2
2025-05-22 03:32:22,907 - P11992 - INFO - Ignorando URL de arquivo não-HTML: https://www.doctoralia.com.br/endocrinologista/caieiras/butanta2
2025-05-22 03:32:22,908 - P11992 - INFO - Após processar URL 4 Uso de memória: 112.18 MB
2025-05-22 03:32:22,908 - P11992 - INFO - Processando URL 5/15: https://www.consultacrm.com.br/index/profissionais
2025-05-22 03:32:26,315 - P11992 - INFO - HTML salvo para debug: data\debug_html_v10\ca7ac6c4b85cee4a2c1da9949f895117.html
2025-05-22 03:32:26,326 - P11992 - INFO - Candidates address: 0 items
2025-05-22 03:32:26,326 - P11992 - INFO - Candidates phone: 0 items
2025-05-22 03:32:26,326 - P11992 - INFO - Candidates email: 0 items
2025-05-22 03:32:26,326 - P11992 - INFO - Candidates complement: 0 items
2025-05-22 03:32:26,327 - P11992 - INFO - Candidates cep: 0 items
2025-05-22 03:32:26,327 - P11992 - INFO - Após processar URL 5 Uso de memória: 112.80 MB
2025-05-22 03:32:26,327 - P11992 - INFO - Processando URL 6/15: https://www.doctoralia.com.br/endocrinologista/blue-med
2025-05-22 03:32:26,327 - P11992 - INFO - Ignorando URL de arquivo não-HTML: https://www.doctoralia.com.br/endocrinologista/blue-med
2025-05-22 03:32:26,327 - P11992 - INFO - Após processar URL 6 Uso de memória: 112.80 MB
2025-05-22 03:32:26,327 - P11992 - INFO - Processando URL 7/15: https://www.doctoralia.com.br/amarilio-costa-e-carvalho-pinto/endocrinologista/sao-paulo
2025-05-22 03:32:26,328 - P11992 - INFO - Ignorando URL de arquivo não-HTML: https://www.doctoralia.com.br/amarilio-costa-e-carvalho-pinto/endocrinologista/sao-paulo
2025-05-22 03:32:26,328 - P11992 - INFO - Após processar URL 7 Uso de memória: 112.80 MB
2025-05-22 03:32:26,328 - P11992 - INFO - Processando URL 8/15: https://www.doctoralia.com.br/endocrinologista/select
2025-05-22 03:32:26,328 - P11992 - INFO - Ignorando URL de arquivo não-HTML: https://www.doctoralia.com.br/endocrinologista/select
2025-05-22 03:32:26,328 - P11992 - INFO - Após processar URL 8 Uso de memória: 112.80 MB
2025-05-22 03:32:26,329 - P11992 - INFO - Processando URL 9/15: https://guiamedico.cremesp.org.br/
2025-05-22 03:32:29,016 - P11992 - INFO - HTML salvo para debug: data\debug_html_v10\7c54969580769b63edd9abaa952e1fa2.html
2025-05-22 03:32:29,022 - P11992 - INFO - Candidates address: 1 items
2025-05-22 03:32:29,023 - P11992 - INFO - Candidates phone: 1 items
2025-05-22 03:32:29,023 - P11992 - INFO - Candidates email: 0 items
2025-05-22 03:32:29,023 - P11992 - INFO - Candidates complement: 0 items
2025-05-22 03:32:29,023 - P11992 - INFO - Candidates cep: 1 items
2025-05-22 03:32:29,023 - P11992 - INFO - Após processar URL 9 Uso de memória: 113.00 MB
2025-05-22 03:32:29,023 - P11992 - INFO - Processando URL 10/15: https://www.doctoralia.com.br/endocrinologista/sao-paulo/nipomed
2025-05-22 03:32:29,024 - P11992 - INFO - Ignorando URL de arquivo não-HTML: https://www.doctoralia.com.br/endocrinologista/sao-paulo/nipomed
2025-05-22 03:32:29,024 - P11992 - INFO - Após processar URL 10 Uso de memória: 113.00 MB
2025-05-22 03:32:29,024 - P11992 - INFO - Processando URL 11/15: https://www.doctoralia.com.br/endocrinologista/iamspe
2025-05-22 03:32:29,024 - P11992 - INFO - Ignorando URL de arquivo não-HTML: https://www.doctoralia.com.br/endocrinologista/iamspe
2025-05-22 03:32:29,024 - P11992 - INFO - Após processar URL 11 Uso de memória: 113.00 MB
2025-05-22 03:32:29,025 - P11992 - INFO - Processando URL 12/15: https://crmac.org.br/busca-medicos
2025-05-22 03:32:33,142 - P11992 - INFO - HTML salvo para debug: data\debug_html_v10\752948a2d1562e9321519b719831f018.html
2025-05-22 03:32:33,179 - P11992 - INFO - Candidates address: 0 items
2025-05-22 03:32:33,181 - P11992 - INFO - Candidates phone: 0 items
2025-05-22 03:32:33,182 - P11992 - INFO - Candidates email: 1 items
2025-05-22 03:32:33,182 - P11992 - INFO - Candidates complement: 0 items
2025-05-22 03:32:33,182 - P11992 - INFO - Candidates cep: 1 items
2025-05-22 03:32:33,183 - P11992 - INFO - Após processar URL 12 Uso de memória: 113.09 MB
2025-05-22 03:32:33,183 - P11992 - INFO - Processando URL 13/15: https://www.clinicacapozzielli.com.br/profissionais
2025-05-22 03:32:36,718 - P11992 - INFO - HTML salvo para debug: data\debug_html_v10\43b464c0ee2e53c51ea605ab166333c5.html
2025-05-22 03:32:36,748 - P11992 - INFO - Candidates address: 3 items
2025-05-22 03:32:36,749 - P11992 - INFO - Candidates phone: 3 items
2025-05-22 03:32:36,749 - P11992 - INFO - Candidates email: 0 items
2025-05-22 03:32:36,750 - P11992 - INFO - Candidates complement: 0 items
2025-05-22 03:32:36,750 - P11992 - INFO - Candidates cep: 0 items
2025-05-22 03:32:36,750 - P11992 - INFO - Após processar URL 13 Uso de memória: 113.23 MB
2025-05-22 03:32:36,751 - P11992 - INFO - Processando URL 14/15: https://www.doctoralia.com.br/endocrinologista/sao-paulo/blue-med
2025-05-22 03:32:36,752 - P11992 - INFO - Ignorando URL de arquivo não-HTML: https://www.doctoralia.com.br/endocrinologista/sao-paulo/blue-med
2025-05-22 03:32:36,752 - P11992 - INFO - Após processar URL 14 Uso de memória: 113.23 MB
2025-05-22 03:32:36,752 - P11992 - INFO - Processando URL 15/15: https://portal.cfm.org.br/busca-medicos
2025-05-22 03:32:40,116 - P11992 - INFO - HTML salvo para debug: data\debug_html_v10\e28ae84aaa177d1328f3a0d1fb68449f.html
2025-05-22 03:32:40,157 - P11992 - INFO - Candidates address: 0 items
2025-05-22 03:32:40,157 - P11992 - INFO - Candidates phone: 0 items
2025-05-22 03:32:40,157 - P11992 - INFO - Candidates email: 1 items
2025-05-22 03:32:40,158 - P11992 - INFO - Candidates complement: 1 items
2025-05-22 03:32:40,159 - P11992 - INFO - Candidates cep: 1 items
2025-05-22 03:32:40,159 - P11992 - INFO - Após processar URL 15 Uso de memória: 113.29 MB
2025-05-22 03:32:40,160 - P11992 - INFO - Iniciando agregação e ranqueamento
2025-05-22 03:32:40,160 - P11992 - INFO - Ranked address: 4 items
2025-05-22 03:32:40,160 - P11992 - INFO - Ranked phone: 4 items
2025-05-22 03:32:40,160 - P11992 - INFO - Ranked email: 2 items
2025-05-22 03:32:40,161 - P11992 - INFO - Ranked complement: 1 items
2025-05-22 03:32:40,164 - P11992 - INFO - Ranked cep: 3 items
2025-05-22 03:32:40,166 - P11992 - INFO - Após agregação Uso de memória: 113.29 MB
2025-05-22 03:32:40,167 - P11992 - INFO - Validando endereço: ['Rua Frei Caneca, 1282', 'R. GIOVANNI CAPOZZIELLI - DIRETOR TÉCNICO MÉDICO - CRM-SP 124333', 'Rua Dr. Jesuíno Maciel, 1358']
2025-05-22 03:32:40,167 - P11992 - INFO - Endereço validado: Rua Frei Caneca, 1282
2025-05-22 03:32:40,167 - P11992 - INFO - Limpando texto extenso para campo address: Rua Frei Caneca, 1282...
2025-05-22 03:32:40,168 - P11992 - INFO - Texto limpo: Rua Frei Caneca, 1282
2025-05-22 03:32:40,168 - P11992 - INFO - Validando telefone: ['(11) 4349-9900', '(11) 3995-9955', '(11) 2894-1305']
2025-05-22 03:32:40,168 - P11992 - INFO - Limpando texto extenso para campo phone: (11) 4349-9900...
2025-05-22 03:32:40,168 - P11992 - INFO - Texto limpo: 11) 4349-9900
2025-05-22 03:32:40,169 - P11992 - INFO - Telefone validado: 11) 4349-9900
2025-05-22 03:32:40,169 - P11992 - INFO - Validando email: ['crmac@crmac.org.br', 'cfm@portalmedico.org.br']
2025-05-22 03:32:40,170 - P11992 - INFO - Limpando texto extenso para campo email: crmac@crmac.org.br...
2025-05-22 03:32:40,170 - P11992 - INFO - Texto limpo: crmac@crmac.org.br
2025-05-22 03:32:40,170 - P11992 - INFO - Email validado: crmac@crmac.org.br
2025-05-22 03:32:40,171 - P11992 - INFO - Validando complemento: ['Conjunto D']
2025-05-22 03:32:40,171 - P11992 - INFO - Limpando texto extenso para campo complement: Conjunto D...
2025-05-22 03:32:40,171 - P11992 - INFO - Texto limpo: Conjunto D
2025-05-22 03:32:40,171 - P11992 - INFO - Complemento validado: Conjunto D
2025-05-22 03:32:40,171 - P11992 - INFO - Descobrindo cidade
2025-05-22 03:32:40,171 - P11992 - INFO - Buscando cidade: Rua Frei Caneca cidade SP
2025-05-22 03:32:42,713 - P11992 - WARNING - Cidade não encontrada
2025-05-22 03:32:42,723 - P11992 - INFO - Cidade descoberta: 
2025-05-22 03:32:42,725 - P11992 - INFO - Tempo de execução de processamento completo do médico: 47.76 segundos
2025-05-22 03:32:42,728 - P11992 - INFO - Resultado processado: {'Hash': '014dbb8e094df77481851b93862a35872aaa2f3dfa0a394390b6ccf4c5cbdeab', 'CRM': '229639', 'UF': 'SP', 'Firstname': 'AMARILIO', 'LastName': 'COSTA E CARVALHO PINTO', 'Medical specialty': '', 'Endereco Completo A1': 'Rua Frei Caneca, 1282', 'Address A1': 'Rua Frei Caneca', 'Numero A1': '1282', 'Complement A1': 'Conjunto D', 'Bairro A1': '', 'postal code A1': '', 'City A1': '', 'State A1': '', 'Phone A1': '11) 4349-9900', 'Phone A2': '', 'Cell phone A1': '', 'Cell phone A2': '', 'E-mail A1': 'crmac@crmac.org.br', 'E-mail A2': '', 'OPT-IN': '', 'STATUS': '', 'LOTE': ''}
2025-05-22 03:32:42,794 - P11992 - INFO - Progresso: 49.7%
2025-05-22 03:32:42,797 - P11992 - INFO - Tempo de execução de processamento do médico 2: 47.84 segundos
2025-05-22 03:32:42,801 - P11992 - INFO - 
==================================================
Processando médico 3/3
2025-05-22 03:32:42,803 - P11992 - INFO - Nome: MATHEUS DE SOUSA CARVALHO
2025-05-22 03:32:42,804 - P11992 - INFO - Início do processamento Uso de memória: 110.63 MB
2025-05-22 03:32:42,804 - P11992 - INFO - Iniciando busca para: MATHEUS DE SOUSA CARVALHO CRM 230722 SP telefone e-mail endereço
2025-05-22 03:32:43,637 - P11992 - INFO - SearX results: 15 URLs
2025-05-22 03:32:43,639 - P11992 - INFO - Após SearX Uso de memória: 110.63 MB
2025-05-22 03:32:46,162 - P11992 - INFO - Google results: 8 URLs
2025-05-22 03:32:46,162 - P11992 - INFO - Após Google Uso de memória: 112.39 MB
2025-05-22 03:32:48,684 - P11992 - INFO - Bing results: 15 URLs
2025-05-22 03:32:48,684 - P11992 - INFO - Após Bing Uso de memória: 113.20 MB
2025-05-22 03:32:48,684 - P11992 - INFO - Total de URLs únicas: 26
2025-05-22 03:32:48,684 - P11992 - INFO - Processando URL 1/26: https://transparencia.cremesp.org.br/?siteAcao=guia_medico
2025-05-22 03:33:18,698 - P11992 - ERROR - Erro ao baixar HTML de https://transparencia.cremesp.org.br/?siteAcao=guia_medico: Message: timeout: Timed out receiving message from renderer: 30.000
  (Session info: chrome=136.0.7103.114)
Stacktrace:
	GetHandleVerifier [0x00007FF75763CF45+75717]
	GetHandleVerifier [0x00007FF75763CFA0+75808]
	(No symbol) [0x00007FF757408F9A]
	(No symbol) [0x00007FF7573F64EC]
	(No symbol) [0x00007FF7573F61DA]
	(No symbol) [0x00007FF7573F3E8A]
	(No symbol) [0x00007FF7573F465C]
	(No symbol) [0x00007FF75740CF3A]
	(No symbol) [0x00007FF7574B013E]
	(No symbol) [0x00007FF75748737A]
	(No symbol) [0x00007FF7574AF39C]
	(No symbol) [0x00007FF757487153]
	(No symbol) [0x00007FF757450421]
	(No symbol) [0x00007FF7574511B3]
	GetHandleVerifier [0x00007FF75793D71D+3223453]
	GetHandleVerifier [0x00007FF757937CC2+3200322]
	GetHandleVerifier [0x00007FF757955AF3+3322739]
	GetHandleVerifier [0x00007FF757656A1A+180890]
	GetHandleVerifier [0x00007FF75765E11F+211359]
	GetHandleVerifier [0x00007FF757645294+109332]
	GetHandleVerifier [0x00007FF757645442+109762]
	GetHandleVerifier [0x00007FF75762BA59+4825]
	BaseThreadInitThunk [0x00007FFFFE757344+20]
	RtlUserThreadStart [0x00007FFFFF4026B1+33]

2025-05-22 03:33:18,701 - P11992 - INFO - Após processar URL 1 Uso de memória: 113.20 MB
2025-05-22 03:33:18,701 - P11992 - INFO - Processando URL 2/26: https://www.consultacrm.com.br/index/contato
2025-05-22 03:33:22,447 - P11992 - INFO - HTML salvo para debug: data\debug_html_v10\770622092e11df0ef8d0ed5d383f74a3.html
2025-05-22 03:33:22,459 - P11992 - INFO - Candidates address: 0 items
2025-05-22 03:33:22,460 - P11992 - INFO - Candidates phone: 0 items
2025-05-22 03:33:22,462 - P11992 - INFO - Candidates email: 0 items
2025-05-22 03:33:22,465 - P11992 - INFO - Candidates complement: 0 items
2025-05-22 03:33:22,471 - P11992 - INFO - Candidates cep: 0 items
2025-05-22 03:33:22,476 - P11992 - INFO - Após processar URL 2 Uso de memória: 112.98 MB
2025-05-22 03:33:22,476 - P11992 - INFO - Processando URL 3/26: https://crmma.org.br/busca-medicos
2025-05-22 03:33:25,211 - P11992 - INFO - HTML salvo para debug: data\debug_html_v10\dc6d41f225059e32b35cbcafd8abd332.html
2025-05-22 03:33:25,250 - P11992 - INFO - Candidates address: 0 items
2025-05-22 03:33:25,250 - P11992 - INFO - Candidates phone: 0 items
2025-05-22 03:33:25,250 - P11992 - INFO - Candidates email: 0 items
2025-05-22 03:33:25,250 - P11992 - INFO - Candidates complement: 0 items
2025-05-22 03:33:25,251 - P11992 - INFO - Candidates cep: 1 items
2025-05-22 03:33:25,251 - P11992 - INFO - Após processar URL 3 Uso de memória: 113.09 MB
2025-05-22 03:33:25,251 - P11992 - INFO - Processando URL 4/26: https://www.udesc.br/arquivos/cefid/id_cpmenu/2548/Publica__o___pag__10___DOE_15938056835819_2548.pdf
2025-05-22 03:33:25,251 - P11992 - INFO - Ignorando URL de arquivo não-HTML: https://www.udesc.br/arquivos/cefid/id_cpmenu/2548/Publica__o___pag__10___DOE_15938056835819_2548.pdf
2025-05-22 03:33:25,251 - P11992 - INFO - Após processar URL 4 Uso de memória: 113.09 MB
2025-05-22 03:33:25,252 - P11992 - INFO - Processando URL 5/26: https://boletimoficial.ufsc.br/category/sem-categoria/page/3/
2025-05-22 03:33:29,098 - P11992 - INFO - HTML salvo para debug: data\debug_html_v10\6f64c9ef2b1acac616ec9187677b280d.html
2025-05-22 03:33:29,592 - P11992 - INFO - Candidates address: 0 items
2025-05-22 03:33:29,592 - P11992 - INFO - Candidates phone: 4 items
2025-05-22 03:33:29,592 - P11992 - INFO - Candidates email: 108 items
2025-05-22 03:33:29,593 - P11992 - INFO - Candidates complement: 6 items
2025-05-22 03:33:29,593 - P11992 - INFO - Candidates cep: 84 items
2025-05-22 03:33:29,593 - P11992 - INFO - Após processar URL 5 Uso de memória: 115.14 MB
2025-05-22 03:33:29,593 - P11992 - INFO - Processando URL 6/26: https://www.saobernardo.sp.gov.br/documents/10181/1598718/NM+2368+de+07.06.2023+-++Conte%C3%BAdo+Integral.pdf/b773f93c-34b3-22ad-2486-f0b83dc234ba
2025-05-22 03:33:29,593 - P11992 - INFO - Ignorando URL de arquivo não-HTML: https://www.saobernardo.sp.gov.br/documents/10181/1598718/NM+2368+de+07.06.2023+-++Conte%C3%BAdo+Integral.pdf/b773f93c-34b3-22ad-2486-f0b83dc234ba
2025-05-22 03:33:29,594 - P11992 - INFO - Após processar URL 6 Uso de memória: 113.19 MB
2025-05-22 03:33:29,594 - P11992 - INFO - Processando URL 7/26: http://cremesp.org.br/
2025-05-22 03:33:33,135 - P11992 - INFO - HTML salvo para debug: data\debug_html_v10\2a967318246f9658edeb1e0469c871fe.html
2025-05-22 03:33:33,159 - P11992 - INFO - Candidates address: 1 items
2025-05-22 03:33:33,159 - P11992 - INFO - Candidates phone: 1 items
2025-05-22 03:33:33,160 - P11992 - INFO - Candidates email: 0 items
2025-05-22 03:33:33,160 - P11992 - INFO - Candidates complement: 0 items
2025-05-22 03:33:33,160 - P11992 - INFO - Candidates cep: 2 items
2025-05-22 03:33:33,160 - P11992 - INFO - Após processar URL 7 Uso de memória: 113.20 MB
2025-05-22 03:33:33,160 - P11992 - INFO - Processando URL 8/26: https://siarq.ufrj.br/wp-content/uploads/2024/08/Compilado-semanal-32-2024.pdf
2025-05-22 03:33:33,160 - P11992 - INFO - Ignorando URL de arquivo não-HTML: https://siarq.ufrj.br/wp-content/uploads/2024/08/Compilado-semanal-32-2024.pdf
2025-05-22 03:33:33,161 - P11992 - INFO - Após processar URL 8 Uso de memória: 113.20 MB
2025-05-22 03:33:33,161 - P11992 - INFO - Processando URL 9/26: https://crmdf.org.br/busca-medicos
2025-05-22 03:33:37,620 - P11992 - INFO - HTML salvo para debug: data\debug_html_v10\ae254c29b38c8deb9f942eddd1c41090.html
2025-05-22 03:33:37,659 - P11992 - INFO - Candidates address: 0 items
2025-05-22 03:33:37,660 - P11992 - INFO - Candidates phone: 0 items
2025-05-22 03:33:37,660 - P11992 - INFO - Candidates email: 0 items
2025-05-22 03:33:37,660 - P11992 - INFO - Candidates complement: 1 items
2025-05-22 03:33:37,660 - P11992 - INFO - Candidates cep: 0 items
2025-05-22 03:33:37,660 - P11992 - INFO - Após processar URL 9 Uso de memória: 113.22 MB
2025-05-22 03:33:37,661 - P11992 - INFO - Processando URL 10/26: https://guiamedico.cremesp.org.br/
2025-05-22 03:33:40,284 - P11992 - INFO - HTML salvo para debug: data\debug_html_v10\7c54969580769b63edd9abaa952e1fa2.html
2025-05-22 03:33:40,293 - P11992 - INFO - Candidates address: 1 items
2025-05-22 03:33:40,294 - P11992 - INFO - Candidates phone: 1 items
2025-05-22 03:33:40,294 - P11992 - INFO - Candidates email: 0 items
2025-05-22 03:33:40,294 - P11992 - INFO - Candidates complement: 0 items
2025-05-22 03:33:40,294 - P11992 - INFO - Candidates cep: 1 items
2025-05-22 03:33:40,295 - P11992 - INFO - Após processar URL 10 Uso de memória: 113.22 MB
2025-05-22 03:33:40,295 - P11992 - INFO - Processando URL 11/26: https://doutorcrm.com/
2025-05-22 03:33:43,766 - P11992 - INFO - HTML salvo para debug: data\debug_html_v10\f650e4106d6b0c34ccf0db5be7fc5ddd.html
2025-05-22 03:33:43,771 - P11992 - INFO - Candidates address: 0 items
2025-05-22 03:33:43,771 - P11992 - INFO - Candidates phone: 0 items
2025-05-22 03:33:43,771 - P11992 - INFO - Candidates email: 0 items
2025-05-22 03:33:43,771 - P11992 - INFO - Candidates complement: 0 items
2025-05-22 03:33:43,771 - P11992 - INFO - Candidates cep: 0 items
2025-05-22 03:33:43,772 - P11992 - INFO - Após processar URL 11 Uso de memória: 113.22 MB
2025-05-22 03:33:43,772 - P11992 - INFO - Processando URL 12/26: https://www.consultacrm.com.br/index/maisvistos
2025-05-22 03:33:46,994 - P11992 - INFO - HTML salvo para debug: data\debug_html_v10\9a17d88beef1266c6e4649221409a571.html
2025-05-22 03:33:47,011 - P11992 - INFO - Candidates address: 0 items
2025-05-22 03:33:47,012 - P11992 - INFO - Candidates phone: 0 items
2025-05-22 03:33:47,012 - P11992 - INFO - Candidates email: 0 items
2025-05-22 03:33:47,013 - P11992 - INFO - Candidates complement: 0 items
2025-05-22 03:33:47,013 - P11992 - INFO - Candidates cep: 0 items
2025-05-22 03:33:47,013 - P11992 - INFO - Após processar URL 12 Uso de memória: 113.25 MB
2025-05-22 03:33:47,013 - P11992 - INFO - Processando URL 13/26: https://www.cemahospital.com.br/otorrinolaringologia/corpo-clinico/
2025-05-22 03:33:49,402 - P11992 - INFO - HTML salvo para debug: data\debug_html_v10\315812683af28d6d88b79530c7e1500c.html
2025-05-22 03:33:49,423 - P11992 - INFO - Candidates address: 1 items
2025-05-22 03:33:49,423 - P11992 - INFO - Candidates phone: 4 items
2025-05-22 03:33:49,423 - P11992 - INFO - Candidates email: 0 items
2025-05-22 03:33:49,423 - P11992 - INFO - Candidates complement: 0 items
2025-05-22 03:33:49,423 - P11992 - INFO - Candidates cep: 0 items
2025-05-22 03:33:49,424 - P11992 - INFO - Após processar URL 13 Uso de memória: 113.26 MB
2025-05-22 03:33:49,424 - P11992 - INFO - Processando URL 14/26: https://home.unicruz.edu.br/wp-content/uploads/2021/09/Anais-Semana-Feminista-2020.pdf
2025-05-22 03:33:49,424 - P11992 - INFO - Ignorando URL de arquivo não-HTML: https://home.unicruz.edu.br/wp-content/uploads/2021/09/Anais-Semana-Feminista-2020.pdf
2025-05-22 03:33:49,424 - P11992 - INFO - Após processar URL 14 Uso de memória: 113.26 MB
2025-05-22 03:33:49,424 - P11992 - INFO - Processando URL 15/26: https://imprensaoficial.jundiai.sp.gov.br/wp-content/uploads/2014/08/Imprensa-Oficial-de-Jundia%C3%AD-Edi%C3%A7%C3%A3o-3894.pdf
2025-05-22 03:33:49,424 - P11992 - INFO - Ignorando URL de arquivo não-HTML: https://imprensaoficial.jundiai.sp.gov.br/wp-content/uploads/2014/08/Imprensa-Oficial-de-Jundia%C3%AD-Edi%C3%A7%C3%A3o-3894.pdf
2025-05-22 03:33:49,425 - P11992 - INFO - Após processar URL 15 Uso de memória: 113.26 MB
2025-05-22 03:33:49,425 - P11992 - INFO - Processando URL 16/26: https://www.consultacrm.com.br/index/api
2025-05-22 03:33:53,104 - P11992 - INFO - HTML salvo para debug: data\debug_html_v10\a1f22ffdf7e0eb1c02e28e1e38d3db87.html
2025-05-22 03:33:53,115 - P11992 - INFO - Candidates address: 0 items
2025-05-22 03:33:53,116 - P11992 - INFO - Candidates phone: 0 items
2025-05-22 03:33:53,116 - P11992 - INFO - Candidates email: 0 items
2025-05-22 03:33:53,116 - P11992 - INFO - Candidates complement: 0 items
2025-05-22 03:33:53,118 - P11992 - INFO - Candidates cep: 0 items
2025-05-22 03:33:53,119 - P11992 - INFO - Após processar URL 16 Uso de memória: 113.73 MB
2025-05-22 03:33:53,119 - P11992 - INFO - Processando URL 17/26: https://crmvirtual.cfm.org.br/ES/servico/pesquisar-por-medico
2025-05-22 03:33:56,026 - P11992 - INFO - HTML salvo para debug: data\debug_html_v10\0ff8b0bf2c6dbb46c836bac9c0cf4a16.html
2025-05-22 03:33:56,037 - P11992 - INFO - Candidates address: 0 items
2025-05-22 03:33:56,037 - P11992 - INFO - Candidates phone: 0 items
2025-05-22 03:33:56,037 - P11992 - INFO - Candidates email: 0 items
2025-05-22 03:33:56,037 - P11992 - INFO - Candidates complement: 0 items
2025-05-22 03:33:56,038 - P11992 - INFO - Candidates cep: 0 items
2025-05-22 03:33:56,038 - P11992 - INFO - Após processar URL 17 Uso de memória: 113.74 MB
2025-05-22 03:33:56,038 - P11992 - INFO - Processando URL 18/26: https://www.saobernardo.sp.gov.br/documents/10181/1230203/NM+2265+de+26.11.2021+-+Conteu%CC%81do+Integral.pdf/abb400a5-32a5-46d6-68bf-83186d25c607
2025-05-22 03:33:56,038 - P11992 - INFO - Ignorando URL de arquivo não-HTML: https://www.saobernardo.sp.gov.br/documents/10181/1230203/NM+2265+de+26.11.2021+-+Conteu%CC%81do+Integral.pdf/abb400a5-32a5-46d6-68bf-83186d25c607
2025-05-22 03:33:56,039 - P11992 - INFO - Após processar URL 18 Uso de memória: 113.74 MB
2025-05-22 03:33:56,039 - P11992 - INFO - Processando URL 19/26: https://www.portaltransparencia.gov.br/pessoa-fisica/busca/lista
2025-05-22 03:33:59,398 - P11992 - INFO - HTML salvo para debug: data\debug_html_v10\e200cdf64b71d4c9248718dd155b3edb.html
2025-05-22 03:33:59,434 - P11992 - INFO - Candidates address: 0 items
2025-05-22 03:33:59,434 - P11992 - INFO - Candidates phone: 0 items
2025-05-22 03:33:59,434 - P11992 - INFO - Candidates email: 0 items
2025-05-22 03:33:59,434 - P11992 - INFO - Candidates complement: 0 items
2025-05-22 03:33:59,434 - P11992 - INFO - Candidates cep: 0 items
2025-05-22 03:33:59,435 - P11992 - INFO - Após processar URL 19 Uso de memória: 113.75 MB
2025-05-22 03:33:59,435 - P11992 - INFO - Processando URL 20/26: https://www.consultacrm.com.br/index/sis_login
2025-05-22 03:34:02,612 - P11992 - INFO - HTML salvo para debug: data\debug_html_v10\e56926aa25e0582d5c5b8aa167ed4b53.html
2025-05-22 03:34:02,625 - P11992 - INFO - Candidates address: 0 items
2025-05-22 03:34:02,625 - P11992 - INFO - Candidates phone: 0 items
2025-05-22 03:34:02,625 - P11992 - INFO - Candidates email: 0 items
2025-05-22 03:34:02,625 - P11992 - INFO - Candidates complement: 0 items
2025-05-22 03:34:02,625 - P11992 - INFO - Candidates cep: 0 items
2025-05-22 03:34:02,626 - P11992 - INFO - Após processar URL 20 Uso de memória: 114.05 MB
2025-05-22 03:34:02,626 - P11992 - INFO - Processando URL 21/26: https://www.consultacrm.com.br/?uf=SP
2025-05-22 03:34:05,831 - P11992 - INFO - HTML salvo para debug: data\debug_html_v10\60d20285cf74ceed0f862951f9b2b598.html
2025-05-22 03:34:05,844 - P11992 - INFO - Candidates address: 0 items
2025-05-22 03:34:05,846 - P11992 - INFO - Candidates phone: 0 items
2025-05-22 03:34:05,847 - P11992 - INFO - Candidates email: 0 items
2025-05-22 03:34:05,848 - P11992 - INFO - Candidates complement: 0 items
2025-05-22 03:34:05,849 - P11992 - INFO - Candidates cep: 0 items
2025-05-22 03:34:05,850 - P11992 - INFO - Após processar URL 21 Uso de memória: 113.26 MB
2025-05-22 03:34:05,851 - P11992 - INFO - Processando URL 22/26: https://www.consultacrm.com.br/index/especialidades
2025-05-22 03:34:07,946 - P11992 - INFO - HTML salvo para debug: data\debug_html_v10\3cb327d5e0f962fa7a1db5a948fb6f40.html
2025-05-22 03:34:08,057 - P11992 - INFO - Candidates address: 0 items
2025-05-22 03:34:08,057 - P11992 - INFO - Candidates phone: 0 items
2025-05-22 03:34:08,057 - P11992 - INFO - Candidates email: 0 items
2025-05-22 03:34:08,058 - P11992 - INFO - Candidates complement: 0 items
2025-05-22 03:34:08,058 - P11992 - INFO - Candidates cep: 0 items
2025-05-22 03:34:08,058 - P11992 - INFO - Após processar URL 22 Uso de memória: 114.57 MB
2025-05-22 03:34:08,058 - P11992 - INFO - Processando URL 23/26: https://www.gov.br/mme/pt-br/arquivos/do-21-01-2010-s1.pdf
2025-05-22 03:34:08,058 - P11992 - INFO - Ignorando URL de arquivo não-HTML: https://www.gov.br/mme/pt-br/arquivos/do-21-01-2010-s1.pdf
2025-05-22 03:34:08,058 - P11992 - INFO - Após processar URL 23 Uso de memória: 113.26 MB
2025-05-22 03:34:08,059 - P11992 - INFO - Processando URL 24/26: https://www.encontrasaopaulo.com.br/agenda/crm-sp/
2025-05-22 03:34:13,186 - P11992 - INFO - HTML salvo para debug: data\debug_html_v10\f96a157f3cde736c20a7c87f788a1d0b.html
2025-05-22 03:34:13,224 - P11992 - INFO - Candidates address: 2 items
2025-05-22 03:34:13,226 - P11992 - INFO - Candidates phone: 2 items
2025-05-22 03:34:13,227 - P11992 - INFO - Candidates email: 0 items
2025-05-22 03:34:13,227 - P11992 - INFO - Candidates complement: 0 items
2025-05-22 03:34:13,228 - P11992 - INFO - Candidates cep: 0 items
2025-05-22 03:34:13,229 - P11992 - INFO - Após processar URL 24 Uso de memória: 115.61 MB
2025-05-22 03:34:13,229 - P11992 - INFO - Processando URL 25/26: https://crosp.org.br/inscricao-e-registro/consulta_de_profissionais/
2025-05-22 03:34:15,630 - P11992 - INFO - HTML salvo para debug: data\debug_html_v10\6ba205330b87b461f36bfe342e2918b1.html
2025-05-22 03:34:15,679 - P11992 - INFO - Candidates address: 1 items
2025-05-22 03:34:15,679 - P11992 - INFO - Candidates phone: 0 items
2025-05-22 03:34:15,679 - P11992 - INFO - Candidates email: 0 items
2025-05-22 03:34:15,680 - P11992 - INFO - Candidates complement: 0 items
2025-05-22 03:34:15,680 - P11992 - INFO - Candidates cep: 1 items
2025-05-22 03:34:15,680 - P11992 - INFO - Após processar URL 25 Uso de memória: 115.55 MB
2025-05-22 03:34:15,680 - P11992 - INFO - Processando URL 26/26: https://consultacrm.com.br/
2025-05-22 03:34:19,459 - P11992 - INFO - HTML salvo para debug: data\debug_html_v10\65cadeb91ac3713432c21b535990f440.html
2025-05-22 03:34:19,471 - P11992 - INFO - Candidates address: 0 items
2025-05-22 03:34:19,472 - P11992 - INFO - Candidates phone: 0 items
2025-05-22 03:34:19,472 - P11992 - INFO - Candidates email: 0 items
2025-05-22 03:34:19,472 - P11992 - INFO - Candidates complement: 0 items
2025-05-22 03:34:19,472 - P11992 - INFO - Candidates cep: 0 items
2025-05-22 03:34:19,473 - P11992 - INFO - Após processar URL 26 Uso de memória: 113.78 MB
2025-05-22 03:34:19,473 - P11992 - INFO - Iniciando agregação e ranqueamento
2025-05-22 03:34:19,473 - P11992 - INFO - Ranked address: 5 items
2025-05-22 03:34:19,474 - P11992 - INFO - Ranked phone: 10 items
2025-05-22 03:34:19,474 - P11992 - INFO - Ranked email: 108 items
2025-05-22 03:34:19,474 - P11992 - INFO - Ranked complement: 7 items
2025-05-22 03:34:19,474 - P11992 - INFO - Ranked cep: 88 items
2025-05-22 03:34:19,475 - P11992 - INFO - Após agregação Uso de memória: 113.78 MB
2025-05-22 03:34:19,475 - P11992 - INFO - Validando endereço: ['Rua Frei Caneca, 1282', 'Rua Padre Adelino, 333', 'R. Frei Caneca, 1282']
2025-05-22 03:34:19,475 - P11992 - INFO - Endereço validado: Rua Frei Caneca, 1282
2025-05-22 03:34:19,475 - P11992 - INFO - Limpando texto extenso para campo address: Rua Frei Caneca, 1282...
2025-05-22 03:34:19,475 - P11992 - INFO - Texto limpo: Rua Frei Caneca, 1282
2025-05-22 03:34:19,475 - P11992 - INFO - Validando telefone: ['(11) 4349-9900', '(48) 3721-6582', '(48) 3721-2346']
2025-05-22 03:34:19,475 - P11992 - INFO - Limpando texto extenso para campo phone: (11) 4349-9900...
2025-05-22 03:34:19,476 - P11992 - INFO - Texto limpo: 11) 4349-9900
2025-05-22 03:34:19,476 - P11992 - INFO - Telefone validado: 11) 4349-9900
2025-05-22 03:34:19,476 - P11992 - INFO - Validando email: ['wellison.gomes@ufsc.br', 'ppgec@contato.ufsc.br', 'engenharia.producao@contato.ufsc.br']
2025-05-22 03:34:19,476 - P11992 - INFO - Limpando texto extenso para campo email: wellison.gomes@ufsc.br...
2025-05-22 03:34:19,476 - P11992 - INFO - Texto limpo: wellison.gomes@ufsc.br
2025-05-22 03:34:19,476 - P11992 - INFO - Email validado: wellison.gomes@ufsc.br
2025-05-22 03:34:19,477 - P11992 - INFO - Validando complemento: ['Sala Cofre da UFSC e disponível no endereço  https://e', 'Sala A CDS ', 'Sala Aroeira ']
2025-05-22 03:34:19,477 - P11992 - INFO - Limpando texto extenso para campo complement: Sala Cofre da UFSC e disponível no endereço  https...
2025-05-22 03:34:19,477 - P11992 - INFO - Texto limpo: Sala Cofre da UFSC e disponíve
2025-05-22 03:34:19,477 - P11992 - INFO - Complemento validado: Sala Cofre da UFSC e disponíve
2025-05-22 03:34:19,477 - P11992 - INFO - Descobrindo cidade
2025-05-22 03:34:19,477 - P11992 - INFO - Buscando cidade: Rua Frei Caneca cidade SP
2025-05-22 03:34:22,003 - P11992 - WARNING - Cidade não encontrada
2025-05-22 03:34:22,004 - P11992 - INFO - Cidade descoberta: 
2025-05-22 03:34:22,004 - P11992 - INFO - Tempo de execução de processamento completo do médico: 99.20 segundos
2025-05-22 03:34:22,004 - P11992 - INFO - Resultado processado: {'Hash': '28585ee5c67fb861609b87530ce9024e5d50c1c1f33e46b08fc2a7cd2ece1942', 'CRM': '230722', 'UF': 'SP', 'Firstname': 'MATHEUS', 'LastName': 'DE SOUSA CARVALHO', 'Medical specialty': '', 'Endereco Completo A1': 'Rua Frei Caneca, 1282', 'Address A1': 'Rua Frei Caneca', 'Numero A1': '1282', 'Complement A1': 'Sala Cofre da UFSC e disponíve', 'Bairro A1': '', 'postal code A1': '', 'City A1': '', 'State A1': '', 'Phone A1': '11) 4349-9900', 'Phone A2': '', 'Cell phone A1': '', 'Cell phone A2': '', 'E-mail A1': 'wellison.gomes@ufsc.br', 'E-mail A2': '', 'OPT-IN': '', 'STATUS': '', 'LOTE': ''}
2025-05-22 03:34:22,004 - P11992 - INFO - Salvando lote de resultados
2025-05-22 03:34:22,005 - P11992 - INFO - Após salvar resultados Uso de memória: 111.45 MB
2025-05-22 03:34:22,005 - P11992 - INFO - Progresso: 50.3%
2025-05-22 03:34:22,006 - P11992 - INFO - Tempo de execução de processamento do médico 3: 99.20 segundos
2025-05-22 03:34:22,006 - P11992 - INFO - Tempo de execução de processamento do lote completo: 213.76 segundos
