2025-05-22 02:34:03,735 - P15228 - INFO - 
==================================================
Processando médico 1/3
2025-05-22 02:34:03,736 - P15228 - INFO - Nome: YASMIN MEDEIROS BITTENCOURT RODRIGUES
2025-05-22 02:34:03,736 - P15228 - INFO - Reiniciando driver do Chrome
2025-05-22 02:34:05,219 - P15228 - INFO - Após reiniciar driver Uso de memória: 115.65 MB
2025-05-22 02:34:05,219 - P15228 - INFO - Início do processamento Uso de memória: 115.65 MB
2025-05-22 02:34:05,219 - P15228 - INFO - Iniciando busca para: YASMIN MEDEIROS BITTENCOURT RODRIGUES CRM 1206400 RJ telefone e-mail endereço
2025-05-22 02:34:05,602 - P15228 - INFO - SearX results: 0 URLs
2025-05-22 02:34:05,602 - P15228 - INFO - Após SearX Uso de memória: 115.65 MB
2025-05-22 02:34:08,250 - P15228 - INFO - Google results: 4 URLs
2025-05-22 02:34:08,251 - P15228 - INFO - Após Google Uso de memória: 119.17 MB
2025-05-22 02:34:10,832 - P15228 - INFO - Bing results: 8 URLs
2025-05-22 02:34:10,832 - P15228 - INFO - Após Bing Uso de memória: 120.45 MB
2025-05-22 02:34:10,833 - P15228 - INFO - Total de URLs únicas: 12
2025-05-22 02:34:10,833 - P15228 - INFO - Processando URL 1/12: https://cnpj.services/qsa/yasmin-medeiros-bittencourt-rodrigues
2025-05-22 02:34:13,807 - P15228 - INFO - HTML salvo para debug: data\debug_html_v10\1af0bcca1680b7b0c1a73c12077d8067.html
2025-05-22 02:34:13,818 - P15228 - INFO - Candidates address: 0 items
2025-05-22 02:34:13,823 - P15228 - INFO - Candidates phone: 0 items
2025-05-22 02:34:13,828 - P15228 - INFO - Candidates email: 0 items
2025-05-22 02:34:13,829 - P15228 - INFO - Candidates complement: 0 items
2025-05-22 02:34:13,830 - P15228 - INFO - Candidates cep: 2 items
2025-05-22 02:34:13,830 - P15228 - INFO - Após processar URL 1 Uso de memória: 120.48 MB
2025-05-22 02:34:13,832 - P15228 - INFO - Processando URL 2/12: https://aboutcompany.info/country/brazil/officer/165407/yasmin-medeiros-bittencourt-rodrigues/
2025-05-22 02:34:17,545 - P15228 - INFO - HTML salvo para debug: data\debug_html_v10\ba00b75ce6dc6c028cc0a34a727bc0f2.html
2025-05-22 02:34:17,561 - P15228 - INFO - Candidates address: 0 items
2025-05-22 02:34:17,561 - P15228 - INFO - Candidates phone: 0 items
2025-05-22 02:34:17,561 - P15228 - INFO - Candidates email: 0 items
2025-05-22 02:34:17,562 - P15228 - INFO - Candidates complement: 0 items
2025-05-22 02:34:17,563 - P15228 - INFO - Candidates cep: 0 items
2025-05-22 02:34:17,566 - P15228 - INFO - Após processar URL 2 Uso de memória: 120.60 MB
2025-05-22 02:34:17,568 - P15228 - INFO - Processando URL 3/12: https://guiamedico.cremesp.org.br/
2025-05-22 02:34:19,655 - P15228 - INFO - HTML salvo para debug: data\debug_html_v10\7c54969580769b63edd9abaa952e1fa2.html
2025-05-22 02:34:19,661 - P15228 - INFO - Candidates address: 1 items
2025-05-22 02:34:19,661 - P15228 - INFO - Candidates phone: 1 items
2025-05-22 02:34:19,661 - P15228 - INFO - Candidates email: 0 items
2025-05-22 02:34:19,661 - P15228 - INFO - Candidates complement: 0 items
2025-05-22 02:34:19,661 - P15228 - INFO - Candidates cep: 1 items
2025-05-22 02:34:19,662 - P15228 - INFO - Após processar URL 3 Uso de memória: 120.71 MB
2025-05-22 02:34:19,662 - P15228 - INFO - Processando URL 4/12: https://www.portaltransparencia.gov.br/pessoa-fisica/busca/lista
2025-05-22 02:34:23,394 - P15228 - INFO - HTML salvo para debug: data\debug_html_v10\e200cdf64b71d4c9248718dd155b3edb.html
2025-05-22 02:34:23,433 - P15228 - INFO - Candidates address: 0 items
2025-05-22 02:34:23,433 - P15228 - INFO - Candidates phone: 0 items
2025-05-22 02:34:23,433 - P15228 - INFO - Candidates email: 0 items
2025-05-22 02:34:23,433 - P15228 - INFO - Candidates complement: 0 items
2025-05-22 02:34:23,434 - P15228 - INFO - Candidates cep: 0 items
2025-05-22 02:34:23,434 - P15228 - INFO - Após processar URL 4 Uso de memória: 120.91 MB
2025-05-22 02:34:23,434 - P15228 - INFO - Processando URL 5/12: https://instituto.nutrindoideais.com.br/dra-yasmin-bittencourt
2025-05-22 02:34:26,850 - P15228 - INFO - HTML salvo para debug: data\debug_html_v10\97d8f7c0f1d39b9af445bdf1bcea84e0.html
2025-05-22 02:34:26,882 - P15228 - INFO - Candidates address: 1 items
2025-05-22 02:34:26,883 - P15228 - INFO - Candidates phone: 0 items
2025-05-22 02:34:26,883 - P15228 - INFO - Candidates email: 0 items
2025-05-22 02:34:26,883 - P15228 - INFO - Candidates complement: 0 items
2025-05-22 02:34:26,883 - P15228 - INFO - Candidates cep: 0 items
2025-05-22 02:34:26,883 - P15228 - INFO - Após processar URL 5 Uso de memória: 120.95 MB
2025-05-22 02:34:26,883 - P15228 - INFO - Processando URL 6/12: https://consultacrm.com.br/
2025-05-22 02:34:31,186 - P15228 - INFO - HTML salvo para debug: data\debug_html_v10\65cadeb91ac3713432c21b535990f440.html
2025-05-22 02:34:31,199 - P15228 - INFO - Candidates address: 0 items
2025-05-22 02:34:31,199 - P15228 - INFO - Candidates phone: 0 items
2025-05-22 02:34:31,200 - P15228 - INFO - Candidates email: 0 items
2025-05-22 02:34:31,200 - P15228 - INFO - Candidates complement: 0 items
2025-05-22 02:34:31,200 - P15228 - INFO - Candidates cep: 0 items
2025-05-22 02:34:31,200 - P15228 - INFO - Após processar URL 6 Uso de memória: 121.25 MB
2025-05-22 02:34:31,200 - P15228 - INFO - Processando URL 7/12: https://vidacotidiana.com.br/clinica/clinica-neurologica-tubarao/
2025-05-22 02:34:36,608 - P15228 - INFO - HTML salvo para debug: data\debug_html_v10\d854392147c2a48b5b1cdabbb179a977.html
2025-05-22 02:34:36,646 - P15228 - INFO - Candidates address: 1 items
2025-05-22 02:34:36,647 - P15228 - INFO - Candidates phone: 3 items
2025-05-22 02:34:36,647 - P15228 - INFO - Candidates email: 0 items
2025-05-22 02:34:36,647 - P15228 - INFO - Candidates complement: 0 items
2025-05-22 02:34:36,647 - P15228 - INFO - Candidates cep: 1 items
2025-05-22 02:34:36,647 - P15228 - INFO - Após processar URL 7 Uso de memória: 121.95 MB
2025-05-22 02:34:36,648 - P15228 - INFO - Processando URL 8/12: https://duquedecaxias.rj.gov.br/portal/arquivos/2020/abril/Boletim_6825.pdf
2025-05-22 02:34:36,648 - P15228 - INFO - Ignorando URL de arquivo não-HTML: https://duquedecaxias.rj.gov.br/portal/arquivos/2020/abril/Boletim_6825.pdf
2025-05-22 02:34:36,648 - P15228 - INFO - Após processar URL 8 Uso de memória: 121.29 MB
2025-05-22 02:34:36,648 - P15228 - INFO - Processando URL 9/12: https://www.doctoralia.com.br/victor-medeiros-bittencourt-rodrigues/oftalmologista/curitiba
2025-05-22 02:34:36,648 - P15228 - INFO - Ignorando URL de arquivo não-HTML: https://www.doctoralia.com.br/victor-medeiros-bittencourt-rodrigues/oftalmologista/curitiba
2025-05-22 02:34:36,648 - P15228 - INFO - Após processar URL 9 Uso de memória: 121.29 MB
2025-05-22 02:34:36,648 - P15228 - INFO - Processando URL 10/12: https://portal.cfm.org.br/busca-medicos
2025-05-22 02:34:40,666 - P15228 - INFO - HTML salvo para debug: data\debug_html_v10\e28ae84aaa177d1328f3a0d1fb68449f.html
2025-05-22 02:34:40,703 - P15228 - INFO - Candidates address: 0 items
2025-05-22 02:34:40,703 - P15228 - INFO - Candidates phone: 0 items
2025-05-22 02:34:40,704 - P15228 - INFO - Candidates email: 1 items
2025-05-22 02:34:40,704 - P15228 - INFO - Candidates complement: 1 items
2025-05-22 02:34:40,704 - P15228 - INFO - Candidates cep: 1 items
2025-05-22 02:34:40,704 - P15228 - INFO - Após processar URL 10 Uso de memória: 121.32 MB
2025-05-22 02:34:40,704 - P15228 - INFO - Processando URL 11/12: https://drayasmim.com.br/contato/
2025-05-22 02:35:12,305 - P15228 - INFO - HTML salvo para debug: data\debug_html_v10\f605e9fc97b8a87371af10b4b747d880.html
2025-05-22 02:35:12,322 - P15228 - INFO - Candidates address: 1 items
2025-05-22 02:35:12,323 - P15228 - INFO - Candidates phone: 0 items
2025-05-22 02:35:12,323 - P15228 - INFO - Candidates email: 1 items
2025-05-22 02:35:12,323 - P15228 - INFO - Candidates complement: 2 items
2025-05-22 02:35:12,323 - P15228 - INFO - Candidates cep: 0 items
2025-05-22 02:35:12,324 - P15228 - INFO - Após processar URL 11 Uso de memória: 121.32 MB
2025-05-22 02:35:12,324 - P15228 - INFO - Processando URL 12/12: http://www.amf.org.br/assets/img/revista/ed_73/ed_73.pdf
2025-05-22 02:35:12,325 - P15228 - INFO - Ignorando URL de arquivo não-HTML: http://www.amf.org.br/assets/img/revista/ed_73/ed_73.pdf
2025-05-22 02:35:12,325 - P15228 - INFO - Após processar URL 12 Uso de memória: 121.32 MB
2025-05-22 02:35:12,325 - P15228 - INFO - Iniciando agregação e ranqueamento
2025-05-22 02:35:12,325 - P15228 - INFO - Ranked address: 4 items
2025-05-22 02:35:12,326 - P15228 - INFO - Ranked phone: 4 items
2025-05-22 02:35:12,326 - P15228 - INFO - Ranked email: 2 items
2025-05-22 02:35:12,326 - P15228 - INFO - Ranked complement: 3 items
2025-05-22 02:35:12,326 - P15228 - INFO - Ranked cep: 5 items
2025-05-22 02:35:12,326 - P15228 - INFO - Após agregação Uso de memória: 121.32 MB
2025-05-22 02:35:12,327 - P15228 - INFO - Validando endereço: ['Rua Frei Caneca, 1282', 'Ruanda (+250', 'Rua Aldomar Cardoso, 243']
2025-05-22 02:35:12,327 - P15228 - INFO - Endereço validado: Rua Frei Caneca, 1282
2025-05-22 02:35:12,327 - P15228 - INFO - Limpando texto extenso para campo address: Rua Frei Caneca, 1282...
2025-05-22 02:35:12,327 - P15228 - INFO - Texto limpo: Rua Frei Caneca, 1282
2025-05-22 02:35:12,329 - P15228 - INFO - Validando telefone: ['(11) 4349-9900', '(48) 3626-4908', '(48) 99970-1262']
2025-05-22 02:35:12,329 - P15228 - INFO - Limpando texto extenso para campo phone: (11) 4349-9900...
2025-05-22 02:35:12,329 - P15228 - INFO - Texto limpo: 11) 4349-9900
2025-05-22 02:35:12,330 - P15228 - INFO - Telefone validado: 11) 4349-9900
2025-05-22 02:35:12,330 - P15228 - INFO - Validando email: ['cfm@portalmedico.org.br', 'contato@drayasmim.com.br']
2025-05-22 02:35:12,330 - P15228 - INFO - Limpando texto extenso para campo email: cfm@portalmedico.org.br...
2025-05-22 02:35:12,330 - P15228 - INFO - Texto limpo: cfm@portalmedico.org.br
2025-05-22 02:35:12,331 - P15228 - INFO - Email validado: cfm@portalmedico.org.br
2025-05-22 02:35:12,331 - P15228 - INFO - Validando complemento: ['Conjunto D', 'Sala 602 – Funcionários/BH • (31) 9.7123-2202 | 3582-8', 'Sala 602 - Funcionários/BH • (31) 9.7123-2202 | 3582-8']
2025-05-22 02:35:12,331 - P15228 - INFO - Limpando texto extenso para campo complement: Conjunto D...
2025-05-22 02:35:12,332 - P15228 - INFO - Texto limpo: Conjunto D
2025-05-22 02:35:12,332 - P15228 - INFO - Complemento validado: Conjunto D
2025-05-22 02:35:12,332 - P15228 - INFO - Descobrindo cidade
2025-05-22 02:35:12,333 - P15228 - INFO - Buscando cidade: Rua Frei Caneca cidade RJ
2025-05-22 02:35:14,620 - P15228 - WARNING - Cidade não encontrada
2025-05-22 02:35:14,620 - P15228 - INFO - Cidade descoberta: 
2025-05-22 02:35:14,620 - P15228 - INFO - Tempo de execução de processamento completo do médico: 69.40 segundos
2025-05-22 02:35:14,621 - P15228 - INFO - Resultado processado: {'Hash': '580f28c36f61a70d26fa827ffbbc67a0a94f73cbcedc5f148847f73e43e2560b', 'CRM': '1206400', 'UF': 'RJ', 'Firstname': 'YASMIN', 'LastName': 'MEDEIROS BITTENCOURT RODRIGUES', 'Medical specialty': '', 'Endereco Completo A1': 'Rua Frei Caneca, 1282', 'Address A1': 'Rua Frei Caneca', 'Numero A1': '1282', 'Complement A1': 'Conjunto D', 'Bairro A1': '', 'postal code A1': '', 'City A1': '', 'State A1': '', 'Phone A1': '11) 4349-9900', 'Phone A2': '', 'Cell phone A1': '', 'Cell phone A2': '', 'E-mail A1': 'cfm@portalmedico.org.br', 'E-mail A2': '', 'OPT-IN': '', 'STATUS': '', 'LOTE': ''}
2025-05-22 02:35:14,622 - P15228 - INFO - Progresso: 29.0%
2025-05-22 02:35:14,622 - P15228 - INFO - Executando coleta de lixo
2025-05-22 02:35:14,666 - P15228 - INFO - Após coleta de lixo Uso de memória: 113.87 MB
2025-05-22 02:35:14,667 - P15228 - INFO - Tempo de execução de processamento do médico 1: 70.93 segundos
2025-05-22 02:35:14,667 - P15228 - INFO - 
==================================================
Processando médico 2/3
2025-05-22 02:35:14,667 - P15228 - INFO - Nome: ZANDO MIRANDA MOURÃO
2025-05-22 02:35:14,667 - P15228 - INFO - Início do processamento Uso de memória: 113.87 MB
2025-05-22 02:35:14,668 - P15228 - INFO - Iniciando busca para: ZANDO MIRANDA MOURÃO CRM 1207130 RJ telefone e-mail endereço
2025-05-22 02:35:15,065 - P15228 - INFO - SearX results: 0 URLs
2025-05-22 02:35:15,065 - P15228 - INFO - Após SearX Uso de memória: 113.87 MB
2025-05-22 02:35:17,673 - P15228 - INFO - Google results: 0 URLs
2025-05-22 02:35:17,673 - P15228 - INFO - Após Google Uso de memória: 116.77 MB
2025-05-22 02:35:20,162 - P15228 - INFO - Bing results: 9 URLs
2025-05-22 02:35:20,163 - P15228 - INFO - Após Bing Uso de memória: 119.30 MB
2025-05-22 02:35:20,163 - P15228 - INFO - Total de URLs únicas: 9
2025-05-22 02:35:20,163 - P15228 - INFO - Processando URL 1/9: https://cnpjrocks.com/cnpj/43169133000107/dr-zando-mourao-servicos-medicos-ltda.html
2025-05-22 02:35:23,063 - P15228 - INFO - HTML salvo para debug: data\debug_html_v10\d0d61625d74cd037f5c669760faf1d54.html
2025-05-22 02:35:23,072 - P15228 - INFO - Candidates address: 1 items
2025-05-22 02:35:23,073 - P15228 - INFO - Candidates phone: 1 items
2025-05-22 02:35:23,079 - P15228 - INFO - Candidates email: 1 items
2025-05-22 02:35:23,080 - P15228 - INFO - Candidates complement: 1 items
2025-05-22 02:35:23,081 - P15228 - INFO - Candidates cep: 9 items
2025-05-22 02:35:23,081 - P15228 - INFO - Após processar URL 1 Uso de memória: 119.58 MB
2025-05-22 02:35:23,082 - P15228 - INFO - Processando URL 2/9: https://www.econodata.com.br/consulta-empresa/43169133000107-DR-ZANDO-MOURAO-SERVICOS-MEDICOS-LTDA
2025-05-22 02:35:29,259 - P15228 - INFO - HTML salvo para debug: data\debug_html_v10\7b6b6ea4952d1a66e2ed40ad92164de7.html
2025-05-22 02:35:29,342 - P15228 - INFO - Candidates address: 6 items
2025-05-22 02:35:29,342 - P15228 - INFO - Candidates phone: 0 items
2025-05-22 02:35:29,343 - P15228 - INFO - Candidates email: 0 items
2025-05-22 02:35:29,343 - P15228 - INFO - Candidates complement: 0 items
2025-05-22 02:35:29,343 - P15228 - INFO - Candidates cep: 0 items
2025-05-22 02:35:29,344 - P15228 - INFO - Após processar URL 2 Uso de memória: 120.02 MB
2025-05-22 02:35:29,344 - P15228 - INFO - Processando URL 3/9: https://consultacrm.com.br/
2025-05-22 02:35:33,042 - P15228 - INFO - HTML salvo para debug: data\debug_html_v10\65cadeb91ac3713432c21b535990f440.html
2025-05-22 02:35:33,063 - P15228 - INFO - Candidates address: 0 items
2025-05-22 02:35:33,068 - P15228 - INFO - Candidates phone: 0 items
2025-05-22 02:35:33,069 - P15228 - INFO - Candidates email: 0 items
2025-05-22 02:35:33,070 - P15228 - INFO - Candidates complement: 0 items
2025-05-22 02:35:33,070 - P15228 - INFO - Candidates cep: 0 items
2025-05-22 02:35:33,070 - P15228 - INFO - Após processar URL 3 Uso de memória: 119.91 MB
2025-05-22 02:35:33,070 - P15228 - INFO - Processando URL 4/9: https://inteligen.com.br/empresa/dr-zando-mourao-servicos-medicos-ltda-43169133000107
2025-05-22 02:35:36,862 - P15228 - INFO - HTML salvo para debug: data\debug_html_v10\b27c63ba4d61cd538e811283254404a6.html
2025-05-22 02:35:36,876 - P15228 - INFO - Candidates address: 5 items
2025-05-22 02:35:36,876 - P15228 - INFO - Candidates phone: 1 items
2025-05-22 02:35:36,876 - P15228 - INFO - Candidates email: 1 items
2025-05-22 02:35:36,876 - P15228 - INFO - Candidates complement: 0 items
2025-05-22 02:35:36,876 - P15228 - INFO - Candidates cep: 3 items
2025-05-22 02:35:36,877 - P15228 - INFO - Após processar URL 4 Uso de memória: 120.02 MB
2025-05-22 02:35:36,877 - P15228 - INFO - Processando URL 5/9: https://sistemacremerj.com.br/crmonline/SifaOnLineServicosPublicosAction.do?metodo=servicoPublicoProfissionais
2025-05-22 02:35:41,702 - P15228 - INFO - HTML salvo para debug: data\debug_html_v10\00ef532bee75671887e028b1935f98b3.html
2025-05-22 02:35:41,721 - P15228 - INFO - Candidates address: 0 items
2025-05-22 02:35:41,721 - P15228 - INFO - Candidates phone: 1 items
2025-05-22 02:35:41,721 - P15228 - INFO - Candidates email: 0 items
2025-05-22 02:35:41,721 - P15228 - INFO - Candidates complement: 0 items
2025-05-22 02:35:41,721 - P15228 - INFO - Candidates cep: 1 items
2025-05-22 02:35:41,721 - P15228 - INFO - Após processar URL 5 Uso de memória: 120.08 MB
2025-05-22 02:35:41,722 - P15228 - INFO - Processando URL 6/9: https://consultas.plus/lista-de-empresas/rio-de-janeiro/rio-de-janeiro/43169133000107-dr-zando-mourao-servicos-medicos-ltda/
2025-05-22 02:35:45,779 - P15228 - INFO - HTML salvo para debug: data\debug_html_v10\d4f312fb5354517086d91dcd8e6d148a.html
2025-05-22 02:35:45,800 - P15228 - INFO - Candidates address: 0 items
2025-05-22 02:35:45,800 - P15228 - INFO - Candidates phone: 0 items
2025-05-22 02:35:45,801 - P15228 - INFO - Candidates email: 0 items
2025-05-22 02:35:45,801 - P15228 - INFO - Candidates complement: 0 items
2025-05-22 02:35:45,801 - P15228 - INFO - Candidates cep: 1 items
2025-05-22 02:35:45,801 - P15228 - INFO - Após processar URL 6 Uso de memória: 120.16 MB
2025-05-22 02:35:45,801 - P15228 - INFO - Processando URL 7/9: http://www.transparencia.cremerj.org.br:8098/planejamento/registroMedico/pesquisar
2025-05-22 02:35:47,874 - P15228 - INFO - HTML salvo para debug: data\debug_html_v10\19128e1d0b16c1bd37c280ce751655f7.html
2025-05-22 02:35:47,900 - P15228 - INFO - Candidates address: 0 items
2025-05-22 02:35:47,900 - P15228 - INFO - Candidates phone: 1 items
2025-05-22 02:35:47,900 - P15228 - INFO - Candidates email: 0 items
2025-05-22 02:35:47,900 - P15228 - INFO - Candidates complement: 0 items
2025-05-22 02:35:47,901 - P15228 - INFO - Candidates cep: 1 items
2025-05-22 02:35:47,901 - P15228 - INFO - Após processar URL 7 Uso de memória: 120.27 MB
2025-05-22 02:35:47,901 - P15228 - INFO - Processando URL 8/9: https://www.consultascnpj.com/dr-zando-mourao-servicos-medicos-ltda/43169133000107
2025-05-22 02:35:50,807 - P15228 - INFO - HTML salvo para debug: data\debug_html_v10\f3a508954f51156b3318701dbd09f1ca.html
2025-05-22 02:35:50,816 - P15228 - INFO - Candidates address: 2 items
2025-05-22 02:35:50,816 - P15228 - INFO - Candidates phone: 0 items
2025-05-22 02:35:50,816 - P15228 - INFO - Candidates email: 0 items
2025-05-22 02:35:50,816 - P15228 - INFO - Candidates complement: 0 items
2025-05-22 02:35:50,817 - P15228 - INFO - Candidates cep: 2 items
2025-05-22 02:35:50,817 - P15228 - INFO - Após processar URL 8 Uso de memória: 120.27 MB
2025-05-22 02:35:50,817 - P15228 - INFO - Processando URL 9/9: https://consultar.io/crm/rj/
2025-05-22 02:35:54,140 - P15228 - INFO - HTML salvo para debug: data\debug_html_v10\c91d2e9f4196df7470d0765c1861ce0e.html
2025-05-22 02:35:54,154 - P15228 - INFO - Candidates address: 0 items
2025-05-22 02:35:54,154 - P15228 - INFO - Candidates phone: 0 items
2025-05-22 02:35:54,154 - P15228 - INFO - Candidates email: 0 items
2025-05-22 02:35:54,155 - P15228 - INFO - Candidates complement: 0 items
2025-05-22 02:35:54,155 - P15228 - INFO - Candidates cep: 0 items
2025-05-22 02:35:54,156 - P15228 - INFO - Após processar URL 9 Uso de memória: 120.28 MB
2025-05-22 02:35:54,157 - P15228 - INFO - Iniciando agregação e ranqueamento
2025-05-22 02:35:54,157 - P15228 - INFO - Ranked address: 14 items
2025-05-22 02:35:54,157 - P15228 - INFO - Ranked phone: 3 items
2025-05-22 02:35:54,158 - P15228 - INFO - Ranked email: 1 items
2025-05-22 02:35:54,158 - P15228 - INFO - Ranked complement: 1 items
2025-05-22 02:35:54,158 - P15228 - INFO - Ranked cep: 12 items
2025-05-22 02:35:54,158 - P15228 - INFO - Após agregação Uso de memória: 120.28 MB
2025-05-22 02:35:54,158 - P15228 - INFO - Validando endereço: ['Rua Frei Inocencio Número: 00233 Complemento: Apt 303 Blc 11', 'Rua da Consolacao, 2302', 'Avenida Ataulfo de Paiva, 153']
2025-05-22 02:35:54,158 - P15228 - INFO - Endereço validado: Rua Frei Inocencio Número: 00233 Complemento: Apt 303 Blc 11
2025-05-22 02:35:54,159 - P15228 - INFO - Limpando texto extenso para campo address: Rua Frei Inocencio Número: 00233 Complemento: Apt ...
2025-05-22 02:35:54,159 - P15228 - INFO - Texto limpo: Rua Frei Inocencio Número: 00233 Complemento: Apt 303 Blc 11
2025-05-22 02:35:54,159 - P15228 - INFO - Validando telefone: ['(21) 3184-7050', '(21) 9606-5193', '(21) 99606-5193']
2025-05-22 02:35:54,159 - P15228 - INFO - Limpando texto extenso para campo phone: (21) 3184-7050...
2025-05-22 02:35:54,159 - P15228 - INFO - Texto limpo: 21) 3184-7050
2025-05-22 02:35:54,159 - P15228 - INFO - Telefone validado: 21) 3184-7050
2025-05-22 02:35:54,160 - P15228 - INFO - Validando email: ['zandomourao@hotmail.com']
2025-05-22 02:35:54,160 - P15228 - INFO - Limpando texto extenso para campo email: zandomourao@hotmail.com...
2025-05-22 02:35:54,160 - P15228 - INFO - Texto limpo: zandomourao@hotmail.com
2025-05-22 02:35:54,160 - P15228 - INFO - Email validado: zandomourao@hotmail.com
2025-05-22 02:35:54,160 - P15228 - INFO - Validando complemento: ['Apt 303 Blc 11 Bairro:   Praia da Bandeira Município:']
2025-05-22 02:35:54,160 - P15228 - INFO - Limpando texto extenso para campo complement: Apt 303 Blc 11 Bairro:   Praia da Bandeira Municíp...
2025-05-22 02:35:54,160 - P15228 - INFO - Texto limpo: Apt 303 Blc 11 Bairro: Praia
2025-05-22 02:35:54,161 - P15228 - INFO - Complemento validado: Apt 303 Blc 11 Bairro: Praia
2025-05-22 02:35:54,161 - P15228 - INFO - Descobrindo cidade
2025-05-22 02:35:54,161 - P15228 - INFO - Buscando cidade: Rua Frei Inocencio Número: 00233 Complemento: Apt 303 Blc 11 cidade RJ
2025-05-22 02:35:56,463 - P15228 - WARNING - Cidade não encontrada
2025-05-22 02:35:56,480 - P15228 - INFO - Cidade descoberta: 
2025-05-22 02:35:56,489 - P15228 - INFO - Tempo de execução de processamento completo do médico: 41.82 segundos
2025-05-22 02:35:56,492 - P15228 - INFO - Resultado processado: {'Hash': '77d00ffd745fac70bdc1fa9be58b09a5482dbb641f5da798d9b7e0b1c89a764d', 'CRM': '1207130', 'UF': 'RJ', 'Firstname': 'ZANDO', 'LastName': 'MIRANDA MOURÃO', 'Medical specialty': '', 'Endereco Completo A1': 'Rua Frei Inocencio Número: 00233 Complemento: Apt 303 Blc 11', 'Address A1': 'Rua Frei Inocencio Número: 00233 Complemento: Apt 303 Blc 11', 'Numero A1': '', 'Complement A1': 'Apt 303 Blc 11 Bairro: Praia', 'Bairro A1': '', 'postal code A1': '', 'City A1': '', 'State A1': '', 'Phone A1': '21) 3184-7050', 'Phone A2': '', 'Cell phone A1': '', 'Cell phone A2': '', 'E-mail A1': 'zandomourao@hotmail.com', 'E-mail A2': '', 'OPT-IN': '', 'STATUS': '', 'LOTE': ''}
2025-05-22 02:35:56,493 - P15228 - INFO - Progresso: 29.3%
2025-05-22 02:35:56,493 - P15228 - INFO - Tempo de execução de processamento do médico 2: 41.83 segundos
2025-05-22 02:35:56,494 - P15228 - INFO - 
==================================================
Processando médico 3/3
2025-05-22 02:35:56,495 - P15228 - INFO - Nome: GIULIA SIMÕES MAGALHÃES PEÇANHA CAMILO
2025-05-22 02:35:56,495 - P15228 - INFO - Início do processamento Uso de memória: 118.52 MB
2025-05-22 02:35:56,496 - P15228 - INFO - Iniciando busca para: GIULIA SIMÕES MAGALHÃES PEÇANHA CAMILO CRM 1211943 RJ telefone e-mail endereço
2025-05-22 02:35:57,002 - P15228 - INFO - SearX results: 0 URLs
2025-05-22 02:35:57,003 - P15228 - INFO - Após SearX Uso de memória: 118.52 MB
2025-05-22 02:35:59,736 - P15228 - INFO - Google results: 0 URLs
2025-05-22 02:35:59,737 - P15228 - INFO - Após Google Uso de memória: 118.54 MB
2025-05-22 02:36:02,256 - P15228 - INFO - Bing results: 15 URLs
2025-05-22 02:36:02,256 - P15228 - INFO - Após Bing Uso de memória: 119.91 MB
2025-05-22 02:36:02,257 - P15228 - INFO - Total de URLs únicas: 15
2025-05-22 02:36:02,257 - P15228 - INFO - Processando URL 1/15: https://www.escavador.com/
2025-05-22 02:36:06,413 - P15228 - INFO - HTML salvo para debug: data\debug_html_v10\5fd37c87c1a349ea5c467bb6789a1466.html
2025-05-22 02:36:06,427 - P15228 - INFO - Candidates address: 0 items
2025-05-22 02:36:06,427 - P15228 - INFO - Candidates phone: 0 items
2025-05-22 02:36:06,427 - P15228 - INFO - Candidates email: 0 items
2025-05-22 02:36:06,428 - P15228 - INFO - Candidates complement: 0 items
2025-05-22 02:36:06,428 - P15228 - INFO - Candidates cep: 0 items
2025-05-22 02:36:06,428 - P15228 - INFO - Após processar URL 1 Uso de memória: 120.08 MB
2025-05-22 02:36:06,428 - P15228 - INFO - Processando URL 2/15: https://www.consultacrm.com.br/index/maisvistos
2025-05-22 02:36:12,654 - P15228 - INFO - HTML salvo para debug: data\debug_html_v10\9a17d88beef1266c6e4649221409a571.html
2025-05-22 02:36:12,665 - P15228 - INFO - Candidates address: 0 items
2025-05-22 02:36:12,665 - P15228 - INFO - Candidates phone: 0 items
2025-05-22 02:36:12,666 - P15228 - INFO - Candidates email: 0 items
2025-05-22 02:36:12,666 - P15228 - INFO - Candidates complement: 0 items
2025-05-22 02:36:12,666 - P15228 - INFO - Candidates cep: 0 items
2025-05-22 02:36:12,667 - P15228 - INFO - Após processar URL 2 Uso de memória: 120.14 MB
2025-05-22 02:36:12,668 - P15228 - INFO - Processando URL 3/15: https://www.consultacrm.com.br/?uf=SP
2025-05-22 02:36:16,410 - P15228 - INFO - HTML salvo para debug: data\debug_html_v10\60d20285cf74ceed0f862951f9b2b598.html
2025-05-22 02:36:16,428 - P15228 - INFO - Candidates address: 0 items
2025-05-22 02:36:16,428 - P15228 - INFO - Candidates phone: 0 items
2025-05-22 02:36:16,428 - P15228 - INFO - Candidates email: 0 items
2025-05-22 02:36:16,429 - P15228 - INFO - Candidates complement: 0 items
2025-05-22 02:36:16,429 - P15228 - INFO - Candidates cep: 0 items
2025-05-22 02:36:16,430 - P15228 - INFO - Após processar URL 3 Uso de memória: 120.81 MB
2025-05-22 02:36:16,430 - P15228 - INFO - Processando URL 4/15: https://www.portaltransparencia.gov.br/pessoa-fisica/busca/lista
2025-05-22 02:36:19,693 - P15228 - INFO - HTML salvo para debug: data\debug_html_v10\e200cdf64b71d4c9248718dd155b3edb.html
2025-05-22 02:36:19,735 - P15228 - INFO - Candidates address: 0 items
2025-05-22 02:36:19,735 - P15228 - INFO - Candidates phone: 0 items
2025-05-22 02:36:19,735 - P15228 - INFO - Candidates email: 0 items
2025-05-22 02:36:19,736 - P15228 - INFO - Candidates complement: 0 items
2025-05-22 02:36:19,736 - P15228 - INFO - Candidates cep: 0 items
2025-05-22 02:36:19,736 - P15228 - INFO - Após processar URL 4 Uso de memória: 120.86 MB
2025-05-22 02:36:19,736 - P15228 - INFO - Processando URL 5/15: https://consultacrm.com.br/
2025-05-22 02:36:22,802 - P15228 - INFO - HTML salvo para debug: data\debug_html_v10\65cadeb91ac3713432c21b535990f440.html
2025-05-22 02:36:22,818 - P15228 - INFO - Candidates address: 0 items
2025-05-22 02:36:22,819 - P15228 - INFO - Candidates phone: 0 items
2025-05-22 02:36:22,820 - P15228 - INFO - Candidates email: 0 items
2025-05-22 02:36:22,820 - P15228 - INFO - Candidates complement: 0 items
2025-05-22 02:36:22,821 - P15228 - INFO - Candidates cep: 0 items
2025-05-22 02:36:22,824 - P15228 - INFO - Após processar URL 5 Uso de memória: 121.38 MB
2025-05-22 02:36:22,842 - P15228 - INFO - Processando URL 6/15: https://www.jusbrasil.com.br/consulta-processual/
2025-05-22 02:36:26,751 - P15228 - INFO - HTML salvo para debug: data\debug_html_v10\0e146e5147e84effa775ec3ba5942d10.html
2025-05-22 02:36:26,774 - P15228 - INFO - Candidates address: 0 items
2025-05-22 02:36:26,774 - P15228 - INFO - Candidates phone: 0 items
2025-05-22 02:36:26,774 - P15228 - INFO - Candidates email: 0 items
2025-05-22 02:36:26,774 - P15228 - INFO - Candidates complement: 0 items
2025-05-22 02:36:26,774 - P15228 - INFO - Candidates cep: 0 items
2025-05-22 02:36:26,774 - P15228 - INFO - Após processar URL 6 Uso de memória: 121.38 MB
2025-05-22 02:36:26,775 - P15228 - INFO - Processando URL 7/15: https://www.consultacrm.com.br/index/sis_login
2025-05-22 02:36:30,394 - P15228 - INFO - HTML salvo para debug: data\debug_html_v10\e56926aa25e0582d5c5b8aa167ed4b53.html
2025-05-22 02:36:30,406 - P15228 - INFO - Candidates address: 0 items
2025-05-22 02:36:30,406 - P15228 - INFO - Candidates phone: 0 items
2025-05-22 02:36:30,406 - P15228 - INFO - Candidates email: 0 items
2025-05-22 02:36:30,406 - P15228 - INFO - Candidates complement: 0 items
2025-05-22 02:36:30,406 - P15228 - INFO - Candidates cep: 0 items
2025-05-22 02:36:30,407 - P15228 - INFO - Após processar URL 7 Uso de memória: 121.39 MB
2025-05-22 02:36:30,407 - P15228 - INFO - Processando URL 8/15: https://www.escavador.com/sobre/560908456/giulia-simes-magalhes-peanha-camilo
2025-05-22 02:36:33,682 - P15228 - INFO - HTML salvo para debug: data\debug_html_v10\6119b495fa8f4efe64407db0cbd35bb1.html
2025-05-22 02:36:33,699 - P15228 - INFO - Candidates address: 0 items
2025-05-22 02:36:33,699 - P15228 - INFO - Candidates phone: 0 items
2025-05-22 02:36:33,699 - P15228 - INFO - Candidates email: 0 items
2025-05-22 02:36:33,700 - P15228 - INFO - Candidates complement: 0 items
2025-05-22 02:36:33,700 - P15228 - INFO - Candidates cep: 0 items
2025-05-22 02:36:33,700 - P15228 - INFO - Após processar URL 8 Uso de memória: 121.43 MB
2025-05-22 02:36:33,700 - P15228 - INFO - Processando URL 9/15: https://www.consultacrm.com.br/index/api
2025-05-22 02:36:37,459 - P15228 - INFO - HTML salvo para debug: data\debug_html_v10\a1f22ffdf7e0eb1c02e28e1e38d3db87.html
2025-05-22 02:36:37,471 - P15228 - INFO - Candidates address: 0 items
2025-05-22 02:36:37,471 - P15228 - INFO - Candidates phone: 0 items
2025-05-22 02:36:37,472 - P15228 - INFO - Candidates email: 0 items
2025-05-22 02:36:37,472 - P15228 - INFO - Candidates complement: 0 items
2025-05-22 02:36:37,472 - P15228 - INFO - Candidates cep: 0 items
2025-05-22 02:36:37,472 - P15228 - INFO - Após processar URL 9 Uso de memória: 121.46 MB
2025-05-22 02:36:37,472 - P15228 - INFO - Processando URL 10/15: https://www.cremerj.org.br/
2025-05-22 02:36:41,175 - P15228 - INFO - HTML salvo para debug: data\debug_html_v10\57d5b230cbdcf7d719e9b2b2f238c4f1.html
2025-05-22 02:36:41,245 - P15228 - INFO - Candidates address: 0 items
2025-05-22 02:36:41,245 - P15228 - INFO - Candidates phone: 2 items
2025-05-22 02:36:41,246 - P15228 - INFO - Candidates email: 0 items
2025-05-22 02:36:41,246 - P15228 - INFO - Candidates complement: 0 items
2025-05-22 02:36:41,246 - P15228 - INFO - Candidates cep: 3 items
2025-05-22 02:36:41,246 - P15228 - INFO - Após processar URL 10 Uso de memória: 121.46 MB
2025-05-22 02:36:41,247 - P15228 - INFO - Processando URL 11/15: https://www.achecerto.com.br/
2025-05-22 02:36:47,021 - P15228 - INFO - HTML salvo para debug: data\debug_html_v10\ceb96e5663cace6f7b35fee1716d7561.html
2025-05-22 02:36:47,050 - P15228 - INFO - Candidates address: 1 items
2025-05-22 02:36:47,051 - P15228 - INFO - Candidates phone: 0 items
2025-05-22 02:36:47,051 - P15228 - INFO - Candidates email: 1 items
2025-05-22 02:36:47,051 - P15228 - INFO - Candidates complement: 0 items
2025-05-22 02:36:47,051 - P15228 - INFO - Candidates cep: 0 items
2025-05-22 02:36:47,051 - P15228 - INFO - Após processar URL 11 Uso de memória: 121.46 MB
2025-05-22 02:36:47,052 - P15228 - INFO - Processando URL 12/15: https://www.consultacrm.com.br/index/contato
2025-05-22 02:36:50,570 - P15228 - INFO - HTML salvo para debug: data\debug_html_v10\770622092e11df0ef8d0ed5d383f74a3.html
2025-05-22 02:36:50,582 - P15228 - INFO - Candidates address: 0 items
2025-05-22 02:36:50,582 - P15228 - INFO - Candidates phone: 0 items
2025-05-22 02:36:50,583 - P15228 - INFO - Candidates email: 0 items
2025-05-22 02:36:50,583 - P15228 - INFO - Candidates complement: 0 items
2025-05-22 02:36:50,583 - P15228 - INFO - Candidates cep: 0 items
2025-05-22 02:36:50,583 - P15228 - INFO - Após processar URL 12 Uso de memória: 121.85 MB
2025-05-22 02:36:50,583 - P15228 - INFO - Processando URL 13/15: https://portal.cfm.org.br/busca-medicos
2025-05-22 02:36:53,940 - P15228 - INFO - HTML salvo para debug: data\debug_html_v10\e28ae84aaa177d1328f3a0d1fb68449f.html
2025-05-22 02:36:53,982 - P15228 - INFO - Candidates address: 0 items
2025-05-22 02:36:53,983 - P15228 - INFO - Candidates phone: 0 items
2025-05-22 02:36:53,983 - P15228 - INFO - Candidates email: 1 items
2025-05-22 02:36:53,983 - P15228 - INFO - Candidates complement: 1 items
2025-05-22 02:36:53,983 - P15228 - INFO - Candidates cep: 1 items
2025-05-22 02:36:53,984 - P15228 - INFO - Após processar URL 13 Uso de memória: 121.85 MB
2025-05-22 02:36:53,984 - P15228 - INFO - Processando URL 14/15: http://www.transparencia.cremerj.org.br:8098/planejamento/registroMedico/pesquisar
2025-05-22 02:36:56,335 - P15228 - INFO - HTML salvo para debug: data\debug_html_v10\19128e1d0b16c1bd37c280ce751655f7.html
2025-05-22 02:36:56,355 - P15228 - INFO - Candidates address: 0 items
2025-05-22 02:36:56,355 - P15228 - INFO - Candidates phone: 1 items
2025-05-22 02:36:56,355 - P15228 - INFO - Candidates email: 0 items
2025-05-22 02:36:56,355 - P15228 - INFO - Candidates complement: 0 items
2025-05-22 02:36:56,355 - P15228 - INFO - Candidates cep: 1 items
2025-05-22 02:36:56,355 - P15228 - INFO - Após processar URL 14 Uso de memória: 121.85 MB
2025-05-22 02:36:56,356 - P15228 - INFO - Processando URL 15/15: https://www.consultacrm.com.br/index/especialidades
2025-05-22 02:36:59,847 - P15228 - INFO - HTML salvo para debug: data\debug_html_v10\3cb327d5e0f962fa7a1db5a948fb6f40.html
2025-05-22 02:36:59,967 - P15228 - INFO - Candidates address: 0 items
2025-05-22 02:36:59,967 - P15228 - INFO - Candidates phone: 0 items
2025-05-22 02:36:59,967 - P15228 - INFO - Candidates email: 0 items
2025-05-22 02:36:59,967 - P15228 - INFO - Candidates complement: 0 items
2025-05-22 02:36:59,968 - P15228 - INFO - Candidates cep: 0 items
2025-05-22 02:36:59,968 - P15228 - INFO - Após processar URL 15 Uso de memória: 121.85 MB
2025-05-22 02:36:59,968 - P15228 - INFO - Iniciando agregação e ranqueamento
2025-05-22 02:36:59,968 - P15228 - INFO - Ranked address: 1 items
2025-05-22 02:36:59,968 - P15228 - INFO - Ranked phone: 2 items
2025-05-22 02:36:59,968 - P15228 - INFO - Ranked email: 2 items
2025-05-22 02:36:59,969 - P15228 - INFO - Ranked complement: 1 items
2025-05-22 02:36:59,969 - P15228 - INFO - Ranked cep: 4 items
2025-05-22 02:36:59,969 - P15228 - INFO - Após agregação Uso de memória: 121.85 MB
2025-05-22 02:36:59,969 - P15228 - INFO - Validando endereço: ['Av. Santos Dumont, 123']
2025-05-22 02:36:59,969 - P15228 - INFO - Endereço validado: Av. Santos Dumont, 123
2025-05-22 02:36:59,969 - P15228 - INFO - Limpando texto extenso para campo address: Av. Santos Dumont, 123...
2025-05-22 02:36:59,970 - P15228 - INFO - Texto limpo: Av. Santos Dumont, 123
2025-05-22 02:36:59,970 - P15228 - INFO - Validando telefone: ['(21) 3184-7050', '(21) 98491-1522']
2025-05-22 02:36:59,970 - P15228 - INFO - Limpando texto extenso para campo phone: (21) 3184-7050...
2025-05-22 02:36:59,970 - P15228 - INFO - Texto limpo: 21) 3184-7050
2025-05-22 02:36:59,970 - P15228 - INFO - Telefone validado: 21) 3184-7050
2025-05-22 02:36:59,970 - P15228 - INFO - Validando email: ['falecom@achecerto.com.br', 'cfm@portalmedico.org.br']
2025-05-22 02:36:59,970 - P15228 - INFO - Limpando texto extenso para campo email: falecom@achecerto.com.br...
2025-05-22 02:36:59,970 - P15228 - INFO - Texto limpo: falecom@achecerto.com.br
2025-05-22 02:36:59,971 - P15228 - INFO - Email validado: falecom@achecerto.com.br
2025-05-22 02:36:59,971 - P15228 - INFO - Validando complemento: ['Conjunto D']
2025-05-22 02:36:59,971 - P15228 - INFO - Limpando texto extenso para campo complement: Conjunto D...
2025-05-22 02:36:59,971 - P15228 - INFO - Texto limpo: Conjunto D
2025-05-22 02:36:59,971 - P15228 - INFO - Complemento validado: Conjunto D
2025-05-22 02:36:59,971 - P15228 - INFO - Descobrindo cidade
2025-05-22 02:36:59,971 - P15228 - INFO - Buscando cidade: Av. Santos Dumont cidade RJ
2025-05-22 02:37:02,336 - P15228 - INFO - Cidade encontrada: Magé
2025-05-22 02:37:02,337 - P15228 - INFO - Limpando texto extenso para campo city: Magé...
2025-05-22 02:37:02,337 - P15228 - INFO - Texto limpo: Magé
2025-05-22 02:37:02,337 - P15228 - INFO - Cidade descoberta: Magé
2025-05-22 02:37:02,338 - P15228 - INFO - Buscando CEP com sistema de cascata
2025-05-22 02:37:02,338 - P15228 - INFO - Iniciando busca de CEP em cascata para: Av. Santos Dumont, Magé, RJ
2025-05-22 02:37:02,339 - P15228 - INFO - Método 1: ViaCEP API
2025-05-22 02:37:02,339 - P15228 - INFO - Buscando no ViaCEP: https://viacep.com.br/ws/RJ/mage/avenida%20santos%20dumont/json/
2025-05-22 02:37:03,032 - P15228 - INFO - Dados encontrados no ViaCEP: {'cep': '25930-540', 'logradouro': 'Avenida Santos Dumont', 'complemento': '', 'unidade': '', 'bairro': 'Bongaba (Vila Inhomirim)', 'localidade': 'Magé', 'uf': 'RJ', 'estado': 'Rio de Janeiro', 'regiao': 'Sudeste', 'ibge': '3302502', 'gia': '', 'ddd': '21', 'siafi': '5849'}
2025-05-22 02:37:03,034 - P15228 - INFO - CEP encontrado via ViaCEP: 25930-540
2025-05-22 02:37:03,034 - P15228 - INFO - Dados de CEP encontrados: {'cep': '25930-540', 'logradouro': 'Avenida Santos Dumont', 'complemento': '', 'unidade': '', 'bairro': 'Bongaba (Vila Inhomirim)', 'localidade': 'Magé', 'uf': 'RJ', 'estado': 'Rio de Janeiro', 'regiao': 'Sudeste', 'ibge': '3302502', 'gia': '', 'ddd': '21', 'siafi': '5849'}
2025-05-22 02:37:03,035 - P15228 - INFO - Limpando texto extenso para campo bairro: Bongaba (Vila Inhomirim)...
2025-05-22 02:37:03,035 - P15228 - INFO - Texto limpo: Bongaba (Vila Inhomirim
2025-05-22 02:37:03,035 - P15228 - INFO - Limpando texto extenso para campo city: Magé...
2025-05-22 02:37:03,035 - P15228 - INFO - Texto limpo: Magé
2025-05-22 02:37:03,035 - P15228 - INFO - Limpando texto extenso para campo state: RJ...
2025-05-22 02:37:03,036 - P15228 - INFO - Texto limpo: RJ
2025-05-22 02:37:03,036 - P15228 - INFO - Tempo de execução de processamento completo do médico: 66.54 segundos
2025-05-22 02:37:03,037 - P15228 - INFO - Resultado processado: {'Hash': '10924836c760f76ba96a050361e0a5141456e9ba37ec3ddf7dc59ccf885c602c', 'CRM': '1211943', 'UF': 'RJ', 'Firstname': 'GIULIA', 'LastName': 'SIMÕES MAGALHÃES PEÇANHA CAMILO', 'Medical specialty': '', 'Endereco Completo A1': 'Av. Santos Dumont, 123', 'Address A1': 'Av. Santos Dumont', 'Numero A1': '123', 'Complement A1': 'Conjunto D', 'Bairro A1': 'Bongaba (Vila Inhomirim', 'postal code A1': '25930-540', 'City A1': 'Magé', 'State A1': 'RJ', 'Phone A1': '21) 3184-7050', 'Phone A2': '', 'Cell phone A1': '', 'Cell phone A2': '', 'E-mail A1': 'falecom@achecerto.com.br', 'E-mail A2': '', 'OPT-IN': '', 'STATUS': '', 'LOTE': ''}
2025-05-22 02:37:03,038 - P15228 - INFO - Salvando lote de resultados
2025-05-22 02:37:03,040 - P15228 - INFO - Após salvar resultados Uso de memória: 119.68 MB
2025-05-22 02:37:03,041 - P15228 - INFO - Progresso: 29.8%
2025-05-22 02:37:03,041 - P15228 - INFO - Tempo de execução de processamento do médico 3: 66.55 segundos
2025-05-22 02:37:03,042 - P15228 - INFO - Tempo de execução de processamento do lote completo: 179.31 segundos
