2025-05-22 03:03:48,663 - P15228 - INFO - 
==================================================
Processando médico 1/3
2025-05-22 03:03:48,664 - P15228 - INFO - Nome: LEISA BARBOSA
2025-05-22 03:03:48,664 - P15228 - INFO - Reiniciando driver do Chrome
2025-05-22 03:03:49,853 - P15228 - INFO - Após reiniciar driver Uso de memória: 125.38 MB
2025-05-22 03:03:49,853 - P15228 - INFO - Início do processamento Uso de memória: 125.38 MB
2025-05-22 03:03:49,853 - P15228 - INFO - Iniciando busca para: LEISA BARBOSA CRM 112660 SP telefone e-mail endereço
2025-05-22 03:03:50,276 - P15228 - INFO - SearX results: 15 URLs
2025-05-22 03:03:50,277 - P15228 - INFO - Após SearX Uso de memória: 125.38 MB
2025-05-22 03:03:52,866 - P15228 - INFO - Google results: 9 URLs
2025-05-22 03:03:52,867 - P15228 - INFO - Após Google Uso de memória: 125.38 MB
2025-05-22 03:03:56,017 - P15228 - INFO - Bing results: 10 URLs
2025-05-22 03:03:56,017 - P15228 - INFO - Após Bing Uso de memória: 125.61 MB
2025-05-22 03:03:56,018 - P15228 - INFO - Total de URLs únicas: 23
2025-05-22 03:03:56,018 - P15228 - INFO - Processando URL 1/23: http://hospitalsaomarcos.com/hospital/corpo-clinico/
2025-05-22 03:03:59,496 - P15228 - INFO - HTML salvo para debug: data\debug_html_v10\daf4e0b6681e7ad336a01ab603d71921.html
2025-05-22 03:03:59,525 - P15228 - INFO - Candidates address: 1 items
2025-05-22 03:03:59,526 - P15228 - INFO - Candidates phone: 1 items
2025-05-22 03:03:59,526 - P15228 - INFO - Candidates email: 1 items
2025-05-22 03:03:59,526 - P15228 - INFO - Candidates complement: 0 items
2025-05-22 03:03:59,526 - P15228 - INFO - Candidates cep: 1 items
2025-05-22 03:03:59,526 - P15228 - INFO - Após processar URL 1 Uso de memória: 125.66 MB
2025-05-22 03:03:59,527 - P15228 - INFO - Processando URL 2/23: https://guiamedico.cremesp.org.br/
2025-05-22 03:04:01,616 - P15228 - INFO - HTML salvo para debug: data\debug_html_v10\7c54969580769b63edd9abaa952e1fa2.html
2025-05-22 03:04:01,631 - P15228 - INFO - Candidates address: 1 items
2025-05-22 03:04:01,632 - P15228 - INFO - Candidates phone: 1 items
2025-05-22 03:04:01,633 - P15228 - INFO - Candidates email: 0 items
2025-05-22 03:04:01,634 - P15228 - INFO - Candidates complement: 0 items
2025-05-22 03:04:01,636 - P15228 - INFO - Candidates cep: 1 items
2025-05-22 03:04:01,637 - P15228 - INFO - Após processar URL 2 Uso de memória: 125.67 MB
2025-05-22 03:04:01,641 - P15228 - INFO - Processando URL 3/23: https://www.cremesp.com.br/?siteAcao=Contatos&dep=cad
2025-05-22 03:04:03,837 - P15228 - INFO - HTML salvo para debug: data\debug_html_v10\a223f941e81be6b4089447a6935966ae.html
2025-05-22 03:04:03,843 - P15228 - INFO - Candidates address: 0 items
2025-05-22 03:04:03,843 - P15228 - INFO - Candidates phone: 0 items
2025-05-22 03:04:03,843 - P15228 - INFO - Candidates email: 0 items
2025-05-22 03:04:03,844 - P15228 - INFO - Candidates complement: 0 items
2025-05-22 03:04:03,844 - P15228 - INFO - Candidates cep: 0 items
2025-05-22 03:04:03,844 - P15228 - INFO - Após processar URL 3 Uso de memória: 125.67 MB
2025-05-22 03:04:03,844 - P15228 - INFO - Processando URL 4/23: https://diario.tjrr.jus.br/dpj/dpj-20101014.pdf
2025-05-22 03:04:03,844 - P15228 - INFO - Ignorando URL de arquivo não-HTML: https://diario.tjrr.jus.br/dpj/dpj-20101014.pdf
2025-05-22 03:04:03,844 - P15228 - INFO - Após processar URL 4 Uso de memória: 125.67 MB
2025-05-22 03:04:03,845 - P15228 - INFO - Processando URL 5/23: https://diariomunicipal.org/mt/amm/publicacoes/1433461/
2025-05-22 03:04:06,799 - P15228 - INFO - HTML salvo para debug: data\debug_html_v10\dccad3536fcd0936317d6deedfcba7c2.html
2025-05-22 03:04:06,809 - P15228 - INFO - Candidates address: 1 items
2025-05-22 03:04:06,810 - P15228 - INFO - Candidates phone: 1 items
2025-05-22 03:04:06,811 - P15228 - INFO - Candidates email: 1 items
2025-05-22 03:04:06,812 - P15228 - INFO - Candidates complement: 0 items
2025-05-22 03:04:06,813 - P15228 - INFO - Candidates cep: 1 items
2025-05-22 03:04:06,813 - P15228 - INFO - Após processar URL 5 Uso de memória: 125.67 MB
2025-05-22 03:04:06,813 - P15228 - INFO - Processando URL 6/23: https://transparencia.cremesp.org.br/?siteAcao=guia_medico
2025-05-22 03:04:09,275 - P15228 - INFO - HTML salvo para debug: data\debug_html_v10\cb80cc007a72cc7a378681a92a58906a.html
2025-05-22 03:04:09,325 - P15228 - INFO - Candidates address: 1 items
2025-05-22 03:04:09,326 - P15228 - INFO - Candidates phone: 0 items
2025-05-22 03:04:09,326 - P15228 - INFO - Candidates email: 0 items
2025-05-22 03:04:09,326 - P15228 - INFO - Candidates complement: 0 items
2025-05-22 03:04:09,326 - P15228 - INFO - Candidates cep: 1 items
2025-05-22 03:04:09,326 - P15228 - INFO - Após processar URL 6 Uso de memória: 125.68 MB
2025-05-22 03:04:09,326 - P15228 - INFO - Processando URL 7/23: https://www.medicosbrasil.com/profissional/leisa-barbosa-de-araujo
2025-05-22 03:04:13,390 - P15228 - INFO - HTML salvo para debug: data\debug_html_v10\2970e796e079f5fc1784c2b6796aafc4.html
2025-05-22 03:04:13,412 - P15228 - INFO - Candidates address: 0 items
2025-05-22 03:04:13,412 - P15228 - INFO - Candidates phone: 0 items
2025-05-22 03:04:13,412 - P15228 - INFO - Candidates email: 0 items
2025-05-22 03:04:13,413 - P15228 - INFO - Candidates complement: 0 items
2025-05-22 03:04:13,413 - P15228 - INFO - Candidates cep: 0 items
2025-05-22 03:04:13,413 - P15228 - INFO - Após processar URL 7 Uso de memória: 126.00 MB
2025-05-22 03:04:13,413 - P15228 - INFO - Processando URL 8/23: https://www.encontrasaopaulo.com.br/agenda/crm-sp/
2025-05-22 03:04:19,274 - P15228 - INFO - HTML salvo para debug: data\debug_html_v10\f96a157f3cde736c20a7c87f788a1d0b.html
2025-05-22 03:04:19,311 - P15228 - INFO - Candidates address: 2 items
2025-05-22 03:04:19,312 - P15228 - INFO - Candidates phone: 2 items
2025-05-22 03:04:19,312 - P15228 - INFO - Candidates email: 0 items
2025-05-22 03:04:19,312 - P15228 - INFO - Candidates complement: 0 items
2025-05-22 03:04:19,312 - P15228 - INFO - Candidates cep: 0 items
2025-05-22 03:04:19,313 - P15228 - INFO - Após processar URL 8 Uso de memória: 127.32 MB
2025-05-22 03:04:19,313 - P15228 - INFO - Processando URL 9/23: https://www.doctoralia.com.br/leisa-barbosa-2/psiquiatra/sao-jose-do-rio-preto
2025-05-22 03:04:19,313 - P15228 - INFO - Ignorando URL de arquivo não-HTML: https://www.doctoralia.com.br/leisa-barbosa-2/psiquiatra/sao-jose-do-rio-preto
2025-05-22 03:04:19,313 - P15228 - INFO - Após processar URL 9 Uso de memória: 126.00 MB
2025-05-22 03:04:19,313 - P15228 - INFO - Processando URL 10/23: https://app.bauru.sp.gov.br/arquivos/sist_diariooficial/2020/02/do_20200218_3227.pdf
2025-05-22 03:04:19,313 - P15228 - INFO - Ignorando URL de arquivo não-HTML: https://app.bauru.sp.gov.br/arquivos/sist_diariooficial/2020/02/do_20200218_3227.pdf
2025-05-22 03:04:19,313 - P15228 - INFO - Após processar URL 10 Uso de memória: 126.00 MB
2025-05-22 03:04:19,314 - P15228 - INFO - Processando URL 11/23: https://www.boaconsulta.com/especialista/leisa-barbosa-de-araujo-6106c968a2e00a60a7001d2f
2025-05-22 03:04:22,606 - P15228 - INFO - HTML salvo para debug: data\debug_html_v10\f7266487dbaa1469dd629cd2ba4ae69a.html
2025-05-22 03:04:22,672 - P15228 - INFO - Candidates address: 2 items
2025-05-22 03:04:22,672 - P15228 - INFO - Candidates phone: 0 items
2025-05-22 03:04:22,672 - P15228 - INFO - Candidates email: 0 items
2025-05-22 03:04:22,672 - P15228 - INFO - Candidates complement: 0 items
2025-05-22 03:04:22,673 - P15228 - INFO - Candidates cep: 0 items
2025-05-22 03:04:22,673 - P15228 - INFO - Após processar URL 11 Uso de memória: 126.01 MB
2025-05-22 03:04:22,673 - P15228 - INFO - Processando URL 12/23: https://www.consultacrm.com.br/index/medicos/uid-99234a9f-f5c5-11ec-9e74-0a4aa568c625/leisa_barbosa
2025-05-22 03:04:27,974 - P15228 - INFO - HTML salvo para debug: data\debug_html_v10\6ad742957acb9fbb697f41fc20ecf969.html
2025-05-22 03:04:27,985 - P15228 - INFO - Candidates address: 0 items
2025-05-22 03:04:27,985 - P15228 - INFO - Candidates phone: 0 items
2025-05-22 03:04:27,985 - P15228 - INFO - Candidates email: 0 items
2025-05-22 03:04:27,985 - P15228 - INFO - Candidates complement: 0 items
2025-05-22 03:04:27,985 - P15228 - INFO - Candidates cep: 0 items
2025-05-22 03:04:27,986 - P15228 - INFO - Após processar URL 12 Uso de memória: 126.02 MB
2025-05-22 03:04:27,986 - P15228 - INFO - Processando URL 13/23: https://osasco.sp.gov.br/site/wp-content/uploads/2022/02/iomo717.pdf
2025-05-22 03:04:27,986 - P15228 - INFO - Ignorando URL de arquivo não-HTML: https://osasco.sp.gov.br/site/wp-content/uploads/2022/02/iomo717.pdf
2025-05-22 03:04:27,986 - P15228 - INFO - Após processar URL 13 Uso de memória: 126.02 MB
2025-05-22 03:04:27,986 - P15228 - INFO - Processando URL 14/23: https://www.doctoralia.com.br/leisa-barbosa/psiquiatra/itapevi
2025-05-22 03:04:27,986 - P15228 - INFO - Ignorando URL de arquivo não-HTML: https://www.doctoralia.com.br/leisa-barbosa/psiquiatra/itapevi
2025-05-22 03:04:27,987 - P15228 - INFO - Após processar URL 14 Uso de memória: 126.02 MB
2025-05-22 03:04:27,987 - P15228 - INFO - Processando URL 15/23: https://consultacrm.com.br/
2025-05-22 03:04:30,787 - P15228 - INFO - HTML salvo para debug: data\debug_html_v10\65cadeb91ac3713432c21b535990f440.html
2025-05-22 03:04:30,800 - P15228 - INFO - Candidates address: 0 items
2025-05-22 03:04:30,800 - P15228 - INFO - Candidates phone: 0 items
2025-05-22 03:04:30,800 - P15228 - INFO - Candidates email: 0 items
2025-05-22 03:04:30,801 - P15228 - INFO - Candidates complement: 0 items
2025-05-22 03:04:30,801 - P15228 - INFO - Candidates cep: 0 items
2025-05-22 03:04:30,801 - P15228 - INFO - Após processar URL 15 Uso de memória: 126.02 MB
2025-05-22 03:04:30,801 - P15228 - INFO - Processando URL 16/23: https://www.crm-sp.org.br/?siteAcao=Contatos&dep=cad
2025-05-22 03:04:32,955 - P15228 - INFO - HTML salvo para debug: data\debug_html_v10\9d7a012bd98a105b7c4d3b953105f1bf.html
2025-05-22 03:04:32,962 - P15228 - INFO - Candidates address: 0 items
2025-05-22 03:04:32,963 - P15228 - INFO - Candidates phone: 0 items
2025-05-22 03:04:32,963 - P15228 - INFO - Candidates email: 0 items
2025-05-22 03:04:32,963 - P15228 - INFO - Candidates complement: 0 items
2025-05-22 03:04:32,963 - P15228 - INFO - Candidates cep: 0 items
2025-05-22 03:04:32,963 - P15228 - INFO - Após processar URL 16 Uso de memória: 126.02 MB
2025-05-22 03:04:32,963 - P15228 - INFO - Processando URL 17/23: https://informacaoquesalva.com.br/perfil-Dra-Leisa-Barbosa-de-Araujo-383
2025-05-22 03:04:36,346 - P15228 - INFO - HTML salvo para debug: data\debug_html_v10\1c55a68fe012eaacd31a4c25f3cfd861.html
2025-05-22 03:04:36,358 - P15228 - INFO - Candidates address: 1 items
2025-05-22 03:04:36,358 - P15228 - INFO - Candidates phone: 3 items
2025-05-22 03:04:36,360 - P15228 - INFO - Candidates email: 1 items
2025-05-22 03:04:36,360 - P15228 - INFO - Candidates complement: 0 items
2025-05-22 03:04:36,361 - P15228 - INFO - Candidates cep: 1 items
2025-05-22 03:04:36,361 - P15228 - INFO - Após processar URL 17 Uso de memória: 126.02 MB
2025-05-22 03:04:36,361 - P15228 - INFO - Processando URL 18/23: https://osasco.sp.gov.br/site/wp-content/uploads/2022/02/iomo714.pdf
2025-05-22 03:04:36,362 - P15228 - INFO - Ignorando URL de arquivo não-HTML: https://osasco.sp.gov.br/site/wp-content/uploads/2022/02/iomo714.pdf
2025-05-22 03:04:36,362 - P15228 - INFO - Após processar URL 18 Uso de memória: 126.02 MB
2025-05-22 03:04:36,362 - P15228 - INFO - Processando URL 19/23: https://portal-api.campinas.sp.gov.br/sites/default/files/publicacoes-dom/dom/1340656074.pdf
2025-05-22 03:04:36,363 - P15228 - INFO - Ignorando URL de arquivo não-HTML: https://portal-api.campinas.sp.gov.br/sites/default/files/publicacoes-dom/dom/1340656074.pdf
2025-05-22 03:04:36,364 - P15228 - INFO - Após processar URL 19 Uso de memória: 126.02 MB
2025-05-22 03:04:36,364 - P15228 - INFO - Processando URL 20/23: https://rsaude.com.br/videos/profissional/leisa-barbosa-de-araujo/36321
2025-05-22 03:04:41,492 - P15228 - INFO - HTML salvo para debug: data\debug_html_v10\129e5e837f1ad18eba19abbc67920d5b.html
2025-05-22 03:04:41,499 - P15228 - INFO - Candidates address: 0 items
2025-05-22 03:04:41,499 - P15228 - INFO - Candidates phone: 0 items
2025-05-22 03:04:41,499 - P15228 - INFO - Candidates email: 0 items
2025-05-22 03:04:41,499 - P15228 - INFO - Candidates complement: 0 items
2025-05-22 03:04:41,500 - P15228 - INFO - Candidates cep: 0 items
2025-05-22 03:04:41,500 - P15228 - INFO - Após processar URL 20 Uso de memória: 126.03 MB
2025-05-22 03:04:41,500 - P15228 - INFO - Processando URL 21/23: https://www.classemedica.com.br/medico/185402-leisa-barbosa.htm
2025-05-22 03:04:46,709 - P15228 - INFO - HTML salvo para debug: data\debug_html_v10\277d4d4feff9fb1246bae0535e880bd2.html
2025-05-22 03:04:46,743 - P15228 - INFO - Candidates address: 0 items
2025-05-22 03:04:46,743 - P15228 - INFO - Candidates phone: 0 items
2025-05-22 03:04:46,743 - P15228 - INFO - Candidates email: 0 items
2025-05-22 03:04:46,743 - P15228 - INFO - Candidates complement: 0 items
2025-05-22 03:04:46,744 - P15228 - INFO - Candidates cep: 0 items
2025-05-22 03:04:46,744 - P15228 - INFO - Após processar URL 21 Uso de memória: 127.03 MB
2025-05-22 03:04:46,744 - P15228 - INFO - Processando URL 22/23: https://clinica.work/especialista/leisa-barbosa-psiquiatra-sao-jose-do-rio-preto-sp
2025-05-22 03:04:50,730 - P15228 - INFO - HTML salvo para debug: data\debug_html_v10\96a60d884b3e5584cb4fdfde2f34158f.html
2025-05-22 03:04:50,755 - P15228 - INFO - Candidates address: 1 items
2025-05-22 03:04:50,755 - P15228 - INFO - Candidates phone: 0 items
2025-05-22 03:04:50,756 - P15228 - INFO - Candidates email: 0 items
2025-05-22 03:04:50,756 - P15228 - INFO - Candidates complement: 0 items
2025-05-22 03:04:50,756 - P15228 - INFO - Candidates cep: 0 items
2025-05-22 03:04:50,756 - P15228 - INFO - Após processar URL 22 Uso de memória: 126.86 MB
2025-05-22 03:04:50,757 - P15228 - INFO - Processando URL 23/23: https://camaradumont.sp.gov.br/Download/comissaoprocessante/Comiss%C3%A3o%20Processante%20n%C2%BA01-2022%20-%20Volume%203%20-%20parte%2007.pdf
2025-05-22 03:04:50,757 - P15228 - INFO - Ignorando URL de arquivo não-HTML: https://camaradumont.sp.gov.br/Download/comissaoprocessante/Comiss%C3%A3o%20Processante%20n%C2%BA01-2022%20-%20Volume%203%20-%20parte%2007.pdf
2025-05-22 03:04:50,757 - P15228 - INFO - Após processar URL 23 Uso de memória: 126.05 MB
2025-05-22 03:04:50,758 - P15228 - INFO - Iniciando agregação e ranqueamento
2025-05-22 03:04:50,758 - P15228 - INFO - Ranked address: 9 items
2025-05-22 03:04:50,759 - P15228 - INFO - Ranked phone: 7 items
2025-05-22 03:04:50,759 - P15228 - INFO - Ranked email: 3 items
2025-05-22 03:04:50,759 - P15228 - INFO - Ranked complement: 0 items
2025-05-22 03:04:50,759 - P15228 - INFO - Ranked cep: 4 items
2025-05-22 03:04:50,760 - P15228 - INFO - Após agregação Uso de memória: 126.05 MB
2025-05-22 03:04:50,760 - P15228 - INFO - Validando endereço: ['Rua Frei Caneca, 1282', 'Av. Aristides Bellodi, 100', 'Av. Historiador Rubens de Mendonça, 3920']
2025-05-22 03:04:50,760 - P15228 - INFO - Endereço validado: Rua Frei Caneca, 1282
2025-05-22 03:04:50,760 - P15228 - INFO - Limpando texto extenso para campo address: Rua Frei Caneca, 1282...
2025-05-22 03:04:50,760 - P15228 - INFO - Texto limpo: Rua Frei Caneca, 1282
2025-05-22 03:04:50,761 - P15228 - INFO - Validando telefone: ['(11) 4349-9900', '(16) 3209-1666', '+556521231200']
2025-05-22 03:04:50,761 - P15228 - INFO - Limpando texto extenso para campo phone: (11) 4349-9900...
2025-05-22 03:04:50,761 - P15228 - INFO - Texto limpo: 11) 4349-9900
2025-05-22 03:04:50,761 - P15228 - INFO - Telefone validado: 11) 4349-9900
2025-05-22 03:04:50,761 - P15228 - INFO - Validando email: ['relacionamento@hospitalsaomarcos.com', 'ouvidoria@amm.org.br', 'contato@iqs.com.br']
2025-05-22 03:04:50,761 - P15228 - INFO - Limpando texto extenso para campo email: relacionamento@hospitalsaomarcos.com...
2025-05-22 03:04:50,762 - P15228 - INFO - Texto limpo: relacionamento@hospitalsaomarcos.com
2025-05-22 03:04:50,762 - P15228 - INFO - Email validado: relacionamento@hospitalsaomarcos.com
2025-05-22 03:04:50,762 - P15228 - INFO - Descobrindo cidade
2025-05-22 03:04:50,762 - P15228 - INFO - Buscando cidade: Rua Frei Caneca cidade SP
2025-05-22 03:04:53,416 - P15228 - WARNING - Cidade não encontrada
2025-05-22 03:04:53,417 - P15228 - INFO - Cidade descoberta: 
2025-05-22 03:04:53,417 - P15228 - INFO - Tempo de execução de processamento completo do médico: 63.56 segundos
2025-05-22 03:04:53,418 - P15228 - INFO - Resultado processado: {'Hash': '8a68488b3442b46759c248416f38a9b59ba9eff53c7feb392afc40a722f66f7a', 'CRM': '112660', 'UF': 'SP', 'Firstname': 'LEISA', 'LastName': 'BARBOSA', 'Medical specialty': '', 'Endereco Completo A1': 'Rua Frei Caneca, 1282', 'Address A1': 'Rua Frei Caneca', 'Numero A1': '1282', 'Complement A1': '', 'Bairro A1': '', 'postal code A1': '', 'City A1': '', 'State A1': '', 'Phone A1': '11) 4349-9900', 'Phone A2': '', 'Cell phone A1': '', 'Cell phone A2': '', 'E-mail A1': 'relacionamento@hospitalsaomarcos.com', 'E-mail A2': '', 'OPT-IN': '', 'STATUS': '', 'LOTE': ''}
2025-05-22 03:04:53,419 - P15228 - INFO - Progresso: 39.8%
2025-05-22 03:04:53,419 - P15228 - INFO - Executando coleta de lixo
2025-05-22 03:04:53,482 - P15228 - INFO - Após coleta de lixo Uso de memória: 114.60 MB
2025-05-22 03:04:53,483 - P15228 - INFO - Tempo de execução de processamento do médico 1: 64.82 segundos
2025-05-22 03:04:53,483 - P15228 - INFO - 
==================================================
Processando médico 2/3
2025-05-22 03:04:53,483 - P15228 - INFO - Nome: ALESSANDRO SCAPINELLI
2025-05-22 03:04:53,483 - P15228 - INFO - Início do processamento Uso de memória: 114.60 MB
2025-05-22 03:04:53,483 - P15228 - INFO - Iniciando busca para: ALESSANDRO SCAPINELLI CRM 112810 SP telefone e-mail endereço
2025-05-22 03:04:53,978 - P15228 - INFO - SearX results: 2 URLs
2025-05-22 03:04:53,979 - P15228 - INFO - Após SearX Uso de memória: 114.60 MB
2025-05-22 03:04:57,224 - P15228 - INFO - Google results: 4 URLs
2025-05-22 03:04:57,224 - P15228 - INFO - Após Google Uso de memória: 119.36 MB
2025-05-22 03:05:00,389 - P15228 - INFO - Bing results: 9 URLs
2025-05-22 03:05:00,389 - P15228 - INFO - Após Bing Uso de memória: 121.20 MB
2025-05-22 03:05:00,389 - P15228 - INFO - Total de URLs únicas: 11
2025-05-22 03:05:00,389 - P15228 - INFO - Processando URL 1/11: https://www.doctoranytime.com.br/d/ginecologista-obstetra/alessandro-scapinelli
2025-05-22 03:05:00,389 - P15228 - INFO - Ignorando URL de arquivo não-HTML: https://www.doctoranytime.com.br/d/ginecologista-obstetra/alessandro-scapinelli
2025-05-22 03:05:00,389 - P15228 - INFO - Após processar URL 1 Uso de memória: 121.20 MB
2025-05-22 03:05:00,390 - P15228 - INFO - Processando URL 2/11: https://clinica.work/especialista/alessandro-scapinelli-ginecologista-sao-paulo-sp
2025-05-22 03:05:02,826 - P15228 - INFO - HTML salvo para debug: data\debug_html_v10\9adda88e0b53b6b89cefa7d494bc9af0.html
2025-05-22 03:05:02,844 - P15228 - INFO - Candidates address: 1 items
2025-05-22 03:05:02,844 - P15228 - INFO - Candidates phone: 0 items
2025-05-22 03:05:02,844 - P15228 - INFO - Candidates email: 0 items
2025-05-22 03:05:02,844 - P15228 - INFO - Candidates complement: 0 items
2025-05-22 03:05:02,844 - P15228 - INFO - Candidates cep: 0 items
2025-05-22 03:05:02,845 - P15228 - INFO - Após processar URL 2 Uso de memória: 122.26 MB
2025-05-22 03:05:02,845 - P15228 - INFO - Processando URL 3/11: https://www.doctoralia.com.br/alessandro-scapinelli/ginecologista/sao-paulo
2025-05-22 03:05:02,845 - P15228 - INFO - Ignorando URL de arquivo não-HTML: https://www.doctoralia.com.br/alessandro-scapinelli/ginecologista/sao-paulo
2025-05-22 03:05:02,845 - P15228 - INFO - Após processar URL 3 Uso de memória: 122.26 MB
2025-05-22 03:05:02,845 - P15228 - INFO - Processando URL 4/11: https://www.descubraonline.com/guia/sp/sao-paulo/alessandro-scapinelli-clinica-medica-19892248000132/
2025-05-22 03:05:06,120 - P15228 - INFO - HTML salvo para debug: data\debug_html_v10\fcfc02bab417f40c196cc4fa5f6f325c.html
2025-05-22 03:05:06,181 - P15228 - INFO - Candidates address: 5 items
2025-05-22 03:05:06,211 - P15228 - INFO - Candidates phone: 3 items
2025-05-22 03:05:06,212 - P15228 - INFO - Candidates email: 1 items
2025-05-22 03:05:06,212 - P15228 - INFO - Candidates complement: 0 items
2025-05-22 03:05:06,212 - P15228 - INFO - Candidates cep: 1 items
2025-05-22 03:05:06,213 - P15228 - INFO - Após processar URL 4 Uso de memória: 124.50 MB
2025-05-22 03:05:06,213 - P15228 - INFO - Processando URL 5/11: https://www.escavador.com/sobre/7501824/alessandro-scapinelli
2025-05-22 03:05:10,324 - P15228 - INFO - HTML salvo para debug: data\debug_html_v10\8357367975bcc88f0b714fd20d5d028b.html
2025-05-22 03:05:10,346 - P15228 - INFO - Candidates address: 0 items
2025-05-22 03:05:10,347 - P15228 - INFO - Candidates phone: 0 items
2025-05-22 03:05:10,347 - P15228 - INFO - Candidates email: 0 items
2025-05-22 03:05:10,347 - P15228 - INFO - Candidates complement: 0 items
2025-05-22 03:05:10,348 - P15228 - INFO - Candidates cep: 0 items
2025-05-22 03:05:10,348 - P15228 - INFO - Após processar URL 5 Uso de memória: 124.66 MB
2025-05-22 03:05:10,348 - P15228 - INFO - Processando URL 6/11: https://www.consultascnpj.com/alessandro-scapinelli-clinica-medica-ltda/19892248000132
2025-05-22 03:05:13,482 - P15228 - INFO - HTML salvo para debug: data\debug_html_v10\a2915f0adc93c32a131b5dbe8f40becf.html
2025-05-22 03:05:13,495 - P15228 - INFO - Candidates address: 0 items
2025-05-22 03:05:13,495 - P15228 - INFO - Candidates phone: 1 items
2025-05-22 03:05:13,495 - P15228 - INFO - Candidates email: 1 items
2025-05-22 03:05:13,495 - P15228 - INFO - Candidates complement: 0 items
2025-05-22 03:05:13,496 - P15228 - INFO - Candidates cep: 2 items
2025-05-22 03:05:13,496 - P15228 - INFO - Após processar URL 6 Uso de memória: 124.94 MB
2025-05-22 03:05:13,496 - P15228 - INFO - Processando URL 7/11: https://www.consultacrm.com.br/index/medicos/uid-95a02bab-f5c5-11ec-9e74-0a4aa568c625/alessandro_scapinelli
2025-05-22 03:05:18,250 - P15228 - INFO - HTML salvo para debug: data\debug_html_v10\3b5b6675e525f0e93e398d04cca961ee.html
2025-05-22 03:05:18,261 - P15228 - INFO - Candidates address: 0 items
2025-05-22 03:05:18,261 - P15228 - INFO - Candidates phone: 0 items
2025-05-22 03:05:18,261 - P15228 - INFO - Candidates email: 0 items
2025-05-22 03:05:18,261 - P15228 - INFO - Candidates complement: 0 items
2025-05-22 03:05:18,262 - P15228 - INFO - Candidates cep: 0 items
2025-05-22 03:05:18,262 - P15228 - INFO - Após processar URL 7 Uso de memória: 125.08 MB
2025-05-22 03:05:18,262 - P15228 - INFO - Processando URL 8/11: https://sobraf.org/dados-do-medico/alescapinelli/
2025-05-22 03:05:21,883 - P15228 - INFO - HTML salvo para debug: data\debug_html_v10\7167a5342d7d42afb4abedbbf570bfc4.html
2025-05-22 03:05:21,944 - P15228 - INFO - Candidates address: 1 items
2025-05-22 03:05:21,944 - P15228 - INFO - Candidates phone: 2 items
2025-05-22 03:05:21,944 - P15228 - INFO - Candidates email: 2 items
2025-05-22 03:05:21,944 - P15228 - INFO - Candidates complement: 0 items
2025-05-22 03:05:21,945 - P15228 - INFO - Candidates cep: 3 items
2025-05-22 03:05:21,945 - P15228 - INFO - Após processar URL 8 Uso de memória: 125.11 MB
2025-05-22 03:05:21,945 - P15228 - INFO - Processando URL 9/11: https://shhe.longevidadesaudavel.com.br/
2025-05-22 03:05:26,611 - P15228 - INFO - HTML salvo para debug: data\debug_html_v10\d374d2ff5ebdc7c847880c1aeffe1598.html
2025-05-22 03:05:26,685 - P15228 - INFO - Candidates address: 0 items
2025-05-22 03:05:26,686 - P15228 - INFO - Candidates phone: 0 items
2025-05-22 03:05:26,686 - P15228 - INFO - Candidates email: 0 items
2025-05-22 03:05:26,686 - P15228 - INFO - Candidates complement: 0 items
2025-05-22 03:05:26,686 - P15228 - INFO - Candidates cep: 0 items
2025-05-22 03:05:26,687 - P15228 - INFO - Após processar URL 9 Uso de memória: 125.15 MB
2025-05-22 03:05:26,687 - P15228 - INFO - Processando URL 10/11: https://www.bingplaces.com/DashBoard/Edit?Id=YN7993x7222825605230425786&market=pt-BR&src=SERPIC
2025-05-22 03:05:31,086 - P15228 - INFO - HTML salvo para debug: data\debug_html_v10\db817df70abf837f6194a1ba317b5774.html
2025-05-22 03:05:31,108 - P15228 - INFO - Candidates address: 1 items
2025-05-22 03:05:31,108 - P15228 - INFO - Candidates phone: 1 items
2025-05-22 03:05:31,108 - P15228 - INFO - Candidates email: 0 items
2025-05-22 03:05:31,108 - P15228 - INFO - Candidates complement: 0 items
2025-05-22 03:05:31,108 - P15228 - INFO - Candidates cep: 1 items
2025-05-22 03:05:31,109 - P15228 - INFO - Após processar URL 10 Uso de memória: 125.17 MB
2025-05-22 03:05:31,109 - P15228 - INFO - Processando URL 11/11: https://doutorcrm.com/alessandro-scapinelli
2025-05-22 03:05:35,762 - P15228 - INFO - HTML salvo para debug: data\debug_html_v10\7ea14fe0bcaef479b5b94b135ba0e813.html
2025-05-22 03:05:35,769 - P15228 - INFO - Candidates address: 1 items
2025-05-22 03:05:35,770 - P15228 - INFO - Candidates phone: 0 items
2025-05-22 03:05:35,770 - P15228 - INFO - Candidates email: 0 items
2025-05-22 03:05:35,770 - P15228 - INFO - Candidates complement: 0 items
2025-05-22 03:05:35,770 - P15228 - INFO - Candidates cep: 2 items
2025-05-22 03:05:35,770 - P15228 - INFO - Após processar URL 11 Uso de memória: 125.32 MB
2025-05-22 03:05:35,770 - P15228 - INFO - Iniciando agregação e ranqueamento
2025-05-22 03:05:35,771 - P15228 - INFO - Ranked address: 9 items
2025-05-22 03:05:35,771 - P15228 - INFO - Ranked phone: 6 items
2025-05-22 03:05:35,771 - P15228 - INFO - Ranked email: 3 items
2025-05-22 03:05:35,771 - P15228 - INFO - Ranked complement: 0 items
2025-05-22 03:05:35,771 - P15228 - INFO - Ranked cep: 8 items
2025-05-22 03:05:35,772 - P15228 - INFO - Após agregação Uso de memória: 125.32 MB
2025-05-22 03:05:35,772 - P15228 - INFO - Validando endereço: ['Rua Tabapuã, 1123', 'Rua Bento de Andrade, 503', 'Rua Bento de Andrade, 273']
2025-05-22 03:05:35,772 - P15228 - INFO - Endereço validado: Rua Tabapuã, 1123
2025-05-22 03:05:35,772 - P15228 - INFO - Limpando texto extenso para campo address: Rua Tabapuã, 1123...
2025-05-22 03:05:35,772 - P15228 - INFO - Texto limpo: Rua Tabapuã, 1123
2025-05-22 03:05:35,772 - P15228 - INFO - Validando telefone: ['(11) 4202-1777', '(11) 3051-4653', '(11) 3051-6744']
2025-05-22 03:05:35,773 - P15228 - INFO - Limpando texto extenso para campo phone: (11) 4202-1777...
2025-05-22 03:05:35,773 - P15228 - INFO - Texto limpo: 11) 4202-1777
2025-05-22 03:05:35,773 - P15228 - INFO - Telefone validado: 11) 4202-1777
2025-05-22 03:05:35,773 - P15228 - INFO - Validando email: ['alescapinelli@gmail.com', 'scapinelli.md@gmail.com', 'contato@sobraf.org']
2025-05-22 03:05:35,773 - P15228 - INFO - Limpando texto extenso para campo email: alescapinelli@gmail.com...
2025-05-22 03:05:35,773 - P15228 - INFO - Texto limpo: alescapinelli@gmail.com
2025-05-22 03:05:35,773 - P15228 - INFO - Email validado: alescapinelli@gmail.com
2025-05-22 03:05:35,774 - P15228 - INFO - Descobrindo cidade
2025-05-22 03:05:35,774 - P15228 - INFO - Buscando cidade: Rua Tabapuã cidade SP
2025-05-22 03:05:38,392 - P15228 - INFO - Cidade encontrada: São Paulo
2025-05-22 03:05:38,392 - P15228 - INFO - Limpando texto extenso para campo city: São Paulo...
2025-05-22 03:05:38,392 - P15228 - INFO - Texto limpo: São Paulo
2025-05-22 03:05:38,392 - P15228 - INFO - Cidade descoberta: São Paulo
2025-05-22 03:05:38,392 - P15228 - INFO - Buscando CEP com sistema de cascata
2025-05-22 03:05:38,393 - P15228 - INFO - Iniciando busca de CEP em cascata para: Rua Tabapuã, São Paulo, SP
2025-05-22 03:05:38,393 - P15228 - INFO - Método 1: ViaCEP API
2025-05-22 03:05:38,393 - P15228 - INFO - Buscando no ViaCEP: https://viacep.com.br/ws/SP/sao%20paulo/rua%20tabapua/json/
2025-05-22 03:05:39,140 - P15228 - INFO - Dados encontrados no ViaCEP: {'cep': '04533-910', 'logradouro': 'Rua Tabapuã', 'complemento': '594', 'unidade': 'Edifício Ariosvaldo de Almeida', 'bairro': 'Itaim Bibi', 'localidade': 'São Paulo', 'uf': 'SP', 'estado': 'São Paulo', 'regiao': 'Sudeste', 'ibge': '3550308', 'gia': '1004', 'ddd': '11', 'siafi': '7107'}
2025-05-22 03:05:39,143 - P15228 - INFO - CEP encontrado via ViaCEP: 04533-910
2025-05-22 03:05:39,144 - P15228 - INFO - Dados de CEP encontrados: {'cep': '04533-910', 'logradouro': 'Rua Tabapuã', 'complemento': '594', 'unidade': 'Edifício Ariosvaldo de Almeida', 'bairro': 'Itaim Bibi', 'localidade': 'São Paulo', 'uf': 'SP', 'estado': 'São Paulo', 'regiao': 'Sudeste', 'ibge': '3550308', 'gia': '1004', 'ddd': '11', 'siafi': '7107'}
2025-05-22 03:05:39,144 - P15228 - INFO - Limpando texto extenso para campo bairro: Itaim Bibi...
2025-05-22 03:05:39,145 - P15228 - INFO - Texto limpo: Itaim Bibi
2025-05-22 03:05:39,145 - P15228 - INFO - Limpando texto extenso para campo complement: 594...
2025-05-22 03:05:39,145 - P15228 - INFO - Texto limpo: 594
2025-05-22 03:05:39,145 - P15228 - INFO - Limpando texto extenso para campo city: São Paulo...
2025-05-22 03:05:39,146 - P15228 - INFO - Texto limpo: São Paulo
2025-05-22 03:05:39,146 - P15228 - INFO - Limpando texto extenso para campo state: SP...
2025-05-22 03:05:39,146 - P15228 - INFO - Texto limpo: SP
2025-05-22 03:05:39,146 - P15228 - INFO - Tempo de execução de processamento completo do médico: 45.66 segundos
2025-05-22 03:05:39,146 - P15228 - INFO - Resultado processado: {'Hash': '05e2a5a0e3adb6c349d4a17efbbea69b7c5327d4c404cae40dbc66c4fa7e0e24', 'CRM': '112810', 'UF': 'SP', 'Firstname': 'ALESSANDRO', 'LastName': 'SCAPINELLI', 'Medical specialty': '', 'Endereco Completo A1': 'Rua Tabapuã, 1123', 'Address A1': 'Rua Tabapuã', 'Numero A1': '1123', 'Complement A1': '594', 'Bairro A1': 'Itaim Bibi', 'postal code A1': '04533-910', 'City A1': 'São Paulo', 'State A1': 'SP', 'Phone A1': '11) 4202-1777', 'Phone A2': '', 'Cell phone A1': '', 'Cell phone A2': '', 'E-mail A1': 'alescapinelli@gmail.com', 'E-mail A2': '', 'OPT-IN': '', 'STATUS': '', 'LOTE': ''}
2025-05-22 03:05:39,157 - P15228 - INFO - Progresso: 40.2%
2025-05-22 03:05:39,158 - P15228 - INFO - Tempo de execução de processamento do médico 2: 45.67 segundos
2025-05-22 03:05:39,158 - P15228 - INFO - 
==================================================
Processando médico 3/3
2025-05-22 03:05:39,159 - P15228 - INFO - Nome: ANA LUISA MARQUES TRABALLI
2025-05-22 03:05:39,159 - P15228 - INFO - Início do processamento Uso de memória: 122.82 MB
2025-05-22 03:05:39,159 - P15228 - INFO - Iniciando busca para: ANA LUISA MARQUES TRABALLI CRM 113098 SP telefone e-mail endereço
2025-05-22 03:05:39,722 - P15228 - INFO - SearX results: 11 URLs
2025-05-22 03:05:39,723 - P15228 - INFO - Após SearX Uso de memória: 122.82 MB
2025-05-22 03:05:42,575 - P15228 - INFO - Google results: 4 URLs
2025-05-22 03:05:42,575 - P15228 - INFO - Após Google Uso de memória: 124.85 MB
2025-05-22 03:05:45,237 - P15228 - INFO - Bing results: 9 URLs
2025-05-22 03:05:45,237 - P15228 - INFO - Após Bing Uso de memória: 126.50 MB
2025-05-22 03:05:45,237 - P15228 - INFO - Total de URLs únicas: 14
2025-05-22 03:05:45,237 - P15228 - INFO - Processando URL 1/14: https://ipacamp.org.br/membros-2/
2025-05-22 03:05:56,011 - P15228 - INFO - HTML salvo para debug: data\debug_html_v10\1d0d07f5b02306b595791ec3db719f4f.html
2025-05-22 03:05:56,044 - P15228 - INFO - Candidates address: 35 items
2025-05-22 03:05:56,045 - P15228 - INFO - Candidates phone: 27 items
2025-05-22 03:05:56,045 - P15228 - INFO - Candidates email: 40 items
2025-05-22 03:05:56,045 - P15228 - INFO - Candidates complement: 2 items
2025-05-22 03:05:56,045 - P15228 - INFO - Candidates cep: 20 items
2025-05-22 03:05:56,045 - P15228 - INFO - Após processar URL 1 Uso de memória: 127.49 MB
2025-05-22 03:05:56,045 - P15228 - INFO - Processando URL 2/14: https://guiamedico.cremesp.org.br/
2025-05-22 03:05:58,736 - P15228 - INFO - HTML salvo para debug: data\debug_html_v10\7c54969580769b63edd9abaa952e1fa2.html
2025-05-22 03:05:58,742 - P15228 - INFO - Candidates address: 1 items
2025-05-22 03:05:58,742 - P15228 - INFO - Candidates phone: 1 items
2025-05-22 03:05:58,742 - P15228 - INFO - Candidates email: 0 items
2025-05-22 03:05:58,742 - P15228 - INFO - Candidates complement: 0 items
2025-05-22 03:05:58,742 - P15228 - INFO - Candidates cep: 1 items
2025-05-22 03:05:58,742 - P15228 - INFO - Após processar URL 2 Uso de memória: 126.56 MB
2025-05-22 03:05:58,743 - P15228 - INFO - Processando URL 3/14: https://www.classemedica.com.br/medico/20663-ana-luisa-marques-traballi.htm
2025-05-22 03:06:08,305 - P15228 - INFO - HTML salvo para debug: data\debug_html_v10\ae8c16e6d0b60fed4d06e917c8819af3.html
2025-05-22 03:06:08,334 - P15228 - INFO - Candidates address: 0 items
2025-05-22 03:06:08,334 - P15228 - INFO - Candidates phone: 0 items
2025-05-22 03:06:08,334 - P15228 - INFO - Candidates email: 0 items
2025-05-22 03:06:08,334 - P15228 - INFO - Candidates complement: 0 items
2025-05-22 03:06:08,334 - P15228 - INFO - Candidates cep: 0 items
2025-05-22 03:06:08,335 - P15228 - INFO - Após processar URL 3 Uso de memória: 126.62 MB
2025-05-22 03:06:08,335 - P15228 - INFO - Processando URL 4/14: https://consultacrm.com.br/
2025-05-22 03:06:11,259 - P15228 - INFO - HTML salvo para debug: data\debug_html_v10\65cadeb91ac3713432c21b535990f440.html
2025-05-22 03:06:11,270 - P15228 - INFO - Candidates address: 0 items
2025-05-22 03:06:11,270 - P15228 - INFO - Candidates phone: 0 items
2025-05-22 03:06:11,270 - P15228 - INFO - Candidates email: 0 items
2025-05-22 03:06:11,270 - P15228 - INFO - Candidates complement: 0 items
2025-05-22 03:06:11,270 - P15228 - INFO - Candidates cep: 0 items
2025-05-22 03:06:11,270 - P15228 - INFO - Após processar URL 4 Uso de memória: 126.64 MB
2025-05-22 03:06:11,271 - P15228 - INFO - Processando URL 5/14: https://www.intermedicos.com.br/psiquiatras-em-campinas/ana-luisa-marques-traballi#:~:text=Ana%20Lu%C3%ADsa%20Marques%20Traballi%20desenvolve%20suas%20fun%C3%A7%C3%B5es%20em,telefone%20profissional%20%C3%A9%2019%203368-5629.%20Tratamentos%20oferecidos%20para
2025-05-22 03:06:15,153 - P15228 - INFO - HTML salvo para debug: data\debug_html_v10\1eb9acf557195b69160feadd89d58f1e.html
2025-05-22 03:06:15,169 - P15228 - INFO - Candidates address: 1 items
2025-05-22 03:06:15,169 - P15228 - INFO - Candidates phone: 1 items
2025-05-22 03:06:15,169 - P15228 - INFO - Candidates email: 0 items
2025-05-22 03:06:15,169 - P15228 - INFO - Candidates complement: 0 items
2025-05-22 03:06:15,170 - P15228 - INFO - Candidates cep: 0 items
2025-05-22 03:06:15,170 - P15228 - INFO - Após processar URL 5 Uso de memória: 126.64 MB
2025-05-22 03:06:15,170 - P15228 - INFO - Processando URL 6/14: https://brasil.docalist.com/medics/psiquiatra/todos-os-seguros/campinas/ana-luisa-marques-traballi
2025-05-22 03:06:15,170 - P15228 - INFO - Ignorando URL de arquivo não-HTML: https://brasil.docalist.com/medics/psiquiatra/todos-os-seguros/campinas/ana-luisa-marques-traballi
2025-05-22 03:06:15,170 - P15228 - INFO - Após processar URL 6 Uso de memória: 126.64 MB
2025-05-22 03:06:15,170 - P15228 - INFO - Processando URL 7/14: https://www.intermedicos.com.br/psiquiatras-em-campinas/ana-luisa-marques-traballi
2025-05-22 03:06:18,078 - P15228 - INFO - HTML salvo para debug: data\debug_html_v10\e3e3fd15b5749ae9541fb14c39a6d555.html
2025-05-22 03:06:18,093 - P15228 - INFO - Candidates address: 1 items
2025-05-22 03:06:18,094 - P15228 - INFO - Candidates phone: 1 items
2025-05-22 03:06:18,094 - P15228 - INFO - Candidates email: 0 items
2025-05-22 03:06:18,094 - P15228 - INFO - Candidates complement: 0 items
2025-05-22 03:06:18,094 - P15228 - INFO - Candidates cep: 0 items
2025-05-22 03:06:18,094 - P15228 - INFO - Após processar URL 7 Uso de memória: 126.64 MB
2025-05-22 03:06:18,094 - P15228 - INFO - Processando URL 8/14: https://animaestudosjunguianos.com.br/corpo-docente/
2025-05-22 03:06:21,205 - P15228 - INFO - HTML salvo para debug: data\debug_html_v10\debdf153c6a001408705a39837878309.html
2025-05-22 03:06:21,250 - P15228 - INFO - Candidates address: 0 items
2025-05-22 03:06:21,250 - P15228 - INFO - Candidates phone: 0 items
2025-05-22 03:06:21,251 - P15228 - INFO - Candidates email: 0 items
2025-05-22 03:06:21,251 - P15228 - INFO - Candidates complement: 0 items
2025-05-22 03:06:21,251 - P15228 - INFO - Candidates cep: 0 items
2025-05-22 03:06:21,251 - P15228 - INFO - Após processar URL 8 Uso de memória: 127.58 MB
2025-05-22 03:06:21,251 - P15228 - INFO - Processando URL 9/14: https://www.boaconsulta.com/especialista/ana-luisa-marques-laballi-6106cfc7a2e00a632e004004
2025-05-22 03:06:24,147 - P15228 - INFO - HTML salvo para debug: data\debug_html_v10\420bd1524d7cd04f579f2483acda6cf0.html
2025-05-22 03:06:24,210 - P15228 - INFO - Candidates address: 1 items
2025-05-22 03:06:24,210 - P15228 - INFO - Candidates phone: 0 items
2025-05-22 03:06:24,210 - P15228 - INFO - Candidates email: 0 items
2025-05-22 03:06:24,211 - P15228 - INFO - Candidates complement: 0 items
2025-05-22 03:06:24,211 - P15228 - INFO - Candidates cep: 0 items
2025-05-22 03:06:24,211 - P15228 - INFO - Após processar URL 9 Uso de memória: 126.74 MB
2025-05-22 03:06:24,211 - P15228 - INFO - Processando URL 10/14: https://www.helpsaude.com/Ana-Luisa-Marques-Traballi.SP
2025-05-22 03:06:30,179 - P15228 - INFO - HTML salvo para debug: data\debug_html_v10\5daec62ac06db413c3b3cf033814d5f5.html
2025-05-22 03:06:30,192 - P15228 - INFO - Candidates address: 0 items
2025-05-22 03:06:30,193 - P15228 - INFO - Candidates phone: 0 items
2025-05-22 03:06:30,193 - P15228 - INFO - Candidates email: 0 items
2025-05-22 03:06:30,193 - P15228 - INFO - Candidates complement: 0 items
2025-05-22 03:06:30,193 - P15228 - INFO - Candidates cep: 0 items
2025-05-22 03:06:30,193 - P15228 - INFO - Após processar URL 10 Uso de memória: 119.51 MB
2025-05-22 03:06:30,193 - P15228 - INFO - Processando URL 11/14: https://www.escavador.com/sobre/6070629/ana-luisa-marques-traballi
2025-05-22 03:06:34,235 - P15228 - INFO - HTML salvo para debug: data\debug_html_v10\612f082103c141fd9dd082fc0cd868a0.html
2025-05-22 03:06:34,253 - P15228 - INFO - Candidates address: 0 items
2025-05-22 03:06:34,253 - P15228 - INFO - Candidates phone: 0 items
2025-05-22 03:06:34,254 - P15228 - INFO - Candidates email: 0 items
2025-05-22 03:06:34,254 - P15228 - INFO - Candidates complement: 0 items
2025-05-22 03:06:34,255 - P15228 - INFO - Candidates cep: 0 items
2025-05-22 03:06:34,255 - P15228 - INFO - Após processar URL 11 Uso de memória: 121.76 MB
2025-05-22 03:06:34,255 - P15228 - INFO - Processando URL 12/14: https://cliniguia.com/profissionais/ana-luisa-marques-traballi-128935772630006/
2025-05-22 03:06:37,788 - P15228 - INFO - HTML salvo para debug: data\debug_html_v10\362b5166209db8f48de67f6324c4ae28.html
2025-05-22 03:06:37,836 - P15228 - INFO - Candidates address: 0 items
2025-05-22 03:06:37,836 - P15228 - INFO - Candidates phone: 0 items
2025-05-22 03:06:37,836 - P15228 - INFO - Candidates email: 0 items
2025-05-22 03:06:37,836 - P15228 - INFO - Candidates complement: 0 items
2025-05-22 03:06:37,836 - P15228 - INFO - Candidates cep: 0 items
2025-05-22 03:06:37,837 - P15228 - INFO - Após processar URL 12 Uso de memória: 124.60 MB
2025-05-22 03:06:37,837 - P15228 - INFO - Processando URL 13/14: https://www.medicosbrasil.com/profissional/ana-luisa-marques-traballi
2025-05-22 03:06:40,056 - P15228 - INFO - HTML salvo para debug: data\debug_html_v10\5f9b79620da13a9bfd8bf13b25f00f1f.html
2025-05-22 03:06:40,059 - P15228 - INFO - Candidates address: 0 items
2025-05-22 03:06:40,059 - P15228 - INFO - Candidates phone: 0 items
2025-05-22 03:06:40,059 - P15228 - INFO - Candidates email: 0 items
2025-05-22 03:06:40,059 - P15228 - INFO - Candidates complement: 0 items
2025-05-22 03:06:40,060 - P15228 - INFO - Candidates cep: 0 items
2025-05-22 03:06:40,060 - P15228 - INFO - Após processar URL 13 Uso de memória: 123.57 MB
2025-05-22 03:06:40,060 - P15228 - INFO - Processando URL 14/14: https://www.doctoralia.com.br/ana-luisa-marques-traballi/psiquiatra/campinas
2025-05-22 03:06:40,060 - P15228 - INFO - Ignorando URL de arquivo não-HTML: https://www.doctoralia.com.br/ana-luisa-marques-traballi/psiquiatra/campinas
2025-05-22 03:06:40,060 - P15228 - INFO - Após processar URL 14 Uso de memória: 123.57 MB
2025-05-22 03:06:40,060 - P15228 - INFO - Iniciando agregação e ranqueamento
2025-05-22 03:06:40,061 - P15228 - INFO - Ranked address: 38 items
2025-05-22 03:06:40,061 - P15228 - INFO - Ranked phone: 29 items
2025-05-22 03:06:40,061 - P15228 - INFO - Ranked email: 40 items
2025-05-22 03:06:40,061 - P15228 - INFO - Ranked complement: 2 items
2025-05-22 03:06:40,061 - P15228 - INFO - Ranked cep: 21 items
2025-05-22 03:06:40,062 - P15228 - INFO - Após agregação Uso de memória: 123.57 MB
2025-05-22 03:06:40,062 - P15228 - INFO - Validando endereço: ['Rua Frei Antônio de Pádua, 1122', 'Rua Comendador José Garcia, 27', 'Rua Santa Cruz, 564']
2025-05-22 03:06:40,062 - P15228 - INFO - Endereço validado: Rua Frei Antônio de Pádua, 1122
2025-05-22 03:06:40,062 - P15228 - INFO - Limpando texto extenso para campo address: Rua Frei Antônio de Pádua, 1122...
2025-05-22 03:06:40,062 - P15228 - INFO - Texto limpo: Rua Frei Antônio de Pádua, 1122
2025-05-22 03:06:40,063 - P15228 - INFO - Validando telefone: ['(19) 3368-5629', '(19) 3862-4014', '(19) 3342-9010']
2025-05-22 03:06:40,063 - P15228 - INFO - Limpando texto extenso para campo phone: (19) 3368-5629...
2025-05-22 03:06:40,063 - P15228 - INFO - Texto limpo: 19) 3368-5629
2025-05-22 03:06:40,063 - P15228 - INFO - Telefone validado: 19) 3368-5629
2025-05-22 03:06:40,063 - P15228 - INFO - Validando email: ['ale.caldonazzo@uol.com.br', 'acfalcone2004@yahoo.com.br', 'analuisa@fcm.unicamp.br']
2025-05-22 03:06:40,064 - P15228 - INFO - Limpando texto extenso para campo email: ale.caldonazzo@uol.com.br...
2025-05-22 03:06:40,064 - P15228 - INFO - Texto limpo: ale.caldonazzo@uol.com.br
2025-05-22 03:06:40,064 - P15228 - INFO - Email validado: ale.caldonazzo@uol.com.br
2025-05-22 03:06:40,064 - P15228 - INFO - Validando complemento: ['Sala 601. Pouso Alegre/MG. 37550-000  (35) 98867 5115 ', 'Sala 15-Cambuí-Campinas/SP  (19) 99743 8337  Rua Padre']
2025-05-22 03:06:40,064 - P15228 - INFO - Limpando texto extenso para campo complement: Sala 601. Pouso Alegre/MG. 37550-000  (35) 98867 5...
2025-05-22 03:06:40,065 - P15228 - INFO - Texto limpo: Sala 601. Pouso Alegre/MG. 375
2025-05-22 03:06:40,065 - P15228 - INFO - Complemento validado: Sala 601. Pouso Alegre/MG. 375
2025-05-22 03:06:40,065 - P15228 - INFO - Descobrindo cidade
2025-05-22 03:06:40,067 - P15228 - INFO - Buscando cidade: Rua Frei Antônio de Pádua cidade SP
2025-05-22 03:06:42,925 - P15228 - WARNING - Cidade não encontrada
2025-05-22 03:06:42,927 - P15228 - INFO - Cidade descoberta: 
2025-05-22 03:06:42,928 - P15228 - INFO - Tempo de execução de processamento completo do médico: 63.77 segundos
2025-05-22 03:06:42,929 - P15228 - INFO - Resultado processado: {'Hash': 'd056819e75c89d205447c7a7af9e9e6733924b578378ae07b4181ef47c9f98ff', 'CRM': '113098', 'UF': 'SP', 'Firstname': 'ANA', 'LastName': 'LUISA MARQUES TRABALLI', 'Medical specialty': '', 'Endereco Completo A1': 'Rua Frei Antônio de Pádua, 1122', 'Address A1': 'Rua Frei Antônio de Pádua', 'Numero A1': '1122', 'Complement A1': 'Sala 601. Pouso Alegre/MG. 375', 'Bairro A1': '', 'postal code A1': '', 'City A1': '', 'State A1': '', 'Phone A1': '19) 3368-5629', 'Phone A2': '', 'Cell phone A1': '', 'Cell phone A2': '', 'E-mail A1': 'ale.caldonazzo@uol.com.br', 'E-mail A2': '', 'OPT-IN': '', 'STATUS': '', 'LOTE': ''}
2025-05-22 03:06:42,930 - P15228 - INFO - Salvando lote de resultados
2025-05-22 03:06:42,931 - P15228 - INFO - Após salvar resultados Uso de memória: 120.02 MB
2025-05-22 03:06:42,934 - P15228 - INFO - Progresso: 40.7%
2025-05-22 03:06:42,934 - P15228 - INFO - Tempo de execução de processamento do médico 3: 63.78 segundos
2025-05-22 03:06:42,935 - P15228 - INFO - Tempo de execução de processamento do lote completo: 174.27 segundos
