2025-05-22 05:09:26,283 - P17020 - INFO - 
==================================================
Processando médico 1/3
2025-05-22 05:09:26,284 - P17020 - INFO - Nome: LINDIANE GOMES CRISOSTOMO
2025-05-22 05:09:26,284 - P17020 - INFO - Reiniciando driver do Chrome
2025-05-22 05:09:27,680 - P17020 - INFO - Após reiniciar driver Uso de memória: 129.18 MB
2025-05-22 05:09:27,680 - P17020 - INFO - Início do processamento Uso de memória: 129.18 MB
2025-05-22 05:09:27,681 - P17020 - INFO - Iniciando busca para: LINDIANE GOMES CRISOSTOMO CRM 102481 SP telefone e-mail endereço
2025-05-22 05:09:28,502 - P17020 - INFO - SearX results: 15 URLs
2025-05-22 05:09:28,502 - P17020 - INFO - Após SearX Uso de memória: 129.19 MB
2025-05-22 05:09:31,083 - P17020 - INFO - Google results: 10 URLs
2025-05-22 05:09:31,084 - P17020 - INFO - Após Google Uso de memória: 129.24 MB
2025-05-22 05:09:33,499 - P17020 - INFO - Bing results: 10 URLs
2025-05-22 05:09:33,499 - P17020 - INFO - Após Bing Uso de memória: 130.04 MB
2025-05-22 05:09:33,500 - P17020 - INFO - Total de URLs únicas: 20
2025-05-22 05:09:33,500 - P17020 - INFO - Processando URL 1/20: https://www.classemedica.com.br/medico/343179-lindiane-gomes-crisostomo.htm
2025-05-22 05:09:43,588 - P17020 - INFO - HTML salvo para debug: data\debug_html_v10\1f61ea205c3e122497c6897c35849f85.html
2025-05-22 05:09:43,617 - P17020 - INFO - Candidates address: 0 items
2025-05-22 05:09:43,617 - P17020 - INFO - Candidates phone: 0 items
2025-05-22 05:09:43,617 - P17020 - INFO - Candidates email: 0 items
2025-05-22 05:09:43,618 - P17020 - INFO - Candidates complement: 0 items
2025-05-22 05:09:43,618 - P17020 - INFO - Candidates cep: 3 items
2025-05-22 05:09:43,618 - P17020 - INFO - Após processar URL 1 Uso de memória: 130.14 MB
2025-05-22 05:09:43,618 - P17020 - INFO - Processando URL 2/20: https://www.helpsaude.com/lindiane-gomes-crisostomo-crmsp-102481
2025-05-22 05:09:49,304 - P17020 - INFO - HTML salvo para debug: data\debug_html_v10\e7f5b1a0281e56f00a6a34470866f396.html
2025-05-22 05:09:49,315 - P17020 - INFO - Candidates address: 0 items
2025-05-22 05:09:49,315 - P17020 - INFO - Candidates phone: 0 items
2025-05-22 05:09:49,315 - P17020 - INFO - Candidates email: 0 items
2025-05-22 05:09:49,316 - P17020 - INFO - Candidates complement: 0 items
2025-05-22 05:09:49,316 - P17020 - INFO - Candidates cep: 0 items
2025-05-22 05:09:49,316 - P17020 - INFO - Após processar URL 2 Uso de memória: 130.19 MB
2025-05-22 05:09:49,316 - P17020 - INFO - Processando URL 3/20: https://cepebr-prod.s3.amazonaws.com/1/cadernos/2024/20240203/1-PoderExecutivo/PoderExecutivo(20240203).pdf
2025-05-22 05:09:49,316 - P17020 - INFO - Ignorando URL de arquivo não-HTML: https://cepebr-prod.s3.amazonaws.com/1/cadernos/2024/20240203/1-PoderExecutivo/PoderExecutivo(20240203).pdf
2025-05-22 05:09:49,317 - P17020 - INFO - Após processar URL 3 Uso de memória: 130.19 MB
2025-05-22 05:09:49,317 - P17020 - INFO - Processando URL 4/20: https://www.doctuo.com.br/medicos/lindiane-gomes-crisostomo
2025-05-22 05:09:49,317 - P17020 - INFO - Ignorando URL de arquivo não-HTML: https://www.doctuo.com.br/medicos/lindiane-gomes-crisostomo
2025-05-22 05:09:49,317 - P17020 - INFO - Após processar URL 4 Uso de memória: 130.19 MB
2025-05-22 05:09:49,317 - P17020 - INFO - Processando URL 5/20: https://www.doctoralia.com.br/lindiane-gomes-crisostomo/pediatra/sao-paulo
2025-05-22 05:09:49,317 - P17020 - INFO - Ignorando URL de arquivo não-HTML: https://www.doctoralia.com.br/lindiane-gomes-crisostomo/pediatra/sao-paulo
2025-05-22 05:09:49,317 - P17020 - INFO - Após processar URL 5 Uso de memória: 130.19 MB
2025-05-22 05:09:49,318 - P17020 - INFO - Processando URL 6/20: https://cliniguia.com/profissionais/lindiane-gomes-crisostomo-980016003117538/
2025-05-22 05:09:54,437 - P17020 - INFO - HTML salvo para debug: data\debug_html_v10\2ecf240a527fb17c1cde01623f830e5d.html
2025-05-22 05:09:54,480 - P17020 - INFO - Candidates address: 0 items
2025-05-22 05:09:54,480 - P17020 - INFO - Candidates phone: 0 items
2025-05-22 05:09:54,481 - P17020 - INFO - Candidates email: 0 items
2025-05-22 05:09:54,481 - P17020 - INFO - Candidates complement: 0 items
2025-05-22 05:09:54,481 - P17020 - INFO - Candidates cep: 0 items
2025-05-22 05:09:54,481 - P17020 - INFO - Após processar URL 6 Uso de memória: 130.69 MB
2025-05-22 05:09:54,481 - P17020 - INFO - Processando URL 7/20: https://doutorcrm.com/lindiane-gomes-crisostomo
2025-05-22 05:09:58,951 - P17020 - INFO - HTML salvo para debug: data\debug_html_v10\4873de56cc63278243dab5b9f9579ae6.html
2025-05-22 05:09:58,960 - P17020 - INFO - Candidates address: 0 items
2025-05-22 05:09:58,960 - P17020 - INFO - Candidates phone: 0 items
2025-05-22 05:09:58,961 - P17020 - INFO - Candidates email: 0 items
2025-05-22 05:09:58,961 - P17020 - INFO - Candidates complement: 0 items
2025-05-22 05:09:58,961 - P17020 - INFO - Candidates cep: 2 items
2025-05-22 05:09:58,961 - P17020 - INFO - Após processar URL 7 Uso de memória: 130.69 MB
2025-05-22 05:09:58,961 - P17020 - INFO - Processando URL 8/20: https://www.catalogo.med.br/doutor/lindiane-gomes-crisostomo-2098549.htm
2025-05-22 05:10:01,145 - P17020 - INFO - HTML salvo para debug: data\debug_html_v10\15b4726ff790745212d339d1307bdd52.html
2025-05-22 05:10:01,146 - P17020 - INFO - Candidates address: 0 items
2025-05-22 05:10:01,146 - P17020 - INFO - Candidates phone: 0 items
2025-05-22 05:10:01,146 - P17020 - INFO - Candidates email: 1 items
2025-05-22 05:10:01,146 - P17020 - INFO - Candidates complement: 0 items
2025-05-22 05:10:01,146 - P17020 - INFO - Candidates cep: 0 items
2025-05-22 05:10:01,147 - P17020 - INFO - Após processar URL 8 Uso de memória: 130.69 MB
2025-05-22 05:10:01,147 - P17020 - INFO - Processando URL 9/20: https://osasco.sp.gov.br/site/wp-content/uploads/2022/02/iomo707.pdf
2025-05-22 05:10:01,147 - P17020 - INFO - Ignorando URL de arquivo não-HTML: https://osasco.sp.gov.br/site/wp-content/uploads/2022/02/iomo707.pdf
2025-05-22 05:10:01,147 - P17020 - INFO - Após processar URL 9 Uso de memória: 130.69 MB
2025-05-22 05:10:01,147 - P17020 - INFO - Processando URL 10/20: https://www.apontador.com.br/local/sp/sao_paulo/hospitais_particulares/C40133475D031C0315/dra_lindiane_gomes_crisostomo.html
2025-05-22 05:10:05,336 - P17020 - INFO - HTML salvo para debug: data\debug_html_v10\22ea2a07b95b2ccb93d5142ac948c20f.html
2025-05-22 05:10:05,394 - P17020 - INFO - Candidates address: 2 items
2025-05-22 05:10:05,394 - P17020 - INFO - Candidates phone: 0 items
2025-05-22 05:10:05,395 - P17020 - INFO - Candidates email: 1 items
2025-05-22 05:10:05,395 - P17020 - INFO - Candidates complement: 1 items
2025-05-22 05:10:05,396 - P17020 - INFO - Candidates cep: 1 items
2025-05-22 05:10:05,396 - P17020 - INFO - Após processar URL 10 Uso de memória: 130.70 MB
2025-05-22 05:10:05,396 - P17020 - INFO - Processando URL 11/20: https://www.einstein.br/especialidades/pediatria/estrutura/clinica-especialidades/equipe
2025-05-22 05:10:10,178 - P17020 - INFO - HTML salvo para debug: data\debug_html_v10\a9cba1b60ff2a88923363b1a06ee245c.html
2025-05-22 05:10:10,303 - P17020 - INFO - Candidates address: 0 items
2025-05-22 05:10:10,305 - P17020 - INFO - Candidates phone: 5 items
2025-05-22 05:10:10,306 - P17020 - INFO - Candidates email: 2 items
2025-05-22 05:10:10,306 - P17020 - INFO - Candidates complement: 2 items
2025-05-22 05:10:10,306 - P17020 - INFO - Candidates cep: 0 items
2025-05-22 05:10:10,307 - P17020 - INFO - Após processar URL 11 Uso de memória: 131.40 MB
2025-05-22 05:10:10,307 - P17020 - INFO - Processando URL 12/20: https://www.boaconsulta.com/especialista/lindiane-gomes-crisostomo-6106f06aa2e00a756e0009ee
2025-05-22 05:10:15,382 - P17020 - INFO - HTML salvo para debug: data\debug_html_v10\109cbaf59a00325b5a5b309ced000d66.html
2025-05-22 05:10:15,449 - P17020 - INFO - Candidates address: 9 items
2025-05-22 05:10:15,449 - P17020 - INFO - Candidates phone: 0 items
2025-05-22 05:10:15,449 - P17020 - INFO - Candidates email: 0 items
2025-05-22 05:10:15,450 - P17020 - INFO - Candidates complement: 0 items
2025-05-22 05:10:15,450 - P17020 - INFO - Candidates cep: 0 items
2025-05-22 05:10:15,450 - P17020 - INFO - Após processar URL 12 Uso de memória: 131.64 MB
2025-05-22 05:10:15,450 - P17020 - INFO - Processando URL 13/20: https://www2.bauru.sp.gov.br/arquivos/sist_diariooficial/2021/08/do_20210807_3440.pdf
2025-05-22 05:10:15,450 - P17020 - INFO - Ignorando URL de arquivo não-HTML: https://www2.bauru.sp.gov.br/arquivos/sist_diariooficial/2021/08/do_20210807_3440.pdf
2025-05-22 05:10:15,450 - P17020 - INFO - Após processar URL 13 Uso de memória: 130.92 MB
2025-05-22 05:10:15,451 - P17020 - INFO - Processando URL 14/20: https://www.planodesaudesp.net/perfil/lindiane_gomes_crisostomo--407545
2025-05-22 05:10:19,140 - P17020 - INFO - HTML salvo para debug: data\debug_html_v10\60018749bc739c5ed677b1dc338819c1.html
2025-05-22 05:10:19,155 - P17020 - INFO - Candidates address: 4 items
2025-05-22 05:10:19,155 - P17020 - INFO - Candidates phone: 3 items
2025-05-22 05:10:19,155 - P17020 - INFO - Candidates email: 0 items
2025-05-22 05:10:19,155 - P17020 - INFO - Candidates complement: 0 items
2025-05-22 05:10:19,156 - P17020 - INFO - Candidates cep: 1 items
2025-05-22 05:10:19,156 - P17020 - INFO - Após processar URL 14 Uso de memória: 130.92 MB
2025-05-22 05:10:19,156 - P17020 - INFO - Processando URL 15/20: https://guiamedico.cremesp.org.br/
2025-05-22 05:10:22,260 - P17020 - INFO - HTML salvo para debug: data\debug_html_v10\7c54969580769b63edd9abaa952e1fa2.html
2025-05-22 05:10:22,266 - P17020 - INFO - Candidates address: 1 items
2025-05-22 05:10:22,266 - P17020 - INFO - Candidates phone: 1 items
2025-05-22 05:10:22,267 - P17020 - INFO - Candidates email: 0 items
2025-05-22 05:10:22,267 - P17020 - INFO - Candidates complement: 0 items
2025-05-22 05:10:22,267 - P17020 - INFO - Candidates cep: 1 items
2025-05-22 05:10:22,267 - P17020 - INFO - Após processar URL 15 Uso de memória: 130.92 MB
2025-05-22 05:10:22,267 - P17020 - INFO - Processando URL 16/20: https://www.gov.br/ana/pt-br/assuntos/gestao-das-aguas/politica-nacional-de-recursos-hidricos/cobranca/copy6_of_ResoluoCONERHCEn06_20.pdf
2025-05-22 05:10:22,268 - P17020 - INFO - Ignorando URL de arquivo não-HTML: https://www.gov.br/ana/pt-br/assuntos/gestao-das-aguas/politica-nacional-de-recursos-hidricos/cobranca/copy6_of_ResoluoCONERHCEn06_20.pdf
2025-05-22 05:10:22,268 - P17020 - INFO - Após processar URL 16 Uso de memória: 130.92 MB
2025-05-22 05:10:22,268 - P17020 - INFO - Processando URL 17/20: https://www.escavador.com/sobre/3958519/lindiane-gomes-crisostomo
2025-05-22 05:10:26,380 - P17020 - INFO - HTML salvo para debug: data\debug_html_v10\18d54fb02a96440e433f072130d2cf3e.html
2025-05-22 05:10:26,395 - P17020 - INFO - Candidates address: 0 items
2025-05-22 05:10:26,396 - P17020 - INFO - Candidates phone: 0 items
2025-05-22 05:10:26,396 - P17020 - INFO - Candidates email: 0 items
2025-05-22 05:10:26,396 - P17020 - INFO - Candidates complement: 0 items
2025-05-22 05:10:26,396 - P17020 - INFO - Candidates cep: 0 items
2025-05-22 05:10:26,396 - P17020 - INFO - Após processar URL 17 Uso de memória: 130.93 MB
2025-05-22 05:10:26,396 - P17020 - INFO - Processando URL 18/20: https://www.helpsaude.com/Dra-Lindiane-Gomes-Crisostomo.Sao-Paulo.SP
2025-05-22 05:10:30,720 - P17020 - INFO - HTML salvo para debug: data\debug_html_v10\3b0668e3012e284a295eee05051931b4.html
2025-05-22 05:10:30,732 - P17020 - INFO - Candidates address: 1 items
2025-05-22 05:10:30,733 - P17020 - INFO - Candidates phone: 0 items
2025-05-22 05:10:30,733 - P17020 - INFO - Candidates email: 0 items
2025-05-22 05:10:30,733 - P17020 - INFO - Candidates complement: 0 items
2025-05-22 05:10:30,733 - P17020 - INFO - Candidates cep: 0 items
2025-05-22 05:10:30,734 - P17020 - INFO - Após processar URL 18 Uso de memória: 130.93 MB
2025-05-22 05:10:30,735 - P17020 - INFO - Processando URL 19/20: https://www.einstein.br/especialidades/pediatria/equipe
2025-05-22 05:10:37,059 - P17020 - INFO - HTML salvo para debug: data\debug_html_v10\d391657bb9208d54546b48a660c57bf6.html
2025-05-22 05:10:37,247 - P17020 - INFO - Candidates address: 0 items
2025-05-22 05:10:37,247 - P17020 - INFO - Candidates phone: 5 items
2025-05-22 05:10:37,247 - P17020 - INFO - Candidates email: 20 items
2025-05-22 05:10:37,247 - P17020 - INFO - Candidates complement: 2 items
2025-05-22 05:10:37,247 - P17020 - INFO - Candidates cep: 2 items
2025-05-22 05:10:37,248 - P17020 - INFO - Após processar URL 19 Uso de memória: 132.68 MB
2025-05-22 05:10:37,248 - P17020 - INFO - Processando URL 20/20: https://www.gov.br/ana/pt-br/assuntos/gestao-das-aguas/politica-nacional-de-recursos-hidricos/cobranca/arquivos-cobranca/ResoluoCONERHCEn0620.pdf
2025-05-22 05:10:37,248 - P17020 - INFO - Ignorando URL de arquivo não-HTML: https://www.gov.br/ana/pt-br/assuntos/gestao-das-aguas/politica-nacional-de-recursos-hidricos/cobranca/arquivos-cobranca/ResoluoCONERHCEn0620.pdf
2025-05-22 05:10:37,248 - P17020 - INFO - Após processar URL 20 Uso de memória: 131.81 MB
2025-05-22 05:10:37,248 - P17020 - INFO - Iniciando agregação e ranqueamento
2025-05-22 05:10:37,249 - P17020 - INFO - Ranked address: 16 items
2025-05-22 05:10:37,249 - P17020 - INFO - Ranked phone: 9 items
2025-05-22 05:10:37,249 - P17020 - INFO - Ranked email: 22 items
2025-05-22 05:10:37,249 - P17020 - INFO - Ranked complement: 3 items
2025-05-22 05:10:37,249 - P17020 - INFO - Ranked cep: 7 items
2025-05-22 05:10:37,249 - P17020 - INFO - Após agregação Uso de memória: 131.81 MB
2025-05-22 05:10:37,250 - P17020 - INFO - Validando endereço: ['Rua Lisboa , 316', 'Rua Lisboa, 316', 'Rua Sampaio Viana, 253']
2025-05-22 05:10:37,250 - P17020 - INFO - Endereço validado: Rua Lisboa , 316
2025-05-22 05:10:37,250 - P17020 - INFO - Limpando texto extenso para campo address: Rua Lisboa , 316...
2025-05-22 05:10:37,250 - P17020 - INFO - Texto limpo: Rua Lisboa , 316
2025-05-22 05:10:37,250 - P17020 - INFO - Validando telefone: ['(11)2151-1233', '(11)3620-2550', '(62)3878-5100']
2025-05-22 05:10:37,250 - P17020 - INFO - Limpando texto extenso para campo phone: (11)2151-1233...
2025-05-22 05:10:37,250 - P17020 - INFO - Texto limpo: 11)2151-1233
2025-05-22 05:10:37,251 - P17020 - INFO - Telefone validado: 11)2151-1233
2025-05-22 05:10:37,251 - P17020 - INFO - Validando email: ['gustavo.foronda@einstein.br', 'carlos.tossuniam@einstein.br', 'webmaster@catalogo.med.br']
2025-05-22 05:10:37,251 - P17020 - INFO - Limpando texto extenso para campo email: gustavo.foronda@einstein.br...
2025-05-22 05:10:37,251 - P17020 - INFO - Texto limpo: gustavo.foronda@einstein.br
2025-05-22 05:10:37,252 - P17020 - INFO - Email validado: gustavo.foronda@einstein.br
2025-05-22 05:10:37,252 - P17020 - INFO - Validando complemento: ['Sala de Imprensa ', 'Sala de Imprensa Galeria de fotos Boletim médico Press', 'Saladas ']
2025-05-22 05:10:37,252 - P17020 - INFO - Limpando texto extenso para campo complement: Sala de Imprensa ...
2025-05-22 05:10:37,252 - P17020 - INFO - Texto limpo: Sala de Imprensa
2025-05-22 05:10:37,253 - P17020 - INFO - Complemento validado: Sala de Imprensa
2025-05-22 05:10:37,253 - P17020 - INFO - Descobrindo cidade
2025-05-22 05:10:37,253 - P17020 - INFO - Buscando cidade: Rua Lisboa cidade SP
2025-05-22 05:10:40,125 - P17020 - INFO - Cidade encontrada: São Paulo
2025-05-22 05:10:40,133 - P17020 - INFO - Limpando texto extenso para campo city: São Paulo...
2025-05-22 05:10:40,134 - P17020 - INFO - Texto limpo: São Paulo
2025-05-22 05:10:40,136 - P17020 - INFO - Cidade descoberta: São Paulo
2025-05-22 05:10:40,136 - P17020 - INFO - Buscando CEP com sistema de cascata
2025-05-22 05:10:40,136 - P17020 - INFO - Iniciando busca de CEP em cascata para: Rua Lisboa, São Paulo, SP
2025-05-22 05:10:40,137 - P17020 - INFO - Método 1: ViaCEP API
2025-05-22 05:10:40,137 - P17020 - INFO - Buscando no ViaCEP: https://viacep.com.br/ws/SP/sao%20paulo/rua%20lisboa/json/
2025-05-22 05:10:40,899 - P17020 - INFO - Dados encontrados no ViaCEP: {'cep': '05413-000', 'logradouro': 'Rua Lisboa', 'complemento': 'até 599/600', 'unidade': '', 'bairro': 'Cerqueira César', 'localidade': 'São Paulo', 'uf': 'SP', 'estado': 'São Paulo', 'regiao': 'Sudeste', 'ibge': '3550308', 'gia': '1004', 'ddd': '11', 'siafi': '7107'}
2025-05-22 05:10:40,902 - P17020 - INFO - CEP encontrado via ViaCEP: 05413-000
2025-05-22 05:10:40,903 - P17020 - INFO - Dados de CEP encontrados: {'cep': '05413-000', 'logradouro': 'Rua Lisboa', 'complemento': 'até 599/600', 'unidade': '', 'bairro': 'Cerqueira César', 'localidade': 'São Paulo', 'uf': 'SP', 'estado': 'São Paulo', 'regiao': 'Sudeste', 'ibge': '3550308', 'gia': '1004', 'ddd': '11', 'siafi': '7107'}
2025-05-22 05:10:40,903 - P17020 - INFO - Limpando texto extenso para campo bairro: Cerqueira César...
2025-05-22 05:10:40,904 - P17020 - INFO - Texto limpo: Cerqueira César
2025-05-22 05:10:40,904 - P17020 - INFO - Limpando texto extenso para campo city: São Paulo...
2025-05-22 05:10:40,905 - P17020 - INFO - Texto limpo: São Paulo
2025-05-22 05:10:40,905 - P17020 - INFO - Limpando texto extenso para campo state: SP...
2025-05-22 05:10:40,907 - P17020 - INFO - Texto limpo: SP
2025-05-22 05:10:40,910 - P17020 - INFO - Tempo de execução de processamento completo do médico: 73.23 segundos
2025-05-22 05:10:40,911 - P17020 - INFO - Resultado processado: {'Hash': '734b61c5261343a0d77623c67cd5e0dc8c1a1b3a24d02c094139983f2e83115b', 'CRM': '102481', 'UF': 'SP', 'Firstname': 'LINDIANE', 'LastName': 'GOMES CRISOSTOMO', 'Medical specialty': '', 'Endereco Completo A1': 'Rua Lisboa , 316', 'Address A1': 'Rua Lisboa', 'Numero A1': '316', 'Complement A1': 'Sala de Imprensa', 'Bairro A1': 'Cerqueira César', 'postal code A1': '05413-000', 'City A1': 'São Paulo', 'State A1': 'SP', 'Phone A1': '11)2151-1233', 'Phone A2': '', 'Cell phone A1': '', 'Cell phone A2': '', 'E-mail A1': 'gustavo.foronda@einstein.br', 'E-mail A2': '', 'OPT-IN': '', 'STATUS': '', 'LOTE': ''}
2025-05-22 05:10:40,915 - P17020 - INFO - Progresso: 84.0%
2025-05-22 05:10:40,916 - P17020 - INFO - Executando coleta de lixo
2025-05-22 05:10:40,934 - P17020 - INFO - Após coleta de lixo Uso de memória: 130.64 MB
2025-05-22 05:10:40,934 - P17020 - INFO - Tempo de execução de processamento do médico 1: 74.65 segundos
2025-05-22 05:10:40,935 - P17020 - INFO - 
==================================================
Processando médico 2/3
2025-05-22 05:10:40,935 - P17020 - INFO - Nome: CRISTIANO RIBEIRO VIANA
2025-05-22 05:10:40,936 - P17020 - INFO - Início do processamento Uso de memória: 130.64 MB
2025-05-22 05:10:40,936 - P17020 - INFO - Iniciando busca para: CRISTIANO RIBEIRO VIANA CRM 102547 SP telefone e-mail endereço
2025-05-22 05:10:41,734 - P17020 - INFO - SearX results: 15 URLs
2025-05-22 05:10:41,736 - P17020 - INFO - Após SearX Uso de memória: 130.64 MB
2025-05-22 05:10:44,326 - P17020 - INFO - Google results: 10 URLs
2025-05-22 05:10:44,327 - P17020 - INFO - Após Google Uso de memória: 132.75 MB
2025-05-22 05:10:46,790 - P17020 - INFO - Bing results: 10 URLs
2025-05-22 05:10:46,790 - P17020 - INFO - Após Bing Uso de memória: 132.77 MB
2025-05-22 05:10:46,791 - P17020 - INFO - Total de URLs únicas: 23
2025-05-22 05:10:46,791 - P17020 - INFO - Processando URL 1/23: https://portal-api.campinas.sp.gov.br/sites/default/files/publicacoes-dom/dom/500434612003461205004309.pdf
2025-05-22 05:10:46,791 - P17020 - INFO - Ignorando URL de arquivo não-HTML: https://portal-api.campinas.sp.gov.br/sites/default/files/publicacoes-dom/dom/500434612003461205004309.pdf
2025-05-22 05:10:46,791 - P17020 - INFO - Após processar URL 1 Uso de memória: 132.77 MB
2025-05-22 05:10:46,791 - P17020 - INFO - Processando URL 2/23: https://www.medguias.com.br/ms/tres-lagoas/medicina/ortopedia-e-traumatologia/matheus-ribeiro-viana-goulart
2025-05-22 05:10:51,298 - P17020 - INFO - HTML salvo para debug: data\debug_html_v10\4f62a4afb770e6e9d98aceed289d79bd.html
2025-05-22 05:10:51,349 - P17020 - INFO - Candidates address: 2 items
2025-05-22 05:10:51,350 - P17020 - INFO - Candidates phone: 4 items
2025-05-22 05:10:51,350 - P17020 - INFO - Candidates email: 0 items
2025-05-22 05:10:51,351 - P17020 - INFO - Candidates complement: 0 items
2025-05-22 05:10:51,351 - P17020 - INFO - Candidates cep: 4 items
2025-05-22 05:10:51,351 - P17020 - INFO - Após processar URL 2 Uso de memória: 132.77 MB
2025-05-22 05:10:51,351 - P17020 - INFO - Processando URL 3/23: https://consultacrm.com.br/
2025-05-22 05:10:54,684 - P17020 - INFO - HTML salvo para debug: data\debug_html_v10\65cadeb91ac3713432c21b535990f440.html
2025-05-22 05:10:54,697 - P17020 - INFO - Candidates address: 0 items
2025-05-22 05:10:54,697 - P17020 - INFO - Candidates phone: 0 items
2025-05-22 05:10:54,697 - P17020 - INFO - Candidates email: 0 items
2025-05-22 05:10:54,698 - P17020 - INFO - Candidates complement: 0 items
2025-05-22 05:10:54,698 - P17020 - INFO - Candidates cep: 0 items
2025-05-22 05:10:54,698 - P17020 - INFO - Após processar URL 3 Uso de memória: 132.57 MB
2025-05-22 05:10:54,698 - P17020 - INFO - Processando URL 4/23: https://www.consultascnpj.com/cristiano-ribeiro-viana-servicos-medicos-ltda/35703452000114
2025-05-22 05:10:57,810 - P17020 - INFO - HTML salvo para debug: data\debug_html_v10\595c5c0c8b9780a46bec839ce34a9016.html
2025-05-22 05:10:57,823 - P17020 - INFO - Candidates address: 0 items
2025-05-22 05:10:57,823 - P17020 - INFO - Candidates phone: 1 items
2025-05-22 05:10:57,824 - P17020 - INFO - Candidates email: 1 items
2025-05-22 05:10:57,824 - P17020 - INFO - Candidates complement: 0 items
2025-05-22 05:10:57,824 - P17020 - INFO - Candidates cep: 2 items
2025-05-22 05:10:57,824 - P17020 - INFO - Após processar URL 4 Uso de memória: 132.57 MB
2025-05-22 05:10:57,824 - P17020 - INFO - Processando URL 5/23: https://cepebr-prod.s3.amazonaws.com/1/cadernos/2024/20240203/1-PoderExecutivo/PoderExecutivo(20240203).pdf
2025-05-22 05:10:57,824 - P17020 - INFO - Ignorando URL de arquivo não-HTML: https://cepebr-prod.s3.amazonaws.com/1/cadernos/2024/20240203/1-PoderExecutivo/PoderExecutivo(20240203).pdf
2025-05-22 05:10:57,825 - P17020 - INFO - Após processar URL 5 Uso de memória: 132.57 MB
2025-05-22 05:10:57,825 - P17020 - INFO - Processando URL 6/23: https://www.classemedica.com.br/medico/70088-cristiano-ribeiro-viana.htm
2025-05-22 05:11:03,220 - P17020 - INFO - HTML salvo para debug: data\debug_html_v10\5d91bf62148e416f75b6384d04a7f1e9.html
2025-05-22 05:11:03,247 - P17020 - INFO - Candidates address: 0 items
2025-05-22 05:11:03,248 - P17020 - INFO - Candidates phone: 0 items
2025-05-22 05:11:03,248 - P17020 - INFO - Candidates email: 0 items
2025-05-22 05:11:03,248 - P17020 - INFO - Candidates complement: 0 items
2025-05-22 05:11:03,248 - P17020 - INFO - Candidates cep: 0 items
2025-05-22 05:11:03,248 - P17020 - INFO - Após processar URL 6 Uso de memória: 132.57 MB
2025-05-22 05:11:03,248 - P17020 - INFO - Processando URL 7/23: https://www.catalogo.med.br/doutor/cristiano-ribeiro-viana-2035054.htm
2025-05-22 05:11:05,394 - P17020 - INFO - HTML salvo para debug: data\debug_html_v10\08a512760b7165e0dd1a21730c9688e8.html
2025-05-22 05:11:05,395 - P17020 - INFO - Candidates address: 0 items
2025-05-22 05:11:05,396 - P17020 - INFO - Candidates phone: 0 items
2025-05-22 05:11:05,396 - P17020 - INFO - Candidates email: 1 items
2025-05-22 05:11:05,396 - P17020 - INFO - Candidates complement: 0 items
2025-05-22 05:11:05,396 - P17020 - INFO - Candidates cep: 0 items
2025-05-22 05:11:05,396 - P17020 - INFO - Após processar URL 7 Uso de memória: 132.57 MB
2025-05-22 05:11:05,397 - P17020 - INFO - Processando URL 8/23: https://www.helpsaude.com/cristiano-ribeiro-viana-crmsp-102547
2025-05-22 05:11:07,988 - P17020 - INFO - HTML salvo para debug: data\debug_html_v10\0555b64c824dc666c7e02f5903e14087.html
2025-05-22 05:11:08,002 - P17020 - INFO - Candidates address: 0 items
2025-05-22 05:11:08,003 - P17020 - INFO - Candidates phone: 0 items
2025-05-22 05:11:08,003 - P17020 - INFO - Candidates email: 0 items
2025-05-22 05:11:08,003 - P17020 - INFO - Candidates complement: 0 items
2025-05-22 05:11:08,003 - P17020 - INFO - Candidates cep: 1 items
2025-05-22 05:11:08,004 - P17020 - INFO - Após processar URL 8 Uso de memória: 132.57 MB
2025-05-22 05:11:08,004 - P17020 - INFO - Processando URL 9/23: https://cnpj.biz/35703452000114
2025-05-22 05:11:10,449 - P17020 - INFO - HTML salvo para debug: data\debug_html_v10\64af7427480a99af3f1a591396a43e16.html
2025-05-22 05:11:10,472 - P17020 - INFO - Candidates address: 2 items
2025-05-22 05:11:10,473 - P17020 - INFO - Candidates phone: 1 items
2025-05-22 05:11:10,473 - P17020 - INFO - Candidates email: 1 items
2025-05-22 05:11:10,473 - P17020 - INFO - Candidates complement: 0 items
2025-05-22 05:11:10,473 - P17020 - INFO - Candidates cep: 3 items
2025-05-22 05:11:10,473 - P17020 - INFO - Após processar URL 9 Uso de memória: 132.57 MB
2025-05-22 05:11:10,473 - P17020 - INFO - Processando URL 10/23: https://www.doklist.com.br/dok/116090/
2025-05-22 05:11:14,436 - P17020 - INFO - HTML salvo para debug: data\debug_html_v10\ae69eba9d2d311d958beea30296ffd4b.html
2025-05-22 05:11:14,455 - P17020 - INFO - Candidates address: 1 items
2025-05-22 05:11:14,455 - P17020 - INFO - Candidates phone: 1 items
2025-05-22 05:11:14,455 - P17020 - INFO - Candidates email: 1 items
2025-05-22 05:11:14,455 - P17020 - INFO - Candidates complement: 0 items
2025-05-22 05:11:14,456 - P17020 - INFO - Candidates cep: 1 items
2025-05-22 05:11:14,456 - P17020 - INFO - Após processar URL 10 Uso de memória: 132.57 MB
2025-05-22 05:11:14,456 - P17020 - INFO - Processando URL 11/23: https://osasco.sp.gov.br/site/wp-content/uploads/2022/02/iomo707.pdf
2025-05-22 05:11:14,456 - P17020 - INFO - Ignorando URL de arquivo não-HTML: https://osasco.sp.gov.br/site/wp-content/uploads/2022/02/iomo707.pdf
2025-05-22 05:11:14,456 - P17020 - INFO - Após processar URL 11 Uso de memória: 132.57 MB
2025-05-22 05:11:14,456 - P17020 - INFO - Processando URL 12/23: https://www.medicosbrasil.com/profissional/lucas-ribeiro-viana
2025-05-22 05:11:18,304 - P17020 - INFO - HTML salvo para debug: data\debug_html_v10\b8338a365310a39e3409314a9a3f0a7c.html
2025-05-22 05:11:18,329 - P17020 - INFO - Candidates address: 0 items
2025-05-22 05:11:18,330 - P17020 - INFO - Candidates phone: 0 items
2025-05-22 05:11:18,330 - P17020 - INFO - Candidates email: 0 items
2025-05-22 05:11:18,330 - P17020 - INFO - Candidates complement: 0 items
2025-05-22 05:11:18,331 - P17020 - INFO - Candidates cep: 0 items
2025-05-22 05:11:18,331 - P17020 - INFO - Após processar URL 12 Uso de memória: 132.58 MB
2025-05-22 05:11:18,331 - P17020 - INFO - Processando URL 13/23: https://www.medicosbrasil.com/profissional/cristiano-ribeiro-viana
2025-05-22 05:11:20,526 - P17020 - INFO - HTML salvo para debug: data\debug_html_v10\af568d00e11b6edae7ab383e610d264b.html
2025-05-22 05:11:20,529 - P17020 - INFO - Candidates address: 0 items
2025-05-22 05:11:20,531 - P17020 - INFO - Candidates phone: 0 items
2025-05-22 05:11:20,531 - P17020 - INFO - Candidates email: 0 items
2025-05-22 05:11:20,531 - P17020 - INFO - Candidates complement: 0 items
2025-05-22 05:11:20,533 - P17020 - INFO - Candidates cep: 0 items
2025-05-22 05:11:20,534 - P17020 - INFO - Após processar URL 13 Uso de memória: 132.58 MB
2025-05-22 05:11:20,544 - P17020 - INFO - Processando URL 14/23: https://www.econodata.com.br/consulta-empresa/35703452000114-CRISTIANO-RIBEIRO-VIANA-SERVICOS-MEDICOS-LTDA
2025-05-22 05:11:23,758 - P17020 - INFO - HTML salvo para debug: data\debug_html_v10\4fb3f1989adee45b9d3358e8133d5a63.html
2025-05-22 05:11:23,885 - P17020 - INFO - Candidates address: 24 items
2025-05-22 05:11:23,886 - P17020 - INFO - Candidates phone: 0 items
2025-05-22 05:11:23,886 - P17020 - INFO - Candidates email: 0 items
2025-05-22 05:11:23,886 - P17020 - INFO - Candidates complement: 0 items
2025-05-22 05:11:23,887 - P17020 - INFO - Candidates cep: 1 items
2025-05-22 05:11:23,887 - P17020 - INFO - Após processar URL 14 Uso de memória: 133.51 MB
2025-05-22 05:11:23,887 - P17020 - INFO - Processando URL 15/23: https://iomat.mt.gov.br/portal/edicoes/download/3468
2025-05-22 05:11:26,354 - P17020 - INFO - HTML salvo para debug: data\debug_html_v10\67e5a042e33928cae967e2a6647de8e1.html
2025-05-22 05:11:26,474 - P17020 - INFO - Candidates address: 24 items
2025-05-22 05:11:26,474 - P17020 - INFO - Candidates phone: 0 items
2025-05-22 05:11:26,474 - P17020 - INFO - Candidates email: 0 items
2025-05-22 05:11:26,475 - P17020 - INFO - Candidates complement: 0 items
2025-05-22 05:11:26,475 - P17020 - INFO - Candidates cep: 1 items
2025-05-22 05:11:26,475 - P17020 - INFO - Após processar URL 15 Uso de memória: 134.37 MB
2025-05-22 05:11:26,475 - P17020 - INFO - Processando URL 16/23: https://guiamedico.cremesp.org.br/
2025-05-22 05:11:29,159 - P17020 - INFO - HTML salvo para debug: data\debug_html_v10\7c54969580769b63edd9abaa952e1fa2.html
2025-05-22 05:11:29,173 - P17020 - INFO - Candidates address: 1 items
2025-05-22 05:11:29,173 - P17020 - INFO - Candidates phone: 1 items
2025-05-22 05:11:29,173 - P17020 - INFO - Candidates email: 0 items
2025-05-22 05:11:29,174 - P17020 - INFO - Candidates complement: 0 items
2025-05-22 05:11:29,174 - P17020 - INFO - Candidates cep: 1 items
2025-05-22 05:11:29,174 - P17020 - INFO - Após processar URL 16 Uso de memória: 132.58 MB
2025-05-22 05:11:29,175 - P17020 - INFO - Processando URL 17/23: https://natal.rn.gov.br/storage/app/media/DOM/anexos/dom_20220217_b2ab887f3f59df0c8689400aeb01ae95.pdf
2025-05-22 05:11:29,175 - P17020 - INFO - Ignorando URL de arquivo não-HTML: https://natal.rn.gov.br/storage/app/media/DOM/anexos/dom_20220217_b2ab887f3f59df0c8689400aeb01ae95.pdf
2025-05-22 05:11:29,175 - P17020 - INFO - Após processar URL 17 Uso de memória: 132.58 MB
2025-05-22 05:11:29,175 - P17020 - INFO - Processando URL 18/23: https://www.consultasocio.com/q/sa/cristiano-ribeiro-viana
2025-05-22 05:11:34,014 - P17020 - INFO - HTML salvo para debug: data\debug_html_v10\31e1710778dfc179c994a1751f6aaa40.html
2025-05-22 05:11:34,019 - P17020 - INFO - Candidates address: 2 items
2025-05-22 05:11:34,020 - P17020 - INFO - Candidates phone: 0 items
2025-05-22 05:11:34,020 - P17020 - INFO - Candidates email: 2 items
2025-05-22 05:11:34,020 - P17020 - INFO - Candidates complement: 0 items
2025-05-22 05:11:34,020 - P17020 - INFO - Candidates cep: 4 items
2025-05-22 05:11:34,020 - P17020 - INFO - Após processar URL 18 Uso de memória: 132.58 MB
2025-05-22 05:11:34,020 - P17020 - INFO - Processando URL 19/23: https://cnpjrocks.com/cnpj/35703452000114/cristiano-ribeiro-viana-servicos-medicos-ltda.html
2025-05-22 05:11:36,818 - P17020 - INFO - HTML salvo para debug: data\debug_html_v10\07442cbb3934147df5da72e9546c4d58.html
2025-05-22 05:11:36,826 - P17020 - INFO - Candidates address: 1 items
2025-05-22 05:11:36,826 - P17020 - INFO - Candidates phone: 1 items
2025-05-22 05:11:36,826 - P17020 - INFO - Candidates email: 1 items
2025-05-22 05:11:36,826 - P17020 - INFO - Candidates complement: 0 items
2025-05-22 05:11:36,826 - P17020 - INFO - Candidates cep: 9 items
2025-05-22 05:11:36,826 - P17020 - INFO - Após processar URL 19 Uso de memória: 132.58 MB
2025-05-22 05:11:36,827 - P17020 - INFO - Processando URL 20/23: https://www.doctoralia.com.br/cristiano-ribeiro-viana/anatomopatologista/barretos
2025-05-22 05:11:36,827 - P17020 - INFO - Ignorando URL de arquivo não-HTML: https://www.doctoralia.com.br/cristiano-ribeiro-viana/anatomopatologista/barretos
2025-05-22 05:11:36,827 - P17020 - INFO - Após processar URL 20 Uso de memória: 132.58 MB
2025-05-22 05:11:36,827 - P17020 - INFO - Processando URL 21/23: http://lproweb.procempa.com.br/pmpa/prefpoa/dopa/usu_doc/fev2011_17_de_fevereiro_de_2011.pdf
2025-05-22 05:11:36,827 - P17020 - INFO - Ignorando URL de arquivo não-HTML: http://lproweb.procempa.com.br/pmpa/prefpoa/dopa/usu_doc/fev2011_17_de_fevereiro_de_2011.pdf
2025-05-22 05:11:36,828 - P17020 - INFO - Após processar URL 21 Uso de memória: 132.58 MB
2025-05-22 05:11:36,828 - P17020 - INFO - Processando URL 22/23: https://www.escavador.com/sobre/5806750/cristiano-ribeiro-viana
2025-05-22 05:11:40,080 - P17020 - INFO - HTML salvo para debug: data\debug_html_v10\d4a3385f1fa1ef60bc871d50cb76d85f.html
2025-05-22 05:11:40,097 - P17020 - INFO - Candidates address: 0 items
2025-05-22 05:11:40,099 - P17020 - INFO - Candidates phone: 0 items
2025-05-22 05:11:40,099 - P17020 - INFO - Candidates email: 0 items
2025-05-22 05:11:40,100 - P17020 - INFO - Candidates complement: 0 items
2025-05-22 05:11:40,101 - P17020 - INFO - Candidates cep: 0 items
2025-05-22 05:11:40,102 - P17020 - INFO - Após processar URL 22 Uso de memória: 132.59 MB
2025-05-22 05:11:40,103 - P17020 - INFO - Processando URL 23/23: https://www.ioepa.com.br/pages/2010/2010.05.12.DOE.pdf
2025-05-22 05:11:40,106 - P17020 - INFO - Ignorando URL de arquivo não-HTML: https://www.ioepa.com.br/pages/2010/2010.05.12.DOE.pdf
2025-05-22 05:11:40,107 - P17020 - INFO - Após processar URL 23 Uso de memória: 132.59 MB
2025-05-22 05:11:40,108 - P17020 - INFO - Iniciando agregação e ranqueamento
2025-05-22 05:11:40,108 - P17020 - INFO - Ranked address: 31 items
2025-05-22 05:11:40,110 - P17020 - INFO - Ranked phone: 8 items
2025-05-22 05:11:40,110 - P17020 - INFO - Ranked email: 5 items
2025-05-22 05:11:40,110 - P17020 - INFO - Ranked complement: 0 items
2025-05-22 05:11:40,111 - P17020 - INFO - Ranked cep: 21 items
2025-05-22 05:11:40,111 - P17020 - INFO - Após agregação Uso de memória: 132.59 MB
2025-05-22 05:11:40,112 - P17020 - INFO - Validando endereço: ['Avenida Brig Faria Lima, 2369', 'Rua dos Inconfidentes, 249', 'Rua Clodomiro Amazonas, 1220']
2025-05-22 05:11:40,112 - P17020 - INFO - Endereço validado: Avenida Brig Faria Lima, 2369
2025-05-22 05:11:40,112 - P17020 - INFO - Limpando texto extenso para campo address: Avenida Brig Faria Lima, 2369...
2025-05-22 05:11:40,112 - P17020 - INFO - Texto limpo: Avenida Brig Faria Lima, 2369
2025-05-22 05:11:40,112 - P17020 - INFO - Validando telefone: ['(41) 9686-9828', '(67) 3521-8049', '(67) 99974-5584']
2025-05-22 05:11:40,113 - P17020 - INFO - Limpando texto extenso para campo phone: (41) 9686-9828...
2025-05-22 05:11:40,113 - P17020 - INFO - Texto limpo: 41) 9686-9828
2025-05-22 05:11:40,113 - P17020 - INFO - Telefone validado: 41) 9686-9828
2025-05-22 05:11:40,113 - P17020 - INFO - Validando email: ['meucnpj@contabilizei.com.br', 'webmaster@catalogo.med.br', 'info@doklist.com.br']
2025-05-22 05:11:40,113 - P17020 - INFO - Limpando texto extenso para campo email: meucnpj@contabilizei.com.br...
2025-05-22 05:11:40,114 - P17020 - INFO - Texto limpo: meucnpj@contabilizei.com.br
2025-05-22 05:11:40,114 - P17020 - INFO - Email validado: meucnpj@contabilizei.com.br
2025-05-22 05:11:40,114 - P17020 - INFO - Descobrindo cidade
2025-05-22 05:11:40,115 - P17020 - INFO - Buscando cidade: Avenida Brig Faria Lima cidade SP
2025-05-22 05:11:42,947 - P17020 - WARNING - Cidade não encontrada
2025-05-22 05:11:42,947 - P17020 - INFO - Cidade descoberta: 
2025-05-22 05:11:42,948 - P17020 - INFO - Tempo de execução de processamento completo do médico: 62.01 segundos
2025-05-22 05:11:42,948 - P17020 - INFO - Resultado processado: {'Hash': '76653ce6bbc311505d5202ad437ed3763af42d8d081506480836e5a9c962e8f0', 'CRM': '102547', 'UF': 'SP', 'Firstname': 'CRISTIANO', 'LastName': 'RIBEIRO VIANA', 'Medical specialty': '', 'Endereco Completo A1': 'Avenida Brig Faria Lima, 2369', 'Address A1': 'Avenida Brig Faria Lima', 'Numero A1': '2369', 'Complement A1': '', 'Bairro A1': '', 'postal code A1': '', 'City A1': '', 'State A1': '', 'Phone A1': '41) 9686-9828', 'Phone A2': '', 'Cell phone A1': '', 'Cell phone A2': '', 'E-mail A1': 'meucnpj@contabilizei.com.br', 'E-mail A2': '', 'OPT-IN': '', 'STATUS': '', 'LOTE': ''}
2025-05-22 05:11:42,949 - P17020 - INFO - Progresso: 84.3%
2025-05-22 05:11:42,949 - P17020 - INFO - Tempo de execução de processamento do médico 2: 62.01 segundos
2025-05-22 05:11:42,949 - P17020 - INFO - 
==================================================
Processando médico 3/3
2025-05-22 05:11:42,949 - P17020 - INFO - Nome: PEDRO GOMES DE ALVARENGA
2025-05-22 05:11:42,950 - P17020 - INFO - Início do processamento Uso de memória: 130.76 MB
2025-05-22 05:11:42,950 - P17020 - INFO - Iniciando busca para: PEDRO GOMES DE ALVARENGA CRM 108334 SP telefone e-mail endereço
2025-05-22 05:11:43,803 - P17020 - INFO - SearX results: 14 URLs
2025-05-22 05:11:43,803 - P17020 - INFO - Após SearX Uso de memória: 130.76 MB
2025-05-22 05:11:46,443 - P17020 - INFO - Google results: 12 URLs
2025-05-22 05:11:46,444 - P17020 - INFO - Após Google Uso de memória: 132.80 MB
2025-05-22 05:11:48,976 - P17020 - INFO - Bing results: 10 URLs
2025-05-22 05:11:48,977 - P17020 - INFO - Após Bing Uso de memória: 133.50 MB
2025-05-22 05:11:48,980 - P17020 - INFO - Total de URLs únicas: 23
2025-05-22 05:11:48,982 - P17020 - INFO - Processando URL 1/23: http://cremesp.org.br/?siteAcao=CMDesatualizado
2025-05-22 05:11:56,051 - P17020 - INFO - HTML salvo para debug: data\debug_html_v10\f8b544e9ce22acedad913e7dcedb1a6d.html
2025-05-22 05:11:56,089 - P17020 - INFO - Candidates address: 1 items
2025-05-22 05:11:56,090 - P17020 - INFO - Candidates phone: 1 items
2025-05-22 05:11:56,090 - P17020 - INFO - Candidates email: 2 items
2025-05-22 05:11:56,090 - P17020 - INFO - Candidates complement: 0 items
2025-05-22 05:11:56,090 - P17020 - INFO - Candidates cep: 1 items
2025-05-22 05:11:56,091 - P17020 - INFO - Após processar URL 1 Uso de memória: 133.50 MB
2025-05-22 05:11:56,091 - P17020 - INFO - Processando URL 2/23: https://www.classemedica.com.br/medico/272434-pedro-gomes-de-alvarenga.htm
2025-05-22 05:12:04,314 - P17020 - INFO - HTML salvo para debug: data\debug_html_v10\8a25f1637efd65e48517e2e089ba8d4a.html
2025-05-22 05:12:04,345 - P17020 - INFO - Candidates address: 0 items
2025-05-22 05:12:04,345 - P17020 - INFO - Candidates phone: 0 items
2025-05-22 05:12:04,345 - P17020 - INFO - Candidates email: 0 items
2025-05-22 05:12:04,345 - P17020 - INFO - Candidates complement: 0 items
2025-05-22 05:12:04,345 - P17020 - INFO - Candidates cep: 0 items
2025-05-22 05:12:04,346 - P17020 - INFO - Após processar URL 2 Uso de memória: 133.78 MB
2025-05-22 05:12:04,346 - P17020 - INFO - Processando URL 3/23: https://www.consultacrm.com.br/index/medicos/uid-917cc4c9-f5c5-11ec-9e74-0a4aa568c625/pedro_gomes_de_alvarenga
2025-05-22 05:12:08,315 - P17020 - INFO - HTML salvo para debug: data\debug_html_v10\62fefdf0c1bd5ba536ebe786f25b4a5a.html
2025-05-22 05:12:08,326 - P17020 - INFO - Candidates address: 0 items
2025-05-22 05:12:08,326 - P17020 - INFO - Candidates phone: 0 items
2025-05-22 05:12:08,326 - P17020 - INFO - Candidates email: 0 items
2025-05-22 05:12:08,326 - P17020 - INFO - Candidates complement: 0 items
2025-05-22 05:12:08,326 - P17020 - INFO - Candidates cep: 0 items
2025-05-22 05:12:08,326 - P17020 - INFO - Após processar URL 3 Uso de memória: 133.79 MB
2025-05-22 05:12:08,327 - P17020 - INFO - Processando URL 4/23: https://aboutcompany.info/country/brazil/officer/245148/pedro-gomes-de-alvarenga/
2025-05-22 05:12:12,185 - P17020 - INFO - HTML salvo para debug: data\debug_html_v10\4ccf91333b8be3701a05e7eb2e258695.html
2025-05-22 05:12:12,201 - P17020 - INFO - Candidates address: 0 items
2025-05-22 05:12:12,201 - P17020 - INFO - Candidates phone: 0 items
2025-05-22 05:12:12,201 - P17020 - INFO - Candidates email: 0 items
2025-05-22 05:12:12,201 - P17020 - INFO - Candidates complement: 0 items
2025-05-22 05:12:12,201 - P17020 - INFO - Candidates cep: 0 items
2025-05-22 05:12:12,202 - P17020 - INFO - Após processar URL 4 Uso de memória: 133.77 MB
2025-05-22 05:12:12,202 - P17020 - INFO - Processando URL 5/23: https://bv.fapesp.br/pt/pesquisador/344826/pedro-gomes-de-alvarenga/
2025-05-22 05:12:16,654 - P17020 - INFO - HTML salvo para debug: data\debug_html_v10\97161a7f99d8c938260b2cf977eb444c.html
2025-05-22 05:12:16,683 - P17020 - INFO - Candidates address: 1 items
2025-05-22 05:12:16,683 - P17020 - INFO - Candidates phone: 0 items
2025-05-22 05:12:16,683 - P17020 - INFO - Candidates email: 0 items
2025-05-22 05:12:16,683 - P17020 - INFO - Candidates complement: 0 items
2025-05-22 05:12:16,683 - P17020 - INFO - Candidates cep: 1 items
2025-05-22 05:12:16,683 - P17020 - INFO - Após processar URL 5 Uso de memória: 133.77 MB
2025-05-22 05:12:16,684 - P17020 - INFO - Processando URL 6/23: https://diariooficial.guarulhos.sp.gov.br/uploads/pdf/1265191202.pdf
2025-05-22 05:12:16,684 - P17020 - INFO - Ignorando URL de arquivo não-HTML: https://diariooficial.guarulhos.sp.gov.br/uploads/pdf/1265191202.pdf
2025-05-22 05:12:16,684 - P17020 - INFO - Após processar URL 6 Uso de memória: 133.77 MB
2025-05-22 05:12:16,684 - P17020 - INFO - Processando URL 7/23: https://consultacrm.com.br/
2025-05-22 05:12:20,011 - P17020 - INFO - HTML salvo para debug: data\debug_html_v10\65cadeb91ac3713432c21b535990f440.html
2025-05-22 05:12:20,026 - P17020 - INFO - Candidates address: 0 items
2025-05-22 05:12:20,026 - P17020 - INFO - Candidates phone: 0 items
2025-05-22 05:12:20,027 - P17020 - INFO - Candidates email: 0 items
2025-05-22 05:12:20,027 - P17020 - INFO - Candidates complement: 0 items
2025-05-22 05:12:20,027 - P17020 - INFO - Candidates cep: 0 items
2025-05-22 05:12:20,028 - P17020 - INFO - Após processar URL 7 Uso de memória: 134.88 MB
2025-05-22 05:12:20,029 - P17020 - INFO - Processando URL 8/23: https://cnpj.biz/01738957000100
2025-05-22 05:12:22,404 - P17020 - INFO - HTML salvo para debug: data\debug_html_v10\36e7e20e4966a25b107f5cf054e7a53f.html
2025-05-22 05:12:22,407 - P17020 - INFO - Candidates address: 0 items
2025-05-22 05:12:22,407 - P17020 - INFO - Candidates phone: 0 items
2025-05-22 05:12:22,408 - P17020 - INFO - Candidates email: 0 items
2025-05-22 05:12:22,408 - P17020 - INFO - Candidates complement: 0 items
2025-05-22 05:12:22,408 - P17020 - INFO - Candidates cep: 0 items
2025-05-22 05:12:22,408 - P17020 - INFO - Após processar URL 8 Uso de memória: 133.77 MB
2025-05-22 05:12:22,408 - P17020 - INFO - Processando URL 9/23: https://www.escavador.com/sobre/6570732/pedro-gomes-de-alvarenga
2025-05-22 05:12:25,825 - P17020 - INFO - HTML salvo para debug: data\debug_html_v10\b9cb0971a21663149e526ff8622d802b.html
2025-05-22 05:12:25,842 - P17020 - INFO - Candidates address: 0 items
2025-05-22 05:12:25,842 - P17020 - INFO - Candidates phone: 0 items
2025-05-22 05:12:25,842 - P17020 - INFO - Candidates email: 0 items
2025-05-22 05:12:25,843 - P17020 - INFO - Candidates complement: 0 items
2025-05-22 05:12:25,843 - P17020 - INFO - Candidates cep: 0 items
2025-05-22 05:12:25,843 - P17020 - INFO - Após processar URL 9 Uso de memória: 133.77 MB
2025-05-22 05:12:25,843 - P17020 - INFO - Processando URL 10/23: https://cultura.uol.com.br/videos/34262_fala-doutor-pedro-gomes-de-alvarenga-sintomas-obsessivo-compulsivos-em-escolares-pgm-128.html
2025-05-22 05:12:31,357 - P17020 - INFO - HTML salvo para debug: data\debug_html_v10\d4e7d6b2424704a6842faf5271a17cd2.html
2025-05-22 05:12:31,364 - P17020 - INFO - Candidates address: 1 items
2025-05-22 05:12:31,364 - P17020 - INFO - Candidates phone: 0 items
2025-05-22 05:12:31,364 - P17020 - INFO - Candidates email: 0 items
2025-05-22 05:12:31,364 - P17020 - INFO - Candidates complement: 0 items
2025-05-22 05:12:31,365 - P17020 - INFO - Candidates cep: 1 items
2025-05-22 05:12:31,365 - P17020 - INFO - Após processar URL 10 Uso de memória: 133.77 MB
2025-05-22 05:12:31,365 - P17020 - INFO - Processando URL 11/23: https://www.medicosbrasil.com/profissional/roberto-jose-gomes-de-alvarenga
2025-05-22 05:12:33,514 - P17020 - INFO - HTML salvo para debug: data\debug_html_v10\2fb8c43c45a57298b843d913ebb6e3e0.html
2025-05-22 05:12:33,516 - P17020 - INFO - Candidates address: 0 items
2025-05-22 05:12:33,516 - P17020 - INFO - Candidates phone: 0 items
2025-05-22 05:12:33,516 - P17020 - INFO - Candidates email: 0 items
2025-05-22 05:12:33,517 - P17020 - INFO - Candidates complement: 0 items
2025-05-22 05:12:33,517 - P17020 - INFO - Candidates cep: 0 items
2025-05-22 05:12:33,517 - P17020 - INFO - Após processar URL 11 Uso de memória: 133.77 MB
2025-05-22 05:12:33,517 - P17020 - INFO - Processando URL 12/23: https://osasco.sp.gov.br/site/wp-content/uploads/2022/02/iomo708.pdf
2025-05-22 05:12:33,517 - P17020 - INFO - Ignorando URL de arquivo não-HTML: https://osasco.sp.gov.br/site/wp-content/uploads/2022/02/iomo708.pdf
2025-05-22 05:12:33,517 - P17020 - INFO - Após processar URL 12 Uso de memória: 133.77 MB
2025-05-22 05:12:33,518 - P17020 - INFO - Processando URL 13/23: https://osasco.sp.gov.br/site/wp-content/uploads/2022/02/iomo710.pdf
2025-05-22 05:12:33,518 - P17020 - INFO - Ignorando URL de arquivo não-HTML: https://osasco.sp.gov.br/site/wp-content/uploads/2022/02/iomo710.pdf
2025-05-22 05:12:33,518 - P17020 - INFO - Após processar URL 13 Uso de memória: 133.77 MB
2025-05-22 05:12:33,518 - P17020 - INFO - Processando URL 14/23: https://www.livrariaandreoli.com.br/item/Fundamentos-em-psiquiatria-Pedro-Gomes-de-Alvarenga.html
2025-05-22 05:12:52,765 - P17020 - INFO - HTML salvo para debug: data\debug_html_v10\94ba0f67f4639c1160f66ea6171d965e.html
2025-05-22 05:12:52,815 - P17020 - INFO - Candidates address: 1 items
2025-05-22 05:12:52,815 - P17020 - INFO - Candidates phone: 0 items
2025-05-22 05:12:52,815 - P17020 - INFO - Candidates email: 1 items
2025-05-22 05:12:52,815 - P17020 - INFO - Candidates complement: 0 items
2025-05-22 05:12:52,816 - P17020 - INFO - Candidates cep: 4 items
2025-05-22 05:12:52,816 - P17020 - INFO - Após processar URL 14 Uso de memória: 133.77 MB
2025-05-22 05:12:52,816 - P17020 - INFO - Processando URL 15/23: https://guiamedico.cremesp.org.br/
2025-05-22 05:12:55,484 - P17020 - INFO - HTML salvo para debug: data\debug_html_v10\7c54969580769b63edd9abaa952e1fa2.html
2025-05-22 05:12:55,490 - P17020 - INFO - Candidates address: 1 items
2025-05-22 05:12:55,491 - P17020 - INFO - Candidates phone: 1 items
2025-05-22 05:12:55,491 - P17020 - INFO - Candidates email: 0 items
2025-05-22 05:12:55,491 - P17020 - INFO - Candidates complement: 0 items
2025-05-22 05:12:55,492 - P17020 - INFO - Candidates cep: 1 items
2025-05-22 05:12:55,492 - P17020 - INFO - Após processar URL 15 Uso de memória: 133.77 MB
2025-05-22 05:12:55,492 - P17020 - INFO - Processando URL 16/23: https://diariooficial.guarulhos.sp.gov.br/uploads/pdf/881829242.pdf
2025-05-22 05:12:55,492 - P17020 - INFO - Ignorando URL de arquivo não-HTML: https://diariooficial.guarulhos.sp.gov.br/uploads/pdf/881829242.pdf
2025-05-22 05:12:55,493 - P17020 - INFO - Após processar URL 16 Uso de memória: 133.77 MB
2025-05-22 05:12:55,494 - P17020 - INFO - Processando URL 17/23: https://doutorcrm.com/pedro-ivan-alvarenga-de-oliveira
2025-05-22 05:12:59,884 - P17020 - INFO - HTML salvo para debug: data\debug_html_v10\4c54fb3a8e214fb2edae68f4604727c1.html
2025-05-22 05:12:59,890 - P17020 - INFO - Candidates address: 1 items
2025-05-22 05:12:59,890 - P17020 - INFO - Candidates phone: 0 items
2025-05-22 05:12:59,890 - P17020 - INFO - Candidates email: 0 items
2025-05-22 05:12:59,890 - P17020 - INFO - Candidates complement: 1 items
2025-05-22 05:12:59,891 - P17020 - INFO - Candidates cep: 1 items
2025-05-22 05:12:59,891 - P17020 - INFO - Após processar URL 17 Uso de memória: 133.77 MB
2025-05-22 05:12:59,891 - P17020 - INFO - Processando URL 18/23: https://www.consultasocio.com/q/sa/pedro-gomes-de-alvarenga
2025-05-22 05:13:05,024 - P17020 - INFO - HTML salvo para debug: data\debug_html_v10\3b186e8d6bcfed71f6bf084302161735.html
2025-05-22 05:13:05,031 - P17020 - INFO - Candidates address: 1 items
2025-05-22 05:13:05,032 - P17020 - INFO - Candidates phone: 0 items
2025-05-22 05:13:05,032 - P17020 - INFO - Candidates email: 3 items
2025-05-22 05:13:05,032 - P17020 - INFO - Candidates complement: 1 items
2025-05-22 05:13:05,032 - P17020 - INFO - Candidates cep: 8 items
2025-05-22 05:13:05,032 - P17020 - INFO - Após processar URL 18 Uso de memória: 133.77 MB
2025-05-22 05:13:05,033 - P17020 - INFO - Processando URL 19/23: https://diariooficial.guarulhos.sp.gov.br/uploads/pdf/2026833923.pdf
2025-05-22 05:13:05,033 - P17020 - INFO - Ignorando URL de arquivo não-HTML: https://diariooficial.guarulhos.sp.gov.br/uploads/pdf/2026833923.pdf
2025-05-22 05:13:05,033 - P17020 - INFO - Após processar URL 19 Uso de memória: 133.77 MB
2025-05-22 05:13:05,033 - P17020 - INFO - Processando URL 20/23: https://www.saobernardo.sp.gov.br/documents/10181/1598718/NM+2377+de+21.07.2023+-++Conte%C3%BAdo+Integral.pdf/a4187432-d1ec-c006-63d4-f49091328fc6
2025-05-22 05:13:05,033 - P17020 - INFO - Ignorando URL de arquivo não-HTML: https://www.saobernardo.sp.gov.br/documents/10181/1598718/NM+2377+de+21.07.2023+-++Conte%C3%BAdo+Integral.pdf/a4187432-d1ec-c006-63d4-f49091328fc6
2025-05-22 05:13:05,034 - P17020 - INFO - Após processar URL 20 Uso de memória: 133.77 MB
2025-05-22 05:13:05,034 - P17020 - INFO - Processando URL 21/23: https://portal-api.campinas.sp.gov.br/sites/default/files/publicacoes-dom/dom/721094562.pdf
2025-05-22 05:13:05,034 - P17020 - INFO - Ignorando URL de arquivo não-HTML: https://portal-api.campinas.sp.gov.br/sites/default/files/publicacoes-dom/dom/721094562.pdf
2025-05-22 05:13:05,034 - P17020 - INFO - Após processar URL 21 Uso de memória: 133.77 MB
2025-05-22 05:13:05,034 - P17020 - INFO - Processando URL 22/23: https://cnpj.biz/10875365000113
2025-05-22 05:13:07,179 - P17020 - INFO - HTML salvo para debug: data\debug_html_v10\0c11be7d3dfc97af8a5f10d7acd7063a.html
2025-05-22 05:13:07,185 - P17020 - INFO - Candidates address: 0 items
2025-05-22 05:13:07,185 - P17020 - INFO - Candidates phone: 0 items
2025-05-22 05:13:07,185 - P17020 - INFO - Candidates email: 0 items
2025-05-22 05:13:07,186 - P17020 - INFO - Candidates complement: 0 items
2025-05-22 05:13:07,187 - P17020 - INFO - Candidates cep: 0 items
2025-05-22 05:13:07,188 - P17020 - INFO - Após processar URL 22 Uso de memória: 133.77 MB
2025-05-22 05:13:07,188 - P17020 - INFO - Processando URL 23/23: https://www.sociosbrasil.com/nome/pedro-gomes-de-alvarenga
2025-05-22 05:13:11,572 - P17020 - INFO - HTML salvo para debug: data\debug_html_v10\e204bc569d8e64dc00bd88245a65b716.html
2025-05-22 05:13:11,579 - P17020 - INFO - Candidates address: 1 items
2025-05-22 05:13:11,579 - P17020 - INFO - Candidates phone: 0 items
2025-05-22 05:13:11,580 - P17020 - INFO - Candidates email: 3 items
2025-05-22 05:13:11,580 - P17020 - INFO - Candidates complement: 1 items
2025-05-22 05:13:11,580 - P17020 - INFO - Candidates cep: 8 items
2025-05-22 05:13:11,580 - P17020 - INFO - Após processar URL 23 Uso de memória: 133.77 MB
2025-05-22 05:13:11,580 - P17020 - INFO - Iniciando agregação e ranqueamento
2025-05-22 05:13:11,581 - P17020 - INFO - Ranked address: 6 items
2025-05-22 05:13:11,581 - P17020 - INFO - Ranked phone: 1 items
2025-05-22 05:13:11,581 - P17020 - INFO - Ranked email: 6 items
2025-05-22 05:13:11,581 - P17020 - INFO - Ranked complement: 2 items
2025-05-22 05:13:11,581 - P17020 - INFO - Ranked cep: 16 items
2025-05-22 05:13:11,581 - P17020 - INFO - Após agregação Uso de memória: 133.77 MB
2025-05-22 05:13:11,581 - P17020 - INFO - Validando endereço: ['Rua Frei Caneca, 1282', 'Avenida Sao Gabriel, 149', 'R. Pio XI, 1500']
2025-05-22 05:13:11,582 - P17020 - INFO - Endereço validado: Rua Frei Caneca, 1282
2025-05-22 05:13:11,582 - P17020 - INFO - Limpando texto extenso para campo address: Rua Frei Caneca, 1282...
2025-05-22 05:13:11,582 - P17020 - INFO - Texto limpo: Rua Frei Caneca, 1282
2025-05-22 05:13:11,582 - P17020 - INFO - Validando telefone: ['(11) 4349-9900']
2025-05-22 05:13:11,582 - P17020 - INFO - Limpando texto extenso para campo phone: (11) 4349-9900...
2025-05-22 05:13:11,583 - P17020 - INFO - Texto limpo: 11) 4349-9900
2025-05-22 05:13:11,583 - P17020 - INFO - Telefone validado: 11) 4349-9900
2025-05-22 05:13:11,583 - P17020 - INFO - Validando email: ['COMERCIAL1@GRUPOAGL.COM.BR', 'JOTAOCTAVIO@GMAIL.COM', 'ZENARI@ZENARI.COM.BR']
2025-05-22 05:13:11,583 - P17020 - INFO - Limpando texto extenso para campo email: COMERCIAL1@GRUPOAGL.COM.BR...
2025-05-22 05:13:11,583 - P17020 - INFO - Texto limpo: comercial1@grupoagl.com.br
2025-05-22 05:13:11,583 - P17020 - INFO - Email validado: comercial1@grupoagl.com.br
2025-05-22 05:13:11,583 - P17020 - INFO - Validando complemento: ['Apt   141 Jardim Paulista', 'Sala 82 CEP: 13015311   19-3232-6436                 O']
2025-05-22 05:13:11,584 - P17020 - INFO - Limpando texto extenso para campo complement: Apt   141 Jardim Paulista...
2025-05-22 05:13:11,584 - P17020 - INFO - Texto limpo: Apt 141 Jardim Paulista
2025-05-22 05:13:11,584 - P17020 - INFO - Complemento validado: Apt 141 Jardim Paulista
2025-05-22 05:13:11,584 - P17020 - INFO - Descobrindo cidade
2025-05-22 05:13:11,584 - P17020 - INFO - Buscando cidade: Rua Frei Caneca cidade SP
2025-05-22 05:13:14,266 - P17020 - WARNING - Cidade não encontrada
2025-05-22 05:13:14,266 - P17020 - INFO - Cidade descoberta: 
2025-05-22 05:13:14,266 - P17020 - INFO - Tempo de execução de processamento completo do médico: 91.32 segundos
2025-05-22 05:13:14,267 - P17020 - INFO - Resultado processado: {'Hash': 'd3664b6a9eb2b33557626f9b7b0360946b459656d04f12f9042ff328ce647d0a', 'CRM': '108334', 'UF': 'SP', 'Firstname': 'PEDRO', 'LastName': 'GOMES DE ALVARENGA', 'Medical specialty': '', 'Endereco Completo A1': 'Rua Frei Caneca, 1282', 'Address A1': 'Rua Frei Caneca', 'Numero A1': '1282', 'Complement A1': 'Apt 141 Jardim Paulista', 'Bairro A1': '', 'postal code A1': '', 'City A1': '', 'State A1': '', 'Phone A1': '11) 4349-9900', 'Phone A2': '', 'Cell phone A1': '', 'Cell phone A2': '', 'E-mail A1': 'comercial1@grupoagl.com.br', 'E-mail A2': '', 'OPT-IN': '', 'STATUS': '', 'LOTE': ''}
2025-05-22 05:13:14,268 - P17020 - INFO - Salvando lote de resultados
2025-05-22 05:13:14,269 - P17020 - INFO - Após salvar resultados Uso de memória: 128.80 MB
2025-05-22 05:13:14,271 - P17020 - INFO - Progresso: 84.9%
2025-05-22 05:13:14,271 - P17020 - INFO - Tempo de execução de processamento do médico 3: 91.32 segundos
2025-05-22 05:13:14,271 - P17020 - INFO - Tempo de execução de processamento do lote completo: 227.99 segundos
