2025-05-22 01:37:25,118 - P14756 - INFO - 
==================================================
Processando médico 1/3
2025-05-22 01:37:25,119 - P14756 - INFO - Nome: LINEKE GONCALVES DIAS
2025-05-22 01:37:25,119 - P14756 - INFO - Reiniciando driver do Chrome
2025-05-22 01:37:26,416 - P14756 - INFO - Após reiniciar driver Uso de memória: 81.21 MB
2025-05-22 01:37:26,417 - P14756 - INFO - Início do processamento Uso de memória: 81.21 MB
2025-05-22 01:37:26,417 - P14756 - INFO - Iniciando busca para: LINEKE GONCALVES DIAS CRM 194770 SP telefone e-mail endereço
2025-05-22 01:37:26,787 - P14756 - INFO - SearX results: 0 URLs
2025-05-22 01:37:26,788 - P14756 - INFO - Após SearX Uso de memória: 81.21 MB
2025-05-22 01:37:29,410 - P14756 - INFO - Google results: 0 URLs
2025-05-22 01:37:29,410 - P14756 - INFO - Após Google Uso de memória: 83.68 MB
2025-05-22 01:37:32,018 - P14756 - INFO - Bing results: 10 URLs
2025-05-22 01:37:32,018 - P14756 - INFO - Após Bing Uso de memória: 86.46 MB
2025-05-22 01:37:32,019 - P14756 - INFO - Total de URLs únicas: 10
2025-05-22 01:37:32,019 - P14756 - INFO - Processando URL 1/10: https://www.sociosbrasil.com/nome/lineke-goncalves-dias
2025-05-22 01:37:35,731 - P14756 - INFO - HTML salvo para debug: data\debug_html_v10\a97d6abf3ae36df70ae7cf1f3602552d.html
2025-05-22 01:37:35,739 - P14756 - INFO - Candidates address: 1 items
2025-05-22 01:37:35,739 - P14756 - INFO - Candidates phone: 0 items
2025-05-22 01:37:35,740 - P14756 - INFO - Candidates email: 1 items
2025-05-22 01:37:35,740 - P14756 - INFO - Candidates complement: 1 items
2025-05-22 01:37:35,740 - P14756 - INFO - Candidates cep: 2 items
2025-05-22 01:37:35,740 - P14756 - INFO - Após processar URL 1 Uso de memória: 86.98 MB
2025-05-22 01:37:35,740 - P14756 - INFO - Processando URL 2/10: https://www.prefeitura.sp.gov.br/cidade/secretarias/upload/saude/cgp/CGP_MEDICOS_MAR2012.pdf
2025-05-22 01:37:35,740 - P14756 - INFO - Ignorando URL de arquivo não-HTML: https://www.prefeitura.sp.gov.br/cidade/secretarias/upload/saude/cgp/CGP_MEDICOS_MAR2012.pdf
2025-05-22 01:37:35,741 - P14756 - INFO - Após processar URL 2 Uso de memória: 86.98 MB
2025-05-22 01:37:35,741 - P14756 - INFO - Processando URL 3/10: https://www.encontrasaopaulo.com.br/agenda/crm-sp/
2025-05-22 01:37:40,986 - P14756 - INFO - HTML salvo para debug: data\debug_html_v10\f96a157f3cde736c20a7c87f788a1d0b.html
2025-05-22 01:37:41,017 - P14756 - INFO - Candidates address: 2 items
2025-05-22 01:37:41,017 - P14756 - INFO - Candidates phone: 2 items
2025-05-22 01:37:41,017 - P14756 - INFO - Candidates email: 0 items
2025-05-22 01:37:41,017 - P14756 - INFO - Candidates complement: 0 items
2025-05-22 01:37:41,017 - P14756 - INFO - Candidates cep: 0 items
2025-05-22 01:37:41,018 - P14756 - INFO - Após processar URL 3 Uso de memória: 89.35 MB
2025-05-22 01:37:41,018 - P14756 - INFO - Processando URL 4/10: https://www.escavador.com/sobre/3882281/lineke-goncalves-dias
2025-05-22 01:37:45,529 - P14756 - INFO - HTML salvo para debug: data\debug_html_v10\33fc6f708768cfb3c33a105cebf97d12.html
2025-05-22 01:37:45,559 - P14756 - INFO - Candidates address: 0 items
2025-05-22 01:37:45,563 - P14756 - INFO - Candidates phone: 0 items
2025-05-22 01:37:45,564 - P14756 - INFO - Candidates email: 0 items
2025-05-22 01:37:45,565 - P14756 - INFO - Candidates complement: 0 items
2025-05-22 01:37:45,566 - P14756 - INFO - Candidates cep: 0 items
2025-05-22 01:37:45,567 - P14756 - INFO - Após processar URL 4 Uso de memória: 87.71 MB
2025-05-22 01:37:45,567 - P14756 - INFO - Processando URL 5/10: http://cremesp.org.br/
2025-05-22 01:37:50,271 - P14756 - INFO - HTML salvo para debug: data\debug_html_v10\2a967318246f9658edeb1e0469c871fe.html
2025-05-22 01:37:50,301 - P14756 - INFO - Candidates address: 1 items
2025-05-22 01:37:50,302 - P14756 - INFO - Candidates phone: 1 items
2025-05-22 01:37:50,303 - P14756 - INFO - Candidates email: 0 items
2025-05-22 01:37:50,303 - P14756 - INFO - Candidates complement: 0 items
2025-05-22 01:37:50,303 - P14756 - INFO - Candidates cep: 2 items
2025-05-22 01:37:50,304 - P14756 - INFO - Após processar URL 5 Uso de memória: 87.72 MB
2025-05-22 01:37:50,305 - P14756 - INFO - Processando URL 6/10: https://guiasaudebrasil.com.br/profissional/5c0f7b5cffbad523-lineke-goncalves-dias/
2025-05-22 01:37:56,032 - P14756 - INFO - HTML salvo para debug: data\debug_html_v10\549ce7bc90d60acb15df2d51055b6932.html
2025-05-22 01:37:56,044 - P14756 - INFO - Candidates address: 0 items
2025-05-22 01:37:56,045 - P14756 - INFO - Candidates phone: 0 items
2025-05-22 01:37:56,045 - P14756 - INFO - Candidates email: 0 items
2025-05-22 01:37:56,045 - P14756 - INFO - Candidates complement: 0 items
2025-05-22 01:37:56,046 - P14756 - INFO - Candidates cep: 1 items
2025-05-22 01:37:56,046 - P14756 - INFO - Após processar URL 6 Uso de memória: 87.76 MB
2025-05-22 01:37:56,047 - P14756 - INFO - Processando URL 7/10: https://guiamedico.cremesp.org.br/
2025-05-22 01:37:58,107 - P14756 - INFO - HTML salvo para debug: data\debug_html_v10\7c54969580769b63edd9abaa952e1fa2.html
2025-05-22 01:37:58,113 - P14756 - INFO - Candidates address: 1 items
2025-05-22 01:37:58,113 - P14756 - INFO - Candidates phone: 1 items
2025-05-22 01:37:58,114 - P14756 - INFO - Candidates email: 0 items
2025-05-22 01:37:58,114 - P14756 - INFO - Candidates complement: 0 items
2025-05-22 01:37:58,114 - P14756 - INFO - Candidates cep: 1 items
2025-05-22 01:37:58,115 - P14756 - INFO - Após processar URL 7 Uso de memória: 87.76 MB
2025-05-22 01:37:58,115 - P14756 - INFO - Processando URL 8/10: https://cliniguia.com/profissionais/lineke-goncalves-dias-705006487832451/
2025-05-22 01:38:03,537 - P14756 - INFO - HTML salvo para debug: data\debug_html_v10\fddba36c95bed176d3e3abd3b8bb61ba.html
2025-05-22 01:38:03,588 - P14756 - INFO - Candidates address: 0 items
2025-05-22 01:38:03,589 - P14756 - INFO - Candidates phone: 0 items
2025-05-22 01:38:03,589 - P14756 - INFO - Candidates email: 0 items
2025-05-22 01:38:03,589 - P14756 - INFO - Candidates complement: 0 items
2025-05-22 01:38:03,589 - P14756 - INFO - Candidates cep: 0 items
2025-05-22 01:38:03,590 - P14756 - INFO - Após processar URL 8 Uso de memória: 89.10 MB
2025-05-22 01:38:03,590 - P14756 - INFO - Processando URL 9/10: https://www.achecerto.com.br/
2025-05-22 01:38:09,697 - P14756 - INFO - HTML salvo para debug: data\debug_html_v10\ceb96e5663cace6f7b35fee1716d7561.html
2025-05-22 01:38:09,713 - P14756 - INFO - Candidates address: 1 items
2025-05-22 01:38:09,713 - P14756 - INFO - Candidates phone: 0 items
2025-05-22 01:38:09,713 - P14756 - INFO - Candidates email: 1 items
2025-05-22 01:38:09,714 - P14756 - INFO - Candidates complement: 0 items
2025-05-22 01:38:09,714 - P14756 - INFO - Candidates cep: 0 items
2025-05-22 01:38:09,714 - P14756 - INFO - Após processar URL 9 Uso de memória: 87.77 MB
2025-05-22 01:38:09,715 - P14756 - INFO - Processando URL 10/10: https://consultacrm.com.br/
2025-05-22 01:38:14,189 - P14756 - INFO - HTML salvo para debug: data\debug_html_v10\65cadeb91ac3713432c21b535990f440.html
2025-05-22 01:38:14,201 - P14756 - INFO - Candidates address: 0 items
2025-05-22 01:38:14,201 - P14756 - INFO - Candidates phone: 0 items
2025-05-22 01:38:14,201 - P14756 - INFO - Candidates email: 0 items
2025-05-22 01:38:14,201 - P14756 - INFO - Candidates complement: 0 items
2025-05-22 01:38:14,201 - P14756 - INFO - Candidates cep: 0 items
2025-05-22 01:38:14,202 - P14756 - INFO - Após processar URL 10 Uso de memória: 87.77 MB
2025-05-22 01:38:14,203 - P14756 - INFO - Iniciando agregação e ranqueamento
2025-05-22 01:38:14,203 - P14756 - INFO - Ranked address: 5 items
2025-05-22 01:38:14,204 - P14756 - INFO - Ranked phone: 2 items
2025-05-22 01:38:14,206 - P14756 - INFO - Ranked email: 2 items
2025-05-22 01:38:14,208 - P14756 - INFO - Ranked complement: 1 items
2025-05-22 01:38:14,209 - P14756 - INFO - Ranked cep: 5 items
2025-05-22 01:38:14,210 - P14756 - INFO - Após agregação Uso de memória: 87.77 MB
2025-05-22 01:38:14,216 - P14756 - INFO - Validando endereço: ['Rua Frei Caneca, 1282', 'Avenida Dr Altino Arantes, 103', 'R. Frei Caneca, 1282']
2025-05-22 01:38:14,217 - P14756 - INFO - Endereço validado: Rua Frei Caneca, 1282
2025-05-22 01:38:14,217 - P14756 - INFO - Limpando texto extenso para campo address: Rua Frei Caneca, 1282...
2025-05-22 01:38:14,218 - P14756 - INFO - Texto limpo: Rua Frei Caneca, 1282
2025-05-22 01:38:14,222 - P14756 - INFO - Validando telefone: ['(11) 4349-9900', '(11) 3675-7104']
2025-05-22 01:38:14,222 - P14756 - INFO - Limpando texto extenso para campo phone: (11) 4349-9900...
2025-05-22 01:38:14,223 - P14756 - INFO - Texto limpo: 11) 4349-9900
2025-05-22 01:38:14,223 - P14756 - INFO - Telefone validado: 11) 4349-9900
2025-05-22 01:38:14,223 - P14756 - INFO - Validando email: ['ELIANENAKATA@YAHOO.COM.BR', 'falecom@achecerto.com.br']
2025-05-22 01:38:14,224 - P14756 - INFO - Limpando texto extenso para campo email: ELIANENAKATA@YAHOO.COM.BR...
2025-05-22 01:38:14,224 - P14756 - INFO - Texto limpo: elianenakata@yahoo.com.br
2025-05-22 01:38:14,224 - P14756 - INFO - Email validado: elianenakata@yahoo.com.br
2025-05-22 01:38:14,224 - P14756 - INFO - Validando complemento: ['Apt   21 Vila Clementino']
2025-05-22 01:38:14,225 - P14756 - INFO - Limpando texto extenso para campo complement: Apt   21 Vila Clementino...
2025-05-22 01:38:14,225 - P14756 - INFO - Texto limpo: Apt 21 Vila Clementino
2025-05-22 01:38:14,228 - P14756 - INFO - Complemento validado: Apt 21 Vila Clementino
2025-05-22 01:38:14,228 - P14756 - INFO - Descobrindo cidade
2025-05-22 01:38:14,228 - P14756 - INFO - Buscando cidade: Rua Frei Caneca cidade SP
2025-05-22 01:38:17,055 - P14756 - WARNING - Cidade não encontrada
2025-05-22 01:38:17,056 - P14756 - INFO - Cidade descoberta: 
2025-05-22 01:38:17,057 - P14756 - INFO - Tempo de execução de processamento completo do médico: 50.64 segundos
2025-05-22 01:38:17,057 - P14756 - INFO - Resultado processado: {'Hash': '54fa438c44c510431be278eb3e99871e4c40fdc62a440702b5b78325fa248e8e', 'CRM': '194770', 'UF': 'SP', 'Firstname': 'LINEKE', 'LastName': 'GONCALVES DIAS', 'Medical specialty': '', 'Endereco Completo A1': 'Rua Frei Caneca, 1282', 'Address A1': 'Rua Frei Caneca', 'Numero A1': '1282', 'Complement A1': 'Apt 21 Vila Clementino', 'Bairro A1': '', 'postal code A1': '', 'City A1': '', 'State A1': '', 'Phone A1': '11) 4349-9900', 'Phone A2': '', 'Cell phone A1': '', 'Cell phone A2': '', 'E-mail A1': 'elianenakata@yahoo.com.br', 'E-mail A2': '', 'OPT-IN': '', 'STATUS': '', 'LOTE': ''}
2025-05-22 01:38:17,060 - P14756 - INFO - Progresso: 6.8%
2025-05-22 01:38:17,060 - P14756 - INFO - Executando coleta de lixo
2025-05-22 01:38:17,111 - P14756 - INFO - Após coleta de lixo Uso de memória: 77.95 MB
2025-05-22 01:38:17,111 - P14756 - INFO - Tempo de execução de processamento do médico 1: 51.99 segundos
2025-05-22 01:38:17,112 - P14756 - INFO - 
==================================================
Processando médico 2/3
2025-05-22 01:38:17,112 - P14756 - INFO - Nome: JULIANA MORAES DIAS
2025-05-22 01:38:17,112 - P14756 - INFO - Início do processamento Uso de memória: 77.95 MB
2025-05-22 01:38:17,112 - P14756 - INFO - Iniciando busca para: JULIANA MORAES DIAS CRM 195546 SP telefone e-mail endereço
2025-05-22 01:38:17,522 - P14756 - INFO - SearX results: 6 URLs
2025-05-22 01:38:17,522 - P14756 - INFO - Após SearX Uso de memória: 77.95 MB
2025-05-22 01:38:20,218 - P14756 - INFO - Google results: 1 URLs
2025-05-22 01:38:20,218 - P14756 - INFO - Após Google Uso de memória: 83.90 MB
2025-05-22 01:38:22,890 - P14756 - INFO - Bing results: 10 URLs
2025-05-22 01:38:22,890 - P14756 - INFO - Após Bing Uso de memória: 86.57 MB
2025-05-22 01:38:22,891 - P14756 - INFO - Total de URLs únicas: 17
2025-05-22 01:38:22,891 - P14756 - INFO - Processando URL 1/17: https://www.auniao.pb.gov.br/servicos/doe/2023/julho/diario-oficial-28-07-2023.pdf
2025-05-22 01:38:22,891 - P14756 - INFO - Ignorando URL de arquivo não-HTML: https://www.auniao.pb.gov.br/servicos/doe/2023/julho/diario-oficial-28-07-2023.pdf
2025-05-22 01:38:22,891 - P14756 - INFO - Após processar URL 1 Uso de memória: 86.57 MB
2025-05-22 01:38:22,891 - P14756 - INFO - Processando URL 2/17: https://guiamedico.cremesp.org.br/
2025-05-22 01:38:25,610 - P14756 - INFO - HTML salvo para debug: data\debug_html_v10\7c54969580769b63edd9abaa952e1fa2.html
2025-05-22 01:38:25,616 - P14756 - INFO - Candidates address: 1 items
2025-05-22 01:38:25,616 - P14756 - INFO - Candidates phone: 1 items
2025-05-22 01:38:25,616 - P14756 - INFO - Candidates email: 0 items
2025-05-22 01:38:25,617 - P14756 - INFO - Candidates complement: 0 items
2025-05-22 01:38:25,617 - P14756 - INFO - Candidates cep: 1 items
2025-05-22 01:38:25,617 - P14756 - INFO - Após processar URL 2 Uso de memória: 86.97 MB
2025-05-22 01:38:25,617 - P14756 - INFO - Processando URL 3/17: https://www.medicosbrasil.com/profissional/juliana-moraes-dias
2025-05-22 01:38:28,931 - P14756 - INFO - HTML salvo para debug: data\debug_html_v10\95b62f2745b5621894ab6f8e63c89839.html
2025-05-22 01:38:28,938 - P14756 - INFO - Candidates address: 0 items
2025-05-22 01:38:28,938 - P14756 - INFO - Candidates phone: 0 items
2025-05-22 01:38:28,938 - P14756 - INFO - Candidates email: 0 items
2025-05-22 01:38:28,938 - P14756 - INFO - Candidates complement: 0 items
2025-05-22 01:38:28,938 - P14756 - INFO - Candidates cep: 0 items
2025-05-22 01:38:28,939 - P14756 - INFO - Após processar URL 3 Uso de memória: 87.48 MB
2025-05-22 01:38:28,939 - P14756 - INFO - Processando URL 4/17: https://www.consultasocio.com/q/sa/juliana-moraes-dias
2025-05-22 01:38:34,241 - P14756 - INFO - HTML salvo para debug: data\debug_html_v10\f5b9b97c9d88852f9821832b1316341b.html
2025-05-22 01:38:34,251 - P14756 - INFO - Candidates address: 3 items
2025-05-22 01:38:34,251 - P14756 - INFO - Candidates phone: 0 items
2025-05-22 01:38:34,251 - P14756 - INFO - Candidates email: 3 items
2025-05-22 01:38:34,251 - P14756 - INFO - Candidates complement: 3 items
2025-05-22 01:38:34,251 - P14756 - INFO - Candidates cep: 6 items
2025-05-22 01:38:34,252 - P14756 - INFO - Após processar URL 4 Uso de memória: 87.62 MB
2025-05-22 01:38:34,252 - P14756 - INFO - Processando URL 5/17: https://www.auniao.pb.gov.br/servicos/doe/2023/julho/diario-oficial-28-07-2023.pdf/@@download/file/Di%C3%A1rio%20Oficial%2028-07-2023.pdf
2025-05-22 01:38:34,252 - P14756 - INFO - Ignorando URL de arquivo não-HTML: https://www.auniao.pb.gov.br/servicos/doe/2023/julho/diario-oficial-28-07-2023.pdf/@@download/file/Di%C3%A1rio%20Oficial%2028-07-2023.pdf
2025-05-22 01:38:34,252 - P14756 - INFO - Após processar URL 5 Uso de memória: 87.62 MB
2025-05-22 01:38:34,252 - P14756 - INFO - Processando URL 6/17: https://osasco.sp.gov.br/site/wp-content/uploads/2015/07/httposasco.sp_.gov_.brcompsec1atosEd1159.pdf
2025-05-22 01:38:34,253 - P14756 - INFO - Ignorando URL de arquivo não-HTML: https://osasco.sp.gov.br/site/wp-content/uploads/2015/07/httposasco.sp_.gov_.brcompsec1atosEd1159.pdf
2025-05-22 01:38:34,253 - P14756 - INFO - Após processar URL 6 Uso de memória: 87.62 MB
2025-05-22 01:38:34,253 - P14756 - INFO - Processando URL 7/17: https://br.todosnegocios.com/pt/dr-juliana-moraes-19-99354-7236
2025-05-22 01:38:37,343 - P14756 - INFO - HTML salvo para debug: data\debug_html_v10\6dd242161974389c6a61fc5f3944f0c3.html
2025-05-22 01:38:37,370 - P14756 - INFO - Candidates address: 6 items
2025-05-22 01:38:37,371 - P14756 - INFO - Candidates phone: 1 items
2025-05-22 01:38:37,371 - P14756 - INFO - Candidates email: 0 items
2025-05-22 01:38:37,371 - P14756 - INFO - Candidates complement: 0 items
2025-05-22 01:38:37,371 - P14756 - INFO - Candidates cep: 3 items
2025-05-22 01:38:37,371 - P14756 - INFO - Após processar URL 7 Uso de memória: 87.91 MB
2025-05-22 01:38:37,371 - P14756 - INFO - Processando URL 8/17: https://cliniguia.com/profissionais/juliana-moraes-dias-700808403309586/
2025-05-22 01:38:42,282 - P14756 - INFO - HTML salvo para debug: data\debug_html_v10\e3f3cc2f943c843b0769b73e611a6711.html
2025-05-22 01:38:42,322 - P14756 - INFO - Candidates address: 0 items
2025-05-22 01:38:42,322 - P14756 - INFO - Candidates phone: 0 items
2025-05-22 01:38:42,322 - P14756 - INFO - Candidates email: 0 items
2025-05-22 01:38:42,322 - P14756 - INFO - Candidates complement: 0 items
2025-05-22 01:38:42,322 - P14756 - INFO - Candidates cep: 0 items
2025-05-22 01:38:42,323 - P14756 - INFO - Após processar URL 8 Uso de memória: 88.48 MB
2025-05-22 01:38:42,323 - P14756 - INFO - Processando URL 9/17: https://ioepa.com.br/pages/2017/2017.06.27.DOE.pdf
2025-05-22 01:38:42,323 - P14756 - INFO - Ignorando URL de arquivo não-HTML: https://ioepa.com.br/pages/2017/2017.06.27.DOE.pdf
2025-05-22 01:38:42,323 - P14756 - INFO - Após processar URL 9 Uso de memória: 88.48 MB
2025-05-22 01:38:42,323 - P14756 - INFO - Processando URL 10/17: https://www.boaconsulta.com/especialista/juliana-moraes-dias-6106d2bca2e00a653a00251a
2025-05-22 01:38:45,603 - P14756 - INFO - HTML salvo para debug: data\debug_html_v10\9311f98b22fd1a9c8ae124b505ba8936.html
2025-05-22 01:38:45,672 - P14756 - INFO - Candidates address: 1 items
2025-05-22 01:38:45,672 - P14756 - INFO - Candidates phone: 0 items
2025-05-22 01:38:45,672 - P14756 - INFO - Candidates email: 0 items
2025-05-22 01:38:45,672 - P14756 - INFO - Candidates complement: 0 items
2025-05-22 01:38:45,672 - P14756 - INFO - Candidates cep: 0 items
2025-05-22 01:38:45,673 - P14756 - INFO - Após processar URL 10 Uso de memória: 89.00 MB
2025-05-22 01:38:45,673 - P14756 - INFO - Processando URL 11/17: https://guiasaudebrasil.com.br/profissional/dcdd7999c01f5c1c-juliana-moraes-dias
2025-05-22 01:38:48,905 - P14756 - INFO - HTML salvo para debug: data\debug_html_v10\6e3f42048afd1a9e7f1e550de96dc6ed.html
2025-05-22 01:38:48,915 - P14756 - INFO - Candidates address: 0 items
2025-05-22 01:38:48,917 - P14756 - INFO - Candidates phone: 0 items
2025-05-22 01:38:48,917 - P14756 - INFO - Candidates email: 0 items
2025-05-22 01:38:48,918 - P14756 - INFO - Candidates complement: 0 items
2025-05-22 01:38:48,918 - P14756 - INFO - Candidates cep: 1 items
2025-05-22 01:38:48,918 - P14756 - INFO - Após processar URL 11 Uso de memória: 82.55 MB
2025-05-22 01:38:48,918 - P14756 - INFO - Processando URL 12/17: http://cremesp.org.br/
2025-05-22 01:38:52,401 - P14756 - INFO - HTML salvo para debug: data\debug_html_v10\2a967318246f9658edeb1e0469c871fe.html
2025-05-22 01:38:52,429 - P14756 - INFO - Candidates address: 1 items
2025-05-22 01:38:52,429 - P14756 - INFO - Candidates phone: 1 items
2025-05-22 01:38:52,429 - P14756 - INFO - Candidates email: 0 items
2025-05-22 01:38:52,429 - P14756 - INFO - Candidates complement: 0 items
2025-05-22 01:38:52,429 - P14756 - INFO - Candidates cep: 2 items
2025-05-22 01:38:52,430 - P14756 - INFO - Após processar URL 12 Uso de memória: 83.46 MB
2025-05-22 01:38:52,430 - P14756 - INFO - Processando URL 13/17: https://focus-library.s3.sa-east-1.amazonaws.com/5333f320-a79d-11e7-be81-833fcc7d70fc/Editais/diario-oficial-28-07-2023.pdf
2025-05-22 01:38:52,430 - P14756 - INFO - Ignorando URL de arquivo não-HTML: https://focus-library.s3.sa-east-1.amazonaws.com/5333f320-a79d-11e7-be81-833fcc7d70fc/Editais/diario-oficial-28-07-2023.pdf
2025-05-22 01:38:52,430 - P14756 - INFO - Após processar URL 13 Uso de memória: 83.46 MB
2025-05-22 01:38:52,430 - P14756 - INFO - Processando URL 14/17: https://www.dioems.com.br/edicoes/01-00-0/00002806/2806-da31e79eba67e9fad1fb463eea56e0ab.pdf
2025-05-22 01:38:52,430 - P14756 - INFO - Ignorando URL de arquivo não-HTML: https://www.dioems.com.br/edicoes/01-00-0/00002806/2806-da31e79eba67e9fad1fb463eea56e0ab.pdf
2025-05-22 01:38:52,430 - P14756 - INFO - Após processar URL 14 Uso de memória: 83.46 MB
2025-05-22 01:38:52,431 - P14756 - INFO - Processando URL 15/17: https://www.medzone.com.br/medicosm/juliana-moraes-dias-sp0195546-clinica-geral/
2025-05-22 01:39:00,198 - P14756 - INFO - HTML salvo para debug: data\debug_html_v10\d7945f13ff09f9eca4a1acc6ee162417.html
2025-05-22 01:39:00,252 - P14756 - INFO - Candidates address: 0 items
2025-05-22 01:39:00,253 - P14756 - INFO - Candidates phone: 1 items
2025-05-22 01:39:00,253 - P14756 - INFO - Candidates email: 1 items
2025-05-22 01:39:00,253 - P14756 - INFO - Candidates complement: 0 items
2025-05-22 01:39:00,253 - P14756 - INFO - Candidates cep: 0 items
2025-05-22 01:39:00,253 - P14756 - INFO - Após processar URL 15 Uso de memória: 85.08 MB
2025-05-22 01:39:00,254 - P14756 - INFO - Processando URL 16/17: https://diasmoraes.com.br/
2025-05-22 01:39:04,708 - P14756 - INFO - HTML salvo para debug: data\debug_html_v10\f99574da0fa20f26c490ac870934afe7.html
2025-05-22 01:39:04,739 - P14756 - INFO - Candidates address: 2 items
2025-05-22 01:39:04,739 - P14756 - INFO - Candidates phone: 1 items
2025-05-22 01:39:04,739 - P14756 - INFO - Candidates email: 1 items
2025-05-22 01:39:04,739 - P14756 - INFO - Candidates complement: 1 items
2025-05-22 01:39:04,740 - P14756 - INFO - Candidates cep: 3 items
2025-05-22 01:39:04,740 - P14756 - INFO - Após processar URL 16 Uso de memória: 85.58 MB
2025-05-22 01:39:04,740 - P14756 - INFO - Processando URL 17/17: https://consultacrm.com.br/
2025-05-22 01:39:08,347 - P14756 - INFO - HTML salvo para debug: data\debug_html_v10\65cadeb91ac3713432c21b535990f440.html
2025-05-22 01:39:08,358 - P14756 - INFO - Candidates address: 0 items
2025-05-22 01:39:08,358 - P14756 - INFO - Candidates phone: 0 items
2025-05-22 01:39:08,358 - P14756 - INFO - Candidates email: 0 items
2025-05-22 01:39:08,358 - P14756 - INFO - Candidates complement: 0 items
2025-05-22 01:39:08,359 - P14756 - INFO - Candidates cep: 0 items
2025-05-22 01:39:08,359 - P14756 - INFO - Após processar URL 17 Uso de memória: 86.31 MB
2025-05-22 01:39:08,359 - P14756 - INFO - Iniciando agregação e ranqueamento
2025-05-22 01:39:08,359 - P14756 - INFO - Ranked address: 13 items
2025-05-22 01:39:08,359 - P14756 - INFO - Ranked phone: 4 items
2025-05-22 01:39:08,359 - P14756 - INFO - Ranked email: 5 items
2025-05-22 01:39:08,360 - P14756 - INFO - Ranked complement: 4 items
2025-05-22 01:39:08,360 - P14756 - INFO - Ranked cep: 15 items
2025-05-22 01:39:08,360 - P14756 - INFO - Após agregação Uso de memória: 86.31 MB
2025-05-22 01:39:08,360 - P14756 - INFO - Validando endereço: ['Rua Frei Caneca, 1282', 'Rua Sta Madalena, 72', 'Avenida Angelica, 2546']
2025-05-22 01:39:08,360 - P14756 - INFO - Endereço validado: Rua Frei Caneca, 1282
2025-05-22 01:39:08,360 - P14756 - INFO - Limpando texto extenso para campo address: Rua Frei Caneca, 1282...
2025-05-22 01:39:08,361 - P14756 - INFO - Texto limpo: Rua Frei Caneca, 1282
2025-05-22 01:39:08,361 - P14756 - INFO - Validando telefone: ['(11) 4349-9900', '(19) 99354-7236', '(08) 00017-7011']
2025-05-22 01:39:08,361 - P14756 - INFO - Limpando texto extenso para campo phone: (11) 4349-9900...
2025-05-22 01:39:08,361 - P14756 - INFO - Texto limpo: 11) 4349-9900
2025-05-22 01:39:08,361 - P14756 - INFO - Telefone validado: 11) 4349-9900
2025-05-22 01:39:08,361 - P14756 - INFO - Validando email: ['LEGAL@ROCHACONSULTE.COM.BR', 'FINANCEIRO@IMEDGROUP.COM.BR', 'CAROLDR.DERMATO@GMAIL.COM']
2025-05-22 01:39:08,362 - P14756 - INFO - Limpando texto extenso para campo email: LEGAL@ROCHACONSULTE.COM.BR...
2025-05-22 01:39:08,362 - P14756 - INFO - Texto limpo: legal@rochaconsulte.com.br
2025-05-22 01:39:08,362 - P14756 - INFO - Email validado: legal@rochaconsulte.com.br
2025-05-22 01:39:08,362 - P14756 - INFO - Validando complemento: ['Apt   905 A Bela Vista', 'Sala  134 Consolacao', 'Sala  1305                Edif  Evolution Umarizal']
2025-05-22 01:39:08,362 - P14756 - INFO - Limpando texto extenso para campo complement: Apt   905 A Bela Vista...
2025-05-22 01:39:08,362 - P14756 - INFO - Texto limpo: Apt 905 A Bela Vista
2025-05-22 01:39:08,363 - P14756 - INFO - Complemento validado: Apt 905 A Bela Vista
2025-05-22 01:39:08,363 - P14756 - INFO - Descobrindo cidade
2025-05-22 01:39:08,363 - P14756 - INFO - Buscando cidade: Rua Frei Caneca cidade SP
2025-05-22 01:39:11,037 - P14756 - WARNING - Cidade não encontrada
2025-05-22 01:39:11,037 - P14756 - INFO - Cidade descoberta: 
2025-05-22 01:39:11,037 - P14756 - INFO - Tempo de execução de processamento completo do médico: 53.93 segundos
2025-05-22 01:39:11,038 - P14756 - INFO - Resultado processado: {'Hash': 'f645410a8020924486ac3e58eebe9b539419ad42a111a9bdb0a6ba76240325d7', 'CRM': '195546', 'UF': 'SP', 'Firstname': 'JULIANA', 'LastName': 'MORAES DIAS', 'Medical specialty': '', 'Endereco Completo A1': 'Rua Frei Caneca, 1282', 'Address A1': 'Rua Frei Caneca', 'Numero A1': '1282', 'Complement A1': 'Apt 905 A Bela Vista', 'Bairro A1': '', 'postal code A1': '', 'City A1': '', 'State A1': '', 'Phone A1': '11) 4349-9900', 'Phone A2': '', 'Cell phone A1': '', 'Cell phone A2': '', 'E-mail A1': 'legal@rochaconsulte.com.br', 'E-mail A2': '', 'OPT-IN': '', 'STATUS': '', 'LOTE': ''}
2025-05-22 01:39:11,038 - P14756 - INFO - Progresso: 7.1%
2025-05-22 01:39:11,039 - P14756 - INFO - Tempo de execução de processamento do médico 2: 53.93 segundos
2025-05-22 01:39:11,039 - P14756 - INFO - 
==================================================
Processando médico 3/3
2025-05-22 01:39:11,039 - P14756 - INFO - Nome: GUSTAVO HENRIQUE GARCIA DE OLIVEIRA
2025-05-22 01:39:11,039 - P14756 - INFO - Início do processamento Uso de memória: 83.24 MB
2025-05-22 01:39:11,039 - P14756 - INFO - Iniciando busca para: GUSTAVO HENRIQUE GARCIA DE OLIVEIRA CRM 206082 SP telefone e-mail endereço
2025-05-22 01:39:11,692 - P14756 - INFO - SearX results: 9 URLs
2025-05-22 01:39:11,692 - P14756 - INFO - Após SearX Uso de memória: 83.24 MB
2025-05-22 01:39:14,572 - P14756 - INFO - Google results: 12 URLs
2025-05-22 01:39:14,572 - P14756 - INFO - Após Google Uso de memória: 85.91 MB
2025-05-22 01:39:17,115 - P14756 - INFO - Bing results: 9 URLs
2025-05-22 01:39:17,115 - P14756 - INFO - Após Bing Uso de memória: 83.39 MB
2025-05-22 01:39:17,115 - P14756 - INFO - Total de URLs únicas: 25
2025-05-22 01:39:17,115 - P14756 - INFO - Processando URL 1/25: https://drhenriquegarciadacosta.com/
2025-05-22 01:39:20,925 - P14756 - INFO - HTML salvo para debug: data\debug_html_v10\6fbe4aee24abea5bb09dc24cc9343aaa.html
2025-05-22 01:39:20,939 - P14756 - INFO - Candidates address: 1 items
2025-05-22 01:39:20,939 - P14756 - INFO - Candidates phone: 0 items
2025-05-22 01:39:20,939 - P14756 - INFO - Candidates email: 0 items
2025-05-22 01:39:20,939 - P14756 - INFO - Candidates complement: 0 items
2025-05-22 01:39:20,939 - P14756 - INFO - Candidates cep: 0 items
2025-05-22 01:39:20,939 - P14756 - INFO - Após processar URL 1 Uso de memória: 83.98 MB
2025-05-22 01:39:20,940 - P14756 - INFO - Processando URL 2/25: https://www.doctoralia.com.br/gustavo-henrique-garcia-de-oliveira/psiquiatra/sao-paulo?utm_source=google&utm_medium=gmb&utm_campaign=697208&utm_content=website
2025-05-22 01:39:20,940 - P14756 - INFO - Ignorando URL de arquivo não-HTML: https://www.doctoralia.com.br/gustavo-henrique-garcia-de-oliveira/psiquiatra/sao-paulo?utm_source=google&utm_medium=gmb&utm_campaign=697208&utm_content=website
2025-05-22 01:39:20,940 - P14756 - INFO - Após processar URL 2 Uso de memória: 83.98 MB
2025-05-22 01:39:20,940 - P14756 - INFO - Processando URL 3/25: https://diariooficial.guarulhos.sp.gov.br/uploads/pdf/1569687706.pdf
2025-05-22 01:39:20,940 - P14756 - INFO - Ignorando URL de arquivo não-HTML: https://diariooficial.guarulhos.sp.gov.br/uploads/pdf/1569687706.pdf
2025-05-22 01:39:20,941 - P14756 - INFO - Após processar URL 3 Uso de memória: 83.98 MB
2025-05-22 01:39:20,941 - P14756 - INFO - Processando URL 4/25: https://web.trf3.jus.br/diario/Consulta/BaixarPdf/17459
2025-05-22 01:39:23,083 - P14756 - INFO - HTML salvo para debug: data\debug_html_v10\a4e0eab8b453e7e2818b75fbb95da587.html
2025-05-22 01:39:23,098 - P14756 - INFO - Candidates address: 1 items
2025-05-22 01:39:23,098 - P14756 - INFO - Candidates phone: 0 items
2025-05-22 01:39:23,098 - P14756 - INFO - Candidates email: 0 items
2025-05-22 01:39:23,098 - P14756 - INFO - Candidates complement: 0 items
2025-05-22 01:39:23,098 - P14756 - INFO - Candidates cep: 0 items
2025-05-22 01:39:23,099 - P14756 - INFO - Após processar URL 4 Uso de memória: 84.10 MB
2025-05-22 01:39:23,099 - P14756 - INFO - Processando URL 5/25: https://www.escavador.com/sobre/715264797/gustavo-henrique-garcia-de-oliveira
2025-05-22 01:39:28,411 - P14756 - INFO - HTML salvo para debug: data\debug_html_v10\153f71a313b9e15f82cf2a04b208f5a7.html
2025-05-22 01:39:28,439 - P14756 - INFO - Candidates address: 1 items
2025-05-22 01:39:28,439 - P14756 - INFO - Candidates phone: 0 items
2025-05-22 01:39:28,439 - P14756 - INFO - Candidates email: 0 items
2025-05-22 01:39:28,440 - P14756 - INFO - Candidates complement: 0 items
2025-05-22 01:39:28,440 - P14756 - INFO - Candidates cep: 0 items
2025-05-22 01:39:28,440 - P14756 - INFO - Após processar URL 5 Uso de memória: 86.52 MB
2025-05-22 01:39:28,440 - P14756 - INFO - Processando URL 6/25: https://guiamedico.cremesp.org.br/
2025-05-22 01:39:31,067 - P14756 - INFO - HTML salvo para debug: data\debug_html_v10\7c54969580769b63edd9abaa952e1fa2.html
2025-05-22 01:39:31,073 - P14756 - INFO - Candidates address: 1 items
2025-05-22 01:39:31,073 - P14756 - INFO - Candidates phone: 1 items
2025-05-22 01:39:31,073 - P14756 - INFO - Candidates email: 0 items
2025-05-22 01:39:31,074 - P14756 - INFO - Candidates complement: 0 items
2025-05-22 01:39:31,074 - P14756 - INFO - Candidates cep: 1 items
2025-05-22 01:39:31,074 - P14756 - INFO - Após processar URL 6 Uso de memória: 86.77 MB
2025-05-22 01:39:31,074 - P14756 - INFO - Processando URL 7/25: https://www.doctoralia.com.br/doencas/transtornos-dissociativos/taboao-da-serra
2025-05-22 01:39:31,075 - P14756 - INFO - Ignorando URL de arquivo não-HTML: https://www.doctoralia.com.br/doencas/transtornos-dissociativos/taboao-da-serra
2025-05-22 01:39:31,075 - P14756 - INFO - Após processar URL 7 Uso de memória: 86.77 MB
2025-05-22 01:39:31,075 - P14756 - INFO - Processando URL 8/25: https://www.careville.com.br/dr-gustavo-oliveira
2025-05-22 01:39:33,734 - P14756 - INFO - HTML salvo para debug: data\debug_html_v10\a1da4b9c44b272c639c795437cb06c66.html
2025-05-22 01:39:33,753 - P14756 - INFO - Candidates address: 0 items
2025-05-22 01:39:33,753 - P14756 - INFO - Candidates phone: 0 items
2025-05-22 01:39:33,754 - P14756 - INFO - Candidates email: 0 items
2025-05-22 01:39:33,754 - P14756 - INFO - Candidates complement: 1 items
2025-05-22 01:39:33,754 - P14756 - INFO - Candidates cep: 1 items
2025-05-22 01:39:33,754 - P14756 - INFO - Após processar URL 8 Uso de memória: 88.32 MB
2025-05-22 01:39:33,755 - P14756 - INFO - Processando URL 9/25: https://diariooficial.guarulhos.sp.gov.br/uploads/pdf/1422390051.pdf
2025-05-22 01:39:33,755 - P14756 - INFO - Ignorando URL de arquivo não-HTML: https://diariooficial.guarulhos.sp.gov.br/uploads/pdf/1422390051.pdf
2025-05-22 01:39:33,755 - P14756 - INFO - Após processar URL 9 Uso de memória: 87.32 MB
2025-05-22 01:39:33,755 - P14756 - INFO - Processando URL 10/25: https://diariooficial.guarulhos.sp.gov.br/uploads/pdf/1648497384.pdf
2025-05-22 01:39:33,755 - P14756 - INFO - Ignorando URL de arquivo não-HTML: https://diariooficial.guarulhos.sp.gov.br/uploads/pdf/1648497384.pdf
2025-05-22 01:39:33,755 - P14756 - INFO - Após processar URL 10 Uso de memória: 87.32 MB
2025-05-22 01:39:33,756 - P14756 - INFO - Processando URL 11/25: https://www.locaisdobrasil.com.br/encontre/psiquiatra/sao-paulo-sp/dr-gustavo-henrique-garcia-de-oliveira-psiquiatra/651ad85287028c0648d06a38
2025-05-22 01:39:41,273 - P14756 - INFO - HTML salvo para debug: data\debug_html_v10\a3c068a09a0f6c00096c6f75064b3160.html
2025-05-22 01:39:41,291 - P14756 - INFO - Candidates address: 2 items
2025-05-22 01:39:41,291 - P14756 - INFO - Candidates phone: 0 items
2025-05-22 01:39:41,291 - P14756 - INFO - Candidates email: 0 items
2025-05-22 01:39:41,291 - P14756 - INFO - Candidates complement: 0 items
2025-05-22 01:39:41,292 - P14756 - INFO - Candidates cep: 1 items
2025-05-22 01:39:41,292 - P14756 - INFO - Após processar URL 11 Uso de memória: 87.69 MB
2025-05-22 01:39:41,292 - P14756 - INFO - Processando URL 12/25: https://www.imprensaoficial.com.br/downloads/pdf/edicao/20240614EXEC3.pdf
2025-05-22 01:39:41,292 - P14756 - INFO - Ignorando URL de arquivo não-HTML: https://www.imprensaoficial.com.br/downloads/pdf/edicao/20240614EXEC3.pdf
2025-05-22 01:39:41,292 - P14756 - INFO - Após processar URL 12 Uso de memória: 87.69 MB
2025-05-22 01:39:41,292 - P14756 - INFO - Processando URL 13/25: https://www.doctoralia.com.br/gustavo-henrique-garcia-de-oliveira/medico-clinico-geral/sao-paulo?prevent-patient-app-banner=true&utm_source=google&utm_medium=gmb&utm_campaign=697208&utm_content=book_visit&hl=pt-BR&gei=9KouaL--DP7P1sQPv4bt8A8&rwg_token=AAiGsobtw14Vya4CVMwZRLkE9OTmLjpC4VRTn5xqy1OfuOEr8ZIXAD9hm2b-0g3JxszsJCIVCWcZR1qtTSOLGCYJDwBY4jfX4A%3D%3D&source=cat#highlight-calendar
2025-05-22 01:39:41,293 - P14756 - INFO - Ignorando URL de arquivo não-HTML: https://www.doctoralia.com.br/gustavo-henrique-garcia-de-oliveira/medico-clinico-geral/sao-paulo?prevent-patient-app-banner=true&utm_source=google&utm_medium=gmb&utm_campaign=697208&utm_content=book_visit&hl=pt-BR&gei=9KouaL--DP7P1sQPv4bt8A8&rwg_token=AAiGsobtw14Vya4CVMwZRLkE9OTmLjpC4VRTn5xqy1OfuOEr8ZIXAD9hm2b-0g3JxszsJCIVCWcZR1qtTSOLGCYJDwBY4jfX4A%3D%3D&source=cat#highlight-calendar
2025-05-22 01:39:41,293 - P14756 - INFO - Após processar URL 13 Uso de memória: 87.69 MB
2025-05-22 01:39:41,293 - P14756 - INFO - Processando URL 14/25: https://www.doctoralia.com.br/gustavo-henrique-garcia-de-oliveira/medico-clinico-geral/sao-paulo
2025-05-22 01:39:41,293 - P14756 - INFO - Ignorando URL de arquivo não-HTML: https://www.doctoralia.com.br/gustavo-henrique-garcia-de-oliveira/medico-clinico-geral/sao-paulo
2025-05-22 01:39:41,293 - P14756 - INFO - Após processar URL 14 Uso de memória: 87.69 MB
2025-05-22 01:39:41,294 - P14756 - INFO - Processando URL 15/25: https://www2.bauru.sp.gov.br/arquivos/sist_diariooficial/2024/12/do_20241221_3929.pdf
2025-05-22 01:39:41,294 - P14756 - INFO - Ignorando URL de arquivo não-HTML: https://www2.bauru.sp.gov.br/arquivos/sist_diariooficial/2024/12/do_20241221_3929.pdf
2025-05-22 01:39:41,294 - P14756 - INFO - Após processar URL 15 Uso de memória: 87.69 MB
2025-05-22 01:39:41,294 - P14756 - INFO - Processando URL 16/25: https://cliniguia.com/profissionais/gustavo-henrique-garcia-de-oliveira-702602763690446/
2025-05-22 01:39:47,413 - P14756 - INFO - HTML salvo para debug: data\debug_html_v10\69dbb6b11c851a2b0e354f40261e6176.html
2025-05-22 01:39:47,453 - P14756 - INFO - Candidates address: 0 items
2025-05-22 01:39:47,454 - P14756 - INFO - Candidates phone: 0 items
2025-05-22 01:39:47,454 - P14756 - INFO - Candidates email: 0 items
2025-05-22 01:39:47,454 - P14756 - INFO - Candidates complement: 0 items
2025-05-22 01:39:47,454 - P14756 - INFO - Candidates cep: 0 items
2025-05-22 01:39:47,454 - P14756 - INFO - Após processar URL 16 Uso de memória: 88.25 MB
2025-05-22 01:39:47,454 - P14756 - INFO - Processando URL 17/25: https://deoab.oab.org.br/assets/diarios/diario-eletronico-oab-06-07-2023.pdf?p=1688648400031
2025-05-22 01:39:47,455 - P14756 - INFO - Ignorando URL de arquivo não-HTML: https://deoab.oab.org.br/assets/diarios/diario-eletronico-oab-06-07-2023.pdf?p=1688648400031
2025-05-22 01:39:47,455 - P14756 - INFO - Após processar URL 17 Uso de memória: 88.25 MB
2025-05-22 01:39:47,455 - P14756 - INFO - Processando URL 18/25: https://diariooficial.guarulhos.sp.gov.br/uploads/pdf/215128287.pdf
2025-05-22 01:39:47,455 - P14756 - INFO - Ignorando URL de arquivo não-HTML: https://diariooficial.guarulhos.sp.gov.br/uploads/pdf/215128287.pdf
2025-05-22 01:39:47,455 - P14756 - INFO - Após processar URL 18 Uso de memória: 88.25 MB
2025-05-22 01:39:47,455 - P14756 - INFO - Processando URL 19/25: https://www.doctoranytime.com.br/d/psiquiatra/gustavo-henrique-garcia-de-oliveira
2025-05-22 01:39:47,456 - P14756 - INFO - Ignorando URL de arquivo não-HTML: https://www.doctoranytime.com.br/d/psiquiatra/gustavo-henrique-garcia-de-oliveira
2025-05-22 01:39:47,456 - P14756 - INFO - Após processar URL 19 Uso de memória: 88.25 MB
2025-05-22 01:39:47,456 - P14756 - INFO - Processando URL 20/25: https://imprensaoficial.jundiai.sp.gov.br/wp-content/uploads/2018/01/EDI%C3%87%C3%83O-4354-10-01-2018-ASSINADO.pdf
2025-05-22 01:39:47,456 - P14756 - INFO - Ignorando URL de arquivo não-HTML: https://imprensaoficial.jundiai.sp.gov.br/wp-content/uploads/2018/01/EDI%C3%87%C3%83O-4354-10-01-2018-ASSINADO.pdf
2025-05-22 01:39:47,456 - P14756 - INFO - Após processar URL 20 Uso de memória: 88.25 MB
2025-05-22 01:39:47,457 - P14756 - INFO - Processando URL 21/25: https://www.benditoguia.com.br/empresa/dr-gustavo-henrique-garcia-de-oliveira-psiquiatra-vila-andrade-sao-paulo-sp
2025-05-22 01:39:50,829 - P14756 - INFO - HTML salvo para debug: data\debug_html_v10\ee1f616b4bf55a4f8fcaec1dac75bea0.html
2025-05-22 01:39:50,849 - P14756 - INFO - Candidates address: 1 items
2025-05-22 01:39:50,849 - P14756 - INFO - Candidates phone: 0 items
2025-05-22 01:39:50,849 - P14756 - INFO - Candidates email: 0 items
2025-05-22 01:39:50,849 - P14756 - INFO - Candidates complement: 0 items
2025-05-22 01:39:50,849 - P14756 - INFO - Candidates cep: 1 items
2025-05-22 01:39:50,850 - P14756 - INFO - Após processar URL 21 Uso de memória: 88.38 MB
2025-05-22 01:39:50,850 - P14756 - INFO - Processando URL 22/25: https://sistemas.tjes.jus.br/ediario/index.php?option=com_ediario&view=contents&layout=fulltext&data=20160119&idorgao=347
2025-05-22 01:39:55,605 - P14756 - WARNING - Página muito grande (3.83MB), truncando
2025-05-22 01:39:55,617 - P14756 - INFO - HTML salvo para debug: data\debug_html_v10\17459f92ae8d29acecc80c81fc1e83a0.html
2025-05-22 01:39:58,593 - P14756 - INFO - Candidates address: 302 items
2025-05-22 01:39:58,593 - P14756 - INFO - Candidates phone: 3 items
2025-05-22 01:39:58,593 - P14756 - INFO - Candidates email: 5 items
2025-05-22 01:39:58,593 - P14756 - INFO - Candidates complement: 4 items
2025-05-22 01:39:58,593 - P14756 - INFO - Candidates cep: 365 items
2025-05-22 01:39:58,594 - P14756 - INFO - Após processar URL 22 Uso de memória: 101.80 MB
2025-05-22 01:39:58,594 - P14756 - INFO - Processando URL 23/25: https://guiasaudebrasil.com.br/unidade/sao-paulo/sao-paulo/0129429-cons-medico-gustavo-henrique-garcia-de-oliveira
2025-05-22 01:40:04,827 - P14756 - INFO - HTML salvo para debug: data\debug_html_v10\f4f7161185574bc2ff0af406c4f3b83a.html
2025-05-22 01:40:04,843 - P14756 - INFO - Candidates address: 1 items
2025-05-22 01:40:04,844 - P14756 - INFO - Candidates phone: 0 items
2025-05-22 01:40:04,844 - P14756 - INFO - Candidates email: 0 items
2025-05-22 01:40:04,845 - P14756 - INFO - Candidates complement: 1 items
2025-05-22 01:40:04,845 - P14756 - INFO - Candidates cep: 2 items
2025-05-22 01:40:04,845 - P14756 - INFO - Após processar URL 23 Uso de memória: 97.87 MB
2025-05-22 01:40:04,845 - P14756 - INFO - Processando URL 24/25: https://www.medicosbrasil.com/profissional/gustavo-henrique-garcia-de-oliveira
2025-05-22 01:40:07,055 - P14756 - INFO - HTML salvo para debug: data\debug_html_v10\515e06d55448e78fd74446a672660460.html
2025-05-22 01:40:07,057 - P14756 - INFO - Candidates address: 0 items
2025-05-22 01:40:07,057 - P14756 - INFO - Candidates phone: 0 items
2025-05-22 01:40:07,057 - P14756 - INFO - Candidates email: 0 items
2025-05-22 01:40:07,058 - P14756 - INFO - Candidates complement: 0 items
2025-05-22 01:40:07,058 - P14756 - INFO - Candidates cep: 0 items
2025-05-22 01:40:07,058 - P14756 - INFO - Após processar URL 24 Uso de memória: 97.90 MB
2025-05-22 01:40:07,058 - P14756 - INFO - Processando URL 25/25: https://consultacrm.com.br/
2025-05-22 01:40:10,537 - P14756 - INFO - HTML salvo para debug: data\debug_html_v10\65cadeb91ac3713432c21b535990f440.html
2025-05-22 01:40:10,550 - P14756 - INFO - Candidates address: 0 items
2025-05-22 01:40:10,550 - P14756 - INFO - Candidates phone: 0 items
2025-05-22 01:40:10,550 - P14756 - INFO - Candidates email: 0 items
2025-05-22 01:40:10,551 - P14756 - INFO - Candidates complement: 0 items
2025-05-22 01:40:10,551 - P14756 - INFO - Candidates cep: 0 items
2025-05-22 01:40:10,551 - P14756 - INFO - Após processar URL 25 Uso de memória: 100.18 MB
2025-05-22 01:40:10,551 - P14756 - INFO - Iniciando agregação e ranqueamento
2025-05-22 01:40:10,551 - P14756 - INFO - Ranked address: 309 items
2025-05-22 01:40:10,551 - P14756 - INFO - Ranked phone: 4 items
2025-05-22 01:40:10,552 - P14756 - INFO - Ranked email: 5 items
2025-05-22 01:40:10,552 - P14756 - INFO - Ranked complement: 6 items
2025-05-22 01:40:10,552 - P14756 - INFO - Ranked cep: 369 items
2025-05-22 01:40:10,552 - P14756 - INFO - Após agregação Uso de memória: 100.18 MB
2025-05-22 01:40:10,552 - P14756 - INFO - Validando endereço: ['Rua Ingaí, 156', 'R. S. . XXXIII Semana Médica - Câncer: Da pesquisa Básica ao Tratamento Personalizado. 2015', 'Rua Frei Caneca, 1282']
2025-05-22 01:40:10,553 - P14756 - INFO - Endereço validado: Rua Ingaí, 156
2025-05-22 01:40:10,553 - P14756 - INFO - Limpando texto extenso para campo address: Rua Ingaí, 156...
2025-05-22 01:40:10,553 - P14756 - INFO - Texto limpo: Rua Ingaí, 156
2025-05-22 01:40:10,553 - P14756 - INFO - Validando telefone: ['(11) 4349-9900', '(27) 3198-3000', '(27) 3198-0550']
2025-05-22 01:40:10,554 - P14756 - INFO - Limpando texto extenso para campo phone: (11) 4349-9900...
2025-05-22 01:40:10,554 - P14756 - INFO - Texto limpo: 11) 4349-9900
2025-05-22 01:40:10,554 - P14756 - INFO - Telefone validado: 11) 4349-9900
2025-05-22 01:40:10,554 - P14756 - INFO - Validando email: ['acamotta@gmail.com', '2criminal-vitoria@tjes.jus.br', '3CIVEL-VITORIA@TJES.JUS.BR']
2025-05-22 01:40:10,554 - P14756 - INFO - Limpando texto extenso para campo email: acamotta@gmail.com...
2025-05-22 01:40:10,554 - P14756 - INFO - Texto limpo: acamotta@gmail.com
2025-05-22 01:40:10,555 - P14756 - INFO - Email validado: acamotta@gmail.com
2025-05-22 01:40:10,555 - P14756 - INFO - Validando complemento: ['Sala: 222 ', 'Conjunto nº 16/2012 (publicado no Diário da Justiça do dia', 'Conjunto nº 13/2014']
2025-05-22 01:40:10,555 - P14756 - INFO - Limpando texto extenso para campo complement: Sala: 222 ...
2025-05-22 01:40:10,555 - P14756 - INFO - Texto limpo: Sala: 222
2025-05-22 01:40:10,555 - P14756 - INFO - Complemento validado: Sala: 222
2025-05-22 01:40:10,555 - P14756 - INFO - Descobrindo cidade
2025-05-22 01:40:10,555 - P14756 - INFO - Buscando cidade: Rua Ingaí cidade SP
2025-05-22 01:40:13,223 - P14756 - INFO - Cidade encontrada: São Paulo
2025-05-22 01:40:13,223 - P14756 - INFO - Limpando texto extenso para campo city: São Paulo...
2025-05-22 01:40:13,223 - P14756 - INFO - Texto limpo: São Paulo
2025-05-22 01:40:13,223 - P14756 - INFO - Cidade descoberta: São Paulo
2025-05-22 01:40:13,224 - P14756 - INFO - Buscando CEP com sistema de cascata
2025-05-22 01:40:13,224 - P14756 - INFO - Iniciando busca de CEP em cascata para: Rua Ingaí, São Paulo, SP
2025-05-22 01:40:13,224 - P14756 - INFO - Método 1: ViaCEP API
2025-05-22 01:40:13,224 - P14756 - INFO - Buscando no ViaCEP: https://viacep.com.br/ws/SP/sao%20paulo/rua%20ingai/json/
2025-05-22 01:40:13,939 - P14756 - INFO - Dados encontrados no ViaCEP: {'cep': '03132-080', 'logradouro': 'Rua Ingaí', 'complemento': '', 'unidade': '', 'bairro': 'Vila Prudente', 'localidade': 'São Paulo', 'uf': 'SP', 'estado': 'São Paulo', 'regiao': 'Sudeste', 'ibge': '3550308', 'gia': '1004', 'ddd': '11', 'siafi': '7107'}
2025-05-22 01:40:13,941 - P14756 - INFO - CEP encontrado via ViaCEP: 03132-080
2025-05-22 01:40:13,941 - P14756 - INFO - Dados de CEP encontrados: {'cep': '03132-080', 'logradouro': 'Rua Ingaí', 'complemento': '', 'unidade': '', 'bairro': 'Vila Prudente', 'localidade': 'São Paulo', 'uf': 'SP', 'estado': 'São Paulo', 'regiao': 'Sudeste', 'ibge': '3550308', 'gia': '1004', 'ddd': '11', 'siafi': '7107'}
2025-05-22 01:40:13,941 - P14756 - INFO - Limpando texto extenso para campo bairro: Vila Prudente...
2025-05-22 01:40:13,942 - P14756 - INFO - Texto limpo: Vila Prudente
2025-05-22 01:40:13,942 - P14756 - INFO - Limpando texto extenso para campo city: São Paulo...
2025-05-22 01:40:13,942 - P14756 - INFO - Texto limpo: São Paulo
2025-05-22 01:40:13,942 - P14756 - INFO - Limpando texto extenso para campo state: SP...
2025-05-22 01:40:13,942 - P14756 - INFO - Texto limpo: SP
2025-05-22 01:40:13,942 - P14756 - INFO - Tempo de execução de processamento completo do médico: 62.90 segundos
2025-05-22 01:40:13,943 - P14756 - INFO - Resultado processado: {'Hash': '4d082580b728d817a888ae5a1e20d6f851869ea0fdc6f7db9467c9763ed49d62', 'CRM': '206082', 'UF': 'SP', 'Firstname': 'GUSTAVO', 'LastName': 'HENRIQUE GARCIA DE OLIVEIRA', 'Medical specialty': '', 'Endereco Completo A1': 'Rua Ingaí, 156', 'Address A1': 'Rua Ingaí', 'Numero A1': '156', 'Complement A1': 'Sala: 222', 'Bairro A1': 'Vila Prudente', 'postal code A1': '03132-080', 'City A1': 'São Paulo', 'State A1': 'SP', 'Phone A1': '11) 4349-9900', 'Phone A2': '', 'Cell phone A1': '', 'Cell phone A2': '', 'E-mail A1': 'acamotta@gmail.com', 'E-mail A2': '', 'OPT-IN': '', 'STATUS': '', 'LOTE': ''}
2025-05-22 01:40:13,944 - P14756 - INFO - Salvando lote de resultados
2025-05-22 01:40:13,945 - P14756 - INFO - Após salvar resultados Uso de memória: 93.81 MB
2025-05-22 01:40:13,946 - P14756 - INFO - Progresso: 7.6%
2025-05-22 01:40:13,946 - P14756 - INFO - Tempo de execução de processamento do médico 3: 62.91 segundos
2025-05-22 01:40:13,946 - P14756 - INFO - Tempo de execução de processamento do lote completo: 168.83 segundos
