2025-05-22 04:24:58,612 - P14756 - INFO - 
==================================================
Processando médico 1/3
2025-05-22 04:24:58,613 - P14756 - INFO - Nome: RAFAEL BRITTO DE MAGALHÃES
2025-05-22 04:24:58,613 - P14756 - INFO - Reiniciando driver do Chrome
2025-05-22 04:24:59,849 - P14756 - INFO - Após reiniciar driver Uso de memória: 119.85 MB
2025-05-22 04:24:59,849 - P14756 - INFO - Início do processamento Uso de memória: 119.85 MB
2025-05-22 04:24:59,850 - P14756 - INFO - Iniciando busca para: RAFAEL BRITTO DE MAGALHÃES CRM 875279 RJ telefone e-mail endereço
2025-05-22 04:25:00,730 - P14756 - INFO - SearX results: 10 URLs
2025-05-22 04:25:00,730 - P14756 - INFO - Após SearX Uso de memória: 119.85 MB
2025-05-22 04:25:03,726 - P14756 - INFO - Google results: 5 URLs
2025-05-22 04:25:03,726 - P14756 - INFO - Após Google Uso de memória: 121.47 MB
2025-05-22 04:25:06,320 - P14756 - INFO - Bing results: 10 URLs
2025-05-22 04:25:06,320 - P14756 - INFO - Após Bing Uso de memória: 120.93 MB
2025-05-22 04:25:06,321 - P14756 - INFO - Total de URLs únicas: 15
2025-05-22 04:25:06,321 - P14756 - INFO - Processando URL 1/15: https://guiasaudebrasil.com.br/unidade/rio-de-janeiro/rio-de-janeiro/9284028-dr-rafael-britto-de-magalhaes
2025-05-22 04:25:12,648 - P14756 - INFO - HTML salvo para debug: data\debug_html_v10\9a11c69d93d5e2b2e31f28b852896692.html
2025-05-22 04:25:12,661 - P14756 - INFO - Candidates address: 1 items
2025-05-22 04:25:12,661 - P14756 - INFO - Candidates phone: 1 items
2025-05-22 04:25:12,661 - P14756 - INFO - Candidates email: 0 items
2025-05-22 04:25:12,661 - P14756 - INFO - Candidates complement: 1 items
2025-05-22 04:25:12,662 - P14756 - INFO - Candidates cep: 1 items
2025-05-22 04:25:12,662 - P14756 - INFO - Após processar URL 1 Uso de memória: 120.93 MB
2025-05-22 04:25:12,662 - P14756 - INFO - Processando URL 2/15: https://clinica.work/especialista/rafael-britto-de-magalhaes-psiquiatra-rio-de-janeiro-rj
2025-05-22 04:25:17,000 - P14756 - INFO - HTML salvo para debug: data\debug_html_v10\dcb3c55580a6f66291049be3525d653a.html
2025-05-22 04:25:17,027 - P14756 - INFO - Candidates address: 0 items
2025-05-22 04:25:17,033 - P14756 - INFO - Candidates phone: 0 items
2025-05-22 04:25:17,049 - P14756 - INFO - Candidates email: 0 items
2025-05-22 04:25:17,051 - P14756 - INFO - Candidates complement: 0 items
2025-05-22 04:25:17,052 - P14756 - INFO - Candidates cep: 0 items
2025-05-22 04:25:17,053 - P14756 - INFO - Após processar URL 2 Uso de memória: 123.22 MB
2025-05-22 04:25:17,054 - P14756 - INFO - Processando URL 3/15: https://www.classemedica.com.br/medico/403286-rafael-britto-de-magalhaes.htm
2025-05-22 04:25:23,864 - P14756 - INFO - HTML salvo para debug: data\debug_html_v10\d40d479d570b18dc538cd53dbce65c3b.html
2025-05-22 04:25:23,895 - P14756 - INFO - Candidates address: 0 items
2025-05-22 04:25:23,895 - P14756 - INFO - Candidates phone: 0 items
2025-05-22 04:25:23,896 - P14756 - INFO - Candidates email: 0 items
2025-05-22 04:25:23,896 - P14756 - INFO - Candidates complement: 0 items
2025-05-22 04:25:23,896 - P14756 - INFO - Candidates cep: 0 items
2025-05-22 04:25:23,896 - P14756 - INFO - Após processar URL 3 Uso de memória: 122.38 MB
2025-05-22 04:25:23,897 - P14756 - INFO - Processando URL 4/15: https://agendarconsulta.com/perfil/dr-rafael-britto-de-magalhaes-1543523206
2025-05-22 04:25:28,971 - P14756 - INFO - HTML salvo para debug: data\debug_html_v10\3e6338fedf62cde3096077d2211e97a8.html
2025-05-22 04:25:29,004 - P14756 - INFO - Candidates address: 0 items
2025-05-22 04:25:29,005 - P14756 - INFO - Candidates phone: 0 items
2025-05-22 04:25:29,005 - P14756 - INFO - Candidates email: 0 items
2025-05-22 04:25:29,005 - P14756 - INFO - Candidates complement: 0 items
2025-05-22 04:25:29,006 - P14756 - INFO - Candidates cep: 1 items
2025-05-22 04:25:29,006 - P14756 - INFO - Após processar URL 4 Uso de memória: 120.96 MB
2025-05-22 04:25:29,007 - P14756 - INFO - Processando URL 5/15: https://www.medicosbrasil.com/profissional/rafael-britto-de-magalhaes
2025-05-22 04:25:31,434 - P14756 - INFO - HTML salvo para debug: data\debug_html_v10\c2e7c5e0d9970cbfb2f43a809c34ac4a.html
2025-05-22 04:25:31,457 - P14756 - INFO - Candidates address: 0 items
2025-05-22 04:25:31,457 - P14756 - INFO - Candidates phone: 0 items
2025-05-22 04:25:31,457 - P14756 - INFO - Candidates email: 0 items
2025-05-22 04:25:31,457 - P14756 - INFO - Candidates complement: 0 items
2025-05-22 04:25:31,458 - P14756 - INFO - Candidates cep: 0 items
2025-05-22 04:25:31,458 - P14756 - INFO - Após processar URL 5 Uso de memória: 121.87 MB
2025-05-22 04:25:31,458 - P14756 - INFO - Processando URL 6/15: https://melhores.com/psiquiatra/rio-de-janeiro/rafael-britto-de-magalhaes
2025-05-22 04:25:34,862 - P14756 - INFO - HTML salvo para debug: data\debug_html_v10\e7abc82b3f82d2ca11f559632fa621ee.html
2025-05-22 04:25:34,864 - P14756 - INFO - Candidates address: 0 items
2025-05-22 04:25:34,865 - P14756 - INFO - Candidates phone: 0 items
2025-05-22 04:25:34,865 - P14756 - INFO - Candidates email: 0 items
2025-05-22 04:25:34,865 - P14756 - INFO - Candidates complement: 0 items
2025-05-22 04:25:34,865 - P14756 - INFO - Candidates cep: 0 items
2025-05-22 04:25:34,866 - P14756 - INFO - Após processar URL 6 Uso de memória: 120.96 MB
2025-05-22 04:25:34,866 - P14756 - INFO - Processando URL 7/15: https://www.consultacrm.com.br/index/medicos/uid-823fe710-f5c5-11ec-9e74-0a4aa568c625/rafael_britto_de_magalhaes
2025-05-22 04:25:39,133 - P14756 - INFO - HTML salvo para debug: data\debug_html_v10\ee4c8919a2f1f40288ca4c3c0d1ad3bd.html
2025-05-22 04:25:39,144 - P14756 - INFO - Candidates address: 0 items
2025-05-22 04:25:39,145 - P14756 - INFO - Candidates phone: 0 items
2025-05-22 04:25:39,145 - P14756 - INFO - Candidates email: 0 items
2025-05-22 04:25:39,146 - P14756 - INFO - Candidates complement: 0 items
2025-05-22 04:25:39,146 - P14756 - INFO - Candidates cep: 0 items
2025-05-22 04:25:39,146 - P14756 - INFO - Após processar URL 7 Uso de memória: 121.73 MB
2025-05-22 04:25:39,147 - P14756 - INFO - Processando URL 8/15: https://www.boaconsulta.com/especialista/rafael-britto-de-magalhaes-6105e1009b22ae37a20013bc
2025-05-22 04:25:42,702 - P14756 - INFO - HTML salvo para debug: data\debug_html_v10\8fb72053cb2f45a3e21e8269e71b2c14.html
2025-05-22 04:25:42,769 - P14756 - INFO - Candidates address: 8 items
2025-05-22 04:25:42,770 - P14756 - INFO - Candidates phone: 0 items
2025-05-22 04:25:42,770 - P14756 - INFO - Candidates email: 0 items
2025-05-22 04:25:42,770 - P14756 - INFO - Candidates complement: 3 items
2025-05-22 04:25:42,771 - P14756 - INFO - Candidates cep: 0 items
2025-05-22 04:25:42,771 - P14756 - INFO - Após processar URL 8 Uso de memória: 122.04 MB
2025-05-22 04:25:42,771 - P14756 - INFO - Processando URL 9/15: https://www.doctoralia.com.br/psiquiatra/rio-de-janeiro/geap-saude
2025-05-22 04:25:42,771 - P14756 - INFO - Ignorando URL de arquivo não-HTML: https://www.doctoralia.com.br/psiquiatra/rio-de-janeiro/geap-saude
2025-05-22 04:25:42,772 - P14756 - INFO - Após processar URL 9 Uso de memória: 121.34 MB
2025-05-22 04:25:42,772 - P14756 - INFO - Processando URL 10/15: https://cliniguia.com/unidades/rio-de-janeiro-rj/dr-rafael-britto-de-magalhaes-9284028/
2025-05-22 04:25:48,501 - P14756 - INFO - HTML salvo para debug: data\debug_html_v10\f45baddc90a555c5b1c68fb000e16e62.html
2025-05-22 04:25:48,553 - P14756 - INFO - Candidates address: 0 items
2025-05-22 04:25:48,553 - P14756 - INFO - Candidates phone: 1 items
2025-05-22 04:25:48,553 - P14756 - INFO - Candidates email: 1 items
2025-05-22 04:25:48,554 - P14756 - INFO - Candidates complement: 0 items
2025-05-22 04:25:48,554 - P14756 - INFO - Candidates cep: 1 items
2025-05-22 04:25:48,554 - P14756 - INFO - Após processar URL 10 Uso de memória: 123.29 MB
2025-05-22 04:25:48,554 - P14756 - INFO - Processando URL 11/15: https://www.escavador.com/sobre/11276387/rafael-britto-de-magalhaes
2025-05-22 04:25:52,327 - P14756 - INFO - HTML salvo para debug: data\debug_html_v10\9d8ef4686c2bbf6b88a5f1f7d35f721b.html
2025-05-22 04:25:52,345 - P14756 - INFO - Candidates address: 0 items
2025-05-22 04:25:52,345 - P14756 - INFO - Candidates phone: 0 items
2025-05-22 04:25:52,347 - P14756 - INFO - Candidates email: 0 items
2025-05-22 04:25:52,347 - P14756 - INFO - Candidates complement: 0 items
2025-05-22 04:25:52,348 - P14756 - INFO - Candidates cep: 0 items
2025-05-22 04:25:52,348 - P14756 - INFO - Após processar URL 11 Uso de memória: 122.22 MB
2025-05-22 04:25:52,348 - P14756 - INFO - Processando URL 12/15: https://doutorcrm.com/rafael-britto-de-magalhaes
2025-05-22 04:25:57,263 - P14756 - INFO - HTML salvo para debug: data\debug_html_v10\14973a06a6bb18fb3190a514abc1b561.html
2025-05-22 04:25:57,270 - P14756 - INFO - Candidates address: 0 items
2025-05-22 04:25:57,271 - P14756 - INFO - Candidates phone: 0 items
2025-05-22 04:25:57,271 - P14756 - INFO - Candidates email: 0 items
2025-05-22 04:25:57,271 - P14756 - INFO - Candidates complement: 0 items
2025-05-22 04:25:57,271 - P14756 - INFO - Candidates cep: 0 items
2025-05-22 04:25:57,271 - P14756 - INFO - Após processar URL 12 Uso de memória: 122.22 MB
2025-05-22 04:25:57,271 - P14756 - INFO - Processando URL 13/15: https://www.redescredenciadas.com.br/perfil/rafael-britto-de-magalhaes-rj-2875279
2025-05-22 04:26:02,585 - P14756 - INFO - HTML salvo para debug: data\debug_html_v10\9466f65067042a024698638e865dca21.html
2025-05-22 04:26:02,591 - P14756 - INFO - Candidates address: 0 items
2025-05-22 04:26:02,591 - P14756 - INFO - Candidates phone: 4 items
2025-05-22 04:26:02,592 - P14756 - INFO - Candidates email: 0 items
2025-05-22 04:26:02,592 - P14756 - INFO - Candidates complement: 0 items
2025-05-22 04:26:02,592 - P14756 - INFO - Candidates cep: 1 items
2025-05-22 04:26:02,592 - P14756 - INFO - Após processar URL 13 Uso de memória: 122.22 MB
2025-05-22 04:26:02,592 - P14756 - INFO - Processando URL 14/15: https://www.doctoralia.com.br/rafael-britto-de-magalhaes/psiquiatra/rio-de-janeiro
2025-05-22 04:26:02,592 - P14756 - INFO - Ignorando URL de arquivo não-HTML: https://www.doctoralia.com.br/rafael-britto-de-magalhaes/psiquiatra/rio-de-janeiro
2025-05-22 04:26:02,592 - P14756 - INFO - Após processar URL 14 Uso de memória: 122.22 MB
2025-05-22 04:26:02,593 - P14756 - INFO - Processando URL 15/15: https://guiasaudebrasil.com.br/unidade/rio-de-janeiro/rio-de-janeiro/9284028-dr-rafael-britto-de-magalhaes/profissionais/medico-psiquiatra
2025-05-22 04:26:06,953 - P14756 - INFO - HTML salvo para debug: data\debug_html_v10\82a5297dd4eabdaf2620bb828a4900cf.html
2025-05-22 04:26:06,963 - P14756 - INFO - Candidates address: 1 items
2025-05-22 04:26:06,963 - P14756 - INFO - Candidates phone: 1 items
2025-05-22 04:26:06,964 - P14756 - INFO - Candidates email: 0 items
2025-05-22 04:26:06,964 - P14756 - INFO - Candidates complement: 1 items
2025-05-22 04:26:06,964 - P14756 - INFO - Candidates cep: 1 items
2025-05-22 04:26:06,964 - P14756 - INFO - Após processar URL 15 Uso de memória: 122.22 MB
2025-05-22 04:26:06,964 - P14756 - INFO - Iniciando agregação e ranqueamento
2025-05-22 04:26:06,965 - P14756 - INFO - Ranked address: 9 items
2025-05-22 04:26:06,965 - P14756 - INFO - Ranked phone: 5 items
2025-05-22 04:26:06,965 - P14756 - INFO - Ranked email: 1 items
2025-05-22 04:26:06,965 - P14756 - INFO - Ranked complement: 4 items
2025-05-22 04:26:06,965 - P14756 - INFO - Ranked cep: 3 items
2025-05-22 04:26:06,965 - P14756 - INFO - Após agregação Uso de memória: 122.22 MB
2025-05-22 04:26:06,965 - P14756 - INFO - Validando endereço: ['Avenida Nossa Sra de Copacabana 330 Sala 301 Bairro: Copacabana CEP:', 'Rua Gonzaga Bastos, 224', 'Rua Visconde De Ouro Preto, 5']
2025-05-22 04:26:06,965 - P14756 - INFO - Endereço validado: Avenida Nossa Sra de Copacabana 330 Sala 301 Bairro: Copacabana CEP:
2025-05-22 04:26:06,966 - P14756 - INFO - Limpando texto extenso para campo address: Avenida Nossa Sra de Copacabana 330 Sala 301 Bairr...
2025-05-22 04:26:06,966 - P14756 - INFO - Texto limpo: Avenida Nossa Sra de Copacabana 330 Sala 301 Bairro: Copacabana CEP:
2025-05-22 04:26:06,966 - P14756 - INFO - Validando telefone: ['(21) 2255-285', '(21) 2255-2857', '(21) 98999-3122']
2025-05-22 04:26:06,966 - P14756 - INFO - Limpando texto extenso para campo phone: (21) 2255-2857...
2025-05-22 04:26:06,966 - P14756 - INFO - Texto limpo: 21) 2255-2857
2025-05-22 04:26:06,966 - P14756 - INFO - Telefone validado: 21) 2255-2857
2025-05-22 04:26:06,966 - P14756 - INFO - Validando email: ['rafabritto.com@gmail.com']
2025-05-22 04:26:06,966 - P14756 - INFO - Limpando texto extenso para campo email: rafabritto.com@gmail.com...
2025-05-22 04:26:06,967 - P14756 - INFO - Texto limpo: rafabritto.com@gmail.com
2025-05-22 04:26:06,967 - P14756 - INFO - Email validado: rafabritto.com@gmail.com
2025-05-22 04:26:06,967 - P14756 - INFO - Validando complemento: ['Sala 301 Bairro:  Copacabana CEP:  22020-001 Municipio', 'Sala 1009 Copacabana', 'Sala 101 - Térreo']
2025-05-22 04:26:06,967 - P14756 - INFO - Limpando texto extenso para campo complement: Sala 301 Bairro:  Copacabana CEP:  22020-001 Munic...
2025-05-22 04:26:06,967 - P14756 - INFO - Texto limpo: Sala 301 Bairro: Copacabana C
2025-05-22 04:26:06,967 - P14756 - INFO - Complemento validado: Sala 301 Bairro: Copacabana C
2025-05-22 04:26:06,967 - P14756 - INFO - Descobrindo cidade
2025-05-22 04:26:06,967 - P14756 - INFO - Buscando cidade: Avenida Nossa Sra de Copacabana 330 Sala 301 Bairro: Copacabana CEP: cidade RJ
2025-05-22 04:26:09,715 - P14756 - WARNING - Cidade não encontrada
2025-05-22 04:26:09,715 - P14756 - INFO - Cidade descoberta: 
2025-05-22 04:26:09,715 - P14756 - INFO - Tempo de execução de processamento completo do médico: 69.87 segundos
2025-05-22 04:26:09,716 - P14756 - INFO - Resultado processado: {'Hash': 'd3876abea3339af7374f9477bc88ae11a2a028a2d590d2b5b32810e33088eb9f', 'CRM': '875279', 'UF': 'RJ', 'Firstname': 'RAFAEL', 'LastName': 'BRITTO DE MAGALHÃES', 'Medical specialty': '', 'Endereco Completo A1': 'Avenida Nossa Sra de Copacabana 330 Sala 301 Bairro: Copacabana CEP:', 'Address A1': 'Avenida Nossa Sra de Copacabana 330 Sala 301 Bairro: Copacabana CEP:', 'Numero A1': '', 'Complement A1': 'Sala 301 Bairro: Copacabana C', 'Bairro A1': '', 'postal code A1': '', 'City A1': '', 'State A1': '', 'Phone A1': '21) 2255-2857', 'Phone A2': '', 'Cell phone A1': '', 'Cell phone A2': '', 'E-mail A1': 'rafabritto.com@gmail.com', 'E-mail A2': '', 'OPT-IN': '', 'STATUS': '', 'LOTE': ''}
2025-05-22 04:26:09,717 - P14756 - INFO - Progresso: 68.7%
2025-05-22 04:26:09,717 - P14756 - INFO - Executando coleta de lixo
2025-05-22 04:26:09,754 - P14756 - INFO - Após coleta de lixo Uso de memória: 110.12 MB
2025-05-22 04:26:09,754 - P14756 - INFO - Tempo de execução de processamento do médico 1: 71.14 segundos
2025-05-22 04:26:09,755 - P14756 - INFO - 
==================================================
Processando médico 2/3
2025-05-22 04:26:09,755 - P14756 - INFO - Nome: EMILIA GUIMARÃES ALVES
2025-05-22 04:26:09,755 - P14756 - INFO - Início do processamento Uso de memória: 110.12 MB
2025-05-22 04:26:09,755 - P14756 - INFO - Iniciando busca para: EMILIA GUIMARÃES ALVES CRM 904350 RJ telefone e-mail endereço
2025-05-22 04:26:10,581 - P14756 - INFO - SearX results: 9 URLs
2025-05-22 04:26:10,581 - P14756 - INFO - Após SearX Uso de memória: 110.12 MB
2025-05-22 04:26:13,075 - P14756 - INFO - Google results: 1 URLs
2025-05-22 04:26:13,075 - P14756 - INFO - Após Google Uso de memória: 113.33 MB
2025-05-22 04:26:15,574 - P14756 - INFO - Bing results: 15 URLs
2025-05-22 04:26:15,574 - P14756 - INFO - Após Bing Uso de memória: 115.69 MB
2025-05-22 04:26:15,575 - P14756 - INFO - Total de URLs únicas: 19
2025-05-22 04:26:15,575 - P14756 - INFO - Processando URL 1/19: https://www.consultacrm.com.br/index/contato
2025-05-22 04:26:18,528 - P14756 - INFO - HTML salvo para debug: data\debug_html_v10\770622092e11df0ef8d0ed5d383f74a3.html
2025-05-22 04:26:18,540 - P14756 - INFO - Candidates address: 0 items
2025-05-22 04:26:18,540 - P14756 - INFO - Candidates phone: 0 items
2025-05-22 04:26:18,541 - P14756 - INFO - Candidates email: 0 items
2025-05-22 04:26:18,541 - P14756 - INFO - Candidates complement: 0 items
2025-05-22 04:26:18,542 - P14756 - INFO - Candidates cep: 0 items
2025-05-22 04:26:18,542 - P14756 - INFO - Após processar URL 1 Uso de memória: 116.91 MB
2025-05-22 04:26:18,542 - P14756 - INFO - Processando URL 2/19: https://guiamedico.cremesp.org.br/
2025-05-22 04:26:21,715 - P14756 - INFO - HTML salvo para debug: data\debug_html_v10\7c54969580769b63edd9abaa952e1fa2.html
2025-05-22 04:26:21,722 - P14756 - INFO - Candidates address: 1 items
2025-05-22 04:26:21,722 - P14756 - INFO - Candidates phone: 1 items
2025-05-22 04:26:21,722 - P14756 - INFO - Candidates email: 0 items
2025-05-22 04:26:21,722 - P14756 - INFO - Candidates complement: 0 items
2025-05-22 04:26:21,722 - P14756 - INFO - Candidates cep: 1 items
2025-05-22 04:26:21,723 - P14756 - INFO - Após processar URL 2 Uso de memória: 117.10 MB
2025-05-22 04:26:21,723 - P14756 - INFO - Processando URL 3/19: https://doutorcrm.com/
2025-05-22 04:26:24,333 - P14756 - INFO - HTML salvo para debug: data\debug_html_v10\f650e4106d6b0c34ccf0db5be7fc5ddd.html
2025-05-22 04:26:24,339 - P14756 - INFO - Candidates address: 0 items
2025-05-22 04:26:24,339 - P14756 - INFO - Candidates phone: 0 items
2025-05-22 04:26:24,339 - P14756 - INFO - Candidates email: 0 items
2025-05-22 04:26:24,339 - P14756 - INFO - Candidates complement: 0 items
2025-05-22 04:26:24,339 - P14756 - INFO - Candidates cep: 0 items
2025-05-22 04:26:24,340 - P14756 - INFO - Após processar URL 3 Uso de memória: 117.09 MB
2025-05-22 04:26:24,340 - P14756 - INFO - Processando URL 4/19: https://www.consultacrm.com.br/index/especialidades
2025-05-22 04:26:27,346 - P14756 - INFO - HTML salvo para debug: data\debug_html_v10\3cb327d5e0f962fa7a1db5a948fb6f40.html
2025-05-22 04:26:27,552 - P14756 - INFO - Candidates address: 0 items
2025-05-22 04:26:27,553 - P14756 - INFO - Candidates phone: 0 items
2025-05-22 04:26:27,554 - P14756 - INFO - Candidates email: 0 items
2025-05-22 04:26:27,554 - P14756 - INFO - Candidates complement: 0 items
2025-05-22 04:26:27,554 - P14756 - INFO - Candidates cep: 0 items
2025-05-22 04:26:27,555 - P14756 - INFO - Após processar URL 4 Uso de memória: 117.29 MB
2025-05-22 04:26:27,556 - P14756 - INFO - Processando URL 5/19: https://www.portaltransparencia.gov.br/pessoa-fisica/busca/lista
2025-05-22 04:26:29,793 - P14756 - INFO - HTML salvo para debug: data\debug_html_v10\e200cdf64b71d4c9248718dd155b3edb.html
2025-05-22 04:26:29,838 - P14756 - INFO - Candidates address: 0 items
2025-05-22 04:26:29,838 - P14756 - INFO - Candidates phone: 0 items
2025-05-22 04:26:29,838 - P14756 - INFO - Candidates email: 0 items
2025-05-22 04:26:29,838 - P14756 - INFO - Candidates complement: 0 items
2025-05-22 04:26:29,839 - P14756 - INFO - Candidates cep: 0 items
2025-05-22 04:26:29,839 - P14756 - INFO - Após processar URL 5 Uso de memória: 117.37 MB
2025-05-22 04:26:29,839 - P14756 - INFO - Processando URL 6/19: https://crmvirtual.cfm.org.br/ES/servico/pesquisar-por-medico
2025-05-22 04:26:32,125 - P14756 - INFO - HTML salvo para debug: data\debug_html_v10\0ff8b0bf2c6dbb46c836bac9c0cf4a16.html
2025-05-22 04:26:32,137 - P14756 - INFO - Candidates address: 0 items
2025-05-22 04:26:32,137 - P14756 - INFO - Candidates phone: 0 items
2025-05-22 04:26:32,137 - P14756 - INFO - Candidates email: 0 items
2025-05-22 04:26:32,137 - P14756 - INFO - Candidates complement: 0 items
2025-05-22 04:26:32,138 - P14756 - INFO - Candidates cep: 0 items
2025-05-22 04:26:32,138 - P14756 - INFO - Após processar URL 6 Uso de memória: 117.41 MB
2025-05-22 04:26:32,138 - P14756 - INFO - Processando URL 7/19: https://www.rededorsaoluiz.com.br/encontre-um-medico/nutrologo/em/resende-rj
2025-05-22 04:26:44,175 - P14756 - INFO - HTML salvo para debug: data\debug_html_v10\31effd123b70870121bcc0a60f3d5b1f.html
2025-05-22 04:26:44,329 - P14756 - INFO - Candidates address: 1 items
2025-05-22 04:26:44,336 - P14756 - INFO - Candidates phone: 1 items
2025-05-22 04:26:44,337 - P14756 - INFO - Candidates email: 0 items
2025-05-22 04:26:44,338 - P14756 - INFO - Candidates complement: 0 items
2025-05-22 04:26:44,341 - P14756 - INFO - Candidates cep: 0 items
2025-05-22 04:26:44,343 - P14756 - INFO - Após processar URL 7 Uso de memória: 120.12 MB
2025-05-22 04:26:44,344 - P14756 - INFO - Processando URL 8/19: https://www.cremerj.org.br/
2025-05-22 04:26:49,152 - P14756 - INFO - HTML salvo para debug: data\debug_html_v10\57d5b230cbdcf7d719e9b2b2f238c4f1.html
2025-05-22 04:26:49,205 - P14756 - INFO - Candidates address: 0 items
2025-05-22 04:26:49,206 - P14756 - INFO - Candidates phone: 2 items
2025-05-22 04:26:49,206 - P14756 - INFO - Candidates email: 0 items
2025-05-22 04:26:49,206 - P14756 - INFO - Candidates complement: 0 items
2025-05-22 04:26:49,206 - P14756 - INFO - Candidates cep: 3 items
2025-05-22 04:26:49,207 - P14756 - INFO - Após processar URL 8 Uso de memória: 117.92 MB
2025-05-22 04:26:49,207 - P14756 - INFO - Processando URL 9/19: http://www.transparencia.cremerj.org.br:8098/planejamento/registroMedico/pesquisar
2025-05-22 04:26:51,611 - P14756 - INFO - HTML salvo para debug: data\debug_html_v10\19128e1d0b16c1bd37c280ce751655f7.html
2025-05-22 04:26:51,632 - P14756 - INFO - Candidates address: 0 items
2025-05-22 04:26:51,632 - P14756 - INFO - Candidates phone: 1 items
2025-05-22 04:26:51,632 - P14756 - INFO - Candidates email: 0 items
2025-05-22 04:26:51,632 - P14756 - INFO - Candidates complement: 0 items
2025-05-22 04:26:51,632 - P14756 - INFO - Candidates cep: 1 items
2025-05-22 04:26:51,633 - P14756 - INFO - Após processar URL 9 Uso de memória: 118.02 MB
2025-05-22 04:26:51,633 - P14756 - INFO - Processando URL 10/19: https://www.consultacrm.com.br/?uf=SP
2025-05-22 04:26:55,681 - P14756 - INFO - HTML salvo para debug: data\debug_html_v10\60d20285cf74ceed0f862951f9b2b598.html
2025-05-22 04:26:55,694 - P14756 - INFO - Candidates address: 0 items
2025-05-22 04:26:55,695 - P14756 - INFO - Candidates phone: 0 items
2025-05-22 04:26:55,698 - P14756 - INFO - Candidates email: 0 items
2025-05-22 04:26:55,699 - P14756 - INFO - Candidates complement: 0 items
2025-05-22 04:26:55,699 - P14756 - INFO - Candidates cep: 0 items
2025-05-22 04:26:55,700 - P14756 - INFO - Após processar URL 10 Uso de memória: 118.50 MB
2025-05-22 04:26:55,700 - P14756 - INFO - Processando URL 11/19: https://www.consultacrm.com.br/index/profissionais
2025-05-22 04:26:58,508 - P14756 - INFO - HTML salvo para debug: data\debug_html_v10\ca7ac6c4b85cee4a2c1da9949f895117.html
2025-05-22 04:26:58,520 - P14756 - INFO - Candidates address: 0 items
2025-05-22 04:26:58,524 - P14756 - INFO - Candidates phone: 0 items
2025-05-22 04:26:58,524 - P14756 - INFO - Candidates email: 0 items
2025-05-22 04:26:58,525 - P14756 - INFO - Candidates complement: 0 items
2025-05-22 04:26:58,525 - P14756 - INFO - Candidates cep: 0 items
2025-05-22 04:26:58,526 - P14756 - INFO - Após processar URL 11 Uso de memória: 118.58 MB
2025-05-22 04:26:58,526 - P14756 - INFO - Processando URL 12/19: https://www.consultacrm.com.br/index/maisvistos
2025-05-22 04:27:00,719 - P14756 - INFO - HTML salvo para debug: data\debug_html_v10\9a17d88beef1266c6e4649221409a571.html
2025-05-22 04:27:00,729 - P14756 - INFO - Candidates address: 0 items
2025-05-22 04:27:00,729 - P14756 - INFO - Candidates phone: 0 items
2025-05-22 04:27:00,729 - P14756 - INFO - Candidates email: 0 items
2025-05-22 04:27:00,730 - P14756 - INFO - Candidates complement: 0 items
2025-05-22 04:27:00,730 - P14756 - INFO - Candidates cep: 0 items
2025-05-22 04:27:00,730 - P14756 - INFO - Após processar URL 12 Uso de memória: 118.66 MB
2025-05-22 04:27:00,730 - P14756 - INFO - Processando URL 13/19: https://www.consultacrm.com.br/index/sis_login
2025-05-22 04:27:04,288 - P14756 - INFO - HTML salvo para debug: data\debug_html_v10\e56926aa25e0582d5c5b8aa167ed4b53.html
2025-05-22 04:27:04,297 - P14756 - INFO - Candidates address: 0 items
2025-05-22 04:27:04,298 - P14756 - INFO - Candidates phone: 0 items
2025-05-22 04:27:04,298 - P14756 - INFO - Candidates email: 0 items
2025-05-22 04:27:04,298 - P14756 - INFO - Candidates complement: 0 items
2025-05-22 04:27:04,298 - P14756 - INFO - Candidates cep: 0 items
2025-05-22 04:27:04,298 - P14756 - INFO - Após processar URL 13 Uso de memória: 118.66 MB
2025-05-22 04:27:04,299 - P14756 - INFO - Processando URL 14/19: https://sistemacremerj.com.br/crmonline/SifaOnLineServicosPublicosAction.do?metodo=servicoPublicoProfissionais
2025-05-22 04:27:07,186 - P14756 - INFO - HTML salvo para debug: data\debug_html_v10\00ef532bee75671887e028b1935f98b3.html
2025-05-22 04:27:07,208 - P14756 - INFO - Candidates address: 0 items
2025-05-22 04:27:07,208 - P14756 - INFO - Candidates phone: 1 items
2025-05-22 04:27:07,208 - P14756 - INFO - Candidates email: 0 items
2025-05-22 04:27:07,209 - P14756 - INFO - Candidates complement: 0 items
2025-05-22 04:27:07,209 - P14756 - INFO - Candidates cep: 1 items
2025-05-22 04:27:07,209 - P14756 - INFO - Após processar URL 14 Uso de memória: 118.66 MB
2025-05-22 04:27:07,209 - P14756 - INFO - Processando URL 15/19: https://portal.cfm.org.br/busca-medicos
2025-05-22 04:27:11,394 - P14756 - INFO - HTML salvo para debug: data\debug_html_v10\e28ae84aaa177d1328f3a0d1fb68449f.html
2025-05-22 04:27:11,432 - P14756 - INFO - Candidates address: 0 items
2025-05-22 04:27:11,432 - P14756 - INFO - Candidates phone: 0 items
2025-05-22 04:27:11,432 - P14756 - INFO - Candidates email: 1 items
2025-05-22 04:27:11,432 - P14756 - INFO - Candidates complement: 1 items
2025-05-22 04:27:11,432 - P14756 - INFO - Candidates cep: 1 items
2025-05-22 04:27:11,433 - P14756 - INFO - Após processar URL 15 Uso de memória: 118.67 MB
2025-05-22 04:27:11,433 - P14756 - INFO - Processando URL 16/19: https://cidesp.com.br/artigo/consulta-ao-crm-rj/
2025-05-22 04:27:16,751 - P14756 - INFO - HTML salvo para debug: data\debug_html_v10\157531d103ea6b55b68f8f1a84b4a63c.html
2025-05-22 04:27:16,762 - P14756 - INFO - Candidates address: 0 items
2025-05-22 04:27:16,762 - P14756 - INFO - Candidates phone: 0 items
2025-05-22 04:27:16,762 - P14756 - INFO - Candidates email: 0 items
2025-05-22 04:27:16,762 - P14756 - INFO - Candidates complement: 0 items
2025-05-22 04:27:16,763 - P14756 - INFO - Candidates cep: 0 items
2025-05-22 04:27:16,763 - P14756 - INFO - Após processar URL 16 Uso de memória: 118.68 MB
2025-05-22 04:27:16,763 - P14756 - INFO - Processando URL 17/19: https://www.consultacrm.com.br/index/api
2025-05-22 04:27:20,158 - P14756 - INFO - HTML salvo para debug: data\debug_html_v10\a1f22ffdf7e0eb1c02e28e1e38d3db87.html
2025-05-22 04:27:20,169 - P14756 - INFO - Candidates address: 0 items
2025-05-22 04:27:20,169 - P14756 - INFO - Candidates phone: 0 items
2025-05-22 04:27:20,170 - P14756 - INFO - Candidates email: 0 items
2025-05-22 04:27:20,170 - P14756 - INFO - Candidates complement: 0 items
2025-05-22 04:27:20,171 - P14756 - INFO - Candidates cep: 0 items
2025-05-22 04:27:20,171 - P14756 - INFO - Após processar URL 17 Uso de memória: 119.41 MB
2025-05-22 04:27:20,172 - P14756 - INFO - Processando URL 18/19: https://consultacrm.com.br/
2025-05-22 04:27:23,487 - P14756 - INFO - HTML salvo para debug: data\debug_html_v10\65cadeb91ac3713432c21b535990f440.html
2025-05-22 04:27:23,499 - P14756 - INFO - Candidates address: 0 items
2025-05-22 04:27:23,499 - P14756 - INFO - Candidates phone: 0 items
2025-05-22 04:27:23,499 - P14756 - INFO - Candidates email: 0 items
2025-05-22 04:27:23,499 - P14756 - INFO - Candidates complement: 0 items
2025-05-22 04:27:23,500 - P14756 - INFO - Candidates cep: 0 items
2025-05-22 04:27:23,500 - P14756 - INFO - Após processar URL 18 Uso de memória: 119.07 MB
2025-05-22 04:27:23,500 - P14756 - INFO - Processando URL 19/19: https://www.consultacrm.com.br/index/medicos/uid-955cbabb-f5c5-11ec-9e74-0a4aa568c625/emilia_guiomar_franco_reis_goncalves
2025-05-22 04:27:26,973 - P14756 - INFO - HTML salvo para debug: data\debug_html_v10\62247c74bec8a6a8318d6fc063dba7ed.html
2025-05-22 04:27:26,981 - P14756 - INFO - Candidates address: 0 items
2025-05-22 04:27:26,982 - P14756 - INFO - Candidates phone: 0 items
2025-05-22 04:27:26,982 - P14756 - INFO - Candidates email: 0 items
2025-05-22 04:27:26,982 - P14756 - INFO - Candidates complement: 0 items
2025-05-22 04:27:26,982 - P14756 - INFO - Candidates cep: 0 items
2025-05-22 04:27:26,982 - P14756 - INFO - Após processar URL 19 Uso de memória: 119.11 MB
2025-05-22 04:27:26,982 - P14756 - INFO - Iniciando agregação e ranqueamento
2025-05-22 04:27:26,990 - P14756 - INFO - Ranked address: 2 items
2025-05-22 04:27:26,991 - P14756 - INFO - Ranked phone: 4 items
2025-05-22 04:27:26,992 - P14756 - INFO - Ranked email: 1 items
2025-05-22 04:27:26,992 - P14756 - INFO - Ranked complement: 1 items
2025-05-22 04:27:26,992 - P14756 - INFO - Ranked cep: 5 items
2025-05-22 04:27:26,993 - P14756 - INFO - Após agregação Uso de memória: 119.11 MB
2025-05-22 04:27:26,993 - P14756 - INFO - Validando endereço: ['Rua Frei Caneca, 1282', 'Rua Agulhas Negras, 319']
2025-05-22 04:27:26,993 - P14756 - INFO - Endereço validado: Rua Frei Caneca, 1282
2025-05-22 04:27:26,993 - P14756 - INFO - Limpando texto extenso para campo address: Rua Frei Caneca, 1282...
2025-05-22 04:27:26,994 - P14756 - INFO - Texto limpo: Rua Frei Caneca, 1282
2025-05-22 04:27:26,994 - P14756 - INFO - Validando telefone: ['(21) 3184-7050', '(11) 4349-9900', '3003-3230']
2025-05-22 04:27:26,994 - P14756 - INFO - Limpando texto extenso para campo phone: (21) 3184-7050...
2025-05-22 04:27:26,996 - P14756 - INFO - Texto limpo: 21) 3184-7050
2025-05-22 04:27:26,996 - P14756 - INFO - Telefone validado: 21) 3184-7050
2025-05-22 04:27:26,996 - P14756 - INFO - Validando email: ['cfm@portalmedico.org.br']
2025-05-22 04:27:26,997 - P14756 - INFO - Limpando texto extenso para campo email: cfm@portalmedico.org.br...
2025-05-22 04:27:26,997 - P14756 - INFO - Texto limpo: cfm@portalmedico.org.br
2025-05-22 04:27:26,997 - P14756 - INFO - Email validado: cfm@portalmedico.org.br
2025-05-22 04:27:26,998 - P14756 - INFO - Validando complemento: ['Conjunto D']
2025-05-22 04:27:26,998 - P14756 - INFO - Limpando texto extenso para campo complement: Conjunto D...
2025-05-22 04:27:26,998 - P14756 - INFO - Texto limpo: Conjunto D
2025-05-22 04:27:26,998 - P14756 - INFO - Complemento validado: Conjunto D
2025-05-22 04:27:26,998 - P14756 - INFO - Descobrindo cidade
2025-05-22 04:27:26,998 - P14756 - INFO - Buscando cidade: Rua Frei Caneca cidade RJ
2025-05-22 04:27:29,649 - P14756 - WARNING - Cidade não encontrada
2025-05-22 04:27:29,656 - P14756 - INFO - Cidade descoberta: 
2025-05-22 04:27:29,672 - P14756 - INFO - Tempo de execução de processamento completo do médico: 79.92 segundos
2025-05-22 04:27:29,677 - P14756 - INFO - Resultado processado: {'Hash': 'fa268adcda6bf215f5307f176fd0bfaf8ebc24b2f0d05ff3a07eb89948820c75', 'CRM': '904350', 'UF': 'RJ', 'Firstname': 'EMILIA', 'LastName': 'GUIMARÃES ALVES', 'Medical specialty': '', 'Endereco Completo A1': 'Rua Frei Caneca, 1282', 'Address A1': 'Rua Frei Caneca', 'Numero A1': '1282', 'Complement A1': 'Conjunto D', 'Bairro A1': '', 'postal code A1': '', 'City A1': '', 'State A1': '', 'Phone A1': '21) 3184-7050', 'Phone A2': '', 'Cell phone A1': '', 'Cell phone A2': '', 'E-mail A1': 'cfm@portalmedico.org.br', 'E-mail A2': '', 'OPT-IN': '', 'STATUS': '', 'LOTE': ''}
2025-05-22 04:27:29,691 - P14756 - INFO - Progresso: 69.2%
2025-05-22 04:27:29,692 - P14756 - INFO - Tempo de execução de processamento do médico 2: 79.94 segundos
2025-05-22 04:27:29,692 - P14756 - INFO - 
==================================================
Processando médico 3/3
2025-05-22 04:27:29,693 - P14756 - INFO - Nome: MARCOS ANTÔNIO DOS SANTOS
2025-05-22 04:27:29,693 - P14756 - INFO - Início do processamento Uso de memória: 119.14 MB
2025-05-22 04:27:29,693 - P14756 - INFO - Iniciando busca para: MARCOS ANTÔNIO DOS SANTOS CRM 916803 RJ telefone e-mail endereço
2025-05-22 04:27:30,538 - P14756 - INFO - SearX results: 14 URLs
2025-05-22 04:27:30,542 - P14756 - INFO - Após SearX Uso de memória: 119.14 MB
2025-05-22 04:27:33,169 - P14756 - INFO - Google results: 14 URLs
2025-05-22 04:27:33,169 - P14756 - INFO - Após Google Uso de memória: 121.22 MB
2025-05-22 04:27:35,630 - P14756 - INFO - Bing results: 10 URLs
2025-05-22 04:27:35,631 - P14756 - INFO - Após Bing Uso de memória: 121.25 MB
2025-05-22 04:27:35,631 - P14756 - INFO - Total de URLs únicas: 26
2025-05-22 04:27:35,631 - P14756 - INFO - Processando URL 1/26: https://www.doctoralia.com.br/marcos-antonio-pereira-dos-santos-2/cirurgiao-geral/cabo-frio
2025-05-22 04:27:35,631 - P14756 - INFO - Ignorando URL de arquivo não-HTML: https://www.doctoralia.com.br/marcos-antonio-pereira-dos-santos-2/cirurgiao-geral/cabo-frio
2025-05-22 04:27:35,631 - P14756 - INFO - Após processar URL 1 Uso de memória: 121.25 MB
2025-05-22 04:27:35,631 - P14756 - INFO - Processando URL 2/26: https://www.escavador.com/sobre/8753667/marcos-antonio-dos-santos
2025-05-22 04:27:39,235 - P14756 - INFO - HTML salvo para debug: data\debug_html_v10\96214baa668c4636999f42107aecbb76.html
2025-05-22 04:27:39,256 - P14756 - INFO - Candidates address: 0 items
2025-05-22 04:27:39,256 - P14756 - INFO - Candidates phone: 0 items
2025-05-22 04:27:39,256 - P14756 - INFO - Candidates email: 0 items
2025-05-22 04:27:39,256 - P14756 - INFO - Candidates complement: 0 items
2025-05-22 04:27:39,256 - P14756 - INFO - Candidates cep: 0 items
2025-05-22 04:27:39,257 - P14756 - INFO - Após processar URL 2 Uso de memória: 120.85 MB
2025-05-22 04:27:39,257 - P14756 - INFO - Processando URL 3/26: https://www.medicosbrasil.com/profissional/marcos-antonio-dos-santos-lopes
2025-05-22 04:27:41,452 - P14756 - INFO - HTML salvo para debug: data\debug_html_v10\e26464985761d55fde21f4f992bb4340.html
2025-05-22 04:27:41,454 - P14756 - INFO - Candidates address: 0 items
2025-05-22 04:27:41,455 - P14756 - INFO - Candidates phone: 0 items
2025-05-22 04:27:41,455 - P14756 - INFO - Candidates email: 0 items
2025-05-22 04:27:41,456 - P14756 - INFO - Candidates complement: 0 items
2025-05-22 04:27:41,456 - P14756 - INFO - Candidates cep: 0 items
2025-05-22 04:27:41,457 - P14756 - INFO - Após processar URL 3 Uso de memória: 120.88 MB
2025-05-22 04:27:41,457 - P14756 - INFO - Processando URL 4/26: https://www.doctoralia.com.br/marcos-antonio-dos-santos-lopes/ortopedista-traumatologista/rio-de-janeiro
2025-05-22 04:27:41,457 - P14756 - INFO - Ignorando URL de arquivo não-HTML: https://www.doctoralia.com.br/marcos-antonio-dos-santos-lopes/ortopedista-traumatologista/rio-de-janeiro
2025-05-22 04:27:41,457 - P14756 - INFO - Após processar URL 4 Uso de memória: 120.88 MB
2025-05-22 04:27:41,457 - P14756 - INFO - Processando URL 5/26: https://doutorcrm.com/marco-antonio-dos-santos-flores
2025-05-22 04:27:45,555 - P14756 - INFO - HTML salvo para debug: data\debug_html_v10\056c40e62d786461b4507257b320b3fd.html
2025-05-22 04:27:45,564 - P14756 - INFO - Candidates address: 1 items
2025-05-22 04:27:45,564 - P14756 - INFO - Candidates phone: 0 items
2025-05-22 04:27:45,564 - P14756 - INFO - Candidates email: 0 items
2025-05-22 04:27:45,564 - P14756 - INFO - Candidates complement: 0 items
2025-05-22 04:27:45,564 - P14756 - INFO - Candidates cep: 0 items
2025-05-22 04:27:45,565 - P14756 - INFO - Após processar URL 5 Uso de memória: 121.02 MB
2025-05-22 04:27:45,565 - P14756 - INFO - Processando URL 6/26: https://www.doctoralia.com.br/marcos-antonio-dos-santos-2/ortopedista-traumatologista/duque-de-caxias
2025-05-22 04:27:45,565 - P14756 - INFO - Ignorando URL de arquivo não-HTML: https://www.doctoralia.com.br/marcos-antonio-dos-santos-2/ortopedista-traumatologista/duque-de-caxias
2025-05-22 04:27:45,565 - P14756 - INFO - Após processar URL 6 Uso de memória: 121.02 MB
2025-05-22 04:27:45,565 - P14756 - INFO - Processando URL 7/26: https://www.escavador.com/sobre/9276586/marcos-antonio-dos-santos
2025-05-22 04:27:48,631 - P14756 - INFO - HTML salvo para debug: data\debug_html_v10\e96b4fdaa2434451e78ec423f3d60355.html
2025-05-22 04:27:48,648 - P14756 - INFO - Candidates address: 0 items
2025-05-22 04:27:48,649 - P14756 - INFO - Candidates phone: 0 items
2025-05-22 04:27:48,649 - P14756 - INFO - Candidates email: 0 items
2025-05-22 04:27:48,649 - P14756 - INFO - Candidates complement: 0 items
2025-05-22 04:27:48,649 - P14756 - INFO - Candidates cep: 0 items
2025-05-22 04:27:48,650 - P14756 - INFO - Após processar URL 7 Uso de memória: 121.02 MB
2025-05-22 04:27:48,650 - P14756 - INFO - Processando URL 8/26: https://crefito5.org.br/midias/Edital_Notificacao_e_Intimacao_anuidade2021_Crefito5.pdf
2025-05-22 04:27:48,650 - P14756 - INFO - Ignorando URL de arquivo não-HTML: https://crefito5.org.br/midias/Edital_Notificacao_e_Intimacao_anuidade2021_Crefito5.pdf
2025-05-22 04:27:48,650 - P14756 - INFO - Após processar URL 8 Uso de memória: 121.02 MB
2025-05-22 04:27:48,650 - P14756 - INFO - Processando URL 9/26: https://www.ioepa.com.br/pages/2023/2023.03.21.DOE.pdf
2025-05-22 04:27:48,650 - P14756 - INFO - Ignorando URL de arquivo não-HTML: https://www.ioepa.com.br/pages/2023/2023.03.21.DOE.pdf
2025-05-22 04:27:48,651 - P14756 - INFO - Após processar URL 9 Uso de memória: 121.02 MB
2025-05-22 04:27:48,651 - P14756 - INFO - Processando URL 10/26: https://www.catalogo.med.br/doutor/marco-antonio-dos-santos-flores-18800.htm
2025-05-22 04:27:50,815 - P14756 - INFO - HTML salvo para debug: data\debug_html_v10\f01b637064d4ead32bda80936aa64f90.html
2025-05-22 04:27:50,816 - P14756 - INFO - Candidates address: 0 items
2025-05-22 04:27:50,817 - P14756 - INFO - Candidates phone: 0 items
2025-05-22 04:27:50,817 - P14756 - INFO - Candidates email: 1 items
2025-05-22 04:27:50,817 - P14756 - INFO - Candidates complement: 0 items
2025-05-22 04:27:50,817 - P14756 - INFO - Candidates cep: 0 items
2025-05-22 04:27:50,817 - P14756 - INFO - Após processar URL 10 Uso de memória: 121.02 MB
2025-05-22 04:27:50,818 - P14756 - INFO - Processando URL 11/26: https://www.boaconsulta.com/especialista/marcos-antonio-dos-santos-5f2c7472aa410f00c70023cd
2025-05-22 04:27:52,930 - P14756 - INFO - HTML salvo para debug: data\debug_html_v10\37ba8f872c74a779b3f688a0bedde3c7.html
2025-05-22 04:27:52,997 - P14756 - INFO - Candidates address: 4 items
2025-05-22 04:27:52,997 - P14756 - INFO - Candidates phone: 0 items
2025-05-22 04:27:52,997 - P14756 - INFO - Candidates email: 0 items
2025-05-22 04:27:52,997 - P14756 - INFO - Candidates complement: 0 items
2025-05-22 04:27:52,998 - P14756 - INFO - Candidates cep: 0 items
2025-05-22 04:27:52,999 - P14756 - INFO - Após processar URL 11 Uso de memória: 121.71 MB
2025-05-22 04:27:53,000 - P14756 - INFO - Processando URL 12/26: https://cliniguia.com/unidades/rio-de-janeiro-rj/marcos-1035924/
2025-05-22 04:28:24,373 - P14756 - INFO - HTML salvo para debug: data\debug_html_v10\2a338f1fed8fbcfd01b57e33df6b4f46.html
2025-05-22 04:28:24,422 - P14756 - INFO - Candidates address: 1 items
2025-05-22 04:28:24,422 - P14756 - INFO - Candidates phone: 0 items
2025-05-22 04:28:24,422 - P14756 - INFO - Candidates email: 1 items
2025-05-22 04:28:24,422 - P14756 - INFO - Candidates complement: 0 items
2025-05-22 04:28:24,422 - P14756 - INFO - Candidates cep: 2 items
2025-05-22 04:28:24,423 - P14756 - INFO - Após processar URL 12 Uso de memória: 121.41 MB
2025-05-22 04:28:24,423 - P14756 - INFO - Processando URL 13/26: https://ssp.ba.gov.br/wp-content/uploads/2024/04/doe_2024-04-19_completo.pdf
2025-05-22 04:28:24,423 - P14756 - INFO - Ignorando URL de arquivo não-HTML: https://ssp.ba.gov.br/wp-content/uploads/2024/04/doe_2024-04-19_completo.pdf
2025-05-22 04:28:24,423 - P14756 - INFO - Após processar URL 13 Uso de memória: 120.68 MB
2025-05-22 04:28:24,423 - P14756 - INFO - Processando URL 14/26: https://www.doctoralia.com.br/marco-antonio-dos-santos/dentista/belo-horizonte
2025-05-22 04:28:24,423 - P14756 - INFO - Ignorando URL de arquivo não-HTML: https://www.doctoralia.com.br/marco-antonio-dos-santos/dentista/belo-horizonte
2025-05-22 04:28:24,423 - P14756 - INFO - Após processar URL 14 Uso de memória: 120.68 MB
2025-05-22 04:28:24,424 - P14756 - INFO - Processando URL 15/26: https://www.doctoralia.com.br/marcos-antonio-dos-santos/dentista/passa-quatro
2025-05-22 04:28:24,424 - P14756 - INFO - Ignorando URL de arquivo não-HTML: https://www.doctoralia.com.br/marcos-antonio-dos-santos/dentista/passa-quatro
2025-05-22 04:28:24,424 - P14756 - INFO - Após processar URL 15 Uso de memória: 120.68 MB
2025-05-22 04:28:24,424 - P14756 - INFO - Processando URL 16/26: https://clinicavasculare.com.br/sobre/
2025-05-22 04:28:32,741 - P14756 - INFO - HTML salvo para debug: data\debug_html_v10\dceed7743401117d2191181b077dfaa0.html
2025-05-22 04:28:32,759 - P14756 - INFO - Candidates address: 1 items
2025-05-22 04:28:32,760 - P14756 - INFO - Candidates phone: 1 items
2025-05-22 04:28:32,760 - P14756 - INFO - Candidates email: 0 items
2025-05-22 04:28:32,760 - P14756 - INFO - Candidates complement: 1 items
2025-05-22 04:28:32,760 - P14756 - INFO - Candidates cep: 1 items
2025-05-22 04:28:32,761 - P14756 - INFO - Após processar URL 16 Uso de memória: 120.71 MB
2025-05-22 04:28:32,761 - P14756 - INFO - Processando URL 17/26: https://forcainvicta.com.br/wp-content/uploads/2023/10/doe_2023-10-12_completo.pdf
2025-05-22 04:28:32,761 - P14756 - INFO - Ignorando URL de arquivo não-HTML: https://forcainvicta.com.br/wp-content/uploads/2023/10/doe_2023-10-12_completo.pdf
2025-05-22 04:28:32,761 - P14756 - INFO - Após processar URL 17 Uso de memória: 120.71 MB
2025-05-22 04:28:32,762 - P14756 - INFO - Processando URL 18/26: https://rem.line.med.br/profissional/dr-marcos-antonio-martins-dos-santos-junior
2025-05-22 04:28:39,263 - P14756 - INFO - HTML salvo para debug: data\debug_html_v10\7a3a23de0c2bba79aedde720851d4605.html
2025-05-22 04:28:39,281 - P14756 - INFO - Candidates address: 0 items
2025-05-22 04:28:39,281 - P14756 - INFO - Candidates phone: 2 items
2025-05-22 04:28:39,281 - P14756 - INFO - Candidates email: 0 items
2025-05-22 04:28:39,282 - P14756 - INFO - Candidates complement: 1 items
2025-05-22 04:28:39,282 - P14756 - INFO - Candidates cep: 2 items
2025-05-22 04:28:39,282 - P14756 - INFO - Após processar URL 18 Uso de memória: 120.73 MB
2025-05-22 04:28:39,282 - P14756 - INFO - Processando URL 19/26: https://www.editorajuspodivm.com.br/authors/page/view/id/188/
2025-05-22 04:28:47,216 - P14756 - INFO - HTML salvo para debug: data\debug_html_v10\3f0df9d3f4ab663cd96afab3bb816cd4.html
2025-05-22 04:28:47,368 - P14756 - INFO - Candidates address: 1 items
2025-05-22 04:28:47,368 - P14756 - INFO - Candidates phone: 0 items
2025-05-22 04:28:47,368 - P14756 - INFO - Candidates email: 2 items
2025-05-22 04:28:47,368 - P14756 - INFO - Candidates complement: 0 items
2025-05-22 04:28:47,368 - P14756 - INFO - Candidates cep: 1 items
2025-05-22 04:28:47,369 - P14756 - INFO - Após processar URL 19 Uso de memória: 121.78 MB
2025-05-22 04:28:47,369 - P14756 - INFO - Processando URL 20/26: https://acervo.arquivopublico.sc.gov.br/uploads/r/arquivo-publico-do-estado-de-santa-catarina-apesc/3/d/9/3d998d8f3a7c913cdf4f9a26dab02a8015856004d1cb5c858bfbec14c03789cd/215477f2-4ecd-4280-8fea-6077aba4c491-15755-DOE_18380_13_06_2008_60F.pdf
2025-05-22 04:28:47,369 - P14756 - INFO - Ignorando URL de arquivo não-HTML: https://acervo.arquivopublico.sc.gov.br/uploads/r/arquivo-publico-do-estado-de-santa-catarina-apesc/3/d/9/3d998d8f3a7c913cdf4f9a26dab02a8015856004d1cb5c858bfbec14c03789cd/215477f2-4ecd-4280-8fea-6077aba4c491-15755-DOE_18380_13_06_2008_60F.pdf
2025-05-22 04:28:47,369 - P14756 - INFO - Após processar URL 20 Uso de memória: 120.73 MB
2025-05-22 04:28:47,369 - P14756 - INFO - Processando URL 21/26: https://www.consultacrm.com.br/index/medicos/uid-8b473dd1-f5c5-11ec-9e74-0a4aa568c625/marcos_antonio_dos_santos
2025-05-22 04:28:51,155 - P14756 - INFO - HTML salvo para debug: data\debug_html_v10\a0acf8a2ae5dd8d0db39d4da24814ccb.html
2025-05-22 04:28:51,164 - P14756 - INFO - Candidates address: 0 items
2025-05-22 04:28:51,165 - P14756 - INFO - Candidates phone: 0 items
2025-05-22 04:28:51,165 - P14756 - INFO - Candidates email: 0 items
2025-05-22 04:28:51,165 - P14756 - INFO - Candidates complement: 0 items
2025-05-22 04:28:51,165 - P14756 - INFO - Candidates cep: 0 items
2025-05-22 04:28:51,166 - P14756 - INFO - Após processar URL 21 Uso de memória: 120.76 MB
2025-05-22 04:28:51,166 - P14756 - INFO - Processando URL 22/26: https://www.sociosbrasil.com/nome/marcos-antonio-dos-santos
2025-05-22 04:29:04,552 - P14756 - INFO - HTML salvo para debug: data\debug_html_v10\45cf6a29a53b58b5373b629b9d6e1403.html
2025-05-22 04:29:04,571 - P14756 - INFO - Candidates address: 8 items
2025-05-22 04:29:04,571 - P14756 - INFO - Candidates phone: 0 items
2025-05-22 04:29:04,571 - P14756 - INFO - Candidates email: 7 items
2025-05-22 04:29:04,571 - P14756 - INFO - Candidates complement: 3 items
2025-05-22 04:29:04,572 - P14756 - INFO - Candidates cep: 22 items
2025-05-22 04:29:04,572 - P14756 - INFO - Após processar URL 22 Uso de memória: 120.76 MB
2025-05-22 04:29:04,573 - P14756 - INFO - Processando URL 23/26: https://www.doctoralia.com.br/marcos-antonio-de-souza-junior-2/coloproctologista-cirurgiao-geral/brasilia
2025-05-22 04:29:04,573 - P14756 - INFO - Ignorando URL de arquivo não-HTML: https://www.doctoralia.com.br/marcos-antonio-de-souza-junior-2/coloproctologista-cirurgiao-geral/brasilia
2025-05-22 04:29:04,573 - P14756 - INFO - Após processar URL 23 Uso de memória: 120.76 MB
2025-05-22 04:29:04,573 - P14756 - INFO - Processando URL 24/26: https://sistemas.tjes.jus.br/ediario/index.php?option=com_ediario&view=contents&layout=fulltext&data=20200826&idorgao=347
2025-05-22 04:29:08,012 - P14756 - INFO - HTML salvo para debug: data\debug_html_v10\ce32d4f9f1322433e7545dadeddb1ab8.html
2025-05-22 04:29:08,872 - P14756 - INFO - Candidates address: 28 items
2025-05-22 04:29:08,872 - P14756 - INFO - Candidates phone: 2 items
2025-05-22 04:29:08,873 - P14756 - INFO - Candidates email: 71 items
2025-05-22 04:29:08,873 - P14756 - INFO - Candidates complement: 5 items
2025-05-22 04:29:08,873 - P14756 - INFO - Candidates cep: 104 items
2025-05-22 04:29:08,873 - P14756 - INFO - Após processar URL 24 Uso de memória: 123.39 MB
2025-05-22 04:29:08,873 - P14756 - INFO - Processando URL 25/26: https://acervo.arquivopublico.sc.gov.br/uploads/r/arquivo-publico-do-estado-de-santa-catarina-apesc/3/0/9/3093304ea1d1775f4ecf19d647bbd845a0de6c22d4c7de8b163483c106fb218f/01f0ec04-a049-4c2d-abfb-e9d9c64edf9b-25996-DOE_18006_16_11_2006_60F.pdf
2025-05-22 04:29:08,873 - P14756 - INFO - Ignorando URL de arquivo não-HTML: https://acervo.arquivopublico.sc.gov.br/uploads/r/arquivo-publico-do-estado-de-santa-catarina-apesc/3/0/9/3093304ea1d1775f4ecf19d647bbd845a0de6c22d4c7de8b163483c106fb218f/01f0ec04-a049-4c2d-abfb-e9d9c64edf9b-25996-DOE_18006_16_11_2006_60F.pdf
2025-05-22 04:29:08,874 - P14756 - INFO - Após processar URL 25 Uso de memória: 120.77 MB
2025-05-22 04:29:08,874 - P14756 - INFO - Processando URL 26/26: https://www.doctoralia.com.br/marco-antonio-santos-oliveira/cirurgiao-geral-cirurgiao-do-aparelho-digestivo-endoscopista/sao-mateus
2025-05-22 04:29:08,874 - P14756 - INFO - Ignorando URL de arquivo não-HTML: https://www.doctoralia.com.br/marco-antonio-santos-oliveira/cirurgiao-geral-cirurgiao-do-aparelho-digestivo-endoscopista/sao-mateus
2025-05-22 04:29:08,874 - P14756 - INFO - Após processar URL 26 Uso de memória: 120.77 MB
2025-05-22 04:29:08,875 - P14756 - INFO - Iniciando agregação e ranqueamento
2025-05-22 04:29:08,875 - P14756 - INFO - Ranked address: 44 items
2025-05-22 04:29:08,875 - P14756 - INFO - Ranked phone: 5 items
2025-05-22 04:29:08,875 - P14756 - INFO - Ranked email: 82 items
2025-05-22 04:29:08,875 - P14756 - INFO - Ranked complement: 10 items
2025-05-22 04:29:08,876 - P14756 - INFO - Ranked cep: 132 items
2025-05-22 04:29:08,876 - P14756 - INFO - Após agregação Uso de memória: 120.77 MB
2025-05-22 04:29:08,876 - P14756 - INFO - Validando endereço: ['Rua Francisco Real, 1950', 'Avenida Presidente Roosevelt, 34', 'Avenida Perimetral Marechal Deodoro, 557']
2025-05-22 04:29:08,876 - P14756 - INFO - Endereço validado: Rua Francisco Real, 1950
2025-05-22 04:29:08,876 - P14756 - INFO - Limpando texto extenso para campo address: Rua Francisco Real, 1950...
2025-05-22 04:29:08,876 - P14756 - INFO - Texto limpo: Rua Francisco Real, 1950
2025-05-22 04:29:08,877 - P14756 - INFO - Validando telefone: ['(13) 99716-4016', '(35) 99807-9718', '%2B5535988986581']
2025-05-22 04:29:08,877 - P14756 - INFO - Limpando texto extenso para campo phone: (13) 99716-4016...
2025-05-22 04:29:08,877 - P14756 - INFO - Texto limpo: 13) 99716-4016
2025-05-22 04:29:08,877 - P14756 - INFO - Telefone validado: 13) 99716-4016
2025-05-22 04:29:08,877 - P14756 - INFO - Validando email: ['webmaster@catalogo.med.br', 'CRTOJUNIOR@GMAIL.COM', 'fale@editorajuspodivm.com.br']
2025-05-22 04:29:08,877 - P14756 - INFO - Limpando texto extenso para campo email: webmaster@catalogo.med.br...
2025-05-22 04:29:08,878 - P14756 - INFO - Texto limpo: webmaster@catalogo.med.br
2025-05-22 04:29:08,878 - P14756 - INFO - Email validado: webmaster@catalogo.med.br
2025-05-22 04:29:08,878 - P14756 - INFO - Validando complemento: ['Sala 2112 Gonzaga', 'Sala 01 - 1º andar ', 'Apt 806 Residencial Monet Centro']
2025-05-22 04:29:08,878 - P14756 - INFO - Limpando texto extenso para campo complement: Sala 2112 Gonzaga...
2025-05-22 04:29:08,878 - P14756 - INFO - Texto limpo: Sala 2112 Gonzaga
2025-05-22 04:29:08,878 - P14756 - INFO - Complemento validado: Sala 2112 Gonzaga
2025-05-22 04:29:08,878 - P14756 - INFO - Descobrindo cidade
2025-05-22 04:29:08,879 - P14756 - INFO - Buscando cidade: Rua Francisco Real cidade RJ
2025-05-22 04:29:11,482 - P14756 - WARNING - Cidade não encontrada
2025-05-22 04:29:11,483 - P14756 - INFO - Cidade descoberta: 
2025-05-22 04:29:11,483 - P14756 - INFO - Tempo de execução de processamento completo do médico: 101.79 segundos
2025-05-22 04:29:11,483 - P14756 - INFO - Resultado processado: {'Hash': '2b71169a01c18385bc3222e53594bf41dfa44fd9d4fed09637fcb0569467baf4', 'CRM': '916803', 'UF': 'RJ', 'Firstname': 'MARCOS', 'LastName': 'ANTÔNIO DOS SANTOS', 'Medical specialty': '', 'Endereco Completo A1': 'Rua Francisco Real, 1950', 'Address A1': 'Rua Francisco Real', 'Numero A1': '1950', 'Complement A1': 'Sala 2112 Gonzaga', 'Bairro A1': '', 'postal code A1': '', 'City A1': '', 'State A1': '', 'Phone A1': '13) 99716-4016', 'Phone A2': '', 'Cell phone A1': '', 'Cell phone A2': '', 'E-mail A1': 'webmaster@catalogo.med.br', 'E-mail A2': '', 'OPT-IN': '', 'STATUS': '', 'LOTE': ''}
2025-05-22 04:29:11,484 - P14756 - INFO - Salvando lote de resultados
2025-05-22 04:29:11,485 - P14756 - INFO - Após salvar resultados Uso de memória: 119.67 MB
2025-05-22 04:29:11,485 - P14756 - INFO - Progresso: 69.8%
2025-05-22 04:29:11,485 - P14756 - INFO - Tempo de execução de processamento do médico 3: 101.79 segundos
2025-05-22 04:29:11,485 - P14756 - INFO - Tempo de execução de processamento do lote completo: 252.87 segundos
