2025-05-22 05:38:48,872 - P17020 - INFO - 
==================================================
Processando médico 1/3
2025-05-22 05:38:48,873 - P17020 - INFO - Nome: PAULLA EDUARDA REIS LOURENCO
2025-05-22 05:38:48,873 - P17020 - INFO - Reiniciando driver do Chrome
2025-05-22 05:38:50,519 - P17020 - INFO - Após reiniciar driver Uso de memória: 129.23 MB
2025-05-22 05:38:50,520 - P17020 - INFO - Início do processamento Uso de memória: 129.23 MB
2025-05-22 05:38:50,520 - P17020 - INFO - Iniciando busca para: PAULLA EDUARDA REIS LOURENCO CRM 232322 SP telefone e-mail endereço
2025-05-22 05:38:51,363 - P17020 - INFO - SearX results: 14 URLs
2025-05-22 05:38:51,363 - P17020 - INFO - Após SearX Uso de memória: 129.23 MB
2025-05-22 05:38:53,927 - P17020 - INFO - Google results: 0 URLs
2025-05-22 05:38:53,927 - P17020 - INFO - Após Google Uso de memória: 129.24 MB
2025-05-22 05:38:56,464 - P17020 - INFO - Bing results: 9 URLs
2025-05-22 05:38:56,464 - P17020 - INFO - Após Bing Uso de memória: 129.24 MB
2025-05-22 05:38:56,465 - P17020 - INFO - Total de URLs únicas: 17
2025-05-22 05:38:56,465 - P17020 - INFO - Processando URL 1/17: https://consultacrm.com.br/
2025-05-22 05:39:00,176 - P17020 - INFO - HTML salvo para debug: data\debug_html_v10\65cadeb91ac3713432c21b535990f440.html
2025-05-22 05:39:00,188 - P17020 - INFO - Candidates address: 0 items
2025-05-22 05:39:00,188 - P17020 - INFO - Candidates phone: 0 items
2025-05-22 05:39:00,188 - P17020 - INFO - Candidates email: 0 items
2025-05-22 05:39:00,189 - P17020 - INFO - Candidates complement: 0 items
2025-05-22 05:39:00,189 - P17020 - INFO - Candidates cep: 0 items
2025-05-22 05:39:00,189 - P17020 - INFO - Após processar URL 1 Uso de memória: 129.31 MB
2025-05-22 05:39:00,189 - P17020 - INFO - Processando URL 2/17: https://cnpj.biz/60580413000114
2025-05-22 05:39:04,284 - P17020 - INFO - HTML salvo para debug: data\debug_html_v10\3a4b2b58a71c217168f02f0036c8a229.html
2025-05-22 05:39:04,303 - P17020 - INFO - Candidates address: 2 items
2025-05-22 05:39:04,304 - P17020 - INFO - Candidates phone: 1 items
2025-05-22 05:39:04,304 - P17020 - INFO - Candidates email: 1 items
2025-05-22 05:39:04,304 - P17020 - INFO - Candidates complement: 2 items
2025-05-22 05:39:04,304 - P17020 - INFO - Candidates cep: 3 items
2025-05-22 05:39:04,304 - P17020 - INFO - Após processar URL 2 Uso de memória: 128.24 MB
2025-05-22 05:39:04,305 - P17020 - INFO - Processando URL 3/17: https://www.esadf.org.br/cms/wp-content/uploads/provimento-no-193-de-2019-do-conselho-federal-da-oab.pdf
2025-05-22 05:39:04,305 - P17020 - INFO - Ignorando URL de arquivo não-HTML: https://www.esadf.org.br/cms/wp-content/uploads/provimento-no-193-de-2019-do-conselho-federal-da-oab.pdf
2025-05-22 05:39:04,305 - P17020 - INFO - Após processar URL 3 Uso de memória: 128.24 MB
2025-05-22 05:39:04,305 - P17020 - INFO - Processando URL 4/17: http://cremesp.org.br/
2025-05-22 05:39:11,426 - P17020 - INFO - HTML salvo para debug: data\debug_html_v10\2a967318246f9658edeb1e0469c871fe.html
2025-05-22 05:39:11,452 - P17020 - INFO - Candidates address: 1 items
2025-05-22 05:39:11,452 - P17020 - INFO - Candidates phone: 1 items
2025-05-22 05:39:11,452 - P17020 - INFO - Candidates email: 0 items
2025-05-22 05:39:11,452 - P17020 - INFO - Candidates complement: 0 items
2025-05-22 05:39:11,452 - P17020 - INFO - Candidates cep: 2 items
2025-05-22 05:39:11,453 - P17020 - INFO - Após processar URL 4 Uso de memória: 128.24 MB
2025-05-22 05:39:11,453 - P17020 - INFO - Processando URL 5/17: https://ioepa.com.br/pages/2018/2018.05.04.DOE.pdf
2025-05-22 05:39:11,453 - P17020 - INFO - Ignorando URL de arquivo não-HTML: https://ioepa.com.br/pages/2018/2018.05.04.DOE.pdf
2025-05-22 05:39:11,453 - P17020 - INFO - Após processar URL 5 Uso de memória: 128.24 MB
2025-05-22 05:39:11,454 - P17020 - INFO - Processando URL 6/17: https://guiasaudebrasil.com.br/profissional/0331cf75578e0a6a-paulla-eduarda-reis-lourenco
2025-05-22 05:39:16,705 - P17020 - INFO - HTML salvo para debug: data\debug_html_v10\b7c0f2df8efdc6ce261a7b039a66d08a.html
2025-05-22 05:39:16,714 - P17020 - INFO - Candidates address: 0 items
2025-05-22 05:39:16,714 - P17020 - INFO - Candidates phone: 0 items
2025-05-22 05:39:16,714 - P17020 - INFO - Candidates email: 0 items
2025-05-22 05:39:16,714 - P17020 - INFO - Candidates complement: 0 items
2025-05-22 05:39:16,714 - P17020 - INFO - Candidates cep: 1 items
2025-05-22 05:39:16,715 - P17020 - INFO - Após processar URL 6 Uso de memória: 128.24 MB
2025-05-22 05:39:16,715 - P17020 - INFO - Processando URL 7/17: https://transparencia.cremesp.org.br/?siteAcao=guia_medico
2025-05-22 05:39:47,418 - P17020 - INFO - HTML salvo para debug: data\debug_html_v10\cb80cc007a72cc7a378681a92a58906a.html
2025-05-22 05:39:47,474 - P17020 - INFO - Candidates address: 1 items
2025-05-22 05:39:47,475 - P17020 - INFO - Candidates phone: 0 items
2025-05-22 05:39:47,475 - P17020 - INFO - Candidates email: 0 items
2025-05-22 05:39:47,480 - P17020 - INFO - Candidates complement: 0 items
2025-05-22 05:39:47,480 - P17020 - INFO - Candidates cep: 1 items
2025-05-22 05:39:47,481 - P17020 - INFO - Após processar URL 7 Uso de memória: 128.24 MB
2025-05-22 05:39:47,481 - P17020 - INFO - Processando URL 8/17: https://www.saobernardo.sp.gov.br/documents/10181/1812128/NM+2443+de+03.05.2024+-++Conte%C3%BAdo+Integral.pdf/b0674c38-a4cc-8273-391e-50d8af7d6c8c
2025-05-22 05:39:47,482 - P17020 - INFO - Ignorando URL de arquivo não-HTML: https://www.saobernardo.sp.gov.br/documents/10181/1812128/NM+2443+de+03.05.2024+-++Conte%C3%BAdo+Integral.pdf/b0674c38-a4cc-8273-391e-50d8af7d6c8c
2025-05-22 05:39:47,483 - P17020 - INFO - Após processar URL 8 Uso de memória: 128.24 MB
2025-05-22 05:39:47,483 - P17020 - INFO - Processando URL 9/17: https://www.saobernardo.sp.gov.br/documents/10181/865801/NM+2063+de+31.05.2019+-+Conteu%CC%81do+Integral.pdf/e74d2b74-0bf9-c7cb-c4d4-0208f5b6f383
2025-05-22 05:39:47,484 - P17020 - INFO - Ignorando URL de arquivo não-HTML: https://www.saobernardo.sp.gov.br/documents/10181/865801/NM+2063+de+31.05.2019+-+Conteu%CC%81do+Integral.pdf/e74d2b74-0bf9-c7cb-c4d4-0208f5b6f383
2025-05-22 05:39:47,484 - P17020 - INFO - Após processar URL 9 Uso de memória: 128.24 MB
2025-05-22 05:39:47,484 - P17020 - INFO - Processando URL 10/17: https://consultasaj.tjam.jus.br/cdje/downloadCaderno.do?dtDiario=19/08/2010&cdCaderno=2
2025-05-22 05:39:49,852 - P17020 - INFO - HTML salvo para debug: data\debug_html_v10\63b57d351901d27dc7a9eedfabe5fe54.html
2025-05-22 05:39:49,899 - P17020 - INFO - Candidates address: 1 items
2025-05-22 05:39:49,899 - P17020 - INFO - Candidates phone: 0 items
2025-05-22 05:39:49,900 - P17020 - INFO - Candidates email: 0 items
2025-05-22 05:39:49,900 - P17020 - INFO - Candidates complement: 0 items
2025-05-22 05:39:49,900 - P17020 - INFO - Candidates cep: 1 items
2025-05-22 05:39:49,900 - P17020 - INFO - Após processar URL 10 Uso de memória: 128.24 MB
2025-05-22 05:39:49,900 - P17020 - INFO - Processando URL 11/17: https://imprensaoficial.jundiai.sp.gov.br/wp-content/uploads/2014/08/Imprensa-Oficial-de-Jundia%C3%AD-Edi%C3%A7%C3%A3o-3894.pdf
2025-05-22 05:39:49,900 - P17020 - INFO - Ignorando URL de arquivo não-HTML: https://imprensaoficial.jundiai.sp.gov.br/wp-content/uploads/2014/08/Imprensa-Oficial-de-Jundia%C3%AD-Edi%C3%A7%C3%A3o-3894.pdf
2025-05-22 05:39:49,900 - P17020 - INFO - Após processar URL 11 Uso de memória: 128.24 MB
2025-05-22 05:39:49,901 - P17020 - INFO - Processando URL 12/17: https://www.portaltransparencia.gov.br/pessoa-fisica/busca/lista
2025-05-22 05:39:53,696 - P17020 - INFO - HTML salvo para debug: data\debug_html_v10\e200cdf64b71d4c9248718dd155b3edb.html
2025-05-22 05:39:53,733 - P17020 - INFO - Candidates address: 0 items
2025-05-22 05:39:53,734 - P17020 - INFO - Candidates phone: 0 items
2025-05-22 05:39:53,734 - P17020 - INFO - Candidates email: 0 items
2025-05-22 05:39:53,734 - P17020 - INFO - Candidates complement: 0 items
2025-05-22 05:39:53,734 - P17020 - INFO - Candidates cep: 0 items
2025-05-22 05:39:53,734 - P17020 - INFO - Após processar URL 12 Uso de memória: 128.24 MB
2025-05-22 05:39:53,735 - P17020 - INFO - Processando URL 13/17: https://cadastroempresa.com.br/fornecedor/dra-paulla-lourenco-marques-ginecologista-e-obstetra-60580413000114
2025-05-22 05:39:56,357 - P17020 - INFO - HTML salvo para debug: data\debug_html_v10\c7c1e2d3f6ae22ebec42cbf79d33b0ab.html
2025-05-22 05:39:56,382 - P17020 - INFO - Candidates address: 0 items
2025-05-22 05:39:56,382 - P17020 - INFO - Candidates phone: 1 items
2025-05-22 05:39:56,382 - P17020 - INFO - Candidates email: 1 items
2025-05-22 05:39:56,383 - P17020 - INFO - Candidates complement: 3 items
2025-05-22 05:39:56,383 - P17020 - INFO - Candidates cep: 3 items
2025-05-22 05:39:56,383 - P17020 - INFO - Após processar URL 13 Uso de memória: 128.25 MB
2025-05-22 05:39:56,383 - P17020 - INFO - Processando URL 14/17: https://portal.cfm.org.br/busca-medicos
2025-05-22 05:40:00,273 - P17020 - INFO - HTML salvo para debug: data\debug_html_v10\e28ae84aaa177d1328f3a0d1fb68449f.html
2025-05-22 05:40:00,314 - P17020 - INFO - Candidates address: 0 items
2025-05-22 05:40:00,314 - P17020 - INFO - Candidates phone: 0 items
2025-05-22 05:40:00,315 - P17020 - INFO - Candidates email: 1 items
2025-05-22 05:40:00,316 - P17020 - INFO - Candidates complement: 1 items
2025-05-22 05:40:00,317 - P17020 - INFO - Candidates cep: 1 items
2025-05-22 05:40:00,317 - P17020 - INFO - Após processar URL 14 Uso de memória: 128.36 MB
2025-05-22 05:40:00,318 - P17020 - INFO - Processando URL 15/17: https://iomat.mt.gov.br/portal/edicoes/download/3708
2025-05-22 05:40:02,787 - P17020 - INFO - HTML salvo para debug: data\debug_html_v10\96a357429e84c4f82c089a9ac3f27c6e.html
2025-05-22 05:40:02,831 - P17020 - INFO - Candidates address: 0 items
2025-05-22 05:40:02,833 - P17020 - INFO - Candidates phone: 0 items
2025-05-22 05:40:02,834 - P17020 - INFO - Candidates email: 1 items
2025-05-22 05:40:02,834 - P17020 - INFO - Candidates complement: 1 items
2025-05-22 05:40:02,834 - P17020 - INFO - Candidates cep: 1 items
2025-05-22 05:40:02,835 - P17020 - INFO - Após processar URL 15 Uso de memória: 128.69 MB
2025-05-22 05:40:02,837 - P17020 - INFO - Processando URL 16/17: https://www.boaconsulta.com/especialista/paulla-eduarda-reis-lourenco-6106123ea2e00a032f00042d
2025-05-22 05:40:06,111 - P17020 - INFO - HTML salvo para debug: data\debug_html_v10\0fca97741669c2975187d8259f4fc7e0.html
2025-05-22 05:40:06,188 - P17020 - INFO - Candidates address: 1 items
2025-05-22 05:40:06,188 - P17020 - INFO - Candidates phone: 0 items
2025-05-22 05:40:06,188 - P17020 - INFO - Candidates email: 0 items
2025-05-22 05:40:06,189 - P17020 - INFO - Candidates complement: 0 items
2025-05-22 05:40:06,189 - P17020 - INFO - Candidates cep: 0 items
2025-05-22 05:40:06,191 - P17020 - INFO - Após processar URL 16 Uso de memória: 130.37 MB
2025-05-22 05:40:06,192 - P17020 - INFO - Processando URL 17/17: https://guiamedico.cremesp.org.br/
2025-05-22 05:40:09,431 - P17020 - INFO - HTML salvo para debug: data\debug_html_v10\7c54969580769b63edd9abaa952e1fa2.html
2025-05-22 05:40:09,437 - P17020 - INFO - Candidates address: 1 items
2025-05-22 05:40:09,437 - P17020 - INFO - Candidates phone: 1 items
2025-05-22 05:40:09,438 - P17020 - INFO - Candidates email: 0 items
2025-05-22 05:40:09,438 - P17020 - INFO - Candidates complement: 0 items
2025-05-22 05:40:09,438 - P17020 - INFO - Candidates cep: 1 items
2025-05-22 05:40:09,438 - P17020 - INFO - Após processar URL 17 Uso de memória: 129.61 MB
2025-05-22 05:40:09,439 - P17020 - INFO - Iniciando agregação e ranqueamento
2025-05-22 05:40:09,439 - P17020 - INFO - Ranked address: 4 items
2025-05-22 05:40:09,439 - P17020 - INFO - Ranked phone: 2 items
2025-05-22 05:40:09,439 - P17020 - INFO - Ranked email: 2 items
2025-05-22 05:40:09,439 - P17020 - INFO - Ranked complement: 5 items
2025-05-22 05:40:09,440 - P17020 - INFO - Ranked cep: 7 items
2025-05-22 05:40:09,440 - P17020 - INFO - Após agregação Uso de memória: 129.61 MB
2025-05-22 05:40:09,440 - P17020 - INFO - Validando endereço: ['Rua Frei Caneca, 1282', 'Rua Antonio Marcondes, 184', 'Rua Antonio Marcondes 184 Apt 603 Vila Dom Pedro I São Paulo SP']
2025-05-22 05:40:09,440 - P17020 - INFO - Endereço validado: Rua Frei Caneca, 1282
2025-05-22 05:40:09,440 - P17020 - INFO - Limpando texto extenso para campo address: Rua Frei Caneca, 1282...
2025-05-22 05:40:09,441 - P17020 - INFO - Texto limpo: Rua Frei Caneca, 1282
2025-05-22 05:40:09,441 - P17020 - INFO - Validando telefone: ['(86) 99863-0129', '(11) 4349-9900']
2025-05-22 05:40:09,441 - P17020 - INFO - Limpando texto extenso para campo phone: (86) 99863-0129...
2025-05-22 05:40:09,441 - P17020 - INFO - Texto limpo: 86) 99863-0129
2025-05-22 05:40:09,441 - P17020 - INFO - Telefone validado: 86) 99863-0129
2025-05-22 05:40:09,442 - P17020 - INFO - Validando email: ['paullaeduardareis@gmail.com', 'cfm@portalmedico.org.br']
2025-05-22 05:40:09,442 - P17020 - INFO - Limpando texto extenso para campo email: paullaeduardareis@gmail.com...
2025-05-22 05:40:09,442 - P17020 - INFO - Texto limpo: paullaeduardareis@gmail.com
2025-05-22 05:40:09,442 - P17020 - INFO - Email validado: paullaeduardareis@gmail.com
2025-05-22 05:40:09,442 - P17020 - INFO - Validando complemento: ['Apt   603  Vila Dom Pedro I  São Paulo SP  04267-020 ', 'Conjunto D', 'Apt   603  Clique para copiar    Bairro:  Vila Dom Pe']
2025-05-22 05:40:09,442 - P17020 - INFO - Limpando texto extenso para campo complement: Apt   603  Vila Dom Pedro I  São Paulo SP  04267-0...
2025-05-22 05:40:09,443 - P17020 - INFO - Texto limpo: Apt 603 Vila Dom Pedro I S
2025-05-22 05:40:09,443 - P17020 - INFO - Complemento validado: Apt 603 Vila Dom Pedro I S
2025-05-22 05:40:09,443 - P17020 - INFO - Descobrindo cidade
2025-05-22 05:40:09,443 - P17020 - INFO - Buscando cidade: Rua Frei Caneca cidade SP
2025-05-22 05:40:12,292 - P17020 - WARNING - Cidade não encontrada
2025-05-22 05:40:12,293 - P17020 - INFO - Cidade descoberta: 
2025-05-22 05:40:12,293 - P17020 - INFO - Tempo de execução de processamento completo do médico: 81.77 segundos
2025-05-22 05:40:12,294 - P17020 - INFO - Resultado processado: {'Hash': 'a1e410bc75ca0dcad69ece4c817463945413d7f554bd3309f5ca57c3d8e482e6', 'CRM': '232322', 'UF': 'SP', 'Firstname': 'PAULLA', 'LastName': 'EDUARDA REIS LOURENCO', 'Medical specialty': '', 'Endereco Completo A1': 'Rua Frei Caneca, 1282', 'Address A1': 'Rua Frei Caneca', 'Numero A1': '1282', 'Complement A1': 'Apt 603 Vila Dom Pedro I S', 'Bairro A1': '', 'postal code A1': '', 'City A1': '', 'State A1': '', 'Phone A1': '86) 99863-0129', 'Phone A2': '', 'Cell phone A1': '', 'Cell phone A2': '', 'E-mail A1': 'paullaeduardareis@gmail.com', 'E-mail A2': '', 'OPT-IN': '', 'STATUS': '', 'LOTE': ''}
2025-05-22 05:40:12,295 - P17020 - INFO - Progresso: 94.3%
2025-05-22 05:40:12,296 - P17020 - INFO - Executando coleta de lixo
2025-05-22 05:40:12,390 - P17020 - INFO - Após coleta de lixo Uso de memória: 128.22 MB
2025-05-22 05:40:12,391 - P17020 - INFO - Tempo de execução de processamento do médico 1: 83.52 segundos
2025-05-22 05:40:12,391 - P17020 - INFO - 
==================================================
Processando médico 2/3
2025-05-22 05:40:12,391 - P17020 - INFO - Nome: THALITA COELHO ANTUNES RIBEIRO
2025-05-22 05:40:12,391 - P17020 - INFO - Início do processamento Uso de memória: 128.22 MB
2025-05-22 05:40:12,392 - P17020 - INFO - Iniciando busca para: THALITA COELHO ANTUNES RIBEIRO CRM 233005 SP telefone e-mail endereço
2025-05-22 05:40:13,241 - P17020 - INFO - SearX results: 15 URLs
2025-05-22 05:40:13,242 - P17020 - INFO - Após SearX Uso de memória: 128.22 MB
2025-05-22 05:40:15,832 - P17020 - INFO - Google results: 13 URLs
2025-05-22 05:40:15,832 - P17020 - INFO - Após Google Uso de memória: 130.29 MB
2025-05-22 05:40:18,349 - P17020 - INFO - Bing results: 9 URLs
2025-05-22 05:40:18,349 - P17020 - INFO - Após Bing Uso de memória: 131.09 MB
2025-05-22 05:40:18,349 - P17020 - INFO - Total de URLs únicas: 23
2025-05-22 05:40:18,349 - P17020 - INFO - Processando URL 1/23: https://www.doctoralia.com.br/thalita-coelho-antunes-ribeiro/medico-clinico-geral/itatiba
2025-05-22 05:40:18,350 - P17020 - INFO - Ignorando URL de arquivo não-HTML: https://www.doctoralia.com.br/thalita-coelho-antunes-ribeiro/medico-clinico-geral/itatiba
2025-05-22 05:40:18,350 - P17020 - INFO - Após processar URL 1 Uso de memória: 131.09 MB
2025-05-22 05:40:18,350 - P17020 - INFO - Processando URL 2/23: https://osasco.sp.gov.br/site/wp-content/uploads/2018/01/httpwww.osasco.sp_.gov_.brcompsec7atosOsasco_1515677705_7.pdf
2025-05-22 05:40:18,350 - P17020 - INFO - Ignorando URL de arquivo não-HTML: https://osasco.sp.gov.br/site/wp-content/uploads/2018/01/httpwww.osasco.sp_.gov_.brcompsec7atosOsasco_1515677705_7.pdf
2025-05-22 05:40:18,350 - P17020 - INFO - Após processar URL 2 Uso de memória: 131.09 MB
2025-05-22 05:40:18,350 - P17020 - INFO - Processando URL 3/23: https://www.doctoralia.com.br/medico-clinico-geral/jundiai/centro
2025-05-22 05:40:18,351 - P17020 - INFO - Ignorando URL de arquivo não-HTML: https://www.doctoralia.com.br/medico-clinico-geral/jundiai/centro
2025-05-22 05:40:18,351 - P17020 - INFO - Após processar URL 3 Uso de memória: 131.09 MB
2025-05-22 05:40:18,351 - P17020 - INFO - Processando URL 4/23: https://consultacrm.com.br/
2025-05-22 05:40:21,817 - P17020 - INFO - HTML salvo para debug: data\debug_html_v10\65cadeb91ac3713432c21b535990f440.html
2025-05-22 05:40:21,828 - P17020 - INFO - Candidates address: 0 items
2025-05-22 05:40:21,829 - P17020 - INFO - Candidates phone: 0 items
2025-05-22 05:40:21,829 - P17020 - INFO - Candidates email: 0 items
2025-05-22 05:40:21,829 - P17020 - INFO - Candidates complement: 0 items
2025-05-22 05:40:21,829 - P17020 - INFO - Candidates cep: 0 items
2025-05-22 05:40:21,830 - P17020 - INFO - Após processar URL 4 Uso de memória: 132.18 MB
2025-05-22 05:40:21,830 - P17020 - INFO - Processando URL 5/23: https://osasco.sp.gov.br/site/wp-content/uploads/2018/01/httpwww.osasco.sp_.gov_.brcompsec7atosOsasco_1516666265_7.pdf
2025-05-22 05:40:21,830 - P17020 - INFO - Ignorando URL de arquivo não-HTML: https://osasco.sp.gov.br/site/wp-content/uploads/2018/01/httpwww.osasco.sp_.gov_.brcompsec7atosOsasco_1516666265_7.pdf
2025-05-22 05:40:21,830 - P17020 - INFO - Após processar URL 5 Uso de memória: 131.09 MB
2025-05-22 05:40:21,830 - P17020 - INFO - Processando URL 6/23: https://www.portaltransparencia.gov.br/pessoa-fisica/busca/lista
2025-05-22 05:40:24,723 - P17020 - INFO - HTML salvo para debug: data\debug_html_v10\e200cdf64b71d4c9248718dd155b3edb.html
2025-05-22 05:40:24,760 - P17020 - INFO - Candidates address: 0 items
2025-05-22 05:40:24,760 - P17020 - INFO - Candidates phone: 0 items
2025-05-22 05:40:24,760 - P17020 - INFO - Candidates email: 0 items
2025-05-22 05:40:24,761 - P17020 - INFO - Candidates complement: 0 items
2025-05-22 05:40:24,761 - P17020 - INFO - Candidates cep: 0 items
2025-05-22 05:40:24,761 - P17020 - INFO - Após processar URL 6 Uso de memória: 131.09 MB
2025-05-22 05:40:24,761 - P17020 - INFO - Processando URL 7/23: https://www.doctoralia.com.br/medico-clinico-geral/jundiai
2025-05-22 05:40:24,761 - P17020 - INFO - Ignorando URL de arquivo não-HTML: https://www.doctoralia.com.br/medico-clinico-geral/jundiai
2025-05-22 05:40:24,761 - P17020 - INFO - Após processar URL 7 Uso de memória: 131.09 MB
2025-05-22 05:40:24,762 - P17020 - INFO - Processando URL 8/23: https://www.doctoralia.com.br/medico-clinico-geral/campo-limpo-paulista/centro1045
2025-05-22 05:40:24,762 - P17020 - INFO - Ignorando URL de arquivo não-HTML: https://www.doctoralia.com.br/medico-clinico-geral/campo-limpo-paulista/centro1045
2025-05-22 05:40:24,762 - P17020 - INFO - Após processar URL 8 Uso de memória: 131.09 MB
2025-05-22 05:40:24,762 - P17020 - INFO - Processando URL 9/23: https://www.doctoralia.com.br/medico-clinico-geral/itatiba/centro5
2025-05-22 05:40:24,762 - P17020 - INFO - Ignorando URL de arquivo não-HTML: https://www.doctoralia.com.br/medico-clinico-geral/itatiba/centro5
2025-05-22 05:40:24,762 - P17020 - INFO - Após processar URL 9 Uso de memória: 131.09 MB
2025-05-22 05:40:24,762 - P17020 - INFO - Processando URL 10/23: http://doutorcrm.com/
2025-05-22 05:40:28,121 - P17020 - INFO - HTML salvo para debug: data\debug_html_v10\e75bcd1fa77a455337d61a008a7cce57.html
2025-05-22 05:40:28,125 - P17020 - INFO - Candidates address: 0 items
2025-05-22 05:40:28,125 - P17020 - INFO - Candidates phone: 0 items
2025-05-22 05:40:28,125 - P17020 - INFO - Candidates email: 0 items
2025-05-22 05:40:28,126 - P17020 - INFO - Candidates complement: 0 items
2025-05-22 05:40:28,126 - P17020 - INFO - Candidates cep: 0 items
2025-05-22 05:40:28,126 - P17020 - INFO - Após processar URL 10 Uso de memória: 131.09 MB
2025-05-22 05:40:28,126 - P17020 - INFO - Processando URL 11/23: https://www.doctoralia.com.br/medico-clinico-geral/itatiba/centro
2025-05-22 05:40:28,126 - P17020 - INFO - Ignorando URL de arquivo não-HTML: https://www.doctoralia.com.br/medico-clinico-geral/itatiba/centro
2025-05-22 05:40:28,127 - P17020 - INFO - Após processar URL 11 Uso de memória: 131.09 MB
2025-05-22 05:40:28,127 - P17020 - INFO - Processando URL 12/23: https://www.escavador.com/sobre/1056121729/thalita-coelho-antunes-ribeiro-ana-gabriela-benfica
2025-05-22 05:40:32,206 - P17020 - INFO - HTML salvo para debug: data\debug_html_v10\253e3602aabb6ef96f97f0f0c55c310c.html
2025-05-22 05:40:32,222 - P17020 - INFO - Candidates address: 0 items
2025-05-22 05:40:32,223 - P17020 - INFO - Candidates phone: 0 items
2025-05-22 05:40:32,223 - P17020 - INFO - Candidates email: 0 items
2025-05-22 05:40:32,223 - P17020 - INFO - Candidates complement: 0 items
2025-05-22 05:40:32,223 - P17020 - INFO - Candidates cep: 0 items
2025-05-22 05:40:32,223 - P17020 - INFO - Após processar URL 12 Uso de memória: 131.10 MB
2025-05-22 05:40:32,224 - P17020 - INFO - Processando URL 13/23: https://portal.cfm.org.br/busca-medicos
2025-05-22 05:40:35,456 - P17020 - INFO - HTML salvo para debug: data\debug_html_v10\e28ae84aaa177d1328f3a0d1fb68449f.html
2025-05-22 05:40:35,494 - P17020 - INFO - Candidates address: 0 items
2025-05-22 05:40:35,494 - P17020 - INFO - Candidates phone: 0 items
2025-05-22 05:40:35,494 - P17020 - INFO - Candidates email: 1 items
2025-05-22 05:40:35,494 - P17020 - INFO - Candidates complement: 1 items
2025-05-22 05:40:35,495 - P17020 - INFO - Candidates cep: 1 items
2025-05-22 05:40:35,495 - P17020 - INFO - Após processar URL 13 Uso de memória: 131.10 MB
2025-05-22 05:40:35,495 - P17020 - INFO - Processando URL 14/23: https://climes.com.br/corpo-clinico/
2025-05-22 05:40:39,033 - P17020 - INFO - HTML salvo para debug: data\debug_html_v10\8938482cfb75eb9e47aa58d4f09e3c17.html
2025-05-22 05:40:39,073 - P17020 - INFO - Candidates address: 1 items
2025-05-22 05:40:39,073 - P17020 - INFO - Candidates phone: 2 items
2025-05-22 05:40:39,074 - P17020 - INFO - Candidates email: 1 items
2025-05-22 05:40:39,074 - P17020 - INFO - Candidates complement: 0 items
2025-05-22 05:40:39,074 - P17020 - INFO - Candidates cep: 2 items
2025-05-22 05:40:39,074 - P17020 - INFO - Após processar URL 14 Uso de memória: 131.10 MB
2025-05-22 05:40:39,074 - P17020 - INFO - Processando URL 15/23: https://guiamedico.cremesp.org.br/
2025-05-22 05:40:41,727 - P17020 - INFO - HTML salvo para debug: data\debug_html_v10\7c54969580769b63edd9abaa952e1fa2.html
2025-05-22 05:40:41,733 - P17020 - INFO - Candidates address: 1 items
2025-05-22 05:40:41,733 - P17020 - INFO - Candidates phone: 1 items
2025-05-22 05:40:41,733 - P17020 - INFO - Candidates email: 0 items
2025-05-22 05:40:41,734 - P17020 - INFO - Candidates complement: 0 items
2025-05-22 05:40:41,734 - P17020 - INFO - Candidates cep: 1 items
2025-05-22 05:40:41,734 - P17020 - INFO - Após processar URL 15 Uso de memória: 131.10 MB
2025-05-22 05:40:41,734 - P17020 - INFO - Processando URL 16/23: https://www.doctoralia.com.br/clinicas/jund-clinicas-medicina-personalizada
2025-05-22 05:40:41,734 - P17020 - INFO - Ignorando URL de arquivo não-HTML: https://www.doctoralia.com.br/clinicas/jund-clinicas-medicina-personalizada
2025-05-22 05:40:41,734 - P17020 - INFO - Após processar URL 16 Uso de memória: 131.10 MB
2025-05-22 05:40:41,735 - P17020 - INFO - Processando URL 17/23: https://www.boaconsulta.com/especialista/thalita-coelho-antunes-ribeiro-6105b0819b22ae1ed3000c4c
2025-05-22 05:40:44,522 - P17020 - INFO - HTML salvo para debug: data\debug_html_v10\e453f77aabf91c4f2f5cb76d12d9eb9c.html
2025-05-22 05:40:44,595 - P17020 - INFO - Candidates address: 0 items
2025-05-22 05:40:44,597 - P17020 - INFO - Candidates phone: 0 items
2025-05-22 05:40:44,599 - P17020 - INFO - Candidates email: 0 items
2025-05-22 05:40:44,600 - P17020 - INFO - Candidates complement: 0 items
2025-05-22 05:40:44,600 - P17020 - INFO - Candidates cep: 0 items
2025-05-22 05:40:44,600 - P17020 - INFO - Após processar URL 17 Uso de memória: 131.82 MB
2025-05-22 05:40:44,601 - P17020 - INFO - Processando URL 18/23: https://www.doctoralia.com.br/medico-clinico-geral/louveira
2025-05-22 05:40:44,601 - P17020 - INFO - Ignorando URL de arquivo não-HTML: https://www.doctoralia.com.br/medico-clinico-geral/louveira
2025-05-22 05:40:44,601 - P17020 - INFO - Após processar URL 18 Uso de memória: 131.82 MB
2025-05-22 05:40:44,601 - P17020 - INFO - Processando URL 19/23: https://www.doctoralia.com.br/thalita-coelho-antunes-ribeiro/medico-clinico-geral/jundiai
2025-05-22 05:40:44,601 - P17020 - INFO - Ignorando URL de arquivo não-HTML: https://www.doctoralia.com.br/thalita-coelho-antunes-ribeiro/medico-clinico-geral/jundiai
2025-05-22 05:40:44,601 - P17020 - INFO - Após processar URL 19 Uso de memória: 131.82 MB
2025-05-22 05:40:44,602 - P17020 - INFO - Processando URL 20/23: https://imprensaoficial.jundiai.sp.gov.br/wp-content/uploads/2014/08/Imprensa-Oficial-de-Jundia%C3%AD-Edi%C3%A7%C3%A3o-3894.pdf
2025-05-22 05:40:44,602 - P17020 - INFO - Ignorando URL de arquivo não-HTML: https://imprensaoficial.jundiai.sp.gov.br/wp-content/uploads/2014/08/Imprensa-Oficial-de-Jundia%C3%AD-Edi%C3%A7%C3%A3o-3894.pdf
2025-05-22 05:40:44,602 - P17020 - INFO - Após processar URL 20 Uso de memória: 131.82 MB
2025-05-22 05:40:44,602 - P17020 - INFO - Processando URL 21/23: https://www.doctoralia.com.br/medico-clinico-geral/jarinu
2025-05-22 05:40:44,602 - P17020 - INFO - Ignorando URL de arquivo não-HTML: https://www.doctoralia.com.br/medico-clinico-geral/jarinu
2025-05-22 05:40:44,603 - P17020 - INFO - Após processar URL 21 Uso de memória: 131.82 MB
2025-05-22 05:40:44,603 - P17020 - INFO - Processando URL 22/23: https://sistemadje.tjmt.jus.br/publicacoes/10694-2020%20C7%20Comarcas%20-%201%C2%AA%202%C2%AA%20e%203%C2%AA%20Entr%C3%A2ncia.pdf
2025-05-22 05:40:44,603 - P17020 - INFO - Ignorando URL de arquivo não-HTML: https://sistemadje.tjmt.jus.br/publicacoes/10694-2020%20C7%20Comarcas%20-%201%C2%AA%202%C2%AA%20e%203%C2%AA%20Entr%C3%A2ncia.pdf
2025-05-22 05:40:44,603 - P17020 - INFO - Após processar URL 22 Uso de memória: 131.82 MB
2025-05-22 05:40:44,603 - P17020 - INFO - Processando URL 23/23: https://www.saobernardo.sp.gov.br/documents/10181/1598718/NM+2369+de+16.06.2023+-++Conte%C3%BAdo+Integral.pdf/442eda89-99be-d266-8e1d-85917a148e47
2025-05-22 05:40:44,603 - P17020 - INFO - Ignorando URL de arquivo não-HTML: https://www.saobernardo.sp.gov.br/documents/10181/1598718/NM+2369+de+16.06.2023+-++Conte%C3%BAdo+Integral.pdf/442eda89-99be-d266-8e1d-85917a148e47
2025-05-22 05:40:44,604 - P17020 - INFO - Após processar URL 23 Uso de memória: 131.82 MB
2025-05-22 05:40:44,604 - P17020 - INFO - Iniciando agregação e ranqueamento
2025-05-22 05:40:44,605 - P17020 - INFO - Ranked address: 2 items
2025-05-22 05:40:44,605 - P17020 - INFO - Ranked phone: 3 items
2025-05-22 05:40:44,605 - P17020 - INFO - Ranked email: 2 items
2025-05-22 05:40:44,605 - P17020 - INFO - Ranked complement: 1 items
2025-05-22 05:40:44,606 - P17020 - INFO - Ranked cep: 4 items
2025-05-22 05:40:44,606 - P17020 - INFO - Após agregação Uso de memória: 131.82 MB
2025-05-22 05:40:44,609 - P17020 - INFO - Validando endereço: ['Av. Antonio Segre, 453', 'Rua Frei Caneca, 1282']
2025-05-22 05:40:44,609 - P17020 - INFO - Endereço validado: Av. Antonio Segre, 453
2025-05-22 05:40:44,610 - P17020 - INFO - Limpando texto extenso para campo address: Av. Antonio Segre, 453...
2025-05-22 05:40:44,610 - P17020 - INFO - Texto limpo: Av. Antonio Segre, 453
2025-05-22 05:40:44,610 - P17020 - INFO - Validando telefone: ['(11) 4586-8262', '(11) 97099-2552', '(11) 4349-9900']
2025-05-22 05:40:44,610 - P17020 - INFO - Limpando texto extenso para campo phone: (11) 4586-8262...
2025-05-22 05:40:44,610 - P17020 - INFO - Texto limpo: 11) 4586-8262
2025-05-22 05:40:44,610 - P17020 - INFO - Telefone validado: 11) 4586-8262
2025-05-22 05:40:44,611 - P17020 - INFO - Validando email: ['cfm@portalmedico.org.br', 'contato@climes.com.br']
2025-05-22 05:40:44,611 - P17020 - INFO - Limpando texto extenso para campo email: cfm@portalmedico.org.br...
2025-05-22 05:40:44,611 - P17020 - INFO - Texto limpo: cfm@portalmedico.org.br
2025-05-22 05:40:44,611 - P17020 - INFO - Email validado: cfm@portalmedico.org.br
2025-05-22 05:40:44,611 - P17020 - INFO - Validando complemento: ['Conjunto D']
2025-05-22 05:40:44,615 - P17020 - INFO - Limpando texto extenso para campo complement: Conjunto D...
2025-05-22 05:40:44,616 - P17020 - INFO - Texto limpo: Conjunto D
2025-05-22 05:40:44,617 - P17020 - INFO - Complemento validado: Conjunto D
2025-05-22 05:40:44,617 - P17020 - INFO - Descobrindo cidade
2025-05-22 05:40:44,618 - P17020 - INFO - Buscando cidade: Av. Antonio Segre cidade SP
2025-05-22 05:40:46,816 - P17020 - WARNING - Cidade não encontrada
2025-05-22 05:40:46,816 - P17020 - INFO - Cidade descoberta: 
2025-05-22 05:40:46,817 - P17020 - INFO - Tempo de execução de processamento completo do médico: 34.43 segundos
2025-05-22 05:40:46,817 - P17020 - INFO - Resultado processado: {'Hash': 'c65eff24549347a764d339e9cb0572caf9d096d73adb71d79b812c3f36a1f291', 'CRM': '233005', 'UF': 'SP', 'Firstname': 'THALITA', 'LastName': 'COELHO ANTUNES RIBEIRO', 'Medical specialty': '', 'Endereco Completo A1': 'Av. Antonio Segre, 453', 'Address A1': 'Av. Antonio Segre', 'Numero A1': '453', 'Complement A1': 'Conjunto D', 'Bairro A1': '', 'postal code A1': '', 'City A1': '', 'State A1': '', 'Phone A1': '11) 4586-8262', 'Phone A2': '', 'Cell phone A1': '', 'Cell phone A2': '', 'E-mail A1': 'cfm@portalmedico.org.br', 'E-mail A2': '', 'OPT-IN': '', 'STATUS': '', 'LOTE': ''}
2025-05-22 05:40:46,818 - P17020 - INFO - Progresso: 94.4%
2025-05-22 05:40:46,818 - P17020 - INFO - Tempo de execução de processamento do médico 2: 34.43 segundos
2025-05-22 05:40:46,819 - P17020 - INFO - 
==================================================
Processando médico 3/3
2025-05-22 05:40:46,819 - P17020 - INFO - Nome: PAMELLA VITORIA COSTA FREITAS
2025-05-22 05:40:46,819 - P17020 - INFO - Início do processamento Uso de memória: 128.95 MB
2025-05-22 05:40:46,819 - P17020 - INFO - Iniciando busca para: PAMELLA VITORIA COSTA FREITAS CRM 234233 SP telefone e-mail endereço
2025-05-22 05:40:47,760 - P17020 - INFO - SearX results: 15 URLs
2025-05-22 05:40:47,760 - P17020 - INFO - Após SearX Uso de memória: 128.95 MB
2025-05-22 05:40:50,290 - P17020 - INFO - Google results: 5 URLs
2025-05-22 05:40:50,290 - P17020 - INFO - Após Google Uso de memória: 128.95 MB
2025-05-22 05:40:52,751 - P17020 - INFO - Bing results: 10 URLs
2025-05-22 05:40:52,752 - P17020 - INFO - Após Bing Uso de memória: 128.95 MB
2025-05-22 05:40:52,752 - P17020 - INFO - Total de URLs únicas: 20
2025-05-22 05:40:52,752 - P17020 - INFO - Processando URL 1/20: https://consultas.plus/lista-de-empresas/sao-paulo/sao-paulo/44670266000117-instituto-pamella-santos-de-servicos-medicos-ltda/
2025-05-22 05:40:57,635 - P17020 - INFO - HTML salvo para debug: data\debug_html_v10\faf372b23c55ba52100353adbd5d426c.html
2025-05-22 05:40:57,681 - P17020 - INFO - Candidates address: 0 items
2025-05-22 05:40:57,683 - P17020 - INFO - Candidates phone: 1 items
2025-05-22 05:40:57,683 - P17020 - INFO - Candidates email: 1 items
2025-05-22 05:40:57,684 - P17020 - INFO - Candidates complement: 0 items
2025-05-22 05:40:57,685 - P17020 - INFO - Candidates cep: 1 items
2025-05-22 05:40:57,685 - P17020 - INFO - Após processar URL 1 Uso de memória: 128.96 MB
2025-05-22 05:40:57,685 - P17020 - INFO - Processando URL 2/20: https://www.crmsp.org.br/?siteAcao=PublicacoesConteudoSumario&id=24
2025-05-22 05:41:06,856 - P17020 - INFO - HTML salvo para debug: data\debug_html_v10\83ee7a7db14f3d1e046ebfbcfaceee99.html
2025-05-22 05:41:06,865 - P17020 - INFO - Candidates address: 0 items
2025-05-22 05:41:06,866 - P17020 - INFO - Candidates phone: 0 items
2025-05-22 05:41:06,867 - P17020 - INFO - Candidates email: 0 items
2025-05-22 05:41:06,868 - P17020 - INFO - Candidates complement: 0 items
2025-05-22 05:41:06,868 - P17020 - INFO - Candidates cep: 0 items
2025-05-22 05:41:06,868 - P17020 - INFO - Após processar URL 2 Uso de memória: 128.97 MB
2025-05-22 05:41:06,869 - P17020 - INFO - Processando URL 3/20: https://transparencia.cremesp.org.br/?siteAcao=guia_medico
2025-05-22 05:41:09,070 - P17020 - INFO - HTML salvo para debug: data\debug_html_v10\cb80cc007a72cc7a378681a92a58906a.html
2025-05-22 05:41:09,118 - P17020 - INFO - Candidates address: 1 items
2025-05-22 05:41:09,118 - P17020 - INFO - Candidates phone: 0 items
2025-05-22 05:41:09,118 - P17020 - INFO - Candidates email: 0 items
2025-05-22 05:41:09,118 - P17020 - INFO - Candidates complement: 0 items
2025-05-22 05:41:09,118 - P17020 - INFO - Candidates cep: 1 items
2025-05-22 05:41:09,119 - P17020 - INFO - Após processar URL 3 Uso de memória: 128.97 MB
2025-05-22 05:41:09,119 - P17020 - INFO - Processando URL 4/20: https://aboutcompany.info/country/brazil/officer/817291/pamella-vitoria-costa-freitas/
2025-05-22 05:41:13,547 - P17020 - INFO - HTML salvo para debug: data\debug_html_v10\6ac5e880ae054a28ee5ec417271624d3.html
2025-05-22 05:41:14,285 - P17020 - INFO - Candidates address: 0 items
2025-05-22 05:41:14,286 - P17020 - INFO - Candidates phone: 0 items
2025-05-22 05:41:14,286 - P17020 - INFO - Candidates email: 0 items
2025-05-22 05:41:14,286 - P17020 - INFO - Candidates complement: 2 items
2025-05-22 05:41:14,286 - P17020 - INFO - Candidates cep: 0 items
2025-05-22 05:41:14,286 - P17020 - INFO - Após processar URL 4 Uso de memória: 131.88 MB
2025-05-22 05:41:14,286 - P17020 - INFO - Processando URL 5/20: https://www.doctoralia.com.br/pamella-andrade/cirurgiao-plastico/vitoria
2025-05-22 05:41:14,287 - P17020 - INFO - Ignorando URL de arquivo não-HTML: https://www.doctoralia.com.br/pamella-andrade/cirurgiao-plastico/vitoria
2025-05-22 05:41:14,287 - P17020 - INFO - Após processar URL 5 Uso de memória: 128.97 MB
2025-05-22 05:41:14,287 - P17020 - INFO - Processando URL 6/20: https://www.encontrasaopaulo.com.br/agenda/crm-sp/
2025-05-22 05:41:19,690 - P17020 - INFO - HTML salvo para debug: data\debug_html_v10\f96a157f3cde736c20a7c87f788a1d0b.html
2025-05-22 05:41:19,723 - P17020 - INFO - Candidates address: 2 items
2025-05-22 05:41:19,724 - P17020 - INFO - Candidates phone: 2 items
2025-05-22 05:41:19,724 - P17020 - INFO - Candidates email: 0 items
2025-05-22 05:41:19,724 - P17020 - INFO - Candidates complement: 0 items
2025-05-22 05:41:19,724 - P17020 - INFO - Candidates cep: 0 items
2025-05-22 05:41:19,724 - P17020 - INFO - Após processar URL 6 Uso de memória: 130.86 MB
2025-05-22 05:41:19,725 - P17020 - INFO - Processando URL 7/20: https://consultacrm.com.br/
2025-05-22 05:41:23,076 - P17020 - INFO - HTML salvo para debug: data\debug_html_v10\65cadeb91ac3713432c21b535990f440.html
2025-05-22 05:41:23,088 - P17020 - INFO - Candidates address: 0 items
2025-05-22 05:41:23,089 - P17020 - INFO - Candidates phone: 0 items
2025-05-22 05:41:23,089 - P17020 - INFO - Candidates email: 0 items
2025-05-22 05:41:23,089 - P17020 - INFO - Candidates complement: 0 items
2025-05-22 05:41:23,089 - P17020 - INFO - Candidates cep: 0 items
2025-05-22 05:41:23,090 - P17020 - INFO - Após processar URL 7 Uso de memória: 128.98 MB
2025-05-22 05:41:23,090 - P17020 - INFO - Processando URL 8/20: http://cremesp.org.br/
2025-05-22 05:41:26,361 - P17020 - INFO - HTML salvo para debug: data\debug_html_v10\2a967318246f9658edeb1e0469c871fe.html
2025-05-22 05:41:26,387 - P17020 - INFO - Candidates address: 1 items
2025-05-22 05:41:26,388 - P17020 - INFO - Candidates phone: 1 items
2025-05-22 05:41:26,388 - P17020 - INFO - Candidates email: 0 items
2025-05-22 05:41:26,388 - P17020 - INFO - Candidates complement: 0 items
2025-05-22 05:41:26,388 - P17020 - INFO - Candidates cep: 2 items
2025-05-22 05:41:26,389 - P17020 - INFO - Após processar URL 8 Uso de memória: 128.98 MB
2025-05-22 05:41:26,389 - P17020 - INFO - Processando URL 9/20: https://noticias.jaulacursos.com.br/wp-content/uploads/sites/23/2023/01/publicado_90112_2023-01-25_b1774462042e3a900a0df9859e34a302-2.pdf
2025-05-22 05:41:26,389 - P17020 - INFO - Ignorando URL de arquivo não-HTML: https://noticias.jaulacursos.com.br/wp-content/uploads/sites/23/2023/01/publicado_90112_2023-01-25_b1774462042e3a900a0df9859e34a302-2.pdf
2025-05-22 05:41:26,389 - P17020 - INFO - Após processar URL 9 Uso de memória: 128.98 MB
2025-05-22 05:41:26,389 - P17020 - INFO - Processando URL 10/20: https://diariooficial.guarulhos.sp.gov.br/uploads/pdf/66130909.pdf
2025-05-22 05:41:26,389 - P17020 - INFO - Ignorando URL de arquivo não-HTML: https://diariooficial.guarulhos.sp.gov.br/uploads/pdf/66130909.pdf
2025-05-22 05:41:26,390 - P17020 - INFO - Após processar URL 10 Uso de memória: 128.98 MB
2025-05-22 05:41:26,390 - P17020 - INFO - Processando URL 11/20: https://www.consultacrm.com.br/index/profissionais/uid-134a7257-f5c5-11ec-9e74-0a4aa568c625/pamella_costa_andrade
2025-05-22 05:41:30,638 - P17020 - INFO - HTML salvo para debug: data\debug_html_v10\72763efd9b582be70d66ce6982006786.html
2025-05-22 05:41:30,652 - P17020 - INFO - Candidates address: 0 items
2025-05-22 05:41:30,652 - P17020 - INFO - Candidates phone: 0 items
2025-05-22 05:41:30,652 - P17020 - INFO - Candidates email: 0 items
2025-05-22 05:41:30,652 - P17020 - INFO - Candidates complement: 0 items
2025-05-22 05:41:30,652 - P17020 - INFO - Candidates cep: 0 items
2025-05-22 05:41:30,653 - P17020 - INFO - Após processar URL 11 Uso de memória: 129.98 MB
2025-05-22 05:41:30,653 - P17020 - INFO - Processando URL 12/20: https://www.ioepa.com.br/pages/2013/2013.05.20.DOE.pdf
2025-05-22 05:41:30,653 - P17020 - INFO - Ignorando URL de arquivo não-HTML: https://www.ioepa.com.br/pages/2013/2013.05.20.DOE.pdf
2025-05-22 05:41:30,653 - P17020 - INFO - Após processar URL 12 Uso de memória: 129.13 MB
2025-05-22 05:41:30,654 - P17020 - INFO - Processando URL 13/20: https://cnpj.biz/60559155000194
2025-05-22 05:41:33,002 - P17020 - INFO - HTML salvo para debug: data\debug_html_v10\29ab9fd99d881e948ff9c4453159e06e.html
2025-05-22 05:41:33,004 - P17020 - INFO - Candidates address: 0 items
2025-05-22 05:41:33,004 - P17020 - INFO - Candidates phone: 0 items
2025-05-22 05:41:33,004 - P17020 - INFO - Candidates email: 0 items
2025-05-22 05:41:33,005 - P17020 - INFO - Candidates complement: 0 items
2025-05-22 05:41:33,005 - P17020 - INFO - Candidates cep: 0 items
2025-05-22 05:41:33,005 - P17020 - INFO - Após processar URL 13 Uso de memória: 129.13 MB
2025-05-22 05:41:33,005 - P17020 - INFO - Processando URL 14/20: https://portal.cfm.org.br/busca-medicos
2025-05-22 05:41:36,282 - P17020 - INFO - HTML salvo para debug: data\debug_html_v10\e28ae84aaa177d1328f3a0d1fb68449f.html
2025-05-22 05:41:36,318 - P17020 - INFO - Candidates address: 0 items
2025-05-22 05:41:36,318 - P17020 - INFO - Candidates phone: 0 items
2025-05-22 05:41:36,318 - P17020 - INFO - Candidates email: 1 items
2025-05-22 05:41:36,318 - P17020 - INFO - Candidates complement: 1 items
2025-05-22 05:41:36,319 - P17020 - INFO - Candidates cep: 1 items
2025-05-22 05:41:36,319 - P17020 - INFO - Após processar URL 14 Uso de memória: 129.14 MB
2025-05-22 05:41:36,319 - P17020 - INFO - Processando URL 15/20: https://guiamedico.cremesp.org.br/
2025-05-22 05:41:38,991 - P17020 - INFO - HTML salvo para debug: data\debug_html_v10\7c54969580769b63edd9abaa952e1fa2.html
2025-05-22 05:41:39,002 - P17020 - INFO - Candidates address: 1 items
2025-05-22 05:41:39,003 - P17020 - INFO - Candidates phone: 1 items
2025-05-22 05:41:39,003 - P17020 - INFO - Candidates email: 0 items
2025-05-22 05:41:39,003 - P17020 - INFO - Candidates complement: 0 items
2025-05-22 05:41:39,003 - P17020 - INFO - Candidates cep: 1 items
2025-05-22 05:41:39,003 - P17020 - INFO - Após processar URL 15 Uso de memória: 129.14 MB
2025-05-22 05:41:39,004 - P17020 - INFO - Processando URL 16/20: https://telemedicinamorsch.com.br/marcar-consulta-online/pamella-de-freitas-vicente-bruno-clinico-geral
2025-05-22 05:41:42,076 - P17020 - INFO - HTML salvo para debug: data\debug_html_v10\d467215102a4e6b24e9b31dc93edc373.html
2025-05-22 05:41:42,093 - P17020 - INFO - Candidates address: 0 items
2025-05-22 05:41:42,094 - P17020 - INFO - Candidates phone: 1 items
2025-05-22 05:41:42,096 - P17020 - INFO - Candidates email: 1 items
2025-05-22 05:41:42,096 - P17020 - INFO - Candidates complement: 1 items
2025-05-22 05:41:42,097 - P17020 - INFO - Candidates cep: 1 items
2025-05-22 05:41:42,097 - P17020 - INFO - Após processar URL 16 Uso de memória: 129.14 MB
2025-05-22 05:41:42,100 - P17020 - INFO - Processando URL 17/20: https://acervo.arquivopublico.sc.gov.br/uploads/r/arquivo-publico-do-estado-de-santa-catarina-apesc/4/2/1/421f76ff11da1c29cfcd6ee5498facfd7cd3a1e1f54c8b4c6ba558f9e1031e04/f48d4a8f-758d-4dac-92ed-b236f61723f0-15634-DOE_18675_24_08_2009_40F_JUCESC_18675_08F.pdf
2025-05-22 05:41:42,100 - P17020 - INFO - Ignorando URL de arquivo não-HTML: https://acervo.arquivopublico.sc.gov.br/uploads/r/arquivo-publico-do-estado-de-santa-catarina-apesc/4/2/1/421f76ff11da1c29cfcd6ee5498facfd7cd3a1e1f54c8b4c6ba558f9e1031e04/f48d4a8f-758d-4dac-92ed-b236f61723f0-15634-DOE_18675_24_08_2009_40F_JUCESC_18675_08F.pdf
2025-05-22 05:41:42,101 - P17020 - INFO - Após processar URL 17 Uso de memória: 129.14 MB
2025-05-22 05:41:42,101 - P17020 - INFO - Processando URL 18/20: https://cnpj.biz/54538959000104
2025-05-22 05:41:44,244 - P17020 - INFO - HTML salvo para debug: data\debug_html_v10\293b77fb6053bacede024bf529f1340d.html
2025-05-22 05:41:44,246 - P17020 - INFO - Candidates address: 0 items
2025-05-22 05:41:44,247 - P17020 - INFO - Candidates phone: 0 items
2025-05-22 05:41:44,247 - P17020 - INFO - Candidates email: 0 items
2025-05-22 05:41:44,247 - P17020 - INFO - Candidates complement: 0 items
2025-05-22 05:41:44,247 - P17020 - INFO - Candidates cep: 0 items
2025-05-22 05:41:44,247 - P17020 - INFO - Após processar URL 18 Uso de memória: 129.14 MB
2025-05-22 05:41:44,247 - P17020 - INFO - Processando URL 19/20: https://www.portaltransparencia.gov.br/pessoa-fisica/busca/lista
2025-05-22 05:41:47,267 - P17020 - INFO - HTML salvo para debug: data\debug_html_v10\e200cdf64b71d4c9248718dd155b3edb.html
2025-05-22 05:41:47,307 - P17020 - INFO - Candidates address: 0 items
2025-05-22 05:41:47,307 - P17020 - INFO - Candidates phone: 0 items
2025-05-22 05:41:47,307 - P17020 - INFO - Candidates email: 0 items
2025-05-22 05:41:47,307 - P17020 - INFO - Candidates complement: 0 items
2025-05-22 05:41:47,307 - P17020 - INFO - Candidates cep: 0 items
2025-05-22 05:41:47,308 - P17020 - INFO - Após processar URL 19 Uso de memória: 129.14 MB
2025-05-22 05:41:47,308 - P17020 - INFO - Processando URL 20/20: https://www.ioepa.com.br/pages/2022/2022.10.18.DOE.pdf
2025-05-22 05:41:47,308 - P17020 - INFO - Ignorando URL de arquivo não-HTML: https://www.ioepa.com.br/pages/2022/2022.10.18.DOE.pdf
2025-05-22 05:41:47,308 - P17020 - INFO - Após processar URL 20 Uso de memória: 129.14 MB
2025-05-22 05:41:47,308 - P17020 - INFO - Iniciando agregação e ranqueamento
2025-05-22 05:41:47,309 - P17020 - INFO - Ranked address: 3 items
2025-05-22 05:41:47,309 - P17020 - INFO - Ranked phone: 4 items
2025-05-22 05:41:47,309 - P17020 - INFO - Ranked email: 3 items
2025-05-22 05:41:47,309 - P17020 - INFO - Ranked complement: 4 items
2025-05-22 05:41:47,309 - P17020 - INFO - Ranked cep: 5 items
2025-05-22 05:41:47,310 - P17020 - INFO - Após agregação Uso de memória: 129.14 MB
2025-05-22 05:41:47,311 - P17020 - INFO - Validando endereço: ['Rua Frei Caneca, 1282', 'R. Frei Caneca, 1282', 'R. Domingos de Morais, 2187']
2025-05-22 05:41:47,311 - P17020 - INFO - Endereço validado: Rua Frei Caneca, 1282
2025-05-22 05:41:47,311 - P17020 - INFO - Limpando texto extenso para campo address: Rua Frei Caneca, 1282...
2025-05-22 05:41:47,311 - P17020 - INFO - Texto limpo: Rua Frei Caneca, 1282
2025-05-22 05:41:47,311 - P17020 - INFO - Validando telefone: ['(11) 4349-9900', '(11) 8527-2565', '(11) 3675-7104']
2025-05-22 05:41:47,311 - P17020 - INFO - Limpando texto extenso para campo phone: (11) 4349-9900...
2025-05-22 05:41:47,312 - P17020 - INFO - Texto limpo: 11) 4349-9900
2025-05-22 05:41:47,312 - P17020 - INFO - Telefone validado: 11) 4349-9900
2025-05-22 05:41:47,312 - P17020 - INFO - Validando email: ['labelledermatologia@gmail.com', 'cfm@portalmedico.org.br', 'josemorsch@telemedicinamorsch.com.br']
2025-05-22 05:41:47,312 - P17020 - INFO - Limpando texto extenso para campo email: labelledermatologia@gmail.com...
2025-05-22 05:41:47,312 - P17020 - INFO - Texto limpo: labelledermatologia@gmail.com
2025-05-22 05:41:47,313 - P17020 - INFO - Email validado: labelledermatologia@gmail.com
2025-05-22 05:41:47,313 - P17020 - INFO - Validando complemento: ['Salatiel  é  sócio(a) de  Pamella  na empresa  SMPV SE', 'Salatiel SAMANTA AUGUSTO LEMES Samanta  é  sócio(a) de', 'Conjunto D']
2025-05-22 05:41:47,313 - P17020 - INFO - Limpando texto extenso para campo complement: Salatiel  é  sócio(a) de  Pamella  na empresa  SMP...
2025-05-22 05:41:47,314 - P17020 - INFO - Texto limpo: Salatiel é sócio(a) de Pame
2025-05-22 05:41:47,314 - P17020 - INFO - Complemento validado: Salatiel é sócio(a) de Pame
2025-05-22 05:41:47,314 - P17020 - INFO - Descobrindo cidade
2025-05-22 05:41:47,314 - P17020 - INFO - Buscando cidade: Rua Frei Caneca cidade SP
2025-05-22 05:41:49,961 - P17020 - WARNING - Cidade não encontrada
2025-05-22 05:41:49,961 - P17020 - INFO - Cidade descoberta: 
2025-05-22 05:41:49,962 - P17020 - INFO - Tempo de execução de processamento completo do médico: 63.14 segundos
2025-05-22 05:41:49,962 - P17020 - INFO - Resultado processado: {'Hash': '686bcdc038e5a224ba04d227a6529ff07220829be68f10e715b30537954c345f', 'CRM': '234233', 'UF': 'SP', 'Firstname': 'PAMELLA', 'LastName': 'VITORIA COSTA FREITAS', 'Medical specialty': '', 'Endereco Completo A1': 'Rua Frei Caneca, 1282', 'Address A1': 'Rua Frei Caneca', 'Numero A1': '1282', 'Complement A1': 'Salatiel é sócio(a) de Pame', 'Bairro A1': '', 'postal code A1': '', 'City A1': '', 'State A1': '', 'Phone A1': '11) 4349-9900', 'Phone A2': '', 'Cell phone A1': '', 'Cell phone A2': '', 'E-mail A1': 'labelledermatologia@gmail.com', 'E-mail A2': '', 'OPT-IN': '', 'STATUS': '', 'LOTE': ''}
2025-05-22 05:41:49,962 - P17020 - INFO - Salvando lote de resultados
2025-05-22 05:41:49,963 - P17020 - INFO - Após salvar resultados Uso de memória: 129.14 MB
2025-05-22 05:41:49,963 - P17020 - INFO - Progresso: 94.9%
2025-05-22 05:41:49,963 - P17020 - INFO - Tempo de execução de processamento do médico 3: 63.14 segundos
2025-05-22 05:41:49,964 - P17020 - INFO - Tempo de execução de processamento do lote completo: 181.09 segundos
