2025-05-22 01:47:06,995 - P17320 - INFO - 
==================================================
Processando médico 1/3
2025-05-22 01:47:06,996 - P17320 - INFO - Nome: JOSÉ FÁBIO GOMES OLIVEIRA
2025-05-22 01:47:06,996 - P17320 - INFO - Reiniciando driver do Chrome
2025-05-22 01:47:08,354 - P17320 - INFO - Após reiniciar driver Uso de memória: 89.16 MB
2025-05-22 01:47:08,354 - P17320 - INFO - Início do processamento Uso de memória: 89.16 MB
2025-05-22 01:47:08,354 - P17320 - INFO - Iniciando busca para: JOSÉ FÁBIO GOMES OLIVEIRA CRM 4858 CE telefone e-mail endereço
2025-05-22 01:47:08,859 - P17320 - INFO - SearX results: 10 URLs
2025-05-22 01:47:08,859 - P17320 - INFO - Após SearX Uso de memória: 89.16 MB
2025-05-22 01:47:11,500 - P17320 - INFO - Google results: 10 URLs
2025-05-22 01:47:11,500 - P17320 - INFO - Após Google Uso de memória: 92.57 MB
2025-05-22 01:47:14,171 - P17320 - INFO - Bing results: 10 URLs
2025-05-22 01:47:14,171 - P17320 - INFO - Após Bing Uso de memória: 95.60 MB
2025-05-22 01:47:14,171 - P17320 - INFO - Total de URLs únicas: 25
2025-05-22 01:47:14,171 - P17320 - INFO - Processando URL 1/25: https://guiamedico.cremesp.org.br/
2025-05-22 01:47:17,454 - P17320 - INFO - HTML salvo para debug: data\debug_html_v10\7c54969580769b63edd9abaa952e1fa2.html
2025-05-22 01:47:17,461 - P17320 - INFO - Candidates address: 1 items
2025-05-22 01:47:17,461 - P17320 - INFO - Candidates phone: 1 items
2025-05-22 01:47:17,461 - P17320 - INFO - Candidates email: 0 items
2025-05-22 01:47:17,461 - P17320 - INFO - Candidates complement: 0 items
2025-05-22 01:47:17,462 - P17320 - INFO - Candidates cep: 1 items
2025-05-22 01:47:17,462 - P17320 - INFO - Após processar URL 1 Uso de memória: 95.86 MB
2025-05-22 01:47:17,462 - P17320 - INFO - Processando URL 2/25: https://doutorcrm.com/jose-fabio-gomes-oliveira
2025-05-22 01:47:21,028 - P17320 - INFO - HTML salvo para debug: data\debug_html_v10\ba436f418fa7451fb066350696747be6.html
2025-05-22 01:47:21,035 - P17320 - INFO - Candidates address: 0 items
2025-05-22 01:47:21,036 - P17320 - INFO - Candidates phone: 0 items
2025-05-22 01:47:21,036 - P17320 - INFO - Candidates email: 0 items
2025-05-22 01:47:21,036 - P17320 - INFO - Candidates complement: 0 items
2025-05-22 01:47:21,036 - P17320 - INFO - Candidates cep: 0 items
2025-05-22 01:47:21,036 - P17320 - INFO - Após processar URL 2 Uso de memória: 96.20 MB
2025-05-22 01:47:21,036 - P17320 - INFO - Processando URL 3/25: https://www.unimed.coop.br/site/web/guarulhos/abrangencia-unimed-guarulhos
2025-05-22 01:47:25,653 - P17320 - INFO - HTML salvo para debug: data\debug_html_v10\a8ba919d13fe71207931c9bc04f538ee.html
2025-05-22 01:47:26,189 - P17320 - INFO - Candidates address: 296 items
2025-05-22 01:47:26,239 - P17320 - INFO - Candidates phone: 209 items
2025-05-22 01:47:26,239 - P17320 - INFO - Candidates email: 1 items
2025-05-22 01:47:26,240 - P17320 - INFO - Candidates complement: 32 items
2025-05-22 01:47:26,240 - P17320 - INFO - Candidates cep: 147 items
2025-05-22 01:47:26,241 - P17320 - INFO - Após processar URL 3 Uso de memória: 99.20 MB
2025-05-22 01:47:26,244 - P17320 - INFO - Processando URL 4/25: https://crmvirtual.cfm.org.br/CE/servico/pesquisar-por-medico
2025-05-22 01:47:30,159 - P17320 - INFO - HTML salvo para debug: data\debug_html_v10\45a055d6195bb8c8f36ec2660226b84e.html
2025-05-22 01:47:30,170 - P17320 - INFO - Candidates address: 0 items
2025-05-22 01:47:30,170 - P17320 - INFO - Candidates phone: 0 items
2025-05-22 01:47:30,170 - P17320 - INFO - Candidates email: 1 items
2025-05-22 01:47:30,171 - P17320 - INFO - Candidates complement: 0 items
2025-05-22 01:47:30,171 - P17320 - INFO - Candidates cep: 0 items
2025-05-22 01:47:30,171 - P17320 - INFO - Após processar URL 4 Uso de memória: 96.42 MB
2025-05-22 01:47:30,172 - P17320 - INFO - Processando URL 5/25: https://consultasaj.tjam.jus.br/cdje/downloadCaderno.do?dtDiario=15/01/2013&cdCaderno=2
2025-05-22 01:47:32,469 - P17320 - INFO - HTML salvo para debug: data\debug_html_v10\7b0d92fb3f680c905bb3db499c42c1f5.html
2025-05-22 01:47:32,480 - P17320 - INFO - Candidates address: 0 items
2025-05-22 01:47:32,481 - P17320 - INFO - Candidates phone: 0 items
2025-05-22 01:47:32,483 - P17320 - INFO - Candidates email: 1 items
2025-05-22 01:47:32,486 - P17320 - INFO - Candidates complement: 0 items
2025-05-22 01:47:32,487 - P17320 - INFO - Candidates cep: 0 items
2025-05-22 01:47:32,488 - P17320 - INFO - Após processar URL 5 Uso de memória: 96.42 MB
2025-05-22 01:47:32,492 - P17320 - INFO - Processando URL 6/25: https://cremec.org.br/busca-medicos
2025-05-22 01:47:36,064 - P17320 - INFO - HTML salvo para debug: data\debug_html_v10\3c9ece8b802bc598dd007727d971a7d5.html
2025-05-22 01:47:36,104 - P17320 - INFO - Candidates address: 1 items
2025-05-22 01:47:36,105 - P17320 - INFO - Candidates phone: 1 items
2025-05-22 01:47:36,105 - P17320 - INFO - Candidates email: 1 items
2025-05-22 01:47:36,105 - P17320 - INFO - Candidates complement: 0 items
2025-05-22 01:47:36,105 - P17320 - INFO - Candidates cep: 1 items
2025-05-22 01:47:36,106 - P17320 - INFO - Após processar URL 6 Uso de memória: 96.57 MB
2025-05-22 01:47:36,106 - P17320 - INFO - Processando URL 7/25: https://www.portaltransparencia.gov.br/pessoa-fisica/busca/lista
2025-05-22 01:47:40,211 - P17320 - INFO - HTML salvo para debug: data\debug_html_v10\e200cdf64b71d4c9248718dd155b3edb.html
2025-05-22 01:47:40,250 - P17320 - INFO - Candidates address: 0 items
2025-05-22 01:47:40,250 - P17320 - INFO - Candidates phone: 0 items
2025-05-22 01:47:40,250 - P17320 - INFO - Candidates email: 0 items
2025-05-22 01:47:40,250 - P17320 - INFO - Candidates complement: 0 items
2025-05-22 01:47:40,250 - P17320 - INFO - Candidates cep: 0 items
2025-05-22 01:47:40,251 - P17320 - INFO - Após processar URL 7 Uso de memória: 96.67 MB
2025-05-22 01:47:40,251 - P17320 - INFO - Processando URL 8/25: https://diariooficial.guarulhos.sp.gov.br/uploads/pdf/115989903.pdf
2025-05-22 01:47:40,251 - P17320 - INFO - Ignorando URL de arquivo não-HTML: https://diariooficial.guarulhos.sp.gov.br/uploads/pdf/115989903.pdf
2025-05-22 01:47:40,251 - P17320 - INFO - Após processar URL 8 Uso de memória: 96.67 MB
2025-05-22 01:47:40,251 - P17320 - INFO - Processando URL 9/25: https://www.consultacrm.com.br/index/medicos/uid-9afa4e7a-f5c5-11ec-9e74-0a4aa568c625/jos___f__bio_gomes_oliveira
2025-05-22 01:47:44,990 - P17320 - INFO - HTML salvo para debug: data\debug_html_v10\461b5b5a775d260924ddb6632ced246d.html
2025-05-22 01:47:45,000 - P17320 - INFO - Candidates address: 0 items
2025-05-22 01:47:45,000 - P17320 - INFO - Candidates phone: 0 items
2025-05-22 01:47:45,000 - P17320 - INFO - Candidates email: 0 items
2025-05-22 01:47:45,000 - P17320 - INFO - Candidates complement: 0 items
2025-05-22 01:47:45,001 - P17320 - INFO - Candidates cep: 0 items
2025-05-22 01:47:45,001 - P17320 - INFO - Após processar URL 9 Uso de memória: 97.41 MB
2025-05-22 01:47:45,001 - P17320 - INFO - Processando URL 10/25: https://www.itapetininga.sp.gov.br/public/admin/globalarq/diario-eletronico/diario/2RAc3s2waTZ2xA3A.pdf
2025-05-22 01:47:45,001 - P17320 - INFO - Ignorando URL de arquivo não-HTML: https://www.itapetininga.sp.gov.br/public/admin/globalarq/diario-eletronico/diario/2RAc3s2waTZ2xA3A.pdf
2025-05-22 01:47:45,001 - P17320 - INFO - Após processar URL 10 Uso de memória: 97.41 MB
2025-05-22 01:47:45,001 - P17320 - INFO - Processando URL 11/25: https://www.seas.ce.gov.br/wp-content/uploads/sites/35/2025/04/Comunicado-52.2025-Convocacao-Para-Avaliacao-de-Condicionamento-Fisica-da-SEAS-Republicacao.pdf
2025-05-22 01:47:45,002 - P17320 - INFO - Ignorando URL de arquivo não-HTML: https://www.seas.ce.gov.br/wp-content/uploads/sites/35/2025/04/Comunicado-52.2025-Convocacao-Para-Avaliacao-de-Condicionamento-Fisica-da-SEAS-Republicacao.pdf
2025-05-22 01:47:45,002 - P17320 - INFO - Após processar URL 11 Uso de memória: 97.41 MB
2025-05-22 01:47:45,002 - P17320 - INFO - Processando URL 12/25: https://sistemas.cfm.org.br/faleconosco/CE
2025-05-22 01:47:48,203 - P17320 - INFO - HTML salvo para debug: data\debug_html_v10\42098248291f79e54ab180551a84746a.html
2025-05-22 01:47:48,211 - P17320 - INFO - Candidates address: 0 items
2025-05-22 01:47:48,211 - P17320 - INFO - Candidates phone: 0 items
2025-05-22 01:47:48,212 - P17320 - INFO - Candidates email: 0 items
2025-05-22 01:47:48,212 - P17320 - INFO - Candidates complement: 0 items
2025-05-22 01:47:48,212 - P17320 - INFO - Candidates cep: 0 items
2025-05-22 01:47:48,212 - P17320 - INFO - Após processar URL 12 Uso de memória: 97.43 MB
2025-05-22 01:47:48,212 - P17320 - INFO - Processando URL 13/25: https://osasco.sp.gov.br/site/wp-content/uploads/2022/02/iomo589.pdf
2025-05-22 01:47:48,212 - P17320 - INFO - Ignorando URL de arquivo não-HTML: https://osasco.sp.gov.br/site/wp-content/uploads/2022/02/iomo589.pdf
2025-05-22 01:47:48,213 - P17320 - INFO - Após processar URL 13 Uso de memória: 97.43 MB
2025-05-22 01:47:48,213 - P17320 - INFO - Processando URL 14/25: https://diariooficial.guarulhos.sp.gov.br/uploads/pdf/1578332610.pdf
2025-05-22 01:47:48,213 - P17320 - INFO - Ignorando URL de arquivo não-HTML: https://diariooficial.guarulhos.sp.gov.br/uploads/pdf/1578332610.pdf
2025-05-22 01:47:48,213 - P17320 - INFO - Após processar URL 14 Uso de memória: 97.43 MB
2025-05-22 01:47:48,213 - P17320 - INFO - Processando URL 15/25: https://www.bertioga.sp.gov.br/wp/wp-content/uploads/2023/07/BOM-1118-compressed.pdf
2025-05-22 01:47:48,214 - P17320 - INFO - Ignorando URL de arquivo não-HTML: https://www.bertioga.sp.gov.br/wp/wp-content/uploads/2023/07/BOM-1118-compressed.pdf
2025-05-22 01:47:48,214 - P17320 - INFO - Após processar URL 15 Uso de memória: 97.43 MB
2025-05-22 01:47:48,214 - P17320 - INFO - Processando URL 16/25: https://www.lei13019.com.br/prestacao-de-contas/arquivo/2081671.pdf
2025-05-22 01:47:48,214 - P17320 - INFO - Ignorando URL de arquivo não-HTML: https://www.lei13019.com.br/prestacao-de-contas/arquivo/2081671.pdf
2025-05-22 01:47:48,215 - P17320 - INFO - Após processar URL 16 Uso de memória: 97.43 MB
2025-05-22 01:47:48,215 - P17320 - INFO - Processando URL 17/25: https://www.coopanest-ce.com.br/lista-de-profissionais/
2025-05-22 01:47:52,511 - P17320 - INFO - HTML salvo para debug: data\debug_html_v10\e0cf144ed6962b1ada968ab955036df1.html
2025-05-22 01:47:52,719 - P17320 - INFO - Candidates address: 64 items
2025-05-22 01:47:52,719 - P17320 - INFO - Candidates phone: 34 items
2025-05-22 01:47:52,719 - P17320 - INFO - Candidates email: 0 items
2025-05-22 01:47:52,719 - P17320 - INFO - Candidates complement: 10 items
2025-05-22 01:47:52,720 - P17320 - INFO - Candidates cep: 1 items
2025-05-22 01:47:52,720 - P17320 - INFO - Após processar URL 17 Uso de memória: 101.04 MB
2025-05-22 01:47:52,720 - P17320 - INFO - Processando URL 18/25: https://deoab.oab.org.br/assets/diarios/diario-eletronico-oab-21-07-2022.pdf
2025-05-22 01:47:52,721 - P17320 - INFO - Ignorando URL de arquivo não-HTML: https://deoab.oab.org.br/assets/diarios/diario-eletronico-oab-21-07-2022.pdf
2025-05-22 01:47:52,721 - P17320 - INFO - Após processar URL 18 Uso de memória: 98.29 MB
2025-05-22 01:47:52,721 - P17320 - INFO - Processando URL 19/25: https://www.achecerto.com.br/
2025-05-22 01:47:59,024 - P17320 - INFO - HTML salvo para debug: data\debug_html_v10\ceb96e5663cace6f7b35fee1716d7561.html
2025-05-22 01:47:59,046 - P17320 - INFO - Candidates address: 1 items
2025-05-22 01:47:59,050 - P17320 - INFO - Candidates phone: 0 items
2025-05-22 01:47:59,051 - P17320 - INFO - Candidates email: 1 items
2025-05-22 01:47:59,052 - P17320 - INFO - Candidates complement: 0 items
2025-05-22 01:47:59,052 - P17320 - INFO - Candidates cep: 0 items
2025-05-22 01:47:59,052 - P17320 - INFO - Após processar URL 19 Uso de memória: 98.72 MB
2025-05-22 01:47:59,052 - P17320 - INFO - Processando URL 20/25: https://seadantigo.portal.ap.gov.br/diario/DOEn7788.pdf?ts=24082614
2025-05-22 01:47:59,052 - P17320 - INFO - Ignorando URL de arquivo não-HTML: https://seadantigo.portal.ap.gov.br/diario/DOEn7788.pdf?ts=24082614
2025-05-22 01:47:59,053 - P17320 - INFO - Após processar URL 20 Uso de memória: 98.72 MB
2025-05-22 01:47:59,053 - P17320 - INFO - Processando URL 21/25: https://diof.ro.gov.br/data/uploads/2025/02/DOE-05-02-2025.pdf
2025-05-22 01:47:59,055 - P17320 - INFO - Ignorando URL de arquivo não-HTML: https://diof.ro.gov.br/data/uploads/2025/02/DOE-05-02-2025.pdf
2025-05-22 01:47:59,055 - P17320 - INFO - Após processar URL 21 Uso de memória: 98.72 MB
2025-05-22 01:47:59,056 - P17320 - INFO - Processando URL 22/25: https://www.gov.br/receitafederal/pt-br/assuntos/orientacao-tributaria/beneficios-fiscais/programa-empresa-cidada/empresas_optantes
2025-05-22 01:48:01,272 - P17320 - INFO - HTML salvo para debug: data\debug_html_v10\bc705a0ca491c709905e221358627d5c.html
2025-05-22 01:48:01,289 - P17320 - INFO - Candidates address: 1 items
2025-05-22 01:48:01,289 - P17320 - INFO - Candidates phone: 0 items
2025-05-22 01:48:01,290 - P17320 - INFO - Candidates email: 1 items
2025-05-22 01:48:01,290 - P17320 - INFO - Candidates complement: 0 items
2025-05-22 01:48:01,290 - P17320 - INFO - Candidates cep: 0 items
2025-05-22 01:48:01,290 - P17320 - INFO - Após processar URL 22 Uso de memória: 98.75 MB
2025-05-22 01:48:01,290 - P17320 - INFO - Processando URL 23/25: https://www.imprensaoficial.com.br/downloads/pdf/edicao/20240320EXEC3.pdf
2025-05-22 01:48:01,291 - P17320 - INFO - Ignorando URL de arquivo não-HTML: https://www.imprensaoficial.com.br/downloads/pdf/edicao/20240320EXEC3.pdf
2025-05-22 01:48:01,291 - P17320 - INFO - Após processar URL 23 Uso de memória: 98.75 MB
2025-05-22 01:48:01,291 - P17320 - INFO - Processando URL 24/25: https://ppe.sistemas.ro.gov.br/Diof/Pdf/9672
2025-05-22 01:48:03,830 - P17320 - INFO - HTML salvo para debug: data\debug_html_v10\a004323ac05b5edb30c8a13a8dae9552.html
2025-05-22 01:48:03,831 - P17320 - INFO - Candidates address: 0 items
2025-05-22 01:48:03,831 - P17320 - INFO - Candidates phone: 0 items
2025-05-22 01:48:03,831 - P17320 - INFO - Candidates email: 0 items
2025-05-22 01:48:03,831 - P17320 - INFO - Candidates complement: 0 items
2025-05-22 01:48:03,832 - P17320 - INFO - Candidates cep: 0 items
2025-05-22 01:48:03,832 - P17320 - INFO - Após processar URL 24 Uso de memória: 98.75 MB
2025-05-22 01:48:03,832 - P17320 - INFO - Processando URL 25/25: https://consultacrm.com.br/
2025-05-22 01:48:07,374 - P17320 - INFO - HTML salvo para debug: data\debug_html_v10\65cadeb91ac3713432c21b535990f440.html
2025-05-22 01:48:07,385 - P17320 - INFO - Candidates address: 0 items
2025-05-22 01:48:07,385 - P17320 - INFO - Candidates phone: 0 items
2025-05-22 01:48:07,386 - P17320 - INFO - Candidates email: 0 items
2025-05-22 01:48:07,386 - P17320 - INFO - Candidates complement: 0 items
2025-05-22 01:48:07,386 - P17320 - INFO - Candidates cep: 0 items
2025-05-22 01:48:07,386 - P17320 - INFO - Após processar URL 25 Uso de memória: 100.20 MB
2025-05-22 01:48:07,386 - P17320 - INFO - Iniciando agregação e ranqueamento
2025-05-22 01:48:07,387 - P17320 - INFO - Ranked address: 363 items
2025-05-22 01:48:07,387 - P17320 - INFO - Ranked phone: 245 items
2025-05-22 01:48:07,387 - P17320 - INFO - Ranked email: 4 items
2025-05-22 01:48:07,387 - P17320 - INFO - Ranked complement: 42 items
2025-05-22 01:48:07,388 - P17320 - INFO - Ranked cep: 150 items
2025-05-22 01:48:07,388 - P17320 - INFO - Após agregação Uso de memória: 100.20 MB
2025-05-22 01:48:07,388 - P17320 - INFO - Validando endereço: ['Av. Santos Dumont, 123', 'Rua Frei Caneca, 1282', 'Avenida Pres. Humberto de Alencar Castelo Branco, 3745']
2025-05-22 01:48:07,388 - P17320 - INFO - Endereço validado: Av. Santos Dumont, 123
2025-05-22 01:48:07,388 - P17320 - INFO - Limpando texto extenso para campo address: Av. Santos Dumont, 123...
2025-05-22 01:48:07,389 - P17320 - INFO - Texto limpo: Av. Santos Dumont, 123
2025-05-22 01:48:07,389 - P17320 - INFO - Validando telefone: ['(11) 4349-9900', '(11) 2463-8000', '(11)2087-3957']
2025-05-22 01:48:07,389 - P17320 - INFO - Limpando texto extenso para campo phone: (11) 4349-9900...
2025-05-22 01:48:07,389 - P17320 - INFO - Texto limpo: 11) 4349-9900
2025-05-22 01:48:07,389 - P17320 - INFO - Telefone validado: 11) 4349-9900
2025-05-22 01:48:07,389 - P17320 - INFO - Validando email: ['pessoafisica@cremec.org.br', 'falecom@achecerto.com.br', 'negocios@sonolayer.com.br']
2025-05-22 01:48:07,390 - P17320 - INFO - Limpando texto extenso para campo email: pessoafisica@cremec.org.br...
2025-05-22 01:48:07,390 - P17320 - INFO - Texto limpo: pessoafisica@cremec.org.br
2025-05-22 01:48:07,390 - P17320 - INFO - Email validado: pessoafisica@cremec.org.br
2025-05-22 01:48:07,390 - P17320 - INFO - Validando complemento: ['Sala 906 - Centro - Arujá - CEP 07400-610', 'Sala 206 – Centro - Guarulhos - CEP 07110-120', 'Sala 21 – Vila Progresso']
2025-05-22 01:48:07,390 - P17320 - INFO - Limpando texto extenso para campo complement: Sala 906 - Centro - Arujá - CEP 07400-610...
2025-05-22 01:48:07,391 - P17320 - INFO - Texto limpo: Sala 906 - Centro - Arujá - CE
2025-05-22 01:48:07,391 - P17320 - INFO - Complemento validado: Sala 906 - Centro - Arujá - CE
2025-05-22 01:48:07,391 - P17320 - INFO - Descobrindo cidade
2025-05-22 01:48:07,391 - P17320 - INFO - Buscando cidade: Av. Santos Dumont cidade CE
2025-05-22 01:48:10,042 - P17320 - WARNING - Cidade não encontrada
2025-05-22 01:48:10,045 - P17320 - INFO - Cidade descoberta: 
2025-05-22 01:48:10,046 - P17320 - INFO - Tempo de execução de processamento completo do médico: 61.69 segundos
2025-05-22 01:48:10,046 - P17320 - INFO - Resultado processado: {'Hash': '13117d0c86f744f2baa395168fda39751d264f455db3305b10916244b76811d1', 'CRM': '4858', 'UF': 'CE', 'Firstname': 'JOSÉ', 'LastName': 'FÁBIO GOMES OLIVEIRA', 'Medical specialty': '', 'Endereco Completo A1': 'Av. Santos Dumont, 123', 'Address A1': 'Av. Santos Dumont', 'Numero A1': '123', 'Complement A1': 'Sala 906 - Centro - Arujá - CE', 'Bairro A1': '', 'postal code A1': '', 'City A1': '', 'State A1': '', 'Phone A1': '11) 4349-9900', 'Phone A2': '', 'Cell phone A1': '', 'Cell phone A2': '', 'E-mail A1': 'pessoafisica@cremec.org.br', 'E-mail A2': '', 'OPT-IN': '', 'STATUS': '', 'LOTE': ''}
2025-05-22 01:48:10,048 - P17320 - INFO - Progresso: 10.5%
2025-05-22 01:48:10,048 - P17320 - INFO - Executando coleta de lixo
2025-05-22 01:48:10,120 - P17320 - INFO - Após coleta de lixo Uso de memória: 88.50 MB
2025-05-22 01:48:10,121 - P17320 - INFO - Tempo de execução de processamento do médico 1: 63.13 segundos
2025-05-22 01:48:10,121 - P17320 - INFO - 
==================================================
Processando médico 2/3
2025-05-22 01:48:10,121 - P17320 - INFO - Nome: ANTONIO BENEVIDES VIEIRA
2025-05-22 01:48:10,121 - P17320 - INFO - Início do processamento Uso de memória: 88.50 MB
2025-05-22 01:48:10,121 - P17320 - INFO - Iniciando busca para: ANTONIO BENEVIDES VIEIRA CRM 5052 CE telefone e-mail endereço
2025-05-22 01:48:10,586 - P17320 - INFO - SearX results: 10 URLs
2025-05-22 01:48:10,586 - P17320 - INFO - Após SearX Uso de memória: 88.50 MB
2025-05-22 01:48:13,208 - P17320 - INFO - Google results: 13 URLs
2025-05-22 01:48:13,208 - P17320 - INFO - Após Google Uso de memória: 92.25 MB
2025-05-22 01:48:15,894 - P17320 - INFO - Bing results: 10 URLs
2025-05-22 01:48:15,894 - P17320 - INFO - Após Bing Uso de memória: 94.99 MB
2025-05-22 01:48:15,894 - P17320 - INFO - Total de URLs únicas: 28
2025-05-22 01:48:15,894 - P17320 - INFO - Processando URL 1/28: https://licitacoes1.caixa.gov.br/sicve-web/rs/download?coProtocolo=ZFlzV0RLYk8vRDcwYmpSZ29lcVR6WFAzR1oxakdtYW16Z2ptWFkxc2xtWnNOMFVEK2ZkUHRrRGxRVTIzRTdRSA==
2025-05-22 01:48:18,736 - P17320 - INFO - HTML salvo para debug: data\debug_html_v10\a27b6d5669262472c84f9818ece24c10.html
2025-05-22 01:48:18,760 - P17320 - INFO - Candidates address: 1 items
2025-05-22 01:48:18,760 - P17320 - INFO - Candidates phone: 0 items
2025-05-22 01:48:18,760 - P17320 - INFO - Candidates email: 0 items
2025-05-22 01:48:18,760 - P17320 - INFO - Candidates complement: 0 items
2025-05-22 01:48:18,761 - P17320 - INFO - Candidates cep: 1 items
2025-05-22 01:48:18,761 - P17320 - INFO - Após processar URL 1 Uso de memória: 96.45 MB
2025-05-22 01:48:18,761 - P17320 - INFO - Processando URL 2/28: https://www.gov.br/receitafederal/pt-br/assuntos/orientacao-tributaria/beneficios-fiscais/programa-empresa-cidada/optantes_empresa_cidada_2021
2025-05-22 01:48:20,834 - P17320 - INFO - HTML salvo para debug: data\debug_html_v10\6fcfbaa88e584272c2d1d7d0e6b1b92c.html
2025-05-22 01:48:20,859 - P17320 - INFO - Candidates address: 1 items
2025-05-22 01:48:20,860 - P17320 - INFO - Candidates phone: 0 items
2025-05-22 01:48:20,860 - P17320 - INFO - Candidates email: 0 items
2025-05-22 01:48:20,860 - P17320 - INFO - Candidates complement: 0 items
2025-05-22 01:48:20,860 - P17320 - INFO - Candidates cep: 1 items
2025-05-22 01:48:20,861 - P17320 - INFO - Após processar URL 2 Uso de memória: 96.82 MB
2025-05-22 01:48:20,861 - P17320 - INFO - Processando URL 3/28: https://clinica.work/especialista/antonio-benevides-vieira-clinico-geral-senador-pompeu-ce
2025-05-22 01:48:25,129 - P17320 - INFO - HTML salvo para debug: data\debug_html_v10\51b21ebd8bad7f7b5201fcbc751be565.html
2025-05-22 01:48:25,150 - P17320 - INFO - Candidates address: 0 items
2025-05-22 01:48:25,150 - P17320 - INFO - Candidates phone: 0 items
2025-05-22 01:48:25,151 - P17320 - INFO - Candidates email: 0 items
2025-05-22 01:48:25,151 - P17320 - INFO - Candidates complement: 0 items
2025-05-22 01:48:25,151 - P17320 - INFO - Candidates cep: 1 items
2025-05-22 01:48:25,152 - P17320 - INFO - Após processar URL 3 Uso de memória: 97.17 MB
2025-05-22 01:48:25,152 - P17320 - INFO - Processando URL 4/28: https://www.doctoralia.com.br/antonio-benevides-vieira/medico-clinico-geral/senador-pompeu
2025-05-22 01:48:25,152 - P17320 - INFO - Ignorando URL de arquivo não-HTML: https://www.doctoralia.com.br/antonio-benevides-vieira/medico-clinico-geral/senador-pompeu
2025-05-22 01:48:25,153 - P17320 - INFO - Após processar URL 4 Uso de memória: 96.24 MB
2025-05-22 01:48:25,153 - P17320 - INFO - Processando URL 5/28: https://www.medicosbrasil.com/profissional/antonio-benevides-vieira
2025-05-22 01:48:28,981 - P17320 - INFO - HTML salvo para debug: data\debug_html_v10\875e394a2e43b4b8c2556073e5c091e9.html
2025-05-22 01:48:29,006 - P17320 - INFO - Candidates address: 0 items
2025-05-22 01:48:29,006 - P17320 - INFO - Candidates phone: 0 items
2025-05-22 01:48:29,006 - P17320 - INFO - Candidates email: 0 items
2025-05-22 01:48:29,007 - P17320 - INFO - Candidates complement: 0 items
2025-05-22 01:48:29,007 - P17320 - INFO - Candidates cep: 0 items
2025-05-22 01:48:29,007 - P17320 - INFO - Após processar URL 5 Uso de memória: 97.21 MB
2025-05-22 01:48:29,007 - P17320 - INFO - Processando URL 6/28: https://www.doctuo.com.br/medicos/antonio-benevides-vieira
2025-05-22 01:48:29,007 - P17320 - INFO - Ignorando URL de arquivo não-HTML: https://www.doctuo.com.br/medicos/antonio-benevides-vieira
2025-05-22 01:48:29,008 - P17320 - INFO - Após processar URL 6 Uso de memória: 97.21 MB
2025-05-22 01:48:29,008 - P17320 - INFO - Processando URL 7/28: https://pbqp-h.mdr.gov.br/wp-content/uploads/2022/11/Empresas-Certificadas-SIAC-Fevereiro-a-18-11-2022-Planilha-csv-adm.csv
2025-05-22 01:48:29,008 - P17320 - INFO - Ignorando URL de arquivo não-HTML: https://pbqp-h.mdr.gov.br/wp-content/uploads/2022/11/Empresas-Certificadas-SIAC-Fevereiro-a-18-11-2022-Planilha-csv-adm.csv
2025-05-22 01:48:29,009 - P17320 - INFO - Após processar URL 7 Uso de memória: 97.21 MB
2025-05-22 01:48:29,009 - P17320 - INFO - Processando URL 8/28: https://diario.tjrr.jus.br/dpj/dpj-20120411.pdf
2025-05-22 01:48:29,009 - P17320 - INFO - Ignorando URL de arquivo não-HTML: https://diario.tjrr.jus.br/dpj/dpj-20120411.pdf
2025-05-22 01:48:29,009 - P17320 - INFO - Após processar URL 8 Uso de memória: 97.21 MB
2025-05-22 01:48:29,009 - P17320 - INFO - Processando URL 9/28: https://www.consultacrm.com.br/index/profissionais/uid-989b8717-f5c5-11ec-9e74-0a4aa568c625/antonio_benevides_vieira
2025-05-22 01:48:34,419 - P17320 - INFO - HTML salvo para debug: data\debug_html_v10\2134190e36153b85edbe20a2b743a6e6.html
2025-05-22 01:48:34,431 - P17320 - INFO - Candidates address: 0 items
2025-05-22 01:48:34,431 - P17320 - INFO - Candidates phone: 0 items
2025-05-22 01:48:34,431 - P17320 - INFO - Candidates email: 0 items
2025-05-22 01:48:34,432 - P17320 - INFO - Candidates complement: 0 items
2025-05-22 01:48:34,432 - P17320 - INFO - Candidates cep: 0 items
2025-05-22 01:48:34,432 - P17320 - INFO - Após processar URL 9 Uso de memória: 97.37 MB
2025-05-22 01:48:34,432 - P17320 - INFO - Processando URL 10/28: https://cremec.org.br/busca-medicos
2025-05-22 01:48:38,513 - P17320 - INFO - HTML salvo para debug: data\debug_html_v10\3c9ece8b802bc598dd007727d971a7d5.html
2025-05-22 01:48:38,548 - P17320 - INFO - Candidates address: 1 items
2025-05-22 01:48:38,548 - P17320 - INFO - Candidates phone: 1 items
2025-05-22 01:48:38,548 - P17320 - INFO - Candidates email: 1 items
2025-05-22 01:48:38,548 - P17320 - INFO - Candidates complement: 0 items
2025-05-22 01:48:38,549 - P17320 - INFO - Candidates cep: 1 items
2025-05-22 01:48:38,549 - P17320 - INFO - Após processar URL 10 Uso de memória: 97.52 MB
2025-05-22 01:48:38,549 - P17320 - INFO - Processando URL 11/28: https://diariooficial.guarulhos.sp.gov.br/uploads/pdf/990097765.pdf
2025-05-22 01:48:38,549 - P17320 - INFO - Ignorando URL de arquivo não-HTML: https://diariooficial.guarulhos.sp.gov.br/uploads/pdf/990097765.pdf
2025-05-22 01:48:38,549 - P17320 - INFO - Após processar URL 11 Uso de memória: 97.52 MB
2025-05-22 01:48:38,550 - P17320 - INFO - Processando URL 12/28: https://sistemas.trf1.jus.br/edj/bitstream/handle/123/5337/Caderno_JUD_PI_2015-03-16_VII51.pdf?sequence=2&isAllowed=y
2025-05-22 01:48:38,550 - P17320 - INFO - Ignorando URL de arquivo não-HTML: https://sistemas.trf1.jus.br/edj/bitstream/handle/123/5337/Caderno_JUD_PI_2015-03-16_VII51.pdf?sequence=2&isAllowed=y
2025-05-22 01:48:38,550 - P17320 - INFO - Após processar URL 12 Uso de memória: 97.52 MB
2025-05-22 01:48:38,550 - P17320 - INFO - Processando URL 13/28: https://www.lai.pe.gov.br/wp-content/uploads/sites/92/2020/06/PROC.-CP.0001.2020-PL.00013.2020.CPL_.DL_.0012.SERES_compressed.pdf
2025-05-22 01:48:38,550 - P17320 - INFO - Ignorando URL de arquivo não-HTML: https://www.lai.pe.gov.br/wp-content/uploads/sites/92/2020/06/PROC.-CP.0001.2020-PL.00013.2020.CPL_.DL_.0012.SERES_compressed.pdf
2025-05-22 01:48:38,550 - P17320 - INFO - Após processar URL 13 Uso de memória: 97.52 MB
2025-05-22 01:48:38,550 - P17320 - INFO - Processando URL 14/28: https://tangaradaserra.mt.gov.br/wp-content/uploads/2023/07/extrato-de-portarias-junho-2023-1041-a-1233-tce.pdf
2025-05-22 01:48:38,551 - P17320 - INFO - Ignorando URL de arquivo não-HTML: https://tangaradaserra.mt.gov.br/wp-content/uploads/2023/07/extrato-de-portarias-junho-2023-1041-a-1233-tce.pdf
2025-05-22 01:48:38,551 - P17320 - INFO - Após processar URL 14 Uso de memória: 97.52 MB
2025-05-22 01:48:38,551 - P17320 - INFO - Processando URL 15/28: https://pbqp-h.mdr.gov.br/wp-content/uploads/2022/08/Empresas-Certificadas-SIAC-Fevereiro-a-31-08-2022-Planilha1.csv
2025-05-22 01:48:38,551 - P17320 - INFO - Ignorando URL de arquivo não-HTML: https://pbqp-h.mdr.gov.br/wp-content/uploads/2022/08/Empresas-Certificadas-SIAC-Fevereiro-a-31-08-2022-Planilha1.csv
2025-05-22 01:48:38,551 - P17320 - INFO - Após processar URL 15 Uso de memória: 97.52 MB
2025-05-22 01:48:38,551 - P17320 - INFO - Processando URL 16/28: https://sistemas.tce.pe.gov.br/audinArquivos/licon/processo_licitatorio/edital/877/LICON_Edital_877_2020_43_887843.pdf
2025-05-22 01:48:38,552 - P17320 - INFO - Ignorando URL de arquivo não-HTML: https://sistemas.tce.pe.gov.br/audinArquivos/licon/processo_licitatorio/edital/877/LICON_Edital_877_2020_43_887843.pdf
2025-05-22 01:48:38,552 - P17320 - INFO - Após processar URL 16 Uso de memória: 97.52 MB
2025-05-22 01:48:38,552 - P17320 - INFO - Processando URL 17/28: https://www.jfce.jus.br/boas-praticas-no-setor-de-pericias-da-jfce/
2025-05-22 01:48:43,492 - P17320 - INFO - HTML salvo para debug: data\debug_html_v10\02290e9881332d58e586f37236c38d2c.html
2025-05-22 01:48:43,543 - P17320 - INFO - Candidates address: 0 items
2025-05-22 01:48:43,544 - P17320 - INFO - Candidates phone: 0 items
2025-05-22 01:48:43,544 - P17320 - INFO - Candidates email: 0 items
2025-05-22 01:48:43,544 - P17320 - INFO - Candidates complement: 0 items
2025-05-22 01:48:43,544 - P17320 - INFO - Candidates cep: 1 items
2025-05-22 01:48:43,544 - P17320 - INFO - Após processar URL 17 Uso de memória: 92.55 MB
2025-05-22 01:48:43,545 - P17320 - INFO - Processando URL 18/28: https://www.coopanest-ce.com.br/lista-de-profissionais/
2025-05-22 01:48:46,132 - P17320 - INFO - HTML salvo para debug: data\debug_html_v10\e0cf144ed6962b1ada968ab955036df1.html
2025-05-22 01:48:46,343 - P17320 - INFO - Candidates address: 64 items
2025-05-22 01:48:46,344 - P17320 - INFO - Candidates phone: 34 items
2025-05-22 01:48:46,344 - P17320 - INFO - Candidates email: 0 items
2025-05-22 01:48:46,345 - P17320 - INFO - Candidates complement: 10 items
2025-05-22 01:48:46,345 - P17320 - INFO - Candidates cep: 1 items
2025-05-22 01:48:46,345 - P17320 - INFO - Após processar URL 18 Uso de memória: 99.26 MB
2025-05-22 01:48:46,346 - P17320 - INFO - Processando URL 19/28: https://listamedicos.com/medico/antonio-benevides-vieira
2025-05-22 01:48:48,646 - P17320 - INFO - HTML salvo para debug: data\debug_html_v10\b0cf07d8d3c6e8573a5727ca477247ae.html
2025-05-22 01:48:48,654 - P17320 - INFO - Candidates address: 0 items
2025-05-22 01:48:48,654 - P17320 - INFO - Candidates phone: 0 items
2025-05-22 01:48:48,654 - P17320 - INFO - Candidates email: 0 items
2025-05-22 01:48:48,655 - P17320 - INFO - Candidates complement: 0 items
2025-05-22 01:48:48,655 - P17320 - INFO - Candidates cep: 2 items
2025-05-22 01:48:48,655 - P17320 - INFO - Após processar URL 19 Uso de memória: 97.16 MB
2025-05-22 01:48:48,655 - P17320 - INFO - Processando URL 20/28: https://sistemas.trf1.jus.br/edj/bitstream/handle/123/42251/Parte5-Caderno_JUD_TRF_2015-07-30_VII_142.pdf?sequence=19&isAllowed=y
2025-05-22 01:48:48,655 - P17320 - INFO - Ignorando URL de arquivo não-HTML: https://sistemas.trf1.jus.br/edj/bitstream/handle/123/42251/Parte5-Caderno_JUD_TRF_2015-07-30_VII_142.pdf?sequence=19&isAllowed=y
2025-05-22 01:48:48,655 - P17320 - INFO - Após processar URL 20 Uso de memória: 97.16 MB
2025-05-22 01:48:48,656 - P17320 - INFO - Processando URL 21/28: https://diariooficial.guarulhos.sp.gov.br/uploads/pdf/617180518.pdf
2025-05-22 01:48:48,656 - P17320 - INFO - Ignorando URL de arquivo não-HTML: https://diariooficial.guarulhos.sp.gov.br/uploads/pdf/617180518.pdf
2025-05-22 01:48:48,656 - P17320 - INFO - Após processar URL 21 Uso de memória: 97.16 MB
2025-05-22 01:48:48,656 - P17320 - INFO - Processando URL 22/28: https://www.boaconsulta.com/especialista/antonio-benevides-vieira-6105e57aa2e00a693c000f85
2025-05-22 01:48:52,099 - P17320 - INFO - HTML salvo para debug: data\debug_html_v10\d5f24a37e8251faf445bde56affced91.html
2025-05-22 01:48:52,176 - P17320 - INFO - Candidates address: 1 items
2025-05-22 01:48:52,176 - P17320 - INFO - Candidates phone: 0 items
2025-05-22 01:48:52,176 - P17320 - INFO - Candidates email: 0 items
2025-05-22 01:48:52,176 - P17320 - INFO - Candidates complement: 0 items
2025-05-22 01:48:52,176 - P17320 - INFO - Candidates cep: 0 items
2025-05-22 01:48:52,177 - P17320 - INFO - Após processar URL 22 Uso de memória: 98.31 MB
2025-05-22 01:48:52,177 - P17320 - INFO - Processando URL 23/28: https://www.cosanpa.pa.gov.br/wp-content/uploads/2018/06/Cadastro-de-Fornecedores.pdf
2025-05-22 01:48:52,177 - P17320 - INFO - Ignorando URL de arquivo não-HTML: https://www.cosanpa.pa.gov.br/wp-content/uploads/2018/06/Cadastro-de-Fornecedores.pdf
2025-05-22 01:48:52,177 - P17320 - INFO - Após processar URL 23 Uso de memória: 98.31 MB
2025-05-22 01:48:52,177 - P17320 - INFO - Processando URL 24/28: https://www.gov.br/receitafederal/pt-br/assuntos/orientacao-tributaria/beneficios-fiscais/programa-empresa-cidada/empresas_optantes
2025-05-22 01:48:54,222 - P17320 - INFO - HTML salvo para debug: data\debug_html_v10\bc705a0ca491c709905e221358627d5c.html
2025-05-22 01:48:54,297 - P17320 - INFO - Candidates address: 1 items
2025-05-22 01:48:54,298 - P17320 - INFO - Candidates phone: 0 items
2025-05-22 01:48:54,298 - P17320 - INFO - Candidates email: 0 items
2025-05-22 01:48:54,298 - P17320 - INFO - Candidates complement: 0 items
2025-05-22 01:48:54,299 - P17320 - INFO - Candidates cep: 0 items
2025-05-22 01:48:54,299 - P17320 - INFO - Após processar URL 24 Uso de memória: 99.12 MB
2025-05-22 01:48:54,299 - P17320 - INFO - Processando URL 25/28: https://www.redescredenciadas.com.br/perfil/antonio-benevides-vieira-ce-5052
2025-05-22 01:48:59,645 - P17320 - INFO - HTML salvo para debug: data\debug_html_v10\c631887ef970c24502cb42529540752f.html
2025-05-22 01:48:59,654 - P17320 - INFO - Candidates address: 0 items
2025-05-22 01:48:59,654 - P17320 - INFO - Candidates phone: 2 items
2025-05-22 01:48:59,655 - P17320 - INFO - Candidates email: 0 items
2025-05-22 01:48:59,655 - P17320 - INFO - Candidates complement: 0 items
2025-05-22 01:48:59,656 - P17320 - INFO - Candidates cep: 0 items
2025-05-22 01:48:59,658 - P17320 - INFO - Após processar URL 25 Uso de memória: 97.61 MB
2025-05-22 01:48:59,659 - P17320 - INFO - Processando URL 26/28: https://www.infosaude.com.br/cnes/272460-antonio-benevides-vieira
2025-05-22 01:49:02,350 - P17320 - INFO - HTML salvo para debug: data\debug_html_v10\66f7b25ac33347ed5177027425c247c5.html
2025-05-22 01:49:02,374 - P17320 - INFO - Candidates address: 0 items
2025-05-22 01:49:02,375 - P17320 - INFO - Candidates phone: 1 items
2025-05-22 01:49:02,375 - P17320 - INFO - Candidates email: 0 items
2025-05-22 01:49:02,375 - P17320 - INFO - Candidates complement: 0 items
2025-05-22 01:49:02,376 - P17320 - INFO - Candidates cep: 1 items
2025-05-22 01:49:02,376 - P17320 - INFO - Após processar URL 26 Uso de memória: 97.64 MB
2025-05-22 01:49:02,376 - P17320 - INFO - Processando URL 27/28: https://cliniguia.com/profissionais/antonio-benevides-vieira-170589550670018/
2025-05-22 01:49:07,754 - P17320 - INFO - HTML salvo para debug: data\debug_html_v10\5a3cb8708fcfccc1cd6431e7ef62d67b.html
2025-05-22 01:49:07,802 - P17320 - INFO - Candidates address: 0 items
2025-05-22 01:49:07,802 - P17320 - INFO - Candidates phone: 0 items
2025-05-22 01:49:07,802 - P17320 - INFO - Candidates email: 0 items
2025-05-22 01:49:07,802 - P17320 - INFO - Candidates complement: 0 items
2025-05-22 01:49:07,802 - P17320 - INFO - Candidates cep: 0 items
2025-05-22 01:49:07,803 - P17320 - INFO - Após processar URL 27 Uso de memória: 97.54 MB
2025-05-22 01:49:07,803 - P17320 - INFO - Processando URL 28/28: https://www.doctoralia.com.br/medico-clinico-geral/senador-pompeu
2025-05-22 01:49:07,803 - P17320 - INFO - Ignorando URL de arquivo não-HTML: https://www.doctoralia.com.br/medico-clinico-geral/senador-pompeu
2025-05-22 01:49:07,803 - P17320 - INFO - Após processar URL 28 Uso de memória: 93.79 MB
2025-05-22 01:49:07,803 - P17320 - INFO - Iniciando agregação e ranqueamento
2025-05-22 01:49:07,804 - P17320 - INFO - Ranked address: 67 items
2025-05-22 01:49:07,804 - P17320 - INFO - Ranked phone: 38 items
2025-05-22 01:49:07,804 - P17320 - INFO - Ranked email: 1 items
2025-05-22 01:49:07,804 - P17320 - INFO - Ranked complement: 10 items
2025-05-22 01:49:07,804 - P17320 - INFO - Ranked cep: 5 items
2025-05-22 01:49:07,804 - P17320 - INFO - Após agregação Uso de memória: 93.79 MB
2025-05-22 01:49:07,804 - P17320 - INFO - Validando endereço: ['Rua Espirito Santo, 315', 'Rua Deputado Alfredo Barreira Filho, 128', 'Av. Antônio Sales, 485']
2025-05-22 01:49:07,804 - P17320 - INFO - Endereço validado: Rua Espirito Santo, 315
2025-05-22 01:49:07,805 - P17320 - INFO - Limpando texto extenso para campo address: Rua Espirito Santo, 315...
2025-05-22 01:49:07,805 - P17320 - INFO - Texto limpo: Rua Espirito Santo, 315
2025-05-22 01:49:07,805 - P17320 - INFO - Validando telefone: ['(85) 3198-3700', '(85) 99921-7411', '(85) 3261-7586']
2025-05-22 01:49:07,805 - P17320 - INFO - Limpando texto extenso para campo phone: (85) 3198-3700...
2025-05-22 01:49:07,805 - P17320 - INFO - Texto limpo: 85) 3198-3700
2025-05-22 01:49:07,805 - P17320 - INFO - Telefone validado: 85) 3198-3700
2025-05-22 01:49:07,805 - P17320 - INFO - Validando email: ['cremec@cremec.org.br']
2025-05-22 01:49:07,806 - P17320 - INFO - Limpando texto extenso para campo email: cremec@cremec.org.br...
2025-05-22 01:49:07,806 - P17320 - INFO - Texto limpo: cremec@cremec.org.br
2025-05-22 01:49:07,806 - P17320 - INFO - Email validado: cremec@cremec.org.br
2025-05-22 01:49:07,806 - P17320 - INFO - Validando complemento: ['Sala 1902 – Edifício Harmony ', 'Sala 402/403 ', 'Sala 1101 ']
2025-05-22 01:49:07,806 - P17320 - INFO - Limpando texto extenso para campo complement: Sala 1902 – Edifício Harmony ...
2025-05-22 01:49:07,806 - P17320 - INFO - Texto limpo: Sala 1902 – Edifício Harmony
2025-05-22 01:49:07,807 - P17320 - INFO - Complemento validado: Sala 1902 – Edifício Harmony
2025-05-22 01:49:07,807 - P17320 - INFO - Descobrindo cidade
2025-05-22 01:49:07,807 - P17320 - INFO - Buscando cidade: Rua Espirito Santo cidade CE
2025-05-22 01:49:10,049 - P17320 - INFO - Cidade encontrada: Fortaleza
2025-05-22 01:49:10,050 - P17320 - INFO - Limpando texto extenso para campo city: Fortaleza...
2025-05-22 01:49:10,050 - P17320 - INFO - Texto limpo: Fortaleza
2025-05-22 01:49:10,051 - P17320 - INFO - Cidade descoberta: Fortaleza
2025-05-22 01:49:10,051 - P17320 - INFO - Buscando CEP com sistema de cascata
2025-05-22 01:49:10,051 - P17320 - INFO - Iniciando busca de CEP em cascata para: Rua Espirito Santo, Fortaleza, CE
2025-05-22 01:49:10,052 - P17320 - INFO - Método 1: ViaCEP API
2025-05-22 01:49:10,052 - P17320 - INFO - Buscando no ViaCEP: https://viacep.com.br/ws/CE/fortaleza/rua%20espirito%20santo/json/
2025-05-22 01:49:10,775 - P17320 - INFO - Dados encontrados no ViaCEP: {'cep': '60440-775', 'logradouro': 'Rua Espírito Santo', 'complemento': '', 'unidade': '', 'bairro': 'Panamericano', 'localidade': 'Fortaleza', 'uf': 'CE', 'estado': 'Ceará', 'regiao': 'Nordeste', 'ibge': '2304400', 'gia': '', 'ddd': '85', 'siafi': '1389'}
2025-05-22 01:49:10,777 - P17320 - INFO - CEP encontrado via ViaCEP: 60440-775
2025-05-22 01:49:10,777 - P17320 - INFO - Dados de CEP encontrados: {'cep': '60440-775', 'logradouro': 'Rua Espírito Santo', 'complemento': '', 'unidade': '', 'bairro': 'Panamericano', 'localidade': 'Fortaleza', 'uf': 'CE', 'estado': 'Ceará', 'regiao': 'Nordeste', 'ibge': '2304400', 'gia': '', 'ddd': '85', 'siafi': '1389'}
2025-05-22 01:49:10,777 - P17320 - INFO - Limpando texto extenso para campo bairro: Panamericano...
2025-05-22 01:49:10,778 - P17320 - INFO - Texto limpo: Panamericano
2025-05-22 01:49:10,778 - P17320 - INFO - Limpando texto extenso para campo city: Fortaleza...
2025-05-22 01:49:10,778 - P17320 - INFO - Texto limpo: Fortaleza
2025-05-22 01:49:10,778 - P17320 - INFO - Limpando texto extenso para campo state: CE...
2025-05-22 01:49:10,778 - P17320 - INFO - Texto limpo: CE
2025-05-22 01:49:10,778 - P17320 - INFO - Tempo de execução de processamento completo do médico: 60.66 segundos
2025-05-22 01:49:10,779 - P17320 - INFO - Resultado processado: {'Hash': '1bf36315a67e2325440c1511e10e7e3fe72ef149813a1e5b6f6fb4762565b10f', 'CRM': '5052', 'UF': 'CE', 'Firstname': 'ANTONIO', 'LastName': 'BENEVIDES VIEIRA', 'Medical specialty': '', 'Endereco Completo A1': 'Rua Espirito Santo, 315', 'Address A1': 'Rua Espirito Santo', 'Numero A1': '315', 'Complement A1': 'Sala 1902 – Edifício Harmony', 'Bairro A1': 'Panamericano', 'postal code A1': '60440-775', 'City A1': 'Fortaleza', 'State A1': 'CE', 'Phone A1': '85) 3198-3700', 'Phone A2': '', 'Cell phone A1': '', 'Cell phone A2': '', 'E-mail A1': 'cremec@cremec.org.br', 'E-mail A2': '', 'OPT-IN': '', 'STATUS': '', 'LOTE': ''}
2025-05-22 01:49:10,779 - P17320 - INFO - Progresso: 10.9%
2025-05-22 01:49:10,779 - P17320 - INFO - Tempo de execução de processamento do médico 2: 60.66 segundos
2025-05-22 01:49:10,780 - P17320 - INFO - 
==================================================
Processando médico 3/3
2025-05-22 01:49:10,780 - P17320 - INFO - Nome: CÁSSIO MURILO DA SILVA
2025-05-22 01:49:10,780 - P17320 - INFO - Início do processamento Uso de memória: 94.16 MB
2025-05-22 01:49:10,781 - P17320 - INFO - Iniciando busca para: CÁSSIO MURILO DA SILVA CRM 6002 CE telefone e-mail endereço
2025-05-22 01:49:11,299 - P17320 - INFO - SearX results: 10 URLs
2025-05-22 01:49:11,299 - P17320 - INFO - Após SearX Uso de memória: 94.16 MB
2025-05-22 01:49:14,501 - P17320 - INFO - Google results: 13 URLs
2025-05-22 01:49:14,502 - P17320 - INFO - Após Google Uso de memória: 96.83 MB
2025-05-22 01:49:16,970 - P17320 - INFO - Bing results: 9 URLs
2025-05-22 01:49:16,970 - P17320 - INFO - Após Bing Uso de memória: 98.98 MB
2025-05-22 01:49:16,970 - P17320 - INFO - Total de URLs únicas: 28
2025-05-22 01:49:16,970 - P17320 - INFO - Processando URL 1/28: https://www.doctuo.com.br/medicos/cassio-murilo-da-silva
2025-05-22 01:49:16,971 - P17320 - INFO - Ignorando URL de arquivo não-HTML: https://www.doctuo.com.br/medicos/cassio-murilo-da-silva
2025-05-22 01:49:16,971 - P17320 - INFO - Após processar URL 1 Uso de memória: 98.98 MB
2025-05-22 01:49:16,971 - P17320 - INFO - Processando URL 2/28: https://www3.tjma.jus.br/diario/diarios/2024/diario_29052024_160918_97.pdf
2025-05-22 01:49:16,971 - P17320 - INFO - Ignorando URL de arquivo não-HTML: https://www3.tjma.jus.br/diario/diarios/2024/diario_29052024_160918_97.pdf
2025-05-22 01:49:16,971 - P17320 - INFO - Após processar URL 2 Uso de memória: 98.98 MB
2025-05-22 01:49:16,971 - P17320 - INFO - Processando URL 3/28: https://www.tiete.sp.gov.br/imprensa_oficial/agosto_2014.pdf
2025-05-22 01:49:16,972 - P17320 - INFO - Ignorando URL de arquivo não-HTML: https://www.tiete.sp.gov.br/imprensa_oficial/agosto_2014.pdf
2025-05-22 01:49:16,972 - P17320 - INFO - Após processar URL 3 Uso de memória: 98.98 MB
2025-05-22 01:49:16,972 - P17320 - INFO - Processando URL 4/28: https://www.abib.org.br/novo/assista-agora-generos-literarios-na-biblia-por-prof-dr-cassio-murilo/
2025-05-22 01:49:22,221 - P17320 - INFO - HTML salvo para debug: data\debug_html_v10\e6bf8175cfe43ac2ca5ef9fe9611ccbf.html
2025-05-22 01:49:22,261 - P17320 - INFO - Candidates address: 0 items
2025-05-22 01:49:22,261 - P17320 - INFO - Candidates phone: 0 items
2025-05-22 01:49:22,261 - P17320 - INFO - Candidates email: 0 items
2025-05-22 01:49:22,261 - P17320 - INFO - Candidates complement: 0 items
2025-05-22 01:49:22,261 - P17320 - INFO - Candidates cep: 0 items
2025-05-22 01:49:22,262 - P17320 - INFO - Após processar URL 4 Uso de memória: 99.42 MB
2025-05-22 01:49:22,262 - P17320 - INFO - Processando URL 5/28: http://www.guiareunimedicos.med.br/c/clinicos-gerais/cassio-murilo-da-silva-1723177.htm
2025-05-22 01:49:26,336 - P17320 - INFO - HTML salvo para debug: data\debug_html_v10\16c7c0a46dff6de5de297cb94876d0af.html
2025-05-22 01:49:26,344 - P17320 - INFO - Candidates address: 2 items
2025-05-22 01:49:26,344 - P17320 - INFO - Candidates phone: 0 items
2025-05-22 01:49:26,344 - P17320 - INFO - Candidates email: 0 items
2025-05-22 01:49:26,345 - P17320 - INFO - Candidates complement: 0 items
2025-05-22 01:49:26,345 - P17320 - INFO - Candidates cep: 3 items
2025-05-22 01:49:26,345 - P17320 - INFO - Após processar URL 5 Uso de memória: 99.43 MB
2025-05-22 01:49:26,345 - P17320 - INFO - Processando URL 6/28: https://www.doctoralia.com.br/ortopedista-traumatologista/barbalha?page=2
2025-05-22 01:49:26,345 - P17320 - INFO - Ignorando URL de arquivo não-HTML: https://www.doctoralia.com.br/ortopedista-traumatologista/barbalha?page=2
2025-05-22 01:49:26,346 - P17320 - INFO - Após processar URL 6 Uso de memória: 99.43 MB
2025-05-22 01:49:26,346 - P17320 - INFO - Processando URL 7/28: https://juazeirodonorte.ce.gov.br/vacinometro_unidade.php?id=7952
2025-05-22 01:49:30,713 - P17320 - INFO - HTML salvo para debug: data\debug_html_v10\41b9e953e6f48e5d5fad455045dcc112.html
2025-05-22 01:49:30,744 - P17320 - INFO - Candidates address: 0 items
2025-05-22 01:49:30,744 - P17320 - INFO - Candidates phone: 1 items
2025-05-22 01:49:30,744 - P17320 - INFO - Candidates email: 1 items
2025-05-22 01:49:30,744 - P17320 - INFO - Candidates complement: 0 items
2025-05-22 01:49:30,744 - P17320 - INFO - Candidates cep: 0 items
2025-05-22 01:49:30,744 - P17320 - INFO - Após processar URL 7 Uso de memória: 99.43 MB
2025-05-22 01:49:30,745 - P17320 - INFO - Processando URL 8/28: https://consultasaj.tjam.jus.br/cdje/downloadCaderno.do?dtDiario=27/06/2013&cdCaderno=2
2025-05-22 01:49:33,066 - P17320 - INFO - HTML salvo para debug: data\debug_html_v10\44189f53ad308bae017aa4adf104b622.html
2025-05-22 01:49:33,090 - P17320 - INFO - Candidates address: 0 items
2025-05-22 01:49:33,091 - P17320 - INFO - Candidates phone: 1 items
2025-05-22 01:49:33,091 - P17320 - INFO - Candidates email: 1 items
2025-05-22 01:49:33,091 - P17320 - INFO - Candidates complement: 0 items
2025-05-22 01:49:33,091 - P17320 - INFO - Candidates cep: 0 items
2025-05-22 01:49:33,092 - P17320 - INFO - Após processar URL 8 Uso de memória: 99.43 MB
2025-05-22 01:49:33,092 - P17320 - INFO - Processando URL 9/28: https://diariooficial.guarulhos.sp.gov.br/uploads/pdf/359712783.pdf
2025-05-22 01:49:33,092 - P17320 - INFO - Ignorando URL de arquivo não-HTML: https://diariooficial.guarulhos.sp.gov.br/uploads/pdf/359712783.pdf
2025-05-22 01:49:33,092 - P17320 - INFO - Após processar URL 9 Uso de memória: 99.43 MB
2025-05-22 01:49:33,092 - P17320 - INFO - Processando URL 10/28: https://www.catalogo.med.br/doutor/cassio-murilo-da-silva-1723177.htm
2025-05-22 01:49:39,693 - P17320 - INFO - HTML salvo para debug: data\debug_html_v10\18b8f76ae0809ca3c16e6a0ffb87b80d.html
2025-05-22 01:49:39,713 - P17320 - INFO - Candidates address: 2 items
2025-05-22 01:49:39,714 - P17320 - INFO - Candidates phone: 0 items
2025-05-22 01:49:39,714 - P17320 - INFO - Candidates email: 0 items
2025-05-22 01:49:39,714 - P17320 - INFO - Candidates complement: 0 items
2025-05-22 01:49:39,714 - P17320 - INFO - Candidates cep: 3 items
2025-05-22 01:49:39,714 - P17320 - INFO - Após processar URL 10 Uso de memória: 99.44 MB
2025-05-22 01:49:39,714 - P17320 - INFO - Processando URL 11/28: https://cremec.org.br/busca-medicos
2025-05-22 01:49:43,678 - P17320 - INFO - HTML salvo para debug: data\debug_html_v10\3c9ece8b802bc598dd007727d971a7d5.html
2025-05-22 01:49:43,714 - P17320 - INFO - Candidates address: 1 items
2025-05-22 01:49:43,714 - P17320 - INFO - Candidates phone: 1 items
2025-05-22 01:49:43,714 - P17320 - INFO - Candidates email: 1 items
2025-05-22 01:49:43,714 - P17320 - INFO - Candidates complement: 0 items
2025-05-22 01:49:43,715 - P17320 - INFO - Candidates cep: 1 items
2025-05-22 01:49:43,715 - P17320 - INFO - Após processar URL 11 Uso de memória: 99.45 MB
2025-05-22 01:49:43,715 - P17320 - INFO - Processando URL 12/28: https://www.medicosbrasil.com/profissional/cassio-murilo-trovo-hidalgo-filho
2025-05-22 01:49:45,885 - P17320 - INFO - HTML salvo para debug: data\debug_html_v10\871fd1cb43d938cc3e6545284ce3eb8f.html
2025-05-22 01:49:45,887 - P17320 - INFO - Candidates address: 0 items
2025-05-22 01:49:45,887 - P17320 - INFO - Candidates phone: 0 items
2025-05-22 01:49:45,888 - P17320 - INFO - Candidates email: 0 items
2025-05-22 01:49:45,888 - P17320 - INFO - Candidates complement: 0 items
2025-05-22 01:49:45,888 - P17320 - INFO - Candidates cep: 0 items
2025-05-22 01:49:45,888 - P17320 - INFO - Após processar URL 12 Uso de memória: 99.45 MB
2025-05-22 01:49:45,888 - P17320 - INFO - Processando URL 13/28: https://cdn.midiamax.com.br/wp-content/uploads/2025/04/DOE-2404.pdf
2025-05-22 01:49:45,888 - P17320 - INFO - Ignorando URL de arquivo não-HTML: https://cdn.midiamax.com.br/wp-content/uploads/2025/04/DOE-2404.pdf
2025-05-22 01:49:45,889 - P17320 - INFO - Após processar URL 13 Uso de memória: 99.45 MB
2025-05-22 01:49:45,889 - P17320 - INFO - Processando URL 14/28: https://www2.bauru.sp.gov.br/arquivos/sist_diariooficial/2025/05/do_20250515_3985.pdf
2025-05-22 01:49:45,889 - P17320 - INFO - Ignorando URL de arquivo não-HTML: https://www2.bauru.sp.gov.br/arquivos/sist_diariooficial/2025/05/do_20250515_3985.pdf
2025-05-22 01:49:45,889 - P17320 - INFO - Após processar URL 14 Uso de memória: 99.45 MB
2025-05-22 01:49:45,889 - P17320 - INFO - Processando URL 15/28: https://www.boaconsulta.com/especialista/cassio-murilo-da-silva-6105e5aea2e00a697c000bc4
2025-05-22 01:49:48,774 - P17320 - INFO - HTML salvo para debug: data\debug_html_v10\0900dbcedcfd287970314d9f1a5bd96f.html
2025-05-22 01:49:48,854 - P17320 - INFO - Candidates address: 2 items
2025-05-22 01:49:48,854 - P17320 - INFO - Candidates phone: 0 items
2025-05-22 01:49:48,854 - P17320 - INFO - Candidates email: 0 items
2025-05-22 01:49:48,854 - P17320 - INFO - Candidates complement: 0 items
2025-05-22 01:49:48,855 - P17320 - INFO - Candidates cep: 0 items
2025-05-22 01:49:48,855 - P17320 - INFO - Após processar URL 15 Uso de memória: 99.99 MB
2025-05-22 01:49:48,855 - P17320 - INFO - Processando URL 16/28: https://cliniguia.com/profissionais/cassio-murilo-da-silva-128368744590001/
2025-05-22 01:49:53,494 - P17320 - INFO - HTML salvo para debug: data\debug_html_v10\b43476a1f33d1769c7d5ba7e432d35d5.html
2025-05-22 01:49:53,533 - P17320 - INFO - Candidates address: 0 items
2025-05-22 01:49:53,534 - P17320 - INFO - Candidates phone: 0 items
2025-05-22 01:49:53,534 - P17320 - INFO - Candidates email: 0 items
2025-05-22 01:49:53,534 - P17320 - INFO - Candidates complement: 0 items
2025-05-22 01:49:53,534 - P17320 - INFO - Candidates cep: 0 items
2025-05-22 01:49:53,534 - P17320 - INFO - Após processar URL 16 Uso de memória: 100.56 MB
2025-05-22 01:49:53,534 - P17320 - INFO - Processando URL 17/28: https://orthopectus.com.br/dr-cassio-clei-da-silva-curriculum-centro-clinico-orthopectus/
2025-05-22 01:50:00,417 - P17320 - INFO - HTML salvo para debug: data\debug_html_v10\6cb3eea4092741994b67b9d269e66181.html
2025-05-22 01:50:00,443 - P17320 - INFO - Candidates address: 0 items
2025-05-22 01:50:00,443 - P17320 - INFO - Candidates phone: 3 items
2025-05-22 01:50:00,443 - P17320 - INFO - Candidates email: 1 items
2025-05-22 01:50:00,443 - P17320 - INFO - Candidates complement: 1 items
2025-05-22 01:50:00,443 - P17320 - INFO - Candidates cep: 0 items
2025-05-22 01:50:00,444 - P17320 - INFO - Após processar URL 17 Uso de memória: 100.56 MB
2025-05-22 01:50:00,444 - P17320 - INFO - Processando URL 18/28: https://www.seas.ce.gov.br/wp-content/uploads/sites/35/2025/04/Comunicado-52.2025-Convocacao-Para-Avaliacao-de-Condicionamento-Fisica-da-SEAS-Republicacao.pdf
2025-05-22 01:50:00,444 - P17320 - INFO - Ignorando URL de arquivo não-HTML: https://www.seas.ce.gov.br/wp-content/uploads/sites/35/2025/04/Comunicado-52.2025-Convocacao-Para-Avaliacao-de-Condicionamento-Fisica-da-SEAS-Republicacao.pdf
2025-05-22 01:50:00,444 - P17320 - INFO - Após processar URL 18 Uso de memória: 100.56 MB
2025-05-22 01:50:00,445 - P17320 - INFO - Processando URL 19/28: https://consultacrm.com.br/
2025-05-22 01:50:03,737 - P17320 - INFO - HTML salvo para debug: data\debug_html_v10\65cadeb91ac3713432c21b535990f440.html
2025-05-22 01:50:03,750 - P17320 - INFO - Candidates address: 0 items
2025-05-22 01:50:03,750 - P17320 - INFO - Candidates phone: 0 items
2025-05-22 01:50:03,751 - P17320 - INFO - Candidates email: 0 items
2025-05-22 01:50:03,751 - P17320 - INFO - Candidates complement: 0 items
2025-05-22 01:50:03,751 - P17320 - INFO - Candidates cep: 0 items
2025-05-22 01:50:03,751 - P17320 - INFO - Após processar URL 19 Uso de memória: 100.56 MB
2025-05-22 01:50:03,751 - P17320 - INFO - Processando URL 20/28: https://www.doctoralia.com.br/cassio-neves-da-silva-sousa/medico-clinico-geral-medico-de-familia/paramirim
2025-05-22 01:50:03,751 - P17320 - INFO - Ignorando URL de arquivo não-HTML: https://www.doctoralia.com.br/cassio-neves-da-silva-sousa/medico-clinico-geral-medico-de-familia/paramirim
2025-05-22 01:50:03,752 - P17320 - INFO - Após processar URL 20 Uso de memória: 100.56 MB
2025-05-22 01:50:03,752 - P17320 - INFO - Processando URL 21/28: https://sistemas.trf1.jus.br/edj/bitstream/handle/123/15403/Caderno_JUD_PA_2018-11-19_X_214.pdf?sequence=1&isAllowed=y
2025-05-22 01:50:03,752 - P17320 - INFO - Ignorando URL de arquivo não-HTML: https://sistemas.trf1.jus.br/edj/bitstream/handle/123/15403/Caderno_JUD_PA_2018-11-19_X_214.pdf?sequence=1&isAllowed=y
2025-05-22 01:50:03,752 - P17320 - INFO - Após processar URL 21 Uso de memória: 100.56 MB
2025-05-22 01:50:03,752 - P17320 - INFO - Processando URL 22/28: https://www.classemedica.com.br/medico/57018-cassio-murilo-da-silva.htm
2025-05-22 01:50:09,972 - P17320 - INFO - HTML salvo para debug: data\debug_html_v10\9ffd95d5d5f13d4acaeb201c4bd23e61.html
2025-05-22 01:50:09,997 - P17320 - INFO - Candidates address: 0 items
2025-05-22 01:50:09,998 - P17320 - INFO - Candidates phone: 0 items
2025-05-22 01:50:09,998 - P17320 - INFO - Candidates email: 0 items
2025-05-22 01:50:09,998 - P17320 - INFO - Candidates complement: 0 items
2025-05-22 01:50:09,998 - P17320 - INFO - Candidates cep: 0 items
2025-05-22 01:50:09,998 - P17320 - INFO - Após processar URL 22 Uso de memória: 100.56 MB
2025-05-22 01:50:09,998 - P17320 - INFO - Processando URL 23/28: https://www.gov.br/receitafederal/pt-br/assuntos/orientacao-tributaria/beneficios-fiscais/programa-empresa-cidada/empresas_optantes
2025-05-22 01:50:12,023 - P17320 - INFO - HTML salvo para debug: data\debug_html_v10\bc705a0ca491c709905e221358627d5c.html
2025-05-22 01:50:12,053 - P17320 - INFO - Candidates address: 0 items
2025-05-22 01:50:12,053 - P17320 - INFO - Candidates phone: 0 items
2025-05-22 01:50:12,053 - P17320 - INFO - Candidates email: 0 items
2025-05-22 01:50:12,053 - P17320 - INFO - Candidates complement: 0 items
2025-05-22 01:50:12,054 - P17320 - INFO - Candidates cep: 0 items
2025-05-22 01:50:12,054 - P17320 - INFO - Após processar URL 23 Uso de memória: 100.57 MB
2025-05-22 01:50:12,054 - P17320 - INFO - Processando URL 24/28: https://www.doctoralia.com.br/cassio-murilo-da-silva/ortopedista-traumatologista/juazeiro-do-norte
2025-05-22 01:50:12,054 - P17320 - INFO - Ignorando URL de arquivo não-HTML: https://www.doctoralia.com.br/cassio-murilo-da-silva/ortopedista-traumatologista/juazeiro-do-norte
2025-05-22 01:50:12,054 - P17320 - INFO - Após processar URL 24 Uso de memória: 100.57 MB
2025-05-22 01:50:12,055 - P17320 - INFO - Processando URL 25/28: https://me.med.br/dr-cassio-clei-da-silva/
2025-05-22 01:50:15,495 - P17320 - INFO - HTML salvo para debug: data\debug_html_v10\b3589d69977e27e0e0201a209a6a88ae.html
2025-05-22 01:50:15,522 - P17320 - INFO - Candidates address: 0 items
2025-05-22 01:50:15,522 - P17320 - INFO - Candidates phone: 4 items
2025-05-22 01:50:15,522 - P17320 - INFO - Candidates email: 0 items
2025-05-22 01:50:15,523 - P17320 - INFO - Candidates complement: 1 items
2025-05-22 01:50:15,523 - P17320 - INFO - Candidates cep: 3 items
2025-05-22 01:50:15,523 - P17320 - INFO - Após processar URL 25 Uso de memória: 100.57 MB
2025-05-22 01:50:15,523 - P17320 - INFO - Processando URL 26/28: https://www.medicosbrasil.com/profissional/cassio-murilo-da-silva
2025-05-22 01:50:17,751 - P17320 - INFO - HTML salvo para debug: data\debug_html_v10\37a51e5a865068f79cce4707163642d9.html
2025-05-22 01:50:17,754 - P17320 - INFO - Candidates address: 0 items
2025-05-22 01:50:17,754 - P17320 - INFO - Candidates phone: 0 items
2025-05-22 01:50:17,755 - P17320 - INFO - Candidates email: 0 items
2025-05-22 01:50:17,755 - P17320 - INFO - Candidates complement: 0 items
2025-05-22 01:50:17,755 - P17320 - INFO - Candidates cep: 0 items
2025-05-22 01:50:17,755 - P17320 - INFO - Após processar URL 26 Uso de memória: 100.57 MB
2025-05-22 01:50:17,755 - P17320 - INFO - Processando URL 27/28: https://diario.oab.org.br/assets/diarios/diario-eletronico-oab-01-10-2024.pdf
2025-05-22 01:50:17,756 - P17320 - INFO - Ignorando URL de arquivo não-HTML: https://diario.oab.org.br/assets/diarios/diario-eletronico-oab-01-10-2024.pdf
2025-05-22 01:50:17,756 - P17320 - INFO - Após processar URL 27 Uso de memória: 100.57 MB
2025-05-22 01:50:17,756 - P17320 - INFO - Processando URL 28/28: https://web.trf3.jus.br/diario/Consulta/BaixarPdf/12305
2025-05-22 01:50:19,932 - P17320 - INFO - HTML salvo para debug: data\debug_html_v10\526bd07e24d97779babd4223a320c768.html
2025-05-22 01:50:19,934 - P17320 - INFO - Candidates address: 0 items
2025-05-22 01:50:19,934 - P17320 - INFO - Candidates phone: 0 items
2025-05-22 01:50:19,934 - P17320 - INFO - Candidates email: 0 items
2025-05-22 01:50:19,934 - P17320 - INFO - Candidates complement: 0 items
2025-05-22 01:50:19,935 - P17320 - INFO - Candidates cep: 0 items
2025-05-22 01:50:19,935 - P17320 - INFO - Após processar URL 28 Uso de memória: 100.57 MB
2025-05-22 01:50:19,935 - P17320 - INFO - Iniciando agregação e ranqueamento
2025-05-22 01:50:19,935 - P17320 - INFO - Ranked address: 3 items
2025-05-22 01:50:19,935 - P17320 - INFO - Ranked phone: 9 items
2025-05-22 01:50:19,935 - P17320 - INFO - Ranked email: 3 items
2025-05-22 01:50:19,936 - P17320 - INFO - Ranked complement: 2 items
2025-05-22 01:50:19,936 - P17320 - INFO - Ranked cep: 7 items
2025-05-22 01:50:19,936 - P17320 - INFO - Após agregação Uso de memória: 100.57 MB
2025-05-22 01:50:19,936 - P17320 - INFO - Validando endereço: ['Avenida Coronel Joao Coelho, 299', 'Avenida Teodorico Teles, 99', 'Av. Antônio Sales, 485']
2025-05-22 01:50:19,936 - P17320 - INFO - Endereço validado: Avenida Coronel Joao Coelho, 299
2025-05-22 01:50:19,936 - P17320 - INFO - Limpando texto extenso para campo address: Avenida Coronel Joao Coelho, 299...
2025-05-22 01:50:19,937 - P17320 - INFO - Texto limpo: Avenida Coronel Joao Coelho, 299
2025-05-22 01:50:19,937 - P17320 - INFO - Validando telefone: ['(88) 3512-3650', '(85) 3198-3700', '(61) 3425-1408']
2025-05-22 01:50:19,937 - P17320 - INFO - Limpando texto extenso para campo phone: (88) 3512-3650...
2025-05-22 01:50:19,937 - P17320 - INFO - Texto limpo: 88) 3512-3650
2025-05-22 01:50:19,938 - P17320 - INFO - Telefone validado: 88) 3512-3650
2025-05-22 01:50:19,938 - P17320 - INFO - Validando email: ['sesau@juazeiro.ce.gov.br', 'cremec@cremec.org.br', 'orthopectus@orthopectus.net']
2025-05-22 01:50:19,938 - P17320 - INFO - Limpando texto extenso para campo email: sesau@juazeiro.ce.gov.br...
2025-05-22 01:50:19,939 - P17320 - INFO - Texto limpo: sesau@juazeiro.ce.gov.br
2025-05-22 01:50:19,939 - P17320 - INFO - Email validado: sesau@juazeiro.ce.gov.br
2025-05-22 01:50:19,939 - P17320 - INFO - Validando complemento: ['Salas 804/806 CEP: 70.710-904 ', 'Conjunto A Bloco D Edifício Pacini ']
2025-05-22 01:50:19,939 - P17320 - INFO - Limpando texto extenso para campo complement: Salas 804/806 CEP: 70.710-904 ...
2025-05-22 01:50:19,940 - P17320 - INFO - Texto limpo: Salas 804/806 CEP: 70.710-904
2025-05-22 01:50:19,940 - P17320 - INFO - Complemento validado: Salas 804/806 CEP: 70.710-904
2025-05-22 01:50:19,940 - P17320 - INFO - Descobrindo cidade
2025-05-22 01:50:19,940 - P17320 - INFO - Buscando cidade: Avenida Coronel Joao Coelho cidade CE
2025-05-22 01:50:22,740 - P17320 - INFO - Cidade encontrada: Barbalha
2025-05-22 01:50:22,740 - P17320 - INFO - Limpando texto extenso para campo city: Barbalha...
2025-05-22 01:50:22,740 - P17320 - INFO - Texto limpo: Barbalha
2025-05-22 01:50:22,741 - P17320 - INFO - Cidade descoberta: Barbalha
2025-05-22 01:50:22,741 - P17320 - INFO - Buscando CEP com sistema de cascata
2025-05-22 01:50:22,741 - P17320 - INFO - Iniciando busca de CEP em cascata para: Avenida Coronel Joao Coelho, Barbalha, CE
2025-05-22 01:50:22,741 - P17320 - INFO - Método 1: ViaCEP API
2025-05-22 01:50:22,741 - P17320 - INFO - Buscando no ViaCEP: https://viacep.com.br/ws/CE/barbalha/avenida%20coronel%20joao%20coelho/json/
2025-05-22 01:50:23,403 - P17320 - INFO - Dados encontrados no ViaCEP: {'cep': '63090-009', 'logradouro': 'Avenida Coronel João Coelho', 'complemento': 'até 99998/99999', 'unidade': '', 'bairro': 'Centro', 'localidade': 'Barbalha', 'uf': 'CE', 'estado': 'Ceará', 'regiao': 'Nordeste', 'ibge': '2301901', 'gia': '', 'ddd': '88', 'siafi': '1337'}
2025-05-22 01:50:23,405 - P17320 - INFO - CEP encontrado via ViaCEP: 63090-009
2025-05-22 01:50:23,405 - P17320 - INFO - Dados de CEP encontrados: {'cep': '63090-009', 'logradouro': 'Avenida Coronel João Coelho', 'complemento': 'até 99998/99999', 'unidade': '', 'bairro': 'Centro', 'localidade': 'Barbalha', 'uf': 'CE', 'estado': 'Ceará', 'regiao': 'Nordeste', 'ibge': '2301901', 'gia': '', 'ddd': '88', 'siafi': '1337'}
2025-05-22 01:50:23,406 - P17320 - INFO - Limpando texto extenso para campo bairro: Centro...
2025-05-22 01:50:23,406 - P17320 - INFO - Texto limpo: Centro
2025-05-22 01:50:23,406 - P17320 - INFO - Limpando texto extenso para campo city: Barbalha...
2025-05-22 01:50:23,406 - P17320 - INFO - Texto limpo: Barbalha
2025-05-22 01:50:23,406 - P17320 - INFO - Limpando texto extenso para campo state: CE...
2025-05-22 01:50:23,407 - P17320 - INFO - Texto limpo: CE
2025-05-22 01:50:23,407 - P17320 - INFO - Tempo de execução de processamento completo do médico: 72.63 segundos
2025-05-22 01:50:23,407 - P17320 - INFO - Resultado processado: {'Hash': '47c979efc25f35a4e8ae59594fb8f49f21d29f49bec6a608f8dea57643b700c9', 'CRM': '6002', 'UF': 'CE', 'Firstname': 'CÁSSIO', 'LastName': 'MURILO DA SILVA', 'Medical specialty': '', 'Endereco Completo A1': 'Avenida Coronel Joao Coelho, 299', 'Address A1': 'Avenida Coronel Joao Coelho', 'Numero A1': '299', 'Complement A1': 'Salas 804/806 CEP: 70.710-904', 'Bairro A1': 'Centro', 'postal code A1': '63090-009', 'City A1': 'Barbalha', 'State A1': 'CE', 'Phone A1': '88) 3512-3650', 'Phone A2': '', 'Cell phone A1': '', 'Cell phone A2': '', 'E-mail A1': 'sesau@juazeiro.ce.gov.br', 'E-mail A2': '', 'OPT-IN': '', 'STATUS': '', 'LOTE': ''}
2025-05-22 01:50:23,408 - P17320 - INFO - Salvando lote de resultados
2025-05-22 01:50:23,408 - P17320 - INFO - Após salvar resultados Uso de memória: 96.58 MB
2025-05-22 01:50:23,409 - P17320 - INFO - Progresso: 11.3%
2025-05-22 01:50:23,409 - P17320 - INFO - Tempo de execução de processamento do médico 3: 72.63 segundos
2025-05-22 01:50:23,409 - P17320 - INFO - Tempo de execução de processamento do lote completo: 196.41 segundos
