2025-05-21 21:10:27,295 - P11460 - INFO - 
==================================================
Processando médico 1/2
2025-05-21 21:10:27,296 - P11460 - INFO - Nome: IGOR GABRIEL MAIA MENDANHA AMARAL
2025-05-21 21:10:27,296 - P11460 - INFO - Reiniciando driver do Chrome
2025-05-21 21:10:29,201 - P11460 - INFO - Após reiniciar driver Uso de memória: 38.57 MB
2025-05-21 21:10:29,201 - P11460 - INFO - Início do processamento Uso de memória: 38.57 MB
2025-05-21 21:10:29,202 - P11460 - INFO - Iniciando busca para: IGOR GABRIEL MAIA MENDANHA AMARAL CRM 209301 SP telefone e-mail endereço
2025-05-21 21:10:29,737 - P11460 - INFO - SearX results: 9 URLs
2025-05-21 21:10:29,737 - P11460 - INFO - Após SearX Uso de memória: 38.61 MB
2025-05-21 21:10:33,765 - P11460 - INFO - Google results: 3 URLs
2025-05-21 21:10:33,765 - P11460 - INFO - Após Google Uso de memória: 40.95 MB
2025-05-21 21:10:36,834 - P11460 - INFO - Bing results: 9 URLs
2025-05-21 21:10:36,834 - P11460 - INFO - Após Bing Uso de memória: 42.92 MB
2025-05-21 21:10:36,834 - P11460 - INFO - Total de URLs únicas: 14
2025-05-21 21:10:36,835 - P11460 - INFO - Processando URL 1/14: https://www.informecadastral.com.br/cnpj/igor-gabriel-maia-mendanha-amaral-37754127000106
2025-05-21 21:10:40,796 - P11460 - INFO - HTML salvo para debug: data\debug_html_v8\f55d34df06f39a76eff77534f5b85adb.html
2025-05-21 21:10:40,826 - P11460 - INFO - Candidates address: 1 items
2025-05-21 21:10:40,827 - P11460 - INFO - Candidates phone: 2 items
2025-05-21 21:10:40,827 - P11460 - INFO - Candidates email: 1 items
2025-05-21 21:10:40,830 - P11460 - INFO - Candidates complement: 0 items
2025-05-21 21:10:40,831 - P11460 - INFO - Candidates cep: 3 items
2025-05-21 21:10:40,832 - P11460 - INFO - Após processar URL 1 Uso de memória: 43.92 MB
2025-05-21 21:10:40,832 - P11460 - INFO - Processando URL 2/14: https://www.solutudo.com.br/empresas/sp/s-caetano-sul/clinica-medica-ou-medicina-interna/igor-gabriel-maia-mendanha-amaral-24257845
2025-05-21 21:10:48,122 - P11460 - INFO - HTML salvo para debug: data\debug_html_v8\0acfb537367650a762414aef84bed859.html
2025-05-21 21:10:48,171 - P11460 - INFO - Candidates address: 1 items
2025-05-21 21:10:48,171 - P11460 - INFO - Candidates phone: 1 items
2025-05-21 21:10:48,171 - P11460 - INFO - Candidates email: 1 items
2025-05-21 21:10:48,172 - P11460 - INFO - Candidates complement: 0 items
2025-05-21 21:10:48,172 - P11460 - INFO - Candidates cep: 1 items
2025-05-21 21:10:48,172 - P11460 - INFO - Após processar URL 2 Uso de memória: 44.30 MB
2025-05-21 21:10:48,172 - P11460 - INFO - Processando URL 3/14: https://www.passeidireto.com/arquivo/109815622/guia-medico-referencia-2019
2025-05-21 21:10:52,859 - P11460 - INFO - HTML salvo para debug: data\debug_html_v8\b678a7e1e2d052b9788da1e646babb02.html
2025-05-21 21:10:53,259 - P11460 - INFO - Candidates address: 401 items
2025-05-21 21:10:53,268 - P11460 - INFO - Candidates phone: 5 items
2025-05-21 21:10:53,279 - P11460 - INFO - Candidates email: 1 items
2025-05-21 21:10:53,281 - P11460 - INFO - Candidates complement: 0 items
2025-05-21 21:10:53,282 - P11460 - INFO - Candidates cep: 590 items
2025-05-21 21:10:53,282 - P11460 - INFO - Após processar URL 3 Uso de memória: 66.04 MB
2025-05-21 21:10:53,282 - P11460 - INFO - Processando URL 4/14: https://agendarconsulta.com/perfil/dr-igor-gabriel-maia-mendanha-amaral-1670374242
2025-05-21 21:10:59,454 - P11460 - INFO - HTML salvo para debug: data\debug_html_v8\e77f24cd06aef03fb5d2021138d8c151.html
2025-05-21 21:10:59,502 - P11460 - INFO - Candidates address: 0 items
2025-05-21 21:10:59,513 - P11460 - INFO - Candidates phone: 1 items
2025-05-21 21:10:59,517 - P11460 - INFO - Candidates email: 1 items
2025-05-21 21:10:59,527 - P11460 - INFO - Candidates complement: 0 items
2025-05-21 21:10:59,528 - P11460 - INFO - Candidates cep: 2 items
2025-05-21 21:10:59,528 - P11460 - INFO - Após processar URL 4 Uso de memória: 49.55 MB
2025-05-21 21:10:59,528 - P11460 - INFO - Processando URL 5/14: https://agendarconsulta.com/perfil/dr-igor-gabriel-maia-mendanha-amaral-1670374242#:~:text=Para%20agendamentos%20presenciais%20e%20outros%20hor%C3%A1rios%20livres%2C%20entre,na%20Alameda%20Terracota%2C%20185%2C%20S%C3%A3o%20Caetano%20do%20Sul
2025-05-21 21:11:01,697 - P11460 - INFO - HTML salvo para debug: data\debug_html_v8\cea6464c04ab6c87a4d6eed45534bd5a.html
2025-05-21 21:11:01,728 - P11460 - INFO - Candidates address: 0 items
2025-05-21 21:11:01,728 - P11460 - INFO - Candidates phone: 1 items
2025-05-21 21:11:01,729 - P11460 - INFO - Candidates email: 1 items
2025-05-21 21:11:01,729 - P11460 - INFO - Candidates complement: 0 items
2025-05-21 21:11:01,729 - P11460 - INFO - Candidates cep: 2 items
2025-05-21 21:11:01,729 - P11460 - INFO - Após processar URL 5 Uso de memória: 49.71 MB
2025-05-21 21:11:01,730 - P11460 - INFO - Processando URL 6/14: https://www.doctoralia.com.br/servicos-de-tratamento/consulta-psiquiatria/sao-caetano-do-sul
2025-05-21 21:11:01,730 - P11460 - INFO - Ignorando URL de arquivo não-HTML: https://www.doctoralia.com.br/servicos-de-tratamento/consulta-psiquiatria/sao-caetano-do-sul
2025-05-21 21:11:01,730 - P11460 - INFO - Após processar URL 6 Uso de memória: 49.08 MB
2025-05-21 21:11:01,730 - P11460 - INFO - Processando URL 7/14: https://consultacrm.com.br/
2025-05-21 21:11:06,039 - P11460 - INFO - HTML salvo para debug: data\debug_html_v8\65cadeb91ac3713432c21b535990f440.html
2025-05-21 21:11:06,054 - P11460 - INFO - Candidates address: 0 items
2025-05-21 21:11:06,054 - P11460 - INFO - Candidates phone: 0 items
2025-05-21 21:11:06,054 - P11460 - INFO - Candidates email: 0 items
2025-05-21 21:11:06,054 - P11460 - INFO - Candidates complement: 0 items
2025-05-21 21:11:06,055 - P11460 - INFO - Candidates cep: 0 items
2025-05-21 21:11:06,055 - P11460 - INFO - Após processar URL 7 Uso de memória: 51.04 MB
2025-05-21 21:11:06,055 - P11460 - INFO - Processando URL 8/14: https://cnpj.biz/37754127000106
2025-05-21 21:11:08,553 - P11460 - INFO - HTML salvo para debug: data\debug_html_v8\b460632d5b9fdde885f0b89c11054d77.html
2025-05-21 21:11:08,555 - P11460 - INFO - Candidates address: 0 items
2025-05-21 21:11:08,556 - P11460 - INFO - Candidates phone: 0 items
2025-05-21 21:11:08,556 - P11460 - INFO - Candidates email: 0 items
2025-05-21 21:11:08,556 - P11460 - INFO - Candidates complement: 0 items
2025-05-21 21:11:08,556 - P11460 - INFO - Candidates cep: 0 items
2025-05-21 21:11:08,557 - P11460 - INFO - Após processar URL 8 Uso de memória: 49.39 MB
2025-05-21 21:11:08,557 - P11460 - INFO - Processando URL 9/14: https://guiasaudebrasil.com.br/profissional/9bbdf63f6a5daa78-igor-gabriel-maia-mendanha-amaral
2025-05-21 21:11:13,960 - P11460 - INFO - HTML salvo para debug: data\debug_html_v8\eaaef15d0520422c84b73369149e3039.html
2025-05-21 21:11:13,981 - P11460 - INFO - Candidates address: 0 items
2025-05-21 21:11:13,981 - P11460 - INFO - Candidates phone: 0 items
2025-05-21 21:11:13,982 - P11460 - INFO - Candidates email: 0 items
2025-05-21 21:11:13,982 - P11460 - INFO - Candidates complement: 0 items
2025-05-21 21:11:13,982 - P11460 - INFO - Candidates cep: 1 items
2025-05-21 21:11:13,982 - P11460 - INFO - Após processar URL 9 Uso de memória: 51.55 MB
2025-05-21 21:11:13,983 - P11460 - INFO - Processando URL 10/14: https://www.boaconsulta.com/especialista/igor-gabriel-maia-mendanha-amaral-6106d866a2e00a69990041c4
2025-05-21 21:11:17,894 - P11460 - INFO - HTML salvo para debug: data\debug_html_v8\d08d03e19fd44f60e06483e34411aded.html
2025-05-21 21:11:17,969 - P11460 - INFO - Candidates address: 12 items
2025-05-21 21:11:17,970 - P11460 - INFO - Candidates phone: 0 items
2025-05-21 21:11:17,970 - P11460 - INFO - Candidates email: 0 items
2025-05-21 21:11:17,970 - P11460 - INFO - Candidates complement: 0 items
2025-05-21 21:11:17,970 - P11460 - INFO - Candidates cep: 0 items
2025-05-21 21:11:17,970 - P11460 - INFO - Após processar URL 10 Uso de memória: 51.22 MB
2025-05-21 21:11:17,970 - P11460 - INFO - Processando URL 11/14: https://guiamedico.cremesp.org.br/
2025-05-21 21:11:21,188 - P11460 - INFO - HTML salvo para debug: data\debug_html_v8\7c54969580769b63edd9abaa952e1fa2.html
2025-05-21 21:11:21,195 - P11460 - INFO - Candidates address: 1 items
2025-05-21 21:11:21,195 - P11460 - INFO - Candidates phone: 1 items
2025-05-21 21:11:21,195 - P11460 - INFO - Candidates email: 0 items
2025-05-21 21:11:21,195 - P11460 - INFO - Candidates complement: 0 items
2025-05-21 21:11:21,195 - P11460 - INFO - Candidates cep: 1 items
2025-05-21 21:11:21,196 - P11460 - INFO - Após processar URL 11 Uso de memória: 50.79 MB
2025-05-21 21:11:21,196 - P11460 - INFO - Processando URL 12/14: https://www.medicosbrasil.com/profissional/igor-gabriel-maia-mendanha-amaral
2025-05-21 21:11:24,990 - P11460 - INFO - HTML salvo para debug: data\debug_html_v8\4c60bb679f30b49ad7997bad0a3af606.html
2025-05-21 21:11:25,030 - P11460 - INFO - Candidates address: 0 items
2025-05-21 21:11:25,044 - P11460 - INFO - Candidates phone: 0 items
2025-05-21 21:11:25,044 - P11460 - INFO - Candidates email: 0 items
2025-05-21 21:11:25,045 - P11460 - INFO - Candidates complement: 0 items
2025-05-21 21:11:25,045 - P11460 - INFO - Candidates cep: 0 items
2025-05-21 21:11:25,046 - P11460 - INFO - Após processar URL 12 Uso de memória: 52.46 MB
2025-05-21 21:11:25,046 - P11460 - INFO - Processando URL 13/14: https://www.econodata.com.br/consulta-empresa/37754127000106-IGOR-GABRIEL-MAIA-MENDANHA-AMARAL
2025-05-21 21:11:30,462 - P11460 - INFO - HTML salvo para debug: data\debug_html_v8\8f0135fa3807bcf1fa10f15bef565112.html
2025-05-21 21:11:30,643 - P11460 - INFO - Candidates address: 17 items
2025-05-21 21:11:30,644 - P11460 - INFO - Candidates phone: 0 items
2025-05-21 21:11:30,644 - P11460 - INFO - Candidates email: 0 items
2025-05-21 21:11:30,645 - P11460 - INFO - Candidates complement: 2 items
2025-05-21 21:11:30,645 - P11460 - INFO - Candidates cep: 1 items
2025-05-21 21:11:30,646 - P11460 - INFO - Após processar URL 13 Uso de memória: 55.95 MB
2025-05-21 21:11:30,648 - P11460 - INFO - Processando URL 14/14: https://cliniguia.com/profissionais/igor-gabriel-maia-mendanha-amaral-704209221616180/
2025-05-21 21:11:37,310 - P11460 - INFO - HTML salvo para debug: data\debug_html_v8\53d4762735757bbd85d7ce6a37b21aa9.html
2025-05-21 21:11:37,367 - P11460 - INFO - Candidates address: 0 items
2025-05-21 21:11:37,369 - P11460 - INFO - Candidates phone: 0 items
2025-05-21 21:11:37,371 - P11460 - INFO - Candidates email: 0 items
2025-05-21 21:11:37,371 - P11460 - INFO - Candidates complement: 0 items
2025-05-21 21:11:37,371 - P11460 - INFO - Candidates cep: 0 items
2025-05-21 21:11:37,372 - P11460 - INFO - Após processar URL 14 Uso de memória: 56.91 MB
2025-05-21 21:11:37,372 - P11460 - INFO - Iniciando agregação e ranqueamento
2025-05-21 21:11:37,373 - P11460 - INFO - Ranked address: 432 items
2025-05-21 21:11:37,375 - P11460 - INFO - Ranked phone: 9 items
2025-05-21 21:11:37,376 - P11460 - INFO - Ranked email: 4 items
2025-05-21 21:11:37,377 - P11460 - INFO - Ranked complement: 2 items
2025-05-21 21:11:37,377 - P11460 - INFO - Ranked cep: 598 items
2025-05-21 21:11:37,377 - P11460 - INFO - Após agregação Uso de memória: 56.93 MB
2025-05-21 21:11:37,378 - P11460 - INFO - Validando endereço: ['Rua Perrella, 331', 'Rua Padre Arnaldo Jansen, 200', 'Av. Armando Lombardi, 400']
2025-05-21 21:11:37,378 - P11460 - INFO - Endereço validado: Rua Perrella, 331
2025-05-21 21:11:37,379 - P11460 - INFO - Validando telefone: ['(11) 4386-1349', '(11) 91437-1634', '(32) 99195-6532']
2025-05-21 21:11:37,380 - P11460 - INFO - Telefone validado: (11) 4386-1349
2025-05-21 21:11:37,380 - P11460 - INFO - Validando email: ['dr.igoramaral@icloud.com', 'jdribeirojr@hotmail.com', 'r@hotmail.com']
2025-05-21 21:11:37,380 - P11460 - INFO - Email validado: dr.igoramaral@icloud.com
2025-05-21 21:11:37,380 - P11460 - INFO - Validando complemento: ['Apt 1210 Bairro: Fundacao Município/UF: São Caetano d', 'Apt 1210 - Fundacao']
2025-05-21 21:11:37,382 - P11460 - INFO - Complemento validado: Apt 1210 Bairro: Fundacao Município/UF: São Caetano d
2025-05-21 21:11:37,382 - P11460 - INFO - Descobrindo cidade
2025-05-21 21:11:37,382 - P11460 - INFO - Buscando cidade: Rua Perrella cidade SP
2025-05-21 21:11:40,122 - P11460 - WARNING - Cidade não encontrada
2025-05-21 21:11:40,123 - P11460 - INFO - Cidade descoberta: 
2025-05-21 21:11:40,124 - P11460 - INFO - Tempo de execução de processamento completo do médico: 70.92 segundos
2025-05-21 21:11:40,125 - P11460 - INFO - Resultado processado: {'CRM': '209301', 'UF': 'SP', 'Firstname': 'IGOR', 'LastName': 'GABRIEL MAIA MENDANHA AMARAL', 'Medical specialty': '', 'Endereco Completo A1': 'Rua Perrella, 331', 'Address A1': 'Rua Perrella', 'Numero A1': '331', 'Complement A1': 'Apt 1210 Bairro: Fundacao Município/UF: São Caetano d', 'Bairro A1': '', 'postal code A1': '', 'City A1': '', 'State A1': '', 'Phone A1': '(11) 4386-1349', 'Phone A2': '', 'Cell phone A1': '', 'Cell phone A2': '', 'E-mail A1': 'dr.igoramaral@icloud.com', 'E-mail A2': '', 'OPT-IN': '', 'STATUS': '', 'LOTE': ''}
2025-05-21 21:11:40,138 - P11460 - INFO - Progresso: 40.0%
2025-05-21 21:11:40,138 - P11460 - INFO - Executando coleta de lixo
2025-05-21 21:11:40,195 - P11460 - INFO - Após coleta de lixo Uso de memória: 51.54 MB
2025-05-21 21:11:40,198 - P11460 - INFO - Tempo de execução de processamento do médico 1: 72.90 segundos
2025-05-21 21:11:40,206 - P11460 - INFO - 
==================================================
Processando médico 2/2
2025-05-21 21:11:40,207 - P11460 - INFO - Nome: DJALMA MICHELE SILVA
2025-05-21 21:11:40,207 - P11460 - INFO - Início do processamento Uso de memória: 51.54 MB
2025-05-21 21:11:40,208 - P11460 - INFO - Iniciando busca para: DJALMA MICHELE SILVA CRM 16400 PR telefone e-mail endereço
2025-05-21 21:11:40,833 - P11460 - INFO - SearX results: 15 URLs
2025-05-21 21:11:40,833 - P11460 - INFO - Após SearX Uso de memória: 51.55 MB
2025-05-21 21:11:44,019 - P11460 - INFO - Google results: 7 URLs
2025-05-21 21:11:44,019 - P11460 - INFO - Após Google Uso de memória: 55.56 MB
2025-05-21 21:11:46,758 - P11460 - INFO - Bing results: 9 URLs
2025-05-21 21:11:46,759 - P11460 - INFO - Após Bing Uso de memória: 57.34 MB
2025-05-21 21:11:46,759 - P11460 - INFO - Total de URLs únicas: 19
2025-05-21 21:11:46,759 - P11460 - INFO - Processando URL 1/19: https://sistemadje.tjmt.jus.br/publicacoes/9476-2015.pdf
2025-05-21 21:11:46,759 - P11460 - INFO - Ignorando URL de arquivo não-HTML: https://sistemadje.tjmt.jus.br/publicacoes/9476-2015.pdf
2025-05-21 21:11:46,760 - P11460 - INFO - Após processar URL 1 Uso de memória: 57.34 MB
2025-05-21 21:11:46,760 - P11460 - INFO - Processando URL 2/19: https://www.ioepa.com.br/pages/2010/2010.07.29.DOE.pdf
2025-05-21 21:11:46,760 - P11460 - INFO - Ignorando URL de arquivo não-HTML: https://www.ioepa.com.br/pages/2010/2010.07.29.DOE.pdf
2025-05-21 21:11:46,760 - P11460 - INFO - Após processar URL 2 Uso de memória: 57.34 MB
2025-05-21 21:11:46,760 - P11460 - INFO - Processando URL 3/19: https://r4cempresarial.com.br/wp-content/uploads/2020/09/Clealco-5.-Plano-de-Recuperacao-Judicial.pdf
2025-05-21 21:11:46,761 - P11460 - INFO - Ignorando URL de arquivo não-HTML: https://r4cempresarial.com.br/wp-content/uploads/2020/09/Clealco-5.-Plano-de-Recuperacao-Judicial.pdf
2025-05-21 21:11:46,761 - P11460 - INFO - Após processar URL 3 Uso de memória: 57.34 MB
2025-05-21 21:11:46,761 - P11460 - INFO - Processando URL 4/19: https://consultacrm.com.br/
2025-05-21 21:11:50,348 - P11460 - INFO - HTML salvo para debug: data\debug_html_v8\65cadeb91ac3713432c21b535990f440.html
2025-05-21 21:11:50,362 - P11460 - INFO - Candidates address: 0 items
2025-05-21 21:11:50,363 - P11460 - INFO - Candidates phone: 0 items
2025-05-21 21:11:50,370 - P11460 - INFO - Candidates email: 0 items
2025-05-21 21:11:50,371 - P11460 - INFO - Candidates complement: 0 items
2025-05-21 21:11:50,372 - P11460 - INFO - Candidates cep: 0 items
2025-05-21 21:11:50,372 - P11460 - INFO - Após processar URL 4 Uso de memória: 59.33 MB
2025-05-21 21:11:50,373 - P11460 - INFO - Processando URL 5/19: https://www.crmpr.org.br/A-homenagem-aos-profissionais-que-sao-exemplos-eticos-da-Medicina-11-57963.shtml
2025-05-21 21:11:53,737 - P11460 - INFO - HTML salvo para debug: data\debug_html_v8\907d3cc1e972e77380a33dc9625ed6e4.html
2025-05-21 21:11:53,775 - P11460 - INFO - Candidates address: 1 items
2025-05-21 21:11:53,775 - P11460 - INFO - Candidates phone: 1 items
2025-05-21 21:11:53,775 - P11460 - INFO - Candidates email: 1 items
2025-05-21 21:11:53,775 - P11460 - INFO - Candidates complement: 0 items
2025-05-21 21:11:53,775 - P11460 - INFO - Candidates cep: 1 items
2025-05-21 21:11:53,776 - P11460 - INFO - Após processar URL 5 Uso de memória: 57.90 MB
2025-05-21 21:11:53,776 - P11460 - INFO - Processando URL 6/19: https://www.doctoralia.com.br/djalma-michele-silva/generalista-medico-perito/curitiba
2025-05-21 21:11:53,776 - P11460 - INFO - Ignorando URL de arquivo não-HTML: https://www.doctoralia.com.br/djalma-michele-silva/generalista-medico-perito/curitiba
2025-05-21 21:11:53,776 - P11460 - INFO - Após processar URL 6 Uso de memória: 57.90 MB
2025-05-21 21:11:53,776 - P11460 - INFO - Processando URL 7/19: https://www.crmpr.org.br/atualiza/listar.php/1000
2025-05-21 21:11:56,437 - P11460 - INFO - HTML salvo para debug: data\debug_html_v8\ef9ecbfd4e4ebf12f11d844e151b4f0b.html
2025-05-21 21:11:56,579 - P11460 - INFO - Candidates address: 0 items
2025-05-21 21:11:56,579 - P11460 - INFO - Candidates phone: 1 items
2025-05-21 21:11:56,579 - P11460 - INFO - Candidates email: 1 items
2025-05-21 21:11:56,579 - P11460 - INFO - Candidates complement: 0 items
2025-05-21 21:11:56,580 - P11460 - INFO - Candidates cep: 0 items
2025-05-21 21:11:56,580 - P11460 - INFO - Após processar URL 7 Uso de memória: 58.70 MB
2025-05-21 21:11:56,580 - P11460 - INFO - Processando URL 8/19: https://www.saobernardo.sp.gov.br/documents/10181/865801/NM+2089+de+01.11.2019+-+Conteu%CC%81do+Integral.pdf/4c18634b-aab2-0161-dc2a-b4e3a21f1c84
2025-05-21 21:11:56,580 - P11460 - INFO - Ignorando URL de arquivo não-HTML: https://www.saobernardo.sp.gov.br/documents/10181/865801/NM+2089+de+01.11.2019+-+Conteu%CC%81do+Integral.pdf/4c18634b-aab2-0161-dc2a-b4e3a21f1c84
2025-05-21 21:11:56,580 - P11460 - INFO - Após processar URL 8 Uso de memória: 58.70 MB
2025-05-21 21:11:56,581 - P11460 - INFO - Processando URL 9/19: https://cliniguia.com/profissionais/djalma-michele-silva-204327722050002/
2025-05-21 21:12:01,544 - P11460 - INFO - HTML salvo para debug: data\debug_html_v8\c945ec01e9d8f7e5c19e92d266367462.html
2025-05-21 21:12:01,590 - P11460 - INFO - Candidates address: 0 items
2025-05-21 21:12:01,590 - P11460 - INFO - Candidates phone: 0 items
2025-05-21 21:12:01,590 - P11460 - INFO - Candidates email: 0 items
2025-05-21 21:12:01,590 - P11460 - INFO - Candidates complement: 0 items
2025-05-21 21:12:01,590 - P11460 - INFO - Candidates cep: 0 items
2025-05-21 21:12:01,591 - P11460 - INFO - Após processar URL 9 Uso de memória: 59.17 MB
2025-05-21 21:12:01,591 - P11460 - INFO - Processando URL 10/19: https://sistemas.trf1.jus.br/edj/bitstream/handle/123/218612/Caderno_JUD_DF_2017-04-10_IX_64.pdf?sequence=2&isAllowed=y
2025-05-21 21:12:01,591 - P11460 - INFO - Ignorando URL de arquivo não-HTML: https://sistemas.trf1.jus.br/edj/bitstream/handle/123/218612/Caderno_JUD_DF_2017-04-10_IX_64.pdf?sequence=2&isAllowed=y
2025-05-21 21:12:01,593 - P11460 - INFO - Após processar URL 10 Uso de memória: 57.84 MB
2025-05-21 21:12:01,593 - P11460 - INFO - Processando URL 11/19: https://conectadoc.com.br/especialista/crm-16400-PR/djalma-michele-silva
2025-05-21 21:12:05,196 - P11460 - INFO - HTML salvo para debug: data\debug_html_v8\4644e38a0d3ab9031168887af692d871.html
2025-05-21 21:12:05,219 - P11460 - INFO - Candidates address: 0 items
2025-05-21 21:12:05,219 - P11460 - INFO - Candidates phone: 0 items
2025-05-21 21:12:05,219 - P11460 - INFO - Candidates email: 0 items
2025-05-21 21:12:05,220 - P11460 - INFO - Candidates complement: 0 items
2025-05-21 21:12:05,220 - P11460 - INFO - Candidates cep: 0 items
2025-05-21 21:12:05,220 - P11460 - INFO - Após processar URL 11 Uso de memória: 58.23 MB
2025-05-21 21:12:05,220 - P11460 - INFO - Processando URL 12/19: https://acervo.arquivopublico.sc.gov.br/uploads/r/arquivo-publico-do-estado-de-santa-catarina-apesc/4/e/f/4efe2185612f8204803b13c273fd705d499f79fa8463504209359a6580c1e1cf/bea14883-5ad4-4eac-8b2a-01df25e85310-14597-DOE_18730_13_11_2009_48F.pdf
2025-05-21 21:12:05,221 - P11460 - INFO - Ignorando URL de arquivo não-HTML: https://acervo.arquivopublico.sc.gov.br/uploads/r/arquivo-publico-do-estado-de-santa-catarina-apesc/4/e/f/4efe2185612f8204803b13c273fd705d499f79fa8463504209359a6580c1e1cf/bea14883-5ad4-4eac-8b2a-01df25e85310-14597-DOE_18730_13_11_2009_48F.pdf
2025-05-21 21:12:05,221 - P11460 - INFO - Após processar URL 12 Uso de memória: 58.23 MB
2025-05-21 21:12:05,221 - P11460 - INFO - Processando URL 13/19: https://www.doctoralia.com.br/coronel-vivida
2025-05-21 21:12:05,222 - P11460 - INFO - Ignorando URL de arquivo não-HTML: https://www.doctoralia.com.br/coronel-vivida
2025-05-21 21:12:05,222 - P11460 - INFO - Após processar URL 13 Uso de memória: 58.23 MB
2025-05-21 21:12:05,222 - P11460 - INFO - Processando URL 14/19: https://bkpsitecpsnew.blob.core.windows.net/uploadsitecps/sites/3/2021/06/PREGAO-036-2021-REGISTRO-PARA-FORNECIMENTO-DE-LIVROS.pdf
2025-05-21 21:12:05,222 - P11460 - INFO - Ignorando URL de arquivo não-HTML: https://bkpsitecpsnew.blob.core.windows.net/uploadsitecps/sites/3/2021/06/PREGAO-036-2021-REGISTRO-PARA-FORNECIMENTO-DE-LIVROS.pdf
2025-05-21 21:12:05,223 - P11460 - INFO - Após processar URL 14 Uso de memória: 58.23 MB
2025-05-21 21:12:05,223 - P11460 - INFO - Processando URL 15/19: https://www.boaconsulta.com/especialistas/psiquiatras/palmas-pr
2025-05-21 21:12:07,336 - P11460 - INFO - HTML salvo para debug: data\debug_html_v8\d44a46ba6bbdd58c2aa57f92a4d6a922.html
2025-05-21 21:12:07,407 - P11460 - INFO - Candidates address: 3 items
2025-05-21 21:12:07,413 - P11460 - INFO - Candidates phone: 0 items
2025-05-21 21:12:07,414 - P11460 - INFO - Candidates email: 0 items
2025-05-21 21:12:07,414 - P11460 - INFO - Candidates complement: 0 items
2025-05-21 21:12:07,414 - P11460 - INFO - Candidates cep: 0 items
2025-05-21 21:12:07,414 - P11460 - INFO - Após processar URL 15 Uso de memória: 58.73 MB
2025-05-21 21:12:07,415 - P11460 - INFO - Processando URL 16/19: https://www.classemedica.com.br/medico/82395-djalma-michele-silva.htm
2025-05-21 21:12:12,777 - P11460 - INFO - HTML salvo para debug: data\debug_html_v8\720a0e0c91672ba25dba5b8460f770bc.html
2025-05-21 21:12:12,805 - P11460 - INFO - Candidates address: 0 items
2025-05-21 21:12:12,805 - P11460 - INFO - Candidates phone: 0 items
2025-05-21 21:12:12,805 - P11460 - INFO - Candidates email: 0 items
2025-05-21 21:12:12,806 - P11460 - INFO - Candidates complement: 0 items
2025-05-21 21:12:12,806 - P11460 - INFO - Candidates cep: 0 items
2025-05-21 21:12:12,806 - P11460 - INFO - Após processar URL 16 Uso de memória: 58.38 MB
2025-05-21 21:12:12,806 - P11460 - INFO - Processando URL 17/19: https://www.medicosbrasil.com/profissional/djalma-michele-silva
2025-05-21 21:12:15,094 - P11460 - INFO - HTML salvo para debug: data\debug_html_v8\d4732d190edf8c8ad74a8fff1ea4bbce.html
2025-05-21 21:12:15,095 - P11460 - INFO - Candidates address: 0 items
2025-05-21 21:12:15,096 - P11460 - INFO - Candidates phone: 0 items
2025-05-21 21:12:15,096 - P11460 - INFO - Candidates email: 0 items
2025-05-21 21:12:15,096 - P11460 - INFO - Candidates complement: 0 items
2025-05-21 21:12:15,096 - P11460 - INFO - Candidates cep: 0 items
2025-05-21 21:12:15,096 - P11460 - INFO - Após processar URL 17 Uso de memória: 58.56 MB
2025-05-21 21:12:15,096 - P11460 - INFO - Processando URL 18/19: https://www.doctoralia.com.br/medico-perito?page=12
2025-05-21 21:12:15,096 - P11460 - INFO - Ignorando URL de arquivo não-HTML: https://www.doctoralia.com.br/medico-perito?page=12
2025-05-21 21:12:15,097 - P11460 - INFO - Após processar URL 18 Uso de memória: 58.56 MB
2025-05-21 21:12:15,097 - P11460 - INFO - Processando URL 19/19: https://www.boaconsulta.com/especialista/djalma-michele-silva-6105743e40ebb50165000893
2025-05-21 21:12:18,027 - P11460 - INFO - HTML salvo para debug: data\debug_html_v8\d89f510412514d667d674e7f80fd2d93.html
2025-05-21 21:12:18,124 - P11460 - INFO - Candidates address: 1 items
2025-05-21 21:12:18,147 - P11460 - INFO - Candidates phone: 0 items
2025-05-21 21:12:18,150 - P11460 - INFO - Candidates email: 0 items
2025-05-21 21:12:18,152 - P11460 - INFO - Candidates complement: 0 items
2025-05-21 21:12:18,153 - P11460 - INFO - Candidates cep: 0 items
2025-05-21 21:12:18,153 - P11460 - INFO - Após processar URL 19 Uso de memória: 60.50 MB
2025-05-21 21:12:18,169 - P11460 - INFO - Iniciando agregação e ranqueamento
2025-05-21 21:12:18,170 - P11460 - INFO - Ranked address: 4 items
2025-05-21 21:12:18,170 - P11460 - INFO - Ranked phone: 2 items
2025-05-21 21:12:18,173 - P11460 - INFO - Ranked email: 2 items
2025-05-21 21:12:18,175 - P11460 - INFO - Ranked complement: 0 items
2025-05-21 21:12:18,175 - P11460 - INFO - Ranked cep: 1 items
2025-05-21 21:12:18,176 - P11460 - INFO - Após agregação Uso de memória: 60.51 MB
2025-05-21 21:12:18,176 - P11460 - INFO - Validando endereço: ['Rua Dr Bernardo Ribeiro Vianna, 433', 'Rua Victório Viezzer, 84', 'Rua Avenida Parigot De Souza, 1149']
2025-05-21 21:12:18,176 - P11460 - INFO - Endereço validado: Rua Dr Bernardo Ribeiro Vianna, 433
2025-05-21 21:12:18,176 - P11460 - INFO - Validando telefone: ['(41) 3240-4000', '(41) 3240-4039']
2025-05-21 21:12:18,176 - P11460 - INFO - Telefone validado: (41) 3240-4000
2025-05-21 21:12:18,177 - P11460 - INFO - Validando email: ['protocolo@crmpr.org.br', 'atualiza@crmpr.org.br']
2025-05-21 21:12:18,177 - P11460 - INFO - Email validado: protocolo@crmpr.org.br
2025-05-21 21:12:18,177 - P11460 - INFO - Descobrindo cidade
2025-05-21 21:12:18,177 - P11460 - INFO - Buscando cidade: Rua Dr Bernardo Ribeiro Vianna cidade PR
2025-05-21 21:12:20,835 - P11460 - INFO - Cidade encontrada: Palmas
2025-05-21 21:12:20,836 - P11460 - INFO - Cidade descoberta: Palmas
2025-05-21 21:12:20,836 - P11460 - INFO - Buscando CEP com sistema de cascata
2025-05-21 21:12:20,836 - P11460 - INFO - Iniciando busca de CEP em cascata para: Rua Dr Bernardo Ribeiro Vianna, Palmas, PR
2025-05-21 21:12:20,836 - P11460 - INFO - Método 1: ViaCEP API
2025-05-21 21:12:20,837 - P11460 - INFO - Buscando no ViaCEP: https://viacep.com.br/ws/PR/palmas/rua%20dr%20bernardo%20ribeiro%20vianna/json/
2025-05-21 21:12:21,520 - P11460 - WARNING - ViaCEP retornou status 200 ou nenhum resultado
2025-05-21 21:12:21,522 - P11460 - INFO - Método 2: BrasilAPI
2025-05-21 21:12:21,522 - P11460 - INFO - Buscando na BrasilAPI: Rua Dr Bernardo Ribeiro Vianna, Palmas, PR
2025-05-21 21:12:22,022 - P11460 - INFO - Consultando BrasilAPI: https://brasilapi.com.br/api/cep/v2/44481025
2025-05-21 21:12:33,407 - P11460 - ERROR - Erro ao buscar na BrasilAPI: HTTPSConnectionPool(host='brasilapi.com.br', port=443): Read timed out. (read timeout=10)
2025-05-21 21:12:33,407 - P11460 - INFO - Método 3: Web Scraping do Google
2025-05-21 21:12:33,407 - P11460 - INFO - Buscando CEP: CEP da Rua Dr Bernardo Ribeiro Vianna, Palmas
2025-05-21 21:12:35,125 - P11460 - INFO - CEP encontrado: 85690-021
2025-05-21 21:12:35,125 - P11460 - INFO - CEP encontrado via Google: 85690-021
2025-05-21 21:12:35,125 - P11460 - INFO - Dados de CEP encontrados: {'cep': '85690-021', 'logradouro': 'Rua Dr Bernardo Ribeiro Vianna', 'bairro': '', 'localidade': 'Palmas', 'uf': 'PR', 'complemento': ''}
2025-05-21 21:12:35,125 - P11460 - INFO - Tempo de execução de processamento completo do médico: 54.92 segundos
2025-05-21 21:12:35,126 - P11460 - INFO - Resultado processado: {'CRM': '16400', 'UF': 'PR', 'Firstname': 'DJALMA', 'LastName': 'MICHELE SILVA', 'Medical specialty': '', 'Endereco Completo A1': 'Rua Dr Bernardo Ribeiro Vianna, 433', 'Address A1': 'Rua Dr Bernardo Ribeiro Vianna', 'Numero A1': '433', 'Complement A1': '', 'Bairro A1': '', 'postal code A1': '85690-021', 'City A1': 'Palmas', 'State A1': 'PR', 'Phone A1': '(41) 3240-4000', 'Phone A2': '', 'Cell phone A1': '', 'Cell phone A2': '', 'E-mail A1': 'protocolo@crmpr.org.br', 'E-mail A2': '', 'OPT-IN': '', 'STATUS': '', 'LOTE': ''}
2025-05-21 21:12:35,127 - P11460 - INFO - Progresso: 70.0%
2025-05-21 21:12:35,127 - P11460 - INFO - Tempo de execução de processamento do médico 2: 54.92 segundos
2025-05-21 21:12:35,127 - P11460 - INFO - Salvando resultados finais do lote
2025-05-21 21:12:35,128 - P11460 - INFO - Tempo de execução de processamento do lote completo: 127.83 segundos
