2025-05-21 22:06:40,948 - P15648 - INFO - 
==================================================
Processando médico 1/2
2025-05-21 22:06:40,949 - P15648 - INFO - Nome: ADAM VALENTE AMARAL
2025-05-21 22:06:40,949 - P15648 - INFO - Reiniciando driver do Chrome
2025-05-21 22:06:42,401 - P15648 - INFO - Após reiniciar driver Uso de memória: 38.41 MB
2025-05-21 22:06:42,405 - P15648 - INFO - Início do processamento Uso de memória: 38.42 MB
2025-05-21 22:06:42,412 - P15648 - INFO - Iniciando busca para: ADAM VALENTE AMARAL CRM 24698 CE telefone e-mail endereço
2025-05-21 22:06:43,269 - P15648 - INFO - SearX results: 14 URLs
2025-05-21 22:06:43,272 - P15648 - INFO - Após SearX Uso de memória: 38.48 MB
2025-05-21 22:06:46,448 - P15648 - INFO - Google results: 9 URLs
2025-05-21 22:06:46,449 - P15648 - INFO - Após Google Uso de memória: 39.23 MB
2025-05-21 22:06:49,746 - P15648 - INFO - Bing results: 9 URLs
2025-05-21 22:06:49,746 - P15648 - INFO - Após Bing Uso de memória: 40.00 MB
2025-05-21 22:06:49,747 - P15648 - INFO - Total de URLs únicas: 20
2025-05-21 22:06:49,747 - P15648 - INFO - Processando URL 1/20: https://rhetory.com/antconc/wordlist.txt
2025-05-21 22:06:49,747 - P15648 - INFO - Ignorando URL de arquivo não-HTML: https://rhetory.com/antconc/wordlist.txt
2025-05-21 22:06:49,747 - P15648 - INFO - Após processar URL 1 Uso de memória: 40.00 MB
2025-05-21 22:06:49,747 - P15648 - INFO - Processando URL 2/20: https://www.sociosbrasil.com/nome/adam-valente-amaral
2025-05-21 22:06:54,991 - P15648 - INFO - HTML salvo para debug: data\debug_html_v10\4c23c921d7175d5df7b3c6ea5ae7298d.html
2025-05-21 22:06:54,998 - P15648 - INFO - Candidates address: 2 items
2025-05-21 22:06:54,998 - P15648 - INFO - Candidates phone: 0 items
2025-05-21 22:06:54,998 - P15648 - INFO - Candidates email: 2 items
2025-05-21 22:06:54,999 - P15648 - INFO - Candidates complement: 1 items
2025-05-21 22:06:54,999 - P15648 - INFO - Candidates cep: 4 items
2025-05-21 22:06:54,999 - P15648 - INFO - Após processar URL 2 Uso de memória: 41.12 MB
2025-05-21 22:06:54,999 - P15648 - INFO - Processando URL 3/20: https://www.informecadastral.com.br/cnpj/b1021-med-assistencia-e-servicos-medicos-ltda-47208480000144
2025-05-21 22:07:00,362 - P15648 - INFO - HTML salvo para debug: data\debug_html_v10\2ea16952e4cd88d92eee7df4b4a09d6d.html
2025-05-21 22:07:00,391 - P15648 - INFO - Candidates address: 1 items
2025-05-21 22:07:00,391 - P15648 - INFO - Candidates phone: 2 items
2025-05-21 22:07:00,391 - P15648 - INFO - Candidates email: 1 items
2025-05-21 22:07:00,391 - P15648 - INFO - Candidates complement: 0 items
2025-05-21 22:07:00,392 - P15648 - INFO - Candidates cep: 3 items
2025-05-21 22:07:00,392 - P15648 - INFO - Após processar URL 3 Uso de memória: 42.05 MB
2025-05-21 22:07:00,392 - P15648 - INFO - Processando URL 4/20: https://www.gov.br/mme/pt-br/arquivos/do-19-10-2012-s1.pdf/@@download/file
2025-05-21 22:07:00,392 - P15648 - INFO - Ignorando URL de arquivo não-HTML: https://www.gov.br/mme/pt-br/arquivos/do-19-10-2012-s1.pdf/@@download/file
2025-05-21 22:07:00,392 - P15648 - INFO - Após processar URL 4 Uso de memória: 42.05 MB
2025-05-21 22:07:00,392 - P15648 - INFO - Processando URL 5/20: https://www.cnpj.services/qsa/adam-valente-amaral
2025-05-21 22:07:03,874 - P15648 - INFO - HTML salvo para debug: data\debug_html_v10\8460016c5f12480ea5906301e0bf621d.html
2025-05-21 22:07:03,892 - P15648 - INFO - Candidates address: 0 items
2025-05-21 22:07:03,892 - P15648 - INFO - Candidates phone: 0 items
2025-05-21 22:07:03,892 - P15648 - INFO - Candidates email: 0 items
2025-05-21 22:07:03,893 - P15648 - INFO - Candidates complement: 0 items
2025-05-21 22:07:03,893 - P15648 - INFO - Candidates cep: 2 items
2025-05-21 22:07:03,893 - P15648 - INFO - Após processar URL 5 Uso de memória: 42.10 MB
2025-05-21 22:07:03,893 - P15648 - INFO - Processando URL 6/20: https://acervo.arquivopublico.sc.gov.br/uploads/r/arquivo-publico-do-estado-de-santa-catarina-apesc/6/1/2/612f70bffaaa8e816699514677bfeef039a96203a3ab34d6d037f022c00cd7d8/cb03960a-f8a8-4c29-92ed-5b34abe27b83-13702-DOE_19176_20_09_2011_44F_JUCESC_19176_08F.pdf
2025-05-21 22:07:03,894 - P15648 - INFO - Ignorando URL de arquivo não-HTML: https://acervo.arquivopublico.sc.gov.br/uploads/r/arquivo-publico-do-estado-de-santa-catarina-apesc/6/1/2/612f70bffaaa8e816699514677bfeef039a96203a3ab34d6d037f022c00cd7d8/cb03960a-f8a8-4c29-92ed-5b34abe27b83-13702-DOE_19176_20_09_2011_44F_JUCESC_19176_08F.pdf
2025-05-21 22:07:03,895 - P15648 - INFO - Após processar URL 6 Uso de memória: 42.10 MB
2025-05-21 22:07:03,896 - P15648 - INFO - Processando URL 7/20: https://consultacrm.com.br/
2025-05-21 22:07:08,427 - P15648 - INFO - HTML salvo para debug: data\debug_html_v10\65cadeb91ac3713432c21b535990f440.html
2025-05-21 22:07:08,439 - P15648 - INFO - Candidates address: 0 items
2025-05-21 22:07:08,439 - P15648 - INFO - Candidates phone: 0 items
2025-05-21 22:07:08,439 - P15648 - INFO - Candidates email: 0 items
2025-05-21 22:07:08,440 - P15648 - INFO - Candidates complement: 0 items
2025-05-21 22:07:08,440 - P15648 - INFO - Candidates cep: 0 items
2025-05-21 22:07:08,440 - P15648 - INFO - Após processar URL 7 Uso de memória: 43.02 MB
2025-05-21 22:07:08,441 - P15648 - INFO - Processando URL 8/20: https://cnpj.biz/45116723000199
2025-05-21 22:07:12,620 - P15648 - INFO - HTML salvo para debug: data\debug_html_v10\d8f2a51acfdf6d9ed951c0d4f9abb2de.html
2025-05-21 22:07:12,637 - P15648 - INFO - Candidates address: 2 items
2025-05-21 22:07:12,637 - P15648 - INFO - Candidates phone: 1 items
2025-05-21 22:07:12,637 - P15648 - INFO - Candidates email: 1 items
2025-05-21 22:07:12,637 - P15648 - INFO - Candidates complement: 2 items
2025-05-21 22:07:12,637 - P15648 - INFO - Candidates cep: 3 items
2025-05-21 22:07:12,637 - P15648 - INFO - Após processar URL 8 Uso de memória: 42.15 MB
2025-05-21 22:07:12,638 - P15648 - INFO - Processando URL 9/20: https://www.gov.br/mme/pt-br/arquivos/do-19-10-2012-s1.pdf
2025-05-21 22:07:12,638 - P15648 - INFO - Ignorando URL de arquivo não-HTML: https://www.gov.br/mme/pt-br/arquivos/do-19-10-2012-s1.pdf
2025-05-21 22:07:12,638 - P15648 - INFO - Após processar URL 9 Uso de memória: 42.15 MB
2025-05-21 22:07:12,638 - P15648 - INFO - Processando URL 10/20: https://www.diariomunicipal.sc.gov.br/atos/3373339
2025-05-21 22:07:16,594 - P15648 - INFO - HTML salvo para debug: data\debug_html_v10\c4d5cc5564047c19ff8083f82874be00.html
2025-05-21 22:07:18,487 - P15648 - INFO - Candidates address: 11 items
2025-05-21 22:07:18,489 - P15648 - INFO - Candidates phone: 1 items
2025-05-21 22:07:18,492 - P15648 - INFO - Candidates email: 2 items
2025-05-21 22:07:18,493 - P15648 - INFO - Candidates complement: 1 items
2025-05-21 22:07:18,493 - P15648 - INFO - Candidates cep: 1396 items
2025-05-21 22:07:18,494 - P15648 - INFO - Após processar URL 10 Uso de memória: 87.73 MB
2025-05-21 22:07:18,494 - P15648 - INFO - Processando URL 11/20: https://pt.scribd.com/document/649768262/caderno1-2023-05-31-edital
2025-05-21 22:07:22,325 - P15648 - INFO - HTML salvo para debug: data\debug_html_v10\c31171d79683ccb1d537f9fe3f95ddf8.html
2025-05-21 22:07:23,032 - P15648 - INFO - Candidates address: 2 items
2025-05-21 22:07:23,032 - P15648 - INFO - Candidates phone: 2 items
2025-05-21 22:07:23,032 - P15648 - INFO - Candidates email: 1 items
2025-05-21 22:07:23,032 - P15648 - INFO - Candidates complement: 0 items
2025-05-21 22:07:23,032 - P15648 - INFO - Candidates cep: 36 items
2025-05-21 22:07:23,032 - P15648 - INFO - Após processar URL 11 Uso de memória: 104.92 MB
2025-05-21 22:07:23,033 - P15648 - INFO - Processando URL 12/20: https://www.ime.usp.br/~yoshi/2023i/mac2166/sandbox/2023.06.23/DATA/LEIPZIG_PT_BR/10k/por-br_newscrawl_2011_10K-words.txt
2025-05-21 22:07:23,033 - P15648 - INFO - Ignorando URL de arquivo não-HTML: https://www.ime.usp.br/~yoshi/2023i/mac2166/sandbox/2023.06.23/DATA/LEIPZIG_PT_BR/10k/por-br_newscrawl_2011_10K-words.txt
2025-05-21 22:07:23,034 - P15648 - INFO - Após processar URL 12 Uso de memória: 100.84 MB
2025-05-21 22:07:23,034 - P15648 - INFO - Processando URL 13/20: https://www.jornalminasgerais.mg.gov.br/modulos/www.jornalminasgerais.mg.gov.br//diarioOficial/2023/05/31/jornal/caderno1_2023-05-31.pdf
2025-05-21 22:07:23,034 - P15648 - INFO - Ignorando URL de arquivo não-HTML: https://www.jornalminasgerais.mg.gov.br/modulos/www.jornalminasgerais.mg.gov.br//diarioOficial/2023/05/31/jornal/caderno1_2023-05-31.pdf
2025-05-21 22:07:23,034 - P15648 - INFO - Após processar URL 13 Uso de memória: 100.84 MB
2025-05-21 22:07:23,034 - P15648 - INFO - Processando URL 14/20: https://inteligen.com.br/socio/adam-valente-amaral-247443
2025-05-21 22:07:25,565 - P15648 - INFO - HTML salvo para debug: data\debug_html_v10\26e8e6cdb46c2257e11084cbd85195fc.html
2025-05-21 22:07:25,575 - P15648 - INFO - Candidates address: 0 items
2025-05-21 22:07:25,575 - P15648 - INFO - Candidates phone: 0 items
2025-05-21 22:07:25,575 - P15648 - INFO - Candidates email: 0 items
2025-05-21 22:07:25,575 - P15648 - INFO - Candidates complement: 0 items
2025-05-21 22:07:25,576 - P15648 - INFO - Candidates cep: 0 items
2025-05-21 22:07:25,576 - P15648 - INFO - Após processar URL 14 Uso de memória: 101.28 MB
2025-05-21 22:07:25,576 - P15648 - INFO - Processando URL 15/20: https://www.ime.usp.br/~yoshi/2020i/ccm128/sandbox/2020.05.06/DATA/LEIPZIG_PT_BR/1M/por-br_newscrawl_2011_1M-words.txt
2025-05-21 22:07:25,576 - P15648 - INFO - Ignorando URL de arquivo não-HTML: https://www.ime.usp.br/~yoshi/2020i/ccm128/sandbox/2020.05.06/DATA/LEIPZIG_PT_BR/1M/por-br_newscrawl_2011_1M-words.txt
2025-05-21 22:07:25,576 - P15648 - INFO - Após processar URL 15 Uso de memória: 101.28 MB
2025-05-21 22:07:25,576 - P15648 - INFO - Processando URL 16/20: https://cremec.org.br/busca-medicos
2025-05-21 22:07:30,967 - P15648 - INFO - HTML salvo para debug: data\debug_html_v10\3c9ece8b802bc598dd007727d971a7d5.html
2025-05-21 22:07:31,004 - P15648 - INFO - Candidates address: 1 items
2025-05-21 22:07:31,005 - P15648 - INFO - Candidates phone: 1 items
2025-05-21 22:07:31,005 - P15648 - INFO - Candidates email: 1 items
2025-05-21 22:07:31,005 - P15648 - INFO - Candidates complement: 0 items
2025-05-21 22:07:31,005 - P15648 - INFO - Candidates cep: 1 items
2025-05-21 22:07:31,005 - P15648 - INFO - Após processar URL 16 Uso de memória: 102.39 MB
2025-05-21 22:07:31,005 - P15648 - INFO - Processando URL 17/20: https://empresasweb.net/emp/ava-servicos-medicos-ltda-52454742
2025-05-21 22:07:34,091 - P15648 - INFO - HTML salvo para debug: data\debug_html_v10\f92ce62ae559e038fc9a6a6ac3fe7cd8.html
2025-05-21 22:07:34,102 - P15648 - INFO - Candidates address: 0 items
2025-05-21 22:07:34,102 - P15648 - INFO - Candidates phone: 1 items
2025-05-21 22:07:34,103 - P15648 - INFO - Candidates email: 1 items
2025-05-21 22:07:34,103 - P15648 - INFO - Candidates complement: 1 items
2025-05-21 22:07:34,103 - P15648 - INFO - Candidates cep: 1 items
2025-05-21 22:07:34,103 - P15648 - INFO - Após processar URL 17 Uso de memória: 102.34 MB
2025-05-21 22:07:34,103 - P15648 - INFO - Processando URL 18/20: https://diariooficial.guarulhos.sp.gov.br/uploads/pdf/940464383.pdf
2025-05-21 22:07:34,104 - P15648 - INFO - Ignorando URL de arquivo não-HTML: https://diariooficial.guarulhos.sp.gov.br/uploads/pdf/940464383.pdf
2025-05-21 22:07:34,104 - P15648 - INFO - Após processar URL 18 Uso de memória: 102.34 MB
2025-05-21 22:07:34,104 - P15648 - INFO - Processando URL 19/20: https://aboutcompany.info/country/brazil/officer/247443/adam-valente-amaral/
2025-05-21 22:07:37,288 - P15648 - INFO - HTML salvo para debug: data\debug_html_v10\b795b8b192d8bf3675c76c7f81a71938.html
2025-05-21 22:07:37,302 - P15648 - INFO - Candidates address: 0 items
2025-05-21 22:07:37,302 - P15648 - INFO - Candidates phone: 0 items
2025-05-21 22:07:37,302 - P15648 - INFO - Candidates email: 0 items
2025-05-21 22:07:37,302 - P15648 - INFO - Candidates complement: 0 items
2025-05-21 22:07:37,302 - P15648 - INFO - Candidates cep: 0 items
2025-05-21 22:07:37,303 - P15648 - INFO - Após processar URL 19 Uso de memória: 103.23 MB
2025-05-21 22:07:37,303 - P15648 - INFO - Processando URL 20/20: https://www.portaltransparencia.gov.br/pessoa-fisica/busca/lista
2025-05-21 22:07:41,012 - P15648 - INFO - HTML salvo para debug: data\debug_html_v10\e200cdf64b71d4c9248718dd155b3edb.html
2025-05-21 22:07:41,049 - P15648 - INFO - Candidates address: 0 items
2025-05-21 22:07:41,049 - P15648 - INFO - Candidates phone: 0 items
2025-05-21 22:07:41,049 - P15648 - INFO - Candidates email: 0 items
2025-05-21 22:07:41,049 - P15648 - INFO - Candidates complement: 0 items
2025-05-21 22:07:41,049 - P15648 - INFO - Candidates cep: 0 items
2025-05-21 22:07:41,050 - P15648 - INFO - Após processar URL 20 Uso de memória: 104.24 MB
2025-05-21 22:07:41,050 - P15648 - INFO - Iniciando agregação e ranqueamento
2025-05-21 22:07:41,050 - P15648 - INFO - Ranked address: 19 items
2025-05-21 22:07:41,050 - P15648 - INFO - Ranked phone: 8 items
2025-05-21 22:07:41,050 - P15648 - INFO - Ranked email: 8 items
2025-05-21 22:07:41,050 - P15648 - INFO - Ranked complement: 5 items
2025-05-21 22:07:41,051 - P15648 - INFO - Ranked cep: 1444 items
2025-05-21 22:07:41,051 - P15648 - INFO - Após agregação Uso de memória: 104.62 MB
2025-05-21 22:07:41,051 - P15648 - INFO - Validando endereço: ['Rua Senador Pompeu, 834', 'Rua Norvinda Pires, 60', 'Rua Padre Arnaldo Jansen, 200']
2025-05-21 22:07:41,051 - P15648 - INFO - Endereço validado: Rua Senador Pompeu, 834
2025-05-21 22:07:41,051 - P15648 - INFO - Limpando texto extenso para campo address: Rua Senador Pompeu, 834...
2025-05-21 22:07:41,052 - P15648 - INFO - Texto limpo: Rua Senador Pompeu, 834
2025-05-21 22:07:41,052 - P15648 - INFO - Validando telefone: ['(85) 9139-2848', '(32) 99195-6532', '(85) 98644-6204']
2025-05-21 22:07:41,053 - P15648 - INFO - Limpando texto extenso para campo phone: (85) 9139-2848...
2025-05-21 22:07:41,053 - P15648 - INFO - Texto limpo: 85) 9139-2848
2025-05-21 22:07:41,053 - P15648 - INFO - Telefone validado: 85) 9139-2848
2025-05-21 22:07:41,053 - P15648 - INFO - Validando email: ['ADAMVALENTEAMARAL@YAHOO.COM.BR', 'SUANOTA@MEDMONEY.COM.BR', 'suanota@medmoney.com.br']
2025-05-21 22:07:41,053 - P15648 - INFO - Limpando texto extenso para campo email: ADAMVALENTEAMARAL@YAHOO.COM.BR...
2025-05-21 22:07:41,053 - P15648 - INFO - Texto limpo: adamvalenteamaral@yahoo.com.br
2025-05-21 22:07:41,054 - P15648 - INFO - Email validado: adamvalenteamaral@yahoo.com.br
2025-05-21 22:07:41,054 - P15648 - INFO - Validando complemento: ['Sala 415 Centro', 'Sala 1002 Cxp 12  Clique para copiar    Bairro:  Edson', 'Sala 1002 Cxp 12  Edson Queiroz  Fortaleza CE  60811-3']
2025-05-21 22:07:41,054 - P15648 - INFO - Limpando texto extenso para campo complement: Sala 415 Centro...
2025-05-21 22:07:41,054 - P15648 - INFO - Texto limpo: Sala 415 Centro
2025-05-21 22:07:41,054 - P15648 - INFO - Complemento validado: Sala 415 Centro
2025-05-21 22:07:41,054 - P15648 - INFO - Descobrindo cidade
2025-05-21 22:07:41,054 - P15648 - INFO - Buscando cidade: Rua Senador Pompeu cidade CE
2025-05-21 22:07:43,762 - P15648 - WARNING - Cidade não encontrada
2025-05-21 22:07:43,762 - P15648 - INFO - Cidade descoberta: 
2025-05-21 22:07:43,765 - P15648 - INFO - Tempo de execução de processamento completo do médico: 61.36 segundos
2025-05-21 22:07:43,769 - P15648 - INFO - Resultado processado: {'CRM': '24698', 'UF': 'CE', 'Firstname': 'ADAM', 'LastName': 'VALENTE AMARAL', 'Medical specialty': '', 'Endereco Completo A1': 'Rua Senador Pompeu, 834', 'Address A1': 'Rua Senador Pompeu', 'Numero A1': '834', 'Complement A1': 'Sala 415 Centro', 'Bairro A1': '', 'postal code A1': '', 'City A1': '', 'State A1': '', 'Phone A1': '85) 9139-2848', 'Phone A2': '', 'Cell phone A1': '', 'Cell phone A2': '', 'E-mail A1': 'adamvalenteamaral@yahoo.com.br', 'E-mail A2': '', 'OPT-IN': '', 'STATUS': '', 'LOTE': ''}
2025-05-21 22:07:43,771 - P15648 - INFO - Progresso: 30.0%
2025-05-21 22:07:43,771 - P15648 - INFO - Executando coleta de lixo
2025-05-21 22:07:43,884 - P15648 - INFO - Após coleta de lixo Uso de memória: 53.33 MB
2025-05-21 22:07:43,885 - P15648 - INFO - Tempo de execução de processamento do médico 1: 62.94 segundos
2025-05-21 22:07:43,886 - P15648 - INFO - 
==================================================
Processando médico 2/2
2025-05-21 22:07:43,886 - P15648 - INFO - Nome: JOAO HENRIQUE DE SOUSA
2025-05-21 22:07:43,886 - P15648 - INFO - Início do processamento Uso de memória: 53.33 MB
2025-05-21 22:07:43,887 - P15648 - INFO - Iniciando busca para: JOAO HENRIQUE DE SOUSA CRM 145560 SP telefone e-mail endereço
2025-05-21 22:07:44,415 - P15648 - INFO - SearX results: 15 URLs
2025-05-21 22:07:44,415 - P15648 - INFO - Após SearX Uso de memória: 53.35 MB
2025-05-21 22:07:47,118 - P15648 - INFO - Google results: 12 URLs
2025-05-21 22:07:47,118 - P15648 - INFO - Após Google Uso de memória: 54.64 MB
2025-05-21 22:07:50,285 - P15648 - INFO - Bing results: 10 URLs
2025-05-21 22:07:50,285 - P15648 - INFO - Após Bing Uso de memória: 55.69 MB
2025-05-21 22:07:50,285 - P15648 - INFO - Total de URLs únicas: 22
2025-05-21 22:07:50,285 - P15648 - INFO - Processando URL 1/22: https://guiasaudebrasil.com.br/profissional/6f6c2cdd858d6b79-joao-henrique-de-sousa
2025-05-21 22:07:55,640 - P15648 - INFO - HTML salvo para debug: data\debug_html_v10\74035ba931c8bfc260a1dc85d1680c21.html
2025-05-21 22:07:55,655 - P15648 - INFO - Candidates address: 0 items
2025-05-21 22:07:55,655 - P15648 - INFO - Candidates phone: 0 items
2025-05-21 22:07:55,656 - P15648 - INFO - Candidates email: 0 items
2025-05-21 22:07:55,656 - P15648 - INFO - Candidates complement: 0 items
2025-05-21 22:07:55,656 - P15648 - INFO - Candidates cep: 1 items
2025-05-21 22:07:55,656 - P15648 - INFO - Após processar URL 1 Uso de memória: 56.08 MB
2025-05-21 22:07:55,657 - P15648 - INFO - Processando URL 2/22: https://www.doctoralia.com.br/joao-henrique-meira-sousa/cirurgiao-geral-endoscopista/socorro
2025-05-21 22:07:55,657 - P15648 - INFO - Ignorando URL de arquivo não-HTML: https://www.doctoralia.com.br/joao-henrique-meira-sousa/cirurgiao-geral-endoscopista/socorro
2025-05-21 22:07:55,657 - P15648 - INFO - Após processar URL 2 Uso de memória: 56.08 MB
2025-05-21 22:07:55,657 - P15648 - INFO - Processando URL 3/22: https://www.gp1.com.br/noticias-sobre/politica/joao-henrique-sousa/
2025-05-21 22:07:59,100 - P15648 - INFO - HTML salvo para debug: data\debug_html_v10\c60b4318068512d79a89c9069c279e2d.html
2025-05-21 22:07:59,401 - P15648 - INFO - Candidates address: 0 items
2025-05-21 22:07:59,402 - P15648 - INFO - Candidates phone: 3 items
2025-05-21 22:07:59,402 - P15648 - INFO - Candidates email: 2 items
2025-05-21 22:07:59,402 - P15648 - INFO - Candidates complement: 0 items
2025-05-21 22:07:59,403 - P15648 - INFO - Candidates cep: 2 items
2025-05-21 22:07:59,403 - P15648 - INFO - Após processar URL 3 Uso de memória: 57.46 MB
2025-05-21 22:07:59,403 - P15648 - INFO - Processando URL 4/22: https://cliniguia.com/profissionais/joao-henrique-de-sousa-980016287914616/
2025-05-21 22:08:05,591 - P15648 - INFO - HTML salvo para debug: data\debug_html_v10\1e0158984bbc5cb9927141f9cff552fe.html
2025-05-21 22:08:05,662 - P15648 - INFO - Candidates address: 0 items
2025-05-21 22:08:05,663 - P15648 - INFO - Candidates phone: 0 items
2025-05-21 22:08:05,663 - P15648 - INFO - Candidates email: 0 items
2025-05-21 22:08:05,663 - P15648 - INFO - Candidates complement: 0 items
2025-05-21 22:08:05,663 - P15648 - INFO - Candidates cep: 0 items
2025-05-21 22:08:05,663 - P15648 - INFO - Após processar URL 4 Uso de memória: 57.94 MB
2025-05-21 22:08:05,664 - P15648 - INFO - Processando URL 5/22: https://consultacrm.com.br/
2025-05-21 22:08:08,762 - P15648 - INFO - HTML salvo para debug: data\debug_html_v10\65cadeb91ac3713432c21b535990f440.html
2025-05-21 22:08:08,776 - P15648 - INFO - Candidates address: 0 items
2025-05-21 22:08:08,777 - P15648 - INFO - Candidates phone: 0 items
2025-05-21 22:08:08,777 - P15648 - INFO - Candidates email: 0 items
2025-05-21 22:08:08,777 - P15648 - INFO - Candidates complement: 0 items
2025-05-21 22:08:08,778 - P15648 - INFO - Candidates cep: 0 items
2025-05-21 22:08:08,778 - P15648 - INFO - Após processar URL 5 Uso de memória: 57.71 MB
2025-05-21 22:08:08,778 - P15648 - INFO - Processando URL 6/22: https://central3.to.gov.br/arquivo/231617/
2025-05-21 22:08:11,131 - P15648 - INFO - HTML salvo para debug: data\debug_html_v10\787e17b60751673deacf3c4fa29e6f44.html
2025-05-21 22:08:11,132 - P15648 - INFO - Candidates address: 0 items
2025-05-21 22:08:11,132 - P15648 - INFO - Candidates phone: 0 items
2025-05-21 22:08:11,132 - P15648 - INFO - Candidates email: 0 items
2025-05-21 22:08:11,133 - P15648 - INFO - Candidates complement: 0 items
2025-05-21 22:08:11,133 - P15648 - INFO - Candidates cep: 0 items
2025-05-21 22:08:11,133 - P15648 - INFO - Após processar URL 6 Uso de memória: 56.50 MB
2025-05-21 22:08:11,133 - P15648 - INFO - Processando URL 7/22: https://guiamedico.cremesp.org.br/
2025-05-21 22:08:14,274 - P15648 - INFO - HTML salvo para debug: data\debug_html_v10\7c54969580769b63edd9abaa952e1fa2.html
2025-05-21 22:08:14,282 - P15648 - INFO - Candidates address: 1 items
2025-05-21 22:08:14,282 - P15648 - INFO - Candidates phone: 1 items
2025-05-21 22:08:14,283 - P15648 - INFO - Candidates email: 0 items
2025-05-21 22:08:14,283 - P15648 - INFO - Candidates complement: 0 items
2025-05-21 22:08:14,283 - P15648 - INFO - Candidates cep: 1 items
2025-05-21 22:08:14,283 - P15648 - INFO - Após processar URL 7 Uso de memória: 57.13 MB
2025-05-21 22:08:14,283 - P15648 - INFO - Processando URL 8/22: https://www.crm-sp.org.br/?siteAcao=Diretoria&ver=Todos
2025-05-21 22:08:16,526 - P15648 - INFO - HTML salvo para debug: data\debug_html_v10\a930b49f2bf2c575f0b66216dee0e352.html
2025-05-21 22:08:16,532 - P15648 - INFO - Candidates address: 0 items
2025-05-21 22:08:16,532 - P15648 - INFO - Candidates phone: 0 items
2025-05-21 22:08:16,532 - P15648 - INFO - Candidates email: 0 items
2025-05-21 22:08:16,532 - P15648 - INFO - Candidates complement: 0 items
2025-05-21 22:08:16,532 - P15648 - INFO - Candidates cep: 0 items
2025-05-21 22:08:16,533 - P15648 - INFO - Após processar URL 8 Uso de memória: 57.47 MB
2025-05-21 22:08:16,533 - P15648 - INFO - Processando URL 9/22: https://www.consultacrm.com.br/index/profissionais
2025-05-21 22:08:19,563 - P15648 - INFO - HTML salvo para debug: data\debug_html_v10\ca7ac6c4b85cee4a2c1da9949f895117.html
2025-05-21 22:08:19,588 - P15648 - INFO - Candidates address: 0 items
2025-05-21 22:08:19,591 - P15648 - INFO - Candidates phone: 0 items
2025-05-21 22:08:19,594 - P15648 - INFO - Candidates email: 0 items
2025-05-21 22:08:19,595 - P15648 - INFO - Candidates complement: 0 items
2025-05-21 22:08:19,595 - P15648 - INFO - Candidates cep: 0 items
2025-05-21 22:08:19,595 - P15648 - INFO - Após processar URL 9 Uso de memória: 57.95 MB
2025-05-21 22:08:19,596 - P15648 - INFO - Processando URL 10/22: https://www.boaconsulta.com/especialista/joao-henrique-de-sousa-6106c38ea2e00a5c57002032
2025-05-21 22:08:23,255 - P15648 - INFO - HTML salvo para debug: data\debug_html_v10\33e5330952f8ebbd8424a9d49c353f82.html
2025-05-21 22:08:23,388 - P15648 - INFO - Candidates address: 5 items
2025-05-21 22:08:23,438 - P15648 - INFO - Candidates phone: 0 items
2025-05-21 22:08:23,442 - P15648 - INFO - Candidates email: 0 items
2025-05-21 22:08:23,443 - P15648 - INFO - Candidates complement: 0 items
2025-05-21 22:08:23,444 - P15648 - INFO - Candidates cep: 0 items
2025-05-21 22:08:23,445 - P15648 - INFO - Após processar URL 10 Uso de memória: 56.32 MB
2025-05-21 22:08:23,445 - P15648 - INFO - Processando URL 11/22: https://dodf.df.gov.br/dodf/jornal/visualizar-pdf?pasta=2011%7C09_Setembro%7CDODF%20171%2001-09-2011%7C&arquivo=DODF%20171%2001-09-2011%20SECAO3.pdf
2025-05-21 22:08:23,445 - P15648 - INFO - Ignorando URL de arquivo não-HTML: https://dodf.df.gov.br/dodf/jornal/visualizar-pdf?pasta=2011%7C09_Setembro%7CDODF%20171%2001-09-2011%7C&arquivo=DODF%20171%2001-09-2011%20SECAO3.pdf
2025-05-21 22:08:23,446 - P15648 - INFO - Após processar URL 11 Uso de memória: 55.52 MB
2025-05-21 22:08:23,446 - P15648 - INFO - Processando URL 12/22: https://piauihoje.com/noticias/geral/trf4-suspende-direitos-politicos-de-joao-henrique-sousa-coordenador-de-dr-pessoa-356970.html
2025-05-21 22:08:28,633 - P15648 - INFO - HTML salvo para debug: data\debug_html_v10\035aa1a7d7819329169d35771bfcfcb2.html
2025-05-21 22:08:28,668 - P15648 - INFO - Candidates address: 1 items
2025-05-21 22:08:28,668 - P15648 - INFO - Candidates phone: 1 items
2025-05-21 22:08:28,668 - P15648 - INFO - Candidates email: 1 items
2025-05-21 22:08:28,668 - P15648 - INFO - Candidates complement: 0 items
2025-05-21 22:08:28,669 - P15648 - INFO - Candidates cep: 1 items
2025-05-21 22:08:28,669 - P15648 - INFO - Após processar URL 12 Uso de memória: 56.80 MB
2025-05-21 22:08:28,669 - P15648 - INFO - Processando URL 13/22: https://www.medicosbrasil.com/profissional/joao-henrique-de-sousa
2025-05-21 22:08:31,391 - P15648 - INFO - HTML salvo para debug: data\debug_html_v10\da9d343f7dd6f32eb1d56167b600d2bd.html
2025-05-21 22:08:31,419 - P15648 - INFO - Candidates address: 0 items
2025-05-21 22:08:31,419 - P15648 - INFO - Candidates phone: 0 items
2025-05-21 22:08:31,419 - P15648 - INFO - Candidates email: 0 items
2025-05-21 22:08:31,419 - P15648 - INFO - Candidates complement: 0 items
2025-05-21 22:08:31,419 - P15648 - INFO - Candidates cep: 1 items
2025-05-21 22:08:31,420 - P15648 - INFO - Após processar URL 13 Uso de memória: 57.38 MB
2025-05-21 22:08:31,420 - P15648 - INFO - Processando URL 14/22: https://ilustrado.com.br/wp-content/uploads/2023/03/leis_14_03_2023.pdf
2025-05-21 22:08:31,420 - P15648 - INFO - Ignorando URL de arquivo não-HTML: https://ilustrado.com.br/wp-content/uploads/2023/03/leis_14_03_2023.pdf
2025-05-21 22:08:31,420 - P15648 - INFO - Após processar URL 14 Uso de memória: 57.38 MB
2025-05-21 22:08:31,420 - P15648 - INFO - Processando URL 15/22: https://issuu.com/panrotas/docs/2013-07-484
2025-05-21 22:08:35,431 - P15648 - WARNING - Página muito grande (5.08MB), truncando
2025-05-21 22:08:35,453 - P15648 - INFO - HTML salvo para debug: data\debug_html_v10\faa83fee02a5fccfbca28f1324ccfbcf.html
2025-05-21 22:08:36,916 - P15648 - INFO - Candidates address: 0 items
2025-05-21 22:08:36,918 - P15648 - INFO - Candidates phone: 0 items
2025-05-21 22:08:36,919 - P15648 - INFO - Candidates email: 0 items
2025-05-21 22:08:36,919 - P15648 - INFO - Candidates complement: 0 items
2025-05-21 22:08:36,919 - P15648 - INFO - Candidates cep: 4 items
2025-05-21 22:08:36,920 - P15648 - INFO - Após processar URL 15 Uso de memória: 88.86 MB
2025-05-21 22:08:36,920 - P15648 - INFO - Processando URL 16/22: https://cidadeverde.com/noticias/422960/ex-ministro-joao-henrique-diz-que-se-aposentara-da-politica-e-trabalhara-como-corretor-imobiliario
2025-05-21 22:08:42,622 - P15648 - INFO - HTML salvo para debug: data\debug_html_v10\5fd734a77ff888fa7a8591faf5d08509.html
2025-05-21 22:08:42,653 - P15648 - INFO - Candidates address: 1 items
2025-05-21 22:08:42,653 - P15648 - INFO - Candidates phone: 2 items
2025-05-21 22:08:42,653 - P15648 - INFO - Candidates email: 1 items
2025-05-21 22:08:42,654 - P15648 - INFO - Candidates complement: 0 items
2025-05-21 22:08:42,654 - P15648 - INFO - Candidates cep: 2 items
2025-05-21 22:08:42,654 - P15648 - INFO - Após processar URL 16 Uso de memória: 84.46 MB
2025-05-21 22:08:42,654 - P15648 - INFO - Processando URL 17/22: https://crusoe.com.br/diario/filho-de-aliado-de-temer-no-dossie-da-despetizacao/
2025-05-21 22:08:47,300 - P15648 - INFO - HTML salvo para debug: data\debug_html_v10\579897d8aaf1f27914ea452ec96afcff.html
2025-05-21 22:08:47,338 - P15648 - INFO - Candidates address: 0 items
2025-05-21 22:08:47,346 - P15648 - INFO - Candidates phone: 0 items
2025-05-21 22:08:47,348 - P15648 - INFO - Candidates email: 0 items
2025-05-21 22:08:47,349 - P15648 - INFO - Candidates complement: 1 items
2025-05-21 22:08:47,351 - P15648 - INFO - Candidates cep: 2 items
2025-05-21 22:08:47,352 - P15648 - INFO - Após processar URL 17 Uso de memória: 85.26 MB
2025-05-21 22:08:47,354 - P15648 - INFO - Processando URL 18/22: https://portal.cfm.org.br/busca-medicos
2025-05-21 22:08:51,613 - P15648 - INFO - HTML salvo para debug: data\debug_html_v10\e28ae84aaa177d1328f3a0d1fb68449f.html
2025-05-21 22:08:51,657 - P15648 - INFO - Candidates address: 0 items
2025-05-21 22:08:51,658 - P15648 - INFO - Candidates phone: 0 items
2025-05-21 22:08:51,658 - P15648 - INFO - Candidates email: 1 items
2025-05-21 22:08:51,658 - P15648 - INFO - Candidates complement: 1 items
2025-05-21 22:08:51,659 - P15648 - INFO - Candidates cep: 1 items
2025-05-21 22:08:51,659 - P15648 - INFO - Após processar URL 18 Uso de memória: 86.99 MB
2025-05-21 22:08:51,659 - P15648 - INFO - Processando URL 19/22: https://www.anamages.org.br/entrevistas/o-juiz-e-a-sua-historia-dr-joao-henrique-sousa-gomes-tjpi
2025-05-21 22:08:54,061 - P15648 - INFO - HTML salvo para debug: data\debug_html_v10\80e744619412b57a098cc3700946906f.html
2025-05-21 22:08:54,069 - P15648 - INFO - Candidates address: 0 items
2025-05-21 22:08:54,069 - P15648 - INFO - Candidates phone: 2 items
2025-05-21 22:08:54,069 - P15648 - INFO - Candidates email: 0 items
2025-05-21 22:08:54,069 - P15648 - INFO - Candidates complement: 0 items
2025-05-21 22:08:54,069 - P15648 - INFO - Candidates cep: 0 items
2025-05-21 22:08:54,070 - P15648 - INFO - Após processar URL 19 Uso de memória: 87.61 MB
2025-05-21 22:08:54,070 - P15648 - INFO - Processando URL 20/22: https://sistemadje.tjmt.jus.br/publicacoes/9646-2015.pdf
2025-05-21 22:08:54,070 - P15648 - INFO - Ignorando URL de arquivo não-HTML: https://sistemadje.tjmt.jus.br/publicacoes/9646-2015.pdf
2025-05-21 22:08:54,070 - P15648 - INFO - Após processar URL 20 Uso de memória: 87.61 MB
2025-05-21 22:08:54,070 - P15648 - INFO - Processando URL 21/22: https://sistemadje.tjmt.jus.br/publicacoes/9221-2014.pdf
2025-05-21 22:08:54,070 - P15648 - INFO - Ignorando URL de arquivo não-HTML: https://sistemadje.tjmt.jus.br/publicacoes/9221-2014.pdf
2025-05-21 22:08:54,071 - P15648 - INFO - Após processar URL 21 Uso de memória: 87.61 MB
2025-05-21 22:08:54,071 - P15648 - INFO - Processando URL 22/22: https://www.portaltransparencia.gov.br/pessoa-fisica/busca/lista
2025-05-21 22:08:58,437 - P15648 - INFO - HTML salvo para debug: data\debug_html_v10\e200cdf64b71d4c9248718dd155b3edb.html
2025-05-21 22:08:58,477 - P15648 - INFO - Candidates address: 0 items
2025-05-21 22:08:58,478 - P15648 - INFO - Candidates phone: 0 items
2025-05-21 22:08:58,478 - P15648 - INFO - Candidates email: 0 items
2025-05-21 22:08:58,478 - P15648 - INFO - Candidates complement: 0 items
2025-05-21 22:08:58,478 - P15648 - INFO - Candidates cep: 0 items
2025-05-21 22:08:58,478 - P15648 - INFO - Após processar URL 22 Uso de memória: 89.14 MB
2025-05-21 22:08:58,479 - P15648 - INFO - Iniciando agregação e ranqueamento
2025-05-21 22:08:58,479 - P15648 - INFO - Ranked address: 8 items
2025-05-21 22:08:58,479 - P15648 - INFO - Ranked phone: 9 items
2025-05-21 22:08:58,479 - P15648 - INFO - Ranked email: 5 items
2025-05-21 22:08:58,479 - P15648 - INFO - Ranked complement: 2 items
2025-05-21 22:08:58,479 - P15648 - INFO - Ranked cep: 15 items
2025-05-21 22:08:58,479 - P15648 - INFO - Após agregação Uso de memória: 89.14 MB
2025-05-21 22:08:58,480 - P15648 - INFO - Validando endereço: ['Rua Frei Caneca, 1282', 'Avenida Rui Barbosa, 703', 'Avenida Irmas Cintra, 468']
2025-05-21 22:08:58,480 - P15648 - INFO - Endereço validado: Rua Frei Caneca, 1282
2025-05-21 22:08:58,480 - P15648 - INFO - Limpando texto extenso para campo address: Rua Frei Caneca, 1282...
2025-05-21 22:08:58,480 - P15648 - INFO - Texto limpo: Rua Frei Caneca, 1282
2025-05-21 22:08:58,480 - P15648 - INFO - Validando telefone: ['(86) 3233-1286', '(86) 99947-4020', '(86) 99806-4517']
2025-05-21 22:08:58,480 - P15648 - INFO - Limpando texto extenso para campo phone: (86) 3233-1286...
2025-05-21 22:08:58,481 - P15648 - INFO - Texto limpo: 86) 3233-1286
2025-05-21 22:08:58,481 - P15648 - INFO - Telefone validado: 86) 3233-1286
2025-05-21 22:08:58,481 - P15648 - INFO - Validando email: ['redacao@gp1.com.br', 'comercial@gp1.com.br', 'redacao@piauihoje.com']
2025-05-21 22:08:58,481 - P15648 - INFO - Limpando texto extenso para campo email: redacao@gp1.com.br...
2025-05-21 22:08:58,481 - P15648 - INFO - Texto limpo: redacao@gp1.com.br
2025-05-21 22:08:58,481 - P15648 - INFO - Email validado: redacao@gp1.com.br
2025-05-21 22:08:58,481 - P15648 - INFO - Validando complemento: ['Bloco 1', 'Conjunto D']
2025-05-21 22:08:58,481 - P15648 - INFO - Limpando texto extenso para campo complement: Bloco 1...
2025-05-21 22:08:58,482 - P15648 - INFO - Texto limpo: Bloco 1
2025-05-21 22:08:58,482 - P15648 - INFO - Complemento validado: Bloco 1
2025-05-21 22:08:58,482 - P15648 - INFO - Descobrindo cidade
2025-05-21 22:08:58,482 - P15648 - INFO - Buscando cidade: Rua Frei Caneca cidade SP
2025-05-21 22:09:01,127 - P15648 - WARNING - Cidade não encontrada
2025-05-21 22:09:01,128 - P15648 - INFO - Cidade descoberta: 
2025-05-21 22:09:01,128 - P15648 - INFO - Tempo de execução de processamento completo do médico: 77.24 segundos
2025-05-21 22:09:01,132 - P15648 - INFO - Resultado processado: {'CRM': '145560', 'UF': 'SP', 'Firstname': 'JOAO', 'LastName': 'HENRIQUE DE SOUSA', 'Medical specialty': '', 'Endereco Completo A1': 'Rua Frei Caneca, 1282', 'Address A1': 'Rua Frei Caneca', 'Numero A1': '1282', 'Complement A1': 'Bloco 1', 'Bairro A1': '', 'postal code A1': '', 'City A1': '', 'State A1': '', 'Phone A1': '86) 3233-1286', 'Phone A2': '', 'Cell phone A1': '', 'Cell phone A2': '', 'E-mail A1': 'redacao@gp1.com.br', 'E-mail A2': '', 'OPT-IN': '', 'STATUS': '', 'LOTE': ''}
2025-05-21 22:09:01,149 - P15648 - INFO - Progresso: 80.0%
2025-05-21 22:09:01,149 - P15648 - INFO - Tempo de execução de processamento do médico 2: 77.26 segundos
2025-05-21 22:09:01,149 - P15648 - INFO - Salvando resultados finais do lote
2025-05-21 22:09:01,151 - P15648 - INFO - Tempo de execução de processamento do lote completo: 140.20 segundos
