2025-05-22 03:05:00,404 - P17020 - INFO - 
==================================================
Processando médico 1/3
2025-05-22 03:05:00,404 - P17020 - INFO - Nome: ANA LUCIA FIGUEROA OTAKE
2025-05-22 03:05:00,404 - P17020 - INFO - Reiniciando driver do Chrome
2025-05-22 03:05:01,632 - P17020 - INFO - Após reiniciar driver Uso de memória: 124.79 MB
2025-05-22 03:05:01,633 - P17020 - INFO - Início do processamento Uso de memória: 124.79 MB
2025-05-22 03:05:01,633 - P17020 - INFO - Iniciando busca para: ANA LUCIA FIGUEROA OTAKE CRM 119515 SP telefone e-mail endereço
2025-05-22 03:05:02,158 - P17020 - INFO - SearX results: 2 URLs
2025-05-22 03:05:02,159 - P17020 - INFO - Após SearX Uso de memória: 124.79 MB
2025-05-22 03:05:05,164 - P17020 - INFO - Google results: 8 URLs
2025-05-22 03:05:05,164 - P17020 - INFO - Após Google Uso de memória: 126.51 MB
2025-05-22 03:05:07,906 - P17020 - INFO - Bing results: 11 URLs
2025-05-22 03:05:07,906 - P17020 - INFO - Após Bing Uso de memória: 130.42 MB
2025-05-22 03:05:07,906 - P17020 - INFO - Total de URLs únicas: 17
2025-05-22 03:05:07,906 - P17020 - INFO - Processando URL 1/17: https://doutorcrm.com/ana-lucia-figueroa-otake
2025-05-22 03:05:13,397 - P17020 - INFO - HTML salvo para debug: data\debug_html_v10\7a03badb5915783b17f6bf0211a1fa68.html
2025-05-22 03:05:13,404 - P17020 - INFO - Candidates address: 0 items
2025-05-22 03:05:13,405 - P17020 - INFO - Candidates phone: 0 items
2025-05-22 03:05:13,405 - P17020 - INFO - Candidates email: 0 items
2025-05-22 03:05:13,405 - P17020 - INFO - Candidates complement: 0 items
2025-05-22 03:05:13,405 - P17020 - INFO - Candidates cep: 0 items
2025-05-22 03:05:13,405 - P17020 - INFO - Após processar URL 1 Uso de memória: 130.60 MB
2025-05-22 03:05:13,406 - P17020 - INFO - Processando URL 2/17: https://www.doctoralia.com.br/nutrologo/ribeirao-preto?page=2
2025-05-22 03:05:13,406 - P17020 - INFO - Ignorando URL de arquivo não-HTML: https://www.doctoralia.com.br/nutrologo/ribeirao-preto?page=2
2025-05-22 03:05:13,406 - P17020 - INFO - Após processar URL 2 Uso de memória: 130.60 MB
2025-05-22 03:05:13,406 - P17020 - INFO - Processando URL 3/17: https://cnpj.biz/11252374000110
2025-05-22 03:05:18,110 - P17020 - INFO - HTML salvo para debug: data\debug_html_v10\dbb0cacfccb203b50f5d2ea9b5dbcf70.html
2025-05-22 03:05:18,128 - P17020 - INFO - Candidates address: 3 items
2025-05-22 03:05:18,128 - P17020 - INFO - Candidates phone: 2 items
2025-05-22 03:05:18,128 - P17020 - INFO - Candidates email: 1 items
2025-05-22 03:05:18,128 - P17020 - INFO - Candidates complement: 0 items
2025-05-22 03:05:18,128 - P17020 - INFO - Candidates cep: 2 items
2025-05-22 03:05:18,128 - P17020 - INFO - Após processar URL 3 Uso de memória: 130.62 MB
2025-05-22 03:05:18,129 - P17020 - INFO - Processando URL 4/17: https://santacasasauderibeirao.com.br/site/wp-content/uploads/Indicador-de-Recursos-SET_23.pdf
2025-05-22 03:05:18,129 - P17020 - INFO - Ignorando URL de arquivo não-HTML: https://santacasasauderibeirao.com.br/site/wp-content/uploads/Indicador-de-Recursos-SET_23.pdf
2025-05-22 03:05:18,129 - P17020 - INFO - Após processar URL 4 Uso de memória: 130.62 MB
2025-05-22 03:05:18,129 - P17020 - INFO - Processando URL 5/17: https://santacasasauderibeirao.com.br/site/wp-content/uploads/Indicador-de-Recursos-23.pdf
2025-05-22 03:05:18,130 - P17020 - INFO - Ignorando URL de arquivo não-HTML: https://santacasasauderibeirao.com.br/site/wp-content/uploads/Indicador-de-Recursos-23.pdf
2025-05-22 03:05:18,130 - P17020 - INFO - Após processar URL 5 Uso de memória: 130.62 MB
2025-05-22 03:05:18,130 - P17020 - INFO - Processando URL 6/17: https://www.passeidireto.com/arquivo/118936373/inclusoes-exclusoes-setembro-rib
2025-05-22 03:05:22,011 - P17020 - INFO - HTML salvo para debug: data\debug_html_v10\18644cccdd3f4e58b3eda87ac3b045ff.html
2025-05-22 03:05:22,196 - P17020 - INFO - Candidates address: 39 items
2025-05-22 03:05:22,196 - P17020 - INFO - Candidates phone: 128 items
2025-05-22 03:05:22,196 - P17020 - INFO - Candidates email: 799 items
2025-05-22 03:05:22,196 - P17020 - INFO - Candidates complement: 4 items
2025-05-22 03:05:22,196 - P17020 - INFO - Candidates cep: 1593 items
2025-05-22 03:05:22,197 - P17020 - INFO - Após processar URL 6 Uso de memória: 141.56 MB
2025-05-22 03:05:22,197 - P17020 - INFO - Processando URL 7/17: https://www.apontador.com.br/local/sp/ribeirao_preto/medicina_e_saude_geral_/QXYVGM7G/clinica_ana_otake.html
2025-05-22 03:05:26,313 - P17020 - INFO - HTML salvo para debug: data\debug_html_v10\d65475cc9dee48cbfd0c5c1e71a9edf7.html
2025-05-22 03:05:26,362 - P17020 - INFO - Candidates address: 2 items
2025-05-22 03:05:26,362 - P17020 - INFO - Candidates phone: 2 items
2025-05-22 03:05:26,363 - P17020 - INFO - Candidates email: 1 items
2025-05-22 03:05:26,363 - P17020 - INFO - Candidates complement: 1 items
2025-05-22 03:05:26,363 - P17020 - INFO - Candidates cep: 1 items
2025-05-22 03:05:26,363 - P17020 - INFO - Após processar URL 7 Uso de memória: 134.92 MB
2025-05-22 03:05:26,363 - P17020 - INFO - Processando URL 8/17: https://www.doctoralia.com.br/ana-lucia-figueroa-otake/pediatra-nutrologo/ribeirao-preto
2025-05-22 03:05:26,364 - P17020 - INFO - Ignorando URL de arquivo não-HTML: https://www.doctoralia.com.br/ana-lucia-figueroa-otake/pediatra-nutrologo/ribeirao-preto
2025-05-22 03:05:26,364 - P17020 - INFO - Após processar URL 8 Uso de memória: 134.92 MB
2025-05-22 03:05:26,364 - P17020 - INFO - Processando URL 9/17: https://santacasasauderibeirao.com.br/site/wp-content/uploads/guiamedico.pdf
2025-05-22 03:05:26,364 - P17020 - INFO - Ignorando URL de arquivo não-HTML: https://santacasasauderibeirao.com.br/site/wp-content/uploads/guiamedico.pdf
2025-05-22 03:05:26,364 - P17020 - INFO - Após processar URL 9 Uso de memória: 134.92 MB
2025-05-22 03:05:26,364 - P17020 - INFO - Processando URL 10/17: https://www.helpsaude.com/Ana-Lucia-Figueroa-Otake.SP
2025-05-22 03:05:32,432 - P17020 - INFO - HTML salvo para debug: data\debug_html_v10\475778d0b5edb808a83a5afb0cb1b586.html
2025-05-22 03:05:32,444 - P17020 - INFO - Candidates address: 0 items
2025-05-22 03:05:32,444 - P17020 - INFO - Candidates phone: 0 items
2025-05-22 03:05:32,444 - P17020 - INFO - Candidates email: 0 items
2025-05-22 03:05:32,445 - P17020 - INFO - Candidates complement: 0 items
2025-05-22 03:05:32,445 - P17020 - INFO - Candidates cep: 0 items
2025-05-22 03:05:32,445 - P17020 - INFO - Após processar URL 10 Uso de memória: 134.93 MB
2025-05-22 03:05:32,445 - P17020 - INFO - Processando URL 11/17: https://www.classemedica.com.br/medico/20320-ana-lucia-figueroa-otake.htm
2025-05-22 03:05:42,304 - P17020 - INFO - HTML salvo para debug: data\debug_html_v10\7cc5385ae91e0d724d52f82f8df31bf2.html
2025-05-22 03:05:42,337 - P17020 - INFO - Candidates address: 0 items
2025-05-22 03:05:42,337 - P17020 - INFO - Candidates phone: 0 items
2025-05-22 03:05:42,337 - P17020 - INFO - Candidates email: 0 items
2025-05-22 03:05:42,337 - P17020 - INFO - Candidates complement: 0 items
2025-05-22 03:05:42,337 - P17020 - INFO - Candidates cep: 0 items
2025-05-22 03:05:42,338 - P17020 - INFO - Após processar URL 11 Uso de memória: 134.98 MB
2025-05-22 03:05:42,338 - P17020 - INFO - Processando URL 12/17: https://cliniguia.com/profissionais/ana-lucia-figueiroa-otake-980016277402728/
2025-05-22 03:05:47,887 - P17020 - INFO - HTML salvo para debug: data\debug_html_v10\db128dc5a9c281666f3cf368f8c3aea6.html
2025-05-22 03:05:47,933 - P17020 - INFO - Candidates address: 0 items
2025-05-22 03:05:47,935 - P17020 - INFO - Candidates phone: 0 items
2025-05-22 03:05:47,935 - P17020 - INFO - Candidates email: 0 items
2025-05-22 03:05:47,935 - P17020 - INFO - Candidates complement: 0 items
2025-05-22 03:05:47,936 - P17020 - INFO - Candidates cep: 0 items
2025-05-22 03:05:47,936 - P17020 - INFO - Após processar URL 12 Uso de memória: 135.83 MB
2025-05-22 03:05:47,936 - P17020 - INFO - Processando URL 13/17: https://www.redescredenciadas.com.br/perfil/ana-lucia-figueroa-otake-sp-119515
2025-05-22 03:05:53,125 - P17020 - INFO - HTML salvo para debug: data\debug_html_v10\9bca05b6dc345f7aeb0c60c6e35c6dd7.html
2025-05-22 03:05:53,134 - P17020 - INFO - Candidates address: 2 items
2025-05-22 03:05:53,134 - P17020 - INFO - Candidates phone: 2 items
2025-05-22 03:05:53,134 - P17020 - INFO - Candidates email: 0 items
2025-05-22 03:05:53,134 - P17020 - INFO - Candidates complement: 0 items
2025-05-22 03:05:53,134 - P17020 - INFO - Candidates cep: 0 items
2025-05-22 03:05:53,135 - P17020 - INFO - Após processar URL 13 Uso de memória: 134.74 MB
2025-05-22 03:05:53,135 - P17020 - INFO - Processando URL 14/17: https://www.bingplaces.com/DashBoard/Edit?Id=YN7993x11727968857181248885&market=pt-BR&src=SERPIC
2025-05-22 03:05:56,527 - P17020 - INFO - HTML salvo para debug: data\debug_html_v10\06d17743c89d92770657fc9ff2b63f22.html
2025-05-22 03:05:56,544 - P17020 - INFO - Candidates address: 1 items
2025-05-22 03:05:56,544 - P17020 - INFO - Candidates phone: 1 items
2025-05-22 03:05:56,544 - P17020 - INFO - Candidates email: 0 items
2025-05-22 03:05:56,544 - P17020 - INFO - Candidates complement: 0 items
2025-05-22 03:05:56,545 - P17020 - INFO - Candidates cep: 2 items
2025-05-22 03:05:56,545 - P17020 - INFO - Após processar URL 14 Uso de memória: 134.74 MB
2025-05-22 03:05:56,545 - P17020 - INFO - Processando URL 15/17: https://www.boaconsulta.com/especialista/ana-lucia-figueiroa-otake-6106c5e2a2e00a5d36004b5a
2025-05-22 03:06:00,181 - P17020 - INFO - HTML salvo para debug: data\debug_html_v10\c05ea04b213706ea31250178e75a1e60.html
2025-05-22 03:06:00,259 - P17020 - INFO - Candidates address: 3 items
2025-05-22 03:06:00,260 - P17020 - INFO - Candidates phone: 0 items
2025-05-22 03:06:00,260 - P17020 - INFO - Candidates email: 0 items
2025-05-22 03:06:00,260 - P17020 - INFO - Candidates complement: 0 items
2025-05-22 03:06:00,260 - P17020 - INFO - Candidates cep: 0 items
2025-05-22 03:06:00,260 - P17020 - INFO - Após processar URL 15 Uso de memória: 135.24 MB
2025-05-22 03:06:00,261 - P17020 - INFO - Processando URL 16/17: https://www.medicosbrasil.com/profissional/ana-lucia-figueroa-otake
2025-05-22 03:06:03,978 - P17020 - INFO - HTML salvo para debug: data\debug_html_v10\159f7355f854f99ae4770a4c67e71dbd.html
2025-05-22 03:06:04,004 - P17020 - INFO - Candidates address: 0 items
2025-05-22 03:06:04,005 - P17020 - INFO - Candidates phone: 0 items
2025-05-22 03:06:04,005 - P17020 - INFO - Candidates email: 0 items
2025-05-22 03:06:04,005 - P17020 - INFO - Candidates complement: 0 items
2025-05-22 03:06:04,005 - P17020 - INFO - Candidates cep: 0 items
2025-05-22 03:06:04,005 - P17020 - INFO - Após processar URL 16 Uso de memória: 134.04 MB
2025-05-22 03:06:04,006 - P17020 - INFO - Processando URL 17/17: https://cnpjrocks.com/cnpj/11252374000110/clinica-ana-otake-s-s-ltda.html
2025-05-22 03:06:06,881 - P17020 - INFO - HTML salvo para debug: data\debug_html_v10\dbea6c6fbf769b08001f261f56020add.html
2025-05-22 03:06:06,891 - P17020 - INFO - Candidates address: 1 items
2025-05-22 03:06:06,898 - P17020 - INFO - Candidates phone: 2 items
2025-05-22 03:06:06,898 - P17020 - INFO - Candidates email: 1 items
2025-05-22 03:06:06,899 - P17020 - INFO - Candidates complement: 0 items
2025-05-22 03:06:06,900 - P17020 - INFO - Candidates cep: 9 items
2025-05-22 03:06:06,904 - P17020 - INFO - Após processar URL 17 Uso de memória: 134.04 MB
2025-05-22 03:06:06,904 - P17020 - INFO - Iniciando agregação e ranqueamento
2025-05-22 03:06:06,905 - P17020 - INFO - Ranked address: 50 items
2025-05-22 03:06:06,906 - P17020 - INFO - Ranked phone: 133 items
2025-05-22 03:06:06,908 - P17020 - INFO - Ranked email: 801 items
2025-05-22 03:06:06,910 - P17020 - INFO - Ranked complement: 5 items
2025-05-22 03:06:06,911 - P17020 - INFO - Ranked cep: 1603 items
2025-05-22 03:06:06,913 - P17020 - INFO - Após agregação Uso de memória: 134.04 MB
2025-05-22 03:06:06,914 - P17020 - INFO - Validando endereço: ['Rua Americo Brasiliense, 1648', 'Rua Americo Brasiliense 1648 Vila Seixas Ribeirão Preto SP', 'R. A. Zamara Montagem e Instalacao de Elevadores LTDA - 11.252.363/0001-30']
2025-05-22 03:06:06,914 - P17020 - INFO - Endereço validado: Rua Americo Brasiliense, 1648
2025-05-22 03:06:06,915 - P17020 - INFO - Limpando texto extenso para campo address: Rua Americo Brasiliense, 1648...
2025-05-22 03:06:06,919 - P17020 - INFO - Texto limpo: Rua Americo Brasiliense, 1648
2025-05-22 03:06:06,926 - P17020 - INFO - Validando telefone: ['(16) 3234-6551', '(16) 3635-8856', '(35) 3531-5545']
2025-05-22 03:06:06,928 - P17020 - INFO - Limpando texto extenso para campo phone: (16) 3234-6551...
2025-05-22 03:06:06,929 - P17020 - INFO - Texto limpo: 16) 3234-6551
2025-05-22 03:06:06,930 - P17020 - INFO - Telefone validado: 16) 3234-6551
2025-05-22 03:06:06,930 - P17020 - INFO - Validando email: ['clinicaanaotake@gmail.com', 'jonas.machado50@gmail.com', 'arthuraugustovillela@hotmail.com']
2025-05-22 03:06:06,931 - P17020 - INFO - Limpando texto extenso para campo email: clinicaanaotake@gmail.com...
2025-05-22 03:06:06,933 - P17020 - INFO - Texto limpo: clinicaanaotake@gmail.com
2025-05-22 03:06:06,936 - P17020 - INFO - Email validado: clinicaanaotake@gmail.com
2025-05-22 03:06:06,937 - P17020 - INFO - Validando complemento: ['Sala 13\tCENTRO\t14400490\tFRANCA\tSão Paulo\tINTUITIVO\tEMO', 'Sala 1\tCentro\t13631066\tPIRASSUNUNGA\tSão Paulo\t\t\t\tSim\t4', 'Sala\tCENTRO\t14400490\tFRANCA\tSão Paulo\t\t\t\tSim\t44435.520']
2025-05-22 03:06:06,937 - P17020 - INFO - Limpando texto extenso para campo complement: Sala 13	CENTRO	14400490	FRANCA	São Paulo	INTUITIVO...
2025-05-22 03:06:06,938 - P17020 - INFO - Texto limpo: Sala 13 CENTRO 14400490 FRANCA
2025-05-22 03:06:06,939 - P17020 - INFO - Complemento validado: Sala 13 CENTRO 14400490 FRANCA
2025-05-22 03:06:06,940 - P17020 - INFO - Descobrindo cidade
2025-05-22 03:06:06,941 - P17020 - INFO - Buscando cidade: Rua Americo Brasiliense cidade SP
2025-05-22 03:06:09,663 - P17020 - WARNING - Cidade não encontrada
2025-05-22 03:06:09,663 - P17020 - INFO - Cidade descoberta: 
2025-05-22 03:06:09,663 - P17020 - INFO - Tempo de execução de processamento completo do médico: 68.03 segundos
2025-05-22 03:06:09,664 - P17020 - INFO - Resultado processado: {'Hash': '4b64c90e2ec5f11bd5177f24aa7ece542c22abfb2f4e58a561f66b97de7fcb22', 'CRM': '119515', 'UF': 'SP', 'Firstname': 'ANA', 'LastName': 'LUCIA FIGUEROA OTAKE', 'Medical specialty': '', 'Endereco Completo A1': 'Rua Americo Brasiliense, 1648', 'Address A1': 'Rua Americo Brasiliense', 'Numero A1': '1648', 'Complement A1': 'Sala 13 CENTRO 14400490 FRANCA', 'Bairro A1': '', 'postal code A1': '', 'City A1': '', 'State A1': '', 'Phone A1': '16) 3234-6551', 'Phone A2': '', 'Cell phone A1': '', 'Cell phone A2': '', 'E-mail A1': 'clinicaanaotake@gmail.com', 'E-mail A2': '', 'OPT-IN': '', 'STATUS': '', 'LOTE': ''}
2025-05-22 03:06:09,665 - P17020 - INFO - Progresso: 40.4%
2025-05-22 03:06:09,665 - P17020 - INFO - Executando coleta de lixo
2025-05-22 03:06:09,735 - P17020 - INFO - Após coleta de lixo Uso de memória: 120.05 MB
2025-05-22 03:06:09,735 - P17020 - INFO - Tempo de execução de processamento do médico 1: 69.33 segundos
2025-05-22 03:06:09,735 - P17020 - INFO - 
==================================================
Processando médico 2/3
2025-05-22 03:06:09,736 - P17020 - INFO - Nome: FERNANDA CESTARO PRADO CORTEZ
2025-05-22 03:06:09,736 - P17020 - INFO - Início do processamento Uso de memória: 120.05 MB
2025-05-22 03:06:09,736 - P17020 - INFO - Iniciando busca para: FERNANDA CESTARO PRADO CORTEZ CRM 120941 SP telefone e-mail endereço
2025-05-22 03:06:10,522 - P17020 - INFO - SearX results: 10 URLs
2025-05-22 03:06:10,523 - P17020 - INFO - Após SearX Uso de memória: 120.05 MB
2025-05-22 03:06:13,054 - P17020 - INFO - Google results: 6 URLs
2025-05-22 03:06:13,055 - P17020 - INFO - Após Google Uso de memória: 124.44 MB
2025-05-22 03:06:15,568 - P17020 - INFO - Bing results: 10 URLs
2025-05-22 03:06:15,569 - P17020 - INFO - Após Bing Uso de memória: 124.68 MB
2025-05-22 03:06:15,571 - P17020 - INFO - Total de URLs únicas: 16
2025-05-22 03:06:15,571 - P17020 - INFO - Processando URL 1/16: https://plenusmenteecuidado.com.br/profissionais/
2025-05-22 03:06:18,378 - P17020 - INFO - HTML salvo para debug: data\debug_html_v10\b89c9058bfc3db484e2b395d9afeb3c0.html
2025-05-22 03:06:18,385 - P17020 - INFO - Candidates address: 1 items
2025-05-22 03:06:18,385 - P17020 - INFO - Candidates phone: 1 items
2025-05-22 03:06:18,385 - P17020 - INFO - Candidates email: 0 items
2025-05-22 03:06:18,386 - P17020 - INFO - Candidates complement: 0 items
2025-05-22 03:06:18,386 - P17020 - INFO - Candidates cep: 1 items
2025-05-22 03:06:18,386 - P17020 - INFO - Após processar URL 1 Uso de memória: 124.85 MB
2025-05-22 03:06:18,386 - P17020 - INFO - Processando URL 2/16: https://www.doctoralia.com.br/fernanda-cestaro-prado-cortez/psiquiatra/guarapuava
2025-05-22 03:06:18,386 - P17020 - INFO - Ignorando URL de arquivo não-HTML: https://www.doctoralia.com.br/fernanda-cestaro-prado-cortez/psiquiatra/guarapuava
2025-05-22 03:06:18,387 - P17020 - INFO - Após processar URL 2 Uso de memória: 124.85 MB
2025-05-22 03:06:18,387 - P17020 - INFO - Processando URL 3/16: https://www.saopauloaqui.com.br/search.php?results=Consult%F3rio+Fernanda+Cestaro+Prado+Cortez+no+Bairro+Bela+Vista
2025-05-22 03:06:24,210 - P17020 - INFO - HTML salvo para debug: data\debug_html_v10\9def7b046887ebc2ace2c7cb0435c406.html
2025-05-22 03:06:24,223 - P17020 - INFO - Candidates address: 1 items
2025-05-22 03:06:24,224 - P17020 - INFO - Candidates phone: 0 items
2025-05-22 03:06:24,224 - P17020 - INFO - Candidates email: 0 items
2025-05-22 03:06:24,225 - P17020 - INFO - Candidates complement: 0 items
2025-05-22 03:06:24,225 - P17020 - INFO - Candidates cep: 0 items
2025-05-22 03:06:24,226 - P17020 - INFO - Após processar URL 3 Uso de memória: 125.45 MB
2025-05-22 03:06:24,227 - P17020 - INFO - Processando URL 4/16: https://plenusmenteecuidado.com.br/contato/
2025-05-22 03:06:27,700 - P17020 - INFO - HTML salvo para debug: data\debug_html_v10\c1e20a62517a515fea5d4607023fe025.html
2025-05-22 03:06:27,706 - P17020 - INFO - Candidates address: 1 items
2025-05-22 03:06:27,706 - P17020 - INFO - Candidates phone: 1 items
2025-05-22 03:06:27,706 - P17020 - INFO - Candidates email: 0 items
2025-05-22 03:06:27,706 - P17020 - INFO - Candidates complement: 0 items
2025-05-22 03:06:27,706 - P17020 - INFO - Candidates cep: 2 items
2025-05-22 03:06:27,707 - P17020 - INFO - Após processar URL 4 Uso de memória: 125.46 MB
2025-05-22 03:06:27,707 - P17020 - INFO - Processando URL 5/16: https://www.saopauloaqui.com.br/search.php?results=Dra.+Fernanda+Cestaro+Prado+Cortez
2025-05-22 03:06:31,294 - P17020 - INFO - HTML salvo para debug: data\debug_html_v10\b4f8f22f6ff11338821274fb60f178e7.html
2025-05-22 03:06:31,305 - P17020 - INFO - Candidates address: 1 items
2025-05-22 03:06:31,305 - P17020 - INFO - Candidates phone: 0 items
2025-05-22 03:06:31,305 - P17020 - INFO - Candidates email: 0 items
2025-05-22 03:06:31,305 - P17020 - INFO - Candidates complement: 0 items
2025-05-22 03:06:31,306 - P17020 - INFO - Candidates cep: 0 items
2025-05-22 03:06:31,306 - P17020 - INFO - Após processar URL 5 Uso de memória: 125.85 MB
2025-05-22 03:06:31,307 - P17020 - INFO - Processando URL 6/16: https://www.saopauloaqui.com.br/1/17621/psiquiatria/consultorio-fernanda-cestaro-prado-cortez.html
2025-05-22 03:06:35,701 - P17020 - INFO - HTML salvo para debug: data\debug_html_v10\08d3cb25317149f655d3d998f9751078.html
2025-05-22 03:06:35,720 - P17020 - INFO - Candidates address: 1 items
2025-05-22 03:06:35,720 - P17020 - INFO - Candidates phone: 0 items
2025-05-22 03:06:35,720 - P17020 - INFO - Candidates email: 0 items
2025-05-22 03:06:35,720 - P17020 - INFO - Candidates complement: 0 items
2025-05-22 03:06:35,720 - P17020 - INFO - Candidates cep: 1 items
2025-05-22 03:06:35,721 - P17020 - INFO - Após processar URL 6 Uso de memória: 128.63 MB
2025-05-22 03:06:35,721 - P17020 - INFO - Processando URL 7/16: https://www3.unicentro.br/docentes/fernanda-cestaro-prado-cortez/
2025-05-22 03:06:41,594 - P17020 - INFO - HTML salvo para debug: data\debug_html_v10\fe57f801fe35ebf91ca96f95a9b33547.html
2025-05-22 03:06:41,686 - P17020 - INFO - Candidates address: 1 items
2025-05-22 03:06:41,686 - P17020 - INFO - Candidates phone: 3 items
2025-05-22 03:06:41,686 - P17020 - INFO - Candidates email: 1 items
2025-05-22 03:06:41,687 - P17020 - INFO - Candidates complement: 0 items
2025-05-22 03:06:41,687 - P17020 - INFO - Candidates cep: 3 items
2025-05-22 03:06:41,687 - P17020 - INFO - Após processar URL 7 Uso de memória: 127.92 MB
2025-05-22 03:06:41,687 - P17020 - INFO - Processando URL 8/16: https://www.helpsaude.com/Fernanda-Cestaro-Prado-Cortez.SP
2025-05-22 03:06:48,242 - P17020 - INFO - HTML salvo para debug: data\debug_html_v10\aa4cfeef6db8ccd677d802048a6150fe.html
2025-05-22 03:06:48,254 - P17020 - INFO - Candidates address: 0 items
2025-05-22 03:06:48,254 - P17020 - INFO - Candidates phone: 0 items
2025-05-22 03:06:48,254 - P17020 - INFO - Candidates email: 0 items
2025-05-22 03:06:48,255 - P17020 - INFO - Candidates complement: 0 items
2025-05-22 03:06:48,255 - P17020 - INFO - Candidates cep: 0 items
2025-05-22 03:06:48,255 - P17020 - INFO - Após processar URL 8 Uso de memória: 127.93 MB
2025-05-22 03:06:48,255 - P17020 - INFO - Processando URL 9/16: https://www.classemedica.com.br/medico/108143-fernanda-cestaro-prado-cortez.htm
2025-05-22 03:07:00,960 - P17020 - INFO - HTML salvo para debug: data\debug_html_v10\86c3d247a6d72473e6d73cf03d93cf78.html
2025-05-22 03:07:01,026 - P17020 - INFO - Candidates address: 0 items
2025-05-22 03:07:01,072 - P17020 - INFO - Candidates phone: 0 items
2025-05-22 03:07:01,109 - P17020 - INFO - Candidates email: 0 items
2025-05-22 03:07:01,121 - P17020 - INFO - Candidates complement: 0 items
2025-05-22 03:07:01,122 - P17020 - INFO - Candidates cep: 0 items
2025-05-22 03:07:01,125 - P17020 - INFO - Após processar URL 9 Uso de memória: 130.06 MB
2025-05-22 03:07:01,135 - P17020 - INFO - Processando URL 10/16: https://www.escavador.com/sobre/4877959/fernanda-cestaro-prado-cortez
2025-05-22 03:07:05,946 - P17020 - INFO - HTML salvo para debug: data\debug_html_v10\949b1e0107700f3b5e2fb91027da0788.html
2025-05-22 03:07:05,962 - P17020 - INFO - Candidates address: 0 items
2025-05-22 03:07:05,962 - P17020 - INFO - Candidates phone: 0 items
2025-05-22 03:07:05,962 - P17020 - INFO - Candidates email: 0 items
2025-05-22 03:07:05,962 - P17020 - INFO - Candidates complement: 0 items
2025-05-22 03:07:05,963 - P17020 - INFO - Candidates cep: 0 items
2025-05-22 03:07:05,963 - P17020 - INFO - Após processar URL 10 Uso de memória: 128.94 MB
2025-05-22 03:07:05,963 - P17020 - INFO - Processando URL 11/16: http://www.humanidadeat.com.br/profissionais-parceiros/
2025-05-22 03:07:11,060 - P17020 - INFO - HTML salvo para debug: data\debug_html_v10\8ed1ef9bcbe553e4101505f7ecc3c67d.html
2025-05-22 03:07:11,074 - P17020 - INFO - Candidates address: 6 items
2025-05-22 03:07:11,075 - P17020 - INFO - Candidates phone: 6 items
2025-05-22 03:07:11,075 - P17020 - INFO - Candidates email: 5 items
2025-05-22 03:07:11,075 - P17020 - INFO - Candidates complement: 0 items
2025-05-22 03:07:11,075 - P17020 - INFO - Candidates cep: 6 items
2025-05-22 03:07:11,075 - P17020 - INFO - Após processar URL 11 Uso de memória: 128.95 MB
2025-05-22 03:07:11,076 - P17020 - INFO - Processando URL 12/16: https://www.catalogo.med.br/doutor/fernanda-cestaro-prado-cortez-1985385.htm
2025-05-22 03:07:13,241 - P17020 - INFO - HTML salvo para debug: data\debug_html_v10\f6a44bd8c8b4c5aad66f78c333672c1a.html
2025-05-22 03:07:13,242 - P17020 - INFO - Candidates address: 0 items
2025-05-22 03:07:13,242 - P17020 - INFO - Candidates phone: 0 items
2025-05-22 03:07:13,242 - P17020 - INFO - Candidates email: 0 items
2025-05-22 03:07:13,242 - P17020 - INFO - Candidates complement: 0 items
2025-05-22 03:07:13,242 - P17020 - INFO - Candidates cep: 0 items
2025-05-22 03:07:13,242 - P17020 - INFO - Após processar URL 12 Uso de memória: 128.95 MB
2025-05-22 03:07:13,243 - P17020 - INFO - Processando URL 13/16: https://www.saopauloguiafacil.com.br/zona-central/distrito-bela-vista/bairro-bela-vista/saude-e-medicina/psiquiatria/17621/consultorio-fernanda-cestaro-prado-cortez/
2025-05-22 03:07:18,028 - P17020 - INFO - HTML salvo para debug: data\debug_html_v10\4fcedf76c41320946e9e984771764e3a.html
2025-05-22 03:07:18,044 - P17020 - INFO - Candidates address: 1 items
2025-05-22 03:07:18,044 - P17020 - INFO - Candidates phone: 0 items
2025-05-22 03:07:18,044 - P17020 - INFO - Candidates email: 0 items
2025-05-22 03:07:18,045 - P17020 - INFO - Candidates complement: 0 items
2025-05-22 03:07:18,045 - P17020 - INFO - Candidates cep: 1 items
2025-05-22 03:07:18,045 - P17020 - INFO - Após processar URL 13 Uso de memória: 128.95 MB
2025-05-22 03:07:18,045 - P17020 - INFO - Processando URL 14/16: https://plenusmenteecuidado.com.br/fernanda/
2025-05-22 03:07:20,360 - P17020 - INFO - HTML salvo para debug: data\debug_html_v10\c527478e76ae9baf6bac4253a04e545f.html
2025-05-22 03:07:20,377 - P17020 - INFO - Candidates address: 1 items
2025-05-22 03:07:20,378 - P17020 - INFO - Candidates phone: 1 items
2025-05-22 03:07:20,378 - P17020 - INFO - Candidates email: 0 items
2025-05-22 03:07:20,378 - P17020 - INFO - Candidates complement: 0 items
2025-05-22 03:07:20,378 - P17020 - INFO - Candidates cep: 1 items
2025-05-22 03:07:20,378 - P17020 - INFO - Após processar URL 14 Uso de memória: 128.95 MB
2025-05-22 03:07:20,379 - P17020 - INFO - Processando URL 15/16: https://www.saopauloaqui.com.br/logradouro-categoria/3114/370/1/rua-dos-franceses/psiquiatria/
2025-05-22 03:07:24,962 - P17020 - INFO - HTML salvo para debug: data\debug_html_v10\3f2d559ebd5fde412b1c682445313b20.html
2025-05-22 03:07:24,974 - P17020 - INFO - Candidates address: 1 items
2025-05-22 03:07:24,974 - P17020 - INFO - Candidates phone: 0 items
2025-05-22 03:07:24,974 - P17020 - INFO - Candidates email: 0 items
2025-05-22 03:07:24,975 - P17020 - INFO - Candidates complement: 0 items
2025-05-22 03:07:24,975 - P17020 - INFO - Candidates cep: 0 items
2025-05-22 03:07:24,975 - P17020 - INFO - Após processar URL 15 Uso de memória: 128.95 MB
2025-05-22 03:07:24,976 - P17020 - INFO - Processando URL 16/16: https://www.consultacrm.com.br/index/medicos/uid-99251011-f5c5-11ec-9e74-0a4aa568c625/fernanda_cestaro_prado_cortez
2025-05-22 03:07:30,419 - P17020 - INFO - HTML salvo para debug: data\debug_html_v10\b0cff82984c1f5d2091b4a5d004b525e.html
2025-05-22 03:07:30,431 - P17020 - INFO - Candidates address: 0 items
2025-05-22 03:07:30,432 - P17020 - INFO - Candidates phone: 0 items
2025-05-22 03:07:30,432 - P17020 - INFO - Candidates email: 0 items
2025-05-22 03:07:30,433 - P17020 - INFO - Candidates complement: 0 items
2025-05-22 03:07:30,433 - P17020 - INFO - Candidates cep: 1 items
2025-05-22 03:07:30,434 - P17020 - INFO - Após processar URL 16 Uso de memória: 128.04 MB
2025-05-22 03:07:30,434 - P17020 - INFO - Iniciando agregação e ranqueamento
2025-05-22 03:07:30,434 - P17020 - INFO - Ranked address: 9 items
2025-05-22 03:07:30,435 - P17020 - INFO - Ranked phone: 10 items
2025-05-22 03:07:30,435 - P17020 - INFO - Ranked email: 6 items
2025-05-22 03:07:30,435 - P17020 - INFO - Ranked complement: 0 items
2025-05-22 03:07:30,435 - P17020 - INFO - Ranked cep: 13 items
2025-05-22 03:07:30,435 - P17020 - INFO - Após agregação Uso de memória: 128.04 MB
2025-05-22 03:07:30,436 - P17020 - INFO - Validando endereço: ['Rua dos Franceses, 81', 'Rua Coronel Lustosa, 318', 'Rua Salvatore Renna – Padre Salvador, 875']
2025-05-22 03:07:30,436 - P17020 - INFO - Endereço validado: Rua dos Franceses, 81
2025-05-22 03:07:30,436 - P17020 - INFO - Limpando texto extenso para campo address: Rua dos Franceses, 81...
2025-05-22 03:07:30,436 - P17020 - INFO - Texto limpo: Rua dos Franceses, 81
2025-05-22 03:07:30,436 - P17020 - INFO - Validando telefone: ['(42) 99831-8888', '(42) 3629-8100', '(42) 3421-3000']
2025-05-22 03:07:30,436 - P17020 - INFO - Limpando texto extenso para campo phone: (42) 99831-8888...
2025-05-22 03:07:30,436 - P17020 - INFO - Texto limpo: 42) 99831-8888
2025-05-22 03:07:30,437 - P17020 - INFO - Telefone validado: 42) 99831-8888
2025-05-22 03:07:30,437 - P17020 - INFO - Validando email: ['cestaro.f@gmail.com', 'dedamiyamoto@hotmail.com', 'marcos_salemvasco@yahoo.com.br']
2025-05-22 03:07:30,437 - P17020 - INFO - Limpando texto extenso para campo email: cestaro.f@gmail.com...
2025-05-22 03:07:30,437 - P17020 - INFO - Texto limpo: cestaro.f@gmail.com
2025-05-22 03:07:30,438 - P17020 - INFO - Email validado: cestaro.f@gmail.com
2025-05-22 03:07:30,438 - P17020 - INFO - Descobrindo cidade
2025-05-22 03:07:30,438 - P17020 - INFO - Buscando cidade: Rua dos Franceses cidade SP
2025-05-22 03:07:33,114 - P17020 - WARNING - Cidade não encontrada
2025-05-22 03:07:33,115 - P17020 - INFO - Cidade descoberta: 
2025-05-22 03:07:33,115 - P17020 - INFO - Tempo de execução de processamento completo do médico: 83.38 segundos
2025-05-22 03:07:33,115 - P17020 - INFO - Resultado processado: {'Hash': '478ca153d22bc251616ad5c4bea3f49363d54670caadf043bb797fe26b4da72c', 'CRM': '120941', 'UF': 'SP', 'Firstname': 'FERNANDA', 'LastName': 'CESTARO PRADO CORTEZ', 'Medical specialty': '', 'Endereco Completo A1': 'Rua dos Franceses, 81', 'Address A1': 'Rua dos Franceses', 'Numero A1': '81', 'Complement A1': '', 'Bairro A1': '', 'postal code A1': '', 'City A1': '', 'State A1': '', 'Phone A1': '42) 99831-8888', 'Phone A2': '', 'Cell phone A1': '', 'Cell phone A2': '', 'E-mail A1': 'cestaro.f@gmail.com', 'E-mail A2': '', 'OPT-IN': '', 'STATUS': '', 'LOTE': ''}
2025-05-22 03:07:33,116 - P17020 - INFO - Progresso: 40.8%
2025-05-22 03:07:33,116 - P17020 - INFO - Tempo de execução de processamento do médico 2: 83.38 segundos
2025-05-22 03:07:33,116 - P17020 - INFO - 
==================================================
Processando médico 3/3
2025-05-22 03:07:33,117 - P17020 - INFO - Nome: LETICIA MARIA SANTORO FRANCO AZEVEDO SOSTER
2025-05-22 03:07:33,117 - P17020 - INFO - Início do processamento Uso de memória: 125.79 MB
2025-05-22 03:07:33,117 - P17020 - INFO - Iniciando busca para: LETICIA MARIA SANTORO FRANCO AZEVEDO SOSTER CRM 122544 SP telefone e-mail endereço
2025-05-22 03:07:33,906 - P17020 - INFO - SearX results: 15 URLs
2025-05-22 03:07:33,906 - P17020 - INFO - Após SearX Uso de memória: 125.79 MB
2025-05-22 03:07:36,574 - P17020 - INFO - Google results: 9 URLs
2025-05-22 03:07:36,575 - P17020 - INFO - Após Google Uso de memória: 127.89 MB
2025-05-22 03:07:39,373 - P17020 - INFO - Bing results: 10 URLs
2025-05-22 03:07:39,373 - P17020 - INFO - Após Bing Uso de memória: 128.71 MB
2025-05-22 03:07:39,373 - P17020 - INFO - Total de URLs únicas: 20
2025-05-22 03:07:39,374 - P17020 - INFO - Processando URL 1/20: https://guiasaudebrasil.com.br/profissional/6bdd6a10510d1d6f-leticia-maria-santoro-franco-azevedo-soster
2025-05-22 03:07:45,006 - P17020 - INFO - HTML salvo para debug: data\debug_html_v10\3f96f190c84d19daf824b0ee4d5a0b7e.html
2025-05-22 03:07:45,017 - P17020 - INFO - Candidates address: 0 items
2025-05-22 03:07:45,017 - P17020 - INFO - Candidates phone: 0 items
2025-05-22 03:07:45,017 - P17020 - INFO - Candidates email: 0 items
2025-05-22 03:07:45,017 - P17020 - INFO - Candidates complement: 0 items
2025-05-22 03:07:45,018 - P17020 - INFO - Candidates cep: 1 items
2025-05-22 03:07:45,018 - P17020 - INFO - Após processar URL 1 Uso de memória: 128.82 MB
2025-05-22 03:07:45,019 - P17020 - INFO - Processando URL 2/20: https://www.emsono.com.br/?page=especialidades
2025-05-22 03:07:48,783 - P17020 - INFO - HTML salvo para debug: data\debug_html_v10\23d9a327b6485a042195a31a8cf5e041.html
2025-05-22 03:07:48,797 - P17020 - INFO - Candidates address: 1 items
2025-05-22 03:07:48,798 - P17020 - INFO - Candidates phone: 1 items
2025-05-22 03:07:48,798 - P17020 - INFO - Candidates email: 0 items
2025-05-22 03:07:48,798 - P17020 - INFO - Candidates complement: 2 items
2025-05-22 03:07:48,798 - P17020 - INFO - Candidates cep: 3 items
2025-05-22 03:07:48,799 - P17020 - INFO - Após processar URL 2 Uso de memória: 128.82 MB
2025-05-22 03:07:48,799 - P17020 - INFO - Processando URL 3/20: https://www.boaconsulta.com/especialista/leticia-maria-santoro-franco-azevedo-soster-6106d92da2e00a653a00b045
2025-05-22 03:07:50,944 - P17020 - INFO - HTML salvo para debug: data\debug_html_v10\a67184cc281cbd85bba605ad7f51860a.html
2025-05-22 03:07:51,014 - P17020 - INFO - Candidates address: 12 items
2025-05-22 03:07:51,015 - P17020 - INFO - Candidates phone: 0 items
2025-05-22 03:07:51,015 - P17020 - INFO - Candidates email: 0 items
2025-05-22 03:07:51,015 - P17020 - INFO - Candidates complement: 2 items
2025-05-22 03:07:51,015 - P17020 - INFO - Candidates cep: 0 items
2025-05-22 03:07:51,015 - P17020 - INFO - Após processar URL 3 Uso de memória: 129.43 MB
2025-05-22 03:07:51,015 - P17020 - INFO - Processando URL 4/20: https://hospitalsiriolibanes.org.br/especialidades-medicas/sao-paulo/pediatria/
2025-05-22 03:07:55,158 - P17020 - INFO - HTML salvo para debug: data\debug_html_v10\16f5105b724330f91890096ee6ec1deb.html
2025-05-22 03:07:55,187 - P17020 - INFO - Candidates address: 1 items
2025-05-22 03:07:55,188 - P17020 - INFO - Candidates phone: 6 items
2025-05-22 03:07:55,188 - P17020 - INFO - Candidates email: 0 items
2025-05-22 03:07:55,188 - P17020 - INFO - Candidates complement: 0 items
2025-05-22 03:07:55,188 - P17020 - INFO - Candidates cep: 0 items
2025-05-22 03:07:55,188 - P17020 - INFO - Após processar URL 4 Uso de memória: 129.71 MB
2025-05-22 03:07:55,189 - P17020 - INFO - Processando URL 5/20: https://www.classemedica.com.br/medico/188336-leticia-maria-santoro-franco-azevedo.htm
2025-05-22 03:07:59,562 - P17020 - INFO - HTML salvo para debug: data\debug_html_v10\e2321ae39e5ccc8efa0dda593a2a15c8.html
2025-05-22 03:07:59,602 - P17020 - INFO - Candidates address: 0 items
2025-05-22 03:07:59,602 - P17020 - INFO - Candidates phone: 0 items
2025-05-22 03:07:59,602 - P17020 - INFO - Candidates email: 0 items
2025-05-22 03:07:59,602 - P17020 - INFO - Candidates complement: 0 items
2025-05-22 03:07:59,603 - P17020 - INFO - Candidates cep: 0 items
2025-05-22 03:07:59,603 - P17020 - INFO - Após processar URL 5 Uso de memória: 130.90 MB
2025-05-22 03:07:59,603 - P17020 - INFO - Processando URL 6/20: https://www.situacaocadastral.info/cnpj/neurosono-neurologia-e-medicina-do-sono-ltda-29710273000101
2025-05-22 03:08:03,453 - P17020 - INFO - HTML salvo para debug: data\debug_html_v10\e05da140b0dbdbbbbdb7c2fc993be08e.html
2025-05-22 03:08:03,476 - P17020 - INFO - Candidates address: 1 items
2025-05-22 03:08:03,478 - P17020 - INFO - Candidates phone: 4 items
2025-05-22 03:08:03,479 - P17020 - INFO - Candidates email: 1 items
2025-05-22 03:08:03,480 - P17020 - INFO - Candidates complement: 0 items
2025-05-22 03:08:03,481 - P17020 - INFO - Candidates cep: 3 items
2025-05-22 03:08:03,482 - P17020 - INFO - Após processar URL 6 Uso de memória: 129.69 MB
2025-05-22 03:08:03,482 - P17020 - INFO - Processando URL 7/20: https://consultacrm.com.br/
2025-05-22 03:08:07,339 - P17020 - INFO - HTML salvo para debug: data\debug_html_v10\65cadeb91ac3713432c21b535990f440.html
2025-05-22 03:08:07,352 - P17020 - INFO - Candidates address: 0 items
2025-05-22 03:08:07,352 - P17020 - INFO - Candidates phone: 0 items
2025-05-22 03:08:07,353 - P17020 - INFO - Candidates email: 0 items
2025-05-22 03:08:07,353 - P17020 - INFO - Candidates complement: 0 items
2025-05-22 03:08:07,353 - P17020 - INFO - Candidates cep: 0 items
2025-05-22 03:08:07,353 - P17020 - INFO - Após processar URL 7 Uso de memória: 129.69 MB
2025-05-22 03:08:07,353 - P17020 - INFO - Processando URL 8/20: https://www.escavador.com/sobre/3512502/leticia-maria-santoro-franco-azevedo-soster
2025-05-22 03:08:11,279 - P17020 - INFO - HTML salvo para debug: data\debug_html_v10\49c7c41250a1c8d8f3ff6a4640f5eda2.html
2025-05-22 03:08:11,294 - P17020 - INFO - Candidates address: 0 items
2025-05-22 03:08:11,295 - P17020 - INFO - Candidates phone: 0 items
2025-05-22 03:08:11,295 - P17020 - INFO - Candidates email: 0 items
2025-05-22 03:08:11,295 - P17020 - INFO - Candidates complement: 0 items
2025-05-22 03:08:11,295 - P17020 - INFO - Candidates cep: 0 items
2025-05-22 03:08:11,296 - P17020 - INFO - Após processar URL 8 Uso de memória: 129.69 MB
2025-05-22 03:08:11,296 - P17020 - INFO - Processando URL 9/20: https://cliniguia.com/profissionais/leticia-maria-santoro-franco-azevedo-soster-980016281773484/
2025-05-22 03:08:16,599 - P17020 - INFO - HTML salvo para debug: data\debug_html_v10\61c93df772d0fd57ae4e827014f62a75.html
2025-05-22 03:08:16,644 - P17020 - INFO - Candidates address: 0 items
2025-05-22 03:08:16,644 - P17020 - INFO - Candidates phone: 0 items
2025-05-22 03:08:16,644 - P17020 - INFO - Candidates email: 0 items
2025-05-22 03:08:16,646 - P17020 - INFO - Candidates complement: 0 items
2025-05-22 03:08:16,646 - P17020 - INFO - Candidates cep: 0 items
2025-05-22 03:08:16,646 - P17020 - INFO - Após processar URL 9 Uso de memória: 130.50 MB
2025-05-22 03:08:16,647 - P17020 - INFO - Processando URL 10/20: https://www.leticiasoster.com.br/contato
2025-05-22 03:08:20,266 - P17020 - INFO - HTML salvo para debug: data\debug_html_v10\94d359be5bd74390094e7c1863e8ac96.html
2025-05-22 03:08:20,280 - P17020 - INFO - Candidates address: 0 items
2025-05-22 03:08:20,280 - P17020 - INFO - Candidates phone: 0 items
2025-05-22 03:08:20,280 - P17020 - INFO - Candidates email: 1 items
2025-05-22 03:08:20,281 - P17020 - INFO - Candidates complement: 0 items
2025-05-22 03:08:20,281 - P17020 - INFO - Candidates cep: 0 items
2025-05-22 03:08:20,281 - P17020 - INFO - Após processar URL 10 Uso de memória: 129.62 MB
2025-05-22 03:08:20,281 - P17020 - INFO - Processando URL 11/20: https://www.einstein.br/especialidades/neurologia/equipe
2025-05-22 03:08:25,196 - P17020 - INFO - HTML salvo para debug: data\debug_html_v10\0e7647b33af9b76fe038cff6ce2cea2e.html
2025-05-22 03:08:25,342 - P17020 - INFO - Candidates address: 0 items
2025-05-22 03:08:25,343 - P17020 - INFO - Candidates phone: 5 items
2025-05-22 03:08:25,343 - P17020 - INFO - Candidates email: 4 items
2025-05-22 03:08:25,343 - P17020 - INFO - Candidates complement: 2 items
2025-05-22 03:08:25,343 - P17020 - INFO - Candidates cep: 8 items
2025-05-22 03:08:25,343 - P17020 - INFO - Após processar URL 11 Uso de memória: 129.52 MB
2025-05-22 03:08:25,344 - P17020 - INFO - Processando URL 12/20: https://absono.iweventos.com.br/evento/introducaoaosono2021/programacao/palestrante/7825
2025-05-22 03:08:30,385 - P17020 - INFO - HTML salvo para debug: data\debug_html_v10\f721039b212c31daf9e794375ec9b7c3.html
2025-05-22 03:08:30,396 - P17020 - INFO - Candidates address: 0 items
2025-05-22 03:08:30,396 - P17020 - INFO - Candidates phone: 0 items
2025-05-22 03:08:30,396 - P17020 - INFO - Candidates email: 0 items
2025-05-22 03:08:30,397 - P17020 - INFO - Candidates complement: 0 items
2025-05-22 03:08:30,398 - P17020 - INFO - Candidates cep: 0 items
2025-05-22 03:08:30,398 - P17020 - INFO - Após processar URL 12 Uso de memória: 129.52 MB
2025-05-22 03:08:30,398 - P17020 - INFO - Processando URL 13/20: https://www.einstein.br/especialidades/medicina-do-sono/equipe
2025-05-22 03:08:32,626 - P17020 - INFO - HTML salvo para debug: data\debug_html_v10\5d5b320513cbf51a72865fe31774f832.html
2025-05-22 03:08:32,704 - P17020 - INFO - Candidates address: 0 items
2025-05-22 03:08:32,705 - P17020 - INFO - Candidates phone: 5 items
2025-05-22 03:08:32,705 - P17020 - INFO - Candidates email: 0 items
2025-05-22 03:08:32,705 - P17020 - INFO - Candidates complement: 2 items
2025-05-22 03:08:32,705 - P17020 - INFO - Candidates cep: 0 items
2025-05-22 03:08:32,706 - P17020 - INFO - Após processar URL 13 Uso de memória: 129.52 MB
2025-05-22 03:08:32,706 - P17020 - INFO - Processando URL 14/20: https://guiamedico.cremesp.org.br/
2025-05-22 03:08:36,015 - P17020 - INFO - HTML salvo para debug: data\debug_html_v10\7c54969580769b63edd9abaa952e1fa2.html
2025-05-22 03:08:36,021 - P17020 - INFO - Candidates address: 1 items
2025-05-22 03:08:36,021 - P17020 - INFO - Candidates phone: 1 items
2025-05-22 03:08:36,022 - P17020 - INFO - Candidates email: 0 items
2025-05-22 03:08:36,022 - P17020 - INFO - Candidates complement: 0 items
2025-05-22 03:08:36,022 - P17020 - INFO - Candidates cep: 1 items
2025-05-22 03:08:36,022 - P17020 - INFO - Após processar URL 14 Uso de memória: 129.52 MB
2025-05-22 03:08:36,022 - P17020 - INFO - Processando URL 15/20: https://www.consultascnpj.com/neurosono-neurologia-e-medicina-do-sono-ltda/29710273000101
2025-05-22 03:08:39,092 - P17020 - INFO - HTML salvo para debug: data\debug_html_v10\5c12e102a51a53b3382eaddb54068f5a.html
2025-05-22 03:08:39,106 - P17020 - INFO - Candidates address: 0 items
2025-05-22 03:08:39,107 - P17020 - INFO - Candidates phone: 1 items
2025-05-22 03:08:39,108 - P17020 - INFO - Candidates email: 1 items
2025-05-22 03:08:39,108 - P17020 - INFO - Candidates complement: 0 items
2025-05-22 03:08:39,109 - P17020 - INFO - Candidates cep: 2 items
2025-05-22 03:08:39,109 - P17020 - INFO - Após processar URL 15 Uso de memória: 129.52 MB
2025-05-22 03:08:39,110 - P17020 - INFO - Processando URL 16/20: https://www.hospitalsiriolibanes.org.br/especialidades-medicas/sao-paulo/pediatria/
2025-05-22 03:08:43,136 - P17020 - INFO - HTML salvo para debug: data\debug_html_v10\056cdff1fdca29ac47742cae625e428a.html
2025-05-22 03:08:43,171 - P17020 - INFO - Candidates address: 1 items
2025-05-22 03:08:43,171 - P17020 - INFO - Candidates phone: 6 items
2025-05-22 03:08:43,172 - P17020 - INFO - Candidates email: 0 items
2025-05-22 03:08:43,172 - P17020 - INFO - Candidates complement: 0 items
2025-05-22 03:08:43,172 - P17020 - INFO - Candidates cep: 0 items
2025-05-22 03:08:43,172 - P17020 - INFO - Após processar URL 16 Uso de memória: 129.52 MB
2025-05-22 03:08:43,172 - P17020 - INFO - Processando URL 17/20: https://www.medicosbrasil.com/profissional/leticia-maria-santoro-franco-azevedo-soster
2025-05-22 03:08:45,365 - P17020 - INFO - HTML salvo para debug: data\debug_html_v10\a5b96b40ee318477f9b0a4d6f7c3229a.html
2025-05-22 03:08:45,367 - P17020 - INFO - Candidates address: 0 items
2025-05-22 03:08:45,367 - P17020 - INFO - Candidates phone: 0 items
2025-05-22 03:08:45,367 - P17020 - INFO - Candidates email: 0 items
2025-05-22 03:08:45,367 - P17020 - INFO - Candidates complement: 0 items
2025-05-22 03:08:45,367 - P17020 - INFO - Candidates cep: 0 items
2025-05-22 03:08:45,368 - P17020 - INFO - Após processar URL 17 Uso de memória: 129.52 MB
2025-05-22 03:08:45,368 - P17020 - INFO - Processando URL 18/20: https://www.hospitalsiriolibanes.org.br/blog/pediatria
2025-05-22 03:08:48,327 - P17020 - INFO - HTML salvo para debug: data\debug_html_v10\895e155ccb954df71903c5d27adf501e.html
2025-05-22 03:08:48,337 - P17020 - INFO - Candidates address: 0 items
2025-05-22 03:08:48,338 - P17020 - INFO - Candidates phone: 4 items
2025-05-22 03:08:48,338 - P17020 - INFO - Candidates email: 0 items
2025-05-22 03:08:48,338 - P17020 - INFO - Candidates complement: 0 items
2025-05-22 03:08:48,338 - P17020 - INFO - Candidates cep: 0 items
2025-05-22 03:08:48,338 - P17020 - INFO - Após processar URL 18 Uso de memória: 129.52 MB
2025-05-22 03:08:48,339 - P17020 - INFO - Processando URL 19/20: https://www.einstein.br/especialidades/pediatria/equipe
2025-05-22 03:08:51,753 - P17020 - INFO - HTML salvo para debug: data\debug_html_v10\d391657bb9208d54546b48a660c57bf6.html
2025-05-22 03:08:51,892 - P17020 - INFO - Candidates address: 0 items
2025-05-22 03:08:51,892 - P17020 - INFO - Candidates phone: 5 items
2025-05-22 03:08:51,892 - P17020 - INFO - Candidates email: 0 items
2025-05-22 03:08:51,893 - P17020 - INFO - Candidates complement: 2 items
2025-05-22 03:08:51,894 - P17020 - INFO - Candidates cep: 0 items
2025-05-22 03:08:51,894 - P17020 - INFO - Após processar URL 19 Uso de memória: 129.52 MB
2025-05-22 03:08:51,895 - P17020 - INFO - Processando URL 20/20: https://www.catalogo.med.br/doutor/leticia-maria-santoro-franco-azevedo-soster-2114409.htm
2025-05-22 03:08:54,023 - P17020 - INFO - HTML salvo para debug: data\debug_html_v10\b5235d1c8c422e28dc51808f28335af4.html
2025-05-22 03:08:54,023 - P17020 - INFO - Candidates address: 0 items
2025-05-22 03:08:54,024 - P17020 - INFO - Candidates phone: 0 items
2025-05-22 03:08:54,024 - P17020 - INFO - Candidates email: 0 items
2025-05-22 03:08:54,024 - P17020 - INFO - Candidates complement: 0 items
2025-05-22 03:08:54,024 - P17020 - INFO - Candidates cep: 0 items
2025-05-22 03:08:54,025 - P17020 - INFO - Após processar URL 20 Uso de memória: 129.52 MB
2025-05-22 03:08:54,025 - P17020 - INFO - Iniciando agregação e ranqueamento
2025-05-22 03:08:54,025 - P17020 - INFO - Ranked address: 16 items
2025-05-22 03:08:54,026 - P17020 - INFO - Ranked phone: 17 items
2025-05-22 03:08:54,026 - P17020 - INFO - Ranked email: 6 items
2025-05-22 03:08:54,026 - P17020 - INFO - Ranked complement: 6 items
2025-05-22 03:08:54,026 - P17020 - INFO - Ranked cep: 17 items
2025-05-22 03:08:54,026 - P17020 - INFO - Após agregação Uso de memória: 129.52 MB
2025-05-22 03:08:54,027 - P17020 - INFO - Validando endereço: ['Rua Dona Adma Jafet, 115', 'Av. Jorn. Umberto Calderaro Filho, 455', 'Rua Itapeva, 518']
2025-05-22 03:08:54,027 - P17020 - INFO - Endereço validado: Rua Dona Adma Jafet, 115
2025-05-22 03:08:54,027 - P17020 - INFO - Limpando texto extenso para campo address: Rua Dona Adma Jafet, 115...
2025-05-22 03:08:54,027 - P17020 - INFO - Texto limpo: Rua Dona Adma Jafet, 115
2025-05-22 03:08:54,027 - P17020 - INFO - Validando telefone: ['(11) 3394-0200', '(61) 2141-4000', '551133940200']
2025-05-22 03:08:54,027 - P17020 - INFO - Limpando texto extenso para campo phone: (11) 3394-0200...
2025-05-22 03:08:54,028 - P17020 - INFO - Texto limpo: 11) 3394-0200
2025-05-22 03:08:54,028 - P17020 - INFO - Telefone validado: 11) 3394-0200
2025-05-22 03:08:54,028 - P17020 - INFO - Validando email: ['adm.renato@assessorize.com.br', 'info@leticiasoster.com', 'giseless@einstein.br']
2025-05-22 03:08:54,028 - P17020 - INFO - Limpando texto extenso para campo email: adm.renato@assessorize.com.br...
2025-05-22 03:08:54,028 - P17020 - INFO - Texto limpo: adm.renato@assessorize.com.br
2025-05-22 03:08:54,029 - P17020 - INFO - Email validado: adm.renato@assessorize.com.br
2025-05-22 03:08:54,029 - P17020 - INFO - Validando complemento: ['Sala de Imprensa ', 'Sala de Imprensa Galeria de fotos Boletim médico Press', 'Sala 304                     ']
2025-05-22 03:08:54,029 - P17020 - INFO - Limpando texto extenso para campo complement: Sala de Imprensa ...
2025-05-22 03:08:54,029 - P17020 - INFO - Texto limpo: Sala de Imprensa
2025-05-22 03:08:54,029 - P17020 - INFO - Complemento validado: Sala de Imprensa
2025-05-22 03:08:54,029 - P17020 - INFO - Descobrindo cidade
2025-05-22 03:08:54,030 - P17020 - INFO - Buscando cidade: Rua Dona Adma Jafet cidade SP
2025-05-22 03:08:56,736 - P17020 - WARNING - Cidade não encontrada
2025-05-22 03:08:56,736 - P17020 - INFO - Cidade descoberta: 
2025-05-22 03:08:56,737 - P17020 - INFO - Tempo de execução de processamento completo do médico: 83.62 segundos
2025-05-22 03:08:56,737 - P17020 - INFO - Resultado processado: {'Hash': '366d0a13d23edfe8feb113fb0477b10204fac5e5a352c4dde6e5d3192e3d132e', 'CRM': '122544', 'UF': 'SP', 'Firstname': 'LETICIA', 'LastName': 'MARIA SANTORO FRANCO AZEVEDO SOSTER', 'Medical specialty': '', 'Endereco Completo A1': 'Rua Dona Adma Jafet, 115', 'Address A1': 'Rua Dona Adma Jafet', 'Numero A1': '115', 'Complement A1': 'Sala de Imprensa', 'Bairro A1': '', 'postal code A1': '', 'City A1': '', 'State A1': '', 'Phone A1': '11) 3394-0200', 'Phone A2': '', 'Cell phone A1': '', 'Cell phone A2': '', 'E-mail A1': 'adm.renato@assessorize.com.br', 'E-mail A2': '', 'OPT-IN': '', 'STATUS': '', 'LOTE': ''}
2025-05-22 03:08:56,738 - P17020 - INFO - Salvando lote de resultados
2025-05-22 03:08:56,740 - P17020 - INFO - Após salvar resultados Uso de memória: 127.42 MB
2025-05-22 03:08:56,740 - P17020 - INFO - Progresso: 41.2%
2025-05-22 03:08:56,741 - P17020 - INFO - Tempo de execução de processamento do médico 3: 83.62 segundos
2025-05-22 03:08:56,741 - P17020 - INFO - Tempo de execução de processamento do lote completo: 236.34 segundos
