2025-05-22 05:00:38,519 - P15228 - INFO - 
==================================================
Processando médico 1/3
2025-05-22 05:00:38,520 - P15228 - INFO - Nome: BRUNO JOSE BARCELLOS FONTANELLA
2025-05-22 05:00:38,520 - P15228 - INFO - Reiniciando driver do Chrome
2025-05-22 05:00:39,896 - P15228 - INFO - Após reiniciar driver Uso de memória: 128.58 MB
2025-05-22 05:00:39,897 - P15228 - INFO - Início do processamento Uso de memória: 128.58 MB
2025-05-22 05:00:39,897 - P15228 - INFO - Iniciando busca para: BRUNO JOSE BARCELLOS FONTANELLA CRM 54684 SP telefone e-mail endereço
2025-05-22 05:00:40,712 - P15228 - INFO - SearX results: 10 URLs
2025-05-22 05:00:40,712 - P15228 - INFO - Após SearX Uso de memória: 128.58 MB
2025-05-22 05:00:43,330 - P15228 - INFO - Google results: 7 URLs
2025-05-22 05:00:43,330 - P15228 - INFO - Após Google Uso de memória: 129.45 MB
2025-05-22 05:00:45,805 - P15228 - INFO - Bing results: 10 URLs
2025-05-22 05:00:45,805 - P15228 - INFO - Após Bing Uso de memória: 130.24 MB
2025-05-22 05:00:45,806 - P15228 - INFO - Total de URLs únicas: 19
2025-05-22 05:00:45,806 - P15228 - INFO - Processando URL 1/19: https://guiamedico.cremesp.org.br/
2025-05-22 05:00:48,952 - P15228 - INFO - HTML salvo para debug: data\debug_html_v10\7c54969580769b63edd9abaa952e1fa2.html
2025-05-22 05:00:48,960 - P15228 - INFO - Candidates address: 1 items
2025-05-22 05:00:48,960 - P15228 - INFO - Candidates phone: 1 items
2025-05-22 05:00:48,961 - P15228 - INFO - Candidates email: 0 items
2025-05-22 05:00:48,961 - P15228 - INFO - Candidates complement: 0 items
2025-05-22 05:00:48,961 - P15228 - INFO - Candidates cep: 1 items
2025-05-22 05:00:48,961 - P15228 - INFO - Após processar URL 1 Uso de memória: 130.24 MB
2025-05-22 05:00:48,962 - P15228 - INFO - Processando URL 2/19: https://www.plano-de-saude-saopaulo.com.br/convenio-medico-guia/unimed-campinas.pdf
2025-05-22 05:00:48,962 - P15228 - INFO - Ignorando URL de arquivo não-HTML: https://www.plano-de-saude-saopaulo.com.br/convenio-medico-guia/unimed-campinas.pdf
2025-05-22 05:00:48,962 - P15228 - INFO - Após processar URL 2 Uso de memória: 130.24 MB
2025-05-22 05:00:48,963 - P15228 - INFO - Processando URL 3/19: https://www.escavador.com/sobre/633668/bruno-jose-barcellos-fontanella
2025-05-22 05:00:51,874 - P15228 - INFO - HTML salvo para debug: data\debug_html_v10\702a8dd2d348f397df42721a29148365.html
2025-05-22 05:00:51,891 - P15228 - INFO - Candidates address: 0 items
2025-05-22 05:00:51,891 - P15228 - INFO - Candidates phone: 0 items
2025-05-22 05:00:51,891 - P15228 - INFO - Candidates email: 0 items
2025-05-22 05:00:51,891 - P15228 - INFO - Candidates complement: 0 items
2025-05-22 05:00:51,892 - P15228 - INFO - Candidates cep: 0 items
2025-05-22 05:00:51,892 - P15228 - INFO - Após processar URL 3 Uso de memória: 130.25 MB
2025-05-22 05:00:51,892 - P15228 - INFO - Processando URL 4/19: https://bv.fapesp.br/pt/pesquisador/92898/bruno-jose-barcellos-fontanella/
2025-05-22 05:00:56,252 - P15228 - INFO - HTML salvo para debug: data\debug_html_v10\2ecd7fccce1dabf07aba293cfbeed33a.html
2025-05-22 05:00:56,278 - P15228 - INFO - Candidates address: 1 items
2025-05-22 05:00:56,278 - P15228 - INFO - Candidates phone: 0 items
2025-05-22 05:00:56,279 - P15228 - INFO - Candidates email: 0 items
2025-05-22 05:00:56,279 - P15228 - INFO - Candidates complement: 0 items
2025-05-22 05:00:56,279 - P15228 - INFO - Candidates cep: 1 items
2025-05-22 05:00:56,279 - P15228 - INFO - Após processar URL 4 Uso de memória: 130.26 MB
2025-05-22 05:00:56,279 - P15228 - INFO - Processando URL 5/19: https://www.ppgenf.ufscar.br/pt-br/o-programa/docentes-1/bruno_fontanella
2025-05-22 05:01:01,762 - P15228 - INFO - HTML salvo para debug: data\debug_html_v10\deee9fc295c9feb2adbdeec3248f6265.html
2025-05-22 05:01:01,770 - P15228 - INFO - Candidates address: 0 items
2025-05-22 05:01:01,770 - P15228 - INFO - Candidates phone: 1 items
2025-05-22 05:01:01,770 - P15228 - INFO - Candidates email: 2 items
2025-05-22 05:01:01,771 - P15228 - INFO - Candidates complement: 0 items
2025-05-22 05:01:01,771 - P15228 - INFO - Candidates cep: 3 items
2025-05-22 05:01:01,771 - P15228 - INFO - Após processar URL 5 Uso de memória: 130.26 MB
2025-05-22 05:01:01,771 - P15228 - INFO - Processando URL 6/19: https://portal.cfm.org.br/busca-medicos
2025-05-22 05:01:05,841 - P15228 - INFO - HTML salvo para debug: data\debug_html_v10\e28ae84aaa177d1328f3a0d1fb68449f.html
2025-05-22 05:01:05,898 - P15228 - INFO - Candidates address: 0 items
2025-05-22 05:01:05,902 - P15228 - INFO - Candidates phone: 0 items
2025-05-22 05:01:05,902 - P15228 - INFO - Candidates email: 1 items
2025-05-22 05:01:05,903 - P15228 - INFO - Candidates complement: 1 items
2025-05-22 05:01:05,903 - P15228 - INFO - Candidates cep: 1 items
2025-05-22 05:01:05,905 - P15228 - INFO - Após processar URL 6 Uso de memória: 130.26 MB
2025-05-22 05:01:05,917 - P15228 - INFO - Processando URL 7/19: https://www.portaltransparencia.gov.br/pessoa-fisica/busca/lista
2025-05-22 05:01:09,478 - P15228 - INFO - HTML salvo para debug: data\debug_html_v10\e200cdf64b71d4c9248718dd155b3edb.html
2025-05-22 05:01:09,521 - P15228 - INFO - Candidates address: 0 items
2025-05-22 05:01:09,521 - P15228 - INFO - Candidates phone: 0 items
2025-05-22 05:01:09,521 - P15228 - INFO - Candidates email: 0 items
2025-05-22 05:01:09,521 - P15228 - INFO - Candidates complement: 0 items
2025-05-22 05:01:09,522 - P15228 - INFO - Candidates cep: 0 items
2025-05-22 05:01:09,522 - P15228 - INFO - Após processar URL 7 Uso de memória: 130.26 MB
2025-05-22 05:01:09,522 - P15228 - INFO - Processando URL 8/19: https://cadernos.ensp.fiocruz.br/ojs/index.php/csp/article/view/4718
2025-05-22 05:01:13,233 - P15228 - INFO - HTML salvo para debug: data\debug_html_v10\edc74321ee45a7785f25f47b255c798c.html
2025-05-22 05:01:13,247 - P15228 - INFO - Candidates address: 1 items
2025-05-22 05:01:13,247 - P15228 - INFO - Candidates phone: 0 items
2025-05-22 05:01:13,248 - P15228 - INFO - Candidates email: 1 items
2025-05-22 05:01:13,248 - P15228 - INFO - Candidates complement: 0 items
2025-05-22 05:01:13,248 - P15228 - INFO - Candidates cep: 2 items
2025-05-22 05:01:13,248 - P15228 - INFO - Após processar URL 8 Uso de memória: 130.27 MB
2025-05-22 05:01:13,248 - P15228 - INFO - Processando URL 9/19: https://bv.fapesp.br/en/pesquisador/92898/bruno-jose-barcellos-fontanella
2025-05-22 05:01:17,047 - P15228 - INFO - HTML salvo para debug: data\debug_html_v10\d5472c27d496b9437cdbdddb3f33f5ee.html
2025-05-22 05:01:17,078 - P15228 - INFO - Candidates address: 1 items
2025-05-22 05:01:17,079 - P15228 - INFO - Candidates phone: 0 items
2025-05-22 05:01:17,080 - P15228 - INFO - Candidates email: 1 items
2025-05-22 05:01:17,080 - P15228 - INFO - Candidates complement: 0 items
2025-05-22 05:01:17,080 - P15228 - INFO - Candidates cep: 1 items
2025-05-22 05:01:17,081 - P15228 - INFO - Após processar URL 9 Uso de memória: 130.27 MB
2025-05-22 05:01:17,081 - P15228 - INFO - Processando URL 10/19: https://guiasaudebrasil.com.br/profissional/9fdd5c75a7fe0aa5-bruno-jose-barcellos-fontanella
2025-05-22 05:01:22,336 - P15228 - INFO - HTML salvo para debug: data\debug_html_v10\75e4b43416a8a638ea5fbf1137b6eb3f.html
2025-05-22 05:01:22,343 - P15228 - INFO - Candidates address: 0 items
2025-05-22 05:01:22,344 - P15228 - INFO - Candidates phone: 0 items
2025-05-22 05:01:22,344 - P15228 - INFO - Candidates email: 0 items
2025-05-22 05:01:22,344 - P15228 - INFO - Candidates complement: 0 items
2025-05-22 05:01:22,344 - P15228 - INFO - Candidates cep: 1 items
2025-05-22 05:01:22,344 - P15228 - INFO - Após processar URL 10 Uso de memória: 130.27 MB
2025-05-22 05:01:22,344 - P15228 - INFO - Processando URL 11/19: https://www.classemedica.com.br/medico/45598-bruno-jose-barcellos-fontanella.htm
2025-05-22 05:01:28,447 - P15228 - INFO - HTML salvo para debug: data\debug_html_v10\80e6104b2316b97a2333762387316d16.html
2025-05-22 05:01:28,483 - P15228 - INFO - Candidates address: 0 items
2025-05-22 05:01:28,483 - P15228 - INFO - Candidates phone: 0 items
2025-05-22 05:01:28,483 - P15228 - INFO - Candidates email: 0 items
2025-05-22 05:01:28,483 - P15228 - INFO - Candidates complement: 0 items
2025-05-22 05:01:28,483 - P15228 - INFO - Candidates cep: 0 items
2025-05-22 05:01:28,484 - P15228 - INFO - Após processar URL 11 Uso de memória: 131.45 MB
2025-05-22 05:01:28,484 - P15228 - INFO - Processando URL 12/19: https://consultacrm.com.br/
2025-05-22 05:01:30,612 - P15228 - INFO - HTML salvo para debug: data\debug_html_v10\65cadeb91ac3713432c21b535990f440.html
2025-05-22 05:01:30,626 - P15228 - INFO - Candidates address: 0 items
2025-05-22 05:01:30,626 - P15228 - INFO - Candidates phone: 0 items
2025-05-22 05:01:30,626 - P15228 - INFO - Candidates email: 0 items
2025-05-22 05:01:30,627 - P15228 - INFO - Candidates complement: 0 items
2025-05-22 05:01:30,627 - P15228 - INFO - Candidates cep: 0 items
2025-05-22 05:01:30,627 - P15228 - INFO - Após processar URL 12 Uso de memória: 130.26 MB
2025-05-22 05:01:30,627 - P15228 - INFO - Processando URL 13/19: https://www.consultacrm.com.br/index/medicos/uid-98a5615d-f5c5-11ec-9e74-0a4aa568c625/bruno_josa__barcellos_fontanella
2025-05-22 05:01:34,369 - P15228 - INFO - HTML salvo para debug: data\debug_html_v10\e4ae80539ea1c69a42f2f75ce6f28f27.html
2025-05-22 05:01:34,380 - P15228 - INFO - Candidates address: 0 items
2025-05-22 05:01:34,380 - P15228 - INFO - Candidates phone: 0 items
2025-05-22 05:01:34,380 - P15228 - INFO - Candidates email: 0 items
2025-05-22 05:01:34,380 - P15228 - INFO - Candidates complement: 0 items
2025-05-22 05:01:34,381 - P15228 - INFO - Candidates cep: 0 items
2025-05-22 05:01:34,381 - P15228 - INFO - Após processar URL 13 Uso de memória: 130.26 MB
2025-05-22 05:01:34,381 - P15228 - INFO - Processando URL 14/19: https://www.servidores.ufscar.br/spdi/Scriptlattes/DMed-CCBS/membro-0111581000671476.html
2025-05-22 05:01:37,109 - P15228 - INFO - HTML salvo para debug: data\debug_html_v10\3e505bb961149b823faf5e680401487b.html
2025-05-22 05:01:37,167 - P15228 - INFO - Candidates address: 0 items
2025-05-22 05:01:37,167 - P15228 - INFO - Candidates phone: 0 items
2025-05-22 05:01:37,168 - P15228 - INFO - Candidates email: 1 items
2025-05-22 05:01:37,168 - P15228 - INFO - Candidates complement: 1 items
2025-05-22 05:01:37,168 - P15228 - INFO - Candidates cep: 4 items
2025-05-22 05:01:37,168 - P15228 - INFO - Após processar URL 14 Uso de memória: 130.26 MB
2025-05-22 05:01:37,168 - P15228 - INFO - Processando URL 15/19: https://www.anajustra.org.br/arquivos/redecredenciada_unimedtrt2.pdf
2025-05-22 05:01:37,168 - P15228 - INFO - Ignorando URL de arquivo não-HTML: https://www.anajustra.org.br/arquivos/redecredenciada_unimedtrt2.pdf
2025-05-22 05:01:37,169 - P15228 - INFO - Após processar URL 15 Uso de memória: 130.26 MB
2025-05-22 05:01:37,169 - P15228 - INFO - Processando URL 16/19: http://cremesp.org.br/
2025-05-22 05:01:44,241 - P15228 - INFO - HTML salvo para debug: data\debug_html_v10\2a967318246f9658edeb1e0469c871fe.html
2025-05-22 05:01:44,268 - P15228 - INFO - Candidates address: 1 items
2025-05-22 05:01:44,269 - P15228 - INFO - Candidates phone: 1 items
2025-05-22 05:01:44,269 - P15228 - INFO - Candidates email: 0 items
2025-05-22 05:01:44,269 - P15228 - INFO - Candidates complement: 0 items
2025-05-22 05:01:44,270 - P15228 - INFO - Candidates cep: 2 items
2025-05-22 05:01:44,270 - P15228 - INFO - Após processar URL 16 Uso de memória: 130.26 MB
2025-05-22 05:01:44,270 - P15228 - INFO - Processando URL 17/19: https://www.scielo.br/j/pe/a/JXwNwW649DsNBpFb5kZqGyH/
2025-05-22 05:01:47,911 - P15228 - INFO - HTML salvo para debug: data\debug_html_v10\9c4e9d17d9ed72c1072a4e5dc8523620.html
2025-05-22 05:01:47,955 - P15228 - INFO - Candidates address: 10 items
2025-05-22 05:01:47,956 - P15228 - INFO - Candidates phone: 2 items
2025-05-22 05:01:47,956 - P15228 - INFO - Candidates email: 4 items
2025-05-22 05:01:47,956 - P15228 - INFO - Candidates complement: 0 items
2025-05-22 05:01:47,956 - P15228 - INFO - Candidates cep: 2 items
2025-05-22 05:01:47,956 - P15228 - INFO - Após processar URL 17 Uso de memória: 130.26 MB
2025-05-22 05:01:47,957 - P15228 - INFO - Processando URL 18/19: https://orcid.org/0000-0002-1201-2055
2025-05-22 05:01:51,863 - P15228 - INFO - HTML salvo para debug: data\debug_html_v10\36770100eb476ddc07ef816ef7dd32c1.html
2025-05-22 05:01:51,912 - P15228 - INFO - Candidates address: 0 items
2025-05-22 05:01:51,914 - P15228 - INFO - Candidates phone: 0 items
2025-05-22 05:01:51,914 - P15228 - INFO - Candidates email: 0 items
2025-05-22 05:01:51,914 - P15228 - INFO - Candidates complement: 0 items
2025-05-22 05:01:51,915 - P15228 - INFO - Candidates cep: 0 items
2025-05-22 05:01:51,915 - P15228 - INFO - Após processar URL 18 Uso de memória: 130.26 MB
2025-05-22 05:01:51,915 - P15228 - INFO - Processando URL 19/19: https://br.todosnegocios.com/pt/bruno-jose-barcellos-fontanella
2025-05-22 05:01:55,352 - P15228 - INFO - HTML salvo para debug: data\debug_html_v10\2e4385bdd830564d9dc080b1c9fd7911.html
2025-05-22 05:01:55,369 - P15228 - INFO - Candidates address: 0 items
2025-05-22 05:01:55,369 - P15228 - INFO - Candidates phone: 0 items
2025-05-22 05:01:55,369 - P15228 - INFO - Candidates email: 1 items
2025-05-22 05:01:55,369 - P15228 - INFO - Candidates complement: 0 items
2025-05-22 05:01:55,370 - P15228 - INFO - Candidates cep: 3 items
2025-05-22 05:01:55,370 - P15228 - INFO - Após processar URL 19 Uso de memória: 130.26 MB
2025-05-22 05:01:55,370 - P15228 - INFO - Iniciando agregação e ranqueamento
2025-05-22 05:01:55,370 - P15228 - INFO - Ranked address: 13 items
2025-05-22 05:01:55,371 - P15228 - INFO - Ranked phone: 4 items
2025-05-22 05:01:55,371 - P15228 - INFO - Ranked email: 11 items
2025-05-22 05:01:55,371 - P15228 - INFO - Ranked complement: 2 items
2025-05-22 05:01:55,371 - P15228 - INFO - Ranked cep: 16 items
2025-05-22 05:01:55,371 - P15228 - INFO - Após agregação Uso de memória: 130.26 MB
2025-05-22 05:01:55,372 - P15228 - INFO - Validando endereço: ['Rua Frei Caneca, 1282', 'R. Pio XI, 1500', 'Rua Leopoldo Bulhões 1480 Rio de Janeiro RJ |']
2025-05-22 05:01:55,373 - P15228 - INFO - Endereço validado: Rua Frei Caneca, 1282
2025-05-22 05:01:55,373 - P15228 - INFO - Limpando texto extenso para campo address: Rua Frei Caneca, 1282...
2025-05-22 05:01:55,374 - P15228 - INFO - Texto limpo: Rua Frei Caneca, 1282
2025-05-22 05:01:55,374 - P15228 - INFO - Validando telefone: ['(11) 4349-9900', '(16) 3351-8338', '(44) 3011-4502']
2025-05-22 05:01:55,374 - P15228 - INFO - Limpando texto extenso para campo phone: (11) 4349-9900...
2025-05-22 05:01:55,374 - P15228 - INFO - Texto limpo: 11) 4349-9900
2025-05-22 05:01:55,376 - P15228 - INFO - Telefone validado: 11) 4349-9900
2025-05-22 05:01:55,377 - P15228 - INFO - Validando email: ['bruno@ufscar.br', 'ppgenf@ufscar.br', 'cfm@portalmedico.org.br']
2025-05-22 05:01:55,377 - P15228 - INFO - Limpando texto extenso para campo email: bruno@ufscar.br...
2025-05-22 05:01:55,378 - P15228 - INFO - Texto limpo: bruno@ufscar.br
2025-05-22 05:01:55,378 - P15228 - INFO - Email validado: bruno@ufscar.br
2025-05-22 05:01:55,378 - P15228 - INFO - Validando complemento: ['Conjunto D', 'Conjunto de pareceres consubstanciados sobre projetos de p']
2025-05-22 05:01:55,378 - P15228 - INFO - Limpando texto extenso para campo complement: Conjunto D...
2025-05-22 05:01:55,379 - P15228 - INFO - Texto limpo: Conjunto D
2025-05-22 05:01:55,379 - P15228 - INFO - Complemento validado: Conjunto D
2025-05-22 05:01:55,379 - P15228 - INFO - Descobrindo cidade
2025-05-22 05:01:55,379 - P15228 - INFO - Buscando cidade: Rua Frei Caneca cidade SP
2025-05-22 05:01:58,134 - P15228 - WARNING - Cidade não encontrada
2025-05-22 05:01:58,134 - P15228 - INFO - Cidade descoberta: 
2025-05-22 05:01:58,135 - P15228 - INFO - Tempo de execução de processamento completo do médico: 78.24 segundos
2025-05-22 05:01:58,135 - P15228 - INFO - Resultado processado: {'Hash': 'aefb297de801201b0e77163e8cb2b677730c69d2d8b3fb4b8296048d061f399b', 'CRM': '54684', 'UF': 'SP', 'Firstname': 'BRUNO', 'LastName': 'JOSE BARCELLOS FONTANELLA', 'Medical specialty': '', 'Endereco Completo A1': 'Rua Frei Caneca, 1282', 'Address A1': 'Rua Frei Caneca', 'Numero A1': '1282', 'Complement A1': 'Conjunto D', 'Bairro A1': '', 'postal code A1': '', 'City A1': '', 'State A1': '', 'Phone A1': '11) 4349-9900', 'Phone A2': '', 'Cell phone A1': '', 'Cell phone A2': '', 'E-mail A1': 'bruno@ufscar.br', 'E-mail A2': '', 'OPT-IN': '', 'STATUS': '', 'LOTE': ''}
2025-05-22 05:01:58,136 - P15228 - INFO - Progresso: 80.9%
2025-05-22 05:01:58,137 - P15228 - INFO - Executando coleta de lixo
2025-05-22 05:01:58,170 - P15228 - INFO - Após coleta de lixo Uso de memória: 128.55 MB
2025-05-22 05:01:58,171 - P15228 - INFO - Tempo de execução de processamento do médico 1: 79.65 segundos
2025-05-22 05:01:58,171 - P15228 - INFO - 
==================================================
Processando médico 2/3
2025-05-22 05:01:58,171 - P15228 - INFO - Nome: MARCOS ANTONIO NALI
2025-05-22 05:01:58,172 - P15228 - INFO - Início do processamento Uso de memória: 128.55 MB
2025-05-22 05:01:58,173 - P15228 - INFO - Iniciando busca para: MARCOS ANTONIO NALI CRM 57188 SP telefone e-mail endereço
2025-05-22 05:01:59,008 - P15228 - INFO - SearX results: 14 URLs
2025-05-22 05:01:59,009 - P15228 - INFO - Após SearX Uso de memória: 128.55 MB
2025-05-22 05:02:01,954 - P15228 - INFO - Google results: 5 URLs
2025-05-22 05:02:01,955 - P15228 - INFO - Após Google Uso de memória: 128.55 MB
2025-05-22 05:02:04,443 - P15228 - INFO - Bing results: 10 URLs
2025-05-22 05:02:04,443 - P15228 - INFO - Após Bing Uso de memória: 129.39 MB
2025-05-22 05:02:04,443 - P15228 - INFO - Total de URLs únicas: 17
2025-05-22 05:02:04,443 - P15228 - INFO - Processando URL 1/17: https://www.hospitaisipiranga.com.br/corpo-clinico/marco-antonio-nali/
2025-05-22 05:02:09,411 - P15228 - INFO - HTML salvo para debug: data\debug_html_v10\9171f24cad099e10021139fd787c5210.html
2025-05-22 05:02:09,424 - P15228 - INFO - Candidates address: 6 items
2025-05-22 05:02:09,425 - P15228 - INFO - Candidates phone: 1 items
2025-05-22 05:02:09,425 - P15228 - INFO - Candidates email: 0 items
2025-05-22 05:02:09,425 - P15228 - INFO - Candidates complement: 1 items
2025-05-22 05:02:09,426 - P15228 - INFO - Candidates cep: 0 items
2025-05-22 05:02:09,426 - P15228 - INFO - Após processar URL 1 Uso de memória: 129.38 MB
2025-05-22 05:02:09,427 - P15228 - INFO - Processando URL 2/17: https://www.candidomendes.edu.br/wp-content/uploads/2018/08/PDI-Niteroi-2021-2025.pdf
2025-05-22 05:02:09,427 - P15228 - INFO - Ignorando URL de arquivo não-HTML: https://www.candidomendes.edu.br/wp-content/uploads/2018/08/PDI-Niteroi-2021-2025.pdf
2025-05-22 05:02:09,427 - P15228 - INFO - Após processar URL 2 Uso de memória: 129.38 MB
2025-05-22 05:02:09,427 - P15228 - INFO - Processando URL 3/17: https://www.helpsaude.com/Marcos-Antonio-Nali.SP
2025-05-22 05:02:17,455 - P15228 - INFO - HTML salvo para debug: data\debug_html_v10\34d0cd5e95fd2bda3fe10e0972d3279b.html
2025-05-22 05:02:17,481 - P15228 - INFO - Candidates address: 2 items
2025-05-22 05:02:17,481 - P15228 - INFO - Candidates phone: 0 items
2025-05-22 05:02:17,482 - P15228 - INFO - Candidates email: 0 items
2025-05-22 05:02:17,483 - P15228 - INFO - Candidates complement: 0 items
2025-05-22 05:02:17,484 - P15228 - INFO - Candidates cep: 2 items
2025-05-22 05:02:17,484 - P15228 - INFO - Após processar URL 3 Uso de memória: 129.38 MB
2025-05-22 05:02:17,484 - P15228 - INFO - Processando URL 4/17: https://drmarcosnali.com.br/
2025-05-22 05:02:24,293 - P15228 - INFO - HTML salvo para debug: data\debug_html_v10\fcdaa16b8e60de980b89641bef910fc5.html
2025-05-22 05:02:24,324 - P15228 - INFO - Candidates address: 2 items
2025-05-22 05:02:24,325 - P15228 - INFO - Candidates phone: 2 items
2025-05-22 05:02:24,325 - P15228 - INFO - Candidates email: 0 items
2025-05-22 05:02:24,326 - P15228 - INFO - Candidates complement: 0 items
2025-05-22 05:02:24,326 - P15228 - INFO - Candidates cep: 2 items
2025-05-22 05:02:24,326 - P15228 - INFO - Após processar URL 4 Uso de memória: 130.05 MB
2025-05-22 05:02:24,327 - P15228 - INFO - Processando URL 5/17: https://www.candidomendes.edu.br/wp-content/uploads/2018/08/pdi_nit_2021_2025_vf.pdf
2025-05-22 05:02:24,327 - P15228 - INFO - Ignorando URL de arquivo não-HTML: https://www.candidomendes.edu.br/wp-content/uploads/2018/08/pdi_nit_2021_2025_vf.pdf
2025-05-22 05:02:24,327 - P15228 - INFO - Após processar URL 5 Uso de memória: 129.16 MB
2025-05-22 05:02:24,328 - P15228 - INFO - Processando URL 6/17: https://www.planodesaudesp.net/perfil/marcos_antonio_nali--2736505
2025-05-22 05:02:29,310 - P15228 - INFO - HTML salvo para debug: data\debug_html_v10\a660cd794b19c97856f22fb9838eb725.html
2025-05-22 05:02:29,323 - P15228 - INFO - Candidates address: 4 items
2025-05-22 05:02:29,324 - P15228 - INFO - Candidates phone: 1 items
2025-05-22 05:02:29,324 - P15228 - INFO - Candidates email: 0 items
2025-05-22 05:02:29,324 - P15228 - INFO - Candidates complement: 0 items
2025-05-22 05:02:29,324 - P15228 - INFO - Candidates cep: 0 items
2025-05-22 05:02:29,325 - P15228 - INFO - Após processar URL 6 Uso de memória: 129.16 MB
2025-05-22 05:02:29,325 - P15228 - INFO - Processando URL 7/17: https://pesquisa.apps.tcu.gov.br/documento/ata-sessao/Portaria%2520segecex%252024%252F2023/%2520/DTRELEVANCIA%2520desc/15
2025-05-22 05:02:33,382 - P15228 - INFO - HTML salvo para debug: data\debug_html_v10\593254db5e8179448a4ae4f16bea7ae4.html
2025-05-22 05:02:34,290 - P15228 - INFO - Candidates address: 1 items
2025-05-22 05:02:34,323 - P15228 - INFO - Candidates phone: 0 items
2025-05-22 05:02:34,352 - P15228 - INFO - Candidates email: 0 items
2025-05-22 05:02:34,379 - P15228 - INFO - Candidates complement: 4 items
2025-05-22 05:02:34,381 - P15228 - INFO - Candidates cep: 10 items
2025-05-22 05:02:34,390 - P15228 - INFO - Após processar URL 7 Uso de memória: 125.17 MB
2025-05-22 05:02:34,393 - P15228 - INFO - Processando URL 8/17: https://www.imot.com.br/equipe
2025-05-22 05:02:37,223 - P15228 - INFO - HTML salvo para debug: data\debug_html_v10\292414560876be4c8a6ba28b968fa0a9.html
2025-05-22 05:02:37,252 - P15228 - INFO - Candidates address: 2 items
2025-05-22 05:02:37,252 - P15228 - INFO - Candidates phone: 0 items
2025-05-22 05:02:37,252 - P15228 - INFO - Candidates email: 0 items
2025-05-22 05:02:37,252 - P15228 - INFO - Candidates complement: 0 items
2025-05-22 05:02:37,253 - P15228 - INFO - Candidates cep: 2 items
2025-05-22 05:02:37,253 - P15228 - INFO - Após processar URL 8 Uso de memória: 126.78 MB
2025-05-22 05:02:37,253 - P15228 - INFO - Processando URL 9/17: https://www.imot.com.br/dr-marcos-antonio-nali
2025-05-22 05:02:39,635 - P15228 - INFO - HTML salvo para debug: data\debug_html_v10\48a1eb2d073e14af72095e62ab525d2d.html
2025-05-22 05:02:39,661 - P15228 - INFO - Candidates address: 2 items
2025-05-22 05:02:39,662 - P15228 - INFO - Candidates phone: 0 items
2025-05-22 05:02:39,663 - P15228 - INFO - Candidates email: 0 items
2025-05-22 05:02:39,664 - P15228 - INFO - Candidates complement: 0 items
2025-05-22 05:02:39,665 - P15228 - INFO - Candidates cep: 2 items
2025-05-22 05:02:39,665 - P15228 - INFO - Após processar URL 9 Uso de memória: 126.76 MB
2025-05-22 05:02:39,665 - P15228 - INFO - Processando URL 10/17: https://consultacrm.com.br/
2025-05-22 05:02:42,966 - P15228 - INFO - HTML salvo para debug: data\debug_html_v10\65cadeb91ac3713432c21b535990f440.html
2025-05-22 05:02:42,978 - P15228 - INFO - Candidates address: 0 items
2025-05-22 05:02:42,978 - P15228 - INFO - Candidates phone: 0 items
2025-05-22 05:02:42,979 - P15228 - INFO - Candidates email: 0 items
2025-05-22 05:02:42,980 - P15228 - INFO - Candidates complement: 0 items
2025-05-22 05:02:42,980 - P15228 - INFO - Candidates cep: 0 items
2025-05-22 05:02:42,981 - P15228 - INFO - Após processar URL 10 Uso de memória: 127.25 MB
2025-05-22 05:02:42,982 - P15228 - INFO - Processando URL 11/17: https://www.medicosbrasil.com/profissional/marcos-antonio-nali
2025-05-22 05:02:50,511 - P15228 - INFO - HTML salvo para debug: data\debug_html_v10\c001ff5554951df155bc92cee7469d54.html
2025-05-22 05:02:50,535 - P15228 - INFO - Candidates address: 0 items
2025-05-22 05:02:50,536 - P15228 - INFO - Candidates phone: 0 items
2025-05-22 05:02:50,536 - P15228 - INFO - Candidates email: 0 items
2025-05-22 05:02:50,537 - P15228 - INFO - Candidates complement: 0 items
2025-05-22 05:02:50,537 - P15228 - INFO - Candidates cep: 0 items
2025-05-22 05:02:50,538 - P15228 - INFO - Após processar URL 11 Uso de memória: 127.83 MB
2025-05-22 05:02:50,538 - P15228 - INFO - Processando URL 12/17: https://doutorcrm.com/marcos-antonio-nali
2025-05-22 05:02:55,120 - P15228 - INFO - HTML salvo para debug: data\debug_html_v10\471f283eda50b1bb6808074b21e5ea18.html
2025-05-22 05:02:55,127 - P15228 - INFO - Candidates address: 0 items
2025-05-22 05:02:55,127 - P15228 - INFO - Candidates phone: 0 items
2025-05-22 05:02:55,128 - P15228 - INFO - Candidates email: 0 items
2025-05-22 05:02:55,128 - P15228 - INFO - Candidates complement: 0 items
2025-05-22 05:02:55,129 - P15228 - INFO - Candidates cep: 0 items
2025-05-22 05:02:55,130 - P15228 - INFO - Após processar URL 12 Uso de memória: 128.02 MB
2025-05-22 05:02:55,130 - P15228 - INFO - Processando URL 13/17: https://cliniguia.com/profissionais/marcos-antonio-nali-980016003055842/
2025-05-22 05:03:00,737 - P15228 - INFO - HTML salvo para debug: data\debug_html_v10\c80878bedad2f280bac2219d9e0c5198.html
2025-05-22 05:03:00,791 - P15228 - INFO - Candidates address: 0 items
2025-05-22 05:03:00,797 - P15228 - INFO - Candidates phone: 0 items
2025-05-22 05:03:00,797 - P15228 - INFO - Candidates email: 0 items
2025-05-22 05:03:00,802 - P15228 - INFO - Candidates complement: 0 items
2025-05-22 05:03:00,804 - P15228 - INFO - Candidates cep: 0 items
2025-05-22 05:03:00,805 - P15228 - INFO - Após processar URL 13 Uso de memória: 129.30 MB
2025-05-22 05:03:00,806 - P15228 - INFO - Processando URL 14/17: https://www.catalogo.med.br/doutor/marcos-antonio-nali-1656528.htm
2025-05-22 05:03:02,992 - P15228 - INFO - HTML salvo para debug: data\debug_html_v10\5a20f7095fba89c394d19c32b588bbf2.html
2025-05-22 05:03:02,993 - P15228 - INFO - Candidates address: 0 items
2025-05-22 05:03:02,993 - P15228 - INFO - Candidates phone: 0 items
2025-05-22 05:03:02,993 - P15228 - INFO - Candidates email: 1 items
2025-05-22 05:03:02,994 - P15228 - INFO - Candidates complement: 0 items
2025-05-22 05:03:02,994 - P15228 - INFO - Candidates cep: 0 items
2025-05-22 05:03:02,994 - P15228 - INFO - Após processar URL 14 Uso de memória: 128.19 MB
2025-05-22 05:03:02,995 - P15228 - INFO - Processando URL 15/17: https://www.boaconsulta.com/especialista/marcos-antonio-nali-6106f5f0a2e00a780e002203
2025-05-22 05:03:05,155 - P15228 - INFO - HTML salvo para debug: data\debug_html_v10\d7f5d2453f4857d1e2cadca9468aad9a.html
2025-05-22 05:03:05,215 - P15228 - INFO - Candidates address: 0 items
2025-05-22 05:03:05,215 - P15228 - INFO - Candidates phone: 0 items
2025-05-22 05:03:05,215 - P15228 - INFO - Candidates email: 0 items
2025-05-22 05:03:05,216 - P15228 - INFO - Candidates complement: 0 items
2025-05-22 05:03:05,216 - P15228 - INFO - Candidates cep: 0 items
2025-05-22 05:03:05,216 - P15228 - INFO - Após processar URL 15 Uso de memória: 128.29 MB
2025-05-22 05:03:05,216 - P15228 - INFO - Processando URL 16/17: https://www.medicossp.com.br/detalhes?guia-medico=Urologia&cidade=Mogi%20das%20Cruzes&id_empresa=4772
2025-05-22 05:03:08,486 - P15228 - INFO - HTML salvo para debug: data\debug_html_v10\8d804dd14425a8934c8b8672e2a5387b.html
2025-05-22 05:03:08,510 - P15228 - INFO - Candidates address: 0 items
2025-05-22 05:03:08,511 - P15228 - INFO - Candidates phone: 0 items
2025-05-22 05:03:08,513 - P15228 - INFO - Candidates email: 0 items
2025-05-22 05:03:08,514 - P15228 - INFO - Candidates complement: 0 items
2025-05-22 05:03:08,514 - P15228 - INFO - Candidates cep: 2 items
2025-05-22 05:03:08,515 - P15228 - INFO - Após processar URL 16 Uso de memória: 128.29 MB
2025-05-22 05:03:08,515 - P15228 - INFO - Processando URL 17/17: https://pesquisa.apps.tcu.gov.br/documento/ata-sessao/%2522transfer%25C3%25AAncia%2520de%2520conhecimento%2522.ACORDAO%2520/%2520/DTRELEVANCIA%2520desc/13
2025-05-22 05:03:11,927 - P15228 - INFO - HTML salvo para debug: data\debug_html_v10\957f8f8f24c347a4222ed400fb237e2b.html
2025-05-22 05:03:12,565 - P15228 - INFO - Candidates address: 1 items
2025-05-22 05:03:12,565 - P15228 - INFO - Candidates phone: 0 items
2025-05-22 05:03:12,565 - P15228 - INFO - Candidates email: 0 items
2025-05-22 05:03:12,566 - P15228 - INFO - Candidates complement: 4 items
2025-05-22 05:03:12,566 - P15228 - INFO - Candidates cep: 10 items
2025-05-22 05:03:12,566 - P15228 - INFO - Após processar URL 17 Uso de memória: 131.80 MB
2025-05-22 05:03:12,566 - P15228 - INFO - Iniciando agregação e ranqueamento
2025-05-22 05:03:12,567 - P15228 - INFO - Ranked address: 16 items
2025-05-22 05:03:12,567 - P15228 - INFO - Ranked phone: 4 items
2025-05-22 05:03:12,567 - P15228 - INFO - Ranked email: 1 items
2025-05-22 05:03:12,567 - P15228 - INFO - Ranked complement: 5 items
2025-05-22 05:03:12,567 - P15228 - INFO - Ranked cep: 15 items
2025-05-22 05:03:12,567 - P15228 - INFO - Após agregação Uso de memória: 131.80 MB
2025-05-22 05:03:12,567 - P15228 - INFO - Validando endereço: ['Rua Otto Unger, 433', 'R. PRESCRIÇÃO SOB A MODALIDADE RETROATIVA E INTERCORRENTE. DENEGAÇÃO.  3', 'R. Otto Unger, 433']
2025-05-22 05:03:12,568 - P15228 - INFO - Endereço validado: Rua Otto Unger, 433
2025-05-22 05:03:12,568 - P15228 - INFO - Limpando texto extenso para campo address: Rua Otto Unger, 433...
2025-05-22 05:03:12,568 - P15228 - INFO - Texto limpo: Rua Otto Unger, 433
2025-05-22 05:03:12,568 - P15228 - INFO - Validando telefone: ['(11) 3004-3651', '(11) 4728-3420', '(11) 4741-3333']
2025-05-22 05:03:12,568 - P15228 - INFO - Limpando texto extenso para campo phone: (11) 3004-3651...
2025-05-22 05:03:12,568 - P15228 - INFO - Texto limpo: 11) 3004-3651
2025-05-22 05:03:12,569 - P15228 - INFO - Telefone validado: 11) 3004-3651
2025-05-22 05:03:12,569 - P15228 - INFO - Validando email: ['webmaster@catalogo.med.br']
2025-05-22 05:03:12,569 - P15228 - INFO - Limpando texto extenso para campo email: webmaster@catalogo.med.br...
2025-05-22 05:03:12,569 - P15228 - INFO - Texto limpo: webmaster@catalogo.med.br
2025-05-22 05:03:12,569 - P15228 - INFO - Email validado: webmaster@catalogo.med.br
2025-05-22 05:03:12,569 - P15228 - INFO - Validando complemento: ['Sala de Conferências. ', 'Sala das Sessões Ministro Luciano Brandão Alves de Sou', 'Sala de Conferências']
2025-05-22 05:03:12,569 - P15228 - INFO - Limpando texto extenso para campo complement: Sala de Conferências. ...
2025-05-22 05:03:12,570 - P15228 - INFO - Texto limpo: Sala de Conferências.
2025-05-22 05:03:12,570 - P15228 - INFO - Complemento validado: Sala de Conferências.
2025-05-22 05:03:12,570 - P15228 - INFO - Descobrindo cidade
2025-05-22 05:03:12,570 - P15228 - INFO - Buscando cidade: Rua Otto Unger cidade SP
2025-05-22 05:03:15,210 - P15228 - WARNING - Cidade não encontrada
2025-05-22 05:03:15,210 - P15228 - INFO - Cidade descoberta: 
2025-05-22 05:03:15,210 - P15228 - INFO - Tempo de execução de processamento completo do médico: 77.04 segundos
2025-05-22 05:03:15,211 - P15228 - INFO - Resultado processado: {'Hash': 'd36ad9381ec4753232e44bf9d9de4b15fd3a1e874ba303179c54553eadefb2c9', 'CRM': '57188', 'UF': 'SP', 'Firstname': 'MARCOS', 'LastName': 'ANTONIO NALI', 'Medical specialty': '', 'Endereco Completo A1': 'Rua Otto Unger, 433', 'Address A1': 'Rua Otto Unger', 'Numero A1': '433', 'Complement A1': 'Sala de Conferências.', 'Bairro A1': '', 'postal code A1': '', 'City A1': '', 'State A1': '', 'Phone A1': '11) 3004-3651', 'Phone A2': '', 'Cell phone A1': '', 'Cell phone A2': '', 'E-mail A1': 'webmaster@catalogo.med.br', 'E-mail A2': '', 'OPT-IN': '', 'STATUS': '', 'LOTE': ''}
2025-05-22 05:03:15,212 - P15228 - INFO - Progresso: 81.3%
2025-05-22 05:03:15,212 - P15228 - INFO - Tempo de execução de processamento do médico 2: 77.04 segundos
2025-05-22 05:03:15,212 - P15228 - INFO - 
==================================================
Processando médico 3/3
2025-05-22 05:03:15,212 - P15228 - INFO - Nome: SIMONE MARIA DE MOURA WOLTMANN
2025-05-22 05:03:15,213 - P15228 - INFO - Início do processamento Uso de memória: 127.53 MB
2025-05-22 05:03:15,213 - P15228 - INFO - Iniciando busca para: SIMONE MARIA DE MOURA WOLTMANN CRM 58245 SP telefone e-mail endereço
2025-05-22 05:03:15,967 - P15228 - INFO - SearX results: 10 URLs
2025-05-22 05:03:15,980 - P15228 - INFO - Após SearX Uso de memória: 127.53 MB
2025-05-22 05:03:18,460 - P15228 - INFO - Google results: 1 URLs
2025-05-22 05:03:18,460 - P15228 - INFO - Após Google Uso de memória: 127.54 MB
2025-05-22 05:03:20,981 - P15228 - INFO - Bing results: 10 URLs
2025-05-22 05:03:20,981 - P15228 - INFO - Após Bing Uso de memória: 127.84 MB
2025-05-22 05:03:20,983 - P15228 - INFO - Total de URLs únicas: 12
2025-05-22 05:03:20,983 - P15228 - INFO - Processando URL 1/12: https://www.classemedica.com.br/medico/314893-simone-maria-de-moura-woltmann.htm
2025-05-22 05:03:25,278 - P15228 - INFO - HTML salvo para debug: data\debug_html_v10\51f92018b9617ea83f849b443aee7a21.html
2025-05-22 05:03:25,308 - P15228 - INFO - Candidates address: 0 items
2025-05-22 05:03:25,308 - P15228 - INFO - Candidates phone: 0 items
2025-05-22 05:03:25,308 - P15228 - INFO - Candidates email: 0 items
2025-05-22 05:03:25,308 - P15228 - INFO - Candidates complement: 0 items
2025-05-22 05:03:25,308 - P15228 - INFO - Candidates cep: 0 items
2025-05-22 05:03:25,309 - P15228 - INFO - Após processar URL 1 Uso de memória: 128.03 MB
2025-05-22 05:03:25,309 - P15228 - INFO - Processando URL 2/12: https://www.doklist.com.br/dok/74567/
2025-05-22 05:03:31,439 - P15228 - INFO - HTML salvo para debug: data\debug_html_v10\2371a9a37bef5290816674b5bcfce9b7.html
2025-05-22 05:03:31,452 - P15228 - INFO - Candidates address: 1 items
2025-05-22 05:03:31,452 - P15228 - INFO - Candidates phone: 1 items
2025-05-22 05:03:31,452 - P15228 - INFO - Candidates email: 1 items
2025-05-22 05:03:31,452 - P15228 - INFO - Candidates complement: 0 items
2025-05-22 05:03:31,452 - P15228 - INFO - Candidates cep: 1 items
2025-05-22 05:03:31,453 - P15228 - INFO - Após processar URL 2 Uso de memória: 128.09 MB
2025-05-22 05:03:31,453 - P15228 - INFO - Processando URL 3/12: https://guiamedico.cremesp.org.br/
2025-05-22 05:03:34,196 - P15228 - INFO - HTML salvo para debug: data\debug_html_v10\7c54969580769b63edd9abaa952e1fa2.html
2025-05-22 05:03:34,207 - P15228 - INFO - Candidates address: 1 items
2025-05-22 05:03:34,207 - P15228 - INFO - Candidates phone: 1 items
2025-05-22 05:03:34,208 - P15228 - INFO - Candidates email: 0 items
2025-05-22 05:03:34,208 - P15228 - INFO - Candidates complement: 0 items
2025-05-22 05:03:34,208 - P15228 - INFO - Candidates cep: 1 items
2025-05-22 05:03:34,208 - P15228 - INFO - Após processar URL 3 Uso de memória: 128.09 MB
2025-05-22 05:03:34,208 - P15228 - INFO - Processando URL 4/12: https://consultacrm.com.br/
2025-05-22 05:03:37,285 - P15228 - INFO - HTML salvo para debug: data\debug_html_v10\65cadeb91ac3713432c21b535990f440.html
2025-05-22 05:03:37,298 - P15228 - INFO - Candidates address: 0 items
2025-05-22 05:03:37,298 - P15228 - INFO - Candidates phone: 0 items
2025-05-22 05:03:37,298 - P15228 - INFO - Candidates email: 0 items
2025-05-22 05:03:37,298 - P15228 - INFO - Candidates complement: 0 items
2025-05-22 05:03:37,298 - P15228 - INFO - Candidates cep: 0 items
2025-05-22 05:03:37,299 - P15228 - INFO - Após processar URL 4 Uso de memória: 128.11 MB
2025-05-22 05:03:37,299 - P15228 - INFO - Processando URL 5/12: https://www.boaconsulta.com/especialista/simone-maria-de-moura-610594b79b22ae0ff1000beb
2025-05-22 05:03:40,606 - P15228 - INFO - HTML salvo para debug: data\debug_html_v10\8322d1cc397611a3c19795d0d87dc2e9.html
2025-05-22 05:03:40,677 - P15228 - INFO - Candidates address: 1 items
2025-05-22 05:03:40,677 - P15228 - INFO - Candidates phone: 0 items
2025-05-22 05:03:40,677 - P15228 - INFO - Candidates email: 0 items
2025-05-22 05:03:40,678 - P15228 - INFO - Candidates complement: 0 items
2025-05-22 05:03:40,678 - P15228 - INFO - Candidates cep: 0 items
2025-05-22 05:03:40,678 - P15228 - INFO - Após processar URL 5 Uso de memória: 128.88 MB
2025-05-22 05:03:40,678 - P15228 - INFO - Processando URL 6/12: https://guiasaudebrasil.com.br/unidade/rio-grande-do-sul/santa-maria/5033128-consultorio-medico-simone-maria-de-moura/profissionais/medico-gastroenterologista
2025-05-22 05:03:47,369 - P15228 - INFO - HTML salvo para debug: data\debug_html_v10\83182007339f856ab6aaf1a163f87301.html
2025-05-22 05:03:47,377 - P15228 - INFO - Candidates address: 1 items
2025-05-22 05:03:47,378 - P15228 - INFO - Candidates phone: 1 items
2025-05-22 05:03:47,378 - P15228 - INFO - Candidates email: 0 items
2025-05-22 05:03:47,378 - P15228 - INFO - Candidates complement: 0 items
2025-05-22 05:03:47,378 - P15228 - INFO - Candidates cep: 1 items
2025-05-22 05:03:47,378 - P15228 - INFO - Após processar URL 6 Uso de memória: 127.47 MB
2025-05-22 05:03:47,378 - P15228 - INFO - Processando URL 7/12: https://www.catalogo.med.br/doutor/simone-maria-de-moura-woltmann-1558552.htm
2025-05-22 05:03:49,516 - P15228 - INFO - HTML salvo para debug: data\debug_html_v10\f252ec9497adafde8c4d1ba22a330e68.html
2025-05-22 05:03:49,516 - P15228 - INFO - Candidates address: 0 items
2025-05-22 05:03:49,517 - P15228 - INFO - Candidates phone: 0 items
2025-05-22 05:03:49,517 - P15228 - INFO - Candidates email: 1 items
2025-05-22 05:03:49,518 - P15228 - INFO - Candidates complement: 0 items
2025-05-22 05:03:49,518 - P15228 - INFO - Candidates cep: 0 items
2025-05-22 05:03:49,518 - P15228 - INFO - Após processar URL 7 Uso de memória: 127.47 MB
2025-05-22 05:03:49,519 - P15228 - INFO - Processando URL 8/12: https://cnpj.biz/08781013000157
2025-05-22 05:03:51,750 - P15228 - INFO - HTML salvo para debug: data\debug_html_v10\aae892e4cac7afd8d53da955fe728c1d.html
2025-05-22 05:03:51,764 - P15228 - INFO - Candidates address: 0 items
2025-05-22 05:03:51,765 - P15228 - INFO - Candidates phone: 1 items
2025-05-22 05:03:51,766 - P15228 - INFO - Candidates email: 1 items
2025-05-22 05:03:51,766 - P15228 - INFO - Candidates complement: 0 items
2025-05-22 05:03:51,767 - P15228 - INFO - Candidates cep: 1 items
2025-05-22 05:03:51,767 - P15228 - INFO - Após processar URL 8 Uso de memória: 127.47 MB
2025-05-22 05:03:51,768 - P15228 - INFO - Processando URL 9/12: https://www.doctoralia.com.br/simone-maria-de-moura-woltmann/gastroenterologista/santa-maria
2025-05-22 05:03:51,768 - P15228 - INFO - Ignorando URL de arquivo não-HTML: https://www.doctoralia.com.br/simone-maria-de-moura-woltmann/gastroenterologista/santa-maria
2025-05-22 05:03:51,768 - P15228 - INFO - Após processar URL 9 Uso de memória: 127.47 MB
2025-05-22 05:03:51,769 - P15228 - INFO - Processando URL 10/12: https://www.helpsaude.com/Simone-Maria-de-Moura-Woltmann.SP
2025-05-22 05:03:54,757 - P15228 - INFO - HTML salvo para debug: data\debug_html_v10\4136442763eb7860c7324305331ac447.html
2025-05-22 05:03:54,771 - P15228 - INFO - Candidates address: 0 items
2025-05-22 05:03:54,772 - P15228 - INFO - Candidates phone: 0 items
2025-05-22 05:03:54,772 - P15228 - INFO - Candidates email: 0 items
2025-05-22 05:03:54,772 - P15228 - INFO - Candidates complement: 0 items
2025-05-22 05:03:54,772 - P15228 - INFO - Candidates cep: 1 items
2025-05-22 05:03:54,773 - P15228 - INFO - Após processar URL 10 Uso de memória: 127.47 MB
2025-05-22 05:03:54,773 - P15228 - INFO - Processando URL 11/12: https://www.portaltransparencia.gov.br/pessoa-fisica/busca/lista
2025-05-22 05:03:58,259 - P15228 - INFO - HTML salvo para debug: data\debug_html_v10\e200cdf64b71d4c9248718dd155b3edb.html
2025-05-22 05:03:58,364 - P15228 - INFO - Candidates address: 0 items
2025-05-22 05:03:58,364 - P15228 - INFO - Candidates phone: 0 items
2025-05-22 05:03:58,364 - P15228 - INFO - Candidates email: 0 items
2025-05-22 05:03:58,365 - P15228 - INFO - Candidates complement: 0 items
2025-05-22 05:03:58,365 - P15228 - INFO - Candidates cep: 0 items
2025-05-22 05:03:58,365 - P15228 - INFO - Após processar URL 11 Uso de memória: 127.51 MB
2025-05-22 05:03:58,365 - P15228 - INFO - Processando URL 12/12: https://www.doctoralia.com.br/gastroenterologista/santa-maria-rs?page=2
2025-05-22 05:03:58,365 - P15228 - INFO - Ignorando URL de arquivo não-HTML: https://www.doctoralia.com.br/gastroenterologista/santa-maria-rs?page=2
2025-05-22 05:03:58,365 - P15228 - INFO - Após processar URL 12 Uso de memória: 127.51 MB
2025-05-22 05:03:58,365 - P15228 - INFO - Iniciando agregação e ranqueamento
2025-05-22 05:03:58,366 - P15228 - INFO - Ranked address: 4 items
2025-05-22 05:03:58,366 - P15228 - INFO - Ranked phone: 4 items
2025-05-22 05:03:58,366 - P15228 - INFO - Ranked email: 3 items
2025-05-22 05:03:58,366 - P15228 - INFO - Ranked complement: 0 items
2025-05-22 05:03:58,366 - P15228 - INFO - Ranked cep: 5 items
2025-05-22 05:03:58,366 - P15228 - INFO - Após agregação Uso de memória: 127.51 MB
2025-05-22 05:03:58,366 - P15228 - INFO - Validando endereço: ['Rua Venancio Aires, 1078', 'Rua Frei Caneca, 1282', 'Rua Tuiuti, 1026']
2025-05-22 05:03:58,367 - P15228 - INFO - Endereço validado: Rua Venancio Aires, 1078
2025-05-22 05:03:58,367 - P15228 - INFO - Limpando texto extenso para campo address: Rua Venancio Aires, 1078...
2025-05-22 05:03:58,367 - P15228 - INFO - Texto limpo: Rua Venancio Aires, 1078
2025-05-22 05:03:58,367 - P15228 - INFO - Validando telefone: ['(55) 3028-7400', '(11) 4349-9900', '(55) 3223.206']
2025-05-22 05:03:58,367 - P15228 - INFO - Limpando texto extenso para campo phone: (55) 3028-7400...
2025-05-22 05:03:58,367 - P15228 - INFO - Texto limpo: 55) 3028-7400
2025-05-22 05:03:58,367 - P15228 - INFO - Telefone validado: 55) 3028-7400
2025-05-22 05:03:58,367 - P15228 - INFO - Validando email: ['info@doklist.com.br', 'webmaster@catalogo.med.br', 'coppicon@terra.com.br']
2025-05-22 05:03:58,368 - P15228 - INFO - Limpando texto extenso para campo email: info@doklist.com.br...
2025-05-22 05:03:58,368 - P15228 - INFO - Texto limpo: info@doklist.com.br
2025-05-22 05:03:58,368 - P15228 - INFO - Email validado: info@doklist.com.br
2025-05-22 05:03:58,368 - P15228 - INFO - Descobrindo cidade
2025-05-22 05:03:58,368 - P15228 - INFO - Buscando cidade: Rua Venancio Aires cidade SP
2025-05-22 05:04:01,030 - P15228 - INFO - Cidade encontrada: São Paulo
2025-05-22 05:04:01,032 - P15228 - INFO - Limpando texto extenso para campo city: São Paulo...
2025-05-22 05:04:01,032 - P15228 - INFO - Texto limpo: São Paulo
2025-05-22 05:04:01,032 - P15228 - INFO - Cidade descoberta: São Paulo
2025-05-22 05:04:01,033 - P15228 - INFO - Buscando CEP com sistema de cascata
2025-05-22 05:04:01,034 - P15228 - INFO - Iniciando busca de CEP em cascata para: Rua Venancio Aires, São Paulo, SP
2025-05-22 05:04:01,034 - P15228 - INFO - Método 1: ViaCEP API
2025-05-22 05:04:01,036 - P15228 - INFO - Buscando no ViaCEP: https://viacep.com.br/ws/SP/sao%20paulo/rua%20venancio%20aires/json/
2025-05-22 05:04:01,835 - P15228 - INFO - Dados encontrados no ViaCEP: {'cep': '05024-030', 'logradouro': 'Rua Venâncio Aires', 'complemento': '', 'unidade': '', 'bairro': 'Vila Pompéia', 'localidade': 'São Paulo', 'uf': 'SP', 'estado': 'São Paulo', 'regiao': 'Sudeste', 'ibge': '3550308', 'gia': '1004', 'ddd': '11', 'siafi': '7107'}
2025-05-22 05:04:01,838 - P15228 - INFO - CEP encontrado via ViaCEP: 05024-030
2025-05-22 05:04:01,838 - P15228 - INFO - Dados de CEP encontrados: {'cep': '05024-030', 'logradouro': 'Rua Venâncio Aires', 'complemento': '', 'unidade': '', 'bairro': 'Vila Pompéia', 'localidade': 'São Paulo', 'uf': 'SP', 'estado': 'São Paulo', 'regiao': 'Sudeste', 'ibge': '3550308', 'gia': '1004', 'ddd': '11', 'siafi': '7107'}
2025-05-22 05:04:01,839 - P15228 - INFO - Limpando texto extenso para campo bairro: Vila Pompéia...
2025-05-22 05:04:01,839 - P15228 - INFO - Texto limpo: Vila Pompéia
2025-05-22 05:04:01,839 - P15228 - INFO - Limpando texto extenso para campo city: São Paulo...
2025-05-22 05:04:01,840 - P15228 - INFO - Texto limpo: São Paulo
2025-05-22 05:04:01,840 - P15228 - INFO - Limpando texto extenso para campo state: SP...
2025-05-22 05:04:01,840 - P15228 - INFO - Texto limpo: SP
2025-05-22 05:04:01,841 - P15228 - INFO - Tempo de execução de processamento completo do médico: 46.63 segundos
2025-05-22 05:04:01,841 - P15228 - INFO - Resultado processado: {'Hash': '3022d2bf1ba14daa7b4a343da464de66c3f5b1150582a80d3f784281aa370474', 'CRM': '58245', 'UF': 'SP', 'Firstname': 'SIMONE', 'LastName': 'MARIA DE MOURA WOLTMANN', 'Medical specialty': '', 'Endereco Completo A1': 'Rua Venancio Aires, 1078', 'Address A1': 'Rua Venancio Aires', 'Numero A1': '1078', 'Complement A1': '', 'Bairro A1': 'Vila Pompéia', 'postal code A1': '05024-030', 'City A1': 'São Paulo', 'State A1': 'SP', 'Phone A1': '55) 3028-7400', 'Phone A2': '', 'Cell phone A1': '', 'Cell phone A2': '', 'E-mail A1': 'info@doklist.com.br', 'E-mail A2': '', 'OPT-IN': '', 'STATUS': '', 'LOTE': ''}
2025-05-22 05:04:01,846 - P15228 - INFO - Salvando lote de resultados
2025-05-22 05:04:01,852 - P15228 - INFO - Após salvar resultados Uso de memória: 127.75 MB
2025-05-22 05:04:01,855 - P15228 - INFO - Progresso: 81.6%
2025-05-22 05:04:01,856 - P15228 - INFO - Tempo de execução de processamento do médico 3: 46.64 segundos
2025-05-22 05:04:01,856 - P15228 - INFO - Tempo de execução de processamento do lote completo: 203.34 segundos
