2025-05-22 02:40:16,091 - P15228 - INFO - 
==================================================
Processando médico 1/3
2025-05-22 02:40:16,092 - P15228 - INFO - Nome: ANA EDUARDA VIEIRA MOERBECK
2025-05-22 02:40:16,092 - P15228 - INFO - Reiniciando driver do Chrome
2025-05-22 02:40:17,444 - P15228 - INFO - Após reiniciar driver Uso de memória: 119.43 MB
2025-05-22 02:40:17,444 - P15228 - INFO - Início do processamento Uso de memória: 119.43 MB
2025-05-22 02:40:17,444 - P15228 - INFO - Iniciando busca para: ANA EDUARDA VIEIRA MOERBECK CRM 12034 RN telefone e-mail endereço
2025-05-22 02:40:18,094 - P15228 - INFO - SearX results: 0 URLs
2025-05-22 02:40:18,094 - P15228 - INFO - Após SearX Uso de memória: 119.43 MB
2025-05-22 02:40:20,887 - P15228 - INFO - Google results: 5 URLs
2025-05-22 02:40:20,888 - P15228 - INFO - Após Google Uso de memória: 120.30 MB
2025-05-22 02:40:23,825 - P15228 - INFO - Bing results: 10 URLs
2025-05-22 02:40:23,825 - P15228 - INFO - Após Bing Uso de memória: 121.86 MB
2025-05-22 02:40:23,825 - P15228 - INFO - Total de URLs únicas: 12
2025-05-22 02:40:23,825 - P15228 - INFO - Processando URL 1/12: https://www.bingplaces.com/DashBoard/Edit?Id=YN7993x13740235041382503209&market=pt-BR&src=SERPICTIT
2025-05-22 02:40:28,037 - P15228 - INFO - HTML salvo para debug: data\debug_html_v10\0a7dab71a379efd8369e2c68dac3ca1b.html
2025-05-22 02:40:28,054 - P15228 - INFO - Candidates address: 1 items
2025-05-22 02:40:28,054 - P15228 - INFO - Candidates phone: 1 items
2025-05-22 02:40:28,054 - P15228 - INFO - Candidates email: 0 items
2025-05-22 02:40:28,055 - P15228 - INFO - Candidates complement: 1 items
2025-05-22 02:40:28,055 - P15228 - INFO - Candidates cep: 2 items
2025-05-22 02:40:28,055 - P15228 - INFO - Após processar URL 1 Uso de memória: 121.86 MB
2025-05-22 02:40:28,055 - P15228 - INFO - Processando URL 2/12: https://www.doctoralia.com.br/ana-eduarda-moerbeck/endocrinologista/joao-pessoa
2025-05-22 02:40:28,055 - P15228 - INFO - Ignorando URL de arquivo não-HTML: https://www.doctoralia.com.br/ana-eduarda-moerbeck/endocrinologista/joao-pessoa
2025-05-22 02:40:28,055 - P15228 - INFO - Após processar URL 2 Uso de memória: 121.86 MB
2025-05-22 02:40:28,055 - P15228 - INFO - Processando URL 3/12: https://consultacrm.com.br/
2025-05-22 02:40:32,349 - P15228 - INFO - HTML salvo para debug: data\debug_html_v10\65cadeb91ac3713432c21b535990f440.html
2025-05-22 02:40:32,363 - P15228 - INFO - Candidates address: 0 items
2025-05-22 02:40:32,363 - P15228 - INFO - Candidates phone: 0 items
2025-05-22 02:40:32,364 - P15228 - INFO - Candidates email: 0 items
2025-05-22 02:40:32,365 - P15228 - INFO - Candidates complement: 0 items
2025-05-22 02:40:32,365 - P15228 - INFO - Candidates cep: 0 items
2025-05-22 02:40:32,366 - P15228 - INFO - Após processar URL 3 Uso de memória: 121.86 MB
2025-05-22 02:40:32,367 - P15228 - INFO - Processando URL 4/12: https://cremern.org.br/busca-medicos
2025-05-22 02:40:36,616 - P15228 - INFO - HTML salvo para debug: data\debug_html_v10\3a3cd24d19dd67d91ecac53a879fe353.html
2025-05-22 02:40:36,652 - P15228 - INFO - Candidates address: 1 items
2025-05-22 02:40:36,652 - P15228 - INFO - Candidates phone: 0 items
2025-05-22 02:40:36,652 - P15228 - INFO - Candidates email: 1 items
2025-05-22 02:40:36,652 - P15228 - INFO - Candidates complement: 0 items
2025-05-22 02:40:36,653 - P15228 - INFO - Candidates cep: 1 items
2025-05-22 02:40:36,653 - P15228 - INFO - Após processar URL 4 Uso de memória: 121.87 MB
2025-05-22 02:40:36,653 - P15228 - INFO - Processando URL 5/12: https://www.bingplaces.com/DashBoard/Edit?Id=YN7993x13740235041382503209&market=pt-BR&src=SERPGB
2025-05-22 02:40:40,087 - P15228 - INFO - HTML salvo para debug: data\debug_html_v10\e60001db81f93a50db18b4bd6bf6bc66.html
2025-05-22 02:40:40,109 - P15228 - INFO - Candidates address: 1 items
2025-05-22 02:40:40,110 - P15228 - INFO - Candidates phone: 1 items
2025-05-22 02:40:40,110 - P15228 - INFO - Candidates email: 0 items
2025-05-22 02:40:40,110 - P15228 - INFO - Candidates complement: 1 items
2025-05-22 02:40:40,110 - P15228 - INFO - Candidates cep: 2 items
2025-05-22 02:40:40,110 - P15228 - INFO - Após processar URL 5 Uso de memória: 115.77 MB
2025-05-22 02:40:40,111 - P15228 - INFO - Processando URL 6/12: https://www.doctoralia.com.br/ana-eduarda-vieira-moerbeck/endocrinologista-medico-clinico-geral/rio-de-janeiro
2025-05-22 02:40:40,111 - P15228 - INFO - Ignorando URL de arquivo não-HTML: https://www.doctoralia.com.br/ana-eduarda-vieira-moerbeck/endocrinologista-medico-clinico-geral/rio-de-janeiro
2025-05-22 02:40:40,111 - P15228 - INFO - Após processar URL 6 Uso de memória: 115.77 MB
2025-05-22 02:40:40,111 - P15228 - INFO - Processando URL 7/12: https://www.escavador.com/sobre/6498452/ana-eduarda-vieira-moerbeck
2025-05-22 02:40:44,502 - P15228 - INFO - HTML salvo para debug: data\debug_html_v10\d180bc2a82ede829cb942c821ded1709.html
2025-05-22 02:40:44,521 - P15228 - INFO - Candidates address: 0 items
2025-05-22 02:40:44,521 - P15228 - INFO - Candidates phone: 0 items
2025-05-22 02:40:44,522 - P15228 - INFO - Candidates email: 0 items
2025-05-22 02:40:44,522 - P15228 - INFO - Candidates complement: 0 items
2025-05-22 02:40:44,522 - P15228 - INFO - Candidates cep: 0 items
2025-05-22 02:40:44,523 - P15228 - INFO - Após processar URL 7 Uso de memória: 117.92 MB
2025-05-22 02:40:44,523 - P15228 - INFO - Processando URL 8/12: https://endocrinoanaeduarda.com.br/diabetes
2025-05-22 02:40:47,145 - P15228 - INFO - HTML salvo para debug: data\debug_html_v10\6200334c5a759ce4c98473bcb32f3c71.html
2025-05-22 02:40:47,200 - P15228 - INFO - Candidates address: 1 items
2025-05-22 02:40:47,200 - P15228 - INFO - Candidates phone: 0 items
2025-05-22 02:40:47,201 - P15228 - INFO - Candidates email: 0 items
2025-05-22 02:40:47,201 - P15228 - INFO - Candidates complement: 1 items
2025-05-22 02:40:47,201 - P15228 - INFO - Candidates cep: 0 items
2025-05-22 02:40:47,201 - P15228 - INFO - Após processar URL 8 Uso de memória: 121.28 MB
2025-05-22 02:40:47,201 - P15228 - INFO - Processando URL 9/12: https://endocrinoanaeduarda.com.br/
2025-05-22 02:40:49,786 - P15228 - INFO - HTML salvo para debug: data\debug_html_v10\ed6f8241bfc8dfecb738a874b84e9cfd.html
2025-05-22 02:40:49,876 - P15228 - INFO - Candidates address: 1 items
2025-05-22 02:40:49,877 - P15228 - INFO - Candidates phone: 0 items
2025-05-22 02:40:49,877 - P15228 - INFO - Candidates email: 0 items
2025-05-22 02:40:49,877 - P15228 - INFO - Candidates complement: 1 items
2025-05-22 02:40:49,877 - P15228 - INFO - Candidates cep: 0 items
2025-05-22 02:40:49,877 - P15228 - INFO - Após processar URL 9 Uso de memória: 122.13 MB
2025-05-22 02:40:49,878 - P15228 - INFO - Processando URL 10/12: https://cnpjrocks.com/cnpj/45220873000148/clinica-de-endocrinologia-dra-ana-eduarda-ltda.html
2025-05-22 02:40:52,461 - P15228 - INFO - HTML salvo para debug: data\debug_html_v10\c4859430d0b21daf7f76df79f6f71fe3.html
2025-05-22 02:40:52,468 - P15228 - INFO - Candidates address: 0 items
2025-05-22 02:40:52,468 - P15228 - INFO - Candidates phone: 1 items
2025-05-22 02:40:52,469 - P15228 - INFO - Candidates email: 1 items
2025-05-22 02:40:52,469 - P15228 - INFO - Candidates complement: 1 items
2025-05-22 02:40:52,469 - P15228 - INFO - Candidates cep: 9 items
2025-05-22 02:40:52,469 - P15228 - INFO - Após processar URL 10 Uso de memória: 121.00 MB
2025-05-22 02:40:52,469 - P15228 - INFO - Processando URL 11/12: https://cadastroempresa.com.br/fornecedor/clinica-de-endocrinologia-dra-ana-eduarda-45220873000148
2025-05-22 02:40:54,975 - P15228 - INFO - HTML salvo para debug: data\debug_html_v10\914510da3804b04d19e2a783b3fb3c5e.html
2025-05-22 02:40:54,997 - P15228 - INFO - Candidates address: 0 items
2025-05-22 02:40:54,997 - P15228 - INFO - Candidates phone: 1 items
2025-05-22 02:40:54,998 - P15228 - INFO - Candidates email: 1 items
2025-05-22 02:40:54,998 - P15228 - INFO - Candidates complement: 1 items
2025-05-22 02:40:54,998 - P15228 - INFO - Candidates cep: 3 items
2025-05-22 02:40:54,998 - P15228 - INFO - Após processar URL 11 Uso de memória: 121.00 MB
2025-05-22 02:40:54,999 - P15228 - INFO - Processando URL 12/12: https://healthplan.com.br/endocrinologistas/joao-pessoa-pb/dra-ana-moerbeck-endocrinologista/
2025-05-22 02:40:57,622 - P15228 - INFO - HTML salvo para debug: data\debug_html_v10\296547bae6d03d94234775b2fd2c68a0.html
2025-05-22 02:40:57,630 - P15228 - INFO - Candidates address: 0 items
2025-05-22 02:40:57,630 - P15228 - INFO - Candidates phone: 0 items
2025-05-22 02:40:57,631 - P15228 - INFO - Candidates email: 0 items
2025-05-22 02:40:57,631 - P15228 - INFO - Candidates complement: 0 items
2025-05-22 02:40:57,631 - P15228 - INFO - Candidates cep: 0 items
2025-05-22 02:40:57,631 - P15228 - INFO - Após processar URL 12 Uso de memória: 121.04 MB
2025-05-22 02:40:57,632 - P15228 - INFO - Iniciando agregação e ranqueamento
2025-05-22 02:40:57,632 - P15228 - INFO - Ranked address: 3 items
2025-05-22 02:40:57,632 - P15228 - INFO - Ranked phone: 3 items
2025-05-22 02:40:57,633 - P15228 - INFO - Ranked email: 2 items
2025-05-22 02:40:57,633 - P15228 - INFO - Ranked complement: 4 items
2025-05-22 02:40:57,633 - P15228 - INFO - Ranked cep: 14 items
2025-05-22 02:40:57,633 - P15228 - INFO - Após agregação Uso de memória: 121.04 MB
2025-05-22 02:40:57,634 - P15228 - INFO - Validando endereço: ['Avenida Governador Flávio Ribeiro Coutinho, 500', 'Av. Gov. Flávio Ribeiro Coutinho, 500', 'Av. Rio Branco, 398']
2025-05-22 02:40:57,634 - P15228 - INFO - Endereço validado: Avenida Governador Flávio Ribeiro Coutinho, 500
2025-05-22 02:40:57,634 - P15228 - INFO - Limpando texto extenso para campo address: Avenida Governador Flávio Ribeiro Coutinho, 500...
2025-05-22 02:40:57,634 - P15228 - INFO - Texto limpo: Avenida Governador Flávio Ribeiro Coutinho, 500
2025-05-22 02:40:57,634 - P15228 - INFO - Validando telefone: ['(83)99405-6262', '(21) 6485-6959', '(21) 96485-6959']
2025-05-22 02:40:57,635 - P15228 - INFO - Limpando texto extenso para campo phone: (83)99405-6262...
2025-05-22 02:40:57,635 - P15228 - INFO - Texto limpo: 83)99405-6262
2025-05-22 02:40:57,635 - P15228 - INFO - Telefone validado: 83)99405-6262
2025-05-22 02:40:57,635 - P15228 - INFO - Validando email: ['anaeduardavm@gmail.com', 'atendimento@cremern.org.br']
2025-05-22 02:40:57,635 - P15228 - INFO - Limpando texto extenso para campo email: anaeduardavm@gmail.com...
2025-05-22 02:40:57,636 - P15228 - INFO - Texto limpo: anaeduardavm@gmail.com
2025-05-22 02:40:57,636 - P15228 - INFO - Email validado: anaeduardavm@gmail.com
2025-05-22 02:40:57,636 - P15228 - INFO - Validando complemento: ['Sala 727', 'Sala 727 – Jardim Oceania', 'Sala 01 Bairro:   Miramar Município:   Joao Pessoa UF:']
2025-05-22 02:40:57,636 - P15228 - INFO - Limpando texto extenso para campo complement: Sala 727...
2025-05-22 02:40:57,636 - P15228 - INFO - Texto limpo: Sala 727
2025-05-22 02:40:57,636 - P15228 - INFO - Complemento validado: Sala 727
2025-05-22 02:40:57,636 - P15228 - INFO - Descobrindo cidade
2025-05-22 02:40:57,637 - P15228 - INFO - Buscando cidade: Avenida Governador Flávio Ribeiro Coutinho cidade RN
2025-05-22 02:41:00,299 - P15228 - WARNING - Cidade não encontrada
2025-05-22 02:41:00,299 - P15228 - INFO - Cidade descoberta: 
2025-05-22 02:41:00,299 - P15228 - INFO - Tempo de execução de processamento completo do médico: 42.86 segundos
2025-05-22 02:41:00,300 - P15228 - INFO - Resultado processado: {'Hash': 'b1d4ad5346b1617c10f17cc65ccf726752c7a8d6e879ac07100ce40b22ee2df4', 'CRM': '12034', 'UF': 'RN', 'Firstname': 'ANA', 'LastName': 'EDUARDA VIEIRA MOERBECK', 'Medical specialty': '', 'Endereco Completo A1': 'Avenida Governador Flávio Ribeiro Coutinho, 500', 'Address A1': 'Avenida Governador Flávio Ribeiro Coutinho', 'Numero A1': '500', 'Complement A1': 'Sala 727', 'Bairro A1': '', 'postal code A1': '', 'City A1': '', 'State A1': '', 'Phone A1': '83)99405-6262', 'Phone A2': '', 'Cell phone A1': '', 'Cell phone A2': '', 'E-mail A1': 'anaeduardavm@gmail.com', 'E-mail A2': '', 'OPT-IN': '', 'STATUS': '', 'LOTE': ''}
2025-05-22 02:41:00,303 - P15228 - INFO - Progresso: 31.4%
2025-05-22 02:41:00,305 - P15228 - INFO - Executando coleta de lixo
2025-05-22 02:41:00,361 - P15228 - INFO - Após coleta de lixo Uso de memória: 111.48 MB
2025-05-22 02:41:00,362 - P15228 - INFO - Tempo de execução de processamento do médico 1: 44.27 segundos
2025-05-22 02:41:00,362 - P15228 - INFO - 
==================================================
Processando médico 2/3
2025-05-22 02:41:00,362 - P15228 - INFO - Nome: HELOISA BRANDAO VIEIRA
2025-05-22 02:41:00,363 - P15228 - INFO - Início do processamento Uso de memória: 111.48 MB
2025-05-22 02:41:00,363 - P15228 - INFO - Iniciando busca para: HELOISA BRANDAO VIEIRA CRM 12394 RN telefone e-mail endereço
2025-05-22 02:41:00,941 - P15228 - INFO - SearX results: 10 URLs
2025-05-22 02:41:00,941 - P15228 - INFO - Após SearX Uso de memória: 111.48 MB
2025-05-22 02:41:03,708 - P15228 - INFO - Google results: 15 URLs
2025-05-22 02:41:03,708 - P15228 - INFO - Após Google Uso de memória: 115.00 MB
2025-05-22 02:41:06,585 - P15228 - INFO - Bing results: 15 URLs
2025-05-22 02:41:06,585 - P15228 - INFO - Após Bing Uso de memória: 118.43 MB
2025-05-22 02:41:06,585 - P15228 - INFO - Total de URLs únicas: 34
2025-05-22 02:41:06,586 - P15228 - INFO - Processando URL 1/34: https://www.sinj.df.gov.br/sinj/Diario/08a6d63a-77f0-3086-b0f0-74fd2cf59f8b/DODF%20192%2008-10-2019%20INTEGRA.pdf
2025-05-22 02:41:06,586 - P15228 - INFO - Ignorando URL de arquivo não-HTML: https://www.sinj.df.gov.br/sinj/Diario/08a6d63a-77f0-3086-b0f0-74fd2cf59f8b/DODF%20192%2008-10-2019%20INTEGRA.pdf
2025-05-22 02:41:06,586 - P15228 - INFO - Após processar URL 1 Uso de memória: 118.43 MB
2025-05-22 02:41:06,586 - P15228 - INFO - Processando URL 2/34: https://diario.tjes.jus.br/2009/20090528.pdf
2025-05-22 02:41:06,586 - P15228 - INFO - Ignorando URL de arquivo não-HTML: https://diario.tjes.jus.br/2009/20090528.pdf
2025-05-22 02:41:06,587 - P15228 - INFO - Após processar URL 2 Uso de memória: 118.43 MB
2025-05-22 02:41:06,587 - P15228 - INFO - Processando URL 3/34: https://www.consultacrm.com.br/index/especialidades
2025-05-22 02:41:11,022 - P15228 - INFO - HTML salvo para debug: data\debug_html_v10\3cb327d5e0f962fa7a1db5a948fb6f40.html
2025-05-22 02:41:11,156 - P15228 - INFO - Candidates address: 0 items
2025-05-22 02:41:11,156 - P15228 - INFO - Candidates phone: 0 items
2025-05-22 02:41:11,156 - P15228 - INFO - Candidates email: 0 items
2025-05-22 02:41:11,156 - P15228 - INFO - Candidates complement: 0 items
2025-05-22 02:41:11,157 - P15228 - INFO - Candidates cep: 0 items
2025-05-22 02:41:11,157 - P15228 - INFO - Após processar URL 3 Uso de memória: 119.13 MB
2025-05-22 02:41:11,157 - P15228 - INFO - Processando URL 4/34: https://osasco.sp.gov.br/site/wp-content/uploads/2017/09/httposasco.sp_.gov_.brcompsec1atosOsasco_1505133317_1.pdf
2025-05-22 02:41:11,157 - P15228 - INFO - Ignorando URL de arquivo não-HTML: https://osasco.sp.gov.br/site/wp-content/uploads/2017/09/httposasco.sp_.gov_.brcompsec1atosOsasco_1505133317_1.pdf
2025-05-22 02:41:11,157 - P15228 - INFO - Após processar URL 4 Uso de memória: 119.13 MB
2025-05-22 02:41:11,158 - P15228 - INFO - Processando URL 5/34: https://www.saosebastiao.sp.gov.br/doem/DOEM_960_20210412.pdf
2025-05-22 02:41:11,158 - P15228 - INFO - Ignorando URL de arquivo não-HTML: https://www.saosebastiao.sp.gov.br/doem/DOEM_960_20210412.pdf
2025-05-22 02:41:11,158 - P15228 - INFO - Após processar URL 5 Uso de memória: 119.13 MB
2025-05-22 02:41:11,159 - P15228 - INFO - Processando URL 6/34: https://www.consultacrm.com.br/index/contato
2025-05-22 02:41:14,366 - P15228 - INFO - HTML salvo para debug: data\debug_html_v10\770622092e11df0ef8d0ed5d383f74a3.html
2025-05-22 02:41:14,376 - P15228 - INFO - Candidates address: 0 items
2025-05-22 02:41:14,377 - P15228 - INFO - Candidates phone: 0 items
2025-05-22 02:41:14,377 - P15228 - INFO - Candidates email: 0 items
2025-05-22 02:41:14,377 - P15228 - INFO - Candidates complement: 0 items
2025-05-22 02:41:14,377 - P15228 - INFO - Candidates cep: 0 items
2025-05-22 02:41:14,378 - P15228 - INFO - Após processar URL 6 Uso de memória: 119.31 MB
2025-05-22 02:41:14,378 - P15228 - INFO - Processando URL 7/34: https://sistemas.trf1.jus.br/edj/bitstream/handle/123/218612/Caderno_JUD_DF_2017-04-10_IX_64.pdf?sequence=2&isAllowed=y
2025-05-22 02:41:14,378 - P15228 - INFO - Ignorando URL de arquivo não-HTML: https://sistemas.trf1.jus.br/edj/bitstream/handle/123/218612/Caderno_JUD_DF_2017-04-10_IX_64.pdf?sequence=2&isAllowed=y
2025-05-22 02:41:14,378 - P15228 - INFO - Após processar URL 7 Uso de memória: 119.31 MB
2025-05-22 02:41:14,379 - P15228 - INFO - Processando URL 8/34: https://www.escavador.com/sobre/251740002/heloisa-brandao-vieira
2025-05-22 02:41:17,390 - P15228 - INFO - HTML salvo para debug: data\debug_html_v10\46b09a4fde7f72e88a13c922d986460c.html
2025-05-22 02:41:17,406 - P15228 - INFO - Candidates address: 0 items
2025-05-22 02:41:17,407 - P15228 - INFO - Candidates phone: 0 items
2025-05-22 02:41:17,407 - P15228 - INFO - Candidates email: 0 items
2025-05-22 02:41:17,407 - P15228 - INFO - Candidates complement: 0 items
2025-05-22 02:41:17,407 - P15228 - INFO - Candidates cep: 0 items
2025-05-22 02:41:17,407 - P15228 - INFO - Após processar URL 8 Uso de memória: 119.72 MB
2025-05-22 02:41:17,408 - P15228 - INFO - Processando URL 9/34: https://www.portaltransparencia.gov.br/pessoa-fisica/busca/lista
2025-05-22 02:41:20,982 - P15228 - INFO - HTML salvo para debug: data\debug_html_v10\e200cdf64b71d4c9248718dd155b3edb.html
2025-05-22 02:41:21,030 - P15228 - INFO - Candidates address: 0 items
2025-05-22 02:41:21,030 - P15228 - INFO - Candidates phone: 0 items
2025-05-22 02:41:21,030 - P15228 - INFO - Candidates email: 0 items
2025-05-22 02:41:21,031 - P15228 - INFO - Candidates complement: 0 items
2025-05-22 02:41:21,031 - P15228 - INFO - Candidates cep: 0 items
2025-05-22 02:41:21,031 - P15228 - INFO - Após processar URL 9 Uso de memória: 119.85 MB
2025-05-22 02:41:21,031 - P15228 - INFO - Processando URL 10/34: https://sistemas.tjes.jus.br/ediario/index.php?option=com_ediario&view=contents&layout=fulltext&data=20240926&idorgao=766
2025-05-22 02:41:24,744 - P15228 - INFO - HTML salvo para debug: data\debug_html_v10\788515d9605cc781849dede61b4e5791.html
2025-05-22 02:41:26,779 - P15228 - INFO - Candidates address: 7 items
2025-05-22 02:41:26,783 - P15228 - INFO - Candidates phone: 0 items
2025-05-22 02:41:26,784 - P15228 - INFO - Candidates email: 0 items
2025-05-22 02:41:26,784 - P15228 - INFO - Candidates complement: 1 items
2025-05-22 02:41:26,785 - P15228 - INFO - Candidates cep: 24 items
2025-05-22 02:41:26,786 - P15228 - INFO - Após processar URL 10 Uso de memória: 125.68 MB
2025-05-22 02:41:26,787 - P15228 - INFO - Processando URL 11/34: https://sistemas.cfm.org.br/delegacias/RN
2025-05-22 02:41:30,170 - P15228 - INFO - HTML salvo para debug: data\debug_html_v10\17455fac1286f85567879f58b781b7f8.html
2025-05-22 02:41:30,172 - P15228 - INFO - Candidates address: 0 items
2025-05-22 02:41:30,172 - P15228 - INFO - Candidates phone: 8 items
2025-05-22 02:41:30,172 - P15228 - INFO - Candidates email: 0 items
2025-05-22 02:41:30,172 - P15228 - INFO - Candidates complement: 0 items
2025-05-22 02:41:30,173 - P15228 - INFO - Candidates cep: 0 items
2025-05-22 02:41:30,173 - P15228 - INFO - Após processar URL 11 Uso de memória: 120.77 MB
2025-05-22 02:41:30,173 - P15228 - INFO - Processando URL 12/34: https://diariooficial.guarulhos.sp.gov.br/uploads/pdf/883082113.pdf
2025-05-22 02:41:30,173 - P15228 - INFO - Ignorando URL de arquivo não-HTML: https://diariooficial.guarulhos.sp.gov.br/uploads/pdf/883082113.pdf
2025-05-22 02:41:30,173 - P15228 - INFO - Após processar URL 12 Uso de memória: 120.77 MB
2025-05-22 02:41:30,173 - P15228 - INFO - Processando URL 13/34: https://www.medicosbrasil.com/profissional/maria-thereza-vieira-brandao
2025-05-22 02:41:36,789 - P15228 - INFO - HTML salvo para debug: data\debug_html_v10\fd8ef6e6bfcc514c3751abf1b097e03c.html
2025-05-22 02:41:36,807 - P15228 - INFO - Candidates address: 0 items
2025-05-22 02:41:36,807 - P15228 - INFO - Candidates phone: 0 items
2025-05-22 02:41:36,807 - P15228 - INFO - Candidates email: 0 items
2025-05-22 02:41:36,807 - P15228 - INFO - Candidates complement: 0 items
2025-05-22 02:41:36,807 - P15228 - INFO - Candidates cep: 0 items
2025-05-22 02:41:36,808 - P15228 - INFO - Após processar URL 13 Uso de memória: 120.81 MB
2025-05-22 02:41:36,808 - P15228 - INFO - Processando URL 14/34: https://www.cremego.org.br/wp-content/uploads/2024/07/Sorteio-05.07-ATLS-5-e-ACLS-3.pdf
2025-05-22 02:41:36,808 - P15228 - INFO - Ignorando URL de arquivo não-HTML: https://www.cremego.org.br/wp-content/uploads/2024/07/Sorteio-05.07-ATLS-5-e-ACLS-3.pdf
2025-05-22 02:41:36,808 - P15228 - INFO - Após processar URL 14 Uso de memória: 120.81 MB
2025-05-22 02:41:36,808 - P15228 - INFO - Processando URL 15/34: https://www.consultacrm.com.br/index/sis_login
2025-05-22 02:41:40,351 - P15228 - INFO - HTML salvo para debug: data\debug_html_v10\e56926aa25e0582d5c5b8aa167ed4b53.html
2025-05-22 02:41:40,369 - P15228 - INFO - Candidates address: 0 items
2025-05-22 02:41:40,370 - P15228 - INFO - Candidates phone: 0 items
2025-05-22 02:41:40,370 - P15228 - INFO - Candidates email: 0 items
2025-05-22 02:41:40,370 - P15228 - INFO - Candidates complement: 0 items
2025-05-22 02:41:40,371 - P15228 - INFO - Candidates cep: 0 items
2025-05-22 02:41:40,371 - P15228 - INFO - Após processar URL 15 Uso de memória: 120.92 MB
2025-05-22 02:41:40,371 - P15228 - INFO - Processando URL 16/34: https://www.consultacrm.com.br/index/api
2025-05-22 02:41:44,433 - P15228 - INFO - HTML salvo para debug: data\debug_html_v10\a1f22ffdf7e0eb1c02e28e1e38d3db87.html
2025-05-22 02:41:44,449 - P15228 - INFO - Candidates address: 0 items
2025-05-22 02:41:44,450 - P15228 - INFO - Candidates phone: 0 items
2025-05-22 02:41:44,450 - P15228 - INFO - Candidates email: 0 items
2025-05-22 02:41:44,451 - P15228 - INFO - Candidates complement: 0 items
2025-05-22 02:41:44,452 - P15228 - INFO - Candidates cep: 0 items
2025-05-22 02:41:44,452 - P15228 - INFO - Após processar URL 16 Uso de memória: 121.03 MB
2025-05-22 02:41:44,453 - P15228 - INFO - Processando URL 17/34: https://sistemadje.tjmt.jus.br/publicacoes/10028-2017%20C2%20Comarcas%20-%20Entr%C3%A2ncia%20Especial.pdf
2025-05-22 02:41:44,454 - P15228 - INFO - Ignorando URL de arquivo não-HTML: https://sistemadje.tjmt.jus.br/publicacoes/10028-2017%20C2%20Comarcas%20-%20Entr%C3%A2ncia%20Especial.pdf
2025-05-22 02:41:44,454 - P15228 - INFO - Após processar URL 17 Uso de memória: 121.03 MB
2025-05-22 02:41:44,455 - P15228 - INFO - Processando URL 18/34: https://www.tjpi.jus.br/diarioeletronico/public/dj180503_8426.pdf
2025-05-22 02:41:44,457 - P15228 - INFO - Ignorando URL de arquivo não-HTML: https://www.tjpi.jus.br/diarioeletronico/public/dj180503_8426.pdf
2025-05-22 02:41:44,458 - P15228 - INFO - Após processar URL 18 Uso de memória: 121.03 MB
2025-05-22 02:41:44,460 - P15228 - INFO - Processando URL 19/34: https://pt.scribd.com/document/533600605/Lista-Medicos-Veterinarios-Cadastrados-08-07-2020
2025-05-22 02:41:54,564 - P15228 - WARNING - Página muito grande (5.65MB), truncando
2025-05-22 02:41:54,577 - P15228 - INFO - HTML salvo para debug: data\debug_html_v10\5e55b0a732198971b45ce49a4c2a9b3e.html
2025-05-22 02:41:55,590 - P15228 - INFO - Candidates address: 0 items
2025-05-22 02:41:55,590 - P15228 - INFO - Candidates phone: 0 items
2025-05-22 02:41:55,591 - P15228 - INFO - Candidates email: 0 items
2025-05-22 02:41:55,591 - P15228 - INFO - Candidates complement: 0 items
2025-05-22 02:41:55,591 - P15228 - INFO - Candidates cep: 0 items
2025-05-22 02:41:55,591 - P15228 - INFO - Após processar URL 19 Uso de memória: 142.95 MB
2025-05-22 02:41:55,592 - P15228 - INFO - Processando URL 20/34: https://cnpj.biz/60203190000176
2025-05-22 02:42:00,258 - P15228 - INFO - HTML salvo para debug: data\debug_html_v10\cf551820ad2b205dc4985b34a16dfa44.html
2025-05-22 02:42:00,273 - P15228 - INFO - Candidates address: 2 items
2025-05-22 02:42:00,273 - P15228 - INFO - Candidates phone: 1 items
2025-05-22 02:42:00,273 - P15228 - INFO - Candidates email: 1 items
2025-05-22 02:42:00,274 - P15228 - INFO - Candidates complement: 0 items
2025-05-22 02:42:00,274 - P15228 - INFO - Candidates cep: 3 items
2025-05-22 02:42:00,274 - P15228 - INFO - Após processar URL 20 Uso de memória: 137.55 MB
2025-05-22 02:42:00,275 - P15228 - INFO - Processando URL 21/34: https://cliniguia.com/profissionais/heloisa-brandao-vieira-702808141022869/
2025-05-22 02:42:04,223 - P15228 - INFO - HTML salvo para debug: data\debug_html_v10\531e7833ec5cacc14fa758c148c55262.html
2025-05-22 02:42:04,270 - P15228 - INFO - Candidates address: 0 items
2025-05-22 02:42:04,270 - P15228 - INFO - Candidates phone: 0 items
2025-05-22 02:42:04,270 - P15228 - INFO - Candidates email: 0 items
2025-05-22 02:42:04,270 - P15228 - INFO - Candidates complement: 0 items
2025-05-22 02:42:04,270 - P15228 - INFO - Candidates cep: 0 items
2025-05-22 02:42:04,271 - P15228 - INFO - Após processar URL 21 Uso de memória: 140.05 MB
2025-05-22 02:42:04,271 - P15228 - INFO - Processando URL 22/34: https://www.boaconsulta.com/especialista/heloisa-brandao-vieira-610608b5a2e00a7b6c001a36
2025-05-22 02:42:07,537 - P15228 - INFO - HTML salvo para debug: data\debug_html_v10\1a24137540a9f6a703fa7315e7de29f0.html
2025-05-22 02:42:07,598 - P15228 - INFO - Candidates address: 1 items
2025-05-22 02:42:07,598 - P15228 - INFO - Candidates phone: 0 items
2025-05-22 02:42:07,598 - P15228 - INFO - Candidates email: 0 items
2025-05-22 02:42:07,598 - P15228 - INFO - Candidates complement: 0 items
2025-05-22 02:42:07,598 - P15228 - INFO - Candidates cep: 0 items
2025-05-22 02:42:07,599 - P15228 - INFO - Após processar URL 22 Uso de memória: 140.94 MB
2025-05-22 02:42:07,599 - P15228 - INFO - Processando URL 23/34: https://www.ioepa.com.br/pages/2011/2011.09.09.DOE.pdf
2025-05-22 02:42:07,599 - P15228 - INFO - Ignorando URL de arquivo não-HTML: https://www.ioepa.com.br/pages/2011/2011.09.09.DOE.pdf
2025-05-22 02:42:07,599 - P15228 - INFO - Após processar URL 23 Uso de memória: 140.94 MB
2025-05-22 02:42:07,599 - P15228 - INFO - Processando URL 24/34: https://consultacrm.com.br/
2025-05-22 02:42:11,158 - P15228 - INFO - HTML salvo para debug: data\debug_html_v10\65cadeb91ac3713432c21b535990f440.html
2025-05-22 02:42:11,168 - P15228 - INFO - Candidates address: 0 items
2025-05-22 02:42:11,169 - P15228 - INFO - Candidates phone: 0 items
2025-05-22 02:42:11,169 - P15228 - INFO - Candidates email: 0 items
2025-05-22 02:42:11,169 - P15228 - INFO - Candidates complement: 0 items
2025-05-22 02:42:11,169 - P15228 - INFO - Candidates cep: 0 items
2025-05-22 02:42:11,169 - P15228 - INFO - Após processar URL 24 Uso de memória: 141.29 MB
2025-05-22 02:42:11,170 - P15228 - INFO - Processando URL 25/34: https://www.medicosbrasil.com/profissional/heloisa-brandao-vieira
2025-05-22 02:42:13,334 - P15228 - INFO - HTML salvo para debug: data\debug_html_v10\73ce03fadc96c33ac5213a6ddba8a7d1.html
2025-05-22 02:42:13,336 - P15228 - INFO - Candidates address: 0 items
2025-05-22 02:42:13,336 - P15228 - INFO - Candidates phone: 0 items
2025-05-22 02:42:13,336 - P15228 - INFO - Candidates email: 0 items
2025-05-22 02:42:13,337 - P15228 - INFO - Candidates complement: 0 items
2025-05-22 02:42:13,337 - P15228 - INFO - Candidates cep: 0 items
2025-05-22 02:42:13,337 - P15228 - INFO - Após processar URL 25 Uso de memória: 141.34 MB
2025-05-22 02:42:13,337 - P15228 - INFO - Processando URL 26/34: https://portal-api.campinas.sp.gov.br/sites/default/files/publicacoes-dom/dom/233208385.pdf
2025-05-22 02:42:13,337 - P15228 - INFO - Ignorando URL de arquivo não-HTML: https://portal-api.campinas.sp.gov.br/sites/default/files/publicacoes-dom/dom/233208385.pdf
2025-05-22 02:42:13,338 - P15228 - INFO - Após processar URL 26 Uso de memória: 141.34 MB
2025-05-22 02:42:13,338 - P15228 - INFO - Processando URL 27/34: https://cremern.org.br/busca-medicos
2025-05-22 02:42:17,230 - P15228 - INFO - HTML salvo para debug: data\debug_html_v10\3a3cd24d19dd67d91ecac53a879fe353.html
2025-05-22 02:42:17,269 - P15228 - INFO - Candidates address: 1 items
2025-05-22 02:42:17,269 - P15228 - INFO - Candidates phone: 0 items
2025-05-22 02:42:17,269 - P15228 - INFO - Candidates email: 1 items
2025-05-22 02:42:17,269 - P15228 - INFO - Candidates complement: 0 items
2025-05-22 02:42:17,269 - P15228 - INFO - Candidates cep: 1 items
2025-05-22 02:42:17,269 - P15228 - INFO - Após processar URL 27 Uso de memória: 142.72 MB
2025-05-22 02:42:17,269 - P15228 - INFO - Processando URL 28/34: https://deoab.oab.org.br/assets/diarios/diario-eletronico-oab-09-04-2024.pdf
2025-05-22 02:42:17,270 - P15228 - INFO - Ignorando URL de arquivo não-HTML: https://deoab.oab.org.br/assets/diarios/diario-eletronico-oab-09-04-2024.pdf
2025-05-22 02:42:17,270 - P15228 - INFO - Após processar URL 28 Uso de memória: 142.72 MB
2025-05-22 02:42:17,270 - P15228 - INFO - Processando URL 29/34: https://www.consultacrm.com.br/index/maisvistos
2025-05-22 02:42:21,249 - P15228 - INFO - HTML salvo para debug: data\debug_html_v10\9a17d88beef1266c6e4649221409a571.html
2025-05-22 02:42:21,260 - P15228 - INFO - Candidates address: 0 items
2025-05-22 02:42:21,260 - P15228 - INFO - Candidates phone: 0 items
2025-05-22 02:42:21,260 - P15228 - INFO - Candidates email: 0 items
2025-05-22 02:42:21,261 - P15228 - INFO - Candidates complement: 0 items
2025-05-22 02:42:21,261 - P15228 - INFO - Candidates cep: 0 items
2025-05-22 02:42:21,261 - P15228 - INFO - Após processar URL 29 Uso de memória: 143.06 MB
2025-05-22 02:42:21,261 - P15228 - INFO - Processando URL 30/34: https://www.consultacrm.com.br/?uf=SP
2025-05-22 02:42:24,165 - P15228 - INFO - HTML salvo para debug: data\debug_html_v10\60d20285cf74ceed0f862951f9b2b598.html
2025-05-22 02:42:24,177 - P15228 - INFO - Candidates address: 0 items
2025-05-22 02:42:24,178 - P15228 - INFO - Candidates phone: 0 items
2025-05-22 02:42:24,178 - P15228 - INFO - Candidates email: 0 items
2025-05-22 02:42:24,178 - P15228 - INFO - Candidates complement: 0 items
2025-05-22 02:42:24,178 - P15228 - INFO - Candidates cep: 0 items
2025-05-22 02:42:24,179 - P15228 - INFO - Após processar URL 30 Uso de memória: 143.37 MB
2025-05-22 02:42:24,179 - P15228 - INFO - Processando URL 31/34: https://www.gov.br/mme/pt-br/arquivos/do-03-08-2010-s1.pdf
2025-05-22 02:42:24,179 - P15228 - INFO - Ignorando URL de arquivo não-HTML: https://www.gov.br/mme/pt-br/arquivos/do-03-08-2010-s1.pdf
2025-05-22 02:42:24,180 - P15228 - INFO - Após processar URL 31 Uso de memória: 143.37 MB
2025-05-22 02:42:24,180 - P15228 - INFO - Processando URL 32/34: https://crmvirtual.cfm.org.br/RN/servico/pesquisar-por-medico
2025-05-22 02:42:27,152 - P15228 - INFO - HTML salvo para debug: data\debug_html_v10\435b61b8ac1efc9057be012b54625539.html
2025-05-22 02:42:27,173 - P15228 - INFO - Candidates address: 0 items
2025-05-22 02:42:27,173 - P15228 - INFO - Candidates phone: 5 items
2025-05-22 02:42:27,173 - P15228 - INFO - Candidates email: 1 items
2025-05-22 02:42:27,173 - P15228 - INFO - Candidates complement: 0 items
2025-05-22 02:42:27,173 - P15228 - INFO - Candidates cep: 0 items
2025-05-22 02:42:27,174 - P15228 - INFO - Após processar URL 32 Uso de memória: 143.40 MB
2025-05-22 02:42:27,174 - P15228 - INFO - Processando URL 33/34: https://diario.oab.org.br/assets/diarios/diario-eletronico-oab-09-04-2024.pdf
2025-05-22 02:42:27,174 - P15228 - INFO - Ignorando URL de arquivo não-HTML: https://diario.oab.org.br/assets/diarios/diario-eletronico-oab-09-04-2024.pdf
2025-05-22 02:42:27,174 - P15228 - INFO - Após processar URL 33 Uso de memória: 143.40 MB
2025-05-22 02:42:27,174 - P15228 - INFO - Processando URL 34/34: https://www.medicosbrasil.com/profissional/jose-celio-vieira-brandao
2025-05-22 02:42:29,315 - P15228 - INFO - HTML salvo para debug: data\debug_html_v10\83871ca4af3fc78be0576069dbf16668.html
2025-05-22 02:42:29,317 - P15228 - INFO - Candidates address: 0 items
2025-05-22 02:42:29,317 - P15228 - INFO - Candidates phone: 0 items
2025-05-22 02:42:29,317 - P15228 - INFO - Candidates email: 0 items
2025-05-22 02:42:29,318 - P15228 - INFO - Candidates complement: 0 items
2025-05-22 02:42:29,318 - P15228 - INFO - Candidates cep: 0 items
2025-05-22 02:42:29,318 - P15228 - INFO - Após processar URL 34 Uso de memória: 143.40 MB
2025-05-22 02:42:29,318 - P15228 - INFO - Iniciando agregação e ranqueamento
2025-05-22 02:42:29,318 - P15228 - INFO - Ranked address: 11 items
2025-05-22 02:42:29,318 - P15228 - INFO - Ranked phone: 12 items
2025-05-22 02:42:29,319 - P15228 - INFO - Ranked email: 2 items
2025-05-22 02:42:29,319 - P15228 - INFO - Ranked complement: 1 items
2025-05-22 02:42:29,319 - P15228 - INFO - Ranked cep: 28 items
2025-05-22 02:42:29,319 - P15228 - INFO - Após agregação Uso de memória: 143.40 MB
2025-05-22 02:42:29,319 - P15228 - INFO - Validando endereço: ['Rua Desembargador Homero Mafra 60, 60', 'R. REPRESENTANTE: ALINE DE SOUZA POLIDO Advogado do AGRAVANTE: RAFAEL VICTOR ALVES DA SILVA - ES22834', 'R. L. PESSOTTI RESTAURANTE 138']
2025-05-22 02:42:29,319 - P15228 - INFO - Endereço validado: Rua Desembargador Homero Mafra 60, 60
2025-05-22 02:42:29,320 - P15228 - INFO - Limpando texto extenso para campo address: Rua Desembargador Homero Mafra 60, 60...
2025-05-22 02:42:29,320 - P15228 - INFO - Texto limpo: Rua Desembargador Homero Mafra 60, 60
2025-05-22 02:42:29,320 - P15228 - INFO - Validando telefone: ['(84) 4006-5314', '(84) 4006-5311', '(84) 4006-5358']
2025-05-22 02:42:29,320 - P15228 - INFO - Limpando texto extenso para campo phone: (84) 4006-5314...
2025-05-22 02:42:29,320 - P15228 - INFO - Texto limpo: 84) 4006-5314
2025-05-22 02:42:29,320 - P15228 - INFO - Telefone validado: 84) 4006-5314
2025-05-22 02:42:29,321 - P15228 - INFO - Validando email: ['atendimento@cremern.org.br', 'heloisa.alves@outlook.com']
2025-05-22 02:42:29,321 - P15228 - INFO - Limpando texto extenso para campo email: atendimento@cremern.org.br...
2025-05-22 02:42:29,321 - P15228 - INFO - Texto limpo: atendimento@cremern.org.br
2025-05-22 02:42:29,321 - P15228 - INFO - Email validado: atendimento@cremern.org.br
2025-05-22 02:42:29,321 - P15228 - INFO - Validando complemento: ['Conjunto nº 007/2022 deste egrégio Tribunal de Justiça. ']
2025-05-22 02:42:29,321 - P15228 - INFO - Limpando texto extenso para campo complement: Conjunto nº 007/2022 deste egrégio Tribunal de Jus...
2025-05-22 02:42:29,322 - P15228 - INFO - Texto limpo: Conjunto nº 007/2022 deste egr
2025-05-22 02:42:29,322 - P15228 - INFO - Complemento validado: Conjunto nº 007/2022 deste egr
2025-05-22 02:42:29,322 - P15228 - INFO - Descobrindo cidade
2025-05-22 02:42:29,322 - P15228 - INFO - Buscando cidade: Rua Desembargador Homero Mafra 60 cidade RN
2025-05-22 02:42:31,555 - P15228 - WARNING - Cidade não encontrada
2025-05-22 02:42:31,556 - P15228 - INFO - Cidade descoberta: 
2025-05-22 02:42:31,556 - P15228 - INFO - Tempo de execução de processamento completo do médico: 91.19 segundos
2025-05-22 02:42:31,556 - P15228 - INFO - Resultado processado: {'Hash': '8a879688f24a3c59d924b66d4c733ece4cd6a86b31c9c34bd16024a80541d314', 'CRM': '12394', 'UF': 'RN', 'Firstname': 'HELOISA', 'LastName': 'BRANDAO VIEIRA', 'Medical specialty': '', 'Endereco Completo A1': 'Rua Desembargador Homero Mafra 60, 60', 'Address A1': 'Rua Desembargador Homero Mafra 60', 'Numero A1': '60', 'Complement A1': 'Conjunto nº 007/2022 deste egr', 'Bairro A1': '', 'postal code A1': '', 'City A1': '', 'State A1': '', 'Phone A1': '84) 4006-5314', 'Phone A2': '', 'Cell phone A1': '', 'Cell phone A2': '', 'E-mail A1': 'atendimento@cremern.org.br', 'E-mail A2': '', 'OPT-IN': '', 'STATUS': '', 'LOTE': ''}
2025-05-22 02:42:31,557 - P15228 - INFO - Progresso: 32.0%
2025-05-22 02:42:31,557 - P15228 - INFO - Tempo de execução de processamento do médico 2: 91.20 segundos
2025-05-22 02:42:31,558 - P15228 - INFO - 
==================================================
Processando médico 3/3
2025-05-22 02:42:31,558 - P15228 - INFO - Nome: ADEJAIME LOPES DE ASSUNÇÃO
2025-05-22 02:42:31,559 - P15228 - INFO - Início do processamento Uso de memória: 143.07 MB
2025-05-22 02:42:31,559 - P15228 - INFO - Iniciando busca para: ADEJAIME LOPES DE ASSUNÇÃO CRM 5507 RO telefone e-mail endereço
2025-05-22 02:42:31,911 - P15228 - INFO - SearX results: 3 URLs
2025-05-22 02:42:31,911 - P15228 - INFO - Após SearX Uso de memória: 143.08 MB
2025-05-22 02:42:34,873 - P15228 - INFO - Google results: 2 URLs
2025-05-22 02:42:34,874 - P15228 - INFO - Após Google Uso de memória: 143.09 MB
2025-05-22 02:42:37,393 - P15228 - INFO - Bing results: 10 URLs
2025-05-22 02:42:37,394 - P15228 - INFO - Após Bing Uso de memória: 143.21 MB
2025-05-22 02:42:37,394 - P15228 - INFO - Total de URLs únicas: 13
2025-05-22 02:42:37,394 - P15228 - INFO - Processando URL 1/13: https://www.doctoralia.com.br/adejaime-lopes/medico-clinico-geral/vilhena
2025-05-22 02:42:37,394 - P15228 - INFO - Ignorando URL de arquivo não-HTML: https://www.doctoralia.com.br/adejaime-lopes/medico-clinico-geral/vilhena
2025-05-22 02:42:37,394 - P15228 - INFO - Após processar URL 1 Uso de memória: 143.21 MB
2025-05-22 02:42:37,394 - P15228 - INFO - Processando URL 2/13: https://cadastroempresa.com.br/cnpj/54.156.565/0001-91-adejaime-lopes-geriatria-adejaime-lopes-de-assuncao-ltda
2025-05-22 02:42:39,749 - P15228 - INFO - HTML salvo para debug: data\debug_html_v10\091f066fe043c2e30b9d4a666ae9e272.html
2025-05-22 02:42:39,751 - P15228 - INFO - Candidates address: 0 items
2025-05-22 02:42:39,751 - P15228 - INFO - Candidates phone: 0 items
2025-05-22 02:42:39,751 - P15228 - INFO - Candidates email: 0 items
2025-05-22 02:42:39,752 - P15228 - INFO - Candidates complement: 0 items
2025-05-22 02:42:39,752 - P15228 - INFO - Candidates cep: 0 items
2025-05-22 02:42:39,752 - P15228 - INFO - Após processar URL 2 Uso de memória: 143.24 MB
2025-05-22 02:42:39,752 - P15228 - INFO - Processando URL 3/13: https://www.portaltransparencia.gov.br/pessoa-fisica/busca/lista
2025-05-22 02:42:42,768 - P15228 - INFO - HTML salvo para debug: data\debug_html_v10\e200cdf64b71d4c9248718dd155b3edb.html
2025-05-22 02:42:42,806 - P15228 - INFO - Candidates address: 0 items
2025-05-22 02:42:42,807 - P15228 - INFO - Candidates phone: 0 items
2025-05-22 02:42:42,807 - P15228 - INFO - Candidates email: 0 items
2025-05-22 02:42:42,807 - P15228 - INFO - Candidates complement: 0 items
2025-05-22 02:42:42,807 - P15228 - INFO - Candidates cep: 0 items
2025-05-22 02:42:42,807 - P15228 - INFO - Após processar URL 3 Uso de memória: 143.30 MB
2025-05-22 02:42:42,808 - P15228 - INFO - Processando URL 4/13: https://consultacrm.com.br/
2025-05-22 02:42:46,107 - P15228 - INFO - HTML salvo para debug: data\debug_html_v10\65cadeb91ac3713432c21b535990f440.html
2025-05-22 02:42:46,120 - P15228 - INFO - Candidates address: 0 items
2025-05-22 02:42:46,120 - P15228 - INFO - Candidates phone: 0 items
2025-05-22 02:42:46,120 - P15228 - INFO - Candidates email: 0 items
2025-05-22 02:42:46,120 - P15228 - INFO - Candidates complement: 0 items
2025-05-22 02:42:46,121 - P15228 - INFO - Candidates cep: 0 items
2025-05-22 02:42:46,121 - P15228 - INFO - Após processar URL 4 Uso de memória: 143.30 MB
2025-05-22 02:42:46,121 - P15228 - INFO - Processando URL 5/13: https://www.dnb.com/business-directory/company-profiles.adejaime_lopes_de_assuncao_ltda.6a5a7156fcc6d4c739258fbac2ce9db0.html
2025-05-22 02:42:51,154 - P15228 - INFO - HTML salvo para debug: data\debug_html_v10\48fba8432a772997a6bd53d306589687.html
2025-05-22 02:42:51,396 - P15228 - INFO - Candidates address: 0 items
2025-05-22 02:42:51,396 - P15228 - INFO - Candidates phone: 1 items
2025-05-22 02:42:51,396 - P15228 - INFO - Candidates email: 0 items
2025-05-22 02:42:51,396 - P15228 - INFO - Candidates complement: 0 items
2025-05-22 02:42:51,396 - P15228 - INFO - Candidates cep: 0 items
2025-05-22 02:42:51,397 - P15228 - INFO - Após processar URL 5 Uso de memória: 134.51 MB
2025-05-22 02:42:51,397 - P15228 - INFO - Processando URL 6/13: https://www.medicosbrasil.com/profissional/adejaime-lopes-de-assuncao
2025-05-22 02:42:53,544 - P15228 - INFO - HTML salvo para debug: data\debug_html_v10\221a7a1c1e9e5cc86d19c8b874d00be7.html
2025-05-22 02:42:53,546 - P15228 - INFO - Candidates address: 0 items
2025-05-22 02:42:53,546 - P15228 - INFO - Candidates phone: 0 items
2025-05-22 02:42:53,547 - P15228 - INFO - Candidates email: 0 items
2025-05-22 02:42:53,547 - P15228 - INFO - Candidates complement: 0 items
2025-05-22 02:42:53,547 - P15228 - INFO - Candidates cep: 0 items
2025-05-22 02:42:53,547 - P15228 - INFO - Após processar URL 6 Uso de memória: 129.04 MB
2025-05-22 02:42:53,547 - P15228 - INFO - Processando URL 7/13: https://cnpj.biz/54156565000191
2025-05-22 02:42:55,911 - P15228 - INFO - HTML salvo para debug: data\debug_html_v10\a6ad38eeeac07c37dab360e29b52e8ed.html
2025-05-22 02:42:55,913 - P15228 - INFO - Candidates address: 0 items
2025-05-22 02:42:55,914 - P15228 - INFO - Candidates phone: 0 items
2025-05-22 02:42:55,914 - P15228 - INFO - Candidates email: 0 items
2025-05-22 02:42:55,914 - P15228 - INFO - Candidates complement: 0 items
2025-05-22 02:42:55,914 - P15228 - INFO - Candidates cep: 0 items
2025-05-22 02:42:55,914 - P15228 - INFO - Após processar URL 7 Uso de memória: 129.04 MB
2025-05-22 02:42:55,914 - P15228 - INFO - Processando URL 8/13: https://sistemas.trf1.jus.br/edj/bitstream/handle/123/87183/Caderno_JUD_GO_2016-01-21_VIII_14.pdf?sequence=1&isAllowed=y
2025-05-22 02:42:55,915 - P15228 - INFO - Ignorando URL de arquivo não-HTML: https://sistemas.trf1.jus.br/edj/bitstream/handle/123/87183/Caderno_JUD_GO_2016-01-21_VIII_14.pdf?sequence=1&isAllowed=y
2025-05-22 02:42:55,915 - P15228 - INFO - Após processar URL 8 Uso de memória: 129.04 MB
2025-05-22 02:42:55,915 - P15228 - INFO - Processando URL 9/13: https://sistemas.trf1.jus.br/edj/bitstream/handle/123/163900/Caderno_JUD_PA_2016-09-27_VIII_181.pdf?sequence=1&isAllowed=y
2025-05-22 02:42:55,915 - P15228 - INFO - Ignorando URL de arquivo não-HTML: https://sistemas.trf1.jus.br/edj/bitstream/handle/123/163900/Caderno_JUD_PA_2016-09-27_VIII_181.pdf?sequence=1&isAllowed=y
2025-05-22 02:42:55,915 - P15228 - INFO - Após processar URL 9 Uso de memória: 129.04 MB
2025-05-22 02:42:55,915 - P15228 - INFO - Processando URL 10/13: https://www.boaconsulta.com/especialista/adejaime-lopes-de-assuncao-628e66ff02531d202d0003e5
2025-05-22 02:42:58,928 - P15228 - INFO - HTML salvo para debug: data\debug_html_v10\f8424870c2b5effc19b2f02a0c20622a.html
2025-05-22 02:42:58,982 - P15228 - INFO - Candidates address: 1 items
2025-05-22 02:42:58,982 - P15228 - INFO - Candidates phone: 0 items
2025-05-22 02:42:58,982 - P15228 - INFO - Candidates email: 0 items
2025-05-22 02:42:58,982 - P15228 - INFO - Candidates complement: 0 items
2025-05-22 02:42:58,983 - P15228 - INFO - Candidates cep: 0 items
2025-05-22 02:42:58,983 - P15228 - INFO - Após processar URL 10 Uso de memória: 129.37 MB
2025-05-22 02:42:58,983 - P15228 - INFO - Processando URL 11/13: https://portal.cfm.org.br/busca-medicos
2025-05-22 02:43:01,814 - P15228 - INFO - HTML salvo para debug: data\debug_html_v10\e28ae84aaa177d1328f3a0d1fb68449f.html
2025-05-22 02:43:01,858 - P15228 - INFO - Candidates address: 0 items
2025-05-22 02:43:01,858 - P15228 - INFO - Candidates phone: 0 items
2025-05-22 02:43:01,858 - P15228 - INFO - Candidates email: 1 items
2025-05-22 02:43:01,858 - P15228 - INFO - Candidates complement: 1 items
2025-05-22 02:43:01,858 - P15228 - INFO - Candidates cep: 1 items
2025-05-22 02:43:01,859 - P15228 - INFO - Após processar URL 11 Uso de memória: 129.37 MB
2025-05-22 02:43:01,859 - P15228 - INFO - Processando URL 12/13: https://web.trf3.jus.br/diario/Consulta/BaixarPdf/32375
2025-05-22 02:43:03,979 - P15228 - INFO - HTML salvo para debug: data\debug_html_v10\51de9860269e2333a1d91f72dabb42f1.html
2025-05-22 02:43:04,022 - P15228 - INFO - Candidates address: 0 items
2025-05-22 02:43:04,022 - P15228 - INFO - Candidates phone: 0 items
2025-05-22 02:43:04,022 - P15228 - INFO - Candidates email: 1 items
2025-05-22 02:43:04,023 - P15228 - INFO - Candidates complement: 1 items
2025-05-22 02:43:04,023 - P15228 - INFO - Candidates cep: 1 items
2025-05-22 02:43:04,023 - P15228 - INFO - Após processar URL 12 Uso de memória: 129.37 MB
2025-05-22 02:43:04,023 - P15228 - INFO - Processando URL 13/13: https://cliniguia.com/profissionais/adejaime-lopes-de-assuncao-209688196690003/
2025-05-22 02:43:06,791 - P15228 - INFO - HTML salvo para debug: data\debug_html_v10\dbecb23de69e4b0ccde56066951605c4.html
2025-05-22 02:43:06,831 - P15228 - INFO - Candidates address: 0 items
2025-05-22 02:43:06,831 - P15228 - INFO - Candidates phone: 0 items
2025-05-22 02:43:06,831 - P15228 - INFO - Candidates email: 0 items
2025-05-22 02:43:06,831 - P15228 - INFO - Candidates complement: 0 items
2025-05-22 02:43:06,831 - P15228 - INFO - Candidates cep: 0 items
2025-05-22 02:43:06,831 - P15228 - INFO - Após processar URL 13 Uso de memória: 130.86 MB
2025-05-22 02:43:06,832 - P15228 - INFO - Iniciando agregação e ranqueamento
2025-05-22 02:43:06,832 - P15228 - INFO - Ranked address: 1 items
2025-05-22 02:43:06,832 - P15228 - INFO - Ranked phone: 1 items
2025-05-22 02:43:06,832 - P15228 - INFO - Ranked email: 1 items
2025-05-22 02:43:06,832 - P15228 - INFO - Ranked complement: 1 items
2025-05-22 02:43:06,832 - P15228 - INFO - Ranked cep: 1 items
2025-05-22 02:43:06,832 - P15228 - INFO - Após agregação Uso de memória: 130.86 MB
2025-05-22 02:43:06,833 - P15228 - INFO - Validando endereço: ['Avenida Capitão Castro, 3274']
2025-05-22 02:43:06,833 - P15228 - INFO - Endereço validado: Avenida Capitão Castro, 3274
2025-05-22 02:43:06,833 - P15228 - INFO - Limpando texto extenso para campo address: Avenida Capitão Castro, 3274...
2025-05-22 02:43:06,833 - P15228 - INFO - Texto limpo: Avenida Capitão Castro, 3274
2025-05-22 02:43:06,833 - P15228 - INFO - Validando telefone: ['(86) 6258-3217']
2025-05-22 02:43:06,834 - P15228 - INFO - Limpando texto extenso para campo phone: (86) 6258-3217...
2025-05-22 02:43:06,834 - P15228 - INFO - Texto limpo: 86) 6258-3217
2025-05-22 02:43:06,834 - P15228 - INFO - Telefone validado: 86) 6258-3217
2025-05-22 02:43:06,834 - P15228 - INFO - Validando email: ['cfm@portalmedico.org.br']
2025-05-22 02:43:06,834 - P15228 - INFO - Limpando texto extenso para campo email: cfm@portalmedico.org.br...
2025-05-22 02:43:06,834 - P15228 - INFO - Texto limpo: cfm@portalmedico.org.br
2025-05-22 02:43:06,835 - P15228 - INFO - Email validado: cfm@portalmedico.org.br
2025-05-22 02:43:06,835 - P15228 - INFO - Validando complemento: ['Conjunto D']
2025-05-22 02:43:06,835 - P15228 - INFO - Limpando texto extenso para campo complement: Conjunto D...
2025-05-22 02:43:06,835 - P15228 - INFO - Texto limpo: Conjunto D
2025-05-22 02:43:06,835 - P15228 - INFO - Complemento validado: Conjunto D
2025-05-22 02:43:06,836 - P15228 - INFO - Descobrindo cidade
2025-05-22 02:43:06,836 - P15228 - INFO - Buscando cidade: Avenida Capitão Castro cidade RO
2025-05-22 02:43:09,758 - P15228 - INFO - Cidade encontrada: Vilhena
2025-05-22 02:43:09,758 - P15228 - INFO - Limpando texto extenso para campo city: Vilhena...
2025-05-22 02:43:09,759 - P15228 - INFO - Texto limpo: Vilhena
2025-05-22 02:43:09,759 - P15228 - INFO - Cidade descoberta: Vilhena
2025-05-22 02:43:09,759 - P15228 - INFO - Buscando CEP com sistema de cascata
2025-05-22 02:43:09,759 - P15228 - INFO - Iniciando busca de CEP em cascata para: Avenida Capitão Castro, Vilhena, RO
2025-05-22 02:43:09,759 - P15228 - INFO - Método 1: ViaCEP API
2025-05-22 02:43:09,760 - P15228 - INFO - Buscando no ViaCEP: https://viacep.com.br/ws/RO/vilhena/avenida%20capitao%20castro/json/
2025-05-22 02:43:10,451 - P15228 - INFO - Dados encontrados no ViaCEP: {'cep': '76980-166', 'logradouro': 'Avenida Capitão Castro', 'complemento': 'de 2522/2523 a 2919/2920', 'unidade': '', 'bairro': 'Centro (S-01)', 'localidade': 'Vilhena', 'uf': 'RO', 'estado': 'Rondônia', 'regiao': 'Norte', 'ibge': '1100304', 'gia': '', 'ddd': '69', 'siafi': '0013'}
2025-05-22 02:43:10,453 - P15228 - INFO - CEP encontrado via ViaCEP: 76980-166
2025-05-22 02:43:10,453 - P15228 - INFO - Dados de CEP encontrados: {'cep': '76980-166', 'logradouro': 'Avenida Capitão Castro', 'complemento': 'de 2522/2523 a 2919/2920', 'unidade': '', 'bairro': 'Centro (S-01)', 'localidade': 'Vilhena', 'uf': 'RO', 'estado': 'Rondônia', 'regiao': 'Norte', 'ibge': '1100304', 'gia': '', 'ddd': '69', 'siafi': '0013'}
2025-05-22 02:43:10,453 - P15228 - INFO - Limpando texto extenso para campo bairro: Centro (S-01)...
2025-05-22 02:43:10,454 - P15228 - INFO - Texto limpo: Centro (S-01
2025-05-22 02:43:10,454 - P15228 - INFO - Limpando texto extenso para campo city: Vilhena...
2025-05-22 02:43:10,454 - P15228 - INFO - Texto limpo: Vilhena
2025-05-22 02:43:10,454 - P15228 - INFO - Limpando texto extenso para campo state: RO...
2025-05-22 02:43:10,455 - P15228 - INFO - Texto limpo: RO
2025-05-22 02:43:10,455 - P15228 - INFO - Tempo de execução de processamento completo do médico: 38.90 segundos
2025-05-22 02:43:10,455 - P15228 - INFO - Resultado processado: {'Hash': '2a3fd28dc894b6c7cc38dd6dcf0bb7964fabde6bc1b0cfb2193526eb6565f305', 'CRM': '5507', 'UF': 'RO', 'Firstname': 'ADEJAIME', 'LastName': 'LOPES DE ASSUNÇÃO', 'Medical specialty': '', 'Endereco Completo A1': 'Avenida Capitão Castro, 3274', 'Address A1': 'Avenida Capitão Castro', 'Numero A1': '3274', 'Complement A1': 'Conjunto D', 'Bairro A1': 'Centro (S-01', 'postal code A1': '76980-166', 'City A1': 'Vilhena', 'State A1': 'RO', 'Phone A1': '86) 6258-3217', 'Phone A2': '', 'Cell phone A1': '', 'Cell phone A2': '', 'E-mail A1': 'cfm@portalmedico.org.br', 'E-mail A2': '', 'OPT-IN': '', 'STATUS': '', 'LOTE': ''}
2025-05-22 02:43:10,456 - P15228 - INFO - Salvando lote de resultados
2025-05-22 02:43:10,457 - P15228 - INFO - Após salvar resultados Uso de memória: 129.04 MB
2025-05-22 02:43:10,457 - P15228 - INFO - Progresso: 32.2%
2025-05-22 02:43:10,458 - P15228 - INFO - Tempo de execução de processamento do médico 3: 38.90 segundos
2025-05-22 02:43:10,458 - P15228 - INFO - Tempo de execução de processamento do lote completo: 174.37 segundos
