2025-05-22 05:29:47,110 - P17320 - INFO - 
==================================================
Processando médico 1/3
2025-05-22 05:29:47,110 - P17320 - INFO - Nome: JOAO VICTOR SERAFIM
2025-05-22 05:29:47,110 - P17320 - INFO - Reiniciando driver do Chrome
2025-05-22 05:29:48,412 - P17320 - INFO - Após reiniciar driver Uso de memória: 129.72 MB
2025-05-22 05:29:48,413 - P17320 - INFO - Início do processamento Uso de memória: 129.72 MB
2025-05-22 05:29:48,413 - P17320 - INFO - Iniciando busca para: JOAO VICTOR SERAFIM CRM 210175 SP telefone e-mail endereço
2025-05-22 05:29:49,192 - P17320 - INFO - SearX results: 15 URLs
2025-05-22 05:29:49,192 - P17320 - INFO - Após SearX Uso de memória: 129.72 MB
2025-05-22 05:29:51,974 - P17320 - INFO - Google results: 3 URLs
2025-05-22 05:29:51,975 - P17320 - INFO - Após Google Uso de memória: 130.70 MB
2025-05-22 05:29:54,593 - P17320 - INFO - Bing results: 10 URLs
2025-05-22 05:29:54,593 - P17320 - INFO - Após Bing Uso de memória: 130.70 MB
2025-05-22 05:29:54,593 - P17320 - INFO - Total de URLs únicas: 18
2025-05-22 05:29:54,593 - P17320 - INFO - Processando URL 1/18: https://www.doctoralia.com.br/geriatra/sorocaba/funserv-sorocaba
2025-05-22 05:29:54,594 - P17320 - INFO - Ignorando URL de arquivo não-HTML: https://www.doctoralia.com.br/geriatra/sorocaba/funserv-sorocaba
2025-05-22 05:29:54,594 - P17320 - INFO - Após processar URL 1 Uso de memória: 130.70 MB
2025-05-22 05:29:54,594 - P17320 - INFO - Processando URL 2/18: https://www.saobernardo.sp.gov.br/documents/10181/735644/NM+1986+de+29.03.2018+-+Conteu%CC%81do+Integral.pdf/3b253239-9686-0d71-6801-35f051daf369
2025-05-22 05:29:54,594 - P17320 - INFO - Ignorando URL de arquivo não-HTML: https://www.saobernardo.sp.gov.br/documents/10181/735644/NM+1986+de+29.03.2018+-+Conteu%CC%81do+Integral.pdf/3b253239-9686-0d71-6801-35f051daf369
2025-05-22 05:29:54,594 - P17320 - INFO - Após processar URL 2 Uso de memória: 130.70 MB
2025-05-22 05:29:54,594 - P17320 - INFO - Processando URL 3/18: https://imprensaoficial.jundiai.sp.gov.br/wp-content/uploads/2024/12/5db70bc3-ca80-49bc-a352-a113fa0fa5c7_Edicao-5569-26-12-2024.pdf
2025-05-22 05:29:54,595 - P17320 - INFO - Ignorando URL de arquivo não-HTML: https://imprensaoficial.jundiai.sp.gov.br/wp-content/uploads/2024/12/5db70bc3-ca80-49bc-a352-a113fa0fa5c7_Edicao-5569-26-12-2024.pdf
2025-05-22 05:29:54,595 - P17320 - INFO - Após processar URL 3 Uso de memória: 130.70 MB
2025-05-22 05:29:54,595 - P17320 - INFO - Processando URL 4/18: https://biblioteca.mpf.mp.br/server/api/core/bitstreams/e5af94f9-01cc-4a21-b040-1a0346688ea6/content
2025-05-22 05:29:56,966 - P17320 - INFO - HTML salvo para debug: data\debug_html_v10\ff722a73e014035e5a8abbd3798ebab8.html
2025-05-22 05:29:56,966 - P17320 - INFO - Candidates address: 0 items
2025-05-22 05:29:56,966 - P17320 - INFO - Candidates phone: 0 items
2025-05-22 05:29:56,967 - P17320 - INFO - Candidates email: 0 items
2025-05-22 05:29:56,967 - P17320 - INFO - Candidates complement: 0 items
2025-05-22 05:29:56,967 - P17320 - INFO - Candidates cep: 0 items
2025-05-22 05:29:56,967 - P17320 - INFO - Após processar URL 4 Uso de memória: 130.70 MB
2025-05-22 05:29:56,967 - P17320 - INFO - Processando URL 5/18: https://osasco.sp.gov.br/site/wp-content/uploads/2016/03/httposasco.sp_.gov_.brcompsec1atosEd1222.pdf
2025-05-22 05:29:56,967 - P17320 - INFO - Ignorando URL de arquivo não-HTML: https://osasco.sp.gov.br/site/wp-content/uploads/2016/03/httposasco.sp_.gov_.brcompsec1atosEd1222.pdf
2025-05-22 05:29:56,968 - P17320 - INFO - Após processar URL 5 Uso de memória: 130.70 MB
2025-05-22 05:29:56,968 - P17320 - INFO - Processando URL 6/18: https://consultasaj.tjam.jus.br/cdje/downloadCaderno.do?dtDiario=29/06/2011&cdCaderno=2
2025-05-22 05:29:59,448 - P17320 - INFO - HTML salvo para debug: data\debug_html_v10\7a746075bcc1061117663bbf351a64cf.html
2025-05-22 05:29:59,449 - P17320 - INFO - Candidates address: 0 items
2025-05-22 05:29:59,449 - P17320 - INFO - Candidates phone: 0 items
2025-05-22 05:29:59,449 - P17320 - INFO - Candidates email: 0 items
2025-05-22 05:29:59,449 - P17320 - INFO - Candidates complement: 0 items
2025-05-22 05:29:59,449 - P17320 - INFO - Candidates cep: 0 items
2025-05-22 05:29:59,450 - P17320 - INFO - Após processar URL 6 Uso de memória: 130.70 MB
2025-05-22 05:29:59,450 - P17320 - INFO - Processando URL 7/18: https://www.medicosbrasil.com/profissional/joao-victor-serafim
2025-05-22 05:30:03,296 - P17320 - INFO - HTML salvo para debug: data\debug_html_v10\90557ce747f5918d53c8d45e2f290180.html
2025-05-22 05:30:03,324 - P17320 - INFO - Candidates address: 0 items
2025-05-22 05:30:03,324 - P17320 - INFO - Candidates phone: 0 items
2025-05-22 05:30:03,324 - P17320 - INFO - Candidates email: 0 items
2025-05-22 05:30:03,325 - P17320 - INFO - Candidates complement: 0 items
2025-05-22 05:30:03,325 - P17320 - INFO - Candidates cep: 0 items
2025-05-22 05:30:03,325 - P17320 - INFO - Após processar URL 7 Uso de memória: 130.70 MB
2025-05-22 05:30:03,325 - P17320 - INFO - Processando URL 8/18: https://www.doctoralia.com.br/geriatra/sorocaba
2025-05-22 05:30:03,325 - P17320 - INFO - Ignorando URL de arquivo não-HTML: https://www.doctoralia.com.br/geriatra/sorocaba
2025-05-22 05:30:03,326 - P17320 - INFO - Após processar URL 8 Uso de memória: 130.70 MB
2025-05-22 05:30:03,326 - P17320 - INFO - Processando URL 9/18: https://www.econodata.com.br/consulta-empresa/43384299000138-JOAO-VICTOR-SERAFIM-SERVICOS-MEDICOS-LTDA
2025-05-22 05:30:08,531 - P17320 - INFO - HTML salvo para debug: data\debug_html_v10\4d78f129133f5b52ea2a5d52dc6685b5.html
2025-05-22 05:30:08,663 - P17320 - INFO - Candidates address: 25 items
2025-05-22 05:30:08,663 - P17320 - INFO - Candidates phone: 0 items
2025-05-22 05:30:08,663 - P17320 - INFO - Candidates email: 0 items
2025-05-22 05:30:08,663 - P17320 - INFO - Candidates complement: 0 items
2025-05-22 05:30:08,663 - P17320 - INFO - Candidates cep: 1 items
2025-05-22 05:30:08,664 - P17320 - INFO - Após processar URL 9 Uso de memória: 131.52 MB
2025-05-22 05:30:08,664 - P17320 - INFO - Processando URL 10/18: https://cliniguia.com/profissionais/joao-victor-serafim-700002369499804/
2025-05-22 05:30:14,447 - P17320 - INFO - HTML salvo para debug: data\debug_html_v10\40930f5f610eb7ac5f9a75c36990ef90.html
2025-05-22 05:30:14,501 - P17320 - INFO - Candidates address: 0 items
2025-05-22 05:30:14,501 - P17320 - INFO - Candidates phone: 0 items
2025-05-22 05:30:14,502 - P17320 - INFO - Candidates email: 0 items
2025-05-22 05:30:14,502 - P17320 - INFO - Candidates complement: 0 items
2025-05-22 05:30:14,502 - P17320 - INFO - Candidates cep: 0 items
2025-05-22 05:30:14,502 - P17320 - INFO - Após processar URL 10 Uso de memória: 132.61 MB
2025-05-22 05:30:14,502 - P17320 - INFO - Processando URL 11/18: https://cnpj.biz/43384299000138
2025-05-22 05:30:18,905 - P17320 - INFO - HTML salvo para debug: data\debug_html_v10\f70d7eb984538f8e4c30e8fb5383e9f2.html
2025-05-22 05:30:18,928 - P17320 - INFO - Candidates address: 2 items
2025-05-22 05:30:18,928 - P17320 - INFO - Candidates phone: 1 items
2025-05-22 05:30:18,928 - P17320 - INFO - Candidates email: 1 items
2025-05-22 05:30:18,928 - P17320 - INFO - Candidates complement: 0 items
2025-05-22 05:30:18,928 - P17320 - INFO - Candidates cep: 3 items
2025-05-22 05:30:18,929 - P17320 - INFO - Após processar URL 11 Uso de memória: 131.68 MB
2025-05-22 05:30:18,929 - P17320 - INFO - Processando URL 12/18: https://guiamedico.cremesp.org.br/
2025-05-22 05:30:22,081 - P17320 - INFO - HTML salvo para debug: data\debug_html_v10\7c54969580769b63edd9abaa952e1fa2.html
2025-05-22 05:30:22,087 - P17320 - INFO - Candidates address: 1 items
2025-05-22 05:30:22,088 - P17320 - INFO - Candidates phone: 1 items
2025-05-22 05:30:22,089 - P17320 - INFO - Candidates email: 0 items
2025-05-22 05:30:22,089 - P17320 - INFO - Candidates complement: 0 items
2025-05-22 05:30:22,089 - P17320 - INFO - Candidates cep: 1 items
2025-05-22 05:30:22,090 - P17320 - INFO - Após processar URL 12 Uso de memória: 131.68 MB
2025-05-22 05:30:22,090 - P17320 - INFO - Processando URL 13/18: https://www.boaconsulta.com/especialista/joao-victor-serafim-6106c37fa2e00a5c57001e4f
2025-05-22 05:30:25,745 - P17320 - INFO - HTML salvo para debug: data\debug_html_v10\695edb9ada9aa4fe9a0b1ff860dd81b6.html
2025-05-22 05:30:25,820 - P17320 - INFO - Candidates address: 2 items
2025-05-22 05:30:25,820 - P17320 - INFO - Candidates phone: 0 items
2025-05-22 05:30:25,821 - P17320 - INFO - Candidates email: 0 items
2025-05-22 05:30:25,821 - P17320 - INFO - Candidates complement: 0 items
2025-05-22 05:30:25,821 - P17320 - INFO - Candidates cep: 0 items
2025-05-22 05:30:25,821 - P17320 - INFO - Após processar URL 13 Uso de memória: 131.68 MB
2025-05-22 05:30:25,821 - P17320 - INFO - Processando URL 14/18: https://www.diario.pi.gov.br/doe/files/diarios/anexo/1d3bc243-6d46-4bc4-8057-5a48c02ef160/DOEPI_51_2025.pdf
2025-05-22 05:30:25,821 - P17320 - INFO - Ignorando URL de arquivo não-HTML: https://www.diario.pi.gov.br/doe/files/diarios/anexo/1d3bc243-6d46-4bc4-8057-5a48c02ef160/DOEPI_51_2025.pdf
2025-05-22 05:30:25,822 - P17320 - INFO - Após processar URL 14 Uso de memória: 131.68 MB
2025-05-22 05:30:25,822 - P17320 - INFO - Processando URL 15/18: https://consultacrm.com.br/
2025-05-22 05:30:30,545 - P17320 - INFO - HTML salvo para debug: data\debug_html_v10\65cadeb91ac3713432c21b535990f440.html
2025-05-22 05:30:30,557 - P17320 - INFO - Candidates address: 0 items
2025-05-22 05:30:30,557 - P17320 - INFO - Candidates phone: 0 items
2025-05-22 05:30:30,557 - P17320 - INFO - Candidates email: 0 items
2025-05-22 05:30:30,558 - P17320 - INFO - Candidates complement: 0 items
2025-05-22 05:30:30,558 - P17320 - INFO - Candidates cep: 0 items
2025-05-22 05:30:30,559 - P17320 - INFO - Após processar URL 15 Uso de memória: 131.67 MB
2025-05-22 05:30:30,559 - P17320 - INFO - Processando URL 16/18: https://www.geriatriaserafim.com/
2025-05-22 05:30:35,111 - P17320 - INFO - HTML salvo para debug: data\debug_html_v10\59ffd846e0f32bd9dbc0cbfa2fbfb430.html
2025-05-22 05:30:35,150 - P17320 - INFO - Candidates address: 2 items
2025-05-22 05:30:35,150 - P17320 - INFO - Candidates phone: 1 items
2025-05-22 05:30:35,150 - P17320 - INFO - Candidates email: 0 items
2025-05-22 05:30:35,151 - P17320 - INFO - Candidates complement: 0 items
2025-05-22 05:30:35,151 - P17320 - INFO - Candidates cep: 2 items
2025-05-22 05:30:35,151 - P17320 - INFO - Após processar URL 16 Uso de memória: 131.68 MB
2025-05-22 05:30:35,151 - P17320 - INFO - Processando URL 17/18: https://sistemas.tjes.jus.br/ediario/index.php?option=com_ediario&view=contents&layout=fulltext&data=20181213&idorgao=347
2025-05-22 05:30:38,672 - P17320 - INFO - HTML salvo para debug: data\debug_html_v10\ee81e59f659ce11ec7be51a893ff3510.html
2025-05-22 05:30:39,562 - P17320 - INFO - Candidates address: 60 items
2025-05-22 05:30:39,562 - P17320 - INFO - Candidates phone: 9 items
2025-05-22 05:30:39,563 - P17320 - INFO - Candidates email: 7 items
2025-05-22 05:30:39,563 - P17320 - INFO - Candidates complement: 4 items
2025-05-22 05:30:39,563 - P17320 - INFO - Candidates cep: 86 items
2025-05-22 05:30:39,563 - P17320 - INFO - Após processar URL 17 Uso de memória: 134.30 MB
2025-05-22 05:30:39,563 - P17320 - INFO - Processando URL 18/18: https://www.doctoralia.com.br/joao-victor-serafim/geriatra-medico-clinico-geral/sorocaba
2025-05-22 05:30:39,564 - P17320 - INFO - Ignorando URL de arquivo não-HTML: https://www.doctoralia.com.br/joao-victor-serafim/geriatra-medico-clinico-geral/sorocaba
2025-05-22 05:30:39,564 - P17320 - INFO - Após processar URL 18 Uso de memória: 131.68 MB
2025-05-22 05:30:39,564 - P17320 - INFO - Iniciando agregação e ranqueamento
2025-05-22 05:30:39,564 - P17320 - INFO - Ranked address: 90 items
2025-05-22 05:30:39,565 - P17320 - INFO - Ranked phone: 12 items
2025-05-22 05:30:39,565 - P17320 - INFO - Ranked email: 8 items
2025-05-22 05:30:39,565 - P17320 - INFO - Ranked complement: 4 items
2025-05-22 05:30:39,565 - P17320 - INFO - Ranked cep: 91 items
2025-05-22 05:30:39,566 - P17320 - INFO - Após agregação Uso de memória: 131.68 MB
2025-05-22 05:30:39,566 - P17320 - INFO - Validando endereço: ['Rua Professor Toledo, 99', 'Rua Metodio Coelho, 104', 'Rua Capitao Cassiano Ricardo de Toledo, 191']
2025-05-22 05:30:39,566 - P17320 - INFO - Endereço validado: Rua Professor Toledo, 99
2025-05-22 05:30:39,566 - P17320 - INFO - Limpando texto extenso para campo address: Rua Professor Toledo, 99...
2025-05-22 05:30:39,566 - P17320 - INFO - Texto limpo: Rua Professor Toledo, 99
2025-05-22 05:30:39,567 - P17320 - INFO - Validando telefone: ['(15) 98181-9585', '(11) 4349-9900', '+55 15 3329-8801']
2025-05-22 05:30:39,567 - P17320 - INFO - Limpando texto extenso para campo phone: (15) 98181-9585...
2025-05-22 05:30:39,567 - P17320 - INFO - Texto limpo: 15) 98181-9585
2025-05-22 05:30:39,567 - P17320 - INFO - Telefone validado: 15) 98181-9585
2025-05-22 05:30:39,567 - P17320 - INFO - Validando email: ['crmcontabilidademed@gmail.com', 'contato@laroccapericias.com.br', '10civel-vitoria@tjes.jus.br']
2025-05-22 05:30:39,567 - P17320 - INFO - Limpando texto extenso para campo email: crmcontabilidademed@gmail.com...
2025-05-22 05:30:39,567 - P17320 - INFO - Texto limpo: crmcontabilidademed@gmail.com
2025-05-22 05:30:39,568 - P17320 - INFO - Email validado: crmcontabilidademed@gmail.com
2025-05-22 05:30:39,568 - P17320 - INFO - Validando complemento: ['Conjunto nº 06/2017', 'Conjunto nº 06/2017. Caso não seja realizado o pagamento', 'Conjunto nº 06/2017.   Caso não seja realizado o pagamento']
2025-05-22 05:30:39,568 - P17320 - INFO - Limpando texto extenso para campo complement: Conjunto nº 06/2017...
2025-05-22 05:30:39,568 - P17320 - INFO - Texto limpo: Conjunto nº 06/2017
2025-05-22 05:30:39,568 - P17320 - INFO - Complemento validado: Conjunto nº 06/2017
2025-05-22 05:30:39,568 - P17320 - INFO - Descobrindo cidade
2025-05-22 05:30:39,568 - P17320 - INFO - Buscando cidade: Rua Professor Toledo cidade SP
2025-05-22 05:30:42,386 - P17320 - WARNING - Cidade não encontrada
2025-05-22 05:30:42,386 - P17320 - INFO - Cidade descoberta: 
2025-05-22 05:30:42,386 - P17320 - INFO - Tempo de execução de processamento completo do médico: 53.97 segundos
2025-05-22 05:30:42,388 - P17320 - INFO - Resultado processado: {'Hash': 'b7aa153f386b2dc572e387349c4078d429050bd0b6c0ad67c3592fa179433fb4', 'CRM': '210175', 'UF': 'SP', 'Firstname': 'JOAO', 'LastName': 'VICTOR SERAFIM', 'Medical specialty': '', 'Endereco Completo A1': 'Rua Professor Toledo, 99', 'Address A1': 'Rua Professor Toledo', 'Numero A1': '99', 'Complement A1': 'Conjunto nº 06/2017', 'Bairro A1': '', 'postal code A1': '', 'City A1': '', 'State A1': '', 'Phone A1': '15) 98181-9585', 'Phone A2': '', 'Cell phone A1': '', 'Cell phone A2': '', 'E-mail A1': 'crmcontabilidademed@gmail.com', 'E-mail A2': '', 'OPT-IN': '', 'STATUS': '', 'LOTE': ''}
2025-05-22 05:30:42,389 - P17320 - INFO - Progresso: 90.8%
2025-05-22 05:30:42,390 - P17320 - INFO - Executando coleta de lixo
2025-05-22 05:30:42,453 - P17320 - INFO - Após coleta de lixo Uso de memória: 121.04 MB
2025-05-22 05:30:42,453 - P17320 - INFO - Tempo de execução de processamento do médico 1: 55.34 segundos
2025-05-22 05:30:42,453 - P17320 - INFO - 
==================================================
Processando médico 2/3
2025-05-22 05:30:42,454 - P17320 - INFO - Nome: ROBERTO LEAN FERNANDES DA ROCHA FILHO
2025-05-22 05:30:42,454 - P17320 - INFO - Início do processamento Uso de memória: 121.04 MB
2025-05-22 05:30:42,454 - P17320 - INFO - Iniciando busca para: ROBERTO LEAN FERNANDES DA ROCHA FILHO CRM 211482 SP telefone e-mail endereço
2025-05-22 05:30:43,245 - P17320 - INFO - SearX results: 11 URLs
2025-05-22 05:30:43,246 - P17320 - INFO - Após SearX Uso de memória: 121.04 MB
2025-05-22 05:30:46,013 - P17320 - INFO - Google results: 9 URLs
2025-05-22 05:30:46,013 - P17320 - INFO - Após Google Uso de memória: 124.64 MB
2025-05-22 05:30:48,436 - P17320 - INFO - Bing results: 10 URLs
2025-05-22 05:30:48,436 - P17320 - INFO - Após Bing Uso de memória: 127.46 MB
2025-05-22 05:30:48,436 - P17320 - INFO - Total de URLs únicas: 20
2025-05-22 05:30:48,436 - P17320 - INFO - Processando URL 1/20: https://www.classemedica.com.br/medico/292214-roberto-rocha-e-silva.htm
2025-05-22 05:30:59,086 - P17320 - INFO - HTML salvo para debug: data\debug_html_v10\49a7193ef6d4102edaf6fb8a65ad7c7a.html
2025-05-22 05:30:59,121 - P17320 - INFO - Candidates address: 0 items
2025-05-22 05:30:59,121 - P17320 - INFO - Candidates phone: 0 items
2025-05-22 05:30:59,121 - P17320 - INFO - Candidates email: 0 items
2025-05-22 05:30:59,121 - P17320 - INFO - Candidates complement: 0 items
2025-05-22 05:30:59,122 - P17320 - INFO - Candidates cep: 0 items
2025-05-22 05:30:59,122 - P17320 - INFO - Após processar URL 1 Uso de memória: 127.94 MB
2025-05-22 05:30:59,122 - P17320 - INFO - Processando URL 2/20: https://vascularline.com.br/
2025-05-22 05:31:01,399 - P17320 - INFO - HTML salvo para debug: data\debug_html_v10\a258e07b50a6d2f84f6730598391e361.html
2025-05-22 05:31:01,466 - P17320 - INFO - Candidates address: 0 items
2025-05-22 05:31:01,467 - P17320 - INFO - Candidates phone: 2 items
2025-05-22 05:31:01,467 - P17320 - INFO - Candidates email: 1 items
2025-05-22 05:31:01,468 - P17320 - INFO - Candidates complement: 0 items
2025-05-22 05:31:01,477 - P17320 - INFO - Candidates cep: 2 items
2025-05-22 05:31:01,480 - P17320 - INFO - Após processar URL 2 Uso de memória: 128.75 MB
2025-05-22 05:31:01,480 - P17320 - INFO - Processando URL 3/20: https://www.boaconsulta.com/especialista/roberto-lean-fernandes-da-rocha-filho-6106d0b0a2e00a6411002dbc
2025-05-22 05:31:04,412 - P17320 - INFO - HTML salvo para debug: data\debug_html_v10\fdbee9409aee9f43ab0b16312924d41d.html
2025-05-22 05:31:04,490 - P17320 - INFO - Candidates address: 6 items
2025-05-22 05:31:04,490 - P17320 - INFO - Candidates phone: 0 items
2025-05-22 05:31:04,491 - P17320 - INFO - Candidates email: 0 items
2025-05-22 05:31:04,491 - P17320 - INFO - Candidates complement: 0 items
2025-05-22 05:31:04,491 - P17320 - INFO - Candidates cep: 0 items
2025-05-22 05:31:04,491 - P17320 - INFO - Após processar URL 3 Uso de memória: 129.57 MB
2025-05-22 05:31:04,491 - P17320 - INFO - Processando URL 4/20: https://guiamedico.cremesp.org.br/
2025-05-22 05:31:07,151 - P17320 - INFO - HTML salvo para debug: data\debug_html_v10\7c54969580769b63edd9abaa952e1fa2.html
2025-05-22 05:31:07,158 - P17320 - INFO - Candidates address: 1 items
2025-05-22 05:31:07,158 - P17320 - INFO - Candidates phone: 1 items
2025-05-22 05:31:07,158 - P17320 - INFO - Candidates email: 0 items
2025-05-22 05:31:07,158 - P17320 - INFO - Candidates complement: 0 items
2025-05-22 05:31:07,158 - P17320 - INFO - Candidates cep: 1 items
2025-05-22 05:31:07,159 - P17320 - INFO - Após processar URL 4 Uso de memória: 129.90 MB
2025-05-22 05:31:07,159 - P17320 - INFO - Processando URL 5/20: https://www.medicosbrasil.com/profissional/roberto-lean-fernandes-da-rocha-filho
2025-05-22 05:31:09,331 - P17320 - INFO - HTML salvo para debug: data\debug_html_v10\c91eb1d7927f5b71e4dc1b5711ba32f0.html
2025-05-22 05:31:09,333 - P17320 - INFO - Candidates address: 0 items
2025-05-22 05:31:09,333 - P17320 - INFO - Candidates phone: 0 items
2025-05-22 05:31:09,333 - P17320 - INFO - Candidates email: 0 items
2025-05-22 05:31:09,333 - P17320 - INFO - Candidates complement: 0 items
2025-05-22 05:31:09,333 - P17320 - INFO - Candidates cep: 0 items
2025-05-22 05:31:09,334 - P17320 - INFO - Após processar URL 5 Uso de memória: 129.94 MB
2025-05-22 05:31:09,334 - P17320 - INFO - Processando URL 6/20: https://cliniguia.com/profissionais/roberto-lean-fernandes-da-rocha-filho-700502326870654/
2025-05-22 05:31:13,825 - P17320 - INFO - HTML salvo para debug: data\debug_html_v10\54f8f7d0c3bd6c60117c1347958e782d.html
2025-05-22 05:31:13,870 - P17320 - INFO - Candidates address: 0 items
2025-05-22 05:31:13,871 - P17320 - INFO - Candidates phone: 0 items
2025-05-22 05:31:13,871 - P17320 - INFO - Candidates email: 0 items
2025-05-22 05:31:13,871 - P17320 - INFO - Candidates complement: 0 items
2025-05-22 05:31:13,871 - P17320 - INFO - Candidates cep: 0 items
2025-05-22 05:31:13,871 - P17320 - INFO - Após processar URL 6 Uso de memória: 131.17 MB
2025-05-22 05:31:13,871 - P17320 - INFO - Processando URL 7/20: https://clinicarefort.com.br/
2025-05-22 05:31:16,855 - P17320 - INFO - HTML salvo para debug: data\debug_html_v10\c9ab5a25f7bc97263107f3c0972f639b.html
2025-05-22 05:31:16,883 - P17320 - INFO - Candidates address: 0 items
2025-05-22 05:31:16,884 - P17320 - INFO - Candidates phone: 1 items
2025-05-22 05:31:16,884 - P17320 - INFO - Candidates email: 1 items
2025-05-22 05:31:16,884 - P17320 - INFO - Candidates complement: 0 items
2025-05-22 05:31:16,884 - P17320 - INFO - Candidates cep: 0 items
2025-05-22 05:31:16,884 - P17320 - INFO - Após processar URL 7 Uso de memória: 130.20 MB
2025-05-22 05:31:16,885 - P17320 - INFO - Processando URL 8/20: https://www.portaltransparencia.gov.br/pessoa-fisica/busca/lista
2025-05-22 05:31:20,542 - P17320 - INFO - HTML salvo para debug: data\debug_html_v10\e200cdf64b71d4c9248718dd155b3edb.html
2025-05-22 05:31:20,585 - P17320 - INFO - Candidates address: 0 items
2025-05-22 05:31:20,585 - P17320 - INFO - Candidates phone: 0 items
2025-05-22 05:31:20,585 - P17320 - INFO - Candidates email: 0 items
2025-05-22 05:31:20,586 - P17320 - INFO - Candidates complement: 0 items
2025-05-22 05:31:20,586 - P17320 - INFO - Candidates cep: 0 items
2025-05-22 05:31:20,586 - P17320 - INFO - Após processar URL 8 Uso de memória: 130.20 MB
2025-05-22 05:31:20,586 - P17320 - INFO - Processando URL 9/20: https://portal.cfm.org.br/busca-medicos
2025-05-22 05:31:23,436 - P17320 - INFO - HTML salvo para debug: data\debug_html_v10\e28ae84aaa177d1328f3a0d1fb68449f.html
2025-05-22 05:31:23,474 - P17320 - INFO - Candidates address: 0 items
2025-05-22 05:31:23,474 - P17320 - INFO - Candidates phone: 0 items
2025-05-22 05:31:23,474 - P17320 - INFO - Candidates email: 1 items
2025-05-22 05:31:23,474 - P17320 - INFO - Candidates complement: 1 items
2025-05-22 05:31:23,474 - P17320 - INFO - Candidates cep: 1 items
2025-05-22 05:31:23,474 - P17320 - INFO - Após processar URL 9 Uso de memória: 130.24 MB
2025-05-22 05:31:23,475 - P17320 - INFO - Processando URL 10/20: https://www.doctoralia.com.br/roberto-lean-fernandes/medico-clinico-geral/sorocaba
2025-05-22 05:31:23,475 - P17320 - INFO - Ignorando URL de arquivo não-HTML: https://www.doctoralia.com.br/roberto-lean-fernandes/medico-clinico-geral/sorocaba
2025-05-22 05:31:23,475 - P17320 - INFO - Após processar URL 10 Uso de memória: 130.24 MB
2025-05-22 05:31:23,475 - P17320 - INFO - Processando URL 11/20: https://clinicamarciafrigerio.com.br/equipe-clinica/
2025-05-22 05:31:28,014 - P17320 - INFO - HTML salvo para debug: data\debug_html_v10\c35e908355dd59e305a9e011ddb75156.html
2025-05-22 05:31:28,055 - P17320 - INFO - Candidates address: 2 items
2025-05-22 05:31:28,056 - P17320 - INFO - Candidates phone: 4 items
2025-05-22 05:31:28,056 - P17320 - INFO - Candidates email: 0 items
2025-05-22 05:31:28,056 - P17320 - INFO - Candidates complement: 0 items
2025-05-22 05:31:28,056 - P17320 - INFO - Candidates cep: 1 items
2025-05-22 05:31:28,056 - P17320 - INFO - Após processar URL 11 Uso de memória: 130.28 MB
2025-05-22 05:31:28,057 - P17320 - INFO - Processando URL 12/20: https://www.consultasocio.com/q/sa/roberto-lean-fernandes-da-rocha-filho
2025-05-22 05:31:33,352 - P17320 - INFO - HTML salvo para debug: data\debug_html_v10\c2fc1bab38f9e4439b4f75a20529ba9e.html
2025-05-22 05:31:33,365 - P17320 - INFO - Candidates address: 7 items
2025-05-22 05:31:33,366 - P17320 - INFO - Candidates phone: 0 items
2025-05-22 05:31:33,366 - P17320 - INFO - Candidates email: 4 items
2025-05-22 05:31:33,366 - P17320 - INFO - Candidates complement: 1 items
2025-05-22 05:31:33,366 - P17320 - INFO - Candidates cep: 14 items
2025-05-22 05:31:33,366 - P17320 - INFO - Após processar URL 12 Uso de memória: 130.28 MB
2025-05-22 05:31:33,367 - P17320 - INFO - Processando URL 13/20: https://cnpj.services/qsa/roberto-lean-fernandes-da-rocha-filho
2025-05-22 05:31:36,461 - P17320 - INFO - HTML salvo para debug: data\debug_html_v10\33d5942494eb5831cf3ded95afe03c37.html
2025-05-22 05:31:36,472 - P17320 - INFO - Candidates address: 0 items
2025-05-22 05:31:36,472 - P17320 - INFO - Candidates phone: 0 items
2025-05-22 05:31:36,472 - P17320 - INFO - Candidates email: 0 items
2025-05-22 05:31:36,472 - P17320 - INFO - Candidates complement: 0 items
2025-05-22 05:31:36,473 - P17320 - INFO - Candidates cep: 5 items
2025-05-22 05:31:36,473 - P17320 - INFO - Após processar URL 13 Uso de memória: 130.36 MB
2025-05-22 05:31:36,473 - P17320 - INFO - Processando URL 14/20: https://guiasaudebrasil.com.br/profissional/cb922155af05c729-roberto-lean-fernandes-da-rocha-filho
2025-05-22 05:31:42,111 - P17320 - INFO - HTML salvo para debug: data\debug_html_v10\604e452d4f584e8a312639426fc4d784.html
2025-05-22 05:31:42,123 - P17320 - INFO - Candidates address: 0 items
2025-05-22 05:31:42,123 - P17320 - INFO - Candidates phone: 0 items
2025-05-22 05:31:42,123 - P17320 - INFO - Candidates email: 0 items
2025-05-22 05:31:42,124 - P17320 - INFO - Candidates complement: 0 items
2025-05-22 05:31:42,124 - P17320 - INFO - Candidates cep: 1 items
2025-05-22 05:31:42,124 - P17320 - INFO - Após processar URL 14 Uso de memória: 130.36 MB
2025-05-22 05:31:42,124 - P17320 - INFO - Processando URL 15/20: https://www.juntacomercial.pr.gov.br/Pagina/Atos-Decisorios-Abril2022
2025-05-22 05:31:46,181 - P17320 - INFO - HTML salvo para debug: data\debug_html_v10\4e9cdde1e87df858f7b398a3cd86ef1f.html
2025-05-22 05:31:46,330 - P17320 - INFO - Candidates address: 132 items
2025-05-22 05:31:46,330 - P17320 - INFO - Candidates phone: 0 items
2025-05-22 05:31:46,331 - P17320 - INFO - Candidates email: 0 items
2025-05-22 05:31:46,331 - P17320 - INFO - Candidates complement: 15 items
2025-05-22 05:31:46,331 - P17320 - INFO - Candidates cep: 128 items
2025-05-22 05:31:46,331 - P17320 - INFO - Após processar URL 15 Uso de memória: 133.37 MB
2025-05-22 05:31:46,331 - P17320 - INFO - Processando URL 16/20: https://www.fradesaid.com.br/dr-danniel-frade-said/
2025-05-22 05:31:50,045 - P17320 - INFO - HTML salvo para debug: data\debug_html_v10\0319dbc9b2c773828b45a5193b933185.html
2025-05-22 05:31:50,094 - P17320 - INFO - Candidates address: 1 items
2025-05-22 05:31:50,095 - P17320 - INFO - Candidates phone: 2 items
2025-05-22 05:31:50,095 - P17320 - INFO - Candidates email: 0 items
2025-05-22 05:31:50,095 - P17320 - INFO - Candidates complement: 0 items
2025-05-22 05:31:50,095 - P17320 - INFO - Candidates cep: 1 items
2025-05-22 05:31:50,095 - P17320 - INFO - Após processar URL 16 Uso de memória: 131.55 MB
2025-05-22 05:31:50,096 - P17320 - INFO - Processando URL 17/20: https://www.lean.org.br/contato
2025-05-22 05:31:53,641 - P17320 - INFO - HTML salvo para debug: data\debug_html_v10\65979a603086a0c9e25b322c9e9b5093.html
2025-05-22 05:31:53,672 - P17320 - INFO - Candidates address: 0 items
2025-05-22 05:31:53,672 - P17320 - INFO - Candidates phone: 0 items
2025-05-22 05:31:53,672 - P17320 - INFO - Candidates email: 1 items
2025-05-22 05:31:53,673 - P17320 - INFO - Candidates complement: 1 items
2025-05-22 05:31:53,673 - P17320 - INFO - Candidates cep: 1 items
2025-05-22 05:31:53,673 - P17320 - INFO - Após processar URL 17 Uso de memória: 131.55 MB
2025-05-22 05:31:53,673 - P17320 - INFO - Processando URL 18/20: https://crmsc.org.br/wp-content/uploads/2022/10/Vistos-Provisorios-18102022.pdf
2025-05-22 05:31:53,673 - P17320 - INFO - Ignorando URL de arquivo não-HTML: https://crmsc.org.br/wp-content/uploads/2022/10/Vistos-Provisorios-18102022.pdf
2025-05-22 05:31:53,673 - P17320 - INFO - Após processar URL 18 Uso de memória: 131.55 MB
2025-05-22 05:31:53,674 - P17320 - INFO - Processando URL 19/20: https://crmsc.org.br/wp-content/uploads/2022/12/Vistos-Provisorios-16122022.pdf
2025-05-22 05:31:53,674 - P17320 - INFO - Ignorando URL de arquivo não-HTML: https://crmsc.org.br/wp-content/uploads/2022/12/Vistos-Provisorios-16122022.pdf
2025-05-22 05:31:53,674 - P17320 - INFO - Após processar URL 19 Uso de memória: 131.55 MB
2025-05-22 05:31:53,674 - P17320 - INFO - Processando URL 20/20: https://consultacrm.com.br/
2025-05-22 05:31:57,184 - P17320 - INFO - HTML salvo para debug: data\debug_html_v10\65cadeb91ac3713432c21b535990f440.html
2025-05-22 05:31:57,198 - P17320 - INFO - Candidates address: 0 items
2025-05-22 05:31:57,198 - P17320 - INFO - Candidates phone: 0 items
2025-05-22 05:31:57,200 - P17320 - INFO - Candidates email: 0 items
2025-05-22 05:31:57,200 - P17320 - INFO - Candidates complement: 0 items
2025-05-22 05:31:57,201 - P17320 - INFO - Candidates cep: 0 items
2025-05-22 05:31:57,202 - P17320 - INFO - Após processar URL 20 Uso de memória: 131.63 MB
2025-05-22 05:31:57,203 - P17320 - INFO - Iniciando agregação e ranqueamento
2025-05-22 05:31:57,205 - P17320 - INFO - Ranked address: 149 items
2025-05-22 05:31:57,206 - P17320 - INFO - Ranked phone: 10 items
2025-05-22 05:31:57,207 - P17320 - INFO - Ranked email: 8 items
2025-05-22 05:31:57,207 - P17320 - INFO - Ranked complement: 18 items
2025-05-22 05:31:57,207 - P17320 - INFO - Ranked cep: 155 items
2025-05-22 05:31:57,214 - P17320 - INFO - Após agregação Uso de memória: 131.63 MB
2025-05-22 05:31:57,216 - P17320 - INFO - Validando endereço: ['Rua Coronel Nogueira Padilha, 2585', 'Avenida General Carneiro, 1670', 'Avenida Sao Paulo, 750']
2025-05-22 05:31:57,217 - P17320 - INFO - Endereço validado: Rua Coronel Nogueira Padilha, 2585
2025-05-22 05:31:57,218 - P17320 - INFO - Limpando texto extenso para campo address: Rua Coronel Nogueira Padilha, 2585...
2025-05-22 05:31:57,218 - P17320 - INFO - Texto limpo: Rua Coronel Nogueira Padilha, 2585
2025-05-22 05:31:57,219 - P17320 - INFO - Validando telefone: ['11%205093-7855', '+551150937855', '(11) 4349-9900']
2025-05-22 05:31:57,219 - P17320 - INFO - Limpando texto extenso para campo phone: (11) 4349-9900...
2025-05-22 05:31:57,222 - P17320 - INFO - Texto limpo: 11) 4349-9900
2025-05-22 05:31:57,225 - P17320 - INFO - Telefone validado: 11) 4349-9900
2025-05-22 05:31:57,226 - P17320 - INFO - Validando email: ['admin@vascularline.com', 'contato@clinicarefort.com.br', 'cfm@portalmedico.org.br']
2025-05-22 05:31:57,227 - P17320 - INFO - Limpando texto extenso para campo email: admin@vascularline.com...
2025-05-22 05:31:57,229 - P17320 - INFO - Texto limpo: admin@vascularline.com
2025-05-22 05:31:57,230 - P17320 - INFO - Email validado: admin@vascularline.com
2025-05-22 05:31:57,231 - P17320 - INFO - Validando complemento: ['Conjunto D', 'Sala  412 Jardim Paraiso', 'Salao De Beleza Cm Concept Ltda']
2025-05-22 05:31:57,234 - P17320 - INFO - Limpando texto extenso para campo complement: Conjunto D...
2025-05-22 05:31:57,235 - P17320 - INFO - Texto limpo: Conjunto D
2025-05-22 05:31:57,236 - P17320 - INFO - Complemento validado: Conjunto D
2025-05-22 05:31:57,237 - P17320 - INFO - Descobrindo cidade
2025-05-22 05:31:57,239 - P17320 - INFO - Buscando cidade: Rua Coronel Nogueira Padilha cidade SP
2025-05-22 05:31:59,900 - P17320 - WARNING - Cidade não encontrada
2025-05-22 05:31:59,900 - P17320 - INFO - Cidade descoberta: 
2025-05-22 05:31:59,900 - P17320 - INFO - Tempo de execução de processamento completo do médico: 77.45 segundos
2025-05-22 05:31:59,901 - P17320 - INFO - Resultado processado: {'Hash': '5768e45e9a08d654e9fa6f5865f0f9d0ac2d1437c78a2f12d98812cfebfa9f61', 'CRM': '211482', 'UF': 'SP', 'Firstname': 'ROBERTO', 'LastName': 'LEAN FERNANDES DA ROCHA FILHO', 'Medical specialty': '', 'Endereco Completo A1': 'Rua Coronel Nogueira Padilha, 2585', 'Address A1': 'Rua Coronel Nogueira Padilha', 'Numero A1': '2585', 'Complement A1': 'Conjunto D', 'Bairro A1': '', 'postal code A1': '', 'City A1': '', 'State A1': '', 'Phone A1': '11) 4349-9900', 'Phone A2': '', 'Cell phone A1': '', 'Cell phone A2': '', 'E-mail A1': 'admin@vascularline.com', 'E-mail A2': '', 'OPT-IN': '', 'STATUS': '', 'LOTE': ''}
2025-05-22 05:31:59,901 - P17320 - INFO - Progresso: 91.1%
2025-05-22 05:31:59,902 - P17320 - INFO - Tempo de execução de processamento do médico 2: 77.45 segundos
2025-05-22 05:31:59,902 - P17320 - INFO - 
==================================================
Processando médico 3/3
2025-05-22 05:31:59,902 - P17320 - INFO - Nome: MARIA PAULA CARVALHO AZEVEDO
2025-05-22 05:31:59,902 - P17320 - INFO - Início do processamento Uso de memória: 129.56 MB
2025-05-22 05:31:59,903 - P17320 - INFO - Iniciando busca para: MARIA PAULA CARVALHO AZEVEDO CRM 212155 SP telefone e-mail endereço
2025-05-22 05:32:00,766 - P17320 - INFO - SearX results: 15 URLs
2025-05-22 05:32:00,766 - P17320 - INFO - Após SearX Uso de memória: 129.56 MB
2025-05-22 05:32:03,398 - P17320 - INFO - Google results: 10 URLs
2025-05-22 05:32:03,398 - P17320 - INFO - Após Google Uso de memória: 131.60 MB
2025-05-22 05:32:05,986 - P17320 - INFO - Bing results: 10 URLs
2025-05-22 05:32:05,986 - P17320 - INFO - Após Bing Uso de memória: 132.57 MB
2025-05-22 05:32:05,986 - P17320 - INFO - Total de URLs únicas: 22
2025-05-22 05:32:05,986 - P17320 - INFO - Processando URL 1/22: https://crmvirtual.cfm.org.br/ES/servico/pesquisar-por-medico
2025-05-22 05:32:08,827 - P17320 - INFO - HTML salvo para debug: data\debug_html_v10\0ff8b0bf2c6dbb46c836bac9c0cf4a16.html
2025-05-22 05:32:08,838 - P17320 - INFO - Candidates address: 0 items
2025-05-22 05:32:08,839 - P17320 - INFO - Candidates phone: 0 items
2025-05-22 05:32:08,839 - P17320 - INFO - Candidates email: 0 items
2025-05-22 05:32:08,839 - P17320 - INFO - Candidates complement: 0 items
2025-05-22 05:32:08,840 - P17320 - INFO - Candidates cep: 0 items
2025-05-22 05:32:08,840 - P17320 - INFO - Após processar URL 1 Uso de memória: 132.59 MB
2025-05-22 05:32:08,840 - P17320 - INFO - Processando URL 2/22: https://guiamedico.cremesp.org.br/
2025-05-22 05:32:11,621 - P17320 - INFO - HTML salvo para debug: data\debug_html_v10\7c54969580769b63edd9abaa952e1fa2.html
2025-05-22 05:32:11,628 - P17320 - INFO - Candidates address: 1 items
2025-05-22 05:32:11,629 - P17320 - INFO - Candidates phone: 1 items
2025-05-22 05:32:11,629 - P17320 - INFO - Candidates email: 0 items
2025-05-22 05:32:11,629 - P17320 - INFO - Candidates complement: 0 items
2025-05-22 05:32:11,629 - P17320 - INFO - Candidates cep: 1 items
2025-05-22 05:32:11,629 - P17320 - INFO - Após processar URL 2 Uso de memória: 132.59 MB
2025-05-22 05:32:11,629 - P17320 - INFO - Processando URL 3/22: https://www.doctoralia.com.br/maria-paula-carvalho-azevedo/neurologista/piracicaba
2025-05-22 05:32:11,630 - P17320 - INFO - Ignorando URL de arquivo não-HTML: https://www.doctoralia.com.br/maria-paula-carvalho-azevedo/neurologista/piracicaba
2025-05-22 05:32:11,630 - P17320 - INFO - Após processar URL 3 Uso de memória: 132.59 MB
2025-05-22 05:32:11,630 - P17320 - INFO - Processando URL 4/22: https://www.medicosbrasil.com/profissional/larissa-azevedo-carvalho-prudente-de-toledo
2025-05-22 05:32:13,805 - P17320 - INFO - HTML salvo para debug: data\debug_html_v10\f4339bfe079b4874514fd225e84a2070.html
2025-05-22 05:32:13,807 - P17320 - INFO - Candidates address: 0 items
2025-05-22 05:32:13,807 - P17320 - INFO - Candidates phone: 0 items
2025-05-22 05:32:13,807 - P17320 - INFO - Candidates email: 0 items
2025-05-22 05:32:13,807 - P17320 - INFO - Candidates complement: 0 items
2025-05-22 05:32:13,807 - P17320 - INFO - Candidates cep: 0 items
2025-05-22 05:32:13,808 - P17320 - INFO - Após processar URL 4 Uso de memória: 132.59 MB
2025-05-22 05:32:13,808 - P17320 - INFO - Processando URL 5/22: https://www.portaltransparencia.gov.br/pessoa-fisica/busca/lista
2025-05-22 05:32:16,870 - P17320 - INFO - HTML salvo para debug: data\debug_html_v10\e200cdf64b71d4c9248718dd155b3edb.html
2025-05-22 05:32:16,914 - P17320 - INFO - Candidates address: 0 items
2025-05-22 05:32:16,939 - P17320 - INFO - Candidates phone: 0 items
2025-05-22 05:32:16,940 - P17320 - INFO - Candidates email: 0 items
2025-05-22 05:32:16,941 - P17320 - INFO - Candidates complement: 0 items
2025-05-22 05:32:16,941 - P17320 - INFO - Candidates cep: 0 items
2025-05-22 05:32:16,942 - P17320 - INFO - Após processar URL 5 Uso de memória: 132.59 MB
2025-05-22 05:32:16,943 - P17320 - INFO - Processando URL 6/22: https://www.doctoralia.com.br/neurofisiologista/sorocaba
2025-05-22 05:32:16,943 - P17320 - INFO - Ignorando URL de arquivo não-HTML: https://www.doctoralia.com.br/neurofisiologista/sorocaba
2025-05-22 05:32:16,944 - P17320 - INFO - Após processar URL 6 Uso de memória: 132.59 MB
2025-05-22 05:32:16,944 - P17320 - INFO - Processando URL 7/22: https://www.medicosbrasil.com/profissional/maria-paula-carvalho-azevedo
2025-05-22 05:32:19,113 - P17320 - INFO - HTML salvo para debug: data\debug_html_v10\0e2a1cc1335525b2c685bdfcc9c08c94.html
2025-05-22 05:32:19,115 - P17320 - INFO - Candidates address: 0 items
2025-05-22 05:32:19,116 - P17320 - INFO - Candidates phone: 0 items
2025-05-22 05:32:19,117 - P17320 - INFO - Candidates email: 0 items
2025-05-22 05:32:19,118 - P17320 - INFO - Candidates complement: 0 items
2025-05-22 05:32:19,118 - P17320 - INFO - Candidates cep: 0 items
2025-05-22 05:32:19,118 - P17320 - INFO - Após processar URL 7 Uso de memória: 132.58 MB
2025-05-22 05:32:19,118 - P17320 - INFO - Processando URL 8/22: https://portal.cfm.org.br/busca-medicos
2025-05-22 05:32:22,516 - P17320 - INFO - HTML salvo para debug: data\debug_html_v10\e28ae84aaa177d1328f3a0d1fb68449f.html
2025-05-22 05:32:22,558 - P17320 - INFO - Candidates address: 0 items
2025-05-22 05:32:22,579 - P17320 - INFO - Candidates phone: 0 items
2025-05-22 05:32:22,588 - P17320 - INFO - Candidates email: 1 items
2025-05-22 05:32:22,599 - P17320 - INFO - Candidates complement: 1 items
2025-05-22 05:32:22,603 - P17320 - INFO - Candidates cep: 1 items
2025-05-22 05:32:22,604 - P17320 - INFO - Após processar URL 8 Uso de memória: 132.58 MB
2025-05-22 05:32:22,606 - P17320 - INFO - Processando URL 9/22: https://www.sociosbrasil.com/nome/maria-paula-carvalho-azevedo
2025-05-22 05:32:27,107 - P17320 - INFO - HTML salvo para debug: data\debug_html_v10\d5af2c6aae067f31972b3dfdc0b26b95.html
2025-05-22 05:32:27,113 - P17320 - INFO - Candidates address: 0 items
2025-05-22 05:32:27,113 - P17320 - INFO - Candidates phone: 0 items
2025-05-22 05:32:27,113 - P17320 - INFO - Candidates email: 1 items
2025-05-22 05:32:27,114 - P17320 - INFO - Candidates complement: 1 items
2025-05-22 05:32:27,114 - P17320 - INFO - Candidates cep: 2 items
2025-05-22 05:32:27,114 - P17320 - INFO - Após processar URL 9 Uso de memória: 132.58 MB
2025-05-22 05:32:27,114 - P17320 - INFO - Processando URL 10/22: https://www.doctoralia.com.br/servicos-de-tratamento/primeira-consulta-neurologia-2/piracicaba
2025-05-22 05:32:27,114 - P17320 - INFO - Ignorando URL de arquivo não-HTML: https://www.doctoralia.com.br/servicos-de-tratamento/primeira-consulta-neurologia-2/piracicaba
2025-05-22 05:32:27,115 - P17320 - INFO - Após processar URL 10 Uso de memória: 132.58 MB
2025-05-22 05:32:27,115 - P17320 - INFO - Processando URL 11/22: https://diariooficial.santos.sp.gov.br/edicoes/inicio/download/2023-02-27
2025-05-22 05:32:29,213 - P17320 - INFO - HTML salvo para debug: data\debug_html_v10\8e0774772c41cb028e27e83d23a6a3b7.html
2025-05-22 05:32:29,214 - P17320 - INFO - Candidates address: 0 items
2025-05-22 05:32:29,214 - P17320 - INFO - Candidates phone: 0 items
2025-05-22 05:32:29,214 - P17320 - INFO - Candidates email: 0 items
2025-05-22 05:32:29,214 - P17320 - INFO - Candidates complement: 0 items
2025-05-22 05:32:29,214 - P17320 - INFO - Candidates cep: 0 items
2025-05-22 05:32:29,215 - P17320 - INFO - Após processar URL 11 Uso de memória: 132.58 MB
2025-05-22 05:32:29,215 - P17320 - INFO - Processando URL 12/22: https://www.riobranco.ac.gov.br/wp-content/uploads/2023/08/DO16911519498415.pdf
2025-05-22 05:32:29,216 - P17320 - INFO - Ignorando URL de arquivo não-HTML: https://www.riobranco.ac.gov.br/wp-content/uploads/2023/08/DO16911519498415.pdf
2025-05-22 05:32:29,216 - P17320 - INFO - Após processar URL 12 Uso de memória: 132.58 MB
2025-05-22 05:32:29,216 - P17320 - INFO - Processando URL 13/22: https://portal-api.campinas.sp.gov.br/sites/default/files/publicacoes-dom/dom/1817002779.pdf
2025-05-22 05:32:29,216 - P17320 - INFO - Ignorando URL de arquivo não-HTML: https://portal-api.campinas.sp.gov.br/sites/default/files/publicacoes-dom/dom/1817002779.pdf
2025-05-22 05:32:29,217 - P17320 - INFO - Após processar URL 13 Uso de memória: 132.58 MB
2025-05-22 05:32:29,217 - P17320 - INFO - Processando URL 14/22: https://www.saobernardo.sp.gov.br/documents/10181/1018801/NM+2105+de+24.01.2020+-+Conteu%CC%81do+Integral.pdf/feb1bce3-52a0-888d-d916-549ab020fad6
2025-05-22 05:32:29,217 - P17320 - INFO - Ignorando URL de arquivo não-HTML: https://www.saobernardo.sp.gov.br/documents/10181/1018801/NM+2105+de+24.01.2020+-+Conteu%CC%81do+Integral.pdf/feb1bce3-52a0-888d-d916-549ab020fad6
2025-05-22 05:32:29,217 - P17320 - INFO - Após processar URL 14 Uso de memória: 132.58 MB
2025-05-22 05:32:29,217 - P17320 - INFO - Processando URL 15/22: https://diariooficial.guarulhos.sp.gov.br/uploads/pdf/1618702209.pdf
2025-05-22 05:32:29,217 - P17320 - INFO - Ignorando URL de arquivo não-HTML: https://diariooficial.guarulhos.sp.gov.br/uploads/pdf/1618702209.pdf
2025-05-22 05:32:29,218 - P17320 - INFO - Após processar URL 15 Uso de memória: 132.58 MB
2025-05-22 05:32:29,218 - P17320 - INFO - Processando URL 16/22: https://www.crm-sp.org.br/?siteAcao=Contatos&dep=cad
2025-05-22 05:32:51,334 - P17320 - INFO - HTML salvo para debug: data\debug_html_v10\9d7a012bd98a105b7c4d3b953105f1bf.html
2025-05-22 05:32:51,340 - P17320 - INFO - Candidates address: 0 items
2025-05-22 05:32:51,340 - P17320 - INFO - Candidates phone: 0 items
2025-05-22 05:32:51,341 - P17320 - INFO - Candidates email: 0 items
2025-05-22 05:32:51,341 - P17320 - INFO - Candidates complement: 0 items
2025-05-22 05:32:51,341 - P17320 - INFO - Candidates cep: 0 items
2025-05-22 05:32:51,341 - P17320 - INFO - Após processar URL 16 Uso de memória: 132.62 MB
2025-05-22 05:32:51,342 - P17320 - INFO - Processando URL 17/22: https://fcm.unicamp.br/departamentos/departamento-de-neurologia-residencia-medica/residentes-2020
2025-05-22 05:32:53,997 - P17320 - INFO - HTML salvo para debug: data\debug_html_v10\24f4ae7882ad558554f1e144170cbe2b.html
2025-05-22 05:32:54,020 - P17320 - INFO - Candidates address: 1 items
2025-05-22 05:32:54,020 - P17320 - INFO - Candidates phone: 1 items
2025-05-22 05:32:54,021 - P17320 - INFO - Candidates email: 3 items
2025-05-22 05:32:54,021 - P17320 - INFO - Candidates complement: 0 items
2025-05-22 05:32:54,021 - P17320 - INFO - Candidates cep: 2 items
2025-05-22 05:32:54,021 - P17320 - INFO - Após processar URL 17 Uso de memória: 132.64 MB
2025-05-22 05:32:54,021 - P17320 - INFO - Processando URL 18/22: https://imprensaoficial.jundiai.sp.gov.br/wp-content/uploads/2024/12/5db70bc3-ca80-49bc-a352-a113fa0fa5c7_Edicao-5569-26-12-2024.pdf
2025-05-22 05:32:54,022 - P17320 - INFO - Ignorando URL de arquivo não-HTML: https://imprensaoficial.jundiai.sp.gov.br/wp-content/uploads/2024/12/5db70bc3-ca80-49bc-a352-a113fa0fa5c7_Edicao-5569-26-12-2024.pdf
2025-05-22 05:32:54,022 - P17320 - INFO - Após processar URL 18 Uso de memória: 132.64 MB
2025-05-22 05:32:54,022 - P17320 - INFO - Processando URL 19/22: https://osasco.sp.gov.br/site/wp-content/uploads/2016/04/httposasco.sp_.gov_.brcompsec1atosEd1231.pdf
2025-05-22 05:32:54,022 - P17320 - INFO - Ignorando URL de arquivo não-HTML: https://osasco.sp.gov.br/site/wp-content/uploads/2016/04/httposasco.sp_.gov_.brcompsec1atosEd1231.pdf
2025-05-22 05:32:54,023 - P17320 - INFO - Após processar URL 19 Uso de memória: 132.64 MB
2025-05-22 05:32:54,023 - P17320 - INFO - Processando URL 20/22: https://www.doctoralia.com.br/maria-paula-carvalho-azevedo/neurologista/vitoria
2025-05-22 05:32:54,023 - P17320 - INFO - Ignorando URL de arquivo não-HTML: https://www.doctoralia.com.br/maria-paula-carvalho-azevedo/neurologista/vitoria
2025-05-22 05:32:54,023 - P17320 - INFO - Após processar URL 20 Uso de memória: 132.64 MB
2025-05-22 05:32:54,023 - P17320 - INFO - Processando URL 21/22: https://www.boaconsulta.com/especialista/maria-paula-carvalho-azevedo-6105ef852d9858008c00076b
2025-05-22 05:32:56,872 - P17320 - INFO - HTML salvo para debug: data\debug_html_v10\8dfd9a99e004197f8c8a62815cd7579d.html
2025-05-22 05:32:56,948 - P17320 - INFO - Candidates address: 2 items
2025-05-22 05:32:56,948 - P17320 - INFO - Candidates phone: 0 items
2025-05-22 05:32:56,948 - P17320 - INFO - Candidates email: 0 items
2025-05-22 05:32:56,949 - P17320 - INFO - Candidates complement: 0 items
2025-05-22 05:32:56,949 - P17320 - INFO - Candidates cep: 0 items
2025-05-22 05:32:56,949 - P17320 - INFO - Após processar URL 21 Uso de memória: 132.64 MB
2025-05-22 05:32:56,949 - P17320 - INFO - Processando URL 22/22: https://consultacrm.com.br/
2025-05-22 05:33:00,459 - P17320 - INFO - HTML salvo para debug: data\debug_html_v10\65cadeb91ac3713432c21b535990f440.html
2025-05-22 05:33:00,473 - P17320 - INFO - Candidates address: 0 items
2025-05-22 05:33:00,473 - P17320 - INFO - Candidates phone: 0 items
2025-05-22 05:33:00,474 - P17320 - INFO - Candidates email: 0 items
2025-05-22 05:33:00,474 - P17320 - INFO - Candidates complement: 0 items
2025-05-22 05:33:00,474 - P17320 - INFO - Candidates cep: 0 items
2025-05-22 05:33:00,474 - P17320 - INFO - Após processar URL 22 Uso de memória: 133.62 MB
2025-05-22 05:33:00,475 - P17320 - INFO - Iniciando agregação e ranqueamento
2025-05-22 05:33:00,475 - P17320 - INFO - Ranked address: 4 items
2025-05-22 05:33:00,475 - P17320 - INFO - Ranked phone: 2 items
2025-05-22 05:33:00,475 - P17320 - INFO - Ranked email: 5 items
2025-05-22 05:33:00,475 - P17320 - INFO - Ranked complement: 2 items
2025-05-22 05:33:00,476 - P17320 - INFO - Ranked cep: 6 items
2025-05-22 05:33:00,476 - P17320 - INFO - Após agregação Uso de memória: 133.62 MB
2025-05-22 05:33:00,476 - P17320 - INFO - Validando endereço: ['Rua Frei Caneca, 1282', 'Rua Vital Brasil, 80', 'Rua Miguel Vicente Cury, 100']
2025-05-22 05:33:00,476 - P17320 - INFO - Endereço validado: Rua Frei Caneca, 1282
2025-05-22 05:33:00,476 - P17320 - INFO - Limpando texto extenso para campo address: Rua Frei Caneca, 1282...
2025-05-22 05:33:00,476 - P17320 - INFO - Texto limpo: Rua Frei Caneca, 1282
2025-05-22 05:33:00,476 - P17320 - INFO - Validando telefone: ['(11) 4349-9900', '(19) 3521-7754']
2025-05-22 05:33:00,477 - P17320 - INFO - Limpando texto extenso para campo phone: (11) 4349-9900...
2025-05-22 05:33:00,477 - P17320 - INFO - Texto limpo: 11) 4349-9900
2025-05-22 05:33:00,477 - P17320 - INFO - Telefone validado: 11) 4349-9900
2025-05-22 05:33:00,477 - P17320 - INFO - Validando email: ['cfm@portalmedico.org.br', 'ADRIANO@REALASSESSORIA.COM.BR', 'enfneuro@unicamp.br']
2025-05-22 05:33:00,477 - P17320 - INFO - Limpando texto extenso para campo email: cfm@portalmedico.org.br...
2025-05-22 05:33:00,477 - P17320 - INFO - Texto limpo: cfm@portalmedico.org.br
2025-05-22 05:33:00,478 - P17320 - INFO - Email validado: cfm@portalmedico.org.br
2025-05-22 05:33:00,478 - P17320 - INFO - Validando complemento: ['Conjunto D', 'Sala  708 Centro']
2025-05-22 05:33:00,478 - P17320 - INFO - Limpando texto extenso para campo complement: Conjunto D...
2025-05-22 05:33:00,478 - P17320 - INFO - Texto limpo: Conjunto D
2025-05-22 05:33:00,479 - P17320 - INFO - Complemento validado: Conjunto D
2025-05-22 05:33:00,479 - P17320 - INFO - Descobrindo cidade
2025-05-22 05:33:00,479 - P17320 - INFO - Buscando cidade: Rua Frei Caneca cidade SP
2025-05-22 05:33:03,154 - P17320 - WARNING - Cidade não encontrada
2025-05-22 05:33:03,155 - P17320 - INFO - Cidade descoberta: 
2025-05-22 05:33:03,155 - P17320 - INFO - Tempo de execução de processamento completo do médico: 63.25 segundos
2025-05-22 05:33:03,155 - P17320 - INFO - Resultado processado: {'Hash': 'de97e99145b8c6c05f9ec2c6f7478ae726aa36f7b0859f8d50a20672b3a4cfb9', 'CRM': '212155', 'UF': 'SP', 'Firstname': 'MARIA', 'LastName': 'PAULA CARVALHO AZEVEDO', 'Medical specialty': '', 'Endereco Completo A1': 'Rua Frei Caneca, 1282', 'Address A1': 'Rua Frei Caneca', 'Numero A1': '1282', 'Complement A1': 'Conjunto D', 'Bairro A1': '', 'postal code A1': '', 'City A1': '', 'State A1': '', 'Phone A1': '11) 4349-9900', 'Phone A2': '', 'Cell phone A1': '', 'Cell phone A2': '', 'E-mail A1': 'cfm@portalmedico.org.br', 'E-mail A2': '', 'OPT-IN': '', 'STATUS': '', 'LOTE': ''}
2025-05-22 05:33:03,156 - P17320 - INFO - Salvando lote de resultados
2025-05-22 05:33:03,156 - P17320 - INFO - Após salvar resultados Uso de memória: 130.64 MB
2025-05-22 05:33:03,157 - P17320 - INFO - Progresso: 91.5%
2025-05-22 05:33:03,157 - P17320 - INFO - Tempo de execução de processamento do médico 3: 63.26 segundos
2025-05-22 05:33:03,157 - P17320 - INFO - Tempo de execução de processamento do lote completo: 196.05 segundos
