2025-05-22 02:39:47,776 - P17320 - INFO - 
==================================================
Processando médico 1/3
2025-05-22 02:39:47,776 - P17320 - INFO - Nome: SHIRLEY DE SÁ DANTAS TAVARES DA SILVA
2025-05-22 02:39:47,776 - P17320 - INFO - Reiniciando driver do Chrome
2025-05-22 02:39:49,111 - P17320 - INFO - Após reiniciar driver Uso de memória: 99.81 MB
2025-05-22 02:39:49,111 - P17320 - INFO - Início do processamento Uso de memória: 99.81 MB
2025-05-22 02:39:49,111 - P17320 - INFO - Iniciando busca para: SHIRLEY DE SÁ DANTAS TAVARES DA SILVA CRM 4325 RN telefone e-mail endereço
2025-05-22 02:39:49,652 - P17320 - INFO - SearX results: 9 URLs
2025-05-22 02:39:49,653 - P17320 - INFO - Após SearX Uso de memória: 99.81 MB
2025-05-22 02:39:52,411 - P17320 - INFO - Google results: 10 URLs
2025-05-22 02:39:52,411 - P17320 - INFO - Após Google Uso de memória: 100.88 MB
2025-05-22 02:39:55,156 - P17320 - INFO - Bing results: 10 URLs
2025-05-22 02:39:55,157 - P17320 - INFO - Após Bing Uso de memória: 100.95 MB
2025-05-22 02:39:55,157 - P17320 - INFO - Total de URLs únicas: 23
2025-05-22 02:39:55,157 - P17320 - INFO - Processando URL 1/23: https://pbqp-h.mdr.gov.br/wp-content/uploads/2023/01/Empresas-Certificadas-SIAC-Fevereiro-a-04-01-2023.xlsx-Planilha1.csv
2025-05-22 02:39:55,157 - P17320 - INFO - Ignorando URL de arquivo não-HTML: https://pbqp-h.mdr.gov.br/wp-content/uploads/2023/01/Empresas-Certificadas-SIAC-Fevereiro-a-04-01-2023.xlsx-Planilha1.csv
2025-05-22 02:39:55,157 - P17320 - INFO - Após processar URL 1 Uso de memória: 100.95 MB
2025-05-22 02:39:55,158 - P17320 - INFO - Processando URL 2/23: https://www.helpsaude.com/Shirley-de-Sa-Dantas-Tavares.RN
2025-05-22 02:40:01,350 - P17320 - INFO - HTML salvo para debug: data\debug_html_v10\86fc3113e22075284f62cc655c87965c.html
2025-05-22 02:40:01,363 - P17320 - INFO - Candidates address: 0 items
2025-05-22 02:40:01,365 - P17320 - INFO - Candidates phone: 0 items
2025-05-22 02:40:01,366 - P17320 - INFO - Candidates email: 0 items
2025-05-22 02:40:01,370 - P17320 - INFO - Candidates complement: 0 items
2025-05-22 02:40:01,370 - P17320 - INFO - Candidates cep: 0 items
2025-05-22 02:40:01,370 - P17320 - INFO - Após processar URL 2 Uso de memória: 101.16 MB
2025-05-22 02:40:01,370 - P17320 - INFO - Processando URL 3/23: https://pbqp-h.mdr.gov.br/wp-content/uploads/2022/11/Empresas-Certificadas-SIAC-Fevereiro-a-18-11-2022-Planilha-csv-adm.csv
2025-05-22 02:40:01,371 - P17320 - INFO - Ignorando URL de arquivo não-HTML: https://pbqp-h.mdr.gov.br/wp-content/uploads/2022/11/Empresas-Certificadas-SIAC-Fevereiro-a-18-11-2022-Planilha-csv-adm.csv
2025-05-22 02:40:01,371 - P17320 - INFO - Após processar URL 3 Uso de memória: 101.16 MB
2025-05-22 02:40:01,371 - P17320 - INFO - Processando URL 4/23: https://www.unitorax.com/copia-infectologia
2025-05-22 02:40:03,989 - P17320 - INFO - HTML salvo para debug: data\debug_html_v10\a2ca54fb0f53c1773f905cb4535524cf.html
2025-05-22 02:40:04,007 - P17320 - INFO - Candidates address: 1 items
2025-05-22 02:40:04,008 - P17320 - INFO - Candidates phone: 1 items
2025-05-22 02:40:04,008 - P17320 - INFO - Candidates email: 1 items
2025-05-22 02:40:04,008 - P17320 - INFO - Candidates complement: 0 items
2025-05-22 02:40:04,008 - P17320 - INFO - Candidates cep: 0 items
2025-05-22 02:40:04,008 - P17320 - INFO - Após processar URL 4 Uso de memória: 102.30 MB
2025-05-22 02:40:04,009 - P17320 - INFO - Processando URL 5/23: https://biblioteca.mpf.mp.br/repositorio/bitstreams/8185e147-a551-4cf1-997d-c6b2b1f4ff97/download
2025-05-22 02:40:07,696 - P17320 - INFO - HTML salvo para debug: data\debug_html_v10\ff0f7fcbad4ccfda41f3c1f4e0eb817a.html
2025-05-22 02:40:07,697 - P17320 - INFO - Candidates address: 0 items
2025-05-22 02:40:07,697 - P17320 - INFO - Candidates phone: 0 items
2025-05-22 02:40:07,698 - P17320 - INFO - Candidates email: 0 items
2025-05-22 02:40:07,698 - P17320 - INFO - Candidates complement: 0 items
2025-05-22 02:40:07,698 - P17320 - INFO - Candidates cep: 0 items
2025-05-22 02:40:07,698 - P17320 - INFO - Após processar URL 5 Uso de memória: 101.20 MB
2025-05-22 02:40:07,699 - P17320 - INFO - Processando URL 6/23: https://www.portaltransparencia.gov.br/pessoa-fisica/busca/lista
2025-05-22 02:40:11,282 - P17320 - INFO - HTML salvo para debug: data\debug_html_v10\e200cdf64b71d4c9248718dd155b3edb.html
2025-05-22 02:40:11,320 - P17320 - INFO - Candidates address: 0 items
2025-05-22 02:40:11,321 - P17320 - INFO - Candidates phone: 0 items
2025-05-22 02:40:11,321 - P17320 - INFO - Candidates email: 0 items
2025-05-22 02:40:11,321 - P17320 - INFO - Candidates complement: 0 items
2025-05-22 02:40:11,323 - P17320 - INFO - Candidates cep: 0 items
2025-05-22 02:40:11,323 - P17320 - INFO - Após processar URL 6 Uso de memória: 101.22 MB
2025-05-22 02:40:11,324 - P17320 - INFO - Processando URL 7/23: https://www.saobernardo.sp.gov.br/documents/10181/2045904/NM+2509+de+07.03.2025+-++Conteu%CC%81do+Integral.pdf/a5a11212-a33d-d1ea-5de8-2febbe341ec0
2025-05-22 02:40:11,324 - P17320 - INFO - Ignorando URL de arquivo não-HTML: https://www.saobernardo.sp.gov.br/documents/10181/2045904/NM+2509+de+07.03.2025+-++Conteu%CC%81do+Integral.pdf/a5a11212-a33d-d1ea-5de8-2febbe341ec0
2025-05-22 02:40:11,324 - P17320 - INFO - Após processar URL 7 Uso de memória: 101.22 MB
2025-05-22 02:40:11,324 - P17320 - INFO - Processando URL 8/23: https://www.doctoralia.com.br/endocrinologista/natal/candelaria
2025-05-22 02:40:11,324 - P17320 - INFO - Ignorando URL de arquivo não-HTML: https://www.doctoralia.com.br/endocrinologista/natal/candelaria
2025-05-22 02:40:11,325 - P17320 - INFO - Após processar URL 8 Uso de memória: 101.22 MB
2025-05-22 02:40:11,325 - P17320 - INFO - Processando URL 9/23: https://portal.cfm.org.br/busca-medicos
2025-05-22 02:40:15,419 - P17320 - INFO - HTML salvo para debug: data\debug_html_v10\e28ae84aaa177d1328f3a0d1fb68449f.html
2025-05-22 02:40:15,460 - P17320 - INFO - Candidates address: 0 items
2025-05-22 02:40:15,460 - P17320 - INFO - Candidates phone: 0 items
2025-05-22 02:40:15,460 - P17320 - INFO - Candidates email: 1 items
2025-05-22 02:40:15,461 - P17320 - INFO - Candidates complement: 1 items
2025-05-22 02:40:15,461 - P17320 - INFO - Candidates cep: 1 items
2025-05-22 02:40:15,461 - P17320 - INFO - Após processar URL 9 Uso de memória: 101.22 MB
2025-05-22 02:40:15,461 - P17320 - INFO - Processando URL 10/23: https://www.doklist.com.br/dok/202744/
2025-05-22 02:40:19,914 - P17320 - INFO - HTML salvo para debug: data\debug_html_v10\45e119a87404a8eeb3bf9388ac9cb9b2.html
2025-05-22 02:40:19,925 - P17320 - INFO - Candidates address: 1 items
2025-05-22 02:40:19,926 - P17320 - INFO - Candidates phone: 1 items
2025-05-22 02:40:19,926 - P17320 - INFO - Candidates email: 1 items
2025-05-22 02:40:19,926 - P17320 - INFO - Candidates complement: 0 items
2025-05-22 02:40:19,926 - P17320 - INFO - Candidates cep: 1 items
2025-05-22 02:40:19,926 - P17320 - INFO - Após processar URL 10 Uso de memória: 101.25 MB
2025-05-22 02:40:19,927 - P17320 - INFO - Processando URL 11/23: https://pbqp-h.mdr.gov.br/wp-content/uploads/2024/03/Empresas-Certificadas-SIAC-Outubro-a-14-03-2024-Planilha1.csv
2025-05-22 02:40:19,927 - P17320 - INFO - Ignorando URL de arquivo não-HTML: https://pbqp-h.mdr.gov.br/wp-content/uploads/2024/03/Empresas-Certificadas-SIAC-Outubro-a-14-03-2024-Planilha1.csv
2025-05-22 02:40:19,927 - P17320 - INFO - Após processar URL 11 Uso de memória: 101.25 MB
2025-05-22 02:40:19,927 - P17320 - INFO - Processando URL 12/23: https://www.saobernardo.sp.gov.br/documents/10181/2045904/NM+2509+de+07.03.2025+-++Conteu%CC%81do+Integral.pdf.pdf/2065193c-8873-07b2-8a56-fedc7f8f99d4
2025-05-22 02:40:19,927 - P17320 - INFO - Ignorando URL de arquivo não-HTML: https://www.saobernardo.sp.gov.br/documents/10181/2045904/NM+2509+de+07.03.2025+-++Conteu%CC%81do+Integral.pdf.pdf/2065193c-8873-07b2-8a56-fedc7f8f99d4
2025-05-22 02:40:19,927 - P17320 - INFO - Após processar URL 12 Uso de memória: 101.25 MB
2025-05-22 02:40:19,928 - P17320 - INFO - Processando URL 13/23: https://sistemas.tce.pe.gov.br/audinArquivos/licon/processo_licitatorio/edital/877/LICON_Edital_877_2020_43_887843.pdf
2025-05-22 02:40:19,928 - P17320 - INFO - Ignorando URL de arquivo não-HTML: https://sistemas.tce.pe.gov.br/audinArquivos/licon/processo_licitatorio/edital/877/LICON_Edital_877_2020_43_887843.pdf
2025-05-22 02:40:19,928 - P17320 - INFO - Após processar URL 13 Uso de memória: 101.25 MB
2025-05-22 02:40:19,928 - P17320 - INFO - Processando URL 14/23: https://biblioteca.mpf.mp.br/repositorio/bitstreams/15c8ce9f-ff42-4e81-99dd-7841382c0753/download
2025-05-22 02:40:23,453 - P17320 - INFO - HTML salvo para debug: data\debug_html_v10\aed6929e20c48cc7d50974561add1b01.html
2025-05-22 02:40:23,454 - P17320 - INFO - Candidates address: 0 items
2025-05-22 02:40:23,454 - P17320 - INFO - Candidates phone: 0 items
2025-05-22 02:40:23,454 - P17320 - INFO - Candidates email: 0 items
2025-05-22 02:40:23,454 - P17320 - INFO - Candidates complement: 0 items
2025-05-22 02:40:23,454 - P17320 - INFO - Candidates cep: 0 items
2025-05-22 02:40:23,455 - P17320 - INFO - Após processar URL 14 Uso de memória: 101.25 MB
2025-05-22 02:40:23,455 - P17320 - INFO - Processando URL 15/23: https://www.doctoralia.com.br/servicos-de-tratamento/atendimento-a-gestantes-com-endocrinopatias/natal
2025-05-22 02:40:23,455 - P17320 - INFO - Ignorando URL de arquivo não-HTML: https://www.doctoralia.com.br/servicos-de-tratamento/atendimento-a-gestantes-com-endocrinopatias/natal
2025-05-22 02:40:23,455 - P17320 - INFO - Após processar URL 15 Uso de memória: 101.25 MB
2025-05-22 02:40:23,455 - P17320 - INFO - Processando URL 16/23: https://www.doctoralia.com.br/shirley-de-sa-dantas-tavares-da-silva-2/endocrinologista/natal
2025-05-22 02:40:23,456 - P17320 - INFO - Ignorando URL de arquivo não-HTML: https://www.doctoralia.com.br/shirley-de-sa-dantas-tavares-da-silva-2/endocrinologista/natal
2025-05-22 02:40:23,457 - P17320 - INFO - Após processar URL 16 Uso de memória: 101.25 MB
2025-05-22 02:40:23,457 - P17320 - INFO - Processando URL 17/23: https://seadantigo.portal.ap.gov.br/diario/DOEn4711.pdf
2025-05-22 02:40:23,457 - P17320 - INFO - Ignorando URL de arquivo não-HTML: https://seadantigo.portal.ap.gov.br/diario/DOEn4711.pdf
2025-05-22 02:40:23,458 - P17320 - INFO - Após processar URL 17 Uso de memória: 101.25 MB
2025-05-22 02:40:23,458 - P17320 - INFO - Processando URL 18/23: https://caurn.com.br/especialidades/endocrinologia/
2025-05-22 02:40:28,783 - P17320 - INFO - HTML salvo para debug: data\debug_html_v10\da1295269a2d04b927c2b738dc7a2638.html
2025-05-22 02:40:28,816 - P17320 - INFO - Candidates address: 20 items
2025-05-22 02:40:28,817 - P17320 - INFO - Candidates phone: 20 items
2025-05-22 02:40:28,817 - P17320 - INFO - Candidates email: 0 items
2025-05-22 02:40:28,817 - P17320 - INFO - Candidates complement: 2 items
2025-05-22 02:40:28,817 - P17320 - INFO - Candidates cep: 13 items
2025-05-22 02:40:28,817 - P17320 - INFO - Após processar URL 18 Uso de memória: 101.25 MB
2025-05-22 02:40:28,818 - P17320 - INFO - Processando URL 19/23: https://deoab.oab.org.br/assets/diarios/diario-eletronico-oab-26-06-2024.pdf?p=1719424800031
2025-05-22 02:40:28,818 - P17320 - INFO - Ignorando URL de arquivo não-HTML: https://deoab.oab.org.br/assets/diarios/diario-eletronico-oab-26-06-2024.pdf?p=1719424800031
2025-05-22 02:40:28,818 - P17320 - INFO - Após processar URL 19 Uso de memória: 101.25 MB
2025-05-22 02:40:28,818 - P17320 - INFO - Processando URL 20/23: https://www.gov.br/receitafederal/pt-br/assuntos/orientacao-tributaria/beneficios-fiscais/programa-empresa-cidada/empresas_optantes
2025-05-22 02:40:30,939 - P17320 - INFO - HTML salvo para debug: data\debug_html_v10\bc705a0ca491c709905e221358627d5c.html
2025-05-22 02:40:30,974 - P17320 - INFO - Candidates address: 20 items
2025-05-22 02:40:30,975 - P17320 - INFO - Candidates phone: 20 items
2025-05-22 02:40:30,975 - P17320 - INFO - Candidates email: 0 items
2025-05-22 02:40:30,975 - P17320 - INFO - Candidates complement: 2 items
2025-05-22 02:40:30,975 - P17320 - INFO - Candidates cep: 13 items
2025-05-22 02:40:30,975 - P17320 - INFO - Após processar URL 20 Uso de memória: 101.25 MB
2025-05-22 02:40:30,975 - P17320 - INFO - Processando URL 21/23: https://www.doctoralia.com.br/endocrinologista/natal?page=4
2025-05-22 02:40:30,975 - P17320 - INFO - Ignorando URL de arquivo não-HTML: https://www.doctoralia.com.br/endocrinologista/natal?page=4
2025-05-22 02:40:30,976 - P17320 - INFO - Após processar URL 21 Uso de memória: 101.25 MB
2025-05-22 02:40:30,976 - P17320 - INFO - Processando URL 22/23: https://diariooficial.guarulhos.sp.gov.br/uploads/pdf/1306609531.pdf
2025-05-22 02:40:30,976 - P17320 - INFO - Ignorando URL de arquivo não-HTML: https://diariooficial.guarulhos.sp.gov.br/uploads/pdf/1306609531.pdf
2025-05-22 02:40:30,976 - P17320 - INFO - Após processar URL 22 Uso de memória: 101.25 MB
2025-05-22 02:40:30,976 - P17320 - INFO - Processando URL 23/23: https://consultacrm.com.br/
2025-05-22 02:40:35,139 - P17320 - INFO - HTML salvo para debug: data\debug_html_v10\65cadeb91ac3713432c21b535990f440.html
2025-05-22 02:40:35,152 - P17320 - INFO - Candidates address: 0 items
2025-05-22 02:40:35,152 - P17320 - INFO - Candidates phone: 0 items
2025-05-22 02:40:35,153 - P17320 - INFO - Candidates email: 0 items
2025-05-22 02:40:35,153 - P17320 - INFO - Candidates complement: 0 items
2025-05-22 02:40:35,153 - P17320 - INFO - Candidates cep: 0 items
2025-05-22 02:40:35,153 - P17320 - INFO - Após processar URL 23 Uso de memória: 101.25 MB
2025-05-22 02:40:35,154 - P17320 - INFO - Iniciando agregação e ranqueamento
2025-05-22 02:40:35,154 - P17320 - INFO - Ranked address: 22 items
2025-05-22 02:40:35,154 - P17320 - INFO - Ranked phone: 21 items
2025-05-22 02:40:35,154 - P17320 - INFO - Ranked email: 3 items
2025-05-22 02:40:35,154 - P17320 - INFO - Ranked complement: 3 items
2025-05-22 02:40:35,155 - P17320 - INFO - Ranked cep: 14 items
2025-05-22 02:40:35,155 - P17320 - INFO - Após agregação Uso de memória: 101.25 MB
2025-05-22 02:40:35,155 - P17320 - INFO - Validando endereço: ['Rua: Cel. Auris Coelho, 285', 'Rua Doutor João Marcelino, 1901', 'Av. Doutor Carlindo de Souza Dantas, 540']
2025-05-22 02:40:35,155 - P17320 - INFO - Endereço validado: Rua: Cel. Auris Coelho, 285
2025-05-22 02:40:35,156 - P17320 - INFO - Limpando texto extenso para campo address: Rua: Cel. Auris Coelho, 285...
2025-05-22 02:40:35,156 - P17320 - INFO - Texto limpo: Rua: Cel. Auris Coelho, 285
2025-05-22 02:40:35,156 - P17320 - INFO - Validando telefone: ['(84) 4042-2030', '(84) 3311-3665', '(84) 3311-3650']
2025-05-22 02:40:35,156 - P17320 - INFO - Limpando texto extenso para campo phone: (84) 4042-2030...
2025-05-22 02:40:35,156 - P17320 - INFO - Texto limpo: 84) 4042-2030
2025-05-22 02:40:35,157 - P17320 - INFO - Telefone validado: 84) 4042-2030
2025-05-22 02:40:35,157 - P17320 - INFO - Validando email: ['tavares.shirley@gmail.com', 'cfm@portalmedico.org.br', 'info@doklist.com.br']
2025-05-22 02:40:35,157 - P17320 - INFO - Limpando texto extenso para campo email: tavares.shirley@gmail.com...
2025-05-22 02:40:35,157 - P17320 - INFO - Texto limpo: tavares.shirley@gmail.com
2025-05-22 02:40:35,157 - P17320 - INFO - Email validado: tavares.shirley@gmail.com
2025-05-22 02:40:35,157 - P17320 - INFO - Validando complemento: ['Sala 1807 - Edifício Manhattan Business.  Tirol  _ CEP', 'Sala 20 - Centro de Convivência da UFRN - Lagoa Nova', 'Conjunto D']
2025-05-22 02:40:35,157 - P17320 - INFO - Limpando texto extenso para campo complement: Sala 1807 - Edifício Manhattan Business.  Tirol  _...
2025-05-22 02:40:35,158 - P17320 - INFO - Texto limpo: Sala 1807 - Edifício Manhattan
2025-05-22 02:40:35,158 - P17320 - INFO - Complemento validado: Sala 1807 - Edifício Manhattan
2025-05-22 02:40:35,159 - P17320 - INFO - Descobrindo cidade
2025-05-22 02:40:35,159 - P17320 - INFO - Buscando cidade: Rua: Cel. Auris Coelho cidade RN
2025-05-22 02:40:38,270 - P17320 - WARNING - Cidade não encontrada
2025-05-22 02:40:38,271 - P17320 - INFO - Cidade descoberta: 
2025-05-22 02:40:38,271 - P17320 - INFO - Tempo de execução de processamento completo do médico: 49.16 segundos
2025-05-22 02:40:38,271 - P17320 - INFO - Resultado processado: {'Hash': '977a41de1cc230abefe6a6df3adcf8faf56e0b7268e62ec502577e35052d7771', 'CRM': '4325', 'UF': 'RN', 'Firstname': 'SHIRLEY', 'LastName': 'DE SÁ DANTAS TAVARES DA SILVA', 'Medical specialty': '', 'Endereco Completo A1': 'Rua: Cel. Auris Coelho, 285', 'Address A1': 'Rua: Cel. Auris Coelho', 'Numero A1': '285', 'Complement A1': 'Sala 1807 - Edifício Manhattan', 'Bairro A1': '', 'postal code A1': '', 'City A1': '', 'State A1': '', 'Phone A1': '84) 4042-2030', 'Phone A2': '', 'Cell phone A1': '', 'Cell phone A2': '', 'E-mail A1': 'tavares.shirley@gmail.com', 'E-mail A2': '', 'OPT-IN': '', 'STATUS': '', 'LOTE': ''}
2025-05-22 02:40:38,272 - P17320 - INFO - Progresso: 31.3%
2025-05-22 02:40:38,272 - P17320 - INFO - Executando coleta de lixo
2025-05-22 02:40:38,313 - P17320 - INFO - Após coleta de lixo Uso de memória: 92.33 MB
2025-05-22 02:40:38,314 - P17320 - INFO - Tempo de execução de processamento do médico 1: 50.54 segundos
2025-05-22 02:40:38,315 - P17320 - INFO - 
==================================================
Processando médico 2/3
2025-05-22 02:40:38,315 - P17320 - INFO - Nome: MELKA RODRIGUES BRAUNA DE MEDEIROS
2025-05-22 02:40:38,315 - P17320 - INFO - Início do processamento Uso de memória: 92.33 MB
2025-05-22 02:40:38,316 - P17320 - INFO - Iniciando busca para: MELKA RODRIGUES BRAUNA DE MEDEIROS CRM 8359 RN telefone e-mail endereço
2025-05-22 02:40:38,839 - P17320 - INFO - SearX results: 0 URLs
2025-05-22 02:40:38,839 - P17320 - INFO - Após SearX Uso de memória: 92.33 MB
2025-05-22 02:40:41,590 - P17320 - INFO - Google results: 1 URLs
2025-05-22 02:40:41,590 - P17320 - INFO - Após Google Uso de memória: 93.30 MB
2025-05-22 02:40:43,981 - P17320 - INFO - Bing results: 10 URLs
2025-05-22 02:40:43,982 - P17320 - INFO - Após Bing Uso de memória: 96.12 MB
2025-05-22 02:40:43,982 - P17320 - INFO - Total de URLs únicas: 10
2025-05-22 02:40:43,982 - P17320 - INFO - Processando URL 1/10: https://www.escavador.com/sobre/2595765/melka-rodrigues-brauna
2025-05-22 02:40:47,659 - P17320 - INFO - HTML salvo para debug: data\debug_html_v10\904c3cd32a4baaaa1c65e66ca45317cf.html
2025-05-22 02:40:47,674 - P17320 - INFO - Candidates address: 0 items
2025-05-22 02:40:47,674 - P17320 - INFO - Candidates phone: 0 items
2025-05-22 02:40:47,674 - P17320 - INFO - Candidates email: 0 items
2025-05-22 02:40:47,674 - P17320 - INFO - Candidates complement: 0 items
2025-05-22 02:40:47,674 - P17320 - INFO - Candidates cep: 0 items
2025-05-22 02:40:47,675 - P17320 - INFO - Após processar URL 1 Uso de memória: 97.40 MB
2025-05-22 02:40:47,675 - P17320 - INFO - Processando URL 2/10: https://www.procuroacho.com/empresas/rn/mossoro/46.010.667/0001-76/dra-melka-medeiros
2025-05-22 02:40:50,623 - P17320 - INFO - HTML salvo para debug: data\debug_html_v10\24306e5d57cb413106c1e5395fd78701.html
2025-05-22 02:40:50,632 - P17320 - INFO - Candidates address: 1 items
2025-05-22 02:40:50,632 - P17320 - INFO - Candidates phone: 1 items
2025-05-22 02:40:50,632 - P17320 - INFO - Candidates email: 1 items
2025-05-22 02:40:50,632 - P17320 - INFO - Candidates complement: 0 items
2025-05-22 02:40:50,632 - P17320 - INFO - Candidates cep: 0 items
2025-05-22 02:40:50,633 - P17320 - INFO - Após processar URL 2 Uso de memória: 97.48 MB
2025-05-22 02:40:50,633 - P17320 - INFO - Processando URL 3/10: https://crmvirtual.cfm.org.br/RN/servico/pesquisar-por-medico
2025-05-22 02:40:53,671 - P17320 - INFO - HTML salvo para debug: data\debug_html_v10\435b61b8ac1efc9057be012b54625539.html
2025-05-22 02:40:53,683 - P17320 - INFO - Candidates address: 0 items
2025-05-22 02:40:53,684 - P17320 - INFO - Candidates phone: 5 items
2025-05-22 02:40:53,684 - P17320 - INFO - Candidates email: 1 items
2025-05-22 02:40:53,684 - P17320 - INFO - Candidates complement: 0 items
2025-05-22 02:40:53,684 - P17320 - INFO - Candidates cep: 0 items
2025-05-22 02:40:53,685 - P17320 - INFO - Após processar URL 3 Uso de memória: 97.61 MB
2025-05-22 02:40:53,685 - P17320 - INFO - Processando URL 4/10: https://cadastroempresa.com.br/cnpj/46.010.667/0001-76-dra-melka-medeiros-m-r-b-medeiros
2025-05-22 02:40:56,603 - P17320 - INFO - HTML salvo para debug: data\debug_html_v10\48579019838a096452c1a96de838255c.html
2025-05-22 02:40:56,624 - P17320 - INFO - Candidates address: 0 items
2025-05-22 02:40:56,624 - P17320 - INFO - Candidates phone: 1 items
2025-05-22 02:40:56,624 - P17320 - INFO - Candidates email: 1 items
2025-05-22 02:40:56,624 - P17320 - INFO - Candidates complement: 3 items
2025-05-22 02:40:56,624 - P17320 - INFO - Candidates cep: 3 items
2025-05-22 02:40:56,624 - P17320 - INFO - Após processar URL 4 Uso de memória: 97.82 MB
2025-05-22 02:40:56,625 - P17320 - INFO - Processando URL 5/10: https://crmvirtual.cfm.org.br/BR/servico/pesquisa-por-medicos
2025-05-22 02:40:58,823 - P17320 - INFO - HTML salvo para debug: data\debug_html_v10\59cb615f6ca0063274c579afdefa3d38.html
2025-05-22 02:40:58,824 - P17320 - INFO - Candidates address: 0 items
2025-05-22 02:40:58,824 - P17320 - INFO - Candidates phone: 0 items
2025-05-22 02:40:58,824 - P17320 - INFO - Candidates email: 0 items
2025-05-22 02:40:58,825 - P17320 - INFO - Candidates complement: 0 items
2025-05-22 02:40:58,825 - P17320 - INFO - Candidates cep: 0 items
2025-05-22 02:40:58,825 - P17320 - INFO - Após processar URL 5 Uso de memória: 97.82 MB
2025-05-22 02:40:58,825 - P17320 - INFO - Processando URL 6/10: https://www.portaltransparencia.gov.br/pessoa-fisica/busca/lista
2025-05-22 02:41:01,796 - P17320 - INFO - HTML salvo para debug: data\debug_html_v10\e200cdf64b71d4c9248718dd155b3edb.html
2025-05-22 02:41:01,834 - P17320 - INFO - Candidates address: 0 items
2025-05-22 02:41:01,835 - P17320 - INFO - Candidates phone: 0 items
2025-05-22 02:41:01,835 - P17320 - INFO - Candidates email: 0 items
2025-05-22 02:41:01,835 - P17320 - INFO - Candidates complement: 0 items
2025-05-22 02:41:01,835 - P17320 - INFO - Candidates cep: 0 items
2025-05-22 02:41:01,835 - P17320 - INFO - Após processar URL 6 Uso de memória: 98.43 MB
2025-05-22 02:41:01,835 - P17320 - INFO - Processando URL 7/10: https://www.consultacrm.com.br/index/profissionais
2025-05-22 02:41:05,489 - P17320 - INFO - HTML salvo para debug: data\debug_html_v10\ca7ac6c4b85cee4a2c1da9949f895117.html
2025-05-22 02:41:05,504 - P17320 - INFO - Candidates address: 0 items
2025-05-22 02:41:05,505 - P17320 - INFO - Candidates phone: 0 items
2025-05-22 02:41:05,511 - P17320 - INFO - Candidates email: 0 items
2025-05-22 02:41:05,513 - P17320 - INFO - Candidates complement: 0 items
2025-05-22 02:41:05,514 - P17320 - INFO - Candidates cep: 0 items
2025-05-22 02:41:05,517 - P17320 - INFO - Após processar URL 7 Uso de memória: 98.48 MB
2025-05-22 02:41:05,518 - P17320 - INFO - Processando URL 8/10: https://portal.cfm.org.br/busca-medicos
2025-05-22 02:41:08,913 - P17320 - INFO - HTML salvo para debug: data\debug_html_v10\e28ae84aaa177d1328f3a0d1fb68449f.html
2025-05-22 02:41:08,956 - P17320 - INFO - Candidates address: 0 items
2025-05-22 02:41:08,956 - P17320 - INFO - Candidates phone: 0 items
2025-05-22 02:41:08,956 - P17320 - INFO - Candidates email: 1 items
2025-05-22 02:41:08,956 - P17320 - INFO - Candidates complement: 1 items
2025-05-22 02:41:08,956 - P17320 - INFO - Candidates cep: 1 items
2025-05-22 02:41:08,957 - P17320 - INFO - Após processar URL 8 Uso de memória: 98.64 MB
2025-05-22 02:41:08,957 - P17320 - INFO - Processando URL 9/10: https://www.boaconsulta.com/especialista/melka-rodrigues-brauna-medeiros-61063780a2e00a16f10021d1
2025-05-22 02:41:12,677 - P17320 - INFO - HTML salvo para debug: data\debug_html_v10\7f1c94fd5010a1f69c9e5378b6c95c23.html
2025-05-22 02:41:12,757 - P17320 - INFO - Candidates address: 1 items
2025-05-22 02:41:12,757 - P17320 - INFO - Candidates phone: 0 items
2025-05-22 02:41:12,758 - P17320 - INFO - Candidates email: 0 items
2025-05-22 02:41:12,758 - P17320 - INFO - Candidates complement: 0 items
2025-05-22 02:41:12,762 - P17320 - INFO - Candidates cep: 0 items
2025-05-22 02:41:12,764 - P17320 - INFO - Após processar URL 9 Uso de memória: 100.40 MB
2025-05-22 02:41:12,766 - P17320 - INFO - Processando URL 10/10: https://consultacrm.com.br/
2025-05-22 02:41:17,281 - P17320 - INFO - HTML salvo para debug: data\debug_html_v10\65cadeb91ac3713432c21b535990f440.html
2025-05-22 02:41:17,294 - P17320 - INFO - Candidates address: 0 items
2025-05-22 02:41:17,294 - P17320 - INFO - Candidates phone: 0 items
2025-05-22 02:41:17,295 - P17320 - INFO - Candidates email: 0 items
2025-05-22 02:41:17,295 - P17320 - INFO - Candidates complement: 0 items
2025-05-22 02:41:17,295 - P17320 - INFO - Candidates cep: 0 items
2025-05-22 02:41:17,295 - P17320 - INFO - Após processar URL 10 Uso de memória: 100.56 MB
2025-05-22 02:41:17,295 - P17320 - INFO - Iniciando agregação e ranqueamento
2025-05-22 02:41:17,296 - P17320 - INFO - Ranked address: 2 items
2025-05-22 02:41:17,296 - P17320 - INFO - Ranked phone: 7 items
2025-05-22 02:41:17,296 - P17320 - INFO - Ranked email: 3 items
2025-05-22 02:41:17,296 - P17320 - INFO - Ranked complement: 4 items
2025-05-22 02:41:17,296 - P17320 - INFO - Ranked cep: 4 items
2025-05-22 02:41:17,296 - P17320 - INFO - Após agregação Uso de memória: 100.56 MB
2025-05-22 02:41:17,296 - P17320 - INFO - Validando endereço: ['Rua Celso Costa Rego, 290', 'Rua Afonso Pena, 152']
2025-05-22 02:41:17,297 - P17320 - INFO - Endereço validado: Rua Celso Costa Rego, 290
2025-05-22 02:41:17,297 - P17320 - INFO - Limpando texto extenso para campo address: Rua Celso Costa Rego, 290...
2025-05-22 02:41:17,297 - P17320 - INFO - Texto limpo: Rua Celso Costa Rego, 290
2025-05-22 02:41:17,297 - P17320 - INFO - Validando telefone: ['(84) 8171-7492', '(84) 4006-5311', '(84) 4006-5313']
2025-05-22 02:41:17,297 - P17320 - INFO - Limpando texto extenso para campo phone: (84) 8171-7492...
2025-05-22 02:41:17,298 - P17320 - INFO - Texto limpo: 84) 8171-7492
2025-05-22 02:41:17,298 - P17320 - INFO - Telefone validado: 84) 8171-7492
2025-05-22 02:41:17,298 - P17320 - INFO - Validando email: ['dra.melkamedeiros@gmail.com', 'atendimento@cremern.org.br', 'cfm@portalmedico.org.br']
2025-05-22 02:41:17,298 - P17320 - INFO - Limpando texto extenso para campo email: dra.melkamedeiros@gmail.com...
2025-05-22 02:41:17,298 - P17320 - INFO - Texto limpo: dra.melkamedeiros@gmail.com
2025-05-22 02:41:17,298 - P17320 - INFO - Email validado: dra.melkamedeiros@gmail.com
2025-05-22 02:41:17,299 - P17320 - INFO - Validando complemento: ['Sala  87  Clique para copiar         Bairro:  Nova Bet', 'Sala  87  Nova Betania  Mossoró - RN   59607-330   Cli', 'Sala  87  Nova Betania  Mossoró RN  59607-330         ']
2025-05-22 02:41:17,299 - P17320 - INFO - Limpando texto extenso para campo complement: Sala  87  Clique para copiar         Bairro:  Nova...
2025-05-22 02:41:17,300 - P17320 - INFO - Texto limpo: Sala 87 Clique para copiar
2025-05-22 02:41:17,300 - P17320 - INFO - Complemento validado: Sala 87 Clique para copiar
2025-05-22 02:41:17,301 - P17320 - INFO - Descobrindo cidade
2025-05-22 02:41:17,301 - P17320 - INFO - Buscando cidade: Rua Celso Costa Rego cidade RN
2025-05-22 02:41:19,895 - P17320 - INFO - Cidade encontrada: Mossoró
2025-05-22 02:41:19,895 - P17320 - INFO - Limpando texto extenso para campo city: Mossoró...
2025-05-22 02:41:19,895 - P17320 - INFO - Texto limpo: Mossoró
2025-05-22 02:41:19,896 - P17320 - INFO - Cidade descoberta: Mossoró
2025-05-22 02:41:19,896 - P17320 - INFO - Buscando CEP com sistema de cascata
2025-05-22 02:41:19,896 - P17320 - INFO - Iniciando busca de CEP em cascata para: Rua Celso Costa Rego, Mossoró, RN
2025-05-22 02:41:19,896 - P17320 - INFO - Método 1: ViaCEP API
2025-05-22 02:41:19,896 - P17320 - INFO - Buscando no ViaCEP: https://viacep.com.br/ws/RN/mossoro/rua%20celso%20costa%20rego/json/
2025-05-22 02:41:20,574 - P17320 - INFO - Dados encontrados no ViaCEP: {'cep': '59633-760', 'logradouro': 'Rua Celso Costa Rego', 'complemento': '', 'unidade': '', 'bairro': 'Alto do Sumaré', 'localidade': 'Mossoró', 'uf': 'RN', 'estado': 'Rio Grande do Norte', 'regiao': 'Nordeste', 'ibge': '2408003', 'gia': '', 'ddd': '84', 'siafi': '1759'}
2025-05-22 02:41:20,576 - P17320 - INFO - CEP encontrado via ViaCEP: 59633-760
2025-05-22 02:41:20,576 - P17320 - INFO - Dados de CEP encontrados: {'cep': '59633-760', 'logradouro': 'Rua Celso Costa Rego', 'complemento': '', 'unidade': '', 'bairro': 'Alto do Sumaré', 'localidade': 'Mossoró', 'uf': 'RN', 'estado': 'Rio Grande do Norte', 'regiao': 'Nordeste', 'ibge': '2408003', 'gia': '', 'ddd': '84', 'siafi': '1759'}
2025-05-22 02:41:20,576 - P17320 - INFO - Limpando texto extenso para campo bairro: Alto do Sumaré...
2025-05-22 02:41:20,576 - P17320 - INFO - Texto limpo: Alto do Sumaré
2025-05-22 02:41:20,576 - P17320 - INFO - Limpando texto extenso para campo city: Mossoró...
2025-05-22 02:41:20,576 - P17320 - INFO - Texto limpo: Mossoró
2025-05-22 02:41:20,577 - P17320 - INFO - Limpando texto extenso para campo state: RN...
2025-05-22 02:41:20,577 - P17320 - INFO - Texto limpo: RN
2025-05-22 02:41:20,577 - P17320 - INFO - Tempo de execução de processamento completo do médico: 42.26 segundos
2025-05-22 02:41:20,577 - P17320 - INFO - Resultado processado: {'Hash': 'bf7225a6d0ea1571451db8efa37a2a212d3a4e1350479f41a5e9f8aa520ee5c1', 'CRM': '8359', 'UF': 'RN', 'Firstname': 'MELKA', 'LastName': 'RODRIGUES BRAUNA DE MEDEIROS', 'Medical specialty': '', 'Endereco Completo A1': 'Rua Celso Costa Rego, 290', 'Address A1': 'Rua Celso Costa Rego', 'Numero A1': '290', 'Complement A1': 'Sala 87 Clique para copiar', 'Bairro A1': 'Alto do Sumaré', 'postal code A1': '59633-760', 'City A1': 'Mossoró', 'State A1': 'RN', 'Phone A1': '84) 8171-7492', 'Phone A2': '', 'Cell phone A1': '', 'Cell phone A2': '', 'E-mail A1': 'dra.melkamedeiros@gmail.com', 'E-mail A2': '', 'OPT-IN': '', 'STATUS': '', 'LOTE': ''}
2025-05-22 02:41:20,578 - P17320 - INFO - Progresso: 31.6%
2025-05-22 02:41:20,578 - P17320 - INFO - Tempo de execução de processamento do médico 2: 42.26 segundos
2025-05-22 02:41:20,578 - P17320 - INFO - 
==================================================
Processando médico 3/3
2025-05-22 02:41:20,579 - P17320 - INFO - Nome: FRANCISCA CLEMENTINO DE SOUZA
2025-05-22 02:41:20,579 - P17320 - INFO - Início do processamento Uso de memória: 101.08 MB
2025-05-22 02:41:20,579 - P17320 - INFO - Iniciando busca para: FRANCISCA CLEMENTINO DE SOUZA CRM 10456 RN telefone e-mail endereço
2025-05-22 02:41:20,961 - P17320 - INFO - SearX results: 10 URLs
2025-05-22 02:41:20,961 - P17320 - INFO - Após SearX Uso de memória: 101.08 MB
2025-05-22 02:41:23,835 - P17320 - INFO - Google results: 0 URLs
2025-05-22 02:41:23,835 - P17320 - INFO - Após Google Uso de memória: 101.14 MB
2025-05-22 02:41:26,402 - P17320 - INFO - Bing results: 9 URLs
2025-05-22 02:41:26,402 - P17320 - INFO - Após Bing Uso de memória: 101.14 MB
2025-05-22 02:41:26,402 - P17320 - INFO - Total de URLs únicas: 19
2025-05-22 02:41:26,403 - P17320 - INFO - Processando URL 1/19: https://jom.mossoro.rn.gov.br/wp-content/uploads/2019/09/jom271.pdf
2025-05-22 02:41:26,403 - P17320 - INFO - Ignorando URL de arquivo não-HTML: https://jom.mossoro.rn.gov.br/wp-content/uploads/2019/09/jom271.pdf
2025-05-22 02:41:26,403 - P17320 - INFO - Após processar URL 1 Uso de memória: 101.14 MB
2025-05-22 02:41:26,403 - P17320 - INFO - Processando URL 2/19: https://sistemas.trf1.jus.br/edj/bitstream/handle/123/334415/Caderno_JUD_DF_2018-04-17_X_67.pdf?sequence=2&isAllowed=y
2025-05-22 02:41:26,404 - P17320 - INFO - Ignorando URL de arquivo não-HTML: https://sistemas.trf1.jus.br/edj/bitstream/handle/123/334415/Caderno_JUD_DF_2018-04-17_X_67.pdf?sequence=2&isAllowed=y
2025-05-22 02:41:26,404 - P17320 - INFO - Após processar URL 2 Uso de memória: 101.14 MB
2025-05-22 02:41:26,404 - P17320 - INFO - Processando URL 3/19: https://www.imprensaoficial.al.gov.br/storage/files/diary/2022/12/doeal-2022-12-30-completo-xyoh8mrkbqaxbi3f7rslqurimvnds4xw4tjqiaiwwcl4r-pdwga12.pdf
2025-05-22 02:41:26,404 - P17320 - INFO - Ignorando URL de arquivo não-HTML: https://www.imprensaoficial.al.gov.br/storage/files/diary/2022/12/doeal-2022-12-30-completo-xyoh8mrkbqaxbi3f7rslqurimvnds4xw4tjqiaiwwcl4r-pdwga12.pdf
2025-05-22 02:41:26,405 - P17320 - INFO - Após processar URL 3 Uso de memória: 101.14 MB
2025-05-22 02:41:26,405 - P17320 - INFO - Processando URL 4/19: https://www.consultacrm.com.br/index/profissionais
2025-05-22 02:41:30,340 - P17320 - INFO - HTML salvo para debug: data\debug_html_v10\ca7ac6c4b85cee4a2c1da9949f895117.html
2025-05-22 02:41:30,351 - P17320 - INFO - Candidates address: 0 items
2025-05-22 02:41:30,352 - P17320 - INFO - Candidates phone: 0 items
2025-05-22 02:41:30,352 - P17320 - INFO - Candidates email: 0 items
2025-05-22 02:41:30,352 - P17320 - INFO - Candidates complement: 0 items
2025-05-22 02:41:30,352 - P17320 - INFO - Candidates cep: 0 items
2025-05-22 02:41:30,353 - P17320 - INFO - Após processar URL 4 Uso de memória: 101.14 MB
2025-05-22 02:41:30,353 - P17320 - INFO - Processando URL 5/19: https://crmvirtual.cfm.org.br/RN
2025-05-22 02:41:34,872 - P17320 - INFO - HTML salvo para debug: data\debug_html_v10\f4fc5b212156de84b238007ca8b699f2.html
2025-05-22 02:41:34,902 - P17320 - INFO - Candidates address: 0 items
2025-05-22 02:41:34,902 - P17320 - INFO - Candidates phone: 0 items
2025-05-22 02:41:34,903 - P17320 - INFO - Candidates email: 0 items
2025-05-22 02:41:34,903 - P17320 - INFO - Candidates complement: 0 items
2025-05-22 02:41:34,903 - P17320 - INFO - Candidates cep: 0 items
2025-05-22 02:41:34,903 - P17320 - INFO - Após processar URL 5 Uso de memória: 101.15 MB
2025-05-22 02:41:34,904 - P17320 - INFO - Processando URL 6/19: http://4f13a6287d3e01e333810d9f20f25650.easyweb.net.br/arquivos/1a96d315b74f384a8b9622ab8e22b7a5DOC22634_25_00039_2025.pdf
2025-05-22 02:41:34,904 - P17320 - INFO - Ignorando URL de arquivo não-HTML: http://4f13a6287d3e01e333810d9f20f25650.easyweb.net.br/arquivos/1a96d315b74f384a8b9622ab8e22b7a5DOC22634_25_00039_2025.pdf
2025-05-22 02:41:34,904 - P17320 - INFO - Após processar URL 6 Uso de memória: 93.22 MB
2025-05-22 02:41:34,905 - P17320 - INFO - Processando URL 7/19: https://www.portaltransparencia.gov.br/pessoa-fisica/busca/lista
2025-05-22 02:41:37,783 - P17320 - INFO - HTML salvo para debug: data\debug_html_v10\e200cdf64b71d4c9248718dd155b3edb.html
2025-05-22 02:41:37,824 - P17320 - INFO - Candidates address: 0 items
2025-05-22 02:41:37,825 - P17320 - INFO - Candidates phone: 0 items
2025-05-22 02:41:37,825 - P17320 - INFO - Candidates email: 0 items
2025-05-22 02:41:37,825 - P17320 - INFO - Candidates complement: 0 items
2025-05-22 02:41:37,825 - P17320 - INFO - Candidates cep: 0 items
2025-05-22 02:41:37,826 - P17320 - INFO - Após processar URL 7 Uso de memória: 94.55 MB
2025-05-22 02:41:37,827 - P17320 - INFO - Processando URL 8/19: https://hemeroteca-pdf.bn.gov.br/116408/per116408_1943_00683.pdf
2025-05-22 02:41:37,828 - P17320 - INFO - Ignorando URL de arquivo não-HTML: https://hemeroteca-pdf.bn.gov.br/116408/per116408_1943_00683.pdf
2025-05-22 02:41:37,828 - P17320 - INFO - Após processar URL 8 Uso de memória: 94.55 MB
2025-05-22 02:41:37,828 - P17320 - INFO - Processando URL 9/19: https://crmvirtual.cfm.org.br/RN/servico/pesquisar-por-medico
2025-05-22 02:41:40,396 - P17320 - INFO - HTML salvo para debug: data\debug_html_v10\435b61b8ac1efc9057be012b54625539.html
2025-05-22 02:41:40,408 - P17320 - INFO - Candidates address: 0 items
2025-05-22 02:41:40,408 - P17320 - INFO - Candidates phone: 5 items
2025-05-22 02:41:40,408 - P17320 - INFO - Candidates email: 1 items
2025-05-22 02:41:40,408 - P17320 - INFO - Candidates complement: 0 items
2025-05-22 02:41:40,409 - P17320 - INFO - Candidates cep: 0 items
2025-05-22 02:41:40,409 - P17320 - INFO - Após processar URL 9 Uso de memória: 94.79 MB
2025-05-22 02:41:40,409 - P17320 - INFO - Processando URL 10/19: https://sistemas.cfm.org.br/faleconosco/RN
2025-05-22 02:41:43,222 - P17320 - INFO - HTML salvo para debug: data\debug_html_v10\fd67118fb8f217c55cfd2687aaa0a7fb.html
2025-05-22 02:41:43,230 - P17320 - INFO - Candidates address: 0 items
2025-05-22 02:41:43,231 - P17320 - INFO - Candidates phone: 0 items
2025-05-22 02:41:43,231 - P17320 - INFO - Candidates email: 0 items
2025-05-22 02:41:43,231 - P17320 - INFO - Candidates complement: 0 items
2025-05-22 02:41:43,231 - P17320 - INFO - Candidates cep: 0 items
2025-05-22 02:41:43,231 - P17320 - INFO - Após processar URL 10 Uso de memória: 94.87 MB
2025-05-22 02:41:43,231 - P17320 - INFO - Processando URL 11/19: https://www.consultasocio.com/q/sa/francisca-clementino-de-souza
2025-05-22 02:41:48,125 - P17320 - INFO - HTML salvo para debug: data\debug_html_v10\a2f4f045e9ef2e0ba1970bf301bde0d6.html
2025-05-22 02:41:48,136 - P17320 - INFO - Candidates address: 2 items
2025-05-22 02:41:48,136 - P17320 - INFO - Candidates phone: 0 items
2025-05-22 02:41:48,136 - P17320 - INFO - Candidates email: 2 items
2025-05-22 02:41:48,137 - P17320 - INFO - Candidates complement: 1 items
2025-05-22 02:41:48,137 - P17320 - INFO - Candidates cep: 5 items
2025-05-22 02:41:48,137 - P17320 - INFO - Após processar URL 11 Uso de memória: 94.97 MB
2025-05-22 02:41:48,137 - P17320 - INFO - Processando URL 12/19: https://www.bauru.sp.gov.br/arquivos/sist_diariooficial/2010/12/do_20101223_1899.pdf
2025-05-22 02:41:48,138 - P17320 - INFO - Ignorando URL de arquivo não-HTML: https://www.bauru.sp.gov.br/arquivos/sist_diariooficial/2010/12/do_20101223_1899.pdf
2025-05-22 02:41:48,138 - P17320 - INFO - Após processar URL 12 Uso de memória: 94.97 MB
2025-05-22 02:41:48,138 - P17320 - INFO - Processando URL 13/19: http://www.tcu.gov.br/atas/2019/2a-camara/TCU_ATA_2_N_2019_37.pdf
2025-05-22 02:41:48,138 - P17320 - INFO - Ignorando URL de arquivo não-HTML: http://www.tcu.gov.br/atas/2019/2a-camara/TCU_ATA_2_N_2019_37.pdf
2025-05-22 02:41:48,139 - P17320 - INFO - Após processar URL 13 Uso de memória: 94.97 MB
2025-05-22 02:41:48,139 - P17320 - INFO - Processando URL 14/19: https://diario.tjes.jus.br/2007/20071010.pdf
2025-05-22 02:41:48,139 - P17320 - INFO - Ignorando URL de arquivo não-HTML: https://diario.tjes.jus.br/2007/20071010.pdf
2025-05-22 02:41:48,139 - P17320 - INFO - Após processar URL 14 Uso de memória: 94.97 MB
2025-05-22 02:41:48,140 - P17320 - INFO - Processando URL 15/19: https://cremern.org.br/busca-medicos
2025-05-22 02:41:52,734 - P17320 - INFO - HTML salvo para debug: data\debug_html_v10\3a3cd24d19dd67d91ecac53a879fe353.html
2025-05-22 02:41:52,772 - P17320 - INFO - Candidates address: 1 items
2025-05-22 02:41:52,773 - P17320 - INFO - Candidates phone: 0 items
2025-05-22 02:41:52,773 - P17320 - INFO - Candidates email: 1 items
2025-05-22 02:41:52,773 - P17320 - INFO - Candidates complement: 0 items
2025-05-22 02:41:52,773 - P17320 - INFO - Candidates cep: 1 items
2025-05-22 02:41:52,773 - P17320 - INFO - Após processar URL 15 Uso de memória: 96.64 MB
2025-05-22 02:41:52,774 - P17320 - INFO - Processando URL 16/19: https://www.boaconsulta.com/especialista/francisca-clementino-de-souza-6106394fa2e00a16a2004df9
2025-05-22 02:41:55,733 - P17320 - INFO - HTML salvo para debug: data\debug_html_v10\5180e14908ad91feb99134109e65cc20.html
2025-05-22 02:41:55,810 - P17320 - INFO - Candidates address: 1 items
2025-05-22 02:41:55,810 - P17320 - INFO - Candidates phone: 0 items
2025-05-22 02:41:55,811 - P17320 - INFO - Candidates email: 0 items
2025-05-22 02:41:55,811 - P17320 - INFO - Candidates complement: 0 items
2025-05-22 02:41:55,811 - P17320 - INFO - Candidates cep: 0 items
2025-05-22 02:41:55,811 - P17320 - INFO - Após processar URL 16 Uso de memória: 99.57 MB
2025-05-22 02:41:55,811 - P17320 - INFO - Processando URL 17/19: https://www.ioepa.com.br/pages/2022/2022.04.28.DOE.pdf
2025-05-22 02:41:55,811 - P17320 - INFO - Ignorando URL de arquivo não-HTML: https://www.ioepa.com.br/pages/2022/2022.04.28.DOE.pdf
2025-05-22 02:41:55,812 - P17320 - INFO - Após processar URL 17 Uso de memória: 99.57 MB
2025-05-22 02:41:55,812 - P17320 - INFO - Processando URL 18/19: https://consultacrm.com.br/
2025-05-22 02:41:59,315 - P17320 - INFO - HTML salvo para debug: data\debug_html_v10\65cadeb91ac3713432c21b535990f440.html
2025-05-22 02:41:59,329 - P17320 - INFO - Candidates address: 0 items
2025-05-22 02:41:59,329 - P17320 - INFO - Candidates phone: 0 items
2025-05-22 02:41:59,330 - P17320 - INFO - Candidates email: 0 items
2025-05-22 02:41:59,330 - P17320 - INFO - Candidates complement: 0 items
2025-05-22 02:41:59,330 - P17320 - INFO - Candidates cep: 0 items
2025-05-22 02:41:59,330 - P17320 - INFO - Após processar URL 18 Uso de memória: 99.98 MB
2025-05-22 02:41:59,330 - P17320 - INFO - Processando URL 19/19: https://sistemas.tjes.jus.br/ediario/index.php/component/ediario/?view=contents&layout=fulltext&data=20170512&idorgao=347
2025-05-22 02:42:02,780 - P17320 - INFO - HTML salvo para debug: data\debug_html_v10\ac8f4b29cc147084ca46ce3e8240c823.html
2025-05-22 02:42:03,834 - P17320 - INFO - Candidates address: 30 items
2025-05-22 02:42:03,835 - P17320 - INFO - Candidates phone: 4 items
2025-05-22 02:42:03,835 - P17320 - INFO - Candidates email: 6 items
2025-05-22 02:42:03,835 - P17320 - INFO - Candidates complement: 0 items
2025-05-22 02:42:03,835 - P17320 - INFO - Candidates cep: 113 items
2025-05-22 02:42:03,835 - P17320 - INFO - Após processar URL 19 Uso de memória: 102.36 MB
2025-05-22 02:42:03,836 - P17320 - INFO - Iniciando agregação e ranqueamento
2025-05-22 02:42:03,836 - P17320 - INFO - Ranked address: 34 items
2025-05-22 02:42:03,836 - P17320 - INFO - Ranked phone: 9 items
2025-05-22 02:42:03,836 - P17320 - INFO - Ranked email: 9 items
2025-05-22 02:42:03,837 - P17320 - INFO - Ranked complement: 1 items
2025-05-22 02:42:03,837 - P17320 - INFO - Ranked cep: 119 items
2025-05-22 02:42:03,838 - P17320 - INFO - Após agregação Uso de memória: 102.36 MB
2025-05-22 02:42:03,838 - P17320 - INFO - Validando endereço: ['Rua Doutor Fernando Couto, 10', 'Rua Tereza Leite, 21', 'Av. Rio Branco, 398']
2025-05-22 02:42:03,838 - P17320 - INFO - Endereço validado: Rua Doutor Fernando Couto, 10
2025-05-22 02:42:03,838 - P17320 - INFO - Limpando texto extenso para campo address: Rua Doutor Fernando Couto, 10...
2025-05-22 02:42:03,838 - P17320 - INFO - Texto limpo: Rua Doutor Fernando Couto, 10
2025-05-22 02:42:03,839 - P17320 - INFO - Validando telefone: ['(84) 4006-5311', '(84) 4006-5313', '(84) 4006-5309']
2025-05-22 02:42:03,839 - P17320 - INFO - Limpando texto extenso para campo phone: (84) 4006-5311...
2025-05-22 02:42:03,839 - P17320 - INFO - Texto limpo: 84) 4006-5311
2025-05-22 02:42:03,839 - P17320 - INFO - Telefone validado: 84) 4006-5311
2025-05-22 02:42:03,840 - P17320 - INFO - Validando email: ['atendimento@cremern.org.br', 'CONTAGERAL@HOTMAIL.COM', 'FRANCISCASOUZA234@GMAIL.COM']
2025-05-22 02:42:03,840 - P17320 - INFO - Limpando texto extenso para campo email: atendimento@cremern.org.br...
2025-05-22 02:42:03,840 - P17320 - INFO - Texto limpo: atendimento@cremern.org.br
2025-05-22 02:42:03,844 - P17320 - INFO - Email validado: atendimento@cremern.org.br
2025-05-22 02:42:03,846 - P17320 - INFO - Validando complemento: ['Sala  15 Nova Betânia']
2025-05-22 02:42:03,847 - P17320 - INFO - Limpando texto extenso para campo complement: Sala  15 Nova Betânia...
2025-05-22 02:42:03,848 - P17320 - INFO - Texto limpo: Sala 15 Nova Betânia
2025-05-22 02:42:03,849 - P17320 - INFO - Complemento validado: Sala 15 Nova Betânia
2025-05-22 02:42:03,849 - P17320 - INFO - Descobrindo cidade
2025-05-22 02:42:03,849 - P17320 - INFO - Buscando cidade: Rua Doutor Fernando Couto cidade RN
2025-05-22 02:42:06,087 - P17320 - INFO - Cidade encontrada: Mossoró
2025-05-22 02:42:06,087 - P17320 - INFO - Limpando texto extenso para campo city: Mossoró...
2025-05-22 02:42:06,087 - P17320 - INFO - Texto limpo: Mossoró
2025-05-22 02:42:06,087 - P17320 - INFO - Cidade descoberta: Mossoró
2025-05-22 02:42:06,087 - P17320 - INFO - Buscando CEP com sistema de cascata
2025-05-22 02:42:06,088 - P17320 - INFO - Iniciando busca de CEP em cascata para: Rua Doutor Fernando Couto, Mossoró, RN
2025-05-22 02:42:06,088 - P17320 - INFO - Método 1: ViaCEP API
2025-05-22 02:42:06,088 - P17320 - INFO - Buscando no ViaCEP: https://viacep.com.br/ws/RN/mossoro/rua%20doutor%20fernando%20couto/json/
2025-05-22 02:42:06,737 - P17320 - INFO - Dados encontrados no ViaCEP: {'cep': '59603-150', 'logradouro': 'Rua Doutor Fernando Couto', 'complemento': '', 'unidade': '', 'bairro': 'Doze Anos', 'localidade': 'Mossoró', 'uf': 'RN', 'estado': 'Rio Grande do Norte', 'regiao': 'Nordeste', 'ibge': '2408003', 'gia': '', 'ddd': '84', 'siafi': '1759'}
2025-05-22 02:42:06,739 - P17320 - INFO - CEP encontrado via ViaCEP: 59603-150
2025-05-22 02:42:06,740 - P17320 - INFO - Dados de CEP encontrados: {'cep': '59603-150', 'logradouro': 'Rua Doutor Fernando Couto', 'complemento': '', 'unidade': '', 'bairro': 'Doze Anos', 'localidade': 'Mossoró', 'uf': 'RN', 'estado': 'Rio Grande do Norte', 'regiao': 'Nordeste', 'ibge': '2408003', 'gia': '', 'ddd': '84', 'siafi': '1759'}
2025-05-22 02:42:06,740 - P17320 - INFO - Limpando texto extenso para campo bairro: Doze Anos...
2025-05-22 02:42:06,740 - P17320 - INFO - Texto limpo: Doze Anos
2025-05-22 02:42:06,740 - P17320 - INFO - Limpando texto extenso para campo city: Mossoró...
2025-05-22 02:42:06,740 - P17320 - INFO - Texto limpo: Mossoró
2025-05-22 02:42:06,741 - P17320 - INFO - Limpando texto extenso para campo state: RN...
2025-05-22 02:42:06,741 - P17320 - INFO - Texto limpo: RN
2025-05-22 02:42:06,741 - P17320 - INFO - Tempo de execução de processamento completo do médico: 46.16 segundos
2025-05-22 02:42:06,741 - P17320 - INFO - Resultado processado: {'Hash': '461e92a9ff08ec97650a42f55a1d706f2dfffa98159b75df14f0225053dee9a2', 'CRM': '10456', 'UF': 'RN', 'Firstname': 'FRANCISCA', 'LastName': 'CLEMENTINO DE SOUZA', 'Medical specialty': '', 'Endereco Completo A1': 'Rua Doutor Fernando Couto, 10', 'Address A1': 'Rua Doutor Fernando Couto', 'Numero A1': '10', 'Complement A1': 'Sala 15 Nova Betânia', 'Bairro A1': 'Doze Anos', 'postal code A1': '59603-150', 'City A1': 'Mossoró', 'State A1': 'RN', 'Phone A1': '84) 4006-5311', 'Phone A2': '', 'Cell phone A1': '', 'Cell phone A2': '', 'E-mail A1': 'atendimento@cremern.org.br', 'E-mail A2': '', 'OPT-IN': '', 'STATUS': '', 'LOTE': ''}
2025-05-22 02:42:06,742 - P17320 - INFO - Salvando lote de resultados
2025-05-22 02:42:06,742 - P17320 - INFO - Após salvar resultados Uso de memória: 100.45 MB
2025-05-22 02:42:06,743 - P17320 - INFO - Progresso: 31.8%
2025-05-22 02:42:06,743 - P17320 - INFO - Tempo de execução de processamento do médico 3: 46.17 segundos
2025-05-22 02:42:06,744 - P17320 - INFO - Tempo de execução de processamento do lote completo: 138.97 segundos
