2025-05-22 02:53:49,984 - P14756 - INFO - 
==================================================
Processando médico 1/3
2025-05-22 02:53:49,984 - P14756 - INFO - Nome: NILSON ROBERTO MOREIRA
2025-05-22 02:53:49,984 - P14756 - INFO - Reiniciando driver do Chrome
2025-05-22 02:53:51,462 - P14756 - INFO - Após reiniciar driver Uso de memória: 108.32 MB
2025-05-22 02:53:51,463 - P14756 - INFO - Início do processamento Uso de memória: 108.32 MB
2025-05-22 02:53:51,464 - P14756 - INFO - Iniciando busca para: NILSON ROBERTO MOREIRA CRM 36663 SP telefone e-mail endereço
2025-05-22 02:53:51,908 - P14756 - INFO - SearX results: 10 URLs
2025-05-22 02:53:51,909 - P14756 - INFO - Após SearX Uso de memória: 108.32 MB
2025-05-22 02:53:54,786 - P14756 - INFO - Google results: 12 URLs
2025-05-22 02:53:54,786 - P14756 - INFO - Após Google Uso de memória: 109.49 MB
2025-05-22 02:53:57,338 - P14756 - INFO - Bing results: 10 URLs
2025-05-22 02:53:57,339 - P14756 - INFO - Após Bing Uso de memória: 110.29 MB
2025-05-22 02:53:57,339 - P14756 - INFO - Total de URLs únicas: 24
2025-05-22 02:53:57,339 - P14756 - INFO - Processando URL 1/24: https://diariooficial.guarulhos.sp.gov.br/uploads/pdf/799430588.pdf
2025-05-22 02:53:57,339 - P14756 - INFO - Ignorando URL de arquivo não-HTML: https://diariooficial.guarulhos.sp.gov.br/uploads/pdf/799430588.pdf
2025-05-22 02:53:57,339 - P14756 - INFO - Após processar URL 1 Uso de memória: 110.29 MB
2025-05-22 02:53:57,340 - P14756 - INFO - Processando URL 2/24: https://www.boaconsulta.com/especialistas/ortopedistas/guaratingueta-sp?page=4
2025-05-22 02:54:01,167 - P14756 - INFO - HTML salvo para debug: data\debug_html_v10\4cd94cff067ed4efe8a94db178051894.html
2025-05-22 02:54:01,217 - P14756 - INFO - Candidates address: 4 items
2025-05-22 02:54:01,217 - P14756 - INFO - Candidates phone: 0 items
2025-05-22 02:54:01,217 - P14756 - INFO - Candidates email: 0 items
2025-05-22 02:54:01,218 - P14756 - INFO - Candidates complement: 0 items
2025-05-22 02:54:01,218 - P14756 - INFO - Candidates cep: 0 items
2025-05-22 02:54:01,218 - P14756 - INFO - Após processar URL 2 Uso de memória: 110.60 MB
2025-05-22 02:54:01,218 - P14756 - INFO - Processando URL 3/24: https://www.saobernardo.sp.gov.br/documents/10181/1812128/NM+2472+de+06.09.2024+-++Conte%C3%BAdo+Integral.pdf/0cff8387-80d6-ce80-5813-8093696caf2e
2025-05-22 02:54:01,218 - P14756 - INFO - Ignorando URL de arquivo não-HTML: https://www.saobernardo.sp.gov.br/documents/10181/1812128/NM+2472+de+06.09.2024+-++Conte%C3%BAdo+Integral.pdf/0cff8387-80d6-ce80-5813-8093696caf2e
2025-05-22 02:54:01,219 - P14756 - INFO - Após processar URL 3 Uso de memória: 110.60 MB
2025-05-22 02:54:01,219 - P14756 - INFO - Processando URL 4/24: https://imprensaoficial.jundiai.sp.gov.br/wp-content/uploads/2016/12/4225-07-12-20163.pdf
2025-05-22 02:54:01,219 - P14756 - INFO - Ignorando URL de arquivo não-HTML: https://imprensaoficial.jundiai.sp.gov.br/wp-content/uploads/2016/12/4225-07-12-20163.pdf
2025-05-22 02:54:01,219 - P14756 - INFO - Após processar URL 4 Uso de memória: 110.60 MB
2025-05-22 02:54:01,219 - P14756 - INFO - Processando URL 5/24: https://guiamedico.cremesp.org.br/
2025-05-22 02:54:04,476 - P14756 - INFO - HTML salvo para debug: data\debug_html_v10\7c54969580769b63edd9abaa952e1fa2.html
2025-05-22 02:54:04,482 - P14756 - INFO - Candidates address: 1 items
2025-05-22 02:54:04,483 - P14756 - INFO - Candidates phone: 1 items
2025-05-22 02:54:04,483 - P14756 - INFO - Candidates email: 0 items
2025-05-22 02:54:04,483 - P14756 - INFO - Candidates complement: 0 items
2025-05-22 02:54:04,483 - P14756 - INFO - Candidates cep: 1 items
2025-05-22 02:54:04,484 - P14756 - INFO - Após processar URL 5 Uso de memória: 110.60 MB
2025-05-22 02:54:04,484 - P14756 - INFO - Processando URL 6/24: https://cliniguia.com/profissionais/nilson-roberto-moreira-207274711410005/
2025-05-22 02:54:10,143 - P14756 - INFO - HTML salvo para debug: data\debug_html_v10\9cc669f32bd733c7a6f51573bc97a12f.html
2025-05-22 02:54:10,211 - P14756 - INFO - Candidates address: 0 items
2025-05-22 02:54:10,214 - P14756 - INFO - Candidates phone: 0 items
2025-05-22 02:54:10,214 - P14756 - INFO - Candidates email: 0 items
2025-05-22 02:54:10,215 - P14756 - INFO - Candidates complement: 0 items
2025-05-22 02:54:10,215 - P14756 - INFO - Candidates cep: 0 items
2025-05-22 02:54:10,215 - P14756 - INFO - Após processar URL 6 Uso de memória: 111.52 MB
2025-05-22 02:54:10,215 - P14756 - INFO - Processando URL 7/24: https://www2.bauru.sp.gov.br/arquivos/sist_diariooficial/2021/06/do_20210603_3414.pdf
2025-05-22 02:54:10,216 - P14756 - INFO - Ignorando URL de arquivo não-HTML: https://www2.bauru.sp.gov.br/arquivos/sist_diariooficial/2021/06/do_20210603_3414.pdf
2025-05-22 02:54:10,216 - P14756 - INFO - Após processar URL 7 Uso de memória: 109.96 MB
2025-05-22 02:54:10,216 - P14756 - INFO - Processando URL 8/24: https://mpsp.mp.br/w/di%C3%A1rio-oficial-mpsp-15/08/2013.htm
2025-05-22 02:54:14,063 - P14756 - INFO - HTML salvo para debug: data\debug_html_v10\22348a8d498a2331c3e5bc86614c5bbb.html
2025-05-22 02:54:14,319 - P14756 - INFO - Candidates address: 6 items
2025-05-22 02:54:14,320 - P14756 - INFO - Candidates phone: 1 items
2025-05-22 02:54:14,320 - P14756 - INFO - Candidates email: 9 items
2025-05-22 02:54:14,320 - P14756 - INFO - Candidates complement: 1 items
2025-05-22 02:54:14,320 - P14756 - INFO - Candidates cep: 2 items
2025-05-22 02:54:14,320 - P14756 - INFO - Após processar URL 8 Uso de memória: 111.43 MB
2025-05-22 02:54:14,320 - P14756 - INFO - Processando URL 9/24: https://www.boaconsulta.com/especialista/nilson-roberto-moreira-6105edd6ba32c343c900024a
2025-05-22 02:54:17,219 - P14756 - INFO - HTML salvo para debug: data\debug_html_v10\7d6b961cd3dc0e8bf7cede0fa77c9fb5.html
2025-05-22 02:54:17,276 - P14756 - INFO - Candidates address: 2 items
2025-05-22 02:54:17,276 - P14756 - INFO - Candidates phone: 0 items
2025-05-22 02:54:17,277 - P14756 - INFO - Candidates email: 0 items
2025-05-22 02:54:17,277 - P14756 - INFO - Candidates complement: 0 items
2025-05-22 02:54:17,277 - P14756 - INFO - Candidates cep: 0 items
2025-05-22 02:54:17,277 - P14756 - INFO - Após processar URL 9 Uso de memória: 110.01 MB
2025-05-22 02:54:17,277 - P14756 - INFO - Processando URL 10/24: https://fisiogyn.med.br/corpoclinico/dr-nilson-moreira-da-silva-junior/
2025-05-22 02:54:23,265 - P14756 - INFO - HTML salvo para debug: data\debug_html_v10\066930c0c4c1036a639737c739b732b8.html
2025-05-22 02:54:23,297 - P14756 - INFO - Candidates address: 0 items
2025-05-22 02:54:23,304 - P14756 - INFO - Candidates phone: 0 items
2025-05-22 02:54:23,307 - P14756 - INFO - Candidates email: 0 items
2025-05-22 02:54:23,308 - P14756 - INFO - Candidates complement: 0 items
2025-05-22 02:54:23,309 - P14756 - INFO - Candidates cep: 0 items
2025-05-22 02:54:23,318 - P14756 - INFO - Após processar URL 10 Uso de memória: 110.04 MB
2025-05-22 02:54:23,322 - P14756 - INFO - Processando URL 11/24: https://www.medicosbrasil.com/profissional/nilson-roberto-moreira
2025-05-22 02:54:27,367 - P14756 - INFO - HTML salvo para debug: data\debug_html_v10\d6dae9f26013d20ada1e266eb4032c9b.html
2025-05-22 02:54:27,391 - P14756 - INFO - Candidates address: 0 items
2025-05-22 02:54:27,391 - P14756 - INFO - Candidates phone: 0 items
2025-05-22 02:54:27,391 - P14756 - INFO - Candidates email: 0 items
2025-05-22 02:54:27,391 - P14756 - INFO - Candidates complement: 0 items
2025-05-22 02:54:27,391 - P14756 - INFO - Candidates cep: 0 items
2025-05-22 02:54:27,392 - P14756 - INFO - Após processar URL 11 Uso de memória: 110.04 MB
2025-05-22 02:54:27,392 - P14756 - INFO - Processando URL 12/24: https://www.mpsp.mp.br/w/dic3a1riooficialmpsp15082013htm
2025-05-22 02:54:29,741 - P14756 - INFO - HTML salvo para debug: data\debug_html_v10\6aa4893d62224b5b1d413600d7d56870.html
2025-05-22 02:54:29,742 - P14756 - INFO - Candidates address: 0 items
2025-05-22 02:54:29,742 - P14756 - INFO - Candidates phone: 0 items
2025-05-22 02:54:29,743 - P14756 - INFO - Candidates email: 0 items
2025-05-22 02:54:29,743 - P14756 - INFO - Candidates complement: 0 items
2025-05-22 02:54:29,743 - P14756 - INFO - Candidates cep: 0 items
2025-05-22 02:54:29,743 - P14756 - INFO - Após processar URL 12 Uso de memória: 110.04 MB
2025-05-22 02:54:29,743 - P14756 - INFO - Processando URL 13/24: https://www.redescredenciadas.com.br/perfil/nilson-roberto-moreira-sp-36663
2025-05-22 02:54:35,199 - P14756 - INFO - HTML salvo para debug: data\debug_html_v10\6b36ebf21cc96c668f371b954fdc10e3.html
2025-05-22 02:54:35,205 - P14756 - INFO - Candidates address: 1 items
2025-05-22 02:54:35,206 - P14756 - INFO - Candidates phone: 4 items
2025-05-22 02:54:35,206 - P14756 - INFO - Candidates email: 0 items
2025-05-22 02:54:35,206 - P14756 - INFO - Candidates complement: 0 items
2025-05-22 02:54:35,206 - P14756 - INFO - Candidates cep: 0 items
2025-05-22 02:54:35,206 - P14756 - INFO - Após processar URL 13 Uso de memória: 110.05 MB
2025-05-22 02:54:35,206 - P14756 - INFO - Processando URL 14/24: https://www.doctoralia.com.br/nilson-roberto-moreira/medico-clinico-geral/guaratingueta
2025-05-22 02:54:35,207 - P14756 - INFO - Ignorando URL de arquivo não-HTML: https://www.doctoralia.com.br/nilson-roberto-moreira/medico-clinico-geral/guaratingueta
2025-05-22 02:54:35,207 - P14756 - INFO - Após processar URL 14 Uso de memória: 110.05 MB
2025-05-22 02:54:35,207 - P14756 - INFO - Processando URL 15/24: https://www.helpsaude.com/nilson-roberto-moreira-crmsp-36663
2025-05-22 02:54:42,048 - P14756 - INFO - HTML salvo para debug: data\debug_html_v10\c9cc3829104023c813eeb02d25df7702.html
2025-05-22 02:54:42,062 - P14756 - INFO - Candidates address: 1 items
2025-05-22 02:54:42,062 - P14756 - INFO - Candidates phone: 0 items
2025-05-22 02:54:42,062 - P14756 - INFO - Candidates email: 0 items
2025-05-22 02:54:42,062 - P14756 - INFO - Candidates complement: 0 items
2025-05-22 02:54:42,062 - P14756 - INFO - Candidates cep: 1 items
2025-05-22 02:54:42,062 - P14756 - INFO - Após processar URL 15 Uso de memória: 110.05 MB
2025-05-22 02:54:42,063 - P14756 - INFO - Processando URL 16/24: https://sistemas.trf1.jus.br/edj/bitstream/handle/123/318435/Caderno_JUD_BA_2018-02-28_X_36.pdf?sequence=3&isAllowed=y
2025-05-22 02:54:42,063 - P14756 - INFO - Ignorando URL de arquivo não-HTML: https://sistemas.trf1.jus.br/edj/bitstream/handle/123/318435/Caderno_JUD_BA_2018-02-28_X_36.pdf?sequence=3&isAllowed=y
2025-05-22 02:54:42,063 - P14756 - INFO - Após processar URL 16 Uso de memória: 110.05 MB
2025-05-22 02:54:42,063 - P14756 - INFO - Processando URL 17/24: https://www.catalogo.med.br/doutor/nilson-roberto-moreira-2202449.htm
2025-05-22 02:54:44,206 - P14756 - INFO - HTML salvo para debug: data\debug_html_v10\979b804bc47413b126531c6484c98347.html
2025-05-22 02:54:44,207 - P14756 - INFO - Candidates address: 0 items
2025-05-22 02:54:44,207 - P14756 - INFO - Candidates phone: 0 items
2025-05-22 02:54:44,207 - P14756 - INFO - Candidates email: 0 items
2025-05-22 02:54:44,208 - P14756 - INFO - Candidates complement: 0 items
2025-05-22 02:54:44,208 - P14756 - INFO - Candidates cep: 0 items
2025-05-22 02:54:44,208 - P14756 - INFO - Após processar URL 17 Uso de memória: 110.05 MB
2025-05-22 02:54:44,209 - P14756 - INFO - Processando URL 18/24: https://diariooficial.guarulhos.sp.gov.br/uploads/pdf/603429099.pdf
2025-05-22 02:54:44,209 - P14756 - INFO - Ignorando URL de arquivo não-HTML: https://diariooficial.guarulhos.sp.gov.br/uploads/pdf/603429099.pdf
2025-05-22 02:54:44,209 - P14756 - INFO - Após processar URL 18 Uso de memória: 110.05 MB
2025-05-22 02:54:44,209 - P14756 - INFO - Processando URL 19/24: https://venus.maringa.pr.gov.br/arquivos/orgao_oficial/arquivos/oom%203594.pdf
2025-05-22 02:54:44,209 - P14756 - INFO - Ignorando URL de arquivo não-HTML: https://venus.maringa.pr.gov.br/arquivos/orgao_oficial/arquivos/oom%203594.pdf
2025-05-22 02:54:44,210 - P14756 - INFO - Após processar URL 19 Uso de memória: 110.05 MB
2025-05-22 02:54:44,210 - P14756 - INFO - Processando URL 20/24: https://clinica.work/especialista/nilson-roberto-moreira-clinico-geral-guaratingueta-sp
2025-05-22 02:54:48,271 - P14756 - INFO - HTML salvo para debug: data\debug_html_v10\64b407b1827a1fbc9fec6e5ade15bc19.html
2025-05-22 02:54:48,289 - P14756 - INFO - Candidates address: 1 items
2025-05-22 02:54:48,289 - P14756 - INFO - Candidates phone: 0 items
2025-05-22 02:54:48,289 - P14756 - INFO - Candidates email: 0 items
2025-05-22 02:54:48,290 - P14756 - INFO - Candidates complement: 0 items
2025-05-22 02:54:48,290 - P14756 - INFO - Candidates cep: 2 items
2025-05-22 02:54:48,290 - P14756 - INFO - Após processar URL 20 Uso de memória: 111.15 MB
2025-05-22 02:54:48,291 - P14756 - INFO - Processando URL 21/24: https://sistemas.trf1.jus.br/edj/bitstream/handle/123/280165/Caderno_JUD_MA_2017-10-09_IX_186.pdf?sequence=1&isAllowed=y
2025-05-22 02:54:48,291 - P14756 - INFO - Ignorando URL de arquivo não-HTML: https://sistemas.trf1.jus.br/edj/bitstream/handle/123/280165/Caderno_JUD_MA_2017-10-09_IX_186.pdf?sequence=1&isAllowed=y
2025-05-22 02:54:48,292 - P14756 - INFO - Após processar URL 21 Uso de memória: 110.05 MB
2025-05-22 02:54:48,292 - P14756 - INFO - Processando URL 22/24: https://listamedicos.com/medico/nilson-roberto-moreira
2025-05-22 02:54:53,191 - P14756 - INFO - HTML salvo para debug: data\debug_html_v10\3fcd6b53bc3ea7461469b919d8db5e7c.html
2025-05-22 02:54:53,201 - P14756 - INFO - Candidates address: 0 items
2025-05-22 02:54:53,201 - P14756 - INFO - Candidates phone: 0 items
2025-05-22 02:54:53,202 - P14756 - INFO - Candidates email: 0 items
2025-05-22 02:54:53,202 - P14756 - INFO - Candidates complement: 0 items
2025-05-22 02:54:53,202 - P14756 - INFO - Candidates cep: 2 items
2025-05-22 02:54:53,202 - P14756 - INFO - Após processar URL 22 Uso de memória: 110.05 MB
2025-05-22 02:54:53,202 - P14756 - INFO - Processando URL 23/24: https://www.saobernardo.sp.gov.br/documents/10181/865801/NM+2056+de+18.04.2019+-+Conteu%CC%81do+Integral.pdf/277f2f18-fbed-97e5-7da3-ddb3eb0c6227
2025-05-22 02:54:53,202 - P14756 - INFO - Ignorando URL de arquivo não-HTML: https://www.saobernardo.sp.gov.br/documents/10181/865801/NM+2056+de+18.04.2019+-+Conteu%CC%81do+Integral.pdf/277f2f18-fbed-97e5-7da3-ddb3eb0c6227
2025-05-22 02:54:53,203 - P14756 - INFO - Após processar URL 23 Uso de memória: 110.05 MB
2025-05-22 02:54:53,203 - P14756 - INFO - Processando URL 24/24: https://consultacrm.com.br/
2025-05-22 02:54:57,664 - P14756 - INFO - HTML salvo para debug: data\debug_html_v10\65cadeb91ac3713432c21b535990f440.html
2025-05-22 02:54:57,675 - P14756 - INFO - Candidates address: 0 items
2025-05-22 02:54:57,675 - P14756 - INFO - Candidates phone: 0 items
2025-05-22 02:54:57,675 - P14756 - INFO - Candidates email: 0 items
2025-05-22 02:54:57,675 - P14756 - INFO - Candidates complement: 0 items
2025-05-22 02:54:57,675 - P14756 - INFO - Candidates cep: 0 items
2025-05-22 02:54:57,676 - P14756 - INFO - Após processar URL 24 Uso de memória: 110.05 MB
2025-05-22 02:54:57,676 - P14756 - INFO - Iniciando agregação e ranqueamento
2025-05-22 02:54:57,676 - P14756 - INFO - Ranked address: 13 items
2025-05-22 02:54:57,677 - P14756 - INFO - Ranked phone: 6 items
2025-05-22 02:54:57,678 - P14756 - INFO - Ranked email: 9 items
2025-05-22 02:54:57,678 - P14756 - INFO - Ranked complement: 1 items
2025-05-22 02:54:57,679 - P14756 - INFO - Ranked cep: 7 items
2025-05-22 02:54:57,679 - P14756 - INFO - Após agregação Uso de memória: 110.05 MB
2025-05-22 02:54:57,679 - P14756 - INFO - Validando endereço: ['Rua Rangel Pestana, 194', 'Rua Domingos Lemes, 77', 'Rua Domingos Leme, 77']
2025-05-22 02:54:57,680 - P14756 - INFO - Endereço validado: Rua Rangel Pestana, 194
2025-05-22 02:54:57,680 - P14756 - INFO - Limpando texto extenso para campo address: Rua Rangel Pestana, 194...
2025-05-22 02:54:57,680 - P14756 - INFO - Texto limpo: Rua Rangel Pestana, 194
2025-05-22 02:54:57,680 - P14756 - INFO - Validando telefone: ['(11) 4349-9900', '(11) 3119-9000', '(12) 3128-5511']
2025-05-22 02:54:57,680 - P14756 - INFO - Limpando texto extenso para campo phone: (11) 4349-9900...
2025-05-22 02:54:57,680 - P14756 - INFO - Texto limpo: 11) 4349-9900
2025-05-22 02:54:57,681 - P14756 - INFO - Telefone validado: 11) 4349-9900
2025-05-22 02:54:57,681 - P14756 - INFO - Validando email: ['infancia@mp.sp.gov.br', 'caocivelsaudepublica@mp.sp.gov.br', 'dh@mpsp.mp.br']
2025-05-22 02:54:57,681 - P14756 - INFO - Limpando texto extenso para campo email: infancia@mp.sp.gov.br...
2025-05-22 02:54:57,681 - P14756 - INFO - Texto limpo: infancia@mp.sp.gov.br
2025-05-22 02:54:57,681 - P14756 - INFO - Email validado: infancia@mp.sp.gov.br
2025-05-22 02:54:57,682 - P14756 - INFO - Validando complemento: ['Sala 42 ']
2025-05-22 02:54:57,682 - P14756 - INFO - Limpando texto extenso para campo complement: Sala 42 ...
2025-05-22 02:54:57,682 - P14756 - INFO - Texto limpo: Sala 42
2025-05-22 02:54:57,682 - P14756 - INFO - Complemento validado: Sala 42
2025-05-22 02:54:57,682 - P14756 - INFO - Descobrindo cidade
2025-05-22 02:54:57,682 - P14756 - INFO - Buscando cidade: Rua Rangel Pestana cidade SP
2025-05-22 02:55:00,385 - P14756 - INFO - Cidade encontrada: Jundiaí
2025-05-22 02:55:00,386 - P14756 - INFO - Limpando texto extenso para campo city: Jundiaí...
2025-05-22 02:55:00,386 - P14756 - INFO - Texto limpo: Jundiaí
2025-05-22 02:55:00,386 - P14756 - INFO - Cidade descoberta: Jundiaí
2025-05-22 02:55:00,386 - P14756 - INFO - Buscando CEP com sistema de cascata
2025-05-22 02:55:00,386 - P14756 - INFO - Iniciando busca de CEP em cascata para: Rua Rangel Pestana, Jundiaí, SP
2025-05-22 02:55:00,387 - P14756 - INFO - Método 1: ViaCEP API
2025-05-22 02:55:00,387 - P14756 - INFO - Buscando no ViaCEP: https://viacep.com.br/ws/SP/jundiai/rua%20rangel%20pestana/json/
2025-05-22 02:55:01,023 - P14756 - INFO - Dados encontrados no ViaCEP: {'cep': '13201-000', 'logradouro': 'Rua Rangel Pestana', 'complemento': '', 'unidade': '', 'bairro': 'Centro', 'localidade': 'Jundiaí', 'uf': 'SP', 'estado': 'São Paulo', 'regiao': 'Sudeste', 'ibge': '3525904', 'gia': '4078', 'ddd': '11', 'siafi': '6619'}
2025-05-22 02:55:01,026 - P14756 - INFO - CEP encontrado via ViaCEP: 13201-000
2025-05-22 02:55:01,026 - P14756 - INFO - Dados de CEP encontrados: {'cep': '13201-000', 'logradouro': 'Rua Rangel Pestana', 'complemento': '', 'unidade': '', 'bairro': 'Centro', 'localidade': 'Jundiaí', 'uf': 'SP', 'estado': 'São Paulo', 'regiao': 'Sudeste', 'ibge': '3525904', 'gia': '4078', 'ddd': '11', 'siafi': '6619'}
2025-05-22 02:55:01,027 - P14756 - INFO - Limpando texto extenso para campo bairro: Centro...
2025-05-22 02:55:01,027 - P14756 - INFO - Texto limpo: Centro
2025-05-22 02:55:01,027 - P14756 - INFO - Limpando texto extenso para campo city: Jundiaí...
2025-05-22 02:55:01,027 - P14756 - INFO - Texto limpo: Jundiaí
2025-05-22 02:55:01,028 - P14756 - INFO - Limpando texto extenso para campo state: SP...
2025-05-22 02:55:01,028 - P14756 - INFO - Texto limpo: SP
2025-05-22 02:55:01,028 - P14756 - INFO - Tempo de execução de processamento completo do médico: 69.57 segundos
2025-05-22 02:55:01,029 - P14756 - INFO - Resultado processado: {'Hash': '3fdae356ccdb1ca3ac0c079a81037eea1de5639cfbaf005211e11143decafbdc', 'CRM': '36663', 'UF': 'SP', 'Firstname': 'NILSON', 'LastName': 'ROBERTO MOREIRA', 'Medical specialty': '', 'Endereco Completo A1': 'Rua Rangel Pestana, 194', 'Address A1': 'Rua Rangel Pestana', 'Numero A1': '194', 'Complement A1': 'Sala 42', 'Bairro A1': 'Centro', 'postal code A1': '13201-000', 'City A1': 'Jundiaí', 'State A1': 'SP', 'Phone A1': '11) 4349-9900', 'Phone A2': '', 'Cell phone A1': '', 'Cell phone A2': '', 'E-mail A1': 'infancia@mp.sp.gov.br', 'E-mail A2': '', 'OPT-IN': '', 'STATUS': '', 'LOTE': ''}
2025-05-22 02:55:01,031 - P14756 - INFO - Progresso: 36.6%
2025-05-22 02:55:01,032 - P14756 - INFO - Executando coleta de lixo
2025-05-22 02:55:01,148 - P14756 - INFO - Após coleta de lixo Uso de memória: 99.27 MB
2025-05-22 02:55:01,148 - P14756 - INFO - Tempo de execução de processamento do médico 1: 71.16 segundos
2025-05-22 02:55:01,148 - P14756 - INFO - 
==================================================
Processando médico 2/3
2025-05-22 02:55:01,149 - P14756 - INFO - Nome: EMMANUEL NUNES DE SOUZA
2025-05-22 02:55:01,149 - P14756 - INFO - Início do processamento Uso de memória: 99.27 MB
2025-05-22 02:55:01,149 - P14756 - INFO - Iniciando busca para: EMMANUEL NUNES DE SOUZA CRM 45873 SP telefone e-mail endereço
2025-05-22 02:55:01,525 - P14756 - INFO - SearX results: 10 URLs
2025-05-22 02:55:01,526 - P14756 - INFO - Após SearX Uso de memória: 99.27 MB
2025-05-22 02:55:04,354 - P14756 - INFO - Google results: 14 URLs
2025-05-22 02:55:04,354 - P14756 - INFO - Após Google Uso de memória: 103.17 MB
2025-05-22 02:55:07,020 - P14756 - INFO - Bing results: 10 URLs
2025-05-22 02:55:07,021 - P14756 - INFO - Após Bing Uso de memória: 105.01 MB
2025-05-22 02:55:07,021 - P14756 - INFO - Total de URLs únicas: 25
2025-05-22 02:55:07,021 - P14756 - INFO - Processando URL 1/25: https://www.saobernardo.sp.gov.br/documents/10181/1812128/NM+2427+de+23.02.2024+-++Conte%C3%BAdo+Integral.pdf/6bd59c9b-51fc-c6bd-a179-a182dacbe70b
2025-05-22 02:55:07,021 - P14756 - INFO - Ignorando URL de arquivo não-HTML: https://www.saobernardo.sp.gov.br/documents/10181/1812128/NM+2427+de+23.02.2024+-++Conte%C3%BAdo+Integral.pdf/6bd59c9b-51fc-c6bd-a179-a182dacbe70b
2025-05-22 02:55:07,022 - P14756 - INFO - Após processar URL 1 Uso de memória: 105.01 MB
2025-05-22 02:55:07,022 - P14756 - INFO - Processando URL 2/25: https://sistemadje.tjmt.jus.br/publicacoes/10053-2017%20C2%20Comarcas%20-%20Entr%C3%A2ncia%20Especial.pdf
2025-05-22 02:55:07,022 - P14756 - INFO - Ignorando URL de arquivo não-HTML: https://sistemadje.tjmt.jus.br/publicacoes/10053-2017%20C2%20Comarcas%20-%20Entr%C3%A2ncia%20Especial.pdf
2025-05-22 02:55:07,022 - P14756 - INFO - Após processar URL 2 Uso de memória: 105.01 MB
2025-05-22 02:55:07,022 - P14756 - INFO - Processando URL 3/25: https://www.saobernardo.sp.gov.br/documents/10181/1441964/NM+2281+de+25.02.2022+-+Conteu%CC%81do+Integral.pdf/14bc624c-b52f-9cd8-8c75-a92a510fa831
2025-05-22 02:55:07,023 - P14756 - INFO - Ignorando URL de arquivo não-HTML: https://www.saobernardo.sp.gov.br/documents/10181/1441964/NM+2281+de+25.02.2022+-+Conteu%CC%81do+Integral.pdf/14bc624c-b52f-9cd8-8c75-a92a510fa831
2025-05-22 02:55:07,023 - P14756 - INFO - Após processar URL 3 Uso de memória: 105.01 MB
2025-05-22 02:55:07,023 - P14756 - INFO - Processando URL 4/25: https://imprensaoficial.jundiai.sp.gov.br/wp-content/uploads/2016/12/4225-07-12-20163.pdf
2025-05-22 02:55:07,023 - P14756 - INFO - Ignorando URL de arquivo não-HTML: https://imprensaoficial.jundiai.sp.gov.br/wp-content/uploads/2016/12/4225-07-12-20163.pdf
2025-05-22 02:55:07,023 - P14756 - INFO - Após processar URL 4 Uso de memória: 105.01 MB
2025-05-22 02:55:07,024 - P14756 - INFO - Processando URL 5/25: https://guiamedico.cremesp.org.br/
2025-05-22 02:55:09,703 - P14756 - INFO - HTML salvo para debug: data\debug_html_v10\7c54969580769b63edd9abaa952e1fa2.html
2025-05-22 02:55:09,710 - P14756 - INFO - Candidates address: 1 items
2025-05-22 02:55:09,710 - P14756 - INFO - Candidates phone: 1 items
2025-05-22 02:55:09,711 - P14756 - INFO - Candidates email: 0 items
2025-05-22 02:55:09,711 - P14756 - INFO - Candidates complement: 0 items
2025-05-22 02:55:09,711 - P14756 - INFO - Candidates cep: 1 items
2025-05-22 02:55:09,712 - P14756 - INFO - Após processar URL 5 Uso de memória: 105.54 MB
2025-05-22 02:55:09,712 - P14756 - INFO - Processando URL 6/25: https://www.viomundo.com.br/blogdasaude/saude-mental-psiquiatras-defendem-redes-de-atencao-psicossocial-no-sus-e-repudiam-propostas-da-associacao-brasileira-de-psiquiatria-integra.html
2025-05-22 02:55:15,588 - P14756 - INFO - HTML salvo para debug: data\debug_html_v10\ef71dab75907ca4ed6dafabb44d95b69.html
2025-05-22 02:55:15,723 - P14756 - INFO - Candidates address: 1 items
2025-05-22 02:55:15,723 - P14756 - INFO - Candidates phone: 0 items
2025-05-22 02:55:15,723 - P14756 - INFO - Candidates email: 11 items
2025-05-22 02:55:15,723 - P14756 - INFO - Candidates complement: 1 items
2025-05-22 02:55:15,723 - P14756 - INFO - Candidates cep: 76 items
2025-05-22 02:55:15,724 - P14756 - INFO - Após processar URL 6 Uso de memória: 106.17 MB
2025-05-22 02:55:15,724 - P14756 - INFO - Processando URL 7/25: https://www.saobernardo.sp.gov.br/documents/10181/1812128/NM+2446+de+10.05.2024+-++Conte%C3%BAdo+Integral.pdf/d6bd6c04-6ae4-2150-4b7a-cdb77437689a
2025-05-22 02:55:15,724 - P14756 - INFO - Ignorando URL de arquivo não-HTML: https://www.saobernardo.sp.gov.br/documents/10181/1812128/NM+2446+de+10.05.2024+-++Conte%C3%BAdo+Integral.pdf/d6bd6c04-6ae4-2150-4b7a-cdb77437689a
2025-05-22 02:55:15,724 - P14756 - INFO - Após processar URL 7 Uso de memória: 106.17 MB
2025-05-22 02:55:15,724 - P14756 - INFO - Processando URL 8/25: https://www.portaltransparencia.gov.br/pessoa-fisica/busca/lista
2025-05-22 02:55:19,317 - P14756 - INFO - HTML salvo para debug: data\debug_html_v10\e200cdf64b71d4c9248718dd155b3edb.html
2025-05-22 02:55:19,356 - P14756 - INFO - Candidates address: 0 items
2025-05-22 02:55:19,356 - P14756 - INFO - Candidates phone: 0 items
2025-05-22 02:55:19,357 - P14756 - INFO - Candidates email: 0 items
2025-05-22 02:55:19,357 - P14756 - INFO - Candidates complement: 0 items
2025-05-22 02:55:19,357 - P14756 - INFO - Candidates cep: 0 items
2025-05-22 02:55:19,357 - P14756 - INFO - Após processar URL 8 Uso de memória: 106.43 MB
2025-05-22 02:55:19,357 - P14756 - INFO - Processando URL 9/25: https://www.infosaude.com.br/cnes/352501-cons-psico-emmanuel-nunes-de-souza
2025-05-22 02:55:21,765 - P14756 - INFO - HTML salvo para debug: data\debug_html_v10\4de22c0af48ffd81402be50d80e10267.html
2025-05-22 02:55:21,791 - P14756 - INFO - Candidates address: 0 items
2025-05-22 02:55:21,794 - P14756 - INFO - Candidates phone: 1 items
2025-05-22 02:55:21,794 - P14756 - INFO - Candidates email: 1 items
2025-05-22 02:55:21,797 - P14756 - INFO - Candidates complement: 0 items
2025-05-22 02:55:21,798 - P14756 - INFO - Candidates cep: 2 items
2025-05-22 02:55:21,798 - P14756 - INFO - Após processar URL 9 Uso de memória: 106.47 MB
2025-05-22 02:55:21,798 - P14756 - INFO - Processando URL 10/25: https://www.viomundo.com.br/blogdasaude/chapa-boulos-erundina-conquista-apoio-de-medicos-que-atuam-e-sao-eleitores-na-cidade-de-sao-paulo.html
2025-05-22 02:55:25,965 - P14756 - INFO - HTML salvo para debug: data\debug_html_v10\18f3a3ea4d2f104b1babc744b97d570e.html
2025-05-22 02:55:26,010 - P14756 - INFO - Candidates address: 0 items
2025-05-22 02:55:26,010 - P14756 - INFO - Candidates phone: 0 items
2025-05-22 02:55:26,011 - P14756 - INFO - Candidates email: 0 items
2025-05-22 02:55:26,011 - P14756 - INFO - Candidates complement: 0 items
2025-05-22 02:55:26,011 - P14756 - INFO - Candidates cep: 0 items
2025-05-22 02:55:26,011 - P14756 - INFO - Após processar URL 10 Uso de memória: 107.10 MB
2025-05-22 02:55:26,011 - P14756 - INFO - Processando URL 11/25: https://crmvirtual.cfm.org.br/ES/servico/pesquisar-por-medico
2025-05-22 02:55:29,104 - P14756 - INFO - HTML salvo para debug: data\debug_html_v10\0ff8b0bf2c6dbb46c836bac9c0cf4a16.html
2025-05-22 02:55:29,115 - P14756 - INFO - Candidates address: 0 items
2025-05-22 02:55:29,116 - P14756 - INFO - Candidates phone: 0 items
2025-05-22 02:55:29,116 - P14756 - INFO - Candidates email: 0 items
2025-05-22 02:55:29,116 - P14756 - INFO - Candidates complement: 0 items
2025-05-22 02:55:29,116 - P14756 - INFO - Candidates cep: 0 items
2025-05-22 02:55:29,116 - P14756 - INFO - Após processar URL 11 Uso de memória: 107.20 MB
2025-05-22 02:55:29,116 - P14756 - INFO - Processando URL 12/25: https://iomat.mt.gov.br/portal/edicoes/download/2912
2025-05-22 02:55:31,547 - P14756 - INFO - HTML salvo para debug: data\debug_html_v10\915b8154cff69acede3a7dd23eb275fd.html
2025-05-22 02:55:31,559 - P14756 - INFO - Candidates address: 0 items
2025-05-22 02:55:31,559 - P14756 - INFO - Candidates phone: 0 items
2025-05-22 02:55:31,559 - P14756 - INFO - Candidates email: 0 items
2025-05-22 02:55:31,559 - P14756 - INFO - Candidates complement: 0 items
2025-05-22 02:55:31,559 - P14756 - INFO - Candidates cep: 0 items
2025-05-22 02:55:31,560 - P14756 - INFO - Após processar URL 12 Uso de memória: 107.21 MB
2025-05-22 02:55:31,560 - P14756 - INFO - Processando URL 13/25: https://iomat.mt.gov.br/portal/edicoes/download/3227
2025-05-22 02:55:33,861 - P14756 - INFO - HTML salvo para debug: data\debug_html_v10\217e9c207a7c45ae2af6d763e689305c.html
2025-05-22 02:55:33,872 - P14756 - INFO - Candidates address: 0 items
2025-05-22 02:55:33,872 - P14756 - INFO - Candidates phone: 0 items
2025-05-22 02:55:33,872 - P14756 - INFO - Candidates email: 0 items
2025-05-22 02:55:33,872 - P14756 - INFO - Candidates complement: 0 items
2025-05-22 02:55:33,873 - P14756 - INFO - Candidates cep: 0 items
2025-05-22 02:55:33,873 - P14756 - INFO - Após processar URL 13 Uso de memória: 107.25 MB
2025-05-22 02:55:33,873 - P14756 - INFO - Processando URL 14/25: https://www.catalogo.med.br/doutor/emmanuel-nunes-de-souza-2121904.htm
2025-05-22 02:55:35,983 - P14756 - INFO - HTML salvo para debug: data\debug_html_v10\0c55e24ade3a7e9422f46ff671ae9a0e.html
2025-05-22 02:55:35,987 - P14756 - INFO - Candidates address: 0 items
2025-05-22 02:55:35,987 - P14756 - INFO - Candidates phone: 0 items
2025-05-22 02:55:35,987 - P14756 - INFO - Candidates email: 0 items
2025-05-22 02:55:35,987 - P14756 - INFO - Candidates complement: 0 items
2025-05-22 02:55:35,987 - P14756 - INFO - Candidates cep: 0 items
2025-05-22 02:55:35,988 - P14756 - INFO - Após processar URL 14 Uso de memória: 107.25 MB
2025-05-22 02:55:35,988 - P14756 - INFO - Processando URL 15/25: https://www.migalhas.com.br/arquivos/2016/6/art20160615-10.pdf
2025-05-22 02:55:35,988 - P14756 - INFO - Ignorando URL de arquivo não-HTML: https://www.migalhas.com.br/arquivos/2016/6/art20160615-10.pdf
2025-05-22 02:55:35,988 - P14756 - INFO - Após processar URL 15 Uso de memória: 107.25 MB
2025-05-22 02:55:35,988 - P14756 - INFO - Processando URL 16/25: https://www.mpsp.mp.br/w/do_25_02_2022
2025-05-22 02:55:38,120 - P14756 - INFO - HTML salvo para debug: data\debug_html_v10\7b7842f38b9333c682fd0be00373d38a.html
2025-05-22 02:55:38,122 - P14756 - INFO - Candidates address: 0 items
2025-05-22 02:55:38,122 - P14756 - INFO - Candidates phone: 0 items
2025-05-22 02:55:38,122 - P14756 - INFO - Candidates email: 0 items
2025-05-22 02:55:38,123 - P14756 - INFO - Candidates complement: 0 items
2025-05-22 02:55:38,123 - P14756 - INFO - Candidates cep: 0 items
2025-05-22 02:55:38,123 - P14756 - INFO - Após processar URL 16 Uso de memória: 107.25 MB
2025-05-22 02:55:38,123 - P14756 - INFO - Processando URL 17/25: https://pt.scribd.com/document/533600605/Lista-Medicos-Veterinarios-Cadastrados-08-07-2020
2025-05-22 02:55:47,846 - P14756 - WARNING - Página muito grande (5.65MB), truncando
2025-05-22 02:55:47,866 - P14756 - INFO - HTML salvo para debug: data\debug_html_v10\5e55b0a732198971b45ce49a4c2a9b3e.html
2025-05-22 02:55:48,897 - P14756 - INFO - Candidates address: 0 items
2025-05-22 02:55:48,897 - P14756 - INFO - Candidates phone: 0 items
2025-05-22 02:55:48,898 - P14756 - INFO - Candidates email: 0 items
2025-05-22 02:55:48,898 - P14756 - INFO - Candidates complement: 0 items
2025-05-22 02:55:48,898 - P14756 - INFO - Candidates cep: 0 items
2025-05-22 02:55:48,898 - P14756 - INFO - Após processar URL 17 Uso de memória: 114.74 MB
2025-05-22 02:55:48,898 - P14756 - INFO - Processando URL 18/25: https://www2.bauru.sp.gov.br/arquivos/sist_diariooficial/2009/10/do_20091006_1724.pdf
2025-05-22 02:55:48,898 - P14756 - INFO - Ignorando URL de arquivo não-HTML: https://www2.bauru.sp.gov.br/arquivos/sist_diariooficial/2009/10/do_20091006_1724.pdf
2025-05-22 02:55:48,899 - P14756 - INFO - Após processar URL 18 Uso de memória: 108.73 MB
2025-05-22 02:55:48,899 - P14756 - INFO - Processando URL 19/25: https://www.helpsaude.com/Emmanuel-Nunes-de-Souza.SP
2025-05-22 02:55:53,463 - P14756 - INFO - HTML salvo para debug: data\debug_html_v10\1fd84ac82d14050567d41c6cdf2f208a.html
2025-05-22 02:55:53,474 - P14756 - INFO - Candidates address: 0 items
2025-05-22 02:55:53,474 - P14756 - INFO - Candidates phone: 0 items
2025-05-22 02:55:53,474 - P14756 - INFO - Candidates email: 0 items
2025-05-22 02:55:53,475 - P14756 - INFO - Candidates complement: 0 items
2025-05-22 02:55:53,475 - P14756 - INFO - Candidates cep: 0 items
2025-05-22 02:55:53,475 - P14756 - INFO - Após processar URL 19 Uso de memória: 108.76 MB
2025-05-22 02:55:53,475 - P14756 - INFO - Processando URL 20/25: https://www.saobernardo.sp.gov.br/documents/10181/1812128/NM+2455+de+07.06.2024+-++Conte%C3%BAdo+Integral.pdf/84ce2e06-a87d-57e2-93d5-2aaf719ae457
2025-05-22 02:55:53,476 - P14756 - INFO - Ignorando URL de arquivo não-HTML: https://www.saobernardo.sp.gov.br/documents/10181/1812128/NM+2455+de+07.06.2024+-++Conte%C3%BAdo+Integral.pdf/84ce2e06-a87d-57e2-93d5-2aaf719ae457
2025-05-22 02:55:53,476 - P14756 - INFO - Após processar URL 20 Uso de memória: 108.76 MB
2025-05-22 02:55:53,476 - P14756 - INFO - Processando URL 21/25: https://portal.cfm.org.br/busca-medicos
2025-05-22 02:55:57,267 - P14756 - INFO - HTML salvo para debug: data\debug_html_v10\e28ae84aaa177d1328f3a0d1fb68449f.html
2025-05-22 02:55:57,305 - P14756 - INFO - Candidates address: 0 items
2025-05-22 02:55:57,306 - P14756 - INFO - Candidates phone: 0 items
2025-05-22 02:55:57,306 - P14756 - INFO - Candidates email: 1 items
2025-05-22 02:55:57,306 - P14756 - INFO - Candidates complement: 1 items
2025-05-22 02:55:57,306 - P14756 - INFO - Candidates cep: 1 items
2025-05-22 02:55:57,307 - P14756 - INFO - Após processar URL 21 Uso de memória: 108.95 MB
2025-05-22 02:55:57,307 - P14756 - INFO - Processando URL 22/25: https://www.ime.usp.br/~yoshi/2020i/ccm128/sandbox/2020.05.06/DATA/LEIPZIG_PT_BR/1M/por-br_newscrawl_2011_1M-words.txt
2025-05-22 02:55:57,308 - P14756 - INFO - Ignorando URL de arquivo não-HTML: https://www.ime.usp.br/~yoshi/2020i/ccm128/sandbox/2020.05.06/DATA/LEIPZIG_PT_BR/1M/por-br_newscrawl_2011_1M-words.txt
2025-05-22 02:55:57,308 - P14756 - INFO - Após processar URL 22 Uso de memória: 108.95 MB
2025-05-22 02:55:57,308 - P14756 - INFO - Processando URL 23/25: https://www.escavador.com/sobre/1105015/emmanuel-nunes-de-souza
2025-05-22 02:56:01,337 - P14756 - INFO - HTML salvo para debug: data\debug_html_v10\7a66b0b437a6ff69d206346e29da01ae.html
2025-05-22 02:56:01,354 - P14756 - INFO - Candidates address: 0 items
2025-05-22 02:56:01,355 - P14756 - INFO - Candidates phone: 0 items
2025-05-22 02:56:01,355 - P14756 - INFO - Candidates email: 0 items
2025-05-22 02:56:01,355 - P14756 - INFO - Candidates complement: 0 items
2025-05-22 02:56:01,355 - P14756 - INFO - Candidates cep: 0 items
2025-05-22 02:56:01,355 - P14756 - INFO - Após processar URL 23 Uso de memória: 109.03 MB
2025-05-22 02:56:01,356 - P14756 - INFO - Processando URL 24/25: https://app.bauru.sp.gov.br/arquivos/sist_diariooficial/2009/10/do_20091006_1724.pdf
2025-05-22 02:56:01,356 - P14756 - INFO - Ignorando URL de arquivo não-HTML: https://app.bauru.sp.gov.br/arquivos/sist_diariooficial/2009/10/do_20091006_1724.pdf
2025-05-22 02:56:01,356 - P14756 - INFO - Após processar URL 24 Uso de memória: 109.03 MB
2025-05-22 02:56:01,356 - P14756 - INFO - Processando URL 25/25: https://consultacrm.com.br/
2025-05-22 02:56:05,110 - P14756 - INFO - HTML salvo para debug: data\debug_html_v10\65cadeb91ac3713432c21b535990f440.html
2025-05-22 02:56:05,126 - P14756 - INFO - Candidates address: 0 items
2025-05-22 02:56:05,127 - P14756 - INFO - Candidates phone: 0 items
2025-05-22 02:56:05,127 - P14756 - INFO - Candidates email: 0 items
2025-05-22 02:56:05,127 - P14756 - INFO - Candidates complement: 0 items
2025-05-22 02:56:05,128 - P14756 - INFO - Candidates cep: 0 items
2025-05-22 02:56:05,128 - P14756 - INFO - Após processar URL 25 Uso de memória: 109.09 MB
2025-05-22 02:56:05,128 - P14756 - INFO - Iniciando agregação e ranqueamento
2025-05-22 02:56:05,128 - P14756 - INFO - Ranked address: 2 items
2025-05-22 02:56:05,128 - P14756 - INFO - Ranked phone: 2 items
2025-05-22 02:56:05,128 - P14756 - INFO - Ranked email: 13 items
2025-05-22 02:56:05,129 - P14756 - INFO - Ranked complement: 2 items
2025-05-22 02:56:05,129 - P14756 - INFO - Ranked cep: 80 items
2025-05-22 02:56:05,129 - P14756 - INFO - Após agregação Uso de memória: 109.09 MB
2025-05-22 02:56:05,129 - P14756 - INFO - Validando endereço: ['Rua Frei Caneca, 1282', 'Estrada Santos 52968']
2025-05-22 02:56:05,129 - P14756 - INFO - Endereço validado: Rua Frei Caneca, 1282
2025-05-22 02:56:05,130 - P14756 - INFO - Limpando texto extenso para campo address: Rua Frei Caneca, 1282...
2025-05-22 02:56:05,130 - P14756 - INFO - Texto limpo: Rua Frei Caneca, 1282
2025-05-22 02:56:05,130 - P14756 - INFO - Validando telefone: ['(11) 4349-9900', '(11) 9164-8320']
2025-05-22 02:56:05,130 - P14756 - INFO - Limpando texto extenso para campo phone: (11) 4349-9900...
2025-05-22 02:56:05,130 - P14756 - INFO - Texto limpo: 11) 4349-9900
2025-05-22 02:56:05,131 - P14756 - INFO - Telefone validado: 11) 4349-9900
2025-05-22 02:56:05,131 - P14756 - INFO - Validando email: ['lobosqueanamarta@gmail.com', 'tykanori@gmail.com', 'maristelambarcelos@gmail.com']
2025-05-22 02:56:05,131 - P14756 - INFO - Limpando texto extenso para campo email: lobosqueanamarta@gmail.com...
2025-05-22 02:56:05,131 - P14756 - INFO - Texto limpo: lobosqueanamarta@gmail.com
2025-05-22 02:56:05,131 - P14756 - INFO - Email validado: lobosqueanamarta@gmail.com
2025-05-22 02:56:05,131 - P14756 - INFO - Validando complemento: ['Salama ', 'Conjunto D']
2025-05-22 02:56:05,131 - P14756 - INFO - Limpando texto extenso para campo complement: Salama ...
2025-05-22 02:56:05,132 - P14756 - INFO - Texto limpo: Salama
2025-05-22 02:56:05,132 - P14756 - INFO - Complemento validado: Salama
2025-05-22 02:56:05,133 - P14756 - INFO - Descobrindo cidade
2025-05-22 02:56:05,133 - P14756 - INFO - Buscando cidade: Rua Frei Caneca cidade SP
2025-05-22 02:56:07,932 - P14756 - WARNING - Cidade não encontrada
2025-05-22 02:56:07,933 - P14756 - INFO - Cidade descoberta: 
2025-05-22 02:56:07,934 - P14756 - INFO - Tempo de execução de processamento completo do médico: 66.78 segundos
2025-05-22 02:56:07,934 - P14756 - INFO - Resultado processado: {'Hash': '7b124060f072bae735352f51d6e0e213bce61cf3e8ea4f1af3aecb55eb076b03', 'CRM': '45873', 'UF': 'SP', 'Firstname': 'EMMANUEL', 'LastName': 'NUNES DE SOUZA', 'Medical specialty': '', 'Endereco Completo A1': 'Rua Frei Caneca, 1282', 'Address A1': 'Rua Frei Caneca', 'Numero A1': '1282', 'Complement A1': 'Salama', 'Bairro A1': '', 'postal code A1': '', 'City A1': '', 'State A1': '', 'Phone A1': '11) 4349-9900', 'Phone A2': '', 'Cell phone A1': '', 'Cell phone A2': '', 'E-mail A1': 'lobosqueanamarta@gmail.com', 'E-mail A2': '', 'OPT-IN': '', 'STATUS': '', 'LOTE': ''}
2025-05-22 02:56:07,935 - P14756 - INFO - Progresso: 36.8%
2025-05-22 02:56:07,936 - P14756 - INFO - Tempo de execução de processamento do médico 2: 66.79 segundos
2025-05-22 02:56:07,936 - P14756 - INFO - 
==================================================
Processando médico 3/3
2025-05-22 02:56:07,936 - P14756 - INFO - Nome: SONIA APARECIDA DE OLIVEIRA
2025-05-22 02:56:07,936 - P14756 - INFO - Início do processamento Uso de memória: 107.45 MB
2025-05-22 02:56:07,936 - P14756 - INFO - Iniciando busca para: SONIA APARECIDA DE OLIVEIRA CRM 47118 SP telefone e-mail endereço
2025-05-22 02:56:08,491 - P14756 - INFO - SearX results: 9 URLs
2025-05-22 02:56:08,492 - P14756 - INFO - Após SearX Uso de memória: 107.45 MB
2025-05-22 02:56:11,366 - P14756 - INFO - Google results: 13 URLs
2025-05-22 02:56:11,366 - P14756 - INFO - Após Google Uso de memória: 109.75 MB
2025-05-22 02:56:13,847 - P14756 - INFO - Bing results: 11 URLs
2025-05-22 02:56:13,847 - P14756 - INFO - Após Bing Uso de memória: 111.66 MB
2025-05-22 02:56:13,848 - P14756 - INFO - Total de URLs únicas: 25
2025-05-22 02:56:13,848 - P14756 - INFO - Processando URL 1/25: https://www.medicosbrasil.com/profissional/sonia-aparecida-de-oliveira
2025-05-22 02:56:16,048 - P14756 - INFO - HTML salvo para debug: data\debug_html_v10\31661d4ce4af76cf171fcbe63a3e84d0.html
2025-05-22 02:56:16,050 - P14756 - INFO - Candidates address: 0 items
2025-05-22 02:56:16,050 - P14756 - INFO - Candidates phone: 0 items
2025-05-22 02:56:16,051 - P14756 - INFO - Candidates email: 0 items
2025-05-22 02:56:16,051 - P14756 - INFO - Candidates complement: 0 items
2025-05-22 02:56:16,051 - P14756 - INFO - Candidates cep: 0 items
2025-05-22 02:56:16,051 - P14756 - INFO - Após processar URL 1 Uso de memória: 111.66 MB
2025-05-22 02:56:16,051 - P14756 - INFO - Processando URL 2/25: https://www.econodata.com.br/consulta-empresa/01146443000158-CLINICA-GINECOLOGICA-DRA-SONIA-A-DE-OLIVEIRA
2025-05-22 02:56:20,964 - P14756 - INFO - HTML salvo para debug: data\debug_html_v10\5ddb62dc83b583d9d164c7a9a8e38b81.html
2025-05-22 02:56:21,187 - P14756 - INFO - Candidates address: 26 items
2025-05-22 02:56:21,187 - P14756 - INFO - Candidates phone: 0 items
2025-05-22 02:56:21,187 - P14756 - INFO - Candidates email: 0 items
2025-05-22 02:56:21,187 - P14756 - INFO - Candidates complement: 0 items
2025-05-22 02:56:21,188 - P14756 - INFO - Candidates cep: 1 items
2025-05-22 02:56:21,188 - P14756 - INFO - Após processar URL 2 Uso de memória: 112.35 MB
2025-05-22 02:56:21,188 - P14756 - INFO - Processando URL 3/25: https://diariooficial.guarulhos.sp.gov.br/uploads/pdf/1569687706.pdf
2025-05-22 02:56:21,188 - P14756 - INFO - Ignorando URL de arquivo não-HTML: https://diariooficial.guarulhos.sp.gov.br/uploads/pdf/1569687706.pdf
2025-05-22 02:56:21,188 - P14756 - INFO - Após processar URL 3 Uso de memória: 111.52 MB
2025-05-22 02:56:21,188 - P14756 - INFO - Processando URL 4/25: https://ubs.med.br/cons-medico-sonia-aparecida-de-oliveira-5043816/#:~:text=Para%20entrar%20em%20contato%20com%20consult%C3%B3rio%20Cons%20M%C3%A9dico,endere%C3%A7o%20do%20estabelecimento%20%C3%A9%20Rua%20S%C3%A3o%20Benedito%2C%201172.
2025-05-22 02:56:25,351 - P14756 - INFO - HTML salvo para debug: data\debug_html_v10\135ca7090f23718d0a2fe3b7e2ae11f3.html
2025-05-22 02:56:25,371 - P14756 - INFO - Candidates address: 1 items
2025-05-22 02:56:25,371 - P14756 - INFO - Candidates phone: 0 items
2025-05-22 02:56:25,372 - P14756 - INFO - Candidates email: 0 items
2025-05-22 02:56:25,372 - P14756 - INFO - Candidates complement: 0 items
2025-05-22 02:56:25,372 - P14756 - INFO - Candidates cep: 2 items
2025-05-22 02:56:25,373 - P14756 - INFO - Após processar URL 4 Uso de memória: 111.52 MB
2025-05-22 02:56:25,373 - P14756 - INFO - Processando URL 5/25: https://www.classemedica.com.br/medico/316101-sonia-aparecida-de-oliveira.htm
2025-05-22 02:56:34,222 - P14756 - INFO - HTML salvo para debug: data\debug_html_v10\4406df309f6b1eed905b398138bc76fc.html
2025-05-22 02:56:34,251 - P14756 - INFO - Candidates address: 0 items
2025-05-22 02:56:34,251 - P14756 - INFO - Candidates phone: 0 items
2025-05-22 02:56:34,251 - P14756 - INFO - Candidates email: 0 items
2025-05-22 02:56:34,251 - P14756 - INFO - Candidates complement: 0 items
2025-05-22 02:56:34,251 - P14756 - INFO - Candidates cep: 0 items
2025-05-22 02:56:34,252 - P14756 - INFO - Após processar URL 5 Uso de memória: 112.24 MB
2025-05-22 02:56:34,252 - P14756 - INFO - Processando URL 6/25: https://www.doctoralia.com.br/heliegina-aparecida-de-oliveira-palmieris/ginecologista-mastologista/sao-paulo
2025-05-22 02:56:34,252 - P14756 - INFO - Ignorando URL de arquivo não-HTML: https://www.doctoralia.com.br/heliegina-aparecida-de-oliveira-palmieris/ginecologista-mastologista/sao-paulo
2025-05-22 02:56:34,252 - P14756 - INFO - Após processar URL 6 Uso de memória: 112.24 MB
2025-05-22 02:56:34,252 - P14756 - INFO - Processando URL 7/25: https://www.itirapua.sp.gov.br/2021/pdf/AGOSTO%2002-2022.pdf
2025-05-22 02:56:34,252 - P14756 - INFO - Ignorando URL de arquivo não-HTML: https://www.itirapua.sp.gov.br/2021/pdf/AGOSTO%2002-2022.pdf
2025-05-22 02:56:34,252 - P14756 - INFO - Após processar URL 7 Uso de memória: 112.24 MB
2025-05-22 02:56:34,253 - P14756 - INFO - Processando URL 8/25: https://www.doctoralia.com.br/ginecologista/sao-paulo/jardim-sao-luis2?page=5
2025-05-22 02:56:34,253 - P14756 - INFO - Ignorando URL de arquivo não-HTML: https://www.doctoralia.com.br/ginecologista/sao-paulo/jardim-sao-luis2?page=5
2025-05-22 02:56:34,253 - P14756 - INFO - Após processar URL 8 Uso de memória: 112.24 MB
2025-05-22 02:56:34,253 - P14756 - INFO - Processando URL 9/25: https://diariooficial.guarulhos.sp.gov.br/uploads/pdf/359712783.pdf
2025-05-22 02:56:34,253 - P14756 - INFO - Ignorando URL de arquivo não-HTML: https://diariooficial.guarulhos.sp.gov.br/uploads/pdf/359712783.pdf
2025-05-22 02:56:34,253 - P14756 - INFO - Após processar URL 9 Uso de memória: 112.24 MB
2025-05-22 02:56:34,253 - P14756 - INFO - Processando URL 10/25: https://www2.bauru.sp.gov.br/arquivos/sist_diariooficial/2007/11/do_20071124_1450.pdf
2025-05-22 02:56:34,254 - P14756 - INFO - Ignorando URL de arquivo não-HTML: https://www2.bauru.sp.gov.br/arquivos/sist_diariooficial/2007/11/do_20071124_1450.pdf
2025-05-22 02:56:34,254 - P14756 - INFO - Após processar URL 10 Uso de memória: 112.24 MB
2025-05-22 02:56:34,254 - P14756 - INFO - Processando URL 11/25: https://cnpj.biz/01146443000158
2025-05-22 02:56:39,880 - P14756 - INFO - HTML salvo para debug: data\debug_html_v10\a3d91195b9a2b41b85078c1247e8b573.html
2025-05-22 02:56:39,905 - P14756 - INFO - Candidates address: 3 items
2025-05-22 02:56:39,905 - P14756 - INFO - Candidates phone: 1 items
2025-05-22 02:56:39,905 - P14756 - INFO - Candidates email: 1 items
2025-05-22 02:56:39,906 - P14756 - INFO - Candidates complement: 0 items
2025-05-22 02:56:39,906 - P14756 - INFO - Candidates cep: 2 items
2025-05-22 02:56:39,906 - P14756 - INFO - Após processar URL 11 Uso de memória: 112.25 MB
2025-05-22 02:56:39,906 - P14756 - INFO - Processando URL 12/25: https://www.catalogo.med.br/doutor/sonia-aparecida-de-oliveira-1632947.htm
2025-05-22 02:56:42,049 - P14756 - INFO - HTML salvo para debug: data\debug_html_v10\a39e4019314baf97e57c1ca0eac4ae0f.html
2025-05-22 02:56:42,050 - P14756 - INFO - Candidates address: 0 items
2025-05-22 02:56:42,050 - P14756 - INFO - Candidates phone: 0 items
2025-05-22 02:56:42,050 - P14756 - INFO - Candidates email: 0 items
2025-05-22 02:56:42,051 - P14756 - INFO - Candidates complement: 0 items
2025-05-22 02:56:42,051 - P14756 - INFO - Candidates cep: 0 items
2025-05-22 02:56:42,051 - P14756 - INFO - Após processar URL 12 Uso de memória: 112.25 MB
2025-05-22 02:56:42,051 - P14756 - INFO - Processando URL 13/25: https://guiasaudebrasil.com.br/unidade/sao-paulo/sao-paulo/5043816-cons-medico-sonia-aparecida-de-oliveira/profissionais/medico-ginecologista-e-obstetra
2025-05-22 02:56:47,734 - P14756 - INFO - HTML salvo para debug: data\debug_html_v10\b37a714b3b9e2180a191c11429c9e255.html
2025-05-22 02:56:47,744 - P14756 - INFO - Candidates address: 1 items
2025-05-22 02:56:47,744 - P14756 - INFO - Candidates phone: 1 items
2025-05-22 02:56:47,745 - P14756 - INFO - Candidates email: 0 items
2025-05-22 02:56:47,745 - P14756 - INFO - Candidates complement: 0 items
2025-05-22 02:56:47,745 - P14756 - INFO - Candidates cep: 1 items
2025-05-22 02:56:47,746 - P14756 - INFO - Após processar URL 13 Uso de memória: 112.25 MB
2025-05-22 02:56:47,746 - P14756 - INFO - Processando URL 14/25: https://cliniguia.com/profissionais/sonia-aparecida-de-oliveira-980016003160603/
2025-05-22 02:56:53,440 - P14756 - INFO - HTML salvo para debug: data\debug_html_v10\8de85964499911371703b43521092ce7.html
2025-05-22 02:56:53,483 - P14756 - INFO - Candidates address: 0 items
2025-05-22 02:56:53,483 - P14756 - INFO - Candidates phone: 0 items
2025-05-22 02:56:53,483 - P14756 - INFO - Candidates email: 0 items
2025-05-22 02:56:53,483 - P14756 - INFO - Candidates complement: 0 items
2025-05-22 02:56:53,484 - P14756 - INFO - Candidates cep: 0 items
2025-05-22 02:56:53,484 - P14756 - INFO - Após processar URL 14 Uso de memória: 112.26 MB
2025-05-22 02:56:53,484 - P14756 - INFO - Processando URL 15/25: https://www.prefeitura.sp.gov.br/cidade/secretarias/upload/saude/cgp/CGP_MEDICOS_MAR2012.pdf
2025-05-22 02:56:53,484 - P14756 - INFO - Ignorando URL de arquivo não-HTML: https://www.prefeitura.sp.gov.br/cidade/secretarias/upload/saude/cgp/CGP_MEDICOS_MAR2012.pdf
2025-05-22 02:56:53,484 - P14756 - INFO - Após processar URL 15 Uso de memória: 112.26 MB
2025-05-22 02:56:53,485 - P14756 - INFO - Processando URL 16/25: https://www.defensoria.sp.def.br/web/guest/transparencia/portal-da-transparencia/defensoria-publica-no-diario-oficial?p_p_id=br_def_sp_defensoria_diariooficial_web_DiarioOficialPortlet&p_p_lifecycle=2&p_p_state=normal&p_p_mode=view&p_p_resource_id=%2Ffiles%2Fpdf_export&p_p_cacheability=cacheLevelPage&_br_def_sp_defensoria_diariooficial_web_DiarioOficialPortlet_articleId=4547290
2025-05-22 02:56:55,678 - P14756 - INFO - HTML salvo para debug: data\debug_html_v10\21efbc8e47a495189338af8cbc953ad4.html
2025-05-22 02:56:55,679 - P14756 - INFO - Candidates address: 0 items
2025-05-22 02:56:55,679 - P14756 - INFO - Candidates phone: 0 items
2025-05-22 02:56:55,680 - P14756 - INFO - Candidates email: 0 items
2025-05-22 02:56:55,680 - P14756 - INFO - Candidates complement: 0 items
2025-05-22 02:56:55,680 - P14756 - INFO - Candidates cep: 0 items
2025-05-22 02:56:55,680 - P14756 - INFO - Após processar URL 16 Uso de memória: 112.26 MB
2025-05-22 02:56:55,680 - P14756 - INFO - Processando URL 17/25: https://www.doctoralia.com.br/sonia-aparecida-de-oliveira/ginecologista/sao-paulo
2025-05-22 02:56:55,680 - P14756 - INFO - Ignorando URL de arquivo não-HTML: https://www.doctoralia.com.br/sonia-aparecida-de-oliveira/ginecologista/sao-paulo
2025-05-22 02:56:55,681 - P14756 - INFO - Após processar URL 17 Uso de memória: 112.26 MB
2025-05-22 02:56:55,681 - P14756 - INFO - Processando URL 18/25: https://www.boaconsulta.com/especialista/sonia-aparecida-de-oliveira-6106d7aba2e00a6999002bd4
2025-05-22 02:56:58,654 - P14756 - INFO - HTML salvo para debug: data\debug_html_v10\e0b2959d1c254ca17b56d2a067fa8a9e.html
2025-05-22 02:56:58,736 - P14756 - INFO - Candidates address: 11 items
2025-05-22 02:56:58,736 - P14756 - INFO - Candidates phone: 0 items
2025-05-22 02:56:58,736 - P14756 - INFO - Candidates email: 0 items
2025-05-22 02:56:58,737 - P14756 - INFO - Candidates complement: 4 items
2025-05-22 02:56:58,737 - P14756 - INFO - Candidates cep: 0 items
2025-05-22 02:56:58,737 - P14756 - INFO - Após processar URL 18 Uso de memória: 112.34 MB
2025-05-22 02:56:58,737 - P14756 - INFO - Processando URL 19/25: https://www.medicosbrasil.com/profissional/fatima-aparecida-de-oliveira-pacheco
2025-05-22 02:57:00,900 - P14756 - INFO - HTML salvo para debug: data\debug_html_v10\9326b2e2bada83f5342a096959f895c1.html
2025-05-22 02:57:00,904 - P14756 - INFO - Candidates address: 0 items
2025-05-22 02:57:00,905 - P14756 - INFO - Candidates phone: 0 items
2025-05-22 02:57:00,905 - P14756 - INFO - Candidates email: 0 items
2025-05-22 02:57:00,906 - P14756 - INFO - Candidates complement: 0 items
2025-05-22 02:57:00,906 - P14756 - INFO - Candidates cep: 0 items
2025-05-22 02:57:00,906 - P14756 - INFO - Após processar URL 19 Uso de memória: 112.34 MB
2025-05-22 02:57:00,906 - P14756 - INFO - Processando URL 20/25: https://www.consultascnpj.com/clinica-ginecologica-dra-sonia-a-de-oliveira/01146443000158
2025-05-22 02:57:04,056 - P14756 - INFO - HTML salvo para debug: data\debug_html_v10\581a6e422f9b546e96ad96f97b64805b.html
2025-05-22 02:57:04,068 - P14756 - INFO - Candidates address: 0 items
2025-05-22 02:57:04,068 - P14756 - INFO - Candidates phone: 1 items
2025-05-22 02:57:04,069 - P14756 - INFO - Candidates email: 1 items
2025-05-22 02:57:04,069 - P14756 - INFO - Candidates complement: 0 items
2025-05-22 02:57:04,069 - P14756 - INFO - Candidates cep: 2 items
2025-05-22 02:57:04,069 - P14756 - INFO - Após processar URL 20 Uso de memória: 112.35 MB
2025-05-22 02:57:04,069 - P14756 - INFO - Processando URL 21/25: http://www.guiareunimedicos.med.br/c/ginecologistas-e-obstetras/sonia-aparecida-de-oliveira-1632947.htm
2025-05-22 02:57:07,346 - P14756 - INFO - HTML salvo para debug: data\debug_html_v10\7bf36b7efe709aafa85c44c309fd53aa.html
2025-05-22 02:57:07,347 - P14756 - INFO - Candidates address: 0 items
2025-05-22 02:57:07,347 - P14756 - INFO - Candidates phone: 0 items
2025-05-22 02:57:07,347 - P14756 - INFO - Candidates email: 0 items
2025-05-22 02:57:07,348 - P14756 - INFO - Candidates complement: 0 items
2025-05-22 02:57:07,348 - P14756 - INFO - Candidates cep: 0 items
2025-05-22 02:57:07,348 - P14756 - INFO - Após processar URL 21 Uso de memória: 112.35 MB
2025-05-22 02:57:07,348 - P14756 - INFO - Processando URL 22/25: https://wa.me/5511952024791
2025-05-22 02:57:10,858 - P14756 - INFO - HTML salvo para debug: data\debug_html_v10\984431accd02ecf5d17837cda9c49259.html
2025-05-22 02:57:10,883 - P14756 - INFO - Candidates address: 0 items
2025-05-22 02:57:10,884 - P14756 - INFO - Candidates phone: 0 items
2025-05-22 02:57:10,884 - P14756 - INFO - Candidates email: 0 items
2025-05-22 02:57:10,884 - P14756 - INFO - Candidates complement: 0 items
2025-05-22 02:57:10,884 - P14756 - INFO - Candidates cep: 0 items
2025-05-22 02:57:10,884 - P14756 - INFO - Após processar URL 22 Uso de memória: 112.37 MB
2025-05-22 02:57:10,885 - P14756 - INFO - Processando URL 23/25: https://www.saobernardo.sp.gov.br/documents/10181/1441964/NM+2306+de+01.07.2022+-++Conte%C3%BAdo+Integral.pdf/525eb4ac-7f76-fb5f-9ebc-cb72478515bc
2025-05-22 02:57:10,885 - P14756 - INFO - Ignorando URL de arquivo não-HTML: https://www.saobernardo.sp.gov.br/documents/10181/1441964/NM+2306+de+01.07.2022+-++Conte%C3%BAdo+Integral.pdf/525eb4ac-7f76-fb5f-9ebc-cb72478515bc
2025-05-22 02:57:10,885 - P14756 - INFO - Após processar URL 23 Uso de memória: 112.37 MB
2025-05-22 02:57:10,885 - P14756 - INFO - Processando URL 24/25: https://portal-api.campinas.sp.gov.br/sites/default/files/publicacoes-dom/dom/1914816339.pdf
2025-05-22 02:57:10,886 - P14756 - INFO - Ignorando URL de arquivo não-HTML: https://portal-api.campinas.sp.gov.br/sites/default/files/publicacoes-dom/dom/1914816339.pdf
2025-05-22 02:57:10,886 - P14756 - INFO - Após processar URL 24 Uso de memória: 112.37 MB
2025-05-22 02:57:10,886 - P14756 - INFO - Processando URL 25/25: https://ubs.med.br/cons-medico-sonia-aparecida-de-oliveira-5043816/
2025-05-22 02:57:13,093 - P14756 - INFO - HTML salvo para debug: data\debug_html_v10\c287c8779170c39de4d56f61940e6efa.html
2025-05-22 02:57:13,116 - P14756 - INFO - Candidates address: 1 items
2025-05-22 02:57:13,116 - P14756 - INFO - Candidates phone: 0 items
2025-05-22 02:57:13,116 - P14756 - INFO - Candidates email: 0 items
2025-05-22 02:57:13,117 - P14756 - INFO - Candidates complement: 0 items
2025-05-22 02:57:13,117 - P14756 - INFO - Candidates cep: 2 items
2025-05-22 02:57:13,119 - P14756 - INFO - Após processar URL 25 Uso de memória: 112.37 MB
2025-05-22 02:57:13,121 - P14756 - INFO - Iniciando agregação e ranqueamento
2025-05-22 02:57:13,123 - P14756 - INFO - Ranked address: 41 items
2025-05-22 02:57:13,125 - P14756 - INFO - Ranked phone: 2 items
2025-05-22 02:57:13,127 - P14756 - INFO - Ranked email: 1 items
2025-05-22 02:57:13,130 - P14756 - INFO - Ranked complement: 4 items
2025-05-22 02:57:13,132 - P14756 - INFO - Ranked cep: 4 items
2025-05-22 02:57:13,133 - P14756 - INFO - Após agregação Uso de memória: 112.37 MB
2025-05-22 02:57:13,134 - P14756 - INFO - Validando endereço: ['Rua Roque Petrella, 46', 'Rua São Benedito, 1172', 'Rua Cincinato Braga, 37']
2025-05-22 02:57:13,137 - P14756 - INFO - Endereço validado: Rua Roque Petrella, 46
2025-05-22 02:57:13,138 - P14756 - INFO - Limpando texto extenso para campo address: Rua Roque Petrella, 46...
2025-05-22 02:57:13,140 - P14756 - INFO - Texto limpo: Rua Roque Petrella, 46
2025-05-22 02:57:13,141 - P14756 - INFO - Validando telefone: ['(11) 3814-4083', '(11) 5548-2060']
2025-05-22 02:57:13,141 - P14756 - INFO - Limpando texto extenso para campo phone: (11) 3814-4083...
2025-05-22 02:57:13,142 - P14756 - INFO - Texto limpo: 11) 3814-4083
2025-05-22 02:57:13,143 - P14756 - INFO - Telefone validado: 11) 3814-4083
2025-05-22 02:57:13,144 - P14756 - INFO - Validando email: ['fatcon@uol.com.br']
2025-05-22 02:57:13,147 - P14756 - INFO - Limpando texto extenso para campo email: fatcon@uol.com.br...
2025-05-22 02:57:13,154 - P14756 - INFO - Texto limpo: fatcon@uol.com.br
2025-05-22 02:57:13,154 - P14756 - INFO - Email validado: fatcon@uol.com.br
2025-05-22 02:57:13,155 - P14756 - INFO - Validando complemento: ['Conjunto 31 Vila Nova Conceição', 'Sala12', 'Sala 216']
2025-05-22 02:57:13,156 - P14756 - INFO - Limpando texto extenso para campo complement: Conjunto 31 Vila Nova Conceição...
2025-05-22 02:57:13,157 - P14756 - INFO - Texto limpo: Conjunto 31 Vila Nova Conceiçã
2025-05-22 02:57:13,163 - P14756 - INFO - Complemento validado: Conjunto 31 Vila Nova Conceiçã
2025-05-22 02:57:13,164 - P14756 - INFO - Descobrindo cidade
2025-05-22 02:57:13,165 - P14756 - INFO - Buscando cidade: Rua Roque Petrella cidade SP
2025-05-22 02:57:15,830 - P14756 - WARNING - Cidade não encontrada
2025-05-22 02:57:15,830 - P14756 - INFO - Cidade descoberta: 
2025-05-22 02:57:15,830 - P14756 - INFO - Tempo de execução de processamento completo do médico: 67.89 segundos
2025-05-22 02:57:15,831 - P14756 - INFO - Resultado processado: {'Hash': '6f029a7b706268cf7728664663d4e83409984570de9f302ebf28f49c55111ca8', 'CRM': '47118', 'UF': 'SP', 'Firstname': 'SONIA', 'LastName': 'APARECIDA DE OLIVEIRA', 'Medical specialty': '', 'Endereco Completo A1': 'Rua Roque Petrella, 46', 'Address A1': 'Rua Roque Petrella', 'Numero A1': '46', 'Complement A1': 'Conjunto 31 Vila Nova Conceiçã', 'Bairro A1': '', 'postal code A1': '', 'City A1': '', 'State A1': '', 'Phone A1': '11) 3814-4083', 'Phone A2': '', 'Cell phone A1': '', 'Cell phone A2': '', 'E-mail A1': 'fatcon@uol.com.br', 'E-mail A2': '', 'OPT-IN': '', 'STATUS': '', 'LOTE': ''}
2025-05-22 02:57:15,831 - P14756 - INFO - Salvando lote de resultados
2025-05-22 02:57:15,832 - P14756 - INFO - Após salvar resultados Uso de memória: 109.48 MB
2025-05-22 02:57:15,833 - P14756 - INFO - Progresso: 37.2%
2025-05-22 02:57:15,833 - P14756 - INFO - Tempo de execução de processamento do médico 3: 67.90 segundos
2025-05-22 02:57:15,833 - P14756 - INFO - Tempo de execução de processamento do lote completo: 205.85 segundos
