2025-05-22 03:01:04,620 - P17020 - INFO - 
==================================================
Processando médico 1/3
2025-05-22 03:01:04,621 - P17020 - INFO - Nome: ALEXANDRE PIERI
2025-05-22 03:01:04,621 - P17020 - INFO - Reiniciando driver do Chrome
2025-05-22 03:01:06,010 - P17020 - INFO - Após reiniciar driver Uso de memória: 127.05 MB
2025-05-22 03:01:06,011 - P17020 - INFO - Início do processamento Uso de memória: 127.05 MB
2025-05-22 03:01:06,011 - P17020 - INFO - Iniciando busca para: ALEXANDRE PIERI CRM 100812 SP telefone e-mail endereço
2025-05-22 03:01:06,514 - P17020 - INFO - SearX results: 5 URLs
2025-05-22 03:01:06,551 - P17020 - INFO - Após SearX Uso de memória: 127.05 MB
2025-05-22 03:01:09,622 - P17020 - INFO - Google results: 8 URLs
2025-05-22 03:01:09,623 - P17020 - INFO - Após Google Uso de memória: 128.04 MB
2025-05-22 03:01:12,343 - P17020 - INFO - Bing results: 12 URLs
2025-05-22 03:01:12,344 - P17020 - INFO - Após Bing Uso de memória: 129.25 MB
2025-05-22 03:01:12,344 - P17020 - INFO - Total de URLs únicas: 17
2025-05-22 03:01:12,344 - P17020 - INFO - Processando URL 1/17: https://guiamania.com.br/sp/empresa/dr-alexandre-pieri-sao-paulo-sp/
2025-05-22 03:01:18,823 - P17020 - INFO - HTML salvo para debug: data\debug_html_v10\2e5ac4cee8f88e016bfeb70d6cc1bbe3.html
2025-05-22 03:01:18,848 - P17020 - INFO - Candidates address: 1 items
2025-05-22 03:01:18,849 - P17020 - INFO - Candidates phone: 0 items
2025-05-22 03:01:18,849 - P17020 - INFO - Candidates email: 0 items
2025-05-22 03:01:18,850 - P17020 - INFO - Candidates complement: 0 items
2025-05-22 03:01:18,850 - P17020 - INFO - Candidates cep: 1 items
2025-05-22 03:01:18,851 - P17020 - INFO - Após processar URL 1 Uso de memória: 129.97 MB
2025-05-22 03:01:18,851 - P17020 - INFO - Processando URL 2/17: https://www.catalogo.med.br/doutor/alexandre-pieri-1427614.htm
2025-05-22 03:01:21,107 - P17020 - INFO - HTML salvo para debug: data\debug_html_v10\e3590bab2293601bbd8d6814ba193ebc.html
2025-05-22 03:01:21,108 - P17020 - INFO - Candidates address: 0 items
2025-05-22 03:01:21,108 - P17020 - INFO - Candidates phone: 0 items
2025-05-22 03:01:21,109 - P17020 - INFO - Candidates email: 0 items
2025-05-22 03:01:21,109 - P17020 - INFO - Candidates complement: 0 items
2025-05-22 03:01:21,109 - P17020 - INFO - Candidates cep: 0 items
2025-05-22 03:01:21,109 - P17020 - INFO - Após processar URL 2 Uso de memória: 129.29 MB
2025-05-22 03:01:21,110 - P17020 - INFO - Processando URL 3/17: http://alexandre-pieri.guiareunimedicos.med.br/c/pediatras
2025-05-22 03:01:23,319 - P17020 - INFO - HTML salvo para debug: data\debug_html_v10\0764c5b2bb58415a7e591ae122d76bb7.html
2025-05-22 03:01:23,322 - P17020 - INFO - Candidates address: 0 items
2025-05-22 03:01:23,323 - P17020 - INFO - Candidates phone: 0 items
2025-05-22 03:01:23,323 - P17020 - INFO - Candidates email: 0 items
2025-05-22 03:01:23,323 - P17020 - INFO - Candidates complement: 0 items
2025-05-22 03:01:23,324 - P17020 - INFO - Candidates cep: 0 items
2025-05-22 03:01:23,324 - P17020 - INFO - Após processar URL 3 Uso de memória: 129.29 MB
2025-05-22 03:01:23,324 - P17020 - INFO - Processando URL 4/17: https://www.doctoralia.com.br/alexandre-pieri/neurologista/campinas
2025-05-22 03:01:23,324 - P17020 - INFO - Ignorando URL de arquivo não-HTML: https://www.doctoralia.com.br/alexandre-pieri/neurologista/campinas
2025-05-22 03:01:23,325 - P17020 - INFO - Após processar URL 4 Uso de memória: 129.29 MB
2025-05-22 03:01:23,325 - P17020 - INFO - Processando URL 5/17: https://www.helpsaude.com/Alexandre-Pieri.SP
2025-05-22 03:01:29,549 - P17020 - INFO - HTML salvo para debug: data\debug_html_v10\357c4784f425f7ff4c76394ceba2d45b.html
2025-05-22 03:01:29,563 - P17020 - INFO - Candidates address: 3 items
2025-05-22 03:01:29,563 - P17020 - INFO - Candidates phone: 0 items
2025-05-22 03:01:29,563 - P17020 - INFO - Candidates email: 0 items
2025-05-22 03:01:29,563 - P17020 - INFO - Candidates complement: 0 items
2025-05-22 03:01:29,563 - P17020 - INFO - Candidates cep: 3 items
2025-05-22 03:01:29,564 - P17020 - INFO - Após processar URL 5 Uso de memória: 129.29 MB
2025-05-22 03:01:29,564 - P17020 - INFO - Processando URL 6/17: https://www.intermedicos.com.br/neurologistas-em-campinas/alexandre-pieri
2025-05-22 03:01:34,556 - P17020 - INFO - HTML salvo para debug: data\debug_html_v10\b0f1cc6f405a653c1faced4c9527acb8.html
2025-05-22 03:01:34,570 - P17020 - INFO - Candidates address: 1 items
2025-05-22 03:01:34,570 - P17020 - INFO - Candidates phone: 2 items
2025-05-22 03:01:34,570 - P17020 - INFO - Candidates email: 0 items
2025-05-22 03:01:34,571 - P17020 - INFO - Candidates complement: 0 items
2025-05-22 03:01:34,571 - P17020 - INFO - Candidates cep: 0 items
2025-05-22 03:01:34,571 - P17020 - INFO - Após processar URL 6 Uso de memória: 129.28 MB
2025-05-22 03:01:34,571 - P17020 - INFO - Processando URL 7/17: https://www.bingplaces.com/DashBoard/Edit?Id=YN7993x14375582042597021690&market=pt-BR&src=SERPGB
2025-05-22 03:01:38,814 - P17020 - INFO - HTML salvo para debug: data\debug_html_v10\16c230f69c3dd9d79d67eb3515dcc25c.html
2025-05-22 03:01:38,831 - P17020 - INFO - Candidates address: 1 items
2025-05-22 03:01:38,831 - P17020 - INFO - Candidates phone: 1 items
2025-05-22 03:01:38,831 - P17020 - INFO - Candidates email: 0 items
2025-05-22 03:01:38,832 - P17020 - INFO - Candidates complement: 0 items
2025-05-22 03:01:38,832 - P17020 - INFO - Candidates cep: 1 items
2025-05-22 03:01:38,832 - P17020 - INFO - Após processar URL 7 Uso de memória: 129.28 MB
2025-05-22 03:01:38,832 - P17020 - INFO - Processando URL 8/17: https://www.redescredenciadas.com.br/perfil/alexandre-pieri-sp-100812
2025-05-22 03:01:44,382 - P17020 - INFO - HTML salvo para debug: data\debug_html_v10\b2346b5e7fdac758777252b8b68a5f3e.html
2025-05-22 03:01:44,389 - P17020 - INFO - Candidates address: 0 items
2025-05-22 03:01:44,389 - P17020 - INFO - Candidates phone: 2 items
2025-05-22 03:01:44,391 - P17020 - INFO - Candidates email: 0 items
2025-05-22 03:01:44,392 - P17020 - INFO - Candidates complement: 0 items
2025-05-22 03:01:44,392 - P17020 - INFO - Candidates cep: 0 items
2025-05-22 03:01:44,394 - P17020 - INFO - Após processar URL 8 Uso de memória: 129.29 MB
2025-05-22 03:01:44,400 - P17020 - INFO - Processando URL 9/17: https://www.doctoralia.com.br/neurologista/campinas/cambui
2025-05-22 03:01:44,400 - P17020 - INFO - Ignorando URL de arquivo não-HTML: https://www.doctoralia.com.br/neurologista/campinas/cambui
2025-05-22 03:01:44,401 - P17020 - INFO - Após processar URL 9 Uso de memória: 129.29 MB
2025-05-22 03:01:44,402 - P17020 - INFO - Processando URL 10/17: https://www2.bauru.sp.gov.br/arquivos/sist_diariooficial/2013/05/do_20130511_2244.pdf
2025-05-22 03:01:44,403 - P17020 - INFO - Ignorando URL de arquivo não-HTML: https://www2.bauru.sp.gov.br/arquivos/sist_diariooficial/2013/05/do_20130511_2244.pdf
2025-05-22 03:01:44,405 - P17020 - INFO - Após processar URL 10 Uso de memória: 129.29 MB
2025-05-22 03:01:44,406 - P17020 - INFO - Processando URL 11/17: https://www.escavador.com/sobre/2393366/alexandre-pieri
2025-05-22 03:01:48,644 - P17020 - INFO - HTML salvo para debug: data\debug_html_v10\4ce16656f51ecae4fb08c6360b35d886.html
2025-05-22 03:01:48,662 - P17020 - INFO - Candidates address: 0 items
2025-05-22 03:01:48,663 - P17020 - INFO - Candidates phone: 0 items
2025-05-22 03:01:48,664 - P17020 - INFO - Candidates email: 0 items
2025-05-22 03:01:48,664 - P17020 - INFO - Candidates complement: 0 items
2025-05-22 03:01:48,664 - P17020 - INFO - Candidates cep: 0 items
2025-05-22 03:01:48,665 - P17020 - INFO - Após processar URL 11 Uso de memória: 129.31 MB
2025-05-22 03:01:48,665 - P17020 - INFO - Processando URL 12/17: https://ubs.med.br/clinica-alexandre-pieri-4099575/
2025-05-22 03:01:52,262 - P17020 - INFO - HTML salvo para debug: data\debug_html_v10\9369d51b635e7eea3cf1ba3335179e5c.html
2025-05-22 03:01:52,284 - P17020 - INFO - Candidates address: 1 items
2025-05-22 03:01:52,284 - P17020 - INFO - Candidates phone: 0 items
2025-05-22 03:01:52,285 - P17020 - INFO - Candidates email: 0 items
2025-05-22 03:01:52,285 - P17020 - INFO - Candidates complement: 0 items
2025-05-22 03:01:52,285 - P17020 - INFO - Candidates cep: 3 items
2025-05-22 03:01:52,285 - P17020 - INFO - Após processar URL 12 Uso de memória: 129.32 MB
2025-05-22 03:01:52,285 - P17020 - INFO - Processando URL 13/17: https://www.apontador.com.br/local/sp/campinas/medicos_e_consultorios/C404774750236S2362/alexandre_pieri.html
2025-05-22 03:01:56,430 - P17020 - INFO - HTML salvo para debug: data\debug_html_v10\8efcccb76e648f75af5edf304cef12a8.html
2025-05-22 03:01:56,489 - P17020 - INFO - Candidates address: 2 items
2025-05-22 03:01:56,490 - P17020 - INFO - Candidates phone: 0 items
2025-05-22 03:01:56,490 - P17020 - INFO - Candidates email: 1 items
2025-05-22 03:01:56,490 - P17020 - INFO - Candidates complement: 1 items
2025-05-22 03:01:56,490 - P17020 - INFO - Candidates cep: 1 items
2025-05-22 03:01:56,490 - P17020 - INFO - Após processar URL 13 Uso de memória: 129.32 MB
2025-05-22 03:01:56,491 - P17020 - INFO - Processando URL 14/17: https://www.doctoralia.com.br/neurologista/sao-paulo?page=21
2025-05-22 03:01:56,491 - P17020 - INFO - Ignorando URL de arquivo não-HTML: https://www.doctoralia.com.br/neurologista/sao-paulo?page=21
2025-05-22 03:01:56,492 - P17020 - INFO - Após processar URL 14 Uso de memória: 129.32 MB
2025-05-22 03:01:56,492 - P17020 - INFO - Processando URL 15/17: https://guiamedico.cremesp.org.br/
2025-05-22 03:01:59,656 - P17020 - INFO - HTML salvo para debug: data\debug_html_v10\7c54969580769b63edd9abaa952e1fa2.html
2025-05-22 03:01:59,662 - P17020 - INFO - Candidates address: 1 items
2025-05-22 03:01:59,662 - P17020 - INFO - Candidates phone: 1 items
2025-05-22 03:01:59,662 - P17020 - INFO - Candidates email: 0 items
2025-05-22 03:01:59,663 - P17020 - INFO - Candidates complement: 0 items
2025-05-22 03:01:59,663 - P17020 - INFO - Candidates cep: 1 items
2025-05-22 03:01:59,663 - P17020 - INFO - Após processar URL 15 Uso de memória: 129.32 MB
2025-05-22 03:01:59,663 - P17020 - INFO - Processando URL 16/17: https://www.einstein.br/especialidades/neurologia/equipe
2025-05-22 03:02:04,007 - P17020 - INFO - HTML salvo para debug: data\debug_html_v10\0e7647b33af9b76fe038cff6ce2cea2e.html
2025-05-22 03:02:04,153 - P17020 - INFO - Candidates address: 0 items
2025-05-22 03:02:04,155 - P17020 - INFO - Candidates phone: 5 items
2025-05-22 03:02:04,155 - P17020 - INFO - Candidates email: 0 items
2025-05-22 03:02:04,156 - P17020 - INFO - Candidates complement: 2 items
2025-05-22 03:02:04,156 - P17020 - INFO - Candidates cep: 0 items
2025-05-22 03:02:04,156 - P17020 - INFO - Após processar URL 16 Uso de memória: 129.32 MB
2025-05-22 03:02:04,156 - P17020 - INFO - Processando URL 17/17: https://www.keldoc.com/infirmier/marseille-13010/florence-pieri
2025-05-22 03:02:08,797 - P17020 - INFO - HTML salvo para debug: data\debug_html_v10\4577e7c5327cb285c444c0e1a9e154d2.html
2025-05-22 03:02:08,798 - P17020 - INFO - Candidates address: 0 items
2025-05-22 03:02:08,798 - P17020 - INFO - Candidates phone: 0 items
2025-05-22 03:02:08,799 - P17020 - INFO - Candidates email: 0 items
2025-05-22 03:02:08,799 - P17020 - INFO - Candidates complement: 0 items
2025-05-22 03:02:08,799 - P17020 - INFO - Candidates cep: 0 items
2025-05-22 03:02:08,799 - P17020 - INFO - Após processar URL 17 Uso de memória: 129.32 MB
2025-05-22 03:02:08,799 - P17020 - INFO - Iniciando agregação e ranqueamento
2025-05-22 03:02:08,800 - P17020 - INFO - Ranked address: 7 items
2025-05-22 03:02:08,800 - P17020 - INFO - Ranked phone: 11 items
2025-05-22 03:02:08,800 - P17020 - INFO - Ranked email: 1 items
2025-05-22 03:02:08,800 - P17020 - INFO - Ranked complement: 3 items
2025-05-22 03:02:08,800 - P17020 - INFO - Ranked cep: 6 items
2025-05-22 03:02:08,801 - P17020 - INFO - Após agregação Uso de memória: 129.32 MB
2025-05-22 03:02:08,801 - P17020 - INFO - Validando endereço: ['R. Santos Dumont, 526', 'Rua Santos Dumont , 526', 'Rua Santos Dumont, 526']
2025-05-22 03:02:08,801 - P17020 - INFO - Endereço validado: R. Santos Dumont, 526
2025-05-22 03:02:08,801 - P17020 - INFO - Limpando texto extenso para campo address: R. Santos Dumont, 526...
2025-05-22 03:02:08,802 - P17020 - INFO - Texto limpo: R. Santos Dumont, 526
2025-05-22 03:02:08,802 - P17020 - INFO - Validando telefone: ['(19) 3355-7034', '(19) 3255-7034', '(19)3234-8841']
2025-05-22 03:02:08,803 - P17020 - INFO - Limpando texto extenso para campo phone: (19) 3355-7034...
2025-05-22 03:02:08,803 - P17020 - INFO - Texto limpo: 19) 3355-7034
2025-05-22 03:02:08,803 - P17020 - INFO - Telefone validado: 19) 3355-7034
2025-05-22 03:02:08,803 - P17020 - INFO - Validando email: ['relacionamento@apontador.com']
2025-05-22 03:02:08,804 - P17020 - INFO - Limpando texto extenso para campo email: relacionamento@apontador.com...
2025-05-22 03:02:08,804 - P17020 - INFO - Texto limpo: relacionamento@apontador.com
2025-05-22 03:02:08,804 - P17020 - INFO - Email validado: relacionamento@apontador.com
2025-05-22 03:02:08,805 - P17020 - INFO - Validando complemento: ['Saladas ', 'Sala de Imprensa ', 'Sala de Imprensa Galeria de fotos Boletim médico Press']
2025-05-22 03:02:08,805 - P17020 - INFO - Limpando texto extenso para campo complement: Saladas ...
2025-05-22 03:02:08,805 - P17020 - INFO - Texto limpo: Saladas
2025-05-22 03:02:08,805 - P17020 - INFO - Complemento validado: Saladas
2025-05-22 03:02:08,806 - P17020 - INFO - Descobrindo cidade
2025-05-22 03:02:08,806 - P17020 - INFO - Buscando cidade: R. Santos Dumont cidade SP
2025-05-22 03:02:11,521 - P17020 - INFO - Cidade encontrada: Dumont
2025-05-22 03:02:11,521 - P17020 - INFO - Limpando texto extenso para campo city: Dumont...
2025-05-22 03:02:11,521 - P17020 - INFO - Texto limpo: Dumont
2025-05-22 03:02:11,521 - P17020 - INFO - Cidade descoberta: Dumont
2025-05-22 03:02:11,522 - P17020 - INFO - Buscando CEP com sistema de cascata
2025-05-22 03:02:11,522 - P17020 - INFO - Iniciando busca de CEP em cascata para: R. Santos Dumont, Dumont, SP
2025-05-22 03:02:11,522 - P17020 - INFO - Método 1: ViaCEP API
2025-05-22 03:02:11,522 - P17020 - INFO - Buscando no ViaCEP: https://viacep.com.br/ws/SP/dumont/rua%20santos%20dumont/json/
2025-05-22 03:02:12,151 - P17020 - INFO - Dados encontrados no ViaCEP: {'cep': '14120-039', 'logradouro': 'Rua Santos Dumont', 'complemento': '', 'unidade': '', 'bairro': 'Centro', 'localidade': 'Dumont', 'uf': 'SP', 'estado': 'São Paulo', 'regiao': 'Sudeste', 'ibge': '3514601', 'gia': '2940', 'ddd': '16', 'siafi': '6393'}
2025-05-22 03:02:12,153 - P17020 - INFO - CEP encontrado via ViaCEP: 14120-039
2025-05-22 03:02:12,153 - P17020 - INFO - Dados de CEP encontrados: {'cep': '14120-039', 'logradouro': 'Rua Santos Dumont', 'complemento': '', 'unidade': '', 'bairro': 'Centro', 'localidade': 'Dumont', 'uf': 'SP', 'estado': 'São Paulo', 'regiao': 'Sudeste', 'ibge': '3514601', 'gia': '2940', 'ddd': '16', 'siafi': '6393'}
2025-05-22 03:02:12,154 - P17020 - INFO - Limpando texto extenso para campo bairro: Centro...
2025-05-22 03:02:12,154 - P17020 - INFO - Texto limpo: Centro
2025-05-22 03:02:12,154 - P17020 - INFO - Limpando texto extenso para campo city: Dumont...
2025-05-22 03:02:12,154 - P17020 - INFO - Texto limpo: Dumont
2025-05-22 03:02:12,154 - P17020 - INFO - Limpando texto extenso para campo state: SP...
2025-05-22 03:02:12,154 - P17020 - INFO - Texto limpo: SP
2025-05-22 03:02:12,154 - P17020 - INFO - Tempo de execução de processamento completo do médico: 66.14 segundos
2025-05-22 03:02:12,155 - P17020 - INFO - Resultado processado: {'Hash': 'ed3157d26e518f170dff2cfe4af4217972acdd1be15571dcbce4237614feb5f0', 'CRM': '100812', 'UF': 'SP', 'Firstname': 'ALEXANDRE', 'LastName': 'PIERI', 'Medical specialty': '', 'Endereco Completo A1': 'R. Santos Dumont, 526', 'Address A1': 'R. Santos Dumont', 'Numero A1': '526', 'Complement A1': 'Saladas', 'Bairro A1': 'Centro', 'postal code A1': '14120-039', 'City A1': 'Dumont', 'State A1': 'SP', 'Phone A1': '19) 3355-7034', 'Phone A2': '', 'Cell phone A1': '', 'Cell phone A2': '', 'E-mail A1': 'relacionamento@apontador.com', 'E-mail A2': '', 'OPT-IN': '', 'STATUS': '', 'LOTE': ''}
2025-05-22 03:02:12,156 - P17020 - INFO - Progresso: 38.9%
2025-05-22 03:02:12,156 - P17020 - INFO - Executando coleta de lixo
2025-05-22 03:02:12,200 - P17020 - INFO - Após coleta de lixo Uso de memória: 119.91 MB
2025-05-22 03:02:12,200 - P17020 - INFO - Tempo de execução de processamento do médico 1: 67.58 segundos
2025-05-22 03:02:12,200 - P17020 - INFO - 
==================================================
Processando médico 2/3
2025-05-22 03:02:12,201 - P17020 - INFO - Nome: JOSE ROBERTO LIMA NASCIMENTO
2025-05-22 03:02:12,201 - P17020 - INFO - Início do processamento Uso de memória: 119.91 MB
2025-05-22 03:02:12,201 - P17020 - INFO - Iniciando busca para: JOSE ROBERTO LIMA NASCIMENTO CRM 101980 SP telefone e-mail endereço
2025-05-22 03:02:12,723 - P17020 - INFO - SearX results: 10 URLs
2025-05-22 03:02:12,723 - P17020 - INFO - Após SearX Uso de memória: 119.91 MB
2025-05-22 03:02:15,962 - P17020 - INFO - Google results: 10 URLs
2025-05-22 03:02:15,962 - P17020 - INFO - Após Google Uso de memória: 123.66 MB
2025-05-22 03:02:18,480 - P17020 - INFO - Bing results: 10 URLs
2025-05-22 03:02:18,480 - P17020 - INFO - Após Bing Uso de memória: 125.57 MB
2025-05-22 03:02:18,480 - P17020 - INFO - Total de URLs únicas: 26
2025-05-22 03:02:18,480 - P17020 - INFO - Processando URL 1/26: https://contenda.pr.gov.br/uploads/licitacao/16-Doc-Hab-HERA-SERVICOS-MEDICOS.pdf
2025-05-22 03:02:18,481 - P17020 - INFO - Ignorando URL de arquivo não-HTML: https://contenda.pr.gov.br/uploads/licitacao/16-Doc-Hab-HERA-SERVICOS-MEDICOS.pdf
2025-05-22 03:02:18,481 - P17020 - INFO - Após processar URL 1 Uso de memória: 125.57 MB
2025-05-22 03:02:18,481 - P17020 - INFO - Processando URL 2/26: https://www.defensoria.sp.def.br/web/guest/transparencia/portal-da-transparencia/defensoria-publica-no-diario-oficial?p_p_id=br_def_sp_defensoria_diariooficial_web_DiarioOficialPortlet&p_p_lifecycle=2&p_p_state=normal&p_p_mode=view&p_p_resource_id=%2Ffiles%2Fpdf_export&p_p_cacheability=cacheLevelPage&_br_def_sp_defensoria_diariooficial_web_DiarioOficialPortlet_articleId=4694091
2025-05-22 03:02:20,638 - P17020 - INFO - HTML salvo para debug: data\debug_html_v10\808ddf1b11ce2cc4a64a50adc2758f81.html
2025-05-22 03:02:20,638 - P17020 - INFO - Candidates address: 0 items
2025-05-22 03:02:20,639 - P17020 - INFO - Candidates phone: 0 items
2025-05-22 03:02:20,639 - P17020 - INFO - Candidates email: 0 items
2025-05-22 03:02:20,639 - P17020 - INFO - Candidates complement: 0 items
2025-05-22 03:02:20,639 - P17020 - INFO - Candidates cep: 0 items
2025-05-22 03:02:20,639 - P17020 - INFO - Após processar URL 2 Uso de memória: 125.57 MB
2025-05-22 03:02:20,639 - P17020 - INFO - Processando URL 3/26: https://ecrie.com.br/sistema/conteudos/arquivo/a_103_1_3_06032024111905.pdf
2025-05-22 03:02:20,639 - P17020 - INFO - Ignorando URL de arquivo não-HTML: https://ecrie.com.br/sistema/conteudos/arquivo/a_103_1_3_06032024111905.pdf
2025-05-22 03:02:20,640 - P17020 - INFO - Após processar URL 3 Uso de memória: 125.57 MB
2025-05-22 03:02:20,640 - P17020 - INFO - Processando URL 4/26: https://osasco.sp.gov.br/site/wp-content/uploads/2016/10/httposasco.sp_.gov_.brcompsec1atosEd1280.pdf
2025-05-22 03:02:20,640 - P17020 - INFO - Ignorando URL de arquivo não-HTML: https://osasco.sp.gov.br/site/wp-content/uploads/2016/10/httposasco.sp_.gov_.brcompsec1atosEd1280.pdf
2025-05-22 03:02:20,640 - P17020 - INFO - Após processar URL 4 Uso de memória: 125.57 MB
2025-05-22 03:02:20,640 - P17020 - INFO - Processando URL 5/26: https://consultacrm.com.br/
2025-05-22 03:02:25,348 - P17020 - INFO - HTML salvo para debug: data\debug_html_v10\65cadeb91ac3713432c21b535990f440.html
2025-05-22 03:02:25,362 - P17020 - INFO - Candidates address: 0 items
2025-05-22 03:02:25,362 - P17020 - INFO - Candidates phone: 0 items
2025-05-22 03:02:25,363 - P17020 - INFO - Candidates email: 0 items
2025-05-22 03:02:25,363 - P17020 - INFO - Candidates complement: 0 items
2025-05-22 03:02:25,363 - P17020 - INFO - Candidates cep: 0 items
2025-05-22 03:02:25,363 - P17020 - INFO - Após processar URL 5 Uso de memória: 126.16 MB
2025-05-22 03:02:25,363 - P17020 - INFO - Processando URL 6/26: https://diariooficial.guarulhos.sp.gov.br/uploads/pdf/1719154707.pdf
2025-05-22 03:02:25,364 - P17020 - INFO - Ignorando URL de arquivo não-HTML: https://diariooficial.guarulhos.sp.gov.br/uploads/pdf/1719154707.pdf
2025-05-22 03:02:25,364 - P17020 - INFO - Após processar URL 6 Uso de memória: 126.16 MB
2025-05-22 03:02:25,364 - P17020 - INFO - Processando URL 7/26: https://ecrie.com.br/sistema/conteudos/arquivo/a_103_0_3_06032024112248.pdf
2025-05-22 03:02:25,364 - P17020 - INFO - Ignorando URL de arquivo não-HTML: https://ecrie.com.br/sistema/conteudos/arquivo/a_103_0_3_06032024112248.pdf
2025-05-22 03:02:25,364 - P17020 - INFO - Após processar URL 7 Uso de memória: 126.16 MB
2025-05-22 03:02:25,364 - P17020 - INFO - Processando URL 8/26: https://www.medicosbrasil.com/profissional/jose-roberto-lima-nascimento
2025-05-22 03:02:29,151 - P17020 - INFO - HTML salvo para debug: data\debug_html_v10\d9ada7c2ce95b2dd9d763d27082fcea7.html
2025-05-22 03:02:29,182 - P17020 - INFO - Candidates address: 0 items
2025-05-22 03:02:29,188 - P17020 - INFO - Candidates phone: 0 items
2025-05-22 03:02:29,190 - P17020 - INFO - Candidates email: 0 items
2025-05-22 03:02:29,190 - P17020 - INFO - Candidates complement: 0 items
2025-05-22 03:02:29,194 - P17020 - INFO - Candidates cep: 0 items
2025-05-22 03:02:29,198 - P17020 - INFO - Após processar URL 8 Uso de memória: 128.40 MB
2025-05-22 03:02:29,199 - P17020 - INFO - Processando URL 9/26: https://guiasaudebrasil.com.br/profissional/e1a82f86b6108a97-jose-roberto-lima-nascimento
2025-05-22 03:02:35,153 - P17020 - INFO - HTML salvo para debug: data\debug_html_v10\fcc0831df14ac5db14a9ace3b962aa4c.html
2025-05-22 03:02:35,164 - P17020 - INFO - Candidates address: 0 items
2025-05-22 03:02:35,164 - P17020 - INFO - Candidates phone: 0 items
2025-05-22 03:02:35,164 - P17020 - INFO - Candidates email: 0 items
2025-05-22 03:02:35,165 - P17020 - INFO - Candidates complement: 0 items
2025-05-22 03:02:35,165 - P17020 - INFO - Candidates cep: 1 items
2025-05-22 03:02:35,165 - P17020 - INFO - Após processar URL 9 Uso de memória: 127.42 MB
2025-05-22 03:02:35,165 - P17020 - INFO - Processando URL 10/26: https://cliniguia.com/profissionais/jose-roberto-lima-nascimento-980016284503526/
2025-05-22 03:02:38,714 - P17020 - INFO - HTML salvo para debug: data\debug_html_v10\d3a803774a38efebd21585151e5e1b1e.html
2025-05-22 03:02:38,763 - P17020 - INFO - Candidates address: 0 items
2025-05-22 03:02:38,763 - P17020 - INFO - Candidates phone: 0 items
2025-05-22 03:02:38,763 - P17020 - INFO - Candidates email: 0 items
2025-05-22 03:02:38,763 - P17020 - INFO - Candidates complement: 0 items
2025-05-22 03:02:38,764 - P17020 - INFO - Candidates cep: 0 items
2025-05-22 03:02:38,764 - P17020 - INFO - Após processar URL 10 Uso de memória: 128.82 MB
2025-05-22 03:02:38,764 - P17020 - INFO - Processando URL 11/26: https://osasco.sp.gov.br/site/wp-content/uploads/2022/02/iomo589.pdf
2025-05-22 03:02:38,764 - P17020 - INFO - Ignorando URL de arquivo não-HTML: https://osasco.sp.gov.br/site/wp-content/uploads/2022/02/iomo589.pdf
2025-05-22 03:02:38,764 - P17020 - INFO - Após processar URL 11 Uso de memória: 127.73 MB
2025-05-22 03:02:38,765 - P17020 - INFO - Processando URL 12/26: https://www.helpsaude.com/Jose-Roberto-Lima-Nascimento.SP
2025-05-22 03:02:43,585 - P17020 - INFO - HTML salvo para debug: data\debug_html_v10\f5bf6d7e3881c04cb44c9e9387c95ade.html
2025-05-22 03:02:43,596 - P17020 - INFO - Candidates address: 0 items
2025-05-22 03:02:43,597 - P17020 - INFO - Candidates phone: 0 items
2025-05-22 03:02:43,597 - P17020 - INFO - Candidates email: 0 items
2025-05-22 03:02:43,597 - P17020 - INFO - Candidates complement: 0 items
2025-05-22 03:02:43,597 - P17020 - INFO - Candidates cep: 0 items
2025-05-22 03:02:43,597 - P17020 - INFO - Após processar URL 12 Uso de memória: 128.02 MB
2025-05-22 03:02:43,598 - P17020 - INFO - Processando URL 13/26: https://renascenca.pr.gov.br/wp-content/uploads/2024/05/DOCUMENTOS-HABILITACAO-ATUAL-MEDICA-GESTAO-DE-SAUDE-LTDA.pdf
2025-05-22 03:02:43,598 - P17020 - INFO - Ignorando URL de arquivo não-HTML: https://renascenca.pr.gov.br/wp-content/uploads/2024/05/DOCUMENTOS-HABILITACAO-ATUAL-MEDICA-GESTAO-DE-SAUDE-LTDA.pdf
2025-05-22 03:02:43,598 - P17020 - INFO - Após processar URL 13 Uso de memória: 128.02 MB
2025-05-22 03:02:43,598 - P17020 - INFO - Processando URL 14/26: https://www.saobernardo.sp.gov.br/documents/10181/1812128/NM+2474+de+20.09.2024+-++Conte%C3%BAdo+Integral.pdf/b2e17b9b-0da4-01f6-50ee-0c494a96ba7c
2025-05-22 03:02:43,598 - P17020 - INFO - Ignorando URL de arquivo não-HTML: https://www.saobernardo.sp.gov.br/documents/10181/1812128/NM+2474+de+20.09.2024+-++Conte%C3%BAdo+Integral.pdf/b2e17b9b-0da4-01f6-50ee-0c494a96ba7c
2025-05-22 03:02:43,598 - P17020 - INFO - Após processar URL 14 Uso de memória: 128.02 MB
2025-05-22 03:02:43,598 - P17020 - INFO - Processando URL 15/26: https://www.prefeitura.sp.gov.br/cidade/secretarias/upload/saude/cgp/CGP/listagem_de_medicos_jan-2013.pdf
2025-05-22 03:02:43,599 - P17020 - INFO - Ignorando URL de arquivo não-HTML: https://www.prefeitura.sp.gov.br/cidade/secretarias/upload/saude/cgp/CGP/listagem_de_medicos_jan-2013.pdf
2025-05-22 03:02:43,599 - P17020 - INFO - Após processar URL 15 Uso de memória: 128.02 MB
2025-05-22 03:02:43,599 - P17020 - INFO - Processando URL 16/26: https://diariooficial.cubatao.sp.gov.br/search_sres.php?id=OTc2
2025-05-22 03:02:48,965 - P17020 - INFO - HTML salvo para debug: data\debug_html_v10\2e28f654e5f9ff8ca1cf0b17ca942c2d.html
2025-05-22 03:02:49,492 - P17020 - INFO - Candidates address: 1 items
2025-05-22 03:02:49,493 - P17020 - INFO - Candidates phone: 1 items
2025-05-22 03:02:49,493 - P17020 - INFO - Candidates email: 2 items
2025-05-22 03:02:49,493 - P17020 - INFO - Candidates complement: 4 items
2025-05-22 03:02:49,494 - P17020 - INFO - Candidates cep: 1 items
2025-05-22 03:02:49,494 - P17020 - INFO - Após processar URL 16 Uso de memória: 124.97 MB
2025-05-22 03:02:49,494 - P17020 - INFO - Processando URL 17/26: https://www.helpsaude.com/jose-roberto-lima-nascimento-nascimento-leite-medicina-ltda
2025-05-22 03:02:51,595 - P17020 - INFO - HTML salvo para debug: data\debug_html_v10\0b38aca0c79e2c6e1d3da1cfc5ce4844.html
2025-05-22 03:02:51,609 - P17020 - INFO - Candidates address: 0 items
2025-05-22 03:02:51,609 - P17020 - INFO - Candidates phone: 0 items
2025-05-22 03:02:51,610 - P17020 - INFO - Candidates email: 0 items
2025-05-22 03:02:51,610 - P17020 - INFO - Candidates complement: 0 items
2025-05-22 03:02:51,610 - P17020 - INFO - Candidates cep: 1 items
2025-05-22 03:02:51,610 - P17020 - INFO - Após processar URL 17 Uso de memória: 125.24 MB
2025-05-22 03:02:51,610 - P17020 - INFO - Processando URL 18/26: https://transparencia.comespservicos.com.br/downloads/cred-04-2024/12_SUPRAMED_SERVICOS_DE_APOIO_A_SAUDE_LTDA.pdf
2025-05-22 03:02:51,611 - P17020 - INFO - Ignorando URL de arquivo não-HTML: https://transparencia.comespservicos.com.br/downloads/cred-04-2024/12_SUPRAMED_SERVICOS_DE_APOIO_A_SAUDE_LTDA.pdf
2025-05-22 03:02:51,611 - P17020 - INFO - Após processar URL 18 Uso de memória: 125.24 MB
2025-05-22 03:02:51,611 - P17020 - INFO - Processando URL 19/26: https://guiamedico.cremesp.org.br/
2025-05-22 03:02:54,342 - P17020 - INFO - HTML salvo para debug: data\debug_html_v10\7c54969580769b63edd9abaa952e1fa2.html
2025-05-22 03:02:54,350 - P17020 - INFO - Candidates address: 1 items
2025-05-22 03:02:54,350 - P17020 - INFO - Candidates phone: 1 items
2025-05-22 03:02:54,350 - P17020 - INFO - Candidates email: 0 items
2025-05-22 03:02:54,350 - P17020 - INFO - Candidates complement: 0 items
2025-05-22 03:02:54,350 - P17020 - INFO - Candidates cep: 1 items
2025-05-22 03:02:54,351 - P17020 - INFO - Após processar URL 19 Uso de memória: 125.42 MB
2025-05-22 03:02:54,351 - P17020 - INFO - Processando URL 20/26: https://www.consultacrm.com.br/index/profissionais/uid-8bb49070-f5c5-11ec-9e74-0a4aa568c625/jose_roberto_lima_nascimento
2025-05-22 03:02:57,654 - P17020 - INFO - HTML salvo para debug: data\debug_html_v10\5a31e316126d99ce336417307e187345.html
2025-05-22 03:02:57,665 - P17020 - INFO - Candidates address: 0 items
2025-05-22 03:02:57,666 - P17020 - INFO - Candidates phone: 0 items
2025-05-22 03:02:57,666 - P17020 - INFO - Candidates email: 0 items
2025-05-22 03:02:57,666 - P17020 - INFO - Candidates complement: 0 items
2025-05-22 03:02:57,666 - P17020 - INFO - Candidates cep: 0 items
2025-05-22 03:02:57,666 - P17020 - INFO - Após processar URL 20 Uso de memória: 126.54 MB
2025-05-22 03:02:57,667 - P17020 - INFO - Processando URL 21/26: https://www.boaconsulta.com/especialista/jose-roberto-lima-nascimento-6106d9b8a2e00a653a00bada
2025-05-22 03:03:01,139 - P17020 - INFO - HTML salvo para debug: data\debug_html_v10\d0269f077ddd4fe58cadbd80bd281355.html
2025-05-22 03:03:01,212 - P17020 - INFO - Candidates address: 10 items
2025-05-22 03:03:01,212 - P17020 - INFO - Candidates phone: 0 items
2025-05-22 03:03:01,213 - P17020 - INFO - Candidates email: 0 items
2025-05-22 03:03:01,213 - P17020 - INFO - Candidates complement: 1 items
2025-05-22 03:03:01,213 - P17020 - INFO - Candidates cep: 0 items
2025-05-22 03:03:01,213 - P17020 - INFO - Após processar URL 21 Uso de memória: 128.48 MB
2025-05-22 03:03:01,213 - P17020 - INFO - Processando URL 22/26: https://contenda.pr.gov.br/uploads/licitacao/18-Doc-Hab-Deltamed.pdf
2025-05-22 03:03:01,213 - P17020 - INFO - Ignorando URL de arquivo não-HTML: https://contenda.pr.gov.br/uploads/licitacao/18-Doc-Hab-Deltamed.pdf
2025-05-22 03:03:01,214 - P17020 - INFO - Após processar URL 22 Uso de memória: 128.48 MB
2025-05-22 03:03:01,214 - P17020 - INFO - Processando URL 23/26: https://diariooficial.santos.sp.gov.br/edicoes/inicio/download/2010-06-19
2025-05-22 03:03:03,352 - P17020 - INFO - HTML salvo para debug: data\debug_html_v10\b340dff71ffb89f951c8984bffd2b769.html
2025-05-22 03:03:03,353 - P17020 - INFO - Candidates address: 0 items
2025-05-22 03:03:03,353 - P17020 - INFO - Candidates phone: 0 items
2025-05-22 03:03:03,353 - P17020 - INFO - Candidates email: 0 items
2025-05-22 03:03:03,353 - P17020 - INFO - Candidates complement: 0 items
2025-05-22 03:03:03,353 - P17020 - INFO - Candidates cep: 0 items
2025-05-22 03:03:03,354 - P17020 - INFO - Após processar URL 23 Uso de memória: 128.48 MB
2025-05-22 03:03:03,354 - P17020 - INFO - Processando URL 24/26: https://www.classemedica.com.br/medico/171268-jose-roberto-lima-nascimento.htm
2025-05-22 03:03:10,628 - P17020 - INFO - HTML salvo para debug: data\debug_html_v10\59b30fdb1cc5f3371697dd126af7142d.html
2025-05-22 03:03:10,664 - P17020 - INFO - Candidates address: 0 items
2025-05-22 03:03:10,664 - P17020 - INFO - Candidates phone: 0 items
2025-05-22 03:03:10,664 - P17020 - INFO - Candidates email: 0 items
2025-05-22 03:03:10,664 - P17020 - INFO - Candidates complement: 0 items
2025-05-22 03:03:10,665 - P17020 - INFO - Candidates cep: 0 items
2025-05-22 03:03:10,665 - P17020 - INFO - Após processar URL 24 Uso de memória: 129.73 MB
2025-05-22 03:03:10,665 - P17020 - INFO - Processando URL 25/26: https://www.doctoralia.com.br/jose-roberto-de-lima-moraes/pediatra/sao-paulo
2025-05-22 03:03:10,665 - P17020 - INFO - Ignorando URL de arquivo não-HTML: https://www.doctoralia.com.br/jose-roberto-de-lima-moraes/pediatra/sao-paulo
2025-05-22 03:03:10,665 - P17020 - INFO - Após processar URL 25 Uso de memória: 127.79 MB
2025-05-22 03:03:10,665 - P17020 - INFO - Processando URL 26/26: https://diariooficial.guarulhos.sp.gov.br/uploads/pdf/386671116.pdf
2025-05-22 03:03:10,666 - P17020 - INFO - Ignorando URL de arquivo não-HTML: https://diariooficial.guarulhos.sp.gov.br/uploads/pdf/386671116.pdf
2025-05-22 03:03:10,666 - P17020 - INFO - Após processar URL 26 Uso de memória: 127.79 MB
2025-05-22 03:03:10,666 - P17020 - INFO - Iniciando agregação e ranqueamento
2025-05-22 03:03:10,666 - P17020 - INFO - Ranked address: 12 items
2025-05-22 03:03:10,666 - P17020 - INFO - Ranked phone: 2 items
2025-05-22 03:03:10,667 - P17020 - INFO - Ranked email: 2 items
2025-05-22 03:03:10,667 - P17020 - INFO - Ranked complement: 5 items
2025-05-22 03:03:10,667 - P17020 - INFO - Ranked cep: 4 items
2025-05-22 03:03:10,667 - P17020 - INFO - Após agregação Uso de memória: 127.79 MB
2025-05-22 03:03:10,667 - P17020 - INFO - Validando endereço: ['Rua Bernardo Pinto, 188', 'Rua Frei Caneca, 1282', 'Avenida Lins De Vasconcelos, 1042']
2025-05-22 03:03:10,667 - P17020 - INFO - Endereço validado: Rua Bernardo Pinto, 188
2025-05-22 03:03:10,668 - P17020 - INFO - Limpando texto extenso para campo address: Rua Bernardo Pinto, 188...
2025-05-22 03:03:10,668 - P17020 - INFO - Texto limpo: Rua Bernardo Pinto, 188
2025-05-22 03:03:10,668 - P17020 - INFO - Validando telefone: ['(13) 3362-4065', '(11) 4349-9900']
2025-05-22 03:03:10,668 - P17020 - INFO - Limpando texto extenso para campo phone: (13) 3362-4065...
2025-05-22 03:03:10,668 - P17020 - INFO - Texto limpo: 13) 3362-4065
2025-05-22 03:03:10,668 - P17020 - INFO - Telefone validado: 13) 3362-4065
2025-05-22 03:03:10,669 - P17020 - INFO - Validando email: ['dae.educacao@cubatao.sp.gov.br', 'dsu@cubatao.sp.gov.br']
2025-05-22 03:03:10,669 - P17020 - INFO - Limpando texto extenso para campo email: dae.educacao@cubatao.sp.gov.br...
2025-05-22 03:03:10,669 - P17020 - INFO - Texto limpo: dae.educacao@cubatao.sp.gov.br
2025-05-22 03:03:10,669 - P17020 - INFO - Email validado: dae.educacao@cubatao.sp.gov.br
2025-05-22 03:03:10,669 - P17020 - INFO - Validando complemento: ['Sala de Reunião do Departamento de Suprimentos - DSU', 'Aptidão Física', 'Aptidão Física terá caráter eliminatório']
2025-05-22 03:03:10,670 - P17020 - INFO - Limpando texto extenso para campo complement: Sala de Reunião do Departamento de Suprimentos - D...
2025-05-22 03:03:10,670 - P17020 - INFO - Texto limpo: Sala de Reunião do Departament
2025-05-22 03:03:10,670 - P17020 - INFO - Complemento validado: Sala de Reunião do Departament
2025-05-22 03:03:10,670 - P17020 - INFO - Descobrindo cidade
2025-05-22 03:03:10,670 - P17020 - INFO - Buscando cidade: Rua Bernardo Pinto cidade SP
2025-05-22 03:03:13,316 - P17020 - WARNING - Cidade não encontrada
2025-05-22 03:03:13,317 - P17020 - INFO - Cidade descoberta: 
2025-05-22 03:03:13,317 - P17020 - INFO - Tempo de execução de processamento completo do médico: 61.12 segundos
2025-05-22 03:03:13,317 - P17020 - INFO - Resultado processado: {'Hash': '26c106563e6ad15b3a214cbdf91774973c02c59aae565e09bc91e7f7d4017b66', 'CRM': '101980', 'UF': 'SP', 'Firstname': 'JOSE', 'LastName': 'ROBERTO LIMA NASCIMENTO', 'Medical specialty': '', 'Endereco Completo A1': 'Rua Bernardo Pinto, 188', 'Address A1': 'Rua Bernardo Pinto', 'Numero A1': '188', 'Complement A1': 'Sala de Reunião do Departament', 'Bairro A1': '', 'postal code A1': '', 'City A1': '', 'State A1': '', 'Phone A1': '13) 3362-4065', 'Phone A2': '', 'Cell phone A1': '', 'Cell phone A2': '', 'E-mail A1': 'dae.educacao@cubatao.sp.gov.br', 'E-mail A2': '', 'OPT-IN': '', 'STATUS': '', 'LOTE': ''}
2025-05-22 03:03:13,318 - P17020 - INFO - Progresso: 39.3%
2025-05-22 03:03:13,318 - P17020 - INFO - Tempo de execução de processamento do médico 2: 61.12 segundos
2025-05-22 03:03:13,318 - P17020 - INFO - 
==================================================
Processando médico 3/3
2025-05-22 03:03:13,318 - P17020 - INFO - Nome: DEBORA CHRISTINA RIBAS D'AVILA
2025-05-22 03:03:13,319 - P17020 - INFO - Início do processamento Uso de memória: 125.82 MB
2025-05-22 03:03:13,319 - P17020 - INFO - Iniciando busca para: DEBORA CHRISTINA RIBAS D'AVILA CRM 102050 SP telefone e-mail endereço
2025-05-22 03:03:13,879 - P17020 - INFO - SearX results: 9 URLs
2025-05-22 03:03:13,882 - P17020 - INFO - Após SearX Uso de memória: 125.82 MB
2025-05-22 03:03:16,794 - P17020 - INFO - Google results: 11 URLs
2025-05-22 03:03:16,794 - P17020 - INFO - Após Google Uso de memória: 127.71 MB
2025-05-22 03:03:19,432 - P17020 - INFO - Bing results: 12 URLs
2025-05-22 03:03:19,433 - P17020 - INFO - Após Bing Uso de memória: 128.81 MB
2025-05-22 03:03:19,435 - P17020 - INFO - Total de URLs únicas: 27
2025-05-22 03:03:19,435 - P17020 - INFO - Processando URL 1/27: https://www.igepps.pa.gov.br/sites/default/files/2023-01/2023.04.13.DOE.pdf
2025-05-22 03:03:19,435 - P17020 - INFO - Ignorando URL de arquivo não-HTML: https://www.igepps.pa.gov.br/sites/default/files/2023-01/2023.04.13.DOE.pdf
2025-05-22 03:03:19,435 - P17020 - INFO - Após processar URL 1 Uso de memória: 128.81 MB
2025-05-22 03:03:19,436 - P17020 - INFO - Processando URL 2/27: https://www.catalogo.med.br/doutor/debora-christina-ribas-d-avila-2540935.htm
2025-05-22 03:03:21,585 - P17020 - INFO - HTML salvo para debug: data\debug_html_v10\bd4839237d8778db3708c447803290e2.html
2025-05-22 03:03:21,587 - P17020 - INFO - Candidates address: 0 items
2025-05-22 03:03:21,588 - P17020 - INFO - Candidates phone: 0 items
2025-05-22 03:03:21,588 - P17020 - INFO - Candidates email: 0 items
2025-05-22 03:03:21,589 - P17020 - INFO - Candidates complement: 0 items
2025-05-22 03:03:21,589 - P17020 - INFO - Candidates cep: 0 items
2025-05-22 03:03:21,590 - P17020 - INFO - Após processar URL 2 Uso de memória: 128.81 MB
2025-05-22 03:03:21,590 - P17020 - INFO - Processando URL 3/27: https://www.helpsaude.com/Debora-Christina-Ribas-D-Avila.SP
2025-05-22 03:03:26,113 - P17020 - INFO - HTML salvo para debug: data\debug_html_v10\6877043d06152ea1d74c4f0860ae5933.html
2025-05-22 03:03:26,126 - P17020 - INFO - Candidates address: 0 items
2025-05-22 03:03:26,127 - P17020 - INFO - Candidates phone: 0 items
2025-05-22 03:03:26,127 - P17020 - INFO - Candidates email: 0 items
2025-05-22 03:03:26,128 - P17020 - INFO - Candidates complement: 0 items
2025-05-22 03:03:26,128 - P17020 - INFO - Candidates cep: 1 items
2025-05-22 03:03:26,129 - P17020 - INFO - Após processar URL 3 Uso de memória: 128.89 MB
2025-05-22 03:03:26,129 - P17020 - INFO - Processando URL 4/27: https://acervo.arquivopublico.sc.gov.br/uploads/r/arquivo-publico-do-estado-de-santa-catarina-apesc/d/2/7/d27b6d414f96df29f325f519a4edc2033579e64236b83a8ec1d66ab7f93cd041/2ae1ef6e-2a46-484d-a0b0-7505c097d7e4-13732-DOE_19070_18_04_2011_48F_JUCESC_19070_08F.pdf
2025-05-22 03:03:26,129 - P17020 - INFO - Ignorando URL de arquivo não-HTML: https://acervo.arquivopublico.sc.gov.br/uploads/r/arquivo-publico-do-estado-de-santa-catarina-apesc/d/2/7/d27b6d414f96df29f325f519a4edc2033579e64236b83a8ec1d66ab7f93cd041/2ae1ef6e-2a46-484d-a0b0-7505c097d7e4-13732-DOE_19070_18_04_2011_48F_JUCESC_19070_08F.pdf
2025-05-22 03:03:26,130 - P17020 - INFO - Após processar URL 4 Uso de memória: 128.89 MB
2025-05-22 03:03:26,130 - P17020 - INFO - Processando URL 5/27: http://clinicalibertamente.com.br/contato/
2025-05-22 03:03:31,074 - P17020 - INFO - HTML salvo para debug: data\debug_html_v10\77885e3a9cf81c4f246397c02575a918.html
2025-05-22 03:03:31,088 - P17020 - INFO - Candidates address: 1 items
2025-05-22 03:03:31,088 - P17020 - INFO - Candidates phone: 0 items
2025-05-22 03:03:31,088 - P17020 - INFO - Candidates email: 1 items
2025-05-22 03:03:31,089 - P17020 - INFO - Candidates complement: 1 items
2025-05-22 03:03:31,089 - P17020 - INFO - Candidates cep: 0 items
2025-05-22 03:03:31,089 - P17020 - INFO - Após processar URL 5 Uso de memória: 128.89 MB
2025-05-22 03:03:31,089 - P17020 - INFO - Processando URL 6/27: https://diariooficial.guarulhos.sp.gov.br/uploads/pdf/219025380.pdf
2025-05-22 03:03:31,090 - P17020 - INFO - Ignorando URL de arquivo não-HTML: https://diariooficial.guarulhos.sp.gov.br/uploads/pdf/219025380.pdf
2025-05-22 03:03:31,090 - P17020 - INFO - Após processar URL 6 Uso de memória: 128.89 MB
2025-05-22 03:03:31,090 - P17020 - INFO - Processando URL 7/27: https://www.doctoranytime.com.br/d/psiquiatra/debora-christina-ribas-davila
2025-05-22 03:03:31,090 - P17020 - INFO - Ignorando URL de arquivo não-HTML: https://www.doctoranytime.com.br/d/psiquiatra/debora-christina-ribas-davila
2025-05-22 03:03:31,090 - P17020 - INFO - Após processar URL 7 Uso de memória: 128.89 MB
2025-05-22 03:03:31,091 - P17020 - INFO - Processando URL 8/27: http://clinicalibertamente.com.br/equipe/dra-debora-christina-ribas-davila/
2025-05-22 03:03:34,668 - P17020 - INFO - HTML salvo para debug: data\debug_html_v10\6cdb166e96bd02229c1461edae48defa.html
2025-05-22 03:03:34,681 - P17020 - INFO - Candidates address: 1 items
2025-05-22 03:03:34,682 - P17020 - INFO - Candidates phone: 0 items
2025-05-22 03:03:34,682 - P17020 - INFO - Candidates email: 1 items
2025-05-22 03:03:34,682 - P17020 - INFO - Candidates complement: 1 items
2025-05-22 03:03:34,682 - P17020 - INFO - Candidates cep: 0 items
2025-05-22 03:03:34,682 - P17020 - INFO - Após processar URL 8 Uso de memória: 128.95 MB
2025-05-22 03:03:34,683 - P17020 - INFO - Processando URL 9/27: https://www.catalogo.med.br/doutor/debora-christina-ribas-d-avila-2475314.htm
2025-05-22 03:03:36,784 - P17020 - INFO - HTML salvo para debug: data\debug_html_v10\16154483152a89227f1d81063a6b651c.html
2025-05-22 03:03:36,784 - P17020 - INFO - Candidates address: 0 items
2025-05-22 03:03:36,785 - P17020 - INFO - Candidates phone: 0 items
2025-05-22 03:03:36,785 - P17020 - INFO - Candidates email: 0 items
2025-05-22 03:03:36,785 - P17020 - INFO - Candidates complement: 0 items
2025-05-22 03:03:36,786 - P17020 - INFO - Candidates cep: 0 items
2025-05-22 03:03:36,786 - P17020 - INFO - Após processar URL 9 Uso de memória: 128.95 MB
2025-05-22 03:03:36,786 - P17020 - INFO - Processando URL 10/27: https://www.doctoralia.com.br/debora-christina-ribas-davila/psiquiatra/campinas?prevent-patient-app-banner=true&utm_source=google&utm_medium=gmb&utm_campaign=239147&utm_content=book_visit&hl=pt-BR&gei=pr4uaNTJCOGS5OUPntK0kQc&rwg_token=AAiGsoafvEx44PATfFZ0GmjEihHfqfsL0b1S-b9eD9bb49yz886h7A0YHRM3Hlsa4Y868fAqtfAAG3_jTCFE59ugV9xZz7RxWw%3D%3D#highlight-calendar
2025-05-22 03:03:36,786 - P17020 - INFO - Ignorando URL de arquivo não-HTML: https://www.doctoralia.com.br/debora-christina-ribas-davila/psiquiatra/campinas?prevent-patient-app-banner=true&utm_source=google&utm_medium=gmb&utm_campaign=239147&utm_content=book_visit&hl=pt-BR&gei=pr4uaNTJCOGS5OUPntK0kQc&rwg_token=AAiGsoafvEx44PATfFZ0GmjEihHfqfsL0b1S-b9eD9bb49yz886h7A0YHRM3Hlsa4Y868fAqtfAAG3_jTCFE59ugV9xZz7RxWw%3D%3D#highlight-calendar
2025-05-22 03:03:36,787 - P17020 - INFO - Após processar URL 10 Uso de memória: 128.95 MB
2025-05-22 03:03:36,787 - P17020 - INFO - Processando URL 11/27: http://www.clinicalibertamente.com.br/
2025-05-22 03:03:42,020 - P17020 - INFO - HTML salvo para debug: data\debug_html_v10\a562aad89d141d2736571060ee0d6b50.html
2025-05-22 03:03:42,050 - P17020 - INFO - Candidates address: 1 items
2025-05-22 03:03:42,053 - P17020 - INFO - Candidates phone: 0 items
2025-05-22 03:03:42,053 - P17020 - INFO - Candidates email: 1 items
2025-05-22 03:03:42,054 - P17020 - INFO - Candidates complement: 1 items
2025-05-22 03:03:42,055 - P17020 - INFO - Candidates cep: 0 items
2025-05-22 03:03:42,055 - P17020 - INFO - Após processar URL 11 Uso de memória: 128.95 MB
2025-05-22 03:03:42,055 - P17020 - INFO - Processando URL 12/27: http://clinicalibertamente.com.br/equipe/
2025-05-22 03:03:45,668 - P17020 - INFO - HTML salvo para debug: data\debug_html_v10\e86f4885ea5ea02e2fcfb5e5847dc681.html
2025-05-22 03:03:45,686 - P17020 - INFO - Candidates address: 1 items
2025-05-22 03:03:45,686 - P17020 - INFO - Candidates phone: 0 items
2025-05-22 03:03:45,686 - P17020 - INFO - Candidates email: 1 items
2025-05-22 03:03:45,686 - P17020 - INFO - Candidates complement: 1 items
2025-05-22 03:03:45,686 - P17020 - INFO - Candidates cep: 0 items
2025-05-22 03:03:45,687 - P17020 - INFO - Após processar URL 12 Uso de memória: 128.95 MB
2025-05-22 03:03:45,687 - P17020 - INFO - Processando URL 13/27: https://www.juntacomercial.pr.gov.br/Pagina/Atos-Decisorios-Abril2022
2025-05-22 03:03:50,455 - P17020 - INFO - HTML salvo para debug: data\debug_html_v10\4e9cdde1e87df858f7b398a3cd86ef1f.html
2025-05-22 03:03:50,588 - P17020 - INFO - Candidates address: 132 items
2025-05-22 03:03:50,588 - P17020 - INFO - Candidates phone: 0 items
2025-05-22 03:03:50,589 - P17020 - INFO - Candidates email: 0 items
2025-05-22 03:03:50,589 - P17020 - INFO - Candidates complement: 15 items
2025-05-22 03:03:50,589 - P17020 - INFO - Candidates cep: 128 items
2025-05-22 03:03:50,589 - P17020 - INFO - Após processar URL 13 Uso de memória: 130.77 MB
2025-05-22 03:03:50,589 - P17020 - INFO - Processando URL 14/27: http://clinicalibertamente.com.br/contato
2025-05-22 03:03:56,049 - P17020 - INFO - HTML salvo para debug: data\debug_html_v10\0074e2cfbdc38f67928ec2e98b98aff5.html
2025-05-22 03:03:56,065 - P17020 - INFO - Candidates address: 1 items
2025-05-22 03:03:56,066 - P17020 - INFO - Candidates phone: 0 items
2025-05-22 03:03:56,066 - P17020 - INFO - Candidates email: 1 items
2025-05-22 03:03:56,067 - P17020 - INFO - Candidates complement: 1 items
2025-05-22 03:03:56,067 - P17020 - INFO - Candidates cep: 0 items
2025-05-22 03:03:56,067 - P17020 - INFO - Após processar URL 14 Uso de memória: 128.95 MB
2025-05-22 03:03:56,067 - P17020 - INFO - Processando URL 15/27: https://www.catalogo.med.br/agenda.pl?C=A&V=66446F63746F7249443D3234373533313426747970653D266163743D73686F774D616B654170706F696E746D656E742666446174653D323032352D30332D313725323030392533413030253341303026664167656E646149443D313130353939
2025-05-22 03:03:58,171 - P17020 - INFO - HTML salvo para debug: data\debug_html_v10\8835f04d5cab8051a2be77edd4581869.html
2025-05-22 03:03:58,172 - P17020 - INFO - Candidates address: 0 items
2025-05-22 03:03:58,172 - P17020 - INFO - Candidates phone: 0 items
2025-05-22 03:03:58,173 - P17020 - INFO - Candidates email: 0 items
2025-05-22 03:03:58,173 - P17020 - INFO - Candidates complement: 0 items
2025-05-22 03:03:58,173 - P17020 - INFO - Candidates cep: 0 items
2025-05-22 03:03:58,173 - P17020 - INFO - Após processar URL 15 Uso de memória: 128.95 MB
2025-05-22 03:03:58,173 - P17020 - INFO - Processando URL 16/27: https://www.bingplaces.com/DashBoard/Edit?Id=YN7993x17178444383021359320&market=pt-BR&src=SERPGB
2025-05-22 03:04:01,617 - P17020 - INFO - HTML salvo para debug: data\debug_html_v10\cb44e29a3fada3b11e34c007ca1baffd.html
2025-05-22 03:04:01,659 - P17020 - INFO - Candidates address: 1 items
2025-05-22 03:04:01,659 - P17020 - INFO - Candidates phone: 1 items
2025-05-22 03:04:01,659 - P17020 - INFO - Candidates email: 0 items
2025-05-22 03:04:01,659 - P17020 - INFO - Candidates complement: 0 items
2025-05-22 03:04:01,659 - P17020 - INFO - Candidates cep: 2 items
2025-05-22 03:04:01,660 - P17020 - INFO - Após processar URL 16 Uso de memória: 128.98 MB
2025-05-22 03:04:01,660 - P17020 - INFO - Processando URL 17/27: https://agendarconsulta.com/perfil/dra-debora-christina-ribas-davila-1684801038
2025-05-22 03:04:07,086 - P17020 - INFO - HTML salvo para debug: data\debug_html_v10\c8f452c2091c49179dd99dc988d9f3b7.html
2025-05-22 03:04:07,114 - P17020 - INFO - Candidates address: 2 items
2025-05-22 03:04:07,115 - P17020 - INFO - Candidates phone: 1 items
2025-05-22 03:04:07,115 - P17020 - INFO - Candidates email: 0 items
2025-05-22 03:04:07,115 - P17020 - INFO - Candidates complement: 1 items
2025-05-22 03:04:07,115 - P17020 - INFO - Candidates cep: 1 items
2025-05-22 03:04:07,115 - P17020 - INFO - Após processar URL 17 Uso de memória: 129.02 MB
2025-05-22 03:04:07,116 - P17020 - INFO - Processando URL 18/27: https://ioepa.com.br/pages/2023/2023.04.13.DOE.pdf
2025-05-22 03:04:07,116 - P17020 - INFO - Ignorando URL de arquivo não-HTML: https://ioepa.com.br/pages/2023/2023.04.13.DOE.pdf
2025-05-22 03:04:07,116 - P17020 - INFO - Após processar URL 18 Uso de memória: 129.02 MB
2025-05-22 03:04:07,116 - P17020 - INFO - Processando URL 19/27: https://acervo.arquivopublico.sc.gov.br/uploads/r/arquivo-publico-do-estado-de-santa-catarina-apesc/8/2/c/82c49ab8a792f60261c81a1be6571330ab2d30115e6b1364bae80c0aee99a38c/d4095641-7d6d-4465-ba62-86b4d74f4c42-17959-DOE_16483_23_08_2000_60F.pdf
2025-05-22 03:04:07,116 - P17020 - INFO - Ignorando URL de arquivo não-HTML: https://acervo.arquivopublico.sc.gov.br/uploads/r/arquivo-publico-do-estado-de-santa-catarina-apesc/8/2/c/82c49ab8a792f60261c81a1be6571330ab2d30115e6b1364bae80c0aee99a38c/d4095641-7d6d-4465-ba62-86b4d74f4c42-17959-DOE_16483_23_08_2000_60F.pdf
2025-05-22 03:04:07,116 - P17020 - INFO - Após processar URL 19 Uso de memória: 129.02 MB
2025-05-22 03:04:07,117 - P17020 - INFO - Processando URL 20/27: https://sistemadje.tjmt.jus.br/publicacoes/9880-2016.pdf
2025-05-22 03:04:07,117 - P17020 - INFO - Ignorando URL de arquivo não-HTML: https://sistemadje.tjmt.jus.br/publicacoes/9880-2016.pdf
2025-05-22 03:04:07,117 - P17020 - INFO - Após processar URL 20 Uso de memória: 129.02 MB
2025-05-22 03:04:07,117 - P17020 - INFO - Processando URL 21/27: https://doutorcrm.com/debora-christina-ribas-davila
2025-05-22 03:04:12,138 - P17020 - INFO - HTML salvo para debug: data\debug_html_v10\bb5c8b315c86af4e49e929cd1775116e.html
2025-05-22 03:04:12,146 - P17020 - INFO - Candidates address: 1 items
2025-05-22 03:04:12,146 - P17020 - INFO - Candidates phone: 0 items
2025-05-22 03:04:12,147 - P17020 - INFO - Candidates email: 0 items
2025-05-22 03:04:12,147 - P17020 - INFO - Candidates complement: 0 items
2025-05-22 03:04:12,147 - P17020 - INFO - Candidates cep: 1 items
2025-05-22 03:04:12,147 - P17020 - INFO - Após processar URL 21 Uso de memória: 129.02 MB
2025-05-22 03:04:12,147 - P17020 - INFO - Processando URL 22/27: https://diariooficial.guarulhos.sp.gov.br/uploads/pdf/1098975976.pdf
2025-05-22 03:04:12,148 - P17020 - INFO - Ignorando URL de arquivo não-HTML: https://diariooficial.guarulhos.sp.gov.br/uploads/pdf/1098975976.pdf
2025-05-22 03:04:12,148 - P17020 - INFO - Após processar URL 22 Uso de memória: 129.02 MB
2025-05-22 03:04:12,148 - P17020 - INFO - Processando URL 23/27: https://www.intermedicos.com.br/psiquiatras-em-campinas/debora-christina-ribas-d-avila
2025-05-22 03:04:15,600 - P17020 - INFO - HTML salvo para debug: data\debug_html_v10\afbffb7137a84232287c5f277e9c14e6.html
2025-05-22 03:04:15,624 - P17020 - INFO - Candidates address: 1 items
2025-05-22 03:04:15,624 - P17020 - INFO - Candidates phone: 1 items
2025-05-22 03:04:15,625 - P17020 - INFO - Candidates email: 0 items
2025-05-22 03:04:15,625 - P17020 - INFO - Candidates complement: 0 items
2025-05-22 03:04:15,625 - P17020 - INFO - Candidates cep: 1 items
2025-05-22 03:04:15,625 - P17020 - INFO - Após processar URL 23 Uso de memória: 123.88 MB
2025-05-22 03:04:15,626 - P17020 - INFO - Processando URL 24/27: https://www.doctoralia.com.br/psiquiatra/campinas/jardim-dom-bosco
2025-05-22 03:04:15,626 - P17020 - INFO - Ignorando URL de arquivo não-HTML: https://www.doctoralia.com.br/psiquiatra/campinas/jardim-dom-bosco
2025-05-22 03:04:15,626 - P17020 - INFO - Após processar URL 24 Uso de memória: 123.88 MB
2025-05-22 03:04:15,626 - P17020 - INFO - Processando URL 25/27: https://www.consultacrm.com.br/index/profissionais/uid-1301de53-f5c5-11ec-9e74-0a4aa568c625/debora_christina_ribas_da_avila
2025-05-22 03:04:21,309 - P17020 - INFO - HTML salvo para debug: data\debug_html_v10\6e0e560204b374f09ea21e8510b99389.html
2025-05-22 03:04:21,319 - P17020 - INFO - Candidates address: 0 items
2025-05-22 03:04:21,320 - P17020 - INFO - Candidates phone: 0 items
2025-05-22 03:04:21,320 - P17020 - INFO - Candidates email: 0 items
2025-05-22 03:04:21,320 - P17020 - INFO - Candidates complement: 0 items
2025-05-22 03:04:21,320 - P17020 - INFO - Candidates cep: 0 items
2025-05-22 03:04:21,321 - P17020 - INFO - Após processar URL 25 Uso de memória: 127.09 MB
2025-05-22 03:04:21,321 - P17020 - INFO - Processando URL 26/27: https://www.minhavida.com.br/especialistas/26893-debora-christina-ribas-d-avila
2025-05-22 03:04:51,328 - P17020 - ERROR - Erro ao baixar HTML de https://www.minhavida.com.br/especialistas/26893-debora-christina-ribas-d-avila: Message: timeout: Timed out receiving message from renderer: 29.714
  (Session info: chrome=136.0.7103.114)
Stacktrace:
	GetHandleVerifier [0x00007FF75763CF45+75717]
	GetHandleVerifier [0x00007FF75763CFA0+75808]
	(No symbol) [0x00007FF757408F9A]
	(No symbol) [0x00007FF7573F64EC]
	(No symbol) [0x00007FF7573F61DA]
	(No symbol) [0x00007FF7573F3E8A]
	(No symbol) [0x00007FF7573F483F]
	(No symbol) [0x00007FF7574033AE]
	(No symbol) [0x00007FF7574197E1]
	(No symbol) [0x00007FF75742091A]
	(No symbol) [0x00007FF7573F4FAD]
	(No symbol) [0x00007FF7574194D0]
	(No symbol) [0x00007FF7574AF732]
	(No symbol) [0x00007FF757487153]
	(No symbol) [0x00007FF757450421]
	(No symbol) [0x00007FF7574511B3]
	GetHandleVerifier [0x00007FF75793D71D+3223453]
	GetHandleVerifier [0x00007FF757937CC2+3200322]
	GetHandleVerifier [0x00007FF757955AF3+3322739]
	GetHandleVerifier [0x00007FF757656A1A+180890]
	GetHandleVerifier [0x00007FF75765E11F+211359]
	GetHandleVerifier [0x00007FF757645294+109332]
	GetHandleVerifier [0x00007FF757645442+109762]
	GetHandleVerifier [0x00007FF75762BA59+4825]
	BaseThreadInitThunk [0x00007FFFFE757344+20]
	RtlUserThreadStart [0x00007FFFFF4026B1+33]

2025-05-22 03:04:51,334 - P17020 - INFO - Após processar URL 26 Uso de memória: 127.10 MB
2025-05-22 03:04:51,335 - P17020 - INFO - Processando URL 27/27: https://www.doctoralia.com.br/debora-christina-ribas-davila/psiquiatra/campinas
2025-05-22 03:04:51,335 - P17020 - INFO - Ignorando URL de arquivo não-HTML: https://www.doctoralia.com.br/debora-christina-ribas-davila/psiquiatra/campinas
2025-05-22 03:04:51,336 - P17020 - INFO - Após processar URL 27 Uso de memória: 127.10 MB
2025-05-22 03:04:51,337 - P17020 - INFO - Iniciando agregação e ranqueamento
2025-05-22 03:04:51,338 - P17020 - INFO - Ranked address: 138 items
2025-05-22 03:04:51,339 - P17020 - INFO - Ranked phone: 2 items
2025-05-22 03:04:51,344 - P17020 - INFO - Ranked email: 1 items
2025-05-22 03:04:51,347 - P17020 - INFO - Ranked complement: 17 items
2025-05-22 03:04:51,358 - P17020 - INFO - Ranked cep: 131 items
2025-05-22 03:04:51,358 - P17020 - INFO - Após agregação Uso de memória: 127.10 MB
2025-05-22 03:04:51,363 - P17020 - INFO - Validando endereço: ['Rua dos Alecrins, 914', 'R.G. Empreendimentos Imobiliarios Ltda, 22', 'R.A.E. Estetica E Beleza Ltda, 22']
2025-05-22 03:04:51,365 - P17020 - INFO - Endereço validado: Rua dos Alecrins, 914
2025-05-22 03:04:51,366 - P17020 - INFO - Limpando texto extenso para campo address: Rua dos Alecrins, 914...
2025-05-22 03:04:51,366 - P17020 - INFO - Texto limpo: Rua dos Alecrins, 914
2025-05-22 03:04:51,367 - P17020 - INFO - Validando telefone: ['(19) 99601-1148', '(19)99601-1148']
2025-05-22 03:04:51,367 - P17020 - INFO - Limpando texto extenso para campo phone: (19) 99601-1148...
2025-05-22 03:04:51,367 - P17020 - INFO - Texto limpo: 19) 99601-1148
2025-05-22 03:04:51,368 - P17020 - INFO - Telefone validado: 19) 99601-1148
2025-05-22 03:04:51,368 - P17020 - INFO - Validando email: ['contato@clinicalibertamente.com.br']
2025-05-22 03:04:51,368 - P17020 - INFO - Limpando texto extenso para campo email: contato@clinicalibertamente.com.br...
2025-05-22 03:04:51,368 - P17020 - INFO - Texto limpo: contato@clinicalibertamente.com.br
2025-05-22 03:04:51,368 - P17020 - INFO - Email validado: contato@clinicalibertamente.com.br
2025-05-22 03:04:51,370 - P17020 - INFO - Validando complemento: ['Sala 408 ', 'Salao De Beleza Cm Concept Ltda', 'Salao De Beleza E Estetica Ltda']
2025-05-22 03:04:51,371 - P17020 - INFO - Limpando texto extenso para campo complement: Sala 408 ...
2025-05-22 03:04:51,372 - P17020 - INFO - Texto limpo: Sala 408
2025-05-22 03:04:51,372 - P17020 - INFO - Complemento validado: Sala 408
2025-05-22 03:04:51,372 - P17020 - INFO - Descobrindo cidade
2025-05-22 03:04:51,373 - P17020 - INFO - Buscando cidade: Rua dos Alecrins cidade SP
2025-05-22 03:04:53,995 - P17020 - WARNING - Cidade não encontrada
2025-05-22 03:04:53,998 - P17020 - INFO - Cidade descoberta: 
2025-05-22 03:04:53,998 - P17020 - INFO - Tempo de execução de processamento completo do médico: 100.68 segundos
2025-05-22 03:04:53,999 - P17020 - INFO - Resultado processado: {'Hash': '752fd238eb468845570cc9ba8d7c5d8324453b93244efea5144e556964831b99', 'CRM': '102050', 'UF': 'SP', 'Firstname': 'DEBORA', 'LastName': "CHRISTINA RIBAS D'AVILA", 'Medical specialty': '', 'Endereco Completo A1': 'Rua dos Alecrins, 914', 'Address A1': 'Rua dos Alecrins', 'Numero A1': '914', 'Complement A1': 'Sala 408', 'Bairro A1': '', 'postal code A1': '', 'City A1': '', 'State A1': '', 'Phone A1': '19) 99601-1148', 'Phone A2': '', 'Cell phone A1': '', 'Cell phone A2': '', 'E-mail A1': 'contato@clinicalibertamente.com.br', 'E-mail A2': '', 'OPT-IN': '', 'STATUS': '', 'LOTE': ''}
2025-05-22 03:04:54,000 - P17020 - INFO - Salvando lote de resultados
2025-05-22 03:04:54,005 - P17020 - INFO - Após salvar resultados Uso de memória: 124.77 MB
2025-05-22 03:04:54,006 - P17020 - INFO - Progresso: 39.9%
2025-05-22 03:04:54,006 - P17020 - INFO - Tempo de execução de processamento do médico 3: 100.69 segundos
2025-05-22 03:04:54,006 - P17020 - INFO - Tempo de execução de processamento do lote completo: 229.39 segundos
