2025-05-22 05:21:28,003 - P15228 - INFO - 
==================================================
Processando médico 1/3
2025-05-22 05:21:28,003 - P15228 - INFO - Nome: VICTOR DIAS MOREIRA
2025-05-22 05:21:28,003 - P15228 - INFO - Reiniciando driver do Chrome
2025-05-22 05:21:29,331 - P15228 - INFO - Após reiniciar driver Uso de memória: 129.15 MB
2025-05-22 05:21:29,332 - P15228 - INFO - Início do processamento Uso de memória: 129.15 MB
2025-05-22 05:21:29,332 - P15228 - INFO - Iniciando busca para: VICTOR DIAS MOREIRA CRM 174268 SP telefone e-mail endereço
2025-05-22 05:21:30,214 - P15228 - INFO - SearX results: 14 URLs
2025-05-22 05:21:30,215 - P15228 - INFO - Após SearX Uso de memória: 129.15 MB
2025-05-22 05:21:32,851 - P15228 - INFO - Google results: 9 URLs
2025-05-22 05:21:32,851 - P15228 - INFO - Após Google Uso de memória: 129.15 MB
2025-05-22 05:21:35,653 - P15228 - INFO - Bing results: 15 URLs
2025-05-22 05:21:35,653 - P15228 - INFO - Após Bing Uso de memória: 131.84 MB
2025-05-22 05:21:35,653 - P15228 - INFO - Total de URLs únicas: 23
2025-05-22 05:21:35,653 - P15228 - INFO - Processando URL 1/23: https://institutobonvivere.com.br/programa-versatil-e-atual-dr-victor-dias/
2025-05-22 05:21:39,986 - P15228 - INFO - HTML salvo para debug: data\debug_html_v10\ffedcf722faa96889566eb12fa4afed1.html
2025-05-22 05:21:40,018 - P15228 - INFO - Candidates address: 2 items
2025-05-22 05:21:40,018 - P15228 - INFO - Candidates phone: 2 items
2025-05-22 05:21:40,019 - P15228 - INFO - Candidates email: 1 items
2025-05-22 05:21:40,019 - P15228 - INFO - Candidates complement: 0 items
2025-05-22 05:21:40,019 - P15228 - INFO - Candidates cep: 2 items
2025-05-22 05:21:40,019 - P15228 - INFO - Após processar URL 1 Uso de memória: 131.86 MB
2025-05-22 05:21:40,019 - P15228 - INFO - Processando URL 2/23: https://drvictordias.com.br/sobre/
2025-05-22 05:21:46,728 - P15228 - INFO - HTML salvo para debug: data\debug_html_v10\8353124c0cba9c4ed43dc0c28c552745.html
2025-05-22 05:21:46,738 - P15228 - INFO - Candidates address: 0 items
2025-05-22 05:21:46,739 - P15228 - INFO - Candidates phone: 0 items
2025-05-22 05:21:46,739 - P15228 - INFO - Candidates email: 0 items
2025-05-22 05:21:46,739 - P15228 - INFO - Candidates complement: 0 items
2025-05-22 05:21:46,739 - P15228 - INFO - Candidates cep: 0 items
2025-05-22 05:21:46,739 - P15228 - INFO - Após processar URL 2 Uso de memória: 131.86 MB
2025-05-22 05:21:46,739 - P15228 - INFO - Processando URL 3/23: https://diariooficial.guarulhos.sp.gov.br/uploads/pdf/1400980845.pdf
2025-05-22 05:21:46,740 - P15228 - INFO - Ignorando URL de arquivo não-HTML: https://diariooficial.guarulhos.sp.gov.br/uploads/pdf/1400980845.pdf
2025-05-22 05:21:46,740 - P15228 - INFO - Após processar URL 3 Uso de memória: 131.86 MB
2025-05-22 05:21:46,740 - P15228 - INFO - Processando URL 4/23: https://www.intermedicos.com.br/nutrologos-em-campinas/victor-dias-moreira
2025-05-22 05:21:50,669 - P15228 - INFO - HTML salvo para debug: data\debug_html_v10\e155aa94d864a19870a1d437e8683d71.html
2025-05-22 05:21:50,684 - P15228 - INFO - Candidates address: 1 items
2025-05-22 05:21:50,684 - P15228 - INFO - Candidates phone: 1 items
2025-05-22 05:21:50,684 - P15228 - INFO - Candidates email: 0 items
2025-05-22 05:21:50,684 - P15228 - INFO - Candidates complement: 0 items
2025-05-22 05:21:50,684 - P15228 - INFO - Candidates cep: 0 items
2025-05-22 05:21:50,685 - P15228 - INFO - Após processar URL 4 Uso de memória: 131.87 MB
2025-05-22 05:21:50,685 - P15228 - INFO - Processando URL 5/23: https://www.boaconsulta.com/especialista/victor-dias-moreira-6106cb45a2e00a611e0029ac
2025-05-22 05:21:53,928 - P15228 - INFO - HTML salvo para debug: data\debug_html_v10\53d57a9f2695388d363b97b940e861b6.html
2025-05-22 05:21:53,971 - P15228 - INFO - Candidates address: 4 items
2025-05-22 05:21:53,971 - P15228 - INFO - Candidates phone: 0 items
2025-05-22 05:21:53,971 - P15228 - INFO - Candidates email: 0 items
2025-05-22 05:21:53,971 - P15228 - INFO - Candidates complement: 1 items
2025-05-22 05:21:53,971 - P15228 - INFO - Candidates cep: 0 items
2025-05-22 05:21:53,972 - P15228 - INFO - Após processar URL 5 Uso de memória: 131.87 MB
2025-05-22 05:21:53,972 - P15228 - INFO - Processando URL 6/23: http://www.itatiba.sp.gov.br/templates/midia/Imprensa_Oficial/2022/10/08.10.2022.1645.pdf
2025-05-22 05:21:53,972 - P15228 - INFO - Ignorando URL de arquivo não-HTML: http://www.itatiba.sp.gov.br/templates/midia/Imprensa_Oficial/2022/10/08.10.2022.1645.pdf
2025-05-22 05:21:53,972 - P15228 - INFO - Após processar URL 6 Uso de memória: 131.87 MB
2025-05-22 05:21:53,972 - P15228 - INFO - Processando URL 7/23: https://portal-api.campinas.sp.gov.br/sites/default/files/publicacoes-dom/dom/358143466906346693581414.pdf
2025-05-22 05:21:53,972 - P15228 - INFO - Ignorando URL de arquivo não-HTML: https://portal-api.campinas.sp.gov.br/sites/default/files/publicacoes-dom/dom/358143466906346693581414.pdf
2025-05-22 05:21:53,973 - P15228 - INFO - Após processar URL 7 Uso de memória: 131.87 MB
2025-05-22 05:21:53,973 - P15228 - INFO - Processando URL 8/23: https://www.doctoralia.com.br/victor-dias-moreira/nutricionista/campinas
2025-05-22 05:21:53,973 - P15228 - INFO - Ignorando URL de arquivo não-HTML: https://www.doctoralia.com.br/victor-dias-moreira/nutricionista/campinas
2025-05-22 05:21:53,973 - P15228 - INFO - Após processar URL 8 Uso de memória: 131.87 MB
2025-05-22 05:21:53,973 - P15228 - INFO - Processando URL 9/23: https://drvictordias.com.br/health-club/
2025-05-22 05:21:57,987 - P15228 - INFO - HTML salvo para debug: data\debug_html_v10\30747769864bc53262dddf0a09c08527.html
2025-05-22 05:21:58,001 - P15228 - INFO - Candidates address: 0 items
2025-05-22 05:21:58,001 - P15228 - INFO - Candidates phone: 0 items
2025-05-22 05:21:58,002 - P15228 - INFO - Candidates email: 0 items
2025-05-22 05:21:58,003 - P15228 - INFO - Candidates complement: 0 items
2025-05-22 05:21:58,003 - P15228 - INFO - Candidates cep: 0 items
2025-05-22 05:21:58,005 - P15228 - INFO - Após processar URL 9 Uso de memória: 131.88 MB
2025-05-22 05:21:58,011 - P15228 - INFO - Processando URL 10/23: https://institutobonvivere.com.br/contato/
2025-05-22 05:22:01,082 - P15228 - INFO - HTML salvo para debug: data\debug_html_v10\7d76cc11e5e2b2ff41f37bdd6e576cf1.html
2025-05-22 05:22:01,110 - P15228 - INFO - Candidates address: 2 items
2025-05-22 05:22:01,110 - P15228 - INFO - Candidates phone: 2 items
2025-05-22 05:22:01,111 - P15228 - INFO - Candidates email: 1 items
2025-05-22 05:22:01,111 - P15228 - INFO - Candidates complement: 0 items
2025-05-22 05:22:01,111 - P15228 - INFO - Candidates cep: 2 items
2025-05-22 05:22:01,111 - P15228 - INFO - Após processar URL 10 Uso de memória: 131.93 MB
2025-05-22 05:22:01,111 - P15228 - INFO - Processando URL 11/23: https://drvictordias.com.br/areas-de-atuacao/nutrologia/
2025-05-22 05:22:04,972 - P15228 - INFO - HTML salvo para debug: data\debug_html_v10\aa044af30d8715f8b1e579c3f88be206.html
2025-05-22 05:22:04,984 - P15228 - INFO - Candidates address: 0 items
2025-05-22 05:22:04,984 - P15228 - INFO - Candidates phone: 0 items
2025-05-22 05:22:04,984 - P15228 - INFO - Candidates email: 0 items
2025-05-22 05:22:04,985 - P15228 - INFO - Candidates complement: 0 items
2025-05-22 05:22:04,985 - P15228 - INFO - Candidates cep: 0 items
2025-05-22 05:22:04,985 - P15228 - INFO - Após processar URL 11 Uso de memória: 131.93 MB
2025-05-22 05:22:04,985 - P15228 - INFO - Processando URL 12/23: https://institutobonvivere.com.br/profissional/
2025-05-22 05:22:07,352 - P15228 - INFO - HTML salvo para debug: data\debug_html_v10\bc131de2c0e292e564cd12aae93de071.html
2025-05-22 05:22:07,381 - P15228 - INFO - Candidates address: 2 items
2025-05-22 05:22:07,381 - P15228 - INFO - Candidates phone: 2 items
2025-05-22 05:22:07,381 - P15228 - INFO - Candidates email: 1 items
2025-05-22 05:22:07,381 - P15228 - INFO - Candidates complement: 0 items
2025-05-22 05:22:07,382 - P15228 - INFO - Candidates cep: 2 items
2025-05-22 05:22:07,382 - P15228 - INFO - Após processar URL 12 Uso de memória: 131.93 MB
2025-05-22 05:22:07,382 - P15228 - INFO - Processando URL 13/23: https://drvictordias.com.br/areas-de-atuacao/
2025-05-22 05:22:11,156 - P15228 - INFO - HTML salvo para debug: data\debug_html_v10\7c735e817a8f583f7ad5376306ab0129.html
2025-05-22 05:22:11,170 - P15228 - INFO - Candidates address: 0 items
2025-05-22 05:22:11,170 - P15228 - INFO - Candidates phone: 0 items
2025-05-22 05:22:11,170 - P15228 - INFO - Candidates email: 0 items
2025-05-22 05:22:11,170 - P15228 - INFO - Candidates complement: 0 items
2025-05-22 05:22:11,171 - P15228 - INFO - Candidates cep: 0 items
2025-05-22 05:22:11,171 - P15228 - INFO - Após processar URL 13 Uso de memória: 131.93 MB
2025-05-22 05:22:11,172 - P15228 - INFO - Processando URL 14/23: https://drvictordias.com.br/depoimentos/
2025-05-22 05:22:14,618 - P15228 - INFO - HTML salvo para debug: data\debug_html_v10\551500b6ac3295f8893aec874d0565b5.html
2025-05-22 05:22:14,629 - P15228 - INFO - Candidates address: 0 items
2025-05-22 05:22:14,630 - P15228 - INFO - Candidates phone: 0 items
2025-05-22 05:22:14,630 - P15228 - INFO - Candidates email: 0 items
2025-05-22 05:22:14,630 - P15228 - INFO - Candidates complement: 0 items
2025-05-22 05:22:14,630 - P15228 - INFO - Candidates cep: 0 items
2025-05-22 05:22:14,630 - P15228 - INFO - Após processar URL 14 Uso de memória: 131.92 MB
2025-05-22 05:22:14,631 - P15228 - INFO - Processando URL 15/23: https://consultacrm.com.br/
2025-05-22 05:22:18,803 - P15228 - INFO - HTML salvo para debug: data\debug_html_v10\65cadeb91ac3713432c21b535990f440.html
2025-05-22 05:22:18,814 - P15228 - INFO - Candidates address: 0 items
2025-05-22 05:22:18,815 - P15228 - INFO - Candidates phone: 0 items
2025-05-22 05:22:18,815 - P15228 - INFO - Candidates email: 0 items
2025-05-22 05:22:18,815 - P15228 - INFO - Candidates complement: 0 items
2025-05-22 05:22:18,815 - P15228 - INFO - Candidates cep: 0 items
2025-05-22 05:22:18,815 - P15228 - INFO - Após processar URL 15 Uso de memória: 131.91 MB
2025-05-22 05:22:18,815 - P15228 - INFO - Processando URL 16/23: https://drvictordias.com.br/contato/
2025-05-22 05:22:22,904 - P15228 - INFO - HTML salvo para debug: data\debug_html_v10\0322171c77f3c59bf6a4d5e75c72105d.html
2025-05-22 05:22:22,932 - P15228 - INFO - Candidates address: 2 items
2025-05-22 05:22:22,932 - P15228 - INFO - Candidates phone: 3 items
2025-05-22 05:22:22,933 - P15228 - INFO - Candidates email: 3 items
2025-05-22 05:22:22,956 - P15228 - INFO - Candidates complement: 0 items
2025-05-22 05:22:22,957 - P15228 - INFO - Candidates cep: 3 items
2025-05-22 05:22:22,960 - P15228 - INFO - Após processar URL 16 Uso de memória: 131.91 MB
2025-05-22 05:22:22,960 - P15228 - INFO - Processando URL 17/23: https://diariooficial.guarulhos.sp.gov.br/uploads/pdf/1040269359.pdf
2025-05-22 05:22:22,961 - P15228 - INFO - Ignorando URL de arquivo não-HTML: https://diariooficial.guarulhos.sp.gov.br/uploads/pdf/1040269359.pdf
2025-05-22 05:22:22,977 - P15228 - INFO - Após processar URL 17 Uso de memória: 131.91 MB
2025-05-22 05:22:22,990 - P15228 - INFO - Processando URL 18/23: https://www.escavador.com/sobre/3299635/victor-dias-moreira
2025-05-22 05:22:26,930 - P15228 - INFO - HTML salvo para debug: data\debug_html_v10\58cf24b2ec0dd1544f28fde45d1c0bbf.html
2025-05-22 05:22:26,945 - P15228 - INFO - Candidates address: 0 items
2025-05-22 05:22:26,945 - P15228 - INFO - Candidates phone: 0 items
2025-05-22 05:22:26,945 - P15228 - INFO - Candidates email: 0 items
2025-05-22 05:22:26,946 - P15228 - INFO - Candidates complement: 0 items
2025-05-22 05:22:26,946 - P15228 - INFO - Candidates cep: 0 items
2025-05-22 05:22:26,946 - P15228 - INFO - Após processar URL 18 Uso de memória: 131.92 MB
2025-05-22 05:22:26,946 - P15228 - INFO - Processando URL 19/23: https://www3.tjma.jus.br/diario/diarios/2020/diario_17112020_112319_209.pdf
2025-05-22 05:22:26,946 - P15228 - INFO - Ignorando URL de arquivo não-HTML: https://www3.tjma.jus.br/diario/diarios/2020/diario_17112020_112319_209.pdf
2025-05-22 05:22:26,946 - P15228 - INFO - Após processar URL 19 Uso de memória: 131.92 MB
2025-05-22 05:22:26,947 - P15228 - INFO - Processando URL 20/23: https://drvictordias.com.br/areas-de-atuacao/medicina-integrativa/
2025-05-22 05:22:30,864 - P15228 - INFO - HTML salvo para debug: data\debug_html_v10\1e141c122273f7c2f18251b347735d85.html
2025-05-22 05:22:30,880 - P15228 - INFO - Candidates address: 0 items
2025-05-22 05:22:30,880 - P15228 - INFO - Candidates phone: 0 items
2025-05-22 05:22:30,881 - P15228 - INFO - Candidates email: 0 items
2025-05-22 05:22:30,881 - P15228 - INFO - Candidates complement: 0 items
2025-05-22 05:22:30,881 - P15228 - INFO - Candidates cep: 0 items
2025-05-22 05:22:30,881 - P15228 - INFO - Após processar URL 20 Uso de memória: 131.92 MB
2025-05-22 05:22:30,881 - P15228 - INFO - Processando URL 21/23: https://drvictordias.com.br/blog/
2025-05-22 05:22:33,933 - P15228 - INFO - HTML salvo para debug: data\debug_html_v10\3e5b3d18225a14f9c1543981b478608a.html
2025-05-22 05:22:33,947 - P15228 - INFO - Candidates address: 0 items
2025-05-22 05:22:33,948 - P15228 - INFO - Candidates phone: 0 items
2025-05-22 05:22:33,948 - P15228 - INFO - Candidates email: 0 items
2025-05-22 05:22:33,948 - P15228 - INFO - Candidates complement: 0 items
2025-05-22 05:22:33,948 - P15228 - INFO - Candidates cep: 0 items
2025-05-22 05:22:33,949 - P15228 - INFO - Após processar URL 21 Uso de memória: 131.92 MB
2025-05-22 05:22:33,949 - P15228 - INFO - Processando URL 22/23: https://www.doctoralia.com.br/victor-dias-2/nutrologo/campinas
2025-05-22 05:22:33,949 - P15228 - INFO - Ignorando URL de arquivo não-HTML: https://www.doctoralia.com.br/victor-dias-2/nutrologo/campinas
2025-05-22 05:22:33,949 - P15228 - INFO - Após processar URL 22 Uso de memória: 131.92 MB
2025-05-22 05:22:33,949 - P15228 - INFO - Processando URL 23/23: https://drvictordias.com.br/
2025-05-22 05:22:39,315 - P15228 - INFO - HTML salvo para debug: data\debug_html_v10\22038f49439b2d0b3507177d90bc997a.html
2025-05-22 05:22:39,335 - P15228 - INFO - Candidates address: 2 items
2025-05-22 05:22:39,335 - P15228 - INFO - Candidates phone: 2 items
2025-05-22 05:22:39,335 - P15228 - INFO - Candidates email: 1 items
2025-05-22 05:22:39,335 - P15228 - INFO - Candidates complement: 0 items
2025-05-22 05:22:39,336 - P15228 - INFO - Candidates cep: 3 items
2025-05-22 05:22:39,336 - P15228 - INFO - Após processar URL 23 Uso de memória: 131.92 MB
2025-05-22 05:22:39,336 - P15228 - INFO - Iniciando agregação e ranqueamento
2025-05-22 05:22:39,336 - P15228 - INFO - Ranked address: 9 items
2025-05-22 05:22:39,337 - P15228 - INFO - Ranked phone: 4 items
2025-05-22 05:22:39,337 - P15228 - INFO - Ranked email: 4 items
2025-05-22 05:22:39,337 - P15228 - INFO - Ranked complement: 1 items
2025-05-22 05:22:39,337 - P15228 - INFO - Ranked cep: 3 items
2025-05-22 05:22:39,337 - P15228 - INFO - Após agregação Uso de memória: 131.92 MB
2025-05-22 05:22:39,337 - P15228 - INFO - Validando endereço: ['Av. Pres. Juscelino Kubitschek, 1545', 'Rua Antônio Lapa - 1180', 'Av. Dr. Jesuíno Marcondes Machado, 1050']
2025-05-22 05:22:39,338 - P15228 - INFO - Endereço validado: Av. Pres. Juscelino Kubitschek, 1545
2025-05-22 05:22:39,338 - P15228 - INFO - Limpando texto extenso para campo address: Av. Pres. Juscelino Kubitschek, 1545...
2025-05-22 05:22:39,338 - P15228 - INFO - Texto limpo: Av. Pres. Juscelino Kubitschek, 1545
2025-05-22 05:22:39,338 - P15228 - INFO - Validando telefone: ['(11) 97846-5295', '(19) 98100-8737', '(19) 3254-4465']
2025-05-22 05:22:39,338 - P15228 - INFO - Limpando texto extenso para campo phone: (11) 97846-5295...
2025-05-22 05:22:39,338 - P15228 - INFO - Texto limpo: 11) 97846-5295
2025-05-22 05:22:39,338 - P15228 - INFO - Telefone validado: 11) 97846-5295
2025-05-22 05:22:39,338 - P15228 - INFO - Validando email: ['consultas@institutobonvivere.com.br', 'contato@drvictordias.com.br', 'representante@institutobonvivere.com.br']
2025-05-22 05:22:39,339 - P15228 - INFO - Limpando texto extenso para campo email: consultas@institutobonvivere.com.br...
2025-05-22 05:22:39,339 - P15228 - INFO - Texto limpo: consultas@institutobonvivere.com.br
2025-05-22 05:22:39,340 - P15228 - INFO - Email validado: consultas@institutobonvivere.com.br
2025-05-22 05:22:39,340 - P15228 - INFO - Validando complemento: ['Sala 51 - 5º Andar Botafogo']
2025-05-22 05:22:39,340 - P15228 - INFO - Limpando texto extenso para campo complement: Sala 51 - 5º Andar Botafogo...
2025-05-22 05:22:39,340 - P15228 - INFO - Texto limpo: Sala 51 - 5º Andar Botafogo
2025-05-22 05:22:39,340 - P15228 - INFO - Complemento validado: Sala 51 - 5º Andar Botafogo
2025-05-22 05:22:39,341 - P15228 - INFO - Descobrindo cidade
2025-05-22 05:22:39,342 - P15228 - INFO - Buscando cidade: Av. Pres. Juscelino Kubitschek cidade SP
2025-05-22 05:22:42,065 - P15228 - WARNING - Cidade não encontrada
2025-05-22 05:22:42,065 - P15228 - INFO - Cidade descoberta: 
2025-05-22 05:22:42,066 - P15228 - INFO - Tempo de execução de processamento completo do médico: 72.73 segundos
2025-05-22 05:22:42,067 - P15228 - INFO - Resultado processado: {'Hash': 'c9fc73e2720c869b65dea42ca300f113438ed7225a5eb91051cc0f6da3f0a1bd', 'CRM': '174268', 'UF': 'SP', 'Firstname': 'VICTOR', 'LastName': 'DIAS MOREIRA', 'Medical specialty': '', 'Endereco Completo A1': 'Av. Pres. Juscelino Kubitschek, 1545', 'Address A1': 'Av. Pres. Juscelino Kubitschek', 'Numero A1': '1545', 'Complement A1': 'Sala 51 - 5º Andar Botafogo', 'Bairro A1': '', 'postal code A1': '', 'City A1': '', 'State A1': '', 'Phone A1': '11) 97846-5295', 'Phone A2': '', 'Cell phone A1': '', 'Cell phone A2': '', 'E-mail A1': 'consultas@institutobonvivere.com.br', 'E-mail A2': '', 'OPT-IN': '', 'STATUS': '', 'LOTE': ''}
2025-05-22 05:22:42,069 - P15228 - INFO - Progresso: 88.1%
2025-05-22 05:22:42,069 - P15228 - INFO - Executando coleta de lixo
2025-05-22 05:22:42,120 - P15228 - INFO - Após coleta de lixo Uso de memória: 119.49 MB
2025-05-22 05:22:42,120 - P15228 - INFO - Tempo de execução de processamento do médico 1: 74.12 segundos
2025-05-22 05:22:42,120 - P15228 - INFO - 
==================================================
Processando médico 2/3
2025-05-22 05:22:42,120 - P15228 - INFO - Nome: MELINA MARIA DA SILVA SILVERIO AMORIM
2025-05-22 05:22:42,121 - P15228 - INFO - Início do processamento Uso de memória: 119.49 MB
2025-05-22 05:22:42,121 - P15228 - INFO - Iniciando busca para: MELINA MARIA DA SILVA SILVERIO AMORIM CRM 174293 SP telefone e-mail endereço
2025-05-22 05:22:42,941 - P15228 - INFO - SearX results: 9 URLs
2025-05-22 05:22:42,941 - P15228 - INFO - Após SearX Uso de memória: 119.49 MB
2025-05-22 05:22:45,882 - P15228 - INFO - Google results: 1 URLs
2025-05-22 05:22:45,882 - P15228 - INFO - Após Google Uso de memória: 122.52 MB
2025-05-22 05:22:48,549 - P15228 - INFO - Bing results: 15 URLs
2025-05-22 05:22:48,550 - P15228 - INFO - Após Bing Uso de memória: 124.15 MB
2025-05-22 05:22:48,550 - P15228 - INFO - Total de URLs únicas: 18
2025-05-22 05:22:48,550 - P15228 - INFO - Processando URL 1/18: https://guiadocnpj.com.br/sp/socorro/melina-silverio-da-silva-servicos-medicos-eireli/32695621000123
2025-05-22 05:22:55,319 - P15228 - INFO - HTML salvo para debug: data\debug_html_v10\d9e5157fda9325fd881a8f81b5a90025.html
2025-05-22 05:22:55,340 - P15228 - INFO - Candidates address: 0 items
2025-05-22 05:22:55,341 - P15228 - INFO - Candidates phone: 2 items
2025-05-22 05:22:55,341 - P15228 - INFO - Candidates email: 1 items
2025-05-22 05:22:55,341 - P15228 - INFO - Candidates complement: 0 items
2025-05-22 05:22:55,342 - P15228 - INFO - Candidates cep: 1 items
2025-05-22 05:22:55,342 - P15228 - INFO - Após processar URL 1 Uso de memória: 124.78 MB
2025-05-22 05:22:55,342 - P15228 - INFO - Processando URL 2/18: https://www.sociocnpj.com/documentacao/socio/10725112000163/melina-maria-da-silva-silverio
2025-05-22 05:23:01,802 - P15228 - INFO - HTML salvo para debug: data\debug_html_v10\f48345ae71efdeee4ac62fe0d434ffd0.html
2025-05-22 05:23:01,816 - P15228 - INFO - Candidates address: 0 items
2025-05-22 05:23:01,816 - P15228 - INFO - Candidates phone: 0 items
2025-05-22 05:23:01,816 - P15228 - INFO - Candidates email: 0 items
2025-05-22 05:23:01,817 - P15228 - INFO - Candidates complement: 0 items
2025-05-22 05:23:01,817 - P15228 - INFO - Candidates cep: 3 items
2025-05-22 05:23:01,817 - P15228 - INFO - Após processar URL 2 Uso de memória: 125.13 MB
2025-05-22 05:23:01,817 - P15228 - INFO - Processando URL 3/18: https://cnpj.biz/32695621000123
2025-05-22 05:23:06,331 - P15228 - INFO - HTML salvo para debug: data\debug_html_v10\00270907d9dd4d7427b95f66db00280c.html
2025-05-22 05:23:06,350 - P15228 - INFO - Candidates address: 2 items
2025-05-22 05:23:06,351 - P15228 - INFO - Candidates phone: 2 items
2025-05-22 05:23:06,351 - P15228 - INFO - Candidates email: 1 items
2025-05-22 05:23:06,351 - P15228 - INFO - Candidates complement: 0 items
2025-05-22 05:23:06,352 - P15228 - INFO - Candidates cep: 3 items
2025-05-22 05:23:06,352 - P15228 - INFO - Após processar URL 3 Uso de memória: 125.42 MB
2025-05-22 05:23:06,352 - P15228 - INFO - Processando URL 4/18: https://guiamedico.cremesp.org.br/
2025-05-22 05:23:09,507 - P15228 - INFO - HTML salvo para debug: data\debug_html_v10\7c54969580769b63edd9abaa952e1fa2.html
2025-05-22 05:23:09,512 - P15228 - INFO - Candidates address: 1 items
2025-05-22 05:23:09,513 - P15228 - INFO - Candidates phone: 1 items
2025-05-22 05:23:09,513 - P15228 - INFO - Candidates email: 0 items
2025-05-22 05:23:09,513 - P15228 - INFO - Candidates complement: 0 items
2025-05-22 05:23:09,513 - P15228 - INFO - Candidates cep: 1 items
2025-05-22 05:23:09,513 - P15228 - INFO - Após processar URL 4 Uso de memória: 125.61 MB
2025-05-22 05:23:09,513 - P15228 - INFO - Processando URL 5/18: https://www.portaltransparencia.gov.br/pessoa-fisica/busca/lista
2025-05-22 05:23:13,027 - P15228 - INFO - HTML salvo para debug: data\debug_html_v10\e200cdf64b71d4c9248718dd155b3edb.html
2025-05-22 05:23:13,077 - P15228 - INFO - Candidates address: 0 items
2025-05-22 05:23:13,080 - P15228 - INFO - Candidates phone: 0 items
2025-05-22 05:23:13,080 - P15228 - INFO - Candidates email: 0 items
2025-05-22 05:23:13,081 - P15228 - INFO - Candidates complement: 0 items
2025-05-22 05:23:13,081 - P15228 - INFO - Candidates cep: 0 items
2025-05-22 05:23:13,081 - P15228 - INFO - Após processar URL 5 Uso de memória: 126.10 MB
2025-05-22 05:23:13,082 - P15228 - INFO - Processando URL 6/18: https://consultacrm.com.br/
2025-05-22 05:23:16,936 - P15228 - INFO - HTML salvo para debug: data\debug_html_v10\65cadeb91ac3713432c21b535990f440.html
2025-05-22 05:23:16,948 - P15228 - INFO - Candidates address: 0 items
2025-05-22 05:23:16,948 - P15228 - INFO - Candidates phone: 0 items
2025-05-22 05:23:16,948 - P15228 - INFO - Candidates email: 0 items
2025-05-22 05:23:16,949 - P15228 - INFO - Candidates complement: 0 items
2025-05-22 05:23:16,949 - P15228 - INFO - Candidates cep: 0 items
2025-05-22 05:23:16,951 - P15228 - INFO - Após processar URL 6 Uso de memória: 126.95 MB
2025-05-22 05:23:16,952 - P15228 - INFO - Processando URL 7/18: https://aboutcompany.info/country/brazil/officer/784508/melina-maria-da-silva-silverio/
2025-05-22 05:23:21,027 - P15228 - INFO - HTML salvo para debug: data\debug_html_v10\8809a57d1f6bc9bd45d9fe743866c3f2.html
2025-05-22 05:23:21,167 - P15228 - INFO - Candidates address: 0 items
2025-05-22 05:23:21,167 - P15228 - INFO - Candidates phone: 0 items
2025-05-22 05:23:21,167 - P15228 - INFO - Candidates email: 0 items
2025-05-22 05:23:21,168 - P15228 - INFO - Candidates complement: 0 items
2025-05-22 05:23:21,168 - P15228 - INFO - Candidates cep: 0 items
2025-05-22 05:23:21,168 - P15228 - INFO - Após processar URL 7 Uso de memória: 128.20 MB
2025-05-22 05:23:21,168 - P15228 - INFO - Processando URL 8/18: https://www.situacaocadastral.info/cnpj/melina-silverio-da-silva-servicos-medicos-ltda-32695621000123
2025-05-22 05:23:26,730 - P15228 - INFO - HTML salvo para debug: data\debug_html_v10\9b10f316e07373522d63647655b2d86f.html
2025-05-22 05:23:26,755 - P15228 - INFO - Candidates address: 1 items
2025-05-22 05:23:26,756 - P15228 - INFO - Candidates phone: 3 items
2025-05-22 05:23:26,756 - P15228 - INFO - Candidates email: 1 items
2025-05-22 05:23:26,756 - P15228 - INFO - Candidates complement: 0 items
2025-05-22 05:23:26,756 - P15228 - INFO - Candidates cep: 3 items
2025-05-22 05:23:26,757 - P15228 - INFO - Após processar URL 8 Uso de memória: 128.20 MB
2025-05-22 05:23:26,757 - P15228 - INFO - Processando URL 9/18: https://www.consultasocio.com/q/sa/melina-maria-da-silva-silverio
2025-05-22 05:23:32,211 - P15228 - INFO - HTML salvo para debug: data\debug_html_v10\935cd6bc19f29b0ccaa68c436657e282.html
2025-05-22 05:23:32,222 - P15228 - INFO - Candidates address: 2 items
2025-05-22 05:23:32,222 - P15228 - INFO - Candidates phone: 0 items
2025-05-22 05:23:32,222 - P15228 - INFO - Candidates email: 4 items
2025-05-22 05:23:32,222 - P15228 - INFO - Candidates complement: 1 items
2025-05-22 05:23:32,222 - P15228 - INFO - Candidates cep: 12 items
2025-05-22 05:23:32,223 - P15228 - INFO - Após processar URL 9 Uso de memória: 128.27 MB
2025-05-22 05:23:32,223 - P15228 - INFO - Processando URL 10/18: https://www.consultacrm.com.br/?uf=SP
2025-05-22 05:23:35,905 - P15228 - INFO - HTML salvo para debug: data\debug_html_v10\60d20285cf74ceed0f862951f9b2b598.html
2025-05-22 05:23:35,915 - P15228 - INFO - Candidates address: 0 items
2025-05-22 05:23:35,917 - P15228 - INFO - Candidates phone: 0 items
2025-05-22 05:23:35,917 - P15228 - INFO - Candidates email: 0 items
2025-05-22 05:23:35,918 - P15228 - INFO - Candidates complement: 0 items
2025-05-22 05:23:35,918 - P15228 - INFO - Candidates cep: 0 items
2025-05-22 05:23:35,918 - P15228 - INFO - Após processar URL 10 Uso de memória: 128.66 MB
2025-05-22 05:23:35,918 - P15228 - INFO - Processando URL 11/18: https://www.consultacrm.com.br/index/maisvistos
2025-05-22 05:23:40,830 - P15228 - INFO - HTML salvo para debug: data\debug_html_v10\9a17d88beef1266c6e4649221409a571.html
2025-05-22 05:23:40,839 - P15228 - INFO - Candidates address: 0 items
2025-05-22 05:23:40,839 - P15228 - INFO - Candidates phone: 0 items
2025-05-22 05:23:40,839 - P15228 - INFO - Candidates email: 0 items
2025-05-22 05:23:40,840 - P15228 - INFO - Candidates complement: 0 items
2025-05-22 05:23:40,840 - P15228 - INFO - Candidates cep: 0 items
2025-05-22 05:23:40,840 - P15228 - INFO - Após processar URL 11 Uso de memória: 128.67 MB
2025-05-22 05:23:40,840 - P15228 - INFO - Processando URL 12/18: https://www.sociosbrasil.com/nome/melina-maria-da-silva-silverio
2025-05-22 05:23:45,767 - P15228 - INFO - HTML salvo para debug: data\debug_html_v10\f88eb984fba05ee4fc22be9288655bd5.html
2025-05-22 05:23:45,777 - P15228 - INFO - Candidates address: 1 items
2025-05-22 05:23:45,778 - P15228 - INFO - Candidates phone: 0 items
2025-05-22 05:23:45,778 - P15228 - INFO - Candidates email: 3 items
2025-05-22 05:23:45,778 - P15228 - INFO - Candidates complement: 1 items
2025-05-22 05:23:45,778 - P15228 - INFO - Candidates cep: 8 items
2025-05-22 05:23:45,778 - P15228 - INFO - Após processar URL 12 Uso de memória: 128.70 MB
2025-05-22 05:23:45,779 - P15228 - INFO - Processando URL 13/18: https://www.consultacrm.com.br/index/sis_login
2025-05-22 05:23:49,743 - P15228 - INFO - HTML salvo para debug: data\debug_html_v10\e56926aa25e0582d5c5b8aa167ed4b53.html
2025-05-22 05:23:49,753 - P15228 - INFO - Candidates address: 0 items
2025-05-22 05:23:49,753 - P15228 - INFO - Candidates phone: 0 items
2025-05-22 05:23:49,753 - P15228 - INFO - Candidates email: 0 items
2025-05-22 05:23:49,754 - P15228 - INFO - Candidates complement: 0 items
2025-05-22 05:23:49,754 - P15228 - INFO - Candidates cep: 0 items
2025-05-22 05:23:49,754 - P15228 - INFO - Após processar URL 13 Uso de memória: 128.74 MB
2025-05-22 05:23:49,754 - P15228 - INFO - Processando URL 14/18: https://www.consultacrm.com.br/index/api
2025-05-22 05:23:52,930 - P15228 - INFO - HTML salvo para debug: data\debug_html_v10\a1f22ffdf7e0eb1c02e28e1e38d3db87.html
2025-05-22 05:23:52,941 - P15228 - INFO - Candidates address: 0 items
2025-05-22 05:23:52,941 - P15228 - INFO - Candidates phone: 0 items
2025-05-22 05:23:52,942 - P15228 - INFO - Candidates email: 0 items
2025-05-22 05:23:52,942 - P15228 - INFO - Candidates complement: 0 items
2025-05-22 05:23:52,942 - P15228 - INFO - Candidates cep: 0 items
2025-05-22 05:23:52,942 - P15228 - INFO - Após processar URL 14 Uso de memória: 128.77 MB
2025-05-22 05:23:52,942 - P15228 - INFO - Processando URL 15/18: https://www.vriconsulting.com.br/empresa.php?cnpj=32695621000123
2025-05-22 05:23:57,151 - P15228 - INFO - HTML salvo para debug: data\debug_html_v10\2b8457de015f01d6aefde291fca34384.html
2025-05-22 05:23:57,212 - P15228 - INFO - Candidates address: 1 items
2025-05-22 05:23:57,213 - P15228 - INFO - Candidates phone: 0 items
2025-05-22 05:23:57,213 - P15228 - INFO - Candidates email: 3 items
2025-05-22 05:23:57,213 - P15228 - INFO - Candidates complement: 1 items
2025-05-22 05:23:57,213 - P15228 - INFO - Candidates cep: 1 items
2025-05-22 05:23:57,213 - P15228 - INFO - Após processar URL 15 Uso de memória: 128.77 MB
2025-05-22 05:23:57,213 - P15228 - INFO - Processando URL 16/18: https://www.consultacrm.com.br/index/contato
2025-05-22 05:24:00,432 - P15228 - INFO - HTML salvo para debug: data\debug_html_v10\770622092e11df0ef8d0ed5d383f74a3.html
2025-05-22 05:24:00,452 - P15228 - INFO - Candidates address: 0 items
2025-05-22 05:24:00,452 - P15228 - INFO - Candidates phone: 0 items
2025-05-22 05:24:00,453 - P15228 - INFO - Candidates email: 0 items
2025-05-22 05:24:00,453 - P15228 - INFO - Candidates complement: 0 items
2025-05-22 05:24:00,453 - P15228 - INFO - Candidates cep: 0 items
2025-05-22 05:24:00,453 - P15228 - INFO - Após processar URL 16 Uso de memória: 128.77 MB
2025-05-22 05:24:00,453 - P15228 - INFO - Processando URL 17/18: https://portal.cfm.org.br/busca-medicos
2025-05-22 05:24:04,369 - P15228 - INFO - HTML salvo para debug: data\debug_html_v10\e28ae84aaa177d1328f3a0d1fb68449f.html
2025-05-22 05:24:04,406 - P15228 - INFO - Candidates address: 0 items
2025-05-22 05:24:04,406 - P15228 - INFO - Candidates phone: 0 items
2025-05-22 05:24:04,406 - P15228 - INFO - Candidates email: 1 items
2025-05-22 05:24:04,406 - P15228 - INFO - Candidates complement: 1 items
2025-05-22 05:24:04,406 - P15228 - INFO - Candidates cep: 1 items
2025-05-22 05:24:04,407 - P15228 - INFO - Após processar URL 17 Uso de memória: 128.79 MB
2025-05-22 05:24:04,407 - P15228 - INFO - Processando URL 18/18: https://www.consultacrm.com.br/index/especialidades
2025-05-22 05:24:07,635 - P15228 - INFO - HTML salvo para debug: data\debug_html_v10\3cb327d5e0f962fa7a1db5a948fb6f40.html
2025-05-22 05:24:07,757 - P15228 - INFO - Candidates address: 0 items
2025-05-22 05:24:07,757 - P15228 - INFO - Candidates phone: 0 items
2025-05-22 05:24:07,757 - P15228 - INFO - Candidates email: 0 items
2025-05-22 05:24:07,758 - P15228 - INFO - Candidates complement: 0 items
2025-05-22 05:24:07,758 - P15228 - INFO - Candidates cep: 0 items
2025-05-22 05:24:07,758 - P15228 - INFO - Após processar URL 18 Uso de memória: 129.25 MB
2025-05-22 05:24:07,758 - P15228 - INFO - Iniciando agregação e ranqueamento
2025-05-22 05:24:07,759 - P15228 - INFO - Ranked address: 6 items
2025-05-22 05:24:07,759 - P15228 - INFO - Ranked phone: 7 items
2025-05-22 05:24:07,759 - P15228 - INFO - Ranked email: 9 items
2025-05-22 05:24:07,759 - P15228 - INFO - Ranked complement: 3 items
2025-05-22 05:24:07,759 - P15228 - INFO - Ranked cep: 19 items
2025-05-22 05:24:07,759 - P15228 - INFO - Após agregação Uso de memória: 129.25 MB
2025-05-22 05:24:07,760 - P15228 - INFO - Validando endereço: ['Rua Dr Gabriel Monteiro da Silva, 122', 'Rua Dr Gabriel Monteiro Da Silva, 122', 'Rua Dr Gabriel Monteiro da Silva 122 Casa 06 Centro Socorro SP']
2025-05-22 05:24:07,760 - P15228 - INFO - Endereço validado: Rua Dr Gabriel Monteiro da Silva, 122
2025-05-22 05:24:07,760 - P15228 - INFO - Limpando texto extenso para campo address: Rua Dr Gabriel Monteiro da Silva, 122...
2025-05-22 05:24:07,760 - P15228 - INFO - Texto limpo: Rua Dr Gabriel Monteiro da Silva, 122
2025-05-22 05:24:07,760 - P15228 - INFO - Validando telefone: ['(19) 3895-2615', '(01) 93824-1703', '0']
2025-05-22 05:24:07,761 - P15228 - INFO - Limpando texto extenso para campo phone: (19) 3895-2615...
2025-05-22 05:24:07,761 - P15228 - INFO - Texto limpo: 19) 3895-2615
2025-05-22 05:24:07,761 - P15228 - INFO - Telefone validado: 19) 3895-2615
2025-05-22 05:24:07,762 - P15228 - INFO - Validando email: ['fiscal@consyssolucoescontabeis.com.br', 'PEDRO@CLINMEDMARIENSE.COM.BR', 'MENDESCONT@VELOXMAIL.COM.BR']
2025-05-22 05:24:07,762 - P15228 - INFO - Limpando texto extenso para campo email: fiscal@consyssolucoescontabeis.com.br...
2025-05-22 05:24:07,764 - P15228 - INFO - Texto limpo: fiscal@consyssolucoescontabeis.com.br
2025-05-22 05:24:07,764 - P15228 - INFO - Email validado: fiscal@consyssolucoescontabeis.com.br
2025-05-22 05:24:07,765 - P15228 - INFO - Validando complemento: ['Apt   11                  Andar Primeiro Centro', 'Blocos e Registros\t\t\t\t\t\t\t\t\t\t ', 'Conjunto D']
2025-05-22 05:24:07,765 - P15228 - INFO - Limpando texto extenso para campo complement: Apt   11                  Andar Primeiro Centro...
2025-05-22 05:24:07,767 - P15228 - INFO - Texto limpo: Apt 11 Anda
2025-05-22 05:24:07,770 - P15228 - INFO - Complemento validado: Apt 11 Anda
2025-05-22 05:24:07,772 - P15228 - INFO - Descobrindo cidade
2025-05-22 05:24:07,773 - P15228 - INFO - Buscando cidade: Rua Dr Gabriel Monteiro da Silva cidade SP
2025-05-22 05:24:10,695 - P15228 - WARNING - Cidade não encontrada
2025-05-22 05:24:10,696 - P15228 - INFO - Cidade descoberta: 
2025-05-22 05:24:10,696 - P15228 - INFO - Tempo de execução de processamento completo do médico: 88.58 segundos
2025-05-22 05:24:10,696 - P15228 - INFO - Resultado processado: {'Hash': '2310b81f5c77985731bc65908fe8cce3d9d5004ca18fc65da0a084e7ab0f4e00', 'CRM': '174293', 'UF': 'SP', 'Firstname': 'MELINA', 'LastName': 'MARIA DA SILVA SILVERIO AMORIM', 'Medical specialty': '', 'Endereco Completo A1': 'Rua Dr Gabriel Monteiro da Silva, 122', 'Address A1': 'Rua Dr Gabriel Monteiro da Silva', 'Numero A1': '122', 'Complement A1': 'Apt 11 Anda', 'Bairro A1': '', 'postal code A1': '', 'City A1': '', 'State A1': '', 'Phone A1': '19) 3895-2615', 'Phone A2': '', 'Cell phone A1': '', 'Cell phone A2': '', 'E-mail A1': 'fiscal@consyssolucoescontabeis.com.br', 'E-mail A2': '', 'OPT-IN': '', 'STATUS': '', 'LOTE': ''}
2025-05-22 05:24:10,697 - P15228 - INFO - Progresso: 88.5%
2025-05-22 05:24:10,697 - P15228 - INFO - Tempo de execução de processamento do médico 2: 88.58 segundos
2025-05-22 05:24:10,697 - P15228 - INFO - 
==================================================
Processando médico 3/3
2025-05-22 05:24:10,697 - P15228 - INFO - Nome: STEPHANIE TOSCANO KASABKOJIAN
2025-05-22 05:24:10,698 - P15228 - INFO - Início do processamento Uso de memória: 128.59 MB
2025-05-22 05:24:10,698 - P15228 - INFO - Iniciando busca para: STEPHANIE TOSCANO KASABKOJIAN CRM 175618 SP telefone e-mail endereço
2025-05-22 05:24:11,497 - P15228 - INFO - SearX results: 12 URLs
2025-05-22 05:24:11,497 - P15228 - INFO - Após SearX Uso de memória: 128.59 MB
2025-05-22 05:24:14,088 - P15228 - INFO - Google results: 5 URLs
2025-05-22 05:24:14,088 - P15228 - INFO - Após Google Uso de memória: 130.61 MB
2025-05-22 05:24:16,632 - P15228 - INFO - Bing results: 10 URLs
2025-05-22 05:24:16,632 - P15228 - INFO - Após Bing Uso de memória: 131.32 MB
2025-05-22 05:24:16,633 - P15228 - INFO - Total de URLs únicas: 15
2025-05-22 05:24:16,633 - P15228 - INFO - Processando URL 1/15: https://www.consultasocio.com/q/sa/stephanie-toscano-kasabkojian
2025-05-22 05:24:21,453 - P15228 - INFO - HTML salvo para debug: data\debug_html_v10\7e3680b9878737e7406de040c5cb449c.html
2025-05-22 05:24:21,461 - P15228 - INFO - Candidates address: 3 items
2025-05-22 05:24:21,462 - P15228 - INFO - Candidates phone: 0 items
2025-05-22 05:24:21,462 - P15228 - INFO - Candidates email: 2 items
2025-05-22 05:24:21,462 - P15228 - INFO - Candidates complement: 2 items
2025-05-22 05:24:21,462 - P15228 - INFO - Candidates cep: 7 items
2025-05-22 05:24:21,463 - P15228 - INFO - Após processar URL 1 Uso de memória: 131.43 MB
2025-05-22 05:24:21,463 - P15228 - INFO - Processando URL 2/15: https://bv.fapesp.br/en/pesquisador/673066/stephanie-toscano-kasabkojian/
2025-05-22 05:24:25,599 - P15228 - INFO - HTML salvo para debug: data\debug_html_v10\62ab553c99de11d4826f9ce508f2c535.html
2025-05-22 05:24:25,621 - P15228 - INFO - Candidates address: 1 items
2025-05-22 05:24:25,621 - P15228 - INFO - Candidates phone: 0 items
2025-05-22 05:24:25,621 - P15228 - INFO - Candidates email: 1 items
2025-05-22 05:24:25,621 - P15228 - INFO - Candidates complement: 0 items
2025-05-22 05:24:25,621 - P15228 - INFO - Candidates cep: 1 items
2025-05-22 05:24:25,622 - P15228 - INFO - Após processar URL 2 Uso de memória: 131.43 MB
2025-05-22 05:24:25,622 - P15228 - INFO - Processando URL 3/15: https://cuidadospelavida.com.br/blog/autor/dra-stephanie-toscano-kasabkojian
2025-05-22 05:24:30,170 - P15228 - INFO - HTML salvo para debug: data\debug_html_v10\5e7f480e978d1e6c866b9b945b679df0.html
2025-05-22 05:24:30,198 - P15228 - INFO - Candidates address: 0 items
2025-05-22 05:24:30,200 - P15228 - INFO - Candidates phone: 0 items
2025-05-22 05:24:30,201 - P15228 - INFO - Candidates email: 0 items
2025-05-22 05:24:30,202 - P15228 - INFO - Candidates complement: 0 items
2025-05-22 05:24:30,204 - P15228 - INFO - Candidates cep: 0 items
2025-05-22 05:24:30,205 - P15228 - INFO - Após processar URL 3 Uso de memória: 132.79 MB
2025-05-22 05:24:30,205 - P15228 - INFO - Processando URL 4/15: https://observatorio.fm.usp.br/entities/person/c0de1f6c-6d50-4cf5-b2ae-71040fcd60c3
2025-05-22 05:24:35,300 - P15228 - INFO - HTML salvo para debug: data\debug_html_v10\214b72b24f1db33ce018d1f2a7d5accf.html
2025-05-22 05:24:35,440 - P15228 - INFO - Candidates address: 1 items
2025-05-22 05:24:35,452 - P15228 - INFO - Candidates phone: 0 items
2025-05-22 05:24:35,457 - P15228 - INFO - Candidates email: 1 items
2025-05-22 05:24:35,457 - P15228 - INFO - Candidates complement: 0 items
2025-05-22 05:24:35,458 - P15228 - INFO - Candidates cep: 1 items
2025-05-22 05:24:35,482 - P15228 - INFO - Após processar URL 4 Uso de memória: 133.34 MB
2025-05-22 05:24:35,489 - P15228 - INFO - Processando URL 5/15: https://www.champlacanien.net/public/docu/4/Repertoire2023-2024.pdf
2025-05-22 05:24:35,490 - P15228 - INFO - Ignorando URL de arquivo não-HTML: https://www.champlacanien.net/public/docu/4/Repertoire2023-2024.pdf
2025-05-22 05:24:35,516 - P15228 - INFO - Após processar URL 5 Uso de memória: 132.04 MB
2025-05-22 05:24:35,524 - P15228 - INFO - Processando URL 6/15: https://guiamedico.cremesp.org.br/
2025-05-22 05:24:39,023 - P15228 - INFO - HTML salvo para debug: data\debug_html_v10\7c54969580769b63edd9abaa952e1fa2.html
2025-05-22 05:24:39,034 - P15228 - INFO - Candidates address: 1 items
2025-05-22 05:24:39,042 - P15228 - INFO - Candidates phone: 1 items
2025-05-22 05:24:39,042 - P15228 - INFO - Candidates email: 0 items
2025-05-22 05:24:39,047 - P15228 - INFO - Candidates complement: 0 items
2025-05-22 05:24:39,114 - P15228 - INFO - Candidates cep: 1 items
2025-05-22 05:24:39,126 - P15228 - INFO - Após processar URL 6 Uso de memória: 132.04 MB
2025-05-22 05:24:39,131 - P15228 - INFO - Processando URL 7/15: https://www.escavador.com/sobre/4663821/stephanie-toscano-kasabkojian
2025-05-22 05:24:43,149 - P15228 - INFO - HTML salvo para debug: data\debug_html_v10\f8d6eb9b55fbcbfa621ce43b5ad6dbe0.html
2025-05-22 05:24:43,166 - P15228 - INFO - Candidates address: 0 items
2025-05-22 05:24:43,166 - P15228 - INFO - Candidates phone: 0 items
2025-05-22 05:24:43,166 - P15228 - INFO - Candidates email: 0 items
2025-05-22 05:24:43,167 - P15228 - INFO - Candidates complement: 0 items
2025-05-22 05:24:43,167 - P15228 - INFO - Candidates cep: 0 items
2025-05-22 05:24:43,167 - P15228 - INFO - Após processar URL 7 Uso de memória: 132.05 MB
2025-05-22 05:24:43,167 - P15228 - INFO - Processando URL 8/15: https://consultacrm.com.br/
2025-05-22 05:24:45,574 - P15228 - INFO - HTML salvo para debug: data\debug_html_v10\65cadeb91ac3713432c21b535990f440.html
2025-05-22 05:24:45,589 - P15228 - INFO - Candidates address: 0 items
2025-05-22 05:24:45,590 - P15228 - INFO - Candidates phone: 0 items
2025-05-22 05:24:45,595 - P15228 - INFO - Candidates email: 0 items
2025-05-22 05:24:45,596 - P15228 - INFO - Candidates complement: 0 items
2025-05-22 05:24:45,596 - P15228 - INFO - Candidates cep: 0 items
2025-05-22 05:24:45,597 - P15228 - INFO - Após processar URL 8 Uso de memória: 132.05 MB
2025-05-22 05:24:45,597 - P15228 - INFO - Processando URL 9/15: https://cnpj.services/qsa/stephanie-toscano-kasabkojian
2025-05-22 05:24:48,584 - P15228 - INFO - HTML salvo para debug: data\debug_html_v10\fa7df50a80424c1b23349b16ea63fc29.html
2025-05-22 05:24:48,593 - P15228 - INFO - Candidates address: 0 items
2025-05-22 05:24:48,594 - P15228 - INFO - Candidates phone: 0 items
2025-05-22 05:24:48,594 - P15228 - INFO - Candidates email: 0 items
2025-05-22 05:24:48,594 - P15228 - INFO - Candidates complement: 0 items
2025-05-22 05:24:48,594 - P15228 - INFO - Candidates cep: 4 items
2025-05-22 05:24:48,595 - P15228 - INFO - Após processar URL 9 Uso de memória: 132.06 MB
2025-05-22 05:24:48,595 - P15228 - INFO - Processando URL 10/15: https://www.boaconsulta.com/especialista/stephanie-toscano-kasabkojian-6106d82da2e00a6999003b1c
2025-05-22 05:24:51,382 - P15228 - INFO - HTML salvo para debug: data\debug_html_v10\21606ef57c3e5482648914cfed370ea8.html
2025-05-22 05:24:51,451 - P15228 - INFO - Candidates address: 8 items
2025-05-22 05:24:51,451 - P15228 - INFO - Candidates phone: 0 items
2025-05-22 05:24:51,451 - P15228 - INFO - Candidates email: 0 items
2025-05-22 05:24:51,452 - P15228 - INFO - Candidates complement: 3 items
2025-05-22 05:24:51,452 - P15228 - INFO - Candidates cep: 0 items
2025-05-22 05:24:51,452 - P15228 - INFO - Após processar URL 10 Uso de memória: 132.78 MB
2025-05-22 05:24:51,452 - P15228 - INFO - Processando URL 11/15: https://guiadocnpj.com.br/sp/sao-paulo/maxtori-exportacao-e-importacao-ltda/07446785000170
2025-05-22 05:24:56,946 - P15228 - INFO - HTML salvo para debug: data\debug_html_v10\c5b9a81259cac993fd7b7ac2e420fe45.html
2025-05-22 05:24:56,971 - P15228 - INFO - Candidates address: 0 items
2025-05-22 05:24:56,971 - P15228 - INFO - Candidates phone: 1 items
2025-05-22 05:24:56,972 - P15228 - INFO - Candidates email: 1 items
2025-05-22 05:24:56,972 - P15228 - INFO - Candidates complement: 0 items
2025-05-22 05:24:56,972 - P15228 - INFO - Candidates cep: 0 items
2025-05-22 05:24:56,972 - P15228 - INFO - Após processar URL 11 Uso de memória: 131.25 MB
2025-05-22 05:24:56,972 - P15228 - INFO - Processando URL 12/15: https://cliniguia.com/profissionais/stephanie-toscano-kasabkojian-700002745622700/
2025-05-22 05:25:02,149 - P15228 - INFO - HTML salvo para debug: data\debug_html_v10\7df5e09e34a85604d319217a8e9e7e3b.html
2025-05-22 05:25:02,196 - P15228 - INFO - Candidates address: 0 items
2025-05-22 05:25:02,196 - P15228 - INFO - Candidates phone: 0 items
2025-05-22 05:25:02,196 - P15228 - INFO - Candidates email: 0 items
2025-05-22 05:25:02,196 - P15228 - INFO - Candidates complement: 1 items
2025-05-22 05:25:02,196 - P15228 - INFO - Candidates cep: 0 items
2025-05-22 05:25:02,196 - P15228 - INFO - Após processar URL 12 Uso de memória: 131.26 MB
2025-05-22 05:25:02,197 - P15228 - INFO - Processando URL 13/15: https://www.cremesp.org.br/?siteAcao=Revista&id=1002
2025-05-22 05:25:06,260 - P15228 - INFO - HTML salvo para debug: data\debug_html_v10\b4cd11408c7609c57fca0f7e275c62c2.html
2025-05-22 05:25:06,287 - P15228 - INFO - Candidates address: 1 items
2025-05-22 05:25:06,287 - P15228 - INFO - Candidates phone: 1 items
2025-05-22 05:25:06,287 - P15228 - INFO - Candidates email: 0 items
2025-05-22 05:25:06,287 - P15228 - INFO - Candidates complement: 0 items
2025-05-22 05:25:06,288 - P15228 - INFO - Candidates cep: 3 items
2025-05-22 05:25:06,288 - P15228 - INFO - Após processar URL 13 Uso de memória: 131.27 MB
2025-05-22 05:25:06,289 - P15228 - INFO - Processando URL 14/15: https://www.medicosbrasil.com/profissional/stephanie-toscano-kasabkojian
2025-05-22 05:25:10,801 - P15228 - INFO - HTML salvo para debug: data\debug_html_v10\a9876abd5a1d7d018664b62d9afff2f5.html
2025-05-22 05:25:10,830 - P15228 - INFO - Candidates address: 0 items
2025-05-22 05:25:10,831 - P15228 - INFO - Candidates phone: 0 items
2025-05-22 05:25:10,831 - P15228 - INFO - Candidates email: 0 items
2025-05-22 05:25:10,831 - P15228 - INFO - Candidates complement: 1 items
2025-05-22 05:25:10,831 - P15228 - INFO - Candidates cep: 0 items
2025-05-22 05:25:10,832 - P15228 - INFO - Após processar URL 14 Uso de memória: 132.01 MB
2025-05-22 05:25:10,832 - P15228 - INFO - Processando URL 15/15: https://cnpj.biz/49936431000153
2025-05-22 05:25:13,236 - P15228 - INFO - HTML salvo para debug: data\debug_html_v10\931b268ae74248a8ad79c34621870e77.html
2025-05-22 05:25:13,239 - P15228 - INFO - Candidates address: 0 items
2025-05-22 05:25:13,239 - P15228 - INFO - Candidates phone: 0 items
2025-05-22 05:25:13,239 - P15228 - INFO - Candidates email: 0 items
2025-05-22 05:25:13,239 - P15228 - INFO - Candidates complement: 0 items
2025-05-22 05:25:13,240 - P15228 - INFO - Candidates cep: 0 items
2025-05-22 05:25:13,240 - P15228 - INFO - Após processar URL 15 Uso de memória: 131.29 MB
2025-05-22 05:25:13,240 - P15228 - INFO - Iniciando agregação e ranqueamento
2025-05-22 05:25:13,240 - P15228 - INFO - Ranked address: 14 items
2025-05-22 05:25:13,240 - P15228 - INFO - Ranked phone: 2 items
2025-05-22 05:25:13,240 - P15228 - INFO - Ranked email: 5 items
2025-05-22 05:25:13,241 - P15228 - INFO - Ranked complement: 7 items
2025-05-22 05:25:13,241 - P15228 - INFO - Ranked cep: 16 items
2025-05-22 05:25:13,241 - P15228 - INFO - Após agregação Uso de memória: 131.29 MB
2025-05-22 05:25:13,241 - P15228 - INFO - Validando endereço: ['Rua Frei Caneca, 1282', 'Rua Maestro Cardim, 377', 'Avenida Bartolomeu De Gusmao, 86']
2025-05-22 05:25:13,241 - P15228 - INFO - Endereço validado: Rua Frei Caneca, 1282
2025-05-22 05:25:13,242 - P15228 - INFO - Limpando texto extenso para campo address: Rua Frei Caneca, 1282...
2025-05-22 05:25:13,242 - P15228 - INFO - Texto limpo: Rua Frei Caneca, 1282
2025-05-22 05:25:13,242 - P15228 - INFO - Validando telefone: ['(11) 4349-9900', '0']
2025-05-22 05:25:13,242 - P15228 - INFO - Limpando texto extenso para campo phone: (11) 4349-9900...
2025-05-22 05:25:13,243 - P15228 - INFO - Texto limpo: 11) 4349-9900
2025-05-22 05:25:13,244 - P15228 - INFO - Telefone validado: 11) 4349-9900
2025-05-22 05:25:13,244 - P15228 - INFO - Validando email: ['STEPHANIE.KASABKOJIAN@GMAIL.COM', 'RKOJIAN@GLOBO.COM', 'name@example.com']
2025-05-22 05:25:13,244 - P15228 - INFO - Limpando texto extenso para campo email: STEPHANIE.KASABKOJIAN@GMAIL.COM...
2025-05-22 05:25:13,245 - P15228 - INFO - Texto limpo: stephanie.kasabkojian@gmail.com
2025-05-22 05:25:13,245 - P15228 - INFO - Email validado: stephanie.kasabkojian@gmail.com
2025-05-22 05:25:13,245 - P15228 - INFO - Validando complemento: ['Apt   62 Jardim Paulista', 'Apt   703 B Aparecida', 'Sala 701 Torre Norte']
2025-05-22 05:25:13,245 - P15228 - INFO - Limpando texto extenso para campo complement: Apt   62 Jardim Paulista...
2025-05-22 05:25:13,246 - P15228 - INFO - Texto limpo: Apt 62 Jardim Paulista
2025-05-22 05:25:13,246 - P15228 - INFO - Complemento validado: Apt 62 Jardim Paulista
2025-05-22 05:25:13,246 - P15228 - INFO - Descobrindo cidade
2025-05-22 05:25:13,246 - P15228 - INFO - Buscando cidade: Rua Frei Caneca cidade SP
2025-05-22 05:25:15,880 - P15228 - WARNING - Cidade não encontrada
2025-05-22 05:25:15,880 - P15228 - INFO - Cidade descoberta: 
2025-05-22 05:25:15,881 - P15228 - INFO - Tempo de execução de processamento completo do médico: 65.18 segundos
2025-05-22 05:25:15,881 - P15228 - INFO - Resultado processado: {'Hash': '8417da5046a4d4b588a9b06fd8d0bb9ec5bb27c31819850fe29dae88fb9a05a2', 'CRM': '175618', 'UF': 'SP', 'Firstname': 'STEPHANIE', 'LastName': 'TOSCANO KASABKOJIAN', 'Medical specialty': '', 'Endereco Completo A1': 'Rua Frei Caneca, 1282', 'Address A1': 'Rua Frei Caneca', 'Numero A1': '1282', 'Complement A1': 'Apt 62 Jardim Paulista', 'Bairro A1': '', 'postal code A1': '', 'City A1': '', 'State A1': '', 'Phone A1': '11) 4349-9900', 'Phone A2': '', 'Cell phone A1': '', 'Cell phone A2': '', 'E-mail A1': 'stephanie.kasabkojian@gmail.com', 'E-mail A2': '', 'OPT-IN': '', 'STATUS': '', 'LOTE': ''}
2025-05-22 05:25:15,881 - P15228 - INFO - Salvando lote de resultados
2025-05-22 05:25:15,882 - P15228 - INFO - Após salvar resultados Uso de memória: 128.58 MB
2025-05-22 05:25:15,883 - P15228 - INFO - Progresso: 88.9%
2025-05-22 05:25:15,883 - P15228 - INFO - Tempo de execução de processamento do médico 3: 65.19 segundos
2025-05-22 05:25:15,883 - P15228 - INFO - Tempo de execução de processamento do lote completo: 227.88 segundos
