2025-05-22 04:54:50,495 - P17020 - INFO - 
==================================================
Processando médico 1/3
2025-05-22 04:54:50,496 - P17020 - INFO - Nome: ANTONIO JOSE FERNANDES
2025-05-22 04:54:50,496 - P17020 - INFO - Reiniciando driver do Chrome
2025-05-22 04:54:51,761 - P17020 - INFO - Após reiniciar driver Uso de memória: 129.62 MB
2025-05-22 04:54:51,761 - P17020 - INFO - Início do processamento Uso de memória: 129.62 MB
2025-05-22 04:54:51,761 - P17020 - INFO - Iniciando busca para: ANTONIO JOSE FERNANDES CRM 21416 SP telefone e-mail endereço
2025-05-22 04:54:52,582 - P17020 - INFO - SearX results: 15 URLs
2025-05-22 04:54:52,583 - P17020 - INFO - Após SearX Uso de memória: 129.62 MB
2025-05-22 04:54:55,171 - P17020 - INFO - Google results: 7 URLs
2025-05-22 04:54:55,171 - P17020 - INFO - Após Google Uso de memória: 129.62 MB
2025-05-22 04:54:57,819 - P17020 - INFO - Bing results: 0 URLs
2025-05-22 04:54:57,819 - P17020 - INFO - Após Bing Uso de memória: 130.52 MB
2025-05-22 04:54:57,819 - P17020 - INFO - Total de URLs únicas: 20
2025-05-22 04:54:57,820 - P17020 - INFO - Processando URL 1/20: https://www.classemedica.com.br/medico/34909-antonio-jose-fernandes.htm
2025-05-22 04:55:04,653 - P17020 - INFO - HTML salvo para debug: data\debug_html_v10\9bcc6d51923ec034df9203169232ee43.html
2025-05-22 04:55:04,687 - P17020 - INFO - Candidates address: 0 items
2025-05-22 04:55:04,688 - P17020 - INFO - Candidates phone: 0 items
2025-05-22 04:55:04,688 - P17020 - INFO - Candidates email: 0 items
2025-05-22 04:55:04,688 - P17020 - INFO - Candidates complement: 0 items
2025-05-22 04:55:04,689 - P17020 - INFO - Candidates cep: 0 items
2025-05-22 04:55:04,689 - P17020 - INFO - Após processar URL 1 Uso de memória: 129.86 MB
2025-05-22 04:55:04,689 - P17020 - INFO - Processando URL 2/20: https://www.diariomunicipal.sc.gov.br/atos/3373339
2025-05-22 04:55:08,160 - P17020 - INFO - HTML salvo para debug: data\debug_html_v10\c4d5cc5564047c19ff8083f82874be00.html
2025-05-22 04:55:09,651 - P17020 - INFO - Candidates address: 11 items
2025-05-22 04:55:09,680 - P17020 - INFO - Candidates phone: 1 items
2025-05-22 04:55:09,693 - P17020 - INFO - Candidates email: 2 items
2025-05-22 04:55:09,710 - P17020 - INFO - Candidates complement: 1 items
2025-05-22 04:55:09,756 - P17020 - INFO - Candidates cep: 1396 items
2025-05-22 04:55:09,775 - P17020 - INFO - Após processar URL 2 Uso de memória: 132.99 MB
2025-05-22 04:55:09,799 - P17020 - INFO - Processando URL 3/20: https://osasco.sp.gov.br/site/wp-content/uploads/2016/04/httposasco.sp_.gov_.brcompsec1atosEd1234.pdf
2025-05-22 04:55:09,802 - P17020 - INFO - Ignorando URL de arquivo não-HTML: https://osasco.sp.gov.br/site/wp-content/uploads/2016/04/httposasco.sp_.gov_.brcompsec1atosEd1234.pdf
2025-05-22 04:55:09,803 - P17020 - INFO - Após processar URL 3 Uso de memória: 129.87 MB
2025-05-22 04:55:09,803 - P17020 - INFO - Processando URL 4/20: https://consultacrm.com.br/
2025-05-22 04:55:12,023 - P17020 - INFO - HTML salvo para debug: data\debug_html_v10\65cadeb91ac3713432c21b535990f440.html
2025-05-22 04:55:12,047 - P17020 - INFO - Candidates address: 0 items
2025-05-22 04:55:12,053 - P17020 - INFO - Candidates phone: 0 items
2025-05-22 04:55:12,054 - P17020 - INFO - Candidates email: 0 items
2025-05-22 04:55:12,056 - P17020 - INFO - Candidates complement: 0 items
2025-05-22 04:55:12,057 - P17020 - INFO - Candidates cep: 0 items
2025-05-22 04:55:12,058 - P17020 - INFO - Após processar URL 4 Uso de memória: 129.88 MB
2025-05-22 04:55:12,059 - P17020 - INFO - Processando URL 5/20: http://www.itatiba.sp.gov.br/templates/midia/Imprensa_Oficial/2014/09_setembro_2014/04.09.2014.pdf
2025-05-22 04:55:12,060 - P17020 - INFO - Ignorando URL de arquivo não-HTML: http://www.itatiba.sp.gov.br/templates/midia/Imprensa_Oficial/2014/09_setembro_2014/04.09.2014.pdf
2025-05-22 04:55:12,061 - P17020 - INFO - Após processar URL 5 Uso de memória: 129.88 MB
2025-05-22 04:55:12,063 - P17020 - INFO - Processando URL 6/20: http://cremesp.org.br/
2025-05-22 04:55:25,236 - P17020 - INFO - HTML salvo para debug: data\debug_html_v10\2a967318246f9658edeb1e0469c871fe.html
2025-05-22 04:55:25,260 - P17020 - INFO - Candidates address: 1 items
2025-05-22 04:55:25,261 - P17020 - INFO - Candidates phone: 1 items
2025-05-22 04:55:25,261 - P17020 - INFO - Candidates email: 0 items
2025-05-22 04:55:25,261 - P17020 - INFO - Candidates complement: 0 items
2025-05-22 04:55:25,261 - P17020 - INFO - Candidates cep: 2 items
2025-05-22 04:55:25,261 - P17020 - INFO - Após processar URL 6 Uso de memória: 129.88 MB
2025-05-22 04:55:25,262 - P17020 - INFO - Processando URL 7/20: https://sistemadje.tjmt.jus.br/publicacoes/10135-2017%20C2%20Comarcas%20-%20Entr%C3%A2ncia%20Especial.pdf
2025-05-22 04:55:25,262 - P17020 - INFO - Ignorando URL de arquivo não-HTML: https://sistemadje.tjmt.jus.br/publicacoes/10135-2017%20C2%20Comarcas%20-%20Entr%C3%A2ncia%20Especial.pdf
2025-05-22 04:55:25,262 - P17020 - INFO - Após processar URL 7 Uso de memória: 129.88 MB
2025-05-22 04:55:25,262 - P17020 - INFO - Processando URL 8/20: https://www.consultacrm.com.br/index/medicos/uid-8b7ab7c1-f5c5-11ec-9e74-0a4aa568c625/jose_antonio_fernandes
2025-05-22 04:55:29,466 - P17020 - INFO - HTML salvo para debug: data\debug_html_v10\54bba9b97bb2670853cf600b6ec8a08c.html
2025-05-22 04:55:29,475 - P17020 - INFO - Candidates address: 0 items
2025-05-22 04:55:29,476 - P17020 - INFO - Candidates phone: 0 items
2025-05-22 04:55:29,476 - P17020 - INFO - Candidates email: 0 items
2025-05-22 04:55:29,476 - P17020 - INFO - Candidates complement: 0 items
2025-05-22 04:55:29,476 - P17020 - INFO - Candidates cep: 0 items
2025-05-22 04:55:29,477 - P17020 - INFO - Após processar URL 8 Uso de memória: 129.88 MB
2025-05-22 04:55:29,477 - P17020 - INFO - Processando URL 9/20: https://www.doctoralia.com.br/antonio-jose-fernandes/ginecologista/campinas
2025-05-22 04:55:29,477 - P17020 - INFO - Ignorando URL de arquivo não-HTML: https://www.doctoralia.com.br/antonio-jose-fernandes/ginecologista/campinas
2025-05-22 04:55:29,477 - P17020 - INFO - Após processar URL 9 Uso de memória: 129.88 MB
2025-05-22 04:55:29,477 - P17020 - INFO - Processando URL 10/20: https://abccardiol.org/wp-content/uploads/2021/12/Livro_TLs_CBC-76.x60556.pdf
2025-05-22 04:55:29,477 - P17020 - INFO - Ignorando URL de arquivo não-HTML: https://abccardiol.org/wp-content/uploads/2021/12/Livro_TLs_CBC-76.x60556.pdf
2025-05-22 04:55:29,478 - P17020 - INFO - Após processar URL 10 Uso de memória: 129.88 MB
2025-05-22 04:55:29,478 - P17020 - INFO - Processando URL 11/20: https://diariooficial.guarulhos.sp.gov.br/uploads/pdf/1735348720.pdf
2025-05-22 04:55:29,479 - P17020 - INFO - Ignorando URL de arquivo não-HTML: https://diariooficial.guarulhos.sp.gov.br/uploads/pdf/1735348720.pdf
2025-05-22 04:55:29,479 - P17020 - INFO - Após processar URL 11 Uso de memória: 129.88 MB
2025-05-22 04:55:29,479 - P17020 - INFO - Processando URL 12/20: https://guiamedico.cremesp.org.br/
2025-05-22 04:55:53,425 - P17020 - INFO - HTML salvo para debug: data\debug_html_v10\7c54969580769b63edd9abaa952e1fa2.html
2025-05-22 04:55:53,431 - P17020 - INFO - Candidates address: 1 items
2025-05-22 04:55:53,432 - P17020 - INFO - Candidates phone: 1 items
2025-05-22 04:55:53,432 - P17020 - INFO - Candidates email: 0 items
2025-05-22 04:55:53,432 - P17020 - INFO - Candidates complement: 0 items
2025-05-22 04:55:53,432 - P17020 - INFO - Candidates cep: 1 items
2025-05-22 04:55:53,432 - P17020 - INFO - Após processar URL 12 Uso de memória: 129.89 MB
2025-05-22 04:55:53,433 - P17020 - INFO - Processando URL 13/20: https://www2.bauru.sp.gov.br/arquivos/sist_diariooficial/2016/01/do_20160112_2630.pdf
2025-05-22 04:55:53,433 - P17020 - INFO - Ignorando URL de arquivo não-HTML: https://www2.bauru.sp.gov.br/arquivos/sist_diariooficial/2016/01/do_20160112_2630.pdf
2025-05-22 04:55:53,433 - P17020 - INFO - Após processar URL 13 Uso de memória: 129.89 MB
2025-05-22 04:55:53,433 - P17020 - INFO - Processando URL 14/20: https://sistemas.tjes.jus.br/ediario/index.php?option=com_ediario&view=contents&layout=fulltext&data=20210618&idorgao=766
2025-05-22 04:55:58,387 - P17020 - INFO - HTML salvo para debug: data\debug_html_v10\03e2fde2970586a1ed8345d6979ebab5.html
2025-05-22 04:55:59,803 - P17020 - INFO - Candidates address: 31 items
2025-05-22 04:55:59,803 - P17020 - INFO - Candidates phone: 3 items
2025-05-22 04:55:59,803 - P17020 - INFO - Candidates email: 5 items
2025-05-22 04:55:59,803 - P17020 - INFO - Candidates complement: 3 items
2025-05-22 04:55:59,804 - P17020 - INFO - Candidates cep: 146 items
2025-05-22 04:55:59,804 - P17020 - INFO - Após processar URL 14 Uso de memória: 127.06 MB
2025-05-22 04:55:59,804 - P17020 - INFO - Processando URL 15/20: https://ubs.med.br/antonio-jose-fernandes-5068746/
2025-05-22 04:56:04,009 - P17020 - INFO - HTML salvo para debug: data\debug_html_v10\43397563bc8280420fa9de1f456ef1f6.html
2025-05-22 04:56:04,031 - P17020 - INFO - Candidates address: 0 items
2025-05-22 04:56:04,031 - P17020 - INFO - Candidates phone: 0 items
2025-05-22 04:56:04,031 - P17020 - INFO - Candidates email: 0 items
2025-05-22 04:56:04,032 - P17020 - INFO - Candidates complement: 0 items
2025-05-22 04:56:04,032 - P17020 - INFO - Candidates cep: 3 items
2025-05-22 04:56:04,032 - P17020 - INFO - Após processar URL 15 Uso de memória: 123.07 MB
2025-05-22 04:56:04,032 - P17020 - INFO - Processando URL 16/20: https://www.jandira.sp.gov.br/noticias/pdf/Jornal/doc-05082021-093627.pdf
2025-05-22 04:56:04,032 - P17020 - INFO - Ignorando URL de arquivo não-HTML: https://www.jandira.sp.gov.br/noticias/pdf/Jornal/doc-05082021-093627.pdf
2025-05-22 04:56:04,032 - P17020 - INFO - Após processar URL 16 Uso de memória: 123.07 MB
2025-05-22 04:56:04,033 - P17020 - INFO - Processando URL 17/20: https://diariooficial.santos.sp.gov.br/edicoes/inicio/download/2015-02-06
2025-05-22 04:56:06,198 - P17020 - INFO - HTML salvo para debug: data\debug_html_v10\827076d9a10b0ec9238ef0c0bbe338f8.html
2025-05-22 04:56:06,198 - P17020 - INFO - Candidates address: 0 items
2025-05-22 04:56:06,199 - P17020 - INFO - Candidates phone: 0 items
2025-05-22 04:56:06,199 - P17020 - INFO - Candidates email: 0 items
2025-05-22 04:56:06,199 - P17020 - INFO - Candidates complement: 0 items
2025-05-22 04:56:06,199 - P17020 - INFO - Candidates cep: 0 items
2025-05-22 04:56:06,199 - P17020 - INFO - Após processar URL 17 Uso de memória: 123.07 MB
2025-05-22 04:56:06,199 - P17020 - INFO - Processando URL 18/20: https://ofertaspublicas.xpi.com.br/wp-content/uploads/sites/10/2023/04/20161212_PROSPECTO_DEFINITIVO_JALLES_MACHADO.pdf
2025-05-22 04:56:06,199 - P17020 - INFO - Ignorando URL de arquivo não-HTML: https://ofertaspublicas.xpi.com.br/wp-content/uploads/sites/10/2023/04/20161212_PROSPECTO_DEFINITIVO_JALLES_MACHADO.pdf
2025-05-22 04:56:06,200 - P17020 - INFO - Após processar URL 18 Uso de memória: 123.07 MB
2025-05-22 04:56:06,200 - P17020 - INFO - Processando URL 19/20: https://ofertaspublicas.xpi.com.br/wp-content/uploads/sites/10/2023/04/20161128_PROSPECTO_PRELIMINAR_JALLES_MACHADO.pdf
2025-05-22 04:56:06,200 - P17020 - INFO - Ignorando URL de arquivo não-HTML: https://ofertaspublicas.xpi.com.br/wp-content/uploads/sites/10/2023/04/20161128_PROSPECTO_PRELIMINAR_JALLES_MACHADO.pdf
2025-05-22 04:56:06,200 - P17020 - INFO - Após processar URL 19 Uso de memória: 123.07 MB
2025-05-22 04:56:06,200 - P17020 - INFO - Processando URL 20/20: https://doutorcrm.com/antonio-jose-fernandes
2025-05-22 04:56:11,205 - P17020 - INFO - HTML salvo para debug: data\debug_html_v10\8778060707db6b46ff1a7cfb6a3255b6.html
2025-05-22 04:56:11,213 - P17020 - INFO - Candidates address: 1 items
2025-05-22 04:56:11,213 - P17020 - INFO - Candidates phone: 0 items
2025-05-22 04:56:11,214 - P17020 - INFO - Candidates email: 0 items
2025-05-22 04:56:11,215 - P17020 - INFO - Candidates complement: 0 items
2025-05-22 04:56:11,217 - P17020 - INFO - Candidates cep: 1 items
2025-05-22 04:56:11,217 - P17020 - INFO - Após processar URL 20 Uso de memória: 123.55 MB
2025-05-22 04:56:11,217 - P17020 - INFO - Iniciando agregação e ranqueamento
2025-05-22 04:56:11,218 - P17020 - INFO - Ranked address: 44 items
2025-05-22 04:56:11,221 - P17020 - INFO - Ranked phone: 5 items
2025-05-22 04:56:11,222 - P17020 - INFO - Ranked email: 7 items
2025-05-22 04:56:11,222 - P17020 - INFO - Ranked complement: 4 items
2025-05-22 04:56:11,223 - P17020 - INFO - Ranked cep: 1547 items
2025-05-22 04:56:11,223 - P17020 - INFO - Após agregação Uso de memória: 123.55 MB
2025-05-22 04:56:11,223 - P17020 - INFO - Validando endereço: ['Rua Frei Caneca, 1282', 'Rua Ernani Cotrin, 601', 'R.M. GUIORZI E FRANCISCO C. GARCIA 3684']
2025-05-22 04:56:11,224 - P17020 - INFO - Endereço validado: Rua Frei Caneca, 1282
2025-05-22 04:56:11,224 - P17020 - INFO - Limpando texto extenso para campo address: Rua Frei Caneca, 1282...
2025-05-22 04:56:11,224 - P17020 - INFO - Texto limpo: Rua Frei Caneca, 1282
2025-05-22 04:56:11,224 - P17020 - INFO - Validando telefone: ['(11) 4349-9900', '(48) 3355-8100', '(27) 3334-2109']
2025-05-22 04:56:11,225 - P17020 - INFO - Limpando texto extenso para campo phone: (11) 4349-9900...
2025-05-22 04:56:11,225 - P17020 - INFO - Texto limpo: 11) 4349-9900
2025-05-22 04:56:11,225 - P17020 - INFO - Telefone validado: 11) 4349-9900
2025-05-22 04:56:11,226 - P17020 - INFO - Validando email: ['tributos@imbituba.sc.gov.br', 'dom@consorciociga.gov.br', 'estagiarios@tjes.jus.br']
2025-05-22 04:56:11,227 - P17020 - INFO - Limpando texto extenso para campo email: tributos@imbituba.sc.gov.br...
2025-05-22 04:56:11,229 - P17020 - INFO - Texto limpo: tributos@imbituba.sc.gov.br
2025-05-22 04:56:11,230 - P17020 - INFO - Email validado: tributos@imbituba.sc.gov.br
2025-05-22 04:56:11,230 - P17020 - INFO - Validando complemento: ['Sala 102 CEP 88070-800 - Florianópolis/SC ', 'Blocos” (cláusula primeira)', 'Apto n°101']
2025-05-22 04:56:11,231 - P17020 - INFO - Limpando texto extenso para campo complement: Sala 102 CEP 88070-800 - Florianópolis/SC ...
2025-05-22 04:56:11,231 - P17020 - INFO - Texto limpo: Sala 102 CEP 88070-800 - Flori
2025-05-22 04:56:11,232 - P17020 - INFO - Complemento validado: Sala 102 CEP 88070-800 - Flori
2025-05-22 04:56:11,232 - P17020 - INFO - Descobrindo cidade
2025-05-22 04:56:11,233 - P17020 - INFO - Buscando cidade: Rua Frei Caneca cidade SP
2025-05-22 04:56:13,908 - P17020 - WARNING - Cidade não encontrada
2025-05-22 04:56:13,909 - P17020 - INFO - Cidade descoberta: 
2025-05-22 04:56:13,909 - P17020 - INFO - Tempo de execução de processamento completo do médico: 82.15 segundos
2025-05-22 04:56:13,909 - P17020 - INFO - Resultado processado: {'Hash': '65c0b0c331b2153aaa14fdee8d634a148d6ee84d875cf685c08e6fc56fb7d4bb', 'CRM': '21416', 'UF': 'SP', 'Firstname': 'ANTONIO', 'LastName': 'JOSE FERNANDES', 'Medical specialty': '', 'Endereco Completo A1': 'Rua Frei Caneca, 1282', 'Address A1': 'Rua Frei Caneca', 'Numero A1': '1282', 'Complement A1': 'Sala 102 CEP 88070-800 - Flori', 'Bairro A1': '', 'postal code A1': '', 'City A1': '', 'State A1': '', 'Phone A1': '11) 4349-9900', 'Phone A2': '', 'Cell phone A1': '', 'Cell phone A2': '', 'E-mail A1': 'tributos@imbituba.sc.gov.br', 'E-mail A2': '', 'OPT-IN': '', 'STATUS': '', 'LOTE': ''}
2025-05-22 04:56:13,910 - P17020 - INFO - Progresso: 79.1%
2025-05-22 04:56:13,911 - P17020 - INFO - Executando coleta de lixo
2025-05-22 04:56:13,985 - P17020 - INFO - Após coleta de lixo Uso de memória: 119.43 MB
2025-05-22 04:56:13,986 - P17020 - INFO - Tempo de execução de processamento do médico 1: 83.49 segundos
2025-05-22 04:56:13,986 - P17020 - INFO - 
==================================================
Processando médico 2/3
2025-05-22 04:56:13,986 - P17020 - INFO - Nome: MARCO ANTONIO PEREIRA DE CAMPOS
2025-05-22 04:56:13,987 - P17020 - INFO - Início do processamento Uso de memória: 119.43 MB
2025-05-22 04:56:13,987 - P17020 - INFO - Iniciando busca para: MARCO ANTONIO PEREIRA DE CAMPOS CRM 22014 SP telefone e-mail endereço
2025-05-22 04:56:14,901 - P17020 - INFO - SearX results: 15 URLs
2025-05-22 04:56:14,901 - P17020 - INFO - Após SearX Uso de memória: 119.45 MB
2025-05-22 04:56:17,588 - P17020 - INFO - Google results: 15 URLs
2025-05-22 04:56:17,588 - P17020 - INFO - Após Google Uso de memória: 123.45 MB
2025-05-22 04:56:20,092 - P17020 - INFO - Bing results: 0 URLs
2025-05-22 04:56:20,092 - P17020 - INFO - Após Bing Uso de memória: 126.31 MB
2025-05-22 04:56:20,093 - P17020 - INFO - Total de URLs únicas: 28
2025-05-22 04:56:20,093 - P17020 - INFO - Processando URL 1/28: https://www.tjpi.jus.br/diarioeletronico/public/dj190912_8751.pdf
2025-05-22 04:56:20,093 - P17020 - INFO - Ignorando URL de arquivo não-HTML: https://www.tjpi.jus.br/diarioeletronico/public/dj190912_8751.pdf
2025-05-22 04:56:20,093 - P17020 - INFO - Após processar URL 1 Uso de memória: 126.31 MB
2025-05-22 04:56:20,093 - P17020 - INFO - Processando URL 2/28: https://cliniguia.com/profissionais/marco-antonio-pereira-de-campos-980016004312202/
2025-05-22 04:56:25,583 - P17020 - INFO - HTML salvo para debug: data\debug_html_v10\93f10f3fec969237105772f9b1eef381.html
2025-05-22 04:56:25,627 - P17020 - INFO - Candidates address: 0 items
2025-05-22 04:56:25,627 - P17020 - INFO - Candidates phone: 0 items
2025-05-22 04:56:25,628 - P17020 - INFO - Candidates email: 0 items
2025-05-22 04:56:25,628 - P17020 - INFO - Candidates complement: 0 items
2025-05-22 04:56:25,628 - P17020 - INFO - Candidates cep: 0 items
2025-05-22 04:56:25,628 - P17020 - INFO - Após processar URL 2 Uso de memória: 128.26 MB
2025-05-22 04:56:25,628 - P17020 - INFO - Processando URL 3/28: https://diariooficial.guarulhos.sp.gov.br/uploads/pdf/1102912340.pdf
2025-05-22 04:56:25,628 - P17020 - INFO - Ignorando URL de arquivo não-HTML: https://diariooficial.guarulhos.sp.gov.br/uploads/pdf/1102912340.pdf
2025-05-22 04:56:25,629 - P17020 - INFO - Após processar URL 3 Uso de memória: 127.15 MB
2025-05-22 04:56:25,629 - P17020 - INFO - Processando URL 4/28: https://diariodomunicipio.sjc.sp.gov.br/portal/edicoes/download/1620
2025-05-22 04:56:29,027 - P17020 - INFO - HTML salvo para debug: data\debug_html_v10\62f2c14ef5b496c27d5bb92983cdadd1.html
2025-05-22 04:56:29,074 - P17020 - INFO - Candidates address: 0 items
2025-05-22 04:56:29,074 - P17020 - INFO - Candidates phone: 0 items
2025-05-22 04:56:29,074 - P17020 - INFO - Candidates email: 0 items
2025-05-22 04:56:29,074 - P17020 - INFO - Candidates complement: 0 items
2025-05-22 04:56:29,074 - P17020 - INFO - Candidates cep: 0 items
2025-05-22 04:56:29,075 - P17020 - INFO - Após processar URL 4 Uso de memória: 128.46 MB
2025-05-22 04:56:29,075 - P17020 - INFO - Processando URL 5/28: https://diariooficial.guarulhos.sp.gov.br/uploads/pdf/1278471420.pdf
2025-05-22 04:56:29,075 - P17020 - INFO - Ignorando URL de arquivo não-HTML: https://diariooficial.guarulhos.sp.gov.br/uploads/pdf/1278471420.pdf
2025-05-22 04:56:29,075 - P17020 - INFO - Após processar URL 5 Uso de memória: 127.35 MB
2025-05-22 04:56:29,076 - P17020 - INFO - Processando URL 6/28: https://consultacrm.com.br/
2025-05-22 04:56:32,256 - P17020 - INFO - HTML salvo para debug: data\debug_html_v10\65cadeb91ac3713432c21b535990f440.html
2025-05-22 04:56:32,267 - P17020 - INFO - Candidates address: 0 items
2025-05-22 04:56:32,267 - P17020 - INFO - Candidates phone: 0 items
2025-05-22 04:56:32,267 - P17020 - INFO - Candidates email: 0 items
2025-05-22 04:56:32,267 - P17020 - INFO - Candidates complement: 0 items
2025-05-22 04:56:32,268 - P17020 - INFO - Candidates cep: 0 items
2025-05-22 04:56:32,268 - P17020 - INFO - Após processar URL 6 Uso de memória: 130.54 MB
2025-05-22 04:56:32,268 - P17020 - INFO - Processando URL 7/28: https://www.cajati.sp.gov.br/admin/globalarq/diario-eletronico/diario/23ZAaA3xsR2c2wAT.pdf
2025-05-22 04:56:32,268 - P17020 - INFO - Ignorando URL de arquivo não-HTML: https://www.cajati.sp.gov.br/admin/globalarq/diario-eletronico/diario/23ZAaA3xsR2c2wAT.pdf
2025-05-22 04:56:32,269 - P17020 - INFO - Após processar URL 7 Uso de memória: 129.68 MB
2025-05-22 04:56:32,269 - P17020 - INFO - Processando URL 8/28: https://www.tjpi.jus.br/diarioeletronico/public/dj160913_8060.pdf
2025-05-22 04:56:32,269 - P17020 - INFO - Ignorando URL de arquivo não-HTML: https://www.tjpi.jus.br/diarioeletronico/public/dj160913_8060.pdf
2025-05-22 04:56:32,269 - P17020 - INFO - Após processar URL 8 Uso de memória: 129.68 MB
2025-05-22 04:56:32,269 - P17020 - INFO - Processando URL 9/28: https://www.ioepa.com.br/pages/2024/2024.12.23.DOE.pdf
2025-05-22 04:56:32,270 - P17020 - INFO - Ignorando URL de arquivo não-HTML: https://www.ioepa.com.br/pages/2024/2024.12.23.DOE.pdf
2025-05-22 04:56:32,270 - P17020 - INFO - Após processar URL 9 Uso de memória: 129.68 MB
2025-05-22 04:56:32,270 - P17020 - INFO - Processando URL 10/28: https://servicos.sjc.sp.gov.br/governo/boletim/boletimPDF/2022012118250633a46a2b-220b-4678-8638-9449cc2cf3c7.pdf
2025-05-22 04:56:32,270 - P17020 - INFO - Ignorando URL de arquivo não-HTML: https://servicos.sjc.sp.gov.br/governo/boletim/boletimPDF/2022012118250633a46a2b-220b-4678-8638-9449cc2cf3c7.pdf
2025-05-22 04:56:32,271 - P17020 - INFO - Após processar URL 10 Uso de memória: 129.68 MB
2025-05-22 04:56:32,271 - P17020 - INFO - Processando URL 11/28: https://www.catalogo.med.br/doutor/marco-antonio-pereira-de-campos-1630327.htm
2025-05-22 04:56:34,441 - P17020 - INFO - HTML salvo para debug: data\debug_html_v10\b66759727cd48a6f7bd8e969cd36f667.html
2025-05-22 04:56:34,442 - P17020 - INFO - Candidates address: 0 items
2025-05-22 04:56:34,442 - P17020 - INFO - Candidates phone: 0 items
2025-05-22 04:56:34,442 - P17020 - INFO - Candidates email: 1 items
2025-05-22 04:56:34,443 - P17020 - INFO - Candidates complement: 0 items
2025-05-22 04:56:34,443 - P17020 - INFO - Candidates cep: 0 items
2025-05-22 04:56:34,443 - P17020 - INFO - Após processar URL 11 Uso de memória: 129.68 MB
2025-05-22 04:56:34,443 - P17020 - INFO - Processando URL 12/28: http://www.saude.pa.gov.br/wp-content/uploads/2022/10/CONT-No-37-2012PUB1o-AO-8o-TAS-AMME.pdf
2025-05-22 04:56:34,443 - P17020 - INFO - Ignorando URL de arquivo não-HTML: http://www.saude.pa.gov.br/wp-content/uploads/2022/10/CONT-No-37-2012PUB1o-AO-8o-TAS-AMME.pdf
2025-05-22 04:56:34,443 - P17020 - INFO - Após processar URL 12 Uso de memória: 129.68 MB
2025-05-22 04:56:34,444 - P17020 - INFO - Processando URL 13/28: https://dgp.seap.pa.gov.br/sisp/upload/pss_notices_files/2023/05/edital-pss-01-2023-convocacao-para-entrevista-terceira-fase-1684262739.pdf
2025-05-22 04:56:34,444 - P17020 - INFO - Ignorando URL de arquivo não-HTML: https://dgp.seap.pa.gov.br/sisp/upload/pss_notices_files/2023/05/edital-pss-01-2023-convocacao-para-entrevista-terceira-fase-1684262739.pdf
2025-05-22 04:56:34,444 - P17020 - INFO - Após processar URL 13 Uso de memória: 129.68 MB
2025-05-22 04:56:34,444 - P17020 - INFO - Processando URL 14/28: https://doutorcrm.com/marco-antonio-pereira-de-campos
2025-05-22 04:56:38,299 - P17020 - INFO - HTML salvo para debug: data\debug_html_v10\b8f2e3cf5fc6713148332b5c09ed235c.html
2025-05-22 04:56:38,308 - P17020 - INFO - Candidates address: 1 items
2025-05-22 04:56:38,308 - P17020 - INFO - Candidates phone: 0 items
2025-05-22 04:56:38,308 - P17020 - INFO - Candidates email: 0 items
2025-05-22 04:56:38,308 - P17020 - INFO - Candidates complement: 0 items
2025-05-22 04:56:38,309 - P17020 - INFO - Candidates cep: 0 items
2025-05-22 04:56:38,309 - P17020 - INFO - Após processar URL 14 Uso de memória: 130.04 MB
2025-05-22 04:56:38,309 - P17020 - INFO - Processando URL 15/28: https://diariooficial.guarulhos.sp.gov.br/uploads/pdf/221525933.pdf
2025-05-22 04:56:38,309 - P17020 - INFO - Ignorando URL de arquivo não-HTML: https://diariooficial.guarulhos.sp.gov.br/uploads/pdf/221525933.pdf
2025-05-22 04:56:38,309 - P17020 - INFO - Após processar URL 15 Uso de memória: 130.04 MB
2025-05-22 04:56:38,310 - P17020 - INFO - Processando URL 16/28: https://sistemas.trf1.jus.br/edj/bitstream/handle/123/130803/Caderno_JUD_GO_2016-06-14_VIII_108.pdf?sequence=1&isAllowed=y
2025-05-22 04:56:38,310 - P17020 - INFO - Ignorando URL de arquivo não-HTML: https://sistemas.trf1.jus.br/edj/bitstream/handle/123/130803/Caderno_JUD_GO_2016-06-14_VIII_108.pdf?sequence=1&isAllowed=y
2025-05-22 04:56:38,310 - P17020 - INFO - Após processar URL 16 Uso de memória: 130.04 MB
2025-05-22 04:56:38,310 - P17020 - INFO - Processando URL 17/28: https://diariooficial.prefeitura.sp.gov.br/md_epubli_controlador.php?acao=edicao_consultar&formato=O&dta=11/07/2024
2025-05-22 04:56:57,112 - P17020 - WARNING - Página muito grande (7.66MB), truncando
2025-05-22 04:56:57,129 - P17020 - INFO - HTML salvo para debug: data\debug_html_v10\bd8f0c0a3747705145263354165a19e3.html
2025-05-22 04:56:58,591 - P17020 - INFO - Candidates address: 139 items
2025-05-22 04:56:58,592 - P17020 - INFO - Candidates phone: 39 items
2025-05-22 04:56:58,592 - P17020 - INFO - Candidates email: 60 items
2025-05-22 04:56:58,592 - P17020 - INFO - Candidates complement: 11 items
2025-05-22 04:56:58,592 - P17020 - INFO - Candidates cep: 1862 items
2025-05-22 04:56:58,593 - P17020 - INFO - Após processar URL 17 Uso de memória: 142.57 MB
2025-05-22 04:56:58,593 - P17020 - INFO - Processando URL 18/28: https://sistemas.tjes.jus.br/ediario/index.php?option=com_ediario&view=contents&layout=fulltext&data=20180813&idorgao=347
2025-05-22 04:57:04,560 - P17020 - INFO - HTML salvo para debug: data\debug_html_v10\3902226840e8ed0d7316a78ab0905dc6.html
2025-05-22 04:57:05,676 - P17020 - INFO - Candidates address: 67 items
2025-05-22 04:57:05,676 - P17020 - INFO - Candidates phone: 4 items
2025-05-22 04:57:05,677 - P17020 - INFO - Candidates email: 2 items
2025-05-22 04:57:05,677 - P17020 - INFO - Candidates complement: 4 items
2025-05-22 04:57:05,677 - P17020 - INFO - Candidates cep: 46 items
2025-05-22 04:57:05,677 - P17020 - INFO - Após processar URL 18 Uso de memória: 133.77 MB
2025-05-22 04:57:05,677 - P17020 - INFO - Processando URL 19/28: https://portal.cfm.org.br/busca-medicos
2025-05-22 04:57:09,621 - P17020 - INFO - HTML salvo para debug: data\debug_html_v10\e28ae84aaa177d1328f3a0d1fb68449f.html
2025-05-22 04:57:09,662 - P17020 - INFO - Candidates address: 0 items
2025-05-22 04:57:09,662 - P17020 - INFO - Candidates phone: 0 items
2025-05-22 04:57:09,663 - P17020 - INFO - Candidates email: 1 items
2025-05-22 04:57:09,663 - P17020 - INFO - Candidates complement: 1 items
2025-05-22 04:57:09,663 - P17020 - INFO - Candidates cep: 1 items
2025-05-22 04:57:09,663 - P17020 - INFO - Após processar URL 19 Uso de memória: 130.66 MB
2025-05-22 04:57:09,663 - P17020 - INFO - Processando URL 20/28: https://guiamedico.cremesp.org.br/
2025-05-22 04:57:12,536 - P17020 - INFO - HTML salvo para debug: data\debug_html_v10\7c54969580769b63edd9abaa952e1fa2.html
2025-05-22 04:57:12,543 - P17020 - INFO - Candidates address: 1 items
2025-05-22 04:57:12,543 - P17020 - INFO - Candidates phone: 1 items
2025-05-22 04:57:12,543 - P17020 - INFO - Candidates email: 0 items
2025-05-22 04:57:12,543 - P17020 - INFO - Candidates complement: 0 items
2025-05-22 04:57:12,544 - P17020 - INFO - Candidates cep: 1 items
2025-05-22 04:57:12,544 - P17020 - INFO - Após processar URL 20 Uso de memória: 130.66 MB
2025-05-22 04:57:12,544 - P17020 - INFO - Processando URL 21/28: https://www.achecerto.com.br/
2025-05-22 04:57:15,665 - P17020 - INFO - HTML salvo para debug: data\debug_html_v10\ceb96e5663cace6f7b35fee1716d7561.html
2025-05-22 04:57:15,686 - P17020 - INFO - Candidates address: 1 items
2025-05-22 04:57:15,688 - P17020 - INFO - Candidates phone: 0 items
2025-05-22 04:57:15,688 - P17020 - INFO - Candidates email: 1 items
2025-05-22 04:57:15,689 - P17020 - INFO - Candidates complement: 0 items
2025-05-22 04:57:15,689 - P17020 - INFO - Candidates cep: 0 items
2025-05-22 04:57:15,690 - P17020 - INFO - Após processar URL 21 Uso de memória: 130.66 MB
2025-05-22 04:57:15,690 - P17020 - INFO - Processando URL 22/28: https://www.saopauloaqui.com.br/1/16134/homeopatia/consultorio-medico-marco-antonio-pereira-de-campos.html
2025-05-22 04:57:21,022 - P17020 - INFO - HTML salvo para debug: data\debug_html_v10\673dd44a42d411eaf92a5af9252fdaaa.html
2025-05-22 04:57:21,036 - P17020 - INFO - Candidates address: 1 items
2025-05-22 04:57:21,037 - P17020 - INFO - Candidates phone: 0 items
2025-05-22 04:57:21,037 - P17020 - INFO - Candidates email: 0 items
2025-05-22 04:57:21,037 - P17020 - INFO - Candidates complement: 0 items
2025-05-22 04:57:21,037 - P17020 - INFO - Candidates cep: 1 items
2025-05-22 04:57:21,037 - P17020 - INFO - Após processar URL 22 Uso de memória: 130.66 MB
2025-05-22 04:57:21,037 - P17020 - INFO - Processando URL 23/28: https://imip.org.br/wp-content/uploads/2025/02/novoIMIP-Noticias-MAR-2025-1.pdf
2025-05-22 04:57:21,038 - P17020 - INFO - Ignorando URL de arquivo não-HTML: https://imip.org.br/wp-content/uploads/2025/02/novoIMIP-Noticias-MAR-2025-1.pdf
2025-05-22 04:57:21,038 - P17020 - INFO - Após processar URL 23 Uso de memória: 130.66 MB
2025-05-22 04:57:21,038 - P17020 - INFO - Processando URL 24/28: https://diariooficial.guarulhos.sp.gov.br/uploads/pdf/565976366.pdf
2025-05-22 04:57:21,038 - P17020 - INFO - Ignorando URL de arquivo não-HTML: https://diariooficial.guarulhos.sp.gov.br/uploads/pdf/565976366.pdf
2025-05-22 04:57:21,038 - P17020 - INFO - Após processar URL 24 Uso de memória: 130.66 MB
2025-05-22 04:57:21,038 - P17020 - INFO - Processando URL 25/28: https://diariooficial.guarulhos.sp.gov.br/uploads/pdf/428916886.pdf
2025-05-22 04:57:21,039 - P17020 - INFO - Ignorando URL de arquivo não-HTML: https://diariooficial.guarulhos.sp.gov.br/uploads/pdf/428916886.pdf
2025-05-22 04:57:21,039 - P17020 - INFO - Após processar URL 25 Uso de memória: 130.66 MB
2025-05-22 04:57:21,040 - P17020 - INFO - Processando URL 26/28: https://sistemadje.tjmt.jus.br/publicacoes/10544-2019%20C2%20Comarcas%20-%20Entr%C3%A2ncia%20Especial.pdf
2025-05-22 04:57:21,040 - P17020 - INFO - Ignorando URL de arquivo não-HTML: https://sistemadje.tjmt.jus.br/publicacoes/10544-2019%20C2%20Comarcas%20-%20Entr%C3%A2ncia%20Especial.pdf
2025-05-22 04:57:21,040 - P17020 - INFO - Após processar URL 26 Uso de memória: 130.66 MB
2025-05-22 04:57:21,041 - P17020 - INFO - Processando URL 27/28: https://dosp.com.br/exibe_do.php?i=NTU5MTE=
2025-05-22 04:57:23,180 - P17020 - INFO - HTML salvo para debug: data\debug_html_v10\ccbdd3b8a5bd27f98a285c59bf2c49e0.html
2025-05-22 04:57:23,180 - P17020 - INFO - Candidates address: 0 items
2025-05-22 04:57:23,180 - P17020 - INFO - Candidates phone: 0 items
2025-05-22 04:57:23,180 - P17020 - INFO - Candidates email: 0 items
2025-05-22 04:57:23,181 - P17020 - INFO - Candidates complement: 0 items
2025-05-22 04:57:23,181 - P17020 - INFO - Candidates cep: 0 items
2025-05-22 04:57:23,181 - P17020 - INFO - Após processar URL 27 Uso de memória: 130.66 MB
2025-05-22 04:57:23,181 - P17020 - INFO - Processando URL 28/28: https://deoab.oab.org.br/assets/diarios/diario-eletronico-oab-02-09-2022.pdf
2025-05-22 04:57:23,181 - P17020 - INFO - Ignorando URL de arquivo não-HTML: https://deoab.oab.org.br/assets/diarios/diario-eletronico-oab-02-09-2022.pdf
2025-05-22 04:57:23,182 - P17020 - INFO - Após processar URL 28 Uso de memória: 130.66 MB
2025-05-22 04:57:23,182 - P17020 - INFO - Iniciando agregação e ranqueamento
2025-05-22 04:57:23,182 - P17020 - INFO - Ranked address: 210 items
2025-05-22 04:57:23,182 - P17020 - INFO - Ranked phone: 44 items
2025-05-22 04:57:23,182 - P17020 - INFO - Ranked email: 65 items
2025-05-22 04:57:23,183 - P17020 - INFO - Ranked complement: 16 items
2025-05-22 04:57:23,183 - P17020 - INFO - Ranked cep: 1911 items
2025-05-22 04:57:23,184 - P17020 - INFO - Após agregação Uso de memória: 130.69 MB
2025-05-22 04:57:23,184 - P17020 - INFO - Validando endereço: ['Avenida Agua Fria, 1495', 'R.São Bento, 405', 'Rua Borges Lagoa, 1230']
2025-05-22 04:57:23,184 - P17020 - INFO - Endereço validado: Avenida Agua Fria, 1495
2025-05-22 04:57:23,185 - P17020 - INFO - Limpando texto extenso para campo address: Avenida Agua Fria, 1495...
2025-05-22 04:57:23,185 - P17020 - INFO - Texto limpo: Avenida Agua Fria, 1495
2025-05-22 04:57:23,185 - P17020 - INFO - Validando telefone: ['(11) 3113-8000', '(11) 3322-4717', '(11) 3396-0175']
2025-05-22 04:57:23,185 - P17020 - INFO - Limpando texto extenso para campo phone: (11) 3113-8000...
2025-05-22 04:57:23,185 - P17020 - INFO - Texto limpo: 11) 3113-8000
2025-05-22 04:57:23,185 - P17020 - INFO - Telefone validado: 11) 3113-8000
2025-05-22 04:57:23,186 - P17020 - INFO - Validando email: ['webmaster@catalogo.med.br', 'casacivil@prefeitura.sp.gov.br', 'smjcomunicacao@prefeitura.sp.gov.br']
2025-05-22 04:57:23,186 - P17020 - INFO - Limpando texto extenso para campo email: webmaster@catalogo.med.br...
2025-05-22 04:57:23,186 - P17020 - INFO - Texto limpo: webmaster@catalogo.med.br
2025-05-22 04:57:23,186 - P17020 - INFO - Email validado: webmaster@catalogo.med.br
2025-05-22 04:57:23,186 - P17020 - INFO - Validando complemento: ['Sala Adoniran Barbosa (Rua Vergueiro', 'Conjunto Desportivo Constâncio Vaz Guimarães', 'Conjunto Nacional. Endereço: Avenida Paulista']
2025-05-22 04:57:23,186 - P17020 - INFO - Limpando texto extenso para campo complement: Sala Adoniran Barbosa (Rua Vergueiro...
2025-05-22 04:57:23,187 - P17020 - INFO - Texto limpo: Sala Adoniran Barbosa (Rua Ver
2025-05-22 04:57:23,187 - P17020 - INFO - Complemento validado: Sala Adoniran Barbosa (Rua Ver
2025-05-22 04:57:23,187 - P17020 - INFO - Descobrindo cidade
2025-05-22 04:57:23,188 - P17020 - INFO - Buscando cidade: Avenida Agua Fria cidade SP
2025-05-22 04:57:25,889 - P17020 - WARNING - Cidade não encontrada
2025-05-22 04:57:25,889 - P17020 - INFO - Cidade descoberta: 
2025-05-22 04:57:25,890 - P17020 - INFO - Tempo de execução de processamento completo do médico: 71.90 segundos
2025-05-22 04:57:25,890 - P17020 - INFO - Resultado processado: {'Hash': '7b3e2e98e992fc7f0353e03f6df5ff5044b0ce21589c9437114f7450bd34a80b', 'CRM': '22014', 'UF': 'SP', 'Firstname': 'MARCO', 'LastName': 'ANTONIO PEREIRA DE CAMPOS', 'Medical specialty': '', 'Endereco Completo A1': 'Avenida Agua Fria, 1495', 'Address A1': 'Avenida Agua Fria', 'Numero A1': '1495', 'Complement A1': 'Sala Adoniran Barbosa (Rua Ver', 'Bairro A1': '', 'postal code A1': '', 'City A1': '', 'State A1': '', 'Phone A1': '11) 3113-8000', 'Phone A2': '', 'Cell phone A1': '', 'Cell phone A2': '', 'E-mail A1': 'webmaster@catalogo.med.br', 'E-mail A2': '', 'OPT-IN': '', 'STATUS': '', 'LOTE': ''}
2025-05-22 04:57:25,891 - P17020 - INFO - Progresso: 79.3%
2025-05-22 04:57:25,891 - P17020 - INFO - Tempo de execução de processamento do médico 2: 71.90 segundos
2025-05-22 04:57:25,891 - P17020 - INFO - 
==================================================
Processando médico 3/3
2025-05-22 04:57:25,891 - P17020 - INFO - Nome: MARIA JOSE PASSOS DE OLIVEIRA
2025-05-22 04:57:25,892 - P17020 - INFO - Início do processamento Uso de memória: 127.82 MB
2025-05-22 04:57:25,892 - P17020 - INFO - Iniciando busca para: MARIA JOSE PASSOS DE OLIVEIRA CRM 22212 SP telefone e-mail endereço
2025-05-22 04:57:26,901 - P17020 - INFO - SearX results: 15 URLs
2025-05-22 04:57:26,902 - P17020 - INFO - Após SearX Uso de memória: 127.82 MB
2025-05-22 04:57:29,573 - P17020 - INFO - Google results: 10 URLs
2025-05-22 04:57:29,573 - P17020 - INFO - Após Google Uso de memória: 127.82 MB
2025-05-22 04:57:32,081 - P17020 - INFO - Bing results: 0 URLs
2025-05-22 04:57:32,081 - P17020 - INFO - Após Bing Uso de memória: 128.61 MB
2025-05-22 04:57:32,081 - P17020 - INFO - Total de URLs únicas: 19
2025-05-22 04:57:32,081 - P17020 - INFO - Processando URL 1/19: https://deoab.oab.org.br/assets/diarios/diario-eletronico-oab-26-06-2024.pdf?p=1719424800031
2025-05-22 04:57:32,081 - P17020 - INFO - Ignorando URL de arquivo não-HTML: https://deoab.oab.org.br/assets/diarios/diario-eletronico-oab-26-06-2024.pdf?p=1719424800031
2025-05-22 04:57:32,082 - P17020 - INFO - Após processar URL 1 Uso de memória: 128.61 MB
2025-05-22 04:57:32,082 - P17020 - INFO - Processando URL 2/19: https://pbqp-h.mdr.gov.br/wp-content/uploads/2023/09/SiAC-Empresas-Certificadas-maio-a-14092023-site.csv
2025-05-22 04:57:32,082 - P17020 - INFO - Ignorando URL de arquivo não-HTML: https://pbqp-h.mdr.gov.br/wp-content/uploads/2023/09/SiAC-Empresas-Certificadas-maio-a-14092023-site.csv
2025-05-22 04:57:32,083 - P17020 - INFO - Após processar URL 2 Uso de memória: 128.61 MB
2025-05-22 04:57:32,083 - P17020 - INFO - Processando URL 3/19: https://imprensaoficial.jundiai.sp.gov.br/wp-content/uploads/2025/01/1c9c384d-6562-4c1c-b7e9-4aa17549bce4_Edicao-5579-15-01-2025.pdf
2025-05-22 04:57:32,083 - P17020 - INFO - Ignorando URL de arquivo não-HTML: https://imprensaoficial.jundiai.sp.gov.br/wp-content/uploads/2025/01/1c9c384d-6562-4c1c-b7e9-4aa17549bce4_Edicao-5579-15-01-2025.pdf
2025-05-22 04:57:32,083 - P17020 - INFO - Após processar URL 3 Uso de memória: 128.61 MB
2025-05-22 04:57:32,083 - P17020 - INFO - Processando URL 4/19: https://consultacrm.com.br/
2025-05-22 04:57:35,360 - P17020 - INFO - HTML salvo para debug: data\debug_html_v10\65cadeb91ac3713432c21b535990f440.html
2025-05-22 04:57:35,372 - P17020 - INFO - Candidates address: 0 items
2025-05-22 04:57:35,373 - P17020 - INFO - Candidates phone: 0 items
2025-05-22 04:57:35,373 - P17020 - INFO - Candidates email: 0 items
2025-05-22 04:57:35,373 - P17020 - INFO - Candidates complement: 0 items
2025-05-22 04:57:35,373 - P17020 - INFO - Candidates cep: 0 items
2025-05-22 04:57:35,373 - P17020 - INFO - Após processar URL 4 Uso de memória: 128.61 MB
2025-05-22 04:57:35,374 - P17020 - INFO - Processando URL 5/19: https://pbqp-h.mdr.gov.br/wp-content/uploads/2024/03/Empresas-Certificadas-SIAC-Outubro-a-14-03-2024-Planilha1.csv
2025-05-22 04:57:35,374 - P17020 - INFO - Ignorando URL de arquivo não-HTML: https://pbqp-h.mdr.gov.br/wp-content/uploads/2024/03/Empresas-Certificadas-SIAC-Outubro-a-14-03-2024-Planilha1.csv
2025-05-22 04:57:35,374 - P17020 - INFO - Após processar URL 5 Uso de memória: 128.61 MB
2025-05-22 04:57:35,374 - P17020 - INFO - Processando URL 6/19: http://cremesp.org.br/
2025-05-22 04:57:39,214 - P17020 - INFO - HTML salvo para debug: data\debug_html_v10\2a967318246f9658edeb1e0469c871fe.html
2025-05-22 04:57:39,240 - P17020 - INFO - Candidates address: 1 items
2025-05-22 04:57:39,241 - P17020 - INFO - Candidates phone: 1 items
2025-05-22 04:57:39,241 - P17020 - INFO - Candidates email: 0 items
2025-05-22 04:57:39,241 - P17020 - INFO - Candidates complement: 0 items
2025-05-22 04:57:39,241 - P17020 - INFO - Candidates cep: 2 items
2025-05-22 04:57:39,241 - P17020 - INFO - Após processar URL 6 Uso de memória: 128.61 MB
2025-05-22 04:57:39,242 - P17020 - INFO - Processando URL 7/19: https://portal-api.campinas.sp.gov.br/sites/default/files/publicacoes-dom/dom/190269953.pdf
2025-05-22 04:57:39,242 - P17020 - INFO - Ignorando URL de arquivo não-HTML: https://portal-api.campinas.sp.gov.br/sites/default/files/publicacoes-dom/dom/190269953.pdf
2025-05-22 04:57:39,242 - P17020 - INFO - Após processar URL 7 Uso de memória: 128.61 MB
2025-05-22 04:57:39,242 - P17020 - INFO - Processando URL 8/19: https://www.consultacrm.com.br/index/profissionais
2025-05-22 04:57:44,179 - P17020 - INFO - HTML salvo para debug: data\debug_html_v10\ca7ac6c4b85cee4a2c1da9949f895117.html
2025-05-22 04:57:44,190 - P17020 - INFO - Candidates address: 0 items
2025-05-22 04:57:44,190 - P17020 - INFO - Candidates phone: 0 items
2025-05-22 04:57:44,190 - P17020 - INFO - Candidates email: 0 items
2025-05-22 04:57:44,191 - P17020 - INFO - Candidates complement: 0 items
2025-05-22 04:57:44,191 - P17020 - INFO - Candidates cep: 0 items
2025-05-22 04:57:44,191 - P17020 - INFO - Após processar URL 8 Uso de memória: 128.62 MB
2025-05-22 04:57:44,191 - P17020 - INFO - Processando URL 9/19: https://diariooficial.santos.sp.gov.br/edicoes/inicio/download/2025-01-17
2025-05-22 04:57:46,269 - P17020 - INFO - HTML salvo para debug: data\debug_html_v10\d08e61812da3e41e616c8e2a59725320.html
2025-05-22 04:57:46,270 - P17020 - INFO - Candidates address: 0 items
2025-05-22 04:57:46,270 - P17020 - INFO - Candidates phone: 0 items
2025-05-22 04:57:46,270 - P17020 - INFO - Candidates email: 0 items
2025-05-22 04:57:46,270 - P17020 - INFO - Candidates complement: 0 items
2025-05-22 04:57:46,271 - P17020 - INFO - Candidates cep: 0 items
2025-05-22 04:57:46,271 - P17020 - INFO - Após processar URL 9 Uso de memória: 128.62 MB
2025-05-22 04:57:46,271 - P17020 - INFO - Processando URL 10/19: https://sistemas.tjes.jus.br/ediario/index.php?option=com_ediario&view=contents&layout=fulltext&data=20181004&idorgao=140
2025-05-22 04:57:49,273 - P17020 - INFO - HTML salvo para debug: data\debug_html_v10\4e78fdc18dbc71fcc0af31c9fb7a0649.html
2025-05-22 04:57:49,754 - P17020 - INFO - Candidates address: 36 items
2025-05-22 04:57:49,754 - P17020 - INFO - Candidates phone: 7 items
2025-05-22 04:57:49,755 - P17020 - INFO - Candidates email: 3 items
2025-05-22 04:57:49,755 - P17020 - INFO - Candidates complement: 1 items
2025-05-22 04:57:49,755 - P17020 - INFO - Candidates cep: 12 items
2025-05-22 04:57:49,755 - P17020 - INFO - Após processar URL 10 Uso de memória: 131.23 MB
2025-05-22 04:57:49,755 - P17020 - INFO - Processando URL 11/19: https://www.classemedica.com.br/medico/232011-maria-jose-passos-de-oliveira.htm
2025-05-22 04:57:53,390 - P17020 - INFO - HTML salvo para debug: data\debug_html_v10\bcaa4629c059af9f64eaf0402e744533.html
2025-05-22 04:57:53,421 - P17020 - INFO - Candidates address: 0 items
2025-05-22 04:57:53,421 - P17020 - INFO - Candidates phone: 0 items
2025-05-22 04:57:53,421 - P17020 - INFO - Candidates email: 0 items
2025-05-22 04:57:53,421 - P17020 - INFO - Candidates complement: 0 items
2025-05-22 04:57:53,421 - P17020 - INFO - Candidates cep: 0 items
2025-05-22 04:57:53,421 - P17020 - INFO - Após processar URL 11 Uso de memória: 130.66 MB
2025-05-22 04:57:53,422 - P17020 - INFO - Processando URL 12/19: https://diariooficial.guarulhos.sp.gov.br/uploads/pdf/291403462.pdf
2025-05-22 04:57:53,422 - P17020 - INFO - Ignorando URL de arquivo não-HTML: https://diariooficial.guarulhos.sp.gov.br/uploads/pdf/291403462.pdf
2025-05-22 04:57:53,422 - P17020 - INFO - Após processar URL 12 Uso de memória: 129.60 MB
2025-05-22 04:57:53,422 - P17020 - INFO - Processando URL 13/19: https://osasco.sp.gov.br/site/wp-content/uploads/2015/07/httposasco.sp_.gov_.brcompsec1atosEd1156.pdf
2025-05-22 04:57:53,422 - P17020 - INFO - Ignorando URL de arquivo não-HTML: https://osasco.sp.gov.br/site/wp-content/uploads/2015/07/httposasco.sp_.gov_.brcompsec1atosEd1156.pdf
2025-05-22 04:57:53,422 - P17020 - INFO - Após processar URL 13 Uso de memória: 129.60 MB
2025-05-22 04:57:53,423 - P17020 - INFO - Processando URL 14/19: https://portal.cfm.org.br/busca-medicos
2025-05-22 04:57:56,842 - P17020 - INFO - HTML salvo para debug: data\debug_html_v10\e28ae84aaa177d1328f3a0d1fb68449f.html
2025-05-22 04:57:56,877 - P17020 - INFO - Candidates address: 0 items
2025-05-22 04:57:56,878 - P17020 - INFO - Candidates phone: 0 items
2025-05-22 04:57:56,878 - P17020 - INFO - Candidates email: 1 items
2025-05-22 04:57:56,878 - P17020 - INFO - Candidates complement: 1 items
2025-05-22 04:57:56,878 - P17020 - INFO - Candidates cep: 1 items
2025-05-22 04:57:56,878 - P17020 - INFO - Após processar URL 14 Uso de memória: 129.60 MB
2025-05-22 04:57:56,879 - P17020 - INFO - Processando URL 15/19: https://guiamedico.cremesp.org.br/
2025-05-22 04:57:59,563 - P17020 - INFO - HTML salvo para debug: data\debug_html_v10\7c54969580769b63edd9abaa952e1fa2.html
2025-05-22 04:57:59,569 - P17020 - INFO - Candidates address: 1 items
2025-05-22 04:57:59,569 - P17020 - INFO - Candidates phone: 1 items
2025-05-22 04:57:59,570 - P17020 - INFO - Candidates email: 0 items
2025-05-22 04:57:59,570 - P17020 - INFO - Candidates complement: 0 items
2025-05-22 04:57:59,570 - P17020 - INFO - Candidates cep: 1 items
2025-05-22 04:57:59,570 - P17020 - INFO - Após processar URL 15 Uso de memória: 129.60 MB
2025-05-22 04:57:59,570 - P17020 - INFO - Processando URL 16/19: https://www.achecerto.com.br/
2025-05-22 04:58:05,266 - P17020 - INFO - HTML salvo para debug: data\debug_html_v10\ceb96e5663cace6f7b35fee1716d7561.html
2025-05-22 04:58:05,288 - P17020 - INFO - Candidates address: 1 items
2025-05-22 04:58:05,289 - P17020 - INFO - Candidates phone: 0 items
2025-05-22 04:58:05,289 - P17020 - INFO - Candidates email: 1 items
2025-05-22 04:58:05,289 - P17020 - INFO - Candidates complement: 0 items
2025-05-22 04:58:05,289 - P17020 - INFO - Candidates cep: 0 items
2025-05-22 04:58:05,290 - P17020 - INFO - Após processar URL 16 Uso de memória: 129.61 MB
2025-05-22 04:58:05,290 - P17020 - INFO - Processando URL 17/19: https://pbqp-h.mdr.gov.br/wp-content/uploads/2024/08/Empresas-Certificadas-SIAC-Janeiro-a-15-08-2024-Planilha1.csv
2025-05-22 04:58:05,290 - P17020 - INFO - Ignorando URL de arquivo não-HTML: https://pbqp-h.mdr.gov.br/wp-content/uploads/2024/08/Empresas-Certificadas-SIAC-Janeiro-a-15-08-2024-Planilha1.csv
2025-05-22 04:58:05,290 - P17020 - INFO - Após processar URL 17 Uso de memória: 129.61 MB
2025-05-22 04:58:05,291 - P17020 - INFO - Processando URL 18/19: https://diariooficial.guarulhos.sp.gov.br/uploads/pdf/1556697305.pdf
2025-05-22 04:58:05,291 - P17020 - INFO - Ignorando URL de arquivo não-HTML: https://diariooficial.guarulhos.sp.gov.br/uploads/pdf/1556697305.pdf
2025-05-22 04:58:05,291 - P17020 - INFO - Após processar URL 18 Uso de memória: 129.61 MB
2025-05-22 04:58:05,292 - P17020 - INFO - Processando URL 19/19: https://diariooficial.guarulhos.sp.gov.br/uploads/pdf/1765211062.pdf
2025-05-22 04:58:05,292 - P17020 - INFO - Ignorando URL de arquivo não-HTML: https://diariooficial.guarulhos.sp.gov.br/uploads/pdf/1765211062.pdf
2025-05-22 04:58:05,293 - P17020 - INFO - Após processar URL 19 Uso de memória: 129.61 MB
2025-05-22 04:58:05,293 - P17020 - INFO - Iniciando agregação e ranqueamento
2025-05-22 04:58:05,293 - P17020 - INFO - Ranked address: 38 items
2025-05-22 04:58:05,294 - P17020 - INFO - Ranked phone: 8 items
2025-05-22 04:58:05,294 - P17020 - INFO - Ranked email: 5 items
2025-05-22 04:58:05,294 - P17020 - INFO - Ranked complement: 2 items
2025-05-22 04:58:05,294 - P17020 - INFO - Ranked cep: 15 items
2025-05-22 04:58:05,294 - P17020 - INFO - Após agregação Uso de memória: 129.61 MB
2025-05-22 04:58:05,294 - P17020 - INFO - Validando endereço: ['Rua Frei Caneca, 1282', 'R.I. 26 - 0018669-50.2015.8.08.0011', 'R.I. 27 - 0017065-83.2017.8.08.0011']
2025-05-22 04:58:05,295 - P17020 - INFO - Endereço validado: Rua Frei Caneca, 1282
2025-05-22 04:58:05,295 - P17020 - INFO - Limpando texto extenso para campo address: Rua Frei Caneca, 1282...
2025-05-22 04:58:05,295 - P17020 - INFO - Texto limpo: Rua Frei Caneca, 1282
2025-05-22 04:58:05,295 - P17020 - INFO - Validando telefone: ['(11) 4349-9900', '(28) 3526-5824', '(28) 3526-5823']
2025-05-22 04:58:05,295 - P17020 - INFO - Limpando texto extenso para campo phone: (11) 4349-9900...
2025-05-22 04:58:05,296 - P17020 - INFO - Texto limpo: 11) 4349-9900
2025-05-22 04:58:05,296 - P17020 - INFO - Telefone validado: 11) 4349-9900
2025-05-22 04:58:05,296 - P17020 - INFO - Validando email: ['3civel-cachoeiro@tjes.jus.br', '3criminal-cachoeiro@tjes.jus.br', '4criminal-cachoeiro@tjes.jus.br']
2025-05-22 04:58:05,296 - P17020 - INFO - Limpando texto extenso para campo email: 3civel-cachoeiro@tjes.jus.br...
2025-05-22 04:58:05,296 - P17020 - INFO - Texto limpo: 3civel-cachoeiro@tjes.jus.br
2025-05-22 04:58:05,298 - P17020 - INFO - Email validado: 3civel-cachoeiro@tjes.jus.br
2025-05-22 04:58:05,303 - P17020 - INFO - Validando complemento: ['Conjunto nº. 07/2015', 'Conjunto D']
2025-05-22 04:58:05,304 - P17020 - INFO - Limpando texto extenso para campo complement: Conjunto nº. 07/2015...
2025-05-22 04:58:05,307 - P17020 - INFO - Texto limpo: Conjunto nº. 07/2015
2025-05-22 04:58:05,307 - P17020 - INFO - Complemento validado: Conjunto nº. 07/2015
2025-05-22 04:58:05,307 - P17020 - INFO - Descobrindo cidade
2025-05-22 04:58:05,307 - P17020 - INFO - Buscando cidade: Rua Frei Caneca cidade SP
2025-05-22 04:58:07,656 - P17020 - WARNING - Cidade não encontrada
2025-05-22 04:58:07,656 - P17020 - INFO - Cidade descoberta: 
2025-05-22 04:58:07,656 - P17020 - INFO - Tempo de execução de processamento completo do médico: 41.76 segundos
2025-05-22 04:58:07,657 - P17020 - INFO - Resultado processado: {'Hash': '16fc1fa90f3088d907b676b6d35759957ca46442acbcfa1f017cfc60a00dff60', 'CRM': '22212', 'UF': 'SP', 'Firstname': 'MARIA', 'LastName': 'JOSE PASSOS DE OLIVEIRA', 'Medical specialty': '', 'Endereco Completo A1': 'Rua Frei Caneca, 1282', 'Address A1': 'Rua Frei Caneca', 'Numero A1': '1282', 'Complement A1': 'Conjunto nº. 07/2015', 'Bairro A1': '', 'postal code A1': '', 'City A1': '', 'State A1': '', 'Phone A1': '11) 4349-9900', 'Phone A2': '', 'Cell phone A1': '', 'Cell phone A2': '', 'E-mail A1': '3civel-cachoeiro@tjes.jus.br', 'E-mail A2': '', 'OPT-IN': '', 'STATUS': '', 'LOTE': ''}
2025-05-22 04:58:07,657 - P17020 - INFO - Salvando lote de resultados
2025-05-22 04:58:07,658 - P17020 - INFO - Após salvar resultados Uso de memória: 128.81 MB
2025-05-22 04:58:07,659 - P17020 - INFO - Progresso: 79.7%
2025-05-22 04:58:07,659 - P17020 - INFO - Tempo de execução de processamento do médico 3: 41.77 segundos
2025-05-22 04:58:07,659 - P17020 - INFO - Tempo de execução de processamento do lote completo: 197.16 segundos
