2025-05-22 05:19:42,182 - P17320 - INFO - 
==================================================
Processando médico 1/3
2025-05-22 05:19:42,182 - P17320 - INFO - Nome: WALTER MAGALHAES NETO
2025-05-22 05:19:42,182 - P17320 - INFO - Reiniciando driver do Chrome
2025-05-22 05:19:43,494 - P17320 - INFO - Após reiniciar driver Uso de memória: 128.65 MB
2025-05-22 05:19:43,494 - P17320 - INFO - Início do processamento Uso de memória: 128.65 MB
2025-05-22 05:19:43,494 - P17320 - INFO - Iniciando busca para: WALTER MAGALHAES NETO CRM 157195 SP telefone e-mail endereço
2025-05-22 05:19:44,288 - P17320 - INFO - SearX results: 14 URLs
2025-05-22 05:19:44,288 - P17320 - INFO - Após SearX Uso de memória: 128.65 MB
2025-05-22 05:19:47,009 - P17320 - INFO - Google results: 10 URLs
2025-05-22 05:19:47,009 - P17320 - INFO - Após Google Uso de memória: 129.62 MB
2025-05-22 05:19:49,614 - P17320 - INFO - Bing results: 9 URLs
2025-05-22 05:19:49,614 - P17320 - INFO - Após Bing Uso de memória: 130.65 MB
2025-05-22 05:19:49,614 - P17320 - INFO - Total de URLs únicas: 20
2025-05-22 05:19:49,614 - P17320 - INFO - Processando URL 1/20: https://www.rededorsaoluiz.com.br/encontre-um-medico/perfil/walter-magalhaes-neto
2025-05-22 05:19:53,843 - P17320 - INFO - HTML salvo para debug: data\debug_html_v10\568bf830d536c4cb91d6ac556abd0e5c.html
2025-05-22 05:19:53,974 - P17320 - INFO - Candidates address: 0 items
2025-05-22 05:19:53,974 - P17320 - INFO - Candidates phone: 1 items
2025-05-22 05:19:53,974 - P17320 - INFO - Candidates email: 0 items
2025-05-22 05:19:53,974 - P17320 - INFO - Candidates complement: 0 items
2025-05-22 05:19:53,974 - P17320 - INFO - Candidates cep: 0 items
2025-05-22 05:19:53,974 - P17320 - INFO - Após processar URL 1 Uso de memória: 133.43 MB
2025-05-22 05:19:53,975 - P17320 - INFO - Processando URL 2/20: https://www.ioepa.com.br/pages/2017/2017.03.20.DOE.pdf
2025-05-22 05:19:53,975 - P17320 - INFO - Ignorando URL de arquivo não-HTML: https://www.ioepa.com.br/pages/2017/2017.03.20.DOE.pdf
2025-05-22 05:19:53,975 - P17320 - INFO - Após processar URL 2 Uso de memória: 130.65 MB
2025-05-22 05:19:53,975 - P17320 - INFO - Processando URL 3/20: https://cnpj.biz/30276908000193
2025-05-22 05:19:58,609 - P17320 - INFO - HTML salvo para debug: data\debug_html_v10\c9972b1935a56aabbcdb2cd64258d154.html
2025-05-22 05:19:58,627 - P17320 - INFO - Candidates address: 2 items
2025-05-22 05:19:58,627 - P17320 - INFO - Candidates phone: 1 items
2025-05-22 05:19:58,627 - P17320 - INFO - Candidates email: 1 items
2025-05-22 05:19:58,627 - P17320 - INFO - Candidates complement: 3 items
2025-05-22 05:19:58,627 - P17320 - INFO - Candidates cep: 3 items
2025-05-22 05:19:58,627 - P17320 - INFO - Após processar URL 3 Uso de memória: 130.65 MB
2025-05-22 05:19:58,628 - P17320 - INFO - Processando URL 4/20: https://guiamedico.cremesp.org.br/
2025-05-22 05:20:01,903 - P17320 - INFO - HTML salvo para debug: data\debug_html_v10\7c54969580769b63edd9abaa952e1fa2.html
2025-05-22 05:20:01,911 - P17320 - INFO - Candidates address: 1 items
2025-05-22 05:20:01,911 - P17320 - INFO - Candidates phone: 1 items
2025-05-22 05:20:01,911 - P17320 - INFO - Candidates email: 0 items
2025-05-22 05:20:01,914 - P17320 - INFO - Candidates complement: 0 items
2025-05-22 05:20:01,916 - P17320 - INFO - Candidates cep: 1 items
2025-05-22 05:20:01,917 - P17320 - INFO - Após processar URL 4 Uso de memória: 130.65 MB
2025-05-22 05:20:01,918 - P17320 - INFO - Processando URL 5/20: https://dashboard.univinte.edu.br/download/livros/960fc65c77ef7a88e6eabffad86387b2.pdf
2025-05-22 05:20:01,919 - P17320 - INFO - Ignorando URL de arquivo não-HTML: https://dashboard.univinte.edu.br/download/livros/960fc65c77ef7a88e6eabffad86387b2.pdf
2025-05-22 05:20:01,920 - P17320 - INFO - Após processar URL 5 Uso de memória: 130.65 MB
2025-05-22 05:20:01,921 - P17320 - INFO - Processando URL 6/20: https://www.escavador.com/sobre/1331020/walter-magalhaes-neto
2025-05-22 05:20:04,887 - P17320 - INFO - HTML salvo para debug: data\debug_html_v10\9b34df4516eda06247c2d0cedd754c99.html
2025-05-22 05:20:04,903 - P17320 - INFO - Candidates address: 0 items
2025-05-22 05:20:04,903 - P17320 - INFO - Candidates phone: 0 items
2025-05-22 05:20:04,903 - P17320 - INFO - Candidates email: 0 items
2025-05-22 05:20:04,903 - P17320 - INFO - Candidates complement: 0 items
2025-05-22 05:20:04,903 - P17320 - INFO - Candidates cep: 0 items
2025-05-22 05:20:04,904 - P17320 - INFO - Após processar URL 6 Uso de memória: 130.68 MB
2025-05-22 05:20:04,904 - P17320 - INFO - Processando URL 7/20: https://www.rededorsaoluiz.com.br/encontre-um-medico/urologista-clinico/hospital/sao-luiz-analia-franco/atende/cassi
2025-05-22 05:20:13,177 - P17320 - INFO - HTML salvo para debug: data\debug_html_v10\df9625bd2bafaef6178bf691bd232a23.html
2025-05-22 05:20:13,412 - P17320 - INFO - Candidates address: 12 items
2025-05-22 05:20:13,421 - P17320 - INFO - Candidates phone: 1 items
2025-05-22 05:20:13,421 - P17320 - INFO - Candidates email: 0 items
2025-05-22 05:20:13,422 - P17320 - INFO - Candidates complement: 0 items
2025-05-22 05:20:13,423 - P17320 - INFO - Candidates cep: 0 items
2025-05-22 05:20:13,423 - P17320 - INFO - Após processar URL 7 Uso de memória: 133.44 MB
2025-05-22 05:20:13,424 - P17320 - INFO - Processando URL 8/20: https://www.consultasocio.com/q/sa/walter-magalhaes-neto
2025-05-22 05:20:19,730 - P17320 - INFO - HTML salvo para debug: data\debug_html_v10\41a7e3c8705b2a3195a9250a46af87d3.html
2025-05-22 05:20:19,741 - P17320 - INFO - Candidates address: 8 items
2025-05-22 05:20:19,741 - P17320 - INFO - Candidates phone: 0 items
2025-05-22 05:20:19,741 - P17320 - INFO - Candidates email: 2 items
2025-05-22 05:20:19,742 - P17320 - INFO - Candidates complement: 4 items
2025-05-22 05:20:19,742 - P17320 - INFO - Candidates cep: 15 items
2025-05-22 05:20:19,742 - P17320 - INFO - Após processar URL 8 Uso de memória: 130.68 MB
2025-05-22 05:20:19,742 - P17320 - INFO - Processando URL 9/20: https://portal-api.campinas.sp.gov.br/sites/default/files/publicacoes-dom/dom/1914816339.pdf
2025-05-22 05:20:19,743 - P17320 - INFO - Ignorando URL de arquivo não-HTML: https://portal-api.campinas.sp.gov.br/sites/default/files/publicacoes-dom/dom/1914816339.pdf
2025-05-22 05:20:19,743 - P17320 - INFO - Após processar URL 9 Uso de memória: 130.68 MB
2025-05-22 05:20:19,743 - P17320 - INFO - Processando URL 10/20: https://letzplay.me/WalterNeto2
2025-05-22 05:20:23,174 - P17320 - INFO - HTML salvo para debug: data\debug_html_v10\654bc38908edec8f33154c0fa4d31e41.html
2025-05-22 05:20:23,225 - P17320 - INFO - Candidates address: 0 items
2025-05-22 05:20:23,226 - P17320 - INFO - Candidates phone: 0 items
2025-05-22 05:20:23,226 - P17320 - INFO - Candidates email: 0 items
2025-05-22 05:20:23,226 - P17320 - INFO - Candidates complement: 0 items
2025-05-22 05:20:23,226 - P17320 - INFO - Candidates cep: 0 items
2025-05-22 05:20:23,227 - P17320 - INFO - Após processar URL 10 Uso de memória: 130.70 MB
2025-05-22 05:20:23,227 - P17320 - INFO - Processando URL 11/20: https://www.boaconsulta.com/especialista/walter-magalhaes-neto-62a824f6b30b7d2cd500003a
2025-05-22 05:20:26,499 - P17320 - INFO - HTML salvo para debug: data\debug_html_v10\b9dfecf3eb8622b0bcd6eec60d572459.html
2025-05-22 05:20:26,546 - P17320 - INFO - Candidates address: 2 items
2025-05-22 05:20:26,547 - P17320 - INFO - Candidates phone: 0 items
2025-05-22 05:20:26,548 - P17320 - INFO - Candidates email: 0 items
2025-05-22 05:20:26,548 - P17320 - INFO - Candidates complement: 0 items
2025-05-22 05:20:26,548 - P17320 - INFO - Candidates cep: 0 items
2025-05-22 05:20:26,549 - P17320 - INFO - Após processar URL 11 Uso de memória: 130.98 MB
2025-05-22 05:20:26,549 - P17320 - INFO - Processando URL 12/20: https://diariooficial.guarulhos.sp.gov.br/uploads/pdf/786418928.pdf
2025-05-22 05:20:26,549 - P17320 - INFO - Ignorando URL de arquivo não-HTML: https://diariooficial.guarulhos.sp.gov.br/uploads/pdf/786418928.pdf
2025-05-22 05:20:26,549 - P17320 - INFO - Após processar URL 12 Uso de memória: 130.98 MB
2025-05-22 05:20:26,549 - P17320 - INFO - Processando URL 13/20: https://www.medicosbrasil.com/profissional/walter-magalhaes-neto
2025-05-22 05:20:31,328 - P17320 - INFO - HTML salvo para debug: data\debug_html_v10\73a5e7d2c26828db758d04a8575fbbfc.html
2025-05-22 05:20:31,348 - P17320 - INFO - Candidates address: 0 items
2025-05-22 05:20:31,348 - P17320 - INFO - Candidates phone: 0 items
2025-05-22 05:20:31,348 - P17320 - INFO - Candidates email: 0 items
2025-05-22 05:20:31,349 - P17320 - INFO - Candidates complement: 0 items
2025-05-22 05:20:31,349 - P17320 - INFO - Candidates cep: 0 items
2025-05-22 05:20:31,349 - P17320 - INFO - Após processar URL 13 Uso de memória: 131.36 MB
2025-05-22 05:20:31,349 - P17320 - INFO - Processando URL 14/20: https://www.fucap.edu.br/dashboard/livros_online/960fc65c77ef7a88e6eabffad86387b2.pdf
2025-05-22 05:20:31,349 - P17320 - INFO - Ignorando URL de arquivo não-HTML: https://www.fucap.edu.br/dashboard/livros_online/960fc65c77ef7a88e6eabffad86387b2.pdf
2025-05-22 05:20:31,349 - P17320 - INFO - Após processar URL 14 Uso de memória: 131.36 MB
2025-05-22 05:20:31,349 - P17320 - INFO - Processando URL 15/20: https://www.descubraonline.com/guia/sp/botucatu/magalhaes-servicos-medicos-30276908000193/
2025-05-22 05:20:37,808 - P17320 - INFO - HTML salvo para debug: data\debug_html_v10\eff2c97504ba23ecae46129db9683da2.html
2025-05-22 05:20:37,877 - P17320 - INFO - Candidates address: 5 items
2025-05-22 05:20:37,879 - P17320 - INFO - Candidates phone: 1 items
2025-05-22 05:20:37,883 - P17320 - INFO - Candidates email: 1 items
2025-05-22 05:20:37,883 - P17320 - INFO - Candidates complement: 0 items
2025-05-22 05:20:37,884 - P17320 - INFO - Candidates cep: 1 items
2025-05-22 05:20:37,885 - P17320 - INFO - Após processar URL 15 Uso de memória: 132.36 MB
2025-05-22 05:20:37,886 - P17320 - INFO - Processando URL 16/20: https://www.vriconsulting.com.br/empresa.php?cnpj=30276908000193
2025-05-22 05:20:42,164 - P17320 - INFO - HTML salvo para debug: data\debug_html_v10\e6dd762080422b2f841152fc155387b3.html
2025-05-22 05:20:42,228 - P17320 - INFO - Candidates address: 0 items
2025-05-22 05:20:42,230 - P17320 - INFO - Candidates phone: 0 items
2025-05-22 05:20:42,230 - P17320 - INFO - Candidates email: 3 items
2025-05-22 05:20:42,231 - P17320 - INFO - Candidates complement: 1 items
2025-05-22 05:20:42,231 - P17320 - INFO - Candidates cep: 1 items
2025-05-22 05:20:42,231 - P17320 - INFO - Após processar URL 16 Uso de memória: 131.37 MB
2025-05-22 05:20:42,232 - P17320 - INFO - Processando URL 17/20: https://www.helpsaude.com/walter-magalhaes-neto-crmsp-157195
2025-05-22 05:20:46,617 - P17320 - INFO - HTML salvo para debug: data\debug_html_v10\7d630293fbff0b02d8ba7ec9473687b9.html
2025-05-22 05:20:46,629 - P17320 - INFO - Candidates address: 0 items
2025-05-22 05:20:46,629 - P17320 - INFO - Candidates phone: 0 items
2025-05-22 05:20:46,630 - P17320 - INFO - Candidates email: 0 items
2025-05-22 05:20:46,630 - P17320 - INFO - Candidates complement: 0 items
2025-05-22 05:20:46,630 - P17320 - INFO - Candidates cep: 0 items
2025-05-22 05:20:46,630 - P17320 - INFO - Após processar URL 17 Uso de memória: 131.38 MB
2025-05-22 05:20:46,631 - P17320 - INFO - Processando URL 18/20: https://diof.ro.gov.br/data/uploads/2023/08/DOE-18.08.2023.pdf
2025-05-22 05:20:46,631 - P17320 - INFO - Ignorando URL de arquivo não-HTML: https://diof.ro.gov.br/data/uploads/2023/08/DOE-18.08.2023.pdf
2025-05-22 05:20:46,632 - P17320 - INFO - Após processar URL 18 Uso de memória: 131.38 MB
2025-05-22 05:20:46,632 - P17320 - INFO - Processando URL 19/20: https://cadastroempresa.com.br/cnpj/30.276.908/0001-93-magalhaes-servicos-medicos-walter-magalhaes-neto
2025-05-22 05:20:49,541 - P17320 - INFO - HTML salvo para debug: data\debug_html_v10\f58b3898ff4f7a3ac28a12c290d2e352.html
2025-05-22 05:20:49,562 - P17320 - INFO - Candidates address: 0 items
2025-05-22 05:20:49,563 - P17320 - INFO - Candidates phone: 1 items
2025-05-22 05:20:49,563 - P17320 - INFO - Candidates email: 1 items
2025-05-22 05:20:49,563 - P17320 - INFO - Candidates complement: 3 items
2025-05-22 05:20:49,563 - P17320 - INFO - Candidates cep: 3 items
2025-05-22 05:20:49,563 - P17320 - INFO - Após processar URL 19 Uso de memória: 131.38 MB
2025-05-22 05:20:49,564 - P17320 - INFO - Processando URL 20/20: https://consultacrm.com.br/
2025-05-22 05:20:53,605 - P17320 - INFO - HTML salvo para debug: data\debug_html_v10\65cadeb91ac3713432c21b535990f440.html
2025-05-22 05:20:53,618 - P17320 - INFO - Candidates address: 0 items
2025-05-22 05:20:53,618 - P17320 - INFO - Candidates phone: 0 items
2025-05-22 05:20:53,618 - P17320 - INFO - Candidates email: 0 items
2025-05-22 05:20:53,618 - P17320 - INFO - Candidates complement: 0 items
2025-05-22 05:20:53,618 - P17320 - INFO - Candidates cep: 0 items
2025-05-22 05:20:53,619 - P17320 - INFO - Após processar URL 20 Uso de memória: 132.49 MB
2025-05-22 05:20:53,619 - P17320 - INFO - Iniciando agregação e ranqueamento
2025-05-22 05:20:53,619 - P17320 - INFO - Ranked address: 27 items
2025-05-22 05:20:53,619 - P17320 - INFO - Ranked phone: 4 items
2025-05-22 05:20:53,619 - P17320 - INFO - Ranked email: 5 items
2025-05-22 05:20:53,619 - P17320 - INFO - Ranked complement: 11 items
2025-05-22 05:20:53,619 - P17320 - INFO - Ranked cep: 20 items
2025-05-22 05:20:53,620 - P17320 - INFO - Após agregação Uso de memória: 132.49 MB
2025-05-22 05:20:53,620 - P17320 - INFO - Validando endereço: ['Rua Quintino Bocaiuva, 750', 'Rua Francisco Marengo, 955', 'Rua Virginia Crivilari, 334']
2025-05-22 05:20:53,620 - P17320 - INFO - Endereço validado: Rua Quintino Bocaiuva, 750
2025-05-22 05:20:53,620 - P17320 - INFO - Limpando texto extenso para campo address: Rua Quintino Bocaiuva, 750...
2025-05-22 05:20:53,620 - P17320 - INFO - Texto limpo: Rua Quintino Bocaiuva, 750
2025-05-22 05:20:53,620 - P17320 - INFO - Validando telefone: ['3003-3230', '(14) 98125-6802', '(11) 4349-9900']
2025-05-22 05:20:53,621 - P17320 - INFO - Limpando texto extenso para campo phone: (14) 98125-6802...
2025-05-22 05:20:53,621 - P17320 - INFO - Texto limpo: 14) 98125-6802
2025-05-22 05:20:53,621 - P17320 - INFO - Telefone validado: 14) 98125-6802
2025-05-22 05:20:53,621 - P17320 - INFO - Validando email: ['magalhaes.walter@hotmail.com', 'DR.TENNYSON@TERRA.COM.BR', 'VANESSACIRURGIAVASCULAR@GMAIL.COM']
2025-05-22 05:20:53,622 - P17320 - INFO - Limpando texto extenso para campo email: magalhaes.walter@hotmail.com...
2025-05-22 05:20:53,622 - P17320 - INFO - Texto limpo: magalhaes.walter@hotmail.com
2025-05-22 05:20:53,622 - P17320 - INFO - Email validado: magalhaes.walter@hotmail.com
2025-05-22 05:20:53,622 - P17320 - INFO - Validando complemento: ['Sala  01  Clique para copiar    Bairro:  Centro  Cliqu', 'Sala  01  Centro  Botucatu SP  18602-040  Clique para ', 'Sala  01  Centro  Botucatu SP  18602-040              ']
2025-05-22 05:20:53,622 - P17320 - INFO - Limpando texto extenso para campo complement: Sala  01  Clique para copiar    Bairro:  Centro  C...
2025-05-22 05:20:53,622 - P17320 - INFO - Texto limpo: Sala 01 Clique para copiar
2025-05-22 05:20:53,623 - P17320 - INFO - Complemento validado: Sala 01 Clique para copiar
2025-05-22 05:20:53,623 - P17320 - INFO - Descobrindo cidade
2025-05-22 05:20:53,623 - P17320 - INFO - Buscando cidade: Rua Quintino Bocaiuva cidade SP
2025-05-22 05:20:56,663 - P17320 - WARNING - Cidade não encontrada
2025-05-22 05:20:56,678 - P17320 - INFO - Cidade descoberta: 
2025-05-22 05:20:56,684 - P17320 - INFO - Tempo de execução de processamento completo do médico: 73.19 segundos
2025-05-22 05:20:56,688 - P17320 - INFO - Resultado processado: {'Hash': '01f9812d62f1b4d9ff942315dcdbb6c0132d7a3531f528b773eca4c05b840470', 'CRM': '157195', 'UF': 'SP', 'Firstname': 'WALTER', 'LastName': 'MAGALHAES NETO', 'Medical specialty': '', 'Endereco Completo A1': 'Rua Quintino Bocaiuva, 750', 'Address A1': 'Rua Quintino Bocaiuva', 'Numero A1': '750', 'Complement A1': 'Sala 01 Clique para copiar', 'Bairro A1': '', 'postal code A1': '', 'City A1': '', 'State A1': '', 'Phone A1': '14) 98125-6802', 'Phone A2': '', 'Cell phone A1': '', 'Cell phone A2': '', 'E-mail A1': 'magalhaes.walter@hotmail.com', 'E-mail A2': '', 'OPT-IN': '', 'STATUS': '', 'LOTE': ''}
2025-05-22 05:20:56,696 - P17320 - INFO - Progresso: 87.5%
2025-05-22 05:20:56,697 - P17320 - INFO - Executando coleta de lixo
2025-05-22 05:20:56,782 - P17320 - INFO - Após coleta de lixo Uso de memória: 120.86 MB
2025-05-22 05:20:56,794 - P17320 - INFO - Tempo de execução de processamento do médico 1: 74.61 segundos
2025-05-22 05:20:56,798 - P17320 - INFO - 
==================================================
Processando médico 2/3
2025-05-22 05:20:56,804 - P17320 - INFO - Nome: MARIANNA RODRIGUES FERREIRA AMORA CAMARA
2025-05-22 05:20:56,822 - P17320 - INFO - Início do processamento Uso de memória: 120.86 MB
2025-05-22 05:20:56,833 - P17320 - INFO - Iniciando busca para: MARIANNA RODRIGUES FERREIRA AMORA CAMARA CRM 157349 SP telefone e-mail endereço
2025-05-22 05:20:57,741 - P17320 - INFO - SearX results: 9 URLs
2025-05-22 05:20:57,742 - P17320 - INFO - Após SearX Uso de memória: 120.86 MB
2025-05-22 05:21:00,303 - P17320 - INFO - Google results: 1 URLs
2025-05-22 05:21:00,303 - P17320 - INFO - Após Google Uso de memória: 124.50 MB
2025-05-22 05:21:02,802 - P17320 - INFO - Bing results: 10 URLs
2025-05-22 05:21:02,802 - P17320 - INFO - Após Bing Uso de memória: 126.84 MB
2025-05-22 05:21:02,802 - P17320 - INFO - Total de URLs únicas: 13
2025-05-22 05:21:02,803 - P17320 - INFO - Processando URL 1/13: https://www.medicosbrasil.com/profissional/marianna-rodrigues-ferreira
2025-05-22 05:21:04,975 - P17320 - INFO - HTML salvo para debug: data\debug_html_v10\d6e755d5b0e5fef510a8d98cd435b0be.html
2025-05-22 05:21:04,977 - P17320 - INFO - Candidates address: 0 items
2025-05-22 05:21:04,977 - P17320 - INFO - Candidates phone: 0 items
2025-05-22 05:21:04,977 - P17320 - INFO - Candidates email: 0 items
2025-05-22 05:21:04,978 - P17320 - INFO - Candidates complement: 0 items
2025-05-22 05:21:04,978 - P17320 - INFO - Candidates cep: 0 items
2025-05-22 05:21:04,978 - P17320 - INFO - Após processar URL 1 Uso de memória: 126.96 MB
2025-05-22 05:21:04,978 - P17320 - INFO - Processando URL 2/13: https://www.catalogo.med.br/doutor/marianna-rodrigues-ferreira-2103179.htm
2025-05-22 05:21:07,150 - P17320 - INFO - HTML salvo para debug: data\debug_html_v10\4046670d2a129a59852fba561342fcb0.html
2025-05-22 05:21:07,151 - P17320 - INFO - Candidates address: 0 items
2025-05-22 05:21:07,151 - P17320 - INFO - Candidates phone: 0 items
2025-05-22 05:21:07,151 - P17320 - INFO - Candidates email: 1 items
2025-05-22 05:21:07,151 - P17320 - INFO - Candidates complement: 0 items
2025-05-22 05:21:07,151 - P17320 - INFO - Candidates cep: 0 items
2025-05-22 05:21:07,151 - P17320 - INFO - Após processar URL 2 Uso de memória: 126.96 MB
2025-05-22 05:21:07,152 - P17320 - INFO - Processando URL 3/13: https://www.mariannaferreira.com.br/
2025-05-22 05:21:09,755 - P17320 - INFO - HTML salvo para debug: data\debug_html_v10\cd5638116e881c2a187b248abfe787cd.html
2025-05-22 05:21:09,879 - P17320 - INFO - Candidates address: 0 items
2025-05-22 05:21:09,879 - P17320 - INFO - Candidates phone: 0 items
2025-05-22 05:21:09,879 - P17320 - INFO - Candidates email: 0 items
2025-05-22 05:21:09,880 - P17320 - INFO - Candidates complement: 0 items
2025-05-22 05:21:09,880 - P17320 - INFO - Candidates cep: 0 items
2025-05-22 05:21:09,880 - P17320 - INFO - Após processar URL 3 Uso de memória: 137.43 MB
2025-05-22 05:21:09,880 - P17320 - INFO - Processando URL 4/13: https://clinicasaluti.com.br/dra-marianna-ferreira/
2025-05-22 05:21:16,478 - P17320 - INFO - HTML salvo para debug: data\debug_html_v10\9e7e3f06e132d4a5689ba3c1e2e2faf0.html
2025-05-22 05:21:16,523 - P17320 - INFO - Candidates address: 1 items
2025-05-22 05:21:16,523 - P17320 - INFO - Candidates phone: 1 items
2025-05-22 05:21:16,524 - P17320 - INFO - Candidates email: 0 items
2025-05-22 05:21:16,524 - P17320 - INFO - Candidates complement: 0 items
2025-05-22 05:21:16,524 - P17320 - INFO - Candidates cep: 1 items
2025-05-22 05:21:16,524 - P17320 - INFO - Após processar URL 4 Uso de memória: 129.44 MB
2025-05-22 05:21:16,524 - P17320 - INFO - Processando URL 5/13: https://www.sociosbrasil.com/nome/marianna-rodrigues-ferreira-amora-camara
2025-05-22 05:21:21,064 - P17320 - INFO - HTML salvo para debug: data\debug_html_v10\75db0781eaf21bd8a86deb03e2ad6fcd.html
2025-05-22 05:21:21,070 - P17320 - INFO - Candidates address: 2 items
2025-05-22 05:21:21,070 - P17320 - INFO - Candidates phone: 0 items
2025-05-22 05:21:21,070 - P17320 - INFO - Candidates email: 1 items
2025-05-22 05:21:21,071 - P17320 - INFO - Candidates complement: 0 items
2025-05-22 05:21:21,071 - P17320 - INFO - Candidates cep: 4 items
2025-05-22 05:21:21,072 - P17320 - INFO - Após processar URL 5 Uso de memória: 129.45 MB
2025-05-22 05:21:21,072 - P17320 - INFO - Processando URL 6/13: https://www.intermedicos.com.br/pediatras-em-sao-paulo/marianna-rodrigues-ferreira
2025-05-22 05:21:24,659 - P17320 - INFO - HTML salvo para debug: data\debug_html_v10\c6a7041de5a304d99839c536a9b99912.html
2025-05-22 05:21:24,674 - P17320 - INFO - Candidates address: 0 items
2025-05-22 05:21:24,674 - P17320 - INFO - Candidates phone: 1 items
2025-05-22 05:21:24,675 - P17320 - INFO - Candidates email: 0 items
2025-05-22 05:21:24,675 - P17320 - INFO - Candidates complement: 0 items
2025-05-22 05:21:24,675 - P17320 - INFO - Candidates cep: 0 items
2025-05-22 05:21:24,675 - P17320 - INFO - Após processar URL 6 Uso de memória: 129.53 MB
2025-05-22 05:21:24,675 - P17320 - INFO - Processando URL 7/13: https://www.doctoralia.com.br/marianna-rodrigues-ferreira/endocrinologista-pediatrico-pediatra/sorocaba
2025-05-22 05:21:24,676 - P17320 - INFO - Ignorando URL de arquivo não-HTML: https://www.doctoralia.com.br/marianna-rodrigues-ferreira/endocrinologista-pediatrico-pediatra/sorocaba
2025-05-22 05:21:24,676 - P17320 - INFO - Após processar URL 7 Uso de memória: 129.53 MB
2025-05-22 05:21:24,676 - P17320 - INFO - Processando URL 8/13: https://aboutcompany.info/country/brazil/officer/567438/marianna-rodrigues-ferreira-amora-camara/
2025-05-22 05:21:28,731 - P17320 - INFO - HTML salvo para debug: data\debug_html_v10\b957ec219b570c6f3ee11572a4fc3b23.html
2025-05-22 05:21:28,745 - P17320 - INFO - Candidates address: 0 items
2025-05-22 05:21:28,746 - P17320 - INFO - Candidates phone: 0 items
2025-05-22 05:21:28,746 - P17320 - INFO - Candidates email: 0 items
2025-05-22 05:21:28,746 - P17320 - INFO - Candidates complement: 0 items
2025-05-22 05:21:28,746 - P17320 - INFO - Candidates cep: 0 items
2025-05-22 05:21:28,746 - P17320 - INFO - Após processar URL 8 Uso de memória: 129.53 MB
2025-05-22 05:21:28,746 - P17320 - INFO - Processando URL 9/13: https://guiamedico.cremesp.org.br/
2025-05-22 05:21:31,416 - P17320 - INFO - HTML salvo para debug: data\debug_html_v10\7c54969580769b63edd9abaa952e1fa2.html
2025-05-22 05:21:31,425 - P17320 - INFO - Candidates address: 1 items
2025-05-22 05:21:31,425 - P17320 - INFO - Candidates phone: 1 items
2025-05-22 05:21:31,425 - P17320 - INFO - Candidates email: 0 items
2025-05-22 05:21:31,425 - P17320 - INFO - Candidates complement: 0 items
2025-05-22 05:21:31,426 - P17320 - INFO - Candidates cep: 1 items
2025-05-22 05:21:31,426 - P17320 - INFO - Após processar URL 9 Uso de memória: 129.59 MB
2025-05-22 05:21:31,426 - P17320 - INFO - Processando URL 10/13: https://www.intermedicos.com.br/contato
2025-05-22 05:21:33,714 - P17320 - INFO - HTML salvo para debug: data\debug_html_v10\0aaf1b2c48945dce2fd4004ea2d52f79.html
2025-05-22 05:21:33,718 - P17320 - INFO - Candidates address: 0 items
2025-05-22 05:21:33,719 - P17320 - INFO - Candidates phone: 0 items
2025-05-22 05:21:33,719 - P17320 - INFO - Candidates email: 0 items
2025-05-22 05:21:33,719 - P17320 - INFO - Candidates complement: 0 items
2025-05-22 05:21:33,719 - P17320 - INFO - Candidates cep: 0 items
2025-05-22 05:21:33,719 - P17320 - INFO - Após processar URL 10 Uso de memória: 129.60 MB
2025-05-22 05:21:33,720 - P17320 - INFO - Processando URL 11/13: https://www.escavador.com/sobre/1857487/marianna-rodrigues-ferreira
2025-05-22 05:21:37,478 - P17320 - INFO - HTML salvo para debug: data\debug_html_v10\0d0e212f4168b236409839887b19574c.html
2025-05-22 05:21:37,496 - P17320 - INFO - Candidates address: 0 items
2025-05-22 05:21:37,496 - P17320 - INFO - Candidates phone: 0 items
2025-05-22 05:21:37,497 - P17320 - INFO - Candidates email: 0 items
2025-05-22 05:21:37,497 - P17320 - INFO - Candidates complement: 0 items
2025-05-22 05:21:37,498 - P17320 - INFO - Candidates cep: 0 items
2025-05-22 05:21:37,498 - P17320 - INFO - Após processar URL 11 Uso de memória: 129.91 MB
2025-05-22 05:21:37,499 - P17320 - INFO - Processando URL 12/13: https://www.boaconsulta.com/especialista/marianna-rodrigues-ferreira-6106cc4aa2e00a617b002e94
2025-05-22 05:21:39,830 - P17320 - INFO - HTML salvo para debug: data\debug_html_v10\41c3362a885566977e5d6f93d4dea618.html
2025-05-22 05:21:39,885 - P17320 - INFO - Candidates address: 2 items
2025-05-22 05:21:39,885 - P17320 - INFO - Candidates phone: 0 items
2025-05-22 05:21:39,885 - P17320 - INFO - Candidates email: 0 items
2025-05-22 05:21:39,885 - P17320 - INFO - Candidates complement: 0 items
2025-05-22 05:21:39,885 - P17320 - INFO - Candidates cep: 0 items
2025-05-22 05:21:39,886 - P17320 - INFO - Após processar URL 12 Uso de memória: 130.23 MB
2025-05-22 05:21:39,886 - P17320 - INFO - Processando URL 13/13: https://consultacrm.com.br/
2025-05-22 05:21:43,187 - P17320 - INFO - HTML salvo para debug: data\debug_html_v10\65cadeb91ac3713432c21b535990f440.html
2025-05-22 05:21:43,203 - P17320 - INFO - Candidates address: 0 items
2025-05-22 05:21:43,203 - P17320 - INFO - Candidates phone: 0 items
2025-05-22 05:21:43,204 - P17320 - INFO - Candidates email: 0 items
2025-05-22 05:21:43,204 - P17320 - INFO - Candidates complement: 0 items
2025-05-22 05:21:43,204 - P17320 - INFO - Candidates cep: 0 items
2025-05-22 05:21:43,204 - P17320 - INFO - Após processar URL 13 Uso de memória: 130.31 MB
2025-05-22 05:21:43,204 - P17320 - INFO - Iniciando agregação e ranqueamento
2025-05-22 05:21:43,204 - P17320 - INFO - Ranked address: 6 items
2025-05-22 05:21:43,204 - P17320 - INFO - Ranked phone: 3 items
2025-05-22 05:21:43,205 - P17320 - INFO - Ranked email: 2 items
2025-05-22 05:21:43,205 - P17320 - INFO - Ranked complement: 0 items
2025-05-22 05:21:43,205 - P17320 - INFO - Ranked cep: 6 items
2025-05-22 05:21:43,205 - P17320 - INFO - Após agregação Uso de memória: 130.31 MB
2025-05-22 05:21:43,205 - P17320 - INFO - Validando endereço: ['Rua Rui Coelho de Oliveira Filho, 119', 'Avenida Angelica, 2447', 'Avenida Conselheiro Nebias, 628']
2025-05-22 05:21:43,205 - P17320 - INFO - Endereço validado: Rua Rui Coelho de Oliveira Filho, 119
2025-05-22 05:21:43,206 - P17320 - INFO - Limpando texto extenso para campo address: Rua Rui Coelho de Oliveira Filho, 119...
2025-05-22 05:21:43,206 - P17320 - INFO - Texto limpo: Rua Rui Coelho de Oliveira Filho, 119
2025-05-22 05:21:43,206 - P17320 - INFO - Validando telefone: ['(15) 99813-6166', '(11) 2737-2007', '(11) 4349-9900']
2025-05-22 05:21:43,206 - P17320 - INFO - Limpando texto extenso para campo phone: (15) 99813-6166...
2025-05-22 05:21:43,206 - P17320 - INFO - Texto limpo: 15) 99813-6166
2025-05-22 05:21:43,207 - P17320 - INFO - Telefone validado: 15) 99813-6166
2025-05-22 05:21:43,207 - P17320 - INFO - Validando email: ['webmaster@catalogo.med.br', 'SOCIETARIO@DOCCONCIERGE.COM.BR']
2025-05-22 05:21:43,207 - P17320 - INFO - Limpando texto extenso para campo email: webmaster@catalogo.med.br...
2025-05-22 05:21:43,207 - P17320 - INFO - Texto limpo: webmaster@catalogo.med.br
2025-05-22 05:21:43,207 - P17320 - INFO - Email validado: webmaster@catalogo.med.br
2025-05-22 05:21:43,207 - P17320 - INFO - Descobrindo cidade
2025-05-22 05:21:43,207 - P17320 - INFO - Buscando cidade: Rua Rui Coelho de Oliveira Filho cidade SP
2025-05-22 05:21:45,817 - P17320 - WARNING - Cidade não encontrada
2025-05-22 05:21:45,818 - P17320 - INFO - Cidade descoberta: 
2025-05-22 05:21:45,818 - P17320 - INFO - Tempo de execução de processamento completo do médico: 49.00 segundos
2025-05-22 05:21:45,818 - P17320 - INFO - Resultado processado: {'Hash': '9221fa5779f6d208c935abbf24b631c46e97247e4af41b1584b8eac3695e2a8f', 'CRM': '157349', 'UF': 'SP', 'Firstname': 'MARIANNA', 'LastName': 'RODRIGUES FERREIRA AMORA CAMARA', 'Medical specialty': '', 'Endereco Completo A1': 'Rua Rui Coelho de Oliveira Filho, 119', 'Address A1': 'Rua Rui Coelho de Oliveira Filho', 'Numero A1': '119', 'Complement A1': '', 'Bairro A1': '', 'postal code A1': '', 'City A1': '', 'State A1': '', 'Phone A1': '15) 99813-6166', 'Phone A2': '', 'Cell phone A1': '', 'Cell phone A2': '', 'E-mail A1': 'webmaster@catalogo.med.br', 'E-mail A2': '', 'OPT-IN': '', 'STATUS': '', 'LOTE': ''}
2025-05-22 05:21:45,819 - P17320 - INFO - Progresso: 87.7%
2025-05-22 05:21:45,819 - P17320 - INFO - Tempo de execução de processamento do médico 2: 49.02 segundos
2025-05-22 05:21:45,819 - P17320 - INFO - 
==================================================
Processando médico 3/3
2025-05-22 05:21:45,819 - P17320 - INFO - Nome: LUCIANA DE MORAES CORREA
2025-05-22 05:21:45,820 - P17320 - INFO - Início do processamento Uso de memória: 127.49 MB
2025-05-22 05:21:45,820 - P17320 - INFO - Iniciando busca para: LUCIANA DE MORAES CORREA CRM 157805 SP telefone e-mail endereço
2025-05-22 05:21:46,959 - P17320 - INFO - SearX results: 13 URLs
2025-05-22 05:21:46,960 - P17320 - INFO - Após SearX Uso de memória: 127.49 MB
2025-05-22 05:21:50,102 - P17320 - INFO - Google results: 4 URLs
2025-05-22 05:21:50,102 - P17320 - INFO - Após Google Uso de memória: 130.81 MB
2025-05-22 05:21:52,618 - P17320 - INFO - Bing results: 7 URLs
2025-05-22 05:21:52,618 - P17320 - INFO - Após Bing Uso de memória: 134.00 MB
2025-05-22 05:21:52,618 - P17320 - INFO - Total de URLs únicas: 16
2025-05-22 05:21:52,618 - P17320 - INFO - Processando URL 1/16: https://www.doctoralia.com.br/luciana-moraes-c-matos/nutrologo/sao-paulo
2025-05-22 05:21:52,618 - P17320 - INFO - Ignorando URL de arquivo não-HTML: https://www.doctoralia.com.br/luciana-moraes-c-matos/nutrologo/sao-paulo
2025-05-22 05:21:52,619 - P17320 - INFO - Após processar URL 1 Uso de memória: 134.00 MB
2025-05-22 05:21:52,619 - P17320 - INFO - Processando URL 2/16: https://www.boaconsulta.com/especialista/luciana-de-moraes-correa-6138ca32df1a59006000049f
2025-05-22 05:21:55,355 - P17320 - INFO - HTML salvo para debug: data\debug_html_v10\e9f5efc65ee508339ae1e4224d27ffab.html
2025-05-22 05:21:55,418 - P17320 - INFO - Candidates address: 11 items
2025-05-22 05:21:55,419 - P17320 - INFO - Candidates phone: 0 items
2025-05-22 05:21:55,419 - P17320 - INFO - Candidates email: 0 items
2025-05-22 05:21:55,419 - P17320 - INFO - Candidates complement: 1 items
2025-05-22 05:21:55,419 - P17320 - INFO - Candidates cep: 0 items
2025-05-22 05:21:55,419 - P17320 - INFO - Após processar URL 2 Uso de memória: 134.01 MB
2025-05-22 05:21:55,419 - P17320 - INFO - Processando URL 3/16: https://www.medicosbrasil.com/profissional/luciana-de-moraes-correa
2025-05-22 05:21:57,599 - P17320 - INFO - HTML salvo para debug: data\debug_html_v10\83f0e2527dd43b2cfa34df99dd5d222f.html
2025-05-22 05:21:57,605 - P17320 - INFO - Candidates address: 0 items
2025-05-22 05:21:57,606 - P17320 - INFO - Candidates phone: 0 items
2025-05-22 05:21:57,607 - P17320 - INFO - Candidates email: 0 items
2025-05-22 05:21:57,607 - P17320 - INFO - Candidates complement: 0 items
2025-05-22 05:21:57,608 - P17320 - INFO - Candidates cep: 0 items
2025-05-22 05:21:57,609 - P17320 - INFO - Após processar URL 3 Uso de memória: 134.01 MB
2025-05-22 05:21:57,610 - P17320 - INFO - Processando URL 4/16: http://www.dralucianacorrea.com.br/
2025-05-22 05:22:02,437 - P17320 - INFO - HTML salvo para debug: data\debug_html_v10\38b4145abfb1cd00da57b8cacf65dd23.html
2025-05-22 05:22:02,476 - P17320 - INFO - Candidates address: 1 items
2025-05-22 05:22:02,476 - P17320 - INFO - Candidates phone: 3 items
2025-05-22 05:22:02,476 - P17320 - INFO - Candidates email: 1 items
2025-05-22 05:22:02,476 - P17320 - INFO - Candidates complement: 0 items
2025-05-22 05:22:02,476 - P17320 - INFO - Candidates cep: 1 items
2025-05-22 05:22:02,477 - P17320 - INFO - Após processar URL 4 Uso de memória: 134.01 MB
2025-05-22 05:22:02,477 - P17320 - INFO - Processando URL 5/16: https://cliniguia.com/profissionais/luciana-de-moraes-correa-980016295722739/
2025-05-22 05:22:08,110 - P17320 - INFO - HTML salvo para debug: data\debug_html_v10\952b1677c07d164bb0be5c2c013c9cd3.html
2025-05-22 05:22:08,162 - P17320 - INFO - Candidates address: 0 items
2025-05-22 05:22:08,162 - P17320 - INFO - Candidates phone: 0 items
2025-05-22 05:22:08,162 - P17320 - INFO - Candidates email: 0 items
2025-05-22 05:22:08,162 - P17320 - INFO - Candidates complement: 0 items
2025-05-22 05:22:08,162 - P17320 - INFO - Candidates cep: 0 items
2025-05-22 05:22:08,163 - P17320 - INFO - Após processar URL 5 Uso de memória: 135.89 MB
2025-05-22 05:22:08,163 - P17320 - INFO - Processando URL 6/16: https://diariooficial.guarulhos.sp.gov.br/uploads/pdf/786418928.pdf
2025-05-22 05:22:08,163 - P17320 - INFO - Ignorando URL de arquivo não-HTML: https://diariooficial.guarulhos.sp.gov.br/uploads/pdf/786418928.pdf
2025-05-22 05:22:08,163 - P17320 - INFO - Após processar URL 6 Uso de memória: 134.95 MB
2025-05-22 05:22:08,164 - P17320 - INFO - Processando URL 7/16: https://ioepa.com.br/pages/2017/2017.03.21.DOE.pdf
2025-05-22 05:22:08,164 - P17320 - INFO - Ignorando URL de arquivo não-HTML: https://ioepa.com.br/pages/2017/2017.03.21.DOE.pdf
2025-05-22 05:22:08,164 - P17320 - INFO - Após processar URL 7 Uso de memória: 134.95 MB
2025-05-22 05:22:08,164 - P17320 - INFO - Processando URL 8/16: https://www.bingplaces.com/DashBoard/Edit?Id=YN7993x18252911481449622019&market=pt-BR&src=SERPGB
2025-05-22 05:22:12,446 - P17320 - INFO - HTML salvo para debug: data\debug_html_v10\d6c2058f9d3ade4b4abb54e1ad32c8f5.html
2025-05-22 05:22:12,474 - P17320 - INFO - Candidates address: 1 items
2025-05-22 05:22:12,474 - P17320 - INFO - Candidates phone: 1 items
2025-05-22 05:22:12,474 - P17320 - INFO - Candidates email: 0 items
2025-05-22 05:22:12,474 - P17320 - INFO - Candidates complement: 0 items
2025-05-22 05:22:12,475 - P17320 - INFO - Candidates cep: 1 items
2025-05-22 05:22:12,475 - P17320 - INFO - Após processar URL 8 Uso de memória: 134.95 MB
2025-05-22 05:22:12,475 - P17320 - INFO - Processando URL 9/16: https://acervo.arquivopublico.sc.gov.br/uploads/r/arquivo-publico-do-estado-de-santa-catarina/2/3/a/23a30b0503e3a932ecf3932ba9998ea99b7f148ceac970422e26f26031717a23/6ecb4365-9320-4cd2-a357-fdf7414b86cc-50901-DOE_18761_06_01_2010_64F.pdf
2025-05-22 05:22:12,475 - P17320 - INFO - Ignorando URL de arquivo não-HTML: https://acervo.arquivopublico.sc.gov.br/uploads/r/arquivo-publico-do-estado-de-santa-catarina/2/3/a/23a30b0503e3a932ecf3932ba9998ea99b7f148ceac970422e26f26031717a23/6ecb4365-9320-4cd2-a357-fdf7414b86cc-50901-DOE_18761_06_01_2010_64F.pdf
2025-05-22 05:22:12,476 - P17320 - INFO - Após processar URL 9 Uso de memória: 134.95 MB
2025-05-22 05:22:12,476 - P17320 - INFO - Processando URL 10/16: https://www.tjpa.jus.br/CMSPortal/VisualizarArquivo?idArquivo=1089265
2025-05-22 05:22:14,827 - P17320 - INFO - HTML salvo para debug: data\debug_html_v10\9cca48f3afb3ad43488ef2cf64eef115.html
2025-05-22 05:22:14,827 - P17320 - INFO - Candidates address: 0 items
2025-05-22 05:22:14,827 - P17320 - INFO - Candidates phone: 0 items
2025-05-22 05:22:14,828 - P17320 - INFO - Candidates email: 0 items
2025-05-22 05:22:14,828 - P17320 - INFO - Candidates complement: 0 items
2025-05-22 05:22:14,828 - P17320 - INFO - Candidates cep: 0 items
2025-05-22 05:22:14,828 - P17320 - INFO - Após processar URL 10 Uso de memória: 134.93 MB
2025-05-22 05:22:14,828 - P17320 - INFO - Processando URL 11/16: https://guiamedico.cremesp.org.br/
2025-05-22 05:22:17,601 - P17320 - INFO - HTML salvo para debug: data\debug_html_v10\7c54969580769b63edd9abaa952e1fa2.html
2025-05-22 05:22:17,608 - P17320 - INFO - Candidates address: 1 items
2025-05-22 05:22:17,609 - P17320 - INFO - Candidates phone: 1 items
2025-05-22 05:22:17,609 - P17320 - INFO - Candidates email: 0 items
2025-05-22 05:22:17,609 - P17320 - INFO - Candidates complement: 0 items
2025-05-22 05:22:17,609 - P17320 - INFO - Candidates cep: 1 items
2025-05-22 05:22:17,609 - P17320 - INFO - Após processar URL 11 Uso de memória: 134.93 MB
2025-05-22 05:22:17,610 - P17320 - INFO - Processando URL 12/16: https://deoab.oab.org.br/assets/diarios/diario-eletronico-oab-05-03-2024.pdf?p=1709596800091
2025-05-22 05:22:17,610 - P17320 - INFO - Ignorando URL de arquivo não-HTML: https://deoab.oab.org.br/assets/diarios/diario-eletronico-oab-05-03-2024.pdf?p=1709596800091
2025-05-22 05:22:17,610 - P17320 - INFO - Após processar URL 12 Uso de memória: 134.93 MB
2025-05-22 05:22:17,610 - P17320 - INFO - Processando URL 13/16: https://diariodomunicipio.sjc.sp.gov.br/portal/edicoes/download/1755
2025-05-22 05:22:21,481 - P17320 - INFO - HTML salvo para debug: data\debug_html_v10\92ccc99ce857ccbb5bf30de8f6e42ce6.html
2025-05-22 05:22:21,487 - P17320 - INFO - Candidates address: 1 items
2025-05-22 05:22:21,487 - P17320 - INFO - Candidates phone: 1 items
2025-05-22 05:22:21,487 - P17320 - INFO - Candidates email: 0 items
2025-05-22 05:22:21,488 - P17320 - INFO - Candidates complement: 0 items
2025-05-22 05:22:21,488 - P17320 - INFO - Candidates cep: 1 items
2025-05-22 05:22:21,488 - P17320 - INFO - Após processar URL 13 Uso de memória: 134.93 MB
2025-05-22 05:22:21,488 - P17320 - INFO - Processando URL 14/16: https://consultacrm.com.br/
2025-05-22 05:22:24,930 - P17320 - INFO - HTML salvo para debug: data\debug_html_v10\65cadeb91ac3713432c21b535990f440.html
2025-05-22 05:22:24,943 - P17320 - INFO - Candidates address: 0 items
2025-05-22 05:22:24,943 - P17320 - INFO - Candidates phone: 0 items
2025-05-22 05:22:24,943 - P17320 - INFO - Candidates email: 0 items
2025-05-22 05:22:24,944 - P17320 - INFO - Candidates complement: 0 items
2025-05-22 05:22:24,944 - P17320 - INFO - Candidates cep: 0 items
2025-05-22 05:22:24,944 - P17320 - INFO - Após processar URL 14 Uso de memória: 136.02 MB
2025-05-22 05:22:24,944 - P17320 - INFO - Processando URL 15/16: https://portal.tjpr.jus.br/e-dj/publico/diario/baixar.do;jsessionid=044d1fb903c41196cc1864f99704?tjpr.url.crypto=167b337e2655fff4
2025-05-22 05:22:27,067 - P17320 - INFO - HTML salvo para debug: data\debug_html_v10\41df8cd2b9b4c91ba907d351bba19bd6.html
2025-05-22 05:22:27,080 - P17320 - INFO - Candidates address: 0 items
2025-05-22 05:22:27,080 - P17320 - INFO - Candidates phone: 0 items
2025-05-22 05:22:27,080 - P17320 - INFO - Candidates email: 0 items
2025-05-22 05:22:27,081 - P17320 - INFO - Candidates complement: 0 items
2025-05-22 05:22:27,081 - P17320 - INFO - Candidates cep: 0 items
2025-05-22 05:22:27,081 - P17320 - INFO - Após processar URL 15 Uso de memória: 136.04 MB
2025-05-22 05:22:27,081 - P17320 - INFO - Processando URL 16/16: https://portal.tjpr.jus.br/e-dj/publico/diario/baixar.do;jsessionid=2d9d7eec9407bfe171d66e584a93?tjpr.url.crypto=900afa4578db71f65aa4ef22398087e31772d2855b57a12ec00ed3382c4c4543
2025-05-22 05:22:29,152 - P17320 - INFO - HTML salvo para debug: data\debug_html_v10\0dae44a8c8f0f130fda2db4d9f0aee64.html
2025-05-22 05:22:29,153 - P17320 - INFO - Candidates address: 0 items
2025-05-22 05:22:29,153 - P17320 - INFO - Candidates phone: 0 items
2025-05-22 05:22:29,153 - P17320 - INFO - Candidates email: 0 items
2025-05-22 05:22:29,153 - P17320 - INFO - Candidates complement: 0 items
2025-05-22 05:22:29,154 - P17320 - INFO - Candidates cep: 0 items
2025-05-22 05:22:29,154 - P17320 - INFO - Após processar URL 16 Uso de memória: 134.95 MB
2025-05-22 05:22:29,154 - P17320 - INFO - Iniciando agregação e ranqueamento
2025-05-22 05:22:29,154 - P17320 - INFO - Ranked address: 14 items
2025-05-22 05:22:29,154 - P17320 - INFO - Ranked phone: 5 items
2025-05-22 05:22:29,154 - P17320 - INFO - Ranked email: 1 items
2025-05-22 05:22:29,155 - P17320 - INFO - Ranked complement: 1 items
2025-05-22 05:22:29,155 - P17320 - INFO - Ranked cep: 3 items
2025-05-22 05:22:29,155 - P17320 - INFO - Após agregação Uso de memória: 134.95 MB
2025-05-22 05:22:29,155 - P17320 - INFO - Validando endereço: ['Rua Frei Caneca, 1282', 'Rua Augusto Tolle, 901', 'Rua Borges Lagoa, 564']
2025-05-22 05:22:29,156 - P17320 - INFO - Endereço validado: Rua Frei Caneca, 1282
2025-05-22 05:22:29,156 - P17320 - INFO - Limpando texto extenso para campo address: Rua Frei Caneca, 1282...
2025-05-22 05:22:29,156 - P17320 - INFO - Texto limpo: Rua Frei Caneca, 1282
2025-05-22 05:22:29,156 - P17320 - INFO - Validando telefone: ['(11) 4349-9900', '(11) 5543-5288', '(11) 91285-6008']
2025-05-22 05:22:29,156 - P17320 - INFO - Limpando texto extenso para campo phone: (11) 4349-9900...
2025-05-22 05:22:29,156 - P17320 - INFO - Texto limpo: 11) 4349-9900
2025-05-22 05:22:29,157 - P17320 - INFO - Telefone validado: 11) 4349-9900
2025-05-22 05:22:29,157 - P17320 - INFO - Validando email: ['contato@dralucianacorrea.com.br']
2025-05-22 05:22:29,157 - P17320 - INFO - Limpando texto extenso para campo email: contato@dralucianacorrea.com.br...
2025-05-22 05:22:29,157 - P17320 - INFO - Texto limpo: contato@dralucianacorrea.com.br
2025-05-22 05:22:29,157 - P17320 - INFO - Email validado: contato@dralucianacorrea.com.br
2025-05-22 05:22:29,158 - P17320 - INFO - Validando complemento: ['Conjunto 204']
2025-05-22 05:22:29,158 - P17320 - INFO - Limpando texto extenso para campo complement: Conjunto 204...
2025-05-22 05:22:29,158 - P17320 - INFO - Texto limpo: Conjunto 204
2025-05-22 05:22:29,158 - P17320 - INFO - Complemento validado: Conjunto 204
2025-05-22 05:22:29,158 - P17320 - INFO - Descobrindo cidade
2025-05-22 05:22:29,158 - P17320 - INFO - Buscando cidade: Rua Frei Caneca cidade SP
2025-05-22 05:22:31,780 - P17320 - WARNING - Cidade não encontrada
2025-05-22 05:22:31,781 - P17320 - INFO - Cidade descoberta: 
2025-05-22 05:22:31,782 - P17320 - INFO - Tempo de execução de processamento completo do médico: 45.96 segundos
2025-05-22 05:22:31,782 - P17320 - INFO - Resultado processado: {'Hash': 'b7e3546f8a20108adf9c48c5f91f29ecbcb0aa01f88e999090282d0fef488c84', 'CRM': '157805', 'UF': 'SP', 'Firstname': 'LUCIANA', 'LastName': 'DE MORAES CORREA', 'Medical specialty': '', 'Endereco Completo A1': 'Rua Frei Caneca, 1282', 'Address A1': 'Rua Frei Caneca', 'Numero A1': '1282', 'Complement A1': 'Conjunto 204', 'Bairro A1': '', 'postal code A1': '', 'City A1': '', 'State A1': '', 'Phone A1': '11) 4349-9900', 'Phone A2': '', 'Cell phone A1': '', 'Cell phone A2': '', 'E-mail A1': 'contato@dralucianacorrea.com.br', 'E-mail A2': '', 'OPT-IN': '', 'STATUS': '', 'LOTE': ''}
2025-05-22 05:22:31,783 - P17320 - INFO - Salvando lote de resultados
2025-05-22 05:22:31,783 - P17320 - INFO - Após salvar resultados Uso de memória: 128.66 MB
2025-05-22 05:22:31,784 - P17320 - INFO - Progresso: 88.0%
2025-05-22 05:22:31,784 - P17320 - INFO - Tempo de execução de processamento do médico 3: 45.97 segundos
2025-05-22 05:22:31,784 - P17320 - INFO - Tempo de execução de processamento do lote completo: 169.60 segundos
