2025-05-22 03:22:54,455 - P15228 - INFO - 
==================================================
Processando médico 1/3
2025-05-22 03:22:54,456 - P15228 - INFO - Nome: PATRICIA SILVA SANTOS
2025-05-22 03:22:54,456 - P15228 - INFO - Reiniciando driver do Chrome
2025-05-22 03:22:55,784 - P15228 - INFO - Após reiniciar driver Uso de memória: 120.64 MB
2025-05-22 03:22:55,785 - P15228 - INFO - Início do processamento Uso de memória: 120.64 MB
2025-05-22 03:22:55,785 - P15228 - INFO - Iniciando busca para: PATRICIA SILVA SANTOS CRM 194875 SP telefone e-mail endereço
2025-05-22 03:22:56,594 - P15228 - INFO - SearX results: 14 URLs
2025-05-22 03:22:56,595 - P15228 - INFO - Após SearX Uso de memória: 120.64 MB
2025-05-22 03:23:00,146 - P15228 - INFO - Google results: 9 URLs
2025-05-22 03:23:00,146 - P15228 - INFO - Após Google Uso de memória: 122.66 MB
2025-05-22 03:23:02,904 - P15228 - INFO - Bing results: 10 URLs
2025-05-22 03:23:02,905 - P15228 - INFO - Após Bing Uso de memória: 122.66 MB
2025-05-22 03:23:02,905 - P15228 - INFO - Total de URLs únicas: 22
2025-05-22 03:23:02,905 - P15228 - INFO - Processando URL 1/22: https://imprensaoficial.jundiai.sp.gov.br/wp-content/uploads/2023/12/1491e4b0-be86-4a52-82c7-0872e2572556_Edicao-5381-15-12-2023.pdf
2025-05-22 03:23:02,906 - P15228 - INFO - Ignorando URL de arquivo não-HTML: https://imprensaoficial.jundiai.sp.gov.br/wp-content/uploads/2023/12/1491e4b0-be86-4a52-82c7-0872e2572556_Edicao-5381-15-12-2023.pdf
2025-05-22 03:23:02,906 - P15228 - INFO - Após processar URL 1 Uso de memória: 122.66 MB
2025-05-22 03:23:02,906 - P15228 - INFO - Processando URL 2/22: https://guiamedico.cremesp.org.br/
2025-05-22 03:23:04,986 - P15228 - INFO - HTML salvo para debug: data\debug_html_v10\7c54969580769b63edd9abaa952e1fa2.html
2025-05-22 03:23:04,992 - P15228 - INFO - Candidates address: 1 items
2025-05-22 03:23:04,992 - P15228 - INFO - Candidates phone: 1 items
2025-05-22 03:23:04,992 - P15228 - INFO - Candidates email: 0 items
2025-05-22 03:23:04,993 - P15228 - INFO - Candidates complement: 0 items
2025-05-22 03:23:04,993 - P15228 - INFO - Candidates cep: 1 items
2025-05-22 03:23:04,993 - P15228 - INFO - Após processar URL 2 Uso de memória: 122.66 MB
2025-05-22 03:23:04,993 - P15228 - INFO - Processando URL 3/22: https://www.tapisrouge.com.br/tjce-empossa-novos-dirigentes/raimundo-nonato-e-patricia-silva-santos-1/
2025-05-22 03:23:13,486 - P15228 - INFO - HTML salvo para debug: data\debug_html_v10\2730e0fe0cdf55456636df8273650df7.html
2025-05-22 03:23:13,529 - P15228 - INFO - Candidates address: 0 items
2025-05-22 03:23:13,529 - P15228 - INFO - Candidates phone: 0 items
2025-05-22 03:23:13,530 - P15228 - INFO - Candidates email: 0 items
2025-05-22 03:23:13,530 - P15228 - INFO - Candidates complement: 0 items
2025-05-22 03:23:13,530 - P15228 - INFO - Candidates cep: 0 items
2025-05-22 03:23:13,530 - P15228 - INFO - Após processar URL 3 Uso de memória: 122.98 MB
2025-05-22 03:23:13,530 - P15228 - INFO - Processando URL 4/22: https://www.doctoralia.com.br/patricia-gabriela-silva-santos-2/especialista-em-medicina-estetica/belo-horizonte
2025-05-22 03:23:13,530 - P15228 - INFO - Ignorando URL de arquivo não-HTML: https://www.doctoralia.com.br/patricia-gabriela-silva-santos-2/especialista-em-medicina-estetica/belo-horizonte
2025-05-22 03:23:13,531 - P15228 - INFO - Após processar URL 4 Uso de memória: 122.98 MB
2025-05-22 03:23:13,531 - P15228 - INFO - Processando URL 5/22: https://www.boaconsulta.com/especialista/patricia-silva-santos-6106ee7ca2e00a7165004a42
2025-05-22 03:23:17,016 - P15228 - INFO - HTML salvo para debug: data\debug_html_v10\908f9a60a76cb2a323f58ea89c678f2e.html
2025-05-22 03:23:17,119 - P15228 - INFO - Candidates address: 14 items
2025-05-22 03:23:17,120 - P15228 - INFO - Candidates phone: 0 items
2025-05-22 03:23:17,121 - P15228 - INFO - Candidates email: 0 items
2025-05-22 03:23:17,121 - P15228 - INFO - Candidates complement: 2 items
2025-05-22 03:23:17,121 - P15228 - INFO - Candidates cep: 0 items
2025-05-22 03:23:17,122 - P15228 - INFO - Após processar URL 5 Uso de memória: 123.41 MB
2025-05-22 03:23:17,122 - P15228 - INFO - Processando URL 6/22: https://www.tcmpa.tc.br/doe/doedocs/2011.01.07.DOE.pdf
2025-05-22 03:23:17,123 - P15228 - INFO - Ignorando URL de arquivo não-HTML: https://www.tcmpa.tc.br/doe/doedocs/2011.01.07.DOE.pdf
2025-05-22 03:23:17,124 - P15228 - INFO - Após processar URL 6 Uso de memória: 123.41 MB
2025-05-22 03:23:17,124 - P15228 - INFO - Processando URL 7/22: https://www.medicosbrasil.com/profissional/patricia-raquel-santos-e-silva
2025-05-22 03:23:20,722 - P15228 - INFO - HTML salvo para debug: data\debug_html_v10\72c4eec764e767c7c25543720dbe510e.html
2025-05-22 03:23:20,749 - P15228 - INFO - Candidates address: 0 items
2025-05-22 03:23:20,749 - P15228 - INFO - Candidates phone: 0 items
2025-05-22 03:23:20,750 - P15228 - INFO - Candidates email: 0 items
2025-05-22 03:23:20,750 - P15228 - INFO - Candidates complement: 0 items
2025-05-22 03:23:20,750 - P15228 - INFO - Candidates cep: 0 items
2025-05-22 03:23:20,750 - P15228 - INFO - Após processar URL 7 Uso de memória: 123.42 MB
2025-05-22 03:23:20,750 - P15228 - INFO - Processando URL 8/22: https://cnpj.biz/29428772000100
2025-05-22 03:23:25,346 - P15228 - INFO - HTML salvo para debug: data\debug_html_v10\d87e8ac44153dc5b9a193e50e96722e7.html
2025-05-22 03:23:25,359 - P15228 - INFO - Candidates address: 2 items
2025-05-22 03:23:25,360 - P15228 - INFO - Candidates phone: 1 items
2025-05-22 03:23:25,360 - P15228 - INFO - Candidates email: 1 items
2025-05-22 03:23:25,360 - P15228 - INFO - Candidates complement: 0 items
2025-05-22 03:23:25,360 - P15228 - INFO - Candidates cep: 2 items
2025-05-22 03:23:25,361 - P15228 - INFO - Após processar URL 8 Uso de memória: 123.42 MB
2025-05-22 03:23:25,361 - P15228 - INFO - Processando URL 9/22: https://transparencia.cremesp.org.br/?siteAcao=guia_medico
2025-05-22 03:23:27,906 - P15228 - INFO - HTML salvo para debug: data\debug_html_v10\cb80cc007a72cc7a378681a92a58906a.html
2025-05-22 03:23:27,959 - P15228 - INFO - Candidates address: 1 items
2025-05-22 03:23:27,960 - P15228 - INFO - Candidates phone: 0 items
2025-05-22 03:23:27,960 - P15228 - INFO - Candidates email: 0 items
2025-05-22 03:23:27,960 - P15228 - INFO - Candidates complement: 0 items
2025-05-22 03:23:27,960 - P15228 - INFO - Candidates cep: 1 items
2025-05-22 03:23:27,960 - P15228 - INFO - Após processar URL 9 Uso de memória: 123.42 MB
2025-05-22 03:23:27,961 - P15228 - INFO - Processando URL 10/22: https://ioepa.com.br/pages/2017/2017.06.26.DOE.pdf
2025-05-22 03:23:27,961 - P15228 - INFO - Ignorando URL de arquivo não-HTML: https://ioepa.com.br/pages/2017/2017.06.26.DOE.pdf
2025-05-22 03:23:27,961 - P15228 - INFO - Após processar URL 10 Uso de memória: 123.42 MB
2025-05-22 03:23:27,961 - P15228 - INFO - Processando URL 11/22: https://cnpj.biz/59469705000103
2025-05-22 03:23:30,407 - P15228 - INFO - HTML salvo para debug: data\debug_html_v10\28cab532fc6dfb63ed9546ac068582ba.html
2025-05-22 03:23:30,409 - P15228 - INFO - Candidates address: 0 items
2025-05-22 03:23:30,410 - P15228 - INFO - Candidates phone: 0 items
2025-05-22 03:23:30,410 - P15228 - INFO - Candidates email: 0 items
2025-05-22 03:23:30,410 - P15228 - INFO - Candidates complement: 0 items
2025-05-22 03:23:30,410 - P15228 - INFO - Candidates cep: 0 items
2025-05-22 03:23:30,410 - P15228 - INFO - Após processar URL 11 Uso de memória: 123.42 MB
2025-05-22 03:23:30,410 - P15228 - INFO - Processando URL 12/22: https://cadastroempresa.com.br/fornecedor/patricia-silva-santos-49363988000142
2025-05-22 03:23:33,017 - P15228 - INFO - HTML salvo para debug: data\debug_html_v10\9cac8859b56366df6f484001514f0ec1.html
2025-05-22 03:23:33,046 - P15228 - INFO - Candidates address: 0 items
2025-05-22 03:23:33,049 - P15228 - INFO - Candidates phone: 1 items
2025-05-22 03:23:33,050 - P15228 - INFO - Candidates email: 1 items
2025-05-22 03:23:33,052 - P15228 - INFO - Candidates complement: 0 items
2025-05-22 03:23:33,052 - P15228 - INFO - Candidates cep: 2 items
2025-05-22 03:23:33,053 - P15228 - INFO - Após processar URL 12 Uso de memória: 123.42 MB
2025-05-22 03:23:33,053 - P15228 - INFO - Processando URL 13/22: https://www.marituba.pa.gov.br/site/wp-content/uploads/2017/05/Ioepa-Republica%C3%A7%C3%A3o-de-Edital.pdf
2025-05-22 03:23:33,053 - P15228 - INFO - Ignorando URL de arquivo não-HTML: https://www.marituba.pa.gov.br/site/wp-content/uploads/2017/05/Ioepa-Republica%C3%A7%C3%A3o-de-Edital.pdf
2025-05-22 03:23:33,054 - P15228 - INFO - Após processar URL 13 Uso de memória: 123.42 MB
2025-05-22 03:23:33,058 - P15228 - INFO - Processando URL 14/22: https://diariooficial.guarulhos.sp.gov.br/uploads/pdf/1098975976.pdf
2025-05-22 03:23:33,059 - P15228 - INFO - Ignorando URL de arquivo não-HTML: https://diariooficial.guarulhos.sp.gov.br/uploads/pdf/1098975976.pdf
2025-05-22 03:23:33,060 - P15228 - INFO - Após processar URL 14 Uso de memória: 123.42 MB
2025-05-22 03:23:33,062 - P15228 - INFO - Processando URL 15/22: https://consultacrm.com.br/
2025-05-22 03:23:37,164 - P15228 - INFO - HTML salvo para debug: data\debug_html_v10\65cadeb91ac3713432c21b535990f440.html
2025-05-22 03:23:37,177 - P15228 - INFO - Candidates address: 0 items
2025-05-22 03:23:37,177 - P15228 - INFO - Candidates phone: 0 items
2025-05-22 03:23:37,178 - P15228 - INFO - Candidates email: 0 items
2025-05-22 03:23:37,178 - P15228 - INFO - Candidates complement: 0 items
2025-05-22 03:23:37,178 - P15228 - INFO - Candidates cep: 0 items
2025-05-22 03:23:37,178 - P15228 - INFO - Após processar URL 15 Uso de memória: 123.42 MB
2025-05-22 03:23:37,178 - P15228 - INFO - Processando URL 16/22: https://doutorcrm.com/patricia-cristina-dos-santos
2025-05-22 03:23:41,131 - P15228 - INFO - HTML salvo para debug: data\debug_html_v10\ba6a68362c9de784be1d4fd5d5868b16.html
2025-05-22 03:23:41,139 - P15228 - INFO - Candidates address: 2 items
2025-05-22 03:23:41,140 - P15228 - INFO - Candidates phone: 0 items
2025-05-22 03:23:41,140 - P15228 - INFO - Candidates email: 0 items
2025-05-22 03:23:41,140 - P15228 - INFO - Candidates complement: 0 items
2025-05-22 03:23:41,141 - P15228 - INFO - Candidates cep: 2 items
2025-05-22 03:23:41,141 - P15228 - INFO - Após processar URL 16 Uso de memória: 123.42 MB
2025-05-22 03:23:41,142 - P15228 - INFO - Processando URL 17/22: https://iprejun.sp.gov.br/S/arquivos/Imprensa_Oficial/Imprensa_Oficial_Jundiai_2023-12-15_5381.pdf
2025-05-22 03:23:41,142 - P15228 - INFO - Ignorando URL de arquivo não-HTML: https://iprejun.sp.gov.br/S/arquivos/Imprensa_Oficial/Imprensa_Oficial_Jundiai_2023-12-15_5381.pdf
2025-05-22 03:23:41,143 - P15228 - INFO - Após processar URL 17 Uso de memória: 123.42 MB
2025-05-22 03:23:41,143 - P15228 - INFO - Processando URL 18/22: https://www.spdo.ms.gov.br/diariodoe/Index/Download/DO9491_12_09_2017
2025-05-22 03:23:44,645 - P15228 - INFO - HTML salvo para debug: data\debug_html_v10\8008587f04d2e0a770de037dca33186b.html
2025-05-22 03:23:44,645 - P15228 - INFO - Candidates address: 0 items
2025-05-22 03:23:44,646 - P15228 - INFO - Candidates phone: 0 items
2025-05-22 03:23:44,646 - P15228 - INFO - Candidates email: 0 items
2025-05-22 03:23:44,646 - P15228 - INFO - Candidates complement: 0 items
2025-05-22 03:23:44,646 - P15228 - INFO - Candidates cep: 0 items
2025-05-22 03:23:44,647 - P15228 - INFO - Após processar URL 18 Uso de memória: 123.42 MB
2025-05-22 03:23:44,647 - P15228 - INFO - Processando URL 19/22: http://cremesp.org.br/
2025-05-22 03:23:52,065 - P15228 - INFO - HTML salvo para debug: data\debug_html_v10\2a967318246f9658edeb1e0469c871fe.html
2025-05-22 03:23:52,092 - P15228 - INFO - Candidates address: 1 items
2025-05-22 03:23:52,092 - P15228 - INFO - Candidates phone: 1 items
2025-05-22 03:23:52,092 - P15228 - INFO - Candidates email: 0 items
2025-05-22 03:23:52,092 - P15228 - INFO - Candidates complement: 0 items
2025-05-22 03:23:52,092 - P15228 - INFO - Candidates cep: 2 items
2025-05-22 03:23:52,092 - P15228 - INFO - Após processar URL 19 Uso de memória: 123.42 MB
2025-05-22 03:23:52,093 - P15228 - INFO - Processando URL 20/22: https://cnpj.biz/46942599000183
2025-05-22 03:23:54,229 - P15228 - INFO - HTML salvo para debug: data\debug_html_v10\253813a56ddca6450872571e021c7467.html
2025-05-22 03:23:54,232 - P15228 - INFO - Candidates address: 0 items
2025-05-22 03:23:54,232 - P15228 - INFO - Candidates phone: 0 items
2025-05-22 03:23:54,232 - P15228 - INFO - Candidates email: 0 items
2025-05-22 03:23:54,233 - P15228 - INFO - Candidates complement: 0 items
2025-05-22 03:23:54,233 - P15228 - INFO - Candidates cep: 0 items
2025-05-22 03:23:54,233 - P15228 - INFO - Após processar URL 20 Uso de memória: 123.42 MB
2025-05-22 03:23:54,234 - P15228 - INFO - Processando URL 21/22: https://www2.bauru.sp.gov.br/arquivos/sist_diariooficial/2024/07/do_20240720_3867.pdf
2025-05-22 03:23:54,234 - P15228 - INFO - Ignorando URL de arquivo não-HTML: https://www2.bauru.sp.gov.br/arquivos/sist_diariooficial/2024/07/do_20240720_3867.pdf
2025-05-22 03:23:54,235 - P15228 - INFO - Após processar URL 21 Uso de memória: 123.42 MB
2025-05-22 03:23:54,235 - P15228 - INFO - Processando URL 22/22: https://natura.di.uminho.pt/svn/pln2007/tokens.todos
2025-05-22 03:24:28,472 - P15228 - ERROR - Erro ao baixar HTML de https://natura.di.uminho.pt/svn/pln2007/tokens.todos: Message: timeout: Timed out receiving message from renderer: 30.000
  (Session info: chrome=136.0.7103.114)
Stacktrace:
	GetHandleVerifier [0x00007FF75763CF45+75717]
	GetHandleVerifier [0x00007FF75763CFA0+75808]
	(No symbol) [0x00007FF757408F9A]
	(No symbol) [0x00007FF7573F64EC]
	(No symbol) [0x00007FF7573F61DA]
	(No symbol) [0x00007FF7573F3E8A]
	(No symbol) [0x00007FF7573F483F]
	(No symbol) [0x00007FF7574033AE]
	(No symbol) [0x00007FF7574197E1]
	(No symbol) [0x00007FF75742091A]
	(No symbol) [0x00007FF7573F4FAD]
	(No symbol) [0x00007FF7574194D0]
	(No symbol) [0x00007FF7574AF276]
	(No symbol) [0x00007FF757487153]
	(No symbol) [0x00007FF757450421]
	(No symbol) [0x00007FF7574511B3]
	GetHandleVerifier [0x00007FF75793D71D+3223453]
	GetHandleVerifier [0x00007FF757937CC2+3200322]
	GetHandleVerifier [0x00007FF757955AF3+3322739]
	GetHandleVerifier [0x00007FF757656A1A+180890]
	GetHandleVerifier [0x00007FF75765E11F+211359]
	GetHandleVerifier [0x00007FF757645294+109332]
	GetHandleVerifier [0x00007FF757645442+109762]
	GetHandleVerifier [0x00007FF75762BA59+4825]
	BaseThreadInitThunk [0x00007FFFFE757344+20]
	RtlUserThreadStart [0x00007FFFFF4026B1+33]

2025-05-22 03:24:28,475 - P15228 - INFO - Após processar URL 22 Uso de memória: 123.42 MB
2025-05-22 03:24:28,475 - P15228 - INFO - Iniciando agregação e ranqueamento
2025-05-22 03:24:28,476 - P15228 - INFO - Ranked address: 19 items
2025-05-22 03:24:28,476 - P15228 - INFO - Ranked phone: 3 items
2025-05-22 03:24:28,476 - P15228 - INFO - Ranked email: 2 items
2025-05-22 03:24:28,476 - P15228 - INFO - Ranked complement: 2 items
2025-05-22 03:24:28,477 - P15228 - INFO - Ranked cep: 8 items
2025-05-22 03:24:28,477 - P15228 - INFO - Após agregação Uso de memória: 123.42 MB
2025-05-22 03:24:28,477 - P15228 - INFO - Validando endereço: ['Rua Frei Caneca, 1282', 'Rua Augusto Tolle, 901', 'Rua Borges Lagoa, 564']
2025-05-22 03:24:28,477 - P15228 - INFO - Endereço validado: Rua Frei Caneca, 1282
2025-05-22 03:24:28,477 - P15228 - INFO - Limpando texto extenso para campo address: Rua Frei Caneca, 1282...
2025-05-22 03:24:28,478 - P15228 - INFO - Texto limpo: Rua Frei Caneca, 1282
2025-05-22 03:24:28,478 - P15228 - INFO - Validando telefone: ['(11) 4349-9900', '(11) 5730-8075', '(11) 3951-3759']
2025-05-22 03:24:28,478 - P15228 - INFO - Limpando texto extenso para campo phone: (11) 4349-9900...
2025-05-22 03:24:28,479 - P15228 - INFO - Texto limpo: 11) 4349-9900
2025-05-22 03:24:28,479 - P15228 - INFO - Telefone validado: 11) 4349-9900
2025-05-22 03:24:28,479 - P15228 - INFO - Validando email: ['vermelhocereja1223@gmail.com', 'papiatan@gmail.com']
2025-05-22 03:24:28,480 - P15228 - INFO - Limpando texto extenso para campo email: vermelhocereja1223@gmail.com...
2025-05-22 03:24:28,480 - P15228 - INFO - Texto limpo: vermelhocereja1223@gmail.com
2025-05-22 03:24:28,480 - P15228 - INFO - Email validado: vermelhocereja1223@gmail.com
2025-05-22 03:24:28,480 - P15228 - INFO - Validando complemento: ['Conjunto 204', 'Conjunto Habitaciona']
2025-05-22 03:24:28,481 - P15228 - INFO - Limpando texto extenso para campo complement: Conjunto 204...
2025-05-22 03:24:28,481 - P15228 - INFO - Texto limpo: Conjunto 204
2025-05-22 03:24:28,481 - P15228 - INFO - Complemento validado: Conjunto 204
2025-05-22 03:24:28,481 - P15228 - INFO - Descobrindo cidade
2025-05-22 03:24:28,481 - P15228 - INFO - Buscando cidade: Rua Frei Caneca cidade SP
2025-05-22 03:24:34,131 - P15228 - WARNING - Cidade não encontrada
2025-05-22 03:24:34,134 - P15228 - INFO - Cidade descoberta: 
2025-05-22 03:24:34,134 - P15228 - INFO - Tempo de execução de processamento completo do médico: 98.35 segundos
2025-05-22 03:24:34,135 - P15228 - INFO - Resultado processado: {'Hash': 'f36a048c9bb7801179b46f41841e29130d657dfb83cc5bd8c82693e73711b73c', 'CRM': '194875', 'UF': 'SP', 'Firstname': 'PATRICIA', 'LastName': 'SILVA SANTOS', 'Medical specialty': '', 'Endereco Completo A1': 'Rua Frei Caneca, 1282', 'Address A1': 'Rua Frei Caneca', 'Numero A1': '1282', 'Complement A1': 'Conjunto 204', 'Bairro A1': '', 'postal code A1': '', 'City A1': '', 'State A1': '', 'Phone A1': '11) 4349-9900', 'Phone A2': '', 'Cell phone A1': '', 'Cell phone A2': '', 'E-mail A1': 'vermelhocereja1223@gmail.com', 'E-mail A2': '', 'OPT-IN': '', 'STATUS': '', 'LOTE': ''}
2025-05-22 03:24:34,136 - P15228 - INFO - Progresso: 46.8%
2025-05-22 03:24:34,136 - P15228 - INFO - Executando coleta de lixo
2025-05-22 03:24:34,211 - P15228 - INFO - Após coleta de lixo Uso de memória: 114.57 MB
2025-05-22 03:24:34,212 - P15228 - INFO - Tempo de execução de processamento do médico 1: 99.76 segundos
2025-05-22 03:24:34,214 - P15228 - INFO - 
==================================================
Processando médico 2/3
2025-05-22 03:24:34,216 - P15228 - INFO - Nome: DANIELA LIZZY BALCAZAR MERCADO
2025-05-22 03:24:34,217 - P15228 - INFO - Início do processamento Uso de memória: 114.57 MB
2025-05-22 03:24:34,218 - P15228 - INFO - Iniciando busca para: DANIELA LIZZY BALCAZAR MERCADO CRM 197459 SP telefone e-mail endereço
2025-05-22 03:24:34,951 - P15228 - INFO - SearX results: 9 URLs
2025-05-22 03:24:34,952 - P15228 - INFO - Após SearX Uso de memória: 114.57 MB
2025-05-22 03:24:37,868 - P15228 - INFO - Google results: 5 URLs
2025-05-22 03:24:37,868 - P15228 - INFO - Após Google Uso de memória: 118.80 MB
2025-05-22 03:24:40,629 - P15228 - INFO - Bing results: 8 URLs
2025-05-22 03:24:40,629 - P15228 - INFO - Após Bing Uso de memória: 121.50 MB
2025-05-22 03:24:40,629 - P15228 - INFO - Total de URLs únicas: 12
2025-05-22 03:24:40,630 - P15228 - INFO - Processando URL 1/12: https://www.reclameaqui.com.br/cremesp/nao-acolhimento-de-demanda_vl52PlA1LpM73u-9/
2025-05-22 03:24:46,215 - P15228 - INFO - HTML salvo para debug: data\debug_html_v10\aab97cd0912e27c00acb68882d2f760b.html
2025-05-22 03:24:46,237 - P15228 - INFO - Candidates address: 0 items
2025-05-22 03:24:46,237 - P15228 - INFO - Candidates phone: 0 items
2025-05-22 03:24:46,238 - P15228 - INFO - Candidates email: 0 items
2025-05-22 03:24:46,238 - P15228 - INFO - Candidates complement: 0 items
2025-05-22 03:24:46,239 - P15228 - INFO - Candidates cep: 1 items
2025-05-22 03:24:46,239 - P15228 - INFO - Após processar URL 1 Uso de memória: 124.24 MB
2025-05-22 03:24:46,239 - P15228 - INFO - Processando URL 2/12: https://www.doctoralia.com.br/daniela-lizzy-balcazar-mercado-2/dermatologista/sao-paulo
2025-05-22 03:24:46,239 - P15228 - INFO - Ignorando URL de arquivo não-HTML: https://www.doctoralia.com.br/daniela-lizzy-balcazar-mercado-2/dermatologista/sao-paulo
2025-05-22 03:24:46,240 - P15228 - INFO - Após processar URL 2 Uso de memória: 122.32 MB
2025-05-22 03:24:46,240 - P15228 - INFO - Processando URL 3/12: https://guiamedico.cremesp.org.br/
2025-05-22 03:24:48,882 - P15228 - INFO - HTML salvo para debug: data\debug_html_v10\7c54969580769b63edd9abaa952e1fa2.html
2025-05-22 03:24:48,889 - P15228 - INFO - Candidates address: 1 items
2025-05-22 03:24:48,890 - P15228 - INFO - Candidates phone: 1 items
2025-05-22 03:24:48,890 - P15228 - INFO - Candidates email: 0 items
2025-05-22 03:24:48,891 - P15228 - INFO - Candidates complement: 0 items
2025-05-22 03:24:48,891 - P15228 - INFO - Candidates cep: 1 items
2025-05-22 03:24:48,891 - P15228 - INFO - Após processar URL 3 Uso de memória: 122.81 MB
2025-05-22 03:24:48,891 - P15228 - INFO - Processando URL 4/12: https://www.boaconsulta.com/especialista/daniela-lizzy-balcazar-mercado-6105f261cb7bc0025300081e
2025-05-22 03:24:51,953 - P15228 - INFO - HTML salvo para debug: data\debug_html_v10\87847ecd3f8e824c29844da3545a2b5c.html
2025-05-22 03:24:52,033 - P15228 - INFO - Candidates address: 5 items
2025-05-22 03:24:52,034 - P15228 - INFO - Candidates phone: 0 items
2025-05-22 03:24:52,034 - P15228 - INFO - Candidates email: 0 items
2025-05-22 03:24:52,034 - P15228 - INFO - Candidates complement: 0 items
2025-05-22 03:24:52,034 - P15228 - INFO - Candidates cep: 0 items
2025-05-22 03:24:52,035 - P15228 - INFO - Após processar URL 4 Uso de memória: 124.88 MB
2025-05-22 03:24:52,035 - P15228 - INFO - Processando URL 5/12: https://www.doctoralia.com.br/dermatologista/sao-paulo/jardim-brasil-zona-norte
2025-05-22 03:24:52,035 - P15228 - INFO - Ignorando URL de arquivo não-HTML: https://www.doctoralia.com.br/dermatologista/sao-paulo/jardim-brasil-zona-norte
2025-05-22 03:24:52,035 - P15228 - INFO - Após processar URL 5 Uso de memória: 123.23 MB
2025-05-22 03:24:52,036 - P15228 - INFO - Processando URL 6/12: https://consultacrm.com.br/
2025-05-22 03:24:55,517 - P15228 - INFO - HTML salvo para debug: data\debug_html_v10\65cadeb91ac3713432c21b535990f440.html
2025-05-22 03:24:55,540 - P15228 - INFO - Candidates address: 0 items
2025-05-22 03:24:55,542 - P15228 - INFO - Candidates phone: 0 items
2025-05-22 03:24:55,543 - P15228 - INFO - Candidates email: 0 items
2025-05-22 03:24:55,544 - P15228 - INFO - Candidates complement: 0 items
2025-05-22 03:24:55,545 - P15228 - INFO - Candidates cep: 0 items
2025-05-22 03:24:55,546 - P15228 - INFO - Após processar URL 6 Uso de memória: 124.18 MB
2025-05-22 03:24:55,548 - P15228 - INFO - Processando URL 7/12: https://cnpj.services/23989198000264/p-v-servicos-medicos-ltda
2025-05-22 03:24:59,303 - P15228 - INFO - HTML salvo para debug: data\debug_html_v10\811c1422a10c1afcb4c94db32b0e7358.html
2025-05-22 03:24:59,475 - P15228 - INFO - Candidates address: 0 items
2025-05-22 03:24:59,475 - P15228 - INFO - Candidates phone: 1 items
2025-05-22 03:24:59,475 - P15228 - INFO - Candidates email: 1 items
2025-05-22 03:24:59,476 - P15228 - INFO - Candidates complement: 0 items
2025-05-22 03:24:59,476 - P15228 - INFO - Candidates cep: 2 items
2025-05-22 03:24:59,476 - P15228 - INFO - Após processar URL 7 Uso de memória: 124.41 MB
2025-05-22 03:24:59,476 - P15228 - INFO - Processando URL 8/12: https://www.doctoralia.com.br/dermatologista/operadora-unicentral-de-planos-de-saude
2025-05-22 03:24:59,476 - P15228 - INFO - Ignorando URL de arquivo não-HTML: https://www.doctoralia.com.br/dermatologista/operadora-unicentral-de-planos-de-saude
2025-05-22 03:24:59,476 - P15228 - INFO - Após processar URL 8 Uso de memória: 124.41 MB
2025-05-22 03:24:59,476 - P15228 - INFO - Processando URL 9/12: https://guiasaudebrasil.com.br/profissional/9a392c50de361f96-daniela-lizzy-balcazar-mercado
2025-05-22 03:25:05,142 - P15228 - INFO - HTML salvo para debug: data\debug_html_v10\0396550356c456fa39a6a4fa106dff63.html
2025-05-22 03:25:05,155 - P15228 - INFO - Candidates address: 0 items
2025-05-22 03:25:05,155 - P15228 - INFO - Candidates phone: 0 items
2025-05-22 03:25:05,156 - P15228 - INFO - Candidates email: 0 items
2025-05-22 03:25:05,156 - P15228 - INFO - Candidates complement: 0 items
2025-05-22 03:25:05,156 - P15228 - INFO - Candidates cep: 1 items
2025-05-22 03:25:05,157 - P15228 - INFO - Após processar URL 9 Uso de memória: 124.42 MB
2025-05-22 03:25:05,157 - P15228 - INFO - Processando URL 10/12: https://cliniguia.com/profissionais/daniela-lizzy-balcazar-mercado-898004994922596/
2025-05-22 03:25:10,546 - P15228 - INFO - HTML salvo para debug: data\debug_html_v10\3d34f9afe6b1e97e41cd1d2149de176e.html
2025-05-22 03:25:10,600 - P15228 - INFO - Candidates address: 0 items
2025-05-22 03:25:10,603 - P15228 - INFO - Candidates phone: 0 items
2025-05-22 03:25:10,636 - P15228 - INFO - Candidates email: 0 items
2025-05-22 03:25:10,643 - P15228 - INFO - Candidates complement: 0 items
2025-05-22 03:25:10,646 - P15228 - INFO - Candidates cep: 0 items
2025-05-22 03:25:10,647 - P15228 - INFO - Após processar URL 10 Uso de memória: 125.48 MB
2025-05-22 03:25:10,648 - P15228 - INFO - Processando URL 11/12: https://www.medicosbrasil.com/profissional/daniela-lizzy-balcazar-mercado
2025-05-22 03:25:12,836 - P15228 - INFO - HTML salvo para debug: data\debug_html_v10\7932551cee47e95d488342a7c9968777.html
2025-05-22 03:25:12,839 - P15228 - INFO - Candidates address: 0 items
2025-05-22 03:25:12,840 - P15228 - INFO - Candidates phone: 0 items
2025-05-22 03:25:12,840 - P15228 - INFO - Candidates email: 0 items
2025-05-22 03:25:12,841 - P15228 - INFO - Candidates complement: 0 items
2025-05-22 03:25:12,841 - P15228 - INFO - Candidates cep: 0 items
2025-05-22 03:25:12,841 - P15228 - INFO - Após processar URL 11 Uso de memória: 125.48 MB
2025-05-22 03:25:12,841 - P15228 - INFO - Processando URL 12/12: https://cnpj.biz/46017528000174
2025-05-22 03:25:15,356 - P15228 - INFO - HTML salvo para debug: data\debug_html_v10\580c4c89a3cb34b74778a1105f1c0359.html
2025-05-22 03:25:15,358 - P15228 - INFO - Candidates address: 0 items
2025-05-22 03:25:15,358 - P15228 - INFO - Candidates phone: 0 items
2025-05-22 03:25:15,358 - P15228 - INFO - Candidates email: 0 items
2025-05-22 03:25:15,359 - P15228 - INFO - Candidates complement: 0 items
2025-05-22 03:25:15,359 - P15228 - INFO - Candidates cep: 0 items
2025-05-22 03:25:15,359 - P15228 - INFO - Após processar URL 12 Uso de memória: 125.48 MB
2025-05-22 03:25:15,359 - P15228 - INFO - Iniciando agregação e ranqueamento
2025-05-22 03:25:15,359 - P15228 - INFO - Ranked address: 6 items
2025-05-22 03:25:15,360 - P15228 - INFO - Ranked phone: 2 items
2025-05-22 03:25:15,360 - P15228 - INFO - Ranked email: 1 items
2025-05-22 03:25:15,360 - P15228 - INFO - Ranked complement: 0 items
2025-05-22 03:25:15,360 - P15228 - INFO - Ranked cep: 5 items
2025-05-22 03:25:15,361 - P15228 - INFO - Após agregação Uso de memória: 125.48 MB
2025-05-22 03:25:15,361 - P15228 - INFO - Validando endereço: ['Rua Frei Caneca, 1282', 'Rua Flavio Augusto De Moraes, 80', 'Rua Dos Cravos, 230']
2025-05-22 03:25:15,361 - P15228 - INFO - Endereço validado: Rua Frei Caneca, 1282
2025-05-22 03:25:15,361 - P15228 - INFO - Limpando texto extenso para campo address: Rua Frei Caneca, 1282...
2025-05-22 03:25:15,362 - P15228 - INFO - Texto limpo: Rua Frei Caneca, 1282
2025-05-22 03:25:15,362 - P15228 - INFO - Validando telefone: ['(11) 4349-9900', '(11) 3965-1023']
2025-05-22 03:25:15,362 - P15228 - INFO - Limpando texto extenso para campo phone: (11) 4349-9900...
2025-05-22 03:25:15,362 - P15228 - INFO - Texto limpo: 11) 4349-9900
2025-05-22 03:25:15,362 - P15228 - INFO - Telefone validado: 11) 4349-9900
2025-05-22 03:25:15,363 - P15228 - INFO - Validando email: ['contato@contabilleonardis.com.br']
2025-05-22 03:25:15,363 - P15228 - INFO - Limpando texto extenso para campo email: contato@contabilleonardis.com.br...
2025-05-22 03:25:15,364 - P15228 - INFO - Texto limpo: contato@contabilleonardis.com.br
2025-05-22 03:25:15,364 - P15228 - INFO - Email validado: contato@contabilleonardis.com.br
2025-05-22 03:25:15,364 - P15228 - INFO - Descobrindo cidade
2025-05-22 03:25:15,364 - P15228 - INFO - Buscando cidade: Rua Frei Caneca cidade SP
2025-05-22 03:25:17,718 - P15228 - WARNING - Cidade não encontrada
2025-05-22 03:25:17,718 - P15228 - INFO - Cidade descoberta: 
2025-05-22 03:25:17,719 - P15228 - INFO - Tempo de execução de processamento completo do médico: 43.50 segundos
2025-05-22 03:25:17,720 - P15228 - INFO - Resultado processado: {'Hash': '7cdcd2b4f5b7ce5875d5041c71c8593c7200c67be6d998444d1d28a0e398d171', 'CRM': '197459', 'UF': 'SP', 'Firstname': 'DANIELA', 'LastName': 'LIZZY BALCAZAR MERCADO', 'Medical specialty': '', 'Endereco Completo A1': 'Rua Frei Caneca, 1282', 'Address A1': 'Rua Frei Caneca', 'Numero A1': '1282', 'Complement A1': '', 'Bairro A1': '', 'postal code A1': '', 'City A1': '', 'State A1': '', 'Phone A1': '11) 4349-9900', 'Phone A2': '', 'Cell phone A1': '', 'Cell phone A2': '', 'E-mail A1': 'contato@contabilleonardis.com.br', 'E-mail A2': '', 'OPT-IN': '', 'STATUS': '', 'LOTE': ''}
2025-05-22 03:25:17,722 - P15228 - INFO - Progresso: 46.9%
2025-05-22 03:25:17,723 - P15228 - INFO - Tempo de execução de processamento do médico 2: 43.51 segundos
2025-05-22 03:25:17,724 - P15228 - INFO - 
==================================================
Processando médico 3/3
2025-05-22 03:25:17,725 - P15228 - INFO - Nome: STIVEN BELFORT PENA MIRANDA
2025-05-22 03:25:17,727 - P15228 - INFO - Início do processamento Uso de memória: 122.23 MB
2025-05-22 03:25:17,728 - P15228 - INFO - Iniciando busca para: STIVEN BELFORT PENA MIRANDA CRM 197529 SP telefone e-mail endereço
2025-05-22 03:25:18,524 - P15228 - INFO - SearX results: 11 URLs
2025-05-22 03:25:18,524 - P15228 - INFO - Após SearX Uso de memória: 122.23 MB
2025-05-22 03:25:21,299 - P15228 - INFO - Google results: 4 URLs
2025-05-22 03:25:21,300 - P15228 - INFO - Após Google Uso de memória: 123.39 MB
2025-05-22 03:25:23,823 - P15228 - INFO - Bing results: 9 URLs
2025-05-22 03:25:23,823 - P15228 - INFO - Após Bing Uso de memória: 124.19 MB
2025-05-22 03:25:23,823 - P15228 - INFO - Total de URLs únicas: 12
2025-05-22 03:25:23,823 - P15228 - INFO - Processando URL 1/12: https://www.doctoralia.com.br/osasco/i-a-p-i?page=15
2025-05-22 03:25:23,824 - P15228 - INFO - Ignorando URL de arquivo não-HTML: https://www.doctoralia.com.br/osasco/i-a-p-i?page=15
2025-05-22 03:25:23,824 - P15228 - INFO - Após processar URL 1 Uso de memória: 124.19 MB
2025-05-22 03:25:23,824 - P15228 - INFO - Processando URL 2/12: https://cadastroempresa.com.br/fornecedor/clinica-saude-dourada-54128992000166
2025-05-22 03:25:26,037 - P15228 - INFO - HTML salvo para debug: data\debug_html_v10\613060e065bd55f6909ae14cb26d289e.html
2025-05-22 03:25:26,040 - P15228 - INFO - Candidates address: 0 items
2025-05-22 03:25:26,040 - P15228 - INFO - Candidates phone: 0 items
2025-05-22 03:25:26,040 - P15228 - INFO - Candidates email: 0 items
2025-05-22 03:25:26,040 - P15228 - INFO - Candidates complement: 0 items
2025-05-22 03:25:26,040 - P15228 - INFO - Candidates cep: 0 items
2025-05-22 03:25:26,040 - P15228 - INFO - Após processar URL 2 Uso de memória: 124.21 MB
2025-05-22 03:25:26,041 - P15228 - INFO - Processando URL 3/12: https://www.doctoralia.com.br/stiven-belfort-pena-miranda-2/generalista/sorocaba
2025-05-22 03:25:26,041 - P15228 - INFO - Ignorando URL de arquivo não-HTML: https://www.doctoralia.com.br/stiven-belfort-pena-miranda-2/generalista/sorocaba
2025-05-22 03:25:26,041 - P15228 - INFO - Após processar URL 3 Uso de memória: 124.21 MB
2025-05-22 03:25:26,041 - P15228 - INFO - Processando URL 4/12: https://guiasaudebrasil.com.br/profissional/6d9cd21b05c73556-stiven-belfort-pena-miranda/
2025-05-22 03:25:30,486 - P15228 - INFO - HTML salvo para debug: data\debug_html_v10\a2b663c871cff3cbd98108e0fc0dd413.html
2025-05-22 03:25:30,496 - P15228 - INFO - Candidates address: 0 items
2025-05-22 03:25:30,497 - P15228 - INFO - Candidates phone: 0 items
2025-05-22 03:25:30,497 - P15228 - INFO - Candidates email: 0 items
2025-05-22 03:25:30,497 - P15228 - INFO - Candidates complement: 0 items
2025-05-22 03:25:30,497 - P15228 - INFO - Candidates cep: 1 items
2025-05-22 03:25:30,498 - P15228 - INFO - Após processar URL 4 Uso de memória: 124.25 MB
2025-05-22 03:25:30,498 - P15228 - INFO - Processando URL 5/12: https://www.medicosbrasil.com/profissional/stiven-belfort-pena-miranda
2025-05-22 03:25:32,646 - P15228 - INFO - HTML salvo para debug: data\debug_html_v10\b00a53b36d738e9d861c76d3331c6618.html
2025-05-22 03:25:32,648 - P15228 - INFO - Candidates address: 0 items
2025-05-22 03:25:32,648 - P15228 - INFO - Candidates phone: 0 items
2025-05-22 03:25:32,648 - P15228 - INFO - Candidates email: 0 items
2025-05-22 03:25:32,648 - P15228 - INFO - Candidates complement: 0 items
2025-05-22 03:25:32,648 - P15228 - INFO - Candidates cep: 0 items
2025-05-22 03:25:32,649 - P15228 - INFO - Após processar URL 5 Uso de memória: 124.25 MB
2025-05-22 03:25:32,649 - P15228 - INFO - Processando URL 6/12: https://guiamedico.cremesp.org.br/
2025-05-22 03:25:35,320 - P15228 - INFO - HTML salvo para debug: data\debug_html_v10\7c54969580769b63edd9abaa952e1fa2.html
2025-05-22 03:25:35,327 - P15228 - INFO - Candidates address: 1 items
2025-05-22 03:25:35,327 - P15228 - INFO - Candidates phone: 1 items
2025-05-22 03:25:35,327 - P15228 - INFO - Candidates email: 0 items
2025-05-22 03:25:35,327 - P15228 - INFO - Candidates complement: 0 items
2025-05-22 03:25:35,327 - P15228 - INFO - Candidates cep: 1 items
2025-05-22 03:25:35,328 - P15228 - INFO - Após processar URL 6 Uso de memória: 124.25 MB
2025-05-22 03:25:35,328 - P15228 - INFO - Processando URL 7/12: https://consultacrm.com.br/
2025-05-22 03:25:39,090 - P15228 - INFO - HTML salvo para debug: data\debug_html_v10\65cadeb91ac3713432c21b535990f440.html
2025-05-22 03:25:39,101 - P15228 - INFO - Candidates address: 0 items
2025-05-22 03:25:39,101 - P15228 - INFO - Candidates phone: 0 items
2025-05-22 03:25:39,101 - P15228 - INFO - Candidates email: 0 items
2025-05-22 03:25:39,101 - P15228 - INFO - Candidates complement: 0 items
2025-05-22 03:25:39,101 - P15228 - INFO - Candidates cep: 0 items
2025-05-22 03:25:39,101 - P15228 - INFO - Após processar URL 7 Uso de memória: 124.41 MB
2025-05-22 03:25:39,102 - P15228 - INFO - Processando URL 8/12: https://www.econodata.com.br/contato/stiven-belfort-pena-miranda-ae78e7ac76dfc67b5021e29b2932b085
2025-05-22 03:25:42,685 - P15228 - INFO - HTML salvo para debug: data\debug_html_v10\bfaee67249dd65332a458fd2c6ebf6e6.html
2025-05-22 03:25:42,750 - P15228 - INFO - Candidates address: 0 items
2025-05-22 03:25:42,751 - P15228 - INFO - Candidates phone: 0 items
2025-05-22 03:25:42,751 - P15228 - INFO - Candidates email: 0 items
2025-05-22 03:25:42,751 - P15228 - INFO - Candidates complement: 0 items
2025-05-22 03:25:42,751 - P15228 - INFO - Candidates cep: 0 items
2025-05-22 03:25:42,751 - P15228 - INFO - Após processar URL 8 Uso de memória: 124.42 MB
2025-05-22 03:25:42,751 - P15228 - INFO - Processando URL 9/12: https://www.boaconsulta.com/especialista/stiven-belfort-pena-miranda-6106ec10a2e00a713f000abc
2025-05-22 03:25:45,738 - P15228 - INFO - HTML salvo para debug: data\debug_html_v10\351bb5e977535cabd79d34e55d551ea8.html
2025-05-22 03:25:45,808 - P15228 - INFO - Candidates address: 13 items
2025-05-22 03:25:45,808 - P15228 - INFO - Candidates phone: 0 items
2025-05-22 03:25:45,808 - P15228 - INFO - Candidates email: 0 items
2025-05-22 03:25:45,808 - P15228 - INFO - Candidates complement: 1 items
2025-05-22 03:25:45,809 - P15228 - INFO - Candidates cep: 0 items
2025-05-22 03:25:45,809 - P15228 - INFO - Após processar URL 9 Uso de memória: 125.01 MB
2025-05-22 03:25:45,809 - P15228 - INFO - Processando URL 10/12: https://aboutcompany.info/country/brazil/officer/235188/stiven-belfort-pena-miranda/
2025-05-22 03:25:51,067 - P15228 - WARNING - Página muito grande (5.13MB), truncando
2025-05-22 03:25:51,078 - P15228 - INFO - HTML salvo para debug: data\debug_html_v10\e240d6b3f63d3ba158271053b84dca83.html
2025-05-22 03:25:52,657 - P15228 - INFO - Candidates address: 0 items
2025-05-22 03:25:52,658 - P15228 - INFO - Candidates phone: 0 items
2025-05-22 03:25:52,658 - P15228 - INFO - Candidates email: 0 items
2025-05-22 03:25:52,658 - P15228 - INFO - Candidates complement: 0 items
2025-05-22 03:25:52,658 - P15228 - INFO - Candidates cep: 0 items
2025-05-22 03:25:52,658 - P15228 - INFO - Após processar URL 10 Uso de memória: 130.27 MB
2025-05-22 03:25:52,658 - P15228 - INFO - Processando URL 11/12: https://cliniguia.com/profissionais/stiven-belfort-pena-miranda-701308695994430/
2025-05-22 03:25:57,697 - P15228 - INFO - HTML salvo para debug: data\debug_html_v10\4d6e5ec7d192619d2a15622b58c30bd9.html
2025-05-22 03:25:57,747 - P15228 - INFO - Candidates address: 0 items
2025-05-22 03:25:57,749 - P15228 - INFO - Candidates phone: 0 items
2025-05-22 03:25:57,751 - P15228 - INFO - Candidates email: 0 items
2025-05-22 03:25:57,754 - P15228 - INFO - Candidates complement: 0 items
2025-05-22 03:25:57,754 - P15228 - INFO - Candidates cep: 0 items
2025-05-22 03:25:57,755 - P15228 - INFO - Após processar URL 11 Uso de memória: 124.30 MB
2025-05-22 03:25:57,755 - P15228 - INFO - Processando URL 12/12: https://empresasweb.net/emp/brain-house-institute-br-ltda-54128992
2025-05-22 03:26:00,931 - P15228 - INFO - HTML salvo para debug: data\debug_html_v10\d431a6cbc0a4817a1d2347f46f9cc8d2.html
2025-05-22 03:26:00,944 - P15228 - INFO - Candidates address: 1 items
2025-05-22 03:26:00,944 - P15228 - INFO - Candidates phone: 1 items
2025-05-22 03:26:00,944 - P15228 - INFO - Candidates email: 1 items
2025-05-22 03:26:00,944 - P15228 - INFO - Candidates complement: 0 items
2025-05-22 03:26:00,944 - P15228 - INFO - Candidates cep: 1 items
2025-05-22 03:26:00,944 - P15228 - INFO - Após processar URL 12 Uso de memória: 124.30 MB
2025-05-22 03:26:00,945 - P15228 - INFO - Iniciando agregação e ranqueamento
2025-05-22 03:26:00,945 - P15228 - INFO - Ranked address: 15 items
2025-05-22 03:26:00,945 - P15228 - INFO - Ranked phone: 2 items
2025-05-22 03:26:00,945 - P15228 - INFO - Ranked email: 1 items
2025-05-22 03:26:00,945 - P15228 - INFO - Ranked complement: 1 items
2025-05-22 03:26:00,945 - P15228 - INFO - Ranked cep: 3 items
2025-05-22 03:26:00,946 - P15228 - INFO - Após agregação Uso de memória: 124.30 MB
2025-05-22 03:26:00,946 - P15228 - INFO - Validando endereço: ['Rua Frei Caneca, 1282', 'Rua Itapeva, 518', 'Rua Duarte De Azevedo, 284']
2025-05-22 03:26:00,946 - P15228 - INFO - Endereço validado: Rua Frei Caneca, 1282
2025-05-22 03:26:00,946 - P15228 - INFO - Limpando texto extenso para campo address: Rua Frei Caneca, 1282...
2025-05-22 03:26:00,946 - P15228 - INFO - Texto limpo: Rua Frei Caneca, 1282
2025-05-22 03:26:00,947 - P15228 - INFO - Validando telefone: ['(11) 4349-9900', '+551155243062']
2025-05-22 03:26:00,947 - P15228 - INFO - Limpando texto extenso para campo phone: (11) 4349-9900...
2025-05-22 03:26:00,947 - P15228 - INFO - Texto limpo: 11) 4349-9900
2025-05-22 03:26:00,947 - P15228 - INFO - Telefone validado: 11) 4349-9900
2025-05-22 03:26:00,947 - P15228 - INFO - Validando email: ['BRAINHOUSEINSTITUTE.BR@GMAIL.COM']
2025-05-22 03:26:00,947 - P15228 - INFO - Limpando texto extenso para campo email: BRAINHOUSEINSTITUTE.BR@GMAIL.COM...
2025-05-22 03:26:00,947 - P15228 - INFO - Texto limpo: brainhouseinstitute.br@gmail.com
2025-05-22 03:26:00,948 - P15228 - INFO - Email validado: brainhouseinstitute.br@gmail.com
2025-05-22 03:26:00,948 - P15228 - INFO - Validando complemento: ['Sala 133']
2025-05-22 03:26:00,948 - P15228 - INFO - Limpando texto extenso para campo complement: Sala 133...
2025-05-22 03:26:00,948 - P15228 - INFO - Texto limpo: Sala 133
2025-05-22 03:26:00,948 - P15228 - INFO - Complemento validado: Sala 133
2025-05-22 03:26:00,948 - P15228 - INFO - Descobrindo cidade
2025-05-22 03:26:00,949 - P15228 - INFO - Buscando cidade: Rua Frei Caneca cidade SP
2025-05-22 03:26:03,845 - P15228 - WARNING - Cidade não encontrada
2025-05-22 03:26:03,845 - P15228 - INFO - Cidade descoberta: 
2025-05-22 03:26:03,845 - P15228 - INFO - Tempo de execução de processamento completo do médico: 46.12 segundos
2025-05-22 03:26:03,846 - P15228 - INFO - Resultado processado: {'Hash': '0ad9b792eaf3b29d43bdb04ff76e62ae0b63f67dff6bcf0634e44d39c4d88823', 'CRM': '197529', 'UF': 'SP', 'Firstname': 'STIVEN', 'LastName': 'BELFORT PENA MIRANDA', 'Medical specialty': '', 'Endereco Completo A1': 'Rua Frei Caneca, 1282', 'Address A1': 'Rua Frei Caneca', 'Numero A1': '1282', 'Complement A1': 'Sala 133', 'Bairro A1': '', 'postal code A1': '', 'City A1': '', 'State A1': '', 'Phone A1': '11) 4349-9900', 'Phone A2': '', 'Cell phone A1': '', 'Cell phone A2': '', 'E-mail A1': 'brainhouseinstitute.br@gmail.com', 'E-mail A2': '', 'OPT-IN': '', 'STATUS': '', 'LOTE': ''}
2025-05-22 03:26:03,846 - P15228 - INFO - Salvando lote de resultados
2025-05-22 03:26:03,847 - P15228 - INFO - Após salvar resultados Uso de memória: 121.21 MB
2025-05-22 03:26:03,848 - P15228 - INFO - Progresso: 47.3%
2025-05-22 03:26:03,848 - P15228 - INFO - Tempo de execução de processamento do médico 3: 46.12 segundos
2025-05-22 03:26:03,848 - P15228 - INFO - Tempo de execução de processamento do lote completo: 189.39 segundos
