2025-05-22 05:49:54,452 - P15228 - INFO - 
==================================================
Processando médico 1/3
2025-05-22 05:49:54,453 - P15228 - INFO - Nome: MARILIA LOPES PINTO
2025-05-22 05:49:54,453 - P15228 - INFO - Reiniciando driver do Chrome
2025-05-22 05:49:56,117 - P15228 - INFO - Após reiniciar driver Uso de memória: 123.26 MB
2025-05-22 05:49:56,117 - P15228 - INFO - Início do processamento Uso de memória: 123.26 MB
2025-05-22 05:49:56,117 - P15228 - INFO - Iniciando busca para: MARILIA LOPES PINTO CRM 144736 SP telefone e-mail endereço
2025-05-22 05:49:56,933 - P15228 - INFO - SearX results: 14 URLs
2025-05-22 05:49:56,933 - P15228 - INFO - Após SearX Uso de memória: 123.26 MB
2025-05-22 05:49:59,505 - P15228 - INFO - Google results: 2 URLs
2025-05-22 05:49:59,507 - P15228 - INFO - Após Google Uso de memória: 123.84 MB
2025-05-22 05:50:02,128 - P15228 - INFO - Bing results: 10 URLs
2025-05-22 05:50:02,129 - P15228 - INFO - Após Bing Uso de memória: 126.16 MB
2025-05-22 05:50:02,129 - P15228 - INFO - Total de URLs únicas: 16
2025-05-22 05:50:02,129 - P15228 - INFO - Processando URL 1/16: https://www.sociosbrasil.com/nome/marilia-lopes-pinto
2025-05-22 05:50:06,536 - P15228 - INFO - HTML salvo para debug: data\debug_html_v10\0e325ce22fdec73f325e4ac7e8de7e1c.html
2025-05-22 05:50:06,542 - P15228 - INFO - Candidates address: 1 items
2025-05-22 05:50:06,542 - P15228 - INFO - Candidates phone: 0 items
2025-05-22 05:50:06,542 - P15228 - INFO - Candidates email: 1 items
2025-05-22 05:50:06,542 - P15228 - INFO - Candidates complement: 1 items
2025-05-22 05:50:06,542 - P15228 - INFO - Candidates cep: 3 items
2025-05-22 05:50:06,543 - P15228 - INFO - Após processar URL 1 Uso de memória: 126.33 MB
2025-05-22 05:50:06,543 - P15228 - INFO - Processando URL 2/16: http://www.guiareunimedicos.med.br/c/sp/sao-jose-dos-campos/endocrinologia-e-metabologia/marilia+lopes+de+brito+viana+pinto+2002160.htm
2025-05-22 05:50:08,725 - P15228 - INFO - HTML salvo para debug: data\debug_html_v10\4979c16a3bc10cc4c0d83bfe7171e22f.html
2025-05-22 05:50:08,725 - P15228 - INFO - Candidates address: 0 items
2025-05-22 05:50:08,726 - P15228 - INFO - Candidates phone: 0 items
2025-05-22 05:50:08,726 - P15228 - INFO - Candidates email: 1 items
2025-05-22 05:50:08,726 - P15228 - INFO - Candidates complement: 0 items
2025-05-22 05:50:08,726 - P15228 - INFO - Candidates cep: 0 items
2025-05-22 05:50:08,726 - P15228 - INFO - Após processar URL 2 Uso de memória: 126.33 MB
2025-05-22 05:50:08,726 - P15228 - INFO - Processando URL 3/16: https://www.saobernardo.sp.gov.br/documents/10181/735644/NM+2028+de+23.11.2018+-+Conteu%CC%81do+Integral.pdf/110c961b-8139-2655-eff5-30bb39f9f7b6
2025-05-22 05:50:08,727 - P15228 - INFO - Ignorando URL de arquivo não-HTML: https://www.saobernardo.sp.gov.br/documents/10181/735644/NM+2028+de+23.11.2018+-+Conteu%CC%81do+Integral.pdf/110c961b-8139-2655-eff5-30bb39f9f7b6
2025-05-22 05:50:08,727 - P15228 - INFO - Após processar URL 3 Uso de memória: 126.33 MB
2025-05-22 05:50:08,727 - P15228 - INFO - Processando URL 4/16: https://www.consultasocio.com/q/sa/marilia-lopes-pinto
2025-05-22 05:50:14,101 - P15228 - INFO - HTML salvo para debug: data\debug_html_v10\19c4400053b5a5df1bc30854a17befe7.html
2025-05-22 05:50:14,107 - P15228 - INFO - Candidates address: 1 items
2025-05-22 05:50:14,108 - P15228 - INFO - Candidates phone: 0 items
2025-05-22 05:50:14,108 - P15228 - INFO - Candidates email: 1 items
2025-05-22 05:50:14,108 - P15228 - INFO - Candidates complement: 1 items
2025-05-22 05:50:14,108 - P15228 - INFO - Candidates cep: 3 items
2025-05-22 05:50:14,109 - P15228 - INFO - Após processar URL 4 Uso de memória: 126.35 MB
2025-05-22 05:50:14,109 - P15228 - INFO - Processando URL 5/16: https://www.benditoguia.com.br/empresa/marilia-lopes-de-brito-viana-pinto-medico-clinico-geral-jardim-esplanada-sao-jose-dos-campos-sp
2025-05-22 05:50:17,516 - P15228 - INFO - HTML salvo para debug: data\debug_html_v10\62358dcb97d2fb4c6823627cfc7a82e1.html
2025-05-22 05:50:17,547 - P15228 - INFO - Candidates address: 1 items
2025-05-22 05:50:17,551 - P15228 - INFO - Candidates phone: 0 items
2025-05-22 05:50:17,551 - P15228 - INFO - Candidates email: 0 items
2025-05-22 05:50:17,552 - P15228 - INFO - Candidates complement: 0 items
2025-05-22 05:50:17,552 - P15228 - INFO - Candidates cep: 1 items
2025-05-22 05:50:17,553 - P15228 - INFO - Após processar URL 5 Uso de memória: 126.54 MB
2025-05-22 05:50:17,553 - P15228 - INFO - Processando URL 6/16: http://cremesp.org.br/?siteAcao=DelegaciasRegionais&id=15
2025-05-22 05:50:19,983 - P15228 - INFO - HTML salvo para debug: data\debug_html_v10\22b596ffafd5e71cbafadf11526c750e.html
2025-05-22 05:50:20,003 - P15228 - INFO - Candidates address: 2 items
2025-05-22 05:50:20,003 - P15228 - INFO - Candidates phone: 3 items
2025-05-22 05:50:20,003 - P15228 - INFO - Candidates email: 1 items
2025-05-22 05:50:20,003 - P15228 - INFO - Candidates complement: 0 items
2025-05-22 05:50:20,004 - P15228 - INFO - Candidates cep: 2 items
2025-05-22 05:50:20,004 - P15228 - INFO - Após processar URL 6 Uso de memória: 126.54 MB
2025-05-22 05:50:20,004 - P15228 - INFO - Processando URL 7/16: https://www.boaconsulta.com/especialista/marilia-lopes-pinto-6106d1bda2e00a653a0007a0
2025-05-22 05:50:23,423 - P15228 - INFO - HTML salvo para debug: data\debug_html_v10\538a13777b339d5eade3b14e4fcc26c2.html
2025-05-22 05:50:23,460 - P15228 - INFO - Candidates address: 4 items
2025-05-22 05:50:23,460 - P15228 - INFO - Candidates phone: 0 items
2025-05-22 05:50:23,460 - P15228 - INFO - Candidates email: 0 items
2025-05-22 05:50:23,460 - P15228 - INFO - Candidates complement: 0 items
2025-05-22 05:50:23,461 - P15228 - INFO - Candidates cep: 0 items
2025-05-22 05:50:23,461 - P15228 - INFO - Após processar URL 7 Uso de memória: 126.89 MB
2025-05-22 05:50:23,461 - P15228 - INFO - Processando URL 8/16: https://www.medicosbrasil.com/profissional/marilia-lopes-pinto
2025-05-22 05:50:26,080 - P15228 - INFO - HTML salvo para debug: data\debug_html_v10\6e6f852ef86eb073bc0d5ebb24d2ea68.html
2025-05-22 05:50:26,098 - P15228 - INFO - Candidates address: 0 items
2025-05-22 05:50:26,098 - P15228 - INFO - Candidates phone: 0 items
2025-05-22 05:50:26,098 - P15228 - INFO - Candidates email: 0 items
2025-05-22 05:50:26,099 - P15228 - INFO - Candidates complement: 0 items
2025-05-22 05:50:26,099 - P15228 - INFO - Candidates cep: 0 items
2025-05-22 05:50:26,099 - P15228 - INFO - Após processar URL 8 Uso de memória: 127.27 MB
2025-05-22 05:50:26,099 - P15228 - INFO - Processando URL 9/16: https://guiamedico.cremesp.org.br/
2025-05-22 05:50:44,685 - P15228 - INFO - HTML salvo para debug: data\debug_html_v10\7c54969580769b63edd9abaa952e1fa2.html
2025-05-22 05:50:44,693 - P15228 - INFO - Candidates address: 1 items
2025-05-22 05:50:44,693 - P15228 - INFO - Candidates phone: 1 items
2025-05-22 05:50:44,693 - P15228 - INFO - Candidates email: 0 items
2025-05-22 05:50:44,693 - P15228 - INFO - Candidates complement: 0 items
2025-05-22 05:50:44,694 - P15228 - INFO - Candidates cep: 1 items
2025-05-22 05:50:44,694 - P15228 - INFO - Após processar URL 9 Uso de memória: 127.27 MB
2025-05-22 05:50:44,694 - P15228 - INFO - Processando URL 10/16: https://www.saobernardo.sp.gov.br/documents/10181/735644/NM+1978+de+02.02.2018+-+Conteu%CC%81do+Integral.pdf/2c18a58b-54a2-6452-564c-7946b029791b
2025-05-22 05:50:44,694 - P15228 - INFO - Ignorando URL de arquivo não-HTML: https://www.saobernardo.sp.gov.br/documents/10181/735644/NM+1978+de+02.02.2018+-+Conteu%CC%81do+Integral.pdf/2c18a58b-54a2-6452-564c-7946b029791b
2025-05-22 05:50:44,694 - P15228 - INFO - Após processar URL 10 Uso de memória: 127.27 MB
2025-05-22 05:50:44,694 - P15228 - INFO - Processando URL 11/16: https://consultacrm.com.br/
2025-05-22 05:50:48,889 - P15228 - INFO - HTML salvo para debug: data\debug_html_v10\65cadeb91ac3713432c21b535990f440.html
2025-05-22 05:50:48,903 - P15228 - INFO - Candidates address: 0 items
2025-05-22 05:50:48,904 - P15228 - INFO - Candidates phone: 0 items
2025-05-22 05:50:48,904 - P15228 - INFO - Candidates email: 0 items
2025-05-22 05:50:48,905 - P15228 - INFO - Candidates complement: 0 items
2025-05-22 05:50:48,905 - P15228 - INFO - Candidates cep: 0 items
2025-05-22 05:50:48,905 - P15228 - INFO - Após processar URL 11 Uso de memória: 127.27 MB
2025-05-22 05:50:48,905 - P15228 - INFO - Processando URL 12/16: https://www.doctuo.com.br/medicos/marilia-lopes-de-brito-viana-pinto
2025-05-22 05:50:48,906 - P15228 - INFO - Ignorando URL de arquivo não-HTML: https://www.doctuo.com.br/medicos/marilia-lopes-de-brito-viana-pinto
2025-05-22 05:50:48,906 - P15228 - INFO - Após processar URL 12 Uso de memória: 127.27 MB
2025-05-22 05:50:48,906 - P15228 - INFO - Processando URL 13/16: https://www.doctoralia.com.br/marilia-lopes-de-brito-pinto/endocrinologista/sao-jose-dos-campos
2025-05-22 05:50:48,906 - P15228 - INFO - Ignorando URL de arquivo não-HTML: https://www.doctoralia.com.br/marilia-lopes-de-brito-pinto/endocrinologista/sao-jose-dos-campos
2025-05-22 05:50:48,906 - P15228 - INFO - Após processar URL 13 Uso de memória: 127.27 MB
2025-05-22 05:50:48,907 - P15228 - INFO - Processando URL 14/16: https://www.helpsaude.com/Marilia-Lopes-de-Brito-Viana-Pinto.SP
2025-05-22 05:50:55,192 - P15228 - INFO - HTML salvo para debug: data\debug_html_v10\db67c8972dae5e4f6c577df87ab0da68.html
2025-05-22 05:50:55,208 - P15228 - INFO - Candidates address: 0 items
2025-05-22 05:50:55,208 - P15228 - INFO - Candidates phone: 0 items
2025-05-22 05:50:55,209 - P15228 - INFO - Candidates email: 0 items
2025-05-22 05:50:55,209 - P15228 - INFO - Candidates complement: 0 items
2025-05-22 05:50:55,209 - P15228 - INFO - Candidates cep: 1 items
2025-05-22 05:50:55,209 - P15228 - INFO - Após processar URL 14 Uso de memória: 127.39 MB
2025-05-22 05:50:55,209 - P15228 - INFO - Processando URL 15/16: https://cliniguia.com/profissionais/marilia-lopes-pinto-702606261333241/
2025-05-22 05:51:00,534 - P15228 - INFO - HTML salvo para debug: data\debug_html_v10\43d32b2794e45238fef14f1f03804544.html
2025-05-22 05:51:00,581 - P15228 - INFO - Candidates address: 0 items
2025-05-22 05:51:00,581 - P15228 - INFO - Candidates phone: 0 items
2025-05-22 05:51:00,582 - P15228 - INFO - Candidates email: 0 items
2025-05-22 05:51:00,582 - P15228 - INFO - Candidates complement: 0 items
2025-05-22 05:51:00,582 - P15228 - INFO - Candidates cep: 0 items
2025-05-22 05:51:00,582 - P15228 - INFO - Após processar URL 15 Uso de memória: 127.61 MB
2025-05-22 05:51:00,582 - P15228 - INFO - Processando URL 16/16: http://cremesp.org.br/?siteAcao=CanalCidadao
2025-05-22 05:51:16,780 - P15228 - INFO - HTML salvo para debug: data\debug_html_v10\d1ef20b21ef09b6f78c67adab534e0b7.html
2025-05-22 05:51:16,799 - P15228 - INFO - Candidates address: 1 items
2025-05-22 05:51:16,800 - P15228 - INFO - Candidates phone: 1 items
2025-05-22 05:51:16,801 - P15228 - INFO - Candidates email: 1 items
2025-05-22 05:51:16,801 - P15228 - INFO - Candidates complement: 0 items
2025-05-22 05:51:16,802 - P15228 - INFO - Candidates cep: 1 items
2025-05-22 05:51:16,804 - P15228 - INFO - Após processar URL 16 Uso de memória: 127.61 MB
2025-05-22 05:51:16,806 - P15228 - INFO - Iniciando agregação e ranqueamento
2025-05-22 05:51:16,807 - P15228 - INFO - Ranked address: 8 items
2025-05-22 05:51:16,807 - P15228 - INFO - Ranked phone: 3 items
2025-05-22 05:51:16,808 - P15228 - INFO - Ranked email: 4 items
2025-05-22 05:51:16,808 - P15228 - INFO - Ranked complement: 1 items
2025-05-22 05:51:16,808 - P15228 - INFO - Ranked cep: 6 items
2025-05-22 05:51:16,808 - P15228 - INFO - Após agregação Uso de memória: 127.61 MB
2025-05-22 05:51:16,812 - P15228 - INFO - Validando endereço: ['Rua Frei Caneca, 1282', 'Avenida Vila Rica, 541', 'Av. São João, 570']
2025-05-22 05:51:16,817 - P15228 - INFO - Endereço validado: Rua Frei Caneca, 1282
2025-05-22 05:51:16,825 - P15228 - INFO - Limpando texto extenso para campo address: Rua Frei Caneca, 1282...
2025-05-22 05:51:16,825 - P15228 - INFO - Texto limpo: Rua Frei Caneca, 1282
2025-05-22 05:51:16,827 - P15228 - INFO - Validando telefone: ['(11) 4349-9900', '(14) 3454-1448', '(14) 3413-2251']
2025-05-22 05:51:16,827 - P15228 - INFO - Limpando texto extenso para campo phone: (11) 4349-9900...
2025-05-22 05:51:16,828 - P15228 - INFO - Texto limpo: 11) 4349-9900
2025-05-22 05:51:16,829 - P15228 - INFO - Telefone validado: 11) 4349-9900
2025-05-22 05:51:16,829 - P15228 - INFO - Validando email: ['LOPESPINTOMARILIA@GMAIL.COM', 'webmaster@guiareunimedicos.med.br', 'drmar@cremesp.org.br']
2025-05-22 05:51:16,829 - P15228 - INFO - Limpando texto extenso para campo email: LOPESPINTOMARILIA@GMAIL.COM...
2025-05-22 05:51:16,829 - P15228 - INFO - Texto limpo: lopespintomarilia@gmail.com
2025-05-22 05:51:16,829 - P15228 - INFO - Email validado: lopespintomarilia@gmail.com
2025-05-22 05:51:16,829 - P15228 - INFO - Validando complemento: ['Apt   402                 Bloco 04 Chacara Do Viscond']
2025-05-22 05:51:16,830 - P15228 - INFO - Limpando texto extenso para campo complement: Apt   402                 Bloco 04 Chacara Do Visc...
2025-05-22 05:51:16,830 - P15228 - INFO - Texto limpo: Apt 402 Bloc
2025-05-22 05:51:16,830 - P15228 - INFO - Complemento validado: Apt 402 Bloc
2025-05-22 05:51:16,830 - P15228 - INFO - Descobrindo cidade
2025-05-22 05:51:16,830 - P15228 - INFO - Buscando cidade: Rua Frei Caneca cidade SP
2025-05-22 05:51:19,119 - P15228 - WARNING - Cidade não encontrada
2025-05-22 05:51:19,120 - P15228 - INFO - Cidade descoberta: 
2025-05-22 05:51:19,120 - P15228 - INFO - Tempo de execução de processamento completo do médico: 83.00 segundos
2025-05-22 05:51:19,120 - P15228 - INFO - Resultado processado: {'Hash': '76b940a8e25ac405ca1e71df2901a185cefb5d35121f74e38fccfca39c5f1b42', 'CRM': '144736', 'UF': 'SP', 'Firstname': 'MARILIA', 'LastName': 'LOPES PINTO', 'Medical specialty': '', 'Endereco Completo A1': 'Rua Frei Caneca, 1282', 'Address A1': 'Rua Frei Caneca', 'Numero A1': '1282', 'Complement A1': 'Apt 402 Bloc', 'Bairro A1': '', 'postal code A1': '', 'City A1': '', 'State A1': '', 'Phone A1': '11) 4349-9900', 'Phone A2': '', 'Cell phone A1': '', 'Cell phone A2': '', 'E-mail A1': 'lopespintomarilia@gmail.com', 'E-mail A2': '', 'OPT-IN': '', 'STATUS': '', 'LOTE': ''}
2025-05-22 05:51:19,121 - P15228 - INFO - Progresso: 98.4%
2025-05-22 05:51:19,122 - P15228 - INFO - Executando coleta de lixo
2025-05-22 05:51:19,143 - P15228 - INFO - Após coleta de lixo Uso de memória: 126.65 MB
2025-05-22 05:51:19,143 - P15228 - INFO - Tempo de execução de processamento do médico 1: 84.69 segundos
2025-05-22 05:51:19,143 - P15228 - INFO - 
==================================================
Processando médico 2/3
2025-05-22 05:51:19,143 - P15228 - INFO - Nome: PAULA TEIXEIRA
2025-05-22 05:51:19,143 - P15228 - INFO - Início do processamento Uso de memória: 126.65 MB
2025-05-22 05:51:19,144 - P15228 - INFO - Iniciando busca para: PAULA TEIXEIRA CRM 145119 SP telefone e-mail endereço
2025-05-22 05:51:20,018 - P15228 - INFO - SearX results: 14 URLs
2025-05-22 05:51:20,019 - P15228 - INFO - Após SearX Uso de memória: 126.65 MB
2025-05-22 05:51:23,155 - P15228 - INFO - Google results: 9 URLs
2025-05-22 05:51:23,155 - P15228 - INFO - Após Google Uso de memória: 128.62 MB
2025-05-22 05:51:25,825 - P15228 - INFO - Bing results: 13 URLs
2025-05-22 05:51:25,825 - P15228 - INFO - Após Bing Uso de memória: 130.34 MB
2025-05-22 05:51:25,825 - P15228 - INFO - Total de URLs únicas: 25
2025-05-22 05:51:25,825 - P15228 - INFO - Processando URL 1/25: https://www.gov.br/mme/pt-br/arquivos/do-13-01-2010-s1.pdf
2025-05-22 05:51:25,825 - P15228 - INFO - Ignorando URL de arquivo não-HTML: https://www.gov.br/mme/pt-br/arquivos/do-13-01-2010-s1.pdf
2025-05-22 05:51:25,825 - P15228 - INFO - Após processar URL 1 Uso de memória: 130.34 MB
2025-05-22 05:51:25,826 - P15228 - INFO - Processando URL 2/25: https://imprensaoficial.jundiai.sp.gov.br/wp-content/uploads/2023/12/1491e4b0-be86-4a52-82c7-0872e2572556_Edicao-5381-15-12-2023.pdf
2025-05-22 05:51:25,826 - P15228 - INFO - Ignorando URL de arquivo não-HTML: https://imprensaoficial.jundiai.sp.gov.br/wp-content/uploads/2023/12/1491e4b0-be86-4a52-82c7-0872e2572556_Edicao-5381-15-12-2023.pdf
2025-05-22 05:51:25,826 - P15228 - INFO - Após processar URL 2 Uso de memória: 130.34 MB
2025-05-22 05:51:25,826 - P15228 - INFO - Processando URL 3/25: https://guiamedico.cremesp.org.br/
2025-05-22 05:51:28,500 - P15228 - INFO - HTML salvo para debug: data\debug_html_v10\7c54969580769b63edd9abaa952e1fa2.html
2025-05-22 05:51:28,506 - P15228 - INFO - Candidates address: 1 items
2025-05-22 05:51:28,506 - P15228 - INFO - Candidates phone: 1 items
2025-05-22 05:51:28,506 - P15228 - INFO - Candidates email: 0 items
2025-05-22 05:51:28,507 - P15228 - INFO - Candidates complement: 0 items
2025-05-22 05:51:28,507 - P15228 - INFO - Candidates cep: 1 items
2025-05-22 05:51:28,507 - P15228 - INFO - Após processar URL 3 Uso de memória: 130.36 MB
2025-05-22 05:51:28,507 - P15228 - INFO - Processando URL 4/25: https://drapaulapsiquiatria.com.br/sobre-mim/
2025-05-22 05:51:31,008 - P15228 - INFO - HTML salvo para debug: data\debug_html_v10\97bc6b29c0add866f3bab34f733e4535.html
2025-05-22 05:51:31,020 - P15228 - INFO - Candidates address: 1 items
2025-05-22 05:51:31,020 - P15228 - INFO - Candidates phone: 1 items
2025-05-22 05:51:31,021 - P15228 - INFO - Candidates email: 0 items
2025-05-22 05:51:31,021 - P15228 - INFO - Candidates complement: 0 items
2025-05-22 05:51:31,021 - P15228 - INFO - Candidates cep: 2 items
2025-05-22 05:51:31,021 - P15228 - INFO - Após processar URL 4 Uso de memória: 130.36 MB
2025-05-22 05:51:31,021 - P15228 - INFO - Processando URL 5/25: https://www.exerciciointuitivo.com/
2025-05-22 05:51:33,947 - P15228 - INFO - HTML salvo para debug: data\debug_html_v10\7f623fdb927362c55a522d85212d311c.html
2025-05-22 05:51:33,976 - P15228 - INFO - Candidates address: 1 items
2025-05-22 05:51:33,976 - P15228 - INFO - Candidates phone: 0 items
2025-05-22 05:51:33,976 - P15228 - INFO - Candidates email: 1 items
2025-05-22 05:51:33,976 - P15228 - INFO - Candidates complement: 0 items
2025-05-22 05:51:33,976 - P15228 - INFO - Candidates cep: 0 items
2025-05-22 05:51:33,976 - P15228 - INFO - Após processar URL 5 Uso de memória: 132.17 MB
2025-05-22 05:51:33,977 - P15228 - INFO - Processando URL 6/25: https://drapaulapsiquiatria.com.br/blog
2025-05-22 05:51:37,797 - P15228 - INFO - HTML salvo para debug: data\debug_html_v10\3c457ac0c5667f75f33acc78503d5764.html
2025-05-22 05:51:37,809 - P15228 - INFO - Candidates address: 1 items
2025-05-22 05:51:37,810 - P15228 - INFO - Candidates phone: 1 items
2025-05-22 05:51:37,811 - P15228 - INFO - Candidates email: 0 items
2025-05-22 05:51:37,811 - P15228 - INFO - Candidates complement: 0 items
2025-05-22 05:51:37,811 - P15228 - INFO - Candidates cep: 2 items
2025-05-22 05:51:37,811 - P15228 - INFO - Após processar URL 6 Uso de memória: 130.46 MB
2025-05-22 05:51:37,812 - P15228 - INFO - Processando URL 7/25: https://www.boaconsulta.com/especialista/paula-teixeira-6106f519a2e00a780e0005fa
2025-05-22 05:51:40,750 - P15228 - INFO - HTML salvo para debug: data\debug_html_v10\c20e88e30e1cca20bf316da5f11c91f5.html
2025-05-22 05:51:40,818 - P15228 - INFO - Candidates address: 10 items
2025-05-22 05:51:40,818 - P15228 - INFO - Candidates phone: 0 items
2025-05-22 05:51:40,819 - P15228 - INFO - Candidates email: 0 items
2025-05-22 05:51:40,819 - P15228 - INFO - Candidates complement: 0 items
2025-05-22 05:51:40,819 - P15228 - INFO - Candidates cep: 0 items
2025-05-22 05:51:40,819 - P15228 - INFO - Após processar URL 7 Uso de memória: 130.75 MB
2025-05-22 05:51:40,819 - P15228 - INFO - Processando URL 8/25: https://www.mpsp.mp.br/w/dic3a1riooficialmpsp04112011
2025-05-22 05:51:44,930 - P15228 - INFO - HTML salvo para debug: data\debug_html_v10\fb54e3e096ab028a5ab70dbd5e6fc134.html
2025-05-22 05:51:45,671 - P15228 - INFO - Candidates address: 4 items
2025-05-22 05:51:45,672 - P15228 - INFO - Candidates phone: 1 items
2025-05-22 05:51:45,672 - P15228 - INFO - Candidates email: 3 items
2025-05-22 05:51:45,672 - P15228 - INFO - Candidates complement: 0 items
2025-05-22 05:51:45,672 - P15228 - INFO - Candidates cep: 1 items
2025-05-22 05:51:45,673 - P15228 - INFO - Após processar URL 8 Uso de memória: 135.03 MB
2025-05-22 05:51:45,673 - P15228 - INFO - Processando URL 9/25: https://drapaulapsiquiatria.com.br/
2025-05-22 05:51:48,898 - P15228 - INFO - HTML salvo para debug: data\debug_html_v10\3a9d116260abb2ed269aa69cee16f86b.html
2025-05-22 05:51:48,922 - P15228 - INFO - Candidates address: 1 items
2025-05-22 05:51:48,922 - P15228 - INFO - Candidates phone: 1 items
2025-05-22 05:51:48,923 - P15228 - INFO - Candidates email: 0 items
2025-05-22 05:51:48,923 - P15228 - INFO - Candidates complement: 0 items
2025-05-22 05:51:48,923 - P15228 - INFO - Candidates cep: 2 items
2025-05-22 05:51:48,923 - P15228 - INFO - Após processar URL 9 Uso de memória: 130.80 MB
2025-05-22 05:51:48,923 - P15228 - INFO - Processando URL 10/25: https://mpsp.mp.br/w/di%C3%A1rio-oficial-mpsp-04/11/2011
2025-05-22 05:51:51,295 - P15228 - INFO - HTML salvo para debug: data\debug_html_v10\dae9aa110b9818ecd8998ece932f39aa.html
2025-05-22 05:51:51,296 - P15228 - INFO - Candidates address: 0 items
2025-05-22 05:51:51,297 - P15228 - INFO - Candidates phone: 0 items
2025-05-22 05:51:51,297 - P15228 - INFO - Candidates email: 0 items
2025-05-22 05:51:51,297 - P15228 - INFO - Candidates complement: 0 items
2025-05-22 05:51:51,297 - P15228 - INFO - Candidates cep: 0 items
2025-05-22 05:51:51,297 - P15228 - INFO - Após processar URL 10 Uso de memória: 130.80 MB
2025-05-22 05:51:51,297 - P15228 - INFO - Processando URL 11/25: https://drapaulavieira.com.br/
2025-05-22 05:51:54,044 - P15228 - INFO - HTML salvo para debug: data\debug_html_v10\e6189e862155aaec8210727a4b505a7c.html
2025-05-22 05:51:54,104 - P15228 - INFO - Candidates address: 1 items
2025-05-22 05:51:54,104 - P15228 - INFO - Candidates phone: 2 items
2025-05-22 05:51:54,104 - P15228 - INFO - Candidates email: 0 items
2025-05-22 05:51:54,104 - P15228 - INFO - Candidates complement: 0 items
2025-05-22 05:51:54,104 - P15228 - INFO - Candidates cep: 2 items
2025-05-22 05:51:54,105 - P15228 - INFO - Após processar URL 11 Uso de memória: 130.80 MB
2025-05-22 05:51:54,105 - P15228 - INFO - Processando URL 12/25: https://cliniguia.com/profissionais/paula-teixeira-980016288372493/
2025-05-22 05:51:59,028 - P15228 - INFO - HTML salvo para debug: data\debug_html_v10\10eac840bb901d481be9c385c44dcd2c.html
2025-05-22 05:51:59,078 - P15228 - INFO - Candidates address: 0 items
2025-05-22 05:51:59,079 - P15228 - INFO - Candidates phone: 0 items
2025-05-22 05:51:59,079 - P15228 - INFO - Candidates email: 0 items
2025-05-22 05:51:59,079 - P15228 - INFO - Candidates complement: 0 items
2025-05-22 05:51:59,079 - P15228 - INFO - Candidates cep: 0 items
2025-05-22 05:51:59,079 - P15228 - INFO - Após processar URL 12 Uso de memória: 130.80 MB
2025-05-22 05:51:59,080 - P15228 - INFO - Processando URL 13/25: https://drapaulapsiquiatria.com.br/agendamento/
2025-05-22 05:52:02,082 - P15228 - INFO - HTML salvo para debug: data\debug_html_v10\c69c5520779a332b7b3c4f74ee9df5fb.html
2025-05-22 05:52:02,098 - P15228 - INFO - Candidates address: 1 items
2025-05-22 05:52:02,099 - P15228 - INFO - Candidates phone: 1 items
2025-05-22 05:52:02,099 - P15228 - INFO - Candidates email: 0 items
2025-05-22 05:52:02,099 - P15228 - INFO - Candidates complement: 0 items
2025-05-22 05:52:02,099 - P15228 - INFO - Candidates cep: 2 items
2025-05-22 05:52:02,100 - P15228 - INFO - Após processar URL 13 Uso de memória: 130.81 MB
2025-05-22 05:52:02,100 - P15228 - INFO - Processando URL 14/25: https://www.intermedicos.com.br/nutrologos-em-sao-paulo/paula-teixeira
2025-05-22 05:52:08,580 - P15228 - INFO - HTML salvo para debug: data\debug_html_v10\eb3488515f768075674ae1ccc3750b5b.html
2025-05-22 05:52:08,595 - P15228 - INFO - Candidates address: 1 items
2025-05-22 05:52:08,596 - P15228 - INFO - Candidates phone: 1 items
2025-05-22 05:52:08,596 - P15228 - INFO - Candidates email: 0 items
2025-05-22 05:52:08,596 - P15228 - INFO - Candidates complement: 0 items
2025-05-22 05:52:08,596 - P15228 - INFO - Candidates cep: 1 items
2025-05-22 05:52:08,596 - P15228 - INFO - Após processar URL 14 Uso de memória: 130.81 MB
2025-05-22 05:52:08,596 - P15228 - INFO - Processando URL 15/25: https://www.consultacrm.com.br/index/profissionais
2025-05-22 05:52:11,859 - P15228 - INFO - HTML salvo para debug: data\debug_html_v10\ca7ac6c4b85cee4a2c1da9949f895117.html
2025-05-22 05:52:11,869 - P15228 - INFO - Candidates address: 0 items
2025-05-22 05:52:11,870 - P15228 - INFO - Candidates phone: 0 items
2025-05-22 05:52:11,870 - P15228 - INFO - Candidates email: 0 items
2025-05-22 05:52:11,870 - P15228 - INFO - Candidates complement: 0 items
2025-05-22 05:52:11,870 - P15228 - INFO - Candidates cep: 0 items
2025-05-22 05:52:11,871 - P15228 - INFO - Após processar URL 15 Uso de memória: 130.81 MB
2025-05-22 05:52:11,871 - P15228 - INFO - Processando URL 16/25: https://drapaulateixeira.com.br/contato
2025-05-22 05:52:14,101 - P15228 - INFO - HTML salvo para debug: data\debug_html_v10\958280b22c1f43071d65977b27dc63f9.html
2025-05-22 05:52:14,102 - P15228 - INFO - Candidates address: 0 items
2025-05-22 05:52:14,102 - P15228 - INFO - Candidates phone: 0 items
2025-05-22 05:52:14,103 - P15228 - INFO - Candidates email: 0 items
2025-05-22 05:52:14,103 - P15228 - INFO - Candidates complement: 0 items
2025-05-22 05:52:14,103 - P15228 - INFO - Candidates cep: 0 items
2025-05-22 05:52:14,104 - P15228 - INFO - Após processar URL 16 Uso de memória: 130.81 MB
2025-05-22 05:52:14,104 - P15228 - INFO - Processando URL 17/25: https://consultacrm.com.br/
2025-05-22 05:52:17,510 - P15228 - INFO - HTML salvo para debug: data\debug_html_v10\65cadeb91ac3713432c21b535990f440.html
2025-05-22 05:52:17,522 - P15228 - INFO - Candidates address: 0 items
2025-05-22 05:52:17,522 - P15228 - INFO - Candidates phone: 0 items
2025-05-22 05:52:17,522 - P15228 - INFO - Candidates email: 0 items
2025-05-22 05:52:17,523 - P15228 - INFO - Candidates complement: 0 items
2025-05-22 05:52:17,523 - P15228 - INFO - Candidates cep: 0 items
2025-05-22 05:52:17,523 - P15228 - INFO - Após processar URL 17 Uso de memória: 130.81 MB
2025-05-22 05:52:17,524 - P15228 - INFO - Processando URL 18/25: https://www.intermedicos.com.br/nutrologos-em-sao-paulo/paula-teixeira#:~:text=A%20Dra%20Paula%20Teixeira%20formou-se%20pela%20Faculdade%20de,para...%20Ainda%20n%C3%A3o%20h%C3%A1%20avalia%C3%A7%C3%B5es%20para%20este%20profissional.
2025-05-22 05:52:20,824 - P15228 - INFO - HTML salvo para debug: data\debug_html_v10\9c7775282be1d1fb98ecfd576f1c38aa.html
2025-05-22 05:52:20,839 - P15228 - INFO - Candidates address: 1 items
2025-05-22 05:52:20,839 - P15228 - INFO - Candidates phone: 1 items
2025-05-22 05:52:20,839 - P15228 - INFO - Candidates email: 0 items
2025-05-22 05:52:20,839 - P15228 - INFO - Candidates complement: 0 items
2025-05-22 05:52:20,840 - P15228 - INFO - Candidates cep: 1 items
2025-05-22 05:52:20,840 - P15228 - INFO - Após processar URL 18 Uso de memória: 130.81 MB
2025-05-22 05:52:20,840 - P15228 - INFO - Processando URL 19/25: https://iprejun.sp.gov.br/S/arquivos/Imprensa_Oficial/Imprensa_Oficial_Jundiai_2023-12-15_5381.pdf
2025-05-22 05:52:20,840 - P15228 - INFO - Ignorando URL de arquivo não-HTML: https://iprejun.sp.gov.br/S/arquivos/Imprensa_Oficial/Imprensa_Oficial_Jundiai_2023-12-15_5381.pdf
2025-05-22 05:52:20,841 - P15228 - INFO - Após processar URL 19 Uso de memória: 130.81 MB
2025-05-22 05:52:20,841 - P15228 - INFO - Processando URL 20/25: http://drapaulapsiquiatria.com.br/
2025-05-22 05:52:23,371 - P15228 - INFO - HTML salvo para debug: data\debug_html_v10\dfb0ea7bbd8a7d605634975922652c63.html
2025-05-22 05:52:23,399 - P15228 - INFO - Candidates address: 1 items
2025-05-22 05:52:23,399 - P15228 - INFO - Candidates phone: 1 items
2025-05-22 05:52:23,399 - P15228 - INFO - Candidates email: 0 items
2025-05-22 05:52:23,399 - P15228 - INFO - Candidates complement: 0 items
2025-05-22 05:52:23,399 - P15228 - INFO - Candidates cep: 2 items
2025-05-22 05:52:23,400 - P15228 - INFO - Após processar URL 20 Uso de memória: 130.81 MB
2025-05-22 05:52:23,400 - P15228 - INFO - Processando URL 21/25: https://www.consultacrm.com.br/index/medicos/uid-13520041-f5c5-11ec-9e74-0a4aa568c625/paula_teixeira
2025-05-22 05:52:27,776 - P15228 - INFO - HTML salvo para debug: data\debug_html_v10\208f96c61b51de3f60799af2e815219b.html
2025-05-22 05:52:27,789 - P15228 - INFO - Candidates address: 0 items
2025-05-22 05:52:27,789 - P15228 - INFO - Candidates phone: 0 items
2025-05-22 05:52:27,789 - P15228 - INFO - Candidates email: 0 items
2025-05-22 05:52:27,789 - P15228 - INFO - Candidates complement: 0 items
2025-05-22 05:52:27,790 - P15228 - INFO - Candidates cep: 1 items
2025-05-22 05:52:27,790 - P15228 - INFO - Após processar URL 21 Uso de memória: 130.81 MB
2025-05-22 05:52:27,790 - P15228 - INFO - Processando URL 22/25: https://www2.bauru.sp.gov.br/arquivos/sist_diariooficial/2020/01/do_20200123_3216.pdf
2025-05-22 05:52:27,790 - P15228 - INFO - Ignorando URL de arquivo não-HTML: https://www2.bauru.sp.gov.br/arquivos/sist_diariooficial/2020/01/do_20200123_3216.pdf
2025-05-22 05:52:27,790 - P15228 - INFO - Após processar URL 22 Uso de memória: 130.81 MB
2025-05-22 05:52:27,790 - P15228 - INFO - Processando URL 23/25: https://drapaulapsiquiatria.com.br/consulta/
2025-05-22 05:52:30,198 - P15228 - INFO - HTML salvo para debug: data\debug_html_v10\e8036ad9f760624f96b13a4e9fa94773.html
2025-05-22 05:52:30,241 - P15228 - INFO - Candidates address: 1 items
2025-05-22 05:52:30,241 - P15228 - INFO - Candidates phone: 1 items
2025-05-22 05:52:30,241 - P15228 - INFO - Candidates email: 0 items
2025-05-22 05:52:30,241 - P15228 - INFO - Candidates complement: 0 items
2025-05-22 05:52:30,242 - P15228 - INFO - Candidates cep: 2 items
2025-05-22 05:52:30,242 - P15228 - INFO - Após processar URL 23 Uso de memória: 130.82 MB
2025-05-22 05:52:30,242 - P15228 - INFO - Processando URL 24/25: https://www.drapaulateixeira.com/
2025-05-22 05:52:35,110 - P15228 - INFO - HTML salvo para debug: data\debug_html_v10\18b43afd4f327a87724d50c54c18f884.html
2025-05-22 05:52:35,137 - P15228 - INFO - Candidates address: 1 items
2025-05-22 05:52:35,137 - P15228 - INFO - Candidates phone: 1 items
2025-05-22 05:52:35,137 - P15228 - INFO - Candidates email: 0 items
2025-05-22 05:52:35,137 - P15228 - INFO - Candidates complement: 0 items
2025-05-22 05:52:35,138 - P15228 - INFO - Candidates cep: 2 items
2025-05-22 05:52:35,138 - P15228 - INFO - Após processar URL 24 Uso de memória: 133.50 MB
2025-05-22 05:52:35,138 - P15228 - INFO - Processando URL 25/25: https://drconsulta.com/meu-doutor/paula-teixeira-crm-sp-145119
2025-05-22 05:52:38,733 - P15228 - INFO - HTML salvo para debug: data\debug_html_v10\8cbb43f978a68b51e110c8a4c689a949.html
2025-05-22 05:52:38,751 - P15228 - INFO - Candidates address: 1 items
2025-05-22 05:52:38,754 - P15228 - INFO - Candidates phone: 0 items
2025-05-22 05:52:38,757 - P15228 - INFO - Candidates email: 4 items
2025-05-22 05:52:38,758 - P15228 - INFO - Candidates complement: 0 items
2025-05-22 05:52:38,760 - P15228 - INFO - Candidates cep: 1 items
2025-05-22 05:52:38,760 - P15228 - INFO - Após processar URL 25 Uso de memória: 130.82 MB
2025-05-22 05:52:38,760 - P15228 - INFO - Iniciando agregação e ranqueamento
2025-05-22 05:52:38,761 - P15228 - INFO - Ranked address: 21 items
2025-05-22 05:52:38,762 - P15228 - INFO - Ranked phone: 6 items
2025-05-22 05:52:38,762 - P15228 - INFO - Ranked email: 8 items
2025-05-22 05:52:38,763 - P15228 - INFO - Ranked complement: 0 items
2025-05-22 05:52:38,763 - P15228 - INFO - Ranked cep: 10 items
2025-05-22 05:52:38,765 - P15228 - INFO - Após agregação Uso de memória: 130.82 MB
2025-05-22 05:52:38,765 - P15228 - INFO - Validando endereço: ['R. Gomes de Carvalho, 1356', 'Rua Sergipe, 401', 'Rua Frei Caneca, 1282']
2025-05-22 05:52:38,765 - P15228 - INFO - Endereço validado: R. Gomes de Carvalho, 1356
2025-05-22 05:52:38,766 - P15228 - INFO - Limpando texto extenso para campo address: R. Gomes de Carvalho, 1356...
2025-05-22 05:52:38,766 - P15228 - INFO - Texto limpo: R. Gomes de Carvalho, 1356
2025-05-22 05:52:38,768 - P15228 - INFO - Validando telefone: ['(11) 91828-3232', '(11) 97486-7189', '(11) 4349-9900']
2025-05-22 05:52:38,768 - P15228 - INFO - Limpando texto extenso para campo phone: (11) 91828-3232...
2025-05-22 05:52:38,768 - P15228 - INFO - Texto limpo: 11) 91828-3232
2025-05-22 05:52:38,768 - P15228 - INFO - Telefone validado: 11) 91828-3232
2025-05-22 05:52:38,772 - P15228 - INFO - Validando email: ['contato@exerciciointuitivo.com', 'designa@mp.sp.gov.br', 'conselho@mp.sp.gov.br']
2025-05-22 05:52:38,773 - P15228 - INFO - Limpando texto extenso para campo email: contato@exerciciointuitivo.com...
2025-05-22 05:52:38,773 - P15228 - INFO - Texto limpo: contato@exerciciointuitivo.com
2025-05-22 05:52:38,773 - P15228 - INFO - Email validado: contato@exerciciointuitivo.com
2025-05-22 05:52:38,774 - P15228 - INFO - Descobrindo cidade
2025-05-22 05:52:38,775 - P15228 - INFO - Buscando cidade: R. Gomes de Carvalho cidade SP
2025-05-22 05:52:41,423 - P15228 - WARNING - Cidade não encontrada
2025-05-22 05:52:41,424 - P15228 - INFO - Cidade descoberta: 
2025-05-22 05:52:41,424 - P15228 - INFO - Tempo de execução de processamento completo do médico: 82.28 segundos
2025-05-22 05:52:41,424 - P15228 - INFO - Resultado processado: {'Hash': 'bd7412fc6a8beace547f990f7d1f3fb9de73a003621e888d2e0934344569aa22', 'CRM': '145119', 'UF': 'SP', 'Firstname': 'PAULA', 'LastName': 'TEIXEIRA', 'Medical specialty': '', 'Endereco Completo A1': 'R. Gomes de Carvalho, 1356', 'Address A1': 'R. Gomes de Carvalho', 'Numero A1': '1356', 'Complement A1': '', 'Bairro A1': '', 'postal code A1': '', 'City A1': '', 'State A1': '', 'Phone A1': '11) 91828-3232', 'Phone A2': '', 'Cell phone A1': '', 'Cell phone A2': '', 'E-mail A1': 'contato@exerciciointuitivo.com', 'E-mail A2': '', 'OPT-IN': '', 'STATUS': '', 'LOTE': ''}
2025-05-22 05:52:41,425 - P15228 - INFO - Progresso: 99.0%
2025-05-22 05:52:41,425 - P15228 - INFO - Tempo de execução de processamento do médico 2: 82.28 segundos
2025-05-22 05:52:41,425 - P15228 - INFO - 
==================================================
Processando médico 3/3
2025-05-22 05:52:41,426 - P15228 - INFO - Nome: ELAINE TERESINHA MORCH
2025-05-22 05:52:41,426 - P15228 - INFO - Início do processamento Uso de memória: 127.16 MB
2025-05-22 05:52:41,426 - P15228 - INFO - Iniciando busca para: ELAINE TERESINHA MORCH CRM 155360 SP telefone e-mail endereço
2025-05-22 05:52:42,221 - P15228 - INFO - SearX results: 9 URLs
2025-05-22 05:52:42,221 - P15228 - INFO - Após SearX Uso de memória: 127.16 MB
2025-05-22 05:52:45,133 - P15228 - INFO - Google results: 7 URLs
2025-05-22 05:52:45,133 - P15228 - INFO - Após Google Uso de memória: 130.24 MB
2025-05-22 05:52:47,798 - P15228 - INFO - Bing results: 15 URLs
2025-05-22 05:52:47,799 - P15228 - INFO - Após Bing Uso de memória: 131.99 MB
2025-05-22 05:52:47,799 - P15228 - INFO - Total de URLs únicas: 22
2025-05-22 05:52:47,799 - P15228 - INFO - Processando URL 1/22: https://www.doctoralia.com.br/elaine-morch/endocrinologista-ginecologista/sorocaba
2025-05-22 05:52:47,799 - P15228 - INFO - Ignorando URL de arquivo não-HTML: https://www.doctoralia.com.br/elaine-morch/endocrinologista-ginecologista/sorocaba
2025-05-22 05:52:47,800 - P15228 - INFO - Após processar URL 1 Uso de memória: 131.99 MB
2025-05-22 05:52:47,800 - P15228 - INFO - Processando URL 2/22: http://morch.com.br/areas-de-atuacao/
2025-05-22 05:52:51,754 - P15228 - INFO - HTML salvo para debug: data\debug_html_v10\beacf17e94621078076bf39e882e2b59.html
2025-05-22 05:52:51,766 - P15228 - INFO - Candidates address: 0 items
2025-05-22 05:52:51,766 - P15228 - INFO - Candidates phone: 0 items
2025-05-22 05:52:51,767 - P15228 - INFO - Candidates email: 0 items
2025-05-22 05:52:51,767 - P15228 - INFO - Candidates complement: 0 items
2025-05-22 05:52:51,767 - P15228 - INFO - Candidates cep: 0 items
2025-05-22 05:52:51,767 - P15228 - INFO - Após processar URL 2 Uso de memória: 131.99 MB
2025-05-22 05:52:51,768 - P15228 - INFO - Processando URL 3/22: https://www.catalogo.med.br/doutor/elaine-morch-2013259.htm
2025-05-22 05:52:53,946 - P15228 - INFO - HTML salvo para debug: data\debug_html_v10\c9dceb6af7a8c715f507f4d1d3ef141d.html
2025-05-22 05:52:53,947 - P15228 - INFO - Candidates address: 0 items
2025-05-22 05:52:53,947 - P15228 - INFO - Candidates phone: 0 items
2025-05-22 05:52:53,947 - P15228 - INFO - Candidates email: 1 items
2025-05-22 05:52:53,948 - P15228 - INFO - Candidates complement: 0 items
2025-05-22 05:52:53,948 - P15228 - INFO - Candidates cep: 0 items
2025-05-22 05:52:53,948 - P15228 - INFO - Após processar URL 3 Uso de memória: 131.99 MB
2025-05-22 05:52:53,948 - P15228 - INFO - Processando URL 4/22: https://www.doctoralia.com.br/doencas/fogachos/sorocaba
2025-05-22 05:52:53,948 - P15228 - INFO - Ignorando URL de arquivo não-HTML: https://www.doctoralia.com.br/doencas/fogachos/sorocaba
2025-05-22 05:52:53,948 - P15228 - INFO - Após processar URL 4 Uso de memória: 131.99 MB
2025-05-22 05:52:53,949 - P15228 - INFO - Processando URL 5/22: https://www.helpsaude.com/elaine-teresinha-morch-crmsp-155360
2025-05-22 05:52:58,261 - P15228 - INFO - HTML salvo para debug: data\debug_html_v10\c0414d9032e1d1777e4c2b1cabbcdddf.html
2025-05-22 05:52:58,272 - P15228 - INFO - Candidates address: 1 items
2025-05-22 05:52:58,272 - P15228 - INFO - Candidates phone: 0 items
2025-05-22 05:52:58,272 - P15228 - INFO - Candidates email: 0 items
2025-05-22 05:52:58,272 - P15228 - INFO - Candidates complement: 0 items
2025-05-22 05:52:58,273 - P15228 - INFO - Candidates cep: 1 items
2025-05-22 05:52:58,273 - P15228 - INFO - Após processar URL 5 Uso de memória: 131.99 MB
2025-05-22 05:52:58,273 - P15228 - INFO - Processando URL 6/22: http://morch.com.br/sobre/
2025-05-22 05:53:01,356 - P15228 - INFO - HTML salvo para debug: data\debug_html_v10\0ec41cce07043a19009cb337720e3ebe.html
2025-05-22 05:53:01,381 - P15228 - INFO - Candidates address: 0 items
2025-05-22 05:53:01,382 - P15228 - INFO - Candidates phone: 0 items
2025-05-22 05:53:01,383 - P15228 - INFO - Candidates email: 0 items
2025-05-22 05:53:01,383 - P15228 - INFO - Candidates complement: 0 items
2025-05-22 05:53:01,383 - P15228 - INFO - Candidates cep: 0 items
2025-05-22 05:53:01,384 - P15228 - INFO - Após processar URL 6 Uso de memória: 131.99 MB
2025-05-22 05:53:01,384 - P15228 - INFO - Processando URL 7/22: https://doctoralia.com.br/leonel-vieira-generoso/nutrologo-medico-clinico-geral/sorocaba
2025-05-22 05:53:25,973 - P15228 - INFO - HTML salvo para debug: data\debug_html_v10\c187f457f7654e60c873d181fb33c9ad.html
2025-05-22 05:53:26,125 - P15228 - INFO - Candidates address: 2 items
2025-05-22 05:53:26,134 - P15228 - INFO - Candidates phone: 0 items
2025-05-22 05:53:26,197 - P15228 - INFO - Candidates email: 0 items
2025-05-22 05:53:26,202 - P15228 - INFO - Candidates complement: 2 items
2025-05-22 05:53:26,203 - P15228 - INFO - Candidates cep: 1 items
2025-05-22 05:53:26,203 - P15228 - INFO - Após processar URL 7 Uso de memória: 133.09 MB
2025-05-22 05:53:26,204 - P15228 - INFO - Processando URL 8/22: https://www.doklist.com.br/dok/208662/
2025-05-22 05:53:28,886 - P15228 - INFO - HTML salvo para debug: data\debug_html_v10\bdfe100b0acd953b7aa01eb4123bca09.html
2025-05-22 05:53:28,904 - P15228 - INFO - Candidates address: 1 items
2025-05-22 05:53:28,908 - P15228 - INFO - Candidates phone: 1 items
2025-05-22 05:53:28,909 - P15228 - INFO - Candidates email: 1 items
2025-05-22 05:53:28,910 - P15228 - INFO - Candidates complement: 0 items
2025-05-22 05:53:28,910 - P15228 - INFO - Candidates cep: 1 items
2025-05-22 05:53:28,911 - P15228 - INFO - Após processar URL 8 Uso de memória: 131.99 MB
2025-05-22 05:53:28,911 - P15228 - INFO - Processando URL 9/22: https://www.doklist.com.br/dok/323248/
2025-05-22 05:53:31,195 - P15228 - INFO - HTML salvo para debug: data\debug_html_v10\fccb7ff9577aad2c619ffaa5d90f02c8.html
2025-05-22 05:53:31,211 - P15228 - INFO - Candidates address: 1 items
2025-05-22 05:53:31,212 - P15228 - INFO - Candidates phone: 1 items
2025-05-22 05:53:31,212 - P15228 - INFO - Candidates email: 1 items
2025-05-22 05:53:31,212 - P15228 - INFO - Candidates complement: 0 items
2025-05-22 05:53:31,212 - P15228 - INFO - Candidates cep: 1 items
2025-05-22 05:53:31,212 - P15228 - INFO - Após processar URL 9 Uso de memória: 131.99 MB
2025-05-22 05:53:31,213 - P15228 - INFO - Processando URL 10/22: https://www.doctoralia.com.br/elaine-teresinha-morch/medico-clinico-geral/tijucas
2025-05-22 05:53:31,213 - P15228 - INFO - Ignorando URL de arquivo não-HTML: https://www.doctoralia.com.br/elaine-teresinha-morch/medico-clinico-geral/tijucas
2025-05-22 05:53:31,213 - P15228 - INFO - Após processar URL 10 Uso de memória: 131.99 MB
2025-05-22 05:53:31,215 - P15228 - INFO - Processando URL 11/22: http://morch.com.br/areas-de-atuacao/ortomolecular/
2025-05-22 05:53:34,483 - P15228 - INFO - HTML salvo para debug: data\debug_html_v10\afcb30de2d420fdbcbedd6048e918fa7.html
2025-05-22 05:53:34,496 - P15228 - INFO - Candidates address: 0 items
2025-05-22 05:53:34,497 - P15228 - INFO - Candidates phone: 0 items
2025-05-22 05:53:34,497 - P15228 - INFO - Candidates email: 0 items
2025-05-22 05:53:34,497 - P15228 - INFO - Candidates complement: 0 items
2025-05-22 05:53:34,498 - P15228 - INFO - Candidates cep: 0 items
2025-05-22 05:53:34,498 - P15228 - INFO - Após processar URL 11 Uso de memória: 131.99 MB
2025-05-22 05:53:34,498 - P15228 - INFO - Processando URL 12/22: https://listamedicos.com/medico/elaine-terezinha-morch
2025-05-22 05:53:38,668 - P15228 - INFO - HTML salvo para debug: data\debug_html_v10\d93db417edbe0f66ee564c5181ae9559.html
2025-05-22 05:53:38,674 - P15228 - INFO - Candidates address: 0 items
2025-05-22 05:53:38,674 - P15228 - INFO - Candidates phone: 1 items
2025-05-22 05:53:38,674 - P15228 - INFO - Candidates email: 0 items
2025-05-22 05:53:38,674 - P15228 - INFO - Candidates complement: 0 items
2025-05-22 05:53:38,674 - P15228 - INFO - Candidates cep: 1 items
2025-05-22 05:53:38,675 - P15228 - INFO - Após processar URL 12 Uso de memória: 131.99 MB
2025-05-22 05:53:38,675 - P15228 - INFO - Processando URL 13/22: https://www.doctoralia.com.br/elaine-morch/endocrinologista-ginecologista/sorocaba?utm_source=google&utm_medium=gmb&utm_campaign=31743&utm_content=url_appointment
2025-05-22 05:53:38,675 - P15228 - INFO - Ignorando URL de arquivo não-HTML: https://www.doctoralia.com.br/elaine-morch/endocrinologista-ginecologista/sorocaba?utm_source=google&utm_medium=gmb&utm_campaign=31743&utm_content=url_appointment
2025-05-22 05:53:38,675 - P15228 - INFO - Após processar URL 13 Uso de memória: 131.99 MB
2025-05-22 05:53:38,675 - P15228 - INFO - Processando URL 14/22: https://www.findhealthclinics.com/BR/Sorocaba/379970695532713/Dra.-Elaine-Morch
2025-05-22 05:53:42,293 - P15228 - INFO - HTML salvo para debug: data\debug_html_v10\78ba4179da76130014ee07bd75214f4c.html
2025-05-22 05:53:42,324 - P15228 - INFO - Candidates address: 1 items
2025-05-22 05:53:42,324 - P15228 - INFO - Candidates phone: 1 items
2025-05-22 05:53:42,324 - P15228 - INFO - Candidates email: 0 items
2025-05-22 05:53:42,324 - P15228 - INFO - Candidates complement: 1 items
2025-05-22 05:53:42,325 - P15228 - INFO - Candidates cep: 2 items
2025-05-22 05:53:42,325 - P15228 - INFO - Após processar URL 14 Uso de memória: 131.99 MB
2025-05-22 05:53:42,325 - P15228 - INFO - Processando URL 15/22: https://www.doctoralia.com.br/elaine-morch/endocrinologista-ginecologista/sorocaba?utm_source=google&utm_medium=gmb&utm_campaign=31743&utm_content=website
2025-05-22 05:53:42,325 - P15228 - INFO - Ignorando URL de arquivo não-HTML: https://www.doctoralia.com.br/elaine-morch/endocrinologista-ginecologista/sorocaba?utm_source=google&utm_medium=gmb&utm_campaign=31743&utm_content=website
2025-05-22 05:53:42,326 - P15228 - INFO - Após processar URL 15 Uso de memória: 131.99 MB
2025-05-22 05:53:42,326 - P15228 - INFO - Processando URL 16/22: http://morch.com.br/
2025-05-22 05:53:45,709 - P15228 - INFO - HTML salvo para debug: data\debug_html_v10\c59f36aa733eeee6a1f05398c0108b29.html
2025-05-22 05:53:45,722 - P15228 - INFO - Candidates address: 1 items
2025-05-22 05:53:45,722 - P15228 - INFO - Candidates phone: 0 items
2025-05-22 05:53:45,723 - P15228 - INFO - Candidates email: 0 items
2025-05-22 05:53:45,723 - P15228 - INFO - Candidates complement: 0 items
2025-05-22 05:53:45,723 - P15228 - INFO - Candidates cep: 0 items
2025-05-22 05:53:45,723 - P15228 - INFO - Após processar URL 16 Uso de memória: 131.99 MB
2025-05-22 05:53:45,723 - P15228 - INFO - Processando URL 17/22: http://morch.com.br/areas-de-atuacao/ginecologia-obstetricia/
2025-05-22 05:53:48,730 - P15228 - INFO - HTML salvo para debug: data\debug_html_v10\a324f405b76ec089b81efac5656f245a.html
2025-05-22 05:53:48,744 - P15228 - INFO - Candidates address: 0 items
2025-05-22 05:53:48,744 - P15228 - INFO - Candidates phone: 0 items
2025-05-22 05:53:48,744 - P15228 - INFO - Candidates email: 0 items
2025-05-22 05:53:48,744 - P15228 - INFO - Candidates complement: 0 items
2025-05-22 05:53:48,745 - P15228 - INFO - Candidates cep: 0 items
2025-05-22 05:53:48,745 - P15228 - INFO - Após processar URL 17 Uso de memória: 131.99 MB
2025-05-22 05:53:48,745 - P15228 - INFO - Processando URL 18/22: https://www.bingplaces.com/DashBoard/Edit?Id=YN7993x5624219940279484213&market=pt-BR&src=SERPGB
2025-05-22 05:53:52,137 - P15228 - INFO - HTML salvo para debug: data\debug_html_v10\662d961fbc7a23de9f2a8ac98d9175ff.html
2025-05-22 05:53:52,153 - P15228 - INFO - Candidates address: 1 items
2025-05-22 05:53:52,153 - P15228 - INFO - Candidates phone: 1 items
2025-05-22 05:53:52,153 - P15228 - INFO - Candidates email: 0 items
2025-05-22 05:53:52,154 - P15228 - INFO - Candidates complement: 0 items
2025-05-22 05:53:52,154 - P15228 - INFO - Candidates cep: 2 items
2025-05-22 05:53:52,154 - P15228 - INFO - Após processar URL 18 Uso de memória: 131.99 MB
2025-05-22 05:53:52,154 - P15228 - INFO - Processando URL 19/22: https://doctoralia.com.br/contato
2025-05-22 05:54:15,881 - P15228 - INFO - HTML salvo para debug: data\debug_html_v10\96b3b2a8f88f38e8ba2eb265571e4a31.html
2025-05-22 05:54:15,900 - P15228 - INFO - Candidates address: 1 items
2025-05-22 05:54:15,900 - P15228 - INFO - Candidates phone: 0 items
2025-05-22 05:54:15,901 - P15228 - INFO - Candidates email: 0 items
2025-05-22 05:54:15,901 - P15228 - INFO - Candidates complement: 0 items
2025-05-22 05:54:15,901 - P15228 - INFO - Candidates cep: 1 items
2025-05-22 05:54:15,901 - P15228 - INFO - Após processar URL 19 Uso de memória: 132.01 MB
2025-05-22 05:54:15,901 - P15228 - INFO - Processando URL 20/22: http://morch.com.br/contato/
2025-05-22 05:54:19,342 - P15228 - INFO - HTML salvo para debug: data\debug_html_v10\76924893e2bfb7f93396eb4859a3aee8.html
2025-05-22 05:54:19,365 - P15228 - INFO - Candidates address: 1 items
2025-05-22 05:54:19,365 - P15228 - INFO - Candidates phone: 3 items
2025-05-22 05:54:19,365 - P15228 - INFO - Candidates email: 0 items
2025-05-22 05:54:19,365 - P15228 - INFO - Candidates complement: 0 items
2025-05-22 05:54:19,366 - P15228 - INFO - Candidates cep: 1 items
2025-05-22 05:54:19,366 - P15228 - INFO - Após processar URL 20 Uso de memória: 132.01 MB
2025-05-22 05:54:19,366 - P15228 - INFO - Processando URL 21/22: http://morch.com.br/areas-de-atuacao/estetica-intima/
2025-05-22 05:54:22,989 - P15228 - INFO - HTML salvo para debug: data\debug_html_v10\38183e875c4056f4b3ad4b7eca8f6437.html
2025-05-22 05:54:23,002 - P15228 - INFO - Candidates address: 0 items
2025-05-22 05:54:23,002 - P15228 - INFO - Candidates phone: 0 items
2025-05-22 05:54:23,002 - P15228 - INFO - Candidates email: 0 items
2025-05-22 05:54:23,002 - P15228 - INFO - Candidates complement: 0 items
2025-05-22 05:54:23,003 - P15228 - INFO - Candidates cep: 0 items
2025-05-22 05:54:23,003 - P15228 - INFO - Após processar URL 21 Uso de memória: 132.01 MB
2025-05-22 05:54:23,003 - P15228 - INFO - Processando URL 22/22: http://morch.com.br/artigos/
2025-05-22 05:54:26,152 - P15228 - INFO - HTML salvo para debug: data\debug_html_v10\2dc3cd4b596ffa7912c3264f16f01382.html
2025-05-22 05:54:26,163 - P15228 - INFO - Candidates address: 0 items
2025-05-22 05:54:26,164 - P15228 - INFO - Candidates phone: 0 items
2025-05-22 05:54:26,164 - P15228 - INFO - Candidates email: 0 items
2025-05-22 05:54:26,164 - P15228 - INFO - Candidates complement: 0 items
2025-05-22 05:54:26,164 - P15228 - INFO - Candidates cep: 0 items
2025-05-22 05:54:26,164 - P15228 - INFO - Após processar URL 22 Uso de memória: 132.01 MB
2025-05-22 05:54:26,164 - P15228 - INFO - Iniciando agregação e ranqueamento
2025-05-22 05:54:26,165 - P15228 - INFO - Ranked address: 6 items
2025-05-22 05:54:26,165 - P15228 - INFO - Ranked phone: 7 items
2025-05-22 05:54:26,165 - P15228 - INFO - Ranked email: 2 items
2025-05-22 05:54:26,165 - P15228 - INFO - Ranked complement: 3 items
2025-05-22 05:54:26,165 - P15228 - INFO - Ranked cep: 8 items
2025-05-22 05:54:26,166 - P15228 - INFO - Após agregação Uso de memória: 132.01 MB
2025-05-22 05:54:26,166 - P15228 - INFO - Validando endereço: ['Rua Goiás, 67', 'Rua Visconde do Rio Branco, 1488', 'Rua Eurides Fogaca , 85']
2025-05-22 05:54:26,166 - P15228 - INFO - Endereço validado: Rua Goiás, 67
2025-05-22 05:54:26,166 - P15228 - INFO - Limpando texto extenso para campo address: Rua Goiás, 67...
2025-05-22 05:54:26,166 - P15228 - INFO - Texto limpo: Rua Goiás, 67
2025-05-22 05:54:26,166 - P15228 - INFO - Validando telefone: ['(15) 3418-9788', '(48) 3263-0197', '(49) 3452-2586']
2025-05-22 05:54:26,166 - P15228 - INFO - Limpando texto extenso para campo phone: (15) 3418-9788...
2025-05-22 05:54:26,167 - P15228 - INFO - Texto limpo: 15) 3418-9788
2025-05-22 05:54:26,167 - P15228 - INFO - Telefone validado: 15) 3418-9788
2025-05-22 05:54:26,167 - P15228 - INFO - Validando email: ['info@doklist.com.br', 'webmaster@catalogo.med.br']
2025-05-22 05:54:26,167 - P15228 - INFO - Limpando texto extenso para campo email: info@doklist.com.br...
2025-05-22 05:54:26,167 - P15228 - INFO - Texto limpo: info@doklist.com.br
2025-05-22 05:54:26,167 - P15228 - INFO - Email validado: info@doklist.com.br
2025-05-22 05:54:26,167 - P15228 - INFO - Validando complemento: ['Sala 04', 'Sala 04 Sorocaba ', 'Sala                                                  ']
2025-05-22 05:54:26,168 - P15228 - INFO - Limpando texto extenso para campo complement: Sala 04...
2025-05-22 05:54:26,168 - P15228 - INFO - Texto limpo: Sala 04
2025-05-22 05:54:26,168 - P15228 - INFO - Complemento validado: Sala 04
2025-05-22 05:54:26,168 - P15228 - INFO - Descobrindo cidade
2025-05-22 05:54:26,168 - P15228 - INFO - Buscando cidade: Rua Goiás cidade SP
2025-05-22 05:54:28,853 - P15228 - INFO - Cidade encontrada: São Paulo
2025-05-22 05:54:28,854 - P15228 - INFO - Limpando texto extenso para campo city: São Paulo...
2025-05-22 05:54:28,854 - P15228 - INFO - Texto limpo: São Paulo
2025-05-22 05:54:28,854 - P15228 - INFO - Cidade descoberta: São Paulo
2025-05-22 05:54:28,855 - P15228 - INFO - Buscando CEP com sistema de cascata
2025-05-22 05:54:28,855 - P15228 - INFO - Iniciando busca de CEP em cascata para: Rua Goiás, São Paulo, SP
2025-05-22 05:54:28,855 - P15228 - INFO - Método 1: ViaCEP API
2025-05-22 05:54:28,855 - P15228 - INFO - Buscando no ViaCEP: https://viacep.com.br/ws/SP/sao%20paulo/rua%20goias/json/
2025-05-22 05:54:29,570 - P15228 - INFO - Dados encontrados no ViaCEP: {'cep': '01244-030', 'logradouro': 'Rua Goiás', 'complemento': '', 'unidade': '', 'bairro': 'Higienópolis', 'localidade': 'São Paulo', 'uf': 'SP', 'estado': 'São Paulo', 'regiao': 'Sudeste', 'ibge': '3550308', 'gia': '1004', 'ddd': '11', 'siafi': '7107'}
2025-05-22 05:54:29,573 - P15228 - INFO - CEP encontrado via ViaCEP: 01244-030
2025-05-22 05:54:29,573 - P15228 - INFO - Dados de CEP encontrados: {'cep': '01244-030', 'logradouro': 'Rua Goiás', 'complemento': '', 'unidade': '', 'bairro': 'Higienópolis', 'localidade': 'São Paulo', 'uf': 'SP', 'estado': 'São Paulo', 'regiao': 'Sudeste', 'ibge': '3550308', 'gia': '1004', 'ddd': '11', 'siafi': '7107'}
2025-05-22 05:54:29,573 - P15228 - INFO - Limpando texto extenso para campo bairro: Higienópolis...
2025-05-22 05:54:29,574 - P15228 - INFO - Texto limpo: Higienópolis
2025-05-22 05:54:29,574 - P15228 - INFO - Limpando texto extenso para campo city: São Paulo...
2025-05-22 05:54:29,574 - P15228 - INFO - Texto limpo: São Paulo
2025-05-22 05:54:29,574 - P15228 - INFO - Limpando texto extenso para campo state: SP...
2025-05-22 05:54:29,574 - P15228 - INFO - Texto limpo: SP
2025-05-22 05:54:29,574 - P15228 - INFO - Tempo de execução de processamento completo do médico: 108.15 segundos
2025-05-22 05:54:29,575 - P15228 - INFO - Resultado processado: {'Hash': '06baed88e5d73a8f8f4e05739fcf5e19403d43c0370debe959aadc3dc036ad28', 'CRM': '155360', 'UF': 'SP', 'Firstname': 'ELAINE', 'LastName': 'TERESINHA MORCH', 'Medical specialty': '', 'Endereco Completo A1': 'Rua Goiás, 67', 'Address A1': 'Rua Goiás', 'Numero A1': '67', 'Complement A1': 'Sala 04', 'Bairro A1': 'Higienópolis', 'postal code A1': '01244-030', 'City A1': 'São Paulo', 'State A1': 'SP', 'Phone A1': '15) 3418-9788', 'Phone A2': '', 'Cell phone A1': '', 'Cell phone A2': '', 'E-mail A1': 'info@doklist.com.br', 'E-mail A2': '', 'OPT-IN': '', 'STATUS': '', 'LOTE': ''}
2025-05-22 05:54:29,575 - P15228 - INFO - Salvando lote de resultados
2025-05-22 05:54:29,576 - P15228 - INFO - Após salvar resultados Uso de memória: 127.44 MB
2025-05-22 05:54:29,576 - P15228 - INFO - Progresso: 99.7%
2025-05-22 05:54:29,577 - P15228 - INFO - Tempo de execução de processamento do médico 3: 108.15 segundos
2025-05-22 05:54:29,577 - P15228 - INFO - Tempo de execução de processamento do lote completo: 275.12 segundos
