2025-05-22 03:20:31,004 - P17020 - INFO - 
==================================================
Processando médico 1/3
2025-05-22 03:20:31,005 - P17020 - INFO - Nome: LUIS GUILHERME ALVES DE OLIVEIRA
2025-05-22 03:20:31,005 - P17020 - INFO - Reiniciando driver do Chrome
2025-05-22 03:20:32,221 - P17020 - INFO - Após reiniciar driver Uso de memória: 121.57 MB
2025-05-22 03:20:32,222 - P17020 - INFO - Início do processamento Uso de memória: 121.57 MB
2025-05-22 03:20:32,222 - P17020 - INFO - Iniciando busca para: LUIS GUILHERME ALVES DE OLIVEIRA CRM 184000 SP telefone e-mail endereço
2025-05-22 03:20:33,191 - P17020 - INFO - SearX results: 15 URLs
2025-05-22 03:20:33,192 - P17020 - INFO - Após SearX Uso de memória: 121.58 MB
2025-05-22 03:20:36,019 - P17020 - INFO - Google results: 8 URLs
2025-05-22 03:20:36,020 - P17020 - INFO - Após Google Uso de memória: 126.21 MB
2025-05-22 03:20:38,606 - P17020 - INFO - Bing results: 10 URLs
2025-05-22 03:20:38,606 - P17020 - INFO - Após Bing Uso de memória: 127.70 MB
2025-05-22 03:20:38,606 - P17020 - INFO - Total de URLs únicas: 24
2025-05-22 03:20:38,606 - P17020 - INFO - Processando URL 1/24: https://www.solutudo.com.br/empresas/sp/s-paulo/clinica-medica-ou-medicina-interna/luis-guilherme-alves-de-oliveira-ltda-26091602
2025-05-22 03:20:42,726 - P17020 - INFO - HTML salvo para debug: data\debug_html_v10\530742612a1e27e35c7bba36cc400c2b.html
2025-05-22 03:20:42,773 - P17020 - INFO - Candidates address: 1 items
2025-05-22 03:20:42,781 - P17020 - INFO - Candidates phone: 1 items
2025-05-22 03:20:42,785 - P17020 - INFO - Candidates email: 1 items
2025-05-22 03:20:42,791 - P17020 - INFO - Candidates complement: 0 items
2025-05-22 03:20:42,791 - P17020 - INFO - Candidates cep: 1 items
2025-05-22 03:20:42,791 - P17020 - INFO - Após processar URL 1 Uso de memória: 128.10 MB
2025-05-22 03:20:42,792 - P17020 - INFO - Processando URL 2/24: https://servicos.sjc.sp.gov.br/governo/boletim/boletimPDF/202108272014522cd2cc04-db81-49f6-acf4-a254f4c70688.pdf
2025-05-22 03:20:42,792 - P17020 - INFO - Ignorando URL de arquivo não-HTML: https://servicos.sjc.sp.gov.br/governo/boletim/boletimPDF/202108272014522cd2cc04-db81-49f6-acf4-a254f4c70688.pdf
2025-05-22 03:20:42,792 - P17020 - INFO - Após processar URL 2 Uso de memória: 128.10 MB
2025-05-22 03:20:42,792 - P17020 - INFO - Processando URL 3/24: https://www.sesp.mt.gov.br/documents/d/sesp/contratos-fiscalizacao-novembro-2024-xlsx
2025-05-22 03:20:45,050 - P17020 - INFO - HTML salvo para debug: data\debug_html_v10\8c227b2925cd2fbc1304219293c040bd.html
2025-05-22 03:20:45,105 - P17020 - INFO - Candidates address: 1 items
2025-05-22 03:20:45,105 - P17020 - INFO - Candidates phone: 1 items
2025-05-22 03:20:45,106 - P17020 - INFO - Candidates email: 1 items
2025-05-22 03:20:45,106 - P17020 - INFO - Candidates complement: 0 items
2025-05-22 03:20:45,106 - P17020 - INFO - Candidates cep: 1 items
2025-05-22 03:20:45,106 - P17020 - INFO - Após processar URL 3 Uso de memória: 128.30 MB
2025-05-22 03:20:45,106 - P17020 - INFO - Processando URL 4/24: https://cnpj.biz/54105155000111
2025-05-22 03:20:49,492 - P17020 - INFO - HTML salvo para debug: data\debug_html_v10\4d3024251e4a60887fc83afa0875ec61.html
2025-05-22 03:20:49,509 - P17020 - INFO - Candidates address: 2 items
2025-05-22 03:20:49,510 - P17020 - INFO - Candidates phone: 1 items
2025-05-22 03:20:49,510 - P17020 - INFO - Candidates email: 1 items
2025-05-22 03:20:49,510 - P17020 - INFO - Candidates complement: 3 items
2025-05-22 03:20:49,510 - P17020 - INFO - Candidates cep: 3 items
2025-05-22 03:20:49,511 - P17020 - INFO - Após processar URL 4 Uso de memória: 128.36 MB
2025-05-22 03:20:49,511 - P17020 - INFO - Processando URL 5/24: https://www.medicosbrasil.com/profissional/luis-guilherme-alves-de-oliveira
2025-05-22 03:20:53,006 - P17020 - INFO - HTML salvo para debug: data\debug_html_v10\48e74df85584b3fc086d39dc4ceb169a.html
2025-05-22 03:20:53,026 - P17020 - INFO - Candidates address: 0 items
2025-05-22 03:20:53,027 - P17020 - INFO - Candidates phone: 0 items
2025-05-22 03:20:53,028 - P17020 - INFO - Candidates email: 0 items
2025-05-22 03:20:53,028 - P17020 - INFO - Candidates complement: 0 items
2025-05-22 03:20:53,028 - P17020 - INFO - Candidates cep: 0 items
2025-05-22 03:20:53,028 - P17020 - INFO - Após processar URL 5 Uso de memória: 128.54 MB
2025-05-22 03:20:53,028 - P17020 - INFO - Processando URL 6/24: https://consultacrm.com.br/
2025-05-22 03:20:56,737 - P17020 - INFO - HTML salvo para debug: data\debug_html_v10\65cadeb91ac3713432c21b535990f440.html
2025-05-22 03:20:56,748 - P17020 - INFO - Candidates address: 0 items
2025-05-22 03:20:56,748 - P17020 - INFO - Candidates phone: 0 items
2025-05-22 03:20:56,749 - P17020 - INFO - Candidates email: 0 items
2025-05-22 03:20:56,749 - P17020 - INFO - Candidates complement: 0 items
2025-05-22 03:20:56,749 - P17020 - INFO - Candidates cep: 0 items
2025-05-22 03:20:56,749 - P17020 - INFO - Após processar URL 6 Uso de memória: 129.18 MB
2025-05-22 03:20:56,750 - P17020 - INFO - Processando URL 7/24: https://ecrie.com.br/sistema/conteudos/arquivo/a_61_0_1_09102023101633.pdf
2025-05-22 03:20:56,750 - P17020 - INFO - Ignorando URL de arquivo não-HTML: https://ecrie.com.br/sistema/conteudos/arquivo/a_61_0_1_09102023101633.pdf
2025-05-22 03:20:56,750 - P17020 - INFO - Após processar URL 7 Uso de memória: 129.18 MB
2025-05-22 03:20:56,750 - P17020 - INFO - Processando URL 8/24: https://sesp.lab.mt.gov.br/documents/d/sesp/contratos-fiscalizacao-novembro-2024-xlsx
2025-05-22 03:20:59,022 - P17020 - INFO - HTML salvo para debug: data\debug_html_v10\e62d9fbf9350a831565501b35c4a4a6d.html
2025-05-22 03:20:59,037 - P17020 - INFO - Candidates address: 0 items
2025-05-22 03:20:59,037 - P17020 - INFO - Candidates phone: 0 items
2025-05-22 03:20:59,037 - P17020 - INFO - Candidates email: 0 items
2025-05-22 03:20:59,037 - P17020 - INFO - Candidates complement: 0 items
2025-05-22 03:20:59,038 - P17020 - INFO - Candidates cep: 0 items
2025-05-22 03:20:59,038 - P17020 - INFO - Após processar URL 8 Uso de memória: 129.46 MB
2025-05-22 03:20:59,038 - P17020 - INFO - Processando URL 9/24: https://wwa.tjto.jus.br/diario/diariopublicado/4798.pdf
2025-05-22 03:20:59,038 - P17020 - INFO - Ignorando URL de arquivo não-HTML: https://wwa.tjto.jus.br/diario/diariopublicado/4798.pdf
2025-05-22 03:20:59,039 - P17020 - INFO - Após processar URL 9 Uso de memória: 129.46 MB
2025-05-22 03:20:59,039 - P17020 - INFO - Processando URL 10/24: https://diariooficial.guarulhos.sp.gov.br/uploads/pdf/314578329.pdf
2025-05-22 03:20:59,039 - P17020 - INFO - Ignorando URL de arquivo não-HTML: https://diariooficial.guarulhos.sp.gov.br/uploads/pdf/314578329.pdf
2025-05-22 03:20:59,039 - P17020 - INFO - Após processar URL 10 Uso de memória: 129.46 MB
2025-05-22 03:20:59,039 - P17020 - INFO - Processando URL 11/24: https://acervo.arquivopublico.sc.gov.br/uploads/r/arquivo-publico-do-estado-de-santa-catarina-apesc/0/4/c/04c2707523bea784c070dc005acf7e729c10930cbd54ff7d19cb8cff73341de8/2425071b-b99c-46ea-b3d8-ea1840ead691-14692-DOE_18386_23_06_2008_48F_JUCESC_18336_08F.pdf
2025-05-22 03:20:59,040 - P17020 - INFO - Ignorando URL de arquivo não-HTML: https://acervo.arquivopublico.sc.gov.br/uploads/r/arquivo-publico-do-estado-de-santa-catarina-apesc/0/4/c/04c2707523bea784c070dc005acf7e729c10930cbd54ff7d19cb8cff73341de8/2425071b-b99c-46ea-b3d8-ea1840ead691-14692-DOE_18386_23_06_2008_48F_JUCESC_18336_08F.pdf
2025-05-22 03:20:59,040 - P17020 - INFO - Após processar URL 11 Uso de memória: 129.46 MB
2025-05-22 03:20:59,040 - P17020 - INFO - Processando URL 12/24: https://cnpj.biz/37091179000140
2025-05-22 03:21:01,242 - P17020 - INFO - HTML salvo para debug: data\debug_html_v10\f193bc7106e7ebaf32d69334278bc028.html
2025-05-22 03:21:01,244 - P17020 - INFO - Candidates address: 0 items
2025-05-22 03:21:01,245 - P17020 - INFO - Candidates phone: 0 items
2025-05-22 03:21:01,245 - P17020 - INFO - Candidates email: 0 items
2025-05-22 03:21:01,245 - P17020 - INFO - Candidates complement: 0 items
2025-05-22 03:21:01,245 - P17020 - INFO - Candidates cep: 0 items
2025-05-22 03:21:01,245 - P17020 - INFO - Após processar URL 12 Uso de memória: 129.49 MB
2025-05-22 03:21:01,245 - P17020 - INFO - Processando URL 13/24: https://www.spdo.ms.gov.br/diariodoe/Index/Download/DO9491_12_09_2017
2025-05-22 03:21:03,682 - P17020 - INFO - HTML salvo para debug: data\debug_html_v10\8008587f04d2e0a770de037dca33186b.html
2025-05-22 03:21:03,682 - P17020 - INFO - Candidates address: 0 items
2025-05-22 03:21:03,683 - P17020 - INFO - Candidates phone: 0 items
2025-05-22 03:21:03,683 - P17020 - INFO - Candidates email: 0 items
2025-05-22 03:21:03,683 - P17020 - INFO - Candidates complement: 0 items
2025-05-22 03:21:03,683 - P17020 - INFO - Candidates cep: 0 items
2025-05-22 03:21:03,683 - P17020 - INFO - Após processar URL 13 Uso de memória: 129.49 MB
2025-05-22 03:21:03,683 - P17020 - INFO - Processando URL 14/24: https://iprejun.sp.gov.br/S/arquivos/Imprensa_Oficial/Imprensa_Oficial_Jundiai_2022-09-09_5141.pdf
2025-05-22 03:21:03,683 - P17020 - INFO - Ignorando URL de arquivo não-HTML: https://iprejun.sp.gov.br/S/arquivos/Imprensa_Oficial/Imprensa_Oficial_Jundiai_2022-09-09_5141.pdf
2025-05-22 03:21:03,684 - P17020 - INFO - Após processar URL 14 Uso de memória: 129.49 MB
2025-05-22 03:21:03,684 - P17020 - INFO - Processando URL 15/24: https://www.boaconsulta.com/especialista/luis-guilherme-alves-de-oliveira-6106da0aa2e00a653a00c0da
2025-05-22 03:21:07,219 - P17020 - INFO - HTML salvo para debug: data\debug_html_v10\b6eabbe5a1d05b5d0790e3ee984a043a.html
2025-05-22 03:21:07,311 - P17020 - INFO - Candidates address: 11 items
2025-05-22 03:21:07,312 - P17020 - INFO - Candidates phone: 0 items
2025-05-22 03:21:07,316 - P17020 - INFO - Candidates email: 0 items
2025-05-22 03:21:07,318 - P17020 - INFO - Candidates complement: 1 items
2025-05-22 03:21:07,320 - P17020 - INFO - Candidates cep: 0 items
2025-05-22 03:21:07,321 - P17020 - INFO - Após processar URL 15 Uso de memória: 130.29 MB
2025-05-22 03:21:07,326 - P17020 - INFO - Processando URL 16/24: https://www.doctoralia.com.br/jose-alves-de-oliveira-junior-2/cirurgiao-do-aparelho-digestivo-cirurgiao-geral-cirurgiao-bariatrico/goiania
2025-05-22 03:21:07,341 - P17020 - INFO - Ignorando URL de arquivo não-HTML: https://www.doctoralia.com.br/jose-alves-de-oliveira-junior-2/cirurgiao-do-aparelho-digestivo-cirurgiao-geral-cirurgiao-bariatrico/goiania
2025-05-22 03:21:07,346 - P17020 - INFO - Após processar URL 16 Uso de memória: 129.38 MB
2025-05-22 03:21:07,366 - P17020 - INFO - Processando URL 17/24: https://www.econodata.com.br/consulta-empresa/37091179000140-LUIS-GUILHERME-ALVES-DE-OLIVEIRA
2025-05-22 03:21:12,232 - P17020 - INFO - HTML salvo para debug: data\debug_html_v10\d6a9b49ce479264c2a8ea161053dee10.html
2025-05-22 03:21:12,348 - P17020 - INFO - Candidates address: 25 items
2025-05-22 03:21:12,349 - P17020 - INFO - Candidates phone: 0 items
2025-05-22 03:21:12,349 - P17020 - INFO - Candidates email: 0 items
2025-05-22 03:21:12,349 - P17020 - INFO - Candidates complement: 2 items
2025-05-22 03:21:12,349 - P17020 - INFO - Candidates cep: 1 items
2025-05-22 03:21:12,349 - P17020 - INFO - Após processar URL 17 Uso de memória: 131.19 MB
2025-05-22 03:21:12,349 - P17020 - INFO - Processando URL 18/24: https://www.doctoralia.com.br/luis-guilherme-alves-de-oliveira/medico-de-familia/sao-paulo
2025-05-22 03:21:12,350 - P17020 - INFO - Ignorando URL de arquivo não-HTML: https://www.doctoralia.com.br/luis-guilherme-alves-de-oliveira/medico-de-familia/sao-paulo
2025-05-22 03:21:12,350 - P17020 - INFO - Após processar URL 18 Uso de memória: 130.37 MB
2025-05-22 03:21:12,350 - P17020 - INFO - Processando URL 19/24: https://portal.cfm.org.br/busca-medicos
2025-05-22 03:21:16,242 - P17020 - INFO - HTML salvo para debug: data\debug_html_v10\e28ae84aaa177d1328f3a0d1fb68449f.html
2025-05-22 03:21:16,285 - P17020 - INFO - Candidates address: 0 items
2025-05-22 03:21:16,285 - P17020 - INFO - Candidates phone: 0 items
2025-05-22 03:21:16,285 - P17020 - INFO - Candidates email: 1 items
2025-05-22 03:21:16,285 - P17020 - INFO - Candidates complement: 1 items
2025-05-22 03:21:16,285 - P17020 - INFO - Candidates cep: 1 items
2025-05-22 03:21:16,285 - P17020 - INFO - Após processar URL 19 Uso de memória: 130.41 MB
2025-05-22 03:21:16,286 - P17020 - INFO - Processando URL 20/24: https://guiamedico.cremesp.org.br/
2025-05-22 03:21:19,475 - P17020 - INFO - HTML salvo para debug: data\debug_html_v10\7c54969580769b63edd9abaa952e1fa2.html
2025-05-22 03:21:19,480 - P17020 - INFO - Candidates address: 1 items
2025-05-22 03:21:19,481 - P17020 - INFO - Candidates phone: 1 items
2025-05-22 03:21:19,481 - P17020 - INFO - Candidates email: 0 items
2025-05-22 03:21:19,481 - P17020 - INFO - Candidates complement: 0 items
2025-05-22 03:21:19,481 - P17020 - INFO - Candidates cep: 1 items
2025-05-22 03:21:19,481 - P17020 - INFO - Após processar URL 20 Uso de memória: 130.49 MB
2025-05-22 03:21:19,482 - P17020 - INFO - Processando URL 21/24: https://www.escavador.com/sobre/6635500/luis-guilherme-alves-de-oliveira
2025-05-22 03:21:23,598 - P17020 - INFO - HTML salvo para debug: data\debug_html_v10\7e4ae097c6473dfae2c4121a2af0f01a.html
2025-05-22 03:21:23,613 - P17020 - INFO - Candidates address: 0 items
2025-05-22 03:21:23,614 - P17020 - INFO - Candidates phone: 0 items
2025-05-22 03:21:23,614 - P17020 - INFO - Candidates email: 0 items
2025-05-22 03:21:23,614 - P17020 - INFO - Candidates complement: 0 items
2025-05-22 03:21:23,615 - P17020 - INFO - Candidates cep: 0 items
2025-05-22 03:21:23,615 - P17020 - INFO - Após processar URL 21 Uso de memória: 130.53 MB
2025-05-22 03:21:23,615 - P17020 - INFO - Processando URL 22/24: https://portal-api.campinas.sp.gov.br/sites/default/files/publicacoes-dom/dom/14-05-2003.pdf
2025-05-22 03:21:23,615 - P17020 - INFO - Ignorando URL de arquivo não-HTML: https://portal-api.campinas.sp.gov.br/sites/default/files/publicacoes-dom/dom/14-05-2003.pdf
2025-05-22 03:21:23,616 - P17020 - INFO - Após processar URL 22 Uso de memória: 130.53 MB
2025-05-22 03:21:23,616 - P17020 - INFO - Processando URL 23/24: https://www.portaltransparencia.gov.br/pessoa-fisica/busca/lista
2025-05-22 03:21:27,177 - P17020 - INFO - HTML salvo para debug: data\debug_html_v10\e200cdf64b71d4c9248718dd155b3edb.html
2025-05-22 03:21:27,215 - P17020 - INFO - Candidates address: 0 items
2025-05-22 03:21:27,215 - P17020 - INFO - Candidates phone: 0 items
2025-05-22 03:21:27,215 - P17020 - INFO - Candidates email: 0 items
2025-05-22 03:21:27,216 - P17020 - INFO - Candidates complement: 0 items
2025-05-22 03:21:27,216 - P17020 - INFO - Candidates cep: 0 items
2025-05-22 03:21:27,216 - P17020 - INFO - Após processar URL 23 Uso de memória: 130.56 MB
2025-05-22 03:21:27,216 - P17020 - INFO - Processando URL 24/24: https://imprensaoficial.jundiai.sp.gov.br/wp-content/uploads/2022/09/bf9142d3-22d1-4bd2-a584-311484981e2b_Edicao-5141-09-09-2022-2.pdf
2025-05-22 03:21:27,216 - P17020 - INFO - Ignorando URL de arquivo não-HTML: https://imprensaoficial.jundiai.sp.gov.br/wp-content/uploads/2022/09/bf9142d3-22d1-4bd2-a584-311484981e2b_Edicao-5141-09-09-2022-2.pdf
2025-05-22 03:21:27,216 - P17020 - INFO - Após processar URL 24 Uso de memória: 130.56 MB
2025-05-22 03:21:27,217 - P17020 - INFO - Iniciando agregação e ranqueamento
2025-05-22 03:21:27,217 - P17020 - INFO - Ranked address: 39 items
2025-05-22 03:21:27,217 - P17020 - INFO - Ranked phone: 3 items
2025-05-22 03:21:27,217 - P17020 - INFO - Ranked email: 3 items
2025-05-22 03:21:27,217 - P17020 - INFO - Ranked complement: 7 items
2025-05-22 03:21:27,218 - P17020 - INFO - Ranked cep: 6 items
2025-05-22 03:21:27,218 - P17020 - INFO - Após agregação Uso de memória: 130.56 MB
2025-05-22 03:21:27,218 - P17020 - INFO - Validando endereço: ['Rua Avanhandava, 63', 'Rua Avanhandava 63 Apt 1105 Bela Vista São Paulo SP', 'Rua Augusto Tolle, 901']
2025-05-22 03:21:27,218 - P17020 - INFO - Endereço validado: Rua Avanhandava, 63
2025-05-22 03:21:27,218 - P17020 - INFO - Limpando texto extenso para campo address: Rua Avanhandava, 63...
2025-05-22 03:21:27,219 - P17020 - INFO - Texto limpo: Rua Avanhandava, 63
2025-05-22 03:21:27,219 - P17020 - INFO - Validando telefone: ['(41) 9788-0145', '(41) 99788-0145', '(11) 4349-9900']
2025-05-22 03:21:27,219 - P17020 - INFO - Limpando texto extenso para campo phone: (41) 9788-0145...
2025-05-22 03:21:27,219 - P17020 - INFO - Texto limpo: 41) 9788-0145
2025-05-22 03:21:27,219 - P17020 - INFO - Telefone validado: 41) 9788-0145
2025-05-22 03:21:27,219 - P17020 - INFO - Validando email: ['j@contabilizei.com.br', 'meucnpj@contabilizei.com.br', 'cfm@portalmedico.org.br']
2025-05-22 03:21:27,220 - P17020 - INFO - Limpando texto extenso para campo email: j@contabilizei.com.br...
2025-05-22 03:21:27,220 - P17020 - INFO - Texto limpo: j@contabilizei.com.br
2025-05-22 03:21:27,220 - P17020 - INFO - Email validado: j@contabilizei.com.br
2025-05-22 03:21:27,220 - P17020 - INFO - Validando complemento: ['Apt   1105  Clique para copiar    Bairro:  Bela Vista', 'Apt   1105  Bela Vista  São Paulo SP  01306-001  Cliq', 'Apt   1105  Bela Vista  São Paulo SP  01306-001      ']
2025-05-22 03:21:27,221 - P17020 - INFO - Limpando texto extenso para campo complement: Apt   1105  Clique para copiar    Bairro:  Bela Vi...
2025-05-22 03:21:27,221 - P17020 - INFO - Texto limpo: Apt 1105 Clique para copiar
2025-05-22 03:21:27,221 - P17020 - INFO - Complemento validado: Apt 1105 Clique para copiar
2025-05-22 03:21:27,222 - P17020 - INFO - Descobrindo cidade
2025-05-22 03:21:27,222 - P17020 - INFO - Buscando cidade: Rua Avanhandava cidade SP
2025-05-22 03:21:30,015 - P17020 - WARNING - Cidade não encontrada
2025-05-22 03:21:30,016 - P17020 - INFO - Cidade descoberta: 
2025-05-22 03:21:30,016 - P17020 - INFO - Tempo de execução de processamento completo do médico: 57.79 segundos
2025-05-22 03:21:30,016 - P17020 - INFO - Resultado processado: {'Hash': 'df9507bd7fbe50cf77e38c8d6905ee62c53e1b8ffbb4e0cf56c1d7efc1557c17', 'CRM': '184000', 'UF': 'SP', 'Firstname': 'LUIS', 'LastName': 'GUILHERME ALVES DE OLIVEIRA', 'Medical specialty': '', 'Endereco Completo A1': 'Rua Avanhandava, 63', 'Address A1': 'Rua Avanhandava', 'Numero A1': '63', 'Complement A1': 'Apt 1105 Clique para copiar', 'Bairro A1': '', 'postal code A1': '', 'City A1': '', 'State A1': '', 'Phone A1': '41) 9788-0145', 'Phone A2': '', 'Cell phone A1': '', 'Cell phone A2': '', 'E-mail A1': 'j@contabilizei.com.br', 'E-mail A2': '', 'OPT-IN': '', 'STATUS': '', 'LOTE': ''}
2025-05-22 03:21:30,017 - P17020 - INFO - Progresso: 45.7%
2025-05-22 03:21:30,018 - P17020 - INFO - Executando coleta de lixo
2025-05-22 03:21:30,073 - P17020 - INFO - Após coleta de lixo Uso de memória: 120.62 MB
2025-05-22 03:21:30,074 - P17020 - INFO - Tempo de execução de processamento do médico 1: 59.07 segundos
2025-05-22 03:21:30,074 - P17020 - INFO - 
==================================================
Processando médico 2/3
2025-05-22 03:21:30,074 - P17020 - INFO - Nome: RAPHAEL RIBEIRO MOREIRA
2025-05-22 03:21:30,074 - P17020 - INFO - Início do processamento Uso de memória: 120.62 MB
2025-05-22 03:21:30,074 - P17020 - INFO - Iniciando busca para: RAPHAEL RIBEIRO MOREIRA CRM 184057 SP telefone e-mail endereço
2025-05-22 03:21:30,829 - P17020 - INFO - SearX results: 15 URLs
2025-05-22 03:21:30,830 - P17020 - INFO - Após SearX Uso de memória: 120.62 MB
2025-05-22 03:21:33,492 - P17020 - INFO - Google results: 10 URLs
2025-05-22 03:21:33,492 - P17020 - INFO - Após Google Uso de memória: 124.59 MB
2025-05-22 03:21:35,931 - P17020 - INFO - Bing results: 9 URLs
2025-05-22 03:21:35,931 - P17020 - INFO - Após Bing Uso de memória: 126.73 MB
2025-05-22 03:21:35,932 - P17020 - INFO - Total de URLs únicas: 24
2025-05-22 03:21:35,932 - P17020 - INFO - Processando URL 1/24: https://cdn.estadaomatogrosso.com.br/storage/webdisco/pageflip/1330/source.pdf
2025-05-22 03:21:35,932 - P17020 - INFO - Ignorando URL de arquivo não-HTML: https://cdn.estadaomatogrosso.com.br/storage/webdisco/pageflip/1330/source.pdf
2025-05-22 03:21:35,932 - P17020 - INFO - Após processar URL 1 Uso de memória: 126.73 MB
2025-05-22 03:21:35,932 - P17020 - INFO - Processando URL 2/24: https://www.pm.pa.gov.br/phocadownload/userupload/userupload/cb.jaqueline.38111/2020.03.19-bg054.pdf
2025-05-22 03:21:35,932 - P17020 - INFO - Ignorando URL de arquivo não-HTML: https://www.pm.pa.gov.br/phocadownload/userupload/userupload/cb.jaqueline.38111/2020.03.19-bg054.pdf
2025-05-22 03:21:35,932 - P17020 - INFO - Após processar URL 2 Uso de memória: 126.73 MB
2025-05-22 03:21:35,933 - P17020 - INFO - Processando URL 3/24: https://www.ioepa.com.br/pages/2010/2010.12.01.DOE.pdf
2025-05-22 03:21:35,933 - P17020 - INFO - Ignorando URL de arquivo não-HTML: https://www.ioepa.com.br/pages/2010/2010.12.01.DOE.pdf
2025-05-22 03:21:35,933 - P17020 - INFO - Após processar URL 3 Uso de memória: 126.73 MB
2025-05-22 03:21:35,933 - P17020 - INFO - Processando URL 4/24: https://www.bp.org.br/medicos/8741/raphael-ribeiro-moreira
2025-05-22 03:21:39,543 - P17020 - INFO - HTML salvo para debug: data\debug_html_v10\aae236cb87ea4386a6391ac1728820f7.html
2025-05-22 03:21:39,580 - P17020 - INFO - Candidates address: 4 items
2025-05-22 03:21:39,581 - P17020 - INFO - Candidates phone: 3 items
2025-05-22 03:21:39,581 - P17020 - INFO - Candidates email: 1 items
2025-05-22 03:21:39,581 - P17020 - INFO - Candidates complement: 0 items
2025-05-22 03:21:39,581 - P17020 - INFO - Candidates cep: 2 items
2025-05-22 03:21:39,581 - P17020 - INFO - Após processar URL 4 Uso de memória: 127.76 MB
2025-05-22 03:21:39,582 - P17020 - INFO - Processando URL 5/24: https://www.consultasocio.com/q/sa/raphael-ribeiro-moreira
2025-05-22 03:21:44,737 - P17020 - INFO - HTML salvo para debug: data\debug_html_v10\e210d17b950a103f8472a78754f118d2.html
2025-05-22 03:21:44,743 - P17020 - INFO - Candidates address: 2 items
2025-05-22 03:21:44,743 - P17020 - INFO - Candidates phone: 0 items
2025-05-22 03:21:44,743 - P17020 - INFO - Candidates email: 2 items
2025-05-22 03:21:44,744 - P17020 - INFO - Candidates complement: 0 items
2025-05-22 03:21:44,744 - P17020 - INFO - Candidates cep: 4 items
2025-05-22 03:21:44,744 - P17020 - INFO - Após processar URL 5 Uso de memória: 127.86 MB
2025-05-22 03:21:44,744 - P17020 - INFO - Processando URL 6/24: https://www.boaconsulta.com/especialista/raphael-ribeiro-moreira-64afcb46fe2cca30ba000009
2025-05-22 03:21:47,654 - P17020 - INFO - HTML salvo para debug: data\debug_html_v10\2710086f109cbfa448b493d2f7ee06f0.html
2025-05-22 03:21:47,691 - P17020 - INFO - Candidates address: 1 items
2025-05-22 03:21:47,691 - P17020 - INFO - Candidates phone: 0 items
2025-05-22 03:21:47,691 - P17020 - INFO - Candidates email: 0 items
2025-05-22 03:21:47,691 - P17020 - INFO - Candidates complement: 0 items
2025-05-22 03:21:47,691 - P17020 - INFO - Candidates cep: 0 items
2025-05-22 03:21:47,692 - P17020 - INFO - Após processar URL 6 Uso de memória: 128.30 MB
2025-05-22 03:21:47,692 - P17020 - INFO - Processando URL 7/24: https://www.escavador.com/sobre/492206258/raphael-ribeiro-moreira
2025-05-22 03:21:50,933 - P17020 - INFO - HTML salvo para debug: data\debug_html_v10\2c64e8f4a85f4e2a9e8d99c2ff46afe2.html
2025-05-22 03:21:50,948 - P17020 - INFO - Candidates address: 0 items
2025-05-22 03:21:50,948 - P17020 - INFO - Candidates phone: 0 items
2025-05-22 03:21:50,948 - P17020 - INFO - Candidates email: 0 items
2025-05-22 03:21:50,949 - P17020 - INFO - Candidates complement: 0 items
2025-05-22 03:21:50,949 - P17020 - INFO - Candidates cep: 0 items
2025-05-22 03:21:50,949 - P17020 - INFO - Após processar URL 7 Uso de memória: 128.84 MB
2025-05-22 03:21:50,949 - P17020 - INFO - Processando URL 8/24: https://consultacrm.com.br/
2025-05-22 03:21:53,870 - P17020 - INFO - HTML salvo para debug: data\debug_html_v10\65cadeb91ac3713432c21b535990f440.html
2025-05-22 03:21:53,884 - P17020 - INFO - Candidates address: 0 items
2025-05-22 03:21:53,884 - P17020 - INFO - Candidates phone: 0 items
2025-05-22 03:21:53,884 - P17020 - INFO - Candidates email: 0 items
2025-05-22 03:21:53,884 - P17020 - INFO - Candidates complement: 0 items
2025-05-22 03:21:53,884 - P17020 - INFO - Candidates cep: 0 items
2025-05-22 03:21:53,885 - P17020 - INFO - Após processar URL 8 Uso de memória: 130.14 MB
2025-05-22 03:21:53,885 - P17020 - INFO - Processando URL 9/24: https://www.doctoralia.com.br/raphael-moreira-2/cardiologista/cachoeira-paulista
2025-05-22 03:21:53,885 - P17020 - INFO - Ignorando URL de arquivo não-HTML: https://www.doctoralia.com.br/raphael-moreira-2/cardiologista/cachoeira-paulista
2025-05-22 03:21:53,885 - P17020 - INFO - Após processar URL 9 Uso de memória: 130.14 MB
2025-05-22 03:21:53,885 - P17020 - INFO - Processando URL 10/24: https://cliniguia.com/profissionais/raphael-ribeiro-moreira-708703103489696/
2025-05-22 03:21:59,837 - P17020 - INFO - HTML salvo para debug: data\debug_html_v10\0ec75e2e88f51fbd34cc9e75bbb0a236.html
2025-05-22 03:21:59,886 - P17020 - INFO - Candidates address: 0 items
2025-05-22 03:21:59,886 - P17020 - INFO - Candidates phone: 0 items
2025-05-22 03:21:59,886 - P17020 - INFO - Candidates email: 0 items
2025-05-22 03:21:59,886 - P17020 - INFO - Candidates complement: 0 items
2025-05-22 03:21:59,886 - P17020 - INFO - Candidates cep: 0 items
2025-05-22 03:21:59,886 - P17020 - INFO - Após processar URL 10 Uso de memória: 130.99 MB
2025-05-22 03:21:59,887 - P17020 - INFO - Processando URL 11/24: https://osmardeoliveira.com.br/joelho/
2025-05-22 03:22:03,894 - P17020 - INFO - HTML salvo para debug: data\debug_html_v10\9b106d4011fcbc034e88b8e93be94f9d.html
2025-05-22 03:22:03,906 - P17020 - INFO - Candidates address: 0 items
2025-05-22 03:22:03,906 - P17020 - INFO - Candidates phone: 0 items
2025-05-22 03:22:03,906 - P17020 - INFO - Candidates email: 0 items
2025-05-22 03:22:03,906 - P17020 - INFO - Candidates complement: 0 items
2025-05-22 03:22:03,907 - P17020 - INFO - Candidates cep: 0 items
2025-05-22 03:22:03,907 - P17020 - INFO - Após processar URL 11 Uso de memória: 129.79 MB
2025-05-22 03:22:03,907 - P17020 - INFO - Processando URL 12/24: https://www.saobernardo.sp.gov.br/documents/10181/1812128/NM+2475+de+27.09.2024+-++Conte%C3%BAdo+Integral.pdf/46ac314f-d528-122c-322a-676977d4bf58
2025-05-22 03:22:03,907 - P17020 - INFO - Ignorando URL de arquivo não-HTML: https://www.saobernardo.sp.gov.br/documents/10181/1812128/NM+2475+de+27.09.2024+-++Conte%C3%BAdo+Integral.pdf/46ac314f-d528-122c-322a-676977d4bf58
2025-05-22 03:22:03,907 - P17020 - INFO - Após processar URL 12 Uso de memória: 129.79 MB
2025-05-22 03:22:03,908 - P17020 - INFO - Processando URL 13/24: https://www.consultacrm.com.br/index/profissionais
2025-05-22 03:22:08,743 - P17020 - INFO - HTML salvo para debug: data\debug_html_v10\ca7ac6c4b85cee4a2c1da9949f895117.html
2025-05-22 03:22:08,755 - P17020 - INFO - Candidates address: 0 items
2025-05-22 03:22:08,756 - P17020 - INFO - Candidates phone: 0 items
2025-05-22 03:22:08,756 - P17020 - INFO - Candidates email: 0 items
2025-05-22 03:22:08,756 - P17020 - INFO - Candidates complement: 0 items
2025-05-22 03:22:08,756 - P17020 - INFO - Candidates cep: 0 items
2025-05-22 03:22:08,756 - P17020 - INFO - Após processar URL 13 Uso de memória: 129.84 MB
2025-05-22 03:22:08,757 - P17020 - INFO - Processando URL 14/24: https://www.deltaclinic.com.br/equipes
2025-05-22 03:22:11,157 - P17020 - INFO - HTML salvo para debug: data\debug_html_v10\fc9ecc4dd1a7207b15117d12674c4d95.html
2025-05-22 03:22:11,183 - P17020 - INFO - Candidates address: 1 items
2025-05-22 03:22:11,195 - P17020 - INFO - Candidates phone: 2 items
2025-05-22 03:22:11,273 - P17020 - INFO - Candidates email: 0 items
2025-05-22 03:22:11,273 - P17020 - INFO - Candidates complement: 1 items
2025-05-22 03:22:11,273 - P17020 - INFO - Candidates cep: 2 items
2025-05-22 03:22:11,274 - P17020 - INFO - Após processar URL 14 Uso de memória: 129.87 MB
2025-05-22 03:22:11,274 - P17020 - INFO - Processando URL 15/24: https://www.rededorsaoluiz.com.br/encontre-um-medico/perfil/raphael-ribeiro-moreira
2025-05-22 03:22:16,757 - P17020 - INFO - HTML salvo para debug: data\debug_html_v10\f045f373ffffbd8a2e5b4d21c14224ee.html
2025-05-22 03:22:16,931 - P17020 - INFO - Candidates address: 0 items
2025-05-22 03:22:16,931 - P17020 - INFO - Candidates phone: 1 items
2025-05-22 03:22:16,931 - P17020 - INFO - Candidates email: 0 items
2025-05-22 03:22:16,931 - P17020 - INFO - Candidates complement: 0 items
2025-05-22 03:22:16,932 - P17020 - INFO - Candidates cep: 0 items
2025-05-22 03:22:16,932 - P17020 - INFO - Após processar URL 15 Uso de memória: 132.82 MB
2025-05-22 03:22:16,932 - P17020 - INFO - Processando URL 16/24: https://www.medicosbrasil.com/profissional/raphael-ribeiro-moreira
2025-05-22 03:22:19,131 - P17020 - INFO - HTML salvo para debug: data\debug_html_v10\97a047c5e235fd97959e94a9a7272de2.html
2025-05-22 03:22:19,133 - P17020 - INFO - Candidates address: 0 items
2025-05-22 03:22:19,134 - P17020 - INFO - Candidates phone: 0 items
2025-05-22 03:22:19,134 - P17020 - INFO - Candidates email: 0 items
2025-05-22 03:22:19,134 - P17020 - INFO - Candidates complement: 0 items
2025-05-22 03:22:19,134 - P17020 - INFO - Candidates cep: 0 items
2025-05-22 03:22:19,134 - P17020 - INFO - Após processar URL 16 Uso de memória: 130.06 MB
2025-05-22 03:22:19,135 - P17020 - INFO - Processando URL 17/24: https://web-api-claretiano-edu-br.s3.amazonaws.com/vestibular/cursos/603e70c1a346d750b9140a19-648a4b62911d2ff5cb65ebeb/projetoPedadogico.pdf
2025-05-22 03:22:19,135 - P17020 - INFO - Ignorando URL de arquivo não-HTML: https://web-api-claretiano-edu-br.s3.amazonaws.com/vestibular/cursos/603e70c1a346d750b9140a19-648a4b62911d2ff5cb65ebeb/projetoPedadogico.pdf
2025-05-22 03:22:19,135 - P17020 - INFO - Após processar URL 17 Uso de memória: 130.06 MB
2025-05-22 03:22:19,135 - P17020 - INFO - Processando URL 18/24: https://guiamedico.cremesp.org.br/
2025-05-22 03:22:22,203 - P17020 - INFO - HTML salvo para debug: data\debug_html_v10\7c54969580769b63edd9abaa952e1fa2.html
2025-05-22 03:22:22,210 - P17020 - INFO - Candidates address: 1 items
2025-05-22 03:22:22,210 - P17020 - INFO - Candidates phone: 1 items
2025-05-22 03:22:22,211 - P17020 - INFO - Candidates email: 0 items
2025-05-22 03:22:22,212 - P17020 - INFO - Candidates complement: 0 items
2025-05-22 03:22:22,215 - P17020 - INFO - Candidates cep: 1 items
2025-05-22 03:22:22,217 - P17020 - INFO - Após processar URL 18 Uso de memória: 130.06 MB
2025-05-22 03:22:22,219 - P17020 - INFO - Processando URL 19/24: https://www.pm.pa.gov.br/phocadownload/userupload/userupload/sub.mlucia.14229/2020.03.19-bg054.pdf
2025-05-22 03:22:22,220 - P17020 - INFO - Ignorando URL de arquivo não-HTML: https://www.pm.pa.gov.br/phocadownload/userupload/userupload/sub.mlucia.14229/2020.03.19-bg054.pdf
2025-05-22 03:22:22,221 - P17020 - INFO - Após processar URL 19 Uso de memória: 130.06 MB
2025-05-22 03:22:22,222 - P17020 - INFO - Processando URL 20/24: http://www.ioepa.com.br/arquivos/2010/2010.12.01.DOE.pdf
2025-05-22 03:22:22,222 - P17020 - INFO - Ignorando URL de arquivo não-HTML: http://www.ioepa.com.br/arquivos/2010/2010.12.01.DOE.pdf
2025-05-22 03:22:22,222 - P17020 - INFO - Após processar URL 20 Uso de memória: 130.06 MB
2025-05-22 03:22:22,223 - P17020 - INFO - Processando URL 21/24: https://www.boaconsulta.com/especialista/raphael-ribeiro-moreira-6106c446a2e00a5d840009e7
2025-05-22 03:22:25,005 - P17020 - INFO - HTML salvo para debug: data\debug_html_v10\040983f5ac28b6a26583fc31902bbec3.html
2025-05-22 03:22:25,113 - P17020 - INFO - Candidates address: 4 items
2025-05-22 03:22:25,114 - P17020 - INFO - Candidates phone: 0 items
2025-05-22 03:22:25,115 - P17020 - INFO - Candidates email: 0 items
2025-05-22 03:22:25,115 - P17020 - INFO - Candidates complement: 0 items
2025-05-22 03:22:25,115 - P17020 - INFO - Candidates cep: 0 items
2025-05-22 03:22:25,116 - P17020 - INFO - Após processar URL 21 Uso de memória: 130.82 MB
2025-05-22 03:22:25,116 - P17020 - INFO - Processando URL 22/24: https://sistemadje.tjmt.jus.br/publicacoes/10587-2019%20C1%20Tribunal%20de%20Justi%C3%A7a.pdf
2025-05-22 03:22:25,116 - P17020 - INFO - Ignorando URL de arquivo não-HTML: https://sistemadje.tjmt.jus.br/publicacoes/10587-2019%20C1%20Tribunal%20de%20Justi%C3%A7a.pdf
2025-05-22 03:22:25,116 - P17020 - INFO - Após processar URL 22 Uso de memória: 130.82 MB
2025-05-22 03:22:25,117 - P17020 - INFO - Processando URL 23/24: http://www.bp.org.br/medicos/8741/raphael-ribeiro-moreira
2025-05-22 03:22:27,923 - P17020 - INFO - HTML salvo para debug: data\debug_html_v10\4c4db5c02a2d747d21ec3d7dba1c33fa.html
2025-05-22 03:22:27,960 - P17020 - INFO - Candidates address: 4 items
2025-05-22 03:22:27,962 - P17020 - INFO - Candidates phone: 3 items
2025-05-22 03:22:27,962 - P17020 - INFO - Candidates email: 1 items
2025-05-22 03:22:27,962 - P17020 - INFO - Candidates complement: 0 items
2025-05-22 03:22:27,962 - P17020 - INFO - Candidates cep: 2 items
2025-05-22 03:22:27,963 - P17020 - INFO - Após processar URL 23 Uso de memória: 130.83 MB
2025-05-22 03:22:27,963 - P17020 - INFO - Processando URL 24/24: https://www.rededorsaoluiz.com.br/encontre-um-medico/medico-do-esporte-clinico/hospital/sao-luiz-morumbi
2025-05-22 03:22:36,626 - P17020 - INFO - HTML salvo para debug: data\debug_html_v10\b6957c35d09cceb152b54b37df6b0d22.html
2025-05-22 03:22:36,793 - P17020 - INFO - Candidates address: 8 items
2025-05-22 03:22:36,794 - P17020 - INFO - Candidates phone: 1 items
2025-05-22 03:22:36,794 - P17020 - INFO - Candidates email: 0 items
2025-05-22 03:22:36,794 - P17020 - INFO - Candidates complement: 0 items
2025-05-22 03:22:36,795 - P17020 - INFO - Candidates cep: 0 items
2025-05-22 03:22:36,795 - P17020 - INFO - Após processar URL 24 Uso de memória: 133.51 MB
2025-05-22 03:22:36,795 - P17020 - INFO - Iniciando agregação e ranqueamento
2025-05-22 03:22:36,796 - P17020 - INFO - Ranked address: 21 items
2025-05-22 03:22:36,796 - P17020 - INFO - Ranked phone: 7 items
2025-05-22 03:22:36,796 - P17020 - INFO - Ranked email: 3 items
2025-05-22 03:22:36,796 - P17020 - INFO - Ranked complement: 1 items
2025-05-22 03:22:36,797 - P17020 - INFO - Ranked cep: 9 items
2025-05-22 03:22:36,797 - P17020 - INFO - Após agregação Uso de memória: 133.51 MB
2025-05-22 03:22:36,797 - P17020 - INFO - Validando endereço: ['Rua Maestro Cardim, 769', 'R. Martiniano de Carvalho, 965', 'R. Colômbia, 332']
2025-05-22 03:22:36,797 - P17020 - INFO - Endereço validado: Rua Maestro Cardim, 769
2025-05-22 03:22:36,797 - P17020 - INFO - Limpando texto extenso para campo address: Rua Maestro Cardim, 769...
2025-05-22 03:22:36,797 - P17020 - INFO - Texto limpo: Rua Maestro Cardim, 769
2025-05-22 03:22:36,798 - P17020 - INFO - Validando telefone: ['(11) 3505-1000', ' +551135051000', ' +55113505-1000']
2025-05-22 03:22:36,798 - P17020 - INFO - Limpando texto extenso para campo phone: (11) 3505-1000...
2025-05-22 03:22:36,798 - P17020 - INFO - Texto limpo: 11) 3505-1000
2025-05-22 03:22:36,798 - P17020 - INFO - Telefone validado: 11) 3505-1000
2025-05-22 03:22:36,799 - P17020 - INFO - Validando email: ['ouvidoria@bp.org.br', 'RAPHAEL@NIXTRAVEL.COM.BR', 'CONTATO@RISSICONTABILIDADE.COM.BR']
2025-05-22 03:22:36,799 - P17020 - INFO - Limpando texto extenso para campo email: ouvidoria@bp.org.br...
2025-05-22 03:22:36,799 - P17020 - INFO - Texto limpo: ouvidoria@bp.org.br
2025-05-22 03:22:36,799 - P17020 - INFO - Email validado: ouvidoria@bp.org.br
2025-05-22 03:22:36,799 - P17020 - INFO - Validando complemento: ['Conjunto 55']
2025-05-22 03:22:36,800 - P17020 - INFO - Limpando texto extenso para campo complement: Conjunto 55...
2025-05-22 03:22:36,800 - P17020 - INFO - Texto limpo: Conjunto 55
2025-05-22 03:22:36,800 - P17020 - INFO - Complemento validado: Conjunto 55
2025-05-22 03:22:36,800 - P17020 - INFO - Descobrindo cidade
2025-05-22 03:22:36,800 - P17020 - INFO - Buscando cidade: Rua Maestro Cardim cidade SP
2025-05-22 03:22:39,594 - P17020 - INFO - Cidade encontrada: São Paulo
2025-05-22 03:22:39,595 - P17020 - INFO - Limpando texto extenso para campo city: São Paulo...
2025-05-22 03:22:39,595 - P17020 - INFO - Texto limpo: São Paulo
2025-05-22 03:22:39,595 - P17020 - INFO - Cidade descoberta: São Paulo
2025-05-22 03:22:39,595 - P17020 - INFO - Buscando CEP com sistema de cascata
2025-05-22 03:22:39,596 - P17020 - INFO - Iniciando busca de CEP em cascata para: Rua Maestro Cardim, São Paulo, SP
2025-05-22 03:22:39,596 - P17020 - INFO - Método 1: ViaCEP API
2025-05-22 03:22:39,596 - P17020 - INFO - Buscando no ViaCEP: https://viacep.com.br/ws/SP/sao%20paulo/rua%20maestro%20cardim/json/
2025-05-22 03:22:40,350 - P17020 - INFO - Dados encontrados no ViaCEP: {'cep': '01323-900', 'logradouro': 'Rua Maestro Cardim', 'complemento': '769', 'unidade': 'Real Ben Sociedade Beneficente Portuguesa', 'bairro': 'Bela Vista', 'localidade': 'São Paulo', 'uf': 'SP', 'estado': 'São Paulo', 'regiao': 'Sudeste', 'ibge': '3550308', 'gia': '1004', 'ddd': '11', 'siafi': '7107'}
2025-05-22 03:22:40,352 - P17020 - INFO - CEP encontrado via ViaCEP: 01323-900
2025-05-22 03:22:40,353 - P17020 - INFO - Dados de CEP encontrados: {'cep': '01323-900', 'logradouro': 'Rua Maestro Cardim', 'complemento': '769', 'unidade': 'Real Ben Sociedade Beneficente Portuguesa', 'bairro': 'Bela Vista', 'localidade': 'São Paulo', 'uf': 'SP', 'estado': 'São Paulo', 'regiao': 'Sudeste', 'ibge': '3550308', 'gia': '1004', 'ddd': '11', 'siafi': '7107'}
2025-05-22 03:22:40,353 - P17020 - INFO - Limpando texto extenso para campo bairro: Bela Vista...
2025-05-22 03:22:40,353 - P17020 - INFO - Texto limpo: Bela Vista
2025-05-22 03:22:40,353 - P17020 - INFO - Limpando texto extenso para campo city: São Paulo...
2025-05-22 03:22:40,353 - P17020 - INFO - Texto limpo: São Paulo
2025-05-22 03:22:40,353 - P17020 - INFO - Limpando texto extenso para campo state: SP...
2025-05-22 03:22:40,354 - P17020 - INFO - Texto limpo: SP
2025-05-22 03:22:40,354 - P17020 - INFO - Tempo de execução de processamento completo do médico: 70.28 segundos
2025-05-22 03:22:40,354 - P17020 - INFO - Resultado processado: {'Hash': 'be01fa152ef5080e84c1d2e0ad85ad3a007a7c191b7d3659fbf902106b48dc72', 'CRM': '184057', 'UF': 'SP', 'Firstname': 'RAPHAEL', 'LastName': 'RIBEIRO MOREIRA', 'Medical specialty': '', 'Endereco Completo A1': 'Rua Maestro Cardim, 769', 'Address A1': 'Rua Maestro Cardim', 'Numero A1': '769', 'Complement A1': 'Conjunto 55', 'Bairro A1': 'Bela Vista', 'postal code A1': '01323-900', 'City A1': 'São Paulo', 'State A1': 'SP', 'Phone A1': '11) 3505-1000', 'Phone A2': '', 'Cell phone A1': '', 'Cell phone A2': '', 'E-mail A1': 'ouvidoria@bp.org.br', 'E-mail A2': '', 'OPT-IN': '', 'STATUS': '', 'LOTE': ''}
2025-05-22 03:22:40,355 - P17020 - INFO - Progresso: 46.0%
2025-05-22 03:22:40,356 - P17020 - INFO - Tempo de execução de processamento do médico 2: 70.28 segundos
2025-05-22 03:22:40,356 - P17020 - INFO - 
==================================================
Processando médico 3/3
2025-05-22 03:22:40,356 - P17020 - INFO - Nome: LUCIANA FRANCO FRANCA
2025-05-22 03:22:40,356 - P17020 - INFO - Início do processamento Uso de memória: 128.92 MB
2025-05-22 03:22:40,356 - P17020 - INFO - Iniciando busca para: LUCIANA FRANCO FRANCA CRM 184909 SP telefone e-mail endereço
2025-05-22 03:22:41,205 - P17020 - INFO - SearX results: 13 URLs
2025-05-22 03:22:41,205 - P17020 - INFO - Após SearX Uso de memória: 128.92 MB
2025-05-22 03:22:43,974 - P17020 - INFO - Google results: 7 URLs
2025-05-22 03:22:43,975 - P17020 - INFO - Após Google Uso de memória: 131.09 MB
2025-05-22 03:22:46,470 - P17020 - INFO - Bing results: 8 URLs
2025-05-22 03:22:46,470 - P17020 - INFO - Após Bing Uso de memória: 132.46 MB
2025-05-22 03:22:46,470 - P17020 - INFO - Total de URLs únicas: 17
2025-05-22 03:22:46,470 - P17020 - INFO - Processando URL 1/17: https://acervo.arquivopublico.sc.gov.br/uploads/r/arquivo-publico-do-estado-de-santa-catarina-apesc/f/a/2/fa2e0977075df62c17a1a8960d098653083bd70d6d2f2ddefb65479fbce303bb/440d4770-70ff-4f90-b137-42b4cbc92be8-14271-DOE_18892_20_07_2010_48F_JUCESC_18892_08F.pdf
2025-05-22 03:22:46,471 - P17020 - INFO - Ignorando URL de arquivo não-HTML: https://acervo.arquivopublico.sc.gov.br/uploads/r/arquivo-publico-do-estado-de-santa-catarina-apesc/f/a/2/fa2e0977075df62c17a1a8960d098653083bd70d6d2f2ddefb65479fbce303bb/440d4770-70ff-4f90-b137-42b4cbc92be8-14271-DOE_18892_20_07_2010_48F_JUCESC_18892_08F.pdf
2025-05-22 03:22:46,471 - P17020 - INFO - Após processar URL 1 Uso de memória: 132.46 MB
2025-05-22 03:22:46,471 - P17020 - INFO - Processando URL 2/17: https://consultacrm.com.br/
2025-05-22 03:22:50,030 - P17020 - INFO - HTML salvo para debug: data\debug_html_v10\65cadeb91ac3713432c21b535990f440.html
2025-05-22 03:22:50,043 - P17020 - INFO - Candidates address: 0 items
2025-05-22 03:22:50,044 - P17020 - INFO - Candidates phone: 0 items
2025-05-22 03:22:50,044 - P17020 - INFO - Candidates email: 0 items
2025-05-22 03:22:50,044 - P17020 - INFO - Candidates complement: 0 items
2025-05-22 03:22:50,044 - P17020 - INFO - Candidates cep: 0 items
2025-05-22 03:22:50,044 - P17020 - INFO - Após processar URL 2 Uso de memória: 132.48 MB
2025-05-22 03:22:50,045 - P17020 - INFO - Processando URL 3/17: http://www.ioepa.com.br/arquivos/2017/2017.05.31.DOE.pdf
2025-05-22 03:22:50,045 - P17020 - INFO - Ignorando URL de arquivo não-HTML: http://www.ioepa.com.br/arquivos/2017/2017.05.31.DOE.pdf
2025-05-22 03:22:50,045 - P17020 - INFO - Após processar URL 3 Uso de memória: 132.48 MB
2025-05-22 03:22:50,045 - P17020 - INFO - Processando URL 4/17: https://www.medicosbrasil.com/profissional/luciana-franco-franca
2025-05-22 03:22:53,340 - P17020 - INFO - HTML salvo para debug: data\debug_html_v10\32d3369f5a4732c4619c838c4264ff16.html
2025-05-22 03:22:53,342 - P17020 - INFO - Candidates address: 0 items
2025-05-22 03:22:53,342 - P17020 - INFO - Candidates phone: 0 items
2025-05-22 03:22:53,342 - P17020 - INFO - Candidates email: 0 items
2025-05-22 03:22:53,342 - P17020 - INFO - Candidates complement: 0 items
2025-05-22 03:22:53,342 - P17020 - INFO - Candidates cep: 0 items
2025-05-22 03:22:53,342 - P17020 - INFO - Após processar URL 4 Uso de memória: 132.48 MB
2025-05-22 03:22:53,343 - P17020 - INFO - Processando URL 5/17: https://www.doctoralia.com.br/luciana-franco-franca/psiquiatra/brasilia
2025-05-22 03:22:53,343 - P17020 - INFO - Ignorando URL de arquivo não-HTML: https://www.doctoralia.com.br/luciana-franco-franca/psiquiatra/brasilia
2025-05-22 03:22:53,343 - P17020 - INFO - Após processar URL 5 Uso de memória: 132.48 MB
2025-05-22 03:22:53,343 - P17020 - INFO - Processando URL 6/17: https://www.boaconsulta.com/especialista/luciana-franco-franca-6106c721a2e00a5d84005359
2025-05-22 03:22:56,168 - P17020 - INFO - HTML salvo para debug: data\debug_html_v10\22aa5f4b913f93f9d7ab0e429a09479a.html
2025-05-22 03:22:56,238 - P17020 - INFO - Candidates address: 4 items
2025-05-22 03:22:56,238 - P17020 - INFO - Candidates phone: 0 items
2025-05-22 03:22:56,239 - P17020 - INFO - Candidates email: 0 items
2025-05-22 03:22:56,239 - P17020 - INFO - Candidates complement: 0 items
2025-05-22 03:22:56,239 - P17020 - INFO - Candidates cep: 0 items
2025-05-22 03:22:56,239 - P17020 - INFO - Após processar URL 6 Uso de memória: 132.50 MB
2025-05-22 03:22:56,240 - P17020 - INFO - Processando URL 7/17: https://cliniguia.com/profissionais/luciana-franco-franca-700507114864558/
2025-05-22 03:23:01,228 - P17020 - INFO - HTML salvo para debug: data\debug_html_v10\8a7bb5eb1f41d3909175b64ebf343ae3.html
2025-05-22 03:23:01,271 - P17020 - INFO - Candidates address: 0 items
2025-05-22 03:23:01,271 - P17020 - INFO - Candidates phone: 0 items
2025-05-22 03:23:01,271 - P17020 - INFO - Candidates email: 0 items
2025-05-22 03:23:01,271 - P17020 - INFO - Candidates complement: 0 items
2025-05-22 03:23:01,272 - P17020 - INFO - Candidates cep: 0 items
2025-05-22 03:23:01,272 - P17020 - INFO - Após processar URL 7 Uso de memória: 132.65 MB
2025-05-22 03:23:01,272 - P17020 - INFO - Processando URL 8/17: https://www.saobernardo.sp.gov.br/documents/10181/2045904/NM+2512+de+21.03.2025+-++Conteu%CC%81do+Integral.pdf/8137383c-b4dc-82d6-ef61-317e73e71a5c
2025-05-22 03:23:01,272 - P17020 - INFO - Ignorando URL de arquivo não-HTML: https://www.saobernardo.sp.gov.br/documents/10181/2045904/NM+2512+de+21.03.2025+-++Conteu%CC%81do+Integral.pdf/8137383c-b4dc-82d6-ef61-317e73e71a5c
2025-05-22 03:23:01,272 - P17020 - INFO - Após processar URL 8 Uso de memória: 131.73 MB
2025-05-22 03:23:01,273 - P17020 - INFO - Processando URL 9/17: https://webdisk.diariooficial.rn.gov.br/Jornal/12019-09-06.pdf
2025-05-22 03:23:01,273 - P17020 - INFO - Ignorando URL de arquivo não-HTML: https://webdisk.diariooficial.rn.gov.br/Jornal/12019-09-06.pdf
2025-05-22 03:23:01,273 - P17020 - INFO - Após processar URL 9 Uso de memória: 131.73 MB
2025-05-22 03:23:01,273 - P17020 - INFO - Processando URL 10/17: https://sistemadje.tjmt.jus.br/publicacoes/10689-2020%20C7%20Comarcas%20-%201%C2%AA%202%C2%AA%20e%203%C2%AA%20Entr%C3%A2ncia.pdf
2025-05-22 03:23:01,273 - P17020 - INFO - Ignorando URL de arquivo não-HTML: https://sistemadje.tjmt.jus.br/publicacoes/10689-2020%20C7%20Comarcas%20-%201%C2%AA%202%C2%AA%20e%203%C2%AA%20Entr%C3%A2ncia.pdf
2025-05-22 03:23:01,273 - P17020 - INFO - Após processar URL 10 Uso de memória: 131.73 MB
2025-05-22 03:23:01,273 - P17020 - INFO - Processando URL 11/17: https://dosp.com.br/exibe_do.php?i=NjI2NzQ3
2025-05-22 03:23:03,419 - P17020 - INFO - HTML salvo para debug: data\debug_html_v10\357a8cc6d3b529b99545d8aebc742772.html
2025-05-22 03:23:03,419 - P17020 - INFO - Candidates address: 0 items
2025-05-22 03:23:03,419 - P17020 - INFO - Candidates phone: 0 items
2025-05-22 03:23:03,420 - P17020 - INFO - Candidates email: 0 items
2025-05-22 03:23:03,420 - P17020 - INFO - Candidates complement: 0 items
2025-05-22 03:23:03,420 - P17020 - INFO - Candidates cep: 0 items
2025-05-22 03:23:03,420 - P17020 - INFO - Após processar URL 11 Uso de memória: 131.73 MB
2025-05-22 03:23:03,420 - P17020 - INFO - Processando URL 12/17: https://crefito5.org.br/midias/Edital_Notificacao_e_Intimacao_anuidade2021_Crefito5.pdf
2025-05-22 03:23:03,420 - P17020 - INFO - Ignorando URL de arquivo não-HTML: https://crefito5.org.br/midias/Edital_Notificacao_e_Intimacao_anuidade2021_Crefito5.pdf
2025-05-22 03:23:03,421 - P17020 - INFO - Após processar URL 12 Uso de memória: 131.73 MB
2025-05-22 03:23:03,421 - P17020 - INFO - Processando URL 13/17: https://www.escavador.com/sobre/3504934/luciana-franco-franca
2025-05-22 03:23:06,832 - P17020 - INFO - HTML salvo para debug: data\debug_html_v10\692006a9753ba949f391009dd7c3d3e7.html
2025-05-22 03:23:06,849 - P17020 - INFO - Candidates address: 0 items
2025-05-22 03:23:06,849 - P17020 - INFO - Candidates phone: 0 items
2025-05-22 03:23:06,850 - P17020 - INFO - Candidates email: 0 items
2025-05-22 03:23:06,850 - P17020 - INFO - Candidates complement: 0 items
2025-05-22 03:23:06,850 - P17020 - INFO - Candidates cep: 0 items
2025-05-22 03:23:06,851 - P17020 - INFO - Após processar URL 13 Uso de memória: 131.73 MB
2025-05-22 03:23:06,851 - P17020 - INFO - Processando URL 14/17: https://psiquiatradraluciana.com.br/
2025-05-22 03:23:09,623 - P17020 - INFO - HTML salvo para debug: data\debug_html_v10\59856e95a9fed759a19e3c2c8b42dc87.html
2025-05-22 03:23:09,631 - P17020 - INFO - Candidates address: 0 items
2025-05-22 03:23:09,631 - P17020 - INFO - Candidates phone: 0 items
2025-05-22 03:23:09,632 - P17020 - INFO - Candidates email: 0 items
2025-05-22 03:23:09,632 - P17020 - INFO - Candidates complement: 1 items
2025-05-22 03:23:09,632 - P17020 - INFO - Candidates cep: 1 items
2025-05-22 03:23:09,632 - P17020 - INFO - Após processar URL 14 Uso de memória: 131.75 MB
2025-05-22 03:23:09,632 - P17020 - INFO - Processando URL 15/17: https://www.consultasocio.com/q/sa/luciana-franco-franca
2025-05-22 03:23:14,786 - P17020 - INFO - HTML salvo para debug: data\debug_html_v10\d1c1d41efaf92e6ecedfcd43ab334ec2.html
2025-05-22 03:23:14,792 - P17020 - INFO - Candidates address: 2 items
2025-05-22 03:23:14,792 - P17020 - INFO - Candidates phone: 0 items
2025-05-22 03:23:14,793 - P17020 - INFO - Candidates email: 2 items
2025-05-22 03:23:14,793 - P17020 - INFO - Candidates complement: 1 items
2025-05-22 03:23:14,793 - P17020 - INFO - Candidates cep: 5 items
2025-05-22 03:23:14,793 - P17020 - INFO - Após processar URL 15 Uso de memória: 131.78 MB
2025-05-22 03:23:14,794 - P17020 - INFO - Processando URL 16/17: https://www.benditoguia.com.br/empresa/dra-psiquiatra-luciana-franco-medicina-do-sono-em-sao-paulo-planalto-paulista-sp
2025-05-22 03:23:18,937 - P17020 - INFO - HTML salvo para debug: data\debug_html_v10\015267c8cffc8cf657fab2c10d4afb35.html
2025-05-22 03:23:18,959 - P17020 - INFO - Candidates address: 1 items
2025-05-22 03:23:18,959 - P17020 - INFO - Candidates phone: 1 items
2025-05-22 03:23:18,959 - P17020 - INFO - Candidates email: 0 items
2025-05-22 03:23:18,959 - P17020 - INFO - Candidates complement: 1 items
2025-05-22 03:23:18,959 - P17020 - INFO - Candidates cep: 2 items
2025-05-22 03:23:18,960 - P17020 - INFO - Após processar URL 16 Uso de memória: 132.09 MB
2025-05-22 03:23:18,960 - P17020 - INFO - Processando URL 17/17: https://www.doctoralia.com.br/luciana-franco-5/psicanalista-psicologo/niteroi
2025-05-22 03:23:18,960 - P17020 - INFO - Ignorando URL de arquivo não-HTML: https://www.doctoralia.com.br/luciana-franco-5/psicanalista-psicologo/niteroi
2025-05-22 03:23:18,961 - P17020 - INFO - Após processar URL 17 Uso de memória: 132.09 MB
2025-05-22 03:23:18,961 - P17020 - INFO - Iniciando agregação e ranqueamento
2025-05-22 03:23:18,961 - P17020 - INFO - Ranked address: 7 items
2025-05-22 03:23:18,962 - P17020 - INFO - Ranked phone: 1 items
2025-05-22 03:23:18,963 - P17020 - INFO - Ranked email: 2 items
2025-05-22 03:23:18,963 - P17020 - INFO - Ranked complement: 3 items
2025-05-22 03:23:18,963 - P17020 - INFO - Ranked cep: 8 items
2025-05-22 03:23:18,964 - P17020 - INFO - Após agregação Uso de memória: 132.09 MB
2025-05-22 03:23:18,964 - P17020 - INFO - Validando endereço: ['Avenida 11 De Agosto, 2745', 'Avenida Alfried Krupp, 1200', 'Avenida Dr Candido Rodrigues, 36']
2025-05-22 03:23:18,965 - P17020 - INFO - Endereço validado: Avenida 11 De Agosto, 2745
2025-05-22 03:23:18,965 - P17020 - INFO - Limpando texto extenso para campo address: Avenida 11 De Agosto, 2745...
2025-05-22 03:23:18,965 - P17020 - INFO - Texto limpo: Avenida 11 De Agosto, 2745
2025-05-22 03:23:18,965 - P17020 - INFO - Validando telefone: ['+55 34 99802-6744']
2025-05-22 03:23:18,966 - P17020 - INFO - Validando email: ['LU_F_F@HOTMAIL.COM', 'NBRAJAO@BOL.COM.BR']
2025-05-22 03:23:18,966 - P17020 - INFO - Limpando texto extenso para campo email: LU_F_F@HOTMAIL.COM...
2025-05-22 03:23:18,966 - P17020 - INFO - Texto limpo: lu_f_f@hotmail.com
2025-05-22 03:23:18,966 - P17020 - INFO - Email validado: lu_f_f@hotmail.com
2025-05-22 03:23:18,966 - P17020 - INFO - Validando complemento: ['Sala 106', 'Sala  301 Parque Residencial Aquarius', 'Sala 5 - Moema']
2025-05-22 03:23:18,966 - P17020 - INFO - Limpando texto extenso para campo complement: Sala 106...
2025-05-22 03:23:18,966 - P17020 - INFO - Texto limpo: Sala 106
2025-05-22 03:23:18,967 - P17020 - INFO - Complemento validado: Sala 106
2025-05-22 03:23:18,967 - P17020 - INFO - Descobrindo cidade
2025-05-22 03:23:18,967 - P17020 - INFO - Buscando cidade: Avenida 11 De Agosto cidade SP
2025-05-22 03:23:21,620 - P17020 - WARNING - Cidade não encontrada
2025-05-22 03:23:21,621 - P17020 - INFO - Cidade descoberta: 
2025-05-22 03:23:21,621 - P17020 - INFO - Tempo de execução de processamento completo do médico: 41.27 segundos
2025-05-22 03:23:21,622 - P17020 - INFO - Resultado processado: {'Hash': 'e26517dde1a7eb675fe5e060a49631feebad5b39c9c9841de0b4e72c76bb8167', 'CRM': '184909', 'UF': 'SP', 'Firstname': 'LUCIANA', 'LastName': 'FRANCO FRANCA', 'Medical specialty': '', 'Endereco Completo A1': 'Avenida 11 De Agosto, 2745', 'Address A1': 'Avenida 11 De Agosto', 'Numero A1': '2745', 'Complement A1': 'Sala 106', 'Bairro A1': '', 'postal code A1': '', 'City A1': '', 'State A1': '', 'Phone A1': '', 'Phone A2': '', 'Cell phone A1': '', 'Cell phone A2': '', 'E-mail A1': 'lu_f_f@hotmail.com', 'E-mail A2': '', 'OPT-IN': '', 'STATUS': '', 'LOTE': ''}
2025-05-22 03:23:21,623 - P17020 - INFO - Salvando lote de resultados
2025-05-22 03:23:21,624 - P17020 - INFO - Após salvar resultados Uso de memória: 128.57 MB
2025-05-22 03:23:21,625 - P17020 - INFO - Progresso: 46.4%
2025-05-22 03:23:21,625 - P17020 - INFO - Tempo de execução de processamento do médico 3: 41.27 segundos
2025-05-22 03:23:21,626 - P17020 - INFO - Tempo de execução de processamento do lote completo: 170.62 segundos
