2025-05-22 03:35:46,808 - P15228 - INFO - 
==================================================
Processando médico 1/3
2025-05-22 03:35:46,808 - P15228 - INFO - Nome: ANDRÉ QUEIROZ BARBOSA
2025-05-22 03:35:46,808 - P15228 - INFO - Reiniciando driver do Chrome
2025-05-22 03:35:48,121 - P15228 - INFO - Após reiniciar driver Uso de memória: 121.10 MB
2025-05-22 03:35:48,121 - P15228 - INFO - Início do processamento Uso de memória: 121.10 MB
2025-05-22 03:35:48,122 - P15228 - INFO - Iniciando busca para: ANDRÉ QUEIROZ BARBOSA CRM 28390 BA telefone e-mail endereço
2025-05-22 03:35:49,070 - P15228 - INFO - SearX results: 14 URLs
2025-05-22 03:35:49,071 - P15228 - INFO - Após SearX Uso de memória: 121.10 MB
2025-05-22 03:35:52,011 - P15228 - INFO - Google results: 9 URLs
2025-05-22 03:35:52,011 - P15228 - INFO - Após Google Uso de memória: 123.13 MB
2025-05-22 03:35:54,413 - P15228 - INFO - Bing results: 9 URLs
2025-05-22 03:35:54,414 - P15228 - INFO - Após Bing Uso de memória: 123.14 MB
2025-05-22 03:35:54,414 - P15228 - INFO - Total de URLs únicas: 23
2025-05-22 03:35:54,414 - P15228 - INFO - Processando URL 1/23: https://diariooficial.guarulhos.sp.gov.br/uploads/pdf/1896290608.pdf
2025-05-22 03:35:54,414 - P15228 - INFO - Ignorando URL de arquivo não-HTML: https://diariooficial.guarulhos.sp.gov.br/uploads/pdf/1896290608.pdf
2025-05-22 03:35:54,415 - P15228 - INFO - Após processar URL 1 Uso de memória: 123.14 MB
2025-05-22 03:35:54,415 - P15228 - INFO - Processando URL 2/23: https://guiamedico.cremesp.org.br/
2025-05-22 03:35:57,694 - P15228 - INFO - HTML salvo para debug: data\debug_html_v10\7c54969580769b63edd9abaa952e1fa2.html
2025-05-22 03:35:57,701 - P15228 - INFO - Candidates address: 1 items
2025-05-22 03:35:57,701 - P15228 - INFO - Candidates phone: 1 items
2025-05-22 03:35:57,702 - P15228 - INFO - Candidates email: 0 items
2025-05-22 03:35:57,702 - P15228 - INFO - Candidates complement: 0 items
2025-05-22 03:35:57,702 - P15228 - INFO - Candidates cep: 1 items
2025-05-22 03:35:57,702 - P15228 - INFO - Após processar URL 2 Uso de memória: 123.14 MB
2025-05-22 03:35:57,702 - P15228 - INFO - Processando URL 3/23: http://www.transparencia.mpf.mp.br/conteudo/diarios-e-boletins/diario-eletronico-dmpf-e/2021/DMPF-ADMINISTRATIVO-2021-07-28.pdf
2025-05-22 03:35:57,703 - P15228 - INFO - Ignorando URL de arquivo não-HTML: http://www.transparencia.mpf.mp.br/conteudo/diarios-e-boletins/diario-eletronico-dmpf-e/2021/DMPF-ADMINISTRATIVO-2021-07-28.pdf
2025-05-22 03:35:57,703 - P15228 - INFO - Após processar URL 3 Uso de memória: 123.14 MB
2025-05-22 03:35:57,703 - P15228 - INFO - Processando URL 4/23: https://www.boaconsulta.com/especialista/andre-queiroz-barbosa-6105738eba32c30083001be0
2025-05-22 03:36:01,115 - P15228 - INFO - HTML salvo para debug: data\debug_html_v10\50619708a7424afbeaa647a255086021.html
2025-05-22 03:36:01,188 - P15228 - INFO - Candidates address: 1 items
2025-05-22 03:36:01,189 - P15228 - INFO - Candidates phone: 0 items
2025-05-22 03:36:01,189 - P15228 - INFO - Candidates email: 0 items
2025-05-22 03:36:01,189 - P15228 - INFO - Candidates complement: 0 items
2025-05-22 03:36:01,189 - P15228 - INFO - Candidates cep: 0 items
2025-05-22 03:36:01,190 - P15228 - INFO - Após processar URL 4 Uso de memória: 124.54 MB
2025-05-22 03:36:01,190 - P15228 - INFO - Processando URL 5/23: https://portal.cfm.org.br/busca-medicos
2025-05-22 03:36:04,977 - P15228 - INFO - HTML salvo para debug: data\debug_html_v10\e28ae84aaa177d1328f3a0d1fb68449f.html
2025-05-22 03:36:05,017 - P15228 - INFO - Candidates address: 0 items
2025-05-22 03:36:05,018 - P15228 - INFO - Candidates phone: 0 items
2025-05-22 03:36:05,018 - P15228 - INFO - Candidates email: 1 items
2025-05-22 03:36:05,018 - P15228 - INFO - Candidates complement: 1 items
2025-05-22 03:36:05,018 - P15228 - INFO - Candidates cep: 1 items
2025-05-22 03:36:05,018 - P15228 - INFO - Após processar URL 5 Uso de memória: 123.15 MB
2025-05-22 03:36:05,018 - P15228 - INFO - Processando URL 6/23: https://www.sbemo.com/membcert
2025-05-22 03:36:07,919 - P15228 - INFO - HTML salvo para debug: data\debug_html_v10\340fa20b813496696a53109395c1e9cd.html
2025-05-22 03:36:08,256 - P15228 - INFO - Candidates address: 18 items
2025-05-22 03:36:08,257 - P15228 - INFO - Candidates phone: 275 items
2025-05-22 03:36:08,258 - P15228 - INFO - Candidates email: 228 items
2025-05-22 03:36:08,258 - P15228 - INFO - Candidates complement: 1 items
2025-05-22 03:36:08,258 - P15228 - INFO - Candidates cep: 240 items
2025-05-22 03:36:08,258 - P15228 - INFO - Após processar URL 6 Uso de memória: 126.75 MB
2025-05-22 03:36:08,258 - P15228 - INFO - Processando URL 7/23: https://web.trf3.jus.br/diario/Consulta/BaixarPdf/13558
2025-05-22 03:36:10,456 - P15228 - INFO - HTML salvo para debug: data\debug_html_v10\7baa894fe63184f7eebdfea512fed559.html
2025-05-22 03:36:10,754 - P15228 - INFO - Candidates address: 18 items
2025-05-22 03:36:10,755 - P15228 - INFO - Candidates phone: 275 items
2025-05-22 03:36:10,756 - P15228 - INFO - Candidates email: 228 items
2025-05-22 03:36:10,762 - P15228 - INFO - Candidates complement: 1 items
2025-05-22 03:36:10,762 - P15228 - INFO - Candidates cep: 240 items
2025-05-22 03:36:10,762 - P15228 - INFO - Após processar URL 7 Uso de memória: 127.25 MB
2025-05-22 03:36:10,762 - P15228 - INFO - Processando URL 8/23: https://www.medicosbrasil.com/profissional/andre-queiroz-barbosa
2025-05-22 03:36:14,296 - P15228 - INFO - HTML salvo para debug: data\debug_html_v10\485224a0ac4fb019b669696e0075c9a4.html
2025-05-22 03:36:14,322 - P15228 - INFO - Candidates address: 0 items
2025-05-22 03:36:14,323 - P15228 - INFO - Candidates phone: 0 items
2025-05-22 03:36:14,323 - P15228 - INFO - Candidates email: 0 items
2025-05-22 03:36:14,323 - P15228 - INFO - Candidates complement: 0 items
2025-05-22 03:36:14,323 - P15228 - INFO - Candidates cep: 0 items
2025-05-22 03:36:14,323 - P15228 - INFO - Após processar URL 8 Uso de memória: 125.78 MB
2025-05-22 03:36:14,323 - P15228 - INFO - Processando URL 9/23: https://www.saobernardo.sp.gov.br/documents/10181/542859/16_09_16_NM_1899_otz.pdf/c1fa089b-01ad-404e-a060-0dca86ccb113
2025-05-22 03:36:14,323 - P15228 - INFO - Ignorando URL de arquivo não-HTML: https://www.saobernardo.sp.gov.br/documents/10181/542859/16_09_16_NM_1899_otz.pdf/c1fa089b-01ad-404e-a060-0dca86ccb113
2025-05-22 03:36:14,324 - P15228 - INFO - Após processar URL 9 Uso de memória: 124.60 MB
2025-05-22 03:36:14,324 - P15228 - INFO - Processando URL 10/23: https://osasco.sp.gov.br/site/wp-content/uploads/2022/02/iomo536.pdf
2025-05-22 03:36:14,324 - P15228 - INFO - Ignorando URL de arquivo não-HTML: https://osasco.sp.gov.br/site/wp-content/uploads/2022/02/iomo536.pdf
2025-05-22 03:36:14,324 - P15228 - INFO - Após processar URL 10 Uso de memória: 124.60 MB
2025-05-22 03:36:14,324 - P15228 - INFO - Processando URL 11/23: https://www.threads.net/@drandreqbarbosa
2025-05-22 03:36:17,117 - P15228 - INFO - HTML salvo para debug: data\debug_html_v10\96136acf324519a86195dcd221930ab7.html
2025-05-22 03:36:17,153 - P15228 - INFO - Candidates address: 0 items
2025-05-22 03:36:17,153 - P15228 - INFO - Candidates phone: 0 items
2025-05-22 03:36:17,153 - P15228 - INFO - Candidates email: 0 items
2025-05-22 03:36:17,154 - P15228 - INFO - Candidates complement: 0 items
2025-05-22 03:36:17,154 - P15228 - INFO - Candidates cep: 1 items
2025-05-22 03:36:17,154 - P15228 - INFO - Após processar URL 11 Uso de memória: 127.23 MB
2025-05-22 03:36:17,154 - P15228 - INFO - Processando URL 12/23: https://www.threads.com/@drandreqbarbosa
2025-05-22 03:36:19,653 - P15228 - INFO - HTML salvo para debug: data\debug_html_v10\e192449573e5f300067afe6a3d5da9c9.html
2025-05-22 03:36:19,692 - P15228 - INFO - Candidates address: 0 items
2025-05-22 03:36:19,692 - P15228 - INFO - Candidates phone: 0 items
2025-05-22 03:36:19,692 - P15228 - INFO - Candidates email: 0 items
2025-05-22 03:36:19,693 - P15228 - INFO - Candidates complement: 0 items
2025-05-22 03:36:19,693 - P15228 - INFO - Candidates cep: 1 items
2025-05-22 03:36:19,693 - P15228 - INFO - Após processar URL 12 Uso de memória: 127.23 MB
2025-05-22 03:36:19,693 - P15228 - INFO - Processando URL 13/23: https://cliniguia.com/profissionais/andre-queiroz-barbosa-704601697142127/
2025-05-22 03:36:25,262 - P15228 - INFO - HTML salvo para debug: data\debug_html_v10\15bc9270779b12f2a238f5e352e631f8.html
2025-05-22 03:36:25,308 - P15228 - INFO - Candidates address: 0 items
2025-05-22 03:36:25,308 - P15228 - INFO - Candidates phone: 0 items
2025-05-22 03:36:25,308 - P15228 - INFO - Candidates email: 0 items
2025-05-22 03:36:25,309 - P15228 - INFO - Candidates complement: 0 items
2025-05-22 03:36:25,311 - P15228 - INFO - Candidates cep: 0 items
2025-05-22 03:36:25,312 - P15228 - INFO - Após processar URL 13 Uso de memória: 125.09 MB
2025-05-22 03:36:25,313 - P15228 - INFO - Processando URL 14/23: https://crmvirtual.cfm.org.br/BA/servico/pesquisa-por-medicos
2025-05-22 03:36:28,235 - P15228 - INFO - HTML salvo para debug: data\debug_html_v10\344d5185fc7be121f6bd5df93a5125ac.html
2025-05-22 03:36:28,248 - P15228 - INFO - Candidates address: 0 items
2025-05-22 03:36:28,249 - P15228 - INFO - Candidates phone: 0 items
2025-05-22 03:36:28,249 - P15228 - INFO - Candidates email: 1 items
2025-05-22 03:36:28,249 - P15228 - INFO - Candidates complement: 0 items
2025-05-22 03:36:28,249 - P15228 - INFO - Candidates cep: 0 items
2025-05-22 03:36:28,249 - P15228 - INFO - Após processar URL 14 Uso de memória: 125.12 MB
2025-05-22 03:36:28,249 - P15228 - INFO - Processando URL 15/23: https://diario.oab.org.br/assets/diarios/diario-eletronico-oab-19-11-2024.pdf
2025-05-22 03:36:28,250 - P15228 - INFO - Ignorando URL de arquivo não-HTML: https://diario.oab.org.br/assets/diarios/diario-eletronico-oab-19-11-2024.pdf
2025-05-22 03:36:28,250 - P15228 - INFO - Após processar URL 15 Uso de memória: 125.12 MB
2025-05-22 03:36:28,250 - P15228 - INFO - Processando URL 16/23: https://www.consultacrm.com.br/index/profissionais
2025-05-22 03:36:32,758 - P15228 - INFO - HTML salvo para debug: data\debug_html_v10\ca7ac6c4b85cee4a2c1da9949f895117.html
2025-05-22 03:36:32,771 - P15228 - INFO - Candidates address: 0 items
2025-05-22 03:36:32,771 - P15228 - INFO - Candidates phone: 0 items
2025-05-22 03:36:32,771 - P15228 - INFO - Candidates email: 0 items
2025-05-22 03:36:32,771 - P15228 - INFO - Candidates complement: 0 items
2025-05-22 03:36:32,771 - P15228 - INFO - Candidates cep: 0 items
2025-05-22 03:36:32,772 - P15228 - INFO - Após processar URL 16 Uso de memória: 125.12 MB
2025-05-22 03:36:32,772 - P15228 - INFO - Processando URL 17/23: https://www.sinj.df.gov.br/sinj/Diario/afb97288-2737-357e-9258-ed46c589fd3f/DODF%20043%2005-03-2025%20INTEGRA.pdf
2025-05-22 03:36:32,772 - P15228 - INFO - Ignorando URL de arquivo não-HTML: https://www.sinj.df.gov.br/sinj/Diario/afb97288-2737-357e-9258-ed46c589fd3f/DODF%20043%2005-03-2025%20INTEGRA.pdf
2025-05-22 03:36:32,772 - P15228 - INFO - Após processar URL 17 Uso de memória: 125.12 MB
2025-05-22 03:36:32,773 - P15228 - INFO - Processando URL 18/23: https://consultacrm.com.br/
2025-05-22 03:36:34,904 - P15228 - INFO - HTML salvo para debug: data\debug_html_v10\65cadeb91ac3713432c21b535990f440.html
2025-05-22 03:36:34,921 - P15228 - INFO - Candidates address: 0 items
2025-05-22 03:36:34,921 - P15228 - INFO - Candidates phone: 0 items
2025-05-22 03:36:34,922 - P15228 - INFO - Candidates email: 0 items
2025-05-22 03:36:34,922 - P15228 - INFO - Candidates complement: 0 items
2025-05-22 03:36:34,922 - P15228 - INFO - Candidates cep: 0 items
2025-05-22 03:36:34,924 - P15228 - INFO - Após processar URL 18 Uso de memória: 126.13 MB
2025-05-22 03:36:34,925 - P15228 - INFO - Processando URL 19/23: https://dosp.com.br/exibe_do.php?i=NTU5MTE=
2025-05-22 03:36:37,085 - P15228 - INFO - HTML salvo para debug: data\debug_html_v10\ccbdd3b8a5bd27f98a285c59bf2c49e0.html
2025-05-22 03:36:37,085 - P15228 - INFO - Candidates address: 0 items
2025-05-22 03:36:37,086 - P15228 - INFO - Candidates phone: 0 items
2025-05-22 03:36:37,086 - P15228 - INFO - Candidates email: 0 items
2025-05-22 03:36:37,087 - P15228 - INFO - Candidates complement: 0 items
2025-05-22 03:36:37,087 - P15228 - INFO - Candidates cep: 0 items
2025-05-22 03:36:37,087 - P15228 - INFO - Após processar URL 19 Uso de memória: 126.13 MB
2025-05-22 03:36:37,087 - P15228 - INFO - Processando URL 20/23: https://servicos.sjc.sp.gov.br/governo/boletim/boletimPDF/20220615174536b7ee407a-1951-49c3-8108-2ef68b3cbcf3.pdf
2025-05-22 03:36:37,087 - P15228 - INFO - Ignorando URL de arquivo não-HTML: https://servicos.sjc.sp.gov.br/governo/boletim/boletimPDF/20220615174536b7ee407a-1951-49c3-8108-2ef68b3cbcf3.pdf
2025-05-22 03:36:37,087 - P15228 - INFO - Após processar URL 20 Uso de memória: 126.13 MB
2025-05-22 03:36:37,088 - P15228 - INFO - Processando URL 21/23: https://www.bauru.sp.gov.br/arquivos/sist_diariooficial/2010/12/do_20101223_1899.pdf
2025-05-22 03:36:37,088 - P15228 - INFO - Ignorando URL de arquivo não-HTML: https://www.bauru.sp.gov.br/arquivos/sist_diariooficial/2010/12/do_20101223_1899.pdf
2025-05-22 03:36:37,088 - P15228 - INFO - Após processar URL 21 Uso de memória: 126.13 MB
2025-05-22 03:36:37,088 - P15228 - INFO - Processando URL 22/23: https://www.descubraonline.com/guia/ba/ipiau/queiroz-barbosa-servicos-medicos-24371969000137/
2025-05-22 03:36:42,944 - P15228 - INFO - HTML salvo para debug: data\debug_html_v10\9221865e79872dc0b45669a030843887.html
2025-05-22 03:36:42,995 - P15228 - INFO - Candidates address: 5 items
2025-05-22 03:36:42,995 - P15228 - INFO - Candidates phone: 2 items
2025-05-22 03:36:42,996 - P15228 - INFO - Candidates email: 1 items
2025-05-22 03:36:42,997 - P15228 - INFO - Candidates complement: 0 items
2025-05-22 03:36:42,997 - P15228 - INFO - Candidates cep: 1 items
2025-05-22 03:36:42,998 - P15228 - INFO - Após processar URL 22 Uso de memória: 127.15 MB
2025-05-22 03:36:42,998 - P15228 - INFO - Processando URL 23/23: https://www3.tjma.jus.br/diario/diarios/diario_03052017_110049_75.pdf.pdf
2025-05-22 03:36:42,999 - P15228 - INFO - Ignorando URL de arquivo não-HTML: https://www3.tjma.jus.br/diario/diarios/diario_03052017_110049_75.pdf.pdf
2025-05-22 03:36:42,999 - P15228 - INFO - Após processar URL 23 Uso de memória: 125.50 MB
2025-05-22 03:36:42,999 - P15228 - INFO - Iniciando agregação e ranqueamento
2025-05-22 03:36:43,000 - P15228 - INFO - Ranked address: 25 items
2025-05-22 03:36:43,000 - P15228 - INFO - Ranked phone: 278 items
2025-05-22 03:36:43,000 - P15228 - INFO - Ranked email: 231 items
2025-05-22 03:36:43,001 - P15228 - INFO - Ranked complement: 2 items
2025-05-22 03:36:43,001 - P15228 - INFO - Ranked cep: 244 items
2025-05-22 03:36:43,001 - P15228 - INFO - Após agregação Uso de memória: 125.50 MB
2025-05-22 03:36:43,002 - P15228 - INFO - Validando endereço: ['Av. JK Qd. 27 Lt 14 N257', 'R. EDUARDO RODRIGUES- ENDOCRINOLOGIA E METABOLOGIA. CONSULTÓRIO 1', 'R. ARAMITAS, 5']
2025-05-22 03:36:43,002 - P15228 - INFO - Endereço validado: Av. JK Qd. 27 Lt 14 N257
2025-05-22 03:36:43,003 - P15228 - INFO - Limpando texto extenso para campo address: Av. JK Qd. 27 Lt 14 N257...
2025-05-22 03:36:43,003 - P15228 - INFO - Texto limpo: Av. JK Qd. 27 Lt 14 N257
2025-05-22 03:36:43,004 - P15228 - INFO - Validando telefone: ['(68) 3222-7900', '(92) 99229-9915', '(92)98275-3597']
2025-05-22 03:36:43,005 - P15228 - INFO - Limpando texto extenso para campo phone: (68) 3222-7900...
2025-05-22 03:36:43,005 - P15228 - INFO - Texto limpo: 68) 3222-7900
2025-05-22 03:36:43,005 - P15228 - INFO - Telefone validado: 68) 3222-7900
2025-05-22 03:36:43,005 - P15228 - INFO - Validando email: ['rodrigoqueirozmorais@outlook.com', 'dr.adrianoloopes@hotmail.com', 'aqbarbosa@outlook.com']
2025-05-22 03:36:43,005 - P15228 - INFO - Limpando texto extenso para campo email: rodrigoqueirozmorais@outlook.com...
2025-05-22 03:36:43,006 - P15228 - INFO - Texto limpo: rodrigoqueirozmorais@outlook.com
2025-05-22 03:36:43,006 - P15228 - INFO - Email validado: rodrigoqueirozmorais@outlook.com
2025-05-22 03:36:43,006 - P15228 - INFO - Validando complemento: ['Sala 901 ', 'Conjunto D']
2025-05-22 03:36:43,006 - P15228 - INFO - Limpando texto extenso para campo complement: Sala 901 ...
2025-05-22 03:36:43,006 - P15228 - INFO - Texto limpo: Sala 901
2025-05-22 03:36:43,006 - P15228 - INFO - Complemento validado: Sala 901
2025-05-22 03:36:43,007 - P15228 - INFO - Descobrindo cidade
2025-05-22 03:36:43,007 - P15228 - INFO - Buscando cidade: Av. JK Qd. 27 Lt 14 N257 cidade BA
2025-05-22 03:36:45,599 - P15228 - INFO - Cidade encontrada: São Desidério
2025-05-22 03:36:45,599 - P15228 - INFO - Limpando texto extenso para campo city: São Desidério...
2025-05-22 03:36:45,600 - P15228 - INFO - Texto limpo: São Desidério
2025-05-22 03:36:45,600 - P15228 - INFO - Cidade descoberta: São Desidério
2025-05-22 03:36:45,600 - P15228 - INFO - Buscando CEP com sistema de cascata
2025-05-22 03:36:45,600 - P15228 - INFO - Iniciando busca de CEP em cascata para: Av. JK Qd. 27 Lt 14 N257, São Desidério, BA
2025-05-22 03:36:45,600 - P15228 - INFO - Método 1: ViaCEP API
2025-05-22 03:36:45,600 - P15228 - INFO - Buscando no ViaCEP: https://viacep.com.br/ws/BA/sao%20desiderio/avenida%20jk%20qd%2027%20lt%2014%20n257/json/
2025-05-22 03:36:46,246 - P15228 - WARNING - ViaCEP retornou status 200 ou nenhum resultado
2025-05-22 03:36:46,260 - P15228 - INFO - Método 2: BrasilAPI
2025-05-22 03:36:46,260 - P15228 - INFO - Buscando na BrasilAPI: Av. JK Qd. 27 Lt 14 N257, São Desidério, BA
2025-05-22 03:36:46,824 - P15228 - INFO - Consultando BrasilAPI: https://brasilapi.com.br/api/cep/v2/35135084
2025-05-22 03:36:47,143 - P15228 - WARNING - BrasilAPI retornou status 404
2025-05-22 03:36:47,146 - P15228 - INFO - Método 3: Web Scraping do Google
2025-05-22 03:36:47,149 - P15228 - INFO - Buscando CEP: CEP da Av. JK Qd. 27 Lt 14 N257, São Desidério
2025-05-22 03:36:48,428 - P15228 - INFO - CEP encontrado: 47820-000
2025-05-22 03:36:48,436 - P15228 - INFO - CEP encontrado via Google: 47820-000
2025-05-22 03:36:48,443 - P15228 - INFO - Dados de CEP encontrados: {'cep': '47820-000', 'logradouro': 'Av. JK Qd. 27 Lt 14 N257', 'bairro': '', 'localidade': 'São Desidério', 'uf': 'BA', 'complemento': ''}
2025-05-22 03:36:48,445 - P15228 - INFO - Limpando texto extenso para campo city: São Desidério...
2025-05-22 03:36:48,446 - P15228 - INFO - Texto limpo: São Desidério
2025-05-22 03:36:48,446 - P15228 - INFO - Limpando texto extenso para campo state: BA...
2025-05-22 03:36:48,446 - P15228 - INFO - Texto limpo: BA
2025-05-22 03:36:48,446 - P15228 - INFO - Tempo de execução de processamento completo do médico: 60.32 segundos
2025-05-22 03:36:48,447 - P15228 - INFO - Resultado processado: {'Hash': '087a193586fb6bffdfb264968b0fb61759490d805ac658ccf5cdcc4654b18328', 'CRM': '28390', 'UF': 'BA', 'Firstname': 'ANDRÉ', 'LastName': 'QUEIROZ BARBOSA', 'Medical specialty': '', 'Endereco Completo A1': 'Av. JK Qd. 27 Lt 14 N257', 'Address A1': 'Av. JK Qd. 27 Lt 14 N257', 'Numero A1': '', 'Complement A1': 'Sala 901', 'Bairro A1': '', 'postal code A1': '47820-000', 'City A1': 'São Desidério', 'State A1': 'BA', 'Phone A1': '68) 3222-7900', 'Phone A2': '', 'Cell phone A1': '', 'Cell phone A2': '', 'E-mail A1': 'rodrigoqueirozmorais@outlook.com', 'E-mail A2': '', 'OPT-IN': '', 'STATUS': '', 'LOTE': ''}
2025-05-22 03:36:48,450 - P15228 - INFO - Progresso: 51.2%
2025-05-22 03:36:48,453 - P15228 - INFO - Executando coleta de lixo
2025-05-22 03:36:48,605 - P15228 - INFO - Após coleta de lixo Uso de memória: 113.28 MB
2025-05-22 03:36:48,606 - P15228 - INFO - Tempo de execução de processamento do médico 1: 61.80 segundos
2025-05-22 03:36:48,606 - P15228 - INFO - 
==================================================
Processando médico 2/3
2025-05-22 03:36:48,606 - P15228 - INFO - Nome: ALAN SALES RIBEIRO
2025-05-22 03:36:48,606 - P15228 - INFO - Início do processamento Uso de memória: 113.28 MB
2025-05-22 03:36:48,607 - P15228 - INFO - Iniciando busca para: ALAN SALES RIBEIRO CRM 28798 BA telefone e-mail endereço
2025-05-22 03:36:49,391 - P15228 - INFO - SearX results: 15 URLs
2025-05-22 03:36:49,391 - P15228 - INFO - Após SearX Uso de memória: 113.28 MB
2025-05-22 03:36:52,020 - P15228 - INFO - Google results: 14 URLs
2025-05-22 03:36:52,020 - P15228 - INFO - Após Google Uso de memória: 117.21 MB
2025-05-22 03:36:54,539 - P15228 - INFO - Bing results: 10 URLs
2025-05-22 03:36:54,539 - P15228 - INFO - Após Bing Uso de memória: 118.79 MB
2025-05-22 03:36:54,540 - P15228 - INFO - Total de URLs únicas: 25
2025-05-22 03:36:54,540 - P15228 - INFO - Processando URL 1/25: https://www.trf1.jus.br/sjgo/conteudo/files/CadernoMG2020-12-10XII225.pdf
2025-05-22 03:36:54,540 - P15228 - INFO - Ignorando URL de arquivo não-HTML: https://www.trf1.jus.br/sjgo/conteudo/files/CadernoMG2020-12-10XII225.pdf
2025-05-22 03:36:54,540 - P15228 - INFO - Após processar URL 1 Uso de memória: 118.79 MB
2025-05-22 03:36:54,540 - P15228 - INFO - Processando URL 2/25: https://cliniguia.com/profissionais/alan-sales-ribeiro-700007094637904/
2025-05-22 03:36:58,889 - P15228 - INFO - HTML salvo para debug: data\debug_html_v10\f907323f430c818004ff3ab70b820241.html
2025-05-22 03:36:58,933 - P15228 - INFO - Candidates address: 0 items
2025-05-22 03:36:58,934 - P15228 - INFO - Candidates phone: 0 items
2025-05-22 03:36:58,934 - P15228 - INFO - Candidates email: 0 items
2025-05-22 03:36:58,934 - P15228 - INFO - Candidates complement: 0 items
2025-05-22 03:36:58,935 - P15228 - INFO - Candidates cep: 0 items
2025-05-22 03:36:58,935 - P15228 - INFO - Após processar URL 2 Uso de memória: 121.87 MB
2025-05-22 03:36:58,935 - P15228 - INFO - Processando URL 3/25: https://sistemas.trf1.jus.br/edj/bitstream/handle/123/96565/Caderno_JUD_DF_2016-02-23_VIII_35.pdf?sequence=2&isAllowed=y
2025-05-22 03:36:58,935 - P15228 - INFO - Ignorando URL de arquivo não-HTML: https://sistemas.trf1.jus.br/edj/bitstream/handle/123/96565/Caderno_JUD_DF_2016-02-23_VIII_35.pdf?sequence=2&isAllowed=y
2025-05-22 03:36:58,936 - P15228 - INFO - Após processar URL 3 Uso de memória: 121.87 MB
2025-05-22 03:36:58,936 - P15228 - INFO - Processando URL 4/25: https://ecrie.com.br/sistema/conteudos/arquivo/a_138_0_1_07112023082145.pdf
2025-05-22 03:36:58,936 - P15228 - INFO - Ignorando URL de arquivo não-HTML: https://ecrie.com.br/sistema/conteudos/arquivo/a_138_0_1_07112023082145.pdf
2025-05-22 03:36:58,936 - P15228 - INFO - Após processar URL 4 Uso de memória: 121.87 MB
2025-05-22 03:36:58,936 - P15228 - INFO - Processando URL 5/25: https://portal.cfm.org.br/busca-medicos
2025-05-22 03:37:02,568 - P15228 - INFO - HTML salvo para debug: data\debug_html_v10\e28ae84aaa177d1328f3a0d1fb68449f.html
2025-05-22 03:37:02,612 - P15228 - INFO - Candidates address: 0 items
2025-05-22 03:37:02,612 - P15228 - INFO - Candidates phone: 0 items
2025-05-22 03:37:02,612 - P15228 - INFO - Candidates email: 1 items
2025-05-22 03:37:02,612 - P15228 - INFO - Candidates complement: 1 items
2025-05-22 03:37:02,612 - P15228 - INFO - Candidates cep: 1 items
2025-05-22 03:37:02,612 - P15228 - INFO - Após processar URL 5 Uso de memória: 122.50 MB
2025-05-22 03:37:02,613 - P15228 - INFO - Processando URL 6/25: https://www.ioepa.com.br/pages/2016/2016.12.01.DOE.pdf
2025-05-22 03:37:02,613 - P15228 - INFO - Ignorando URL de arquivo não-HTML: https://www.ioepa.com.br/pages/2016/2016.12.01.DOE.pdf
2025-05-22 03:37:02,613 - P15228 - INFO - Após processar URL 6 Uso de memória: 122.50 MB
2025-05-22 03:37:02,613 - P15228 - INFO - Processando URL 7/25: https://www.cremeb.org.br/index.php/buscar-medicos/
2025-05-22 03:37:06,748 - P15228 - INFO - HTML salvo para debug: data\debug_html_v10\baa85b25dd073ee15bf77dd594b13554.html
2025-05-22 03:37:06,774 - P15228 - INFO - Candidates address: 1 items
2025-05-22 03:37:06,775 - P15228 - INFO - Candidates phone: 1 items
2025-05-22 03:37:06,776 - P15228 - INFO - Candidates email: 1 items
2025-05-22 03:37:06,776 - P15228 - INFO - Candidates complement: 0 items
2025-05-22 03:37:06,777 - P15228 - INFO - Candidates cep: 1 items
2025-05-22 03:37:06,777 - P15228 - INFO - Após processar URL 7 Uso de memória: 122.64 MB
2025-05-22 03:37:06,777 - P15228 - INFO - Processando URL 8/25: https://noticias.sorocaba.sp.gov.br/wp-content/uploads/2022/11/noticias.sorocaba.sp.gov.br-3111-18-de-novembro-de-2022.pdf
2025-05-22 03:37:06,777 - P15228 - INFO - Ignorando URL de arquivo não-HTML: https://noticias.sorocaba.sp.gov.br/wp-content/uploads/2022/11/noticias.sorocaba.sp.gov.br-3111-18-de-novembro-de-2022.pdf
2025-05-22 03:37:06,778 - P15228 - INFO - Após processar URL 8 Uso de memória: 122.64 MB
2025-05-22 03:37:06,778 - P15228 - INFO - Processando URL 9/25: https://cnpj.biz/56071701000176
2025-05-22 03:37:11,401 - P15228 - INFO - HTML salvo para debug: data\debug_html_v10\2a5a1519ec9be331d4867daaf887595e.html
2025-05-22 03:37:11,415 - P15228 - INFO - Candidates address: 0 items
2025-05-22 03:37:11,416 - P15228 - INFO - Candidates phone: 1 items
2025-05-22 03:37:11,416 - P15228 - INFO - Candidates email: 1 items
2025-05-22 03:37:11,416 - P15228 - INFO - Candidates complement: 0 items
2025-05-22 03:37:11,416 - P15228 - INFO - Candidates cep: 2 items
2025-05-22 03:37:11,416 - P15228 - INFO - Após processar URL 9 Uso de memória: 122.69 MB
2025-05-22 03:37:11,417 - P15228 - INFO - Processando URL 10/25: https://www.ioepa.com.br/pages/2016/2016.06.09.DOE.pdf
2025-05-22 03:37:11,417 - P15228 - INFO - Ignorando URL de arquivo não-HTML: https://www.ioepa.com.br/pages/2016/2016.06.09.DOE.pdf
2025-05-22 03:37:11,417 - P15228 - INFO - Após processar URL 10 Uso de memória: 122.69 MB
2025-05-22 03:37:11,417 - P15228 - INFO - Processando URL 11/25: https://www.sociosbrasil.com/nome/alan-sales-ribeiro
2025-05-22 03:37:16,381 - P15228 - INFO - HTML salvo para debug: data\debug_html_v10\7bb11747a084da60e20962de83c8c8af.html
2025-05-22 03:37:16,389 - P15228 - INFO - Candidates address: 1 items
2025-05-22 03:37:16,389 - P15228 - INFO - Candidates phone: 0 items
2025-05-22 03:37:16,389 - P15228 - INFO - Candidates email: 1 items
2025-05-22 03:37:16,389 - P15228 - INFO - Candidates complement: 0 items
2025-05-22 03:37:16,390 - P15228 - INFO - Candidates cep: 2 items
2025-05-22 03:37:16,390 - P15228 - INFO - Após processar URL 11 Uso de memória: 122.96 MB
2025-05-22 03:37:16,390 - P15228 - INFO - Processando URL 12/25: https://advdinamico.com.br/socios/alan-sales-ribeiro-17d712d5
2025-05-22 03:37:19,210 - P15228 - INFO - HTML salvo para debug: data\debug_html_v10\759b6fa482532eafa74fe0a36a97fd5d.html
2025-05-22 03:37:19,223 - P15228 - INFO - Candidates address: 0 items
2025-05-22 03:37:19,224 - P15228 - INFO - Candidates phone: 0 items
2025-05-22 03:37:19,224 - P15228 - INFO - Candidates email: 0 items
2025-05-22 03:37:19,224 - P15228 - INFO - Candidates complement: 0 items
2025-05-22 03:37:19,225 - P15228 - INFO - Candidates cep: 0 items
2025-05-22 03:37:19,225 - P15228 - INFO - Após processar URL 12 Uso de memória: 123.11 MB
2025-05-22 03:37:19,225 - P15228 - INFO - Processando URL 13/25: https://cnpj.biz/22835173000162
2025-05-22 03:37:21,583 - P15228 - INFO - HTML salvo para debug: data\debug_html_v10\9266a3e513816c6c637a71184ba6c45a.html
2025-05-22 03:37:21,585 - P15228 - INFO - Candidates address: 0 items
2025-05-22 03:37:21,586 - P15228 - INFO - Candidates phone: 0 items
2025-05-22 03:37:21,586 - P15228 - INFO - Candidates email: 0 items
2025-05-22 03:37:21,586 - P15228 - INFO - Candidates complement: 0 items
2025-05-22 03:37:21,586 - P15228 - INFO - Candidates cep: 0 items
2025-05-22 03:37:21,587 - P15228 - INFO - Após processar URL 13 Uso de memória: 123.11 MB
2025-05-22 03:37:21,587 - P15228 - INFO - Processando URL 14/25: https://crmvirtual.cfm.org.br/BA/servico/pesquisa-por-medicos
2025-05-22 03:37:24,143 - P15228 - INFO - HTML salvo para debug: data\debug_html_v10\344d5185fc7be121f6bd5df93a5125ac.html
2025-05-22 03:37:24,161 - P15228 - INFO - Candidates address: 0 items
2025-05-22 03:37:24,161 - P15228 - INFO - Candidates phone: 0 items
2025-05-22 03:37:24,161 - P15228 - INFO - Candidates email: 1 items
2025-05-22 03:37:24,162 - P15228 - INFO - Candidates complement: 0 items
2025-05-22 03:37:24,162 - P15228 - INFO - Candidates cep: 0 items
2025-05-22 03:37:24,162 - P15228 - INFO - Após processar URL 14 Uso de memória: 123.12 MB
2025-05-22 03:37:24,162 - P15228 - INFO - Processando URL 15/25: https://guiamedicoconquista.com.br/profissional/436/dr-alan-pascoal-silva-santos
2025-05-22 03:37:27,206 - P15228 - INFO - HTML salvo para debug: data\debug_html_v10\d1bbe28a14985586d0c6ac33757f6e6c.html
2025-05-22 03:37:27,269 - P15228 - INFO - Candidates address: 2 items
2025-05-22 03:37:27,269 - P15228 - INFO - Candidates phone: 39 items
2025-05-22 03:37:27,271 - P15228 - INFO - Candidates email: 1 items
2025-05-22 03:37:27,271 - P15228 - INFO - Candidates complement: 0 items
2025-05-22 03:37:27,271 - P15228 - INFO - Candidates cep: 17 items
2025-05-22 03:37:27,272 - P15228 - INFO - Após processar URL 15 Uso de memória: 123.21 MB
2025-05-22 03:37:27,272 - P15228 - INFO - Processando URL 16/25: https://consultacrm.com.br/
2025-05-22 03:37:31,525 - P15228 - INFO - HTML salvo para debug: data\debug_html_v10\65cadeb91ac3713432c21b535990f440.html
2025-05-22 03:37:31,538 - P15228 - INFO - Candidates address: 0 items
2025-05-22 03:37:31,538 - P15228 - INFO - Candidates phone: 0 items
2025-05-22 03:37:31,538 - P15228 - INFO - Candidates email: 0 items
2025-05-22 03:37:31,538 - P15228 - INFO - Candidates complement: 0 items
2025-05-22 03:37:31,539 - P15228 - INFO - Candidates cep: 0 items
2025-05-22 03:37:31,539 - P15228 - INFO - Após processar URL 16 Uso de memória: 123.92 MB
2025-05-22 03:37:31,539 - P15228 - INFO - Processando URL 17/25: http://www.sorocaba.sp.gov.br/anexos/SECOM%2FJornal-do-Municipio%2F2014/1.640%20-%2018%20de%20junho%20de%202014.pdf
2025-05-22 03:37:31,539 - P15228 - INFO - Ignorando URL de arquivo não-HTML: http://www.sorocaba.sp.gov.br/anexos/SECOM%2FJornal-do-Municipio%2F2014/1.640%20-%2018%20de%20junho%20de%202014.pdf
2025-05-22 03:37:31,540 - P15228 - INFO - Após processar URL 17 Uso de memória: 123.92 MB
2025-05-22 03:37:31,540 - P15228 - INFO - Processando URL 18/25: https://empresasweb.net/emp/med-sales-servicos-medicos-ltda-47143257
2025-05-22 03:37:34,787 - P15228 - INFO - HTML salvo para debug: data\debug_html_v10\9ddd0bad927a1ac81879e92a157aea0e.html
2025-05-22 03:37:34,801 - P15228 - INFO - Candidates address: 0 items
2025-05-22 03:37:34,802 - P15228 - INFO - Candidates phone: 1 items
2025-05-22 03:37:34,802 - P15228 - INFO - Candidates email: 1 items
2025-05-22 03:37:34,802 - P15228 - INFO - Candidates complement: 1 items
2025-05-22 03:37:34,802 - P15228 - INFO - Candidates cep: 1 items
2025-05-22 03:37:34,803 - P15228 - INFO - Após processar URL 18 Uso de memória: 123.93 MB
2025-05-22 03:37:34,803 - P15228 - INFO - Processando URL 19/25: http://www.uberaba.mg.gov.br:8080/portal/acervo/portavoz/arquivos/2020/1776%20-%2029-01-2020.pdf
2025-05-22 03:37:34,803 - P15228 - INFO - Ignorando URL de arquivo não-HTML: http://www.uberaba.mg.gov.br:8080/portal/acervo/portavoz/arquivos/2020/1776%20-%2029-01-2020.pdf
2025-05-22 03:37:34,804 - P15228 - INFO - Após processar URL 19 Uso de memória: 123.93 MB
2025-05-22 03:37:34,805 - P15228 - INFO - Processando URL 20/25: https://cnpj.biz/46100456000124
2025-05-22 03:37:36,975 - P15228 - INFO - HTML salvo para debug: data\debug_html_v10\afa1c466beb50e504b9297b3b4f14714.html
2025-05-22 03:37:36,978 - P15228 - INFO - Candidates address: 0 items
2025-05-22 03:37:36,978 - P15228 - INFO - Candidates phone: 0 items
2025-05-22 03:37:36,978 - P15228 - INFO - Candidates email: 0 items
2025-05-22 03:37:36,978 - P15228 - INFO - Candidates complement: 0 items
2025-05-22 03:37:36,978 - P15228 - INFO - Candidates cep: 0 items
2025-05-22 03:37:36,978 - P15228 - INFO - Após processar URL 20 Uso de memória: 123.94 MB
2025-05-22 03:37:36,978 - P15228 - INFO - Processando URL 21/25: https://sistemas.tjes.jus.br/ediario/index.php?option=com_ediario&view=contents&layout=fulltext&data=20230411&idorgao=140
2025-05-22 03:37:41,099 - P15228 - INFO - HTML salvo para debug: data\debug_html_v10\9bd76f6066424f07e7a186d6b8e59503.html
2025-05-22 03:37:41,823 - P15228 - INFO - Candidates address: 21 items
2025-05-22 03:37:41,824 - P15228 - INFO - Candidates phone: 4 items
2025-05-22 03:37:41,824 - P15228 - INFO - Candidates email: 10 items
2025-05-22 03:37:41,824 - P15228 - INFO - Candidates complement: 5 items
2025-05-22 03:37:41,824 - P15228 - INFO - Candidates cep: 33 items
2025-05-22 03:37:41,825 - P15228 - INFO - Após processar URL 21 Uso de memória: 125.91 MB
2025-05-22 03:37:41,825 - P15228 - INFO - Processando URL 22/25: https://www.ibam.org.br/wp-content/uploads/2022/05/27-indaial-cp221017.pdf
2025-05-22 03:37:41,825 - P15228 - INFO - Ignorando URL de arquivo não-HTML: https://www.ibam.org.br/wp-content/uploads/2022/05/27-indaial-cp221017.pdf
2025-05-22 03:37:41,825 - P15228 - INFO - Após processar URL 22 Uso de memória: 123.54 MB
2025-05-22 03:37:41,826 - P15228 - INFO - Processando URL 23/25: https://acervo.arquivopublico.sc.gov.br/uploads/r/arquivo-publico-do-estado-de-santa-catarina-apesc/e/5/b/e5b326b259f2a93a24565d447556d528ee485ffa79418d33e6cf505393167d20/6861b876-cf7d-4bc1-99f4-50d4ade6d547-16132-DOE_17784_19_12_2005_48F_JUCESC_17784_08F.pdf
2025-05-22 03:37:41,826 - P15228 - INFO - Ignorando URL de arquivo não-HTML: https://acervo.arquivopublico.sc.gov.br/uploads/r/arquivo-publico-do-estado-de-santa-catarina-apesc/e/5/b/e5b326b259f2a93a24565d447556d528ee485ffa79418d33e6cf505393167d20/6861b876-cf7d-4bc1-99f4-50d4ade6d547-16132-DOE_17784_19_12_2005_48F_JUCESC_17784_08F.pdf
2025-05-22 03:37:41,827 - P15228 - INFO - Após processar URL 23 Uso de memória: 123.54 MB
2025-05-22 03:37:41,827 - P15228 - INFO - Processando URL 24/25: https://www.medicosbrasil.com/profissional/alan-sales-ribeiro
2025-05-22 03:37:43,995 - P15228 - INFO - HTML salvo para debug: data\debug_html_v10\a7cff3e382c82c8080d4fd8e8db69a0a.html
2025-05-22 03:37:43,997 - P15228 - INFO - Candidates address: 0 items
2025-05-22 03:37:43,998 - P15228 - INFO - Candidates phone: 0 items
2025-05-22 03:37:43,998 - P15228 - INFO - Candidates email: 0 items
2025-05-22 03:37:43,999 - P15228 - INFO - Candidates complement: 0 items
2025-05-22 03:37:43,999 - P15228 - INFO - Candidates cep: 0 items
2025-05-22 03:37:43,999 - P15228 - INFO - Após processar URL 24 Uso de memória: 123.59 MB
2025-05-22 03:37:43,999 - P15228 - INFO - Processando URL 25/25: https://www2.boaconsulta.com/especialista/alan-sales-ribeiro-61058899ba32c30a820010bd?searchId=clzesq3gw00025k6r134oneyi&agendaId=61058899ba32c30a820010be
2025-05-22 03:37:47,122 - P15228 - INFO - HTML salvo para debug: data\debug_html_v10\b3a96863211da17f5b5a81197c1c238b.html
2025-05-22 03:37:47,178 - P15228 - INFO - Candidates address: 2 items
2025-05-22 03:37:47,178 - P15228 - INFO - Candidates phone: 0 items
2025-05-22 03:37:47,178 - P15228 - INFO - Candidates email: 0 items
2025-05-22 03:37:47,179 - P15228 - INFO - Candidates complement: 0 items
2025-05-22 03:37:47,180 - P15228 - INFO - Candidates cep: 0 items
2025-05-22 03:37:47,180 - P15228 - INFO - Após processar URL 25 Uso de memória: 123.10 MB
2025-05-22 03:37:47,180 - P15228 - INFO - Iniciando agregação e ranqueamento
2025-05-22 03:37:47,180 - P15228 - INFO - Ranked address: 27 items
2025-05-22 03:37:47,180 - P15228 - INFO - Ranked phone: 46 items
2025-05-22 03:37:47,181 - P15228 - INFO - Ranked email: 17 items
2025-05-22 03:37:47,181 - P15228 - INFO - Ranked complement: 7 items
2025-05-22 03:37:47,181 - P15228 - INFO - Ranked cep: 57 items
2025-05-22 03:37:47,181 - P15228 - INFO - Após agregação Uso de memória: 123.10 MB
2025-05-22 03:37:47,181 - P15228 - INFO - Validando endereço: ['Rua Guadalajara, 175', 'Rua Cloves Peregrino De Souza, 179', 'Av. Otavio Santos, 395']
2025-05-22 03:37:47,181 - P15228 - INFO - Endereço validado: Rua Guadalajara, 175
2025-05-22 03:37:47,181 - P15228 - INFO - Limpando texto extenso para campo address: Rua Guadalajara, 175...
2025-05-22 03:37:47,182 - P15228 - INFO - Texto limpo: Rua Guadalajara, 175
2025-05-22 03:37:47,182 - P15228 - INFO - Validando telefone: ['(71) 3339-2800', '(71) 98126-3616', '(77) 2102-8400']
2025-05-22 03:37:47,182 - P15228 - INFO - Limpando texto extenso para campo phone: (71) 3339-2800...
2025-05-22 03:37:47,182 - P15228 - INFO - Texto limpo: 71) 3339-2800
2025-05-22 03:37:47,182 - P15228 - INFO - Telefone validado: 71) 3339-2800
2025-05-22 03:37:47,182 - P15228 - INFO - Validando email: ['cfm@portalmedico.org.br', 'protocolo@cremeb.org.br', 'alansalesadv@hotmail.com']
2025-05-22 03:37:47,183 - P15228 - INFO - Limpando texto extenso para campo email: cfm@portalmedico.org.br...
2025-05-22 03:37:47,183 - P15228 - INFO - Texto limpo: cfm@portalmedico.org.br
2025-05-22 03:37:47,183 - P15228 - INFO - Email validado: cfm@portalmedico.org.br
2025-05-22 03:37:47,183 - P15228 - INFO - Validando complemento: ['Conjunto D', 'Sala 105', 'Conjunto Atos Especiais Atos Corregedoria Geral Da Justiça']
2025-05-22 03:37:47,183 - P15228 - INFO - Limpando texto extenso para campo complement: Conjunto D...
2025-05-22 03:37:47,183 - P15228 - INFO - Texto limpo: Conjunto D
2025-05-22 03:37:47,184 - P15228 - INFO - Complemento validado: Conjunto D
2025-05-22 03:37:47,184 - P15228 - INFO - Descobrindo cidade
2025-05-22 03:37:47,184 - P15228 - INFO - Buscando cidade: Rua Guadalajara cidade BA
2025-05-22 03:37:49,856 - P15228 - INFO - Cidade encontrada: Salvador
2025-05-22 03:37:49,867 - P15228 - INFO - Limpando texto extenso para campo city: Salvador...
2025-05-22 03:37:49,868 - P15228 - INFO - Texto limpo: Salvador
2025-05-22 03:37:49,870 - P15228 - INFO - Cidade descoberta: Salvador
2025-05-22 03:37:49,877 - P15228 - INFO - Buscando CEP com sistema de cascata
2025-05-22 03:37:49,886 - P15228 - INFO - Iniciando busca de CEP em cascata para: Rua Guadalajara, Salvador, BA
2025-05-22 03:37:49,887 - P15228 - INFO - Método 1: ViaCEP API
2025-05-22 03:37:49,909 - P15228 - INFO - Buscando no ViaCEP: https://viacep.com.br/ws/BA/salvador/rua%20guadalajara/json/
2025-05-22 03:37:50,827 - P15228 - INFO - Dados encontrados no ViaCEP: {'cep': '40157-265', 'logradouro': 'Rua Guadalajara', 'complemento': '', 'unidade': '', 'bairro': 'Chame-Chame', 'localidade': 'Salvador', 'uf': 'BA', 'estado': 'Bahia', 'regiao': 'Nordeste', 'ibge': '2927408', 'gia': '', 'ddd': '71', 'siafi': '3849'}
2025-05-22 03:37:50,838 - P15228 - INFO - CEP encontrado via ViaCEP: 40157-265
2025-05-22 03:37:50,838 - P15228 - INFO - Dados de CEP encontrados: {'cep': '40157-265', 'logradouro': 'Rua Guadalajara', 'complemento': '', 'unidade': '', 'bairro': 'Chame-Chame', 'localidade': 'Salvador', 'uf': 'BA', 'estado': 'Bahia', 'regiao': 'Nordeste', 'ibge': '2927408', 'gia': '', 'ddd': '71', 'siafi': '3849'}
2025-05-22 03:37:50,843 - P15228 - INFO - Limpando texto extenso para campo bairro: Chame-Chame...
2025-05-22 03:37:50,844 - P15228 - INFO - Texto limpo: Chame-Chame
2025-05-22 03:37:50,846 - P15228 - INFO - Limpando texto extenso para campo city: Salvador...
2025-05-22 03:37:50,846 - P15228 - INFO - Texto limpo: Salvador
2025-05-22 03:37:50,846 - P15228 - INFO - Limpando texto extenso para campo state: BA...
2025-05-22 03:37:50,847 - P15228 - INFO - Texto limpo: BA
2025-05-22 03:37:50,847 - P15228 - INFO - Tempo de execução de processamento completo do médico: 62.24 segundos
2025-05-22 03:37:50,848 - P15228 - INFO - Resultado processado: {'Hash': '2440d6859d3ba1f39e66971e7d12c71759d552fcb05e339219a74fb0a13dbf8e', 'CRM': '28798', 'UF': 'BA', 'Firstname': 'ALAN', 'LastName': 'SALES RIBEIRO', 'Medical specialty': '', 'Endereco Completo A1': 'Rua Guadalajara, 175', 'Address A1': 'Rua Guadalajara', 'Numero A1': '175', 'Complement A1': 'Conjunto D', 'Bairro A1': 'Chame-Chame', 'postal code A1': '40157-265', 'City A1': 'Salvador', 'State A1': 'BA', 'Phone A1': '71) 3339-2800', 'Phone A2': '', 'Cell phone A1': '', 'Cell phone A2': '', 'E-mail A1': 'cfm@portalmedico.org.br', 'E-mail A2': '', 'OPT-IN': '', 'STATUS': '', 'LOTE': ''}
2025-05-22 03:37:50,851 - P15228 - INFO - Progresso: 51.6%
2025-05-22 03:37:50,852 - P15228 - INFO - Tempo de execução de processamento do médico 2: 62.25 segundos
2025-05-22 03:37:50,852 - P15228 - INFO - 
==================================================
Processando médico 3/3
2025-05-22 03:37:50,853 - P15228 - INFO - Nome: ADRIANO AUGUSTO TEIXEIRA GUIMARÃES
2025-05-22 03:37:50,854 - P15228 - INFO - Início do processamento Uso de memória: 121.66 MB
2025-05-22 03:37:50,855 - P15228 - INFO - Iniciando busca para: ADRIANO AUGUSTO TEIXEIRA GUIMARÃES CRM 30361 BA telefone e-mail endereço
2025-05-22 03:37:51,730 - P15228 - INFO - SearX results: 15 URLs
2025-05-22 03:37:51,731 - P15228 - INFO - Após SearX Uso de memória: 121.67 MB
2025-05-22 03:37:54,293 - P15228 - INFO - Google results: 10 URLs
2025-05-22 03:37:54,293 - P15228 - INFO - Após Google Uso de memória: 122.51 MB
2025-05-22 03:37:57,032 - P15228 - INFO - Bing results: 15 URLs
2025-05-22 03:37:57,032 - P15228 - INFO - Após Bing Uso de memória: 123.16 MB
2025-05-22 03:37:57,033 - P15228 - INFO - Total de URLs únicas: 28
2025-05-22 03:37:57,033 - P15228 - INFO - Processando URL 1/28: https://crmvsp.gov.br/wp-content/uploads/2020/06/info_crmv_49.pdf
2025-05-22 03:37:57,033 - P15228 - INFO - Ignorando URL de arquivo não-HTML: https://crmvsp.gov.br/wp-content/uploads/2020/06/info_crmv_49.pdf
2025-05-22 03:37:57,033 - P15228 - INFO - Após processar URL 1 Uso de memória: 123.16 MB
2025-05-22 03:37:57,033 - P15228 - INFO - Processando URL 2/28: https://portal-api.campinas.sp.gov.br/sites/default/files/publicacoes-dom/dom/516344759805475985163403.pdf
2025-05-22 03:37:57,034 - P15228 - INFO - Ignorando URL de arquivo não-HTML: https://portal-api.campinas.sp.gov.br/sites/default/files/publicacoes-dom/dom/516344759805475985163403.pdf
2025-05-22 03:37:57,034 - P15228 - INFO - Após processar URL 2 Uso de memória: 123.16 MB
2025-05-22 03:37:57,034 - P15228 - INFO - Processando URL 3/28: https://noticias.sorocaba.sp.gov.br/wp-content/uploads/2024/05/noticias.sorocaba.sp.gov.br-3481-27-de-maio-de-2024-1.pdf
2025-05-22 03:37:57,034 - P15228 - INFO - Ignorando URL de arquivo não-HTML: https://noticias.sorocaba.sp.gov.br/wp-content/uploads/2024/05/noticias.sorocaba.sp.gov.br-3481-27-de-maio-de-2024-1.pdf
2025-05-22 03:37:57,034 - P15228 - INFO - Após processar URL 3 Uso de memória: 123.16 MB
2025-05-22 03:37:57,034 - P15228 - INFO - Processando URL 4/28: https://diariooficial.guarulhos.sp.gov.br/uploads/pdf/1813607729.pdf
2025-05-22 03:37:57,034 - P15228 - INFO - Ignorando URL de arquivo não-HTML: https://diariooficial.guarulhos.sp.gov.br/uploads/pdf/1813607729.pdf
2025-05-22 03:37:57,035 - P15228 - INFO - Após processar URL 4 Uso de memória: 123.16 MB
2025-05-22 03:37:57,035 - P15228 - INFO - Processando URL 5/28: https://www.guaruja.sp.gov.br/plataforma/wp-content/uploads/2024/03/28-0vAt4P37y3-2024.pdf
2025-05-22 03:37:57,035 - P15228 - INFO - Ignorando URL de arquivo não-HTML: https://www.guaruja.sp.gov.br/plataforma/wp-content/uploads/2024/03/28-0vAt4P37y3-2024.pdf
2025-05-22 03:37:57,035 - P15228 - INFO - Após processar URL 5 Uso de memória: 123.16 MB
2025-05-22 03:37:57,035 - P15228 - INFO - Processando URL 6/28: https://crmvirtual.cfm.org.br/ES/servico/pesquisar-por-medico
2025-05-22 03:37:59,511 - P15228 - INFO - HTML salvo para debug: data\debug_html_v10\0ff8b0bf2c6dbb46c836bac9c0cf4a16.html
2025-05-22 03:37:59,522 - P15228 - INFO - Candidates address: 0 items
2025-05-22 03:37:59,522 - P15228 - INFO - Candidates phone: 0 items
2025-05-22 03:37:59,523 - P15228 - INFO - Candidates email: 0 items
2025-05-22 03:37:59,524 - P15228 - INFO - Candidates complement: 0 items
2025-05-22 03:37:59,524 - P15228 - INFO - Candidates cep: 0 items
2025-05-22 03:37:59,525 - P15228 - INFO - Após processar URL 6 Uso de memória: 123.16 MB
2025-05-22 03:37:59,526 - P15228 - INFO - Processando URL 7/28: https://www.consultacrm.com.br/index/contato
2025-05-22 03:38:03,241 - P15228 - INFO - HTML salvo para debug: data\debug_html_v10\770622092e11df0ef8d0ed5d383f74a3.html
2025-05-22 03:38:03,252 - P15228 - INFO - Candidates address: 0 items
2025-05-22 03:38:03,253 - P15228 - INFO - Candidates phone: 0 items
2025-05-22 03:38:03,253 - P15228 - INFO - Candidates email: 0 items
2025-05-22 03:38:03,253 - P15228 - INFO - Candidates complement: 0 items
2025-05-22 03:38:03,253 - P15228 - INFO - Candidates cep: 0 items
2025-05-22 03:38:03,253 - P15228 - INFO - Após processar URL 7 Uso de memória: 123.44 MB
2025-05-22 03:38:03,254 - P15228 - INFO - Processando URL 8/28: https://www.portaltransparencia.gov.br/pessoa-fisica/busca/lista
2025-05-22 03:38:06,883 - P15228 - INFO - HTML salvo para debug: data\debug_html_v10\e200cdf64b71d4c9248718dd155b3edb.html
2025-05-22 03:38:06,927 - P15228 - INFO - Candidates address: 0 items
2025-05-22 03:38:06,927 - P15228 - INFO - Candidates phone: 0 items
2025-05-22 03:38:06,927 - P15228 - INFO - Candidates email: 0 items
2025-05-22 03:38:06,928 - P15228 - INFO - Candidates complement: 0 items
2025-05-22 03:38:06,928 - P15228 - INFO - Candidates cep: 0 items
2025-05-22 03:38:06,929 - P15228 - INFO - Após processar URL 8 Uso de memória: 121.96 MB
2025-05-22 03:38:06,930 - P15228 - INFO - Processando URL 9/28: https://portal.cfm.org.br/busca-medicos
2025-05-22 03:38:10,171 - P15228 - INFO - HTML salvo para debug: data\debug_html_v10\e28ae84aaa177d1328f3a0d1fb68449f.html
2025-05-22 03:38:10,209 - P15228 - INFO - Candidates address: 0 items
2025-05-22 03:38:10,209 - P15228 - INFO - Candidates phone: 0 items
2025-05-22 03:38:10,209 - P15228 - INFO - Candidates email: 1 items
2025-05-22 03:38:10,209 - P15228 - INFO - Candidates complement: 1 items
2025-05-22 03:38:10,209 - P15228 - INFO - Candidates cep: 1 items
2025-05-22 03:38:10,210 - P15228 - INFO - Após processar URL 9 Uso de memória: 121.96 MB
2025-05-22 03:38:10,210 - P15228 - INFO - Processando URL 10/28: https://www.pm.pa.gov.br/phocadownload/userupload/userupload/elma.36452/BG%20N%20139%20de%2025%20JUL%202024.pdf
2025-05-22 03:38:10,210 - P15228 - INFO - Ignorando URL de arquivo não-HTML: https://www.pm.pa.gov.br/phocadownload/userupload/userupload/elma.36452/BG%20N%20139%20de%2025%20JUL%202024.pdf
2025-05-22 03:38:10,210 - P15228 - INFO - Após processar URL 10 Uso de memória: 121.96 MB
2025-05-22 03:38:10,210 - P15228 - INFO - Processando URL 11/28: https://dje.tjpa.jus.br/DJEletronico/rest/DJEletronicoService/publicacao/buscarDiarioAssinado/8067-2025
2025-05-22 03:38:12,618 - P15228 - INFO - HTML salvo para debug: data\debug_html_v10\f1d411f52ac5e29aedd66c5b7e613a23.html
2025-05-22 03:38:12,663 - P15228 - INFO - Candidates address: 0 items
2025-05-22 03:38:12,664 - P15228 - INFO - Candidates phone: 0 items
2025-05-22 03:38:12,665 - P15228 - INFO - Candidates email: 1 items
2025-05-22 03:38:12,667 - P15228 - INFO - Candidates complement: 1 items
2025-05-22 03:38:12,668 - P15228 - INFO - Candidates cep: 1 items
2025-05-22 03:38:12,668 - P15228 - INFO - Após processar URL 11 Uso de memória: 122.17 MB
2025-05-22 03:38:12,669 - P15228 - INFO - Processando URL 12/28: https://www.sociosbrasil.com/nome/adriano-augusto-teixeira-guimaraes
2025-05-22 03:38:17,209 - P15228 - INFO - HTML salvo para debug: data\debug_html_v10\a397ef3451c895b4741dec36ce7dcdf3.html
2025-05-22 03:38:17,216 - P15228 - INFO - Candidates address: 1 items
2025-05-22 03:38:17,216 - P15228 - INFO - Candidates phone: 0 items
2025-05-22 03:38:17,217 - P15228 - INFO - Candidates email: 1 items
2025-05-22 03:38:17,217 - P15228 - INFO - Candidates complement: 0 items
2025-05-22 03:38:17,218 - P15228 - INFO - Candidates cep: 2 items
2025-05-22 03:38:17,218 - P15228 - INFO - Após processar URL 12 Uso de memória: 122.18 MB
2025-05-22 03:38:17,218 - P15228 - INFO - Processando URL 13/28: https://www.consultacrm.com.br/index/sis_login
2025-05-22 03:38:20,592 - P15228 - INFO - HTML salvo para debug: data\debug_html_v10\e56926aa25e0582d5c5b8aa167ed4b53.html
2025-05-22 03:38:20,603 - P15228 - INFO - Candidates address: 0 items
2025-05-22 03:38:20,604 - P15228 - INFO - Candidates phone: 0 items
2025-05-22 03:38:20,604 - P15228 - INFO - Candidates email: 0 items
2025-05-22 03:38:20,604 - P15228 - INFO - Candidates complement: 0 items
2025-05-22 03:38:20,605 - P15228 - INFO - Candidates cep: 0 items
2025-05-22 03:38:20,606 - P15228 - INFO - Após processar URL 13 Uso de memória: 122.18 MB
2025-05-22 03:38:20,607 - P15228 - INFO - Processando URL 14/28: https://www.consultacrm.com.br/index/api
2025-05-22 03:38:23,678 - P15228 - INFO - HTML salvo para debug: data\debug_html_v10\a1f22ffdf7e0eb1c02e28e1e38d3db87.html
2025-05-22 03:38:23,690 - P15228 - INFO - Candidates address: 0 items
2025-05-22 03:38:23,690 - P15228 - INFO - Candidates phone: 0 items
2025-05-22 03:38:23,691 - P15228 - INFO - Candidates email: 0 items
2025-05-22 03:38:23,691 - P15228 - INFO - Candidates complement: 0 items
2025-05-22 03:38:23,691 - P15228 - INFO - Candidates cep: 0 items
2025-05-22 03:38:23,691 - P15228 - INFO - Após processar URL 14 Uso de memória: 122.23 MB
2025-05-22 03:38:23,691 - P15228 - INFO - Processando URL 15/28: https://crmsc.org.br/busca-medico/
2025-05-22 03:38:32,295 - P15228 - INFO - HTML salvo para debug: data\debug_html_v10\718935d8acf3120593504f2d6f7f3e0a.html
2025-05-22 03:38:32,339 - P15228 - INFO - Candidates address: 0 items
2025-05-22 03:38:32,340 - P15228 - INFO - Candidates phone: 0 items
2025-05-22 03:38:32,340 - P15228 - INFO - Candidates email: 1 items
2025-05-22 03:38:32,341 - P15228 - INFO - Candidates complement: 1 items
2025-05-22 03:38:32,341 - P15228 - INFO - Candidates cep: 1 items
2025-05-22 03:38:32,341 - P15228 - INFO - Após processar URL 15 Uso de memória: 122.02 MB
2025-05-22 03:38:32,342 - P15228 - INFO - Processando URL 16/28: https://www.consultacrm.com.br/index/profissionais
2025-05-22 03:38:36,252 - P15228 - INFO - HTML salvo para debug: data\debug_html_v10\ca7ac6c4b85cee4a2c1da9949f895117.html
2025-05-22 03:38:36,265 - P15228 - INFO - Candidates address: 0 items
2025-05-22 03:38:36,265 - P15228 - INFO - Candidates phone: 0 items
2025-05-22 03:38:36,266 - P15228 - INFO - Candidates email: 0 items
2025-05-22 03:38:36,266 - P15228 - INFO - Candidates complement: 0 items
2025-05-22 03:38:36,266 - P15228 - INFO - Candidates cep: 0 items
2025-05-22 03:38:36,267 - P15228 - INFO - Após processar URL 16 Uso de memória: 122.41 MB
2025-05-22 03:38:36,268 - P15228 - INFO - Processando URL 17/28: https://sistemas.trf1.jus.br/edj/bitstream/handle/123/78096/Caderno_JUD_PA_2015-12-03_VII_227.pdf?sequence=3&isAllowed=y
2025-05-22 03:38:36,269 - P15228 - INFO - Ignorando URL de arquivo não-HTML: https://sistemas.trf1.jus.br/edj/bitstream/handle/123/78096/Caderno_JUD_PA_2015-12-03_VII_227.pdf?sequence=3&isAllowed=y
2025-05-22 03:38:36,270 - P15228 - INFO - Após processar URL 17 Uso de memória: 122.41 MB
2025-05-22 03:38:36,271 - P15228 - INFO - Processando URL 18/28: https://doutorcrm.com/
2025-05-22 03:38:39,605 - P15228 - INFO - HTML salvo para debug: data\debug_html_v10\f650e4106d6b0c34ccf0db5be7fc5ddd.html
2025-05-22 03:38:39,609 - P15228 - INFO - Candidates address: 0 items
2025-05-22 03:38:39,609 - P15228 - INFO - Candidates phone: 0 items
2025-05-22 03:38:39,609 - P15228 - INFO - Candidates email: 0 items
2025-05-22 03:38:39,610 - P15228 - INFO - Candidates complement: 0 items
2025-05-22 03:38:39,610 - P15228 - INFO - Candidates cep: 0 items
2025-05-22 03:38:39,610 - P15228 - INFO - Após processar URL 18 Uso de memória: 122.41 MB
2025-05-22 03:38:39,610 - P15228 - INFO - Processando URL 19/28: https://consultacrm.com.br/
2025-05-22 03:38:42,544 - P15228 - INFO - HTML salvo para debug: data\debug_html_v10\65cadeb91ac3713432c21b535990f440.html
2025-05-22 03:38:42,557 - P15228 - INFO - Candidates address: 0 items
2025-05-22 03:38:42,560 - P15228 - INFO - Candidates phone: 0 items
2025-05-22 03:38:42,560 - P15228 - INFO - Candidates email: 0 items
2025-05-22 03:38:42,561 - P15228 - INFO - Candidates complement: 0 items
2025-05-22 03:38:42,561 - P15228 - INFO - Candidates cep: 0 items
2025-05-22 03:38:42,561 - P15228 - INFO - Após processar URL 19 Uso de memória: 122.73 MB
2025-05-22 03:38:42,561 - P15228 - INFO - Processando URL 20/28: https://www.escavador.com/sobre/3227946/adriano-augusto-teixeira-guimaraes
2025-05-22 03:38:46,459 - P15228 - INFO - HTML salvo para debug: data\debug_html_v10\319405608c9e7be4e5de8be2c0ed9a7f.html
2025-05-22 03:38:46,476 - P15228 - INFO - Candidates address: 0 items
2025-05-22 03:38:46,476 - P15228 - INFO - Candidates phone: 0 items
2025-05-22 03:38:46,476 - P15228 - INFO - Candidates email: 0 items
2025-05-22 03:38:46,476 - P15228 - INFO - Candidates complement: 0 items
2025-05-22 03:38:46,476 - P15228 - INFO - Candidates cep: 0 items
2025-05-22 03:38:46,477 - P15228 - INFO - Após processar URL 20 Uso de memória: 122.73 MB
2025-05-22 03:38:46,477 - P15228 - INFO - Processando URL 21/28: https://airgo.bio/dradrianoguimaraes
2025-05-22 03:38:50,233 - P15228 - INFO - HTML salvo para debug: data\debug_html_v10\188d9b9f3ad73b5a97fa3eaa19b799c9.html
2025-05-22 03:38:50,292 - P15228 - INFO - Candidates address: 0 items
2025-05-22 03:38:50,292 - P15228 - INFO - Candidates phone: 1 items
2025-05-22 03:38:50,292 - P15228 - INFO - Candidates email: 1 items
2025-05-22 03:38:50,292 - P15228 - INFO - Candidates complement: 0 items
2025-05-22 03:38:50,292 - P15228 - INFO - Candidates cep: 0 items
2025-05-22 03:38:50,293 - P15228 - INFO - Após processar URL 21 Uso de memória: 122.73 MB
2025-05-22 03:38:50,293 - P15228 - INFO - Processando URL 22/28: https://www.consultacrm.com.br/index/maisvistos
2025-05-22 03:38:52,471 - P15228 - INFO - HTML salvo para debug: data\debug_html_v10\9a17d88beef1266c6e4649221409a571.html
2025-05-22 03:38:52,481 - P15228 - INFO - Candidates address: 0 items
2025-05-22 03:38:52,481 - P15228 - INFO - Candidates phone: 0 items
2025-05-22 03:38:52,481 - P15228 - INFO - Candidates email: 0 items
2025-05-22 03:38:52,481 - P15228 - INFO - Candidates complement: 0 items
2025-05-22 03:38:52,481 - P15228 - INFO - Candidates cep: 0 items
2025-05-22 03:38:52,482 - P15228 - INFO - Após processar URL 22 Uso de memória: 122.84 MB
2025-05-22 03:38:52,482 - P15228 - INFO - Processando URL 23/28: https://www.consultacrm.com.br/?uf=SP
2025-05-22 03:38:55,616 - P15228 - INFO - HTML salvo para debug: data\debug_html_v10\60d20285cf74ceed0f862951f9b2b598.html
2025-05-22 03:38:55,626 - P15228 - INFO - Candidates address: 0 items
2025-05-22 03:38:55,626 - P15228 - INFO - Candidates phone: 0 items
2025-05-22 03:38:55,626 - P15228 - INFO - Candidates email: 0 items
2025-05-22 03:38:55,627 - P15228 - INFO - Candidates complement: 0 items
2025-05-22 03:38:55,627 - P15228 - INFO - Candidates cep: 0 items
2025-05-22 03:38:55,627 - P15228 - INFO - Após processar URL 23 Uso de memória: 122.84 MB
2025-05-22 03:38:55,627 - P15228 - INFO - Processando URL 24/28: https://ilhasolteira.sp.gov.br/wp-content/uploads/2025/02/SOEM_1039-12-de-janeiro-de-2024.pdf
2025-05-22 03:38:55,628 - P15228 - INFO - Ignorando URL de arquivo não-HTML: https://ilhasolteira.sp.gov.br/wp-content/uploads/2025/02/SOEM_1039-12-de-janeiro-de-2024.pdf
2025-05-22 03:38:55,628 - P15228 - INFO - Após processar URL 24 Uso de memória: 122.84 MB
2025-05-22 03:38:55,628 - P15228 - INFO - Processando URL 25/28: https://osasco.sp.gov.br/site/wp-content/uploads/2022/02/iomo540.pdf
2025-05-22 03:38:55,628 - P15228 - INFO - Ignorando URL de arquivo não-HTML: https://osasco.sp.gov.br/site/wp-content/uploads/2022/02/iomo540.pdf
2025-05-22 03:38:55,628 - P15228 - INFO - Após processar URL 25 Uso de memória: 122.84 MB
2025-05-22 03:38:55,629 - P15228 - INFO - Processando URL 26/28: https://www.consultacrm.com.br/index/medicos/uid-81ed01e3-f5c5-11ec-9e74-0a4aa568c625/adriano_carvalho_guimar__es
2025-05-22 03:38:59,431 - P15228 - INFO - HTML salvo para debug: data\debug_html_v10\1a7bae27e67f4dbb8735efd8a1cb46bf.html
2025-05-22 03:38:59,445 - P15228 - INFO - Candidates address: 0 items
2025-05-22 03:38:59,445 - P15228 - INFO - Candidates phone: 0 items
2025-05-22 03:38:59,445 - P15228 - INFO - Candidates email: 0 items
2025-05-22 03:38:59,445 - P15228 - INFO - Candidates complement: 0 items
2025-05-22 03:38:59,446 - P15228 - INFO - Candidates cep: 0 items
2025-05-22 03:38:59,446 - P15228 - INFO - Após processar URL 26 Uso de memória: 123.00 MB
2025-05-22 03:38:59,446 - P15228 - INFO - Processando URL 27/28: https://deoab.oab.org.br/assets/diarios/diario-eletronico-oab-06-07-2023.pdf?p=1688648400031
2025-05-22 03:38:59,446 - P15228 - INFO - Ignorando URL de arquivo não-HTML: https://deoab.oab.org.br/assets/diarios/diario-eletronico-oab-06-07-2023.pdf?p=1688648400031
2025-05-22 03:38:59,447 - P15228 - INFO - Após processar URL 27 Uso de memória: 122.16 MB
2025-05-22 03:38:59,451 - P15228 - INFO - Processando URL 28/28: https://www.consultacrm.com.br/index/especialidades
2025-05-22 03:39:02,502 - P15228 - INFO - HTML salvo para debug: data\debug_html_v10\3cb327d5e0f962fa7a1db5a948fb6f40.html
2025-05-22 03:39:02,639 - P15228 - INFO - Candidates address: 0 items
2025-05-22 03:39:02,639 - P15228 - INFO - Candidates phone: 0 items
2025-05-22 03:39:02,639 - P15228 - INFO - Candidates email: 0 items
2025-05-22 03:39:02,640 - P15228 - INFO - Candidates complement: 0 items
2025-05-22 03:39:02,640 - P15228 - INFO - Candidates cep: 0 items
2025-05-22 03:39:02,640 - P15228 - INFO - Após processar URL 28 Uso de memória: 122.18 MB
2025-05-22 03:39:02,640 - P15228 - INFO - Iniciando agregação e ranqueamento
2025-05-22 03:39:02,640 - P15228 - INFO - Ranked address: 1 items
2025-05-22 03:39:02,641 - P15228 - INFO - Ranked phone: 1 items
2025-05-22 03:39:02,641 - P15228 - INFO - Ranked email: 4 items
2025-05-22 03:39:02,641 - P15228 - INFO - Ranked complement: 2 items
2025-05-22 03:39:02,641 - P15228 - INFO - Ranked cep: 4 items
2025-05-22 03:39:02,642 - P15228 - INFO - Após agregação Uso de memória: 122.18 MB
2025-05-22 03:39:02,642 - P15228 - INFO - Validando endereço: ['Avenida Luis Viana Filho, 7532']
2025-05-22 03:39:02,642 - P15228 - INFO - Endereço validado: Avenida Luis Viana Filho, 7532
2025-05-22 03:39:02,642 - P15228 - INFO - Limpando texto extenso para campo address: Avenida Luis Viana Filho, 7532...
2025-05-22 03:39:02,642 - P15228 - INFO - Texto limpo: Avenida Luis Viana Filho, 7532
2025-05-22 03:39:02,642 - P15228 - INFO - Validando telefone: ['+5573998519267']
2025-05-22 03:39:02,643 - P15228 - INFO - Validando email: ['cfm@portalmedico.org.br', 'ADMINISTRATIVO@CONQUISTAADM.COM.BR', 'protocolo@crmsc.org.br']
2025-05-22 03:39:02,643 - P15228 - INFO - Limpando texto extenso para campo email: cfm@portalmedico.org.br...
2025-05-22 03:39:02,643 - P15228 - INFO - Texto limpo: cfm@portalmedico.org.br
2025-05-22 03:39:02,643 - P15228 - INFO - Email validado: cfm@portalmedico.org.br
2025-05-22 03:39:02,643 - P15228 - INFO - Validando complemento: ['Conjunto D', 'Aptidão à RT Vigilância ']
2025-05-22 03:39:02,643 - P15228 - INFO - Limpando texto extenso para campo complement: Conjunto D...
2025-05-22 03:39:02,644 - P15228 - INFO - Texto limpo: Conjunto D
2025-05-22 03:39:02,644 - P15228 - INFO - Complemento validado: Conjunto D
2025-05-22 03:39:02,644 - P15228 - INFO - Descobrindo cidade
2025-05-22 03:39:02,644 - P15228 - INFO - Buscando cidade: Avenida Luis Viana Filho cidade BA
2025-05-22 03:39:04,961 - P15228 - WARNING - Cidade não encontrada
2025-05-22 03:39:04,961 - P15228 - INFO - Cidade descoberta: 
2025-05-22 03:39:04,961 - P15228 - INFO - Tempo de execução de processamento completo do médico: 74.11 segundos
2025-05-22 03:39:04,962 - P15228 - INFO - Resultado processado: {'Hash': '56816fd2c09b5fb84435b15e25b4696b6aecd45fe95de27264705a000d29bfdb', 'CRM': '30361', 'UF': 'BA', 'Firstname': 'ADRIANO', 'LastName': 'AUGUSTO TEIXEIRA GUIMARÃES', 'Medical specialty': '', 'Endereco Completo A1': 'Avenida Luis Viana Filho, 7532', 'Address A1': 'Avenida Luis Viana Filho', 'Numero A1': '7532', 'Complement A1': 'Conjunto D', 'Bairro A1': '', 'postal code A1': '', 'City A1': '', 'State A1': '', 'Phone A1': '', 'Phone A2': '', 'Cell phone A1': '', 'Cell phone A2': '', 'E-mail A1': 'cfm@portalmedico.org.br', 'E-mail A2': '', 'OPT-IN': '', 'STATUS': '', 'LOTE': ''}
2025-05-22 03:39:04,962 - P15228 - INFO - Salvando lote de resultados
2025-05-22 03:39:04,963 - P15228 - INFO - Após salvar resultados Uso de memória: 121.62 MB
2025-05-22 03:39:04,964 - P15228 - INFO - Progresso: 52.0%
2025-05-22 03:39:04,965 - P15228 - INFO - Tempo de execução de processamento do médico 3: 74.11 segundos
2025-05-22 03:39:04,965 - P15228 - INFO - Tempo de execução de processamento do lote completo: 198.16 segundos
