2025-05-22 02:21:57,158 - P14756 - INFO - 
==================================================
Processando médico 1/3
2025-05-22 02:21:57,159 - P14756 - INFO - Nome: GEYSA MARIA RAMOS COIRADAS WOELLNER DE SOUZA
2025-05-22 02:21:57,159 - P14756 - INFO - Reiniciando driver do Chrome
2025-05-22 02:21:58,503 - P14756 - INFO - Após reiniciar driver Uso de memória: 109.32 MB
2025-05-22 02:21:58,503 - P14756 - INFO - Início do processamento Uso de memória: 109.32 MB
2025-05-22 02:21:58,503 - P14756 - INFO - Iniciando busca para: GEYSA MARIA RAMOS COIRADAS WOELLNER DE SOUZA CRM 755303 RJ telefone e-mail endereço
2025-05-22 02:21:59,007 - P14756 - INFO - SearX results: 2 URLs
2025-05-22 02:21:59,007 - P14756 - INFO - Após SearX Uso de memória: 109.32 MB
2025-05-22 02:22:01,985 - P14756 - INFO - Google results: 2 URLs
2025-05-22 02:22:01,985 - P14756 - INFO - Após Google Uso de memória: 109.35 MB
2025-05-22 02:22:04,652 - P14756 - INFO - Bing results: 9 URLs
2025-05-22 02:22:04,653 - P14756 - INFO - Após Bing Uso de memória: 110.86 MB
2025-05-22 02:22:04,653 - P14756 - INFO - Total de URLs únicas: 10
2025-05-22 02:22:04,653 - P14756 - INFO - Processando URL 1/10: https://www.doklist.com.br/dok/30383/
2025-05-22 02:22:09,206 - P14756 - INFO - HTML salvo para debug: data\debug_html_v10\35e23073453007e167c6e5e57d30652c.html
2025-05-22 02:22:09,228 - P14756 - INFO - Candidates address: 0 items
2025-05-22 02:22:09,229 - P14756 - INFO - Candidates phone: 1 items
2025-05-22 02:22:09,229 - P14756 - INFO - Candidates email: 1 items
2025-05-22 02:22:09,229 - P14756 - INFO - Candidates complement: 2 items
2025-05-22 02:22:09,229 - P14756 - INFO - Candidates cep: 1 items
2025-05-22 02:22:09,229 - P14756 - INFO - Após processar URL 1 Uso de memória: 109.17 MB
2025-05-22 02:22:09,230 - P14756 - INFO - Processando URL 2/10: https://www.eceme.eb.mil.br/images/pscaem/ResultadoPSCAEM2023.pdf
2025-05-22 02:22:09,230 - P14756 - INFO - Ignorando URL de arquivo não-HTML: https://www.eceme.eb.mil.br/images/pscaem/ResultadoPSCAEM2023.pdf
2025-05-22 02:22:09,230 - P14756 - INFO - Após processar URL 2 Uso de memória: 109.17 MB
2025-05-22 02:22:09,230 - P14756 - INFO - Processando URL 3/10: https://www.helpsaude.com/Geysa-Maria-Ramos-Coiradas-Woellner-de-Souza.RJ
2025-05-22 02:22:16,387 - P14756 - INFO - HTML salvo para debug: data\debug_html_v10\d65eae43619f5038a600702f386db01f.html
2025-05-22 02:22:16,400 - P14756 - INFO - Candidates address: 0 items
2025-05-22 02:22:16,400 - P14756 - INFO - Candidates phone: 0 items
2025-05-22 02:22:16,400 - P14756 - INFO - Candidates email: 0 items
2025-05-22 02:22:16,401 - P14756 - INFO - Candidates complement: 0 items
2025-05-22 02:22:16,402 - P14756 - INFO - Candidates cep: 0 items
2025-05-22 02:22:16,402 - P14756 - INFO - Após processar URL 3 Uso de memória: 109.22 MB
2025-05-22 02:22:16,403 - P14756 - INFO - Processando URL 4/10: https://www.doctoralia.com.br/medico-clinico-geral/niteroi/freguesia-de-jacarepagua?page=2
2025-05-22 02:22:16,403 - P14756 - INFO - Ignorando URL de arquivo não-HTML: https://www.doctoralia.com.br/medico-clinico-geral/niteroi/freguesia-de-jacarepagua?page=2
2025-05-22 02:22:16,403 - P14756 - INFO - Após processar URL 4 Uso de memória: 109.22 MB
2025-05-22 02:22:16,403 - P14756 - INFO - Processando URL 5/10: https://www.doctoralia.com.br/geysa-maria-ramos-coiradas-woellner-de-souza/medico-clinico-geral/rio-de-janeiro
2025-05-22 02:22:16,404 - P14756 - INFO - Ignorando URL de arquivo não-HTML: https://www.doctoralia.com.br/geysa-maria-ramos-coiradas-woellner-de-souza/medico-clinico-geral/rio-de-janeiro
2025-05-22 02:22:16,404 - P14756 - INFO - Após processar URL 5 Uso de memória: 109.22 MB
2025-05-22 02:22:16,405 - P14756 - INFO - Processando URL 6/10: https://www.jusbrasil.com.br/processos/nome/533236758/geysa-maria-ramos-coiradas-woellner-de-souza
2025-05-22 02:22:20,430 - P14756 - INFO - HTML salvo para debug: data\debug_html_v10\3ae8fcfdc006990bb2d1fd72be770a87.html
2025-05-22 02:22:20,442 - P14756 - INFO - Candidates address: 0 items
2025-05-22 02:22:20,442 - P14756 - INFO - Candidates phone: 0 items
2025-05-22 02:22:20,442 - P14756 - INFO - Candidates email: 0 items
2025-05-22 02:22:20,443 - P14756 - INFO - Candidates complement: 0 items
2025-05-22 02:22:20,443 - P14756 - INFO - Candidates cep: 0 items
2025-05-22 02:22:20,443 - P14756 - INFO - Após processar URL 6 Uso de memória: 109.22 MB
2025-05-22 02:22:20,443 - P14756 - INFO - Processando URL 7/10: https://doutorcrm.com/geysa-maria-ramos-coiradas-woellner-de-souza
2025-05-22 02:22:26,378 - P14756 - INFO - HTML salvo para debug: data\debug_html_v10\9a8e25b665d55e8a10845c8133e562aa.html
2025-05-22 02:22:26,385 - P14756 - INFO - Candidates address: 0 items
2025-05-22 02:22:26,386 - P14756 - INFO - Candidates phone: 0 items
2025-05-22 02:22:26,386 - P14756 - INFO - Candidates email: 0 items
2025-05-22 02:22:26,386 - P14756 - INFO - Candidates complement: 0 items
2025-05-22 02:22:26,386 - P14756 - INFO - Candidates cep: 0 items
2025-05-22 02:22:26,387 - P14756 - INFO - Após processar URL 7 Uso de memória: 109.66 MB
2025-05-22 02:22:26,387 - P14756 - INFO - Processando URL 8/10: https://epage.pub/doc/guia-de-encaminhamento-y7el6em713
2025-05-22 02:22:30,595 - P14756 - INFO - HTML salvo para debug: data\debug_html_v10\12680958d4105549dc8e3996083c063a.html
2025-05-22 02:22:30,606 - P14756 - INFO - Candidates address: 0 items
2025-05-22 02:22:30,606 - P14756 - INFO - Candidates phone: 0 items
2025-05-22 02:22:30,607 - P14756 - INFO - Candidates email: 0 items
2025-05-22 02:22:30,607 - P14756 - INFO - Candidates complement: 0 items
2025-05-22 02:22:30,607 - P14756 - INFO - Candidates cep: 4 items
2025-05-22 02:22:30,607 - P14756 - INFO - Após processar URL 8 Uso de memória: 109.69 MB
2025-05-22 02:22:30,607 - P14756 - INFO - Processando URL 9/10: https://www.planodesaudesp.net/perfil/geysa_maria_ramos_coiradas_woellner_de_souza--948281
2025-05-22 02:22:34,262 - P14756 - INFO - HTML salvo para debug: data\debug_html_v10\04a4ed3e8544ecde193f83ba88516edb.html
2025-05-22 02:22:34,281 - P14756 - INFO - Candidates address: 5 items
2025-05-22 02:22:34,282 - P14756 - INFO - Candidates phone: 0 items
2025-05-22 02:22:34,283 - P14756 - INFO - Candidates email: 0 items
2025-05-22 02:22:34,284 - P14756 - INFO - Candidates complement: 0 items
2025-05-22 02:22:34,285 - P14756 - INFO - Candidates cep: 1 items
2025-05-22 02:22:34,285 - P14756 - INFO - Após processar URL 9 Uso de memória: 109.71 MB
2025-05-22 02:22:34,286 - P14756 - INFO - Processando URL 10/10: https://consultacrm.com.br/
2025-05-22 02:22:37,954 - P14756 - INFO - HTML salvo para debug: data\debug_html_v10\65cadeb91ac3713432c21b535990f440.html
2025-05-22 02:22:37,969 - P14756 - INFO - Candidates address: 0 items
2025-05-22 02:22:37,969 - P14756 - INFO - Candidates phone: 0 items
2025-05-22 02:22:37,970 - P14756 - INFO - Candidates email: 0 items
2025-05-22 02:22:37,970 - P14756 - INFO - Candidates complement: 0 items
2025-05-22 02:22:37,970 - P14756 - INFO - Candidates cep: 0 items
2025-05-22 02:22:37,970 - P14756 - INFO - Após processar URL 10 Uso de memória: 110.44 MB
2025-05-22 02:22:37,970 - P14756 - INFO - Iniciando agregação e ranqueamento
2025-05-22 02:22:37,971 - P14756 - INFO - Ranked address: 5 items
2025-05-22 02:22:37,971 - P14756 - INFO - Ranked phone: 1 items
2025-05-22 02:22:37,971 - P14756 - INFO - Ranked email: 1 items
2025-05-22 02:22:37,971 - P14756 - INFO - Ranked complement: 2 items
2025-05-22 02:22:37,972 - P14756 - INFO - Ranked cep: 6 items
2025-05-22 02:22:37,972 - P14756 - INFO - Após agregação Uso de memória: 110.44 MB
2025-05-22 02:22:37,973 - P14756 - INFO - Validando endereço: ['Avenida Sampaio Correa, 0', 'Avenida 28 de Setembro, 77', 'Avenida Marechal Rondom, 381']
2025-05-22 02:22:37,973 - P14756 - INFO - Endereço validado: Avenida Sampaio Correa, 0
2025-05-22 02:22:37,973 - P14756 - INFO - Limpando texto extenso para campo address: Avenida Sampaio Correa, 0...
2025-05-22 02:22:37,973 - P14756 - INFO - Texto limpo: Avenida Sampaio Correa, 0
2025-05-22 02:22:37,973 - P14756 - INFO - Validando telefone: ['(21) 2436-0092']
2025-05-22 02:22:37,974 - P14756 - INFO - Limpando texto extenso para campo phone: (21) 2436-0092...
2025-05-22 02:22:37,974 - P14756 - INFO - Texto limpo: 21) 2436-0092
2025-05-22 02:22:37,974 - P14756 - INFO - Telefone validado: 21) 2436-0092
2025-05-22 02:22:37,974 - P14756 - INFO - Validando email: ['info@doklist.com.br']
2025-05-22 02:22:37,975 - P14756 - INFO - Limpando texto extenso para campo email: info@doklist.com.br...
2025-05-22 02:22:37,975 - P14756 - INFO - Texto limpo: info@doklist.com.br
2025-05-22 02:22:37,975 - P14756 - INFO - Email validado: info@doklist.com.br
2025-05-22 02:22:37,975 - P14756 - INFO - Validando complemento: ['Bloco 01 Passarela de Jacarepagua ', 'Bloco 01 Passarela de Jacarepagua (sala 320)  Obter dir']
2025-05-22 02:22:37,975 - P14756 - INFO - Limpando texto extenso para campo complement: Bloco 01 Passarela de Jacarepagua ...
2025-05-22 02:22:37,976 - P14756 - INFO - Texto limpo: Bloco 01 Passarela de Jacarepa
2025-05-22 02:22:37,976 - P14756 - INFO - Complemento validado: Bloco 01 Passarela de Jacarepa
2025-05-22 02:22:37,976 - P14756 - INFO - Descobrindo cidade
2025-05-22 02:22:37,976 - P14756 - INFO - Buscando cidade: Avenida Sampaio Correa cidade RJ
2025-05-22 02:22:40,714 - P14756 - WARNING - Cidade não encontrada
2025-05-22 02:22:40,715 - P14756 - INFO - Cidade descoberta: 
2025-05-22 02:22:40,715 - P14756 - INFO - Tempo de execução de processamento completo do médico: 42.21 segundos
2025-05-22 02:22:40,715 - P14756 - INFO - Resultado processado: {'Hash': '7089c0d4aa9bf6f7a4e49ade47dff1a83141d343a0dcb3f92de91a076b4abcc3', 'CRM': '755303', 'UF': 'RJ', 'Firstname': 'GEYSA', 'LastName': 'MARIA RAMOS COIRADAS WOELLNER DE SOUZA', 'Medical specialty': '', 'Endereco Completo A1': 'Avenida Sampaio Correa, 0', 'Address A1': 'Avenida Sampaio Correa', 'Numero A1': '0', 'Complement A1': 'Bloco 01 Passarela de Jacarepa', 'Bairro A1': '', 'postal code A1': '', 'City A1': '', 'State A1': '', 'Phone A1': '21) 2436-0092', 'Phone A2': '', 'Cell phone A1': '', 'Cell phone A2': '', 'E-mail A1': 'info@doklist.com.br', 'E-mail A2': '', 'OPT-IN': '', 'STATUS': '', 'LOTE': ''}
2025-05-22 02:22:40,717 - P14756 - INFO - Progresso: 23.8%
2025-05-22 02:22:40,717 - P14756 - INFO - Executando coleta de lixo
2025-05-22 02:22:40,757 - P14756 - INFO - Após coleta de lixo Uso de memória: 100.32 MB
2025-05-22 02:22:40,757 - P14756 - INFO - Tempo de execução de processamento do médico 1: 43.60 segundos
2025-05-22 02:22:40,757 - P14756 - INFO - 
==================================================
Processando médico 2/3
2025-05-22 02:22:40,758 - P14756 - INFO - Nome: TALITA PESSOA DOS REIS
2025-05-22 02:22:40,758 - P14756 - INFO - Início do processamento Uso de memória: 100.32 MB
2025-05-22 02:22:40,758 - P14756 - INFO - Iniciando busca para: TALITA PESSOA DOS REIS CRM 761478 RJ telefone e-mail endereço
2025-05-22 02:22:41,265 - P14756 - INFO - SearX results: 0 URLs
2025-05-22 02:22:41,266 - P14756 - INFO - Após SearX Uso de memória: 100.32 MB
2025-05-22 02:22:43,901 - P14756 - INFO - Google results: 1 URLs
2025-05-22 02:22:43,901 - P14756 - INFO - Após Google Uso de memória: 104.16 MB
2025-05-22 02:22:46,355 - P14756 - INFO - Bing results: 10 URLs
2025-05-22 02:22:46,355 - P14756 - INFO - Após Bing Uso de memória: 106.41 MB
2025-05-22 02:22:46,356 - P14756 - INFO - Total de URLs únicas: 10
2025-05-22 02:22:46,356 - P14756 - INFO - Processando URL 1/10: https://www.classemedica.com.br/medico/319732-talita-pessoa-dos-reis.htm
2025-05-22 02:22:52,162 - P14756 - INFO - HTML salvo para debug: data\debug_html_v10\cbb36e8b542da3b20c7d023d47987cf2.html
2025-05-22 02:22:52,201 - P14756 - INFO - Candidates address: 0 items
2025-05-22 02:22:52,202 - P14756 - INFO - Candidates phone: 0 items
2025-05-22 02:22:52,202 - P14756 - INFO - Candidates email: 0 items
2025-05-22 02:22:52,202 - P14756 - INFO - Candidates complement: 0 items
2025-05-22 02:22:52,204 - P14756 - INFO - Candidates cep: 0 items
2025-05-22 02:22:52,205 - P14756 - INFO - Após processar URL 1 Uso de memória: 108.16 MB
2025-05-22 02:22:52,206 - P14756 - INFO - Processando URL 2/10: https://cnpj.services/qsa/talita-pessoa-dos-reis
2025-05-22 02:22:55,241 - P14756 - INFO - HTML salvo para debug: data\debug_html_v10\2d17914fb105359ad3c4e980716e26a4.html
2025-05-22 02:22:55,250 - P14756 - INFO - Candidates address: 0 items
2025-05-22 02:22:55,251 - P14756 - INFO - Candidates phone: 0 items
2025-05-22 02:22:55,251 - P14756 - INFO - Candidates email: 0 items
2025-05-22 02:22:55,251 - P14756 - INFO - Candidates complement: 0 items
2025-05-22 02:22:55,251 - P14756 - INFO - Candidates cep: 1 items
2025-05-22 02:22:55,251 - P14756 - INFO - Após processar URL 2 Uso de memória: 109.08 MB
2025-05-22 02:22:55,252 - P14756 - INFO - Processando URL 3/10: https://cliniguia.com/profissionais/talita-pessoa-dos-reis-130020285670008/
2025-05-22 02:22:58,611 - P14756 - INFO - HTML salvo para debug: data\debug_html_v10\b9ce50de2685c9ebb3ad8b859fca0933.html
2025-05-22 02:22:58,660 - P14756 - INFO - Candidates address: 0 items
2025-05-22 02:22:58,661 - P14756 - INFO - Candidates phone: 0 items
2025-05-22 02:22:58,661 - P14756 - INFO - Candidates email: 0 items
2025-05-22 02:22:58,661 - P14756 - INFO - Candidates complement: 0 items
2025-05-22 02:22:58,662 - P14756 - INFO - Candidates cep: 0 items
2025-05-22 02:22:58,663 - P14756 - INFO - Após processar URL 3 Uso de memória: 110.34 MB
2025-05-22 02:22:58,664 - P14756 - INFO - Processando URL 4/10: https://www.cremerj.org.br/
2025-05-22 02:23:02,276 - P14756 - INFO - HTML salvo para debug: data\debug_html_v10\57d5b230cbdcf7d719e9b2b2f238c4f1.html
2025-05-22 02:23:02,328 - P14756 - INFO - Candidates address: 0 items
2025-05-22 02:23:02,328 - P14756 - INFO - Candidates phone: 2 items
2025-05-22 02:23:02,328 - P14756 - INFO - Candidates email: 0 items
2025-05-22 02:23:02,328 - P14756 - INFO - Candidates complement: 0 items
2025-05-22 02:23:02,328 - P14756 - INFO - Candidates cep: 3 items
2025-05-22 02:23:02,329 - P14756 - INFO - Após processar URL 4 Uso de memória: 110.37 MB
2025-05-22 02:23:02,329 - P14756 - INFO - Processando URL 5/10: https://www.consultacrm.com.br/index/medicos/?q=t&inicio=6
2025-05-22 02:23:07,035 - P14756 - INFO - HTML salvo para debug: data\debug_html_v10\c560a23247a71fdb5823342d01290cdd.html
2025-05-22 02:23:07,209 - P14756 - INFO - Candidates address: 0 items
2025-05-22 02:23:07,218 - P14756 - INFO - Candidates phone: 0 items
2025-05-22 02:23:07,219 - P14756 - INFO - Candidates email: 0 items
2025-05-22 02:23:07,220 - P14756 - INFO - Candidates complement: 0 items
2025-05-22 02:23:07,221 - P14756 - INFO - Candidates cep: 0 items
2025-05-22 02:23:07,223 - P14756 - INFO - Após processar URL 5 Uso de memória: 111.66 MB
2025-05-22 02:23:07,223 - P14756 - INFO - Processando URL 6/10: http://www.transparencia.cremerj.org.br:8098/planejamento/registroMedico/pesquisar
2025-05-22 02:23:09,792 - P14756 - INFO - HTML salvo para debug: data\debug_html_v10\19128e1d0b16c1bd37c280ce751655f7.html
2025-05-22 02:23:09,814 - P14756 - INFO - Candidates address: 0 items
2025-05-22 02:23:09,814 - P14756 - INFO - Candidates phone: 1 items
2025-05-22 02:23:09,815 - P14756 - INFO - Candidates email: 0 items
2025-05-22 02:23:09,815 - P14756 - INFO - Candidates complement: 0 items
2025-05-22 02:23:09,815 - P14756 - INFO - Candidates cep: 1 items
2025-05-22 02:23:09,815 - P14756 - INFO - Após processar URL 6 Uso de memória: 110.66 MB
2025-05-22 02:23:09,816 - P14756 - INFO - Processando URL 7/10: https://www.doctoralia.com.br/talita-pessoa-dos-reis/medico-clinico-geral/duque-de-caxias
2025-05-22 02:23:09,816 - P14756 - INFO - Ignorando URL de arquivo não-HTML: https://www.doctoralia.com.br/talita-pessoa-dos-reis/medico-clinico-geral/duque-de-caxias
2025-05-22 02:23:09,816 - P14756 - INFO - Após processar URL 7 Uso de memória: 110.66 MB
2025-05-22 02:23:09,817 - P14756 - INFO - Processando URL 8/10: https://www.medicosbrasil.com/profissional/talita-pessoa-dos-reis
2025-05-22 02:23:13,621 - P14756 - INFO - HTML salvo para debug: data\debug_html_v10\976a88600d626b7e252fd4a0c8a11f40.html
2025-05-22 02:23:13,653 - P14756 - INFO - Candidates address: 1 items
2025-05-22 02:23:13,655 - P14756 - INFO - Candidates phone: 0 items
2025-05-22 02:23:13,655 - P14756 - INFO - Candidates email: 0 items
2025-05-22 02:23:13,656 - P14756 - INFO - Candidates complement: 0 items
2025-05-22 02:23:13,656 - P14756 - INFO - Candidates cep: 0 items
2025-05-22 02:23:13,656 - P14756 - INFO - Após processar URL 8 Uso de memória: 110.70 MB
2025-05-22 02:23:13,656 - P14756 - INFO - Processando URL 9/10: https://www.boaconsulta.com/especialista/talita-pessoa-dos-reis-6105de069b22ae37a20002c7
2025-05-22 02:23:17,099 - P14756 - INFO - HTML salvo para debug: data\debug_html_v10\a39eb2d91c3bbede4a967f15005af86c.html
2025-05-22 02:23:17,160 - P14756 - INFO - Candidates address: 7 items
2025-05-22 02:23:17,160 - P14756 - INFO - Candidates phone: 0 items
2025-05-22 02:23:17,161 - P14756 - INFO - Candidates email: 0 items
2025-05-22 02:23:17,161 - P14756 - INFO - Candidates complement: 1 items
2025-05-22 02:23:17,161 - P14756 - INFO - Candidates cep: 0 items
2025-05-22 02:23:17,161 - P14756 - INFO - Após processar URL 9 Uso de memória: 110.79 MB
2025-05-22 02:23:17,161 - P14756 - INFO - Processando URL 10/10: https://consultacrm.com.br/
2025-05-22 02:23:20,255 - P14756 - INFO - HTML salvo para debug: data\debug_html_v10\65cadeb91ac3713432c21b535990f440.html
2025-05-22 02:23:20,269 - P14756 - INFO - Candidates address: 0 items
2025-05-22 02:23:20,271 - P14756 - INFO - Candidates phone: 0 items
2025-05-22 02:23:20,271 - P14756 - INFO - Candidates email: 0 items
2025-05-22 02:23:20,272 - P14756 - INFO - Candidates complement: 0 items
2025-05-22 02:23:20,272 - P14756 - INFO - Candidates cep: 0 items
2025-05-22 02:23:20,273 - P14756 - INFO - Após processar URL 10 Uso de memória: 110.86 MB
2025-05-22 02:23:20,274 - P14756 - INFO - Iniciando agregação e ranqueamento
2025-05-22 02:23:20,276 - P14756 - INFO - Ranked address: 8 items
2025-05-22 02:23:20,277 - P14756 - INFO - Ranked phone: 2 items
2025-05-22 02:23:20,277 - P14756 - INFO - Ranked email: 0 items
2025-05-22 02:23:20,277 - P14756 - INFO - Ranked complement: 1 items
2025-05-22 02:23:20,278 - P14756 - INFO - Ranked cep: 4 items
2025-05-22 02:23:20,278 - P14756 - INFO - Após agregação Uso de memória: 110.86 MB
2025-05-22 02:23:20,279 - P14756 - INFO - Validando endereço: ['Rua Almirante Cochrane 280', 'Avenida Das Américas, 3500', 'Estrada Dos Bandeirantes, 363']
2025-05-22 02:23:20,279 - P14756 - INFO - Endereço validado: Rua Almirante Cochrane 280
2025-05-22 02:23:20,279 - P14756 - INFO - Limpando texto extenso para campo address: Rua Almirante Cochrane 280...
2025-05-22 02:23:20,280 - P14756 - INFO - Texto limpo: Rua Almirante Cochrane 280
2025-05-22 02:23:20,281 - P14756 - INFO - Validando telefone: ['(21) 3184-7050', '(21) 98491-1522']
2025-05-22 02:23:20,281 - P14756 - INFO - Limpando texto extenso para campo phone: (21) 3184-7050...
2025-05-22 02:23:20,281 - P14756 - INFO - Texto limpo: 21) 3184-7050
2025-05-22 02:23:20,282 - P14756 - INFO - Telefone validado: 21) 3184-7050
2025-05-22 02:23:20,282 - P14756 - INFO - Validando complemento: ['Bloco 7 Sala 223']
2025-05-22 02:23:20,282 - P14756 - INFO - Limpando texto extenso para campo complement: Bloco 7 Sala 223...
2025-05-22 02:23:20,283 - P14756 - INFO - Texto limpo: Bloco 7 Sala 223
2025-05-22 02:23:20,283 - P14756 - INFO - Complemento validado: Bloco 7 Sala 223
2025-05-22 02:23:20,283 - P14756 - INFO - Descobrindo cidade
2025-05-22 02:23:20,284 - P14756 - INFO - Buscando cidade: Rua Almirante Cochrane 280 cidade RJ
2025-05-22 02:23:22,886 - P14756 - WARNING - Cidade não encontrada
2025-05-22 02:23:22,886 - P14756 - INFO - Cidade descoberta: 
2025-05-22 02:23:22,886 - P14756 - INFO - Tempo de execução de processamento completo do médico: 42.13 segundos
2025-05-22 02:23:22,887 - P14756 - INFO - Resultado processado: {'Hash': '3e843491f2a030470a0bd1341a15add16f435702450e85c2dbf29908619533e5', 'CRM': '761478', 'UF': 'RJ', 'Firstname': 'TALITA', 'LastName': 'PESSOA DOS REIS', 'Medical specialty': '', 'Endereco Completo A1': 'Rua Almirante Cochrane 280', 'Address A1': 'Rua Almirante Cochrane 280', 'Numero A1': '', 'Complement A1': 'Bloco 7 Sala 223', 'Bairro A1': '', 'postal code A1': '', 'City A1': '', 'State A1': '', 'Phone A1': '21) 3184-7050', 'Phone A2': '', 'Cell phone A1': '', 'Cell phone A2': '', 'E-mail A1': '', 'E-mail A2': '', 'OPT-IN': '', 'STATUS': '', 'LOTE': ''}
2025-05-22 02:23:22,888 - P14756 - INFO - Progresso: 24.1%
2025-05-22 02:23:22,888 - P14756 - INFO - Tempo de execução de processamento do médico 2: 42.13 segundos
2025-05-22 02:23:22,888 - P14756 - INFO - 
==================================================
Processando médico 3/3
2025-05-22 02:23:22,889 - P14756 - INFO - Nome: CINTIA DA SILVA RODRIGUES
2025-05-22 02:23:22,889 - P14756 - INFO - Início do processamento Uso de memória: 109.05 MB
2025-05-22 02:23:22,889 - P14756 - INFO - Iniciando busca para: CINTIA DA SILVA RODRIGUES CRM 768227 RJ telefone e-mail endereço
2025-05-22 02:23:23,347 - P14756 - INFO - SearX results: 2 URLs
2025-05-22 02:23:23,347 - P14756 - INFO - Após SearX Uso de memória: 109.05 MB
2025-05-22 02:23:25,696 - P14756 - INFO - Google results: 8 URLs
2025-05-22 02:23:25,696 - P14756 - INFO - Após Google Uso de memória: 111.04 MB
2025-05-22 02:23:28,193 - P14756 - INFO - Bing results: 10 URLs
2025-05-22 02:23:28,194 - P14756 - INFO - Após Bing Uso de memória: 111.04 MB
2025-05-22 02:23:28,194 - P14756 - INFO - Total de URLs únicas: 16
2025-05-22 02:23:28,194 - P14756 - INFO - Processando URL 1/16: https://www.boaconsulta.com/especialista/cintia-da-silva-rodrigues-6105c5d69b22ae27c3003205
2025-05-22 02:23:30,389 - P14756 - INFO - HTML salvo para debug: data\debug_html_v10\f7aa4668880d3cedaa10d5e236f373d3.html
2025-05-22 02:23:30,492 - P14756 - INFO - Candidates address: 10 items
2025-05-22 02:23:30,503 - P14756 - INFO - Candidates phone: 0 items
2025-05-22 02:23:30,504 - P14756 - INFO - Candidates email: 0 items
2025-05-22 02:23:30,529 - P14756 - INFO - Candidates complement: 5 items
2025-05-22 02:23:30,529 - P14756 - INFO - Candidates cep: 0 items
2025-05-22 02:23:30,532 - P14756 - INFO - Após processar URL 1 Uso de memória: 111.05 MB
2025-05-22 02:23:30,534 - P14756 - INFO - Processando URL 2/16: https://www.medicosbrasil.com/profissional/cintia-da-silva-rodrigues
2025-05-22 02:23:32,828 - P14756 - INFO - HTML salvo para debug: data\debug_html_v10\fd152cc773b354b58c6acf942ee12c11.html
2025-05-22 02:23:32,830 - P14756 - INFO - Candidates address: 0 items
2025-05-22 02:23:32,830 - P14756 - INFO - Candidates phone: 0 items
2025-05-22 02:23:32,831 - P14756 - INFO - Candidates email: 0 items
2025-05-22 02:23:32,831 - P14756 - INFO - Candidates complement: 0 items
2025-05-22 02:23:32,831 - P14756 - INFO - Candidates cep: 0 items
2025-05-22 02:23:32,831 - P14756 - INFO - Após processar URL 2 Uso de memória: 111.05 MB
2025-05-22 02:23:32,831 - P14756 - INFO - Processando URL 3/16: https://www.consultasocio.com/q/sa/cintia-da-silva-rodrigues
2025-05-22 02:23:39,017 - P14756 - INFO - HTML salvo para debug: data\debug_html_v10\cb0e14efe15c1d1ea2e7184d6c159dbc.html
2025-05-22 02:23:39,026 - P14756 - INFO - Candidates address: 3 items
2025-05-22 02:23:39,026 - P14756 - INFO - Candidates phone: 0 items
2025-05-22 02:23:39,027 - P14756 - INFO - Candidates email: 4 items
2025-05-22 02:23:39,027 - P14756 - INFO - Candidates complement: 1 items
2025-05-22 02:23:39,027 - P14756 - INFO - Candidates cep: 10 items
2025-05-22 02:23:39,027 - P14756 - INFO - Após processar URL 3 Uso de memória: 111.09 MB
2025-05-22 02:23:39,027 - P14756 - INFO - Processando URL 4/16: https://consultacrm.com.br/
2025-05-22 02:23:42,317 - P14756 - INFO - HTML salvo para debug: data\debug_html_v10\65cadeb91ac3713432c21b535990f440.html
2025-05-22 02:23:42,332 - P14756 - INFO - Candidates address: 0 items
2025-05-22 02:23:42,337 - P14756 - INFO - Candidates phone: 0 items
2025-05-22 02:23:42,339 - P14756 - INFO - Candidates email: 0 items
2025-05-22 02:23:42,339 - P14756 - INFO - Candidates complement: 0 items
2025-05-22 02:23:42,340 - P14756 - INFO - Candidates cep: 0 items
2025-05-22 02:23:42,340 - P14756 - INFO - Após processar URL 4 Uso de memória: 111.09 MB
2025-05-22 02:23:42,340 - P14756 - INFO - Processando URL 5/16: https://guiasaudebrasil.com.br/profissional/e5fba8a9009776d7-cintia-da-silva-rodrigues
2025-05-22 02:23:48,163 - P14756 - INFO - HTML salvo para debug: data\debug_html_v10\bce903a79f0777c2a77f6b1591d73dda.html
2025-05-22 02:23:48,173 - P14756 - INFO - Candidates address: 0 items
2025-05-22 02:23:48,174 - P14756 - INFO - Candidates phone: 0 items
2025-05-22 02:23:48,174 - P14756 - INFO - Candidates email: 0 items
2025-05-22 02:23:48,174 - P14756 - INFO - Candidates complement: 0 items
2025-05-22 02:23:48,174 - P14756 - INFO - Candidates cep: 1 items
2025-05-22 02:23:48,174 - P14756 - INFO - Após processar URL 5 Uso de memória: 111.11 MB
2025-05-22 02:23:48,174 - P14756 - INFO - Processando URL 6/16: https://doutorcrm.com/cintia-da-silva-rodrigues
2025-05-22 02:23:52,220 - P14756 - INFO - HTML salvo para debug: data\debug_html_v10\099c339bf0db7666c17aec294a306cce.html
2025-05-22 02:23:52,231 - P14756 - INFO - Candidates address: 0 items
2025-05-22 02:23:52,231 - P14756 - INFO - Candidates phone: 0 items
2025-05-22 02:23:52,231 - P14756 - INFO - Candidates email: 0 items
2025-05-22 02:23:52,231 - P14756 - INFO - Candidates complement: 0 items
2025-05-22 02:23:52,231 - P14756 - INFO - Candidates cep: 1 items
2025-05-22 02:23:52,232 - P14756 - INFO - Após processar URL 6 Uso de memória: 111.14 MB
2025-05-22 02:23:52,232 - P14756 - INFO - Processando URL 7/16: https://www.doctoralia.com.br/cintia-da-silva-rodrigues/medico-clinico-geral/rio-de-janeiro
2025-05-22 02:23:52,232 - P14756 - INFO - Ignorando URL de arquivo não-HTML: https://www.doctoralia.com.br/cintia-da-silva-rodrigues/medico-clinico-geral/rio-de-janeiro
2025-05-22 02:23:52,232 - P14756 - INFO - Após processar URL 7 Uso de memória: 111.14 MB
2025-05-22 02:23:52,232 - P14756 - INFO - Processando URL 8/16: https://www.doctoralia.com.br/cintia-de-matos-rodrigues-da-silva/alergista-alergista-pediatrico/torres
2025-05-22 02:23:52,233 - P14756 - INFO - Ignorando URL de arquivo não-HTML: https://www.doctoralia.com.br/cintia-de-matos-rodrigues-da-silva/alergista-alergista-pediatrico/torres
2025-05-22 02:23:52,233 - P14756 - INFO - Após processar URL 8 Uso de memória: 111.14 MB
2025-05-22 02:23:52,233 - P14756 - INFO - Processando URL 9/16: https://www.classemedica.com.br/medico/344678-cintia-da-silva-rodrigues.htm
2025-05-22 02:23:58,081 - P14756 - INFO - HTML salvo para debug: data\debug_html_v10\3af8250849b5b7090ba567f3e02b1786.html
2025-05-22 02:23:58,124 - P14756 - INFO - Candidates address: 0 items
2025-05-22 02:23:58,124 - P14756 - INFO - Candidates phone: 0 items
2025-05-22 02:23:58,125 - P14756 - INFO - Candidates email: 0 items
2025-05-22 02:23:58,125 - P14756 - INFO - Candidates complement: 0 items
2025-05-22 02:23:58,125 - P14756 - INFO - Candidates cep: 1 items
2025-05-22 02:23:58,125 - P14756 - INFO - Após processar URL 9 Uso de memória: 111.14 MB
2025-05-22 02:23:58,125 - P14756 - INFO - Processando URL 10/16: https://portal-api.campinas.sp.gov.br/sites/default/files/publicacoes-dom/dom/1529781296.pdf
2025-05-22 02:23:58,126 - P14756 - INFO - Ignorando URL de arquivo não-HTML: https://portal-api.campinas.sp.gov.br/sites/default/files/publicacoes-dom/dom/1529781296.pdf
2025-05-22 02:23:58,126 - P14756 - INFO - Após processar URL 10 Uso de memória: 111.14 MB
2025-05-22 02:23:58,128 - P14756 - INFO - Processando URL 11/16: https://www.doctoralia.com.br/cinthia-medice-nishide/geriatra/campinas
2025-05-22 02:23:58,129 - P14756 - INFO - Ignorando URL de arquivo não-HTML: https://www.doctoralia.com.br/cinthia-medice-nishide/geriatra/campinas
2025-05-22 02:23:58,130 - P14756 - INFO - Após processar URL 11 Uso de memória: 111.14 MB
2025-05-22 02:23:58,130 - P14756 - INFO - Processando URL 12/16: https://www.doctoralia.com.br/cynthia-pereira-goncalves/ginecologista/belo-horizonte
2025-05-22 02:23:58,130 - P14756 - INFO - Ignorando URL de arquivo não-HTML: https://www.doctoralia.com.br/cynthia-pereira-goncalves/ginecologista/belo-horizonte
2025-05-22 02:23:58,131 - P14756 - INFO - Após processar URL 12 Uso de memória: 111.14 MB
2025-05-22 02:23:58,131 - P14756 - INFO - Processando URL 13/16: https://www.consultacrm.com.br/index/medicos/uid-823a2824-f5c5-11ec-9e74-0a4aa568c625/cintia_da_silva
2025-05-22 02:24:02,255 - P14756 - INFO - HTML salvo para debug: data\debug_html_v10\a16be715933154a379a15e5e6ca9c734.html
2025-05-22 02:24:02,265 - P14756 - INFO - Candidates address: 0 items
2025-05-22 02:24:02,265 - P14756 - INFO - Candidates phone: 0 items
2025-05-22 02:24:02,266 - P14756 - INFO - Candidates email: 0 items
2025-05-22 02:24:02,266 - P14756 - INFO - Candidates complement: 0 items
2025-05-22 02:24:02,266 - P14756 - INFO - Candidates cep: 0 items
2025-05-22 02:24:02,266 - P14756 - INFO - Após processar URL 13 Uso de memória: 111.14 MB
2025-05-22 02:24:02,267 - P14756 - INFO - Processando URL 14/16: https://www.hospitalmoinhos.org.br/institucional/seuMedico/detalhes/cintia-de-matos-rodrigues-da-silva-40151
2025-05-22 02:24:07,678 - P14756 - INFO - HTML salvo para debug: data\debug_html_v10\6bd8c5d4d6eccb83b9af40ba592ac17e.html
2025-05-22 02:24:07,759 - P14756 - INFO - Candidates address: 7 items
2025-05-22 02:24:07,759 - P14756 - INFO - Candidates phone: 4 items
2025-05-22 02:24:07,760 - P14756 - INFO - Candidates email: 0 items
2025-05-22 02:24:07,760 - P14756 - INFO - Candidates complement: 1 items
2025-05-22 02:24:07,760 - P14756 - INFO - Candidates cep: 3 items
2025-05-22 02:24:07,760 - P14756 - INFO - Após processar URL 14 Uso de memória: 112.92 MB
2025-05-22 02:24:07,760 - P14756 - INFO - Processando URL 15/16: https://cliniguia.com/profissionais/cintia-da-silva-rodrigues-980016280353767/
2025-05-22 02:24:12,610 - P14756 - INFO - HTML salvo para debug: data\debug_html_v10\0e7be5c01893c1c80548fc5657a2ce70.html
2025-05-22 02:24:12,648 - P14756 - INFO - Candidates address: 0 items
2025-05-22 02:24:12,648 - P14756 - INFO - Candidates phone: 0 items
2025-05-22 02:24:12,648 - P14756 - INFO - Candidates email: 0 items
2025-05-22 02:24:12,648 - P14756 - INFO - Candidates complement: 0 items
2025-05-22 02:24:12,648 - P14756 - INFO - Candidates cep: 0 items
2025-05-22 02:24:12,649 - P14756 - INFO - Após processar URL 15 Uso de memória: 112.04 MB
2025-05-22 02:24:12,649 - P14756 - INFO - Processando URL 16/16: https://www.doctoralia.com.br/cynthia-falbo-de-souza-e-silva-rodrigues/ginecologista/louveira
2025-05-22 02:24:12,649 - P14756 - INFO - Ignorando URL de arquivo não-HTML: https://www.doctoralia.com.br/cynthia-falbo-de-souza-e-silva-rodrigues/ginecologista/louveira
2025-05-22 02:24:12,649 - P14756 - INFO - Após processar URL 16 Uso de memória: 111.21 MB
2025-05-22 02:24:12,649 - P14756 - INFO - Iniciando agregação e ranqueamento
2025-05-22 02:24:12,649 - P14756 - INFO - Ranked address: 20 items
2025-05-22 02:24:12,650 - P14756 - INFO - Ranked phone: 4 items
2025-05-22 02:24:12,650 - P14756 - INFO - Ranked email: 4 items
2025-05-22 02:24:12,650 - P14756 - INFO - Ranked complement: 7 items
2025-05-22 02:24:12,650 - P14756 - INFO - Ranked cep: 15 items
2025-05-22 02:24:12,650 - P14756 - INFO - Após agregação Uso de memória: 111.21 MB
2025-05-22 02:24:12,650 - P14756 - INFO - Validando endereço: ['Avenida Das Américas, 3333', 'Estrada Dos Três Rios, 90', 'Rua Gonzaga Bastos, 224']
2025-05-22 02:24:12,651 - P14756 - INFO - Endereço validado: Avenida Das Américas, 3333
2025-05-22 02:24:12,651 - P14756 - INFO - Limpando texto extenso para campo address: Avenida Das Américas, 3333...
2025-05-22 02:24:12,651 - P14756 - INFO - Texto limpo: Avenida Das Américas, 3333
2025-05-22 02:24:12,651 - P14756 - INFO - Validando telefone: ['(51) 3314-3434', '(51) 3314-3300', '(51) 3537-8000']
2025-05-22 02:24:12,651 - P14756 - INFO - Limpando texto extenso para campo phone: (51) 3314-3434...
2025-05-22 02:24:12,651 - P14756 - INFO - Texto limpo: 51) 3314-3434
2025-05-22 02:24:12,652 - P14756 - INFO - Telefone validado: 51) 3314-3434
2025-05-22 02:24:12,652 - P14756 - INFO - Validando email: ['HARMONIZEFISIOTERAPIA@GMAIL.COM', 'ATENDIMENTORIO@PREVISAOCONTABIL.CNT.BR', 'HBCONTABIL@HBCONTABIL.COM']
2025-05-22 02:24:12,652 - P14756 - INFO - Limpando texto extenso para campo email: HARMONIZEFISIOTERAPIA@GMAIL.COM...
2025-05-22 02:24:12,652 - P14756 - INFO - Texto limpo: harmonizefisioterapia@gmail.com
2025-05-22 02:24:12,652 - P14756 - INFO - Email validado: harmonizefisioterapia@gmail.com
2025-05-22 02:24:12,652 - P14756 - INFO - Validando complemento: ['Sala 1114', 'Sala 320', 'Salas 501 / 502 / 503 Copacabana']
2025-05-22 02:24:12,652 - P14756 - INFO - Limpando texto extenso para campo complement: Sala 1114...
2025-05-22 02:24:12,653 - P14756 - INFO - Texto limpo: Sala 1114
2025-05-22 02:24:12,653 - P14756 - INFO - Complemento validado: Sala 1114
2025-05-22 02:24:12,653 - P14756 - INFO - Descobrindo cidade
2025-05-22 02:24:12,653 - P14756 - INFO - Buscando cidade: Avenida Das Américas cidade RJ
2025-05-22 02:24:15,335 - P14756 - WARNING - Cidade não encontrada
2025-05-22 02:24:15,336 - P14756 - INFO - Cidade descoberta: 
2025-05-22 02:24:15,336 - P14756 - INFO - Tempo de execução de processamento completo do médico: 52.45 segundos
2025-05-22 02:24:15,336 - P14756 - INFO - Resultado processado: {'Hash': 'b9a5a3f7bd2d13429b63b6f0a55d437aff867171380f506f9c49ded6e4db6555', 'CRM': '768227', 'UF': 'RJ', 'Firstname': 'CINTIA', 'LastName': 'DA SILVA RODRIGUES', 'Medical specialty': '', 'Endereco Completo A1': 'Avenida Das Américas, 3333', 'Address A1': 'Avenida Das Américas', 'Numero A1': '3333', 'Complement A1': 'Sala 1114', 'Bairro A1': '', 'postal code A1': '', 'City A1': '', 'State A1': '', 'Phone A1': '51) 3314-3434', 'Phone A2': '', 'Cell phone A1': '', 'Cell phone A2': '', 'E-mail A1': 'harmonizefisioterapia@gmail.com', 'E-mail A2': '', 'OPT-IN': '', 'STATUS': '', 'LOTE': ''}
2025-05-22 02:24:15,337 - P14756 - INFO - Salvando lote de resultados
2025-05-22 02:24:15,337 - P14756 - INFO - Após salvar resultados Uso de memória: 109.24 MB
2025-05-22 02:24:15,338 - P14756 - INFO - Progresso: 24.5%
2025-05-22 02:24:15,338 - P14756 - INFO - Tempo de execução de processamento do médico 3: 52.45 segundos
2025-05-22 02:24:15,338 - P14756 - INFO - Tempo de execução de processamento do lote completo: 138.18 segundos
