2025-05-22 01:34:04,925 - P14756 - INFO - 
==================================================
Processando médico 1/3
2025-05-22 01:34:04,925 - P14756 - INFO - Nome: JULIO CESAR BATISTA PIRES ROSARIO
2025-05-22 01:34:04,926 - P14756 - INFO - Reiniciando driver do Chrome
2025-05-22 01:34:06,175 - P14756 - INFO - Após reiniciar driver Uso de memória: 75.02 MB
2025-05-22 01:34:06,176 - P14756 - INFO - Início do processamento Uso de memória: 75.02 MB
2025-05-22 01:34:06,176 - P14756 - INFO - Iniciando busca para: JULIO CESAR BATISTA PIRES ROSARIO CRM 85744 SP telefone e-mail endereço
2025-05-22 01:34:06,569 - P14756 - INFO - SearX results: 10 URLs
2025-05-22 01:34:06,581 - P14756 - INFO - Após SearX Uso de memória: 75.02 MB
2025-05-22 01:34:09,260 - P14756 - INFO - Google results: 10 URLs
2025-05-22 01:34:09,260 - P14756 - INFO - Após Google Uso de memória: 77.12 MB
2025-05-22 01:34:11,913 - P14756 - INFO - Bing results: 9 URLs
2025-05-22 01:34:11,913 - P14756 - INFO - Após Bing Uso de memória: 77.72 MB
2025-05-22 01:34:11,914 - P14756 - INFO - Total de URLs únicas: 20
2025-05-22 01:34:11,915 - P14756 - INFO - Processando URL 1/20: https://diariooficial.guarulhos.sp.gov.br/uploads/pdf/1751988009.pdf
2025-05-22 01:34:11,915 - P14756 - INFO - Ignorando URL de arquivo não-HTML: https://diariooficial.guarulhos.sp.gov.br/uploads/pdf/1751988009.pdf
2025-05-22 01:34:11,916 - P14756 - INFO - Após processar URL 1 Uso de memória: 77.72 MB
2025-05-22 01:34:11,916 - P14756 - INFO - Processando URL 2/20: https://louveira.sp.gov.br/painel/dbanexos/dbarquivo/08-2020/d0b52a2fff2355519c20346ec5c4a3b1.pdf
2025-05-22 01:34:11,916 - P14756 - INFO - Ignorando URL de arquivo não-HTML: https://louveira.sp.gov.br/painel/dbanexos/dbarquivo/08-2020/d0b52a2fff2355519c20346ec5c4a3b1.pdf
2025-05-22 01:34:11,917 - P14756 - INFO - Após processar URL 2 Uso de memória: 77.72 MB
2025-05-22 01:34:11,917 - P14756 - INFO - Processando URL 3/20: https://www.saude.mt.gov.br/storage/files/ZBKm4ugOevcYZs8tbPDlrOuNiH9M1izbJRaCC3wW.pdf
2025-05-22 01:34:11,917 - P14756 - INFO - Ignorando URL de arquivo não-HTML: https://www.saude.mt.gov.br/storage/files/ZBKm4ugOevcYZs8tbPDlrOuNiH9M1izbJRaCC3wW.pdf
2025-05-22 01:34:11,917 - P14756 - INFO - Após processar URL 3 Uso de memória: 77.72 MB
2025-05-22 01:34:11,918 - P14756 - INFO - Processando URL 4/20: http://radiomoc.imprensa.ws/mural/cronistas.asp?cronista=Jos%E9%20Ponciano%20Neto
2025-05-22 01:34:16,578 - P14756 - INFO - HTML salvo para debug: data\debug_html_v10\d405e6b7487849217d6ab6029e10aad6.html
2025-05-22 01:34:20,023 - P14756 - INFO - Candidates address: 42 items
2025-05-22 01:34:20,023 - P14756 - INFO - Candidates phone: 1 items
2025-05-22 01:34:20,023 - P14756 - INFO - Candidates email: 1 items
2025-05-22 01:34:20,023 - P14756 - INFO - Candidates complement: 8 items
2025-05-22 01:34:20,023 - P14756 - INFO - Candidates cep: 2 items
2025-05-22 01:34:20,024 - P14756 - INFO - Após processar URL 4 Uso de memória: 87.75 MB
2025-05-22 01:34:20,024 - P14756 - INFO - Processando URL 5/20: https://iomat.mt.gov.br/portal/edicoes/download/15380
2025-05-22 01:34:22,640 - P14756 - INFO - HTML salvo para debug: data\debug_html_v10\c0efe5eb55d80ab87343afbf76d521a7.html
2025-05-22 01:34:25,084 - P14756 - INFO - Candidates address: 42 items
2025-05-22 01:34:25,084 - P14756 - INFO - Candidates phone: 1 items
2025-05-22 01:34:25,085 - P14756 - INFO - Candidates email: 1 items
2025-05-22 01:34:25,085 - P14756 - INFO - Candidates complement: 8 items
2025-05-22 01:34:25,085 - P14756 - INFO - Candidates cep: 2 items
2025-05-22 01:34:25,085 - P14756 - INFO - Após processar URL 5 Uso de memória: 113.27 MB
2025-05-22 01:34:25,085 - P14756 - INFO - Processando URL 6/20: https://guiamedico.cremesp.org.br/
2025-05-22 01:34:43,339 - P14756 - INFO - HTML salvo para debug: data\debug_html_v10\7c54969580769b63edd9abaa952e1fa2.html
2025-05-22 01:34:43,345 - P14756 - INFO - Candidates address: 1 items
2025-05-22 01:34:43,346 - P14756 - INFO - Candidates phone: 1 items
2025-05-22 01:34:43,346 - P14756 - INFO - Candidates email: 0 items
2025-05-22 01:34:43,348 - P14756 - INFO - Candidates complement: 0 items
2025-05-22 01:34:43,350 - P14756 - INFO - Candidates cep: 1 items
2025-05-22 01:34:43,353 - P14756 - INFO - Após processar URL 6 Uso de memória: 108.68 MB
2025-05-22 01:34:43,354 - P14756 - INFO - Processando URL 7/20: https://iomat.mt.gov.br/portal/edicoes/download/3530
2025-05-22 01:34:45,663 - P14756 - INFO - HTML salvo para debug: data\debug_html_v10\10326d9c10f6bcd57ff4152e800fe7a8.html
2025-05-22 01:34:45,669 - P14756 - INFO - Candidates address: 1 items
2025-05-22 01:34:45,669 - P14756 - INFO - Candidates phone: 1 items
2025-05-22 01:34:45,669 - P14756 - INFO - Candidates email: 0 items
2025-05-22 01:34:45,670 - P14756 - INFO - Candidates complement: 0 items
2025-05-22 01:34:45,670 - P14756 - INFO - Candidates cep: 1 items
2025-05-22 01:34:45,670 - P14756 - INFO - Após processar URL 7 Uso de memória: 108.95 MB
2025-05-22 01:34:45,670 - P14756 - INFO - Processando URL 8/20: https://www.portaltransparencia.gov.br/pessoa-fisica/busca/lista
2025-05-22 01:34:49,270 - P14756 - INFO - HTML salvo para debug: data\debug_html_v10\e200cdf64b71d4c9248718dd155b3edb.html
2025-05-22 01:34:49,308 - P14756 - INFO - Candidates address: 0 items
2025-05-22 01:34:49,308 - P14756 - INFO - Candidates phone: 0 items
2025-05-22 01:34:49,308 - P14756 - INFO - Candidates email: 0 items
2025-05-22 01:34:49,309 - P14756 - INFO - Candidates complement: 0 items
2025-05-22 01:34:49,309 - P14756 - INFO - Candidates cep: 0 items
2025-05-22 01:34:49,309 - P14756 - INFO - Após processar URL 8 Uso de memória: 110.20 MB
2025-05-22 01:34:49,309 - P14756 - INFO - Processando URL 9/20: https://cadastroempresa.com.br/fornecedor/julio-cesar-pires-batista-51861035000156
2025-05-22 01:34:51,887 - P14756 - INFO - HTML salvo para debug: data\debug_html_v10\325df9cb5119c87c1644a4ef53ecd150.html
2025-05-22 01:34:51,906 - P14756 - INFO - Candidates address: 0 items
2025-05-22 01:34:51,907 - P14756 - INFO - Candidates phone: 1 items
2025-05-22 01:34:51,907 - P14756 - INFO - Candidates email: 1 items
2025-05-22 01:34:51,907 - P14756 - INFO - Candidates complement: 0 items
2025-05-22 01:34:51,907 - P14756 - INFO - Candidates cep: 2 items
2025-05-22 01:34:51,907 - P14756 - INFO - Após processar URL 9 Uso de memória: 110.60 MB
2025-05-22 01:34:51,908 - P14756 - INFO - Processando URL 10/20: https://cnpj.biz/04713950000114
2025-05-22 01:34:54,258 - P14756 - INFO - HTML salvo para debug: data\debug_html_v10\8f1b14a3b7ada50dcb7d5b00a962631d.html
2025-05-22 01:34:54,272 - P14756 - INFO - Candidates address: 0 items
2025-05-22 01:34:54,272 - P14756 - INFO - Candidates phone: 1 items
2025-05-22 01:34:54,272 - P14756 - INFO - Candidates email: 1 items
2025-05-22 01:34:54,272 - P14756 - INFO - Candidates complement: 0 items
2025-05-22 01:34:54,272 - P14756 - INFO - Candidates cep: 1 items
2025-05-22 01:34:54,272 - P14756 - INFO - Após processar URL 10 Uso de memória: 110.62 MB
2025-05-22 01:34:54,273 - P14756 - INFO - Processando URL 11/20: https://www.classemedica.com.br/medico/176854-julio-cesar-batista-pires-rosario.htm
2025-05-22 01:34:59,450 - P14756 - INFO - HTML salvo para debug: data\debug_html_v10\30ff5373aa889a0b771fa939f260deab.html
2025-05-22 01:34:59,477 - P14756 - INFO - Candidates address: 0 items
2025-05-22 01:34:59,477 - P14756 - INFO - Candidates phone: 0 items
2025-05-22 01:34:59,478 - P14756 - INFO - Candidates email: 0 items
2025-05-22 01:34:59,478 - P14756 - INFO - Candidates complement: 0 items
2025-05-22 01:34:59,478 - P14756 - INFO - Candidates cep: 0 items
2025-05-22 01:34:59,479 - P14756 - INFO - Após processar URL 11 Uso de memória: 112.49 MB
2025-05-22 01:34:59,479 - P14756 - INFO - Processando URL 12/20: https://cnpj.services/qsa/julio-cesar-batista-pires-do-rosario
2025-05-22 01:35:02,460 - P14756 - INFO - HTML salvo para debug: data\debug_html_v10\106bcd154cc8a1f0bbaa3bce43bfc5a7.html
2025-05-22 01:35:02,470 - P14756 - INFO - Candidates address: 0 items
2025-05-22 01:35:02,470 - P14756 - INFO - Candidates phone: 0 items
2025-05-22 01:35:02,471 - P14756 - INFO - Candidates email: 0 items
2025-05-22 01:35:02,471 - P14756 - INFO - Candidates complement: 0 items
2025-05-22 01:35:02,471 - P14756 - INFO - Candidates cep: 4 items
2025-05-22 01:35:02,472 - P14756 - INFO - Após processar URL 12 Uso de memória: 112.77 MB
2025-05-22 01:35:02,472 - P14756 - INFO - Processando URL 13/20: https://www.helpsaude.com/Julio-Cesar-Batista-Pires-do-Rosario.RJ
2025-05-22 01:35:09,295 - P14756 - INFO - HTML salvo para debug: data\debug_html_v10\f1c3be03f44ebfd010658405c07c25b4.html
2025-05-22 01:35:09,307 - P14756 - INFO - Candidates address: 0 items
2025-05-22 01:35:09,307 - P14756 - INFO - Candidates phone: 0 items
2025-05-22 01:35:09,310 - P14756 - INFO - Candidates email: 0 items
2025-05-22 01:35:09,311 - P14756 - INFO - Candidates complement: 0 items
2025-05-22 01:35:09,311 - P14756 - INFO - Candidates cep: 0 items
2025-05-22 01:35:09,311 - P14756 - INFO - Após processar URL 13 Uso de memória: 110.15 MB
2025-05-22 01:35:09,311 - P14756 - INFO - Processando URL 14/20: https://www.ioepa.com.br/pages/2016/2016.01.14.DOE.pdf
2025-05-22 01:35:09,311 - P14756 - INFO - Ignorando URL de arquivo não-HTML: https://www.ioepa.com.br/pages/2016/2016.01.14.DOE.pdf
2025-05-22 01:35:09,311 - P14756 - INFO - Após processar URL 14 Uso de memória: 110.15 MB
2025-05-22 01:35:09,312 - P14756 - INFO - Processando URL 15/20: https://www.helpsaude.com/julio-cesar-batista-pires-rosario.sp
2025-05-22 01:35:12,778 - P14756 - INFO - HTML salvo para debug: data\debug_html_v10\06cab7a339c1c3ac6f6c90cd85b423c1.html
2025-05-22 01:35:12,790 - P14756 - INFO - Candidates address: 0 items
2025-05-22 01:35:12,791 - P14756 - INFO - Candidates phone: 0 items
2025-05-22 01:35:12,791 - P14756 - INFO - Candidates email: 0 items
2025-05-22 01:35:12,791 - P14756 - INFO - Candidates complement: 0 items
2025-05-22 01:35:12,791 - P14756 - INFO - Candidates cep: 0 items
2025-05-22 01:35:12,792 - P14756 - INFO - Após processar URL 15 Uso de memória: 111.32 MB
2025-05-22 01:35:12,792 - P14756 - INFO - Processando URL 16/20: https://www.ioepa.com.br/pages/2016/2016.05.20.DOE.pdf
2025-05-22 01:35:12,792 - P14756 - INFO - Ignorando URL de arquivo não-HTML: https://www.ioepa.com.br/pages/2016/2016.05.20.DOE.pdf
2025-05-22 01:35:12,792 - P14756 - INFO - Após processar URL 16 Uso de memória: 111.32 MB
2025-05-22 01:35:12,792 - P14756 - INFO - Processando URL 17/20: https://diario.oab.org.br/assets/diarios/diario-eletronico-oab-14-11-2024.pdf
2025-05-22 01:35:12,793 - P14756 - INFO - Ignorando URL de arquivo não-HTML: https://diario.oab.org.br/assets/diarios/diario-eletronico-oab-14-11-2024.pdf
2025-05-22 01:35:12,793 - P14756 - INFO - Após processar URL 17 Uso de memória: 111.32 MB
2025-05-22 01:35:12,793 - P14756 - INFO - Processando URL 18/20: https://portal.cfm.org.br/busca-medicos
2025-05-22 01:35:16,854 - P14756 - INFO - HTML salvo para debug: data\debug_html_v10\e28ae84aaa177d1328f3a0d1fb68449f.html
2025-05-22 01:35:16,898 - P14756 - INFO - Candidates address: 0 items
2025-05-22 01:35:16,898 - P14756 - INFO - Candidates phone: 0 items
2025-05-22 01:35:16,898 - P14756 - INFO - Candidates email: 1 items
2025-05-22 01:35:16,898 - P14756 - INFO - Candidates complement: 1 items
2025-05-22 01:35:16,899 - P14756 - INFO - Candidates cep: 1 items
2025-05-22 01:35:16,899 - P14756 - INFO - Após processar URL 18 Uso de memória: 114.38 MB
2025-05-22 01:35:16,899 - P14756 - INFO - Processando URL 19/20: https://diario.oab.org.br/assets/diarios/diario-eletronico-oab-12-07-2024.pdf
2025-05-22 01:35:16,899 - P14756 - INFO - Ignorando URL de arquivo não-HTML: https://diario.oab.org.br/assets/diarios/diario-eletronico-oab-12-07-2024.pdf
2025-05-22 01:35:16,900 - P14756 - INFO - Após processar URL 19 Uso de memória: 114.38 MB
2025-05-22 01:35:16,900 - P14756 - INFO - Processando URL 20/20: https://consultacrm.com.br/
2025-05-22 01:35:18,971 - P14756 - INFO - HTML salvo para debug: data\debug_html_v10\65cadeb91ac3713432c21b535990f440.html
2025-05-22 01:35:18,982 - P14756 - INFO - Candidates address: 0 items
2025-05-22 01:35:18,983 - P14756 - INFO - Candidates phone: 0 items
2025-05-22 01:35:18,984 - P14756 - INFO - Candidates email: 0 items
2025-05-22 01:35:18,984 - P14756 - INFO - Candidates complement: 0 items
2025-05-22 01:35:18,987 - P14756 - INFO - Candidates cep: 0 items
2025-05-22 01:35:18,987 - P14756 - INFO - Após processar URL 20 Uso de memória: 114.74 MB
2025-05-22 01:35:18,989 - P14756 - INFO - Iniciando agregação e ranqueamento
2025-05-22 01:35:18,989 - P14756 - INFO - Ranked address: 43 items
2025-05-22 01:35:18,990 - P14756 - INFO - Ranked phone: 4 items
2025-05-22 01:35:18,990 - P14756 - INFO - Ranked email: 4 items
2025-05-22 01:35:18,991 - P14756 - INFO - Ranked complement: 9 items
2025-05-22 01:35:18,991 - P14756 - INFO - Ranked cep: 10 items
2025-05-22 01:35:18,991 - P14756 - INFO - Após agregação Uso de memória: 114.74 MB
2025-05-22 01:35:18,991 - P14756 - INFO - Validando endereço: ['Av. Cel. Prates nº 106', 'Rua Januária pela contramão orientado pelo GPS – o motorista desorientado (procurando a BR 135', 'Rua. O verdadeiro futebol de criança! 1']
2025-05-22 01:35:18,992 - P14756 - INFO - Endereço validado: Av. Cel. Prates nº 106
2025-05-22 01:35:18,992 - P14756 - INFO - Limpando texto extenso para campo address: Av. Cel. Prates nº 106...
2025-05-22 01:35:18,992 - P14756 - INFO - Texto limpo: Av. Cel. Prates nº 106
2025-05-22 01:35:18,992 - P14756 - INFO - Validando telefone: ['(38) 3229-9800', '(11) 4349-9900', '(11) 3225-7236']
2025-05-22 01:35:18,992 - P14756 - INFO - Limpando texto extenso para campo phone: (38) 3229-9800...
2025-05-22 01:35:18,992 - P14756 - INFO - Texto limpo: 38) 3229-9800
2025-05-22 01:35:18,993 - P14756 - INFO - Telefone validado: 38) 3229-9800
2025-05-22 01:35:18,993 - P14756 - INFO - Validando email: ['audienciapublica16@arsae.mg.gov.br', 'claudia_4538@hotmail.com', 'cestrela.expediente@terra.com.br']
2025-05-22 01:35:18,993 - P14756 - INFO - Limpando texto extenso para campo email: audienciapublica16@arsae.mg.gov.br...
2025-05-22 01:35:18,993 - P14756 - INFO - Texto limpo: audienciapublica16@arsae.mg.gov.br
2025-05-22 01:35:18,993 - P14756 - INFO - Email validado: audienciapublica16@arsae.mg.gov.br
2025-05-22 01:35:18,994 - P14756 - INFO - Validando complemento: ['Conjunto Floresta', 'Conjunto Minas Gerais', 'Conjunto Havaí']
2025-05-22 01:35:18,994 - P14756 - INFO - Limpando texto extenso para campo complement: Conjunto Floresta...
2025-05-22 01:35:18,995 - P14756 - INFO - Texto limpo: Conjunto Floresta
2025-05-22 01:35:18,995 - P14756 - INFO - Complemento validado: Conjunto Floresta
2025-05-22 01:35:18,995 - P14756 - INFO - Descobrindo cidade
2025-05-22 01:35:18,996 - P14756 - INFO - Buscando cidade: Av. Cel. Prates nº 106 cidade SP
2025-05-22 01:35:21,861 - P14756 - WARNING - Cidade não encontrada
2025-05-22 01:35:21,861 - P14756 - INFO - Cidade descoberta: 
2025-05-22 01:35:21,862 - P14756 - INFO - Tempo de execução de processamento completo do médico: 75.69 segundos
2025-05-22 01:35:21,862 - P14756 - INFO - Resultado processado: {'Hash': '9c27dd975ef6a48d733c1cd9633293f2e0113cda32c5e164a417eeb42803a4d6', 'CRM': '85744', 'UF': 'SP', 'Firstname': 'JULIO', 'LastName': 'CESAR BATISTA PIRES ROSARIO', 'Medical specialty': '', 'Endereco Completo A1': 'Av. Cel. Prates nº 106', 'Address A1': 'Av. Cel. Prates nº 106', 'Numero A1': '', 'Complement A1': 'Conjunto Floresta', 'Bairro A1': '', 'postal code A1': '', 'City A1': '', 'State A1': '', 'Phone A1': '38) 3229-9800', 'Phone A2': '', 'Cell phone A1': '', 'Cell phone A2': '', 'E-mail A1': 'audienciapublica16@arsae.mg.gov.br', 'E-mail A2': '', 'OPT-IN': '', 'STATUS': '', 'LOTE': ''}
2025-05-22 01:35:21,864 - P14756 - INFO - Progresso: 5.8%
2025-05-22 01:35:21,864 - P14756 - INFO - Executando coleta de lixo
2025-05-22 01:35:21,988 - P14756 - INFO - Após coleta de lixo Uso de memória: 78.06 MB
2025-05-22 01:35:21,988 - P14756 - INFO - Tempo de execução de processamento do médico 1: 77.06 segundos
2025-05-22 01:35:21,989 - P14756 - INFO - 
==================================================
Processando médico 2/3
2025-05-22 01:35:21,989 - P14756 - INFO - Nome: PAULO ROBERTO SOUTO DOS SANTOS
2025-05-22 01:35:21,989 - P14756 - INFO - Início do processamento Uso de memória: 78.06 MB
2025-05-22 01:35:21,989 - P14756 - INFO - Iniciando busca para: PAULO ROBERTO SOUTO DOS SANTOS CRM 96582 SP telefone e-mail endereço
2025-05-22 01:35:22,436 - P14756 - INFO - SearX results: 5 URLs
2025-05-22 01:35:22,437 - P14756 - INFO - Após SearX Uso de memória: 78.06 MB
2025-05-22 01:35:25,287 - P14756 - INFO - Google results: 11 URLs
2025-05-22 01:35:25,287 - P14756 - INFO - Após Google Uso de memória: 81.04 MB
2025-05-22 01:35:27,756 - P14756 - INFO - Bing results: 10 URLs
2025-05-22 01:35:27,756 - P14756 - INFO - Após Bing Uso de memória: 83.03 MB
2025-05-22 01:35:27,756 - P14756 - INFO - Total de URLs únicas: 17
2025-05-22 01:35:27,757 - P14756 - INFO - Processando URL 1/17: https://cnpj.biz/30801192000104
2025-05-22 01:35:30,076 - P14756 - INFO - HTML salvo para debug: data\debug_html_v10\1daa5b88a345eb77a43b118e18da796e.html
2025-05-22 01:35:30,079 - P14756 - INFO - Candidates address: 0 items
2025-05-22 01:35:30,079 - P14756 - INFO - Candidates phone: 0 items
2025-05-22 01:35:30,079 - P14756 - INFO - Candidates email: 0 items
2025-05-22 01:35:30,080 - P14756 - INFO - Candidates complement: 0 items
2025-05-22 01:35:30,080 - P14756 - INFO - Candidates cep: 0 items
2025-05-22 01:35:30,080 - P14756 - INFO - Após processar URL 1 Uso de memória: 83.14 MB
2025-05-22 01:35:30,080 - P14756 - INFO - Processando URL 2/17: https://pt.scribd.com/document/626403840/iom-2387-assinado
2025-05-22 01:35:34,887 - P14756 - INFO - HTML salvo para debug: data\debug_html_v10\c057cebdadc64a408495295af606971d.html
2025-05-22 01:35:35,040 - P14756 - INFO - Candidates address: 0 items
2025-05-22 01:35:35,041 - P14756 - INFO - Candidates phone: 3 items
2025-05-22 01:35:35,041 - P14756 - INFO - Candidates email: 0 items
2025-05-22 01:35:35,041 - P14756 - INFO - Candidates complement: 0 items
2025-05-22 01:35:35,041 - P14756 - INFO - Candidates cep: 3 items
2025-05-22 01:35:35,042 - P14756 - INFO - Após processar URL 2 Uso de memória: 87.72 MB
2025-05-22 01:35:35,042 - P14756 - INFO - Processando URL 3/17: https://www.consultacrm.com.br/index/medicos/uid-939dbf59-f5c5-11ec-9e74-0a4aa568c625/paulo_roberto_souto_dos_santos
2025-05-22 01:35:37,313 - P14756 - INFO - HTML salvo para debug: data\debug_html_v10\e4b90d1b7acf45564cb1e4ca54a4933c.html
2025-05-22 01:35:37,324 - P14756 - INFO - Candidates address: 0 items
2025-05-22 01:35:37,325 - P14756 - INFO - Candidates phone: 0 items
2025-05-22 01:35:37,325 - P14756 - INFO - Candidates email: 0 items
2025-05-22 01:35:37,325 - P14756 - INFO - Candidates complement: 0 items
2025-05-22 01:35:37,325 - P14756 - INFO - Candidates cep: 0 items
2025-05-22 01:35:37,325 - P14756 - INFO - Após processar URL 3 Uso de memória: 86.17 MB
2025-05-22 01:35:37,326 - P14756 - INFO - Processando URL 4/17: https://guiamedico.cremesp.org.br/
2025-05-22 01:35:40,083 - P14756 - INFO - HTML salvo para debug: data\debug_html_v10\7c54969580769b63edd9abaa952e1fa2.html
2025-05-22 01:35:40,090 - P14756 - INFO - Candidates address: 1 items
2025-05-22 01:35:40,090 - P14756 - INFO - Candidates phone: 1 items
2025-05-22 01:35:40,090 - P14756 - INFO - Candidates email: 0 items
2025-05-22 01:35:40,091 - P14756 - INFO - Candidates complement: 0 items
2025-05-22 01:35:40,091 - P14756 - INFO - Candidates cep: 1 items
2025-05-22 01:35:40,091 - P14756 - INFO - Após processar URL 4 Uso de memória: 86.44 MB
2025-05-22 01:35:40,091 - P14756 - INFO - Processando URL 5/17: https://iomat.mt.gov.br/portal/edicoes/download/3317
2025-05-22 01:35:42,390 - P14756 - INFO - HTML salvo para debug: data\debug_html_v10\de4ad584649433746f97cbdc7650d804.html
2025-05-22 01:35:42,396 - P14756 - INFO - Candidates address: 1 items
2025-05-22 01:35:42,397 - P14756 - INFO - Candidates phone: 1 items
2025-05-22 01:35:42,397 - P14756 - INFO - Candidates email: 0 items
2025-05-22 01:35:42,397 - P14756 - INFO - Candidates complement: 0 items
2025-05-22 01:35:42,397 - P14756 - INFO - Candidates cep: 1 items
2025-05-22 01:35:42,398 - P14756 - INFO - Após processar URL 5 Uso de memória: 86.61 MB
2025-05-22 01:35:42,398 - P14756 - INFO - Processando URL 6/17: https://www.doctoralia.com.br/paulo-roberto-souto-dos-santos/medico-do-trabalho/marilia
2025-05-22 01:35:42,398 - P14756 - INFO - Ignorando URL de arquivo não-HTML: https://www.doctoralia.com.br/paulo-roberto-souto-dos-santos/medico-do-trabalho/marilia
2025-05-22 01:35:42,398 - P14756 - INFO - Após processar URL 6 Uso de memória: 86.61 MB
2025-05-22 01:35:42,398 - P14756 - INFO - Processando URL 7/17: https://www.boaconsulta.com/especialista/paulo-roberto-souto-dos-santos-6105cd9ba2e00a58a8001350
2025-05-22 01:35:45,846 - P14756 - INFO - HTML salvo para debug: data\debug_html_v10\2cef39dc2c7664b13b605e19fb91b9d2.html
2025-05-22 01:35:45,910 - P14756 - INFO - Candidates address: 1 items
2025-05-22 01:35:45,910 - P14756 - INFO - Candidates phone: 0 items
2025-05-22 01:35:45,910 - P14756 - INFO - Candidates email: 0 items
2025-05-22 01:35:45,910 - P14756 - INFO - Candidates complement: 0 items
2025-05-22 01:35:45,910 - P14756 - INFO - Candidates cep: 0 items
2025-05-22 01:35:45,910 - P14756 - INFO - Após processar URL 7 Uso de memória: 87.81 MB
2025-05-22 01:35:45,911 - P14756 - INFO - Processando URL 8/17: https://www.solutudo.com.br/empresas/sp/assis/clinica-medica-ou-medicina-interna/paulo-roberto-souto-dos-santos-2200472
2025-05-22 01:35:53,002 - P14756 - INFO - HTML salvo para debug: data\debug_html_v10\dbde6ec59b6ca47c33c6e4b248026203.html
2025-05-22 01:35:53,047 - P14756 - INFO - Candidates address: 1 items
2025-05-22 01:35:53,050 - P14756 - INFO - Candidates phone: 1 items
2025-05-22 01:35:53,052 - P14756 - INFO - Candidates email: 2 items
2025-05-22 01:35:53,056 - P14756 - INFO - Candidates complement: 0 items
2025-05-22 01:35:53,056 - P14756 - INFO - Candidates cep: 1 items
2025-05-22 01:35:53,058 - P14756 - INFO - Após processar URL 8 Uso de memória: 87.09 MB
2025-05-22 01:35:53,059 - P14756 - INFO - Processando URL 9/17: https://periodicos.furg.br/rbhcs/article/view/11289
2025-05-22 01:35:59,848 - P14756 - INFO - HTML salvo para debug: data\debug_html_v10\c3d02dd57b41c73c0024ea11c82b15d7.html
2025-05-22 01:35:59,874 - P14756 - INFO - Candidates address: 1 items
2025-05-22 01:35:59,875 - P14756 - INFO - Candidates phone: 0 items
2025-05-22 01:35:59,875 - P14756 - INFO - Candidates email: 0 items
2025-05-22 01:35:59,875 - P14756 - INFO - Candidates complement: 0 items
2025-05-22 01:35:59,875 - P14756 - INFO - Candidates cep: 0 items
2025-05-22 01:35:59,875 - P14756 - INFO - Após processar URL 9 Uso de memória: 87.11 MB
2025-05-22 01:35:59,876 - P14756 - INFO - Processando URL 10/17: https://files.pmp.sp.gov.br/semad/diariooficial/2021/05/20210514.pdf
2025-05-22 01:35:59,876 - P14756 - INFO - Ignorando URL de arquivo não-HTML: https://files.pmp.sp.gov.br/semad/diariooficial/2021/05/20210514.pdf
2025-05-22 01:35:59,876 - P14756 - INFO - Após processar URL 10 Uso de memória: 87.11 MB
2025-05-22 01:35:59,876 - P14756 - INFO - Processando URL 11/17: https://www.doctoralia.com.br/medico-do-trabalho/marilia
2025-05-22 01:35:59,876 - P14756 - INFO - Ignorando URL de arquivo não-HTML: https://www.doctoralia.com.br/medico-do-trabalho/marilia
2025-05-22 01:35:59,876 - P14756 - INFO - Após processar URL 11 Uso de memória: 87.11 MB
2025-05-22 01:35:59,876 - P14756 - INFO - Processando URL 12/17: https://www.ioepa.com.br/pages/2015/2015.03.11.DOE.pdf
2025-05-22 01:35:59,877 - P14756 - INFO - Ignorando URL de arquivo não-HTML: https://www.ioepa.com.br/pages/2015/2015.03.11.DOE.pdf
2025-05-22 01:35:59,877 - P14756 - INFO - Após processar URL 12 Uso de memória: 87.11 MB
2025-05-22 01:35:59,877 - P14756 - INFO - Processando URL 13/17: https://jom.mossoro.rn.gov.br/wp-content/uploads/2019/09/jom271.pdf
2025-05-22 01:35:59,877 - P14756 - INFO - Ignorando URL de arquivo não-HTML: https://jom.mossoro.rn.gov.br/wp-content/uploads/2019/09/jom271.pdf
2025-05-22 01:35:59,878 - P14756 - INFO - Após processar URL 13 Uso de memória: 87.11 MB
2025-05-22 01:35:59,878 - P14756 - INFO - Processando URL 14/17: https://www.boaconsulta.com/especialista/paulo-roberto-dos-santos-6106f411a2e00a713f00aeac
2025-05-22 01:36:02,831 - P14756 - INFO - HTML salvo para debug: data\debug_html_v10\1bcbc67af9d6f9bc94be04b84b207554.html
2025-05-22 01:36:02,902 - P14756 - INFO - Candidates address: 11 items
2025-05-22 01:36:02,903 - P14756 - INFO - Candidates phone: 0 items
2025-05-22 01:36:02,903 - P14756 - INFO - Candidates email: 0 items
2025-05-22 01:36:02,903 - P14756 - INFO - Candidates complement: 1 items
2025-05-22 01:36:02,904 - P14756 - INFO - Candidates cep: 0 items
2025-05-22 01:36:02,905 - P14756 - INFO - Após processar URL 14 Uso de memória: 87.88 MB
2025-05-22 01:36:02,905 - P14756 - INFO - Processando URL 15/17: https://www.medicosbrasil.com/profissional/paulo-roberto-souto-dos-santos
2025-05-22 01:36:05,521 - P14756 - INFO - HTML salvo para debug: data\debug_html_v10\973168bc11d2029f513a1a1070cceb7c.html
2025-05-22 01:36:05,550 - P14756 - INFO - Candidates address: 0 items
2025-05-22 01:36:05,550 - P14756 - INFO - Candidates phone: 0 items
2025-05-22 01:36:05,550 - P14756 - INFO - Candidates email: 0 items
2025-05-22 01:36:05,550 - P14756 - INFO - Candidates complement: 0 items
2025-05-22 01:36:05,551 - P14756 - INFO - Candidates cep: 0 items
2025-05-22 01:36:05,551 - P14756 - INFO - Após processar URL 15 Uso de memória: 87.98 MB
2025-05-22 01:36:05,551 - P14756 - INFO - Processando URL 16/17: https://consultacrm.com.br/
2025-05-22 01:36:09,158 - P14756 - INFO - HTML salvo para debug: data\debug_html_v10\65cadeb91ac3713432c21b535990f440.html
2025-05-22 01:36:09,171 - P14756 - INFO - Candidates address: 0 items
2025-05-22 01:36:09,171 - P14756 - INFO - Candidates phone: 0 items
2025-05-22 01:36:09,171 - P14756 - INFO - Candidates email: 0 items
2025-05-22 01:36:09,171 - P14756 - INFO - Candidates complement: 0 items
2025-05-22 01:36:09,172 - P14756 - INFO - Candidates cep: 0 items
2025-05-22 01:36:09,172 - P14756 - INFO - Após processar URL 16 Uso de memória: 88.03 MB
2025-05-22 01:36:09,172 - P14756 - INFO - Processando URL 17/17: https://www.classemedica.com.br/medico/270611-paulo-roberto-souto-dos-santos.htm
2025-05-22 01:36:15,359 - P14756 - INFO - HTML salvo para debug: data\debug_html_v10\641b11d0e42c57fab9a5a58603f27ba6.html
2025-05-22 01:36:15,395 - P14756 - INFO - Candidates address: 0 items
2025-05-22 01:36:15,395 - P14756 - INFO - Candidates phone: 0 items
2025-05-22 01:36:15,395 - P14756 - INFO - Candidates email: 0 items
2025-05-22 01:36:15,395 - P14756 - INFO - Candidates complement: 0 items
2025-05-22 01:36:15,396 - P14756 - INFO - Candidates cep: 0 items
2025-05-22 01:36:15,396 - P14756 - INFO - Após processar URL 17 Uso de memória: 83.85 MB
2025-05-22 01:36:15,396 - P14756 - INFO - Iniciando agregação e ranqueamento
2025-05-22 01:36:15,396 - P14756 - INFO - Ranked address: 15 items
2025-05-22 01:36:15,397 - P14756 - INFO - Ranked phone: 5 items
2025-05-22 01:36:15,397 - P14756 - INFO - Ranked email: 2 items
2025-05-22 01:36:15,397 - P14756 - INFO - Ranked complement: 1 items
2025-05-22 01:36:15,397 - P14756 - INFO - Ranked cep: 5 items
2025-05-22 01:36:15,397 - P14756 - INFO - Após agregação Uso de memória: 83.85 MB
2025-05-22 01:36:15,397 - P14756 - INFO - Validando endereço: ['Rua Frei Caneca, 1282', 'Avenida Nacoes Unidas, 700', 'Rua Jose Vieira Da Cunha E Silva, 404']
2025-05-22 01:36:15,398 - P14756 - INFO - Endereço validado: Rua Frei Caneca, 1282
2025-05-22 01:36:15,398 - P14756 - INFO - Limpando texto extenso para campo address: Rua Frei Caneca, 1282...
2025-05-22 01:36:15,399 - P14756 - INFO - Texto limpo: Rua Frei Caneca, 1282
2025-05-22 01:36:15,399 - P14756 - INFO - Validando telefone: ['(11) 4349-9900', '(19) 3834-9208', '(19) 3834-9034']
2025-05-22 01:36:15,399 - P14756 - INFO - Limpando texto extenso para campo phone: (11) 4349-9900...
2025-05-22 01:36:15,400 - P14756 - INFO - Texto limpo: 11) 4349-9900
2025-05-22 01:36:15,400 - P14756 - INFO - Telefone validado: 11) 4349-9900
2025-05-22 01:36:15,400 - P14756 - INFO - Validando email: ['gibincalculos@gmail.com', 's@gmail.com']
2025-05-22 01:36:15,400 - P14756 - INFO - Limpando texto extenso para campo email: gibincalculos@gmail.com...
2025-05-22 01:36:15,401 - P14756 - INFO - Texto limpo: gibincalculos@gmail.com
2025-05-22 01:36:15,401 - P14756 - INFO - Email validado: gibincalculos@gmail.com
2025-05-22 01:36:15,401 - P14756 - INFO - Validando complemento: ['Conjunto 204']
2025-05-22 01:36:15,402 - P14756 - INFO - Limpando texto extenso para campo complement: Conjunto 204...
2025-05-22 01:36:15,403 - P14756 - INFO - Texto limpo: Conjunto 204
2025-05-22 01:36:15,403 - P14756 - INFO - Complemento validado: Conjunto 204
2025-05-22 01:36:15,404 - P14756 - INFO - Descobrindo cidade
2025-05-22 01:36:15,404 - P14756 - INFO - Buscando cidade: Rua Frei Caneca cidade SP
2025-05-22 01:36:18,013 - P14756 - WARNING - Cidade não encontrada
2025-05-22 01:36:18,014 - P14756 - INFO - Cidade descoberta: 
2025-05-22 01:36:18,014 - P14756 - INFO - Tempo de execução de processamento completo do médico: 56.02 segundos
2025-05-22 01:36:18,014 - P14756 - INFO - Resultado processado: {'Hash': '43f3329bdf2784a8ceaf254f411bf6da5e502d8e83553e97994110c373bc85fb', 'CRM': '96582', 'UF': 'SP', 'Firstname': 'PAULO', 'LastName': 'ROBERTO SOUTO DOS SANTOS', 'Medical specialty': '', 'Endereco Completo A1': 'Rua Frei Caneca, 1282', 'Address A1': 'Rua Frei Caneca', 'Numero A1': '1282', 'Complement A1': 'Conjunto 204', 'Bairro A1': '', 'postal code A1': '', 'City A1': '', 'State A1': '', 'Phone A1': '11) 4349-9900', 'Phone A2': '', 'Cell phone A1': '', 'Cell phone A2': '', 'E-mail A1': 'gibincalculos@gmail.com', 'E-mail A2': '', 'OPT-IN': '', 'STATUS': '', 'LOTE': ''}
2025-05-22 01:36:18,015 - P14756 - INFO - Progresso: 6.1%
2025-05-22 01:36:18,015 - P14756 - INFO - Tempo de execução de processamento do médico 2: 56.03 segundos
2025-05-22 01:36:18,015 - P14756 - INFO - 
==================================================
Processando médico 3/3
2025-05-22 01:36:18,016 - P14756 - INFO - Nome: EFIGENIA MARINO
2025-05-22 01:36:18,016 - P14756 - INFO - Início do processamento Uso de memória: 82.93 MB
2025-05-22 01:36:18,016 - P14756 - INFO - Iniciando busca para: EFIGENIA MARINO CRM 102055 SP telefone e-mail endereço
2025-05-22 01:36:18,364 - P14756 - INFO - SearX results: 0 URLs
2025-05-22 01:36:18,364 - P14756 - INFO - Após SearX Uso de memória: 82.93 MB
2025-05-22 01:36:20,600 - P14756 - INFO - Google results: 1 URLs
2025-05-22 01:36:20,600 - P14756 - INFO - Após Google Uso de memória: 83.95 MB
2025-05-22 01:36:23,021 - P14756 - INFO - Bing results: 10 URLs
2025-05-22 01:36:23,022 - P14756 - INFO - Após Bing Uso de memória: 85.75 MB
2025-05-22 01:36:23,022 - P14756 - INFO - Total de URLs únicas: 11
2025-05-22 01:36:23,022 - P14756 - INFO - Processando URL 1/11: https://cliniguia.com/profissionais/efigenia-marino-carvalho-207271506040002/
2025-05-22 01:36:28,196 - P14756 - INFO - HTML salvo para debug: data\debug_html_v10\64977af5ea1334cfc6baa916ab91f726.html
2025-05-22 01:36:28,241 - P14756 - INFO - Candidates address: 0 items
2025-05-22 01:36:28,241 - P14756 - INFO - Candidates phone: 0 items
2025-05-22 01:36:28,241 - P14756 - INFO - Candidates email: 0 items
2025-05-22 01:36:28,241 - P14756 - INFO - Candidates complement: 0 items
2025-05-22 01:36:28,242 - P14756 - INFO - Candidates cep: 0 items
2025-05-22 01:36:28,242 - P14756 - INFO - Após processar URL 1 Uso de memória: 86.37 MB
2025-05-22 01:36:28,242 - P14756 - INFO - Processando URL 2/11: https://www.catalogo.med.br/doutor/efigenia-alexia-alexandrino-machado-2214794.htm
2025-05-22 01:36:33,776 - P14756 - INFO - HTML salvo para debug: data\debug_html_v10\54b3947170ee604b40a24851db64faca.html
2025-05-22 01:36:33,792 - P14756 - INFO - Candidates address: 1 items
2025-05-22 01:36:33,792 - P14756 - INFO - Candidates phone: 0 items
2025-05-22 01:36:33,792 - P14756 - INFO - Candidates email: 0 items
2025-05-22 01:36:33,793 - P14756 - INFO - Candidates complement: 0 items
2025-05-22 01:36:33,793 - P14756 - INFO - Candidates cep: 1 items
2025-05-22 01:36:33,793 - P14756 - INFO - Após processar URL 2 Uso de memória: 86.41 MB
2025-05-22 01:36:33,793 - P14756 - INFO - Processando URL 3/11: https://www.classemedica.com.br/medico/90464-efigenia-marino.htm
2025-05-22 01:36:39,582 - P14756 - INFO - HTML salvo para debug: data\debug_html_v10\bdf442954cb63c44ed4136730d946733.html
2025-05-22 01:36:39,716 - P14756 - INFO - Candidates address: 0 items
2025-05-22 01:36:39,716 - P14756 - INFO - Candidates phone: 0 items
2025-05-22 01:36:39,716 - P14756 - INFO - Candidates email: 0 items
2025-05-22 01:36:39,716 - P14756 - INFO - Candidates complement: 0 items
2025-05-22 01:36:39,716 - P14756 - INFO - Candidates cep: 0 items
2025-05-22 01:36:39,717 - P14756 - INFO - Após processar URL 3 Uso de memória: 81.80 MB
2025-05-22 01:36:39,717 - P14756 - INFO - Processando URL 4/11: https://www.crm-sp.org.br/?siteAcao=Contatos&dep=cad
2025-05-22 01:36:42,167 - P14756 - INFO - HTML salvo para debug: data\debug_html_v10\9d7a012bd98a105b7c4d3b953105f1bf.html
2025-05-22 01:36:42,174 - P14756 - INFO - Candidates address: 0 items
2025-05-22 01:36:42,175 - P14756 - INFO - Candidates phone: 0 items
2025-05-22 01:36:42,175 - P14756 - INFO - Candidates email: 0 items
2025-05-22 01:36:42,175 - P14756 - INFO - Candidates complement: 0 items
2025-05-22 01:36:42,175 - P14756 - INFO - Candidates cep: 0 items
2025-05-22 01:36:42,175 - P14756 - INFO - Após processar URL 4 Uso de memória: 82.60 MB
2025-05-22 01:36:42,176 - P14756 - INFO - Processando URL 5/11: https://hsv.org.br/polifarmacia-em-idosos-a-importancia-de-consultar-um-geriatra/
2025-05-22 01:36:48,954 - P14756 - INFO - HTML salvo para debug: data\debug_html_v10\b0a4c0e10dfeb8ef9eb4a1df3f792126.html
2025-05-22 01:36:49,011 - P14756 - INFO - Candidates address: 1 items
2025-05-22 01:36:49,012 - P14756 - INFO - Candidates phone: 2 items
2025-05-22 01:36:49,012 - P14756 - INFO - Candidates email: 0 items
2025-05-22 01:36:49,012 - P14756 - INFO - Candidates complement: 0 items
2025-05-22 01:36:49,012 - P14756 - INFO - Candidates cep: 1 items
2025-05-22 01:36:49,012 - P14756 - INFO - Após processar URL 5 Uso de memória: 84.37 MB
2025-05-22 01:36:49,013 - P14756 - INFO - Processando URL 6/11: https://applocal.com.br/empresa/vladimir-marine-santa-efigenia/sao-paulo/sp/13012040
2025-05-22 01:36:54,166 - P14756 - INFO - HTML salvo para debug: data\debug_html_v10\94bc4eef6db34a9cd18676336070a3b3.html
2025-05-22 01:36:54,208 - P14756 - INFO - Candidates address: 1 items
2025-05-22 01:36:54,208 - P14756 - INFO - Candidates phone: 0 items
2025-05-22 01:36:54,209 - P14756 - INFO - Candidates email: 0 items
2025-05-22 01:36:54,209 - P14756 - INFO - Candidates complement: 0 items
2025-05-22 01:36:54,209 - P14756 - INFO - Candidates cep: 0 items
2025-05-22 01:36:54,209 - P14756 - INFO - Após processar URL 6 Uso de memória: 84.50 MB
2025-05-22 01:36:54,209 - P14756 - INFO - Processando URL 7/11: https://www.cremesp.org.br/?siteAcao=DelegaciasRegionais&id=33
2025-05-22 01:36:58,192 - P14756 - INFO - HTML salvo para debug: data\debug_html_v10\f89528df70462629a24f2b4171f0fc34.html
2025-05-22 01:36:58,216 - P14756 - INFO - Candidates address: 2 items
2025-05-22 01:36:58,216 - P14756 - INFO - Candidates phone: 3 items
2025-05-22 01:36:58,216 - P14756 - INFO - Candidates email: 1 items
2025-05-22 01:36:58,216 - P14756 - INFO - Candidates complement: 0 items
2025-05-22 01:36:58,217 - P14756 - INFO - Candidates cep: 2 items
2025-05-22 01:36:58,217 - P14756 - INFO - Após processar URL 7 Uso de memória: 84.54 MB
2025-05-22 01:36:58,217 - P14756 - INFO - Processando URL 8/11: https://guiamedico.cremesp.org.br/
2025-05-22 01:37:00,806 - P14756 - INFO - HTML salvo para debug: data\debug_html_v10\7c54969580769b63edd9abaa952e1fa2.html
2025-05-22 01:37:00,811 - P14756 - INFO - Candidates address: 1 items
2025-05-22 01:37:00,811 - P14756 - INFO - Candidates phone: 1 items
2025-05-22 01:37:00,812 - P14756 - INFO - Candidates email: 0 items
2025-05-22 01:37:00,812 - P14756 - INFO - Candidates complement: 0 items
2025-05-22 01:37:00,812 - P14756 - INFO - Candidates cep: 1 items
2025-05-22 01:37:00,812 - P14756 - INFO - Após processar URL 8 Uso de memória: 84.54 MB
2025-05-22 01:37:00,812 - P14756 - INFO - Processando URL 9/11: https://www.helpsaude.com/Efigenia-Marino.SP
2025-05-22 01:37:06,283 - P14756 - INFO - HTML salvo para debug: data\debug_html_v10\e6da7920992b581d15b432584a801f13.html
2025-05-22 01:37:06,301 - P14756 - INFO - Candidates address: 0 items
2025-05-22 01:37:06,302 - P14756 - INFO - Candidates phone: 0 items
2025-05-22 01:37:06,302 - P14756 - INFO - Candidates email: 0 items
2025-05-22 01:37:06,303 - P14756 - INFO - Candidates complement: 0 items
2025-05-22 01:37:06,303 - P14756 - INFO - Candidates cep: 0 items
2025-05-22 01:37:06,303 - P14756 - INFO - Após processar URL 9 Uso de memória: 85.03 MB
2025-05-22 01:37:06,304 - P14756 - INFO - Processando URL 10/11: https://consultacrm.com.br/
2025-05-22 01:37:10,101 - P14756 - INFO - HTML salvo para debug: data\debug_html_v10\65cadeb91ac3713432c21b535990f440.html
2025-05-22 01:37:10,114 - P14756 - INFO - Candidates address: 0 items
2025-05-22 01:37:10,114 - P14756 - INFO - Candidates phone: 0 items
2025-05-22 01:37:10,114 - P14756 - INFO - Candidates email: 0 items
2025-05-22 01:37:10,115 - P14756 - INFO - Candidates complement: 0 items
2025-05-22 01:37:10,115 - P14756 - INFO - Candidates cep: 0 items
2025-05-22 01:37:10,115 - P14756 - INFO - Após processar URL 10 Uso de memória: 85.77 MB
2025-05-22 01:37:10,115 - P14756 - INFO - Processando URL 11/11: https://www.empresafone.com.br/empresa/andrea-alessandra-callas-marino-buckmann-medicos-gastroenterologia-aparelho-digestivo-cerqueira-cesar-sao-paulo-sp-1048552
2025-05-22 01:37:13,663 - P14756 - INFO - HTML salvo para debug: data\debug_html_v10\66e764b17d4ecd21aab22e31ec584d3f.html
2025-05-22 01:37:13,703 - P14756 - INFO - Candidates address: 0 items
2025-05-22 01:37:13,703 - P14756 - INFO - Candidates phone: 6 items
2025-05-22 01:37:13,703 - P14756 - INFO - Candidates email: 0 items
2025-05-22 01:37:13,703 - P14756 - INFO - Candidates complement: 0 items
2025-05-22 01:37:13,704 - P14756 - INFO - Candidates cep: 0 items
2025-05-22 01:37:13,704 - P14756 - INFO - Após processar URL 11 Uso de memória: 87.28 MB
2025-05-22 01:37:13,704 - P14756 - INFO - Iniciando agregação e ranqueamento
2025-05-22 01:37:13,704 - P14756 - INFO - Ranked address: 5 items
2025-05-22 01:37:13,704 - P14756 - INFO - Ranked phone: 11 items
2025-05-22 01:37:13,705 - P14756 - INFO - Ranked email: 1 items
2025-05-22 01:37:13,705 - P14756 - INFO - Ranked complement: 0 items
2025-05-22 01:37:13,705 - P14756 - INFO - Ranked cep: 4 items
2025-05-22 01:37:13,706 - P14756 - INFO - Após agregação Uso de memória: 87.28 MB
2025-05-22 01:37:13,706 - P14756 - INFO - Validando endereço: ['Rua Frei Caneca, 1282', 'Rua Regente Feijo, 166', 'Av. Celso Garcia, 2294']
2025-05-22 01:37:13,706 - P14756 - INFO - Endereço validado: Rua Frei Caneca, 1282
2025-05-22 01:37:13,706 - P14756 - INFO - Limpando texto extenso para campo address: Rua Frei Caneca, 1282...
2025-05-22 01:37:13,706 - P14756 - INFO - Texto limpo: Rua Frei Caneca, 1282
2025-05-22 01:37:13,706 - P14756 - INFO - Validando telefone: ['(11) 4349-9900', '(11) 2799-3100', '(11) 2799-3230']
2025-05-22 01:37:13,707 - P14756 - INFO - Limpando texto extenso para campo phone: (11) 4349-9900...
2025-05-22 01:37:13,707 - P14756 - INFO - Texto limpo: 11) 4349-9900
2025-05-22 01:37:13,708 - P14756 - INFO - Telefone validado: 11) 4349-9900
2025-05-22 01:37:13,718 - P14756 - INFO - Validando email: ['drvma@cremesp.org.br']
2025-05-22 01:37:13,718 - P14756 - INFO - Limpando texto extenso para campo email: drvma@cremesp.org.br...
2025-05-22 01:37:13,718 - P14756 - INFO - Texto limpo: drvma@cremesp.org.br
2025-05-22 01:37:13,719 - P14756 - INFO - Email validado: drvma@cremesp.org.br
2025-05-22 01:37:13,719 - P14756 - INFO - Descobrindo cidade
2025-05-22 01:37:13,719 - P14756 - INFO - Buscando cidade: Rua Frei Caneca cidade SP
2025-05-22 01:37:16,419 - P14756 - WARNING - Cidade não encontrada
2025-05-22 01:37:16,419 - P14756 - INFO - Cidade descoberta: 
2025-05-22 01:37:16,420 - P14756 - INFO - Tempo de execução de processamento completo do médico: 58.40 segundos
2025-05-22 01:37:16,420 - P14756 - INFO - Resultado processado: {'Hash': '257998efeff6532d059bb14212b3bfdbf30a1b9e0066b939ab9a2d889fe1a135', 'CRM': '102055', 'UF': 'SP', 'Firstname': 'EFIGENIA', 'LastName': 'MARINO', 'Medical specialty': '', 'Endereco Completo A1': 'Rua Frei Caneca, 1282', 'Address A1': 'Rua Frei Caneca', 'Numero A1': '1282', 'Complement A1': '', 'Bairro A1': '', 'postal code A1': '', 'City A1': '', 'State A1': '', 'Phone A1': '11) 4349-9900', 'Phone A2': '', 'Cell phone A1': '', 'Cell phone A2': '', 'E-mail A1': 'drvma@cremesp.org.br', 'E-mail A2': '', 'OPT-IN': '', 'STATUS': '', 'LOTE': ''}
2025-05-22 01:37:16,420 - P14756 - INFO - Salvando lote de resultados
2025-05-22 01:37:16,422 - P14756 - INFO - Após salvar resultados Uso de memória: 85.02 MB
2025-05-22 01:37:16,423 - P14756 - INFO - Progresso: 6.4%
2025-05-22 01:37:16,423 - P14756 - INFO - Tempo de execução de processamento do médico 3: 58.41 segundos
2025-05-22 01:37:16,424 - P14756 - INFO - Tempo de execução de processamento do lote completo: 191.50 segundos
