2025-05-22 04:47:35,908 - P17320 - INFO - 
==================================================
Processando médico 1/3
2025-05-22 04:47:35,908 - P17320 - INFO - Nome: LUÍS FELIPE DE SOUZA SALES
2025-05-22 04:47:35,908 - P17320 - INFO - Reiniciando driver do Chrome
2025-05-22 04:47:37,161 - P17320 - INFO - Após reiniciar driver Uso de memória: 129.17 MB
2025-05-22 04:47:37,161 - P17320 - INFO - Início do processamento Uso de memória: 129.17 MB
2025-05-22 04:47:37,162 - P17320 - INFO - Iniciando busca para: LUÍS FELIPE DE SOUZA SALES CRM 6501 SE telefone e-mail endereço
2025-05-22 04:47:37,926 - P17320 - INFO - SearX results: 14 URLs
2025-05-22 04:47:37,927 - P17320 - INFO - Após SearX Uso de memória: 129.17 MB
2025-05-22 04:47:40,841 - P17320 - INFO - Google results: 10 URLs
2025-05-22 04:47:40,841 - P17320 - INFO - Após Google Uso de memória: 129.18 MB
2025-05-22 04:47:43,918 - P17320 - INFO - Bing results: 9 URLs
2025-05-22 04:47:43,919 - P17320 - INFO - Após Bing Uso de memória: 130.78 MB
2025-05-22 04:47:43,920 - P17320 - INFO - Total de URLs únicas: 23
2025-05-22 04:47:43,920 - P17320 - INFO - Processando URL 1/23: https://diariooficial.prefeitura.sp.gov.br/md_epubli_controlador.php?acao=edicao_consultar&formato=O&dta=12/06/2023
2025-05-22 04:48:13,929 - P17320 - ERROR - Erro ao baixar HTML de https://diariooficial.prefeitura.sp.gov.br/md_epubli_controlador.php?acao=edicao_consultar&formato=O&dta=12/06/2023: Message: timeout: Timed out receiving message from renderer: 24.592
  (Session info: chrome=136.0.7103.114)
Stacktrace:
	GetHandleVerifier [0x00007FF75763CF45+75717]
	GetHandleVerifier [0x00007FF75763CFA0+75808]
	(No symbol) [0x00007FF757408F9A]
	(No symbol) [0x00007FF7573F64EC]
	(No symbol) [0x00007FF7573F61DA]
	(No symbol) [0x00007FF7573F3E8A]
	(No symbol) [0x00007FF7573F483F]
	(No symbol) [0x00007FF7574033AE]
	(No symbol) [0x00007FF7574197E1]
	(No symbol) [0x00007FF75742091A]
	(No symbol) [0x00007FF7573F4FAD]
	(No symbol) [0x00007FF7574194D0]
	(No symbol) [0x00007FF7574AF732]
	(No symbol) [0x00007FF757487153]
	(No symbol) [0x00007FF757450421]
	(No symbol) [0x00007FF7574511B3]
	GetHandleVerifier [0x00007FF75793D71D+3223453]
	GetHandleVerifier [0x00007FF757937CC2+3200322]
	GetHandleVerifier [0x00007FF757955AF3+3322739]
	GetHandleVerifier [0x00007FF757656A1A+180890]
	GetHandleVerifier [0x00007FF75765E11F+211359]
	GetHandleVerifier [0x00007FF757645294+109332]
	GetHandleVerifier [0x00007FF757645442+109762]
	GetHandleVerifier [0x00007FF75762BA59+4825]
	BaseThreadInitThunk [0x00007FFFFE757344+20]
	RtlUserThreadStart [0x00007FFFFF4026B1+33]

2025-05-22 04:48:13,931 - P17320 - INFO - Após processar URL 1 Uso de memória: 130.78 MB
2025-05-22 04:48:13,931 - P17320 - INFO - Processando URL 2/23: https://osasco.sp.gov.br/site/wp-content/uploads/2022/02/iomo696.pdf
2025-05-22 04:48:13,931 - P17320 - INFO - Ignorando URL de arquivo não-HTML: https://osasco.sp.gov.br/site/wp-content/uploads/2022/02/iomo696.pdf
2025-05-22 04:48:13,931 - P17320 - INFO - Após processar URL 2 Uso de memória: 130.78 MB
2025-05-22 04:48:13,931 - P17320 - INFO - Processando URL 3/23: https://www.locaisdobrasil.com.br/encontre/psiquiatra/aracaju-se/dr-luis-felipe-psiquiatria-integrativa/650a1117342ececf59f8424b
2025-05-22 04:48:24,117 - P17320 - INFO - HTML salvo para debug: data\debug_html_v10\2480fdc48bcf55be1cbda4049bc5d855.html
2025-05-22 04:48:24,139 - P17320 - INFO - Candidates address: 1 items
2025-05-22 04:48:24,140 - P17320 - INFO - Candidates phone: 1 items
2025-05-22 04:48:24,140 - P17320 - INFO - Candidates email: 0 items
2025-05-22 04:48:24,140 - P17320 - INFO - Candidates complement: 1 items
2025-05-22 04:48:24,141 - P17320 - INFO - Candidates cep: 2 items
2025-05-22 04:48:24,141 - P17320 - INFO - Após processar URL 3 Uso de memória: 130.78 MB
2025-05-22 04:48:24,141 - P17320 - INFO - Processando URL 4/23: https://www.escavador.com/sobre/4983651/luis-felipe-de-souza-sales
2025-05-22 04:48:28,356 - P17320 - INFO - HTML salvo para debug: data\debug_html_v10\bac7cbd292bb2dbc07bc9c262b1dd330.html
2025-05-22 04:48:28,384 - P17320 - INFO - Candidates address: 0 items
2025-05-22 04:48:28,385 - P17320 - INFO - Candidates phone: 0 items
2025-05-22 04:48:28,385 - P17320 - INFO - Candidates email: 0 items
2025-05-22 04:48:28,385 - P17320 - INFO - Candidates complement: 0 items
2025-05-22 04:48:28,385 - P17320 - INFO - Candidates cep: 0 items
2025-05-22 04:48:28,386 - P17320 - INFO - Após processar URL 4 Uso de memória: 130.78 MB
2025-05-22 04:48:28,386 - P17320 - INFO - Processando URL 5/23: https://www.drluisfelipe.com/
2025-05-22 04:48:31,458 - P17320 - INFO - HTML salvo para debug: data\debug_html_v10\7e8d5c466d79e8f3ca91899ab2f49619.html
2025-05-22 04:48:31,476 - P17320 - INFO - Candidates address: 1 items
2025-05-22 04:48:31,477 - P17320 - INFO - Candidates phone: 1 items
2025-05-22 04:48:31,477 - P17320 - INFO - Candidates email: 0 items
2025-05-22 04:48:31,477 - P17320 - INFO - Candidates complement: 0 items
2025-05-22 04:48:31,477 - P17320 - INFO - Candidates cep: 1 items
2025-05-22 04:48:31,477 - P17320 - INFO - Após processar URL 5 Uso de memória: 131.89 MB
2025-05-22 04:48:31,477 - P17320 - INFO - Processando URL 6/23: https://www.doctoralia.com.br/luis-felipe-sales/psiquiatra-medico-acupunturista/aracaju
2025-05-22 04:48:31,478 - P17320 - INFO - Ignorando URL de arquivo não-HTML: https://www.doctoralia.com.br/luis-felipe-sales/psiquiatra-medico-acupunturista/aracaju
2025-05-22 04:48:31,478 - P17320 - INFO - Após processar URL 6 Uso de memória: 130.78 MB
2025-05-22 04:48:31,478 - P17320 - INFO - Processando URL 7/23: https://www.benditoguia.com.br/empresa/dr-luis-felipe-psiquiatria-integrativa-jardins-aracaju-se
2025-05-22 04:48:35,982 - P17320 - INFO - HTML salvo para debug: data\debug_html_v10\ecb4e29d8891393b5a1b13737208b96e.html
2025-05-22 04:48:36,007 - P17320 - INFO - Candidates address: 1 items
2025-05-22 04:48:36,007 - P17320 - INFO - Candidates phone: 1 items
2025-05-22 04:48:36,007 - P17320 - INFO - Candidates email: 0 items
2025-05-22 04:48:36,007 - P17320 - INFO - Candidates complement: 0 items
2025-05-22 04:48:36,007 - P17320 - INFO - Candidates cep: 2 items
2025-05-22 04:48:36,008 - P17320 - INFO - Após processar URL 7 Uso de memória: 131.49 MB
2025-05-22 04:48:36,008 - P17320 - INFO - Processando URL 8/23: https://www.catalogo.med.br/doutor/luis-felipe-sales-2527578.htm
2025-05-22 04:48:38,213 - P17320 - INFO - HTML salvo para debug: data\debug_html_v10\8ad46c83df5649cd5f7a218872d2395a.html
2025-05-22 04:48:38,214 - P17320 - INFO - Candidates address: 0 items
2025-05-22 04:48:38,214 - P17320 - INFO - Candidates phone: 0 items
2025-05-22 04:48:38,214 - P17320 - INFO - Candidates email: 1 items
2025-05-22 04:48:38,215 - P17320 - INFO - Candidates complement: 0 items
2025-05-22 04:48:38,215 - P17320 - INFO - Candidates cep: 0 items
2025-05-22 04:48:38,215 - P17320 - INFO - Após processar URL 8 Uso de memória: 130.78 MB
2025-05-22 04:48:38,215 - P17320 - INFO - Processando URL 9/23: https://www.consultascnpj.com/luis-felipe-sales-servicos-medicos-ltda/43422785000101
2025-05-22 04:48:41,234 - P17320 - INFO - HTML salvo para debug: data\debug_html_v10\005af6ce6521eb19cb47a54150ca8bfc.html
2025-05-22 04:48:41,250 - P17320 - INFO - Candidates address: 0 items
2025-05-22 04:48:41,250 - P17320 - INFO - Candidates phone: 1 items
2025-05-22 04:48:41,250 - P17320 - INFO - Candidates email: 1 items
2025-05-22 04:48:41,250 - P17320 - INFO - Candidates complement: 0 items
2025-05-22 04:48:41,251 - P17320 - INFO - Candidates cep: 2 items
2025-05-22 04:48:41,251 - P17320 - INFO - Após processar URL 9 Uso de memória: 130.78 MB
2025-05-22 04:48:41,251 - P17320 - INFO - Processando URL 10/23: https://www.portaltransparencia.gov.br/pessoa-fisica/busca/lista
2025-05-22 04:48:44,881 - P17320 - INFO - HTML salvo para debug: data\debug_html_v10\e200cdf64b71d4c9248718dd155b3edb.html
2025-05-22 04:48:44,928 - P17320 - INFO - Candidates address: 0 items
2025-05-22 04:48:44,928 - P17320 - INFO - Candidates phone: 0 items
2025-05-22 04:48:44,928 - P17320 - INFO - Candidates email: 0 items
2025-05-22 04:48:44,928 - P17320 - INFO - Candidates complement: 0 items
2025-05-22 04:48:44,929 - P17320 - INFO - Candidates cep: 0 items
2025-05-22 04:48:44,929 - P17320 - INFO - Após processar URL 10 Uso de memória: 130.78 MB
2025-05-22 04:48:44,929 - P17320 - INFO - Processando URL 11/23: https://empresasweb.net/emp/luis-felipe-sales-servicos-medicos-ltda-43422785
2025-05-22 04:48:47,998 - P17320 - INFO - HTML salvo para debug: data\debug_html_v10\cb209200490e823e977452a426904a57.html
2025-05-22 04:48:48,011 - P17320 - INFO - Candidates address: 0 items
2025-05-22 04:48:48,011 - P17320 - INFO - Candidates phone: 1 items
2025-05-22 04:48:48,011 - P17320 - INFO - Candidates email: 1 items
2025-05-22 04:48:48,011 - P17320 - INFO - Candidates complement: 1 items
2025-05-22 04:48:48,011 - P17320 - INFO - Candidates cep: 1 items
2025-05-22 04:48:48,012 - P17320 - INFO - Após processar URL 11 Uso de memória: 130.78 MB
2025-05-22 04:48:48,012 - P17320 - INFO - Processando URL 12/23: https://diariooficial.guarulhos.sp.gov.br/uploads/pdf/1587816861.pdf
2025-05-22 04:48:48,012 - P17320 - INFO - Ignorando URL de arquivo não-HTML: https://diariooficial.guarulhos.sp.gov.br/uploads/pdf/1587816861.pdf
2025-05-22 04:48:48,012 - P17320 - INFO - Após processar URL 12 Uso de memória: 130.78 MB
2025-05-22 04:48:48,012 - P17320 - INFO - Processando URL 13/23: https://cnpj.biz/43422785000101
2025-05-22 04:48:52,530 - P17320 - INFO - HTML salvo para debug: data\debug_html_v10\fe401c6d312bd1ace2fafe27054f7b07.html
2025-05-22 04:48:52,546 - P17320 - INFO - Candidates address: 2 items
2025-05-22 04:48:52,547 - P17320 - INFO - Candidates phone: 1 items
2025-05-22 04:48:52,548 - P17320 - INFO - Candidates email: 1 items
2025-05-22 04:48:52,549 - P17320 - INFO - Candidates complement: 2 items
2025-05-22 04:48:52,550 - P17320 - INFO - Candidates cep: 3 items
2025-05-22 04:48:52,551 - P17320 - INFO - Após processar URL 13 Uso de memória: 130.78 MB
2025-05-22 04:48:52,551 - P17320 - INFO - Processando URL 14/23: https://pbqp-h.mdr.gov.br/wp-content/uploads/2023/12/Empresas-Certificadas-SIAC-Julho-a-29-12-2023-Planilha1.csv
2025-05-22 04:48:52,551 - P17320 - INFO - Ignorando URL de arquivo não-HTML: https://pbqp-h.mdr.gov.br/wp-content/uploads/2023/12/Empresas-Certificadas-SIAC-Julho-a-29-12-2023-Planilha1.csv
2025-05-22 04:48:52,552 - P17320 - INFO - Após processar URL 14 Uso de memória: 130.78 MB
2025-05-22 04:48:52,552 - P17320 - INFO - Processando URL 15/23: https://www.voltaredonda.rj.gov.br/images/Documentos/VRDestaques/2024/2025-04-15_2188.pdf
2025-05-22 04:48:52,552 - P17320 - INFO - Ignorando URL de arquivo não-HTML: https://www.voltaredonda.rj.gov.br/images/Documentos/VRDestaques/2024/2025-04-15_2188.pdf
2025-05-22 04:48:52,553 - P17320 - INFO - Após processar URL 15 Uso de memória: 130.78 MB
2025-05-22 04:48:52,554 - P17320 - INFO - Processando URL 16/23: https://www.seas.ce.gov.br/wp-content/uploads/sites/35/2025/04/Comunicado-52.2025-Convocacao-Para-Avaliacao-de-Condicionamento-Fisica-da-SEAS-Republicacao.pdf
2025-05-22 04:48:52,555 - P17320 - INFO - Ignorando URL de arquivo não-HTML: https://www.seas.ce.gov.br/wp-content/uploads/sites/35/2025/04/Comunicado-52.2025-Convocacao-Para-Avaliacao-de-Condicionamento-Fisica-da-SEAS-Republicacao.pdf
2025-05-22 04:48:52,556 - P17320 - INFO - Após processar URL 16 Uso de memória: 130.78 MB
2025-05-22 04:48:52,556 - P17320 - INFO - Processando URL 17/23: https://cremers.org.br/comissoes-de-etica/
2025-05-22 04:48:59,700 - P17320 - INFO - HTML salvo para debug: data\debug_html_v10\e43f78ac399ae2b0e90ab9297e54b122.html
2025-05-22 04:49:00,603 - P17320 - INFO - Candidates address: 1 items
2025-05-22 04:49:00,603 - P17320 - INFO - Candidates phone: 0 items
2025-05-22 04:49:00,603 - P17320 - INFO - Candidates email: 1 items
2025-05-22 04:49:00,604 - P17320 - INFO - Candidates complement: 0 items
2025-05-22 04:49:00,604 - P17320 - INFO - Candidates cep: 2 items
2025-05-22 04:49:00,604 - P17320 - INFO - Após processar URL 17 Uso de memória: 126.58 MB
2025-05-22 04:49:00,604 - P17320 - INFO - Processando URL 18/23: https://suldoparasaude.com.br/download/guia_medico_sps.pdf
2025-05-22 04:49:00,604 - P17320 - INFO - Ignorando URL de arquivo não-HTML: https://suldoparasaude.com.br/download/guia_medico_sps.pdf
2025-05-22 04:49:00,605 - P17320 - INFO - Após processar URL 18 Uso de memória: 124.91 MB
2025-05-22 04:49:00,605 - P17320 - INFO - Processando URL 19/23: https://web.trf3.jus.br/diario/Consulta/BaixarPdf/29933
2025-05-22 04:49:02,781 - P17320 - INFO - HTML salvo para debug: data\debug_html_v10\6932bb9d2703dc0e1632cbccdc14ef0c.html
2025-05-22 04:49:03,466 - P17320 - INFO - Candidates address: 1 items
2025-05-22 04:49:03,466 - P17320 - INFO - Candidates phone: 0 items
2025-05-22 04:49:03,467 - P17320 - INFO - Candidates email: 1 items
2025-05-22 04:49:03,467 - P17320 - INFO - Candidates complement: 0 items
2025-05-22 04:49:03,467 - P17320 - INFO - Candidates cep: 2 items
2025-05-22 04:49:03,467 - P17320 - INFO - Após processar URL 19 Uso de memória: 128.22 MB
2025-05-22 04:49:03,467 - P17320 - INFO - Processando URL 20/23: https://www.boaconsulta.com/especialista/luis-felipe-de-souza-sales-64a3a57b5a7bb808310024c0
2025-05-22 04:49:06,802 - P17320 - INFO - HTML salvo para debug: data\debug_html_v10\e503ea33f2da0a57f35619ee6f9846ab.html
2025-05-22 04:49:06,868 - P17320 - INFO - Candidates address: 3 items
2025-05-22 04:49:06,869 - P17320 - INFO - Candidates phone: 0 items
2025-05-22 04:49:06,869 - P17320 - INFO - Candidates email: 0 items
2025-05-22 04:49:06,869 - P17320 - INFO - Candidates complement: 0 items
2025-05-22 04:49:06,869 - P17320 - INFO - Candidates cep: 0 items
2025-05-22 04:49:06,870 - P17320 - INFO - Após processar URL 20 Uso de memória: 128.93 MB
2025-05-22 04:49:06,870 - P17320 - INFO - Processando URL 21/23: https://www.site.med.br/catalogo/?C=A&V=66446F63746F7249443D32353237353738
2025-05-22 04:49:09,207 - P17320 - INFO - HTML salvo para debug: data\debug_html_v10\8ad38f66591911bf8ccc5a27bff81533.html
2025-05-22 04:49:09,208 - P17320 - INFO - Candidates address: 0 items
2025-05-22 04:49:09,208 - P17320 - INFO - Candidates phone: 0 items
2025-05-22 04:49:09,208 - P17320 - INFO - Candidates email: 0 items
2025-05-22 04:49:09,209 - P17320 - INFO - Candidates complement: 0 items
2025-05-22 04:49:09,209 - P17320 - INFO - Candidates cep: 0 items
2025-05-22 04:49:09,209 - P17320 - INFO - Após processar URL 21 Uso de memória: 128.93 MB
2025-05-22 04:49:09,209 - P17320 - INFO - Processando URL 22/23: https://consultacrm.com.br/
2025-05-22 04:49:13,539 - P17320 - INFO - HTML salvo para debug: data\debug_html_v10\65cadeb91ac3713432c21b535990f440.html
2025-05-22 04:49:13,554 - P17320 - INFO - Candidates address: 0 items
2025-05-22 04:49:13,554 - P17320 - INFO - Candidates phone: 0 items
2025-05-22 04:49:13,554 - P17320 - INFO - Candidates email: 0 items
2025-05-22 04:49:13,554 - P17320 - INFO - Candidates complement: 0 items
2025-05-22 04:49:13,554 - P17320 - INFO - Candidates cep: 0 items
2025-05-22 04:49:13,555 - P17320 - INFO - Após processar URL 22 Uso de memória: 129.70 MB
2025-05-22 04:49:13,555 - P17320 - INFO - Processando URL 23/23: https://web.trf3.jus.br/diario/Consulta/BaixarPdf/19836
2025-05-22 04:49:15,690 - P17320 - INFO - HTML salvo para debug: data\debug_html_v10\4eecefc49dd7ecb2466b7c9bae3bd0e8.html
2025-05-22 04:49:15,701 - P17320 - INFO - Candidates address: 0 items
2025-05-22 04:49:15,701 - P17320 - INFO - Candidates phone: 0 items
2025-05-22 04:49:15,701 - P17320 - INFO - Candidates email: 0 items
2025-05-22 04:49:15,701 - P17320 - INFO - Candidates complement: 0 items
2025-05-22 04:49:15,701 - P17320 - INFO - Candidates cep: 0 items
2025-05-22 04:49:15,702 - P17320 - INFO - Após processar URL 23 Uso de memória: 129.94 MB
2025-05-22 04:49:15,702 - P17320 - INFO - Iniciando agregação e ranqueamento
2025-05-22 04:49:15,702 - P17320 - INFO - Ranked address: 7 items
2025-05-22 04:49:15,702 - P17320 - INFO - Ranked phone: 5 items
2025-05-22 04:49:15,702 - P17320 - INFO - Ranked email: 4 items
2025-05-22 04:49:15,702 - P17320 - INFO - Ranked complement: 4 items
2025-05-22 04:49:15,703 - P17320 - INFO - Ranked cep: 8 items
2025-05-22 04:49:15,703 - P17320 - INFO - Após agregação Uso de memória: 129.94 MB
2025-05-22 04:49:15,703 - P17320 - INFO - Validando endereço: ['Av. Dr. José Machado de Souza, 120', 'Av. Princesa Isabel, 921', 'Rua Ten Antonio Fontes Pitanga, 256']
2025-05-22 04:49:15,703 - P17320 - INFO - Endereço validado: Av. Dr. José Machado de Souza, 120
2025-05-22 04:49:15,703 - P17320 - INFO - Limpando texto extenso para campo address: Av. Dr. José Machado de Souza, 120...
2025-05-22 04:49:15,703 - P17320 - INFO - Texto limpo: Av. Dr. José Machado de Souza, 120
2025-05-22 04:49:15,704 - P17320 - INFO - Validando telefone: ['(79) 99841-3883', '+55 79 99869-1212', '(79) 9199-9366']
2025-05-22 04:49:15,704 - P17320 - INFO - Limpando texto extenso para campo phone: (79) 99841-3883...
2025-05-22 04:49:15,704 - P17320 - INFO - Texto limpo: 79) 99841-3883
2025-05-22 04:49:15,704 - P17320 - INFO - Telefone validado: 79) 99841-3883
2025-05-22 04:49:15,704 - P17320 - INFO - Validando email: ['contato@drluisfelipe.com', 'cremers@cremers.org.br', 'webmaster@catalogo.med.br']
2025-05-22 04:49:15,705 - P17320 - INFO - Limpando texto extenso para campo email: contato@drluisfelipe.com...
2025-05-22 04:49:15,705 - P17320 - INFO - Texto limpo: contato@drluisfelipe.com
2025-05-22 04:49:15,705 - P17320 - INFO - Email validado: contato@drluisfelipe.com
2025-05-22 04:49:15,705 - P17320 - INFO - Validando complemento: ['Sala 1104 - Jardins', 'Apt 904 Torre 03 Felicitcond Clube', 'Apt   904 Torre 03 Felicitcond  Clube  Clique para co']
2025-05-22 04:49:15,706 - P17320 - INFO - Limpando texto extenso para campo complement: Sala 1104 - Jardins...
2025-05-22 04:49:15,706 - P17320 - INFO - Texto limpo: Sala 1104 - Jardins
2025-05-22 04:49:15,706 - P17320 - INFO - Complemento validado: Sala 1104 - Jardins
2025-05-22 04:49:15,706 - P17320 - INFO - Descobrindo cidade
2025-05-22 04:49:15,706 - P17320 - INFO - Buscando cidade: Av. Dr. José Machado de Souza cidade SE
2025-05-22 04:49:18,379 - P17320 - WARNING - Cidade não encontrada
2025-05-22 04:49:18,379 - P17320 - INFO - Cidade descoberta: 
2025-05-22 04:49:18,379 - P17320 - INFO - Tempo de execução de processamento completo do médico: 101.22 segundos
2025-05-22 04:49:18,380 - P17320 - INFO - Resultado processado: {'Hash': 'f65ea4a2fb8e626b00444c4d89b99fc3b6145a56cec4cd9e2ceeb1fc4f451281', 'CRM': '6501', 'UF': 'SE', 'Firstname': 'LUÍS', 'LastName': 'FELIPE DE SOUZA SALES', 'Medical specialty': '', 'Endereco Completo A1': 'Av. Dr. José Machado de Souza, 120', 'Address A1': 'Av. Dr. José Machado de Souza', 'Numero A1': '120', 'Complement A1': 'Sala 1104 - Jardins', 'Bairro A1': '', 'postal code A1': '', 'City A1': '', 'State A1': '', 'Phone A1': '79) 99841-3883', 'Phone A2': '', 'Cell phone A1': '', 'Cell phone A2': '', 'E-mail A1': 'contato@drluisfelipe.com', 'E-mail A2': '', 'OPT-IN': '', 'STATUS': '', 'LOTE': ''}
2025-05-22 04:49:18,381 - P17320 - INFO - Progresso: 77.1%
2025-05-22 04:49:18,381 - P17320 - INFO - Executando coleta de lixo
2025-05-22 04:49:18,485 - P17320 - INFO - Após coleta de lixo Uso de memória: 121.27 MB
2025-05-22 04:49:18,485 - P17320 - INFO - Tempo de execução de processamento do médico 1: 102.58 segundos
2025-05-22 04:49:18,485 - P17320 - INFO - 
==================================================
Processando médico 2/3
2025-05-22 04:49:18,486 - P17320 - INFO - Nome: ALLAN VICTOR HORA MOTA
2025-05-22 04:49:18,486 - P17320 - INFO - Início do processamento Uso de memória: 121.27 MB
2025-05-22 04:49:18,486 - P17320 - INFO - Iniciando busca para: ALLAN VICTOR HORA MOTA CRM 7042 SE telefone e-mail endereço
2025-05-22 04:49:19,679 - P17320 - INFO - SearX results: 14 URLs
2025-05-22 04:49:19,680 - P17320 - INFO - Após SearX Uso de memória: 121.30 MB
2025-05-22 04:49:22,317 - P17320 - INFO - Google results: 12 URLs
2025-05-22 04:49:22,317 - P17320 - INFO - Após Google Uso de memória: 125.05 MB
2025-05-22 04:49:24,954 - P17320 - INFO - Bing results: 9 URLs
2025-05-22 04:49:24,955 - P17320 - INFO - Após Bing Uso de memória: 126.70 MB
2025-05-22 04:49:24,955 - P17320 - INFO - Total de URLs únicas: 25
2025-05-22 04:49:24,955 - P17320 - INFO - Processando URL 1/25: https://sistemas.tjes.jus.br/ediario/index.php?option=com_ediario&view=contents&layout=fulltext&data=20230621&idorgao=306
2025-05-22 04:49:28,209 - P17320 - INFO - HTML salvo para debug: data\debug_html_v10\c2f7f4d8aae085a75fc700a6a2f5b55f.html
2025-05-22 04:49:28,653 - P17320 - INFO - Candidates address: 14 items
2025-05-22 04:49:28,654 - P17320 - INFO - Candidates phone: 4 items
2025-05-22 04:49:28,654 - P17320 - INFO - Candidates email: 2 items
2025-05-22 04:49:28,655 - P17320 - INFO - Candidates complement: 4 items
2025-05-22 04:49:28,655 - P17320 - INFO - Candidates cep: 28 items
2025-05-22 04:49:28,656 - P17320 - INFO - Após processar URL 1 Uso de memória: 127.84 MB
2025-05-22 04:49:28,657 - P17320 - INFO - Processando URL 2/25: https://auniao.pb.gov.br/servicos/doe/2025-1/maio/diario-oficial-20-05-2025-portal.pdf
2025-05-22 04:49:28,657 - P17320 - INFO - Ignorando URL de arquivo não-HTML: https://auniao.pb.gov.br/servicos/doe/2025-1/maio/diario-oficial-20-05-2025-portal.pdf
2025-05-22 04:49:28,658 - P17320 - INFO - Após processar URL 2 Uso de memória: 126.22 MB
2025-05-22 04:49:28,658 - P17320 - INFO - Processando URL 3/25: https://www.doctoralia.com.br/allan-victor-goncalves/oftalmologista/fortaleza
2025-05-22 04:49:28,658 - P17320 - INFO - Ignorando URL de arquivo não-HTML: https://www.doctoralia.com.br/allan-victor-goncalves/oftalmologista/fortaleza
2025-05-22 04:49:28,659 - P17320 - INFO - Após processar URL 3 Uso de memória: 126.22 MB
2025-05-22 04:49:28,659 - P17320 - INFO - Processando URL 4/25: https://pesquisa.apps.tcu.gov.br/#/documento/ata-sessao/imprescritibilidade/%2520/DTRELEVANCIA%2520desc/3/%2520
2025-05-22 04:49:34,082 - P17320 - WARNING - Página muito grande (3.10MB), truncando
2025-05-22 04:49:34,094 - P17320 - INFO - HTML salvo para debug: data\debug_html_v10\dc36dec82090b7e90b9f8dd49d66b822.html
2025-05-22 04:49:35,694 - P17320 - INFO - Candidates address: 2 items
2025-05-22 04:49:35,694 - P17320 - INFO - Candidates phone: 0 items
2025-05-22 04:49:35,694 - P17320 - INFO - Candidates email: 0 items
2025-05-22 04:49:35,694 - P17320 - INFO - Candidates complement: 9 items
2025-05-22 04:49:35,694 - P17320 - INFO - Candidates cep: 20 items
2025-05-22 04:49:35,695 - P17320 - INFO - Após processar URL 4 Uso de memória: 133.52 MB
2025-05-22 04:49:35,695 - P17320 - INFO - Processando URL 5/25: https://auniao.pb.gov.br/servicos/doe/2025-1/maio/diario-oficial-16-05-2025-portal.pdf
2025-05-22 04:49:35,695 - P17320 - INFO - Ignorando URL de arquivo não-HTML: https://auniao.pb.gov.br/servicos/doe/2025-1/maio/diario-oficial-16-05-2025-portal.pdf
2025-05-22 04:49:35,696 - P17320 - INFO - Após processar URL 5 Uso de memória: 127.52 MB
2025-05-22 04:49:35,696 - P17320 - INFO - Processando URL 6/25: https://pesquisa.apps.tcu.gov.br/#/documento/ata-sessao/justificativa%2520de%2520pre%25C3%25A7o%2520dispensa/%2520/DTRELEVANCIA%2520desc/5/%2520
2025-05-22 04:49:39,339 - P17320 - INFO - HTML salvo para debug: data\debug_html_v10\e14b18850edac8d26903703c25959c3f.html
2025-05-22 04:49:40,493 - P17320 - INFO - Candidates address: 13 items
2025-05-22 04:49:40,493 - P17320 - INFO - Candidates phone: 0 items
2025-05-22 04:49:40,493 - P17320 - INFO - Candidates email: 1 items
2025-05-22 04:49:40,494 - P17320 - INFO - Candidates complement: 1 items
2025-05-22 04:49:40,494 - P17320 - INFO - Candidates cep: 16 items
2025-05-22 04:49:40,494 - P17320 - INFO - Após processar URL 6 Uso de memória: 137.99 MB
2025-05-22 04:49:40,495 - P17320 - INFO - Processando URL 7/25: https://www.econodata.com.br/consulta-empresa/50264240000171-DR-ALLAN-MOTA-LTDA
2025-05-22 04:49:45,375 - P17320 - INFO - HTML salvo para debug: data\debug_html_v10\4c940813329ae6f7d7362ac0bb6e13f1.html
2025-05-22 04:49:45,496 - P17320 - INFO - Candidates address: 23 items
2025-05-22 04:49:45,496 - P17320 - INFO - Candidates phone: 0 items
2025-05-22 04:49:45,497 - P17320 - INFO - Candidates email: 0 items
2025-05-22 04:49:45,497 - P17320 - INFO - Candidates complement: 0 items
2025-05-22 04:49:45,497 - P17320 - INFO - Candidates cep: 1 items
2025-05-22 04:49:45,497 - P17320 - INFO - Após processar URL 7 Uso de memória: 134.63 MB
2025-05-22 04:49:45,497 - P17320 - INFO - Processando URL 8/25: https://www.escavador.com/sobre/197336889/allan-victor-hora-mota
2025-05-22 04:49:48,640 - P17320 - INFO - HTML salvo para debug: data\debug_html_v10\b039b188f42bd8deda8978431e30092c.html
2025-05-22 04:49:48,662 - P17320 - INFO - Candidates address: 0 items
2025-05-22 04:49:48,662 - P17320 - INFO - Candidates phone: 0 items
2025-05-22 04:49:48,662 - P17320 - INFO - Candidates email: 0 items
2025-05-22 04:49:48,662 - P17320 - INFO - Candidates complement: 0 items
2025-05-22 04:49:48,663 - P17320 - INFO - Candidates cep: 0 items
2025-05-22 04:49:48,663 - P17320 - INFO - Após processar URL 8 Uso de memória: 133.87 MB
2025-05-22 04:49:48,663 - P17320 - INFO - Processando URL 9/25: https://portal.cfm.org.br/busca-medicos
2025-05-22 04:49:52,575 - P17320 - INFO - HTML salvo para debug: data\debug_html_v10\e28ae84aaa177d1328f3a0d1fb68449f.html
2025-05-22 04:49:52,616 - P17320 - INFO - Candidates address: 0 items
2025-05-22 04:49:52,616 - P17320 - INFO - Candidates phone: 0 items
2025-05-22 04:49:52,616 - P17320 - INFO - Candidates email: 1 items
2025-05-22 04:49:52,617 - P17320 - INFO - Candidates complement: 1 items
2025-05-22 04:49:52,617 - P17320 - INFO - Candidates cep: 1 items
2025-05-22 04:49:52,617 - P17320 - INFO - Após processar URL 9 Uso de memória: 133.90 MB
2025-05-22 04:49:52,618 - P17320 - INFO - Processando URL 10/25: https://www2.bauru.sp.gov.br/arquivos/sist_diariooficial/2020/12/do_20201205_3341.pdf
2025-05-22 04:49:52,618 - P17320 - INFO - Ignorando URL de arquivo não-HTML: https://www2.bauru.sp.gov.br/arquivos/sist_diariooficial/2020/12/do_20201205_3341.pdf
2025-05-22 04:49:52,618 - P17320 - INFO - Após processar URL 10 Uso de memória: 133.90 MB
2025-05-22 04:49:52,619 - P17320 - INFO - Processando URL 11/25: https://www.clinicaamo.com.br/equipe/victor-nunes-sales-de-melo/
2025-05-22 04:49:56,354 - P17320 - INFO - HTML salvo para debug: data\debug_html_v10\4906c825749bd51682b8f873c579ea1c.html
2025-05-22 04:49:56,368 - P17320 - INFO - Candidates address: 0 items
2025-05-22 04:49:56,369 - P17320 - INFO - Candidates phone: 1 items
2025-05-22 04:49:56,369 - P17320 - INFO - Candidates email: 1 items
2025-05-22 04:49:56,369 - P17320 - INFO - Candidates complement: 0 items
2025-05-22 04:49:56,369 - P17320 - INFO - Candidates cep: 0 items
2025-05-22 04:49:56,369 - P17320 - INFO - Após processar URL 11 Uso de memória: 133.90 MB
2025-05-22 04:49:56,369 - P17320 - INFO - Processando URL 12/25: https://www.cnpj.services/qsa/allan-victor-hora-mota
2025-05-22 04:49:59,292 - P17320 - INFO - HTML salvo para debug: data\debug_html_v10\d409432bd0118d2d7526b8cfc9ab06f6.html
2025-05-22 04:49:59,304 - P17320 - INFO - Candidates address: 0 items
2025-05-22 04:49:59,304 - P17320 - INFO - Candidates phone: 0 items
2025-05-22 04:49:59,305 - P17320 - INFO - Candidates email: 0 items
2025-05-22 04:49:59,305 - P17320 - INFO - Candidates complement: 0 items
2025-05-22 04:49:59,305 - P17320 - INFO - Candidates cep: 2 items
2025-05-22 04:49:59,305 - P17320 - INFO - Após processar URL 12 Uso de memória: 133.90 MB
2025-05-22 04:49:59,306 - P17320 - INFO - Processando URL 13/25: https://aboutcompany.info/country/brazil/officer/583495/allan-victor-hora-mota/
2025-05-22 04:50:03,220 - P17320 - INFO - HTML salvo para debug: data\debug_html_v10\fe78c7ea7102535b55373ddc274d8f89.html
2025-05-22 04:50:03,347 - P17320 - INFO - Candidates address: 0 items
2025-05-22 04:50:03,348 - P17320 - INFO - Candidates phone: 0 items
2025-05-22 04:50:03,348 - P17320 - INFO - Candidates email: 0 items
2025-05-22 04:50:03,348 - P17320 - INFO - Candidates complement: 0 items
2025-05-22 04:50:03,348 - P17320 - INFO - Candidates cep: 0 items
2025-05-22 04:50:03,348 - P17320 - INFO - Após processar URL 13 Uso de memória: 133.96 MB
2025-05-22 04:50:03,349 - P17320 - INFO - Processando URL 14/25: https://diariooficial.guarulhos.sp.gov.br/uploads/pdf/1615573362.pdf
2025-05-22 04:50:03,349 - P17320 - INFO - Ignorando URL de arquivo não-HTML: https://diariooficial.guarulhos.sp.gov.br/uploads/pdf/1615573362.pdf
2025-05-22 04:50:03,349 - P17320 - INFO - Após processar URL 14 Uso de memória: 133.96 MB
2025-05-22 04:50:03,349 - P17320 - INFO - Processando URL 15/25: https://pbqp-h.mdr.gov.br/wp-content/uploads/2024/03/Empresas-Certificadas-SIAC-Outubro-a-14-03-2024-Planilha1.csv
2025-05-22 04:50:03,349 - P17320 - INFO - Ignorando URL de arquivo não-HTML: https://pbqp-h.mdr.gov.br/wp-content/uploads/2024/03/Empresas-Certificadas-SIAC-Outubro-a-14-03-2024-Planilha1.csv
2025-05-22 04:50:03,349 - P17320 - INFO - Após processar URL 15 Uso de memória: 133.96 MB
2025-05-22 04:50:03,350 - P17320 - INFO - Processando URL 16/25: https://b2bleads.com.br/empresa/dr-allan-mota-ltda-50264240000171
2025-05-22 04:50:07,749 - P17320 - INFO - HTML salvo para debug: data\debug_html_v10\a84773298cb291fb0bd43d5dc553448d.html
2025-05-22 04:50:07,768 - P17320 - INFO - Candidates address: 10 items
2025-05-22 04:50:07,768 - P17320 - INFO - Candidates phone: 1 items
2025-05-22 04:50:07,768 - P17320 - INFO - Candidates email: 1 items
2025-05-22 04:50:07,769 - P17320 - INFO - Candidates complement: 1 items
2025-05-22 04:50:07,769 - P17320 - INFO - Candidates cep: 10 items
2025-05-22 04:50:07,769 - P17320 - INFO - Após processar URL 16 Uso de memória: 133.96 MB
2025-05-22 04:50:07,769 - P17320 - INFO - Processando URL 17/25: https://portal.doe.sea.sc.gov.br/repositorio/2025/20250508/Jornal/22507.pdf
2025-05-22 04:50:07,770 - P17320 - INFO - Ignorando URL de arquivo não-HTML: https://portal.doe.sea.sc.gov.br/repositorio/2025/20250508/Jornal/22507.pdf
2025-05-22 04:50:07,770 - P17320 - INFO - Após processar URL 17 Uso de memória: 133.96 MB
2025-05-22 04:50:07,770 - P17320 - INFO - Processando URL 18/25: https://docs.bvsalud.org/biblioref/2018/09/913363/16285-88.pdf
2025-05-22 04:50:07,770 - P17320 - INFO - Ignorando URL de arquivo não-HTML: https://docs.bvsalud.org/biblioref/2018/09/913363/16285-88.pdf
2025-05-22 04:50:07,771 - P17320 - INFO - Após processar URL 18 Uso de memória: 133.96 MB
2025-05-22 04:50:07,771 - P17320 - INFO - Processando URL 19/25: https://www.achecerto.com.br/
2025-05-22 04:50:11,843 - P17320 - INFO - HTML salvo para debug: data\debug_html_v10\ceb96e5663cace6f7b35fee1716d7561.html
2025-05-22 04:50:11,860 - P17320 - INFO - Candidates address: 1 items
2025-05-22 04:50:11,860 - P17320 - INFO - Candidates phone: 0 items
2025-05-22 04:50:11,860 - P17320 - INFO - Candidates email: 1 items
2025-05-22 04:50:11,860 - P17320 - INFO - Candidates complement: 0 items
2025-05-22 04:50:11,860 - P17320 - INFO - Candidates cep: 0 items
2025-05-22 04:50:11,861 - P17320 - INFO - Após processar URL 19 Uso de memória: 134.09 MB
2025-05-22 04:50:11,861 - P17320 - INFO - Processando URL 20/25: https://meunorden.com/hospital/corpo-clinico/
2025-05-22 04:50:17,966 - P17320 - INFO - HTML salvo para debug: data\debug_html_v10\a16f4e4df1cd9bd9db52ee3a75bf2fa8.html
2025-05-22 04:50:18,045 - P17320 - INFO - Candidates address: 1 items
2025-05-22 04:50:18,045 - P17320 - INFO - Candidates phone: 0 items
2025-05-22 04:50:18,046 - P17320 - INFO - Candidates email: 1 items
2025-05-22 04:50:18,046 - P17320 - INFO - Candidates complement: 0 items
2025-05-22 04:50:18,046 - P17320 - INFO - Candidates cep: 0 items
2025-05-22 04:50:18,046 - P17320 - INFO - Após processar URL 20 Uso de memória: 133.16 MB
2025-05-22 04:50:18,046 - P17320 - INFO - Processando URL 21/25: https://diariooficial.guarulhos.sp.gov.br/uploads/pdf/2033044786.pdf
2025-05-22 04:50:18,046 - P17320 - INFO - Ignorando URL de arquivo não-HTML: https://diariooficial.guarulhos.sp.gov.br/uploads/pdf/2033044786.pdf
2025-05-22 04:50:18,047 - P17320 - INFO - Após processar URL 21 Uso de memória: 133.16 MB
2025-05-22 04:50:18,047 - P17320 - INFO - Processando URL 22/25: https://www.sinj.df.gov.br/sinj/Diario/b6413565-d3f6-38df-a58d-6c8dd11442d0/DODF%20194%2014-10-2022%20INTEGRA.pdf
2025-05-22 04:50:18,047 - P17320 - INFO - Ignorando URL de arquivo não-HTML: https://www.sinj.df.gov.br/sinj/Diario/b6413565-d3f6-38df-a58d-6c8dd11442d0/DODF%20194%2014-10-2022%20INTEGRA.pdf
2025-05-22 04:50:18,047 - P17320 - INFO - Após processar URL 22 Uso de memória: 133.16 MB
2025-05-22 04:50:18,047 - P17320 - INFO - Processando URL 23/25: https://consultacrm.com.br/
2025-05-22 04:50:21,883 - P17320 - INFO - HTML salvo para debug: data\debug_html_v10\65cadeb91ac3713432c21b535990f440.html
2025-05-22 04:50:21,895 - P17320 - INFO - Candidates address: 0 items
2025-05-22 04:50:21,895 - P17320 - INFO - Candidates phone: 0 items
2025-05-22 04:50:21,895 - P17320 - INFO - Candidates email: 0 items
2025-05-22 04:50:21,896 - P17320 - INFO - Candidates complement: 0 items
2025-05-22 04:50:21,896 - P17320 - INFO - Candidates cep: 0 items
2025-05-22 04:50:21,896 - P17320 - INFO - Após processar URL 23 Uso de memória: 135.48 MB
2025-05-22 04:50:21,896 - P17320 - INFO - Processando URL 24/25: https://web.trf3.jus.br/diario/Consulta/BaixarPdf/19836
2025-05-22 04:50:24,026 - P17320 - INFO - HTML salvo para debug: data\debug_html_v10\4eecefc49dd7ecb2466b7c9bae3bd0e8.html
2025-05-22 04:50:24,037 - P17320 - INFO - Candidates address: 0 items
2025-05-22 04:50:24,038 - P17320 - INFO - Candidates phone: 0 items
2025-05-22 04:50:24,038 - P17320 - INFO - Candidates email: 0 items
2025-05-22 04:50:24,038 - P17320 - INFO - Candidates complement: 0 items
2025-05-22 04:50:24,038 - P17320 - INFO - Candidates cep: 0 items
2025-05-22 04:50:24,039 - P17320 - INFO - Após processar URL 24 Uso de memória: 135.58 MB
2025-05-22 04:50:24,039 - P17320 - INFO - Processando URL 25/25: https://cadastroempresa.com.br/fornecedor/dr-allan-mota-ltda-50264240000171
2025-05-22 04:50:26,574 - P17320 - INFO - HTML salvo para debug: data\debug_html_v10\c4eb71dc496d25c3becd8c57d38733ac.html
2025-05-22 04:50:26,597 - P17320 - INFO - Candidates address: 0 items
2025-05-22 04:50:26,597 - P17320 - INFO - Candidates phone: 1 items
2025-05-22 04:50:26,598 - P17320 - INFO - Candidates email: 1 items
2025-05-22 04:50:26,598 - P17320 - INFO - Candidates complement: 0 items
2025-05-22 04:50:26,598 - P17320 - INFO - Candidates cep: 3 items
2025-05-22 04:50:26,598 - P17320 - INFO - Após processar URL 25 Uso de memória: 134.64 MB
2025-05-22 04:50:26,598 - P17320 - INFO - Iniciando agregação e ranqueamento
2025-05-22 04:50:26,598 - P17320 - INFO - Ranked address: 63 items
2025-05-22 04:50:26,599 - P17320 - INFO - Ranked phone: 6 items
2025-05-22 04:50:26,599 - P17320 - INFO - Ranked email: 8 items
2025-05-22 04:50:26,599 - P17320 - INFO - Ranked complement: 15 items
2025-05-22 04:50:26,599 - P17320 - INFO - Ranked cep: 77 items
2025-05-22 04:50:26,600 - P17320 - INFO - Após agregação Uso de memória: 134.64 MB
2025-05-22 04:50:26,600 - P17320 - INFO - Validando endereço: ['Rua Bosco Scaffs, 95', 'R.I. 2 - 0000022-11.2014.8.08.0021', 'R. e outros Intimo os Drs advogados Advogado: 007484']
2025-05-22 04:50:26,600 - P17320 - INFO - Endereço validado: Rua Bosco Scaffs, 95
2025-05-22 04:50:26,600 - P17320 - INFO - Limpando texto extenso para campo address: Rua Bosco Scaffs, 95...
2025-05-22 04:50:26,600 - P17320 - INFO - Texto limpo: Rua Bosco Scaffs, 95
2025-05-22 04:50:26,600 - P17320 - INFO - Validando telefone: ['(79) 99128-9264', '(27) 3161-7004', '(27) 3161-7042']
2025-05-22 04:50:26,601 - P17320 - INFO - Limpando texto extenso para campo phone: (79) 99128-9264...
2025-05-22 04:50:26,601 - P17320 - INFO - Texto limpo: 79) 99128-9264
2025-05-22 04:50:26,601 - P17320 - INFO - Telefone validado: 79) 99128-9264
2025-05-22 04:50:26,601 - P17320 - INFO - Validando email: ['medupcontabilidade@gmail.com', '1jecriminal-guarapari@tjes.jus.br', '2criminal-guarapari@tjes.jus.br']
2025-05-22 04:50:26,601 - P17320 - INFO - Limpando texto extenso para campo email: medupcontabilidade@gmail.com...
2025-05-22 04:50:26,601 - P17320 - INFO - Texto limpo: medupcontabilidade@gmail.com
2025-05-22 04:50:26,601 - P17320 - INFO - Email validado: medupcontabilidade@gmail.com
2025-05-22 04:50:26,602 - P17320 - INFO - Validando complemento: ['Sala das Sessões', 'Sala: SALA A Data: 14/07/2023 Hora: 15:00 . ', 'Sala: SALA A Data: 14/07/2023 Hora: 15:30 . ']
2025-05-22 04:50:26,602 - P17320 - INFO - Limpando texto extenso para campo complement: Sala das Sessões...
2025-05-22 04:50:26,602 - P17320 - INFO - Texto limpo: Sala das Sessões
2025-05-22 04:50:26,602 - P17320 - INFO - Complemento validado: Sala das Sessões
2025-05-22 04:50:26,602 - P17320 - INFO - Descobrindo cidade
2025-05-22 04:50:26,602 - P17320 - INFO - Buscando cidade: Rua Bosco Scaffs cidade SE
2025-05-22 04:50:29,198 - P17320 - INFO - Cidade encontrada: Aracaju
2025-05-22 04:50:29,199 - P17320 - INFO - Limpando texto extenso para campo city: Aracaju...
2025-05-22 04:50:29,199 - P17320 - INFO - Texto limpo: Aracaju
2025-05-22 04:50:29,199 - P17320 - INFO - Cidade descoberta: Aracaju
2025-05-22 04:50:29,199 - P17320 - INFO - Buscando CEP com sistema de cascata
2025-05-22 04:50:29,200 - P17320 - INFO - Iniciando busca de CEP em cascata para: Rua Bosco Scaffs, Aracaju, SE
2025-05-22 04:50:29,200 - P17320 - INFO - Método 1: ViaCEP API
2025-05-22 04:50:29,200 - P17320 - INFO - Buscando no ViaCEP: https://viacep.com.br/ws/SE/aracaju/rua%20bosco%20scaffs/json/
2025-05-22 04:50:29,869 - P17320 - INFO - Dados encontrados no ViaCEP: {'cep': '49041-060', 'logradouro': 'Rua Bosco Scaffs', 'complemento': '', 'unidade': '', 'bairro': 'Inácio Barbosa', 'localidade': 'Aracaju', 'uf': 'SE', 'estado': 'Sergipe', 'regiao': 'Nordeste', 'ibge': '2800308', 'gia': '', 'ddd': '79', 'siafi': '3105'}
2025-05-22 04:50:29,871 - P17320 - INFO - CEP encontrado via ViaCEP: 49041-060
2025-05-22 04:50:29,872 - P17320 - INFO - Dados de CEP encontrados: {'cep': '49041-060', 'logradouro': 'Rua Bosco Scaffs', 'complemento': '', 'unidade': '', 'bairro': 'Inácio Barbosa', 'localidade': 'Aracaju', 'uf': 'SE', 'estado': 'Sergipe', 'regiao': 'Nordeste', 'ibge': '2800308', 'gia': '', 'ddd': '79', 'siafi': '3105'}
2025-05-22 04:50:29,872 - P17320 - INFO - Limpando texto extenso para campo bairro: Inácio Barbosa...
2025-05-22 04:50:29,872 - P17320 - INFO - Texto limpo: Inácio Barbosa
2025-05-22 04:50:29,872 - P17320 - INFO - Limpando texto extenso para campo city: Aracaju...
2025-05-22 04:50:29,872 - P17320 - INFO - Texto limpo: Aracaju
2025-05-22 04:50:29,872 - P17320 - INFO - Limpando texto extenso para campo state: SE...
2025-05-22 04:50:29,872 - P17320 - INFO - Texto limpo: SE
2025-05-22 04:50:29,873 - P17320 - INFO - Tempo de execução de processamento completo do médico: 71.39 segundos
2025-05-22 04:50:29,873 - P17320 - INFO - Resultado processado: {'Hash': 'a3bef32f573d8089c9d52f99cf612ba76dd2b859933507dc9dbc19c75a893900', 'CRM': '7042', 'UF': 'SE', 'Firstname': 'ALLAN', 'LastName': 'VICTOR HORA MOTA', 'Medical specialty': '', 'Endereco Completo A1': 'Rua Bosco Scaffs, 95', 'Address A1': 'Rua Bosco Scaffs', 'Numero A1': '95', 'Complement A1': 'Sala das Sessões', 'Bairro A1': 'Inácio Barbosa', 'postal code A1': '49041-060', 'City A1': 'Aracaju', 'State A1': 'SE', 'Phone A1': '79) 99128-9264', 'Phone A2': '', 'Cell phone A1': '', 'Cell phone A2': '', 'E-mail A1': 'medupcontabilidade@gmail.com', 'E-mail A2': '', 'OPT-IN': '', 'STATUS': '', 'LOTE': ''}
2025-05-22 04:50:29,874 - P17320 - INFO - Progresso: 77.4%
2025-05-22 04:50:29,874 - P17320 - INFO - Tempo de execução de processamento do médico 2: 71.39 segundos
2025-05-22 04:50:29,874 - P17320 - INFO - 
==================================================
Processando médico 3/3
2025-05-22 04:50:29,874 - P17320 - INFO - Nome: HONA TAHIM MANTOVANI
2025-05-22 04:50:29,875 - P17320 - INFO - Início do processamento Uso de memória: 133.77 MB
2025-05-22 04:50:29,875 - P17320 - INFO - Iniciando busca para: HONA TAHIM MANTOVANI CRM 8686 SP telefone e-mail endereço
2025-05-22 04:50:30,784 - P17320 - INFO - SearX results: 13 URLs
2025-05-22 04:50:30,784 - P17320 - INFO - Após SearX Uso de memória: 133.77 MB
2025-05-22 04:50:33,279 - P17320 - INFO - Google results: 0 URLs
2025-05-22 04:50:33,280 - P17320 - INFO - Após Google Uso de memória: 133.77 MB
2025-05-22 04:50:35,884 - P17320 - INFO - Bing results: 10 URLs
2025-05-22 04:50:35,884 - P17320 - INFO - Após Bing Uso de memória: 134.25 MB
2025-05-22 04:50:35,885 - P17320 - INFO - Total de URLs únicas: 16
2025-05-22 04:50:35,885 - P17320 - INFO - Processando URL 1/16: http://cremesp.org.br/
2025-05-22 04:50:42,973 - P17320 - INFO - HTML salvo para debug: data\debug_html_v10\2a967318246f9658edeb1e0469c871fe.html
2025-05-22 04:50:42,998 - P17320 - INFO - Candidates address: 1 items
2025-05-22 04:50:42,998 - P17320 - INFO - Candidates phone: 1 items
2025-05-22 04:50:42,998 - P17320 - INFO - Candidates email: 0 items
2025-05-22 04:50:42,999 - P17320 - INFO - Candidates complement: 0 items
2025-05-22 04:50:42,999 - P17320 - INFO - Candidates cep: 2 items
2025-05-22 04:50:42,999 - P17320 - INFO - Após processar URL 1 Uso de memória: 134.27 MB
2025-05-22 04:50:42,999 - P17320 - INFO - Processando URL 2/16: https://doutorcrm.com/hona-tahim-mantovani
2025-05-22 04:50:47,482 - P17320 - INFO - HTML salvo para debug: data\debug_html_v10\18b6c29a695e73ec95a85b6cb2a64f0c.html
2025-05-22 04:50:47,492 - P17320 - INFO - Candidates address: 0 items
2025-05-22 04:50:47,493 - P17320 - INFO - Candidates phone: 0 items
2025-05-22 04:50:47,493 - P17320 - INFO - Candidates email: 0 items
2025-05-22 04:50:47,493 - P17320 - INFO - Candidates complement: 0 items
2025-05-22 04:50:47,493 - P17320 - INFO - Candidates cep: 0 items
2025-05-22 04:50:47,493 - P17320 - INFO - Após processar URL 2 Uso de memória: 134.31 MB
2025-05-22 04:50:47,493 - P17320 - INFO - Processando URL 3/16: https://www.classemedica.com.br/medico/138458-hona-tahim-mantovani.htm
2025-05-22 04:50:59,378 - P17320 - INFO - HTML salvo para debug: data\debug_html_v10\dd4d6b20d53f0e736a455143537c1db5.html
2025-05-22 04:50:59,410 - P17320 - INFO - Candidates address: 0 items
2025-05-22 04:50:59,411 - P17320 - INFO - Candidates phone: 0 items
2025-05-22 04:50:59,411 - P17320 - INFO - Candidates email: 0 items
2025-05-22 04:50:59,411 - P17320 - INFO - Candidates complement: 0 items
2025-05-22 04:50:59,411 - P17320 - INFO - Candidates cep: 0 items
2025-05-22 04:50:59,411 - P17320 - INFO - Após processar URL 3 Uso de memória: 136.12 MB
2025-05-22 04:50:59,411 - P17320 - INFO - Processando URL 4/16: https://www.cremesp.org.br/?siteAcao=CMDesatualizado&pg=37
2025-05-22 04:51:03,519 - P17320 - INFO - HTML salvo para debug: data\debug_html_v10\f207aeae8f4b230b4c3a999746231b9d.html
2025-05-22 04:51:03,542 - P17320 - INFO - Candidates address: 1 items
2025-05-22 04:51:03,542 - P17320 - INFO - Candidates phone: 1 items
2025-05-22 04:51:03,542 - P17320 - INFO - Candidates email: 2 items
2025-05-22 04:51:03,543 - P17320 - INFO - Candidates complement: 0 items
2025-05-22 04:51:03,543 - P17320 - INFO - Candidates cep: 1 items
2025-05-22 04:51:03,543 - P17320 - INFO - Após processar URL 4 Uso de memória: 135.43 MB
2025-05-22 04:51:03,543 - P17320 - INFO - Processando URL 5/16: https://transparencia.cfm.org.br/index.php/2-uncategorised/106-telefones-institucionais-e-e-mails-dos-setores-do-cfm
2025-05-22 04:51:06,317 - P17320 - INFO - HTML salvo para debug: data\debug_html_v10\72faa326a13c6e009b53661b6a29c95a.html
2025-05-22 04:51:06,351 - P17320 - INFO - Candidates address: 0 items
2025-05-22 04:51:06,351 - P17320 - INFO - Candidates phone: 0 items
2025-05-22 04:51:06,351 - P17320 - INFO - Candidates email: 14 items
2025-05-22 04:51:06,351 - P17320 - INFO - Candidates complement: 1 items
2025-05-22 04:51:06,352 - P17320 - INFO - Candidates cep: 1 items
2025-05-22 04:51:06,352 - P17320 - INFO - Após processar URL 5 Uso de memória: 135.43 MB
2025-05-22 04:51:06,352 - P17320 - INFO - Processando URL 6/16: https://www.spsp.org.br/wp-content/uploads/form-maker/ITvzYLfHAf.pdf
2025-05-22 04:51:06,352 - P17320 - INFO - Ignorando URL de arquivo não-HTML: https://www.spsp.org.br/wp-content/uploads/form-maker/ITvzYLfHAf.pdf
2025-05-22 04:51:06,352 - P17320 - INFO - Após processar URL 6 Uso de memória: 135.43 MB
2025-05-22 04:51:06,352 - P17320 - INFO - Processando URL 7/16: https://cnpj.biz/17363851000100
2025-05-22 04:51:08,707 - P17320 - INFO - HTML salvo para debug: data\debug_html_v10\c5b463a4bea4e091025fdd63ea873ba3.html
2025-05-22 04:51:08,709 - P17320 - INFO - Candidates address: 0 items
2025-05-22 04:51:08,710 - P17320 - INFO - Candidates phone: 0 items
2025-05-22 04:51:08,710 - P17320 - INFO - Candidates email: 0 items
2025-05-22 04:51:08,710 - P17320 - INFO - Candidates complement: 0 items
2025-05-22 04:51:08,710 - P17320 - INFO - Candidates cep: 0 items
2025-05-22 04:51:08,711 - P17320 - INFO - Após processar URL 7 Uso de memória: 135.43 MB
2025-05-22 04:51:08,711 - P17320 - INFO - Processando URL 8/16: https://www.consultacrm.com.br/index/medicos/uid-97455d3d-f5c5-11ec-9e74-0a4aa568c625/hona_tahim_mantovani
2025-05-22 04:51:12,497 - P17320 - INFO - HTML salvo para debug: data\debug_html_v10\e1fbe2c490522c5fa77b9d4515370217.html
2025-05-22 04:51:12,507 - P17320 - INFO - Candidates address: 0 items
2025-05-22 04:51:12,508 - P17320 - INFO - Candidates phone: 0 items
2025-05-22 04:51:12,508 - P17320 - INFO - Candidates email: 0 items
2025-05-22 04:51:12,508 - P17320 - INFO - Candidates complement: 0 items
2025-05-22 04:51:12,508 - P17320 - INFO - Candidates cep: 0 items
2025-05-22 04:51:12,508 - P17320 - INFO - Após processar URL 8 Uso de memória: 135.45 MB
2025-05-22 04:51:12,508 - P17320 - INFO - Processando URL 9/16: https://www.cremesp.org.br/?siteAcao=PesquisaEmpresas&ficha=sim&codigo=9666320
2025-05-22 04:51:15,997 - P17320 - INFO - HTML salvo para debug: data\debug_html_v10\ded1b616d3cab9478af72a6fcd30ee0c.html
2025-05-22 04:51:16,015 - P17320 - INFO - Candidates address: 1 items
2025-05-22 04:51:16,015 - P17320 - INFO - Candidates phone: 1 items
2025-05-22 04:51:16,016 - P17320 - INFO - Candidates email: 0 items
2025-05-22 04:51:16,016 - P17320 - INFO - Candidates complement: 0 items
2025-05-22 04:51:16,016 - P17320 - INFO - Candidates cep: 1 items
2025-05-22 04:51:16,016 - P17320 - INFO - Após processar URL 9 Uso de memória: 135.45 MB
2025-05-22 04:51:16,016 - P17320 - INFO - Processando URL 10/16: https://www.encontrasaopaulo.com.br/agenda/crm-sp/
2025-05-22 04:51:21,384 - P17320 - INFO - HTML salvo para debug: data\debug_html_v10\f96a157f3cde736c20a7c87f788a1d0b.html
2025-05-22 04:51:21,412 - P17320 - INFO - Candidates address: 2 items
2025-05-22 04:51:21,412 - P17320 - INFO - Candidates phone: 2 items
2025-05-22 04:51:21,412 - P17320 - INFO - Candidates email: 0 items
2025-05-22 04:51:21,413 - P17320 - INFO - Candidates complement: 0 items
2025-05-22 04:51:21,413 - P17320 - INFO - Candidates cep: 0 items
2025-05-22 04:51:21,413 - P17320 - INFO - Após processar URL 10 Uso de memória: 137.25 MB
2025-05-22 04:51:21,414 - P17320 - INFO - Processando URL 11/16: https://guiamedico.cremesp.org.br/
2025-05-22 04:51:25,510 - P17320 - INFO - HTML salvo para debug: data\debug_html_v10\7c54969580769b63edd9abaa952e1fa2.html
2025-05-22 04:51:25,521 - P17320 - INFO - Candidates address: 1 items
2025-05-22 04:51:25,523 - P17320 - INFO - Candidates phone: 1 items
2025-05-22 04:51:25,523 - P17320 - INFO - Candidates email: 0 items
2025-05-22 04:51:25,524 - P17320 - INFO - Candidates complement: 0 items
2025-05-22 04:51:25,524 - P17320 - INFO - Candidates cep: 1 items
2025-05-22 04:51:25,524 - P17320 - INFO - Após processar URL 11 Uso de memória: 135.62 MB
2025-05-22 04:51:25,524 - P17320 - INFO - Processando URL 12/16: https://www.crm-sp.org.br/?siteAcao=Especialidades
2025-05-22 04:51:34,762 - P17320 - INFO - HTML salvo para debug: data\debug_html_v10\975a7e39377414b41cdf73c2ee79b004.html
2025-05-22 04:51:34,775 - P17320 - INFO - Candidates address: 0 items
2025-05-22 04:51:34,776 - P17320 - INFO - Candidates phone: 0 items
2025-05-22 04:51:34,776 - P17320 - INFO - Candidates email: 0 items
2025-05-22 04:51:34,776 - P17320 - INFO - Candidates complement: 0 items
2025-05-22 04:51:34,776 - P17320 - INFO - Candidates cep: 0 items
2025-05-22 04:51:34,777 - P17320 - INFO - Após processar URL 12 Uso de memória: 135.62 MB
2025-05-22 04:51:34,777 - P17320 - INFO - Processando URL 13/16: https://consultacrm.com.br/
2025-05-22 04:51:38,420 - P17320 - INFO - HTML salvo para debug: data\debug_html_v10\65cadeb91ac3713432c21b535990f440.html
2025-05-22 04:51:38,432 - P17320 - INFO - Candidates address: 0 items
2025-05-22 04:51:38,432 - P17320 - INFO - Candidates phone: 0 items
2025-05-22 04:51:38,432 - P17320 - INFO - Candidates email: 0 items
2025-05-22 04:51:38,432 - P17320 - INFO - Candidates complement: 0 items
2025-05-22 04:51:38,432 - P17320 - INFO - Candidates cep: 0 items
2025-05-22 04:51:38,433 - P17320 - INFO - Após processar URL 13 Uso de memória: 135.64 MB
2025-05-22 04:51:38,433 - P17320 - INFO - Processando URL 14/16: https://www.consultacrm.com.br/index/profissionais/uid-91752dcc-f5c5-11ec-9e74-0a4aa568c625/gustavo_mantovani_ruggiero
2025-05-22 04:51:42,593 - P17320 - INFO - HTML salvo para debug: data\debug_html_v10\bd3967a3219acc3c271a8d392e42decf.html
2025-05-22 04:51:42,611 - P17320 - INFO - Candidates address: 0 items
2025-05-22 04:51:42,611 - P17320 - INFO - Candidates phone: 0 items
2025-05-22 04:51:42,612 - P17320 - INFO - Candidates email: 0 items
2025-05-22 04:51:42,612 - P17320 - INFO - Candidates complement: 0 items
2025-05-22 04:51:42,613 - P17320 - INFO - Candidates cep: 0 items
2025-05-22 04:51:42,613 - P17320 - INFO - Após processar URL 14 Uso de memória: 135.64 MB
2025-05-22 04:51:42,613 - P17320 - INFO - Processando URL 15/16: https://transparencia.cremesp.org.br/?siteAcao=guia_medico
2025-05-22 04:51:45,971 - P17320 - INFO - HTML salvo para debug: data\debug_html_v10\cb80cc007a72cc7a378681a92a58906a.html
2025-05-22 04:51:46,018 - P17320 - INFO - Candidates address: 1 items
2025-05-22 04:51:46,018 - P17320 - INFO - Candidates phone: 0 items
2025-05-22 04:51:46,018 - P17320 - INFO - Candidates email: 0 items
2025-05-22 04:51:46,019 - P17320 - INFO - Candidates complement: 0 items
2025-05-22 04:51:46,019 - P17320 - INFO - Candidates cep: 1 items
2025-05-22 04:51:46,019 - P17320 - INFO - Após processar URL 15 Uso de memória: 135.64 MB
2025-05-22 04:51:46,019 - P17320 - INFO - Processando URL 16/16: https://www.prefeitura.sp.gov.br/cidade/secretarias/upload/saude/cgp/CGP_MEDICOS_MAR2012.pdf
2025-05-22 04:51:46,020 - P17320 - INFO - Ignorando URL de arquivo não-HTML: https://www.prefeitura.sp.gov.br/cidade/secretarias/upload/saude/cgp/CGP_MEDICOS_MAR2012.pdf
2025-05-22 04:51:46,020 - P17320 - INFO - Após processar URL 16 Uso de memória: 135.64 MB
2025-05-22 04:51:46,020 - P17320 - INFO - Iniciando agregação e ranqueamento
2025-05-22 04:51:46,020 - P17320 - INFO - Ranked address: 3 items
2025-05-22 04:51:46,020 - P17320 - INFO - Ranked phone: 2 items
2025-05-22 04:51:46,021 - P17320 - INFO - Ranked email: 16 items
2025-05-22 04:51:46,021 - P17320 - INFO - Ranked complement: 1 items
2025-05-22 04:51:46,021 - P17320 - INFO - Ranked cep: 3 items
2025-05-22 04:51:46,021 - P17320 - INFO - Após agregação Uso de memória: 135.64 MB
2025-05-22 04:51:46,021 - P17320 - INFO - Validando endereço: ['Rua Frei Caneca, 1282', 'R. Frei Caneca, 1282', 'R. Domingos de Morais, 2187']
2025-05-22 04:51:46,021 - P17320 - INFO - Endereço validado: Rua Frei Caneca, 1282
2025-05-22 04:51:46,022 - P17320 - INFO - Limpando texto extenso para campo address: Rua Frei Caneca, 1282...
2025-05-22 04:51:46,022 - P17320 - INFO - Texto limpo: Rua Frei Caneca, 1282
2025-05-22 04:51:46,022 - P17320 - INFO - Validando telefone: ['(11) 4349-9900', '(11) 3675-7104']
2025-05-22 04:51:46,022 - P17320 - INFO - Limpando texto extenso para campo phone: (11) 4349-9900...
2025-05-22 04:51:46,022 - P17320 - INFO - Texto limpo: 11) 4349-9900
2025-05-22 04:51:46,022 - P17320 - INFO - Telefone validado: 11) 4349-9900
2025-05-22 04:51:46,023 - P17320 - INFO - Validando email: ['cad@cremesp.org.br', 'cadastro@cremesp.org.br', 'presidencia@portalmedico.org.br']
2025-05-22 04:51:46,023 - P17320 - INFO - Limpando texto extenso para campo email: cad@cremesp.org.br...
2025-05-22 04:51:46,023 - P17320 - INFO - Texto limpo: cad@cremesp.org.br
2025-05-22 04:51:46,023 - P17320 - INFO - Email validado: cad@cremesp.org.br
2025-05-22 04:51:46,023 - P17320 - INFO - Validando complemento: ['Conjunto D']
2025-05-22 04:51:46,023 - P17320 - INFO - Limpando texto extenso para campo complement: Conjunto D...
2025-05-22 04:51:46,024 - P17320 - INFO - Texto limpo: Conjunto D
2025-05-22 04:51:46,024 - P17320 - INFO - Complemento validado: Conjunto D
2025-05-22 04:51:46,024 - P17320 - INFO - Descobrindo cidade
2025-05-22 04:51:46,024 - P17320 - INFO - Buscando cidade: Rua Frei Caneca cidade SP
2025-05-22 04:51:48,623 - P17320 - WARNING - Cidade não encontrada
2025-05-22 04:51:48,625 - P17320 - INFO - Cidade descoberta: 
2025-05-22 04:51:48,627 - P17320 - INFO - Tempo de execução de processamento completo do médico: 78.75 segundos
2025-05-22 04:51:48,634 - P17320 - INFO - Resultado processado: {'Hash': '9d45573c46b6526b8a8fadd8466b23be9293f6d26039a5bb3958c7569c172ef6', 'CRM': '8686', 'UF': 'SP', 'Firstname': 'HONA', 'LastName': 'TAHIM MANTOVANI', 'Medical specialty': '', 'Endereco Completo A1': 'Rua Frei Caneca, 1282', 'Address A1': 'Rua Frei Caneca', 'Numero A1': '1282', 'Complement A1': 'Conjunto D', 'Bairro A1': '', 'postal code A1': '', 'City A1': '', 'State A1': '', 'Phone A1': '11) 4349-9900', 'Phone A2': '', 'Cell phone A1': '', 'Cell phone A2': '', 'E-mail A1': 'cad@cremesp.org.br', 'E-mail A2': '', 'OPT-IN': '', 'STATUS': '', 'LOTE': ''}
2025-05-22 04:51:48,665 - P17320 - INFO - Salvando lote de resultados
2025-05-22 04:51:48,669 - P17320 - INFO - Após salvar resultados Uso de memória: 133.66 MB
2025-05-22 04:51:48,670 - P17320 - INFO - Progresso: 77.8%
2025-05-22 04:51:48,671 - P17320 - INFO - Tempo de execução de processamento do médico 3: 78.80 segundos
2025-05-22 04:51:48,672 - P17320 - INFO - Tempo de execução de processamento do lote completo: 252.76 segundos
