2025-05-22 01:26:31,673 - P15228 - INFO - 
==================================================
Processando médico 1/3
2025-05-22 01:26:31,674 - P15228 - INFO - Nome: LUIZA ANDRADE ARAUJO
2025-05-22 01:26:31,674 - P15228 - INFO - Reiniciando driver do Chrome
2025-05-22 01:26:33,090 - P15228 - INFO - Após reiniciar driver Uso de memória: 81.12 MB
2025-05-22 01:26:33,090 - P15228 - INFO - Início do processamento Uso de memória: 81.12 MB
2025-05-22 01:26:33,090 - P15228 - INFO - Iniciando busca para: LUIZA ANDRADE ARAUJO CRM 55291 MG telefone e-mail endereço
2025-05-22 01:26:33,547 - P15228 - INFO - SearX results: 10 URLs
2025-05-22 01:26:33,548 - P15228 - INFO - Após SearX Uso de memória: 81.14 MB
2025-05-22 01:26:36,447 - P15228 - INFO - Google results: 8 URLs
2025-05-22 01:26:36,448 - P15228 - INFO - Após Google Uso de memória: 82.26 MB
2025-05-22 01:26:39,049 - P15228 - INFO - Bing results: 11 URLs
2025-05-22 01:26:39,049 - P15228 - INFO - Após Bing Uso de memória: 83.46 MB
2025-05-22 01:26:39,049 - P15228 - INFO - Total de URLs únicas: 22
2025-05-22 01:26:39,049 - P15228 - INFO - Processando URL 1/22: https://crmmg.org.br/contato/
2025-05-22 01:26:44,554 - P15228 - INFO - HTML salvo para debug: data\debug_html_v10\8b782fbc7fe3c59e356e34916a7ce54c.html
2025-05-22 01:26:44,590 - P15228 - INFO - Candidates address: 2 items
2025-05-22 01:26:44,591 - P15228 - INFO - Candidates phone: 0 items
2025-05-22 01:26:44,591 - P15228 - INFO - Candidates email: 1 items
2025-05-22 01:26:44,591 - P15228 - INFO - Candidates complement: 2 items
2025-05-22 01:26:44,591 - P15228 - INFO - Candidates cep: 0 items
2025-05-22 01:26:44,591 - P15228 - INFO - Após processar URL 1 Uso de memória: 85.00 MB
2025-05-22 01:26:44,592 - P15228 - INFO - Processando URL 2/22: https://portal-api.campinas.sp.gov.br/sites/default/files/publicacoes-dom/dom/1879581198.pdf
2025-05-22 01:26:44,592 - P15228 - INFO - Ignorando URL de arquivo não-HTML: https://portal-api.campinas.sp.gov.br/sites/default/files/publicacoes-dom/dom/1879581198.pdf
2025-05-22 01:26:44,592 - P15228 - INFO - Após processar URL 2 Uso de memória: 85.00 MB
2025-05-22 01:26:44,592 - P15228 - INFO - Processando URL 3/22: https://www.sbpqo.org.br/hotsite2022/bor-v036-book-p6.pdf
2025-05-22 01:26:44,592 - P15228 - INFO - Ignorando URL de arquivo não-HTML: https://www.sbpqo.org.br/hotsite2022/bor-v036-book-p6.pdf
2025-05-22 01:26:44,592 - P15228 - INFO - Após processar URL 3 Uso de memória: 85.00 MB
2025-05-22 01:26:44,592 - P15228 - INFO - Processando URL 4/22: https://www.stf.jus.br/arquivo/djEletronico/DJE_20220411_071.pdf
2025-05-22 01:26:44,593 - P15228 - INFO - Ignorando URL de arquivo não-HTML: https://www.stf.jus.br/arquivo/djEletronico/DJE_20220411_071.pdf
2025-05-22 01:26:44,593 - P15228 - INFO - Após processar URL 4 Uso de memória: 85.00 MB
2025-05-22 01:26:44,593 - P15228 - INFO - Processando URL 5/22: https://institutoprolife.com.br/
2025-05-22 01:26:50,591 - P15228 - INFO - HTML salvo para debug: data\debug_html_v10\18f51974a2f53d99f13ceebf740ee610.html
2025-05-22 01:26:50,615 - P15228 - INFO - Candidates address: 0 items
2025-05-22 01:26:50,615 - P15228 - INFO - Candidates phone: 2 items
2025-05-22 01:26:50,615 - P15228 - INFO - Candidates email: 0 items
2025-05-22 01:26:50,615 - P15228 - INFO - Candidates complement: 0 items
2025-05-22 01:26:50,616 - P15228 - INFO - Candidates cep: 2 items
2025-05-22 01:26:50,616 - P15228 - INFO - Após processar URL 5 Uso de memória: 86.08 MB
2025-05-22 01:26:50,616 - P15228 - INFO - Processando URL 6/22: https://portal.cfm.org.br/busca-medicos
2025-05-22 01:26:54,641 - P15228 - INFO - HTML salvo para debug: data\debug_html_v10\e28ae84aaa177d1328f3a0d1fb68449f.html
2025-05-22 01:26:54,676 - P15228 - INFO - Candidates address: 0 items
2025-05-22 01:26:54,676 - P15228 - INFO - Candidates phone: 0 items
2025-05-22 01:26:54,676 - P15228 - INFO - Candidates email: 1 items
2025-05-22 01:26:54,676 - P15228 - INFO - Candidates complement: 1 items
2025-05-22 01:26:54,676 - P15228 - INFO - Candidates cep: 1 items
2025-05-22 01:26:54,677 - P15228 - INFO - Após processar URL 6 Uso de memória: 87.71 MB
2025-05-22 01:26:54,677 - P15228 - INFO - Processando URL 7/22: https://diariooficial.guarulhos.sp.gov.br/uploads/pdf/876753903.pdf
2025-05-22 01:26:54,677 - P15228 - INFO - Ignorando URL de arquivo não-HTML: https://diariooficial.guarulhos.sp.gov.br/uploads/pdf/876753903.pdf
2025-05-22 01:26:54,677 - P15228 - INFO - Após processar URL 7 Uso de memória: 84.71 MB
2025-05-22 01:26:54,677 - P15228 - INFO - Processando URL 8/22: https://deoab.oab.org.br/assets/diarios/diario-eletronico-oab-17-04-2023.pdf?p=1681689600084
2025-05-22 01:26:54,678 - P15228 - INFO - Ignorando URL de arquivo não-HTML: https://deoab.oab.org.br/assets/diarios/diario-eletronico-oab-17-04-2023.pdf?p=1681689600084
2025-05-22 01:26:54,678 - P15228 - INFO - Após processar URL 8 Uso de memória: 84.71 MB
2025-05-22 01:26:54,678 - P15228 - INFO - Processando URL 9/22: https://iomat.mt.gov.br/portal/edicoes/download/2348
2025-05-22 01:26:57,126 - P15228 - INFO - HTML salvo para debug: data\debug_html_v10\6b5a7691b955ad8f4bef41f57308495c.html
2025-05-22 01:26:57,163 - P15228 - INFO - Candidates address: 0 items
2025-05-22 01:26:57,163 - P15228 - INFO - Candidates phone: 0 items
2025-05-22 01:26:57,163 - P15228 - INFO - Candidates email: 1 items
2025-05-22 01:26:57,163 - P15228 - INFO - Candidates complement: 1 items
2025-05-22 01:26:57,163 - P15228 - INFO - Candidates cep: 1 items
2025-05-22 01:26:57,164 - P15228 - INFO - Após processar URL 9 Uso de memória: 87.89 MB
2025-05-22 01:26:57,164 - P15228 - INFO - Processando URL 10/22: https://diario.carapicuiba.sp.gov.br/uploads/diario_oficial/341/Ld0YfZKQTQcIHekc0Iy2tCWCEqeQS-jk.pdf
2025-05-22 01:26:57,164 - P15228 - INFO - Ignorando URL de arquivo não-HTML: https://diario.carapicuiba.sp.gov.br/uploads/diario_oficial/341/Ld0YfZKQTQcIHekc0Iy2tCWCEqeQS-jk.pdf
2025-05-22 01:26:57,164 - P15228 - INFO - Após processar URL 10 Uso de memória: 86.25 MB
2025-05-22 01:26:57,165 - P15228 - INFO - Processando URL 11/22: https://www.boaconsulta.com/especialista/luiza-andrade-araujo-6105b5c5ba32c32392000d7e
2025-05-22 01:27:00,929 - P15228 - INFO - HTML salvo para debug: data\debug_html_v10\73f94b9c843b4d8271a269192e705a10.html
2025-05-22 01:27:01,024 - P15228 - INFO - Candidates address: 1 items
2025-05-22 01:27:01,025 - P15228 - INFO - Candidates phone: 0 items
2025-05-22 01:27:01,026 - P15228 - INFO - Candidates email: 0 items
2025-05-22 01:27:01,035 - P15228 - INFO - Candidates complement: 0 items
2025-05-22 01:27:01,044 - P15228 - INFO - Candidates cep: 0 items
2025-05-22 01:27:01,048 - P15228 - INFO - Após processar URL 11 Uso de memória: 88.26 MB
2025-05-22 01:27:01,056 - P15228 - INFO - Processando URL 12/22: https://consultacrm.com.br/
2025-05-22 01:27:05,733 - P15228 - INFO - HTML salvo para debug: data\debug_html_v10\65cadeb91ac3713432c21b535990f440.html
2025-05-22 01:27:05,759 - P15228 - INFO - Candidates address: 0 items
2025-05-22 01:27:05,761 - P15228 - INFO - Candidates phone: 0 items
2025-05-22 01:27:05,761 - P15228 - INFO - Candidates email: 0 items
2025-05-22 01:27:05,763 - P15228 - INFO - Candidates complement: 0 items
2025-05-22 01:27:05,765 - P15228 - INFO - Candidates cep: 0 items
2025-05-22 01:27:05,770 - P15228 - INFO - Após processar URL 12 Uso de memória: 89.42 MB
2025-05-22 01:27:05,775 - P15228 - INFO - Processando URL 13/22: https://www.doctoralia.com.br/dermatologista/janauba/centro360
2025-05-22 01:27:05,776 - P15228 - INFO - Ignorando URL de arquivo não-HTML: https://www.doctoralia.com.br/dermatologista/janauba/centro360
2025-05-22 01:27:05,776 - P15228 - INFO - Após processar URL 13 Uso de memória: 88.02 MB
2025-05-22 01:27:05,781 - P15228 - INFO - Processando URL 14/22: http://doutorcrm.com/
2025-05-22 01:27:08,475 - P15228 - INFO - HTML salvo para debug: data\debug_html_v10\e75bcd1fa77a455337d61a008a7cce57.html
2025-05-22 01:27:08,479 - P15228 - INFO - Candidates address: 0 items
2025-05-22 01:27:08,479 - P15228 - INFO - Candidates phone: 0 items
2025-05-22 01:27:08,479 - P15228 - INFO - Candidates email: 0 items
2025-05-22 01:27:08,480 - P15228 - INFO - Candidates complement: 0 items
2025-05-22 01:27:08,480 - P15228 - INFO - Candidates cep: 0 items
2025-05-22 01:27:08,480 - P15228 - INFO - Após processar URL 14 Uso de memória: 88.06 MB
2025-05-22 01:27:08,480 - P15228 - INFO - Processando URL 15/22: https://www.doctoralia.com.br/luiza-andrade-araujo/dermatologista/janauba
2025-05-22 01:27:08,480 - P15228 - INFO - Ignorando URL de arquivo não-HTML: https://www.doctoralia.com.br/luiza-andrade-araujo/dermatologista/janauba
2025-05-22 01:27:08,480 - P15228 - INFO - Após processar URL 15 Uso de memória: 88.06 MB
2025-05-22 01:27:08,481 - P15228 - INFO - Processando URL 16/22: https://www.helpsaude.com/luiza-andrade-araujo-crmmg-55291
2025-05-22 01:27:14,468 - P15228 - INFO - HTML salvo para debug: data\debug_html_v10\8204d2e93254ad3b406341fe6e11d9fc.html
2025-05-22 01:27:14,478 - P15228 - INFO - Candidates address: 0 items
2025-05-22 01:27:14,479 - P15228 - INFO - Candidates phone: 0 items
2025-05-22 01:27:14,479 - P15228 - INFO - Candidates email: 0 items
2025-05-22 01:27:14,479 - P15228 - INFO - Candidates complement: 0 items
2025-05-22 01:27:14,479 - P15228 - INFO - Candidates cep: 0 items
2025-05-22 01:27:14,479 - P15228 - INFO - Após processar URL 16 Uso de memória: 89.18 MB
2025-05-22 01:27:14,480 - P15228 - INFO - Processando URL 17/22: https://grupomedvida.com.br/equipe/dra-luiza-andrade-araujo/
2025-05-22 01:27:19,582 - P15228 - INFO - HTML salvo para debug: data\debug_html_v10\5cccfc96d4e7d3d88f171ecce64dffe5.html
2025-05-22 01:27:19,615 - P15228 - INFO - Candidates address: 1 items
2025-05-22 01:27:19,615 - P15228 - INFO - Candidates phone: 3 items
2025-05-22 01:27:19,615 - P15228 - INFO - Candidates email: 0 items
2025-05-22 01:27:19,616 - P15228 - INFO - Candidates complement: 0 items
2025-05-22 01:27:19,616 - P15228 - INFO - Candidates cep: 2 items
2025-05-22 01:27:19,616 - P15228 - INFO - Após processar URL 17 Uso de memória: 89.79 MB
2025-05-22 01:27:19,616 - P15228 - INFO - Processando URL 18/22: https://www.tjmg.jus.br/data/files/BC/21/CC/48/1D83E510B2C1B1E5A04E08A8/Edital%2009-2017%20-%20Listagem_eliminacao.pdf
2025-05-22 01:27:19,616 - P15228 - INFO - Ignorando URL de arquivo não-HTML: https://www.tjmg.jus.br/data/files/BC/21/CC/48/1D83E510B2C1B1E5A04E08A8/Edital%2009-2017%20-%20Listagem_eliminacao.pdf
2025-05-22 01:27:19,616 - P15228 - INFO - Após processar URL 18 Uso de memória: 89.79 MB
2025-05-22 01:27:19,616 - P15228 - INFO - Processando URL 19/22: https://www.medicosbrasil.com/profissional/luiza-andrade-araujo
2025-05-22 01:27:22,819 - P15228 - INFO - HTML salvo para debug: data\debug_html_v10\b59a21e7c1b0f4f66876915dc7a02f34.html
2025-05-22 01:27:22,844 - P15228 - INFO - Candidates address: 0 items
2025-05-22 01:27:22,845 - P15228 - INFO - Candidates phone: 0 items
2025-05-22 01:27:22,845 - P15228 - INFO - Candidates email: 0 items
2025-05-22 01:27:22,845 - P15228 - INFO - Candidates complement: 0 items
2025-05-22 01:27:22,845 - P15228 - INFO - Candidates cep: 1 items
2025-05-22 01:27:22,846 - P15228 - INFO - Após processar URL 19 Uso de memória: 89.46 MB
2025-05-22 01:27:22,846 - P15228 - INFO - Processando URL 20/22: https://crmvirtual.cfm.org.br/MG/servico/procure-medicos
2025-05-22 01:27:25,834 - P15228 - INFO - HTML salvo para debug: data\debug_html_v10\c2af9904acdad6295c60ad1b50d74554.html
2025-05-22 01:27:25,846 - P15228 - INFO - Candidates address: 0 items
2025-05-22 01:27:25,846 - P15228 - INFO - Candidates phone: 0 items
2025-05-22 01:27:25,846 - P15228 - INFO - Candidates email: 2 items
2025-05-22 01:27:25,846 - P15228 - INFO - Candidates complement: 0 items
2025-05-22 01:27:25,846 - P15228 - INFO - Candidates cep: 0 items
2025-05-22 01:27:25,847 - P15228 - INFO - Após processar URL 20 Uso de memória: 90.04 MB
2025-05-22 01:27:25,847 - P15228 - INFO - Processando URL 21/22: https://sistemas.trf1.jus.br/edj/bitstream/handle/123/144882/Caderno_JUD_MG_2016-07-28_VIII_140.pdf?sequence=1&isAllowed=y
2025-05-22 01:27:25,847 - P15228 - INFO - Ignorando URL de arquivo não-HTML: https://sistemas.trf1.jus.br/edj/bitstream/handle/123/144882/Caderno_JUD_MG_2016-07-28_VIII_140.pdf?sequence=1&isAllowed=y
2025-05-22 01:27:25,847 - P15228 - INFO - Após processar URL 21 Uso de memória: 90.04 MB
2025-05-22 01:27:25,848 - P15228 - INFO - Processando URL 22/22: https://diariooficial.guarulhos.sp.gov.br/uploads/pdf/519422688.pdf
2025-05-22 01:27:25,848 - P15228 - INFO - Ignorando URL de arquivo não-HTML: https://diariooficial.guarulhos.sp.gov.br/uploads/pdf/519422688.pdf
2025-05-22 01:27:25,848 - P15228 - INFO - Após processar URL 22 Uso de memória: 90.04 MB
2025-05-22 01:27:25,849 - P15228 - INFO - Iniciando agregação e ranqueamento
2025-05-22 01:27:25,849 - P15228 - INFO - Ranked address: 4 items
2025-05-22 01:27:25,849 - P15228 - INFO - Ranked phone: 5 items
2025-05-22 01:27:25,849 - P15228 - INFO - Ranked email: 4 items
2025-05-22 01:27:25,850 - P15228 - INFO - Ranked complement: 3 items
2025-05-22 01:27:25,850 - P15228 - INFO - Ranked cep: 6 items
2025-05-22 01:27:25,850 - P15228 - INFO - Após agregação Uso de memória: 90.04 MB
2025-05-22 01:27:25,851 - P15228 - INFO - Validando endereço: ['Rua dos Timbiras 1.200', 'Rua dos Timbiras, 1200', 'Rua Alagoas, 208']
2025-05-22 01:27:25,851 - P15228 - INFO - Endereço validado: Rua dos Timbiras 1.200
2025-05-22 01:27:25,851 - P15228 - INFO - Limpando texto extenso para campo address: Rua dos Timbiras 1.200...
2025-05-22 01:27:25,852 - P15228 - INFO - Texto limpo: Rua dos Timbiras 1.200
2025-05-22 01:27:25,852 - P15228 - INFO - Validando telefone: ['(38) 99911-9798', '(38) 99115-6192', '(38) 3220-8606']
2025-05-22 01:27:25,852 - P15228 - INFO - Limpando texto extenso para campo phone: (38) 99911-9798...
2025-05-22 01:27:25,852 - P15228 - INFO - Texto limpo: 38) 99911-9798
2025-05-22 01:27:25,853 - P15228 - INFO - Telefone validado: 38) 99911-9798
2025-05-22 01:27:25,853 - P15228 - INFO - Validando email: ['cfm@portalmedico.org.br', 'protocolo@crmmg.org.br', 'medicos@crmmg.org.br']
2025-05-22 01:27:25,853 - P15228 - INFO - Limpando texto extenso para campo email: cfm@portalmedico.org.br...
2025-05-22 01:27:25,853 - P15228 - INFO - Texto limpo: cfm@portalmedico.org.br
2025-05-22 01:27:25,853 - P15228 - INFO - Email validado: cfm@portalmedico.org.br
2025-05-22 01:27:25,853 - P15228 - INFO - Validando complemento: ['Conjunto D', 'Sala de Imprensa   Notícias do CFM   Saiu na imprensa ', 'Sala de Imprensa ']
2025-05-22 01:27:25,854 - P15228 - INFO - Limpando texto extenso para campo complement: Conjunto D...
2025-05-22 01:27:25,854 - P15228 - INFO - Texto limpo: Conjunto D
2025-05-22 01:27:25,855 - P15228 - INFO - Complemento validado: Conjunto D
2025-05-22 01:27:25,855 - P15228 - INFO - Descobrindo cidade
2025-05-22 01:27:25,855 - P15228 - INFO - Buscando cidade: Rua dos Timbiras 1.200 cidade MG
2025-05-22 01:27:28,711 - P15228 - INFO - Cidade encontrada: Belo Horizonte
2025-05-22 01:27:28,711 - P15228 - INFO - Limpando texto extenso para campo city: Belo Horizonte...
2025-05-22 01:27:28,711 - P15228 - INFO - Texto limpo: Belo Horizonte
2025-05-22 01:27:28,711 - P15228 - INFO - Cidade descoberta: Belo Horizonte
2025-05-22 01:27:28,712 - P15228 - INFO - Buscando CEP com sistema de cascata
2025-05-22 01:27:28,712 - P15228 - INFO - Iniciando busca de CEP em cascata para: Rua dos Timbiras 1.200, Belo Horizonte, MG
2025-05-22 01:27:28,712 - P15228 - INFO - Método 1: ViaCEP API
2025-05-22 01:27:28,712 - P15228 - INFO - Buscando no ViaCEP: https://viacep.com.br/ws/MG/belo%20horizonte/rua%20dos%20timbiras%201%20200/json/
2025-05-22 01:27:29,415 - P15228 - WARNING - ViaCEP retornou status 200 ou nenhum resultado
2025-05-22 01:27:29,417 - P15228 - INFO - Método 2: BrasilAPI
2025-05-22 01:27:29,417 - P15228 - INFO - Buscando na BrasilAPI: Rua dos Timbiras 1.200, Belo Horizonte, MG
2025-05-22 01:27:29,912 - P15228 - INFO - Consultando BrasilAPI: https://brasilapi.com.br/api/cep/v2/35135084
2025-05-22 01:27:40,217 - P15228 - ERROR - Erro ao buscar na BrasilAPI: HTTPSConnectionPool(host='brasilapi.com.br', port=443): Read timed out. (read timeout=10)
2025-05-22 01:27:40,218 - P15228 - INFO - Método 3: Web Scraping do Google
2025-05-22 01:27:40,218 - P15228 - INFO - Buscando CEP: CEP da Rua dos Timbiras 1.200, Belo Horizonte
2025-05-22 01:27:41,920 - P15228 - INFO - CEP encontrado: 30140-063
2025-05-22 01:27:41,921 - P15228 - INFO - CEP encontrado via Google: 30140-063
2025-05-22 01:27:41,921 - P15228 - INFO - Dados de CEP encontrados: {'cep': '30140-063', 'logradouro': 'Rua dos Timbiras 1.200', 'bairro': '', 'localidade': 'Belo Horizonte', 'uf': 'MG', 'complemento': ''}
2025-05-22 01:27:41,921 - P15228 - INFO - Limpando texto extenso para campo city: Belo Horizonte...
2025-05-22 01:27:41,921 - P15228 - INFO - Texto limpo: Belo Horizonte
2025-05-22 01:27:41,921 - P15228 - INFO - Limpando texto extenso para campo state: MG...
2025-05-22 01:27:41,921 - P15228 - INFO - Texto limpo: MG
2025-05-22 01:27:41,922 - P15228 - INFO - Tempo de execução de processamento completo do médico: 68.83 segundos
2025-05-22 01:27:41,922 - P15228 - INFO - Resultado processado: {'Hash': '5469f8e236946c5d0e092a6face54816483913a3cce934394cd4e2c066274a87', 'CRM': '55291', 'UF': 'MG', 'Firstname': 'LUIZA', 'LastName': 'ANDRADE ARAUJO', 'Medical specialty': '', 'Endereco Completo A1': 'Rua dos Timbiras 1.200', 'Address A1': 'Rua dos Timbiras 1.200', 'Numero A1': '', 'Complement A1': 'Conjunto D', 'Bairro A1': '', 'postal code A1': '30140-063', 'City A1': 'Belo Horizonte', 'State A1': 'MG', 'Phone A1': '38) 99911-9798', 'Phone A2': '', 'Cell phone A1': '', 'Cell phone A2': '', 'E-mail A1': 'cfm@portalmedico.org.br', 'E-mail A2': '', 'OPT-IN': '', 'STATUS': '', 'LOTE': ''}
2025-05-22 01:27:41,923 - P15228 - INFO - Progresso: 3.0%
2025-05-22 01:27:41,923 - P15228 - INFO - Executando coleta de lixo
2025-05-22 01:27:42,000 - P15228 - INFO - Após coleta de lixo Uso de memória: 80.40 MB
2025-05-22 01:27:42,000 - P15228 - INFO - Tempo de execução de processamento do médico 1: 70.33 segundos
2025-05-22 01:27:42,000 - P15228 - INFO - 
==================================================
Processando médico 2/3
2025-05-22 01:27:42,001 - P15228 - INFO - Nome: ANALUSA CANGUSSÚ LIMA
2025-05-22 01:27:42,001 - P15228 - INFO - Início do processamento Uso de memória: 80.40 MB
2025-05-22 01:27:42,001 - P15228 - INFO - Iniciando busca para: ANALUSA CANGUSSÚ LIMA CRM 61042 MG telefone e-mail endereço
2025-05-22 01:27:42,449 - P15228 - INFO - SearX results: 0 URLs
2025-05-22 01:27:42,449 - P15228 - INFO - Após SearX Uso de memória: 80.40 MB
2025-05-22 01:27:45,971 - P15228 - INFO - Google results: 2 URLs
2025-05-22 01:27:45,972 - P15228 - INFO - Após Google Uso de memória: 85.87 MB
2025-05-22 01:27:48,678 - P15228 - INFO - Bing results: 8 URLs
2025-05-22 01:27:48,678 - P15228 - INFO - Após Bing Uso de memória: 85.91 MB
2025-05-22 01:27:48,678 - P15228 - INFO - Total de URLs únicas: 10
2025-05-22 01:27:48,678 - P15228 - INFO - Processando URL 1/10: https://www.bingplaces.com/DashBoard/Edit?Id=YN7993x2607937667387916571&market=pt-BR&src=SERPIC
2025-05-22 01:27:53,040 - P15228 - INFO - HTML salvo para debug: data\debug_html_v10\f79b2e4a524c06b83f17ba02423325b9.html
2025-05-22 01:27:53,060 - P15228 - INFO - Candidates address: 1 items
2025-05-22 01:27:53,060 - P15228 - INFO - Candidates phone: 1 items
2025-05-22 01:27:53,061 - P15228 - INFO - Candidates email: 0 items
2025-05-22 01:27:53,061 - P15228 - INFO - Candidates complement: 0 items
2025-05-22 01:27:53,061 - P15228 - INFO - Candidates cep: 2 items
2025-05-22 01:27:53,061 - P15228 - INFO - Após processar URL 1 Uso de memória: 87.04 MB
2025-05-22 01:27:53,061 - P15228 - INFO - Processando URL 2/10: https://www.escavador.com/sobre/4355528/analusa-cangussu-lima
2025-05-22 01:27:56,360 - P15228 - INFO - HTML salvo para debug: data\debug_html_v10\9742e85dfaf6ef7dbcb7c97236d7be10.html
2025-05-22 01:27:56,388 - P15228 - INFO - Candidates address: 0 items
2025-05-22 01:27:56,389 - P15228 - INFO - Candidates phone: 0 items
2025-05-22 01:27:56,390 - P15228 - INFO - Candidates email: 0 items
2025-05-22 01:27:56,393 - P15228 - INFO - Candidates complement: 0 items
2025-05-22 01:27:56,394 - P15228 - INFO - Candidates cep: 0 items
2025-05-22 01:27:56,395 - P15228 - INFO - Após processar URL 2 Uso de memória: 88.72 MB
2025-05-22 01:27:56,396 - P15228 - INFO - Processando URL 3/10: https://www.findglocal.com/BR/Ipatinga/1632039777084668/Dra.-Analusa-Cangussu
2025-05-22 01:28:00,804 - P15228 - INFO - HTML salvo para debug: data\debug_html_v10\caddabde8d810f09adcf4b6107adbbde.html
2025-05-22 01:28:00,821 - P15228 - INFO - Candidates address: 1 items
2025-05-22 01:28:00,822 - P15228 - INFO - Candidates phone: 1 items
2025-05-22 01:28:00,822 - P15228 - INFO - Candidates email: 0 items
2025-05-22 01:28:00,822 - P15228 - INFO - Candidates complement: 1 items
2025-05-22 01:28:00,822 - P15228 - INFO - Candidates cep: 2 items
2025-05-22 01:28:00,822 - P15228 - INFO - Após processar URL 3 Uso de memória: 89.11 MB
2025-05-22 01:28:00,823 - P15228 - INFO - Processando URL 4/10: https://consultacrm.com.br/
2025-05-22 01:28:03,901 - P15228 - INFO - HTML salvo para debug: data\debug_html_v10\65cadeb91ac3713432c21b535990f440.html
2025-05-22 01:28:03,913 - P15228 - INFO - Candidates address: 0 items
2025-05-22 01:28:03,913 - P15228 - INFO - Candidates phone: 0 items
2025-05-22 01:28:03,913 - P15228 - INFO - Candidates email: 0 items
2025-05-22 01:28:03,914 - P15228 - INFO - Candidates complement: 0 items
2025-05-22 01:28:03,914 - P15228 - INFO - Candidates cep: 0 items
2025-05-22 01:28:03,914 - P15228 - INFO - Após processar URL 4 Uso de memória: 88.14 MB
2025-05-22 01:28:03,914 - P15228 - INFO - Processando URL 5/10: https://www.benditoguia.com.br/empresa/dra-analusa-cangussu-horto-ipatinga-mg
2025-05-22 01:28:06,630 - P15228 - INFO - HTML salvo para debug: data\debug_html_v10\5a80c59c37099f928133cb695e085540.html
2025-05-22 01:28:06,644 - P15228 - INFO - Candidates address: 1 items
2025-05-22 01:28:06,645 - P15228 - INFO - Candidates phone: 1 items
2025-05-22 01:28:06,645 - P15228 - INFO - Candidates email: 0 items
2025-05-22 01:28:06,645 - P15228 - INFO - Candidates complement: 0 items
2025-05-22 01:28:06,645 - P15228 - INFO - Candidates cep: 1 items
2025-05-22 01:28:06,645 - P15228 - INFO - Após processar URL 5 Uso de memória: 86.57 MB
2025-05-22 01:28:06,646 - P15228 - INFO - Processando URL 6/10: https://cremec.org.br/busca-medicos
2025-05-22 01:28:10,802 - P15228 - INFO - HTML salvo para debug: data\debug_html_v10\3c9ece8b802bc598dd007727d971a7d5.html
2025-05-22 01:28:10,845 - P15228 - INFO - Candidates address: 1 items
2025-05-22 01:28:10,846 - P15228 - INFO - Candidates phone: 1 items
2025-05-22 01:28:10,846 - P15228 - INFO - Candidates email: 1 items
2025-05-22 01:28:10,848 - P15228 - INFO - Candidates complement: 0 items
2025-05-22 01:28:10,849 - P15228 - INFO - Candidates cep: 1 items
2025-05-22 01:28:10,850 - P15228 - INFO - Após processar URL 6 Uso de memória: 88.48 MB
2025-05-22 01:28:10,850 - P15228 - INFO - Processando URL 7/10: https://www.helpsaude.com/analusa-cangussu-lima-crmmg-61042
2025-05-22 01:28:15,247 - P15228 - INFO - HTML salvo para debug: data\debug_html_v10\466f85bbc12c5b60a484ad94a38d57bd.html
2025-05-22 01:28:15,259 - P15228 - INFO - Candidates address: 1 items
2025-05-22 01:28:15,259 - P15228 - INFO - Candidates phone: 0 items
2025-05-22 01:28:15,259 - P15228 - INFO - Candidates email: 0 items
2025-05-22 01:28:15,259 - P15228 - INFO - Candidates complement: 0 items
2025-05-22 01:28:15,260 - P15228 - INFO - Candidates cep: 1 items
2025-05-22 01:28:15,260 - P15228 - INFO - Após processar URL 7 Uso de memória: 87.41 MB
2025-05-22 01:28:15,260 - P15228 - INFO - Processando URL 8/10: https://artigos.alainuro.com/dicas/medicina-integrativa-brasil/
2025-05-22 01:28:23,589 - P15228 - INFO - HTML salvo para debug: data\debug_html_v10\184a5a9f81f0cfc16595fa42f1c14ce7.html
2025-05-22 01:28:23,716 - P15228 - INFO - Candidates address: 3 items
2025-05-22 01:28:23,716 - P15228 - INFO - Candidates phone: 2 items
2025-05-22 01:28:23,716 - P15228 - INFO - Candidates email: 3 items
2025-05-22 01:28:23,716 - P15228 - INFO - Candidates complement: 1 items
2025-05-22 01:28:23,716 - P15228 - INFO - Candidates cep: 3 items
2025-05-22 01:28:23,717 - P15228 - INFO - Após processar URL 8 Uso de memória: 86.84 MB
2025-05-22 01:28:23,717 - P15228 - INFO - Processando URL 9/10: https://wa.me/message/N7RDWTIFZUI3E1
2025-05-22 01:28:26,685 - P15228 - INFO - HTML salvo para debug: data\debug_html_v10\8e2774186f5ff80f219b6b8c3a77f304.html
2025-05-22 01:28:26,712 - P15228 - INFO - Candidates address: 0 items
2025-05-22 01:28:26,712 - P15228 - INFO - Candidates phone: 0 items
2025-05-22 01:28:26,712 - P15228 - INFO - Candidates email: 0 items
2025-05-22 01:28:26,712 - P15228 - INFO - Candidates complement: 0 items
2025-05-22 01:28:26,712 - P15228 - INFO - Candidates cep: 0 items
2025-05-22 01:28:26,713 - P15228 - INFO - Após processar URL 9 Uso de memória: 86.36 MB
2025-05-22 01:28:26,713 - P15228 - INFO - Processando URL 10/10: https://www.cylex.com.br/ipatinga/dra--analusa-cangussu-13344023.html
2025-05-22 01:28:31,631 - P15228 - INFO - HTML salvo para debug: data\debug_html_v10\a99016e27cf776650ee89b480ba962e9.html
2025-05-22 01:28:31,666 - P15228 - INFO - Candidates address: 7 items
2025-05-22 01:28:31,666 - P15228 - INFO - Candidates phone: 6 items
2025-05-22 01:28:31,667 - P15228 - INFO - Candidates email: 0 items
2025-05-22 01:28:31,667 - P15228 - INFO - Candidates complement: 0 items
2025-05-22 01:28:31,668 - P15228 - INFO - Candidates cep: 9 items
2025-05-22 01:28:31,668 - P15228 - INFO - Após processar URL 10 Uso de memória: 88.25 MB
2025-05-22 01:28:31,668 - P15228 - INFO - Iniciando agregação e ranqueamento
2025-05-22 01:28:31,668 - P15228 - INFO - Ranked address: 15 items
2025-05-22 01:28:31,669 - P15228 - INFO - Ranked phone: 12 items
2025-05-22 01:28:31,669 - P15228 - INFO - Ranked email: 4 items
2025-05-22 01:28:31,669 - P15228 - INFO - Ranked complement: 2 items
2025-05-22 01:28:31,669 - P15228 - INFO - Ranked cep: 15 items
2025-05-22 01:28:31,669 - P15228 - INFO - Após agregação Uso de memória: 88.25 MB
2025-05-22 01:28:31,669 - P15228 - INFO - Validando endereço: ['Rua Vinhático 15', 'Rua Vinhático, 15', 'R. Vinhático, 808']
2025-05-22 01:28:31,669 - P15228 - INFO - Endereço validado: Rua Vinhático 15
2025-05-22 01:28:31,670 - P15228 - INFO - Limpando texto extenso para campo address: Rua Vinhático 15...
2025-05-22 01:28:31,670 - P15228 - INFO - Texto limpo: Rua Vinhático 15
2025-05-22 01:28:31,670 - P15228 - INFO - Validando telefone: ['(31)97222-8645', '+5581981228645', '+55 81 3314-7900']
2025-05-22 01:28:31,670 - P15228 - INFO - Limpando texto extenso para campo phone: (31)97222-8645...
2025-05-22 01:28:31,670 - P15228 - INFO - Texto limpo: 31)97222-8645
2025-05-22 01:28:31,670 - P15228 - INFO - Telefone validado: 31)97222-8645
2025-05-22 01:28:31,671 - P15228 - INFO - Validando email: ['cremec@cremec.org.br', 'icaro@icaro.med.br', 'Rosana.newoffice@gmsil.com']
2025-05-22 01:28:31,671 - P15228 - INFO - Limpando texto extenso para campo email: cremec@cremec.org.br...
2025-05-22 01:28:31,671 - P15228 - INFO - Texto limpo: cremec@cremec.org.br
2025-05-22 01:28:31,671 - P15228 - INFO - Email validado: cremec@cremec.org.br
2025-05-22 01:28:31,671 - P15228 - INFO - Validando complemento: ['Sala 808', 'Sala 317 Torre A']
2025-05-22 01:28:31,671 - P15228 - INFO - Limpando texto extenso para campo complement: Sala 808...
2025-05-22 01:28:31,672 - P15228 - INFO - Texto limpo: Sala 808
2025-05-22 01:28:31,672 - P15228 - INFO - Complemento validado: Sala 808
2025-05-22 01:28:31,672 - P15228 - INFO - Descobrindo cidade
2025-05-22 01:28:31,672 - P15228 - INFO - Buscando cidade: Rua Vinhático 15 cidade MG
2025-05-22 01:28:34,248 - P15228 - INFO - Cidade encontrada: Ipatinga
2025-05-22 01:28:34,248 - P15228 - INFO - Limpando texto extenso para campo city: Ipatinga...
2025-05-22 01:28:34,249 - P15228 - INFO - Texto limpo: Ipatinga
2025-05-22 01:28:34,249 - P15228 - INFO - Cidade descoberta: Ipatinga
2025-05-22 01:28:34,249 - P15228 - INFO - Buscando CEP com sistema de cascata
2025-05-22 01:28:34,249 - P15228 - INFO - Iniciando busca de CEP em cascata para: Rua Vinhático 15, Ipatinga, MG
2025-05-22 01:28:34,250 - P15228 - INFO - Método 1: ViaCEP API
2025-05-22 01:28:34,250 - P15228 - INFO - Buscando no ViaCEP: https://viacep.com.br/ws/MG/ipatinga/rua%20vinhatico%2015/json/
2025-05-22 01:28:34,916 - P15228 - WARNING - ViaCEP retornou status 200 ou nenhum resultado
2025-05-22 01:28:34,918 - P15228 - INFO - Método 2: BrasilAPI
2025-05-22 01:28:34,918 - P15228 - INFO - Buscando na BrasilAPI: Rua Vinhático 15, Ipatinga, MG
2025-05-22 01:28:35,479 - P15228 - INFO - Consultando BrasilAPI: https://brasilapi.com.br/api/cep/v2/35135084
2025-05-22 01:28:45,703 - P15228 - ERROR - Erro ao buscar na BrasilAPI: HTTPSConnectionPool(host='brasilapi.com.br', port=443): Read timed out. (read timeout=10)
2025-05-22 01:28:45,704 - P15228 - INFO - Método 3: Web Scraping do Google
2025-05-22 01:28:45,704 - P15228 - INFO - Buscando CEP: CEP da Rua Vinhático 15, Ipatinga
2025-05-22 01:28:47,855 - P15228 - INFO - CEP encontrado: 35160-317
2025-05-22 01:28:47,855 - P15228 - INFO - CEP encontrado via Google: 35160-317
2025-05-22 01:28:47,856 - P15228 - INFO - Dados de CEP encontrados: {'cep': '35160-317', 'logradouro': 'Rua Vinhático 15', 'bairro': '', 'localidade': 'Ipatinga', 'uf': 'MG', 'complemento': ''}
2025-05-22 01:28:47,856 - P15228 - INFO - Limpando texto extenso para campo city: Ipatinga...
2025-05-22 01:28:47,856 - P15228 - INFO - Texto limpo: Ipatinga
2025-05-22 01:28:47,856 - P15228 - INFO - Limpando texto extenso para campo state: MG...
2025-05-22 01:28:47,856 - P15228 - INFO - Texto limpo: MG
2025-05-22 01:28:47,857 - P15228 - INFO - Tempo de execução de processamento completo do médico: 65.86 segundos
2025-05-22 01:28:47,857 - P15228 - INFO - Resultado processado: {'Hash': 'a8e66a2b3ccfead485189e1cf73bc27ffbd7e8ac8c0a795621273c9c29e86459', 'CRM': '61042', 'UF': 'MG', 'Firstname': 'ANALUSA', 'LastName': 'CANGUSSÚ LIMA', 'Medical specialty': '', 'Endereco Completo A1': 'Rua Vinhático 15', 'Address A1': 'Rua Vinhático 15', 'Numero A1': '', 'Complement A1': 'Sala 808', 'Bairro A1': '', 'postal code A1': '35160-317', 'City A1': 'Ipatinga', 'State A1': 'MG', 'Phone A1': '31)97222-8645', 'Phone A2': '', 'Cell phone A1': '', 'Cell phone A2': '', 'E-mail A1': 'cremec@cremec.org.br', 'E-mail A2': '', 'OPT-IN': '', 'STATUS': '', 'LOTE': ''}
2025-05-22 01:28:47,858 - P15228 - INFO - Progresso: 3.4%
2025-05-22 01:28:47,858 - P15228 - INFO - Tempo de execução de processamento do médico 2: 65.86 segundos
2025-05-22 01:28:47,859 - P15228 - INFO - 
==================================================
Processando médico 3/3
2025-05-22 01:28:47,859 - P15228 - INFO - Nome: CLARA CRISTINA MARQUES TEODORO DE FIGUEIREDO
2025-05-22 01:28:47,859 - P15228 - INFO - Início do processamento Uso de memória: 82.49 MB
2025-05-22 01:28:47,860 - P15228 - INFO - Iniciando busca para: CLARA CRISTINA MARQUES TEODORO DE FIGUEIREDO CRM 15000 PB telefone e-mail endereço
2025-05-22 01:28:48,337 - P15228 - INFO - SearX results: 10 URLs
2025-05-22 01:28:48,338 - P15228 - INFO - Após SearX Uso de memória: 82.49 MB
2025-05-22 01:28:50,896 - P15228 - INFO - Google results: 10 URLs
2025-05-22 01:28:50,896 - P15228 - INFO - Após Google Uso de memória: 84.05 MB
2025-05-22 01:28:53,396 - P15228 - INFO - Bing results: 10 URLs
2025-05-22 01:28:53,397 - P15228 - INFO - Após Bing Uso de memória: 83.66 MB
2025-05-22 01:28:53,397 - P15228 - INFO - Total de URLs únicas: 26
2025-05-22 01:28:53,397 - P15228 - INFO - Processando URL 1/26: https://www.escavador.com/sobre/1652101244/clara-cristina-marques-teodoro-de-figueiredo
2025-05-22 01:28:58,196 - P15228 - INFO - HTML salvo para debug: data\debug_html_v10\ff4e7c463e23a1f42aef5fc9b813a7ab.html
2025-05-22 01:28:58,227 - P15228 - INFO - Candidates address: 0 items
2025-05-22 01:28:58,227 - P15228 - INFO - Candidates phone: 0 items
2025-05-22 01:28:58,228 - P15228 - INFO - Candidates email: 0 items
2025-05-22 01:28:58,228 - P15228 - INFO - Candidates complement: 0 items
2025-05-22 01:28:58,228 - P15228 - INFO - Candidates cep: 0 items
2025-05-22 01:28:58,228 - P15228 - INFO - Após processar URL 1 Uso de memória: 83.90 MB
2025-05-22 01:28:58,228 - P15228 - INFO - Processando URL 2/26: https://crmpb.org.br/busca-medicos
2025-05-22 01:29:03,304 - P15228 - INFO - HTML salvo para debug: data\debug_html_v10\d8c3d9547ee6985c829c3858f3ee383d.html
2025-05-22 01:29:03,348 - P15228 - INFO - Candidates address: 1 items
2025-05-22 01:29:03,349 - P15228 - INFO - Candidates phone: 1 items
2025-05-22 01:29:03,350 - P15228 - INFO - Candidates email: 1 items
2025-05-22 01:29:03,351 - P15228 - INFO - Candidates complement: 0 items
2025-05-22 01:29:03,351 - P15228 - INFO - Candidates cep: 1 items
2025-05-22 01:29:03,351 - P15228 - INFO - Após processar URL 2 Uso de memória: 83.68 MB
2025-05-22 01:29:03,352 - P15228 - INFO - Processando URL 3/26: https://www.mpmg.mp.br/diariooficial/DO-20250225.PDF
2025-05-22 01:29:03,352 - P15228 - INFO - Ignorando URL de arquivo não-HTML: https://www.mpmg.mp.br/diariooficial/DO-20250225.PDF
2025-05-22 01:29:03,353 - P15228 - INFO - Após processar URL 3 Uso de memória: 83.68 MB
2025-05-22 01:29:03,373 - P15228 - INFO - Processando URL 4/26: https://www.jusbrasil.com.br/processos/670049746/processo-n-111XXXX-7520234013400-do-trf1
2025-05-22 01:29:08,002 - P15228 - INFO - HTML salvo para debug: data\debug_html_v10\d588716f095569851459109b9b08bae9.html
2025-05-22 01:29:08,014 - P15228 - INFO - Candidates address: 0 items
2025-05-22 01:29:08,014 - P15228 - INFO - Candidates phone: 0 items
2025-05-22 01:29:08,017 - P15228 - INFO - Candidates email: 0 items
2025-05-22 01:29:08,017 - P15228 - INFO - Candidates complement: 0 items
2025-05-22 01:29:08,018 - P15228 - INFO - Candidates cep: 0 items
2025-05-22 01:29:08,018 - P15228 - INFO - Após processar URL 4 Uso de memória: 84.30 MB
2025-05-22 01:29:08,018 - P15228 - INFO - Processando URL 5/26: https://sistemas.trf1.jus.br/edj/bitstream/handle/123/281921/Caderno_JUD_TRF_2017-10-13_IX_189.pdf?sequence=2&isAllowed=y
2025-05-22 01:29:08,018 - P15228 - INFO - Ignorando URL de arquivo não-HTML: https://sistemas.trf1.jus.br/edj/bitstream/handle/123/281921/Caderno_JUD_TRF_2017-10-13_IX_189.pdf?sequence=2&isAllowed=y
2025-05-22 01:29:08,019 - P15228 - INFO - Após processar URL 5 Uso de memória: 84.30 MB
2025-05-22 01:29:08,019 - P15228 - INFO - Processando URL 6/26: https://www.portaltransparencia.gov.br/pessoa-fisica/busca/lista
2025-05-22 01:29:11,568 - P15228 - INFO - HTML salvo para debug: data\debug_html_v10\e200cdf64b71d4c9248718dd155b3edb.html
2025-05-22 01:29:11,605 - P15228 - INFO - Candidates address: 0 items
2025-05-22 01:29:11,606 - P15228 - INFO - Candidates phone: 0 items
2025-05-22 01:29:11,606 - P15228 - INFO - Candidates email: 0 items
2025-05-22 01:29:11,606 - P15228 - INFO - Candidates complement: 0 items
2025-05-22 01:29:11,606 - P15228 - INFO - Candidates cep: 0 items
2025-05-22 01:29:11,606 - P15228 - INFO - Após processar URL 6 Uso de memória: 84.96 MB
2025-05-22 01:29:11,606 - P15228 - INFO - Processando URL 7/26: https://portal.cfm.org.br/busca-medicos
2025-05-22 01:29:14,913 - P15228 - INFO - HTML salvo para debug: data\debug_html_v10\e28ae84aaa177d1328f3a0d1fb68449f.html
2025-05-22 01:29:14,951 - P15228 - INFO - Candidates address: 0 items
2025-05-22 01:29:14,951 - P15228 - INFO - Candidates phone: 0 items
2025-05-22 01:29:14,952 - P15228 - INFO - Candidates email: 1 items
2025-05-22 01:29:14,952 - P15228 - INFO - Candidates complement: 1 items
2025-05-22 01:29:14,952 - P15228 - INFO - Candidates cep: 1 items
2025-05-22 01:29:14,952 - P15228 - INFO - Após processar URL 7 Uso de memória: 83.87 MB
2025-05-22 01:29:14,952 - P15228 - INFO - Processando URL 8/26: https://deoab.oab.org.br/assets/diarios/diario-eletronico-oab-09-05-2025.pdf
2025-05-22 01:29:14,952 - P15228 - INFO - Ignorando URL de arquivo não-HTML: https://deoab.oab.org.br/assets/diarios/diario-eletronico-oab-09-05-2025.pdf
2025-05-22 01:29:14,952 - P15228 - INFO - Após processar URL 8 Uso de memória: 83.87 MB
2025-05-22 01:29:14,953 - P15228 - INFO - Processando URL 9/26: https://www.imprensaoficial.com.br/downloads/pdf/edicao/20240626EXEC3.pdf
2025-05-22 01:29:14,953 - P15228 - INFO - Ignorando URL de arquivo não-HTML: https://www.imprensaoficial.com.br/downloads/pdf/edicao/20240626EXEC3.pdf
2025-05-22 01:29:14,953 - P15228 - INFO - Após processar URL 9 Uso de memória: 83.87 MB
2025-05-22 01:29:14,953 - P15228 - INFO - Processando URL 10/26: https://crmvirtual.cfm.org.br/PB/servico/pesquisar-por-medico
2025-05-22 01:29:17,380 - P15228 - INFO - HTML salvo para debug: data\debug_html_v10\2b54454d96304ca935ba209161f3f4f0.html
2025-05-22 01:29:17,390 - P15228 - INFO - Candidates address: 0 items
2025-05-22 01:29:17,390 - P15228 - INFO - Candidates phone: 0 items
2025-05-22 01:29:17,390 - P15228 - INFO - Candidates email: 0 items
2025-05-22 01:29:17,390 - P15228 - INFO - Candidates complement: 0 items
2025-05-22 01:29:17,391 - P15228 - INFO - Candidates cep: 0 items
2025-05-22 01:29:17,391 - P15228 - INFO - Após processar URL 10 Uso de memória: 83.97 MB
2025-05-22 01:29:17,391 - P15228 - INFO - Processando URL 11/26: https://www.consultacrm.com.br/index/medicos
2025-05-22 01:29:21,399 - P15228 - INFO - HTML salvo para debug: data\debug_html_v10\5160f80a456559a14416b9aff425fbda.html
2025-05-22 01:29:21,413 - P15228 - INFO - Candidates address: 0 items
2025-05-22 01:29:21,413 - P15228 - INFO - Candidates phone: 0 items
2025-05-22 01:29:21,413 - P15228 - INFO - Candidates email: 0 items
2025-05-22 01:29:21,413 - P15228 - INFO - Candidates complement: 0 items
2025-05-22 01:29:21,413 - P15228 - INFO - Candidates cep: 0 items
2025-05-22 01:29:21,414 - P15228 - INFO - Após processar URL 11 Uso de memória: 85.86 MB
2025-05-22 01:29:21,414 - P15228 - INFO - Processando URL 12/26: http://www.facene.com.br/noticias/convocacao-2a-fase-residencia-medica-2023/
2025-05-22 01:29:27,844 - P15228 - INFO - HTML salvo para debug: data\debug_html_v10\35b264f862e9230b8a4507c59071c0d8.html
2025-05-22 01:29:27,880 - P15228 - INFO - Candidates address: 0 items
2025-05-22 01:29:27,881 - P15228 - INFO - Candidates phone: 1 items
2025-05-22 01:29:27,881 - P15228 - INFO - Candidates email: 0 items
2025-05-22 01:29:27,881 - P15228 - INFO - Candidates complement: 0 items
2025-05-22 01:29:27,881 - P15228 - INFO - Candidates cep: 1 items
2025-05-22 01:29:27,882 - P15228 - INFO - Após processar URL 12 Uso de memória: 83.41 MB
2025-05-22 01:29:27,882 - P15228 - INFO - Processando URL 13/26: http://www.ccm.ufpb.br/residencia/contents/documentos/2023/1a-nota-de-manifestacao-de-interesse-v2.pdf
2025-05-22 01:29:27,882 - P15228 - INFO - Ignorando URL de arquivo não-HTML: http://www.ccm.ufpb.br/residencia/contents/documentos/2023/1a-nota-de-manifestacao-de-interesse-v2.pdf
2025-05-22 01:29:27,882 - P15228 - INFO - Após processar URL 13 Uso de memória: 83.41 MB
2025-05-22 01:29:27,883 - P15228 - INFO - Processando URL 14/26: https://cnpj.biz/06182377000195
2025-05-22 01:29:32,307 - P15228 - INFO - HTML salvo para debug: data\debug_html_v10\f2e9ca09033487f33788e1823e1d7402.html
2025-05-22 01:29:32,322 - P15228 - INFO - Candidates address: 0 items
2025-05-22 01:29:32,322 - P15228 - INFO - Candidates phone: 1 items
2025-05-22 01:29:32,322 - P15228 - INFO - Candidates email: 1 items
2025-05-22 01:29:32,322 - P15228 - INFO - Candidates complement: 0 items
2025-05-22 01:29:32,322 - P15228 - INFO - Candidates cep: 1 items
2025-05-22 01:29:32,323 - P15228 - INFO - Após processar URL 14 Uso de memória: 83.98 MB
2025-05-22 01:29:32,323 - P15228 - INFO - Processando URL 15/26: https://diariooficial.guarulhos.sp.gov.br/uploads/pdf/1306609531.pdf
2025-05-22 01:29:32,323 - P15228 - INFO - Ignorando URL de arquivo não-HTML: https://diariooficial.guarulhos.sp.gov.br/uploads/pdf/1306609531.pdf
2025-05-22 01:29:32,323 - P15228 - INFO - Após processar URL 15 Uso de memória: 83.98 MB
2025-05-22 01:29:32,323 - P15228 - INFO - Processando URL 16/26: https://www.saobernardo.sp.gov.br/documents/10181/2045904/NM+2512+de+21.03.2025+-++Conteu%CC%81do+Integral.pdf/8137383c-b4dc-82d6-ef61-317e73e71a5c
2025-05-22 01:29:32,323 - P15228 - INFO - Ignorando URL de arquivo não-HTML: https://www.saobernardo.sp.gov.br/documents/10181/2045904/NM+2512+de+21.03.2025+-++Conteu%CC%81do+Integral.pdf/8137383c-b4dc-82d6-ef61-317e73e71a5c
2025-05-22 01:29:32,324 - P15228 - INFO - Após processar URL 16 Uso de memória: 83.98 MB
2025-05-22 01:29:32,324 - P15228 - INFO - Processando URL 17/26: https://sistemas.tjes.jus.br/ediario/index.php/component/ediario/?view=contents&layout=fulltext&data=20180327&idorgao=347
2025-05-22 01:29:38,367 - P15228 - INFO - HTML salvo para debug: data\debug_html_v10\06233f6324af6a4212a3eb469639e542.html
2025-05-22 01:29:39,703 - P15228 - INFO - Candidates address: 34 items
2025-05-22 01:29:39,704 - P15228 - INFO - Candidates phone: 5 items
2025-05-22 01:29:39,704 - P15228 - INFO - Candidates email: 5 items
2025-05-22 01:29:39,704 - P15228 - INFO - Candidates complement: 4 items
2025-05-22 01:29:39,704 - P15228 - INFO - Candidates cep: 35 items
2025-05-22 01:29:39,704 - P15228 - INFO - Após processar URL 17 Uso de memória: 87.40 MB
2025-05-22 01:29:39,704 - P15228 - INFO - Processando URL 18/26: https://auniao.pb.gov.br/servicos/doe/2025-1/maio/diario-oficial-17-05-2025-portal.pdf
2025-05-22 01:29:39,705 - P15228 - INFO - Ignorando URL de arquivo não-HTML: https://auniao.pb.gov.br/servicos/doe/2025-1/maio/diario-oficial-17-05-2025-portal.pdf
2025-05-22 01:29:39,705 - P15228 - INFO - Após processar URL 18 Uso de memória: 84.08 MB
2025-05-22 01:29:39,705 - P15228 - INFO - Processando URL 19/26: https://www.escavador.com/nomes/clara-cristina-marques-teodoro-de-figueiredo-fea9982cdc
2025-05-22 01:29:44,101 - P15228 - INFO - HTML salvo para debug: data\debug_html_v10\6049202ed0c8e79468f4f0639549d783.html
2025-05-22 01:29:44,124 - P15228 - INFO - Candidates address: 0 items
2025-05-22 01:29:44,124 - P15228 - INFO - Candidates phone: 0 items
2025-05-22 01:29:44,124 - P15228 - INFO - Candidates email: 0 items
2025-05-22 01:29:44,124 - P15228 - INFO - Candidates complement: 0 items
2025-05-22 01:29:44,124 - P15228 - INFO - Candidates cep: 0 items
2025-05-22 01:29:44,124 - P15228 - INFO - Após processar URL 19 Uso de memória: 86.93 MB
2025-05-22 01:29:44,124 - P15228 - INFO - Processando URL 20/26: https://sistemas.tjes.jus.br/ediario/index.php?option=com_ediario&view=contents&layout=fulltext&data=20211001&idorgao=347
2025-05-22 01:29:48,735 - P15228 - INFO - HTML salvo para debug: data\debug_html_v10\242e44c9168f0a4874e3fbca7d717dcf.html
2025-05-22 01:29:49,706 - P15228 - INFO - Candidates address: 43 items
2025-05-22 01:29:49,706 - P15228 - INFO - Candidates phone: 10 items
2025-05-22 01:29:49,707 - P15228 - INFO - Candidates email: 67 items
2025-05-22 01:29:49,707 - P15228 - INFO - Candidates complement: 3 items
2025-05-22 01:29:49,707 - P15228 - INFO - Candidates cep: 82 items
2025-05-22 01:29:49,707 - P15228 - INFO - Após processar URL 20 Uso de memória: 86.94 MB
2025-05-22 01:29:49,707 - P15228 - INFO - Processando URL 21/26: https://consultacrm.com.br/
2025-05-22 01:29:53,546 - P15228 - INFO - HTML salvo para debug: data\debug_html_v10\65cadeb91ac3713432c21b535990f440.html
2025-05-22 01:29:53,558 - P15228 - INFO - Candidates address: 0 items
2025-05-22 01:29:53,558 - P15228 - INFO - Candidates phone: 0 items
2025-05-22 01:29:53,558 - P15228 - INFO - Candidates email: 0 items
2025-05-22 01:29:53,559 - P15228 - INFO - Candidates complement: 0 items
2025-05-22 01:29:53,559 - P15228 - INFO - Candidates cep: 0 items
2025-05-22 01:29:53,559 - P15228 - INFO - Após processar URL 21 Uso de memória: 87.43 MB
2025-05-22 01:29:53,559 - P15228 - INFO - Processando URL 22/26: http://doutorcrm.com/
2025-05-22 01:29:56,304 - P15228 - INFO - HTML salvo para debug: data\debug_html_v10\e75bcd1fa77a455337d61a008a7cce57.html
2025-05-22 01:29:56,309 - P15228 - INFO - Candidates address: 0 items
2025-05-22 01:29:56,309 - P15228 - INFO - Candidates phone: 0 items
2025-05-22 01:29:56,309 - P15228 - INFO - Candidates email: 0 items
2025-05-22 01:29:56,309 - P15228 - INFO - Candidates complement: 0 items
2025-05-22 01:29:56,309 - P15228 - INFO - Candidates cep: 0 items
2025-05-22 01:29:56,310 - P15228 - INFO - Após processar URL 22 Uso de memória: 83.76 MB
2025-05-22 01:29:56,310 - P15228 - INFO - Processando URL 23/26: https://www-storage.voxtecnologia.com.br/?m=sigpub.publicacao&f=334&i=publicado_107079_2025-05-16_c13b0a8ba549cbdd62c889a5dc90459b.pdf
2025-05-22 01:29:56,311 - P15228 - INFO - Ignorando URL de arquivo não-HTML: https://www-storage.voxtecnologia.com.br/?m=sigpub.publicacao&f=334&i=publicado_107079_2025-05-16_c13b0a8ba549cbdd62c889a5dc90459b.pdf
2025-05-22 01:29:56,313 - P15228 - INFO - Após processar URL 23 Uso de memória: 83.76 MB
2025-05-22 01:29:56,314 - P15228 - INFO - Processando URL 24/26: https://web.trf3.jus.br/diario/Consulta/BaixarPdf/30302
2025-05-22 01:29:58,466 - P15228 - INFO - HTML salvo para debug: data\debug_html_v10\b317646a1cc46fdfbc9461b05b34993a.html
2025-05-22 01:29:58,470 - P15228 - INFO - Candidates address: 0 items
2025-05-22 01:29:58,470 - P15228 - INFO - Candidates phone: 0 items
2025-05-22 01:29:58,470 - P15228 - INFO - Candidates email: 0 items
2025-05-22 01:29:58,470 - P15228 - INFO - Candidates complement: 0 items
2025-05-22 01:29:58,470 - P15228 - INFO - Candidates cep: 0 items
2025-05-22 01:29:58,471 - P15228 - INFO - Após processar URL 24 Uso de memória: 83.77 MB
2025-05-22 01:29:58,471 - P15228 - INFO - Processando URL 25/26: https://diario.oab.org.br/assets/diarios/diario-eletronico-oab-09-05-2025.pdf?p=1746748800094
2025-05-22 01:29:58,471 - P15228 - INFO - Ignorando URL de arquivo não-HTML: https://diario.oab.org.br/assets/diarios/diario-eletronico-oab-09-05-2025.pdf?p=1746748800094
2025-05-22 01:29:58,471 - P15228 - INFO - Após processar URL 25 Uso de memória: 83.77 MB
2025-05-22 01:29:58,471 - P15228 - INFO - Processando URL 26/26: https://www.saude.mt.gov.br/storage/old/files/perfil-dos-segurados-do-instituto-nacional-do-seguro-social-em-beneficio-por-fraturas-osteoporoticas-em-pernambuco-autoracristina--[104-270312-SES-MT].pdf
2025-05-22 01:29:58,472 - P15228 - INFO - Ignorando URL de arquivo não-HTML: https://www.saude.mt.gov.br/storage/old/files/perfil-dos-segurados-do-instituto-nacional-do-seguro-social-em-beneficio-por-fraturas-osteoporoticas-em-pernambuco-autoracristina--[104-270312-SES-MT].pdf
2025-05-22 01:29:58,472 - P15228 - INFO - Após processar URL 26 Uso de memória: 83.77 MB
2025-05-22 01:29:58,472 - P15228 - INFO - Iniciando agregação e ranqueamento
2025-05-22 01:29:58,472 - P15228 - INFO - Ranked address: 77 items
2025-05-22 01:29:58,472 - P15228 - INFO - Ranked phone: 18 items
2025-05-22 01:29:58,473 - P15228 - INFO - Ranked email: 75 items
2025-05-22 01:29:58,473 - P15228 - INFO - Ranked complement: 8 items
2025-05-22 01:29:58,473 - P15228 - INFO - Ranked cep: 118 items
2025-05-22 01:29:58,473 - P15228 - INFO - Após agregação Uso de memória: 83.77 MB
2025-05-22 01:29:58,473 - P15228 - INFO - Validando endereço: ['Rua Desembargador Homero Mafra, 60', 'Av. Dom Pedro II, 1335', 'R. JOAO BATISTA DALLAPICCOLA SAMPAIO (OAB/ES 4.367']
2025-05-22 01:29:58,474 - P15228 - INFO - Endereço validado: Rua Desembargador Homero Mafra, 60
2025-05-22 01:29:58,474 - P15228 - INFO - Limpando texto extenso para campo address: Rua Desembargador Homero Mafra, 60...
2025-05-22 01:29:58,474 - P15228 - INFO - Texto limpo: Rua Desembargador Homero Mafra, 60
2025-05-22 01:29:58,474 - P15228 - INFO - Validando telefone: ['(83) 2108-7200', '(83) 2106-4777', '(83) 3521-1506']
2025-05-22 01:29:58,474 - P15228 - INFO - Limpando texto extenso para campo phone: (83) 2108-7200...
2025-05-22 01:29:58,474 - P15228 - INFO - Texto limpo: 83) 2108-7200
2025-05-22 01:29:58,474 - P15228 - INFO - Telefone validado: 83) 2108-7200
2025-05-22 01:29:58,475 - P15228 - INFO - Validando email: ['crmpb@crmpb.org.br', 'cfm@portalmedico.org.br', 'mps1419@hotmail.com']
2025-05-22 01:29:58,475 - P15228 - INFO - Limpando texto extenso para campo email: crmpb@crmpb.org.br...
2025-05-22 01:29:58,475 - P15228 - INFO - Texto limpo: crmpb@crmpb.org.br
2025-05-22 01:29:58,475 - P15228 - INFO - Email validado: crmpb@crmpb.org.br
2025-05-22 01:29:58,475 - P15228 - INFO - Validando complemento: ['Conjunto D', 'Sala 1804', 'Sala 211']
2025-05-22 01:29:58,475 - P15228 - INFO - Limpando texto extenso para campo complement: Conjunto D...
2025-05-22 01:29:58,475 - P15228 - INFO - Texto limpo: Conjunto D
2025-05-22 01:29:58,475 - P15228 - INFO - Complemento validado: Conjunto D
2025-05-22 01:29:58,476 - P15228 - INFO - Descobrindo cidade
2025-05-22 01:29:58,476 - P15228 - INFO - Buscando cidade: Rua Desembargador Homero Mafra cidade PB
2025-05-22 01:30:01,421 - P15228 - WARNING - Cidade não encontrada
2025-05-22 01:30:01,421 - P15228 - INFO - Cidade descoberta: 
2025-05-22 01:30:01,422 - P15228 - INFO - Tempo de execução de processamento completo do médico: 73.56 segundos
2025-05-22 01:30:01,422 - P15228 - INFO - Resultado processado: {'Hash': 'ad84d776ce1639f6a63c5c2e6ab0f86b18864b0d46bb9428efb9fa704235e6d4', 'CRM': '15000', 'UF': 'PB', 'Firstname': 'CLARA', 'LastName': 'CRISTINA MARQUES TEODORO DE FIGUEIREDO', 'Medical specialty': '', 'Endereco Completo A1': 'Rua Desembargador Homero Mafra, 60', 'Address A1': 'Rua Desembargador Homero Mafra', 'Numero A1': '60', 'Complement A1': 'Conjunto D', 'Bairro A1': '', 'postal code A1': '', 'City A1': '', 'State A1': '', 'Phone A1': '83) 2108-7200', 'Phone A2': '', 'Cell phone A1': '', 'Cell phone A2': '', 'E-mail A1': 'crmpb@crmpb.org.br', 'E-mail A2': '', 'OPT-IN': '', 'STATUS': '', 'LOTE': ''}
2025-05-22 01:30:01,422 - P15228 - INFO - Salvando lote de resultados
2025-05-22 01:30:01,423 - P15228 - INFO - Após salvar resultados Uso de memória: 84.41 MB
2025-05-22 01:30:01,423 - P15228 - INFO - Progresso: 3.9%
2025-05-22 01:30:01,424 - P15228 - INFO - Tempo de execução de processamento do médico 3: 73.56 segundos
2025-05-22 01:30:01,424 - P15228 - INFO - Tempo de execução de processamento do lote completo: 209.75 segundos
