2025-05-22 02:17:57,039 - P11992 - INFO - 
==================================================
Processando médico 1/3
2025-05-22 02:17:57,040 - P11992 - INFO - Nome: JOÃO TAVARES FRANCISCO
2025-05-22 02:17:57,040 - P11992 - INFO - Reiniciando driver do Chrome
2025-05-22 02:17:58,352 - P11992 - INFO - Após reiniciar driver Uso de memória: 113.73 MB
2025-05-22 02:17:58,352 - P11992 - INFO - Início do processamento Uso de memória: 113.73 MB
2025-05-22 02:17:58,353 - P11992 - INFO - Iniciando busca para: JOÃO TAVARES FRANCISCO CRM 350519 RJ telefone e-mail endereço
2025-05-22 02:17:58,816 - P11992 - INFO - SearX results: 15 URLs
2025-05-22 02:17:58,820 - P11992 - INFO - Após SearX Uso de memória: 113.73 MB
2025-05-22 02:18:01,544 - P11992 - INFO - Google results: 8 URLs
2025-05-22 02:18:01,545 - P11992 - INFO - Após Google Uso de memória: 114.69 MB
2025-05-22 02:18:04,177 - P11992 - INFO - Bing results: 10 URLs
2025-05-22 02:18:04,177 - P11992 - INFO - Após Bing Uso de memória: 115.59 MB
2025-05-22 02:18:04,178 - P11992 - INFO - Total de URLs únicas: 19
2025-05-22 02:18:04,178 - P11992 - INFO - Processando URL 1/19: https://nilopolis.rj.gov.br/wp-content/uploads/2024/04/EDITAL-DE-CONVOCACAO-PARA-A-PROVA-OBJETIVA-01.2024-1.pdf
2025-05-22 02:18:04,178 - P11992 - INFO - Ignorando URL de arquivo não-HTML: https://nilopolis.rj.gov.br/wp-content/uploads/2024/04/EDITAL-DE-CONVOCACAO-PARA-A-PROVA-OBJETIVA-01.2024-1.pdf
2025-05-22 02:18:04,178 - P11992 - INFO - Após processar URL 1 Uso de memória: 115.59 MB
2025-05-22 02:18:04,178 - P11992 - INFO - Processando URL 2/19: https://www.planodesaudesp.net/perfil/joao_tavares_francisco--613564
2025-05-22 02:18:10,326 - P11992 - INFO - HTML salvo para debug: data\debug_html_v10\45352685270e2db4ef5e420b82602b01.html
2025-05-22 02:18:10,350 - P11992 - INFO - Candidates address: 6 items
2025-05-22 02:18:10,350 - P11992 - INFO - Candidates phone: 1 items
2025-05-22 02:18:10,350 - P11992 - INFO - Candidates email: 0 items
2025-05-22 02:18:10,350 - P11992 - INFO - Candidates complement: 1 items
2025-05-22 02:18:10,350 - P11992 - INFO - Candidates cep: 1 items
2025-05-22 02:18:10,351 - P11992 - INFO - Após processar URL 2 Uso de memória: 108.55 MB
2025-05-22 02:18:10,351 - P11992 - INFO - Processando URL 3/19: https://cdn.ian.org.br/edital/1/39/2264d3487273de528e64e3f016c428cf.pdf
2025-05-22 02:18:10,351 - P11992 - INFO - Ignorando URL de arquivo não-HTML: https://cdn.ian.org.br/edital/1/39/2264d3487273de528e64e3f016c428cf.pdf
2025-05-22 02:18:10,351 - P11992 - INFO - Após processar URL 3 Uso de memória: 108.55 MB
2025-05-22 02:18:10,352 - P11992 - INFO - Processando URL 4/19: https://portal.cfm.org.br/busca-medicos
2025-05-22 02:18:14,275 - P11992 - INFO - HTML salvo para debug: data\debug_html_v10\e28ae84aaa177d1328f3a0d1fb68449f.html
2025-05-22 02:18:14,313 - P11992 - INFO - Candidates address: 0 items
2025-05-22 02:18:14,313 - P11992 - INFO - Candidates phone: 0 items
2025-05-22 02:18:14,313 - P11992 - INFO - Candidates email: 1 items
2025-05-22 02:18:14,314 - P11992 - INFO - Candidates complement: 1 items
2025-05-22 02:18:14,314 - P11992 - INFO - Candidates cep: 1 items
2025-05-22 02:18:14,314 - P11992 - INFO - Após processar URL 4 Uso de memória: 110.61 MB
2025-05-22 02:18:14,314 - P11992 - INFO - Processando URL 5/19: https://www.ioepa.com.br/pages/2019/2019.11.08.DOE.pdf
2025-05-22 02:18:14,315 - P11992 - INFO - Ignorando URL de arquivo não-HTML: https://www.ioepa.com.br/pages/2019/2019.11.08.DOE.pdf
2025-05-22 02:18:14,315 - P11992 - INFO - Após processar URL 5 Uso de memória: 110.61 MB
2025-05-22 02:18:14,315 - P11992 - INFO - Processando URL 6/19: https://consultar.io/crm/rj/
2025-05-22 02:18:17,612 - P11992 - INFO - HTML salvo para debug: data\debug_html_v10\c91d2e9f4196df7470d0765c1861ce0e.html
2025-05-22 02:18:17,627 - P11992 - INFO - Candidates address: 0 items
2025-05-22 02:18:17,627 - P11992 - INFO - Candidates phone: 0 items
2025-05-22 02:18:17,628 - P11992 - INFO - Candidates email: 0 items
2025-05-22 02:18:17,628 - P11992 - INFO - Candidates complement: 0 items
2025-05-22 02:18:17,628 - P11992 - INFO - Candidates cep: 0 items
2025-05-22 02:18:17,628 - P11992 - INFO - Após processar URL 6 Uso de memória: 110.81 MB
2025-05-22 02:18:17,628 - P11992 - INFO - Processando URL 7/19: https://www.cremerj.org.br/servicomedico/localizar
2025-05-22 02:18:20,340 - P11992 - INFO - HTML salvo para debug: data\debug_html_v10\4c2bb8fec71180dc31cccc07b0be358a.html
2025-05-22 02:18:20,340 - P11992 - INFO - Candidates address: 0 items
2025-05-22 02:18:20,340 - P11992 - INFO - Candidates phone: 0 items
2025-05-22 02:18:20,341 - P11992 - INFO - Candidates email: 0 items
2025-05-22 02:18:20,341 - P11992 - INFO - Candidates complement: 0 items
2025-05-22 02:18:20,341 - P11992 - INFO - Candidates cep: 0 items
2025-05-22 02:18:20,341 - P11992 - INFO - Após processar URL 7 Uso de memória: 110.81 MB
2025-05-22 02:18:20,341 - P11992 - INFO - Processando URL 8/19: https://www.consultacrm.com.br/index/profissionais
2025-05-22 02:18:22,761 - P11992 - INFO - HTML salvo para debug: data\debug_html_v10\ca7ac6c4b85cee4a2c1da9949f895117.html
2025-05-22 02:18:22,776 - P11992 - INFO - Candidates address: 0 items
2025-05-22 02:18:22,780 - P11992 - INFO - Candidates phone: 0 items
2025-05-22 02:18:22,785 - P11992 - INFO - Candidates email: 0 items
2025-05-22 02:18:22,786 - P11992 - INFO - Candidates complement: 0 items
2025-05-22 02:18:22,786 - P11992 - INFO - Candidates cep: 0 items
2025-05-22 02:18:22,790 - P11992 - INFO - Após processar URL 8 Uso de memória: 111.93 MB
2025-05-22 02:18:22,791 - P11992 - INFO - Processando URL 9/19: https://www.medicosbrasil.com/profissional/joao-tavares-francisco
2025-05-22 02:18:26,286 - P11992 - INFO - HTML salvo para debug: data\debug_html_v10\332a108741c0f49f82d03c3fdef9129b.html
2025-05-22 02:18:26,306 - P11992 - INFO - Candidates address: 0 items
2025-05-22 02:18:26,306 - P11992 - INFO - Candidates phone: 0 items
2025-05-22 02:18:26,307 - P11992 - INFO - Candidates email: 0 items
2025-05-22 02:18:26,307 - P11992 - INFO - Candidates complement: 0 items
2025-05-22 02:18:26,307 - P11992 - INFO - Candidates cep: 0 items
2025-05-22 02:18:26,307 - P11992 - INFO - Após processar URL 9 Uso de memória: 112.62 MB
2025-05-22 02:18:26,308 - P11992 - INFO - Processando URL 10/19: https://ioepa.com.br/pages/2019/2019.08.20.DOE.pdf
2025-05-22 02:18:26,308 - P11992 - INFO - Ignorando URL de arquivo não-HTML: https://ioepa.com.br/pages/2019/2019.08.20.DOE.pdf
2025-05-22 02:18:26,308 - P11992 - INFO - Após processar URL 10 Uso de memória: 112.62 MB
2025-05-22 02:18:26,308 - P11992 - INFO - Processando URL 11/19: https://www.boaconsulta.com/especialista/joao-tavares-francisco-6105cf049b22ae2f48000383
2025-05-22 02:18:29,681 - P11992 - INFO - HTML salvo para debug: data\debug_html_v10\57ab3ffb7ed64b7f6351c3a8fa0402ca.html
2025-05-22 02:18:29,747 - P11992 - INFO - Candidates address: 10 items
2025-05-22 02:18:29,748 - P11992 - INFO - Candidates phone: 0 items
2025-05-22 02:18:29,748 - P11992 - INFO - Candidates email: 0 items
2025-05-22 02:18:29,748 - P11992 - INFO - Candidates complement: 5 items
2025-05-22 02:18:29,748 - P11992 - INFO - Candidates cep: 0 items
2025-05-22 02:18:29,749 - P11992 - INFO - Após processar URL 11 Uso de memória: 114.05 MB
2025-05-22 02:18:29,749 - P11992 - INFO - Processando URL 12/19: https://acervo.arquivopublico.sc.gov.br/uploads/r/arquivo-publico-do-estado-de-santa-catarina-apesc/0/8/8/08854ade7c0c40de9d436a6611a7f2e3618b8626e341d768a00d6066a18e2baa/fe39cb7a-db41-4739-90b7-b59308c3a5ee-13978-DOE_18994_20_12_2010_52F_JUCESC_18994_08F.pdf
2025-05-22 02:18:29,749 - P11992 - INFO - Ignorando URL de arquivo não-HTML: https://acervo.arquivopublico.sc.gov.br/uploads/r/arquivo-publico-do-estado-de-santa-catarina-apesc/0/8/8/08854ade7c0c40de9d436a6611a7f2e3618b8626e341d768a00d6066a18e2baa/fe39cb7a-db41-4739-90b7-b59308c3a5ee-13978-DOE_18994_20_12_2010_52F_JUCESC_18994_08F.pdf
2025-05-22 02:18:29,750 - P11992 - INFO - Após processar URL 12 Uso de memória: 113.30 MB
2025-05-22 02:18:29,750 - P11992 - INFO - Processando URL 13/19: http://www.transparencia.cremerj.org.br:8098/planejamento/registroMedico/pesquisar
2025-05-22 02:18:32,144 - P11992 - INFO - HTML salvo para debug: data\debug_html_v10\19128e1d0b16c1bd37c280ce751655f7.html
2025-05-22 02:18:32,166 - P11992 - INFO - Candidates address: 0 items
2025-05-22 02:18:32,166 - P11992 - INFO - Candidates phone: 1 items
2025-05-22 02:18:32,166 - P11992 - INFO - Candidates email: 0 items
2025-05-22 02:18:32,167 - P11992 - INFO - Candidates complement: 0 items
2025-05-22 02:18:32,167 - P11992 - INFO - Candidates cep: 1 items
2025-05-22 02:18:32,167 - P11992 - INFO - Após processar URL 13 Uso de memória: 113.41 MB
2025-05-22 02:18:32,167 - P11992 - INFO - Processando URL 14/19: https://www.cremerj.org.br/
2025-05-22 02:18:35,783 - P11992 - INFO - HTML salvo para debug: data\debug_html_v10\57d5b230cbdcf7d719e9b2b2f238c4f1.html
2025-05-22 02:18:35,837 - P11992 - INFO - Candidates address: 0 items
2025-05-22 02:18:35,837 - P11992 - INFO - Candidates phone: 2 items
2025-05-22 02:18:35,838 - P11992 - INFO - Candidates email: 0 items
2025-05-22 02:18:35,839 - P11992 - INFO - Candidates complement: 0 items
2025-05-22 02:18:35,840 - P11992 - INFO - Candidates cep: 3 items
2025-05-22 02:18:35,840 - P11992 - INFO - Após processar URL 14 Uso de memória: 113.41 MB
2025-05-22 02:18:35,840 - P11992 - INFO - Processando URL 15/19: https://www.doctoralia.com.br/joao-tavares-francisco/medico-clinico-geral/rio-de-janeiro
2025-05-22 02:18:35,841 - P11992 - INFO - Ignorando URL de arquivo não-HTML: https://www.doctoralia.com.br/joao-tavares-francisco/medico-clinico-geral/rio-de-janeiro
2025-05-22 02:18:35,841 - P11992 - INFO - Após processar URL 15 Uso de memória: 113.41 MB
2025-05-22 02:18:35,841 - P11992 - INFO - Processando URL 16/19: https://www.classemedica.com.br/medico/156132-joao-tavares-francisco.htm
2025-05-22 02:18:41,635 - P11992 - INFO - HTML salvo para debug: data\debug_html_v10\42fdef79616de8622026f97f3b0b296a.html
2025-05-22 02:18:41,663 - P11992 - INFO - Candidates address: 0 items
2025-05-22 02:18:41,666 - P11992 - INFO - Candidates phone: 0 items
2025-05-22 02:18:41,667 - P11992 - INFO - Candidates email: 0 items
2025-05-22 02:18:41,667 - P11992 - INFO - Candidates complement: 0 items
2025-05-22 02:18:41,667 - P11992 - INFO - Candidates cep: 0 items
2025-05-22 02:18:41,667 - P11992 - INFO - Após processar URL 16 Uso de memória: 113.92 MB
2025-05-22 02:18:41,668 - P11992 - INFO - Processando URL 17/19: https://cliniguia.com/profissionais/joao-tavares-francisco-201551445900005/
2025-05-22 02:18:47,233 - P11992 - INFO - HTML salvo para debug: data\debug_html_v10\c884c0a5b9ababdb707d53c8ccf8279f.html
2025-05-22 02:18:47,301 - P11992 - INFO - Candidates address: 0 items
2025-05-22 02:18:47,307 - P11992 - INFO - Candidates phone: 0 items
2025-05-22 02:18:47,311 - P11992 - INFO - Candidates email: 0 items
2025-05-22 02:18:47,312 - P11992 - INFO - Candidates complement: 0 items
2025-05-22 02:18:47,312 - P11992 - INFO - Candidates cep: 0 items
2025-05-22 02:18:47,312 - P11992 - INFO - Após processar URL 17 Uso de memória: 114.00 MB
2025-05-22 02:18:47,312 - P11992 - INFO - Processando URL 18/19: https://www.saobernardo.sp.gov.br/documents/10181/1812128/NM+2473+de+13.09.2024+-++Conte%C3%BAdo+Integral.pdf/8ba35b03-7685-6fe0-0d4a-2d093bcda27e
2025-05-22 02:18:47,312 - P11992 - INFO - Ignorando URL de arquivo não-HTML: https://www.saobernardo.sp.gov.br/documents/10181/1812128/NM+2473+de+13.09.2024+-++Conte%C3%BAdo+Integral.pdf/8ba35b03-7685-6fe0-0d4a-2d093bcda27e
2025-05-22 02:18:47,322 - P11992 - INFO - Após processar URL 18 Uso de memória: 114.00 MB
2025-05-22 02:18:47,323 - P11992 - INFO - Processando URL 19/19: https://consultacrm.com.br/
2025-05-22 02:18:50,382 - P11992 - INFO - HTML salvo para debug: data\debug_html_v10\65cadeb91ac3713432c21b535990f440.html
2025-05-22 02:18:50,397 - P11992 - INFO - Candidates address: 0 items
2025-05-22 02:18:50,398 - P11992 - INFO - Candidates phone: 0 items
2025-05-22 02:18:50,400 - P11992 - INFO - Candidates email: 0 items
2025-05-22 02:18:50,400 - P11992 - INFO - Candidates complement: 0 items
2025-05-22 02:18:50,401 - P11992 - INFO - Candidates cep: 0 items
2025-05-22 02:18:50,401 - P11992 - INFO - Após processar URL 19 Uso de memória: 114.04 MB
2025-05-22 02:18:50,401 - P11992 - INFO - Iniciando agregação e ranqueamento
2025-05-22 02:18:50,401 - P11992 - INFO - Ranked address: 16 items
2025-05-22 02:18:50,402 - P11992 - INFO - Ranked phone: 3 items
2025-05-22 02:18:50,402 - P11992 - INFO - Ranked email: 1 items
2025-05-22 02:18:50,402 - P11992 - INFO - Ranked complement: 7 items
2025-05-22 02:18:50,402 - P11992 - INFO - Ranked cep: 5 items
2025-05-22 02:18:50,402 - P11992 - INFO - Após agregação Uso de memória: 114.04 MB
2025-05-22 02:18:50,403 - P11992 - INFO - Validando endereço: ['Avenida Londres, 616', 'Rua Delgado de Carvalho, 22', 'Rua Mario Ribeiro, 117']
2025-05-22 02:18:50,403 - P11992 - INFO - Endereço validado: Avenida Londres, 616
2025-05-22 02:18:50,403 - P11992 - INFO - Limpando texto extenso para campo address: Avenida Londres, 616...
2025-05-22 02:18:50,403 - P11992 - INFO - Texto limpo: Avenida Londres, 616
2025-05-22 02:18:50,403 - P11992 - INFO - Validando telefone: ['(21) 3184-7050', '(21) 3977-9502', '(21) 98491-1522']
2025-05-22 02:18:50,403 - P11992 - INFO - Limpando texto extenso para campo phone: (21) 3184-7050...
2025-05-22 02:18:50,404 - P11992 - INFO - Texto limpo: 21) 3184-7050
2025-05-22 02:18:50,404 - P11992 - INFO - Telefone validado: 21) 3184-7050
2025-05-22 02:18:50,404 - P11992 - INFO - Validando email: ['cfm@portalmedico.org.br']
2025-05-22 02:18:50,404 - P11992 - INFO - Limpando texto extenso para campo email: cfm@portalmedico.org.br...
2025-05-22 02:18:50,404 - P11992 - INFO - Texto limpo: cfm@portalmedico.org.br
2025-05-22 02:18:50,404 - P11992 - INFO - Email validado: cfm@portalmedico.org.br
2025-05-22 02:18:50,405 - P11992 - INFO - Validando complemento: ['Sala 203 ', 'Conjunto D', 'Sala 1114']
2025-05-22 02:18:50,405 - P11992 - INFO - Limpando texto extenso para campo complement: Sala 203 ...
2025-05-22 02:18:50,405 - P11992 - INFO - Texto limpo: Sala 203
2025-05-22 02:18:50,405 - P11992 - INFO - Complemento validado: Sala 203
2025-05-22 02:18:50,405 - P11992 - INFO - Descobrindo cidade
2025-05-22 02:18:50,406 - P11992 - INFO - Buscando cidade: Avenida Londres cidade RJ
2025-05-22 02:18:53,221 - P11992 - WARNING - Cidade não encontrada
2025-05-22 02:18:53,221 - P11992 - INFO - Cidade descoberta: 
2025-05-22 02:18:53,222 - P11992 - INFO - Tempo de execução de processamento completo do médico: 54.87 segundos
2025-05-22 02:18:53,222 - P11992 - INFO - Resultado processado: {'Hash': 'e1b6b92536b270bf830a44414c336493099e81a06502d4089e55959b862e7231', 'CRM': '350519', 'UF': 'RJ', 'Firstname': 'JOÃO', 'LastName': 'TAVARES FRANCISCO', 'Medical specialty': '', 'Endereco Completo A1': 'Avenida Londres, 616', 'Address A1': 'Avenida Londres', 'Numero A1': '616', 'Complement A1': 'Sala 203', 'Bairro A1': '', 'postal code A1': '', 'City A1': '', 'State A1': '', 'Phone A1': '21) 3184-7050', 'Phone A2': '', 'Cell phone A1': '', 'Cell phone A2': '', 'E-mail A1': 'cfm@portalmedico.org.br', 'E-mail A2': '', 'OPT-IN': '', 'STATUS': '', 'LOTE': ''}
2025-05-22 02:18:53,223 - P11992 - INFO - Progresso: 22.4%
2025-05-22 02:18:53,223 - P11992 - INFO - Executando coleta de lixo
2025-05-22 02:18:53,269 - P11992 - INFO - Após coleta de lixo Uso de memória: 106.80 MB
2025-05-22 02:18:53,269 - P11992 - INFO - Tempo de execução de processamento do médico 1: 56.23 segundos
2025-05-22 02:18:53,269 - P11992 - INFO - 
==================================================
Processando médico 2/3
2025-05-22 02:18:53,270 - P11992 - INFO - Nome: MARCELO SANTOS CRUZ
2025-05-22 02:18:53,270 - P11992 - INFO - Início do processamento Uso de memória: 106.80 MB
2025-05-22 02:18:53,270 - P11992 - INFO - Iniciando busca para: MARCELO SANTOS CRUZ CRM 359302 RJ telefone e-mail endereço
2025-05-22 02:18:53,712 - P11992 - INFO - SearX results: 3 URLs
2025-05-22 02:18:53,713 - P11992 - INFO - Após SearX Uso de memória: 106.80 MB
2025-05-22 02:18:56,820 - P11992 - INFO - Google results: 9 URLs
2025-05-22 02:18:56,820 - P11992 - INFO - Após Google Uso de memória: 110.29 MB
2025-05-22 02:18:59,308 - P11992 - INFO - Bing results: 12 URLs
2025-05-22 02:18:59,309 - P11992 - INFO - Após Bing Uso de memória: 112.70 MB
2025-05-22 02:18:59,309 - P11992 - INFO - Total de URLs únicas: 20
2025-05-22 02:18:59,309 - P11992 - INFO - Processando URL 1/20: https://www.doctoralia.com.br/marcelo-santos-cruz/psiquiatra/rio-de-janeiro
2025-05-22 02:18:59,309 - P11992 - INFO - Ignorando URL de arquivo não-HTML: https://www.doctoralia.com.br/marcelo-santos-cruz/psiquiatra/rio-de-janeiro
2025-05-22 02:18:59,309 - P11992 - INFO - Após processar URL 1 Uso de memória: 112.70 MB
2025-05-22 02:18:59,310 - P11992 - INFO - Processando URL 2/20: https://www.bingplaces.com/DashBoard/Edit?Id=YN7993x17938438824550839621&market=pt-BR&src=SERPIC
2025-05-22 02:19:03,526 - P11992 - INFO - HTML salvo para debug: data\debug_html_v10\ee00b2085e74916bf5a60d4286d6dc07.html
2025-05-22 02:19:03,542 - P11992 - INFO - Candidates address: 1 items
2025-05-22 02:19:03,542 - P11992 - INFO - Candidates phone: 1 items
2025-05-22 02:19:03,542 - P11992 - INFO - Candidates email: 0 items
2025-05-22 02:19:03,542 - P11992 - INFO - Candidates complement: 0 items
2025-05-22 02:19:03,543 - P11992 - INFO - Candidates cep: 1 items
2025-05-22 02:19:03,543 - P11992 - INFO - Após processar URL 2 Uso de memória: 112.97 MB
2025-05-22 02:19:03,543 - P11992 - INFO - Processando URL 3/20: https://ioepa.com.br/pages/2018/2018.09.10.DOE.pdf
2025-05-22 02:19:03,543 - P11992 - INFO - Ignorando URL de arquivo não-HTML: https://ioepa.com.br/pages/2018/2018.09.10.DOE.pdf
2025-05-22 02:19:03,544 - P11992 - INFO - Após processar URL 3 Uso de memória: 112.97 MB
2025-05-22 02:19:03,544 - P11992 - INFO - Processando URL 4/20: https://cliniguia.com/profissionais/marcelo-santos-cruz-980016282724851/
2025-05-22 02:19:06,261 - P11992 - INFO - HTML salvo para debug: data\debug_html_v10\4e50fb48bb6d0abf6495ea192ce1bed4.html
2025-05-22 02:19:06,308 - P11992 - INFO - Candidates address: 0 items
2025-05-22 02:19:06,308 - P11992 - INFO - Candidates phone: 0 items
2025-05-22 02:19:06,309 - P11992 - INFO - Candidates email: 0 items
2025-05-22 02:19:06,309 - P11992 - INFO - Candidates complement: 0 items
2025-05-22 02:19:06,309 - P11992 - INFO - Candidates cep: 0 items
2025-05-22 02:19:06,310 - P11992 - INFO - Após processar URL 4 Uso de memória: 113.67 MB
2025-05-22 02:19:06,311 - P11992 - INFO - Processando URL 5/20: https://www.classemedica.com.br/medico/213066-marcelo-santos-cruz.htm
2025-05-22 02:19:11,355 - P11992 - INFO - HTML salvo para debug: data\debug_html_v10\ed6fac104af99f85de4a338f0dc140a8.html
2025-05-22 02:19:11,384 - P11992 - INFO - Candidates address: 0 items
2025-05-22 02:19:11,384 - P11992 - INFO - Candidates phone: 0 items
2025-05-22 02:19:11,384 - P11992 - INFO - Candidates email: 0 items
2025-05-22 02:19:11,384 - P11992 - INFO - Candidates complement: 0 items
2025-05-22 02:19:11,385 - P11992 - INFO - Candidates cep: 0 items
2025-05-22 02:19:11,385 - P11992 - INFO - Após processar URL 5 Uso de memória: 114.49 MB
2025-05-22 02:19:11,385 - P11992 - INFO - Processando URL 6/20: https://www.apontador.com.br/local/rj/rio_de_janeiro/dentistas/XL2S56M8/marcelo_cruz_dos_santos_olaria.html
2025-05-22 02:19:15,637 - P11992 - INFO - HTML salvo para debug: data\debug_html_v10\9de5f79f17502b18c8b865a9ecdcf739.html
2025-05-22 02:19:15,685 - P11992 - INFO - Candidates address: 2 items
2025-05-22 02:19:15,685 - P11992 - INFO - Candidates phone: 2 items
2025-05-22 02:19:15,686 - P11992 - INFO - Candidates email: 1 items
2025-05-22 02:19:15,686 - P11992 - INFO - Candidates complement: 1 items
2025-05-22 02:19:15,686 - P11992 - INFO - Candidates cep: 1 items
2025-05-22 02:19:15,686 - P11992 - INFO - Após processar URL 6 Uso de memória: 114.69 MB
2025-05-22 02:19:15,686 - P11992 - INFO - Processando URL 7/20: https://propsam.ipub.ufrj.br/marcelo-santos-cruz-2/
2025-05-22 02:19:18,006 - P11992 - INFO - HTML salvo para debug: data\debug_html_v10\8b17406bc8bdce9d0f4b7cc1d22ab260.html
2025-05-22 02:19:18,024 - P11992 - INFO - Candidates address: 1 items
2025-05-22 02:19:18,024 - P11992 - INFO - Candidates phone: 0 items
2025-05-22 02:19:18,024 - P11992 - INFO - Candidates email: 1 items
2025-05-22 02:19:18,024 - P11992 - INFO - Candidates complement: 0 items
2025-05-22 02:19:18,025 - P11992 - INFO - Candidates cep: 1 items
2025-05-22 02:19:18,025 - P11992 - INFO - Após processar URL 7 Uso de memória: 114.69 MB
2025-05-22 02:19:18,025 - P11992 - INFO - Processando URL 8/20: https://www.boaconsulta.com/especialista/marcelo-dos-santos-cruz-5f2c876caa410fa6d00000f9
2025-05-22 02:19:20,898 - P11992 - INFO - HTML salvo para debug: data\debug_html_v10\e46ae9ad41418e1608f9f22d227cbe1d.html
2025-05-22 02:19:20,934 - P11992 - INFO - Candidates address: 3 items
2025-05-22 02:19:20,934 - P11992 - INFO - Candidates phone: 0 items
2025-05-22 02:19:20,934 - P11992 - INFO - Candidates email: 0 items
2025-05-22 02:19:20,935 - P11992 - INFO - Candidates complement: 0 items
2025-05-22 02:19:20,935 - P11992 - INFO - Candidates cep: 0 items
2025-05-22 02:19:20,935 - P11992 - INFO - Após processar URL 8 Uso de memória: 114.82 MB
2025-05-22 02:19:20,935 - P11992 - INFO - Processando URL 9/20: https://www.boaconsulta.com/especialista/marcelo-santos-cruz-5f2c7cabaa410f6161000b25
2025-05-22 02:19:23,509 - P11992 - INFO - HTML salvo para debug: data\debug_html_v10\eeef816803bc02ee2ab6adab74e236c9.html
2025-05-22 02:19:23,570 - P11992 - INFO - Candidates address: 9 items
2025-05-22 02:19:23,570 - P11992 - INFO - Candidates phone: 0 items
2025-05-22 02:19:23,570 - P11992 - INFO - Candidates email: 0 items
2025-05-22 02:19:23,570 - P11992 - INFO - Candidates complement: 3 items
2025-05-22 02:19:23,570 - P11992 - INFO - Candidates cep: 0 items
2025-05-22 02:19:23,570 - P11992 - INFO - Após processar URL 9 Uso de memória: 115.54 MB
2025-05-22 02:19:23,571 - P11992 - INFO - Processando URL 10/20: https://propsam.ipub.ufrj.br/marcelo-santos-cruz/
2025-05-22 02:19:26,328 - P11992 - INFO - HTML salvo para debug: data\debug_html_v10\e927c2ec0bd1cae0d09ffbfafec26644.html
2025-05-22 02:19:26,351 - P11992 - INFO - Candidates address: 1 items
2025-05-22 02:19:26,352 - P11992 - INFO - Candidates phone: 0 items
2025-05-22 02:19:26,352 - P11992 - INFO - Candidates email: 1 items
2025-05-22 02:19:26,353 - P11992 - INFO - Candidates complement: 0 items
2025-05-22 02:19:26,353 - P11992 - INFO - Candidates cep: 3 items
2025-05-22 02:19:26,353 - P11992 - INFO - Após processar URL 10 Uso de memória: 115.74 MB
2025-05-22 02:19:26,353 - P11992 - INFO - Processando URL 11/20: https://santaportal.com.br/geral/especial-oab-santos-marcelo-cruz-entrevista
2025-05-22 02:19:32,335 - P11992 - INFO - HTML salvo para debug: data\debug_html_v10\58f26f8fa1df832d55abf0bfca1def4f.html
2025-05-22 02:19:32,368 - P11992 - INFO - Candidates address: 0 items
2025-05-22 02:19:32,368 - P11992 - INFO - Candidates phone: 0 items
2025-05-22 02:19:32,368 - P11992 - INFO - Candidates email: 1 items
2025-05-22 02:19:32,368 - P11992 - INFO - Candidates complement: 0 items
2025-05-22 02:19:32,368 - P11992 - INFO - Candidates cep: 0 items
2025-05-22 02:19:32,369 - P11992 - INFO - Após processar URL 11 Uso de memória: 115.81 MB
2025-05-22 02:19:32,369 - P11992 - INFO - Processando URL 12/20: https://www.otempo.com.br/eleicoes/2024/candidatos/minas-gerais/belo-horizonte/vereador/marcelo-santos-cruz-11015
2025-05-22 02:19:38,399 - P11992 - INFO - HTML salvo para debug: data\debug_html_v10\3f8d02fba8a9d3287cfd2a9822a4fc8b.html
2025-05-22 02:19:38,446 - P11992 - INFO - Candidates address: 0 items
2025-05-22 02:19:38,446 - P11992 - INFO - Candidates phone: 0 items
2025-05-22 02:19:38,446 - P11992 - INFO - Candidates email: 0 items
2025-05-22 02:19:38,447 - P11992 - INFO - Candidates complement: 0 items
2025-05-22 02:19:38,447 - P11992 - INFO - Candidates cep: 0 items
2025-05-22 02:19:38,447 - P11992 - INFO - Após processar URL 12 Uso de memória: 115.85 MB
2025-05-22 02:19:38,448 - P11992 - INFO - Processando URL 13/20: https://www.escavador.com/sobre/409023/marcelo-santos-cruz
2025-05-22 02:19:43,784 - P11992 - INFO - HTML salvo para debug: data\debug_html_v10\c7be6283ecfecb8e8aa13e85c7d1c8cb.html
2025-05-22 02:19:43,802 - P11992 - INFO - Candidates address: 0 items
2025-05-22 02:19:43,802 - P11992 - INFO - Candidates phone: 0 items
2025-05-22 02:19:43,802 - P11992 - INFO - Candidates email: 0 items
2025-05-22 02:19:43,802 - P11992 - INFO - Candidates complement: 0 items
2025-05-22 02:19:43,803 - P11992 - INFO - Candidates cep: 0 items
2025-05-22 02:19:43,803 - P11992 - INFO - Após processar URL 13 Uso de memória: 115.88 MB
2025-05-22 02:19:43,803 - P11992 - INFO - Processando URL 14/20: https://rocketreach.co/marcelo-santos-cruz-email_354369681
2025-05-22 02:19:46,069 - P11992 - INFO - HTML salvo para debug: data\debug_html_v10\3b6babb64b5a4603d48f4ea585def79d.html
2025-05-22 02:19:46,071 - P11992 - INFO - Candidates address: 0 items
2025-05-22 02:19:46,071 - P11992 - INFO - Candidates phone: 0 items
2025-05-22 02:19:46,071 - P11992 - INFO - Candidates email: 0 items
2025-05-22 02:19:46,071 - P11992 - INFO - Candidates complement: 0 items
2025-05-22 02:19:46,071 - P11992 - INFO - Candidates cep: 0 items
2025-05-22 02:19:46,071 - P11992 - INFO - Após processar URL 14 Uso de memória: 115.93 MB
2025-05-22 02:19:46,072 - P11992 - INFO - Processando URL 15/20: https://www.ioepa.com.br/pages/2018/2018.09.10.DOE.pdf
2025-05-22 02:19:46,072 - P11992 - INFO - Ignorando URL de arquivo não-HTML: https://www.ioepa.com.br/pages/2018/2018.09.10.DOE.pdf
2025-05-22 02:19:46,072 - P11992 - INFO - Após processar URL 15 Uso de memória: 115.93 MB
2025-05-22 02:19:46,072 - P11992 - INFO - Processando URL 16/20: https://apepi.org/prescritores/marcelo-santos-cruz/
2025-05-22 02:19:51,880 - P11992 - INFO - HTML salvo para debug: data\debug_html_v10\b43b4888ec71312ad67562c422931e37.html
2025-05-22 02:19:51,894 - P11992 - INFO - Candidates address: 1 items
2025-05-22 02:19:51,894 - P11992 - INFO - Candidates phone: 1 items
2025-05-22 02:19:51,895 - P11992 - INFO - Candidates email: 0 items
2025-05-22 02:19:51,898 - P11992 - INFO - Candidates complement: 0 items
2025-05-22 02:19:51,898 - P11992 - INFO - Candidates cep: 2 items
2025-05-22 02:19:51,899 - P11992 - INFO - Após processar URL 16 Uso de memória: 115.93 MB
2025-05-22 02:19:51,899 - P11992 - INFO - Processando URL 17/20: https://www.medicosbrasil.com/profissional/marcelo-santos-cruz
2025-05-22 02:19:54,198 - P11992 - INFO - HTML salvo para debug: data\debug_html_v10\fd415565b605188be6127793158f9c61.html
2025-05-22 02:19:54,201 - P11992 - INFO - Candidates address: 0 items
2025-05-22 02:19:54,202 - P11992 - INFO - Candidates phone: 0 items
2025-05-22 02:19:54,202 - P11992 - INFO - Candidates email: 0 items
2025-05-22 02:19:54,202 - P11992 - INFO - Candidates complement: 0 items
2025-05-22 02:19:54,202 - P11992 - INFO - Candidates cep: 0 items
2025-05-22 02:19:54,203 - P11992 - INFO - Após processar URL 17 Uso de memória: 115.93 MB
2025-05-22 02:19:54,203 - P11992 - INFO - Processando URL 18/20: https://www.medicosbrasil.com/profissional/marcelo-dos-santos-cruz-junior
2025-05-22 02:19:56,294 - P11992 - INFO - HTML salvo para debug: data\debug_html_v10\69cea9b28c2752f4dbbe49e39e6ef6ec.html
2025-05-22 02:19:56,297 - P11992 - INFO - Candidates address: 0 items
2025-05-22 02:19:56,297 - P11992 - INFO - Candidates phone: 0 items
2025-05-22 02:19:56,297 - P11992 - INFO - Candidates email: 0 items
2025-05-22 02:19:56,297 - P11992 - INFO - Candidates complement: 0 items
2025-05-22 02:19:56,298 - P11992 - INFO - Candidates cep: 0 items
2025-05-22 02:19:56,298 - P11992 - INFO - Após processar URL 18 Uso de memória: 115.95 MB
2025-05-22 02:19:56,298 - P11992 - INFO - Processando URL 19/20: https://www.consultacrm.com.br/index/medicos/uid-821a86ae-f5c5-11ec-9e74-0a4aa568c625/marcelo_santos_cruz
2025-05-22 02:20:01,353 - P11992 - INFO - HTML salvo para debug: data\debug_html_v10\cec708d7f4ad55c9b76256f508f994ab.html
2025-05-22 02:20:01,363 - P11992 - INFO - Candidates address: 0 items
2025-05-22 02:20:01,364 - P11992 - INFO - Candidates phone: 0 items
2025-05-22 02:20:01,364 - P11992 - INFO - Candidates email: 0 items
2025-05-22 02:20:01,364 - P11992 - INFO - Candidates complement: 0 items
2025-05-22 02:20:01,364 - P11992 - INFO - Candidates cep: 0 items
2025-05-22 02:20:01,364 - P11992 - INFO - Após processar URL 19 Uso de memória: 115.10 MB
2025-05-22 02:20:01,365 - P11992 - INFO - Processando URL 20/20: https://consultacrm.com.br/
2025-05-22 02:20:04,480 - P11992 - INFO - HTML salvo para debug: data\debug_html_v10\65cadeb91ac3713432c21b535990f440.html
2025-05-22 02:20:04,496 - P11992 - INFO - Candidates address: 0 items
2025-05-22 02:20:04,496 - P11992 - INFO - Candidates phone: 0 items
2025-05-22 02:20:04,497 - P11992 - INFO - Candidates email: 0 items
2025-05-22 02:20:04,497 - P11992 - INFO - Candidates complement: 0 items
2025-05-22 02:20:04,497 - P11992 - INFO - Candidates cep: 0 items
2025-05-22 02:20:04,498 - P11992 - INFO - Após processar URL 20 Uso de memória: 115.99 MB
2025-05-22 02:20:04,499 - P11992 - INFO - Iniciando agregação e ranqueamento
2025-05-22 02:20:04,499 - P11992 - INFO - Ranked address: 16 items
2025-05-22 02:20:04,500 - P11992 - INFO - Ranked phone: 4 items
2025-05-22 02:20:04,500 - P11992 - INFO - Ranked email: 3 items
2025-05-22 02:20:04,500 - P11992 - INFO - Ranked complement: 4 items
2025-05-22 02:20:04,500 - P11992 - INFO - Ranked cep: 6 items
2025-05-22 02:20:04,501 - P11992 - INFO - Após agregação Uso de memória: 115.99 MB
2025-05-22 02:20:04,501 - P11992 - INFO - Validando endereço: ['Avenida Venceslau Brás, 71', 'Avenida Jardim Botânico, 700', 'Rua Dr. Alfredo Barcelos 156']
2025-05-22 02:20:04,501 - P11992 - INFO - Endereço validado: Avenida Venceslau Brás, 71
2025-05-22 02:20:04,502 - P11992 - INFO - Limpando texto extenso para campo address: Avenida Venceslau Brás, 71...
2025-05-22 02:20:04,502 - P11992 - INFO - Texto limpo: Avenida Venceslau Brás, 71
2025-05-22 02:20:04,502 - P11992 - INFO - Validando telefone: ['(21)2270-7062', '+55 21 2270-7062', '']
2025-05-22 02:20:04,502 - P11992 - INFO - Limpando texto extenso para campo phone: (21)2270-7062...
2025-05-22 02:20:04,503 - P11992 - INFO - Texto limpo: 21)2270-7062
2025-05-22 02:20:04,503 - P11992 - INFO - Telefone validado: 21)2270-7062
2025-05-22 02:20:04,503 - P11992 - INFO - Validando email: ['marcelosantoscruz@ipub.ufrj.br', 'relacionamento@apontador.com', 'marketingfm@unisanta.br']
2025-05-22 02:20:04,505 - P11992 - INFO - Limpando texto extenso para campo email: marcelosantoscruz@ipub.ufrj.br...
2025-05-22 02:20:04,510 - P11992 - INFO - Texto limpo: marcelosantoscruz@ipub.ufrj.br
2025-05-22 02:20:04,513 - P11992 - INFO - Email validado: marcelosantoscruz@ipub.ufrj.br
2025-05-22 02:20:04,514 - P11992 - INFO - Validando complemento: ['Saladas ', 'Sala 1009 Copacabana', 'Sala 101 - Térreo']
2025-05-22 02:20:04,515 - P11992 - INFO - Limpando texto extenso para campo complement: Saladas ...
2025-05-22 02:20:04,524 - P11992 - INFO - Texto limpo: Saladas
2025-05-22 02:20:04,539 - P11992 - INFO - Complemento validado: Saladas
2025-05-22 02:20:04,549 - P11992 - INFO - Descobrindo cidade
2025-05-22 02:20:04,550 - P11992 - INFO - Buscando cidade: Avenida Venceslau Brás cidade RJ
2025-05-22 02:20:07,407 - P11992 - WARNING - Cidade não encontrada
2025-05-22 02:20:07,407 - P11992 - INFO - Cidade descoberta: 
2025-05-22 02:20:07,408 - P11992 - INFO - Tempo de execução de processamento completo do médico: 74.14 segundos
2025-05-22 02:20:07,408 - P11992 - INFO - Resultado processado: {'Hash': '13575c3d36dc6dcb55772bb948378f7a8ca4c2bc7e71d240b94b1e89d5b16f2a', 'CRM': '359302', 'UF': 'RJ', 'Firstname': 'MARCELO', 'LastName': 'SANTOS CRUZ', 'Medical specialty': '', 'Endereco Completo A1': 'Avenida Venceslau Brás, 71', 'Address A1': 'Avenida Venceslau Brás', 'Numero A1': '71', 'Complement A1': 'Saladas', 'Bairro A1': '', 'postal code A1': '', 'City A1': '', 'State A1': '', 'Phone A1': '21)2270-7062', 'Phone A2': '', 'Cell phone A1': '', 'Cell phone A2': '', 'E-mail A1': 'marcelosantoscruz@ipub.ufrj.br', 'E-mail A2': '', 'OPT-IN': '', 'STATUS': '', 'LOTE': ''}
2025-05-22 02:20:07,409 - P11992 - INFO - Progresso: 22.8%
2025-05-22 02:20:07,409 - P11992 - INFO - Tempo de execução de processamento do médico 2: 74.14 segundos
2025-05-22 02:20:07,409 - P11992 - INFO - 
==================================================
Processando médico 3/3
2025-05-22 02:20:07,409 - P11992 - INFO - Nome: MARIA CANDIDA DA SILVA ASSUNCAO
2025-05-22 02:20:07,409 - P11992 - INFO - Início do processamento Uso de memória: 112.82 MB
2025-05-22 02:20:07,410 - P11992 - INFO - Iniciando busca para: MARIA CANDIDA DA SILVA ASSUNCAO CRM 408156 RJ telefone e-mail endereço
2025-05-22 02:20:07,863 - P11992 - INFO - SearX results: 5 URLs
2025-05-22 02:20:07,864 - P11992 - INFO - Após SearX Uso de memória: 112.82 MB
2025-05-22 02:20:10,344 - P11992 - INFO - Google results: 4 URLs
2025-05-22 02:20:10,344 - P11992 - INFO - Após Google Uso de memória: 112.82 MB
2025-05-22 02:20:12,875 - P11992 - INFO - Bing results: 10 URLs
2025-05-22 02:20:12,875 - P11992 - INFO - Após Bing Uso de memória: 114.43 MB
2025-05-22 02:20:12,875 - P11992 - INFO - Total de URLs únicas: 14
2025-05-22 02:20:12,875 - P11992 - INFO - Processando URL 1/14: https://cliniguia.com/profissionais/maria-candida-da-silva-assuncao-980016000079457/
2025-05-22 02:20:15,729 - P11992 - INFO - HTML salvo para debug: data\debug_html_v10\3fe063b6e2227384d8c2b5d242b1e61e.html
2025-05-22 02:20:15,771 - P11992 - INFO - Candidates address: 0 items
2025-05-22 02:20:15,771 - P11992 - INFO - Candidates phone: 0 items
2025-05-22 02:20:15,772 - P11992 - INFO - Candidates email: 0 items
2025-05-22 02:20:15,772 - P11992 - INFO - Candidates complement: 0 items
2025-05-22 02:20:15,772 - P11992 - INFO - Candidates cep: 0 items
2025-05-22 02:20:15,772 - P11992 - INFO - Após processar URL 1 Uso de memória: 114.43 MB
2025-05-22 02:20:15,772 - P11992 - INFO - Processando URL 2/14: https://sistemacremerj.com.br/crmonline/SifaOnLineServicosPublicosAction.do?metodo=servicoPublicoProfissionais
2025-05-22 02:20:18,700 - P11992 - INFO - HTML salvo para debug: data\debug_html_v10\00ef532bee75671887e028b1935f98b3.html
2025-05-22 02:20:18,719 - P11992 - INFO - Candidates address: 0 items
2025-05-22 02:20:18,720 - P11992 - INFO - Candidates phone: 1 items
2025-05-22 02:20:18,720 - P11992 - INFO - Candidates email: 0 items
2025-05-22 02:20:18,720 - P11992 - INFO - Candidates complement: 0 items
2025-05-22 02:20:18,720 - P11992 - INFO - Candidates cep: 1 items
2025-05-22 02:20:18,720 - P11992 - INFO - Após processar URL 2 Uso de memória: 114.45 MB
2025-05-22 02:20:18,721 - P11992 - INFO - Processando URL 3/14: https://www.saobernardo.sp.gov.br/documents/10181/1441964/NM+2309+de+22.07.2022+-++Conte%C3%BAdo+Integral.pdf/8a847a34-8c8e-76e3-ee03-0484ed7ef05c
2025-05-22 02:20:18,721 - P11992 - INFO - Ignorando URL de arquivo não-HTML: https://www.saobernardo.sp.gov.br/documents/10181/1441964/NM+2309+de+22.07.2022+-++Conte%C3%BAdo+Integral.pdf/8a847a34-8c8e-76e3-ee03-0484ed7ef05c
2025-05-22 02:20:18,721 - P11992 - INFO - Após processar URL 3 Uso de memória: 114.45 MB
2025-05-22 02:20:18,721 - P11992 - INFO - Processando URL 4/14: https://www.medicosbrasil.com/profissional/maria-candida-da-silva-assuncao
2025-05-22 02:20:20,859 - P11992 - INFO - HTML salvo para debug: data\debug_html_v10\ee66baa0ab844ce4af1abe941a61d776.html
2025-05-22 02:20:20,861 - P11992 - INFO - Candidates address: 0 items
2025-05-22 02:20:20,861 - P11992 - INFO - Candidates phone: 0 items
2025-05-22 02:20:20,861 - P11992 - INFO - Candidates email: 0 items
2025-05-22 02:20:20,861 - P11992 - INFO - Candidates complement: 0 items
2025-05-22 02:20:20,861 - P11992 - INFO - Candidates cep: 0 items
2025-05-22 02:20:20,861 - P11992 - INFO - Após processar URL 4 Uso de memória: 114.45 MB
2025-05-22 02:20:20,861 - P11992 - INFO - Processando URL 5/14: https://www.doctoralia.com.br/maria-candida-da-silva-assuncao/medico-de-familia/mangaratiba
2025-05-22 02:20:20,862 - P11992 - INFO - Ignorando URL de arquivo não-HTML: https://www.doctoralia.com.br/maria-candida-da-silva-assuncao/medico-de-familia/mangaratiba
2025-05-22 02:20:20,862 - P11992 - INFO - Após processar URL 5 Uso de memória: 114.45 MB
2025-05-22 02:20:20,862 - P11992 - INFO - Processando URL 6/14: https://www.portaltransparencia.gov.br/pessoa-fisica/busca/lista
2025-05-22 02:20:24,448 - P11992 - INFO - HTML salvo para debug: data\debug_html_v10\e200cdf64b71d4c9248718dd155b3edb.html
2025-05-22 02:20:24,494 - P11992 - INFO - Candidates address: 0 items
2025-05-22 02:20:24,495 - P11992 - INFO - Candidates phone: 0 items
2025-05-22 02:20:24,498 - P11992 - INFO - Candidates email: 0 items
2025-05-22 02:20:24,499 - P11992 - INFO - Candidates complement: 0 items
2025-05-22 02:20:24,500 - P11992 - INFO - Candidates cep: 0 items
2025-05-22 02:20:24,500 - P11992 - INFO - Após processar URL 6 Uso de memória: 114.45 MB
2025-05-22 02:20:24,500 - P11992 - INFO - Processando URL 7/14: https://www.sinj.df.gov.br/sinj/Diario/dc0ff495-96be-33a0-88ff-b74e02398087/DODF%20023%2001-02-2018%20SECAO1.pdf
2025-05-22 02:20:24,501 - P11992 - INFO - Ignorando URL de arquivo não-HTML: https://www.sinj.df.gov.br/sinj/Diario/dc0ff495-96be-33a0-88ff-b74e02398087/DODF%20023%2001-02-2018%20SECAO1.pdf
2025-05-22 02:20:24,502 - P11992 - INFO - Após processar URL 7 Uso de memória: 114.45 MB
2025-05-22 02:20:24,502 - P11992 - INFO - Processando URL 8/14: https://www.consultacrm.com.br/index/profissionais/uid-98dc39a4-f5c5-11ec-9e74-0a4aa568c625/maria_candida_da_silva_assuncao
2025-05-22 02:20:28,710 - P11992 - INFO - HTML salvo para debug: data\debug_html_v10\a79f889de6bd18bbdbee4d501f64e423.html
2025-05-22 02:20:28,725 - P11992 - INFO - Candidates address: 0 items
2025-05-22 02:20:28,726 - P11992 - INFO - Candidates phone: 0 items
2025-05-22 02:20:28,728 - P11992 - INFO - Candidates email: 0 items
2025-05-22 02:20:28,728 - P11992 - INFO - Candidates complement: 0 items
2025-05-22 02:20:28,728 - P11992 - INFO - Candidates cep: 0 items
2025-05-22 02:20:28,729 - P11992 - INFO - Após processar URL 8 Uso de memória: 114.49 MB
2025-05-22 02:20:28,730 - P11992 - INFO - Processando URL 9/14: https://www.classemedica.com.br/medico/224820-maria-candida-da-silva-assuncao.htm
2025-05-22 02:20:34,083 - P11992 - INFO - HTML salvo para debug: data\debug_html_v10\b65ec55ef8dff08f469570470e6a5bde.html
2025-05-22 02:20:34,119 - P11992 - INFO - Candidates address: 0 items
2025-05-22 02:20:34,119 - P11992 - INFO - Candidates phone: 0 items
2025-05-22 02:20:34,119 - P11992 - INFO - Candidates email: 0 items
2025-05-22 02:20:34,120 - P11992 - INFO - Candidates complement: 0 items
2025-05-22 02:20:34,120 - P11992 - INFO - Candidates cep: 0 items
2025-05-22 02:20:34,120 - P11992 - INFO - Após processar URL 9 Uso de memória: 114.35 MB
2025-05-22 02:20:34,120 - P11992 - INFO - Processando URL 10/14: https://www.doklist.com.br/dok/244390/
2025-05-22 02:20:38,612 - P11992 - INFO - HTML salvo para debug: data\debug_html_v10\d055a0148fe6dd2cc0ad001b30a7f2cb.html
2025-05-22 02:20:38,629 - P11992 - INFO - Candidates address: 0 items
2025-05-22 02:20:38,629 - P11992 - INFO - Candidates phone: 1 items
2025-05-22 02:20:38,630 - P11992 - INFO - Candidates email: 1 items
2025-05-22 02:20:38,630 - P11992 - INFO - Candidates complement: 0 items
2025-05-22 02:20:38,630 - P11992 - INFO - Candidates cep: 1 items
2025-05-22 02:20:38,630 - P11992 - INFO - Após processar URL 10 Uso de memória: 109.14 MB
2025-05-22 02:20:38,631 - P11992 - INFO - Processando URL 11/14: https://ioepa.com.br/pages/2019/2019.03.12.DOE.pdf
2025-05-22 02:20:38,631 - P11992 - INFO - Ignorando URL de arquivo não-HTML: https://ioepa.com.br/pages/2019/2019.03.12.DOE.pdf
2025-05-22 02:20:38,631 - P11992 - INFO - Após processar URL 11 Uso de memória: 109.14 MB
2025-05-22 02:20:38,631 - P11992 - INFO - Processando URL 12/14: https://www.sinj.df.gov.br/sinj/Diario/aef57a28b75c4992b78b8ba83bb704ab/dc0ff495-96be-33a0-88ff-b74e02398087/arq/0/DODF%20023%2001-02-2018%20SECAO1.pdf
2025-05-22 02:20:38,631 - P11992 - INFO - Ignorando URL de arquivo não-HTML: https://www.sinj.df.gov.br/sinj/Diario/aef57a28b75c4992b78b8ba83bb704ab/dc0ff495-96be-33a0-88ff-b74e02398087/arq/0/DODF%20023%2001-02-2018%20SECAO1.pdf
2025-05-22 02:20:38,631 - P11992 - INFO - Após processar URL 12 Uso de memória: 109.14 MB
2025-05-22 02:20:38,632 - P11992 - INFO - Processando URL 13/14: https://www.boaconsulta.com/especialista/maria-candida-da-silva-assuncao-6105b91d9b22ae2348000a72
2025-05-22 02:20:41,510 - P11992 - INFO - HTML salvo para debug: data\debug_html_v10\23191d2862b752707405d3f91c14f9e3.html
2025-05-22 02:20:41,575 - P11992 - INFO - Candidates address: 0 items
2025-05-22 02:20:41,575 - P11992 - INFO - Candidates phone: 0 items
2025-05-22 02:20:41,575 - P11992 - INFO - Candidates email: 0 items
2025-05-22 02:20:41,576 - P11992 - INFO - Candidates complement: 0 items
2025-05-22 02:20:41,576 - P11992 - INFO - Candidates cep: 0 items
2025-05-22 02:20:41,577 - P11992 - INFO - Após processar URL 13 Uso de memória: 112.72 MB
2025-05-22 02:20:41,577 - P11992 - INFO - Processando URL 14/14: https://consultacrm.com.br/
2025-05-22 02:20:45,574 - P11992 - INFO - HTML salvo para debug: data\debug_html_v10\65cadeb91ac3713432c21b535990f440.html
2025-05-22 02:20:45,587 - P11992 - INFO - Candidates address: 0 items
2025-05-22 02:20:45,594 - P11992 - INFO - Candidates phone: 0 items
2025-05-22 02:20:45,597 - P11992 - INFO - Candidates email: 0 items
2025-05-22 02:20:45,607 - P11992 - INFO - Candidates complement: 0 items
2025-05-22 02:20:45,610 - P11992 - INFO - Candidates cep: 0 items
2025-05-22 02:20:45,611 - P11992 - INFO - Após processar URL 14 Uso de memória: 113.26 MB
2025-05-22 02:20:45,614 - P11992 - INFO - Iniciando agregação e ranqueamento
2025-05-22 02:20:45,621 - P11992 - INFO - Ranked address: 0 items
2025-05-22 02:20:45,630 - P11992 - INFO - Ranked phone: 2 items
2025-05-22 02:20:45,635 - P11992 - INFO - Ranked email: 1 items
2025-05-22 02:20:45,636 - P11992 - INFO - Ranked complement: 0 items
2025-05-22 02:20:45,638 - P11992 - INFO - Ranked cep: 2 items
2025-05-22 02:20:45,640 - P11992 - INFO - Após agregação Uso de memória: 113.26 MB
2025-05-22 02:20:45,641 - P11992 - INFO - Validando telefone: ['(21) 3184-7050', '(21) 2516-5504']
2025-05-22 02:20:45,677 - P11992 - INFO - Limpando texto extenso para campo phone: (21) 3184-7050...
2025-05-22 02:20:45,684 - P11992 - INFO - Texto limpo: 21) 3184-7050
2025-05-22 02:20:45,687 - P11992 - INFO - Telefone validado: 21) 3184-7050
2025-05-22 02:20:45,703 - P11992 - INFO - Validando email: ['info@doklist.com.br']
2025-05-22 02:20:45,715 - P11992 - INFO - Limpando texto extenso para campo email: info@doklist.com.br...
2025-05-22 02:20:45,732 - P11992 - INFO - Texto limpo: info@doklist.com.br
2025-05-22 02:20:45,757 - P11992 - INFO - Email validado: info@doklist.com.br
2025-05-22 02:20:45,763 - P11992 - INFO - Tempo de execução de processamento completo do médico: 38.35 segundos
2025-05-22 02:20:45,764 - P11992 - INFO - Resultado processado: {'Hash': '3201aed008b49bc7f83b4414edcbceb8fcb916f46f3678da416b4fe47b9ea7a1', 'CRM': '408156', 'UF': 'RJ', 'Firstname': 'MARIA', 'LastName': 'CANDIDA DA SILVA ASSUNCAO', 'Medical specialty': '', 'Endereco Completo A1': '', 'Address A1': '', 'Numero A1': '', 'Complement A1': '', 'Bairro A1': '', 'postal code A1': '', 'City A1': '', 'State A1': '', 'Phone A1': '21) 3184-7050', 'Phone A2': '', 'Cell phone A1': '', 'Cell phone A2': '', 'E-mail A1': 'info@doklist.com.br', 'E-mail A2': '', 'OPT-IN': '', 'STATUS': '', 'LOTE': ''}
2025-05-22 02:20:45,769 - P11992 - INFO - Salvando lote de resultados
2025-05-22 02:20:45,772 - P11992 - INFO - Após salvar resultados Uso de memória: 107.19 MB
2025-05-22 02:20:45,774 - P11992 - INFO - Progresso: 23.1%
2025-05-22 02:20:45,774 - P11992 - INFO - Tempo de execução de processamento do médico 3: 38.37 segundos
2025-05-22 02:20:45,775 - P11992 - INFO - Tempo de execução de processamento do lote completo: 168.74 segundos
