2025-05-22 05:46:55,367 - P11992 - INFO - 
==================================================
Processando médico 1/3
2025-05-22 05:46:55,368 - P11992 - INFO - Nome: ANDERSON MENEZES DE MOURA
2025-05-22 05:46:55,368 - P11992 - INFO - Reiniciando driver do Chrome
2025-05-22 05:46:56,605 - P11992 - INFO - Após reiniciar driver Uso de memória: 139.18 MB
2025-05-22 05:46:56,606 - P11992 - INFO - Início do processamento Uso de memória: 139.18 MB
2025-05-22 05:46:56,606 - P11992 - INFO - Iniciando busca para: ANDERSON MENEZES DE MOURA CRM 177300 SP telefone e-mail endereço
2025-05-22 05:46:57,463 - P11992 - INFO - SearX results: 14 URLs
2025-05-22 05:46:57,464 - P11992 - INFO - Após SearX Uso de memória: 139.18 MB
2025-05-22 05:47:00,376 - P11992 - INFO - Google results: 11 URLs
2025-05-22 05:47:00,376 - P11992 - INFO - Após Google Uso de memória: 141.24 MB
2025-05-22 05:47:02,905 - P11992 - INFO - Bing results: 10 URLs
2025-05-22 05:47:02,906 - P11992 - INFO - Após Bing Uso de memória: 142.12 MB
2025-05-22 05:47:02,906 - P11992 - INFO - Total de URLs únicas: 24
2025-05-22 05:47:02,906 - P11992 - INFO - Processando URL 1/24: https://www.catalogo.med.br/doutor/renata-armani-de-moura-menezes-2543245.htm
2025-05-22 05:47:05,066 - P11992 - INFO - HTML salvo para debug: data\debug_html_v10\58dc9f6e92296109e775f86a321e4c47.html
2025-05-22 05:47:05,067 - P11992 - INFO - Candidates address: 0 items
2025-05-22 05:47:05,067 - P11992 - INFO - Candidates phone: 0 items
2025-05-22 05:47:05,067 - P11992 - INFO - Candidates email: 1 items
2025-05-22 05:47:05,067 - P11992 - INFO - Candidates complement: 0 items
2025-05-22 05:47:05,067 - P11992 - INFO - Candidates cep: 0 items
2025-05-22 05:47:05,067 - P11992 - INFO - Após processar URL 1 Uso de memória: 142.12 MB
2025-05-22 05:47:05,067 - P11992 - INFO - Processando URL 2/24: https://www.saobernardo.sp.gov.br/documents/10181/1812128/NM+2464+de+26.07.2024+-++Conte%C3%BAdo+Integral.pdf/0853ea6e-57d5-e462-6160-b9e95227cd15
2025-05-22 05:47:05,068 - P11992 - INFO - Ignorando URL de arquivo não-HTML: https://www.saobernardo.sp.gov.br/documents/10181/1812128/NM+2464+de+26.07.2024+-++Conte%C3%BAdo+Integral.pdf/0853ea6e-57d5-e462-6160-b9e95227cd15
2025-05-22 05:47:05,068 - P11992 - INFO - Após processar URL 2 Uso de memória: 142.12 MB
2025-05-22 05:47:05,068 - P11992 - INFO - Processando URL 3/24: https://www2.boaconsulta.com/especialista/anderson-menezes-de-moura-6106cc49a2e00a617b002e7c?searchId=clvyhezgm0004416l34zm5d9z&agendaId=6106cca8a2e00a617b0035dd
2025-05-22 05:47:08,437 - P11992 - INFO - HTML salvo para debug: data\debug_html_v10\6709b1bef80655b6cd245cd48f15f658.html
2025-05-22 05:47:08,483 - P11992 - INFO - Candidates address: 4 items
2025-05-22 05:47:08,489 - P11992 - INFO - Candidates phone: 0 items
2025-05-22 05:47:08,494 - P11992 - INFO - Candidates email: 0 items
2025-05-22 05:47:08,495 - P11992 - INFO - Candidates complement: 0 items
2025-05-22 05:47:08,495 - P11992 - INFO - Candidates cep: 0 items
2025-05-22 05:47:08,495 - P11992 - INFO - Após processar URL 3 Uso de memória: 142.21 MB
2025-05-22 05:47:08,495 - P11992 - INFO - Processando URL 4/24: https://diariooficial.guarulhos.sp.gov.br/uploads/pdf/565976366.pdf
2025-05-22 05:47:08,496 - P11992 - INFO - Ignorando URL de arquivo não-HTML: https://diariooficial.guarulhos.sp.gov.br/uploads/pdf/565976366.pdf
2025-05-22 05:47:08,496 - P11992 - INFO - Após processar URL 4 Uso de memória: 142.21 MB
2025-05-22 05:47:08,496 - P11992 - INFO - Processando URL 5/24: https://www.medicosbrasil.com/profissional/anderson-menezes-de-moura
2025-05-22 05:47:12,211 - P11992 - INFO - HTML salvo para debug: data\debug_html_v10\75601d077e119f89e43fe93f7dcf6329.html
2025-05-22 05:47:12,254 - P11992 - INFO - Candidates address: 0 items
2025-05-22 05:47:12,254 - P11992 - INFO - Candidates phone: 0 items
2025-05-22 05:47:12,257 - P11992 - INFO - Candidates email: 0 items
2025-05-22 05:47:12,260 - P11992 - INFO - Candidates complement: 0 items
2025-05-22 05:47:12,262 - P11992 - INFO - Candidates cep: 0 items
2025-05-22 05:47:12,273 - P11992 - INFO - Após processar URL 5 Uso de memória: 142.21 MB
2025-05-22 05:47:12,277 - P11992 - INFO - Processando URL 6/24: http://www.fesamt.com.br/site/uploads/DECRETO_1260.pdf
2025-05-22 05:47:12,279 - P11992 - INFO - Ignorando URL de arquivo não-HTML: http://www.fesamt.com.br/site/uploads/DECRETO_1260.pdf
2025-05-22 05:47:12,284 - P11992 - INFO - Após processar URL 6 Uso de memória: 142.21 MB
2025-05-22 05:47:12,287 - P11992 - INFO - Processando URL 7/24: https://guiamedico.cremesp.org.br/
2025-05-22 05:47:16,811 - P11992 - INFO - HTML salvo para debug: data\debug_html_v10\7c54969580769b63edd9abaa952e1fa2.html
2025-05-22 05:47:16,817 - P11992 - INFO - Candidates address: 1 items
2025-05-22 05:47:16,817 - P11992 - INFO - Candidates phone: 1 items
2025-05-22 05:47:16,817 - P11992 - INFO - Candidates email: 0 items
2025-05-22 05:47:16,817 - P11992 - INFO - Candidates complement: 0 items
2025-05-22 05:47:16,817 - P11992 - INFO - Candidates cep: 1 items
2025-05-22 05:47:16,818 - P11992 - INFO - Após processar URL 7 Uso de memória: 142.23 MB
2025-05-22 05:47:16,818 - P11992 - INFO - Processando URL 8/24: https://diariooficial.guarulhos.sp.gov.br/uploads/pdf/47125966.pdf
2025-05-22 05:47:16,818 - P11992 - INFO - Ignorando URL de arquivo não-HTML: https://diariooficial.guarulhos.sp.gov.br/uploads/pdf/47125966.pdf
2025-05-22 05:47:16,818 - P11992 - INFO - Após processar URL 8 Uso de memória: 142.23 MB
2025-05-22 05:47:16,819 - P11992 - INFO - Processando URL 9/24: https://diariooficial.guarulhos.sp.gov.br/uploads/pdf/1569173245.pdf
2025-05-22 05:47:16,819 - P11992 - INFO - Ignorando URL de arquivo não-HTML: https://diariooficial.guarulhos.sp.gov.br/uploads/pdf/1569173245.pdf
2025-05-22 05:47:16,820 - P11992 - INFO - Após processar URL 9 Uso de memória: 142.23 MB
2025-05-22 05:47:16,820 - P11992 - INFO - Processando URL 10/24: https://www.cremesp.org.br/?siteAcao=Contatos&dep=cad
2025-05-22 05:47:34,064 - P11992 - INFO - HTML salvo para debug: data\debug_html_v10\bd9860c0342dbb473e8f9273d6d45ae8.html
2025-05-22 05:47:34,083 - P11992 - INFO - Candidates address: 1 items
2025-05-22 05:47:34,084 - P11992 - INFO - Candidates phone: 1 items
2025-05-22 05:47:34,084 - P11992 - INFO - Candidates email: 0 items
2025-05-22 05:47:34,084 - P11992 - INFO - Candidates complement: 0 items
2025-05-22 05:47:34,085 - P11992 - INFO - Candidates cep: 1 items
2025-05-22 05:47:34,085 - P11992 - INFO - Após processar URL 10 Uso de memória: 142.24 MB
2025-05-22 05:47:34,085 - P11992 - INFO - Processando URL 11/24: https://adm.cejam.org.br/storage/transparencias_docs/ecfee520-4461-11eb-96e0-8dd0d69c5b1d.pdf
2025-05-22 05:47:34,085 - P11992 - INFO - Ignorando URL de arquivo não-HTML: https://adm.cejam.org.br/storage/transparencias_docs/ecfee520-4461-11eb-96e0-8dd0d69c5b1d.pdf
2025-05-22 05:47:34,085 - P11992 - INFO - Após processar URL 11 Uso de memória: 142.24 MB
2025-05-22 05:47:34,086 - P11992 - INFO - Processando URL 12/24: https://www.consultasocio.com/q/sa/anderson-menezes-de-moura
2025-05-22 05:47:39,169 - P11992 - INFO - HTML salvo para debug: data\debug_html_v10\4ec65bf302251974c1d3265383ff9508.html
2025-05-22 05:47:39,178 - P11992 - INFO - Candidates address: 2 items
2025-05-22 05:47:39,178 - P11992 - INFO - Candidates phone: 0 items
2025-05-22 05:47:39,179 - P11992 - INFO - Candidates email: 3 items
2025-05-22 05:47:39,179 - P11992 - INFO - Candidates complement: 3 items
2025-05-22 05:47:39,180 - P11992 - INFO - Candidates cep: 6 items
2025-05-22 05:47:39,181 - P11992 - INFO - Após processar URL 12 Uso de memória: 142.24 MB
2025-05-22 05:47:39,181 - P11992 - INFO - Processando URL 13/24: https://guiasaudebrasil.com.br/profissional/b9773fd706e7116e-anderson-menezes-de-moura
2025-05-22 05:47:45,152 - P11992 - INFO - HTML salvo para debug: data\debug_html_v10\a209cfcca3d4077d2943ad668aecfd78.html
2025-05-22 05:47:45,161 - P11992 - INFO - Candidates address: 0 items
2025-05-22 05:47:45,161 - P11992 - INFO - Candidates phone: 0 items
2025-05-22 05:47:45,161 - P11992 - INFO - Candidates email: 0 items
2025-05-22 05:47:45,161 - P11992 - INFO - Candidates complement: 0 items
2025-05-22 05:47:45,162 - P11992 - INFO - Candidates cep: 1 items
2025-05-22 05:47:45,162 - P11992 - INFO - Após processar URL 13 Uso de memória: 142.24 MB
2025-05-22 05:47:45,162 - P11992 - INFO - Processando URL 14/24: https://www.boaconsulta.com/especialista/anderson-menezes-de-moura-6106cc49a2e00a617b002e7c
2025-05-22 05:47:47,478 - P11992 - INFO - HTML salvo para debug: data\debug_html_v10\eba782cfa2d9921d94528370ecefccd4.html
2025-05-22 05:47:47,513 - P11992 - INFO - Candidates address: 4 items
2025-05-22 05:47:47,514 - P11992 - INFO - Candidates phone: 0 items
2025-05-22 05:47:47,514 - P11992 - INFO - Candidates email: 0 items
2025-05-22 05:47:47,514 - P11992 - INFO - Candidates complement: 0 items
2025-05-22 05:47:47,514 - P11992 - INFO - Candidates cep: 0 items
2025-05-22 05:47:47,514 - P11992 - INFO - Após processar URL 14 Uso de memória: 142.24 MB
2025-05-22 05:47:47,514 - P11992 - INFO - Processando URL 15/24: https://adm.cejam.org.br/storage/transparencias_docs/24fa7030-598c-11eb-b351-c3091805b325.pdf
2025-05-22 05:47:47,514 - P11992 - INFO - Ignorando URL de arquivo não-HTML: https://adm.cejam.org.br/storage/transparencias_docs/24fa7030-598c-11eb-b351-c3091805b325.pdf
2025-05-22 05:47:47,515 - P11992 - INFO - Após processar URL 15 Uso de memória: 142.24 MB
2025-05-22 05:47:47,515 - P11992 - INFO - Processando URL 16/24: https://diariooficial.santos.sp.gov.br/edicoes/inicio/download/2024-09-10
2025-05-22 05:47:49,644 - P11992 - INFO - HTML salvo para debug: data\debug_html_v10\fb7afe26158040976da65d9512952435.html
2025-05-22 05:47:49,644 - P11992 - INFO - Candidates address: 0 items
2025-05-22 05:47:49,645 - P11992 - INFO - Candidates phone: 0 items
2025-05-22 05:47:49,645 - P11992 - INFO - Candidates email: 0 items
2025-05-22 05:47:49,645 - P11992 - INFO - Candidates complement: 0 items
2025-05-22 05:47:49,645 - P11992 - INFO - Candidates cep: 0 items
2025-05-22 05:47:49,645 - P11992 - INFO - Após processar URL 16 Uso de memória: 142.24 MB
2025-05-22 05:47:49,645 - P11992 - INFO - Processando URL 17/24: https://web.trf3.jus.br/diario/Consulta/BaixarPdf/18994
2025-05-22 05:47:51,783 - P11992 - INFO - HTML salvo para debug: data\debug_html_v10\795928c12d5ad8c0a83929d3c8ec514f.html
2025-05-22 05:47:51,783 - P11992 - INFO - Candidates address: 0 items
2025-05-22 05:47:51,783 - P11992 - INFO - Candidates phone: 0 items
2025-05-22 05:47:51,784 - P11992 - INFO - Candidates email: 0 items
2025-05-22 05:47:51,784 - P11992 - INFO - Candidates complement: 0 items
2025-05-22 05:47:51,784 - P11992 - INFO - Candidates cep: 0 items
2025-05-22 05:47:51,784 - P11992 - INFO - Após processar URL 17 Uso de memória: 142.24 MB
2025-05-22 05:47:51,784 - P11992 - INFO - Processando URL 18/24: https://www.trt7.jus.br/files/informacoes/leilao_publico/sobral/Diario_557_7_02_09_2010.pdf
2025-05-22 05:47:51,784 - P11992 - INFO - Ignorando URL de arquivo não-HTML: https://www.trt7.jus.br/files/informacoes/leilao_publico/sobral/Diario_557_7_02_09_2010.pdf
2025-05-22 05:47:51,785 - P11992 - INFO - Após processar URL 18 Uso de memória: 142.24 MB
2025-05-22 05:47:51,785 - P11992 - INFO - Processando URL 19/24: https://www.portaltransparencia.gov.br/pessoa-fisica/busca/lista
2025-05-22 05:47:55,355 - P11992 - INFO - HTML salvo para debug: data\debug_html_v10\e200cdf64b71d4c9248718dd155b3edb.html
2025-05-22 05:47:55,395 - P11992 - INFO - Candidates address: 0 items
2025-05-22 05:47:55,395 - P11992 - INFO - Candidates phone: 0 items
2025-05-22 05:47:55,395 - P11992 - INFO - Candidates email: 0 items
2025-05-22 05:47:55,396 - P11992 - INFO - Candidates complement: 0 items
2025-05-22 05:47:55,396 - P11992 - INFO - Candidates cep: 0 items
2025-05-22 05:47:55,396 - P11992 - INFO - Após processar URL 19 Uso de memória: 142.24 MB
2025-05-22 05:47:55,396 - P11992 - INFO - Processando URL 20/24: https://cliniguia.com/profissionais/anderson-menezes-de-moura-700001365698003/
2025-05-22 05:48:00,681 - P11992 - INFO - HTML salvo para debug: data\debug_html_v10\da5a4977ca8d996a9ea80a5535db7a54.html
2025-05-22 05:48:00,736 - P11992 - INFO - Candidates address: 0 items
2025-05-22 05:48:00,737 - P11992 - INFO - Candidates phone: 0 items
2025-05-22 05:48:00,737 - P11992 - INFO - Candidates email: 0 items
2025-05-22 05:48:00,737 - P11992 - INFO - Candidates complement: 0 items
2025-05-22 05:48:00,737 - P11992 - INFO - Candidates cep: 0 items
2025-05-22 05:48:00,737 - P11992 - INFO - Após processar URL 20 Uso de memória: 142.23 MB
2025-05-22 05:48:00,737 - P11992 - INFO - Processando URL 21/24: https://www.encontrasaopaulo.com.br/agenda/crm-sp/
2025-05-22 05:48:07,827 - P11992 - INFO - HTML salvo para debug: data\debug_html_v10\f96a157f3cde736c20a7c87f788a1d0b.html
2025-05-22 05:48:07,854 - P11992 - INFO - Candidates address: 2 items
2025-05-22 05:48:07,855 - P11992 - INFO - Candidates phone: 2 items
2025-05-22 05:48:07,855 - P11992 - INFO - Candidates email: 0 items
2025-05-22 05:48:07,855 - P11992 - INFO - Candidates complement: 0 items
2025-05-22 05:48:07,856 - P11992 - INFO - Candidates cep: 0 items
2025-05-22 05:48:07,856 - P11992 - INFO - Após processar URL 21 Uso de memória: 144.03 MB
2025-05-22 05:48:07,856 - P11992 - INFO - Processando URL 22/24: https://iomat.mt.gov.br/portal/edicoes/download/15363
2025-05-22 05:48:10,360 - P11992 - INFO - HTML salvo para debug: data\debug_html_v10\2a0abdbdc7684c250190162f1ff40602.html
2025-05-22 05:48:10,411 - P11992 - INFO - Candidates address: 2 items
2025-05-22 05:48:10,421 - P11992 - INFO - Candidates phone: 2 items
2025-05-22 05:48:10,437 - P11992 - INFO - Candidates email: 0 items
2025-05-22 05:48:10,438 - P11992 - INFO - Candidates complement: 0 items
2025-05-22 05:48:10,438 - P11992 - INFO - Candidates cep: 0 items
2025-05-22 05:48:10,438 - P11992 - INFO - Após processar URL 22 Uso de memória: 144.04 MB
2025-05-22 05:48:10,439 - P11992 - INFO - Processando URL 23/24: https://www.saobernardo.sp.gov.br/documents/10181/1230203/NM+2231+de+04.06.2021+-+Conteu%CC%81do+Integral.pdf/8a5ed1d0-c8e1-f82a-5651-d4c2d34c200b
2025-05-22 05:48:10,440 - P11992 - INFO - Ignorando URL de arquivo não-HTML: https://www.saobernardo.sp.gov.br/documents/10181/1230203/NM+2231+de+04.06.2021+-+Conteu%CC%81do+Integral.pdf/8a5ed1d0-c8e1-f82a-5651-d4c2d34c200b
2025-05-22 05:48:10,440 - P11992 - INFO - Após processar URL 23 Uso de memória: 142.36 MB
2025-05-22 05:48:10,441 - P11992 - INFO - Processando URL 24/24: https://consultacrm.com.br/
2025-05-22 05:48:14,975 - P11992 - INFO - HTML salvo para debug: data\debug_html_v10\65cadeb91ac3713432c21b535990f440.html
2025-05-22 05:48:14,986 - P11992 - INFO - Candidates address: 0 items
2025-05-22 05:48:14,986 - P11992 - INFO - Candidates phone: 0 items
2025-05-22 05:48:14,986 - P11992 - INFO - Candidates email: 0 items
2025-05-22 05:48:14,986 - P11992 - INFO - Candidates complement: 0 items
2025-05-22 05:48:14,986 - P11992 - INFO - Candidates cep: 0 items
2025-05-22 05:48:14,987 - P11992 - INFO - Após processar URL 24 Uso de memória: 142.36 MB
2025-05-22 05:48:14,987 - P11992 - INFO - Iniciando agregação e ranqueamento
2025-05-22 05:48:14,987 - P11992 - INFO - Ranked address: 9 items
2025-05-22 05:48:14,987 - P11992 - INFO - Ranked phone: 2 items
2025-05-22 05:48:14,987 - P11992 - INFO - Ranked email: 4 items
2025-05-22 05:48:14,988 - P11992 - INFO - Ranked complement: 3 items
2025-05-22 05:48:14,988 - P11992 - INFO - Ranked cep: 8 items
2025-05-22 05:48:14,988 - P11992 - INFO - Após agregação Uso de memória: 142.36 MB
2025-05-22 05:48:14,988 - P11992 - INFO - Validando endereço: ['Avenida Ana Costa, 254', 'Avenida Doutor Bernardino De Campos, 47', 'Rua Oswaldo Cruz, 197']
2025-05-22 05:48:14,988 - P11992 - INFO - Endereço validado: Avenida Ana Costa, 254
2025-05-22 05:48:14,988 - P11992 - INFO - Limpando texto extenso para campo address: Avenida Ana Costa, 254...
2025-05-22 05:48:14,989 - P11992 - INFO - Texto limpo: Avenida Ana Costa, 254
2025-05-22 05:48:14,989 - P11992 - INFO - Validando telefone: ['(11) 4349-9900', '(11) 3675-7104']
2025-05-22 05:48:14,989 - P11992 - INFO - Limpando texto extenso para campo phone: (11) 4349-9900...
2025-05-22 05:48:14,989 - P11992 - INFO - Texto limpo: 11) 4349-9900
2025-05-22 05:48:14,990 - P11992 - INFO - Telefone validado: 11) 4349-9900
2025-05-22 05:48:14,990 - P11992 - INFO - Validando email: ['webmaster@catalogo.med.br', 'SOCIETARIO@CONTABILIDADERIACHUELO.COM.BR', 'JURIDICO@ENVOLVAGESTAO.COM']
2025-05-22 05:48:14,990 - P11992 - INFO - Limpando texto extenso para campo email: webmaster@catalogo.med.br...
2025-05-22 05:48:14,990 - P11992 - INFO - Texto limpo: webmaster@catalogo.med.br
2025-05-22 05:48:14,991 - P11992 - INFO - Email validado: webmaster@catalogo.med.br
2025-05-22 05:48:14,991 - P11992 - INFO - Validando complemento: ['Apt   92 Aparecida', 'Sala  1503 Vila Gomes Cardim', 'Sala  01                  Bloco A125 Boqueirao']
2025-05-22 05:48:14,991 - P11992 - INFO - Limpando texto extenso para campo complement: Apt   92 Aparecida...
2025-05-22 05:48:14,991 - P11992 - INFO - Texto limpo: Apt 92 Aparecida
2025-05-22 05:48:14,992 - P11992 - INFO - Complemento validado: Apt 92 Aparecida
2025-05-22 05:48:14,992 - P11992 - INFO - Descobrindo cidade
2025-05-22 05:48:14,992 - P11992 - INFO - Buscando cidade: Avenida Ana Costa cidade SP
2025-05-22 05:48:18,014 - P11992 - INFO - Cidade encontrada: Santos
2025-05-22 05:48:18,078 - P11992 - INFO - Limpando texto extenso para campo city: Santos...
2025-05-22 05:48:18,081 - P11992 - INFO - Texto limpo: Santos
2025-05-22 05:48:18,082 - P11992 - INFO - Cidade descoberta: Santos
2025-05-22 05:48:18,084 - P11992 - INFO - Buscando CEP com sistema de cascata
2025-05-22 05:48:18,084 - P11992 - INFO - Iniciando busca de CEP em cascata para: Avenida Ana Costa, Santos, SP
2025-05-22 05:48:18,086 - P11992 - INFO - Método 1: ViaCEP API
2025-05-22 05:48:18,088 - P11992 - INFO - Buscando no ViaCEP: https://viacep.com.br/ws/SP/santos/avenida%20ana%20costa/json/
2025-05-22 05:48:18,752 - P11992 - INFO - Dados encontrados no ViaCEP: {'cep': '11060-908', 'logradouro': 'Avenida Ana Costa', 'complemento': '417', 'unidade': 'Edifício Hércules e Apolo', 'bairro': 'Gonzaga', 'localidade': 'Santos', 'uf': 'SP', 'estado': 'São Paulo', 'regiao': 'Sudeste', 'ibge': '3548500', 'gia': '6336', 'ddd': '13', 'siafi': '7071'}
2025-05-22 05:48:18,755 - P11992 - INFO - CEP encontrado via ViaCEP: 11060-908
2025-05-22 05:48:18,755 - P11992 - INFO - Dados de CEP encontrados: {'cep': '11060-908', 'logradouro': 'Avenida Ana Costa', 'complemento': '417', 'unidade': 'Edifício Hércules e Apolo', 'bairro': 'Gonzaga', 'localidade': 'Santos', 'uf': 'SP', 'estado': 'São Paulo', 'regiao': 'Sudeste', 'ibge': '3548500', 'gia': '6336', 'ddd': '13', 'siafi': '7071'}
2025-05-22 05:48:18,756 - P11992 - INFO - Limpando texto extenso para campo bairro: Gonzaga...
2025-05-22 05:48:18,756 - P11992 - INFO - Texto limpo: Gonzaga
2025-05-22 05:48:18,756 - P11992 - INFO - Limpando texto extenso para campo city: Santos...
2025-05-22 05:48:18,756 - P11992 - INFO - Texto limpo: Santos
2025-05-22 05:48:18,756 - P11992 - INFO - Limpando texto extenso para campo state: SP...
2025-05-22 05:48:18,757 - P11992 - INFO - Texto limpo: SP
2025-05-22 05:48:18,757 - P11992 - INFO - Tempo de execução de processamento completo do médico: 82.15 segundos
2025-05-22 05:48:18,757 - P11992 - INFO - Resultado processado: {'Hash': '54bd9842544bce00482df00e7d1c634d2c3162a2cc5818e5fd63618280ba9e5f', 'CRM': '177300', 'UF': 'SP', 'Firstname': 'ANDERSON', 'LastName': 'MENEZES DE MOURA', 'Medical specialty': '', 'Endereco Completo A1': 'Avenida Ana Costa, 254', 'Address A1': 'Avenida Ana Costa', 'Numero A1': '254', 'Complement A1': 'Apt 92 Aparecida', 'Bairro A1': 'Gonzaga', 'postal code A1': '11060-908', 'City A1': 'Santos', 'State A1': 'SP', 'Phone A1': '11) 4349-9900', 'Phone A2': '', 'Cell phone A1': '', 'Cell phone A2': '', 'E-mail A1': 'webmaster@catalogo.med.br', 'E-mail A2': '', 'OPT-IN': '', 'STATUS': '', 'LOTE': ''}
2025-05-22 05:48:18,758 - P11992 - INFO - Progresso: 97.5%
2025-05-22 05:48:18,758 - P11992 - INFO - Executando coleta de lixo
2025-05-22 05:48:18,816 - P11992 - INFO - Após coleta de lixo Uso de memória: 128.95 MB
2025-05-22 05:48:18,817 - P11992 - INFO - Tempo de execução de processamento do médico 1: 83.45 segundos
2025-05-22 05:48:18,817 - P11992 - INFO - 
==================================================
Processando médico 2/3
2025-05-22 05:48:18,817 - P11992 - INFO - Nome: RENAN MOREIRA SILVA
2025-05-22 05:48:18,817 - P11992 - INFO - Início do processamento Uso de memória: 128.95 MB
2025-05-22 05:48:18,817 - P11992 - INFO - Iniciando busca para: RENAN MOREIRA SILVA CRM 185746 SP telefone e-mail endereço
2025-05-22 05:48:19,582 - P11992 - INFO - SearX results: 15 URLs
2025-05-22 05:48:19,582 - P11992 - INFO - Após SearX Uso de memória: 128.95 MB
2025-05-22 05:48:22,295 - P11992 - INFO - Google results: 8 URLs
2025-05-22 05:48:22,295 - P11992 - INFO - Após Google Uso de memória: 132.89 MB
2025-05-22 05:48:24,873 - P11992 - INFO - Bing results: 10 URLs
2025-05-22 05:48:24,874 - P11992 - INFO - Após Bing Uso de memória: 135.52 MB
2025-05-22 05:48:24,874 - P11992 - INFO - Total de URLs únicas: 18
2025-05-22 05:48:24,874 - P11992 - INFO - Processando URL 1/18: https://www.boaconsulta.com/especialista/renan-moreira-silva-6106d391a2e00a653a0039b6
2025-05-22 05:48:27,712 - P11992 - INFO - HTML salvo para debug: data\debug_html_v10\dca8ad92a9a2fec8f0acc8ed7922e090.html
2025-05-22 05:48:27,772 - P11992 - INFO - Candidates address: 1 items
2025-05-22 05:48:27,772 - P11992 - INFO - Candidates phone: 0 items
2025-05-22 05:48:27,772 - P11992 - INFO - Candidates email: 0 items
2025-05-22 05:48:27,773 - P11992 - INFO - Candidates complement: 0 items
2025-05-22 05:48:27,773 - P11992 - INFO - Candidates cep: 0 items
2025-05-22 05:48:27,773 - P11992 - INFO - Após processar URL 1 Uso de memória: 137.28 MB
2025-05-22 05:48:27,773 - P11992 - INFO - Processando URL 2/18: https://educacaomedica.afya.com.br/coordenadores/dr-renan-moreira-silva
2025-05-22 05:48:33,220 - P11992 - INFO - HTML salvo para debug: data\debug_html_v10\8e794655dcdce42d7310aa19c35f9393.html
2025-05-22 05:48:33,236 - P11992 - INFO - Candidates address: 0 items
2025-05-22 05:48:33,237 - P11992 - INFO - Candidates phone: 0 items
2025-05-22 05:48:33,237 - P11992 - INFO - Candidates email: 0 items
2025-05-22 05:48:33,237 - P11992 - INFO - Candidates complement: 0 items
2025-05-22 05:48:33,238 - P11992 - INFO - Candidates cep: 0 items
2025-05-22 05:48:33,238 - P11992 - INFO - Após processar URL 2 Uso de memória: 137.58 MB
2025-05-22 05:48:33,238 - P11992 - INFO - Processando URL 3/18: https://sistemas.tjes.jus.br/ediario/index.php?option=com_ediario&view=contents&layout=fulltext&data=20201008&idorgao=725
2025-05-22 05:48:35,827 - P11992 - INFO - HTML salvo para debug: data\debug_html_v10\4cef8d06bb6a1ec2a9749016ada77e0d.html
2025-05-22 05:48:37,376 - P11992 - INFO - Candidates address: 163 items
2025-05-22 05:48:37,383 - P11992 - INFO - Candidates phone: 4 items
2025-05-22 05:48:37,384 - P11992 - INFO - Candidates email: 7 items
2025-05-22 05:48:37,384 - P11992 - INFO - Candidates complement: 5 items
2025-05-22 05:48:37,385 - P11992 - INFO - Candidates cep: 46 items
2025-05-22 05:48:37,386 - P11992 - INFO - Após processar URL 3 Uso de memória: 141.54 MB
2025-05-22 05:48:37,386 - P11992 - INFO - Processando URL 4/18: https://osasco.sp.gov.br/site/wp-content/uploads/2015/05/httposasco.sp_.gov_.brcompsec1atosEd1144.pdf
2025-05-22 05:48:37,387 - P11992 - INFO - Ignorando URL de arquivo não-HTML: https://osasco.sp.gov.br/site/wp-content/uploads/2015/05/httposasco.sp_.gov_.brcompsec1atosEd1144.pdf
2025-05-22 05:48:37,388 - P11992 - INFO - Após processar URL 4 Uso de memória: 137.96 MB
2025-05-22 05:48:37,390 - P11992 - INFO - Processando URL 5/18: https://sistemas.tjes.jus.br/ediario/index.php?option=com_ediario&view=contents&layout=fulltext&data=20190729&idorgao=347
2025-05-22 05:48:42,806 - P11992 - INFO - HTML salvo para debug: data\debug_html_v10\2e071d8a60fc00a0c1e258776a765b6a.html
2025-05-22 05:48:43,892 - P11992 - INFO - Candidates address: 45 items
2025-05-22 05:48:43,892 - P11992 - INFO - Candidates phone: 5 items
2025-05-22 05:48:43,892 - P11992 - INFO - Candidates email: 4 items
2025-05-22 05:48:43,893 - P11992 - INFO - Candidates complement: 1 items
2025-05-22 05:48:43,893 - P11992 - INFO - Candidates cep: 54 items
2025-05-22 05:48:43,894 - P11992 - INFO - Após processar URL 5 Uso de memória: 140.75 MB
2025-05-22 05:48:43,894 - P11992 - INFO - Processando URL 6/18: https://www.doctoralia.com.br/renan-moreira/nutrologo/sao-paulo
2025-05-22 05:48:43,894 - P11992 - INFO - Ignorando URL de arquivo não-HTML: https://www.doctoralia.com.br/renan-moreira/nutrologo/sao-paulo
2025-05-22 05:48:43,894 - P11992 - INFO - Após processar URL 6 Uso de memória: 138.06 MB
2025-05-22 05:48:43,895 - P11992 - INFO - Processando URL 7/18: https://cnpj.biz/45992550000172
2025-05-22 05:48:48,071 - P11992 - INFO - HTML salvo para debug: data\debug_html_v10\77829e8bc8d89c5e60579ad7b9e2144a.html
2025-05-22 05:48:48,091 - P11992 - INFO - Candidates address: 2 items
2025-05-22 05:48:48,095 - P11992 - INFO - Candidates phone: 1 items
2025-05-22 05:48:48,097 - P11992 - INFO - Candidates email: 1 items
2025-05-22 05:48:48,097 - P11992 - INFO - Candidates complement: 3 items
2025-05-22 05:48:48,098 - P11992 - INFO - Candidates cep: 3 items
2025-05-22 05:48:48,098 - P11992 - INFO - Após processar URL 7 Uso de memória: 138.23 MB
2025-05-22 05:48:48,099 - P11992 - INFO - Processando URL 8/18: https://sistemas.tjes.jus.br/ediario/index.php/index.php?option=com_ediario&view=contents&layout=fulltext&data=20250320&idorgao=766
2025-05-22 05:48:51,389 - P11992 - INFO - HTML salvo para debug: data\debug_html_v10\7bcaf3d5966826a2f2fc5016a88c5a89.html
2025-05-22 05:48:53,863 - P11992 - INFO - Candidates address: 8 items
2025-05-22 05:48:53,863 - P11992 - INFO - Candidates phone: 1 items
2025-05-22 05:48:53,863 - P11992 - INFO - Candidates email: 2 items
2025-05-22 05:48:53,864 - P11992 - INFO - Candidates complement: 1 items
2025-05-22 05:48:53,864 - P11992 - INFO - Candidates cep: 55 items
2025-05-22 05:48:53,864 - P11992 - INFO - Após processar URL 8 Uso de memória: 143.60 MB
2025-05-22 05:48:53,864 - P11992 - INFO - Processando URL 9/18: https://guiamedico.cremesp.org.br/
2025-05-22 05:48:56,543 - P11992 - INFO - HTML salvo para debug: data\debug_html_v10\7c54969580769b63edd9abaa952e1fa2.html
2025-05-22 05:48:56,550 - P11992 - INFO - Candidates address: 1 items
2025-05-22 05:48:56,550 - P11992 - INFO - Candidates phone: 1 items
2025-05-22 05:48:56,550 - P11992 - INFO - Candidates email: 0 items
2025-05-22 05:48:56,550 - P11992 - INFO - Candidates complement: 0 items
2025-05-22 05:48:56,551 - P11992 - INFO - Candidates cep: 1 items
2025-05-22 05:48:56,551 - P11992 - INFO - Após processar URL 9 Uso de memória: 139.37 MB
2025-05-22 05:48:56,551 - P11992 - INFO - Processando URL 10/18: https://wwa.tjto.jus.br/diario/diariopublicado/4829.pdf
2025-05-22 05:48:56,552 - P11992 - INFO - Ignorando URL de arquivo não-HTML: https://wwa.tjto.jus.br/diario/diariopublicado/4829.pdf
2025-05-22 05:48:56,552 - P11992 - INFO - Após processar URL 10 Uso de memória: 139.37 MB
2025-05-22 05:48:56,552 - P11992 - INFO - Processando URL 11/18: https://www.medicosbrasil.com/profissional/renan-moreira-silva
2025-05-22 05:48:58,724 - P11992 - INFO - HTML salvo para debug: data\debug_html_v10\f8f154af03e7450c90c2495bdb223e77.html
2025-05-22 05:48:58,726 - P11992 - INFO - Candidates address: 0 items
2025-05-22 05:48:58,726 - P11992 - INFO - Candidates phone: 0 items
2025-05-22 05:48:58,726 - P11992 - INFO - Candidates email: 0 items
2025-05-22 05:48:58,726 - P11992 - INFO - Candidates complement: 0 items
2025-05-22 05:48:58,726 - P11992 - INFO - Candidates cep: 0 items
2025-05-22 05:48:58,726 - P11992 - INFO - Após processar URL 11 Uso de memória: 139.39 MB
2025-05-22 05:48:58,727 - P11992 - INFO - Processando URL 12/18: https://www.consultasocio.com/q/sa/renan-moreira-silva
2025-05-22 05:49:04,381 - P11992 - INFO - HTML salvo para debug: data\debug_html_v10\014ec552d26af19d3c74eec497593799.html
2025-05-22 05:49:04,388 - P11992 - INFO - Candidates address: 1 items
2025-05-22 05:49:04,389 - P11992 - INFO - Candidates phone: 0 items
2025-05-22 05:49:04,389 - P11992 - INFO - Candidates email: 2 items
2025-05-22 05:49:04,389 - P11992 - INFO - Candidates complement: 2 items
2025-05-22 05:49:04,389 - P11992 - INFO - Candidates cep: 4 items
2025-05-22 05:49:04,389 - P11992 - INFO - Após processar URL 12 Uso de memória: 139.41 MB
2025-05-22 05:49:04,390 - P11992 - INFO - Processando URL 13/18: https://sistemas.tjes.jus.br/ediario/index.php?option=com_ediario&view=contents&layout=fulltext&data=20191112&idorgao=545
2025-05-22 05:49:09,788 - P11992 - INFO - HTML salvo para debug: data\debug_html_v10\21db0a6203d9e072cd148ba243aaed09.html
2025-05-22 05:49:10,650 - P11992 - INFO - Candidates address: 41 items
2025-05-22 05:49:10,650 - P11992 - INFO - Candidates phone: 6 items
2025-05-22 05:49:10,650 - P11992 - INFO - Candidates email: 5 items
2025-05-22 05:49:10,651 - P11992 - INFO - Candidates complement: 0 items
2025-05-22 05:49:10,651 - P11992 - INFO - Candidates cep: 40 items
2025-05-22 05:49:10,651 - P11992 - INFO - Após processar URL 13 Uso de memória: 142.26 MB
2025-05-22 05:49:10,651 - P11992 - INFO - Processando URL 14/18: https://diariooficial.piracicaba.sp.gov.br/download/2019/07/10/
2025-05-22 05:49:14,605 - P11992 - INFO - HTML salvo para debug: data\debug_html_v10\2a7cafebfc807a68d32b50da300c17ff.html
2025-05-22 05:49:15,648 - P11992 - INFO - Candidates address: 41 items
2025-05-22 05:49:15,648 - P11992 - INFO - Candidates phone: 6 items
2025-05-22 05:49:15,648 - P11992 - INFO - Candidates email: 5 items
2025-05-22 05:49:15,648 - P11992 - INFO - Candidates complement: 0 items
2025-05-22 05:49:15,649 - P11992 - INFO - Candidates cep: 40 items
2025-05-22 05:49:15,649 - P11992 - INFO - Após processar URL 14 Uso de memória: 149.45 MB
2025-05-22 05:49:15,649 - P11992 - INFO - Processando URL 15/18: https://accamargo.org.br/medico/renan-moreira-silva
2025-05-22 05:49:19,680 - P11992 - INFO - HTML salvo para debug: data\debug_html_v10\a253d6a1cec4651ae0d8822ad46e3d8f.html
2025-05-22 05:49:19,728 - P11992 - INFO - Candidates address: 0 items
2025-05-22 05:49:19,729 - P11992 - INFO - Candidates phone: 2 items
2025-05-22 05:49:19,729 - P11992 - INFO - Candidates email: 0 items
2025-05-22 05:49:19,729 - P11992 - INFO - Candidates complement: 0 items
2025-05-22 05:49:19,729 - P11992 - INFO - Candidates cep: 1 items
2025-05-22 05:49:19,729 - P11992 - INFO - Após processar URL 15 Uso de memória: 146.97 MB
2025-05-22 05:49:19,730 - P11992 - INFO - Processando URL 16/18: https://www.tjpi.jus.br/diarioeletronico/public/dj160314_7936.pdf
2025-05-22 05:49:19,730 - P11992 - INFO - Ignorando URL de arquivo não-HTML: https://www.tjpi.jus.br/diarioeletronico/public/dj160314_7936.pdf
2025-05-22 05:49:19,730 - P11992 - INFO - Após processar URL 16 Uso de memória: 146.97 MB
2025-05-22 05:49:19,730 - P11992 - INFO - Processando URL 17/18: https://www.portaltransparencia.gov.br/pessoa-fisica/busca/lista
2025-05-22 05:49:22,821 - P11992 - INFO - HTML salvo para debug: data\debug_html_v10\e200cdf64b71d4c9248718dd155b3edb.html
2025-05-22 05:49:22,867 - P11992 - INFO - Candidates address: 0 items
2025-05-22 05:49:22,867 - P11992 - INFO - Candidates phone: 0 items
2025-05-22 05:49:22,867 - P11992 - INFO - Candidates email: 0 items
2025-05-22 05:49:22,867 - P11992 - INFO - Candidates complement: 0 items
2025-05-22 05:49:22,867 - P11992 - INFO - Candidates cep: 0 items
2025-05-22 05:49:22,868 - P11992 - INFO - Após processar URL 17 Uso de memória: 146.98 MB
2025-05-22 05:49:22,868 - P11992 - INFO - Processando URL 18/18: https://consultacrm.com.br/
2025-05-22 05:49:26,294 - P11992 - INFO - HTML salvo para debug: data\debug_html_v10\65cadeb91ac3713432c21b535990f440.html
2025-05-22 05:49:26,305 - P11992 - INFO - Candidates address: 0 items
2025-05-22 05:49:26,306 - P11992 - INFO - Candidates phone: 0 items
2025-05-22 05:49:26,306 - P11992 - INFO - Candidates email: 0 items
2025-05-22 05:49:26,307 - P11992 - INFO - Candidates complement: 0 items
2025-05-22 05:49:26,308 - P11992 - INFO - Candidates cep: 0 items
2025-05-22 05:49:26,308 - P11992 - INFO - Após processar URL 18 Uso de memória: 147.04 MB
2025-05-22 05:49:26,309 - P11992 - INFO - Iniciando agregação e ranqueamento
2025-05-22 05:49:26,310 - P11992 - INFO - Ranked address: 259 items
2025-05-22 05:49:26,311 - P11992 - INFO - Ranked phone: 20 items
2025-05-22 05:49:26,312 - P11992 - INFO - Ranked email: 21 items
2025-05-22 05:49:26,313 - P11992 - INFO - Ranked complement: 12 items
2025-05-22 05:49:26,313 - P11992 - INFO - Ranked cep: 201 items
2025-05-22 05:49:26,313 - P11992 - INFO - Após agregação Uso de memória: 147.04 MB
2025-05-22 05:49:26,313 - P11992 - INFO - Validando endereço: ['Rua Desembargador Homero Mafra, 60', 'R.L.D.O. Requerido: A.L.L.D.O.D.S. Intimo os Drs advogados Advogado: 24406', 'R. Requerido: F.R.D.C. Intimo os Drs advogados Advogado: 18087']
2025-05-22 05:49:26,314 - P11992 - INFO - Endereço validado: Rua Desembargador Homero Mafra, 60
2025-05-22 05:49:26,314 - P11992 - INFO - Limpando texto extenso para campo address: Rua Desembargador Homero Mafra, 60...
2025-05-22 05:49:26,316 - P11992 - INFO - Texto limpo: Rua Desembargador Homero Mafra, 60
2025-05-22 05:49:26,319 - P11992 - INFO - Validando telefone: ['(27) 3149-2557', '(27) 3149-2558', '(27) 3149-2732']
2025-05-22 05:49:26,320 - P11992 - INFO - Limpando texto extenso para campo phone: (27) 3149-2557...
2025-05-22 05:49:26,321 - P11992 - INFO - Texto limpo: 27) 3149-2557
2025-05-22 05:49:26,322 - P11992 - INFO - Telefone validado: 27) 3149-2557
2025-05-22 05:49:26,322 - P11992 - INFO - Validando email: ['1civel-vvelha@tjes.jus.br', '2fazmunicipal-vvelha@tjes.jus.br', '4civel-vvelha@tjes.jus.br']
2025-05-22 05:49:26,322 - P11992 - INFO - Limpando texto extenso para campo email: 1civel-vvelha@tjes.jus.br...
2025-05-22 05:49:26,323 - P11992 - INFO - Texto limpo: 1civel-vvelha@tjes.jus.br
2025-05-22 05:49:26,323 - P11992 - INFO - Email validado: 1civel-vvelha@tjes.jus.br
2025-05-22 05:49:26,323 - P11992 - INFO - Validando complemento: ['Bloco A', 'Apto 206', 'Conjunto n. 026/2019']
2025-05-22 05:49:26,323 - P11992 - INFO - Limpando texto extenso para campo complement: Bloco A...
2025-05-22 05:49:26,324 - P11992 - INFO - Texto limpo: Bloco A
2025-05-22 05:49:26,324 - P11992 - INFO - Complemento validado: Bloco A
2025-05-22 05:49:26,325 - P11992 - INFO - Descobrindo cidade
2025-05-22 05:49:26,325 - P11992 - INFO - Buscando cidade: Rua Desembargador Homero Mafra cidade SP
2025-05-22 05:49:28,910 - P11992 - WARNING - Cidade não encontrada
2025-05-22 05:49:28,912 - P11992 - INFO - Cidade descoberta: 
2025-05-22 05:49:28,913 - P11992 - INFO - Tempo de execução de processamento completo do médico: 70.10 segundos
2025-05-22 05:49:28,913 - P11992 - INFO - Resultado processado: {'Hash': '668e6d7925b42d188c3d5ded77eb566ab7ab63581b50daa338a40ee649a8f365', 'CRM': '185746', 'UF': 'SP', 'Firstname': 'RENAN', 'LastName': 'MOREIRA SILVA', 'Medical specialty': '', 'Endereco Completo A1': 'Rua Desembargador Homero Mafra, 60', 'Address A1': 'Rua Desembargador Homero Mafra', 'Numero A1': '60', 'Complement A1': 'Bloco A', 'Bairro A1': '', 'postal code A1': '', 'City A1': '', 'State A1': '', 'Phone A1': '27) 3149-2557', 'Phone A2': '', 'Cell phone A1': '', 'Cell phone A2': '', 'E-mail A1': '1civel-vvelha@tjes.jus.br', 'E-mail A2': '', 'OPT-IN': '', 'STATUS': '', 'LOTE': ''}
2025-05-22 05:49:28,914 - P11992 - INFO - Progresso: 97.8%
2025-05-22 05:49:28,914 - P11992 - INFO - Tempo de execução de processamento do médico 2: 70.10 segundos
2025-05-22 05:49:28,915 - P11992 - INFO - 
==================================================
Processando médico 3/3
2025-05-22 05:49:28,916 - P11992 - INFO - Nome: LEANDRO MORALES
2025-05-22 05:49:28,916 - P11992 - INFO - Início do processamento Uso de memória: 145.19 MB
2025-05-22 05:49:28,916 - P11992 - INFO - Iniciando busca para: LEANDRO MORALES CRM 188917 SP telefone e-mail endereço
2025-05-22 05:49:29,773 - P11992 - INFO - SearX results: 12 URLs
2025-05-22 05:49:29,774 - P11992 - INFO - Após SearX Uso de memória: 145.20 MB
2025-05-22 05:49:32,426 - P11992 - INFO - Google results: 4 URLs
2025-05-22 05:49:32,426 - P11992 - INFO - Após Google Uso de memória: 149.26 MB
2025-05-22 05:49:35,198 - P11992 - INFO - Bing results: 9 URLs
2025-05-22 05:49:35,198 - P11992 - INFO - Após Bing Uso de memória: 150.88 MB
2025-05-22 05:49:35,198 - P11992 - INFO - Total de URLs únicas: 15
2025-05-22 05:49:35,199 - P11992 - INFO - Processando URL 1/15: https://transparencia.cremesp.org.br/?siteAcao=guia_medico
2025-05-22 05:49:37,604 - P11992 - INFO - HTML salvo para debug: data\debug_html_v10\cb80cc007a72cc7a378681a92a58906a.html
2025-05-22 05:49:37,650 - P11992 - INFO - Candidates address: 1 items
2025-05-22 05:49:37,650 - P11992 - INFO - Candidates phone: 0 items
2025-05-22 05:49:37,651 - P11992 - INFO - Candidates email: 0 items
2025-05-22 05:49:37,651 - P11992 - INFO - Candidates complement: 0 items
2025-05-22 05:49:37,651 - P11992 - INFO - Candidates cep: 1 items
2025-05-22 05:49:37,651 - P11992 - INFO - Após processar URL 1 Uso de memória: 150.88 MB
2025-05-22 05:49:37,651 - P11992 - INFO - Processando URL 2/15: https://capital.sp.gov.br/web/saude/w/atencao_basica/218750
2025-05-22 05:49:40,880 - P11992 - INFO - HTML salvo para debug: data\debug_html_v10\91be5eb4a144c01d1a6dd044cdead276.html
2025-05-22 05:49:40,907 - P11992 - INFO - Candidates address: 1 items
2025-05-22 05:49:40,907 - P11992 - INFO - Candidates phone: 1 items
2025-05-22 05:49:40,908 - P11992 - INFO - Candidates email: 0 items
2025-05-22 05:49:40,908 - P11992 - INFO - Candidates complement: 0 items
2025-05-22 05:49:40,908 - P11992 - INFO - Candidates cep: 1 items
2025-05-22 05:49:40,908 - P11992 - INFO - Após processar URL 2 Uso de memória: 150.92 MB
2025-05-22 05:49:40,908 - P11992 - INFO - Processando URL 3/15: https://www.encontrasaopaulo.com.br/agenda/crm-sp/
2025-05-22 05:49:46,152 - P11992 - INFO - HTML salvo para debug: data\debug_html_v10\f96a157f3cde736c20a7c87f788a1d0b.html
2025-05-22 05:49:46,182 - P11992 - INFO - Candidates address: 2 items
2025-05-22 05:49:46,192 - P11992 - INFO - Candidates phone: 2 items
2025-05-22 05:49:46,192 - P11992 - INFO - Candidates email: 0 items
2025-05-22 05:49:46,192 - P11992 - INFO - Candidates complement: 0 items
2025-05-22 05:49:46,194 - P11992 - INFO - Candidates cep: 0 items
2025-05-22 05:49:46,195 - P11992 - INFO - Após processar URL 3 Uso de memória: 152.58 MB
2025-05-22 05:49:46,196 - P11992 - INFO - Processando URL 4/15: https://www.saobernardo.sp.gov.br/documents/10181/1018801/NM+2105+de+24.01.2020+-+Conteu%CC%81do+Integral.pdf/feb1bce3-52a0-888d-d916-549ab020fad6
2025-05-22 05:49:46,196 - P11992 - INFO - Ignorando URL de arquivo não-HTML: https://www.saobernardo.sp.gov.br/documents/10181/1018801/NM+2105+de+24.01.2020+-+Conteu%CC%81do+Integral.pdf/feb1bce3-52a0-888d-d916-549ab020fad6
2025-05-22 05:49:46,196 - P11992 - INFO - Após processar URL 4 Uso de memória: 150.92 MB
2025-05-22 05:49:46,197 - P11992 - INFO - Processando URL 5/15: https://www.boaconsulta.com/especialista/leandro-morales-6106c37da2e00a5c57001e1d
2025-05-22 05:49:48,397 - P11992 - INFO - HTML salvo para debug: data\debug_html_v10\297bf4d16142b975e5a1873a09ced332.html
2025-05-22 05:49:48,467 - P11992 - INFO - Candidates address: 2 items
2025-05-22 05:49:48,468 - P11992 - INFO - Candidates phone: 0 items
2025-05-22 05:49:48,468 - P11992 - INFO - Candidates email: 0 items
2025-05-22 05:49:48,468 - P11992 - INFO - Candidates complement: 0 items
2025-05-22 05:49:48,468 - P11992 - INFO - Candidates cep: 0 items
2025-05-22 05:49:48,468 - P11992 - INFO - Após processar URL 5 Uso de memória: 150.95 MB
2025-05-22 05:49:48,469 - P11992 - INFO - Processando URL 6/15: https://www.benditoguia.com.br/empresa/dr-leandro-morales-emagrecimento-humanizado-e-saude-mental-vila-santo-antonio-americana-sp
2025-05-22 05:49:53,058 - P11992 - INFO - HTML salvo para debug: data\debug_html_v10\6303806a198fa35f805f29c233dbf414.html
2025-05-22 05:49:53,077 - P11992 - INFO - Candidates address: 1 items
2025-05-22 05:49:53,077 - P11992 - INFO - Candidates phone: 1 items
2025-05-22 05:49:53,078 - P11992 - INFO - Candidates email: 0 items
2025-05-22 05:49:53,078 - P11992 - INFO - Candidates complement: 1 items
2025-05-22 05:49:53,078 - P11992 - INFO - Candidates cep: 2 items
2025-05-22 05:49:53,079 - P11992 - INFO - Após processar URL 6 Uso de memória: 150.99 MB
2025-05-22 05:49:53,079 - P11992 - INFO - Processando URL 7/15: https://guiamedico.cremesp.org.br/
2025-05-22 05:49:55,749 - P11992 - INFO - HTML salvo para debug: data\debug_html_v10\7c54969580769b63edd9abaa952e1fa2.html
2025-05-22 05:49:55,757 - P11992 - INFO - Candidates address: 1 items
2025-05-22 05:49:55,758 - P11992 - INFO - Candidates phone: 1 items
2025-05-22 05:49:55,759 - P11992 - INFO - Candidates email: 0 items
2025-05-22 05:49:55,760 - P11992 - INFO - Candidates complement: 0 items
2025-05-22 05:49:55,761 - P11992 - INFO - Candidates cep: 1 items
2025-05-22 05:49:55,762 - P11992 - INFO - Após processar URL 7 Uso de memória: 151.00 MB
2025-05-22 05:49:55,763 - P11992 - INFO - Processando URL 8/15: https://diariooficial.guarulhos.sp.gov.br/uploads/pdf/1160669735.pdf
2025-05-22 05:49:55,763 - P11992 - INFO - Ignorando URL de arquivo não-HTML: https://diariooficial.guarulhos.sp.gov.br/uploads/pdf/1160669735.pdf
2025-05-22 05:49:55,763 - P11992 - INFO - Após processar URL 8 Uso de memória: 151.00 MB
2025-05-22 05:49:55,763 - P11992 - INFO - Processando URL 9/15: https://www.crm-sp.org.br/?siteAcao=Contatos&dep=cad
2025-05-22 05:50:13,002 - P11992 - INFO - HTML salvo para debug: data\debug_html_v10\9d7a012bd98a105b7c4d3b953105f1bf.html
2025-05-22 05:50:13,009 - P11992 - INFO - Candidates address: 0 items
2025-05-22 05:50:13,009 - P11992 - INFO - Candidates phone: 0 items
2025-05-22 05:50:13,009 - P11992 - INFO - Candidates email: 0 items
2025-05-22 05:50:13,010 - P11992 - INFO - Candidates complement: 0 items
2025-05-22 05:50:13,010 - P11992 - INFO - Candidates cep: 0 items
2025-05-22 05:50:13,010 - P11992 - INFO - Após processar URL 9 Uso de memória: 151.00 MB
2025-05-22 05:50:13,010 - P11992 - INFO - Processando URL 10/15: https://diariooficial.guarulhos.sp.gov.br/uploads/pdf/879561287.pdf
2025-05-22 05:50:13,011 - P11992 - INFO - Ignorando URL de arquivo não-HTML: https://diariooficial.guarulhos.sp.gov.br/uploads/pdf/879561287.pdf
2025-05-22 05:50:13,011 - P11992 - INFO - Após processar URL 10 Uso de memória: 151.00 MB
2025-05-22 05:50:13,011 - P11992 - INFO - Processando URL 11/15: https://cnpj.biz/54882591000105
2025-05-22 05:50:15,185 - P11992 - INFO - HTML salvo para debug: data\debug_html_v10\fd9a7946bda8da05abf18dad97b35703.html
2025-05-22 05:50:15,187 - P11992 - INFO - Candidates address: 0 items
2025-05-22 05:50:15,188 - P11992 - INFO - Candidates phone: 0 items
2025-05-22 05:50:15,188 - P11992 - INFO - Candidates email: 0 items
2025-05-22 05:50:15,188 - P11992 - INFO - Candidates complement: 0 items
2025-05-22 05:50:15,188 - P11992 - INFO - Candidates cep: 0 items
2025-05-22 05:50:15,188 - P11992 - INFO - Após processar URL 11 Uso de memória: 151.04 MB
2025-05-22 05:50:15,188 - P11992 - INFO - Processando URL 12/15: https://cliniguia.com/profissionais/leandro-morales-708404788169068/
2025-05-22 05:50:19,952 - P11992 - INFO - HTML salvo para debug: data\debug_html_v10\18e1c791c5ff6a27191c151b0cbed306.html
2025-05-22 05:50:19,992 - P11992 - INFO - Candidates address: 0 items
2025-05-22 05:50:19,992 - P11992 - INFO - Candidates phone: 0 items
2025-05-22 05:50:19,992 - P11992 - INFO - Candidates email: 0 items
2025-05-22 05:50:19,992 - P11992 - INFO - Candidates complement: 0 items
2025-05-22 05:50:19,992 - P11992 - INFO - Candidates cep: 0 items
2025-05-22 05:50:19,993 - P11992 - INFO - Após processar URL 12 Uso de memória: 151.08 MB
2025-05-22 05:50:19,993 - P11992 - INFO - Processando URL 13/15: https://www.cremesp.org.br/?siteAcao=DelegaciasRegionais&id=33
2025-05-22 05:50:30,935 - P11992 - INFO - HTML salvo para debug: data\debug_html_v10\f89528df70462629a24f2b4171f0fc34.html
2025-05-22 05:50:30,958 - P11992 - INFO - Candidates address: 2 items
2025-05-22 05:50:30,958 - P11992 - INFO - Candidates phone: 3 items
2025-05-22 05:50:30,958 - P11992 - INFO - Candidates email: 1 items
2025-05-22 05:50:30,958 - P11992 - INFO - Candidates complement: 0 items
2025-05-22 05:50:30,958 - P11992 - INFO - Candidates cep: 2 items
2025-05-22 05:50:30,959 - P11992 - INFO - Após processar URL 13 Uso de memória: 151.08 MB
2025-05-22 05:50:30,959 - P11992 - INFO - Processando URL 14/15: https://www.medicosbrasil.com/profissional/leandro-morales
2025-05-22 05:50:33,124 - P11992 - INFO - HTML salvo para debug: data\debug_html_v10\86247162cb20ac03cac91d015839d96b.html
2025-05-22 05:50:33,126 - P11992 - INFO - Candidates address: 0 items
2025-05-22 05:50:33,126 - P11992 - INFO - Candidates phone: 0 items
2025-05-22 05:50:33,126 - P11992 - INFO - Candidates email: 0 items
2025-05-22 05:50:33,126 - P11992 - INFO - Candidates complement: 0 items
2025-05-22 05:50:33,126 - P11992 - INFO - Candidates cep: 0 items
2025-05-22 05:50:33,127 - P11992 - INFO - Após processar URL 14 Uso de memória: 151.08 MB
2025-05-22 05:50:33,127 - P11992 - INFO - Processando URL 15/15: https://consultacrm.com.br/
2025-05-22 05:50:36,805 - P11992 - INFO - HTML salvo para debug: data\debug_html_v10\65cadeb91ac3713432c21b535990f440.html
2025-05-22 05:50:36,815 - P11992 - INFO - Candidates address: 0 items
2025-05-22 05:50:36,815 - P11992 - INFO - Candidates phone: 0 items
2025-05-22 05:50:36,816 - P11992 - INFO - Candidates email: 0 items
2025-05-22 05:50:36,816 - P11992 - INFO - Candidates complement: 0 items
2025-05-22 05:50:36,816 - P11992 - INFO - Candidates cep: 0 items
2025-05-22 05:50:36,816 - P11992 - INFO - Após processar URL 15 Uso de memória: 151.08 MB
2025-05-22 05:50:36,816 - P11992 - INFO - Iniciando agregação e ranqueamento
2025-05-22 05:50:36,816 - P11992 - INFO - Ranked address: 8 items
2025-05-22 05:50:36,816 - P11992 - INFO - Ranked phone: 6 items
2025-05-22 05:50:36,817 - P11992 - INFO - Ranked email: 1 items
2025-05-22 05:50:36,817 - P11992 - INFO - Ranked complement: 1 items
2025-05-22 05:50:36,817 - P11992 - INFO - Ranked cep: 5 items
2025-05-22 05:50:36,817 - P11992 - INFO - Após agregação Uso de memória: 151.08 MB
2025-05-22 05:50:36,817 - P11992 - INFO - Validando endereço: ['Rua Frei Caneca, 1282', 'Rua Dr. Siqueira Campos, 176', 'R. Frei Caneca, 1282']
2025-05-22 05:50:36,817 - P11992 - INFO - Endereço validado: Rua Frei Caneca, 1282
2025-05-22 05:50:36,817 - P11992 - INFO - Limpando texto extenso para campo address: Rua Frei Caneca, 1282...
2025-05-22 05:50:36,818 - P11992 - INFO - Texto limpo: Rua Frei Caneca, 1282
2025-05-22 05:50:36,818 - P11992 - INFO - Validando telefone: ['(11) 4349-9900', '(11) 5461-5600', '(11) 3675-7104']
2025-05-22 05:50:36,818 - P11992 - INFO - Limpando texto extenso para campo phone: (11) 4349-9900...
2025-05-22 05:50:36,818 - P11992 - INFO - Texto limpo: 11) 4349-9900
2025-05-22 05:50:36,818 - P11992 - INFO - Telefone validado: 11) 4349-9900
2025-05-22 05:50:36,818 - P11992 - INFO - Validando email: ['drvma@cremesp.org.br']
2025-05-22 05:50:36,819 - P11992 - INFO - Limpando texto extenso para campo email: drvma@cremesp.org.br...
2025-05-22 05:50:36,819 - P11992 - INFO - Texto limpo: drvma@cremesp.org.br
2025-05-22 05:50:36,819 - P11992 - INFO - Email validado: drvma@cremesp.org.br
2025-05-22 05:50:36,819 - P11992 - INFO - Validando complemento: ['Sala 809 - Santo Antonio']
2025-05-22 05:50:36,819 - P11992 - INFO - Limpando texto extenso para campo complement: Sala 809 - Santo Antonio...
2025-05-22 05:50:36,820 - P11992 - INFO - Texto limpo: Sala 809 - Santo Antonio
2025-05-22 05:50:36,820 - P11992 - INFO - Complemento validado: Sala 809 - Santo Antonio
2025-05-22 05:50:36,820 - P11992 - INFO - Descobrindo cidade
2025-05-22 05:50:36,820 - P11992 - INFO - Buscando cidade: Rua Frei Caneca cidade SP
2025-05-22 05:50:39,564 - P11992 - WARNING - Cidade não encontrada
2025-05-22 05:50:39,564 - P11992 - INFO - Cidade descoberta: 
2025-05-22 05:50:39,565 - P11992 - INFO - Tempo de execução de processamento completo do médico: 70.65 segundos
2025-05-22 05:50:39,565 - P11992 - INFO - Resultado processado: {'Hash': 'bea5ecbb378ddfd713c817b437d570867fb29f4543a44aa7f41574a3196e997d', 'CRM': '188917', 'UF': 'SP', 'Firstname': 'LEANDRO', 'LastName': 'MORALES', 'Medical specialty': '', 'Endereco Completo A1': 'Rua Frei Caneca, 1282', 'Address A1': 'Rua Frei Caneca', 'Numero A1': '1282', 'Complement A1': 'Sala 809 - Santo Antonio', 'Bairro A1': '', 'postal code A1': '', 'City A1': '', 'State A1': '', 'Phone A1': '11) 4349-9900', 'Phone A2': '', 'Cell phone A1': '', 'Cell phone A2': '', 'E-mail A1': 'drvma@cremesp.org.br', 'E-mail A2': '', 'OPT-IN': '', 'STATUS': '', 'LOTE': ''}
2025-05-22 05:50:39,566 - P11992 - INFO - Salvando lote de resultados
2025-05-22 05:50:39,567 - P11992 - INFO - Após salvar resultados Uso de memória: 145.98 MB
2025-05-22 05:50:39,568 - P11992 - INFO - Progresso: 98.2%
2025-05-22 05:50:39,568 - P11992 - INFO - Tempo de execução de processamento do médico 3: 70.65 segundos
2025-05-22 05:50:39,568 - P11992 - INFO - Tempo de execução de processamento do lote completo: 224.20 segundos
