2025-05-22 02:11:55,366 - P11992 - INFO - 
==================================================
Processando médico 1/3
2025-05-22 02:11:55,367 - P11992 - INFO - Nome: MARCELO ARAUJO COSTA
2025-05-22 02:11:55,368 - P11992 - INFO - Reiniciando driver do Chrome
2025-05-22 02:11:56,866 - P11992 - INFO - Após reiniciar driver Uso de memória: 109.95 MB
2025-05-22 02:11:56,866 - P11992 - INFO - Início do processamento Uso de memória: 109.95 MB
2025-05-22 02:11:56,866 - P11992 - INFO - Iniciando busca para: MARCELO ARAUJO COSTA CRM 4730 PI telefone e-mail endereço
2025-05-22 02:11:57,441 - P11992 - INFO - SearX results: 9 URLs
2025-05-22 02:11:57,441 - P11992 - INFO - Após SearX Uso de memória: 109.96 MB
2025-05-22 02:12:00,185 - P11992 - INFO - Google results: 8 URLs
2025-05-22 02:12:00,186 - P11992 - INFO - Após Google Uso de memória: 114.55 MB
2025-05-22 02:12:03,252 - P11992 - INFO - Bing results: 8 URLs
2025-05-22 02:12:03,252 - P11992 - INFO - Após Bing Uso de memória: 117.65 MB
2025-05-22 02:12:03,253 - P11992 - INFO - Total de URLs únicas: 21
2025-05-22 02:12:03,253 - P11992 - INFO - Processando URL 1/21: https://www.doctoralia.com.br/marcelo-araujo-costa/endocrinologista-internista/picos
2025-05-22 02:12:03,253 - P11992 - INFO - Ignorando URL de arquivo não-HTML: https://www.doctoralia.com.br/marcelo-araujo-costa/endocrinologista-internista/picos
2025-05-22 02:12:03,253 - P11992 - INFO - Após processar URL 1 Uso de memória: 117.65 MB
2025-05-22 02:12:03,253 - P11992 - INFO - Processando URL 2/21: https://crmpi.org.br/busca-medicos
2025-05-22 02:12:07,452 - P11992 - INFO - HTML salvo para debug: data\debug_html_v10\00353e7e60623b9c6fdbcf6e4e78a3d6.html
2025-05-22 02:12:07,492 - P11992 - INFO - Candidates address: 0 items
2025-05-22 02:12:07,492 - P11992 - INFO - Candidates phone: 0 items
2025-05-22 02:12:07,493 - P11992 - INFO - Candidates email: 1 items
2025-05-22 02:12:07,493 - P11992 - INFO - Candidates complement: 0 items
2025-05-22 02:12:07,493 - P11992 - INFO - Candidates cep: 1 items
2025-05-22 02:12:07,493 - P11992 - INFO - Após processar URL 2 Uso de memória: 118.43 MB
2025-05-22 02:12:07,493 - P11992 - INFO - Processando URL 3/21: https://pbqp-h.mdr.gov.br/wp-content/uploads/2023/12/Empresas-Certificadas-SIAC-Julho-a-08-12-2023-Planilha1.csv
2025-05-22 02:12:07,494 - P11992 - INFO - Ignorando URL de arquivo não-HTML: https://pbqp-h.mdr.gov.br/wp-content/uploads/2023/12/Empresas-Certificadas-SIAC-Julho-a-08-12-2023-Planilha1.csv
2025-05-22 02:12:07,494 - P11992 - INFO - Após processar URL 3 Uso de memória: 118.43 MB
2025-05-22 02:12:07,495 - P11992 - INFO - Processando URL 4/21: https://www.tjac.jus.br/wp-content/uploads/2024/10/DE20241029.pdf
2025-05-22 02:12:07,495 - P11992 - INFO - Ignorando URL de arquivo não-HTML: https://www.tjac.jus.br/wp-content/uploads/2024/10/DE20241029.pdf
2025-05-22 02:12:07,497 - P11992 - INFO - Após processar URL 4 Uso de memória: 118.43 MB
2025-05-22 02:12:07,497 - P11992 - INFO - Processando URL 5/21: https://pbqp-h.mdr.gov.br/wp-content/uploads/2024/03/Empresas-Certificadas-SIAC-Outubro-a-14-03-2024-Planilha1.csv
2025-05-22 02:12:07,497 - P11992 - INFO - Ignorando URL de arquivo não-HTML: https://pbqp-h.mdr.gov.br/wp-content/uploads/2024/03/Empresas-Certificadas-SIAC-Outubro-a-14-03-2024-Planilha1.csv
2025-05-22 02:12:07,499 - P11992 - INFO - Após processar URL 5 Uso de memória: 118.43 MB
2025-05-22 02:12:07,500 - P11992 - INFO - Processando URL 6/21: https://www.doctoralia.com.br/endocrinologista/picos
2025-05-22 02:12:07,501 - P11992 - INFO - Ignorando URL de arquivo não-HTML: https://www.doctoralia.com.br/endocrinologista/picos
2025-05-22 02:12:07,501 - P11992 - INFO - Após processar URL 6 Uso de memória: 118.43 MB
2025-05-22 02:12:07,503 - P11992 - INFO - Processando URL 7/21: https://www.findhealthclinics.com/BR/Picos/109772248372746/Dr-Marcelo-Costa-Endocrinologista
2025-05-22 02:12:10,486 - P11992 - INFO - HTML salvo para debug: data\debug_html_v10\f355c6ec8e7175c3f464692156aab1a1.html
2025-05-22 02:12:10,500 - P11992 - INFO - Candidates address: 2 items
2025-05-22 02:12:10,501 - P11992 - INFO - Candidates phone: 1 items
2025-05-22 02:12:10,501 - P11992 - INFO - Candidates email: 0 items
2025-05-22 02:12:10,501 - P11992 - INFO - Candidates complement: 0 items
2025-05-22 02:12:10,502 - P11992 - INFO - Candidates cep: 1 items
2025-05-22 02:12:10,502 - P11992 - INFO - Após processar URL 7 Uso de memória: 118.59 MB
2025-05-22 02:12:10,502 - P11992 - INFO - Processando URL 8/21: https://www.diario.pi.gov.br/doe/files/diarios/anexo/e038a204-ae02-4c63-9626-c3bfe5407b82/DOEPI_41_2025.pdf
2025-05-22 02:12:10,502 - P11992 - INFO - Ignorando URL de arquivo não-HTML: https://www.diario.pi.gov.br/doe/files/diarios/anexo/e038a204-ae02-4c63-9626-c3bfe5407b82/DOEPI_41_2025.pdf
2025-05-22 02:12:10,502 - P11992 - INFO - Após processar URL 8 Uso de memória: 118.59 MB
2025-05-22 02:12:10,503 - P11992 - INFO - Processando URL 9/21: https://www.tjpi.jus.br/diarioeletronico/public/dj171106_8319.pdf
2025-05-22 02:12:10,503 - P11992 - INFO - Ignorando URL de arquivo não-HTML: https://www.tjpi.jus.br/diarioeletronico/public/dj171106_8319.pdf
2025-05-22 02:12:10,503 - P11992 - INFO - Após processar URL 9 Uso de memória: 118.59 MB
2025-05-22 02:12:10,503 - P11992 - INFO - Processando URL 10/21: https://www.mppi.mp.br/consulta-publica/busca/registro_mp?numero=000094-088/2018
2025-05-22 02:12:13,147 - P11992 - INFO - HTML salvo para debug: data\debug_html_v10\965da37c6c7797d77aa4159f1f1c051a.html
2025-05-22 02:12:13,186 - P11992 - INFO - Candidates address: 3 items
2025-05-22 02:12:13,186 - P11992 - INFO - Candidates phone: 0 items
2025-05-22 02:12:13,187 - P11992 - INFO - Candidates email: 0 items
2025-05-22 02:12:13,187 - P11992 - INFO - Candidates complement: 0 items
2025-05-22 02:12:13,187 - P11992 - INFO - Candidates cep: 5 items
2025-05-22 02:12:13,187 - P11992 - INFO - Após processar URL 10 Uso de memória: 118.62 MB
2025-05-22 02:12:13,187 - P11992 - INFO - Processando URL 11/21: https://www.gov.br/receitafederal/pt-br/assuntos/orientacao-tributaria/beneficios-fiscais/programa-empresa-cidada/empresas_optantes
2025-05-22 02:12:15,310 - P11992 - INFO - HTML salvo para debug: data\debug_html_v10\bc705a0ca491c709905e221358627d5c.html
2025-05-22 02:12:15,368 - P11992 - INFO - Candidates address: 3 items
2025-05-22 02:12:15,368 - P11992 - INFO - Candidates phone: 0 items
2025-05-22 02:12:15,368 - P11992 - INFO - Candidates email: 0 items
2025-05-22 02:12:15,369 - P11992 - INFO - Candidates complement: 0 items
2025-05-22 02:12:15,369 - P11992 - INFO - Candidates cep: 5 items
2025-05-22 02:12:15,369 - P11992 - INFO - Após processar URL 11 Uso de memória: 118.64 MB
2025-05-22 02:12:15,369 - P11992 - INFO - Processando URL 12/21: https://www.medicosbrasil.com/profissional/marcelo-araujo-costa
2025-05-22 02:12:19,393 - P11992 - INFO - HTML salvo para debug: data\debug_html_v10\1b9e2cd0aee2f3f719cbdf4de2b2466a.html
2025-05-22 02:12:19,426 - P11992 - INFO - Candidates address: 0 items
2025-05-22 02:12:19,436 - P11992 - INFO - Candidates phone: 0 items
2025-05-22 02:12:19,437 - P11992 - INFO - Candidates email: 0 items
2025-05-22 02:12:19,437 - P11992 - INFO - Candidates complement: 0 items
2025-05-22 02:12:19,439 - P11992 - INFO - Candidates cep: 0 items
2025-05-22 02:12:19,440 - P11992 - INFO - Após processar URL 12 Uso de memória: 118.73 MB
2025-05-22 02:12:19,440 - P11992 - INFO - Processando URL 13/21: https://www.findglocal.com/BR/Picos/109772248372746/Dr-Marcelo-Costa-Endocrinologista
2025-05-22 02:12:22,674 - P11992 - INFO - HTML salvo para debug: data\debug_html_v10\16f9f76ac259f1908ea4a6f2de28555f.html
2025-05-22 02:12:22,683 - P11992 - INFO - Candidates address: 2 items
2025-05-22 02:12:22,683 - P11992 - INFO - Candidates phone: 1 items
2025-05-22 02:12:22,683 - P11992 - INFO - Candidates email: 0 items
2025-05-22 02:12:22,683 - P11992 - INFO - Candidates complement: 0 items
2025-05-22 02:12:22,683 - P11992 - INFO - Candidates cep: 1 items
2025-05-22 02:12:22,684 - P11992 - INFO - Após processar URL 13 Uso de memória: 118.86 MB
2025-05-22 02:12:22,684 - P11992 - INFO - Processando URL 14/21: https://www.boaconsulta.com/especialista/marcelo-araujo-costa-61060985a2e00a7b44002948
2025-05-22 02:12:26,205 - P11992 - INFO - HTML salvo para debug: data\debug_html_v10\920f724282efb8d5b86704c153e2e200.html
2025-05-22 02:12:26,269 - P11992 - INFO - Candidates address: 1 items
2025-05-22 02:12:26,269 - P11992 - INFO - Candidates phone: 0 items
2025-05-22 02:12:26,269 - P11992 - INFO - Candidates email: 0 items
2025-05-22 02:12:26,269 - P11992 - INFO - Candidates complement: 0 items
2025-05-22 02:12:26,269 - P11992 - INFO - Candidates cep: 0 items
2025-05-22 02:12:26,270 - P11992 - INFO - Após processar URL 14 Uso de memória: 119.83 MB
2025-05-22 02:12:26,270 - P11992 - INFO - Processando URL 15/21: https://crmvirtual.cfm.org.br/PI/servico/pesquisar-por-medico
2025-05-22 02:12:29,286 - P11992 - INFO - HTML salvo para debug: data\debug_html_v10\b1bc137fa223ba15847a27d48426df6b.html
2025-05-22 02:12:29,299 - P11992 - INFO - Candidates address: 0 items
2025-05-22 02:12:29,299 - P11992 - INFO - Candidates phone: 1 items
2025-05-22 02:12:29,299 - P11992 - INFO - Candidates email: 1 items
2025-05-22 02:12:29,299 - P11992 - INFO - Candidates complement: 0 items
2025-05-22 02:12:29,299 - P11992 - INFO - Candidates cep: 1 items
2025-05-22 02:12:29,299 - P11992 - INFO - Após processar URL 15 Uso de memória: 119.84 MB
2025-05-22 02:12:29,300 - P11992 - INFO - Processando URL 16/21: https://deoab.oab.org.br/assets/diarios/diario-eletronico-oab-08-03-2024.pdf?p=1709856000036
2025-05-22 02:12:29,300 - P11992 - INFO - Ignorando URL de arquivo não-HTML: https://deoab.oab.org.br/assets/diarios/diario-eletronico-oab-08-03-2024.pdf?p=1709856000036
2025-05-22 02:12:29,300 - P11992 - INFO - Após processar URL 16 Uso de memória: 119.84 MB
2025-05-22 02:12:29,300 - P11992 - INFO - Processando URL 17/21: https://wwa.tjto.jus.br/diario/diariopublicado/1876.pdf
2025-05-22 02:12:29,300 - P11992 - INFO - Ignorando URL de arquivo não-HTML: https://wwa.tjto.jus.br/diario/diariopublicado/1876.pdf
2025-05-22 02:12:29,300 - P11992 - INFO - Após processar URL 17 Uso de memória: 119.84 MB
2025-05-22 02:12:29,301 - P11992 - INFO - Processando URL 18/21: https://portal-api.campinas.sp.gov.br/sites/default/files/publicacoes-dom/dom/233208385.pdf
2025-05-22 02:12:29,301 - P11992 - INFO - Ignorando URL de arquivo não-HTML: https://portal-api.campinas.sp.gov.br/sites/default/files/publicacoes-dom/dom/233208385.pdf
2025-05-22 02:12:29,301 - P11992 - INFO - Após processar URL 18 Uso de memória: 119.84 MB
2025-05-22 02:12:29,301 - P11992 - INFO - Processando URL 19/21: https://pbqp-h.mdr.gov.br/wp-content/uploads/2023/12/Empresas-Certificadas-SIAC-Julho-a-29-12-2023-Planilha1.csv
2025-05-22 02:12:29,301 - P11992 - INFO - Ignorando URL de arquivo não-HTML: https://pbqp-h.mdr.gov.br/wp-content/uploads/2023/12/Empresas-Certificadas-SIAC-Julho-a-29-12-2023-Planilha1.csv
2025-05-22 02:12:29,301 - P11992 - INFO - Após processar URL 19 Uso de memória: 119.84 MB
2025-05-22 02:12:29,302 - P11992 - INFO - Processando URL 20/21: https://osasco.sp.gov.br/site/wp-content/uploads/2022/02/iomo696.pdf
2025-05-22 02:12:29,302 - P11992 - INFO - Ignorando URL de arquivo não-HTML: https://osasco.sp.gov.br/site/wp-content/uploads/2022/02/iomo696.pdf
2025-05-22 02:12:29,302 - P11992 - INFO - Após processar URL 20 Uso de memória: 119.84 MB
2025-05-22 02:12:29,302 - P11992 - INFO - Processando URL 21/21: https://consultacrm.com.br/
2025-05-22 02:12:32,932 - P11992 - INFO - HTML salvo para debug: data\debug_html_v10\65cadeb91ac3713432c21b535990f440.html
2025-05-22 02:12:32,943 - P11992 - INFO - Candidates address: 0 items
2025-05-22 02:12:32,943 - P11992 - INFO - Candidates phone: 0 items
2025-05-22 02:12:32,943 - P11992 - INFO - Candidates email: 0 items
2025-05-22 02:12:32,944 - P11992 - INFO - Candidates complement: 0 items
2025-05-22 02:12:32,944 - P11992 - INFO - Candidates cep: 0 items
2025-05-22 02:12:32,944 - P11992 - INFO - Após processar URL 21 Uso de memória: 119.88 MB
2025-05-22 02:12:32,944 - P11992 - INFO - Iniciando agregação e ranqueamento
2025-05-22 02:12:32,944 - P11992 - INFO - Ranked address: 6 items
2025-05-22 02:12:32,944 - P11992 - INFO - Ranked phone: 2 items
2025-05-22 02:12:32,945 - P11992 - INFO - Ranked email: 1 items
2025-05-22 02:12:32,945 - P11992 - INFO - Ranked complement: 0 items
2025-05-22 02:12:32,945 - P11992 - INFO - Ranked cep: 7 items
2025-05-22 02:12:32,945 - P11992 - INFO - Após agregação Uso de memória: 119.88 MB
2025-05-22 02:12:32,945 - P11992 - INFO - Validando endereço: ['Avenida Nossa Sra. de Fátima, 1032', 'Avenida Nossa Sra. De Fátima, 1032', 'Av. Tancredo Neves, 2227']
2025-05-22 02:12:32,946 - P11992 - INFO - Endereço validado: Avenida Nossa Sra. de Fátima, 1032
2025-05-22 02:12:32,946 - P11992 - INFO - Limpando texto extenso para campo address: Avenida Nossa Sra. de Fátima, 1032...
2025-05-22 02:12:32,946 - P11992 - INFO - Texto limpo: Avenida Nossa Sra. de Fátima, 1032
2025-05-22 02:12:32,946 - P11992 - INFO - Validando telefone: ['+5589999211807', '(86)3216-6100']
2025-05-22 02:12:32,947 - P11992 - INFO - Limpando texto extenso para campo phone: (86)3216-6100...
2025-05-22 02:12:32,947 - P11992 - INFO - Texto limpo: 86)3216-6100
2025-05-22 02:12:32,947 - P11992 - INFO - Telefone validado: 86)3216-6100
2025-05-22 02:12:32,947 - P11992 - INFO - Validando email: ['atendimento@crmpi.org.br']
2025-05-22 02:12:32,947 - P11992 - INFO - Limpando texto extenso para campo email: atendimento@crmpi.org.br...
2025-05-22 02:12:32,947 - P11992 - INFO - Texto limpo: atendimento@crmpi.org.br
2025-05-22 02:12:32,948 - P11992 - INFO - Email validado: atendimento@crmpi.org.br
2025-05-22 02:12:32,948 - P11992 - INFO - Descobrindo cidade
2025-05-22 02:12:32,948 - P11992 - INFO - Buscando cidade: Avenida Nossa Sra. de Fátima cidade PI
2025-05-22 02:12:35,697 - P11992 - WARNING - Cidade não encontrada
2025-05-22 02:12:35,697 - P11992 - INFO - Cidade descoberta: 
2025-05-22 02:12:35,698 - P11992 - INFO - Tempo de execução de processamento completo do médico: 38.83 segundos
2025-05-22 02:12:35,699 - P11992 - INFO - Resultado processado: {'Hash': '771fd5b6fc63495dfa4e08e6905f407fddb45b01df7877af10b76cc7a06465d7', 'CRM': '4730', 'UF': 'PI', 'Firstname': 'MARCELO', 'LastName': 'ARAUJO COSTA', 'Medical specialty': '', 'Endereco Completo A1': 'Avenida Nossa Sra. de Fátima, 1032', 'Address A1': 'Avenida Nossa Sra. de Fátima', 'Numero A1': '1032', 'Complement A1': '', 'Bairro A1': '', 'postal code A1': '', 'City A1': '', 'State A1': '', 'Phone A1': '86)3216-6100', 'Phone A2': '', 'Cell phone A1': '', 'Cell phone A2': '', 'E-mail A1': 'atendimento@crmpi.org.br', 'E-mail A2': '', 'OPT-IN': '', 'STATUS': '', 'LOTE': ''}
2025-05-22 02:12:35,704 - P11992 - INFO - Progresso: 19.8%
2025-05-22 02:12:35,705 - P11992 - INFO - Executando coleta de lixo
2025-05-22 02:12:35,788 - P11992 - INFO - Após coleta de lixo Uso de memória: 106.65 MB
2025-05-22 02:12:35,790 - P11992 - INFO - Tempo de execução de processamento do médico 1: 40.42 segundos
2025-05-22 02:12:35,791 - P11992 - INFO - 
==================================================
Processando médico 2/3
2025-05-22 02:12:35,792 - P11992 - INFO - Nome: JOÃO MARIA CORRÊA FILHO
2025-05-22 02:12:35,792 - P11992 - INFO - Início do processamento Uso de memória: 106.65 MB
2025-05-22 02:12:35,792 - P11992 - INFO - Iniciando busca para: JOÃO MARIA CORRÊA FILHO CRM 5421 PI telefone e-mail endereço
2025-05-22 02:12:36,284 - P11992 - INFO - SearX results: 10 URLs
2025-05-22 02:12:36,285 - P11992 - INFO - Após SearX Uso de memória: 106.65 MB
2025-05-22 02:12:38,902 - P11992 - INFO - Google results: 9 URLs
2025-05-22 02:12:38,902 - P11992 - INFO - Após Google Uso de memória: 109.85 MB
2025-05-22 02:12:41,319 - P11992 - INFO - Bing results: 10 URLs
2025-05-22 02:12:41,320 - P11992 - INFO - Após Bing Uso de memória: 110.86 MB
2025-05-22 02:12:41,320 - P11992 - INFO - Total de URLs únicas: 26
2025-05-22 02:12:41,323 - P11992 - INFO - Processando URL 1/26: https://doe.sp.gov.br/executivo/secretaria-de-ciencia-tecnologia-e-inovacao/edital-n-0701-de-31-de-janeiro-de-2025-202501311313146855800
2025-05-22 02:12:44,448 - P11992 - INFO - HTML salvo para debug: data\debug_html_v10\305bb4c2b6113d059cfe77eea8cb8271.html
2025-05-22 02:12:44,614 - P11992 - INFO - Candidates address: 1 items
2025-05-22 02:12:44,614 - P11992 - INFO - Candidates phone: 0 items
2025-05-22 02:12:44,614 - P11992 - INFO - Candidates email: 2 items
2025-05-22 02:12:44,614 - P11992 - INFO - Candidates complement: 0 items
2025-05-22 02:12:44,614 - P11992 - INFO - Candidates cep: 379 items
2025-05-22 02:12:44,615 - P11992 - INFO - Após processar URL 1 Uso de memória: 116.62 MB
2025-05-22 02:12:44,615 - P11992 - INFO - Processando URL 2/26: https://crmpi.org.br/busca-medicos
2025-05-22 02:12:48,448 - P11992 - INFO - HTML salvo para debug: data\debug_html_v10\00353e7e60623b9c6fdbcf6e4e78a3d6.html
2025-05-22 02:12:48,486 - P11992 - INFO - Candidates address: 0 items
2025-05-22 02:12:48,486 - P11992 - INFO - Candidates phone: 0 items
2025-05-22 02:12:48,487 - P11992 - INFO - Candidates email: 1 items
2025-05-22 02:12:48,487 - P11992 - INFO - Candidates complement: 0 items
2025-05-22 02:12:48,487 - P11992 - INFO - Candidates cep: 1 items
2025-05-22 02:12:48,487 - P11992 - INFO - Após processar URL 2 Uso de memória: 113.66 MB
2025-05-22 02:12:48,488 - P11992 - INFO - Processando URL 3/26: https://www.boaconsulta.com/especialista/joao-maria-correa-filho-61060981a2e00a7b440028db
2025-05-22 02:12:51,326 - P11992 - INFO - HTML salvo para debug: data\debug_html_v10\7840196b4e8a205c040c6a5350692026.html
2025-05-22 02:12:51,391 - P11992 - INFO - Candidates address: 1 items
2025-05-22 02:12:51,391 - P11992 - INFO - Candidates phone: 0 items
2025-05-22 02:12:51,391 - P11992 - INFO - Candidates email: 0 items
2025-05-22 02:12:51,391 - P11992 - INFO - Candidates complement: 0 items
2025-05-22 02:12:51,392 - P11992 - INFO - Candidates cep: 0 items
2025-05-22 02:12:51,392 - P11992 - INFO - Após processar URL 3 Uso de memória: 114.16 MB
2025-05-22 02:12:51,392 - P11992 - INFO - Processando URL 4/26: https://cliniguia.com/profissionais/joao-maria-correa-filho-980016281196428/
2025-05-22 02:12:57,856 - P11992 - INFO - HTML salvo para debug: data\debug_html_v10\873c72197fe4677cbc5325f2586f481c.html
2025-05-22 02:12:57,906 - P11992 - INFO - Candidates address: 0 items
2025-05-22 02:12:57,906 - P11992 - INFO - Candidates phone: 0 items
2025-05-22 02:12:57,906 - P11992 - INFO - Candidates email: 0 items
2025-05-22 02:12:57,907 - P11992 - INFO - Candidates complement: 0 items
2025-05-22 02:12:57,907 - P11992 - INFO - Candidates cep: 0 items
2025-05-22 02:12:57,907 - P11992 - INFO - Após processar URL 4 Uso de memória: 114.10 MB
2025-05-22 02:12:57,907 - P11992 - INFO - Processando URL 5/26: https://portal-api.campinas.sp.gov.br/sites/default/files/publicacoes-dom/dom/759169727.pdf
2025-05-22 02:12:57,907 - P11992 - INFO - Ignorando URL de arquivo não-HTML: https://portal-api.campinas.sp.gov.br/sites/default/files/publicacoes-dom/dom/759169727.pdf
2025-05-22 02:12:57,907 - P11992 - INFO - Após processar URL 5 Uso de memória: 113.41 MB
2025-05-22 02:12:57,908 - P11992 - INFO - Processando URL 6/26: https://cremers.org.br/pdf/informativos/cremers.pdf
2025-05-22 02:12:57,908 - P11992 - INFO - Ignorando URL de arquivo não-HTML: https://cremers.org.br/pdf/informativos/cremers.pdf
2025-05-22 02:12:57,908 - P11992 - INFO - Após processar URL 6 Uso de memória: 113.41 MB
2025-05-22 02:12:57,908 - P11992 - INFO - Processando URL 7/26: https://portal.cfm.org.br/busca-medicos
2025-05-22 02:13:01,973 - P11992 - INFO - HTML salvo para debug: data\debug_html_v10\e28ae84aaa177d1328f3a0d1fb68449f.html
2025-05-22 02:13:02,012 - P11992 - INFO - Candidates address: 0 items
2025-05-22 02:13:02,012 - P11992 - INFO - Candidates phone: 0 items
2025-05-22 02:13:02,012 - P11992 - INFO - Candidates email: 1 items
2025-05-22 02:13:02,012 - P11992 - INFO - Candidates complement: 1 items
2025-05-22 02:13:02,013 - P11992 - INFO - Candidates cep: 1 items
2025-05-22 02:13:02,013 - P11992 - INFO - Após processar URL 7 Uso de memória: 113.43 MB
2025-05-22 02:13:02,013 - P11992 - INFO - Processando URL 8/26: https://www.medicosbrasil.com/profissional/joao-maria-correa-filho
2025-05-22 02:13:04,201 - P11992 - INFO - HTML salvo para debug: data\debug_html_v10\a7b8d56f691818033dfdc53c9ecc1e62.html
2025-05-22 02:13:04,203 - P11992 - INFO - Candidates address: 0 items
2025-05-22 02:13:04,204 - P11992 - INFO - Candidates phone: 0 items
2025-05-22 02:13:04,204 - P11992 - INFO - Candidates email: 0 items
2025-05-22 02:13:04,204 - P11992 - INFO - Candidates complement: 0 items
2025-05-22 02:13:04,204 - P11992 - INFO - Candidates cep: 0 items
2025-05-22 02:13:04,204 - P11992 - INFO - Após processar URL 8 Uso de memória: 113.45 MB
2025-05-22 02:13:04,205 - P11992 - INFO - Processando URL 9/26: https://www.gov.br/receitafederal/pt-br/assuntos/orientacao-tributaria/beneficios-fiscais/programa-empresa-cidada/empresas_optantes
2025-05-22 02:13:06,232 - P11992 - INFO - HTML salvo para debug: data\debug_html_v10\bc705a0ca491c709905e221358627d5c.html
2025-05-22 02:13:06,234 - P11992 - INFO - Candidates address: 0 items
2025-05-22 02:13:06,234 - P11992 - INFO - Candidates phone: 0 items
2025-05-22 02:13:06,234 - P11992 - INFO - Candidates email: 0 items
2025-05-22 02:13:06,234 - P11992 - INFO - Candidates complement: 0 items
2025-05-22 02:13:06,234 - P11992 - INFO - Candidates cep: 0 items
2025-05-22 02:13:06,235 - P11992 - INFO - Após processar URL 9 Uso de memória: 113.45 MB
2025-05-22 02:13:06,235 - P11992 - INFO - Processando URL 10/26: https://sistemas.trf1.jus.br/edj/bitstream/handle/123/177304/Caderno_JUD_PA_2016-11-10_VIII_209.pdf?sequence=2&isAllowed=y
2025-05-22 02:13:06,235 - P11992 - INFO - Ignorando URL de arquivo não-HTML: https://sistemas.trf1.jus.br/edj/bitstream/handle/123/177304/Caderno_JUD_PA_2016-11-10_VIII_209.pdf?sequence=2&isAllowed=y
2025-05-22 02:13:06,235 - P11992 - INFO - Após processar URL 10 Uso de memória: 113.45 MB
2025-05-22 02:13:06,235 - P11992 - INFO - Processando URL 11/26: https://ecrie.com.br/sistema/conteudos/arquivo/a_61_0_1_13012025105039.pdf
2025-05-22 02:13:06,235 - P11992 - INFO - Ignorando URL de arquivo não-HTML: https://ecrie.com.br/sistema/conteudos/arquivo/a_61_0_1_13012025105039.pdf
2025-05-22 02:13:06,235 - P11992 - INFO - Após processar URL 11 Uso de memória: 113.45 MB
2025-05-22 02:13:06,236 - P11992 - INFO - Processando URL 12/26: https://osasco.sp.gov.br/site/wp-content/uploads/2022/02/iomo510.pdf
2025-05-22 02:13:06,236 - P11992 - INFO - Ignorando URL de arquivo não-HTML: https://osasco.sp.gov.br/site/wp-content/uploads/2022/02/iomo510.pdf
2025-05-22 02:13:06,236 - P11992 - INFO - Após processar URL 12 Uso de memória: 113.45 MB
2025-05-22 02:13:06,236 - P11992 - INFO - Processando URL 13/26: https://docs.trt10.jus.br/docs/pub/pub000001646.pdf
2025-05-22 02:13:06,236 - P11992 - INFO - Ignorando URL de arquivo não-HTML: https://docs.trt10.jus.br/docs/pub/pub000001646.pdf
2025-05-22 02:13:06,236 - P11992 - INFO - Após processar URL 13 Uso de memória: 113.45 MB
2025-05-22 02:13:06,237 - P11992 - INFO - Processando URL 14/26: https://www2.camara.leg.br/atividade-legislativa/comissoes/comissoes-permanentes/ccjc/projetos-de-lei-e-outras-proposicoes/aguardando-designacao-de-relator
2025-05-22 02:13:12,800 - P11992 - WARNING - Página muito grande (3.62MB), truncando
2025-05-22 02:13:12,813 - P11992 - INFO - HTML salvo para debug: data\debug_html_v10\feeb717a385f1576ab283ddb14dd7e95.html
2025-05-22 02:13:13,836 - P11992 - INFO - Candidates address: 4 items
2025-05-22 02:13:13,837 - P11992 - INFO - Candidates phone: 0 items
2025-05-22 02:13:13,837 - P11992 - INFO - Candidates email: 0 items
2025-05-22 02:13:13,837 - P11992 - INFO - Candidates complement: 3 items
2025-05-22 02:13:13,837 - P11992 - INFO - Candidates cep: 0 items
2025-05-22 02:13:13,838 - P11992 - INFO - Após processar URL 14 Uso de memória: 119.57 MB
2025-05-22 02:13:13,838 - P11992 - INFO - Processando URL 15/26: https://www.escavador.com/sobre/6024625/joao-maria-correa-filho
2025-05-22 02:13:20,471 - P11992 - INFO - HTML salvo para debug: data\debug_html_v10\0836c0f6ff1aad6d0361ad1d9e928e1c.html
2025-05-22 02:13:20,487 - P11992 - INFO - Candidates address: 0 items
2025-05-22 02:13:20,487 - P11992 - INFO - Candidates phone: 0 items
2025-05-22 02:13:20,487 - P11992 - INFO - Candidates email: 0 items
2025-05-22 02:13:20,487 - P11992 - INFO - Candidates complement: 0 items
2025-05-22 02:13:20,488 - P11992 - INFO - Candidates cep: 0 items
2025-05-22 02:13:20,488 - P11992 - INFO - Após processar URL 15 Uso de memória: 113.64 MB
2025-05-22 02:13:20,489 - P11992 - INFO - Processando URL 16/26: https://sigaa.ufpi.br/sigaa/public/docente/portal.jsf?siape=2140796
2025-05-22 02:13:23,883 - P11992 - INFO - HTML salvo para debug: data\debug_html_v10\8f791d04c3f1c60b0030cd66d5608428.html
2025-05-22 02:13:23,887 - P11992 - INFO - Candidates address: 0 items
2025-05-22 02:13:23,887 - P11992 - INFO - Candidates phone: 1 items
2025-05-22 02:13:23,888 - P11992 - INFO - Candidates email: 1 items
2025-05-22 02:13:23,888 - P11992 - INFO - Candidates complement: 1 items
2025-05-22 02:13:23,888 - P11992 - INFO - Candidates cep: 1 items
2025-05-22 02:13:23,888 - P11992 - INFO - Após processar URL 16 Uso de memória: 113.66 MB
2025-05-22 02:13:23,888 - P11992 - INFO - Processando URL 17/26: https://www.mpmg.mp.br/diariooficial/DO-20180412.PDF
2025-05-22 02:13:23,888 - P11992 - INFO - Ignorando URL de arquivo não-HTML: https://www.mpmg.mp.br/diariooficial/DO-20180412.PDF
2025-05-22 02:13:23,888 - P11992 - INFO - Após processar URL 17 Uso de memória: 113.66 MB
2025-05-22 02:13:23,889 - P11992 - INFO - Processando URL 18/26: https://licitacoes.saojoaodospatos.ma.gov.br/wp-content/uploads/2022/09/HABILITACAO-NEW-LIFE-COMERCIO-DE-MEDICAMENTOS-EIRELI.pdf
2025-05-22 02:13:23,889 - P11992 - INFO - Ignorando URL de arquivo não-HTML: https://licitacoes.saojoaodospatos.ma.gov.br/wp-content/uploads/2022/09/HABILITACAO-NEW-LIFE-COMERCIO-DE-MEDICAMENTOS-EIRELI.pdf
2025-05-22 02:13:23,889 - P11992 - INFO - Após processar URL 18 Uso de memória: 113.66 MB
2025-05-22 02:13:23,889 - P11992 - INFO - Processando URL 19/26: https://crmvirtual.cfm.org.br/PI/servico/pesquisar-por-medico
2025-05-22 02:13:26,390 - P11992 - INFO - HTML salvo para debug: data\debug_html_v10\b1bc137fa223ba15847a27d48426df6b.html
2025-05-22 02:13:26,399 - P11992 - INFO - Candidates address: 0 items
2025-05-22 02:13:26,399 - P11992 - INFO - Candidates phone: 1 items
2025-05-22 02:13:26,399 - P11992 - INFO - Candidates email: 1 items
2025-05-22 02:13:26,399 - P11992 - INFO - Candidates complement: 0 items
2025-05-22 02:13:26,400 - P11992 - INFO - Candidates cep: 1 items
2025-05-22 02:13:26,400 - P11992 - INFO - Após processar URL 19 Uso de memória: 113.73 MB
2025-05-22 02:13:26,400 - P11992 - INFO - Processando URL 20/26: https://www.portaltransparencia.gov.br/pessoa-fisica/busca/lista
2025-05-22 02:13:30,058 - P11992 - INFO - HTML salvo para debug: data\debug_html_v10\e200cdf64b71d4c9248718dd155b3edb.html
2025-05-22 02:13:30,095 - P11992 - INFO - Candidates address: 0 items
2025-05-22 02:13:30,095 - P11992 - INFO - Candidates phone: 0 items
2025-05-22 02:13:30,096 - P11992 - INFO - Candidates email: 0 items
2025-05-22 02:13:30,096 - P11992 - INFO - Candidates complement: 0 items
2025-05-22 02:13:30,096 - P11992 - INFO - Candidates cep: 0 items
2025-05-22 02:13:30,096 - P11992 - INFO - Após processar URL 20 Uso de memória: 113.76 MB
2025-05-22 02:13:30,096 - P11992 - INFO - Processando URL 21/26: https://diario.oab.org.br/assets/diarios/diario-eletronico-oab-09-05-2025.pdf?p=1746748800094
2025-05-22 02:13:30,096 - P11992 - INFO - Ignorando URL de arquivo não-HTML: https://diario.oab.org.br/assets/diarios/diario-eletronico-oab-09-05-2025.pdf?p=1746748800094
2025-05-22 02:13:30,097 - P11992 - INFO - Após processar URL 21 Uso de memória: 113.76 MB
2025-05-22 02:13:30,097 - P11992 - INFO - Processando URL 22/26: https://www.diario.pi.gov.br/doe/files/diarios/anexo/b5aa1146-e064-49c9-b599-91d3076493b6/DIARIO-OFICIAL-DO-ESTADO-DO-PIAUI-PUBLICACAO-N-58%20(12).pdf
2025-05-22 02:13:30,097 - P11992 - INFO - Ignorando URL de arquivo não-HTML: https://www.diario.pi.gov.br/doe/files/diarios/anexo/b5aa1146-e064-49c9-b599-91d3076493b6/DIARIO-OFICIAL-DO-ESTADO-DO-PIAUI-PUBLICACAO-N-58%20(12).pdf
2025-05-22 02:13:30,097 - P11992 - INFO - Após processar URL 22 Uso de memória: 113.76 MB
2025-05-22 02:13:30,097 - P11992 - INFO - Processando URL 23/26: https://www.serjus.com.br/noticias_antigas/on-line/TJ_AC_abre%20concurso_14_vagas_21_06_2012.pdf
2025-05-22 02:13:30,097 - P11992 - INFO - Ignorando URL de arquivo não-HTML: https://www.serjus.com.br/noticias_antigas/on-line/TJ_AC_abre%20concurso_14_vagas_21_06_2012.pdf
2025-05-22 02:13:30,097 - P11992 - INFO - Após processar URL 23 Uso de memória: 113.76 MB
2025-05-22 02:13:30,098 - P11992 - INFO - Processando URL 24/26: https://www.sigaa.ufpi.br/sigaa/public/docente/portal.jsf?siape=2140796
2025-05-22 02:13:33,368 - P11992 - INFO - HTML salvo para debug: data\debug_html_v10\c8e5318c0a84fd99c90ae4acb5a06f50.html
2025-05-22 02:13:33,372 - P11992 - INFO - Candidates address: 0 items
2025-05-22 02:13:33,372 - P11992 - INFO - Candidates phone: 1 items
2025-05-22 02:13:33,372 - P11992 - INFO - Candidates email: 1 items
2025-05-22 02:13:33,373 - P11992 - INFO - Candidates complement: 1 items
2025-05-22 02:13:33,373 - P11992 - INFO - Candidates cep: 1 items
2025-05-22 02:13:33,373 - P11992 - INFO - Após processar URL 24 Uso de memória: 113.76 MB
2025-05-22 02:13:33,373 - P11992 - INFO - Processando URL 25/26: https://www.luz.mg.gov.br/painel/conteudo/licitacoes/isw_3_58c028df2417edbd6e3e.pdf
2025-05-22 02:13:33,373 - P11992 - INFO - Ignorando URL de arquivo não-HTML: https://www.luz.mg.gov.br/painel/conteudo/licitacoes/isw_3_58c028df2417edbd6e3e.pdf
2025-05-22 02:13:33,373 - P11992 - INFO - Após processar URL 25 Uso de memória: 113.76 MB
2025-05-22 02:13:33,374 - P11992 - INFO - Processando URL 26/26: https://consultacrm.com.br/
2025-05-22 02:13:36,743 - P11992 - INFO - HTML salvo para debug: data\debug_html_v10\65cadeb91ac3713432c21b535990f440.html
2025-05-22 02:13:36,755 - P11992 - INFO - Candidates address: 0 items
2025-05-22 02:13:36,755 - P11992 - INFO - Candidates phone: 0 items
2025-05-22 02:13:36,755 - P11992 - INFO - Candidates email: 0 items
2025-05-22 02:13:36,755 - P11992 - INFO - Candidates complement: 0 items
2025-05-22 02:13:36,755 - P11992 - INFO - Candidates cep: 0 items
2025-05-22 02:13:36,756 - P11992 - INFO - Após processar URL 26 Uso de memória: 113.94 MB
2025-05-22 02:13:36,756 - P11992 - INFO - Iniciando agregação e ranqueamento
2025-05-22 02:13:36,756 - P11992 - INFO - Ranked address: 6 items
2025-05-22 02:13:36,756 - P11992 - INFO - Ranked phone: 2 items
2025-05-22 02:13:36,756 - P11992 - INFO - Ranked email: 5 items
2025-05-22 02:13:36,756 - P11992 - INFO - Ranked complement: 5 items
2025-05-22 02:13:36,757 - P11992 - INFO - Ranked cep: 383 items
2025-05-22 02:13:36,757 - P11992 - INFO - Após agregação Uso de memória: 113.95 MB
2025-05-22 02:13:36,757 - P11992 - INFO - Validando endereço: ['Rua Rafael Rossi–197', 'Rua Rodrigo Coimbra, 1650', 'Avenida de Integração Prefeito Olavo de Matos" o trecho da BR-259']
2025-05-22 02:13:36,758 - P11992 - INFO - Endereço validado: Rua Rafael Rossi–197
2025-05-22 02:13:36,758 - P11992 - INFO - Limpando texto extenso para campo address: Rua Rafael Rossi–197...
2025-05-22 02:13:36,758 - P11992 - INFO - Texto limpo: Rua Rafael Rossi–197
2025-05-22 02:13:36,758 - P11992 - INFO - Validando telefone: ['(86) 3215-1124', '(86)3216-6100']
2025-05-22 02:13:36,758 - P11992 - INFO - Limpando texto extenso para campo phone: (86) 3215-1124...
2025-05-22 02:13:36,758 - P11992 - INFO - Texto limpo: 86) 3215-1124
2025-05-22 02:13:36,759 - P11992 - INFO - Telefone validado: 86) 3215-1124
2025-05-22 02:13:36,759 - P11992 - INFO - Validando email: ['atendimento@crmpi.org.br', 'jmcorreaf@hotmail.com', 'f209.concursos@fatec.sp.gov.br']
2025-05-22 02:13:36,759 - P11992 - INFO - Limpando texto extenso para campo email: atendimento@crmpi.org.br...
2025-05-22 02:13:36,760 - P11992 - INFO - Texto limpo: atendimento@crmpi.org.br
2025-05-22 02:13:36,760 - P11992 - INFO - Email validado: atendimento@crmpi.org.br
2025-05-22 02:13:36,760 - P11992 - INFO - Validando complemento: ['Sala  ', 'Conjunto D', 'Conjunto Serro Azul']
2025-05-22 02:13:36,760 - P11992 - INFO - Limpando texto extenso para campo complement: Sala  ...
2025-05-22 02:13:36,760 - P11992 - INFO - Texto limpo: Sala
2025-05-22 02:13:36,761 - P11992 - INFO - Complemento validado: Sala
2025-05-22 02:13:36,761 - P11992 - INFO - Descobrindo cidade
2025-05-22 02:13:36,761 - P11992 - INFO - Buscando cidade: Rua Rafael Rossi–197 cidade PI
2025-05-22 02:13:39,384 - P11992 - WARNING - Cidade não encontrada
2025-05-22 02:13:39,384 - P11992 - INFO - Cidade descoberta: 
2025-05-22 02:13:39,385 - P11992 - INFO - Tempo de execução de processamento completo do médico: 63.59 segundos
2025-05-22 02:13:39,385 - P11992 - INFO - Resultado processado: {'Hash': 'cddac972207d98ed97a32c10c0d8106c7c9371d3b3b280d44c67adc6ed810064', 'CRM': '5421', 'UF': 'PI', 'Firstname': 'JOÃO', 'LastName': 'MARIA CORRÊA FILHO', 'Medical specialty': '', 'Endereco Completo A1': 'Rua Rafael Rossi–197', 'Address A1': 'Rua Rafael Rossi–197', 'Numero A1': '', 'Complement A1': 'Sala', 'Bairro A1': '', 'postal code A1': '', 'City A1': '', 'State A1': '', 'Phone A1': '86) 3215-1124', 'Phone A2': '', 'Cell phone A1': '', 'Cell phone A2': '', 'E-mail A1': 'atendimento@crmpi.org.br', 'E-mail A2': '', 'OPT-IN': '', 'STATUS': '', 'LOTE': ''}
2025-05-22 02:13:39,386 - P11992 - INFO - Progresso: 20.1%
2025-05-22 02:13:39,386 - P11992 - INFO - Tempo de execução de processamento do médico 2: 63.60 segundos
2025-05-22 02:13:39,386 - P11992 - INFO - 
==================================================
Processando médico 3/3
2025-05-22 02:13:39,386 - P11992 - INFO - Nome: JULIANA SILVA RODRIGUES
2025-05-22 02:13:39,386 - P11992 - INFO - Início do processamento Uso de memória: 107.78 MB
2025-05-22 02:13:39,387 - P11992 - INFO - Iniciando busca para: JULIANA SILVA RODRIGUES CRM 8090 PI telefone e-mail endereço
2025-05-22 02:13:40,347 - P11992 - INFO - SearX results: 14 URLs
2025-05-22 02:13:40,348 - P11992 - INFO - Após SearX Uso de memória: 107.79 MB
2025-05-22 02:13:42,903 - P11992 - INFO - Google results: 10 URLs
2025-05-22 02:13:42,903 - P11992 - INFO - Após Google Uso de memória: 111.20 MB
2025-05-22 02:13:45,378 - P11992 - INFO - Bing results: 15 URLs
2025-05-22 02:13:45,379 - P11992 - INFO - Após Bing Uso de memória: 112.96 MB
2025-05-22 02:13:45,379 - P11992 - INFO - Total de URLs únicas: 31
2025-05-22 02:13:45,379 - P11992 - INFO - Processando URL 1/31: https://www.consultacrm.com.br/index/contato
2025-05-22 02:13:50,146 - P11992 - INFO - HTML salvo para debug: data\debug_html_v10\770622092e11df0ef8d0ed5d383f74a3.html
2025-05-22 02:13:50,157 - P11992 - INFO - Candidates address: 0 items
2025-05-22 02:13:50,157 - P11992 - INFO - Candidates phone: 0 items
2025-05-22 02:13:50,157 - P11992 - INFO - Candidates email: 0 items
2025-05-22 02:13:50,157 - P11992 - INFO - Candidates complement: 0 items
2025-05-22 02:13:50,158 - P11992 - INFO - Candidates cep: 0 items
2025-05-22 02:13:50,158 - P11992 - INFO - Após processar URL 1 Uso de memória: 115.03 MB
2025-05-22 02:13:50,158 - P11992 - INFO - Processando URL 2/31: https://crmpi.org.br/busca-medicos
2025-05-22 02:13:52,831 - P11992 - INFO - HTML salvo para debug: data\debug_html_v10\00353e7e60623b9c6fdbcf6e4e78a3d6.html
2025-05-22 02:13:52,869 - P11992 - INFO - Candidates address: 0 items
2025-05-22 02:13:52,869 - P11992 - INFO - Candidates phone: 0 items
2025-05-22 02:13:52,870 - P11992 - INFO - Candidates email: 1 items
2025-05-22 02:13:52,870 - P11992 - INFO - Candidates complement: 0 items
2025-05-22 02:13:52,870 - P11992 - INFO - Candidates cep: 1 items
2025-05-22 02:13:52,871 - P11992 - INFO - Após processar URL 2 Uso de memória: 115.08 MB
2025-05-22 02:13:52,871 - P11992 - INFO - Processando URL 3/31: https://www.ampe-med.com/site/buscarmedicos.php
2025-05-22 02:13:57,308 - P11992 - INFO - HTML salvo para debug: data\debug_html_v10\17bee1c509801e31ab3458fb69cc1424.html
2025-05-22 02:13:58,088 - P11992 - INFO - Candidates address: 1 items
2025-05-22 02:13:58,089 - P11992 - INFO - Candidates phone: 0 items
2025-05-22 02:13:58,089 - P11992 - INFO - Candidates email: 2 items
2025-05-22 02:13:58,090 - P11992 - INFO - Candidates complement: 0 items
2025-05-22 02:13:58,092 - P11992 - INFO - Candidates cep: 2 items
2025-05-22 02:13:58,093 - P11992 - INFO - Após processar URL 3 Uso de memória: 117.12 MB
2025-05-22 02:13:58,094 - P11992 - INFO - Processando URL 4/31: https://wwa.tjto.jus.br/diario/diariopublicado/1874.pdf
2025-05-22 02:13:58,098 - P11992 - INFO - Ignorando URL de arquivo não-HTML: https://wwa.tjto.jus.br/diario/diariopublicado/1874.pdf
2025-05-22 02:13:58,102 - P11992 - INFO - Após processar URL 4 Uso de memória: 115.30 MB
2025-05-22 02:13:58,104 - P11992 - INFO - Processando URL 5/31: https://diariooficial.santos.sp.gov.br/edicoes/inicio/download/2017-12-19
2025-05-22 02:14:00,257 - P11992 - INFO - HTML salvo para debug: data\debug_html_v10\4bdb0db4beb2b45301b4384d27baf513.html
2025-05-22 02:14:00,258 - P11992 - INFO - Candidates address: 0 items
2025-05-22 02:14:00,258 - P11992 - INFO - Candidates phone: 0 items
2025-05-22 02:14:00,259 - P11992 - INFO - Candidates email: 0 items
2025-05-22 02:14:00,259 - P11992 - INFO - Candidates complement: 0 items
2025-05-22 02:14:00,259 - P11992 - INFO - Candidates cep: 0 items
2025-05-22 02:14:00,259 - P11992 - INFO - Após processar URL 5 Uso de memória: 115.30 MB
2025-05-22 02:14:00,259 - P11992 - INFO - Processando URL 6/31: https://portal.cfm.org.br/busca-medicos
2025-05-22 02:14:03,599 - P11992 - INFO - HTML salvo para debug: data\debug_html_v10\e28ae84aaa177d1328f3a0d1fb68449f.html
2025-05-22 02:14:03,639 - P11992 - INFO - Candidates address: 0 items
2025-05-22 02:14:03,645 - P11992 - INFO - Candidates phone: 0 items
2025-05-22 02:14:03,645 - P11992 - INFO - Candidates email: 1 items
2025-05-22 02:14:03,646 - P11992 - INFO - Candidates complement: 1 items
2025-05-22 02:14:03,646 - P11992 - INFO - Candidates cep: 1 items
2025-05-22 02:14:03,646 - P11992 - INFO - Após processar URL 6 Uso de memória: 115.31 MB
2025-05-22 02:14:03,648 - P11992 - INFO - Processando URL 7/31: https://osasco.sp.gov.br/site/wp-content/uploads/2017/03/httposasco.sp_.gov_.brcompsec1atosEd1332.pdf
2025-05-22 02:14:03,649 - P11992 - INFO - Ignorando URL de arquivo não-HTML: https://osasco.sp.gov.br/site/wp-content/uploads/2017/03/httposasco.sp_.gov_.brcompsec1atosEd1332.pdf
2025-05-22 02:14:03,650 - P11992 - INFO - Após processar URL 7 Uso de memória: 115.31 MB
2025-05-22 02:14:03,650 - P11992 - INFO - Processando URL 8/31: https://osasco.sp.gov.br/site/wp-content/uploads/2015/07/httposasco.sp_.gov_.brcompsec1atosEd1156.pdf
2025-05-22 02:14:03,652 - P11992 - INFO - Ignorando URL de arquivo não-HTML: https://osasco.sp.gov.br/site/wp-content/uploads/2015/07/httposasco.sp_.gov_.brcompsec1atosEd1156.pdf
2025-05-22 02:14:03,653 - P11992 - INFO - Após processar URL 8 Uso de memória: 115.31 MB
2025-05-22 02:14:03,654 - P11992 - INFO - Processando URL 9/31: https://www.consultacrm.com.br/index/profissionais
2025-05-22 02:14:07,974 - P11992 - INFO - HTML salvo para debug: data\debug_html_v10\ca7ac6c4b85cee4a2c1da9949f895117.html
2025-05-22 02:14:07,985 - P11992 - INFO - Candidates address: 0 items
2025-05-22 02:14:07,985 - P11992 - INFO - Candidates phone: 0 items
2025-05-22 02:14:07,985 - P11992 - INFO - Candidates email: 0 items
2025-05-22 02:14:07,986 - P11992 - INFO - Candidates complement: 0 items
2025-05-22 02:14:07,986 - P11992 - INFO - Candidates cep: 0 items
2025-05-22 02:14:07,986 - P11992 - INFO - Após processar URL 9 Uso de memória: 115.40 MB
2025-05-22 02:14:07,986 - P11992 - INFO - Processando URL 10/31: https://www.tjpi.jus.br/diarioeletronico/public/dj170516_8207.pdf
2025-05-22 02:14:07,987 - P11992 - INFO - Ignorando URL de arquivo não-HTML: https://www.tjpi.jus.br/diarioeletronico/public/dj170516_8207.pdf
2025-05-22 02:14:07,987 - P11992 - INFO - Após processar URL 10 Uso de memória: 115.40 MB
2025-05-22 02:14:07,987 - P11992 - INFO - Processando URL 11/31: https://www.medicosbrasil.com/profissional/juliana-silva-rodrigues
2025-05-22 02:14:10,203 - P11992 - INFO - HTML salvo para debug: data\debug_html_v10\075658396541b7b5e956ae5cd5807ee5.html
2025-05-22 02:14:10,205 - P11992 - INFO - Candidates address: 0 items
2025-05-22 02:14:10,206 - P11992 - INFO - Candidates phone: 0 items
2025-05-22 02:14:10,206 - P11992 - INFO - Candidates email: 0 items
2025-05-22 02:14:10,206 - P11992 - INFO - Candidates complement: 0 items
2025-05-22 02:14:10,206 - P11992 - INFO - Candidates cep: 0 items
2025-05-22 02:14:10,206 - P11992 - INFO - Após processar URL 11 Uso de memória: 115.42 MB
2025-05-22 02:14:10,207 - P11992 - INFO - Processando URL 12/31: https://www.ioepa.com.br/pages/2023/2023.04.04.DOE.pdf
2025-05-22 02:14:10,207 - P11992 - INFO - Ignorando URL de arquivo não-HTML: https://www.ioepa.com.br/pages/2023/2023.04.04.DOE.pdf
2025-05-22 02:14:10,207 - P11992 - INFO - Após processar URL 12 Uso de memória: 115.42 MB
2025-05-22 02:14:10,208 - P11992 - INFO - Processando URL 13/31: https://www.spdo.ms.gov.br/diariodoe/Index/Download/DO9243_06_09_2016
2025-05-22 02:14:12,776 - P11992 - INFO - HTML salvo para debug: data\debug_html_v10\4afbac58a8480592372056c87a9a1487.html
2025-05-22 02:14:12,777 - P11992 - INFO - Candidates address: 0 items
2025-05-22 02:14:12,777 - P11992 - INFO - Candidates phone: 0 items
2025-05-22 02:14:12,777 - P11992 - INFO - Candidates email: 0 items
2025-05-22 02:14:12,777 - P11992 - INFO - Candidates complement: 0 items
2025-05-22 02:14:12,777 - P11992 - INFO - Candidates cep: 0 items
2025-05-22 02:14:12,778 - P11992 - INFO - Após processar URL 13 Uso de memória: 115.42 MB
2025-05-22 02:14:12,778 - P11992 - INFO - Processando URL 14/31: https://diariooficial.guarulhos.sp.gov.br/uploads/pdf/1551099426.pdf
2025-05-22 02:14:12,778 - P11992 - INFO - Ignorando URL de arquivo não-HTML: https://diariooficial.guarulhos.sp.gov.br/uploads/pdf/1551099426.pdf
2025-05-22 02:14:12,778 - P11992 - INFO - Após processar URL 14 Uso de memória: 115.42 MB
2025-05-22 02:14:12,778 - P11992 - INFO - Processando URL 15/31: https://consultasaj.tjam.jus.br/cdje/downloadCaderno.do?dtDiario=18/02/2013&cdCaderno=2
2025-05-22 02:14:15,082 - P11992 - INFO - HTML salvo para debug: data\debug_html_v10\02ecf273fdcf832f7f63bb26655556ca.html
2025-05-22 02:14:15,082 - P11992 - INFO - Candidates address: 0 items
2025-05-22 02:14:15,082 - P11992 - INFO - Candidates phone: 0 items
2025-05-22 02:14:15,083 - P11992 - INFO - Candidates email: 0 items
2025-05-22 02:14:15,083 - P11992 - INFO - Candidates complement: 0 items
2025-05-22 02:14:15,083 - P11992 - INFO - Candidates cep: 0 items
2025-05-22 02:14:15,083 - P11992 - INFO - Após processar URL 15 Uso de memória: 115.42 MB
2025-05-22 02:14:15,083 - P11992 - INFO - Processando URL 16/31: https://www.consultacrm.com.br/index/maisvistos
2025-05-22 02:14:18,044 - P11992 - INFO - HTML salvo para debug: data\debug_html_v10\9a17d88beef1266c6e4649221409a571.html
2025-05-22 02:14:18,054 - P11992 - INFO - Candidates address: 0 items
2025-05-22 02:14:18,058 - P11992 - INFO - Candidates phone: 0 items
2025-05-22 02:14:18,060 - P11992 - INFO - Candidates email: 0 items
2025-05-22 02:14:18,061 - P11992 - INFO - Candidates complement: 0 items
2025-05-22 02:14:18,062 - P11992 - INFO - Candidates cep: 0 items
2025-05-22 02:14:18,062 - P11992 - INFO - Após processar URL 16 Uso de memória: 115.43 MB
2025-05-22 02:14:18,062 - P11992 - INFO - Processando URL 17/31: https://www.consultacrm.com.br/index/api
2025-05-22 02:14:21,452 - P11992 - INFO - HTML salvo para debug: data\debug_html_v10\a1f22ffdf7e0eb1c02e28e1e38d3db87.html
2025-05-22 02:14:21,464 - P11992 - INFO - Candidates address: 0 items
2025-05-22 02:14:21,465 - P11992 - INFO - Candidates phone: 0 items
2025-05-22 02:14:21,465 - P11992 - INFO - Candidates email: 0 items
2025-05-22 02:14:21,465 - P11992 - INFO - Candidates complement: 0 items
2025-05-22 02:14:21,466 - P11992 - INFO - Candidates cep: 0 items
2025-05-22 02:14:21,466 - P11992 - INFO - Após processar URL 17 Uso de memória: 116.11 MB
2025-05-22 02:14:21,466 - P11992 - INFO - Processando URL 18/31: https://crmvirtual.cfm.org.br/PI/servico/pesquisar-por-medico
2025-05-22 02:14:23,953 - P11992 - INFO - HTML salvo para debug: data\debug_html_v10\b1bc137fa223ba15847a27d48426df6b.html
2025-05-22 02:14:23,966 - P11992 - INFO - Candidates address: 0 items
2025-05-22 02:14:23,966 - P11992 - INFO - Candidates phone: 1 items
2025-05-22 02:14:23,966 - P11992 - INFO - Candidates email: 1 items
2025-05-22 02:14:23,967 - P11992 - INFO - Candidates complement: 0 items
2025-05-22 02:14:23,967 - P11992 - INFO - Candidates cep: 1 items
2025-05-22 02:14:23,967 - P11992 - INFO - Após processar URL 18 Uso de memória: 116.14 MB
2025-05-22 02:14:23,967 - P11992 - INFO - Processando URL 19/31: https://pbqp-h.mdr.gov.br/wp-content/uploads/2021/12/Empresas-Certificadas-setembro-2021-ate-30-12-2021-xlsx-v1-Planilha1.csv
2025-05-22 02:14:23,967 - P11992 - INFO - Ignorando URL de arquivo não-HTML: https://pbqp-h.mdr.gov.br/wp-content/uploads/2021/12/Empresas-Certificadas-setembro-2021-ate-30-12-2021-xlsx-v1-Planilha1.csv
2025-05-22 02:14:23,967 - P11992 - INFO - Após processar URL 19 Uso de memória: 116.14 MB
2025-05-22 02:14:23,968 - P11992 - INFO - Processando URL 20/31: https://crmvirtual.cfm.org.br/PI/servico/pesquisar-por-estabelecimento-de-saude
2025-05-22 02:14:26,306 - P11992 - INFO - HTML salvo para debug: data\debug_html_v10\623e2545816f35821b6f75c7aab57c4b.html
2025-05-22 02:14:26,319 - P11992 - INFO - Candidates address: 0 items
2025-05-22 02:14:26,319 - P11992 - INFO - Candidates phone: 1 items
2025-05-22 02:14:26,320 - P11992 - INFO - Candidates email: 0 items
2025-05-22 02:14:26,320 - P11992 - INFO - Candidates complement: 0 items
2025-05-22 02:14:26,321 - P11992 - INFO - Candidates cep: 0 items
2025-05-22 02:14:26,321 - P11992 - INFO - Após processar URL 20 Uso de memória: 116.14 MB
2025-05-22 02:14:26,321 - P11992 - INFO - Processando URL 21/31: https://www.portaltransparencia.gov.br/pessoa-fisica/busca/lista
2025-05-22 02:14:29,257 - P11992 - INFO - HTML salvo para debug: data\debug_html_v10\e200cdf64b71d4c9248718dd155b3edb.html
2025-05-22 02:14:29,297 - P11992 - INFO - Candidates address: 0 items
2025-05-22 02:14:29,297 - P11992 - INFO - Candidates phone: 0 items
2025-05-22 02:14:29,299 - P11992 - INFO - Candidates email: 0 items
2025-05-22 02:14:29,299 - P11992 - INFO - Candidates complement: 0 items
2025-05-22 02:14:29,299 - P11992 - INFO - Candidates cep: 0 items
2025-05-22 02:14:29,299 - P11992 - INFO - Após processar URL 21 Uso de memória: 116.15 MB
2025-05-22 02:14:29,300 - P11992 - INFO - Processando URL 22/31: https://www.igepps.pa.gov.br/sites/default/files/2024.04.25.DOE.pdf
2025-05-22 02:14:29,300 - P11992 - INFO - Ignorando URL de arquivo não-HTML: https://www.igepps.pa.gov.br/sites/default/files/2024.04.25.DOE.pdf
2025-05-22 02:14:29,300 - P11992 - INFO - Após processar URL 22 Uso de memória: 116.15 MB
2025-05-22 02:14:29,300 - P11992 - INFO - Processando URL 23/31: https://www.consultacrm.com.br/index/sis_login
2025-05-22 02:14:32,971 - P11992 - INFO - HTML salvo para debug: data\debug_html_v10\e56926aa25e0582d5c5b8aa167ed4b53.html
2025-05-22 02:14:32,982 - P11992 - INFO - Candidates address: 0 items
2025-05-22 02:14:32,982 - P11992 - INFO - Candidates phone: 0 items
2025-05-22 02:14:32,982 - P11992 - INFO - Candidates email: 0 items
2025-05-22 02:14:32,983 - P11992 - INFO - Candidates complement: 0 items
2025-05-22 02:14:32,983 - P11992 - INFO - Candidates cep: 0 items
2025-05-22 02:14:32,983 - P11992 - INFO - Após processar URL 23 Uso de memória: 116.15 MB
2025-05-22 02:14:32,983 - P11992 - INFO - Processando URL 24/31: http://www.diariooficial.pi.gov.br/diario/202011/DIARIO25_d171d1bc9c.pdf
2025-05-22 02:14:32,984 - P11992 - INFO - Ignorando URL de arquivo não-HTML: http://www.diariooficial.pi.gov.br/diario/202011/DIARIO25_d171d1bc9c.pdf
2025-05-22 02:14:32,984 - P11992 - INFO - Após processar URL 24 Uso de memória: 116.15 MB
2025-05-22 02:14:32,984 - P11992 - INFO - Processando URL 25/31: https://www.consultacrm.com.br/?uf=SP
2025-05-22 02:14:36,558 - P11992 - INFO - HTML salvo para debug: data\debug_html_v10\60d20285cf74ceed0f862951f9b2b598.html
2025-05-22 02:14:36,570 - P11992 - INFO - Candidates address: 0 items
2025-05-22 02:14:36,570 - P11992 - INFO - Candidates phone: 0 items
2025-05-22 02:14:36,570 - P11992 - INFO - Candidates email: 0 items
2025-05-22 02:14:36,570 - P11992 - INFO - Candidates complement: 0 items
2025-05-22 02:14:36,571 - P11992 - INFO - Candidates cep: 0 items
2025-05-22 02:14:36,571 - P11992 - INFO - Após processar URL 25 Uso de memória: 116.20 MB
2025-05-22 02:14:36,571 - P11992 - INFO - Processando URL 26/31: https://www.consultacrm.com.br/index/especialidades
2025-05-22 02:14:38,644 - P11992 - INFO - HTML salvo para debug: data\debug_html_v10\3cb327d5e0f962fa7a1db5a948fb6f40.html
2025-05-22 02:14:38,761 - P11992 - INFO - Candidates address: 0 items
2025-05-22 02:14:38,762 - P11992 - INFO - Candidates phone: 0 items
2025-05-22 02:14:38,762 - P11992 - INFO - Candidates email: 0 items
2025-05-22 02:14:38,762 - P11992 - INFO - Candidates complement: 0 items
2025-05-22 02:14:38,762 - P11992 - INFO - Candidates cep: 0 items
2025-05-22 02:14:38,762 - P11992 - INFO - Após processar URL 26 Uso de memória: 116.22 MB
2025-05-22 02:14:38,762 - P11992 - INFO - Processando URL 27/31: https://www.mpc.pr.gov.br/wp-content/uploads/2021/04/Representacao-630200-18-Dois-Vizinhos.pdf
2025-05-22 02:14:38,763 - P11992 - INFO - Ignorando URL de arquivo não-HTML: https://www.mpc.pr.gov.br/wp-content/uploads/2021/04/Representacao-630200-18-Dois-Vizinhos.pdf
2025-05-22 02:14:38,763 - P11992 - INFO - Após processar URL 27 Uso de memória: 116.22 MB
2025-05-22 02:14:38,763 - P11992 - INFO - Processando URL 28/31: https://www.tjpi.jus.br/diarioeletronico/public/dj191129_8805.pdf
2025-05-22 02:14:38,763 - P11992 - INFO - Ignorando URL de arquivo não-HTML: https://www.tjpi.jus.br/diarioeletronico/public/dj191129_8805.pdf
2025-05-22 02:14:38,763 - P11992 - INFO - Após processar URL 28 Uso de memória: 116.22 MB
2025-05-22 02:14:38,763 - P11992 - INFO - Processando URL 29/31: https://www.boaconsulta.com/especialista/juliana-silva-rodrigues-61060a20a2e00a7b440038b0
2025-05-22 02:14:41,734 - P11992 - INFO - HTML salvo para debug: data\debug_html_v10\f9adad776d1a63f6b502f88256462fb2.html
2025-05-22 02:14:41,816 - P11992 - INFO - Candidates address: 1 items
2025-05-22 02:14:41,816 - P11992 - INFO - Candidates phone: 0 items
2025-05-22 02:14:41,816 - P11992 - INFO - Candidates email: 0 items
2025-05-22 02:14:41,816 - P11992 - INFO - Candidates complement: 0 items
2025-05-22 02:14:41,816 - P11992 - INFO - Candidates cep: 0 items
2025-05-22 02:14:41,816 - P11992 - INFO - Após processar URL 29 Uso de memória: 116.92 MB
2025-05-22 02:14:41,817 - P11992 - INFO - Processando URL 30/31: https://web.trf3.jus.br/diario/consulta/BaixarPdf/15497
2025-05-22 02:14:43,942 - P11992 - INFO - HTML salvo para debug: data\debug_html_v10\ecffe6f9e6ced80bc379e5531c1ad7e7.html
2025-05-22 02:14:44,014 - P11992 - INFO - Candidates address: 1 items
2025-05-22 02:14:44,015 - P11992 - INFO - Candidates phone: 0 items
2025-05-22 02:14:44,015 - P11992 - INFO - Candidates email: 0 items
2025-05-22 02:14:44,015 - P11992 - INFO - Candidates complement: 0 items
2025-05-22 02:14:44,015 - P11992 - INFO - Candidates cep: 0 items
2025-05-22 02:14:44,015 - P11992 - INFO - Após processar URL 30 Uso de memória: 117.66 MB
2025-05-22 02:14:44,016 - P11992 - INFO - Processando URL 31/31: https://consultacrm.com.br/
2025-05-22 02:14:47,658 - P11992 - INFO - HTML salvo para debug: data\debug_html_v10\65cadeb91ac3713432c21b535990f440.html
2025-05-22 02:14:47,670 - P11992 - INFO - Candidates address: 0 items
2025-05-22 02:14:47,670 - P11992 - INFO - Candidates phone: 0 items
2025-05-22 02:14:47,670 - P11992 - INFO - Candidates email: 0 items
2025-05-22 02:14:47,670 - P11992 - INFO - Candidates complement: 0 items
2025-05-22 02:14:47,671 - P11992 - INFO - Candidates cep: 0 items
2025-05-22 02:14:47,671 - P11992 - INFO - Após processar URL 31 Uso de memória: 116.17 MB
2025-05-22 02:14:47,671 - P11992 - INFO - Iniciando agregação e ranqueamento
2025-05-22 02:14:47,671 - P11992 - INFO - Ranked address: 2 items
2025-05-22 02:14:47,671 - P11992 - INFO - Ranked phone: 1 items
2025-05-22 02:14:47,671 - P11992 - INFO - Ranked email: 4 items
2025-05-22 02:14:47,672 - P11992 - INFO - Ranked complement: 1 items
2025-05-22 02:14:47,672 - P11992 - INFO - Ranked cep: 5 items
2025-05-22 02:14:47,672 - P11992 - INFO - Após agregação Uso de memória: 116.17 MB
2025-05-22 02:14:47,672 - P11992 - INFO - Validando endereço: ['Rua Marechal Deodoro, 341', 'Rua Oswaldo Cruz, 393']
2025-05-22 02:14:47,672 - P11992 - INFO - Endereço validado: Rua Marechal Deodoro, 341
2025-05-22 02:14:47,672 - P11992 - INFO - Limpando texto extenso para campo address: Rua Marechal Deodoro, 341...
2025-05-22 02:14:47,673 - P11992 - INFO - Texto limpo: Rua Marechal Deodoro, 341
2025-05-22 02:14:47,673 - P11992 - INFO - Validando telefone: ['(86)3216-6100']
2025-05-22 02:14:47,673 - P11992 - INFO - Limpando texto extenso para campo phone: (86)3216-6100...
2025-05-22 02:14:47,673 - P11992 - INFO - Texto limpo: 86)3216-6100
2025-05-22 02:14:47,673 - P11992 - INFO - Telefone validado: 86)3216-6100
2025-05-22 02:14:47,674 - P11992 - INFO - Validando email: ['atendimento@crmpi.org.br', 'somepe.ampe@hotmail.com', 'comunica@ampe-med.com']
2025-05-22 02:14:47,674 - P11992 - INFO - Limpando texto extenso para campo email: atendimento@crmpi.org.br...
2025-05-22 02:14:47,674 - P11992 - INFO - Texto limpo: atendimento@crmpi.org.br
2025-05-22 02:14:47,674 - P11992 - INFO - Email validado: atendimento@crmpi.org.br
2025-05-22 02:14:47,674 - P11992 - INFO - Validando complemento: ['Conjunto D']
2025-05-22 02:14:47,674 - P11992 - INFO - Limpando texto extenso para campo complement: Conjunto D...
2025-05-22 02:14:47,675 - P11992 - INFO - Texto limpo: Conjunto D
2025-05-22 02:14:47,675 - P11992 - INFO - Complemento validado: Conjunto D
2025-05-22 02:14:47,675 - P11992 - INFO - Descobrindo cidade
2025-05-22 02:14:47,675 - P11992 - INFO - Buscando cidade: Rua Marechal Deodoro cidade PI
2025-05-22 02:14:50,312 - P11992 - INFO - Cidade encontrada: Parnaíba
2025-05-22 02:14:50,312 - P11992 - INFO - Limpando texto extenso para campo city: Parnaíba...
2025-05-22 02:14:50,312 - P11992 - INFO - Texto limpo: Parnaíba
2025-05-22 02:14:50,312 - P11992 - INFO - Cidade descoberta: Parnaíba
2025-05-22 02:14:50,313 - P11992 - INFO - Buscando CEP com sistema de cascata
2025-05-22 02:14:50,313 - P11992 - INFO - Iniciando busca de CEP em cascata para: Rua Marechal Deodoro, Parnaíba, PI
2025-05-22 02:14:50,313 - P11992 - INFO - Método 1: ViaCEP API
2025-05-22 02:14:50,313 - P11992 - INFO - Buscando no ViaCEP: https://viacep.com.br/ws/PI/parnaiba/rua%20marechal%20deodoro/json/
2025-05-22 02:14:50,954 - P11992 - INFO - Dados encontrados no ViaCEP: {'cep': '64200-450', 'logradouro': 'Rua Marechal Deodoro', 'complemento': '', 'unidade': '', 'bairro': 'Centro', 'localidade': 'Parnaíba', 'uf': 'PI', 'estado': 'Piauí', 'regiao': 'Nordeste', 'ibge': '2207702', 'gia': '', 'ddd': '86', 'siafi': '1153'}
2025-05-22 02:14:50,957 - P11992 - INFO - CEP encontrado via ViaCEP: 64200-450
2025-05-22 02:14:50,958 - P11992 - INFO - Dados de CEP encontrados: {'cep': '64200-450', 'logradouro': 'Rua Marechal Deodoro', 'complemento': '', 'unidade': '', 'bairro': 'Centro', 'localidade': 'Parnaíba', 'uf': 'PI', 'estado': 'Piauí', 'regiao': 'Nordeste', 'ibge': '2207702', 'gia': '', 'ddd': '86', 'siafi': '1153'}
2025-05-22 02:14:50,958 - P11992 - INFO - Limpando texto extenso para campo bairro: Centro...
2025-05-22 02:14:50,959 - P11992 - INFO - Texto limpo: Centro
2025-05-22 02:14:50,960 - P11992 - INFO - Limpando texto extenso para campo city: Parnaíba...
2025-05-22 02:14:50,961 - P11992 - INFO - Texto limpo: Parnaíba
2025-05-22 02:14:50,961 - P11992 - INFO - Limpando texto extenso para campo state: PI...
2025-05-22 02:14:50,962 - P11992 - INFO - Texto limpo: PI
2025-05-22 02:14:50,962 - P11992 - INFO - Tempo de execução de processamento completo do médico: 71.58 segundos
2025-05-22 02:14:50,962 - P11992 - INFO - Resultado processado: {'Hash': 'f45970fc4672c594cc14a1a2a25646a46dcfe0f025ece9be87c42a329e84ee3c', 'CRM': '8090', 'UF': 'PI', 'Firstname': 'JULIANA', 'LastName': 'SILVA RODRIGUES', 'Medical specialty': '', 'Endereco Completo A1': 'Rua Marechal Deodoro, 341', 'Address A1': 'Rua Marechal Deodoro', 'Numero A1': '341', 'Complement A1': 'Conjunto D', 'Bairro A1': 'Centro', 'postal code A1': '64200-450', 'City A1': 'Parnaíba', 'State A1': 'PI', 'Phone A1': '86)3216-6100', 'Phone A2': '', 'Cell phone A1': '', 'Cell phone A2': '', 'E-mail A1': 'atendimento@crmpi.org.br', 'E-mail A2': '', 'OPT-IN': '', 'STATUS': '', 'LOTE': ''}
2025-05-22 02:14:50,963 - P11992 - INFO - Salvando lote de resultados
2025-05-22 02:14:50,964 - P11992 - INFO - Após salvar resultados Uso de memória: 109.13 MB
2025-05-22 02:14:50,964 - P11992 - INFO - Progresso: 20.6%
2025-05-22 02:14:50,965 - P11992 - INFO - Tempo de execução de processamento do médico 3: 71.58 segundos
2025-05-22 02:14:50,966 - P11992 - INFO - Tempo de execução de processamento do lote completo: 175.60 segundos
