2025-05-22 01:55:08,682 - P17020 - INFO - 
==================================================
Processando médico 1/3
2025-05-22 01:55:08,683 - P17020 - INFO - Nome: FABIOLA PEREIRA FROTA
2025-05-22 01:55:08,684 - P17020 - INFO - Reiniciando driver do Chrome
2025-05-22 01:55:09,979 - P17020 - INFO - Após reiniciar driver Uso de memória: 126.62 MB
2025-05-22 01:55:09,980 - P17020 - INFO - Início do processamento Uso de memória: 126.62 MB
2025-05-22 01:55:09,980 - P17020 - INFO - Iniciando busca para: FABIOLA PEREIRA FROTA CRM 28349 GO telefone e-mail endereço
2025-05-22 01:55:10,337 - P17020 - INFO - SearX results: 10 URLs
2025-05-22 01:55:10,337 - P17020 - INFO - Após SearX Uso de memória: 126.62 MB
2025-05-22 01:55:13,394 - P17020 - INFO - Google results: 14 URLs
2025-05-22 01:55:13,394 - P17020 - INFO - Após Google Uso de memória: 128.97 MB
2025-05-22 01:55:16,248 - P17020 - INFO - Bing results: 8 URLs
2025-05-22 01:55:16,249 - P17020 - INFO - Após Bing Uso de memória: 130.56 MB
2025-05-22 01:55:16,249 - P17020 - INFO - Total de URLs únicas: 25
2025-05-22 01:55:16,249 - P17020 - INFO - Processando URL 1/25: https://consultadeempresas.com.br/empresa/28122015000222/fabiola-pereira-frota-ltda
2025-05-22 01:55:20,062 - P17020 - INFO - HTML salvo para debug: data\debug_html_v10\7a453af9e10fe06b079c762e85f049f6.html
2025-05-22 01:55:20,077 - P17020 - INFO - Candidates address: 0 items
2025-05-22 01:55:20,077 - P17020 - INFO - Candidates phone: 0 items
2025-05-22 01:55:20,077 - P17020 - INFO - Candidates email: 0 items
2025-05-22 01:55:20,077 - P17020 - INFO - Candidates complement: 0 items
2025-05-22 01:55:20,077 - P17020 - INFO - Candidates cep: 1 items
2025-05-22 01:55:20,078 - P17020 - INFO - Após processar URL 1 Uso de memória: 130.56 MB
2025-05-22 01:55:20,078 - P17020 - INFO - Processando URL 2/25: https://www.esadf.org.br/cms/wp-content/uploads/provimento-no-193-de-2019-do-conselho-federal-da-oab.pdf
2025-05-22 01:55:20,078 - P17020 - INFO - Ignorando URL de arquivo não-HTML: https://www.esadf.org.br/cms/wp-content/uploads/provimento-no-193-de-2019-do-conselho-federal-da-oab.pdf
2025-05-22 01:55:20,078 - P17020 - INFO - Após processar URL 2 Uso de memória: 130.56 MB
2025-05-22 01:55:20,078 - P17020 - INFO - Processando URL 3/25: https://www.descubraonline.com/guia/to/porto-nacional/fabiola-pereira-frota-eireli-28122015000141/
2025-05-22 01:55:25,385 - P17020 - INFO - HTML salvo para debug: data\debug_html_v10\83d70f5f8a4d5e50f4a263a72524fd45.html
2025-05-22 01:55:25,431 - P17020 - INFO - Candidates address: 1 items
2025-05-22 01:55:25,431 - P17020 - INFO - Candidates phone: 1 items
2025-05-22 01:55:25,432 - P17020 - INFO - Candidates email: 1 items
2025-05-22 01:55:25,432 - P17020 - INFO - Candidates complement: 0 items
2025-05-22 01:55:25,432 - P17020 - INFO - Candidates cep: 1 items
2025-05-22 01:55:25,432 - P17020 - INFO - Após processar URL 3 Uso de memória: 130.59 MB
2025-05-22 01:55:25,432 - P17020 - INFO - Processando URL 4/25: https://www.igepps.pa.gov.br/sites/default/files/2023-01/2023.04.04.DOE.pdf
2025-05-22 01:55:25,432 - P17020 - INFO - Ignorando URL de arquivo não-HTML: https://www.igepps.pa.gov.br/sites/default/files/2023-01/2023.04.04.DOE.pdf
2025-05-22 01:55:25,433 - P17020 - INFO - Após processar URL 4 Uso de memória: 130.59 MB
2025-05-22 01:55:25,433 - P17020 - INFO - Processando URL 5/25: https://cnpj.biz/28122015000141
2025-05-22 01:55:29,568 - P17020 - INFO - HTML salvo para debug: data\debug_html_v10\c33e209b3259fe9a7835e3b65677cd7a.html
2025-05-22 01:55:29,583 - P17020 - INFO - Candidates address: 3 items
2025-05-22 01:55:29,583 - P17020 - INFO - Candidates phone: 1 items
2025-05-22 01:55:29,583 - P17020 - INFO - Candidates email: 1 items
2025-05-22 01:55:29,583 - P17020 - INFO - Candidates complement: 0 items
2025-05-22 01:55:29,584 - P17020 - INFO - Candidates cep: 2 items
2025-05-22 01:55:29,584 - P17020 - INFO - Após processar URL 5 Uso de memória: 130.66 MB
2025-05-22 01:55:29,584 - P17020 - INFO - Processando URL 6/25: https://www.medicosbrasil.com/profissional/fabiola-pereira-frota
2025-05-22 01:55:32,842 - P17020 - INFO - HTML salvo para debug: data\debug_html_v10\b92a12fa19e96dec2eba1a699385b93a.html
2025-05-22 01:55:32,867 - P17020 - INFO - Candidates address: 1 items
2025-05-22 01:55:32,867 - P17020 - INFO - Candidates phone: 0 items
2025-05-22 01:55:32,867 - P17020 - INFO - Candidates email: 0 items
2025-05-22 01:55:32,868 - P17020 - INFO - Candidates complement: 0 items
2025-05-22 01:55:32,868 - P17020 - INFO - Candidates cep: 0 items
2025-05-22 01:55:32,868 - P17020 - INFO - Após processar URL 6 Uso de memória: 129.82 MB
2025-05-22 01:55:32,868 - P17020 - INFO - Processando URL 7/25: https://www.ioepa.com.br/pages/2023/2023.04.04.DOE.pdf
2025-05-22 01:55:32,868 - P17020 - INFO - Ignorando URL de arquivo não-HTML: https://www.ioepa.com.br/pages/2023/2023.04.04.DOE.pdf
2025-05-22 01:55:32,869 - P17020 - INFO - Após processar URL 7 Uso de memória: 125.30 MB
2025-05-22 01:55:32,869 - P17020 - INFO - Processando URL 8/25: https://consultacrm.com.br/
2025-05-22 01:55:36,770 - P17020 - INFO - HTML salvo para debug: data\debug_html_v10\65cadeb91ac3713432c21b535990f440.html
2025-05-22 01:55:36,782 - P17020 - INFO - Candidates address: 0 items
2025-05-22 01:55:36,782 - P17020 - INFO - Candidates phone: 0 items
2025-05-22 01:55:36,783 - P17020 - INFO - Candidates email: 0 items
2025-05-22 01:55:36,783 - P17020 - INFO - Candidates complement: 0 items
2025-05-22 01:55:36,784 - P17020 - INFO - Candidates cep: 0 items
2025-05-22 01:55:36,784 - P17020 - INFO - Após processar URL 8 Uso de memória: 129.18 MB
2025-05-22 01:55:36,785 - P17020 - INFO - Processando URL 9/25: https://www.saobernardo.sp.gov.br/documents/10181/735644/NM+2007+de+03.08.2018+-+Conteu%CC%81do+Integral.pdf/73870703-9dcd-74af-cd84-2f23e31a45ad
2025-05-22 01:55:36,786 - P17020 - INFO - Ignorando URL de arquivo não-HTML: https://www.saobernardo.sp.gov.br/documents/10181/735644/NM+2007+de+03.08.2018+-+Conteu%CC%81do+Integral.pdf/73870703-9dcd-74af-cd84-2f23e31a45ad
2025-05-22 01:55:36,791 - P17020 - INFO - Após processar URL 9 Uso de memória: 128.07 MB
2025-05-22 01:55:36,791 - P17020 - INFO - Processando URL 10/25: http://ioepa.com.br/arquivos/2016/2016.11.24.DOE.pdf
2025-05-22 01:55:36,793 - P17020 - INFO - Ignorando URL de arquivo não-HTML: http://ioepa.com.br/arquivos/2016/2016.11.24.DOE.pdf
2025-05-22 01:55:36,795 - P17020 - INFO - Após processar URL 10 Uso de memória: 128.07 MB
2025-05-22 01:55:36,796 - P17020 - INFO - Processando URL 11/25: https://www.saobernardo.sp.gov.br/documents/10181/1598718/NM+2397+de+27.10.2023+-++Conte%C3%BAdo+Integral.pdf/425cb952-73de-cadc-bed9-159ab73e7fbc
2025-05-22 01:55:36,797 - P17020 - INFO - Ignorando URL de arquivo não-HTML: https://www.saobernardo.sp.gov.br/documents/10181/1598718/NM+2397+de+27.10.2023+-++Conte%C3%BAdo+Integral.pdf/425cb952-73de-cadc-bed9-159ab73e7fbc
2025-05-22 01:55:36,798 - P17020 - INFO - Após processar URL 11 Uso de memória: 128.07 MB
2025-05-22 01:55:36,800 - P17020 - INFO - Processando URL 12/25: https://www.saobernardo.sp.gov.br/documents/10181/1598718/NM+2413+de+29.12.2023+-++Conte%C3%BAdo+Integral.pdf/d80e1f6e-225b-8ed5-513c-761ad7fbf74c
2025-05-22 01:55:36,801 - P17020 - INFO - Ignorando URL de arquivo não-HTML: https://www.saobernardo.sp.gov.br/documents/10181/1598718/NM+2413+de+29.12.2023+-++Conte%C3%BAdo+Integral.pdf/d80e1f6e-225b-8ed5-513c-761ad7fbf74c
2025-05-22 01:55:36,801 - P17020 - INFO - Após processar URL 12 Uso de memória: 128.07 MB
2025-05-22 01:55:36,802 - P17020 - INFO - Processando URL 13/25: https://www.consultascnpj.com/fabiola-pereira-frota-ltda/28122015000222
2025-05-22 01:55:40,014 - P17020 - INFO - HTML salvo para debug: data\debug_html_v10\d20044a6ce7614b062bd1293ab471730.html
2025-05-22 01:55:40,024 - P17020 - INFO - Candidates address: 0 items
2025-05-22 01:55:40,024 - P17020 - INFO - Candidates phone: 0 items
2025-05-22 01:55:40,024 - P17020 - INFO - Candidates email: 0 items
2025-05-22 01:55:40,024 - P17020 - INFO - Candidates complement: 0 items
2025-05-22 01:55:40,024 - P17020 - INFO - Candidates cep: 2 items
2025-05-22 01:55:40,025 - P17020 - INFO - Após processar URL 13 Uso de memória: 128.58 MB
2025-05-22 01:55:40,025 - P17020 - INFO - Processando URL 14/25: https://www.econodata.com.br/consulta-empresa/28122015000141-fabiola-pereira-frota-ltda
2025-05-22 01:55:44,910 - P17020 - INFO - HTML salvo para debug: data\debug_html_v10\049d1a70bfe39f3e15d912a1c3a47aaa.html
2025-05-22 01:55:45,046 - P17020 - INFO - Candidates address: 7 items
2025-05-22 01:55:45,047 - P17020 - INFO - Candidates phone: 0 items
2025-05-22 01:55:45,047 - P17020 - INFO - Candidates email: 0 items
2025-05-22 01:55:45,048 - P17020 - INFO - Candidates complement: 0 items
2025-05-22 01:55:45,050 - P17020 - INFO - Candidates cep: 1 items
2025-05-22 01:55:45,061 - P17020 - INFO - Após processar URL 14 Uso de memória: 129.49 MB
2025-05-22 01:55:45,063 - P17020 - INFO - Processando URL 15/25: https://sistemas.trf1.jus.br/edj/bitstream/handle/123/253291/Caderno_JUD_DF_2017-07-25_IX_134.pdf?sequence=2&isAllowed=y
2025-05-22 01:55:45,064 - P17020 - INFO - Ignorando URL de arquivo não-HTML: https://sistemas.trf1.jus.br/edj/bitstream/handle/123/253291/Caderno_JUD_DF_2017-07-25_IX_134.pdf?sequence=2&isAllowed=y
2025-05-22 01:55:45,064 - P17020 - INFO - Após processar URL 15 Uso de memória: 128.67 MB
2025-05-22 01:55:45,065 - P17020 - INFO - Processando URL 16/25: https://www.findhealthclinics.com/BR/Porangatu/102040822911781/Dra-Fabiola-Frota
2025-05-22 01:55:47,584 - P17020 - INFO - HTML salvo para debug: data\debug_html_v10\15a28fe8eab8db72d06ab2aad55fea71.html
2025-05-22 01:55:47,615 - P17020 - INFO - Candidates address: 0 items
2025-05-22 01:55:47,617 - P17020 - INFO - Candidates phone: 1 items
2025-05-22 01:55:47,617 - P17020 - INFO - Candidates email: 0 items
2025-05-22 01:55:47,618 - P17020 - INFO - Candidates complement: 0 items
2025-05-22 01:55:47,618 - P17020 - INFO - Candidates cep: 2 items
2025-05-22 01:55:47,619 - P17020 - INFO - Após processar URL 16 Uso de memória: 130.82 MB
2025-05-22 01:55:47,620 - P17020 - INFO - Processando URL 17/25: https://www.tjpi.jus.br/diarioeletronico/public/dj190301_8621.pdf
2025-05-22 01:55:47,620 - P17020 - INFO - Ignorando URL de arquivo não-HTML: https://www.tjpi.jus.br/diarioeletronico/public/dj190301_8621.pdf
2025-05-22 01:55:47,621 - P17020 - INFO - Após processar URL 17 Uso de memória: 129.65 MB
2025-05-22 01:55:47,621 - P17020 - INFO - Processando URL 18/25: https://www.scribd.com/document/533600651/Medicos-Veterinarios-Cadastrados-14-08-2019-1
2025-05-22 01:55:54,527 - P17020 - WARNING - Página muito grande (3.48MB), truncando
2025-05-22 01:55:54,541 - P17020 - INFO - HTML salvo para debug: data\debug_html_v10\f0f675096b4788f1ae7318afce7784c4.html
2025-05-22 01:55:55,902 - P17020 - INFO - Candidates address: 0 items
2025-05-22 01:55:55,903 - P17020 - INFO - Candidates phone: 0 items
2025-05-22 01:55:55,903 - P17020 - INFO - Candidates email: 0 items
2025-05-22 01:55:55,903 - P17020 - INFO - Candidates complement: 0 items
2025-05-22 01:55:55,903 - P17020 - INFO - Candidates cep: 0 items
2025-05-22 01:55:55,903 - P17020 - INFO - Após processar URL 18 Uso de memória: 132.98 MB
2025-05-22 01:55:55,904 - P17020 - INFO - Processando URL 19/25: https://www.econodata.com.br/consulta-empresa/28122015000222-FABIOLA-PEREIRA-FROTA-LTDA
2025-05-22 01:56:03,248 - P17020 - INFO - HTML salvo para debug: data\debug_html_v10\b0ea785683529f65530f0f82d144f266.html
2025-05-22 01:56:03,329 - P17020 - INFO - Candidates address: 6 items
2025-05-22 01:56:03,330 - P17020 - INFO - Candidates phone: 0 items
2025-05-22 01:56:03,330 - P17020 - INFO - Candidates email: 0 items
2025-05-22 01:56:03,331 - P17020 - INFO - Candidates complement: 0 items
2025-05-22 01:56:03,331 - P17020 - INFO - Candidates cep: 0 items
2025-05-22 01:56:03,333 - P17020 - INFO - Após processar URL 19 Uso de memória: 128.76 MB
2025-05-22 01:56:03,333 - P17020 - INFO - Processando URL 20/25: https://ioepa.com.br/pages/2023/2023.04.04.DOE.pdf
2025-05-22 01:56:03,346 - P17020 - INFO - Ignorando URL de arquivo não-HTML: https://ioepa.com.br/pages/2023/2023.04.04.DOE.pdf
2025-05-22 01:56:03,348 - P17020 - INFO - Após processar URL 20 Uso de memória: 128.76 MB
2025-05-22 01:56:03,350 - P17020 - INFO - Processando URL 21/25: https://www.yumpu.com/pt/document/view/8196042/1-de-408-listagem-de-medicos-ativos-com-cremers
2025-05-22 01:56:08,217 - P17020 - INFO - HTML salvo para debug: data\debug_html_v10\e8ad93704d3e241f34591379fb317826.html
2025-05-22 01:56:08,283 - P17020 - INFO - Candidates address: 0 items
2025-05-22 01:56:08,284 - P17020 - INFO - Candidates phone: 0 items
2025-05-22 01:56:08,284 - P17020 - INFO - Candidates email: 0 items
2025-05-22 01:56:08,284 - P17020 - INFO - Candidates complement: 0 items
2025-05-22 01:56:08,284 - P17020 - INFO - Candidates cep: 0 items
2025-05-22 01:56:08,284 - P17020 - INFO - Após processar URL 21 Uso de memória: 130.65 MB
2025-05-22 01:56:08,284 - P17020 - INFO - Processando URL 22/25: https://forcainvicta.com.br/wp-content/uploads/2021/07/doe_2021-07-30_completo.pdf
2025-05-22 01:56:08,284 - P17020 - INFO - Ignorando URL de arquivo não-HTML: https://forcainvicta.com.br/wp-content/uploads/2021/07/doe_2021-07-30_completo.pdf
2025-05-22 01:56:08,285 - P17020 - INFO - Após processar URL 22 Uso de memória: 129.89 MB
2025-05-22 01:56:08,285 - P17020 - INFO - Processando URL 23/25: https://www.situacaocadastral.info/cnpj/fabiola-pereira-frota-ltda-28122015000222
2025-05-22 01:56:11,989 - P17020 - INFO - HTML salvo para debug: data\debug_html_v10\35c1bab6d755ab731093400e9f7b8c6d.html
2025-05-22 01:56:12,011 - P17020 - INFO - Candidates address: 1 items
2025-05-22 01:56:12,012 - P17020 - INFO - Candidates phone: 2 items
2025-05-22 01:56:12,013 - P17020 - INFO - Candidates email: 1 items
2025-05-22 01:56:12,014 - P17020 - INFO - Candidates complement: 0 items
2025-05-22 01:56:12,014 - P17020 - INFO - Candidates cep: 3 items
2025-05-22 01:56:12,014 - P17020 - INFO - Após processar URL 23 Uso de memória: 130.05 MB
2025-05-22 01:56:12,014 - P17020 - INFO - Processando URL 24/25: https://deoab.oab.org.br/assets/diarios/diario-eletronico-oab-18-05-2022.pdf?p=1652896800042
2025-05-22 01:56:12,015 - P17020 - INFO - Ignorando URL de arquivo não-HTML: https://deoab.oab.org.br/assets/diarios/diario-eletronico-oab-18-05-2022.pdf?p=1652896800042
2025-05-22 01:56:12,015 - P17020 - INFO - Após processar URL 24 Uso de memória: 130.05 MB
2025-05-22 01:56:12,015 - P17020 - INFO - Processando URL 25/25: https://oportunidados.com.br/cnpj/28122015000222/fabiola-pereira-frota
2025-05-22 01:56:15,334 - P17020 - INFO - HTML salvo para debug: data\debug_html_v10\ce449c990409ef1aad783dd8f70bd7a0.html
2025-05-22 01:56:15,355 - P17020 - INFO - Candidates address: 0 items
2025-05-22 01:56:15,356 - P17020 - INFO - Candidates phone: 0 items
2025-05-22 01:56:15,356 - P17020 - INFO - Candidates email: 0 items
2025-05-22 01:56:15,356 - P17020 - INFO - Candidates complement: 0 items
2025-05-22 01:56:15,356 - P17020 - INFO - Candidates cep: 0 items
2025-05-22 01:56:15,356 - P17020 - INFO - Após processar URL 25 Uso de memória: 130.16 MB
2025-05-22 01:56:15,356 - P17020 - INFO - Iniciando agregação e ranqueamento
2025-05-22 01:56:15,357 - P17020 - INFO - Ranked address: 17 items
2025-05-22 01:56:15,357 - P17020 - INFO - Ranked phone: 4 items
2025-05-22 01:56:15,357 - P17020 - INFO - Ranked email: 2 items
2025-05-22 01:56:15,357 - P17020 - INFO - Ranked complement: 0 items
2025-05-22 01:56:15,357 - P17020 - INFO - Ranked cep: 6 items
2025-05-22 01:56:15,358 - P17020 - INFO - Após agregação Uso de memória: 130.16 MB
2025-05-22 01:56:15,358 - P17020 - INFO - Validando endereço: ['Rua Jose Pereira de Macedo, 1130', 'Rua Jose Pereira de Macedo 1130 Bairro Imperial Porto Nacional TO', 'R. do Nascimento Comercio e Servicos - 28.122.014/0001-05 Maria Tereza da Silva - 28.122.016/0001-96']
2025-05-22 01:56:15,358 - P17020 - INFO - Endereço validado: Rua Jose Pereira de Macedo, 1130
2025-05-22 01:56:15,358 - P17020 - INFO - Limpando texto extenso para campo address: Rua Jose Pereira de Macedo, 1130...
2025-05-22 01:56:15,358 - P17020 - INFO - Texto limpo: Rua Jose Pereira de Macedo, 1130
2025-05-22 01:56:15,359 - P17020 - INFO - Validando telefone: ['(19) 3702-3734', '+5562986339247', '(63) 3363-4789']
2025-05-22 01:56:15,359 - P17020 - INFO - Limpando texto extenso para campo phone: (19) 3702-3734...
2025-05-22 01:56:15,359 - P17020 - INFO - Texto limpo: 19) 3702-3734
2025-05-22 01:56:15,359 - P17020 - INFO - Telefone validado: 19) 3702-3734
2025-05-22 01:56:15,359 - P17020 - INFO - Validando email: ['contato@rossimed.com.br', 'senacontabil1907@hotmail.com']
2025-05-22 01:56:15,359 - P17020 - INFO - Limpando texto extenso para campo email: contato@rossimed.com.br...
2025-05-22 01:56:15,359 - P17020 - INFO - Texto limpo: contato@rossimed.com.br
2025-05-22 01:56:15,359 - P17020 - INFO - Email validado: contato@rossimed.com.br
2025-05-22 01:56:15,359 - P17020 - INFO - Descobrindo cidade
2025-05-22 01:56:15,360 - P17020 - INFO - Buscando cidade: Rua Jose Pereira de Macedo cidade GO
2025-05-22 01:56:17,953 - P17020 - INFO - Cidade encontrada: Novo Gama
2025-05-22 01:56:17,954 - P17020 - INFO - Limpando texto extenso para campo city: Novo Gama...
2025-05-22 01:56:17,954 - P17020 - INFO - Texto limpo: Novo Gama
2025-05-22 01:56:17,954 - P17020 - INFO - Cidade descoberta: Novo Gama
2025-05-22 01:56:17,954 - P17020 - INFO - Buscando CEP com sistema de cascata
2025-05-22 01:56:17,954 - P17020 - INFO - Iniciando busca de CEP em cascata para: Rua Jose Pereira de Macedo, Novo Gama, GO
2025-05-22 01:56:17,954 - P17020 - INFO - Método 1: ViaCEP API
2025-05-22 01:56:17,955 - P17020 - INFO - Buscando no ViaCEP: https://viacep.com.br/ws/GO/novo%20gama/rua%20jose%20pereira%20de%20macedo/json/
2025-05-22 01:56:18,638 - P17020 - WARNING - ViaCEP retornou status 200 ou nenhum resultado
2025-05-22 01:56:18,640 - P17020 - INFO - Método 2: BrasilAPI
2025-05-22 01:56:18,641 - P17020 - INFO - Buscando na BrasilAPI: Rua Jose Pereira de Macedo, Novo Gama, GO
2025-05-22 01:56:19,164 - P17020 - INFO - Consultando BrasilAPI: https://brasilapi.com.br/api/cep/v2/35135084
2025-05-22 01:56:29,426 - P17020 - ERROR - Erro ao buscar na BrasilAPI: HTTPSConnectionPool(host='brasilapi.com.br', port=443): Read timed out. (read timeout=10)
2025-05-22 01:56:29,427 - P17020 - INFO - Método 3: Web Scraping do Google
2025-05-22 01:56:29,427 - P17020 - INFO - Buscando CEP: CEP da Rua Jose Pereira de Macedo, Novo Gama
2025-05-22 01:56:31,010 - P17020 - INFO - CEP encontrado: 12470-500
2025-05-22 01:56:31,010 - P17020 - INFO - CEP encontrado via Google: 12470-500
2025-05-22 01:56:31,010 - P17020 - INFO - Dados de CEP encontrados: {'cep': '12470-500', 'logradouro': 'Rua Jose Pereira de Macedo', 'bairro': '', 'localidade': 'Novo Gama', 'uf': 'GO', 'complemento': ''}
2025-05-22 01:56:31,010 - P17020 - INFO - Limpando texto extenso para campo city: Novo Gama...
2025-05-22 01:56:31,011 - P17020 - INFO - Texto limpo: Novo Gama
2025-05-22 01:56:31,011 - P17020 - INFO - Limpando texto extenso para campo state: GO...
2025-05-22 01:56:31,011 - P17020 - INFO - Texto limpo: GO
2025-05-22 01:56:31,011 - P17020 - INFO - Tempo de execução de processamento completo do médico: 81.03 segundos
2025-05-22 01:56:31,012 - P17020 - INFO - Resultado processado: {'Hash': '0eb1bef7192e92b7cb888b8bcd4ba06d93526c6482629394ed09dc5489272fc3', 'CRM': '28349', 'UF': 'GO', 'Firstname': 'FABIOLA', 'LastName': 'PEREIRA FROTA', 'Medical specialty': '', 'Endereco Completo A1': 'Rua Jose Pereira de Macedo, 1130', 'Address A1': 'Rua Jose Pereira de Macedo', 'Numero A1': '1130', 'Complement A1': '', 'Bairro A1': '', 'postal code A1': '12470-500', 'City A1': 'Novo Gama', 'State A1': 'GO', 'Phone A1': '19) 3702-3734', 'Phone A2': '', 'Cell phone A1': '', 'Cell phone A2': '', 'E-mail A1': 'contato@rossimed.com.br', 'E-mail A2': '', 'OPT-IN': '', 'STATUS': '', 'LOTE': ''}
2025-05-22 01:56:31,013 - P17020 - INFO - Progresso: 13.6%
2025-05-22 01:56:31,013 - P17020 - INFO - Executando coleta de lixo
2025-05-22 01:56:31,087 - P17020 - INFO - Após coleta de lixo Uso de memória: 122.42 MB
2025-05-22 01:56:31,087 - P17020 - INFO - Tempo de execução de processamento do médico 1: 82.41 segundos
2025-05-22 01:56:31,088 - P17020 - INFO - 
==================================================
Processando médico 2/3
2025-05-22 01:56:31,088 - P17020 - INFO - Nome: KAMILA MACIEL VENANCIO
2025-05-22 01:56:31,088 - P17020 - INFO - Início do processamento Uso de memória: 122.42 MB
2025-05-22 01:56:31,088 - P17020 - INFO - Iniciando busca para: KAMILA MACIEL VENANCIO CRM 31645 GO telefone e-mail endereço
2025-05-22 01:56:31,565 - P17020 - INFO - SearX results: 10 URLs
2025-05-22 01:56:31,565 - P17020 - INFO - Após SearX Uso de memória: 122.43 MB
2025-05-22 01:56:34,073 - P17020 - INFO - Google results: 1 URLs
2025-05-22 01:56:34,074 - P17020 - INFO - Após Google Uso de memória: 124.36 MB
2025-05-22 01:56:36,680 - P17020 - INFO - Bing results: 13 URLs
2025-05-22 01:56:36,680 - P17020 - INFO - Após Bing Uso de memória: 126.29 MB
2025-05-22 01:56:36,680 - P17020 - INFO - Total de URLs únicas: 23
2025-05-22 01:56:36,680 - P17020 - INFO - Processando URL 1/23: https://diariooficial.guarulhos.sp.gov.br/uploads/pdf/1660676435.pdf
2025-05-22 01:56:36,681 - P17020 - INFO - Ignorando URL de arquivo não-HTML: https://diariooficial.guarulhos.sp.gov.br/uploads/pdf/1660676435.pdf
2025-05-22 01:56:36,681 - P17020 - INFO - Após processar URL 1 Uso de memória: 126.29 MB
2025-05-22 01:56:36,681 - P17020 - INFO - Processando URL 2/23: https://forcainvicta.com.br/wp-content/uploads/2021/08/doe_2021-08-25_completo.pdf
2025-05-22 01:56:36,681 - P17020 - INFO - Ignorando URL de arquivo não-HTML: https://forcainvicta.com.br/wp-content/uploads/2021/08/doe_2021-08-25_completo.pdf
2025-05-22 01:56:36,681 - P17020 - INFO - Após processar URL 2 Uso de memória: 126.29 MB
2025-05-22 01:56:36,681 - P17020 - INFO - Processando URL 3/23: https://www.cremego.org.br/busca-medicos
2025-05-22 01:56:41,138 - P17020 - INFO - HTML salvo para debug: data\debug_html_v10\64b30c50732f49698d296cdb94b34f40.html
2025-05-22 01:56:41,183 - P17020 - INFO - Candidates address: 0 items
2025-05-22 01:56:41,183 - P17020 - INFO - Candidates phone: 0 items
2025-05-22 01:56:41,183 - P17020 - INFO - Candidates email: 1 items
2025-05-22 01:56:41,183 - P17020 - INFO - Candidates complement: 0 items
2025-05-22 01:56:41,183 - P17020 - INFO - Candidates cep: 1 items
2025-05-22 01:56:41,184 - P17020 - INFO - Após processar URL 3 Uso de memória: 126.39 MB
2025-05-22 01:56:41,184 - P17020 - INFO - Processando URL 4/23: https://www.igepps.pa.gov.br/sites/default/files/2023-01/2023.04.04.DOE.pdf
2025-05-22 01:56:41,184 - P17020 - INFO - Ignorando URL de arquivo não-HTML: https://www.igepps.pa.gov.br/sites/default/files/2023-01/2023.04.04.DOE.pdf
2025-05-22 01:56:41,184 - P17020 - INFO - Após processar URL 4 Uso de memória: 126.39 MB
2025-05-22 01:56:41,184 - P17020 - INFO - Processando URL 5/23: https://manualdamamae.com.br/products/kamillavencio
2025-05-22 01:56:44,955 - P17020 - INFO - HTML salvo para debug: data\debug_html_v10\67340d8509e997955090a121ab12ad8e.html
2025-05-22 01:56:44,980 - P17020 - INFO - Candidates address: 0 items
2025-05-22 01:56:44,980 - P17020 - INFO - Candidates phone: 2 items
2025-05-22 01:56:44,980 - P17020 - INFO - Candidates email: 1 items
2025-05-22 01:56:44,980 - P17020 - INFO - Candidates complement: 0 items
2025-05-22 01:56:44,981 - P17020 - INFO - Candidates cep: 3 items
2025-05-22 01:56:44,981 - P17020 - INFO - Após processar URL 5 Uso de memória: 126.73 MB
2025-05-22 01:56:44,981 - P17020 - INFO - Processando URL 6/23: https://crmvirtual.cfm.org.br/GO/servico/busca-medico
2025-05-22 01:56:47,922 - P17020 - INFO - HTML salvo para debug: data\debug_html_v10\3f7e1325196fca85b8ce10bf510cb018.html
2025-05-22 01:56:47,932 - P17020 - INFO - Candidates address: 0 items
2025-05-22 01:56:47,932 - P17020 - INFO - Candidates phone: 0 items
2025-05-22 01:56:47,933 - P17020 - INFO - Candidates email: 1 items
2025-05-22 01:56:47,933 - P17020 - INFO - Candidates complement: 0 items
2025-05-22 01:56:47,933 - P17020 - INFO - Candidates cep: 0 items
2025-05-22 01:56:47,933 - P17020 - INFO - Após processar URL 6 Uso de memória: 126.80 MB
2025-05-22 01:56:47,934 - P17020 - INFO - Processando URL 7/23: https://venus.maringa.pr.gov.br/arquivos/orgao_oficial/arquivos/oom%201435.pdf
2025-05-22 01:56:47,934 - P17020 - INFO - Ignorando URL de arquivo não-HTML: https://venus.maringa.pr.gov.br/arquivos/orgao_oficial/arquivos/oom%201435.pdf
2025-05-22 01:56:47,934 - P17020 - INFO - Após processar URL 7 Uso de memória: 126.80 MB
2025-05-22 01:56:47,934 - P17020 - INFO - Processando URL 8/23: https://www.ioepa.com.br/pages/2023/2023.04.04.DOE.pdf
2025-05-22 01:56:47,934 - P17020 - INFO - Ignorando URL de arquivo não-HTML: https://www.ioepa.com.br/pages/2023/2023.04.04.DOE.pdf
2025-05-22 01:56:47,935 - P17020 - INFO - Após processar URL 8 Uso de memória: 126.80 MB
2025-05-22 01:56:47,935 - P17020 - INFO - Processando URL 9/23: https://consultacrm.com.br/
2025-05-22 01:56:51,652 - P17020 - INFO - HTML salvo para debug: data\debug_html_v10\65cadeb91ac3713432c21b535990f440.html
2025-05-22 01:56:51,663 - P17020 - INFO - Candidates address: 0 items
2025-05-22 01:56:51,663 - P17020 - INFO - Candidates phone: 0 items
2025-05-22 01:56:51,664 - P17020 - INFO - Candidates email: 0 items
2025-05-22 01:56:51,664 - P17020 - INFO - Candidates complement: 0 items
2025-05-22 01:56:51,664 - P17020 - INFO - Candidates cep: 0 items
2025-05-22 01:56:51,664 - P17020 - INFO - Após processar URL 9 Uso de memória: 129.00 MB
2025-05-22 01:56:51,664 - P17020 - INFO - Processando URL 10/23: https://www.consultacrm.com.br/index/especialidades
2025-05-22 01:56:55,961 - P17020 - INFO - HTML salvo para debug: data\debug_html_v10\3cb327d5e0f962fa7a1db5a948fb6f40.html
2025-05-22 01:56:56,082 - P17020 - INFO - Candidates address: 0 items
2025-05-22 01:56:56,082 - P17020 - INFO - Candidates phone: 0 items
2025-05-22 01:56:56,082 - P17020 - INFO - Candidates email: 0 items
2025-05-22 01:56:56,083 - P17020 - INFO - Candidates complement: 0 items
2025-05-22 01:56:56,083 - P17020 - INFO - Candidates cep: 0 items
2025-05-22 01:56:56,083 - P17020 - INFO - Após processar URL 10 Uso de memória: 129.51 MB
2025-05-22 01:56:56,083 - P17020 - INFO - Processando URL 11/23: https://www.consultacrm.com.br/index/profissionais
2025-05-22 01:56:58,844 - P17020 - INFO - HTML salvo para debug: data\debug_html_v10\ca7ac6c4b85cee4a2c1da9949f895117.html
2025-05-22 01:56:58,856 - P17020 - INFO - Candidates address: 0 items
2025-05-22 01:56:58,856 - P17020 - INFO - Candidates phone: 0 items
2025-05-22 01:56:58,856 - P17020 - INFO - Candidates email: 0 items
2025-05-22 01:56:58,856 - P17020 - INFO - Candidates complement: 0 items
2025-05-22 01:56:58,856 - P17020 - INFO - Candidates cep: 0 items
2025-05-22 01:56:58,857 - P17020 - INFO - Após processar URL 11 Uso de memória: 129.33 MB
2025-05-22 01:56:58,857 - P17020 - INFO - Processando URL 12/23: https://www.saobernardo.sp.gov.br/documents/10181/53276/NM+2008+1474.pdf.pdf/d1ce9daa-467a-4808-9571-31981e4170ab
2025-05-22 01:56:58,857 - P17020 - INFO - Ignorando URL de arquivo não-HTML: https://www.saobernardo.sp.gov.br/documents/10181/53276/NM+2008+1474.pdf.pdf/d1ce9daa-467a-4808-9571-31981e4170ab
2025-05-22 01:56:58,857 - P17020 - INFO - Após processar URL 12 Uso de memória: 128.25 MB
2025-05-22 01:56:58,857 - P17020 - INFO - Processando URL 13/23: https://www.consultacrm.com.br/?uf=SP
2025-05-22 01:57:02,591 - P17020 - INFO - HTML salvo para debug: data\debug_html_v10\60d20285cf74ceed0f862951f9b2b598.html
2025-05-22 01:57:02,602 - P17020 - INFO - Candidates address: 0 items
2025-05-22 01:57:02,603 - P17020 - INFO - Candidates phone: 0 items
2025-05-22 01:57:02,603 - P17020 - INFO - Candidates email: 0 items
2025-05-22 01:57:02,603 - P17020 - INFO - Candidates complement: 0 items
2025-05-22 01:57:02,603 - P17020 - INFO - Candidates cep: 0 items
2025-05-22 01:57:02,603 - P17020 - INFO - Após processar URL 13 Uso de memória: 129.79 MB
2025-05-22 01:57:02,604 - P17020 - INFO - Processando URL 14/23: https://www.saobernardo.sp.gov.br/documents/10181/1598718/NM+2397+de+27.10.2023+-++Conte%C3%BAdo+Integral.pdf/425cb952-73de-cadc-bed9-159ab73e7fbc
2025-05-22 01:57:02,604 - P17020 - INFO - Ignorando URL de arquivo não-HTML: https://www.saobernardo.sp.gov.br/documents/10181/1598718/NM+2397+de+27.10.2023+-++Conte%C3%BAdo+Integral.pdf/425cb952-73de-cadc-bed9-159ab73e7fbc
2025-05-22 01:57:02,604 - P17020 - INFO - Após processar URL 14 Uso de memória: 128.97 MB
2025-05-22 01:57:02,605 - P17020 - INFO - Processando URL 15/23: https://cnpj.biz/53405167000107
2025-05-22 01:57:04,927 - P17020 - INFO - HTML salvo para debug: data\debug_html_v10\3e8b7a62799e32f148f71b416b0a543b.html
2025-05-22 01:57:04,930 - P17020 - INFO - Candidates address: 0 items
2025-05-22 01:57:04,930 - P17020 - INFO - Candidates phone: 0 items
2025-05-22 01:57:04,930 - P17020 - INFO - Candidates email: 0 items
2025-05-22 01:57:04,930 - P17020 - INFO - Candidates complement: 0 items
2025-05-22 01:57:04,930 - P17020 - INFO - Candidates cep: 0 items
2025-05-22 01:57:04,931 - P17020 - INFO - Após processar URL 15 Uso de memória: 129.01 MB
2025-05-22 01:57:04,931 - P17020 - INFO - Processando URL 16/23: https://www.goiania.go.gov.br/asp/ism/ism03.asp?Tipo=2&LinCol=1245&Prg=3
2025-05-22 01:57:10,271 - P17020 - INFO - HTML salvo para debug: data\debug_html_v10\1b439bedc69bd052b8f70f6fb57b0488.html
2025-05-22 01:57:10,447 - P17020 - INFO - Candidates address: 0 items
2025-05-22 01:57:10,448 - P17020 - INFO - Candidates phone: 0 items
2025-05-22 01:57:10,448 - P17020 - INFO - Candidates email: 0 items
2025-05-22 01:57:10,448 - P17020 - INFO - Candidates complement: 0 items
2025-05-22 01:57:10,449 - P17020 - INFO - Candidates cep: 196 items
2025-05-22 01:57:10,449 - P17020 - INFO - Após processar URL 16 Uso de memória: 128.00 MB
2025-05-22 01:57:10,449 - P17020 - INFO - Processando URL 17/23: https://www2.bauru.sp.gov.br/arquivos/sist_diariooficial/2011/08/do_20110811_1992.pdf
2025-05-22 01:57:10,449 - P17020 - INFO - Ignorando URL de arquivo não-HTML: https://www2.bauru.sp.gov.br/arquivos/sist_diariooficial/2011/08/do_20110811_1992.pdf
2025-05-22 01:57:10,450 - P17020 - INFO - Após processar URL 17 Uso de memória: 128.00 MB
2025-05-22 01:57:10,450 - P17020 - INFO - Processando URL 18/23: https://www.consultacrm.com.br/index/contato
2025-05-22 01:57:13,931 - P17020 - INFO - HTML salvo para debug: data\debug_html_v10\770622092e11df0ef8d0ed5d383f74a3.html
2025-05-22 01:57:13,944 - P17020 - INFO - Candidates address: 0 items
2025-05-22 01:57:13,944 - P17020 - INFO - Candidates phone: 0 items
2025-05-22 01:57:13,944 - P17020 - INFO - Candidates email: 0 items
2025-05-22 01:57:13,944 - P17020 - INFO - Candidates complement: 0 items
2025-05-22 01:57:13,944 - P17020 - INFO - Candidates cep: 0 items
2025-05-22 01:57:13,945 - P17020 - INFO - Após processar URL 18 Uso de memória: 129.66 MB
2025-05-22 01:57:13,945 - P17020 - INFO - Processando URL 19/23: https://www.consultacrm.com.br/index/maisvistos
2025-05-22 01:57:16,639 - P17020 - INFO - HTML salvo para debug: data\debug_html_v10\9a17d88beef1266c6e4649221409a571.html
2025-05-22 01:57:16,651 - P17020 - INFO - Candidates address: 0 items
2025-05-22 01:57:16,653 - P17020 - INFO - Candidates phone: 0 items
2025-05-22 01:57:16,654 - P17020 - INFO - Candidates email: 0 items
2025-05-22 01:57:16,655 - P17020 - INFO - Candidates complement: 0 items
2025-05-22 01:57:16,655 - P17020 - INFO - Candidates cep: 0 items
2025-05-22 01:57:16,656 - P17020 - INFO - Após processar URL 19 Uso de memória: 129.69 MB
2025-05-22 01:57:16,656 - P17020 - INFO - Processando URL 20/23: https://diariooficial.guarulhos.sp.gov.br/uploads/pdf/405137385.pdf
2025-05-22 01:57:16,656 - P17020 - INFO - Ignorando URL de arquivo não-HTML: https://diariooficial.guarulhos.sp.gov.br/uploads/pdf/405137385.pdf
2025-05-22 01:57:16,657 - P17020 - INFO - Após processar URL 20 Uso de memória: 128.01 MB
2025-05-22 01:57:16,658 - P17020 - INFO - Processando URL 21/23: https://imprensaoficial.jundiai.sp.gov.br/wp-content/uploads/2014/08/Imprensa-Oficial-de-Jundia%C3%AD-Edi%C3%A7%C3%A3o-3894.pdf
2025-05-22 01:57:16,658 - P17020 - INFO - Ignorando URL de arquivo não-HTML: https://imprensaoficial.jundiai.sp.gov.br/wp-content/uploads/2014/08/Imprensa-Oficial-de-Jundia%C3%AD-Edi%C3%A7%C3%A3o-3894.pdf
2025-05-22 01:57:16,658 - P17020 - INFO - Após processar URL 21 Uso de memória: 128.01 MB
2025-05-22 01:57:16,659 - P17020 - INFO - Processando URL 22/23: https://www.consultacrm.com.br/index/sis_login
2025-05-22 01:57:18,723 - P17020 - INFO - HTML salvo para debug: data\debug_html_v10\e56926aa25e0582d5c5b8aa167ed4b53.html
2025-05-22 01:57:18,736 - P17020 - INFO - Candidates address: 0 items
2025-05-22 01:57:18,737 - P17020 - INFO - Candidates phone: 0 items
2025-05-22 01:57:18,737 - P17020 - INFO - Candidates email: 0 items
2025-05-22 01:57:18,737 - P17020 - INFO - Candidates complement: 0 items
2025-05-22 01:57:18,737 - P17020 - INFO - Candidates cep: 0 items
2025-05-22 01:57:18,737 - P17020 - INFO - Após processar URL 22 Uso de memória: 127.38 MB
2025-05-22 01:57:18,738 - P17020 - INFO - Processando URL 23/23: https://www.consultacrm.com.br/index/api
2025-05-22 01:57:22,118 - P17020 - INFO - HTML salvo para debug: data\debug_html_v10\a1f22ffdf7e0eb1c02e28e1e38d3db87.html
2025-05-22 01:57:22,129 - P17020 - INFO - Candidates address: 0 items
2025-05-22 01:57:22,129 - P17020 - INFO - Candidates phone: 0 items
2025-05-22 01:57:22,129 - P17020 - INFO - Candidates email: 0 items
2025-05-22 01:57:22,129 - P17020 - INFO - Candidates complement: 0 items
2025-05-22 01:57:22,129 - P17020 - INFO - Candidates cep: 0 items
2025-05-22 01:57:22,130 - P17020 - INFO - Após processar URL 23 Uso de memória: 126.91 MB
2025-05-22 01:57:22,130 - P17020 - INFO - Iniciando agregação e ranqueamento
2025-05-22 01:57:22,130 - P17020 - INFO - Ranked address: 0 items
2025-05-22 01:57:22,131 - P17020 - INFO - Ranked phone: 2 items
2025-05-22 01:57:22,132 - P17020 - INFO - Ranked email: 3 items
2025-05-22 01:57:22,132 - P17020 - INFO - Ranked complement: 0 items
2025-05-22 01:57:22,133 - P17020 - INFO - Ranked cep: 200 items
2025-05-22 01:57:22,133 - P17020 - INFO - Após agregação Uso de memória: 126.92 MB
2025-05-22 01:57:22,133 - P17020 - INFO - Validando telefone: ['(62) 98272-3300', '(62) 98174-4144']
2025-05-22 01:57:22,134 - P17020 - INFO - Limpando texto extenso para campo phone: (62) 98272-3300...
2025-05-22 01:57:22,134 - P17020 - INFO - Texto limpo: 62) 98272-3300
2025-05-22 01:57:22,134 - P17020 - INFO - Telefone validado: 62) 98272-3300
2025-05-22 01:57:22,134 - P17020 - INFO - Validando email: ['cremego@cremego.org.br', 'diretoria@centraldeideia.com.br', 'secretaria@cremego.org.br']
2025-05-22 01:57:22,134 - P17020 - INFO - Limpando texto extenso para campo email: cremego@cremego.org.br...
2025-05-22 01:57:22,134 - P17020 - INFO - Texto limpo: cremego@cremego.org.br
2025-05-22 01:57:22,135 - P17020 - INFO - Email validado: cremego@cremego.org.br
2025-05-22 01:57:22,135 - P17020 - INFO - Tempo de execução de processamento completo do médico: 51.05 segundos
2025-05-22 01:57:22,136 - P17020 - INFO - Resultado processado: {'Hash': '02fb04981be82cd46a7ce4265c2c438bb10f1be065954772c9710f2e156d3cac', 'CRM': '31645', 'UF': 'GO', 'Firstname': 'KAMILA', 'LastName': 'MACIEL VENANCIO', 'Medical specialty': '', 'Endereco Completo A1': '', 'Address A1': '', 'Numero A1': '', 'Complement A1': '', 'Bairro A1': '', 'postal code A1': '', 'City A1': '', 'State A1': '', 'Phone A1': '62) 98272-3300', 'Phone A2': '', 'Cell phone A1': '', 'Cell phone A2': '', 'E-mail A1': 'cremego@cremego.org.br', 'E-mail A2': '', 'OPT-IN': '', 'STATUS': '', 'LOTE': ''}
2025-05-22 01:57:22,139 - P17020 - INFO - Progresso: 13.9%
2025-05-22 01:57:22,139 - P17020 - INFO - Tempo de execução de processamento do médico 2: 51.05 segundos
2025-05-22 01:57:22,139 - P17020 - INFO - 
==================================================
Processando médico 3/3
2025-05-22 01:57:22,140 - P17020 - INFO - Nome: ADELSON DE SOUZA LOPES
2025-05-22 01:57:22,140 - P17020 - INFO - Início do processamento Uso de memória: 122.68 MB
2025-05-22 01:57:22,141 - P17020 - INFO - Iniciando busca para: ADELSON DE SOUZA LOPES CRM 789 MA telefone e-mail endereço
2025-05-22 01:57:22,641 - P17020 - INFO - SearX results: 10 URLs
2025-05-22 01:57:22,641 - P17020 - INFO - Após SearX Uso de memória: 122.69 MB
2025-05-22 01:57:25,448 - P17020 - INFO - Google results: 15 URLs
2025-05-22 01:57:25,448 - P17020 - INFO - Após Google Uso de memória: 125.98 MB
2025-05-22 01:57:27,985 - P17020 - INFO - Bing results: 13 URLs
2025-05-22 01:57:27,985 - P17020 - INFO - Após Bing Uso de memória: 128.36 MB
2025-05-22 01:57:27,985 - P17020 - INFO - Total de URLs únicas: 34
2025-05-22 01:57:27,985 - P17020 - INFO - Processando URL 1/34: https://diariooficial.guarulhos.sp.gov.br/uploads/pdf/170811828.pdf
2025-05-22 01:57:27,986 - P17020 - INFO - Ignorando URL de arquivo não-HTML: https://diariooficial.guarulhos.sp.gov.br/uploads/pdf/170811828.pdf
2025-05-22 01:57:27,986 - P17020 - INFO - Após processar URL 1 Uso de memória: 128.36 MB
2025-05-22 01:57:27,986 - P17020 - INFO - Processando URL 2/34: https://transparencia.apiacas.mt.gov.br/fotos_licitacao/3239.pdf
2025-05-22 01:57:27,987 - P17020 - INFO - Ignorando URL de arquivo não-HTML: https://transparencia.apiacas.mt.gov.br/fotos_licitacao/3239.pdf
2025-05-22 01:57:27,987 - P17020 - INFO - Após processar URL 2 Uso de memória: 128.36 MB
2025-05-22 01:57:27,988 - P17020 - INFO - Processando URL 3/34: https://www.guiatelefone.com/sao-luis-ma/hospitais-e-laboratorios/613257/hospital-doutor-adelson-souza-lopes
2025-05-22 01:57:31,540 - P17020 - INFO - HTML salvo para debug: data\debug_html_v10\dbdf02cac7f2f04f9419d2bb15554c20.html
2025-05-22 01:57:31,559 - P17020 - INFO - Candidates address: 0 items
2025-05-22 01:57:31,560 - P17020 - INFO - Candidates phone: 8 items
2025-05-22 01:57:31,560 - P17020 - INFO - Candidates email: 0 items
2025-05-22 01:57:31,560 - P17020 - INFO - Candidates complement: 0 items
2025-05-22 01:57:31,560 - P17020 - INFO - Candidates cep: 2 items
2025-05-22 01:57:31,561 - P17020 - INFO - Após processar URL 3 Uso de memória: 128.79 MB
2025-05-22 01:57:31,561 - P17020 - INFO - Processando URL 4/34: https://br.todosnegocios.com/pt/hospital-dr-adelson-de-sousa-lopes-98-3233-0665
2025-05-22 01:57:33,833 - P17020 - INFO - HTML salvo para debug: data\debug_html_v10\2c9b329e02d1ae052c9be9f757124807.html
2025-05-22 01:57:33,847 - P17020 - INFO - Candidates address: 2 items
2025-05-22 01:57:33,848 - P17020 - INFO - Candidates phone: 1 items
2025-05-22 01:57:33,848 - P17020 - INFO - Candidates email: 0 items
2025-05-22 01:57:33,848 - P17020 - INFO - Candidates complement: 0 items
2025-05-22 01:57:33,848 - P17020 - INFO - Candidates cep: 2 items
2025-05-22 01:57:33,848 - P17020 - INFO - Após processar URL 4 Uso de memória: 129.11 MB
2025-05-22 01:57:33,848 - P17020 - INFO - Processando URL 5/34: https://www.doctoralia.com.br/adelson-de-souza-lopes/medico-clinico-geral/sao-luis
2025-05-22 01:57:33,849 - P17020 - INFO - Ignorando URL de arquivo não-HTML: https://www.doctoralia.com.br/adelson-de-souza-lopes/medico-clinico-geral/sao-luis
2025-05-22 01:57:33,849 - P17020 - INFO - Após processar URL 5 Uso de memória: 129.11 MB
2025-05-22 01:57:33,849 - P17020 - INFO - Processando URL 6/34: https://www.sed.ms.gov.br/wp-content/uploads/2024/01/DO11392_22_01_2024.pdf
2025-05-22 01:57:33,849 - P17020 - INFO - Ignorando URL de arquivo não-HTML: https://www.sed.ms.gov.br/wp-content/uploads/2024/01/DO11392_22_01_2024.pdf
2025-05-22 01:57:33,850 - P17020 - INFO - Após processar URL 6 Uso de memória: 129.11 MB
2025-05-22 01:57:33,850 - P17020 - INFO - Processando URL 7/34: https://www.doctoralia.com.br/roberta-grazielle-souza-lopes/cirurgiao-geral-coloproctologista/para-de-minas
2025-05-22 01:57:33,850 - P17020 - INFO - Ignorando URL de arquivo não-HTML: https://www.doctoralia.com.br/roberta-grazielle-souza-lopes/cirurgiao-geral-coloproctologista/para-de-minas
2025-05-22 01:57:33,850 - P17020 - INFO - Após processar URL 7 Uso de memória: 129.11 MB
2025-05-22 01:57:33,850 - P17020 - INFO - Processando URL 8/34: https://paginaamarela.com.br/empresa/hospital-doutor-adelson-souza-lopes/sao-luis/ma/9833068
2025-05-22 01:57:38,784 - P17020 - INFO - HTML salvo para debug: data\debug_html_v10\72a36c17da400641d4c7e1895e3cf794.html
2025-05-22 01:57:38,803 - P17020 - INFO - Candidates address: 1 items
2025-05-22 01:57:38,803 - P17020 - INFO - Candidates phone: 0 items
2025-05-22 01:57:38,804 - P17020 - INFO - Candidates email: 0 items
2025-05-22 01:57:38,804 - P17020 - INFO - Candidates complement: 0 items
2025-05-22 01:57:38,804 - P17020 - INFO - Candidates cep: 1 items
2025-05-22 01:57:38,804 - P17020 - INFO - Após processar URL 8 Uso de memória: 129.38 MB
2025-05-22 01:57:38,805 - P17020 - INFO - Processando URL 9/34: https://eguias.net/empresa/hospital-dr-adelson-de-souza-lopes/sao-luis/ma/1564391
2025-05-22 01:57:41,168 - P17020 - INFO - HTML salvo para debug: data\debug_html_v10\f0d931bb71df98f82fe34583f9642086.html
2025-05-22 01:57:41,184 - P17020 - INFO - Candidates address: 1 items
2025-05-22 01:57:41,185 - P17020 - INFO - Candidates phone: 2 items
2025-05-22 01:57:41,185 - P17020 - INFO - Candidates email: 0 items
2025-05-22 01:57:41,185 - P17020 - INFO - Candidates complement: 0 items
2025-05-22 01:57:41,185 - P17020 - INFO - Candidates cep: 3 items
2025-05-22 01:57:41,185 - P17020 - INFO - Após processar URL 9 Uso de memória: 129.52 MB
2025-05-22 01:57:41,186 - P17020 - INFO - Processando URL 10/34: https://seadantigo.portal.ap.gov.br/diario/DOEn4711.pdf
2025-05-22 01:57:41,186 - P17020 - INFO - Ignorando URL de arquivo não-HTML: https://seadantigo.portal.ap.gov.br/diario/DOEn4711.pdf
2025-05-22 01:57:41,186 - P17020 - INFO - Após processar URL 10 Uso de memória: 129.52 MB
2025-05-22 01:57:41,186 - P17020 - INFO - Processando URL 11/34: http://www.telelistas.net/locais/ma/sao+luis/hospitais+publicos+24h/335965202/hospital+dr+adelson+de+souza+lopes
2025-05-22 01:57:44,585 - P17020 - INFO - HTML salvo para debug: data\debug_html_v10\2ca6c2338aa861df48d152bfbb8df107.html
2025-05-22 01:57:44,604 - P17020 - INFO - Candidates address: 0 items
2025-05-22 01:57:44,605 - P17020 - INFO - Candidates phone: 2 items
2025-05-22 01:57:44,606 - P17020 - INFO - Candidates email: 0 items
2025-05-22 01:57:44,607 - P17020 - INFO - Candidates complement: 0 items
2025-05-22 01:57:44,607 - P17020 - INFO - Candidates cep: 1 items
2025-05-22 01:57:44,607 - P17020 - INFO - Após processar URL 11 Uso de memória: 129.54 MB
2025-05-22 01:57:44,607 - P17020 - INFO - Processando URL 12/34: https://crd.med.br/corpo-clinico/danilo-fleury-di-souza-lopes/
2025-05-22 01:57:49,051 - P17020 - INFO - HTML salvo para debug: data\debug_html_v10\448621837eb33ee86372544bd9a55b91.html
2025-05-22 01:57:49,093 - P17020 - INFO - Candidates address: 0 items
2025-05-22 01:57:49,093 - P17020 - INFO - Candidates phone: 1 items
2025-05-22 01:57:49,093 - P17020 - INFO - Candidates email: 1 items
2025-05-22 01:57:49,093 - P17020 - INFO - Candidates complement: 0 items
2025-05-22 01:57:49,093 - P17020 - INFO - Candidates cep: 1 items
2025-05-22 01:57:49,094 - P17020 - INFO - Após processar URL 12 Uso de memória: 129.59 MB
2025-05-22 01:57:49,094 - P17020 - INFO - Processando URL 13/34: https://www.helpsaude.com/adelson-de-souza-lopes-crmma-789
2025-05-22 01:57:55,294 - P17020 - INFO - HTML salvo para debug: data\debug_html_v10\7939ca720560dfe96678081fb27dc6b3.html
2025-05-22 01:57:55,324 - P17020 - INFO - Candidates address: 0 items
2025-05-22 01:57:55,324 - P17020 - INFO - Candidates phone: 0 items
2025-05-22 01:57:55,324 - P17020 - INFO - Candidates email: 0 items
2025-05-22 01:57:55,325 - P17020 - INFO - Candidates complement: 0 items
2025-05-22 01:57:55,325 - P17020 - INFO - Candidates cep: 0 items
2025-05-22 01:57:55,325 - P17020 - INFO - Após processar URL 13 Uso de memória: 129.75 MB
2025-05-22 01:57:55,325 - P17020 - INFO - Processando URL 14/34: https://diariooficial.santos.sp.gov.br/edicoes/inicio/download/2025-01-17
2025-05-22 01:57:57,404 - P17020 - INFO - HTML salvo para debug: data\debug_html_v10\d08e61812da3e41e616c8e2a59725320.html
2025-05-22 01:57:57,404 - P17020 - INFO - Candidates address: 0 items
2025-05-22 01:57:57,405 - P17020 - INFO - Candidates phone: 0 items
2025-05-22 01:57:57,405 - P17020 - INFO - Candidates email: 0 items
2025-05-22 01:57:57,405 - P17020 - INFO - Candidates complement: 0 items
2025-05-22 01:57:57,405 - P17020 - INFO - Candidates cep: 0 items
2025-05-22 01:57:57,405 - P17020 - INFO - Após processar URL 14 Uso de memória: 129.75 MB
2025-05-22 01:57:57,406 - P17020 - INFO - Processando URL 15/34: https://eleicoescrms.org.br/MA/composicao_comissao_regional_eleitoral
2025-05-22 01:58:00,044 - P17020 - INFO - HTML salvo para debug: data\debug_html_v10\9200f4e588ed2cdc85b7e9b6fa96a3d8.html
2025-05-22 01:58:00,056 - P17020 - INFO - Candidates address: 0 items
2025-05-22 01:58:00,056 - P17020 - INFO - Candidates phone: 0 items
2025-05-22 01:58:00,056 - P17020 - INFO - Candidates email: 1 items
2025-05-22 01:58:00,056 - P17020 - INFO - Candidates complement: 0 items
2025-05-22 01:58:00,057 - P17020 - INFO - Candidates cep: 1 items
2025-05-22 01:58:00,057 - P17020 - INFO - Após processar URL 15 Uso de memória: 129.78 MB
2025-05-22 01:58:00,057 - P17020 - INFO - Processando URL 16/34: https://osasco.sp.gov.br/site/wp-content/uploads/2022/02/iomo603.pdf
2025-05-22 01:58:00,057 - P17020 - INFO - Ignorando URL de arquivo não-HTML: https://osasco.sp.gov.br/site/wp-content/uploads/2022/02/iomo603.pdf
2025-05-22 01:58:00,057 - P17020 - INFO - Após processar URL 16 Uso de memória: 129.78 MB
2025-05-22 01:58:00,058 - P17020 - INFO - Processando URL 17/34: https://cadastroempresa.com.br/cnpj/05.812.028/0001-47-hospital-dr-adelson-de-souza-lopes
2025-05-22 01:58:02,805 - P17020 - INFO - HTML salvo para debug: data\debug_html_v10\ed8b84020a19bb90015aa3f23bda590a.html
2025-05-22 01:58:02,822 - P17020 - INFO - Candidates address: 0 items
2025-05-22 01:58:02,822 - P17020 - INFO - Candidates phone: 0 items
2025-05-22 01:58:02,823 - P17020 - INFO - Candidates email: 0 items
2025-05-22 01:58:02,823 - P17020 - INFO - Candidates complement: 0 items
2025-05-22 01:58:02,823 - P17020 - INFO - Candidates cep: 2 items
2025-05-22 01:58:02,823 - P17020 - INFO - Após processar URL 17 Uso de memória: 129.82 MB
2025-05-22 01:58:02,824 - P17020 - INFO - Processando URL 18/34: https://www.apontador.com.br/local/ma/sao_luis/hospitais_particulares/C402300F0F0CT0C/hospital_dr_adelson_de_sousa_lopes.html
2025-05-22 01:58:07,720 - P17020 - INFO - HTML salvo para debug: data\debug_html_v10\a0d8a84eecb8ed1b03272faeaa82bd69.html
2025-05-22 01:58:07,767 - P17020 - INFO - Candidates address: 0 items
2025-05-22 01:58:07,767 - P17020 - INFO - Candidates phone: 0 items
2025-05-22 01:58:07,767 - P17020 - INFO - Candidates email: 1 items
2025-05-22 01:58:07,767 - P17020 - INFO - Candidates complement: 1 items
2025-05-22 01:58:07,767 - P17020 - INFO - Candidates cep: 1 items
2025-05-22 01:58:07,768 - P17020 - INFO - Após processar URL 18 Uso de memória: 129.85 MB
2025-05-22 01:58:07,768 - P17020 - INFO - Processando URL 19/34: https://oneliv.com.br/profissional/joao-elizeo-vieira-de-souza-lopes
2025-05-22 01:58:11,604 - P17020 - INFO - HTML salvo para debug: data\debug_html_v10\7c00ace315f9f606682931ede43befaa.html
2025-05-22 01:58:11,625 - P17020 - INFO - Candidates address: 1 items
2025-05-22 01:58:11,625 - P17020 - INFO - Candidates phone: 0 items
2025-05-22 01:58:11,625 - P17020 - INFO - Candidates email: 1 items
2025-05-22 01:58:11,625 - P17020 - INFO - Candidates complement: 0 items
2025-05-22 01:58:11,626 - P17020 - INFO - Candidates cep: 1 items
2025-05-22 01:58:11,626 - P17020 - INFO - Após processar URL 19 Uso de memória: 129.86 MB
2025-05-22 01:58:11,626 - P17020 - INFO - Processando URL 20/34: https://fisiogyn.med.br/corpoclinico/dr-renato-fleury-de-souza-lopes/
2025-05-22 01:58:17,608 - P17020 - INFO - HTML salvo para debug: data\debug_html_v10\967b95376a7193ff7e76e3f4ca5b094d.html
2025-05-22 01:58:17,650 - P17020 - INFO - Candidates address: 0 items
2025-05-22 01:58:17,650 - P17020 - INFO - Candidates phone: 0 items
2025-05-22 01:58:17,650 - P17020 - INFO - Candidates email: 0 items
2025-05-22 01:58:17,650 - P17020 - INFO - Candidates complement: 0 items
2025-05-22 01:58:17,651 - P17020 - INFO - Candidates cep: 0 items
2025-05-22 01:58:17,651 - P17020 - INFO - Após processar URL 20 Uso de memória: 129.86 MB
2025-05-22 01:58:17,651 - P17020 - INFO - Processando URL 21/34: https://www.descubraonline.com/guia/ma/sao-luis/hospital-dr-adelson-de-souza-lopes-05812028000147/
2025-05-22 01:58:23,443 - P17020 - INFO - HTML salvo para debug: data\debug_html_v10\5e8a3884b2794ee2e22b7c49d2d30443.html
2025-05-22 01:58:23,482 - P17020 - INFO - Candidates address: 0 items
2025-05-22 01:58:23,482 - P17020 - INFO - Candidates phone: 0 items
2025-05-22 01:58:23,482 - P17020 - INFO - Candidates email: 0 items
2025-05-22 01:58:23,482 - P17020 - INFO - Candidates complement: 0 items
2025-05-22 01:58:23,483 - P17020 - INFO - Candidates cep: 1 items
2025-05-22 01:58:23,483 - P17020 - INFO - Após processar URL 21 Uso de memória: 131.64 MB
2025-05-22 01:58:23,483 - P17020 - INFO - Processando URL 22/34: https://sistemas.trf1.jus.br/edj/bitstream/handle/123/100039/Caderno_JUD_MA_2016-03-03_VIII_42.pdf?sequence=1&isAllowed=y
2025-05-22 01:58:23,483 - P17020 - INFO - Ignorando URL de arquivo não-HTML: https://sistemas.trf1.jus.br/edj/bitstream/handle/123/100039/Caderno_JUD_MA_2016-03-03_VIII_42.pdf?sequence=1&isAllowed=y
2025-05-22 01:58:23,483 - P17020 - INFO - Após processar URL 22 Uso de memória: 131.64 MB
2025-05-22 01:58:23,483 - P17020 - INFO - Processando URL 23/34: https://www.bingplaces.com/DashBoard/Edit?Id=YN7993x4237174671776482967&market=pt-BR&src=SERPGB
2025-05-22 01:58:27,672 - P17020 - INFO - HTML salvo para debug: data\debug_html_v10\b41d21393ad77d68ad5b60fea2f1e708.html
2025-05-22 01:58:27,694 - P17020 - INFO - Candidates address: 0 items
2025-05-22 01:58:27,695 - P17020 - INFO - Candidates phone: 1 items
2025-05-22 01:58:27,695 - P17020 - INFO - Candidates email: 0 items
2025-05-22 01:58:27,695 - P17020 - INFO - Candidates complement: 0 items
2025-05-22 01:58:27,695 - P17020 - INFO - Candidates cep: 1 items
2025-05-22 01:58:27,695 - P17020 - INFO - Após processar URL 23 Uso de memória: 131.64 MB
2025-05-22 01:58:27,696 - P17020 - INFO - Processando URL 24/34: https://www.desenvolvimentosocial.sp.gov.br/wp-content/uploads/2024/07/3--extrato-do-termo.pdf
2025-05-22 01:58:27,696 - P17020 - INFO - Ignorando URL de arquivo não-HTML: https://www.desenvolvimentosocial.sp.gov.br/wp-content/uploads/2024/07/3--extrato-do-termo.pdf
2025-05-22 01:58:27,696 - P17020 - INFO - Após processar URL 24 Uso de memória: 131.64 MB
2025-05-22 01:58:27,696 - P17020 - INFO - Processando URL 25/34: https://www.saude.sp.gov.br/resources/cve-centro-de-vigilancia-epidemiologica/areas-de-vigilancia/doencas-cronicas-nao-transmissiveis/observatorio-promocao-a-saude/portarias/decreto_63792_2018.pdf
2025-05-22 01:58:27,696 - P17020 - INFO - Ignorando URL de arquivo não-HTML: https://www.saude.sp.gov.br/resources/cve-centro-de-vigilancia-epidemiologica/areas-de-vigilancia/doencas-cronicas-nao-transmissiveis/observatorio-promocao-a-saude/portarias/decreto_63792_2018.pdf
2025-05-22 01:58:27,697 - P17020 - INFO - Após processar URL 25 Uso de memória: 131.64 MB
2025-05-22 01:58:27,697 - P17020 - INFO - Processando URL 26/34: https://www.encontrabrasil.com.br/hospitais-e-postos-de-saude/sao-luis-ma/sobre/hospital-dr-adelson-de-souza-lopes
2025-05-22 01:58:34,203 - P17020 - INFO - HTML salvo para debug: data\debug_html_v10\e03749a150feb3a5e24d863feaf136e2.html
2025-05-22 01:58:34,238 - P17020 - INFO - Candidates address: 0 items
2025-05-22 01:58:34,239 - P17020 - INFO - Candidates phone: 1 items
2025-05-22 01:58:34,240 - P17020 - INFO - Candidates email: 0 items
2025-05-22 01:58:34,240 - P17020 - INFO - Candidates complement: 0 items
2025-05-22 01:58:34,240 - P17020 - INFO - Candidates cep: 1 items
2025-05-22 01:58:34,242 - P17020 - INFO - Após processar URL 26 Uso de memória: 131.64 MB
2025-05-22 01:58:34,243 - P17020 - INFO - Processando URL 27/34: https://accamargo.org.br/medico/donaldt-lopes-de-sousa
2025-05-22 01:58:38,013 - P17020 - INFO - HTML salvo para debug: data\debug_html_v10\1b408d3b6b89ddd7e1675dde1f233b27.html
2025-05-22 01:58:38,072 - P17020 - INFO - Candidates address: 0 items
2025-05-22 01:58:38,073 - P17020 - INFO - Candidates phone: 2 items
2025-05-22 01:58:38,073 - P17020 - INFO - Candidates email: 0 items
2025-05-22 01:58:38,073 - P17020 - INFO - Candidates complement: 0 items
2025-05-22 01:58:38,073 - P17020 - INFO - Candidates cep: 1 items
2025-05-22 01:58:38,073 - P17020 - INFO - Após processar URL 27 Uso de memória: 131.66 MB
2025-05-22 01:58:38,074 - P17020 - INFO - Processando URL 28/34: https://www.doctoralia.com.br/jeferson-lopes/medico-clinico-geral/guaribas
2025-05-22 01:58:38,074 - P17020 - INFO - Ignorando URL de arquivo não-HTML: https://www.doctoralia.com.br/jeferson-lopes/medico-clinico-geral/guaribas
2025-05-22 01:58:38,074 - P17020 - INFO - Após processar URL 28 Uso de memória: 131.66 MB
2025-05-22 01:58:38,074 - P17020 - INFO - Processando URL 29/34: https://sistemas.trf1.jus.br/edj/bitstream/handle/123/17653/Cadernos_JUD_MA_2019-04-24_XI_73.pdf?sequence=1&isAllowed=y
2025-05-22 01:58:38,074 - P17020 - INFO - Ignorando URL de arquivo não-HTML: https://sistemas.trf1.jus.br/edj/bitstream/handle/123/17653/Cadernos_JUD_MA_2019-04-24_XI_73.pdf?sequence=1&isAllowed=y
2025-05-22 01:58:38,074 - P17020 - INFO - Após processar URL 29 Uso de memória: 131.66 MB
2025-05-22 01:58:38,075 - P17020 - INFO - Processando URL 30/34: https://www.gov.br/pgfn/pt-br/servicos/editais-de-notificacao/editais-2024/edital_2057.pdf
2025-05-22 01:58:38,075 - P17020 - INFO - Ignorando URL de arquivo não-HTML: https://www.gov.br/pgfn/pt-br/servicos/editais-de-notificacao/editais-2024/edital_2057.pdf
2025-05-22 01:58:38,075 - P17020 - INFO - Após processar URL 30 Uso de memória: 131.66 MB
2025-05-22 01:58:38,075 - P17020 - INFO - Processando URL 31/34: https://portal.cfm.org.br/eventos/v-forum-nacional-de-integracao-do-medico-jovem/
2025-05-22 01:58:41,902 - P17020 - INFO - HTML salvo para debug: data\debug_html_v10\365a5383940c0b35036eeb72cb7d91ec.html
2025-05-22 01:58:41,938 - P17020 - INFO - Candidates address: 0 items
2025-05-22 01:58:41,938 - P17020 - INFO - Candidates phone: 0 items
2025-05-22 01:58:41,938 - P17020 - INFO - Candidates email: 1 items
2025-05-22 01:58:41,939 - P17020 - INFO - Candidates complement: 1 items
2025-05-22 01:58:41,939 - P17020 - INFO - Candidates cep: 1 items
2025-05-22 01:58:41,939 - P17020 - INFO - Após processar URL 31 Uso de memória: 131.66 MB
2025-05-22 01:58:41,939 - P17020 - INFO - Processando URL 32/34: https://diof.ro.gov.br/data/uploads/2025/02/Doe-20-02-2025.pdf
2025-05-22 01:58:41,940 - P17020 - INFO - Ignorando URL de arquivo não-HTML: https://diof.ro.gov.br/data/uploads/2025/02/Doe-20-02-2025.pdf
2025-05-22 01:58:41,940 - P17020 - INFO - Após processar URL 32 Uso de memória: 131.66 MB
2025-05-22 01:58:41,940 - P17020 - INFO - Processando URL 33/34: https://www.consultascnpj.com/hospital-dr-adelson-de-souza-lopes/05812028000147
2025-05-22 01:58:45,044 - P17020 - INFO - HTML salvo para debug: data\debug_html_v10\5d42e6cda220d9ac7f321e52f49c7c4d.html
2025-05-22 01:58:45,056 - P17020 - INFO - Candidates address: 0 items
2025-05-22 01:58:45,057 - P17020 - INFO - Candidates phone: 0 items
2025-05-22 01:58:45,057 - P17020 - INFO - Candidates email: 0 items
2025-05-22 01:58:45,057 - P17020 - INFO - Candidates complement: 0 items
2025-05-22 01:58:45,057 - P17020 - INFO - Candidates cep: 2 items
2025-05-22 01:58:45,058 - P17020 - INFO - Após processar URL 33 Uso de memória: 131.68 MB
2025-05-22 01:58:45,058 - P17020 - INFO - Processando URL 34/34: https://www.doctoralia.com.br/rita-de-cassia-de-souza-lopes/alergista-generalista/sao-paulo
2025-05-22 01:58:45,058 - P17020 - INFO - Ignorando URL de arquivo não-HTML: https://www.doctoralia.com.br/rita-de-cassia-de-souza-lopes/alergista-generalista/sao-paulo
2025-05-22 01:58:45,058 - P17020 - INFO - Após processar URL 34 Uso de memória: 131.68 MB
2025-05-22 01:58:45,059 - P17020 - INFO - Iniciando agregação e ranqueamento
2025-05-22 01:58:45,059 - P17020 - INFO - Ranked address: 5 items
2025-05-22 01:58:45,059 - P17020 - INFO - Ranked phone: 13 items
2025-05-22 01:58:45,059 - P17020 - INFO - Ranked email: 5 items
2025-05-22 01:58:45,060 - P17020 - INFO - Ranked complement: 2 items
2025-05-22 01:58:45,060 - P17020 - INFO - Ranked cep: 13 items
2025-05-22 01:58:45,060 - P17020 - INFO - Após agregação Uso de memória: 131.68 MB
2025-05-22 01:58:45,060 - P17020 - INFO - Validando endereço: ['Avenida dos Holandeses Fertvida Planeamento Familiar 8,7', 'R. Vinte e Quatro Gerência de Estado de Planejamento Orçamento e Gestão Planeamento Familiar 7,98', 'Rua São Paulo Bairro: Vila Luizão Cidade: São Luís / Maranhão CEP:']
2025-05-22 01:58:45,061 - P17020 - INFO - Endereço validado: Avenida dos Holandeses Fertvida Planeamento Familiar 8,7
2025-05-22 01:58:45,062 - P17020 - INFO - Limpando texto extenso para campo address: Avenida dos Holandeses Fertvida Planeamento Famili...
2025-05-22 01:58:45,062 - P17020 - INFO - Texto limpo: Avenida dos Holandeses Fertvida Planeamento Familiar 8,7
2025-05-22 01:58:45,062 - P17020 - INFO - Validando telefone: ['(98) 3233-0665', '(09) 83233-0665', '(98) 3266-4459']
2025-05-22 01:58:45,064 - P17020 - INFO - Limpando texto extenso para campo phone: (98) 3233-0665...
2025-05-22 01:58:45,065 - P17020 - INFO - Texto limpo: 98) 3233-0665
2025-05-22 01:58:45,066 - P17020 - INFO - Telefone validado: 98) 3233-0665
2025-05-22 01:58:45,066 - P17020 - INFO - Validando email: ['ouvidoria@crd.med.br', 'secretaria@crmma.org.br', 'relacionamento@apontador.com']
2025-05-22 01:58:45,066 - P17020 - INFO - Limpando texto extenso para campo email: ouvidoria@crd.med.br...
2025-05-22 01:58:45,066 - P17020 - INFO - Texto limpo: ouvidoria@crd.med.br
2025-05-22 01:58:45,067 - P17020 - INFO - Email validado: ouvidoria@crd.med.br
2025-05-22 01:58:45,067 - P17020 - INFO - Validando complemento: ['Saladas ', 'Conjunto D']
2025-05-22 01:58:45,067 - P17020 - INFO - Limpando texto extenso para campo complement: Saladas ...
2025-05-22 01:58:45,067 - P17020 - INFO - Texto limpo: Saladas
2025-05-22 01:58:45,067 - P17020 - INFO - Complemento validado: Saladas
2025-05-22 01:58:45,067 - P17020 - INFO - Descobrindo cidade
2025-05-22 01:58:45,068 - P17020 - INFO - Buscando cidade: Avenida dos Holandeses Fertvida Planeamento Familiar 8 cidade MA
2025-05-22 01:58:47,395 - P17020 - WARNING - Cidade não encontrada
2025-05-22 01:58:47,399 - P17020 - INFO - Cidade descoberta: 
2025-05-22 01:58:47,399 - P17020 - INFO - Tempo de execução de processamento completo do médico: 85.26 segundos
2025-05-22 01:58:47,400 - P17020 - INFO - Resultado processado: {'Hash': '981480956927b5b1d478e4040a6b3d5360939e9f8953dc5edab1ef5f3fa8e98a', 'CRM': '789', 'UF': 'MA', 'Firstname': 'ADELSON', 'LastName': 'DE SOUZA LOPES', 'Medical specialty': '', 'Endereco Completo A1': 'Avenida dos Holandeses Fertvida Planeamento Familiar 8,7', 'Address A1': 'Avenida dos Holandeses Fertvida Planeamento Familiar 8', 'Numero A1': '7', 'Complement A1': 'Saladas', 'Bairro A1': '', 'postal code A1': '', 'City A1': '', 'State A1': '', 'Phone A1': '98) 3233-0665', 'Phone A2': '', 'Cell phone A1': '', 'Cell phone A2': '', 'E-mail A1': 'ouvidoria@crd.med.br', 'E-mail A2': '', 'OPT-IN': '', 'STATUS': '', 'LOTE': ''}
2025-05-22 01:58:47,401 - P17020 - INFO - Salvando lote de resultados
2025-05-22 01:58:47,403 - P17020 - INFO - Após salvar resultados Uso de memória: 128.65 MB
2025-05-22 01:58:47,404 - P17020 - INFO - Progresso: 14.4%
2025-05-22 01:58:47,405 - P17020 - INFO - Tempo de execução de processamento do médico 3: 85.27 segundos
2025-05-22 01:58:47,405 - P17020 - INFO - Tempo de execução de processamento do lote completo: 218.72 segundos
